# Output generated by:
# ./my_executable 2 data/transactions6.txt data/transactions4.txt

********************************************
   Reading and parsing a transaction file   
********************************************
Parsed transaction: deposit 0 7.000000 
Loaded deposit transaction
Parsed transaction: deposit 1 11.000000 
Loaded deposit transaction
Parsed transaction: deposit 2 9.000000 
Loaded deposit transaction
Parsed transaction: transfer 3 7 29.000000 
Loaded transfer transaction
Parsed transaction: transfer 7 6 31.000000 
Loaded transfer transaction
Parsed transaction: transfer 7 5 137.000000 
Loaded transfer transaction
Parsed transaction: transfer 7 4 3.000000 
Loaded transfer transaction
Parsed transaction: transfer 7 4 5.000000 
Loaded transfer transaction
Parsed transaction: deposit 3 929.000000 
Loaded deposit transaction
Parsed transaction: deposit 4 937.000000 
Loaded deposit transaction
Parsed transaction: deposit 5 941.000000 
Loaded deposit transaction
Parsed transaction: withdraw 4 1167.000000 
Loaded withdrawal transaction
Parsed transaction: withdraw 5 1307.000000 
Loaded withdrawal transaction
Parsed transaction: transfer 1 8 89.000000 
Loaded transfer transaction
Parsed transaction: transfer 1 9 163.000000 
Loaded transfer transaction
Parsed transaction: withdraw 1 41.000000 
Loaded withdrawal transaction
Parsed transaction: withdraw 2 71.000000 
Loaded withdrawal transaction
Parsed transaction: withdraw 3 1127.000000 
Loaded withdrawal transaction
Parsed transaction: withdraw 6 647.000000 
Loaded withdrawal transaction
Parsed transaction: deposit 6 953.000000 
Loaded deposit transaction
Parsed transaction: deposit 7 967.000000 
Loaded deposit transaction
Parsed transaction: transfer 1 7 19.000000 
Loaded transfer transaction
Parsed transaction: transfer 2 7 23.000000 
Loaded transfer transaction
Parsed transaction: transfer 6 5 1167.000000 
Loaded transfer transaction
Parsed transaction: transfer 4 5 53.000000 
Loaded transfer transaction
Parsed transaction: withdraw 7 1593.000000 
Loaded withdrawal transaction
Parsed transaction: withdraw 8 449.000000 
Loaded withdrawal transaction
Parsed transaction: withdraw 9 163.000000 
Loaded withdrawal transaction
********************************************
********************************************
   Reading and parsing a transaction file   
********************************************
Parsed transaction: deposit 0 907.000000 
Loaded deposit transaction
Parsed transaction: deposit 1 911.000000 
Loaded deposit transaction
Parsed transaction: deposit 2 919.000000 
Loaded deposit transaction
Parsed transaction: deposit 3 929.000000 
Loaded deposit transaction
Parsed transaction: deposit 4 937.000000 
Loaded deposit transaction
Parsed transaction: deposit 5 941.000000 
Loaded deposit transaction
Parsed transaction: deposit 6 953.000000 
Loaded deposit transaction
Parsed transaction: deposit 7 967.000000 
Loaded deposit transaction
Parsed transaction: transfer 1 7 19.000000 
Loaded transfer transaction
Parsed transaction: transfer 2 7 23.000000 
Loaded transfer transaction
Parsed transaction: transfer 3 7 29.000000 
Loaded transfer transaction
Parsed transaction: transfer 7 6 31.000000 
Loaded transfer transaction
Parsed transaction: transfer 7 5 37.000000 
Loaded transfer transaction
Parsed transaction: transfer 7 4 3.000000 
Loaded transfer transaction
Parsed transaction: transfer 7 4 5.000000 
Loaded transfer transaction
Parsed transaction: transfer 6 5 67.000000 
Loaded transfer transaction
Parsed transaction: transfer 4 5 53.000000 
Loaded transfer transaction
Parsed transaction: transfer 1 8 89.000000 
Loaded transfer transaction
Parsed transaction: transfer 1 9 163.000000 
Loaded transfer transaction
Parsed transaction: withdraw 1 41.000000 
Loaded withdrawal transaction
Parsed transaction: withdraw 2 71.000000 
Loaded withdrawal transaction
Parsed transaction: withdraw 3 127.000000 
Loaded withdrawal transaction
Parsed transaction: withdraw 4 167.000000 
Loaded withdrawal transaction
Parsed transaction: withdraw 5 307.000000 
Loaded withdrawal transaction
Parsed transaction: withdraw 6 647.000000 
Loaded withdrawal transaction
Parsed transaction: withdraw 7 593.000000 
Loaded withdrawal transaction
Parsed transaction: withdraw 8 449.000000 
Loaded withdrawal transaction
Parsed transaction: withdraw 9 163.000000 
Loaded withdrawal transaction
********************************************
  ***    Start of transaction batch    ***  
User 0, Acc 0 Balance 0.000000, Deposit 7.000000 
User 0, Acc 1 Balance 0.000000, Deposit 11.000000 
User 0, Acc 2 Balance 0.000000, Deposit 9.000000 
User 0, Acc 3 Balance 0.000000, Deposit 929.000000 
User 0, Acc 4 Balance 0.000000, Deposit 937.000000 
User 0, Acc 5 Balance 0.000000, Deposit 941.000000 
[22;32mUser 0, Acc 4 Balance 937.000000, 				Withdraw 1167.000000 --insufficient funds[0m
[22;32mUser 0, Acc 5 Balance 941.000000, 				Withdraw 1307.000000 --insufficient funds[0m
[22;32mUser 0, Acc 1 Balance 11.000000, 				Withdraw 41.000000 --insufficient funds[0m
[22;32mUser 0, Acc 2 Balance 9.000000, 				Withdraw 71.000000 --insufficient funds[0m
[22;32mUser 0, Acc 3 Balance 929.000000, 				Withdraw 1127.000000 --insufficient funds[0m
[22;32mUser 0, Acc 6 Balance 0.000000, 				Withdraw 647.000000 --insufficient funds[0m
User 0, Acc 6 Balance 0.000000, Deposit 953.000000 
User 0, Acc 7 Balance 0.000000, Deposit 967.000000 
User 0, Acc 4 Balance 937.000000, Transfer 53.000000 to Acc 5
[22;32mUser 0, Acc 7 Balance 967.000000, 				Withdraw 1593.000000 --insufficient funds[0m
[22;32mUser 0, Acc 8 Balance 0.000000, 				Withdraw 449.000000 --insufficient funds[0m
[22;32mUser 0, Acc 9 Balance 0.000000, 				Withdraw 163.000000 --insufficient funds[0m
User 1, Acc 0 Balance 7.000000, Deposit 907.000000 
User 1, Acc 1 Balance 11.000000, Deposit 911.000000 
User 1, Acc 2 Balance 9.000000, Deposit 919.000000 
User 1, Acc 3 Balance 929.000000, Deposit 929.000000 
User 1, Acc 4 Balance 884.000000, Deposit 937.000000 
User 1, Acc 5 Balance 994.000000, Deposit 941.000000 
User 1, Acc 6 Balance 953.000000, Deposit 953.000000 
User 1, Acc 7 Balance 967.000000, Deposit 967.000000 
User 0, Acc 0 Balance 7.000000, Deposit 7.000000 
User 0, Acc 1 Balance 922.000000, Deposit 11.000000 
User 0, Acc 2 Balance 928.000000, Deposit 9.000000 
User 0, Acc 3 Balance 1858.000000, Transfer 29.000000 to Acc 7
User 1, Acc 1 Balance 922.000000, Transfer 19.000000 to Acc 7
User 1, Acc 2 Balance 937.000000, Transfer 23.000000 to Acc 7
User 1, Acc 3 Balance 1829.000000, Transfer 29.000000 to Acc 7
User 1, Acc 7 Balance 2034.000000, Transfer 31.000000 to Acc 6
User 1, Acc 7 Balance 2003.000000, Transfer 37.000000 to Acc 5
User 1, Acc 7 Balance 1966.000000, Transfer 3.000000 to Acc 4
User 1, Acc 7 Balance 1963.000000, Transfer 5.000000 to Acc 4
User 1, Acc 6 Balance 1937.000000, Transfer 67.000000 to Acc 5
User 1, Acc 4 Balance 1829.000000, Transfer 53.000000 to Acc 5
User 1, Acc 1 Balance 914.000000, Transfer 89.000000 to Acc 8
User 1, Acc 1 Balance 825.000000, Transfer 163.000000 to Acc 9
User 1, Acc 1 Balance 662.000000, Withdraw 41.000000 
User 1, Acc 2 Balance 914.000000, Withdraw 71.000000 
User 1, Acc 3 Balance 1800.000000, Withdraw 127.000000 
User 1, Acc 4 Balance 1776.000000, Withdraw 167.000000 
User 1, Acc 5 Balance 2092.000000, Withdraw 307.000000 
User 1, Acc 6 Balance 1870.000000, Withdraw 647.000000 
User 1, Acc 7 Balance 1958.000000, Withdraw 593.000000 
[22;32mUser 1, Acc 8 Balance 89.000000, 				Withdraw 449.000000 --insufficient funds[0m
User 1, Acc 9 Balance 163.000000, Withdraw 163.000000 
User 0, Acc 7 Balance 1963.000000, Transfer 31.000000 to Acc 6
User 0, Acc 7 Balance 1334.000000, Transfer 137.000000 to Acc 5
User 0, Acc 7 Balance 1197.000000, Transfer 3.000000 to Acc 4
User 0, Acc 7 Balance 1194.000000, Transfer 5.000000 to Acc 4
User 0, Acc 3 Balance 1673.000000, Deposit 929.000000 
User 0, Acc 4 Balance 1617.000000, Deposit 937.000000 
User 0, Acc 5 Balance 1922.000000, Deposit 941.000000 
User 0, Acc 4 Balance 2554.000000, Withdraw 1167.000000 
User 0, Acc 5 Balance 2863.000000, Withdraw 1307.000000 
User 0, Acc 1 Balance 621.000000, Transfer 89.000000 to Acc 8
User 0, Acc 1 Balance 532.000000, Transfer 163.000000 to Acc 9
User 0, Acc 1 Balance 369.000000, Withdraw 41.000000 
User 0, Acc 2 Balance 843.000000, Withdraw 71.000000 
User 0, Acc 3 Balance 2602.000000, Withdraw 1127.000000 
User 0, Acc 6 Balance 1254.000000, Withdraw 647.000000 
User 0, Acc 6 Balance 607.000000, Deposit 953.000000 
User 0, Acc 7 Balance 1189.000000, Deposit 967.000000 
User 0, Acc 1 Balance 328.000000, Transfer 19.000000 to Acc 7
User 0, Acc 2 Balance 772.000000, Transfer 23.000000 to Acc 7
User 0, Acc 6 Balance 1560.000000, Transfer 1167.000000 to Acc 5
User 0, Acc 4 Balance 1387.000000, Transfer 53.000000 to Acc 5
User 0, Acc 7 Balance 2198.000000, Withdraw 1593.000000 
[22;32mUser 0, Acc 8 Balance 178.000000, 				Withdraw 449.000000 --insufficient funds[0m
User 0, Acc 9 Balance 163.000000, Withdraw 163.000000 
User 1, Acc 0 Balance 921.000000, Deposit 907.000000 
User 1, Acc 1 Balance 309.000000, Deposit 911.000000 
User 1, Acc 2 Balance 749.000000, Deposit 919.000000 
User 1, Acc 3 Balance 1475.000000, Deposit 929.000000 
User 1, Acc 4 Balance 1334.000000, Deposit 937.000000 
User 1, Acc 5 Balance 2776.000000, Deposit 941.000000 
User 1, Acc 6 Balance 393.000000, Deposit 953.000000 
User 1, Acc 7 Balance 605.000000, Deposit 967.000000 
User 1, Acc 1 Balance 1220.000000, Transfer 19.000000 to Acc 7
User 1, Acc 2 Balance 1668.000000, Transfer 23.000000 to Acc 7
User 1, Acc 3 Balance 2404.000000, Transfer 29.000000 to Acc 7
User 1, Acc 7 Balance 1643.000000, Transfer 31.000000 to Acc 6
User 1, Acc 7 Balance 1612.000000, Transfer 37.000000 to Acc 5
User 1, Acc 7 Balance 1575.000000, Transfer 3.000000 to Acc 4
User 1, Acc 7 Balance 1572.000000, Transfer 5.000000 to Acc 4
User 1, Acc 6 Balance 1377.000000, Transfer 67.000000 to Acc 5
User 1, Acc 4 Balance 2279.000000, Transfer 53.000000 to Acc 5
User 1, Acc 1 Balance 1201.000000, Transfer 89.000000 to Acc 8
User 1, Acc 1 Balance 1112.000000, Transfer 163.000000 to Acc 9
User 1, Acc 1 Balance 949.000000, Withdraw 41.000000 
User 1, Acc 2 Balance 1645.000000, Withdraw 71.000000 
User 1, Acc 3 Balance 2375.000000, Withdraw 127.000000 
User 1, Acc 4 Balance 2226.000000, Withdraw 167.000000 
User 1, Acc 5 Balance 3874.000000, Withdraw 307.000000 
User 1, Acc 6 Balance 1310.000000, Withdraw 647.000000 
User 1, Acc 7 Balance 1567.000000, Withdraw 593.000000 
[22;32mUser 1, Acc 8 Balance 267.000000, 				Withdraw 449.000000 --insufficient funds[0m
User 1, Acc 9 Balance 163.000000, Withdraw 163.000000 
  ***     End of transaction batch    ***  
Account 0 balance after completion of transaction batch: 1828.000000
Account 1 balance after completion of transaction batch: 908.000000
Account 2 balance after completion of transaction batch: 1574.000000
Account 3 balance after completion of transaction batch: 2248.000000
Account 4 balance after completion of transaction batch: 2059.000000
Account 5 balance after completion of transaction batch: 3567.000000
Account 6 balance after completion of transaction batch: 663.000000
Account 7 balance after completion of transaction batch: 974.000000
Account 8 balance after completion of transaction batch: 267.000000
Account 9 balance after completion of transaction batch: 0.000000
