# Output generated by:
# ./my_executable 2 data/transactions6.txt data/transactions3.txt

********************************************
   Reading and parsing a transaction file   
********************************************
Parsed transaction: deposit 0 7.000000 
Loaded deposit transaction
Parsed transaction: deposit 1 11.000000 
Loaded deposit transaction
Parsed transaction: deposit 2 9.000000 
Loaded deposit transaction
Parsed transaction: transfer 3 7 29.000000 
Loaded transfer transaction
Parsed transaction: transfer 7 6 31.000000 
Loaded transfer transaction
Parsed transaction: transfer 7 5 137.000000 
Loaded transfer transaction
Parsed transaction: transfer 7 4 3.000000 
Loaded transfer transaction
Parsed transaction: transfer 7 4 5.000000 
Loaded transfer transaction
Parsed transaction: deposit 3 929.000000 
Loaded deposit transaction
Parsed transaction: deposit 4 937.000000 
Loaded deposit transaction
Parsed transaction: deposit 5 941.000000 
Loaded deposit transaction
Parsed transaction: withdraw 4 1167.000000 
Loaded withdrawal transaction
Parsed transaction: withdraw 5 1307.000000 
Loaded withdrawal transaction
Parsed transaction: transfer 1 8 89.000000 
Loaded transfer transaction
Parsed transaction: transfer 1 9 163.000000 
Loaded transfer transaction
Parsed transaction: withdraw 1 41.000000 
Loaded withdrawal transaction
Parsed transaction: withdraw 2 71.000000 
Loaded withdrawal transaction
Parsed transaction: withdraw 3 1127.000000 
Loaded withdrawal transaction
Parsed transaction: withdraw 6 647.000000 
Loaded withdrawal transaction
Parsed transaction: deposit 6 953.000000 
Loaded deposit transaction
Parsed transaction: deposit 7 967.000000 
Loaded deposit transaction
Parsed transaction: transfer 1 7 19.000000 
Loaded transfer transaction
Parsed transaction: transfer 2 7 23.000000 
Loaded transfer transaction
Parsed transaction: transfer 6 5 1167.000000 
Loaded transfer transaction
Parsed transaction: transfer 4 5 53.000000 
Loaded transfer transaction
Parsed transaction: withdraw 7 1593.000000 
Loaded withdrawal transaction
Parsed transaction: withdraw 8 449.000000 
Loaded withdrawal transaction
Parsed transaction: withdraw 9 163.000000 
Loaded withdrawal transaction
********************************************
********************************************
   Reading and parsing a transaction file   
********************************************
Parsed transaction: deposit 0 400.000000 
Loaded deposit transaction
Parsed transaction: withdraw 0 200.000000 
Loaded withdrawal transaction
Parsed transaction: deposit 1 100.000000 
Loaded deposit transaction
Parsed transaction: deposit 2 900.000000 
Loaded deposit transaction
Parsed transaction: withdraw 1 50.000000 
Loaded withdrawal transaction
Parsed transaction: withdraw 2 150.000000 
Loaded withdrawal transaction
Parsed transaction: deposit 3 500.000000 
Loaded deposit transaction
Parsed transaction: transfer 2 1 300.000000 
Loaded transfer transaction
Parsed transaction: transfer 3 1 300.000000 
Loaded transfer transaction
Parsed transaction: deposit 0 400.000000 
Loaded deposit transaction
Parsed transaction: withdraw 3 200.000000 
Loaded withdrawal transaction
Parsed transaction: balance 1 
Loaded balance transaction
********************************************
  ***    Start of transaction batch    ***  
User 0, Acc 0 Balance 0.000000, Deposit 7.000000 
User 0, Acc 1 Balance 0.000000, Deposit 11.000000 
User 0, Acc 2 Balance 0.000000, Deposit 9.000000 
User 0, Acc 3 Balance 0.000000, Deposit 929.000000 
User 0, Acc 4 Balance 0.000000, Deposit 937.000000 
User 0, Acc 5 Balance 0.000000, Deposit 941.000000 
[22;32mUser 0, Acc 4 Balance 937.000000, 				Withdraw 1167.000000 --insufficient funds[0m
[22;32mUser 0, Acc 5 Balance 941.000000, 				Withdraw 1307.000000 --insufficient funds[0m
[22;32mUser 0, Acc 1 Balance 11.000000, 				Withdraw 41.000000 --insufficient funds[0m
[22;32mUser 0, Acc 2 Balance 9.000000, 				Withdraw 71.000000 --insufficient funds[0m
[22;32mUser 0, Acc 3 Balance 929.000000, 				Withdraw 1127.000000 --insufficient funds[0m
[22;32mUser 0, Acc 6 Balance 0.000000, 				Withdraw 647.000000 --insufficient funds[0m
User 0, Acc 6 Balance 0.000000, Deposit 953.000000 
User 0, Acc 7 Balance 0.000000, Deposit 967.000000 
User 0, Acc 4 Balance 937.000000, Transfer 53.000000 to Acc 5
[22;32mUser 0, Acc 7 Balance 967.000000, 				Withdraw 1593.000000 --insufficient funds[0m
[22;32mUser 0, Acc 8 Balance 0.000000, 				Withdraw 449.000000 --insufficient funds[0m
[22;32mUser 0, Acc 9 Balance 0.000000, 				Withdraw 163.000000 --insufficient funds[0m
User 0, Acc 0 Balance 7.000000, Deposit 7.000000 
User 0, Acc 1 Balance 11.000000, Deposit 11.000000 
User 0, Acc 2 Balance 9.000000, Deposit 9.000000 
User 0, Acc 3 Balance 929.000000, Transfer 29.000000 to Acc 7
User 0, Acc 7 Balance 996.000000, Transfer 31.000000 to Acc 6
User 0, Acc 7 Balance 965.000000, Transfer 137.000000 to Acc 5
User 0, Acc 7 Balance 828.000000, Transfer 3.000000 to Acc 4
User 0, Acc 7 Balance 825.000000, Transfer 5.000000 to Acc 4
User 0, Acc 3 Balance 900.000000, Deposit 929.000000 
User 0, Acc 4 Balance 892.000000, Deposit 937.000000 
User 0, Acc 5 Balance 1131.000000, Deposit 941.000000 
User 0, Acc 4 Balance 1829.000000, Withdraw 1167.000000 
User 0, Acc 5 Balance 2072.000000, Withdraw 1307.000000 
[22;32mUser 0, Acc 1 Balance 22.000000, 				Withdraw 41.000000 --insufficient funds[0m
[22;32mUser 0, Acc 2 Balance 18.000000, 				Withdraw 71.000000 --insufficient funds[0m
User 0, Acc 3 Balance 1829.000000, Withdraw 1127.000000 
User 0, Acc 6 Balance 984.000000, Withdraw 647.000000 
User 0, Acc 6 Balance 337.000000, Deposit 953.000000 
User 0, Acc 7 Balance 820.000000, Deposit 967.000000 
User 0, Acc 1 Balance 22.000000, Transfer 19.000000 to Acc 7
User 0, Acc 6 Balance 1290.000000, Transfer 1167.000000 to Acc 5
User 0, Acc 4 Balance 662.000000, Transfer 53.000000 to Acc 5
User 0, Acc 7 Balance 1806.000000, Withdraw 1593.000000 
[22;32mUser 0, Acc 8 Balance 0.000000, 				Withdraw 449.000000 --insufficient funds[0m
[22;32mUser 0, Acc 9 Balance 0.000000, 				Withdraw 163.000000 --insufficient funds[0m
User 0, Acc 0 Balance 14.000000, Deposit 400.000000 
User 1, Acc 0 Balance 7.000000, Deposit 400.000000 
User 1, Acc 0 Balance 814.000000, Withdraw 200.000000 
User 1, Acc 1 Balance 3.000000, Deposit 100.000000 
User 1, Acc 2 Balance 18.000000, Deposit 900.000000 
User 1, Acc 1 Balance 103.000000, Withdraw 50.000000 
User 1, Acc 2 Balance 918.000000, Withdraw 150.000000 
User 1, Acc 3 Balance 702.000000, Deposit 500.000000 
User 1, Acc 2 Balance 768.000000, Transfer 300.000000 to Acc 1
User 1, Acc 3 Balance 1202.000000, Transfer 300.000000 to Acc 1
User 1, Acc 0 Balance 614.000000, Deposit 400.000000 
User 1, Acc 3 Balance 902.000000, Withdraw 200.000000 
Balance in 1: 653.000000
User 0, Acc 0 Balance 414.000000, Withdraw 200.000000 
User 0, Acc 1 Balance 653.000000, Deposit 100.000000 
User 0, Acc 2 Balance 468.000000, Deposit 900.000000 
User 0, Acc 1 Balance 753.000000, Withdraw 50.000000 
User 0, Acc 2 Balance 1368.000000, Withdraw 150.000000 
User 0, Acc 3 Balance 702.000000, Deposit 500.000000 
User 0, Acc 2 Balance 1218.000000, Transfer 300.000000 to Acc 1
User 0, Acc 3 Balance 1202.000000, Transfer 300.000000 to Acc 1
User 0, Acc 0 Balance 814.000000, Deposit 400.000000 
User 0, Acc 3 Balance 902.000000, Withdraw 200.000000 
Balance in 1: 1303.000000
  ***     End of transaction batch    ***  
Account 0 balance after completion of transaction batch: 1214.000000
Account 1 balance after completion of transaction batch: 1303.000000
Account 2 balance after completion of transaction batch: 918.000000
Account 3 balance after completion of transaction batch: 702.000000
Account 4 balance after completion of transaction batch: 609.000000
Account 5 balance after completion of transaction batch: 1985.000000
Account 6 balance after completion of transaction batch: 123.000000
Account 7 balance after completion of transaction batch: 213.000000
Account 8 balance after completion of transaction batch: 0.000000
Account 9 balance after completion of transaction batch: 0.000000
