# Output generated by:
# ./my_executable 3 data/transactions7.txt data/transactions11.txt data/transactions8.txt

********************************************
   Reading and parsing a transaction file   
********************************************
Parsed transaction: deposit 7 9929.000000 
Loaded deposit transaction
Parsed transaction: deposit 4 937.000000 
Loaded deposit transaction
Parsed transaction: deposit 5 941.000000 
Loaded deposit transaction
Parsed transaction: deposit 0 7.000000 
Loaded deposit transaction
Parsed transaction: deposit 3 29.000000 
Loaded deposit transaction
Parsed transaction: deposit 7 9.000000 
Loaded deposit transaction
Parsed transaction: deposit 9 129.000000 
Loaded deposit transaction
Parsed transaction: transfer 3 7 29.000000 
Loaded transfer transaction
Parsed transaction: transfer 7 6 31.000000 
Loaded transfer transaction
Parsed transaction: transfer 7 5 137.000000 
Loaded transfer transaction
Parsed transaction: transfer 7 4 3.000000 
Loaded transfer transaction
Parsed transaction: transfer 7 4 5.000000 
Loaded transfer transaction
Parsed transaction: withdraw 4 1167.000000 
Loaded withdrawal transaction
Parsed transaction: withdraw 5 1307.000000 
Loaded withdrawal transaction
Parsed transaction: transfer 1 8 89.000000 
Loaded transfer transaction
Parsed transaction: transfer 1 9 163.000000 
Loaded transfer transaction
Parsed transaction: withdraw 1 41.000000 
Loaded withdrawal transaction
Parsed transaction: withdraw 2 71.000000 
Loaded withdrawal transaction
Parsed transaction: withdraw 3 1127.000000 
Loaded withdrawal transaction
Parsed transaction: withdraw 6 647.000000 
Loaded withdrawal transaction
Parsed transaction: deposit 6 1953.000000 
Loaded deposit transaction
Parsed transaction: deposit 7 967.000000 
Loaded deposit transaction
Parsed transaction: transfer 1 7 19.000000 
Loaded transfer transaction
Parsed transaction: transfer 2 7 23.000000 
Loaded transfer transaction
Parsed transaction: transfer 6 5 1167.000000 
Loaded transfer transaction
Parsed transaction: transfer 4 5 53.000000 
Loaded transfer transaction
Parsed transaction: withdraw 7 1593.000000 
Loaded withdrawal transaction
Parsed transaction: withdraw 8 449.000000 
Loaded withdrawal transaction
Parsed transaction: withdraw 9 163.000000 
Loaded withdrawal transaction
********************************************
********************************************
   Reading and parsing a transaction file   
********************************************
Parsed transaction: deposit 9 617.000000 
Loaded deposit transaction
Parsed transaction: transfer 9 9 617.000000 
Loaded transfer transaction
Parsed transaction: deposit 8 619.000000 
Loaded deposit transaction
Parsed transaction: transfer 8 2 619.000000 
Loaded transfer transaction
Parsed transaction: deposit 7 631.000000 
Loaded deposit transaction
Parsed transaction: transfer 7 3 631.000000 
Loaded transfer transaction
Parsed transaction: deposit 6 641.000000 
Loaded deposit transaction
Parsed transaction: transfer 6 4 641.000000 
Loaded transfer transaction
Parsed transaction: deposit 5 643.000000 
Loaded deposit transaction
Parsed transaction: transfer 5 6 1200.000000 
Loaded transfer transaction
Parsed transaction: deposit 4 647.000000 
Loaded deposit transaction
Parsed transaction: transfer 4 7 1200.000000 
Loaded transfer transaction
Parsed transaction: deposit 3 653.000000 
Loaded deposit transaction
Parsed transaction: transfer 3 8 1200.000000 
Loaded transfer transaction
Parsed transaction: deposit 2 659.000000 
Loaded deposit transaction
Parsed transaction: transfer 2 9 1200.000000 
Loaded transfer transaction
Parsed transaction: deposit 1 661.000000 
Loaded deposit transaction
Parsed transaction: transfer 1 9 1200.000000 
Loaded transfer transaction
Parsed transaction: deposit 0 673.000000 
Loaded deposit transaction
Parsed transaction: transfer 0 9 1200.000000 
Loaded transfer transaction
Parsed transaction: withdraw 1 50.000000 
Loaded withdrawal transaction
Parsed transaction: withdraw 2 50.000000 
Loaded withdrawal transaction
Parsed transaction: withdraw 3 50.000000 
Loaded withdrawal transaction
Parsed transaction: withdraw 4 50.000000 
Loaded withdrawal transaction
Parsed transaction: withdraw 5 50.000000 
Loaded withdrawal transaction
Parsed transaction: withdraw 6 50.000000 
Loaded withdrawal transaction
Parsed transaction: withdraw 7 50.000000 
Loaded withdrawal transaction
Parsed transaction: withdraw 8 50.000000 
Loaded withdrawal transaction
Parsed transaction: withdraw 9 50.000000 
Loaded withdrawal transaction
Parsed transaction: withdraw 0 50.000000 
Loaded withdrawal transaction
********************************************
********************************************
   Reading and parsing a transaction file   
********************************************
Parsed transaction: deposit 9 617.000000 
Loaded deposit transaction
Parsed transaction: transfer 9 1 617.000000 
Loaded transfer transaction
Parsed transaction: deposit 8 619.000000 
Loaded deposit transaction
Parsed transaction: transfer 8 2 619.000000 
Loaded transfer transaction
Parsed transaction: deposit 7 631.000000 
Loaded deposit transaction
Parsed transaction: transfer 7 3 631.000000 
Loaded transfer transaction
Parsed transaction: deposit 6 641.000000 
Loaded deposit transaction
Parsed transaction: transfer 6 4 641.000000 
Loaded transfer transaction
Parsed transaction: deposit 5 643.000000 
Loaded deposit transaction
Parsed transaction: transfer 5 6 1200.000000 
Loaded transfer transaction
Parsed transaction: deposit 4 647.000000 
Loaded deposit transaction
Parsed transaction: transfer 4 7 1200.000000 
Loaded transfer transaction
Parsed transaction: deposit 3 653.000000 
Loaded deposit transaction
Parsed transaction: transfer 3 8 1200.000000 
Loaded transfer transaction
Parsed transaction: deposit 2 659.000000 
Loaded deposit transaction
Parsed transaction: transfer 2 9 1200.000000 
Loaded transfer transaction
Parsed transaction: deposit 1 661.000000 
Loaded deposit transaction
Parsed transaction: transfer 1 9 1200.000000 
Loaded transfer transaction
Parsed transaction: deposit 0 673.000000 
Loaded deposit transaction
Parsed transaction: transfer 0 9 1200.000000 
Loaded transfer transaction
********************************************
  ***    Start of transaction batch    ***  
User 0, Acc 7 Balance 0.000000, Deposit 9929.000000 
User 0, Acc 4 Balance 0.000000, Deposit 937.000000 
User 0, Acc 5 Balance 0.000000, Deposit 941.000000 
User 0, Acc 0 Balance 0.000000, Deposit 7.000000 
User 0, Acc 3 Balance 0.000000, Deposit 29.000000 
User 0, Acc 7 Balance 9929.000000, Deposit 9.000000 
User 0, Acc 9 Balance 0.000000, Deposit 129.000000 
User 0, Acc 3 Balance 29.000000, Transfer 29.000000 to Acc 7
User 0, Acc 7 Balance 9967.000000, Transfer 31.000000 to Acc 6
User 0, Acc 7 Balance 9936.000000, Transfer 137.000000 to Acc 5
User 0, Acc 7 Balance 9799.000000, Transfer 3.000000 to Acc 4
User 0, Acc 7 Balance 9796.000000, Transfer 5.000000 to Acc 4
[22;32mUser 0, Acc 4 Balance 945.000000, 				Withdraw 1167.000000 --insufficient funds[0m
[22;32mUser 0, Acc 5 Balance 1078.000000, 				Withdraw 1307.000000 --insufficient funds[0m
[22;32mUser 0, Acc 1 Balance 0.000000, 				Withdraw 41.000000 --insufficient funds[0m
[22;32mUser 0, Acc 2 Balance 0.000000, 				Withdraw 71.000000 --insufficient funds[0m
[22;32mUser 0, Acc 3 Balance 0.000000, 				Withdraw 1127.000000 --insufficient funds[0m
[22;32mUser 0, Acc 6 Balance 31.000000, 				Withdraw 647.000000 --insufficient funds[0m
User 0, Acc 6 Balance 31.000000, Deposit 1953.000000 
User 0, Acc 7 Balance 9791.000000, Deposit 967.000000 
User 0, Acc 6 Balance 1984.000000, Transfer 1167.000000 to Acc 5
User 0, Acc 4 Balance 945.000000, Transfer 53.000000 to Acc 5
User 0, Acc 7 Balance 10758.000000, Withdraw 1593.000000 
[22;32mUser 0, Acc 8 Balance 0.000000, 				Withdraw 449.000000 --insufficient funds[0m
[22;32mUser 0, Acc 9 Balance 129.000000, 				Withdraw 163.000000 --insufficient funds[0m
User 0, Acc 9 Balance 129.000000, Deposit 617.000000 
User 1, Acc 7 Balance 9165.000000, Deposit 9929.000000 
User 2, Acc 9 Balance 129.000000, Deposit 617.000000 
User 2, Acc 9 Balance 1363.000000, Transfer 617.000000 to Acc 9
User 0, Acc 9 Balance 746.000000, Transfer 617.000000 to Acc 1
User 0, Acc 8 Balance 0.000000, Deposit 619.000000 
User 0, Acc 8 Balance 619.000000, Transfer 619.000000 to Acc 2
User 0, Acc 7 Balance 19094.000000, Deposit 631.000000 
User 0, Acc 7 Balance 19725.000000, Transfer 631.000000 to Acc 3
User 0, Acc 6 Balance 817.000000, Deposit 641.000000 
User 0, Acc 6 Balance 1458.000000, Transfer 641.000000 to Acc 4
User 0, Acc 5 Balance 2298.000000, Deposit 643.000000 
User 0, Acc 5 Balance 2941.000000, Transfer 1200.000000 to Acc 6
User 0, Acc 4 Balance 1533.000000, Deposit 647.000000 
User 0, Acc 4 Balance 2180.000000, Transfer 1200.000000 to Acc 7
User 0, Acc 3 Balance 631.000000, Deposit 653.000000 
User 0, Acc 3 Balance 1284.000000, Transfer 1200.000000 to Acc 8
User 0, Acc 2 Balance 619.000000, Deposit 659.000000 
User 0, Acc 2 Balance 1278.000000, Transfer 1200.000000 to Acc 9
User 0, Acc 1 Balance 617.000000, Deposit 661.000000 
User 0, Acc 1 Balance 1278.000000, Transfer 1200.000000 to Acc 9
User 0, Acc 0 Balance 7.000000, Deposit 673.000000 
User 0, Acc 7 Balance 20294.000000, Deposit 9929.000000 
User 0, Acc 4 Balance 980.000000, Deposit 937.000000 
User 0, Acc 5 Balance 1741.000000, Deposit 941.000000 
User 0, Acc 0 Balance 680.000000, Deposit 7.000000 
User 0, Acc 3 Balance 84.000000, Deposit 29.000000 
User 0, Acc 7 Balance 30223.000000, Deposit 9.000000 
User 0, Acc 9 Balance 3146.000000, Deposit 129.000000 
User 0, Acc 3 Balance 113.000000, Transfer 29.000000 to Acc 7
User 0, Acc 7 Balance 30261.000000, Transfer 31.000000 to Acc 6
User 0, Acc 7 Balance 30230.000000, Transfer 137.000000 to Acc 5
User 0, Acc 7 Balance 30093.000000, Transfer 3.000000 to Acc 4
User 0, Acc 7 Balance 30090.000000, Transfer 5.000000 to Acc 4
User 0, Acc 4 Balance 1925.000000, Withdraw 1167.000000 
User 0, Acc 5 Balance 2819.000000, Withdraw 1307.000000 
User 0, Acc 1 Balance 78.000000, Withdraw 41.000000 
User 0, Acc 2 Balance 78.000000, Withdraw 71.000000 
[22;32mUser 0, Acc 3 Balance 84.000000, 				Withdraw 1127.000000 --insufficient funds[0m
User 0, Acc 6 Balance 2048.000000, Withdraw 647.000000 
User 0, Acc 6 Balance 1401.000000, Deposit 1953.000000 
User 0, Acc 7 Balance 30085.000000, Deposit 967.000000 
User 0, Acc 1 Balance 37.000000, Transfer 19.000000 to Acc 7
User 0, Acc 6 Balance 3354.000000, Transfer 1167.000000 to Acc 5
User 0, Acc 4 Balance 758.000000, Transfer 53.000000 to Acc 5
User 0, Acc 7 Balance 31071.000000, Withdraw 1593.000000 
User 0, Acc 8 Balance 1200.000000, Withdraw 449.000000 
User 0, Acc 9 Balance 3275.000000, Withdraw 163.000000 
User 0, Acc 9 Balance 3112.000000, Deposit 617.000000 
User 0, Acc 9 Balance 3729.000000, Transfer 617.000000 to Acc 9
User 0, Acc 8 Balance 751.000000, Deposit 619.000000 
User 0, Acc 8 Balance 1370.000000, Transfer 619.000000 to Acc 2
User 0, Acc 7 Balance 29478.000000, Deposit 631.000000 
User 0, Acc 7 Balance 30109.000000, Transfer 631.000000 to Acc 3
User 0, Acc 6 Balance 2187.000000, Deposit 641.000000 
User 0, Acc 6 Balance 2828.000000, Transfer 641.000000 to Acc 4
User 0, Acc 5 Balance 2732.000000, Deposit 643.000000 
User 0, Acc 5 Balance 3375.000000, Transfer 1200.000000 to Acc 6
User 0, Acc 4 Balance 1346.000000, Deposit 647.000000 
User 0, Acc 4 Balance 1993.000000, Transfer 1200.000000 to Acc 7
User 0, Acc 3 Balance 715.000000, Deposit 653.000000 
User 0, Acc 3 Balance 1368.000000, Transfer 1200.000000 to Acc 8
User 0, Acc 2 Balance 626.000000, Deposit 659.000000 
User 0, Acc 2 Balance 1285.000000, Transfer 1200.000000 to Acc 9
User 0, Acc 1 Balance 18.000000, Deposit 661.000000 
User 0, Acc 0 Balance 687.000000, Deposit 673.000000 
User 0, Acc 0 Balance 1360.000000, Transfer 1200.000000 to Acc 9
User 0, Acc 1 Balance 679.000000, Withdraw 50.000000 
User 0, Acc 2 Balance 85.000000, Withdraw 50.000000 
User 0, Acc 3 Balance 168.000000, Withdraw 50.000000 
User 0, Acc 4 Balance 793.000000, Withdraw 50.000000 
User 0, Acc 5 Balance 2175.000000, Withdraw 50.000000 
User 0, Acc 6 Balance 3387.000000, Withdraw 50.000000 
User 0, Acc 7 Balance 30678.000000, Withdraw 50.000000 
User 0, Acc 8 Balance 1951.000000, Withdraw 50.000000 
User 0, Acc 9 Balance 6129.000000, Withdraw 50.000000 
User 0, Acc 0 Balance 160.000000, Withdraw 50.000000 
User 2, Acc 8 Balance 0.000000, Deposit 619.000000 
User 2, Acc 8 Balance 2520.000000, Transfer 619.000000 to Acc 2
User 2, Acc 7 Balance 30628.000000, Deposit 631.000000 
User 2, Acc 7 Balance 31259.000000, Transfer 631.000000 to Acc 3
User 0, Acc 9 Balance 6079.000000, Deposit 617.000000 
User 0, Acc 9 Balance 6696.000000, Transfer 617.000000 to Acc 1
User 1, Acc 4 Balance 892.000000, Deposit 937.000000 
User 1, Acc 5 Balance 2125.000000, Deposit 941.000000 
User 0, Acc 8 Balance 1901.000000, Deposit 619.000000 
User 1, Acc 0 Balance 110.000000, Deposit 7.000000 
User 2, Acc 6 Balance 3337.000000, Deposit 641.000000 
User 0, Acc 8 Balance 2520.000000, Transfer 619.000000 to Acc 2
User 1, Acc 3 Balance 749.000000, Deposit 29.000000 
User 0, Acc 7 Balance 30628.000000, Deposit 631.000000 
User 2, Acc 6 Balance 3978.000000, Transfer 641.000000 to Acc 4
User 0, Acc 7 Balance 31259.000000, Transfer 631.000000 to Acc 3
User 1, Acc 7 Balance 30628.000000, Deposit 9.000000 
User 0, Acc 6 Balance 3337.000000, Deposit 641.000000 
User 0, Acc 6 Balance 3978.000000, Transfer 641.000000 to Acc 4
User 0, Acc 5 Balance 3066.000000, Deposit 643.000000 
User 0, Acc 5 Balance 3709.000000, Transfer 1200.000000 to Acc 6
User 0, Acc 4 Balance 2962.000000, Deposit 647.000000 
User 0, Acc 4 Balance 3609.000000, Transfer 1200.000000 to Acc 7
User 0, Acc 3 Balance 1409.000000, Deposit 653.000000 
User 0, Acc 3 Balance 2062.000000, Transfer 1200.000000 to Acc 8
User 0, Acc 2 Balance 1273.000000, Deposit 659.000000 
User 2, Acc 5 Balance 3066.000000, Deposit 643.000000 
User 1, Acc 9 Balance 6079.000000, Deposit 129.000000 
User 2, Acc 5 Balance 3152.000000, Transfer 1200.000000 to Acc 6
User 0, Acc 2 Balance 1932.000000, Transfer 1200.000000 to Acc 9
User 0, Acc 1 Balance 1246.000000, Deposit 661.000000 
User 2, Acc 4 Balance 2409.000000, Deposit 647.000000 
User 0, Acc 1 Balance 1907.000000, Transfer 1200.000000 to Acc 9
User 0, Acc 0 Balance 117.000000, Deposit 673.000000 
User 0, Acc 9 Balance 8608.000000, Deposit 617.000000 
User 0, Acc 9 Balance 9225.000000, Transfer 617.000000 to Acc 9
User 0, Acc 8 Balance 3101.000000, Deposit 619.000000 
User 0, Acc 8 Balance 3720.000000, Transfer 619.000000 to Acc 2
User 0, Acc 7 Balance 31837.000000, Deposit 631.000000 
User 0, Acc 7 Balance 32468.000000, Transfer 631.000000 to Acc 3
User 1, Acc 3 Balance 862.000000, Transfer 29.000000 to Acc 7
User 2, Acc 4 Balance 3056.000000, Transfer 1200.000000 to Acc 7
User 0, Acc 6 Balance 5737.000000, Deposit 641.000000 
User 2, Acc 3 Balance 1464.000000, Deposit 653.000000 
User 2, Acc 3 Balance 2117.000000, Transfer 1200.000000 to Acc 8
User 2, Acc 2 Balance 1351.000000, Deposit 659.000000 
User 2, Acc 2 Balance 2010.000000, Transfer 1200.000000 to Acc 9
User 1, Acc 7 Balance 31866.000000, Transfer 31.000000 to Acc 6
User 1, Acc 7 Balance 33035.000000, Transfer 137.000000 to Acc 5
User 1, Acc 7 Balance 32898.000000, Transfer 3.000000 to Acc 4
User 1, Acc 7 Balance 32895.000000, Transfer 5.000000 to Acc 4
User 1, Acc 4 Balance 1864.000000, Withdraw 1167.000000 
User 1, Acc 5 Balance 2089.000000, Withdraw 1307.000000 
User 1, Acc 1 Balance 707.000000, Transfer 89.000000 to Acc 8
User 1, Acc 1 Balance 618.000000, Transfer 163.000000 to Acc 9
User 1, Acc 1 Balance 455.000000, Withdraw 41.000000 
User 2, Acc 1 Balance 707.000000, Deposit 661.000000 
User 0, Acc 6 Balance 6378.000000, Transfer 641.000000 to Acc 4
User 2, Acc 0 Balance 790.000000, Deposit 673.000000 
User 2, Acc 0 Balance 1463.000000, Transfer 1200.000000 to Acc 9
User 2, Acc 1 Balance 1075.000000, Withdraw 50.000000 
User 2, Acc 2 Balance 810.000000, Withdraw 50.000000 
User 2, Acc 3 Balance 917.000000, Withdraw 50.000000 
User 2, Acc 4 Balance 1338.000000, Withdraw 50.000000 
User 2, Acc 5 Balance 782.000000, Withdraw 50.000000 
User 2, Acc 6 Balance 5768.000000, Withdraw 50.000000 
User 2, Acc 7 Balance 32890.000000, Withdraw 50.000000 
User 2, Acc 8 Balance 4390.000000, Withdraw 50.000000 
User 2, Acc 9 Balance 11788.000000, Withdraw 50.000000 
User 2, Acc 0 Balance 263.000000, Withdraw 50.000000 
User 0, Acc 5 Balance 782.000000, Deposit 643.000000 
User 0, Acc 5 Balance 1375.000000, Transfer 1200.000000 to Acc 6
User 0, Acc 4 Balance 1288.000000, Deposit 647.000000 
User 0, Acc 4 Balance 1935.000000, Transfer 1200.000000 to Acc 7
User 0, Acc 3 Balance 867.000000, Deposit 653.000000 
User 0, Acc 3 Balance 1520.000000, Transfer 1200.000000 to Acc 8
User 0, Acc 2 Balance 760.000000, Deposit 659.000000 
User 0, Acc 2 Balance 1419.000000, Transfer 1200.000000 to Acc 9
User 0, Acc 1 Balance 1025.000000, Deposit 661.000000 
User 0, Acc 1 Balance 1686.000000, Transfer 1200.000000 to Acc 9
User 0, Acc 0 Balance 213.000000, Deposit 673.000000 
User 0, Acc 1 Balance 486.000000, Withdraw 50.000000 
User 0, Acc 2 Balance 219.000000, Withdraw 50.000000 
User 0, Acc 3 Balance 320.000000, Withdraw 50.000000 
User 0, Acc 4 Balance 735.000000, Withdraw 50.000000 
User 0, Acc 5 Balance 175.000000, Withdraw 50.000000 
User 0, Acc 6 Balance 6918.000000, Withdraw 50.000000 
User 0, Acc 7 Balance 34040.000000, Withdraw 50.000000 
User 0, Acc 8 Balance 5540.000000, Withdraw 50.000000 
User 0, Acc 9 Balance 14138.000000, Withdraw 50.000000 
User 0, Acc 0 Balance 886.000000, Withdraw 50.000000 
User 2, Acc 9 Balance 11738.000000, Deposit 617.000000 
User 2, Acc 9 Balance 14705.000000, Transfer 617.000000 to Acc 1
User 1, Acc 2 Balance 810.000000, Withdraw 71.000000 
[22;32mUser 1, Acc 3 Balance 270.000000, 				Withdraw 1127.000000 --insufficient funds[0m
User 1, Acc 6 Balance 6868.000000, Withdraw 647.000000 
User 1, Acc 6 Balance 6221.000000, Deposit 1953.000000 
User 1, Acc 7 Balance 33990.000000, Deposit 967.000000 
User 1, Acc 1 Balance 1053.000000, Transfer 19.000000 to Acc 7
User 1, Acc 2 Balance 98.000000, Transfer 23.000000 to Acc 7
User 1, Acc 6 Balance 8174.000000, Transfer 1167.000000 to Acc 5
User 2, Acc 8 Balance 5490.000000, Deposit 619.000000 
User 2, Acc 8 Balance 6109.000000, Transfer 619.000000 to Acc 2
User 1, Acc 4 Balance 685.000000, Transfer 53.000000 to Acc 5
User 1, Acc 7 Balance 34999.000000, Withdraw 1593.000000 
User 1, Acc 8 Balance 5490.000000, Withdraw 449.000000 
User 1, Acc 9 Balance 14088.000000, Withdraw 163.000000 
User 2, Acc 7 Balance 34999.000000, Deposit 631.000000 
User 2, Acc 7 Balance 34037.000000, Transfer 631.000000 to Acc 3
User 2, Acc 6 Balance 7007.000000, Deposit 641.000000 
User 2, Acc 6 Balance 7648.000000, Transfer 641.000000 to Acc 4
User 2, Acc 5 Balance 1345.000000, Deposit 643.000000 
User 2, Acc 5 Balance 1988.000000, Transfer 1200.000000 to Acc 6
User 2, Acc 4 Balance 1273.000000, Deposit 647.000000 
User 2, Acc 4 Balance 1920.000000, Transfer 1200.000000 to Acc 7
User 2, Acc 3 Balance 901.000000, Deposit 653.000000 
User 2, Acc 3 Balance 1554.000000, Transfer 1200.000000 to Acc 8
User 2, Acc 2 Balance 694.000000, Deposit 659.000000 
User 2, Acc 2 Balance 1353.000000, Transfer 1200.000000 to Acc 9
User 2, Acc 1 Balance 1034.000000, Deposit 661.000000 
User 2, Acc 1 Balance 1695.000000, Transfer 1200.000000 to Acc 9
User 2, Acc 0 Balance 836.000000, Deposit 673.000000 
User 2, Acc 0 Balance 1509.000000, Transfer 1200.000000 to Acc 9
  ***     End of transaction batch    ***  
Account 0 balance after completion of transaction batch: 309.000000
Account 1 balance after completion of transaction batch: 495.000000
Account 2 balance after completion of transaction batch: 153.000000
Account 3 balance after completion of transaction batch: 354.000000
Account 4 balance after completion of transaction batch: 720.000000
Account 5 balance after completion of transaction batch: 788.000000
Account 6 balance after completion of transaction batch: 8207.000000
Account 7 balance after completion of transaction batch: 34606.000000
Account 8 balance after completion of transaction batch: 6241.000000
Account 9 balance after completion of transaction batch: 17525.000000
