# Output generated by:
# ./my_executable 3 data/transactions7.txt data/transactions6.txt data/transactions10.txt

********************************************
   Reading and parsing a transaction file   
********************************************
Parsed transaction: deposit 7 9929.000000 
Loaded deposit transaction
Parsed transaction: deposit 4 937.000000 
Loaded deposit transaction
Parsed transaction: deposit 5 941.000000 
Loaded deposit transaction
Parsed transaction: deposit 0 7.000000 
Loaded deposit transaction
Parsed transaction: deposit 3 29.000000 
Loaded deposit transaction
Parsed transaction: deposit 7 9.000000 
Loaded deposit transaction
Parsed transaction: deposit 9 129.000000 
Loaded deposit transaction
Parsed transaction: transfer 3 7 29.000000 
Loaded transfer transaction
Parsed transaction: transfer 7 6 31.000000 
Loaded transfer transaction
Parsed transaction: transfer 7 5 137.000000 
Loaded transfer transaction
Parsed transaction: transfer 7 4 3.000000 
Loaded transfer transaction
Parsed transaction: transfer 7 4 5.000000 
Loaded transfer transaction
Parsed transaction: withdraw 4 1167.000000 
Loaded withdrawal transaction
Parsed transaction: withdraw 5 1307.000000 
Loaded withdrawal transaction
Parsed transaction: transfer 1 8 89.000000 
Loaded transfer transaction
Parsed transaction: transfer 1 9 163.000000 
Loaded transfer transaction
Parsed transaction: withdraw 1 41.000000 
Loaded withdrawal transaction
Parsed transaction: withdraw 2 71.000000 
Loaded withdrawal transaction
Parsed transaction: withdraw 3 1127.000000 
Loaded withdrawal transaction
Parsed transaction: withdraw 6 647.000000 
Loaded withdrawal transaction
Parsed transaction: deposit 6 1953.000000 
Loaded deposit transaction
Parsed transaction: deposit 7 967.000000 
Loaded deposit transaction
Parsed transaction: transfer 1 7 19.000000 
Loaded transfer transaction
Parsed transaction: transfer 2 7 23.000000 
Loaded transfer transaction
Parsed transaction: transfer 6 5 1167.000000 
Loaded transfer transaction
Parsed transaction: transfer 4 5 53.000000 
Loaded transfer transaction
Parsed transaction: withdraw 7 1593.000000 
Loaded withdrawal transaction
Parsed transaction: withdraw 8 449.000000 
Loaded withdrawal transaction
Parsed transaction: withdraw 9 163.000000 
Loaded withdrawal transaction
********************************************
********************************************
   Reading and parsing a transaction file   
********************************************
Parsed transaction: deposit 0 7.000000 
Loaded deposit transaction
Parsed transaction: deposit 1 11.000000 
Loaded deposit transaction
Parsed transaction: deposit 2 9.000000 
Loaded deposit transaction
Parsed transaction: transfer 3 7 29.000000 
Loaded transfer transaction
Parsed transaction: transfer 7 6 31.000000 
Loaded transfer transaction
Parsed transaction: transfer 7 5 137.000000 
Loaded transfer transaction
Parsed transaction: transfer 7 4 3.000000 
Loaded transfer transaction
Parsed transaction: transfer 7 4 5.000000 
Loaded transfer transaction
Parsed transaction: deposit 3 929.000000 
Loaded deposit transaction
Parsed transaction: deposit 4 937.000000 
Loaded deposit transaction
Parsed transaction: deposit 5 941.000000 
Loaded deposit transaction
Parsed transaction: withdraw 4 1167.000000 
Loaded withdrawal transaction
Parsed transaction: withdraw 5 1307.000000 
Loaded withdrawal transaction
Parsed transaction: transfer 1 8 89.000000 
Loaded transfer transaction
Parsed transaction: transfer 1 9 163.000000 
Loaded transfer transaction
Parsed transaction: withdraw 1 41.000000 
Loaded withdrawal transaction
Parsed transaction: withdraw 2 71.000000 
Loaded withdrawal transaction
Parsed transaction: withdraw 3 1127.000000 
Loaded withdrawal transaction
Parsed transaction: withdraw 6 647.000000 
Loaded withdrawal transaction
Parsed transaction: deposit 6 953.000000 
Loaded deposit transaction
Parsed transaction: deposit 7 967.000000 
Loaded deposit transaction
Parsed transaction: transfer 1 7 19.000000 
Loaded transfer transaction
Parsed transaction: transfer 2 7 23.000000 
Loaded transfer transaction
Parsed transaction: transfer 6 5 1167.000000 
Loaded transfer transaction
Parsed transaction: transfer 4 5 53.000000 
Loaded transfer transaction
Parsed transaction: withdraw 7 1593.000000 
Loaded withdrawal transaction
Parsed transaction: withdraw 8 449.000000 
Loaded withdrawal transaction
Parsed transaction: withdraw 9 163.000000 
Loaded withdrawal transaction
********************************************
********************************************
   Reading and parsing a transaction file   
********************************************
Parsed transaction: withdraw 1 500.000000 
Loaded withdrawal transaction
Parsed transaction: withdraw 2 500.000000 
Loaded withdrawal transaction
Parsed transaction: withdraw 3 500.000000 
Loaded withdrawal transaction
Parsed transaction: withdraw 4 500.000000 
Loaded withdrawal transaction
Parsed transaction: withdraw 5 500.000000 
Loaded withdrawal transaction
Parsed transaction: withdraw 6 500.000000 
Loaded withdrawal transaction
Parsed transaction: withdraw 7 500.000000 
Loaded withdrawal transaction
Parsed transaction: withdraw 8 500.000000 
Loaded withdrawal transaction
Parsed transaction: withdraw 9 500.000000 
Loaded withdrawal transaction
Parsed transaction: withdraw 0 500.000000 
Loaded withdrawal transaction
Parsed transaction: withdraw 1 500.000000 
Loaded withdrawal transaction
Parsed transaction: withdraw 2 500.000000 
Loaded withdrawal transaction
Parsed transaction: withdraw 3 500.000000 
Loaded withdrawal transaction
Parsed transaction: withdraw 4 500.000000 
Loaded withdrawal transaction
Parsed transaction: withdraw 5 500.000000 
Loaded withdrawal transaction
Parsed transaction: withdraw 6 500.000000 
Loaded withdrawal transaction
Parsed transaction: withdraw 7 500.000000 
Loaded withdrawal transaction
Parsed transaction: withdraw 8 500.000000 
Loaded withdrawal transaction
Parsed transaction: withdraw 9 500.000000 
Loaded withdrawal transaction
Parsed transaction: withdraw 0 500.000000 
Loaded withdrawal transaction
Parsed transaction: withdraw 1 500.000000 
Loaded withdrawal transaction
Parsed transaction: withdraw 2 500.000000 
Loaded withdrawal transaction
Parsed transaction: withdraw 3 500.000000 
Loaded withdrawal transaction
Parsed transaction: withdraw 4 500.000000 
Loaded withdrawal transaction
Parsed transaction: withdraw 5 500.000000 
Loaded withdrawal transaction
Parsed transaction: withdraw 6 500.000000 
Loaded withdrawal transaction
Parsed transaction: withdraw 7 500.000000 
Loaded withdrawal transaction
Parsed transaction: withdraw 8 500.000000 
Loaded withdrawal transaction
Parsed transaction: withdraw 9 500.000000 
Loaded withdrawal transaction
Parsed transaction: withdraw 0 500.000000 
Loaded withdrawal transaction
********************************************
  ***    Start of transaction batch    ***  
User 0, Acc 7 Balance 0.000000, Deposit 9929.000000 
User 0, Acc 4 Balance 0.000000, Deposit 937.000000 
User 0, Acc 5 Balance 0.000000, Deposit 941.000000 
User 0, Acc 0 Balance 0.000000, Deposit 7.000000 
User 0, Acc 3 Balance 0.000000, Deposit 29.000000 
User 0, Acc 7 Balance 9929.000000, Deposit 9.000000 
User 0, Acc 9 Balance 0.000000, Deposit 129.000000 
User 0, Acc 3 Balance 29.000000, Transfer 29.000000 to Acc 7
User 0, Acc 7 Balance 9967.000000, Transfer 31.000000 to Acc 6
User 0, Acc 7 Balance 9936.000000, Transfer 137.000000 to Acc 5
User 0, Acc 7 Balance 9799.000000, Transfer 3.000000 to Acc 4
User 0, Acc 7 Balance 9796.000000, Transfer 5.000000 to Acc 4
[22;32mUser 0, Acc 4 Balance 945.000000, 				Withdraw 1167.000000 --insufficient funds[0m
[22;32mUser 0, Acc 5 Balance 1078.000000, 				Withdraw 1307.000000 --insufficient funds[0m
[22;32mUser 0, Acc 1 Balance 0.000000, 				Withdraw 41.000000 --insufficient funds[0m
[22;32mUser 0, Acc 2 Balance 0.000000, 				Withdraw 71.000000 --insufficient funds[0m
[22;32mUser 0, Acc 3 Balance 0.000000, 				Withdraw 1127.000000 --insufficient funds[0m
[22;32mUser 0, Acc 6 Balance 31.000000, 				Withdraw 647.000000 --insufficient funds[0m
User 0, Acc 6 Balance 31.000000, Deposit 1953.000000 
User 0, Acc 7 Balance 9791.000000, Deposit 967.000000 
User 0, Acc 6 Balance 1984.000000, Transfer 1167.000000 to Acc 5
User 0, Acc 4 Balance 945.000000, Transfer 53.000000 to Acc 5
User 0, Acc 7 Balance 10758.000000, Withdraw 1593.000000 
[22;32mUser 0, Acc 8 Balance 0.000000, 				Withdraw 449.000000 --insufficient funds[0m
[22;32mUser 0, Acc 9 Balance 129.000000, 				Withdraw 163.000000 --insufficient funds[0m
User 0, Acc 7 Balance 9165.000000, Deposit 9929.000000 
User 0, Acc 4 Balance 892.000000, Deposit 937.000000 
User 0, Acc 5 Balance 2298.000000, Deposit 941.000000 
User 1, Acc 0 Balance 7.000000, Deposit 7.000000 
User 1, Acc 1 Balance 0.000000, Deposit 11.000000 
User 1, Acc 2 Balance 0.000000, Deposit 9.000000 
User 1, Acc 7 Balance 19094.000000, Transfer 31.000000 to Acc 6
User 1, Acc 7 Balance 19063.000000, Transfer 137.000000 to Acc 5
User 1, Acc 7 Balance 18926.000000, Transfer 3.000000 to Acc 4
User 1, Acc 7 Balance 18923.000000, Transfer 5.000000 to Acc 4
User 1, Acc 3 Balance 0.000000, Deposit 929.000000 
User 1, Acc 4 Balance 1837.000000, Deposit 937.000000 
User 1, Acc 5 Balance 3376.000000, Deposit 941.000000 
User 0, Acc 0 Balance 7.000000, Deposit 7.000000 
User 0, Acc 3 Balance 929.000000, Deposit 29.000000 
User 0, Acc 7 Balance 18918.000000, Deposit 9.000000 
User 1, Acc 4 Balance 2774.000000, Withdraw 1167.000000 
User 1, Acc 5 Balance 4317.000000, Withdraw 1307.000000 
[22;32mUser 1, Acc 1 Balance 11.000000, 				Withdraw 41.000000 --insufficient funds[0m
[22;32mUser 1, Acc 2 Balance 9.000000, 				Withdraw 71.000000 --insufficient funds[0m
[22;32mUser 1, Acc 3 Balance 958.000000, 				Withdraw 1127.000000 --insufficient funds[0m
User 1, Acc 6 Balance 848.000000, Withdraw 647.000000 
User 1, Acc 6 Balance 201.000000, Deposit 953.000000 
User 1, Acc 7 Balance 18927.000000, Deposit 967.000000 
User 1, Acc 4 Balance 1607.000000, Transfer 53.000000 to Acc 5
User 1, Acc 7 Balance 19894.000000, Withdraw 1593.000000 
[22;32mUser 1, Acc 8 Balance 0.000000, 				Withdraw 449.000000 --insufficient funds[0m
[22;32mUser 1, Acc 9 Balance 129.000000, 				Withdraw 163.000000 --insufficient funds[0m
User 1, Acc 7 Balance 18301.000000, Deposit 9929.000000 
User 1, Acc 4 Balance 1554.000000, Deposit 937.000000 
User 1, Acc 5 Balance 3063.000000, Deposit 941.000000 
User 1, Acc 0 Balance 21.000000, Deposit 7.000000 
User 1, Acc 3 Balance 958.000000, Deposit 29.000000 
User 1, Acc 7 Balance 28230.000000, Deposit 9.000000 
User 1, Acc 9 Balance 129.000000, Deposit 129.000000 
User 1, Acc 3 Balance 987.000000, Transfer 29.000000 to Acc 7
User 1, Acc 7 Balance 28268.000000, Transfer 31.000000 to Acc 6
User 1, Acc 7 Balance 28237.000000, Transfer 137.000000 to Acc 5
User 1, Acc 7 Balance 28100.000000, Transfer 3.000000 to Acc 4
User 1, Acc 7 Balance 28097.000000, Transfer 5.000000 to Acc 4
User 1, Acc 4 Balance 2499.000000, Withdraw 1167.000000 
User 1, Acc 5 Balance 4141.000000, Withdraw 1307.000000 
[22;32mUser 1, Acc 1 Balance 11.000000, 				Withdraw 41.000000 --insufficient funds[0m
[22;32mUser 1, Acc 2 Balance 9.000000, 				Withdraw 71.000000 --insufficient funds[0m
[22;32mUser 1, Acc 3 Balance 958.000000, 				Withdraw 1127.000000 --insufficient funds[0m
User 1, Acc 6 Balance 1185.000000, Withdraw 647.000000 
User 1, Acc 6 Balance 538.000000, Deposit 1953.000000 
User 1, Acc 7 Balance 28092.000000, Deposit 967.000000 
User 1, Acc 6 Balance 2491.000000, Transfer 1167.000000 to Acc 5
User 1, Acc 4 Balance 1332.000000, Transfer 53.000000 to Acc 5
User 1, Acc 7 Balance 29059.000000, Withdraw 1593.000000 
[22;32mUser 1, Acc 8 Balance 0.000000, 				Withdraw 449.000000 --insufficient funds[0m
User 1, Acc 9 Balance 258.000000, Withdraw 163.000000 
User 1, Acc 0 Balance 28.000000, Deposit 7.000000 
User 1, Acc 1 Balance 11.000000, Deposit 11.000000 
User 1, Acc 2 Balance 9.000000, Deposit 9.000000 
User 1, Acc 3 Balance 958.000000, Transfer 29.000000 to Acc 7
User 1, Acc 7 Balance 27495.000000, Transfer 31.000000 to Acc 6
User 1, Acc 7 Balance 27464.000000, Transfer 137.000000 to Acc 5
User 1, Acc 7 Balance 27327.000000, Transfer 3.000000 to Acc 4
User 1, Acc 7 Balance 27324.000000, Transfer 5.000000 to Acc 4
User 1, Acc 3 Balance 929.000000, Deposit 929.000000 
User 1, Acc 4 Balance 1287.000000, Deposit 937.000000 
User 1, Acc 5 Balance 4191.000000, Deposit 941.000000 
User 1, Acc 4 Balance 2224.000000, Withdraw 1167.000000 
User 1, Acc 5 Balance 5132.000000, Withdraw 1307.000000 
[22;32mUser 1, Acc 1 Balance 22.000000, 				Withdraw 41.000000 --insufficient funds[0m
[22;32mUser 1, Acc 2 Balance 18.000000, 				Withdraw 71.000000 --insufficient funds[0m
User 1, Acc 3 Balance 1858.000000, Withdraw 1127.000000 
User 1, Acc 6 Balance 1355.000000, Withdraw 647.000000 
User 1, Acc 6 Balance 708.000000, Deposit 953.000000 
User 1, Acc 7 Balance 27319.000000, Deposit 967.000000 
User 1, Acc 1 Balance 22.000000, Transfer 19.000000 to Acc 7
User 1, Acc 6 Balance 1661.000000, Transfer 1167.000000 to Acc 5
User 1, Acc 4 Balance 1057.000000, Transfer 53.000000 to Acc 5
User 1, Acc 7 Balance 28305.000000, Withdraw 1593.000000 
[22;32mUser 1, Acc 8 Balance 0.000000, 				Withdraw 449.000000 --insufficient funds[0m
[22;32mUser 1, Acc 9 Balance 95.000000, 				Withdraw 163.000000 --insufficient funds[0m
User 1, Acc 0 Balance 35.000000, Deposit 7.000000 
User 1, Acc 1 Balance 3.000000, Deposit 11.000000 
User 1, Acc 2 Balance 18.000000, Deposit 9.000000 
User 1, Acc 3 Balance 731.000000, Transfer 29.000000 to Acc 7
User 1, Acc 7 Balance 26741.000000, Transfer 31.000000 to Acc 6
User 1, Acc 7 Balance 26710.000000, Transfer 137.000000 to Acc 5
User 1, Acc 7 Balance 26573.000000, Transfer 3.000000 to Acc 4
User 0, Acc 9 Balance 129.000000, Deposit 129.000000 
User 0, Acc 3 Balance 702.000000, Transfer 29.000000 to Acc 7
User 0, Acc 7 Balance 26599.000000, Transfer 31.000000 to Acc 6
User 0, Acc 7 Balance 26568.000000, Transfer 137.000000 to Acc 5
User 0, Acc 7 Balance 26431.000000, Transfer 3.000000 to Acc 4
User 0, Acc 7 Balance 26428.000000, Transfer 5.000000 to Acc 4
[22;32mUser 0, Acc 4 Balance 1015.000000, 				Withdraw 1167.000000 --insufficient funds[0m
User 0, Acc 5 Balance 5319.000000, Withdraw 1307.000000 
[22;32mUser 0, Acc 1 Balance 14.000000, 				Withdraw 41.000000 --insufficient funds[0m
[22;32mUser 0, Acc 2 Balance 27.000000, 				Withdraw 71.000000 --insufficient funds[0m
[22;32mUser 0, Acc 3 Balance 673.000000, 				Withdraw 1127.000000 --insufficient funds[0m
[22;32mUser 0, Acc 6 Balance 556.000000, 				Withdraw 647.000000 --insufficient funds[0m
User 0, Acc 6 Balance 556.000000, Deposit 1953.000000 
User 0, Acc 7 Balance 26423.000000, Deposit 967.000000 
User 0, Acc 2 Balance 27.000000, Transfer 23.000000 to Acc 7
User 0, Acc 6 Balance 2509.000000, Transfer 1167.000000 to Acc 5
User 0, Acc 4 Balance 1015.000000, Transfer 53.000000 to Acc 5
User 0, Acc 7 Balance 27413.000000, Withdraw 1593.000000 
[22;32mUser 0, Acc 8 Balance 0.000000, 				Withdraw 449.000000 --insufficient funds[0m
User 0, Acc 9 Balance 224.000000, Withdraw 163.000000 
[22;32mUser 0, Acc 1 Balance 14.000000, 				Withdraw 500.000000 --insufficient funds[0m
[22;32mUser 0, Acc 2 Balance 4.000000, 				Withdraw 500.000000 --insufficient funds[0m
User 0, Acc 3 Balance 673.000000, Withdraw 500.000000 
User 0, Acc 4 Balance 962.000000, Withdraw 500.000000 
User 0, Acc 5 Balance 5232.000000, Withdraw 500.000000 
User 0, Acc 6 Balance 1342.000000, Withdraw 500.000000 
User 0, Acc 7 Balance 25820.000000, Withdraw 500.000000 
[22;32mUser 0, Acc 8 Balance 0.000000, 				Withdraw 500.000000 --insufficient funds[0m
[22;32mUser 0, Acc 9 Balance 61.000000, 				Withdraw 500.000000 --insufficient funds[0m
[22;32mUser 0, Acc 0 Balance 42.000000, 				Withdraw 500.000000 --insufficient funds[0m
[22;32mUser 0, Acc 1 Balance 14.000000, 				Withdraw 500.000000 --insufficient funds[0m
[22;32mUser 0, Acc 2 Balance 4.000000, 				Withdraw 500.000000 --insufficient funds[0m
[22;32mUser 0, Acc 3 Balance 173.000000, 				Withdraw 500.000000 --insufficient funds[0m
[22;32mUser 0, Acc 4 Balance 462.000000, 				Withdraw 500.000000 --insufficient funds[0m
User 0, Acc 5 Balance 4732.000000, Withdraw 500.000000 
User 0, Acc 6 Balance 842.000000, Withdraw 500.000000 
User 0, Acc 7 Balance 25320.000000, Withdraw 500.000000 
[22;32mUser 0, Acc 8 Balance 0.000000, 				Withdraw 500.000000 --insufficient funds[0m
[22;32mUser 0, Acc 9 Balance 61.000000, 				Withdraw 500.000000 --insufficient funds[0m
[22;32mUser 0, Acc 0 Balance 42.000000, 				Withdraw 500.000000 --insufficient funds[0m
[22;32mUser 0, Acc 1 Balance 14.000000, 				Withdraw 500.000000 --insufficient funds[0m
[22;32mUser 0, Acc 2 Balance 4.000000, 				Withdraw 500.000000 --insufficient funds[0m
[22;32mUser 0, Acc 3 Balance 173.000000, 				Withdraw 500.000000 --insufficient funds[0m
[22;32mUser 0, Acc 4 Balance 462.000000, 				Withdraw 500.000000 --insufficient funds[0m
User 0, Acc 5 Balance 4232.000000, Withdraw 500.000000 
[22;32mUser 0, Acc 6 Balance 342.000000, 				Withdraw 500.000000 --insufficient funds[0m
User 0, Acc 7 Balance 24820.000000, Withdraw 500.000000 
[22;32mUser 0, Acc 8 Balance 0.000000, 				Withdraw 500.000000 --insufficient funds[0m
[22;32mUser 0, Acc 9 Balance 61.000000, 				Withdraw 500.000000 --insufficient funds[0m
[22;32mUser 0, Acc 0 Balance 42.000000, 				Withdraw 500.000000 --insufficient funds[0m
[22;32mUser 0, Acc 1 Balance 14.000000, 				Withdraw 500.000000 --insufficient funds[0m
[22;32mUser 0, Acc 2 Balance 4.000000, 				Withdraw 500.000000 --insufficient funds[0m
[22;32mUser 0, Acc 3 Balance 173.000000, 				Withdraw 500.000000 --insufficient funds[0m
[22;32mUser 0, Acc 4 Balance 462.000000, 				Withdraw 500.000000 --insufficient funds[0m
User 0, Acc 5 Balance 3732.000000, Withdraw 500.000000 
[22;32mUser 0, Acc 6 Balance 342.000000, 				Withdraw 500.000000 --insufficient funds[0m
User 0, Acc 7 Balance 24320.000000, Withdraw 500.000000 
[22;32mUser 0, Acc 8 Balance 0.000000, 				Withdraw 500.000000 --insufficient funds[0m
[22;32mUser 0, Acc 9 Balance 61.000000, 				Withdraw 500.000000 --insufficient funds[0m
[22;32mUser 0, Acc 0 Balance 42.000000, 				Withdraw 500.000000 --insufficient funds[0m
[22;32mUser 0, Acc 1 Balance 14.000000, 				Withdraw 500.000000 --insufficient funds[0m
[22;32mUser 0, Acc 2 Balance 4.000000, 				Withdraw 500.000000 --insufficient funds[0m
[22;32mUser 0, Acc 3 Balance 173.000000, 				Withdraw 500.000000 --insufficient funds[0m
User 1, Acc 7 Balance 26570.000000, Transfer 5.000000 to Acc 4
User 1, Acc 3 Balance 173.000000, Deposit 929.000000 
User 1, Acc 4 Balance 467.000000, Deposit 937.000000 
User 1, Acc 5 Balance 3232.000000, Deposit 941.000000 
[22;32mUser 2, Acc 1 Balance 0.000000, 				Withdraw 500.000000 --insufficient funds[0m
[22;32mUser 2, Acc 2 Balance 4.000000, 				Withdraw 500.000000 --insufficient funds[0m
User 2, Acc 3 Balance 1102.000000, Withdraw 500.000000 
User 2, Acc 4 Balance 1404.000000, Withdraw 500.000000 
User 2, Acc 5 Balance 4173.000000, Withdraw 500.000000 
[22;32mUser 2, Acc 6 Balance 342.000000, 				Withdraw 500.000000 --insufficient funds[0m
User 2, Acc 7 Balance 23815.000000, Withdraw 500.000000 
[22;32mUser 2, Acc 8 Balance 0.000000, 				Withdraw 500.000000 --insufficient funds[0m
[22;32mUser 2, Acc 9 Balance 61.000000, 				Withdraw 500.000000 --insufficient funds[0m
[22;32mUser 2, Acc 0 Balance 42.000000, 				Withdraw 500.000000 --insufficient funds[0m
[22;32mUser 2, Acc 1 Balance 14.000000, 				Withdraw 500.000000 --insufficient funds[0m
[22;32mUser 2, Acc 2 Balance 4.000000, 				Withdraw 500.000000 --insufficient funds[0m
User 2, Acc 3 Balance 602.000000, Withdraw 500.000000 
User 2, Acc 4 Balance 904.000000, Withdraw 500.000000 
User 2, Acc 5 Balance 3673.000000, Withdraw 500.000000 
[22;32mUser 2, Acc 6 Balance 342.000000, 				Withdraw 500.000000 --insufficient funds[0m
User 2, Acc 7 Balance 23315.000000, Withdraw 500.000000 
[22;32mUser 2, Acc 8 Balance 0.000000, 				Withdraw 500.000000 --insufficient funds[0m
[22;32mUser 2, Acc 9 Balance 61.000000, 				Withdraw 500.000000 --insufficient funds[0m
[22;32mUser 2, Acc 0 Balance 42.000000, 				Withdraw 500.000000 --insufficient funds[0m
[22;32mUser 2, Acc 1 Balance 14.000000, 				Withdraw 500.000000 --insufficient funds[0m
[22;32mUser 2, Acc 2 Balance 4.000000, 				Withdraw 500.000000 --insufficient funds[0m
[22;32mUser 2, Acc 3 Balance 102.000000, 				Withdraw 500.000000 --insufficient funds[0m
[22;32mUser 2, Acc 4 Balance 404.000000, 				Withdraw 500.000000 --insufficient funds[0m
User 2, Acc 5 Balance 3173.000000, Withdraw 500.000000 
[22;32mUser 2, Acc 6 Balance 342.000000, 				Withdraw 500.000000 --insufficient funds[0m
User 2, Acc 7 Balance 22815.000000, Withdraw 500.000000 
User 1, Acc 4 Balance 1404.000000, Withdraw 1167.000000 
User 1, Acc 5 Balance 2673.000000, Withdraw 1307.000000 
[22;32mUser 1, Acc 1 Balance 14.000000, 				Withdraw 41.000000 --insufficient funds[0m
[22;32mUser 1, Acc 2 Balance 4.000000, 				Withdraw 71.000000 --insufficient funds[0m
[22;32mUser 1, Acc 3 Balance 102.000000, 				Withdraw 1127.000000 --insufficient funds[0m
[22;32mUser 1, Acc 6 Balance 342.000000, 				Withdraw 647.000000 --insufficient funds[0m
User 1, Acc 6 Balance 342.000000, Deposit 953.000000 
User 1, Acc 7 Balance 22315.000000, Deposit 967.000000 
User 1, Acc 6 Balance 1295.000000, Transfer 1167.000000 to Acc 5
[22;32mUser 2, Acc 8 Balance 0.000000, 				Withdraw 500.000000 --insufficient funds[0m
[22;32mUser 2, Acc 9 Balance 61.000000, 				Withdraw 500.000000 --insufficient funds[0m
[22;32mUser 2, Acc 0 Balance 42.000000, 				Withdraw 500.000000 --insufficient funds[0m
User 1, Acc 7 Balance 23282.000000, Withdraw 1593.000000 
[22;32mUser 1, Acc 8 Balance 0.000000, 				Withdraw 449.000000 --insufficient funds[0m
[22;32mUser 0, Acc 4 Balance 462.000000, 				Withdraw 500.000000 --insufficient funds[0m
User 0, Acc 5 Balance 2533.000000, Withdraw 500.000000 
[22;32mUser 0, Acc 6 Balance 128.000000, 				Withdraw 500.000000 --insufficient funds[0m
User 0, Acc 7 Balance 21689.000000, Withdraw 500.000000 
[22;32mUser 0, Acc 8 Balance 0.000000, 				Withdraw 500.000000 --insufficient funds[0m
[22;32mUser 0, Acc 9 Balance 61.000000, 				Withdraw 500.000000 --insufficient funds[0m
[22;32mUser 1, Acc 9 Balance 61.000000, 				Withdraw 163.000000 --insufficient funds[0m
[22;32mUser 0, Acc 0 Balance 42.000000, 				Withdraw 500.000000 --insufficient funds[0m
[22;32mUser 0, Acc 1 Balance 14.000000, 				Withdraw 500.000000 --insufficient funds[0m
[22;32mUser 0, Acc 2 Balance 4.000000, 				Withdraw 500.000000 --insufficient funds[0m
[22;32mUser 0, Acc 3 Balance 102.000000, 				Withdraw 500.000000 --insufficient funds[0m
[22;32mUser 0, Acc 4 Balance -763.000000, 				Withdraw 500.000000 --insufficient funds[0m
User 0, Acc 5 Balance 2033.000000, Withdraw 500.000000 
[22;32mUser 0, Acc 6 Balance 128.000000, 				Withdraw 500.000000 --insufficient funds[0m
User 0, Acc 7 Balance 21189.000000, Withdraw 500.000000 
[22;32mUser 0, Acc 8 Balance 0.000000, 				Withdraw 500.000000 --insufficient funds[0m
[22;32mUser 0, Acc 9 Balance 61.000000, 				Withdraw 500.000000 --insufficient funds[0m
[22;32mUser 0, Acc 0 Balance 42.000000, 				Withdraw 500.000000 --insufficient funds[0m
  ***     End of transaction batch    ***  
Account 0 balance after completion of transaction batch: 42.000000
Account 1 balance after completion of transaction batch: 14.000000
Account 2 balance after completion of transaction batch: 4.000000
Account 3 balance after completion of transaction batch: 102.000000
Account 4 balance after completion of transaction batch: -763.000000
Account 5 balance after completion of transaction batch: 1533.000000
Account 6 balance after completion of transaction batch: 128.000000
Account 7 balance after completion of transaction batch: 20689.000000
Account 8 balance after completion of transaction batch: 0.000000
Account 9 balance after completion of transaction batch: 61.000000
