# Output generated by:
# ./my_executable 3 data/transactions11.txt data/transactions9.txt data/transactions8.txt

********************************************
   Reading and parsing a transaction file   
********************************************
Parsed transaction: deposit 9 617.000000 
Loaded deposit transaction
Parsed transaction: transfer 9 9 617.000000 
Loaded transfer transaction
Parsed transaction: deposit 8 619.000000 
Loaded deposit transaction
Parsed transaction: transfer 8 2 619.000000 
Loaded transfer transaction
Parsed transaction: deposit 7 631.000000 
Loaded deposit transaction
Parsed transaction: transfer 7 3 631.000000 
Loaded transfer transaction
Parsed transaction: deposit 6 641.000000 
Loaded deposit transaction
Parsed transaction: transfer 6 4 641.000000 
Loaded transfer transaction
Parsed transaction: deposit 5 643.000000 
Loaded deposit transaction
Parsed transaction: transfer 5 6 1200.000000 
Loaded transfer transaction
Parsed transaction: deposit 4 647.000000 
Loaded deposit transaction
Parsed transaction: transfer 4 7 1200.000000 
Loaded transfer transaction
Parsed transaction: deposit 3 653.000000 
Loaded deposit transaction
Parsed transaction: transfer 3 8 1200.000000 
Loaded transfer transaction
Parsed transaction: deposit 2 659.000000 
Loaded deposit transaction
Parsed transaction: transfer 2 9 1200.000000 
Loaded transfer transaction
Parsed transaction: deposit 1 661.000000 
Loaded deposit transaction
Parsed transaction: transfer 1 9 1200.000000 
Loaded transfer transaction
Parsed transaction: deposit 0 673.000000 
Loaded deposit transaction
Parsed transaction: transfer 0 9 1200.000000 
Loaded transfer transaction
Parsed transaction: withdraw 1 50.000000 
Loaded withdrawal transaction
Parsed transaction: withdraw 2 50.000000 
Loaded withdrawal transaction
Parsed transaction: withdraw 3 50.000000 
Loaded withdrawal transaction
Parsed transaction: withdraw 4 50.000000 
Loaded withdrawal transaction
Parsed transaction: withdraw 5 50.000000 
Loaded withdrawal transaction
Parsed transaction: withdraw 6 50.000000 
Loaded withdrawal transaction
Parsed transaction: withdraw 7 50.000000 
Loaded withdrawal transaction
Parsed transaction: withdraw 8 50.000000 
Loaded withdrawal transaction
Parsed transaction: withdraw 9 50.000000 
Loaded withdrawal transaction
Parsed transaction: withdraw 0 50.000000 
Loaded withdrawal transaction
********************************************
********************************************
   Reading and parsing a transaction file   
********************************************
Parsed transaction: deposit 9 617.000000 
Loaded deposit transaction
Parsed transaction: transfer 9 1 617.000000 
Loaded transfer transaction
Parsed transaction: deposit 8 619.000000 
Loaded deposit transaction
Parsed transaction: transfer 8 2 619.000000 
Loaded transfer transaction
Parsed transaction: deposit 7 631.000000 
Loaded deposit transaction
Parsed transaction: transfer 7 3 631.000000 
Loaded transfer transaction
Parsed transaction: deposit 6 641.000000 
Loaded deposit transaction
Parsed transaction: transfer 6 4 641.000000 
Loaded transfer transaction
Parsed transaction: deposit 5 643.000000 
Loaded deposit transaction
Parsed transaction: transfer 5 6 1200.000000 
Loaded transfer transaction
Parsed transaction: deposit 4 647.000000 
Loaded deposit transaction
Parsed transaction: transfer 4 7 1200.000000 
Loaded transfer transaction
Parsed transaction: deposit 3 653.000000 
Loaded deposit transaction
Parsed transaction: transfer 3 8 1200.000000 
Loaded transfer transaction
Parsed transaction: deposit 2 659.000000 
Loaded deposit transaction
Parsed transaction: transfer 2 9 1200.000000 
Loaded transfer transaction
Parsed transaction: deposit 1 661.000000 
Loaded deposit transaction
Parsed transaction: transfer 1 9 1200.000000 
Loaded transfer transaction
Parsed transaction: deposit 0 673.000000 
Loaded deposit transaction
Parsed transaction: transfer 0 9 1200.000000 
Loaded transfer transaction
Parsed transaction: withdraw 1 50.000000 
Loaded withdrawal transaction
Parsed transaction: withdraw 2 50.000000 
Loaded withdrawal transaction
Parsed transaction: withdraw 3 50.000000 
Loaded withdrawal transaction
Parsed transaction: withdraw 4 50.000000 
Loaded withdrawal transaction
Parsed transaction: withdraw 5 50.000000 
Loaded withdrawal transaction
Parsed transaction: withdraw 6 50.000000 
Loaded withdrawal transaction
Parsed transaction: withdraw 7 50.000000 
Loaded withdrawal transaction
Parsed transaction: withdraw 8 50.000000 
Loaded withdrawal transaction
Parsed transaction: withdraw 9 50.000000 
Loaded withdrawal transaction
Parsed transaction: withdraw 0 50.000000 
Loaded withdrawal transaction
********************************************
********************************************
   Reading and parsing a transaction file   
********************************************
Parsed transaction: deposit 9 617.000000 
Loaded deposit transaction
Parsed transaction: transfer 9 1 617.000000 
Loaded transfer transaction
Parsed transaction: deposit 8 619.000000 
Loaded deposit transaction
Parsed transaction: transfer 8 2 619.000000 
Loaded transfer transaction
Parsed transaction: deposit 7 631.000000 
Loaded deposit transaction
Parsed transaction: transfer 7 3 631.000000 
Loaded transfer transaction
Parsed transaction: deposit 6 641.000000 
Loaded deposit transaction
Parsed transaction: transfer 6 4 641.000000 
Loaded transfer transaction
Parsed transaction: deposit 5 643.000000 
Loaded deposit transaction
Parsed transaction: transfer 5 6 1200.000000 
Loaded transfer transaction
Parsed transaction: deposit 4 647.000000 
Loaded deposit transaction
Parsed transaction: transfer 4 7 1200.000000 
Loaded transfer transaction
Parsed transaction: deposit 3 653.000000 
Loaded deposit transaction
Parsed transaction: transfer 3 8 1200.000000 
Loaded transfer transaction
Parsed transaction: deposit 2 659.000000 
Loaded deposit transaction
Parsed transaction: transfer 2 9 1200.000000 
Loaded transfer transaction
Parsed transaction: deposit 1 661.000000 
Loaded deposit transaction
Parsed transaction: transfer 1 9 1200.000000 
Loaded transfer transaction
Parsed transaction: deposit 0 673.000000 
Loaded deposit transaction
Parsed transaction: transfer 0 9 1200.000000 
Loaded transfer transaction
********************************************
  ***    Start of transaction batch    ***  
User 0, Acc 9 Balance 0.000000, Deposit 617.000000 
User 0, Acc 9 Balance 617.000000, Transfer 617.000000 to Acc 9
User 0, Acc 8 Balance 0.000000, Deposit 619.000000 
User 0, Acc 8 Balance 619.000000, Transfer 619.000000 to Acc 2
User 0, Acc 7 Balance 0.000000, Deposit 631.000000 
User 0, Acc 7 Balance 631.000000, Transfer 631.000000 to Acc 3
User 0, Acc 6 Balance 0.000000, Deposit 641.000000 
User 0, Acc 6 Balance 641.000000, Transfer 641.000000 to Acc 4
User 0, Acc 5 Balance 0.000000, Deposit 643.000000 
User 0, Acc 4 Balance 641.000000, Deposit 647.000000 
User 0, Acc 4 Balance 1288.000000, Transfer 1200.000000 to Acc 7
User 0, Acc 3 Balance 631.000000, Deposit 653.000000 
User 0, Acc 3 Balance 1284.000000, Transfer 1200.000000 to Acc 8
User 0, Acc 2 Balance 619.000000, Deposit 659.000000 
User 0, Acc 2 Balance 1278.000000, Transfer 1200.000000 to Acc 9
User 0, Acc 1 Balance 0.000000, Deposit 661.000000 
User 0, Acc 0 Balance 0.000000, Deposit 673.000000 
User 0, Acc 1 Balance 661.000000, Withdraw 50.000000 
User 0, Acc 2 Balance 78.000000, Withdraw 50.000000 
User 0, Acc 3 Balance 84.000000, Withdraw 50.000000 
User 0, Acc 4 Balance 88.000000, Withdraw 50.000000 
User 0, Acc 5 Balance 643.000000, Withdraw 50.000000 
[22;32mUser 0, Acc 6 Balance 0.000000, 				Withdraw 50.000000 --insufficient funds[0m
User 0, Acc 7 Balance 1200.000000, Withdraw 50.000000 
User 0, Acc 8 Balance 1200.000000, Withdraw 50.000000 
User 0, Acc 9 Balance 1817.000000, Withdraw 50.000000 
User 0, Acc 0 Balance 673.000000, Withdraw 50.000000 
User 1, Acc 9 Balance 1767.000000, Deposit 617.000000 
User 1, Acc 9 Balance 2384.000000, Transfer 617.000000 to Acc 1
User 1, Acc 8 Balance 1150.000000, Deposit 619.000000 
User 2, Acc 9 Balance 1767.000000, Deposit 617.000000 
User 2, Acc 9 Balance 2384.000000, Transfer 617.000000 to Acc 1
User 2, Acc 8 Balance 1769.000000, Deposit 619.000000 
User 2, Acc 8 Balance 2388.000000, Transfer 619.000000 to Acc 2
User 1, Acc 8 Balance 1769.000000, Transfer 619.000000 to Acc 2
User 1, Acc 7 Balance 1150.000000, Deposit 631.000000 
User 1, Acc 7 Balance 1781.000000, Transfer 631.000000 to Acc 3
User 0, Acc 9 Balance 1767.000000, Deposit 617.000000 
User 0, Acc 9 Balance 2384.000000, Transfer 617.000000 to Acc 9
User 0, Acc 8 Balance 1150.000000, Deposit 619.000000 
User 0, Acc 8 Balance 1769.000000, Transfer 619.000000 to Acc 2
User 0, Acc 7 Balance 1150.000000, Deposit 631.000000 
User 0, Acc 7 Balance 1781.000000, Transfer 631.000000 to Acc 3
User 0, Acc 6 Balance 0.000000, Deposit 641.000000 
User 0, Acc 6 Balance 641.000000, Transfer 641.000000 to Acc 4
User 0, Acc 5 Balance 593.000000, Deposit 643.000000 
User 0, Acc 5 Balance 1236.000000, Transfer 1200.000000 to Acc 6
User 0, Acc 4 Balance 679.000000, Deposit 647.000000 
User 0, Acc 4 Balance 1326.000000, Transfer 1200.000000 to Acc 7
User 0, Acc 3 Balance 1296.000000, Deposit 653.000000 
User 0, Acc 3 Balance 1949.000000, Transfer 1200.000000 to Acc 8
User 0, Acc 2 Balance 1885.000000, Deposit 659.000000 
User 0, Acc 2 Balance 2544.000000, Transfer 1200.000000 to Acc 9
User 0, Acc 1 Balance 1845.000000, Deposit 661.000000 
User 0, Acc 1 Balance 2506.000000, Transfer 1200.000000 to Acc 9
User 0, Acc 0 Balance 623.000000, Deposit 673.000000 
User 0, Acc 0 Balance 1296.000000, Transfer 1200.000000 to Acc 9
User 0, Acc 1 Balance 1306.000000, Withdraw 50.000000 
User 0, Acc 2 Balance 1344.000000, Withdraw 50.000000 
User 0, Acc 3 Balance 749.000000, Withdraw 50.000000 
User 2, Acc 7 Balance 1150.000000, Deposit 631.000000 
User 2, Acc 7 Balance 2981.000000, Transfer 631.000000 to Acc 3
User 2, Acc 6 Balance 1200.000000, Deposit 641.000000 
User 2, Acc 6 Balance 1841.000000, Transfer 641.000000 to Acc 4
User 2, Acc 5 Balance 36.000000, Deposit 643.000000 
User 2, Acc 4 Balance 767.000000, Deposit 647.000000 
User 2, Acc 4 Balance 1414.000000, Transfer 1200.000000 to Acc 7
User 2, Acc 3 Balance 1330.000000, Deposit 653.000000 
User 2, Acc 3 Balance 1983.000000, Transfer 1200.000000 to Acc 8
User 2, Acc 2 Balance 1294.000000, Deposit 659.000000 
User 2, Acc 2 Balance 1953.000000, Transfer 1200.000000 to Acc 9
User 0, Acc 4 Balance 126.000000, Withdraw 50.000000 
User 1, Acc 6 Balance 0.000000, Deposit 641.000000 
User 0, Acc 5 Balance 679.000000, Withdraw 50.000000 
User 0, Acc 6 Balance 1841.000000, Withdraw 50.000000 
User 0, Acc 7 Balance 3550.000000, Withdraw 50.000000 
User 1, Acc 6 Balance 1841.000000, Transfer 641.000000 to Acc 4
User 1, Acc 5 Balance 629.000000, Deposit 643.000000 
User 1, Acc 5 Balance 1272.000000, Transfer 1200.000000 to Acc 6
User 1, Acc 4 Balance 805.000000, Deposit 647.000000 
User 1, Acc 4 Balance 1452.000000, Transfer 1200.000000 to Acc 7
User 1, Acc 3 Balance 783.000000, Deposit 653.000000 
User 1, Acc 3 Balance 1436.000000, Transfer 1200.000000 to Acc 8
User 1, Acc 2 Balance 753.000000, Deposit 659.000000 
User 1, Acc 2 Balance 1412.000000, Transfer 1200.000000 to Acc 9
User 1, Acc 1 Balance 1256.000000, Deposit 661.000000 
User 1, Acc 1 Balance 1917.000000, Transfer 1200.000000 to Acc 9
User 1, Acc 0 Balance 96.000000, Deposit 673.000000 
User 1, Acc 9 Balance 9584.000000, Deposit 617.000000 
User 1, Acc 9 Balance 10201.000000, Transfer 617.000000 to Acc 9
User 1, Acc 8 Balance 4750.000000, Deposit 619.000000 
User 1, Acc 8 Balance 5369.000000, Transfer 619.000000 to Acc 2
User 1, Acc 7 Balance 4700.000000, Deposit 631.000000 
User 1, Acc 7 Balance 5331.000000, Transfer 631.000000 to Acc 3
User 1, Acc 6 Balance 2350.000000, Deposit 641.000000 
User 1, Acc 6 Balance 2991.000000, Transfer 641.000000 to Acc 4
User 1, Acc 5 Balance 72.000000, Deposit 643.000000 
User 1, Acc 4 Balance 893.000000, Deposit 647.000000 
User 1, Acc 4 Balance 1540.000000, Transfer 1200.000000 to Acc 7
User 1, Acc 3 Balance 867.000000, Deposit 653.000000 
User 1, Acc 3 Balance 1520.000000, Transfer 1200.000000 to Acc 8
User 0, Acc 8 Balance 3550.000000, Withdraw 50.000000 
User 0, Acc 9 Balance 10201.000000, Withdraw 50.000000 
User 0, Acc 0 Balance 769.000000, Withdraw 50.000000 
User 1, Acc 2 Balance 831.000000, Deposit 659.000000 
User 1, Acc 2 Balance 1490.000000, Transfer 1200.000000 to Acc 9
User 1, Acc 1 Balance 717.000000, Deposit 661.000000 
User 1, Acc 1 Balance 1378.000000, Transfer 1200.000000 to Acc 9
User 1, Acc 0 Balance 719.000000, Deposit 673.000000 
User 1, Acc 0 Balance 1392.000000, Transfer 1200.000000 to Acc 9
User 1, Acc 1 Balance 178.000000, Withdraw 50.000000 
User 1, Acc 2 Balance 290.000000, Withdraw 50.000000 
User 1, Acc 3 Balance 320.000000, Withdraw 50.000000 
User 1, Acc 4 Balance 340.000000, Withdraw 50.000000 
User 1, Acc 5 Balance 715.000000, Withdraw 50.000000 
User 1, Acc 6 Balance 2350.000000, Withdraw 50.000000 
User 2, Acc 1 Balance 1256.000000, Deposit 661.000000 
User 2, Acc 0 Balance 192.000000, Deposit 673.000000 
User 1, Acc 7 Balance 5900.000000, Withdraw 50.000000 
User 1, Acc 8 Balance 5900.000000, Withdraw 50.000000 
User 1, Acc 9 Balance 13751.000000, Withdraw 50.000000 
User 1, Acc 0 Balance 865.000000, Withdraw 50.000000 
User 1, Acc 9 Balance 13701.000000, Deposit 617.000000 
User 1, Acc 9 Balance 14318.000000, Transfer 617.000000 to Acc 1
User 1, Acc 8 Balance 5850.000000, Deposit 619.000000 
User 1, Acc 8 Balance 6469.000000, Transfer 619.000000 to Acc 2
User 2, Acc 1 Balance 789.000000, Withdraw 50.000000 
User 2, Acc 2 Balance 859.000000, Withdraw 50.000000 
User 2, Acc 3 Balance 270.000000, Withdraw 50.000000 
User 0, Acc 9 Balance 10151.000000, Deposit 617.000000 
User 0, Acc 9 Balance 14318.000000, Transfer 617.000000 to Acc 1
User 0, Acc 8 Balance 5850.000000, Deposit 619.000000 
User 0, Acc 8 Balance 6469.000000, Transfer 619.000000 to Acc 2
User 1, Acc 7 Balance 5850.000000, Deposit 631.000000 
User 1, Acc 7 Balance 6481.000000, Transfer 631.000000 to Acc 3
User 1, Acc 6 Balance 2300.000000, Deposit 641.000000 
User 1, Acc 6 Balance 2941.000000, Transfer 641.000000 to Acc 4
User 1, Acc 5 Balance 665.000000, Deposit 643.000000 
User 0, Acc 7 Balance 5850.000000, Deposit 631.000000 
User 2, Acc 4 Balance 290.000000, Withdraw 50.000000 
User 1, Acc 5 Balance 1308.000000, Transfer 1200.000000 to Acc 6
User 2, Acc 5 Balance 1308.000000, Withdraw 50.000000 
User 2, Acc 6 Balance 3500.000000, Withdraw 50.000000 
User 2, Acc 7 Balance 6481.000000, Withdraw 50.000000 
User 2, Acc 8 Balance 5850.000000, Withdraw 50.000000 
User 2, Acc 9 Balance 13701.000000, Withdraw 50.000000 
User 2, Acc 0 Balance 815.000000, Withdraw 50.000000 
User 1, Acc 4 Balance 881.000000, Deposit 647.000000 
User 1, Acc 4 Balance 1528.000000, Transfer 1200.000000 to Acc 7
User 0, Acc 7 Balance 6481.000000, Transfer 631.000000 to Acc 3
User 0, Acc 6 Balance 3450.000000, Deposit 641.000000 
User 0, Acc 6 Balance 4091.000000, Transfer 641.000000 to Acc 4
User 0, Acc 5 Balance 58.000000, Deposit 643.000000 
User 0, Acc 4 Balance 969.000000, Deposit 647.000000 
User 0, Acc 4 Balance 1616.000000, Transfer 1200.000000 to Acc 7
User 0, Acc 3 Balance 1482.000000, Deposit 653.000000 
User 0, Acc 3 Balance 2135.000000, Transfer 1200.000000 to Acc 8
User 0, Acc 2 Balance 1428.000000, Deposit 659.000000 
User 0, Acc 2 Balance 2087.000000, Transfer 1200.000000 to Acc 9
User 0, Acc 1 Balance 1973.000000, Deposit 661.000000 
User 0, Acc 1 Balance 2634.000000, Transfer 1200.000000 to Acc 9
User 0, Acc 0 Balance 765.000000, Deposit 673.000000 
User 0, Acc 0 Balance 1438.000000, Transfer 1200.000000 to Acc 9
User 0, Acc 1 Balance 1434.000000, Withdraw 50.000000 
User 0, Acc 2 Balance 887.000000, Withdraw 50.000000 
User 0, Acc 3 Balance 935.000000, Withdraw 50.000000 
User 0, Acc 4 Balance 416.000000, Withdraw 50.000000 
User 0, Acc 5 Balance 701.000000, Withdraw 50.000000 
User 0, Acc 6 Balance 3450.000000, Withdraw 50.000000 
User 0, Acc 7 Balance 8200.000000, Withdraw 50.000000 
User 0, Acc 8 Balance 7000.000000, Withdraw 50.000000 
User 0, Acc 9 Balance 17251.000000, Withdraw 50.000000 
User 0, Acc 0 Balance 238.000000, Withdraw 50.000000 
User 1, Acc 3 Balance 851.000000, Deposit 653.000000 
User 1, Acc 3 Balance 1538.000000, Transfer 1200.000000 to Acc 8
User 1, Acc 2 Balance 837.000000, Deposit 659.000000 
User 1, Acc 2 Balance 1496.000000, Transfer 1200.000000 to Acc 9
User 1, Acc 1 Balance 1384.000000, Deposit 661.000000 
User 1, Acc 1 Balance 2045.000000, Transfer 1200.000000 to Acc 9
User 1, Acc 0 Balance 188.000000, Deposit 673.000000 
User 1, Acc 1 Balance 845.000000, Withdraw 50.000000 
User 1, Acc 2 Balance 296.000000, Withdraw 50.000000 
User 1, Acc 3 Balance 338.000000, Withdraw 50.000000 
User 1, Acc 4 Balance 366.000000, Withdraw 50.000000 
User 1, Acc 5 Balance 651.000000, Withdraw 50.000000 
User 1, Acc 6 Balance 3400.000000, Withdraw 50.000000 
User 1, Acc 7 Balance 8150.000000, Withdraw 50.000000 
User 1, Acc 8 Balance 8150.000000, Withdraw 50.000000 
User 1, Acc 9 Balance 19601.000000, Withdraw 50.000000 
User 1, Acc 0 Balance 861.000000, Withdraw 50.000000 
User 2, Acc 9 Balance 13651.000000, Deposit 617.000000 
User 2, Acc 9 Balance 20168.000000, Transfer 617.000000 to Acc 1
User 0, Acc 9 Balance 17201.000000, Deposit 617.000000 
User 0, Acc 9 Balance 20168.000000, Transfer 617.000000 to Acc 1
User 0, Acc 8 Balance 8100.000000, Deposit 619.000000 
User 0, Acc 8 Balance 8719.000000, Transfer 619.000000 to Acc 2
User 0, Acc 7 Balance 8100.000000, Deposit 631.000000 
User 0, Acc 7 Balance 8731.000000, Transfer 631.000000 to Acc 3
User 0, Acc 6 Balance 3350.000000, Deposit 641.000000 
User 0, Acc 6 Balance 3991.000000, Transfer 641.000000 to Acc 4
User 0, Acc 5 Balance 601.000000, Deposit 643.000000 
User 0, Acc 5 Balance 1244.000000, Transfer 1200.000000 to Acc 6
User 0, Acc 4 Balance 957.000000, Deposit 647.000000 
User 0, Acc 4 Balance 1604.000000, Transfer 1200.000000 to Acc 7
User 0, Acc 3 Balance 919.000000, Deposit 653.000000 
User 0, Acc 3 Balance 1572.000000, Transfer 1200.000000 to Acc 8
User 0, Acc 2 Balance 865.000000, Deposit 659.000000 
User 0, Acc 2 Balance 1524.000000, Transfer 1200.000000 to Acc 9
User 2, Acc 8 Balance 8100.000000, Deposit 619.000000 
User 2, Acc 8 Balance 9919.000000, Transfer 619.000000 to Acc 2
User 0, Acc 1 Balance 2029.000000, Deposit 661.000000 
User 0, Acc 1 Balance 2690.000000, Transfer 1200.000000 to Acc 9
User 0, Acc 0 Balance 811.000000, Deposit 673.000000 
User 0, Acc 0 Balance 1484.000000, Transfer 1200.000000 to Acc 9
User 2, Acc 7 Balance 9300.000000, Deposit 631.000000 
User 2, Acc 7 Balance 9931.000000, Transfer 631.000000 to Acc 3
User 2, Acc 6 Balance 4550.000000, Deposit 641.000000 
User 2, Acc 6 Balance 5191.000000, Transfer 641.000000 to Acc 4
User 2, Acc 5 Balance 44.000000, Deposit 643.000000 
User 2, Acc 4 Balance 1045.000000, Deposit 647.000000 
User 2, Acc 4 Balance 1692.000000, Transfer 1200.000000 to Acc 7
User 2, Acc 3 Balance 1003.000000, Deposit 653.000000 
User 2, Acc 3 Balance 1656.000000, Transfer 1200.000000 to Acc 8
User 2, Acc 2 Balance 943.000000, Deposit 659.000000 
User 2, Acc 2 Balance 1602.000000, Transfer 1200.000000 to Acc 9
User 2, Acc 1 Balance 1490.000000, Deposit 661.000000 
User 2, Acc 1 Balance 2151.000000, Transfer 1200.000000 to Acc 9
User 2, Acc 0 Balance 284.000000, Deposit 673.000000 
  ***     End of transaction batch    ***  
Account 0 balance after completion of transaction batch: 957.000000
Account 1 balance after completion of transaction batch: 951.000000
Account 2 balance after completion of transaction batch: 402.000000
Account 3 balance after completion of transaction batch: 456.000000
Account 4 balance after completion of transaction batch: 492.000000
Account 5 balance after completion of transaction batch: 687.000000
Account 6 balance after completion of transaction batch: 4550.000000
Account 7 balance after completion of transaction batch: 10500.000000
Account 8 balance after completion of transaction batch: 10500.000000
Account 9 balance after completion of transaction batch: 25551.000000
