# Output generated by:
# ./my_executable 3 data/transactions7.txt data/transactions11.txt data/transactions3.txt

********************************************
   Reading and parsing a transaction file   
********************************************
Parsed transaction: deposit 7 9929.000000 
Loaded deposit transaction
Parsed transaction: deposit 4 937.000000 
Loaded deposit transaction
Parsed transaction: deposit 5 941.000000 
Loaded deposit transaction
Parsed transaction: deposit 0 7.000000 
Loaded deposit transaction
Parsed transaction: deposit 3 29.000000 
Loaded deposit transaction
Parsed transaction: deposit 7 9.000000 
Loaded deposit transaction
Parsed transaction: deposit 9 129.000000 
Loaded deposit transaction
Parsed transaction: transfer 3 7 29.000000 
Loaded transfer transaction
Parsed transaction: transfer 7 6 31.000000 
Loaded transfer transaction
Parsed transaction: transfer 7 5 137.000000 
Loaded transfer transaction
Parsed transaction: transfer 7 4 3.000000 
Loaded transfer transaction
Parsed transaction: transfer 7 4 5.000000 
Loaded transfer transaction
Parsed transaction: withdraw 4 1167.000000 
Loaded withdrawal transaction
Parsed transaction: withdraw 5 1307.000000 
Loaded withdrawal transaction
Parsed transaction: transfer 1 8 89.000000 
Loaded transfer transaction
Parsed transaction: transfer 1 9 163.000000 
Loaded transfer transaction
Parsed transaction: withdraw 1 41.000000 
Loaded withdrawal transaction
Parsed transaction: withdraw 2 71.000000 
Loaded withdrawal transaction
Parsed transaction: withdraw 3 1127.000000 
Loaded withdrawal transaction
Parsed transaction: withdraw 6 647.000000 
Loaded withdrawal transaction
Parsed transaction: deposit 6 1953.000000 
Loaded deposit transaction
Parsed transaction: deposit 7 967.000000 
Loaded deposit transaction
Parsed transaction: transfer 1 7 19.000000 
Loaded transfer transaction
Parsed transaction: transfer 2 7 23.000000 
Loaded transfer transaction
Parsed transaction: transfer 6 5 1167.000000 
Loaded transfer transaction
Parsed transaction: transfer 4 5 53.000000 
Loaded transfer transaction
Parsed transaction: withdraw 7 1593.000000 
Loaded withdrawal transaction
Parsed transaction: withdraw 8 449.000000 
Loaded withdrawal transaction
Parsed transaction: withdraw 9 163.000000 
Loaded withdrawal transaction
********************************************
********************************************
   Reading and parsing a transaction file   
********************************************
Parsed transaction: deposit 9 617.000000 
Loaded deposit transaction
Parsed transaction: transfer 9 9 617.000000 
Loaded transfer transaction
Parsed transaction: deposit 8 619.000000 
Loaded deposit transaction
Parsed transaction: transfer 8 2 619.000000 
Loaded transfer transaction
Parsed transaction: deposit 7 631.000000 
Loaded deposit transaction
Parsed transaction: transfer 7 3 631.000000 
Loaded transfer transaction
Parsed transaction: deposit 6 641.000000 
Loaded deposit transaction
Parsed transaction: transfer 6 4 641.000000 
Loaded transfer transaction
Parsed transaction: deposit 5 643.000000 
Loaded deposit transaction
Parsed transaction: transfer 5 6 1200.000000 
Loaded transfer transaction
Parsed transaction: deposit 4 647.000000 
Loaded deposit transaction
Parsed transaction: transfer 4 7 1200.000000 
Loaded transfer transaction
Parsed transaction: deposit 3 653.000000 
Loaded deposit transaction
Parsed transaction: transfer 3 8 1200.000000 
Loaded transfer transaction
Parsed transaction: deposit 2 659.000000 
Loaded deposit transaction
Parsed transaction: transfer 2 9 1200.000000 
Loaded transfer transaction
Parsed transaction: deposit 1 661.000000 
Loaded deposit transaction
Parsed transaction: transfer 1 9 1200.000000 
Loaded transfer transaction
Parsed transaction: deposit 0 673.000000 
Loaded deposit transaction
Parsed transaction: transfer 0 9 1200.000000 
Loaded transfer transaction
Parsed transaction: withdraw 1 50.000000 
Loaded withdrawal transaction
Parsed transaction: withdraw 2 50.000000 
Loaded withdrawal transaction
Parsed transaction: withdraw 3 50.000000 
Loaded withdrawal transaction
Parsed transaction: withdraw 4 50.000000 
Loaded withdrawal transaction
Parsed transaction: withdraw 5 50.000000 
Loaded withdrawal transaction
Parsed transaction: withdraw 6 50.000000 
Loaded withdrawal transaction
Parsed transaction: withdraw 7 50.000000 
Loaded withdrawal transaction
Parsed transaction: withdraw 8 50.000000 
Loaded withdrawal transaction
Parsed transaction: withdraw 9 50.000000 
Loaded withdrawal transaction
Parsed transaction: withdraw 0 50.000000 
Loaded withdrawal transaction
********************************************
********************************************
   Reading and parsing a transaction file   
********************************************
Parsed transaction: deposit 0 400.000000 
Loaded deposit transaction
Parsed transaction: withdraw 0 200.000000 
Loaded withdrawal transaction
Parsed transaction: deposit 1 100.000000 
Loaded deposit transaction
Parsed transaction: deposit 2 900.000000 
Loaded deposit transaction
Parsed transaction: withdraw 1 50.000000 
Loaded withdrawal transaction
Parsed transaction: withdraw 2 150.000000 
Loaded withdrawal transaction
Parsed transaction: deposit 3 500.000000 
Loaded deposit transaction
Parsed transaction: transfer 2 1 300.000000 
Loaded transfer transaction
Parsed transaction: transfer 3 1 300.000000 
Loaded transfer transaction
Parsed transaction: deposit 0 400.000000 
Loaded deposit transaction
Parsed transaction: withdraw 3 200.000000 
Loaded withdrawal transaction
Parsed transaction: balance 1 
Loaded balance transaction
********************************************
  ***    Start of transaction batch    ***  
User 0, Acc 7 Balance 0.000000, Deposit 9929.000000 
User 0, Acc 4 Balance 0.000000, Deposit 937.000000 
User 0, Acc 5 Balance 0.000000, Deposit 941.000000 
User 0, Acc 0 Balance 0.000000, Deposit 7.000000 
User 0, Acc 3 Balance 0.000000, Deposit 29.000000 
User 0, Acc 7 Balance 9929.000000, Deposit 9.000000 
User 0, Acc 9 Balance 0.000000, Deposit 129.000000 
User 0, Acc 3 Balance 29.000000, Transfer 29.000000 to Acc 7
User 0, Acc 7 Balance 9967.000000, Transfer 31.000000 to Acc 6
User 0, Acc 7 Balance 9936.000000, Transfer 137.000000 to Acc 5
User 0, Acc 7 Balance 9799.000000, Transfer 3.000000 to Acc 4
User 0, Acc 7 Balance 9796.000000, Transfer 5.000000 to Acc 4
[22;32mUser 0, Acc 4 Balance 945.000000, 				Withdraw 1167.000000 --insufficient funds[0m
[22;32mUser 0, Acc 5 Balance 1078.000000, 				Withdraw 1307.000000 --insufficient funds[0m
[22;32mUser 0, Acc 1 Balance 0.000000, 				Withdraw 41.000000 --insufficient funds[0m
[22;32mUser 0, Acc 2 Balance 0.000000, 				Withdraw 71.000000 --insufficient funds[0m
[22;32mUser 0, Acc 3 Balance 0.000000, 				Withdraw 1127.000000 --insufficient funds[0m
[22;32mUser 0, Acc 6 Balance 31.000000, 				Withdraw 647.000000 --insufficient funds[0m
User 0, Acc 6 Balance 31.000000, Deposit 1953.000000 
User 0, Acc 7 Balance 9791.000000, Deposit 967.000000 
User 0, Acc 6 Balance 1984.000000, Transfer 1167.000000 to Acc 5
User 0, Acc 4 Balance 945.000000, Transfer 53.000000 to Acc 5
User 0, Acc 7 Balance 10758.000000, Withdraw 1593.000000 
User 2, Acc 9 Balance 129.000000, Deposit 617.000000 
User 2, Acc 9 Balance 746.000000, Transfer 617.000000 to Acc 9
User 2, Acc 8 Balance 0.000000, Deposit 619.000000 
User 2, Acc 8 Balance 619.000000, Transfer 619.000000 to Acc 2
User 2, Acc 7 Balance 9165.000000, Deposit 631.000000 
User 2, Acc 7 Balance 9796.000000, Transfer 631.000000 to Acc 3
User 2, Acc 6 Balance 817.000000, Deposit 641.000000 
User 2, Acc 6 Balance 1458.000000, Transfer 641.000000 to Acc 4
User 2, Acc 5 Balance 2298.000000, Deposit 643.000000 
[22;32mUser 0, Acc 8 Balance 0.000000, 				Withdraw 449.000000 --insufficient funds[0m
User 2, Acc 5 Balance 2941.000000, Transfer 1200.000000 to Acc 6
User 2, Acc 4 Balance 1533.000000, Deposit 647.000000 
User 2, Acc 4 Balance 2180.000000, Transfer 1200.000000 to Acc 7
User 2, Acc 3 Balance 631.000000, Deposit 653.000000 
User 2, Acc 3 Balance 1284.000000, Transfer 1200.000000 to Acc 8
User 2, Acc 2 Balance 619.000000, Deposit 659.000000 
User 2, Acc 2 Balance 1278.000000, Transfer 1200.000000 to Acc 9
User 2, Acc 1 Balance 0.000000, Deposit 661.000000 
User 2, Acc 0 Balance 7.000000, Deposit 673.000000 
User 2, Acc 1 Balance 661.000000, Withdraw 50.000000 
User 2, Acc 2 Balance 78.000000, Withdraw 50.000000 
User 2, Acc 3 Balance 84.000000, Withdraw 50.000000 
User 2, Acc 4 Balance 980.000000, Withdraw 50.000000 
User 2, Acc 5 Balance 1741.000000, Withdraw 50.000000 
User 2, Acc 6 Balance 2017.000000, Withdraw 50.000000 
User 2, Acc 7 Balance 10365.000000, Withdraw 50.000000 
User 2, Acc 8 Balance 1200.000000, Withdraw 50.000000 
User 2, Acc 9 Balance 1946.000000, Withdraw 50.000000 
User 2, Acc 0 Balance 680.000000, Withdraw 50.000000 
User 2, Acc 7 Balance 10315.000000, Deposit 9929.000000 
User 2, Acc 4 Balance 930.000000, Deposit 937.000000 
User 2, Acc 5 Balance 1691.000000, Deposit 941.000000 
User 2, Acc 0 Balance 630.000000, Deposit 7.000000 
User 1, Acc 0 Balance 7.000000, Deposit 400.000000 
User 1, Acc 0 Balance 1037.000000, Withdraw 200.000000 
User 1, Acc 1 Balance 611.000000, Deposit 100.000000 
User 1, Acc 2 Balance 28.000000, Deposit 900.000000 
User 1, Acc 1 Balance 711.000000, Withdraw 50.000000 
User 1, Acc 2 Balance 928.000000, Withdraw 150.000000 
User 1, Acc 3 Balance 34.000000, Deposit 500.000000 
User 1, Acc 2 Balance 778.000000, Transfer 300.000000 to Acc 1
User 1, Acc 3 Balance 534.000000, Transfer 300.000000 to Acc 1
User 1, Acc 0 Balance 837.000000, Deposit 400.000000 
User 1, Acc 3 Balance 234.000000, Withdraw 200.000000 
Balance in 1: 1261.000000
User 1, Acc 9 Balance 1896.000000, Deposit 617.000000 
User 1, Acc 9 Balance 2513.000000, Transfer 617.000000 to Acc 9
User 1, Acc 8 Balance 1150.000000, Deposit 619.000000 
User 1, Acc 8 Balance 1769.000000, Transfer 619.000000 to Acc 2
User 1, Acc 7 Balance 20244.000000, Deposit 631.000000 
User 1, Acc 7 Balance 20875.000000, Transfer 631.000000 to Acc 3
User 1, Acc 6 Balance 1967.000000, Deposit 641.000000 
User 2, Acc 3 Balance 34.000000, Deposit 29.000000 
User 0, Acc 9 Balance 746.000000, Withdraw 163.000000 
User 0, Acc 0 Balance 1237.000000, Deposit 400.000000 
User 0, Acc 0 Balance 1637.000000, Withdraw 200.000000 
User 0, Acc 1 Balance 1261.000000, Deposit 100.000000 
User 2, Acc 7 Balance 20244.000000, Deposit 9.000000 
User 1, Acc 6 Balance 2608.000000, Transfer 641.000000 to Acc 4
User 2, Acc 9 Balance 2350.000000, Deposit 129.000000 
User 2, Acc 3 Balance 694.000000, Transfer 29.000000 to Acc 7
User 2, Acc 7 Balance 20282.000000, Transfer 31.000000 to Acc 6
User 2, Acc 7 Balance 20251.000000, Transfer 137.000000 to Acc 5
User 2, Acc 7 Balance 20114.000000, Transfer 3.000000 to Acc 4
User 2, Acc 7 Balance 20111.000000, Transfer 5.000000 to Acc 4
User 2, Acc 4 Balance 2516.000000, Withdraw 1167.000000 
User 2, Acc 5 Balance 2769.000000, Withdraw 1307.000000 
User 2, Acc 1 Balance 1361.000000, Transfer 89.000000 to Acc 8
User 2, Acc 1 Balance 1272.000000, Transfer 163.000000 to Acc 9
User 1, Acc 5 Balance 2632.000000, Deposit 643.000000 
User 0, Acc 2 Balance 1097.000000, Deposit 900.000000 
User 1, Acc 5 Balance 2105.000000, Transfer 1200.000000 to Acc 6
User 2, Acc 1 Balance 1109.000000, Withdraw 41.000000 
User 1, Acc 4 Balance 1349.000000, Deposit 647.000000 
User 0, Acc 1 Balance 1109.000000, Withdraw 50.000000 
User 0, Acc 2 Balance 1997.000000, Withdraw 150.000000 
User 2, Acc 2 Balance 1997.000000, Withdraw 71.000000 
User 1, Acc 4 Balance 1996.000000, Transfer 1200.000000 to Acc 7
[22;32mUser 2, Acc 3 Balance 665.000000, 				Withdraw 1127.000000 --insufficient funds[0m
User 0, Acc 3 Balance 665.000000, Deposit 500.000000 
User 0, Acc 2 Balance 1776.000000, Transfer 300.000000 to Acc 1
User 0, Acc 3 Balance 1165.000000, Transfer 300.000000 to Acc 1
User 1, Acc 3 Balance 665.000000, Deposit 653.000000 
User 2, Acc 6 Balance 3198.000000, Withdraw 647.000000 
User 0, Acc 0 Balance 1437.000000, Deposit 400.000000 
User 2, Acc 6 Balance 2551.000000, Deposit 1953.000000 
User 1, Acc 3 Balance 1518.000000, Transfer 1200.000000 to Acc 8
User 0, Acc 3 Balance 1518.000000, Withdraw 200.000000 
User 2, Acc 7 Balance 21306.000000, Deposit 967.000000 
User 2, Acc 1 Balance 1618.000000, Transfer 19.000000 to Acc 7
Balance in 1: 1618.000000
User 2, Acc 2 Balance 1476.000000, Transfer 23.000000 to Acc 7
User 0, Acc 7 Balance 22292.000000, Deposit 9929.000000 
User 0, Acc 4 Balance 796.000000, Deposit 937.000000 
User 0, Acc 5 Balance 905.000000, Deposit 941.000000 
User 0, Acc 0 Balance 1837.000000, Deposit 7.000000 
User 0, Acc 3 Balance 118.000000, Deposit 29.000000 
User 0, Acc 7 Balance 32244.000000, Deposit 9.000000 
User 0, Acc 9 Balance 2642.000000, Deposit 129.000000 
User 0, Acc 3 Balance 147.000000, Transfer 29.000000 to Acc 7
User 2, Acc 6 Balance 4504.000000, Transfer 1167.000000 to Acc 5
User 2, Acc 4 Balance 1733.000000, Transfer 53.000000 to Acc 5
User 2, Acc 7 Balance 32282.000000, Withdraw 1593.000000 
User 2, Acc 8 Balance 2439.000000, Withdraw 449.000000 
User 2, Acc 9 Balance 2771.000000, Withdraw 163.000000 
User 2, Acc 9 Balance 2608.000000, Deposit 617.000000 
User 2, Acc 9 Balance 3225.000000, Transfer 617.000000 to Acc 9
User 2, Acc 8 Balance 1990.000000, Deposit 619.000000 
User 2, Acc 8 Balance 2609.000000, Transfer 619.000000 to Acc 2
User 2, Acc 7 Balance 30689.000000, Deposit 631.000000 
User 2, Acc 7 Balance 31320.000000, Transfer 631.000000 to Acc 3
User 2, Acc 6 Balance 3337.000000, Deposit 641.000000 
User 2, Acc 6 Balance 3978.000000, Transfer 641.000000 to Acc 4
User 2, Acc 5 Balance 3066.000000, Deposit 643.000000 
User 2, Acc 5 Balance 3709.000000, Transfer 1200.000000 to Acc 6
User 2, Acc 4 Balance 2321.000000, Deposit 647.000000 
User 2, Acc 4 Balance 2968.000000, Transfer 1200.000000 to Acc 7
User 2, Acc 3 Balance 749.000000, Deposit 653.000000 
User 2, Acc 3 Balance 1402.000000, Transfer 1200.000000 to Acc 8
User 2, Acc 2 Balance 2072.000000, Deposit 659.000000 
User 2, Acc 2 Balance 2731.000000, Transfer 1200.000000 to Acc 9
User 2, Acc 1 Balance 1599.000000, Deposit 661.000000 
User 2, Acc 1 Balance 2260.000000, Transfer 1200.000000 to Acc 9
User 2, Acc 0 Balance 1844.000000, Deposit 673.000000 
User 2, Acc 0 Balance 2517.000000, Transfer 1200.000000 to Acc 9
User 2, Acc 1 Balance 1060.000000, Withdraw 50.000000 
User 2, Acc 2 Balance 1531.000000, Withdraw 50.000000 
User 2, Acc 3 Balance 202.000000, Withdraw 50.000000 
User 2, Acc 4 Balance 1768.000000, Withdraw 50.000000 
User 2, Acc 5 Balance 2509.000000, Withdraw 50.000000 
User 2, Acc 6 Balance 4537.000000, Withdraw 50.000000 
User 2, Acc 7 Balance 31889.000000, Withdraw 50.000000 
User 2, Acc 8 Balance 3190.000000, Withdraw 50.000000 
User 2, Acc 9 Balance 6825.000000, Withdraw 50.000000 
User 2, Acc 0 Balance 1317.000000, Withdraw 50.000000 
User 2, Acc 0 Balance 1267.000000, Deposit 400.000000 
User 2, Acc 0 Balance 1667.000000, Withdraw 200.000000 
User 2, Acc 1 Balance 1010.000000, Deposit 100.000000 
User 2, Acc 2 Balance 1481.000000, Deposit 900.000000 
User 2, Acc 1 Balance 1110.000000, Withdraw 50.000000 
User 2, Acc 2 Balance 2381.000000, Withdraw 150.000000 
User 2, Acc 3 Balance 152.000000, Deposit 500.000000 
User 2, Acc 2 Balance 2231.000000, Transfer 300.000000 to Acc 1
User 2, Acc 3 Balance 652.000000, Transfer 300.000000 to Acc 1
User 2, Acc 0 Balance 1467.000000, Deposit 400.000000 
User 2, Acc 3 Balance 352.000000, Withdraw 200.000000 
Balance in 1: 1660.000000
User 1, Acc 2 Balance 1476.000000, Deposit 659.000000 
User 1, Acc 2 Balance 2590.000000, Transfer 1200.000000 to Acc 9
User 0, Acc 7 Balance 32282.000000, Transfer 31.000000 to Acc 6
User 0, Acc 7 Balance 31808.000000, Transfer 137.000000 to Acc 5
User 0, Acc 7 Balance 31671.000000, Transfer 3.000000 to Acc 4
User 0, Acc 7 Balance 31668.000000, Transfer 5.000000 to Acc 4
User 0, Acc 4 Balance 1726.000000, Withdraw 1167.000000 
User 0, Acc 5 Balance 2596.000000, Withdraw 1307.000000 
User 0, Acc 1 Balance 1660.000000, Transfer 89.000000 to Acc 8
User 1, Acc 1 Balance 1660.000000, Deposit 661.000000 
User 1, Acc 1 Balance 2232.000000, Transfer 1200.000000 to Acc 9
User 1, Acc 0 Balance 1867.000000, Deposit 673.000000 
User 1, Acc 0 Balance 2540.000000, Transfer 1200.000000 to Acc 9
User 1, Acc 1 Balance 1032.000000, Withdraw 50.000000 
User 1, Acc 2 Balance 1390.000000, Withdraw 50.000000 
User 1, Acc 3 Balance 152.000000, Withdraw 50.000000 
User 1, Acc 4 Balance 559.000000, Withdraw 50.000000 
User 1, Acc 5 Balance 1289.000000, Withdraw 50.000000 
User 0, Acc 1 Balance 1571.000000, Transfer 163.000000 to Acc 9
User 0, Acc 1 Balance 819.000000, Withdraw 41.000000 
User 0, Acc 2 Balance 1340.000000, Withdraw 71.000000 
[22;32mUser 0, Acc 3 Balance 102.000000, 				Withdraw 1127.000000 --insufficient funds[0m
User 0, Acc 6 Balance 4518.000000, Withdraw 647.000000 
User 0, Acc 6 Balance 3871.000000, Deposit 1953.000000 
User 0, Acc 7 Balance 31663.000000, Deposit 967.000000 
User 0, Acc 1 Balance 778.000000, Transfer 19.000000 to Acc 7
User 0, Acc 2 Balance 1269.000000, Transfer 23.000000 to Acc 7
User 0, Acc 6 Balance 5824.000000, Transfer 1167.000000 to Acc 5
User 0, Acc 4 Balance 509.000000, Transfer 53.000000 to Acc 5
User 0, Acc 7 Balance 32672.000000, Withdraw 1593.000000 
User 0, Acc 8 Balance 3229.000000, Withdraw 449.000000 
User 0, Acc 9 Balance 10538.000000, Withdraw 163.000000 
User 1, Acc 6 Balance 4518.000000, Withdraw 50.000000 
User 1, Acc 7 Balance 31079.000000, Withdraw 50.000000 
User 1, Acc 8 Balance 2780.000000, Withdraw 50.000000 
User 1, Acc 9 Balance 10375.000000, Withdraw 50.000000 
User 1, Acc 0 Balance 1340.000000, Withdraw 50.000000 
  ***     End of transaction batch    ***  
Account 0 balance after completion of transaction batch: 1290.000000
Account 1 balance after completion of transaction batch: 759.000000
Account 2 balance after completion of transaction batch: 1246.000000
Account 3 balance after completion of transaction batch: 102.000000
Account 4 balance after completion of transaction batch: 456.000000
Account 5 balance after completion of transaction batch: 2459.000000
Account 6 balance after completion of transaction batch: 4607.000000
Account 7 balance after completion of transaction batch: 31029.000000
Account 8 balance after completion of transaction batch: 2730.000000
Account 9 balance after completion of transaction batch: 10325.000000
