# Output generated by:
# ./my_executable 3 data/transactions3.txt data/transactions8.txt data/transactions10.txt

********************************************
   Reading and parsing a transaction file   
********************************************
Parsed transaction: deposit 0 400.000000 
Loaded deposit transaction
Parsed transaction: withdraw 0 200.000000 
Loaded withdrawal transaction
Parsed transaction: deposit 1 100.000000 
Loaded deposit transaction
Parsed transaction: deposit 2 900.000000 
Loaded deposit transaction
Parsed transaction: withdraw 1 50.000000 
Loaded withdrawal transaction
Parsed transaction: withdraw 2 150.000000 
Loaded withdrawal transaction
Parsed transaction: deposit 3 500.000000 
Loaded deposit transaction
Parsed transaction: transfer 2 1 300.000000 
Loaded transfer transaction
Parsed transaction: transfer 3 1 300.000000 
Loaded transfer transaction
Parsed transaction: deposit 0 400.000000 
Loaded deposit transaction
Parsed transaction: withdraw 3 200.000000 
Loaded withdrawal transaction
Parsed transaction: balance 1 
Loaded balance transaction
********************************************
********************************************
   Reading and parsing a transaction file   
********************************************
Parsed transaction: deposit 9 617.000000 
Loaded deposit transaction
Parsed transaction: transfer 9 1 617.000000 
Loaded transfer transaction
Parsed transaction: deposit 8 619.000000 
Loaded deposit transaction
Parsed transaction: transfer 8 2 619.000000 
Loaded transfer transaction
Parsed transaction: deposit 7 631.000000 
Loaded deposit transaction
Parsed transaction: transfer 7 3 631.000000 
Loaded transfer transaction
Parsed transaction: deposit 6 641.000000 
Loaded deposit transaction
Parsed transaction: transfer 6 4 641.000000 
Loaded transfer transaction
Parsed transaction: deposit 5 643.000000 
Loaded deposit transaction
Parsed transaction: transfer 5 6 1200.000000 
Loaded transfer transaction
Parsed transaction: deposit 4 647.000000 
Loaded deposit transaction
Parsed transaction: transfer 4 7 1200.000000 
Loaded transfer transaction
Parsed transaction: deposit 3 653.000000 
Loaded deposit transaction
Parsed transaction: transfer 3 8 1200.000000 
Loaded transfer transaction
Parsed transaction: deposit 2 659.000000 
Loaded deposit transaction
Parsed transaction: transfer 2 9 1200.000000 
Loaded transfer transaction
Parsed transaction: deposit 1 661.000000 
Loaded deposit transaction
Parsed transaction: transfer 1 9 1200.000000 
Loaded transfer transaction
Parsed transaction: deposit 0 673.000000 
Loaded deposit transaction
Parsed transaction: transfer 0 9 1200.000000 
Loaded transfer transaction
********************************************
********************************************
   Reading and parsing a transaction file   
********************************************
Parsed transaction: withdraw 1 500.000000 
Loaded withdrawal transaction
Parsed transaction: withdraw 2 500.000000 
Loaded withdrawal transaction
Parsed transaction: withdraw 3 500.000000 
Loaded withdrawal transaction
Parsed transaction: withdraw 4 500.000000 
Loaded withdrawal transaction
Parsed transaction: withdraw 5 500.000000 
Loaded withdrawal transaction
Parsed transaction: withdraw 6 500.000000 
Loaded withdrawal transaction
Parsed transaction: withdraw 7 500.000000 
Loaded withdrawal transaction
Parsed transaction: withdraw 8 500.000000 
Loaded withdrawal transaction
Parsed transaction: withdraw 9 500.000000 
Loaded withdrawal transaction
Parsed transaction: withdraw 0 500.000000 
Loaded withdrawal transaction
Parsed transaction: withdraw 1 500.000000 
Loaded withdrawal transaction
Parsed transaction: withdraw 2 500.000000 
Loaded withdrawal transaction
Parsed transaction: withdraw 3 500.000000 
Loaded withdrawal transaction
Parsed transaction: withdraw 4 500.000000 
Loaded withdrawal transaction
Parsed transaction: withdraw 5 500.000000 
Loaded withdrawal transaction
Parsed transaction: withdraw 6 500.000000 
Loaded withdrawal transaction
Parsed transaction: withdraw 7 500.000000 
Loaded withdrawal transaction
Parsed transaction: withdraw 8 500.000000 
Loaded withdrawal transaction
Parsed transaction: withdraw 9 500.000000 
Loaded withdrawal transaction
Parsed transaction: withdraw 0 500.000000 
Loaded withdrawal transaction
Parsed transaction: withdraw 1 500.000000 
Loaded withdrawal transaction
Parsed transaction: withdraw 2 500.000000 
Loaded withdrawal transaction
Parsed transaction: withdraw 3 500.000000 
Loaded withdrawal transaction
Parsed transaction: withdraw 4 500.000000 
Loaded withdrawal transaction
Parsed transaction: withdraw 5 500.000000 
Loaded withdrawal transaction
Parsed transaction: withdraw 6 500.000000 
Loaded withdrawal transaction
Parsed transaction: withdraw 7 500.000000 
Loaded withdrawal transaction
Parsed transaction: withdraw 8 500.000000 
Loaded withdrawal transaction
Parsed transaction: withdraw 9 500.000000 
Loaded withdrawal transaction
Parsed transaction: withdraw 0 500.000000 
Loaded withdrawal transaction
********************************************
  ***    Start of transaction batch    ***  
User 0, Acc 0 Balance 0.000000, Deposit 400.000000 
User 0, Acc 0 Balance 400.000000, Withdraw 200.000000 
User 0, Acc 1 Balance 0.000000, Deposit 100.000000 
User 0, Acc 2 Balance 0.000000, Deposit 900.000000 
User 0, Acc 1 Balance 100.000000, Withdraw 50.000000 
User 0, Acc 2 Balance 900.000000, Withdraw 150.000000 
User 0, Acc 3 Balance 0.000000, Deposit 500.000000 
User 0, Acc 2 Balance 750.000000, Transfer 300.000000 to Acc 1
User 0, Acc 3 Balance 500.000000, Transfer 300.000000 to Acc 1
User 0, Acc 0 Balance 200.000000, Deposit 400.000000 
User 0, Acc 3 Balance 200.000000, Withdraw 200.000000 
Balance in 1: 650.000000
User 0, Acc 9 Balance 0.000000, Deposit 617.000000 
User 0, Acc 9 Balance 617.000000, Transfer 617.000000 to Acc 1
User 0, Acc 8 Balance 0.000000, Deposit 619.000000 
User 0, Acc 8 Balance 619.000000, Transfer 619.000000 to Acc 2
User 0, Acc 7 Balance 0.000000, Deposit 631.000000 
User 0, Acc 7 Balance 631.000000, Transfer 631.000000 to Acc 3
User 0, Acc 6 Balance 0.000000, Deposit 641.000000 
User 0, Acc 6 Balance 641.000000, Transfer 641.000000 to Acc 4
User 0, Acc 5 Balance 0.000000, Deposit 643.000000 
User 0, Acc 4 Balance 641.000000, Deposit 647.000000 
User 2, Acc 0 Balance 600.000000, Deposit 400.000000 
User 1, Acc 1 Balance 1267.000000, Withdraw 500.000000 
User 0, Acc 4 Balance 1288.000000, Transfer 1200.000000 to Acc 7
User 2, Acc 0 Balance 1000.000000, Withdraw 200.000000 
User 1, Acc 2 Balance 1069.000000, Withdraw 500.000000 
User 1, Acc 3 Balance 631.000000, Withdraw 500.000000 
User 0, Acc 3 Balance 631.000000, Deposit 653.000000 
User 2, Acc 1 Balance 767.000000, Deposit 100.000000 
User 0, Acc 2 Balance 569.000000, Deposit 659.000000 
User 0, Acc 2 Balance 1228.000000, Transfer 1200.000000 to Acc 9
User 0, Acc 1 Balance 867.000000, Deposit 661.000000 
User 0, Acc 1 Balance 1528.000000, Transfer 1200.000000 to Acc 9
User 0, Acc 0 Balance 800.000000, Deposit 673.000000 
User 0, Acc 0 Balance 1473.000000, Transfer 1200.000000 to Acc 9
User 2, Acc 2 Balance 569.000000, Deposit 900.000000 
User 0, Acc 0 Balance 273.000000, Deposit 400.000000 
[22;32mUser 1, Acc 4 Balance 88.000000, 				Withdraw 500.000000 --insufficient funds[0m
User 2, Acc 1 Balance 328.000000, Withdraw 50.000000 
User 1, Acc 5 Balance 643.000000, Withdraw 500.000000 
User 0, Acc 0 Balance 673.000000, Withdraw 200.000000 
User 2, Acc 2 Balance 928.000000, Withdraw 150.000000 
User 0, Acc 1 Balance 278.000000, Deposit 100.000000 
User 0, Acc 2 Balance 778.000000, Deposit 900.000000 
User 0, Acc 1 Balance 378.000000, Withdraw 50.000000 
User 0, Acc 2 Balance 1678.000000, Withdraw 150.000000 
User 0, Acc 3 Balance 784.000000, Deposit 500.000000 
User 0, Acc 2 Balance 1528.000000, Transfer 300.000000 to Acc 1
User 0, Acc 3 Balance 1284.000000, Transfer 300.000000 to Acc 1
User 0, Acc 0 Balance 473.000000, Deposit 400.000000 
User 0, Acc 3 Balance 984.000000, Withdraw 200.000000 
Balance in 1: 928.000000
User 0, Acc 9 Balance 3600.000000, Deposit 617.000000 
User 0, Acc 9 Balance 4217.000000, Transfer 617.000000 to Acc 1
[22;32mUser 1, Acc 6 Balance 0.000000, 				Withdraw 500.000000 --insufficient funds[0m
User 1, Acc 7 Balance 1200.000000, Withdraw 500.000000 
[22;32mUser 1, Acc 8 Balance 0.000000, 				Withdraw 500.000000 --insufficient funds[0m
User 1, Acc 9 Balance 3600.000000, Withdraw 500.000000 
User 1, Acc 0 Balance 873.000000, Withdraw 500.000000 
User 1, Acc 1 Balance 1545.000000, Withdraw 500.000000 
User 1, Acc 2 Balance 1228.000000, Withdraw 500.000000 
User 1, Acc 3 Balance 784.000000, Withdraw 500.000000 
[22;32mUser 1, Acc 4 Balance 88.000000, 				Withdraw 500.000000 --insufficient funds[0m
[22;32mUser 1, Acc 5 Balance 143.000000, 				Withdraw 500.000000 --insufficient funds[0m
[22;32mUser 1, Acc 6 Balance 0.000000, 				Withdraw 500.000000 --insufficient funds[0m
User 1, Acc 7 Balance 700.000000, Withdraw 500.000000 
[22;32mUser 1, Acc 8 Balance 0.000000, 				Withdraw 500.000000 --insufficient funds[0m
User 1, Acc 9 Balance 3100.000000, Withdraw 500.000000 
[22;32mUser 1, Acc 0 Balance 373.000000, 				Withdraw 500.000000 --insufficient funds[0m
User 1, Acc 1 Balance 1045.000000, Withdraw 500.000000 
User 1, Acc 2 Balance 728.000000, Withdraw 500.000000 
[22;32mUser 1, Acc 3 Balance 284.000000, 				Withdraw 500.000000 --insufficient funds[0m
[22;32mUser 1, Acc 4 Balance 88.000000, 				Withdraw 500.000000 --insufficient funds[0m
[22;32mUser 1, Acc 5 Balance 143.000000, 				Withdraw 500.000000 --insufficient funds[0m
[22;32mUser 1, Acc 6 Balance 0.000000, 				Withdraw 500.000000 --insufficient funds[0m
[22;32mUser 1, Acc 7 Balance 200.000000, 				Withdraw 500.000000 --insufficient funds[0m
User 0, Acc 8 Balance 0.000000, Deposit 619.000000 
[22;32mUser 1, Acc 8 Balance 0.000000, 				Withdraw 500.000000 --insufficient funds[0m
User 2, Acc 3 Balance 784.000000, Deposit 500.000000 
User 0, Acc 8 Balance 619.000000, Transfer 619.000000 to Acc 2
User 1, Acc 9 Balance 2600.000000, Withdraw 500.000000 
User 2, Acc 3 Balance 784.000000, Transfer 300.000000 to Acc 1
User 0, Acc 7 Balance 200.000000, Deposit 631.000000 
User 0, Acc 7 Balance 831.000000, Transfer 631.000000 to Acc 3
[22;32mUser 1, Acc 0 Balance 373.000000, 				Withdraw 500.000000 --insufficient funds[0m
User 2, Acc 0 Balance 373.000000, Deposit 400.000000 
User 0, Acc 6 Balance 0.000000, Deposit 641.000000 
User 0, Acc 6 Balance 641.000000, Transfer 641.000000 to Acc 4
User 2, Acc 3 Balance 1115.000000, Withdraw 200.000000 
User 1, Acc 1 Balance 845.000000, Withdraw 500.000000 
User 0, Acc 5 Balance 143.000000, Deposit 643.000000 
User 0, Acc 4 Balance 729.000000, Deposit 647.000000 
User 1, Acc 2 Balance 847.000000, Withdraw 500.000000 
Balance in 1: 845.000000
User 0, Acc 4 Balance 1376.000000, Transfer 1200.000000 to Acc 7
User 1, Acc 3 Balance 915.000000, Withdraw 500.000000 
[22;32mUser 1, Acc 4 Balance 176.000000, 				Withdraw 500.000000 --insufficient funds[0m
User 1, Acc 5 Balance 786.000000, Withdraw 500.000000 
[22;32mUser 1, Acc 6 Balance 0.000000, 				Withdraw 500.000000 --insufficient funds[0m
User 1, Acc 7 Balance 1400.000000, Withdraw 500.000000 
User 2, Acc 9 Balance 2100.000000, Deposit 617.000000 
User 0, Acc 3 Balance 915.000000, Deposit 653.000000 
User 2, Acc 9 Balance 2717.000000, Transfer 617.000000 to Acc 1
User 2, Acc 8 Balance 0.000000, Deposit 619.000000 
User 2, Acc 8 Balance 619.000000, Transfer 619.000000 to Acc 2
User 2, Acc 7 Balance 900.000000, Deposit 631.000000 
User 2, Acc 7 Balance 1531.000000, Transfer 631.000000 to Acc 3
User 2, Acc 6 Balance 0.000000, Deposit 641.000000 
User 2, Acc 6 Balance 641.000000, Transfer 641.000000 to Acc 4
User 2, Acc 5 Balance 286.000000, Deposit 643.000000 
User 2, Acc 4 Balance 817.000000, Deposit 647.000000 
User 2, Acc 4 Balance 1464.000000, Transfer 1200.000000 to Acc 7
User 2, Acc 3 Balance 1699.000000, Deposit 653.000000 
User 2, Acc 3 Balance 2352.000000, Transfer 1200.000000 to Acc 8
User 2, Acc 2 Balance 966.000000, Deposit 659.000000 
User 2, Acc 2 Balance 1625.000000, Transfer 1200.000000 to Acc 9
User 2, Acc 1 Balance 962.000000, Deposit 661.000000 
User 2, Acc 1 Balance 1623.000000, Transfer 1200.000000 to Acc 9
User 2, Acc 0 Balance 773.000000, Deposit 673.000000 
User 2, Acc 0 Balance 1446.000000, Transfer 1200.000000 to Acc 9
User 0, Acc 2 Balance 347.000000, Deposit 659.000000 
[22;32mUser 2, Acc 1 Balance 423.000000, 				Withdraw 500.000000 --insufficient funds[0m
[22;32mUser 1, Acc 8 Balance 0.000000, 				Withdraw 500.000000 --insufficient funds[0m
User 1, Acc 9 Balance 5700.000000, Withdraw 500.000000 
User 2, Acc 2 Balance 1084.000000, Withdraw 500.000000 
User 0, Acc 1 Balance 423.000000, Deposit 661.000000 
[22;32mUser 1, Acc 0 Balance 246.000000, 				Withdraw 500.000000 --insufficient funds[0m
User 0, Acc 0 Balance 246.000000, Deposit 673.000000 
User 2, Acc 3 Balance 1152.000000, Withdraw 500.000000 
[22;32mUser 2, Acc 4 Balance 264.000000, 				Withdraw 500.000000 --insufficient funds[0m
User 2, Acc 5 Balance 929.000000, Withdraw 500.000000 
[22;32mUser 2, Acc 6 Balance 0.000000, 				Withdraw 500.000000 --insufficient funds[0m
User 2, Acc 7 Balance 2100.000000, Withdraw 500.000000 
User 2, Acc 8 Balance 1200.000000, Withdraw 500.000000 
User 2, Acc 9 Balance 5200.000000, Withdraw 500.000000 
User 1, Acc 1 Balance 1084.000000, Withdraw 500.000000 
User 1, Acc 2 Balance 584.000000, Withdraw 500.000000 
User 1, Acc 3 Balance 652.000000, Withdraw 500.000000 
[22;32mUser 1, Acc 4 Balance 264.000000, 				Withdraw 500.000000 --insufficient funds[0m
[22;32mUser 1, Acc 5 Balance 429.000000, 				Withdraw 500.000000 --insufficient funds[0m
[22;32mUser 1, Acc 6 Balance 0.000000, 				Withdraw 500.000000 --insufficient funds[0m
User 1, Acc 7 Balance 1600.000000, Withdraw 500.000000 
User 1, Acc 8 Balance 700.000000, Withdraw 500.000000 
User 1, Acc 9 Balance 4700.000000, Withdraw 500.000000 
User 1, Acc 0 Balance 919.000000, Withdraw 500.000000 
User 1, Acc 1 Balance 584.000000, Withdraw 500.000000 
[22;32mUser 1, Acc 2 Balance 84.000000, 				Withdraw 500.000000 --insufficient funds[0m
[22;32mUser 1, Acc 3 Balance 152.000000, 				Withdraw 500.000000 --insufficient funds[0m
[22;32mUser 1, Acc 4 Balance 264.000000, 				Withdraw 500.000000 --insufficient funds[0m
[22;32mUser 1, Acc 5 Balance 429.000000, 				Withdraw 500.000000 --insufficient funds[0m
[22;32mUser 1, Acc 6 Balance 0.000000, 				Withdraw 500.000000 --insufficient funds[0m
User 1, Acc 7 Balance 1100.000000, Withdraw 500.000000 
[22;32mUser 1, Acc 8 Balance 200.000000, 				Withdraw 500.000000 --insufficient funds[0m
User 1, Acc 9 Balance 4200.000000, Withdraw 500.000000 
[22;32mUser 1, Acc 0 Balance 419.000000, 				Withdraw 500.000000 --insufficient funds[0m
User 2, Acc 0 Balance 919.000000, Withdraw 500.000000 
[22;32mUser 2, Acc 1 Balance 84.000000, 				Withdraw 500.000000 --insufficient funds[0m
[22;32mUser 2, Acc 2 Balance 84.000000, 				Withdraw 500.000000 --insufficient funds[0m
[22;32mUser 2, Acc 3 Balance 152.000000, 				Withdraw 500.000000 --insufficient funds[0m
[22;32mUser 2, Acc 4 Balance 264.000000, 				Withdraw 500.000000 --insufficient funds[0m
[22;32mUser 2, Acc 5 Balance 429.000000, 				Withdraw 500.000000 --insufficient funds[0m
[22;32mUser 2, Acc 6 Balance 0.000000, 				Withdraw 500.000000 --insufficient funds[0m
User 2, Acc 7 Balance 600.000000, Withdraw 500.000000 
[22;32mUser 2, Acc 8 Balance 200.000000, 				Withdraw 500.000000 --insufficient funds[0m
User 2, Acc 9 Balance 3700.000000, Withdraw 500.000000 
[22;32mUser 2, Acc 0 Balance -81.000000, 				Withdraw 500.000000 --insufficient funds[0m
[22;32mUser 2, Acc 1 Balance 84.000000, 				Withdraw 500.000000 --insufficient funds[0m
[22;32mUser 2, Acc 2 Balance 84.000000, 				Withdraw 500.000000 --insufficient funds[0m
[22;32mUser 2, Acc 3 Balance 152.000000, 				Withdraw 500.000000 --insufficient funds[0m
[22;32mUser 2, Acc 4 Balance 264.000000, 				Withdraw 500.000000 --insufficient funds[0m
[22;32mUser 2, Acc 5 Balance 429.000000, 				Withdraw 500.000000 --insufficient funds[0m
[22;32mUser 2, Acc 6 Balance 0.000000, 				Withdraw 500.000000 --insufficient funds[0m
[22;32mUser 2, Acc 7 Balance 100.000000, 				Withdraw 500.000000 --insufficient funds[0m
[22;32mUser 2, Acc 8 Balance 200.000000, 				Withdraw 500.000000 --insufficient funds[0m
User 2, Acc 9 Balance 3200.000000, Withdraw 500.000000 
[22;32mUser 2, Acc 0 Balance -81.000000, 				Withdraw 500.000000 --insufficient funds[0m
  ***     End of transaction batch    ***  
Account 0 balance after completion of transaction batch: -81.000000
Account 1 balance after completion of transaction batch: 84.000000
Account 2 balance after completion of transaction batch: 84.000000
Account 3 balance after completion of transaction batch: 152.000000
Account 4 balance after completion of transaction batch: 264.000000
Account 5 balance after completion of transaction batch: 429.000000
Account 6 balance after completion of transaction batch: 0.000000
Account 7 balance after completion of transaction batch: 100.000000
Account 8 balance after completion of transaction batch: 200.000000
Account 9 balance after completion of transaction batch: 2700.000000
