# Output generated by:
# ./my_executable 3 data/transactions7.txt data/transactions11.txt data/transactions2.txt

********************************************
   Reading and parsing a transaction file   
********************************************
Parsed transaction: deposit 7 9929.000000 
Loaded deposit transaction
Parsed transaction: deposit 4 937.000000 
Loaded deposit transaction
Parsed transaction: deposit 5 941.000000 
Loaded deposit transaction
Parsed transaction: deposit 0 7.000000 
Loaded deposit transaction
Parsed transaction: deposit 3 29.000000 
Loaded deposit transaction
Parsed transaction: deposit 7 9.000000 
Loaded deposit transaction
Parsed transaction: deposit 9 129.000000 
Loaded deposit transaction
Parsed transaction: transfer 3 7 29.000000 
Loaded transfer transaction
Parsed transaction: transfer 7 6 31.000000 
Loaded transfer transaction
Parsed transaction: transfer 7 5 137.000000 
Loaded transfer transaction
Parsed transaction: transfer 7 4 3.000000 
Loaded transfer transaction
Parsed transaction: transfer 7 4 5.000000 
Loaded transfer transaction
Parsed transaction: withdraw 4 1167.000000 
Loaded withdrawal transaction
Parsed transaction: withdraw 5 1307.000000 
Loaded withdrawal transaction
Parsed transaction: transfer 1 8 89.000000 
Loaded transfer transaction
Parsed transaction: transfer 1 9 163.000000 
Loaded transfer transaction
Parsed transaction: withdraw 1 41.000000 
Loaded withdrawal transaction
Parsed transaction: withdraw 2 71.000000 
Loaded withdrawal transaction
Parsed transaction: withdraw 3 1127.000000 
Loaded withdrawal transaction
Parsed transaction: withdraw 6 647.000000 
Loaded withdrawal transaction
Parsed transaction: deposit 6 1953.000000 
Loaded deposit transaction
Parsed transaction: deposit 7 967.000000 
Loaded deposit transaction
Parsed transaction: transfer 1 7 19.000000 
Loaded transfer transaction
Parsed transaction: transfer 2 7 23.000000 
Loaded transfer transaction
Parsed transaction: transfer 6 5 1167.000000 
Loaded transfer transaction
Parsed transaction: transfer 4 5 53.000000 
Loaded transfer transaction
Parsed transaction: withdraw 7 1593.000000 
Loaded withdrawal transaction
Parsed transaction: withdraw 8 449.000000 
Loaded withdrawal transaction
Parsed transaction: withdraw 9 163.000000 
Loaded withdrawal transaction
********************************************
********************************************
   Reading and parsing a transaction file   
********************************************
Parsed transaction: deposit 9 617.000000 
Loaded deposit transaction
Parsed transaction: transfer 9 9 617.000000 
Loaded transfer transaction
Parsed transaction: deposit 8 619.000000 
Loaded deposit transaction
Parsed transaction: transfer 8 2 619.000000 
Loaded transfer transaction
Parsed transaction: deposit 7 631.000000 
Loaded deposit transaction
Parsed transaction: transfer 7 3 631.000000 
Loaded transfer transaction
Parsed transaction: deposit 6 641.000000 
Loaded deposit transaction
Parsed transaction: transfer 6 4 641.000000 
Loaded transfer transaction
Parsed transaction: deposit 5 643.000000 
Loaded deposit transaction
Parsed transaction: transfer 5 6 1200.000000 
Loaded transfer transaction
Parsed transaction: deposit 4 647.000000 
Loaded deposit transaction
Parsed transaction: transfer 4 7 1200.000000 
Loaded transfer transaction
Parsed transaction: deposit 3 653.000000 
Loaded deposit transaction
Parsed transaction: transfer 3 8 1200.000000 
Loaded transfer transaction
Parsed transaction: deposit 2 659.000000 
Loaded deposit transaction
Parsed transaction: transfer 2 9 1200.000000 
Loaded transfer transaction
Parsed transaction: deposit 1 661.000000 
Loaded deposit transaction
Parsed transaction: transfer 1 9 1200.000000 
Loaded transfer transaction
Parsed transaction: deposit 0 673.000000 
Loaded deposit transaction
Parsed transaction: transfer 0 9 1200.000000 
Loaded transfer transaction
Parsed transaction: withdraw 1 50.000000 
Loaded withdrawal transaction
Parsed transaction: withdraw 2 50.000000 
Loaded withdrawal transaction
Parsed transaction: withdraw 3 50.000000 
Loaded withdrawal transaction
Parsed transaction: withdraw 4 50.000000 
Loaded withdrawal transaction
Parsed transaction: withdraw 5 50.000000 
Loaded withdrawal transaction
Parsed transaction: withdraw 6 50.000000 
Loaded withdrawal transaction
Parsed transaction: withdraw 7 50.000000 
Loaded withdrawal transaction
Parsed transaction: withdraw 8 50.000000 
Loaded withdrawal transaction
Parsed transaction: withdraw 9 50.000000 
Loaded withdrawal transaction
Parsed transaction: withdraw 0 50.000000 
Loaded withdrawal transaction
********************************************
********************************************
   Reading and parsing a transaction file   
********************************************
Parsed transaction: deposit 0 400.000000 
Loaded deposit transaction
Parsed transaction: withdraw 0 200.000000 
Loaded withdrawal transaction
Parsed transaction: deposit 0 100.000000 
Loaded deposit transaction
Parsed transaction: withdraw 0 50.000000 
Loaded withdrawal transaction
Parsed transaction: withdraw 0 150.000000 
Loaded withdrawal transaction
Parsed transaction: deposit 0 300.000000 
Loaded deposit transaction
Parsed transaction: transfer 0 1 300.000000 
Loaded transfer transaction
Parsed transaction: balance 1 
Loaded balance transaction
********************************************
  ***    Start of transaction batch    ***  
User 0, Acc 7 Balance 0.000000, Deposit 9929.000000 
User 0, Acc 4 Balance 0.000000, Deposit 937.000000 
User 0, Acc 5 Balance 0.000000, Deposit 941.000000 
User 0, Acc 0 Balance 0.000000, Deposit 7.000000 
User 0, Acc 3 Balance 0.000000, Deposit 29.000000 
User 0, Acc 7 Balance 9929.000000, Deposit 9.000000 
User 0, Acc 9 Balance 0.000000, Deposit 129.000000 
User 0, Acc 3 Balance 29.000000, Transfer 29.000000 to Acc 7
User 0, Acc 7 Balance 9967.000000, Transfer 31.000000 to Acc 6
User 0, Acc 7 Balance 9936.000000, Transfer 137.000000 to Acc 5
User 0, Acc 7 Balance 9799.000000, Transfer 3.000000 to Acc 4
User 0, Acc 7 Balance 9796.000000, Transfer 5.000000 to Acc 4
[22;32mUser 0, Acc 4 Balance 945.000000, 				Withdraw 1167.000000 --insufficient funds[0m
[22;32mUser 0, Acc 5 Balance 1078.000000, 				Withdraw 1307.000000 --insufficient funds[0m
[22;32mUser 0, Acc 1 Balance 0.000000, 				Withdraw 41.000000 --insufficient funds[0m
[22;32mUser 0, Acc 2 Balance 0.000000, 				Withdraw 71.000000 --insufficient funds[0m
[22;32mUser 0, Acc 3 Balance 0.000000, 				Withdraw 1127.000000 --insufficient funds[0m
[22;32mUser 0, Acc 6 Balance 31.000000, 				Withdraw 647.000000 --insufficient funds[0m
User 0, Acc 6 Balance 31.000000, Deposit 1953.000000 
User 0, Acc 7 Balance 9791.000000, Deposit 967.000000 
User 0, Acc 6 Balance 1984.000000, Transfer 1167.000000 to Acc 5
User 0, Acc 4 Balance 945.000000, Transfer 53.000000 to Acc 5
User 0, Acc 7 Balance 10758.000000, Withdraw 1593.000000 
[22;32mUser 0, Acc 8 Balance 0.000000, 				Withdraw 449.000000 --insufficient funds[0m
[22;32mUser 0, Acc 9 Balance 129.000000, 				Withdraw 163.000000 --insufficient funds[0m
User 0, Acc 0 Balance 7.000000, Deposit 400.000000 
User 1, Acc 7 Balance 9165.000000, Deposit 9929.000000 
User 2, Acc 9 Balance 129.000000, Deposit 617.000000 
User 1, Acc 4 Balance 892.000000, Deposit 937.000000 
User 1, Acc 5 Balance 2298.000000, Deposit 941.000000 
User 1, Acc 0 Balance 407.000000, Deposit 7.000000 
User 2, Acc 9 Balance 746.000000, Transfer 617.000000 to Acc 9
User 0, Acc 0 Balance 407.000000, Withdraw 200.000000 
User 1, Acc 3 Balance 0.000000, Deposit 29.000000 
User 1, Acc 7 Balance 19094.000000, Deposit 9.000000 
User 1, Acc 9 Balance 746.000000, Deposit 129.000000 
User 1, Acc 3 Balance 29.000000, Transfer 29.000000 to Acc 7
User 0, Acc 0 Balance 214.000000, Deposit 100.000000 
User 0, Acc 0 Balance 314.000000, Withdraw 50.000000 
User 1, Acc 7 Balance 19132.000000, Transfer 31.000000 to Acc 6
User 1, Acc 7 Balance 19101.000000, Transfer 137.000000 to Acc 5
User 1, Acc 7 Balance 18964.000000, Transfer 3.000000 to Acc 4
User 1, Acc 7 Balance 18961.000000, Transfer 5.000000 to Acc 4
User 1, Acc 4 Balance 1837.000000, Withdraw 1167.000000 
User 1, Acc 5 Balance 3376.000000, Withdraw 1307.000000 
[22;32mUser 1, Acc 1 Balance 0.000000, 				Withdraw 41.000000 --insufficient funds[0m
[22;32mUser 1, Acc 2 Balance 0.000000, 				Withdraw 71.000000 --insufficient funds[0m
[22;32mUser 1, Acc 3 Balance 0.000000, 				Withdraw 1127.000000 --insufficient funds[0m
User 1, Acc 6 Balance 848.000000, Withdraw 647.000000 
User 1, Acc 6 Balance 201.000000, Deposit 1953.000000 
User 1, Acc 7 Balance 18956.000000, Deposit 967.000000 
User 1, Acc 6 Balance 2154.000000, Transfer 1167.000000 to Acc 5
User 1, Acc 4 Balance 670.000000, Transfer 53.000000 to Acc 5
User 1, Acc 7 Balance 19923.000000, Withdraw 1593.000000 
[22;32mUser 1, Acc 8 Balance 0.000000, 				Withdraw 449.000000 --insufficient funds[0m
User 1, Acc 9 Balance 875.000000, Withdraw 163.000000 
User 1, Acc 7 Balance 18330.000000, Deposit 9929.000000 
User 1, Acc 4 Balance 617.000000, Deposit 937.000000 
User 1, Acc 5 Balance 3289.000000, Deposit 941.000000 
User 0, Acc 0 Balance 264.000000, Withdraw 150.000000 
User 0, Acc 0 Balance 114.000000, Deposit 300.000000 
User 0, Acc 0 Balance 414.000000, Transfer 300.000000 to Acc 1
Balance in 1: 300.000000
User 0, Acc 9 Balance 712.000000, Deposit 617.000000 
User 0, Acc 9 Balance 1329.000000, Transfer 617.000000 to Acc 9
User 0, Acc 8 Balance 0.000000, Deposit 619.000000 
User 0, Acc 8 Balance 619.000000, Transfer 619.000000 to Acc 2
User 0, Acc 7 Balance 28259.000000, Deposit 631.000000 
User 0, Acc 7 Balance 28890.000000, Transfer 631.000000 to Acc 3
User 2, Acc 8 Balance 0.000000, Deposit 619.000000 
User 1, Acc 0 Balance 264.000000, Deposit 7.000000 
User 1, Acc 3 Balance 631.000000, Deposit 29.000000 
User 1, Acc 7 Balance 28259.000000, Deposit 9.000000 
User 1, Acc 9 Balance 1329.000000, Deposit 129.000000 
User 2, Acc 8 Balance 619.000000, Transfer 619.000000 to Acc 2
User 2, Acc 7 Balance 28268.000000, Deposit 631.000000 
User 2, Acc 7 Balance 28899.000000, Transfer 631.000000 to Acc 3
User 1, Acc 3 Balance 660.000000, Transfer 29.000000 to Acc 7
User 0, Acc 6 Balance 987.000000, Deposit 641.000000 
User 2, Acc 6 Balance 987.000000, Deposit 641.000000 
User 0, Acc 6 Balance 1628.000000, Transfer 641.000000 to Acc 4
User 1, Acc 7 Balance 28297.000000, Transfer 31.000000 to Acc 6
User 2, Acc 6 Balance 2269.000000, Transfer 641.000000 to Acc 4
User 1, Acc 7 Balance 28266.000000, Transfer 137.000000 to Acc 5
User 1, Acc 7 Balance 28129.000000, Transfer 3.000000 to Acc 4
User 1, Acc 7 Balance 28126.000000, Transfer 5.000000 to Acc 4
User 1, Acc 4 Balance 2844.000000, Withdraw 1167.000000 
User 1, Acc 5 Balance 4367.000000, Withdraw 1307.000000 
User 1, Acc 1 Balance 300.000000, Transfer 89.000000 to Acc 8
User 1, Acc 1 Balance 211.000000, Transfer 163.000000 to Acc 9
User 1, Acc 1 Balance 48.000000, Withdraw 41.000000 
User 1, Acc 2 Balance 1238.000000, Withdraw 71.000000 
User 1, Acc 3 Balance 1262.000000, Withdraw 1127.000000 
User 1, Acc 6 Balance 1018.000000, Withdraw 647.000000 
User 1, Acc 6 Balance 371.000000, Deposit 1953.000000 
User 1, Acc 7 Balance 28121.000000, Deposit 967.000000 
User 1, Acc 2 Balance 1167.000000, Transfer 23.000000 to Acc 7
User 1, Acc 6 Balance 2324.000000, Transfer 1167.000000 to Acc 5
User 1, Acc 4 Balance 1677.000000, Transfer 53.000000 to Acc 5
User 1, Acc 7 Balance 29111.000000, Withdraw 1593.000000 
[22;32mUser 1, Acc 8 Balance 89.000000, 				Withdraw 449.000000 --insufficient funds[0m
User 1, Acc 9 Balance 1621.000000, Withdraw 163.000000 
User 1, Acc 0 Balance 121.000000, Deposit 400.000000 
User 1, Acc 0 Balance 521.000000, Withdraw 200.000000 
User 1, Acc 0 Balance 321.000000, Deposit 100.000000 
User 1, Acc 0 Balance 421.000000, Withdraw 50.000000 
User 1, Acc 0 Balance 371.000000, Withdraw 150.000000 
User 1, Acc 0 Balance 221.000000, Deposit 300.000000 
User 1, Acc 0 Balance 521.000000, Transfer 300.000000 to Acc 1
Balance in 1: 307.000000
User 1, Acc 9 Balance 1458.000000, Deposit 617.000000 
User 1, Acc 9 Balance 2075.000000, Transfer 617.000000 to Acc 9
User 1, Acc 8 Balance 89.000000, Deposit 619.000000 
User 1, Acc 8 Balance 708.000000, Transfer 619.000000 to Acc 2
User 1, Acc 7 Balance 27518.000000, Deposit 631.000000 
User 1, Acc 7 Balance 28149.000000, Transfer 631.000000 to Acc 3
User 2, Acc 5 Balance 4230.000000, Deposit 643.000000 
User 2, Acc 5 Balance 4923.000000, Transfer 1200.000000 to Acc 6
User 2, Acc 4 Balance 1624.000000, Deposit 647.000000 
User 2, Acc 4 Balance 2271.000000, Transfer 1200.000000 to Acc 7
User 2, Acc 3 Balance 766.000000, Deposit 653.000000 
User 2, Acc 3 Balance 1419.000000, Transfer 1200.000000 to Acc 8
User 2, Acc 2 Balance 1763.000000, Deposit 659.000000 
User 2, Acc 2 Balance 2422.000000, Transfer 1200.000000 to Acc 9
User 2, Acc 1 Balance 307.000000, Deposit 661.000000 
User 2, Acc 0 Balance 221.000000, Deposit 673.000000 
User 2, Acc 1 Balance 968.000000, Withdraw 50.000000 
User 2, Acc 2 Balance 1222.000000, Withdraw 50.000000 
User 2, Acc 3 Balance 219.000000, Withdraw 50.000000 
User 2, Acc 4 Balance 1071.000000, Withdraw 50.000000 
User 2, Acc 5 Balance 3723.000000, Withdraw 50.000000 
User 2, Acc 6 Balance 2357.000000, Withdraw 50.000000 
User 2, Acc 7 Balance 28718.000000, Withdraw 50.000000 
User 2, Acc 8 Balance 1289.000000, Withdraw 50.000000 
User 2, Acc 9 Balance 3275.000000, Withdraw 50.000000 
User 2, Acc 0 Balance 894.000000, Withdraw 50.000000 
User 2, Acc 0 Balance 844.000000, Deposit 400.000000 
User 2, Acc 0 Balance 1244.000000, Withdraw 200.000000 
User 2, Acc 0 Balance 1044.000000, Deposit 100.000000 
User 2, Acc 0 Balance 1144.000000, Withdraw 50.000000 
User 2, Acc 0 Balance 1094.000000, Withdraw 150.000000 
User 2, Acc 0 Balance 944.000000, Deposit 300.000000 
User 2, Acc 0 Balance 1244.000000, Transfer 300.000000 to Acc 1
Balance in 1: 1218.000000
User 1, Acc 6 Balance 1157.000000, Deposit 641.000000 
User 1, Acc 6 Balance 2948.000000, Transfer 641.000000 to Acc 4
User 1, Acc 5 Balance 3673.000000, Deposit 643.000000 
User 1, Acc 5 Balance 4316.000000, Transfer 1200.000000 to Acc 6
User 1, Acc 4 Balance 1662.000000, Deposit 647.000000 
User 1, Acc 4 Balance 2309.000000, Transfer 1200.000000 to Acc 7
User 1, Acc 3 Balance 169.000000, Deposit 653.000000 
User 1, Acc 2 Balance 1172.000000, Deposit 659.000000 
User 1, Acc 2 Balance 1831.000000, Transfer 1200.000000 to Acc 9
User 1, Acc 1 Balance 1218.000000, Deposit 661.000000 
User 1, Acc 1 Balance 1879.000000, Transfer 1200.000000 to Acc 9
User 1, Acc 0 Balance 944.000000, Deposit 673.000000 
User 0, Acc 5 Balance 4230.000000, Deposit 643.000000 
User 0, Acc 5 Balance 3759.000000, Transfer 1200.000000 to Acc 6
User 0, Acc 4 Balance 1109.000000, Deposit 647.000000 
User 0, Acc 4 Balance 1756.000000, Transfer 1200.000000 to Acc 7
User 0, Acc 3 Balance 822.000000, Deposit 653.000000 
User 0, Acc 3 Balance 1475.000000, Transfer 1200.000000 to Acc 8
User 0, Acc 2 Balance 631.000000, Deposit 659.000000 
User 0, Acc 2 Balance 1290.000000, Transfer 1200.000000 to Acc 9
User 0, Acc 1 Balance 679.000000, Deposit 661.000000 
User 1, Acc 0 Balance 1617.000000, Transfer 1200.000000 to Acc 9
User 1, Acc 1 Balance 1340.000000, Withdraw 50.000000 
User 1, Acc 2 Balance 90.000000, Withdraw 50.000000 
User 1, Acc 3 Balance 275.000000, Withdraw 50.000000 
User 1, Acc 4 Balance 556.000000, Withdraw 50.000000 
User 0, Acc 1 Balance 1340.000000, Transfer 1200.000000 to Acc 9
User 0, Acc 0 Balance 417.000000, Deposit 673.000000 
User 0, Acc 1 Balance 90.000000, Withdraw 50.000000 
[22;32mUser 0, Acc 2 Balance 40.000000, 				Withdraw 50.000000 --insufficient funds[0m
User 0, Acc 3 Balance 225.000000, Withdraw 50.000000 
User 0, Acc 4 Balance 506.000000, Withdraw 50.000000 
User 0, Acc 5 Balance 2559.000000, Withdraw 50.000000 
User 0, Acc 6 Balance 4707.000000, Withdraw 50.000000 
User 1, Acc 5 Balance 2559.000000, Withdraw 50.000000 
User 1, Acc 6 Balance 4657.000000, Withdraw 50.000000 
User 1, Acc 7 Balance 31068.000000, Withdraw 50.000000 
User 1, Acc 8 Balance 2439.000000, Withdraw 50.000000 
User 1, Acc 9 Balance 9225.000000, Withdraw 50.000000 
User 1, Acc 0 Balance 1090.000000, Withdraw 50.000000 
User 0, Acc 7 Balance 31068.000000, Withdraw 50.000000 
User 0, Acc 8 Balance 2389.000000, Withdraw 50.000000 
User 0, Acc 9 Balance 9175.000000, Withdraw 50.000000 
User 0, Acc 0 Balance 1040.000000, Withdraw 50.000000 
  ***     End of transaction batch    ***  
Account 0 balance after completion of transaction batch: 990.000000
Account 1 balance after completion of transaction batch: 40.000000
Account 2 balance after completion of transaction batch: 40.000000
Account 3 balance after completion of transaction batch: 175.000000
Account 4 balance after completion of transaction batch: 456.000000
Account 5 balance after completion of transaction batch: 2459.000000
Account 6 balance after completion of transaction batch: 4607.000000
Account 7 balance after completion of transaction batch: 30968.000000
Account 8 balance after completion of transaction batch: 2339.000000
Account 9 balance after completion of transaction batch: 9125.000000
