# Output generated by:
# ./my_executable 4 data/transactions11.txt data/transactions6.txt data/transactions2.txt data/transactions1.txt

********************************************
   Reading and parsing a transaction file   
********************************************
Parsed transaction: deposit 9 617.000000 
Loaded deposit transaction
Parsed transaction: transfer 9 9 617.000000 
Loaded transfer transaction
Parsed transaction: deposit 8 619.000000 
Loaded deposit transaction
Parsed transaction: transfer 8 2 619.000000 
Loaded transfer transaction
Parsed transaction: deposit 7 631.000000 
Loaded deposit transaction
Parsed transaction: transfer 7 3 631.000000 
Loaded transfer transaction
Parsed transaction: deposit 6 641.000000 
Loaded deposit transaction
Parsed transaction: transfer 6 4 641.000000 
Loaded transfer transaction
Parsed transaction: deposit 5 643.000000 
Loaded deposit transaction
Parsed transaction: transfer 5 6 1200.000000 
Loaded transfer transaction
Parsed transaction: deposit 4 647.000000 
Loaded deposit transaction
Parsed transaction: transfer 4 7 1200.000000 
Loaded transfer transaction
Parsed transaction: deposit 3 653.000000 
Loaded deposit transaction
Parsed transaction: transfer 3 8 1200.000000 
Loaded transfer transaction
Parsed transaction: deposit 2 659.000000 
Loaded deposit transaction
Parsed transaction: transfer 2 9 1200.000000 
Loaded transfer transaction
Parsed transaction: deposit 1 661.000000 
Loaded deposit transaction
Parsed transaction: transfer 1 9 1200.000000 
Loaded transfer transaction
Parsed transaction: deposit 0 673.000000 
Loaded deposit transaction
Parsed transaction: transfer 0 9 1200.000000 
Loaded transfer transaction
Parsed transaction: withdraw 1 50.000000 
Loaded withdrawal transaction
Parsed transaction: withdraw 2 50.000000 
Loaded withdrawal transaction
Parsed transaction: withdraw 3 50.000000 
Loaded withdrawal transaction
Parsed transaction: withdraw 4 50.000000 
Loaded withdrawal transaction
Parsed transaction: withdraw 5 50.000000 
Loaded withdrawal transaction
Parsed transaction: withdraw 6 50.000000 
Loaded withdrawal transaction
Parsed transaction: withdraw 7 50.000000 
Loaded withdrawal transaction
Parsed transaction: withdraw 8 50.000000 
Loaded withdrawal transaction
Parsed transaction: withdraw 9 50.000000 
Loaded withdrawal transaction
Parsed transaction: withdraw 0 50.000000 
Loaded withdrawal transaction
********************************************
********************************************
   Reading and parsing a transaction file   
********************************************
Parsed transaction: deposit 0 7.000000 
Loaded deposit transaction
Parsed transaction: deposit 1 11.000000 
Loaded deposit transaction
Parsed transaction: deposit 2 9.000000 
Loaded deposit transaction
Parsed transaction: transfer 3 7 29.000000 
Loaded transfer transaction
Parsed transaction: transfer 7 6 31.000000 
Loaded transfer transaction
Parsed transaction: transfer 7 5 137.000000 
Loaded transfer transaction
Parsed transaction: transfer 7 4 3.000000 
Loaded transfer transaction
Parsed transaction: transfer 7 4 5.000000 
Loaded transfer transaction
Parsed transaction: deposit 3 929.000000 
Loaded deposit transaction
Parsed transaction: deposit 4 937.000000 
Loaded deposit transaction
Parsed transaction: deposit 5 941.000000 
Loaded deposit transaction
Parsed transaction: withdraw 4 1167.000000 
Loaded withdrawal transaction
Parsed transaction: withdraw 5 1307.000000 
Loaded withdrawal transaction
Parsed transaction: transfer 1 8 89.000000 
Loaded transfer transaction
Parsed transaction: transfer 1 9 163.000000 
Loaded transfer transaction
Parsed transaction: withdraw 1 41.000000 
Loaded withdrawal transaction
Parsed transaction: withdraw 2 71.000000 
Loaded withdrawal transaction
Parsed transaction: withdraw 3 1127.000000 
Loaded withdrawal transaction
Parsed transaction: withdraw 6 647.000000 
Loaded withdrawal transaction
Parsed transaction: deposit 6 953.000000 
Loaded deposit transaction
Parsed transaction: deposit 7 967.000000 
Loaded deposit transaction
Parsed transaction: transfer 1 7 19.000000 
Loaded transfer transaction
Parsed transaction: transfer 2 7 23.000000 
Loaded transfer transaction
Parsed transaction: transfer 6 5 1167.000000 
Loaded transfer transaction
Parsed transaction: transfer 4 5 53.000000 
Loaded transfer transaction
Parsed transaction: withdraw 7 1593.000000 
Loaded withdrawal transaction
Parsed transaction: withdraw 8 449.000000 
Loaded withdrawal transaction
Parsed transaction: withdraw 9 163.000000 
Loaded withdrawal transaction
********************************************
********************************************
   Reading and parsing a transaction file   
********************************************
Parsed transaction: deposit 0 400.000000 
Loaded deposit transaction
Parsed transaction: withdraw 0 200.000000 
Loaded withdrawal transaction
Parsed transaction: deposit 0 100.000000 
Loaded deposit transaction
Parsed transaction: withdraw 0 50.000000 
Loaded withdrawal transaction
Parsed transaction: withdraw 0 150.000000 
Loaded withdrawal transaction
Parsed transaction: deposit 0 300.000000 
Loaded deposit transaction
Parsed transaction: transfer 0 1 300.000000 
Loaded transfer transaction
Parsed transaction: balance 1 
Loaded balance transaction
********************************************
********************************************
   Reading and parsing a transaction file   
********************************************
Parsed transaction: deposit 0 100.000000 
Loaded deposit transaction
Parsed transaction: deposit 0 200.000000 
Loaded deposit transaction
Parsed transaction: deposit 0 300.000000 
Loaded deposit transaction
Parsed transaction: withdraw 0 200.000000 
Loaded withdrawal transaction
Parsed transaction: withdraw 0 100.000000 
Loaded withdrawal transaction
Parsed transaction: withdraw 0 50.000000 
Loaded withdrawal transaction
Parsed transaction: transfer 1 0 200.000000 
Loaded transfer transaction
Parsed transaction: balance 0 
Loaded balance transaction
********************************************
  ***    Start of transaction batch    ***  
User 0, Acc 9 Balance 0.000000, Deposit 617.000000 
User 0, Acc 9 Balance 617.000000, Transfer 617.000000 to Acc 9
User 0, Acc 8 Balance 0.000000, Deposit 619.000000 
User 0, Acc 8 Balance 619.000000, Transfer 619.000000 to Acc 2
User 0, Acc 7 Balance 0.000000, Deposit 631.000000 
User 0, Acc 7 Balance 631.000000, Transfer 631.000000 to Acc 3
User 0, Acc 6 Balance 0.000000, Deposit 641.000000 
User 0, Acc 6 Balance 641.000000, Transfer 641.000000 to Acc 4
User 0, Acc 5 Balance 0.000000, Deposit 643.000000 
User 0, Acc 4 Balance 641.000000, Deposit 647.000000 
User 0, Acc 4 Balance 1288.000000, Transfer 1200.000000 to Acc 7
User 0, Acc 3 Balance 631.000000, Deposit 653.000000 
User 0, Acc 3 Balance 1284.000000, Transfer 1200.000000 to Acc 8
User 0, Acc 2 Balance 619.000000, Deposit 659.000000 
User 0, Acc 2 Balance 1278.000000, Transfer 1200.000000 to Acc 9
User 0, Acc 1 Balance 0.000000, Deposit 661.000000 
User 0, Acc 0 Balance 0.000000, Deposit 673.000000 
User 0, Acc 1 Balance 661.000000, Withdraw 50.000000 
User 0, Acc 2 Balance 78.000000, Withdraw 50.000000 
User 0, Acc 3 Balance 84.000000, Withdraw 50.000000 
User 0, Acc 4 Balance 88.000000, Withdraw 50.000000 
User 0, Acc 5 Balance 643.000000, Withdraw 50.000000 
[22;32mUser 0, Acc 6 Balance 0.000000, 				Withdraw 50.000000 --insufficient funds[0m
User 0, Acc 7 Balance 1200.000000, Withdraw 50.000000 
User 0, Acc 8 Balance 1200.000000, Withdraw 50.000000 
User 0, Acc 9 Balance 1817.000000, Withdraw 50.000000 
User 0, Acc 0 Balance 673.000000, Withdraw 50.000000 
User 0, Acc 0 Balance 623.000000, Deposit 7.000000 
User 0, Acc 1 Balance 611.000000, Deposit 11.000000 
User 0, Acc 2 Balance 28.000000, Deposit 9.000000 
User 0, Acc 3 Balance 34.000000, Transfer 29.000000 to Acc 7
User 0, Acc 7 Balance 1179.000000, Transfer 31.000000 to Acc 6
User 0, Acc 7 Balance 1148.000000, Transfer 137.000000 to Acc 5
User 0, Acc 7 Balance 1011.000000, Transfer 3.000000 to Acc 4
User 0, Acc 7 Balance 1008.000000, Transfer 5.000000 to Acc 4
User 0, Acc 3 Balance 5.000000, Deposit 929.000000 
User 0, Acc 4 Balance 46.000000, Deposit 937.000000 
User 0, Acc 5 Balance 730.000000, Deposit 941.000000 
[22;32mUser 0, Acc 4 Balance 983.000000, 				Withdraw 1167.000000 --insufficient funds[0m
User 1, Acc 0 Balance 630.000000, Deposit 400.000000 
User 2, Acc 0 Balance 630.000000, Deposit 100.000000 
User 2, Acc 0 Balance 1130.000000, Deposit 200.000000 
User 2, Acc 0 Balance 1330.000000, Deposit 300.000000 
User 2, Acc 0 Balance 1630.000000, Withdraw 200.000000 
User 2, Acc 0 Balance 1430.000000, Withdraw 100.000000 
User 0, Acc 5 Balance 1671.000000, Withdraw 1307.000000 
User 1, Acc 0 Balance 1030.000000, Withdraw 200.000000 
User 0, Acc 1 Balance 622.000000, Transfer 89.000000 to Acc 8
User 1, Acc 0 Balance 1130.000000, Deposit 100.000000 
User 2, Acc 0 Balance 1330.000000, Withdraw 50.000000 
User 0, Acc 1 Balance 533.000000, Transfer 163.000000 to Acc 9
User 2, Acc 1 Balance 533.000000, Transfer 200.000000 to Acc 0
User 1, Acc 0 Balance 1230.000000, Withdraw 50.000000 
User 1, Acc 0 Balance 1330.000000, Withdraw 150.000000 
User 1, Acc 0 Balance 1180.000000, Deposit 300.000000 
Balance in 0: 1380.000000
User 2, Acc 9 Balance 1930.000000, Deposit 617.000000 
User 2, Acc 9 Balance 2547.000000, Transfer 617.000000 to Acc 9
User 2, Acc 8 Balance 1239.000000, Deposit 619.000000 
User 2, Acc 8 Balance 1858.000000, Transfer 619.000000 to Acc 2
User 2, Acc 7 Balance 1003.000000, Deposit 631.000000 
User 2, Acc 7 Balance 1634.000000, Transfer 631.000000 to Acc 3
User 2, Acc 6 Balance 31.000000, Deposit 641.000000 
User 2, Acc 6 Balance 672.000000, Transfer 641.000000 to Acc 4
User 2, Acc 5 Balance 364.000000, Deposit 643.000000 
User 2, Acc 4 Balance 1624.000000, Deposit 647.000000 
User 2, Acc 4 Balance 2271.000000, Transfer 1200.000000 to Acc 7
User 2, Acc 3 Balance 1565.000000, Deposit 653.000000 
User 2, Acc 3 Balance 2218.000000, Transfer 1200.000000 to Acc 8
User 2, Acc 2 Balance 656.000000, Deposit 659.000000 
User 2, Acc 2 Balance 1315.000000, Transfer 1200.000000 to Acc 9
User 2, Acc 1 Balance 170.000000, Deposit 661.000000 
User 2, Acc 0 Balance 1480.000000, Deposit 673.000000 
User 2, Acc 0 Balance 2153.000000, Transfer 1200.000000 to Acc 9
User 2, Acc 1 Balance 831.000000, Withdraw 50.000000 
User 2, Acc 2 Balance 115.000000, Withdraw 50.000000 
User 2, Acc 3 Balance 1018.000000, Withdraw 50.000000 
User 2, Acc 4 Balance 1071.000000, Withdraw 50.000000 
User 2, Acc 5 Balance 1007.000000, Withdraw 50.000000 
[22;32mUser 2, Acc 6 Balance 31.000000, 				Withdraw 50.000000 --insufficient funds[0m
User 2, Acc 7 Balance 2203.000000, Withdraw 50.000000 
User 2, Acc 8 Balance 2439.000000, Withdraw 50.000000 
User 2, Acc 9 Balance 4947.000000, Withdraw 50.000000 
User 2, Acc 0 Balance 953.000000, Withdraw 50.000000 
User 2, Acc 9 Balance 4897.000000, Deposit 617.000000 
User 2, Acc 9 Balance 5514.000000, Transfer 617.000000 to Acc 9
User 0, Acc 1 Balance 370.000000, Withdraw 41.000000 
[22;32mUser 0, Acc 2 Balance 65.000000, 				Withdraw 71.000000 --insufficient funds[0m
User 1, Acc 0 Balance 1480.000000, Transfer 300.000000 to Acc 1
Balance in 1: 1040.000000
User 1, Acc 0 Balance 603.000000, Deposit 7.000000 
User 1, Acc 1 Balance 1040.000000, Deposit 11.000000 
[22;32mUser 0, Acc 3 Balance 968.000000, 				Withdraw 1127.000000 --insufficient funds[0m
[22;32mUser 0, Acc 6 Balance 31.000000, 				Withdraw 647.000000 --insufficient funds[0m
User 0, Acc 6 Balance 31.000000, Deposit 953.000000 
User 0, Acc 7 Balance 2153.000000, Deposit 967.000000 
User 0, Acc 1 Balance 1051.000000, Transfer 19.000000 to Acc 7
User 0, Acc 2 Balance 65.000000, Transfer 23.000000 to Acc 7
User 0, Acc 4 Balance 1021.000000, Transfer 53.000000 to Acc 5
User 0, Acc 7 Balance 3162.000000, Withdraw 1593.000000 
User 0, Acc 8 Balance 2389.000000, Withdraw 449.000000 
User 0, Acc 9 Balance 5514.000000, Withdraw 163.000000 
User 2, Acc 8 Balance 2389.000000, Deposit 619.000000 
User 2, Acc 8 Balance 2559.000000, Transfer 619.000000 to Acc 2
User 1, Acc 2 Balance 65.000000, Deposit 9.000000 
User 2, Acc 7 Balance 1569.000000, Deposit 631.000000 
User 1, Acc 3 Balance 968.000000, Transfer 29.000000 to Acc 7
User 1, Acc 7 Balance 2229.000000, Transfer 31.000000 to Acc 6
User 1, Acc 7 Balance 2198.000000, Transfer 137.000000 to Acc 5
User 1, Acc 7 Balance 2061.000000, Transfer 3.000000 to Acc 4
User 1, Acc 7 Balance 2058.000000, Transfer 5.000000 to Acc 4
User 1, Acc 3 Balance 939.000000, Deposit 929.000000 
User 1, Acc 4 Balance 976.000000, Deposit 937.000000 
User 1, Acc 5 Balance 1147.000000, Deposit 941.000000 
User 1, Acc 4 Balance 1913.000000, Withdraw 1167.000000 
User 1, Acc 5 Balance 2088.000000, Withdraw 1307.000000 
User 1, Acc 1 Balance 1032.000000, Transfer 89.000000 to Acc 8
User 1, Acc 1 Balance 943.000000, Transfer 163.000000 to Acc 9
User 1, Acc 1 Balance 780.000000, Withdraw 41.000000 
User 1, Acc 2 Balance 670.000000, Withdraw 71.000000 
User 1, Acc 3 Balance 1868.000000, Withdraw 1127.000000 
User 1, Acc 6 Balance 1015.000000, Withdraw 647.000000 
User 1, Acc 6 Balance 368.000000, Deposit 953.000000 
User 1, Acc 7 Balance 2053.000000, Deposit 967.000000 
User 1, Acc 1 Balance 739.000000, Transfer 19.000000 to Acc 7
User 1, Acc 2 Balance 599.000000, Transfer 23.000000 to Acc 7
User 1, Acc 6 Balance 1321.000000, Transfer 1167.000000 to Acc 5
User 1, Acc 4 Balance 746.000000, Transfer 53.000000 to Acc 5
User 1, Acc 7 Balance 3062.000000, Withdraw 1593.000000 
User 1, Acc 8 Balance 2029.000000, Withdraw 449.000000 
User 1, Acc 9 Balance 5514.000000, Withdraw 163.000000 
User 0, Acc 0 Balance 610.000000, Deposit 7.000000 
User 0, Acc 1 Balance 720.000000, Deposit 11.000000 
User 3, Acc 9 Balance 1767.000000, Deposit 617.000000 
User 3, Acc 9 Balance 5968.000000, Transfer 617.000000 to Acc 9
User 3, Acc 8 Balance 1580.000000, Deposit 619.000000 
User 3, Acc 8 Balance 2199.000000, Transfer 619.000000 to Acc 2
User 3, Acc 7 Balance 1469.000000, Deposit 631.000000 
User 3, Acc 7 Balance 2100.000000, Transfer 631.000000 to Acc 3
User 3, Acc 6 Balance 154.000000, Deposit 641.000000 
User 3, Acc 6 Balance 795.000000, Transfer 641.000000 to Acc 4
User 3, Acc 5 Balance 2001.000000, Deposit 643.000000 
User 3, Acc 5 Balance 2644.000000, Transfer 1200.000000 to Acc 6
User 3, Acc 4 Balance 1334.000000, Deposit 647.000000 
User 3, Acc 4 Balance 1981.000000, Transfer 1200.000000 to Acc 7
User 3, Acc 3 Balance 1372.000000, Deposit 653.000000 
User 3, Acc 3 Balance 2025.000000, Transfer 1200.000000 to Acc 8
User 3, Acc 2 Balance 1195.000000, Deposit 659.000000 
User 3, Acc 2 Balance 1854.000000, Transfer 1200.000000 to Acc 9
User 3, Acc 1 Balance 731.000000, Deposit 661.000000 
User 3, Acc 1 Balance 1392.000000, Transfer 1200.000000 to Acc 9
User 3, Acc 0 Balance 617.000000, Deposit 673.000000 
User 3, Acc 0 Balance 1290.000000, Transfer 1200.000000 to Acc 9
User 3, Acc 1 Balance 192.000000, Withdraw 50.000000 
User 3, Acc 2 Balance 654.000000, Withdraw 50.000000 
User 3, Acc 3 Balance 825.000000, Withdraw 50.000000 
User 3, Acc 4 Balance 781.000000, Withdraw 50.000000 
User 3, Acc 5 Balance 1444.000000, Withdraw 50.000000 
User 3, Acc 6 Balance 1354.000000, Withdraw 50.000000 
User 3, Acc 7 Balance 2669.000000, Withdraw 50.000000 
User 3, Acc 8 Balance 2780.000000, Withdraw 50.000000 
User 3, Acc 9 Balance 9568.000000, Withdraw 50.000000 
User 3, Acc 0 Balance 90.000000, Withdraw 50.000000 
User 3, Acc 0 Balance 40.000000, Deposit 400.000000 
User 2, Acc 7 Balance 2200.000000, Transfer 631.000000 to Acc 3
User 1, Acc 0 Balance 610.000000, Deposit 7.000000 
User 2, Acc 6 Balance 1304.000000, Deposit 641.000000 
User 2, Acc 6 Balance 1945.000000, Transfer 641.000000 to Acc 4
User 3, Acc 0 Balance 440.000000, Withdraw 200.000000 
User 0, Acc 2 Balance 576.000000, Deposit 9.000000 
User 3, Acc 0 Balance 247.000000, Deposit 100.000000 
User 0, Acc 3 Balance 1406.000000, Transfer 29.000000 to Acc 7
User 2, Acc 5 Balance 1394.000000, Deposit 643.000000 
User 3, Acc 0 Balance 347.000000, Withdraw 50.000000 
User 1, Acc 1 Balance 142.000000, Deposit 11.000000 
User 3, Acc 0 Balance 297.000000, Withdraw 150.000000 
User 1, Acc 2 Balance 613.000000, Deposit 9.000000 
User 2, Acc 5 Balance 2037.000000, Transfer 1200.000000 to Acc 6
User 3, Acc 0 Balance 147.000000, Deposit 300.000000 
User 3, Acc 0 Balance 447.000000, Transfer 300.000000 to Acc 1
User 0, Acc 7 Balance 2017.000000, Transfer 31.000000 to Acc 6
Balance in 1: 453.000000
User 2, Acc 4 Balance 1372.000000, Deposit 647.000000 
User 1, Acc 3 Balance 1377.000000, Transfer 29.000000 to Acc 7
User 3, Acc 0 Balance 147.000000, Deposit 400.000000 
User 0, Acc 7 Balance 1986.000000, Transfer 137.000000 to Acc 5
User 2, Acc 4 Balance 2019.000000, Transfer 1200.000000 to Acc 7
User 2, Acc 3 Balance 1348.000000, Deposit 653.000000 
User 3, Acc 0 Balance 547.000000, Withdraw 200.000000 
User 2, Acc 3 Balance 2001.000000, Transfer 1200.000000 to Acc 8
User 2, Acc 2 Balance 622.000000, Deposit 659.000000 
User 1, Acc 7 Balance 2015.000000, Transfer 31.000000 to Acc 6
User 0, Acc 7 Balance 1878.000000, Transfer 3.000000 to Acc 4
User 1, Acc 7 Balance 3047.000000, Transfer 137.000000 to Acc 5
User 3, Acc 0 Balance 347.000000, Deposit 100.000000 
User 2, Acc 2 Balance 1281.000000, Transfer 1200.000000 to Acc 9
User 3, Acc 0 Balance 447.000000, Withdraw 50.000000 
User 3, Acc 0 Balance 397.000000, Withdraw 150.000000 
User 0, Acc 7 Balance 2907.000000, Transfer 5.000000 to Acc 4
User 1, Acc 7 Balance 2910.000000, Transfer 3.000000 to Acc 4
User 0, Acc 3 Balance 801.000000, Deposit 929.000000 
User 0, Acc 4 Balance 827.000000, Deposit 937.000000 
User 3, Acc 0 Balance 247.000000, Deposit 300.000000 
User 2, Acc 1 Balance 453.000000, Deposit 661.000000 
User 1, Acc 7 Balance 2899.000000, Transfer 5.000000 to Acc 4
User 2, Acc 0 Balance 547.000000, Deposit 673.000000 
User 1, Acc 3 Balance 1730.000000, Deposit 929.000000 
User 3, Acc 0 Balance 547.000000, Transfer 300.000000 to Acc 1
Balance in 1: 1414.000000
User 2, Acc 0 Balance 1220.000000, Transfer 1200.000000 to Acc 9
User 3, Acc 0 Balance 920.000000, Deposit 400.000000 
User 0, Acc 5 Balance 1111.000000, Deposit 941.000000 
User 2, Acc 1 Balance 1414.000000, Withdraw 50.000000 
User 0, Acc 4 Balance 1772.000000, Withdraw 1167.000000 
[22;32mUser 3, Acc 0 Balance 120.000000, 				Withdraw 200.000000 --insufficient funds[0m
User 1, Acc 4 Balance 1772.000000, Deposit 937.000000 
User 3, Acc 0 Balance 120.000000, Deposit 100.000000 
User 3, Acc 0 Balance 220.000000, Withdraw 50.000000 
User 2, Acc 2 Balance 81.000000, Withdraw 50.000000 
User 0, Acc 5 Balance 2052.000000, Withdraw 1307.000000 
User 2, Acc 3 Balance 2659.000000, Withdraw 50.000000 
User 0, Acc 1 Balance 1364.000000, Transfer 89.000000 to Acc 8
User 3, Acc 0 Balance 170.000000, Withdraw 150.000000 
User 0, Acc 1 Balance 1275.000000, Transfer 163.000000 to Acc 9
User 3, Acc 0 Balance 20.000000, Deposit 300.000000 
User 0, Acc 1 Balance 1112.000000, Withdraw 41.000000 
User 2, Acc 4 Balance 1542.000000, Withdraw 50.000000 
User 3, Acc 0 Balance 320.000000, Transfer 300.000000 to Acc 1
User 2, Acc 5 Balance 745.000000, Withdraw 50.000000 
Balance in 1: 1371.000000
User 2, Acc 6 Balance 2566.000000, Withdraw 50.000000 
User 1, Acc 5 Balance 2052.000000, Deposit 941.000000 
User 2, Acc 7 Balance 2894.000000, Withdraw 50.000000 
User 2, Acc 8 Balance 4019.000000, Withdraw 50.000000 
User 1, Acc 4 Balance 1492.000000, Withdraw 1167.000000 
User 2, Acc 9 Balance 12081.000000, Withdraw 50.000000 
[22;32mUser 2, Acc 0 Balance 20.000000, 				Withdraw 50.000000 --insufficient funds[0m
User 1, Acc 5 Balance 1636.000000, Withdraw 1307.000000 
[22;32mUser 0, Acc 2 Balance 31.000000, 				Withdraw 71.000000 --insufficient funds[0m
User 1, Acc 1 Balance 1371.000000, Transfer 89.000000 to Acc 8
User 3, Acc 0 Balance 20.000000, Deposit 100.000000 
User 2, Acc 0 Balance 20.000000, Deposit 100.000000 
User 3, Acc 0 Balance 120.000000, Deposit 200.000000 
User 3, Acc 0 Balance 320.000000, Deposit 300.000000 
User 0, Acc 3 Balance 2609.000000, Withdraw 1127.000000 
User 1, Acc 1 Balance 1282.000000, Transfer 163.000000 to Acc 9
User 2, Acc 0 Balance 420.000000, Deposit 200.000000 
User 3, Acc 0 Balance 720.000000, Withdraw 200.000000 
User 2, Acc 0 Balance 920.000000, Deposit 300.000000 
User 2, Acc 0 Balance 1220.000000, Withdraw 200.000000 
User 1, Acc 1 Balance 1119.000000, Withdraw 41.000000 
[22;32mUser 1, Acc 2 Balance 31.000000, 				Withdraw 71.000000 --insufficient funds[0m
User 1, Acc 3 Balance 1482.000000, Withdraw 1127.000000 
User 1, Acc 6 Balance 2516.000000, Withdraw 647.000000 
User 1, Acc 6 Balance 1869.000000, Deposit 953.000000 
User 1, Acc 7 Balance 2844.000000, Deposit 967.000000 
User 1, Acc 1 Balance 1078.000000, Transfer 19.000000 to Acc 7
User 1, Acc 2 Balance 31.000000, Transfer 23.000000 to Acc 7
User 1, Acc 6 Balance 2822.000000, Transfer 1167.000000 to Acc 5
User 1, Acc 4 Balance 325.000000, Transfer 53.000000 to Acc 5
User 1, Acc 7 Balance 3853.000000, Withdraw 1593.000000 
User 1, Acc 8 Balance 4058.000000, Withdraw 449.000000 
User 1, Acc 9 Balance 12194.000000, Withdraw 163.000000 
User 1, Acc 0 Balance 820.000000, Deposit 100.000000 
User 1, Acc 0 Balance 920.000000, Deposit 200.000000 
User 1, Acc 0 Balance 1120.000000, Deposit 300.000000 
User 1, Acc 0 Balance 1420.000000, Withdraw 200.000000 
User 1, Acc 0 Balance 1220.000000, Withdraw 100.000000 
User 1, Acc 0 Balance 1120.000000, Withdraw 50.000000 
User 1, Acc 1 Balance 1059.000000, Transfer 200.000000 to Acc 0
Balance in 0: 1270.000000
User 0, Acc 6 Balance 2516.000000, Withdraw 647.000000 
User 0, Acc 6 Balance 1008.000000, Deposit 953.000000 
User 3, Acc 0 Balance 1020.000000, Withdraw 100.000000 
User 0, Acc 7 Balance 2260.000000, Deposit 967.000000 
User 2, Acc 0 Balance 820.000000, Withdraw 100.000000 
User 2, Acc 0 Balance 1070.000000, Withdraw 50.000000 
User 2, Acc 1 Balance 859.000000, Transfer 200.000000 to Acc 0
Balance in 0: 1220.000000
User 0, Acc 1 Balance 859.000000, Transfer 19.000000 to Acc 7
User 0, Acc 6 Balance 1961.000000, Transfer 1167.000000 to Acc 5
User 0, Acc 4 Balance 272.000000, Transfer 53.000000 to Acc 5
User 0, Acc 7 Balance 3246.000000, Withdraw 1593.000000 
User 0, Acc 8 Balance 3609.000000, Withdraw 449.000000 
User 0, Acc 9 Balance 12031.000000, Withdraw 163.000000 
User 3, Acc 0 Balance 1170.000000, Withdraw 50.000000 
User 3, Acc 1 Balance 640.000000, Transfer 200.000000 to Acc 0
Balance in 0: 1370.000000
  ***     End of transaction batch    ***  
Account 0 balance after completion of transaction batch: 1370.000000
Account 1 balance after completion of transaction batch: 440.000000
Account 2 balance after completion of transaction batch: 8.000000
Account 3 balance after completion of transaction batch: 355.000000
Account 4 balance after completion of transaction batch: 219.000000
Account 5 balance after completion of transaction batch: 2769.000000
Account 6 balance after completion of transaction batch: 794.000000
Account 7 balance after completion of transaction batch: 1653.000000
Account 8 balance after completion of transaction batch: 3160.000000
Account 9 balance after completion of transaction batch: 11868.000000
