# Output generated by:
# ./my_executable 4 data/transactions11.txt data/transactions9.txt data/transactions2.txt data/transactions5.txt

********************************************
   Reading and parsing a transaction file   
********************************************
Parsed transaction: deposit 9 617.000000 
Loaded deposit transaction
Parsed transaction: transfer 9 9 617.000000 
Loaded transfer transaction
Parsed transaction: deposit 8 619.000000 
Loaded deposit transaction
Parsed transaction: transfer 8 2 619.000000 
Loaded transfer transaction
Parsed transaction: deposit 7 631.000000 
Loaded deposit transaction
Parsed transaction: transfer 7 3 631.000000 
Loaded transfer transaction
Parsed transaction: deposit 6 641.000000 
Loaded deposit transaction
Parsed transaction: transfer 6 4 641.000000 
Loaded transfer transaction
Parsed transaction: deposit 5 643.000000 
Loaded deposit transaction
Parsed transaction: transfer 5 6 1200.000000 
Loaded transfer transaction
Parsed transaction: deposit 4 647.000000 
Loaded deposit transaction
Parsed transaction: transfer 4 7 1200.000000 
Loaded transfer transaction
Parsed transaction: deposit 3 653.000000 
Loaded deposit transaction
Parsed transaction: transfer 3 8 1200.000000 
Loaded transfer transaction
Parsed transaction: deposit 2 659.000000 
Loaded deposit transaction
Parsed transaction: transfer 2 9 1200.000000 
Loaded transfer transaction
Parsed transaction: deposit 1 661.000000 
Loaded deposit transaction
Parsed transaction: transfer 1 9 1200.000000 
Loaded transfer transaction
Parsed transaction: deposit 0 673.000000 
Loaded deposit transaction
Parsed transaction: transfer 0 9 1200.000000 
Loaded transfer transaction
Parsed transaction: withdraw 1 50.000000 
Loaded withdrawal transaction
Parsed transaction: withdraw 2 50.000000 
Loaded withdrawal transaction
Parsed transaction: withdraw 3 50.000000 
Loaded withdrawal transaction
Parsed transaction: withdraw 4 50.000000 
Loaded withdrawal transaction
Parsed transaction: withdraw 5 50.000000 
Loaded withdrawal transaction
Parsed transaction: withdraw 6 50.000000 
Loaded withdrawal transaction
Parsed transaction: withdraw 7 50.000000 
Loaded withdrawal transaction
Parsed transaction: withdraw 8 50.000000 
Loaded withdrawal transaction
Parsed transaction: withdraw 9 50.000000 
Loaded withdrawal transaction
Parsed transaction: withdraw 0 50.000000 
Loaded withdrawal transaction
********************************************
********************************************
   Reading and parsing a transaction file   
********************************************
Parsed transaction: deposit 9 617.000000 
Loaded deposit transaction
Parsed transaction: transfer 9 1 617.000000 
Loaded transfer transaction
Parsed transaction: deposit 8 619.000000 
Loaded deposit transaction
Parsed transaction: transfer 8 2 619.000000 
Loaded transfer transaction
Parsed transaction: deposit 7 631.000000 
Loaded deposit transaction
Parsed transaction: transfer 7 3 631.000000 
Loaded transfer transaction
Parsed transaction: deposit 6 641.000000 
Loaded deposit transaction
Parsed transaction: transfer 6 4 641.000000 
Loaded transfer transaction
Parsed transaction: deposit 5 643.000000 
Loaded deposit transaction
Parsed transaction: transfer 5 6 1200.000000 
Loaded transfer transaction
Parsed transaction: deposit 4 647.000000 
Loaded deposit transaction
Parsed transaction: transfer 4 7 1200.000000 
Loaded transfer transaction
Parsed transaction: deposit 3 653.000000 
Loaded deposit transaction
Parsed transaction: transfer 3 8 1200.000000 
Loaded transfer transaction
Parsed transaction: deposit 2 659.000000 
Loaded deposit transaction
Parsed transaction: transfer 2 9 1200.000000 
Loaded transfer transaction
Parsed transaction: deposit 1 661.000000 
Loaded deposit transaction
Parsed transaction: transfer 1 9 1200.000000 
Loaded transfer transaction
Parsed transaction: deposit 0 673.000000 
Loaded deposit transaction
Parsed transaction: transfer 0 9 1200.000000 
Loaded transfer transaction
Parsed transaction: withdraw 1 50.000000 
Loaded withdrawal transaction
Parsed transaction: withdraw 2 50.000000 
Loaded withdrawal transaction
Parsed transaction: withdraw 3 50.000000 
Loaded withdrawal transaction
Parsed transaction: withdraw 4 50.000000 
Loaded withdrawal transaction
Parsed transaction: withdraw 5 50.000000 
Loaded withdrawal transaction
Parsed transaction: withdraw 6 50.000000 
Loaded withdrawal transaction
Parsed transaction: withdraw 7 50.000000 
Loaded withdrawal transaction
Parsed transaction: withdraw 8 50.000000 
Loaded withdrawal transaction
Parsed transaction: withdraw 9 50.000000 
Loaded withdrawal transaction
Parsed transaction: withdraw 0 50.000000 
Loaded withdrawal transaction
********************************************
********************************************
   Reading and parsing a transaction file   
********************************************
Parsed transaction: deposit 0 400.000000 
Loaded deposit transaction
Parsed transaction: withdraw 0 200.000000 
Loaded withdrawal transaction
Parsed transaction: deposit 0 100.000000 
Loaded deposit transaction
Parsed transaction: withdraw 0 50.000000 
Loaded withdrawal transaction
Parsed transaction: withdraw 0 150.000000 
Loaded withdrawal transaction
Parsed transaction: deposit 0 300.000000 
Loaded deposit transaction
Parsed transaction: transfer 0 1 300.000000 
Loaded transfer transaction
Parsed transaction: balance 1 
Loaded balance transaction
********************************************
********************************************
   Reading and parsing a transaction file   
********************************************
Parsed transaction: deposit 0 907.000000 
Loaded deposit transaction
Parsed transaction: deposit 1 911.000000 
Loaded deposit transaction
Parsed transaction: deposit 2 919.000000 
Loaded deposit transaction
Parsed transaction: transfer 3 7 29.000000 
Loaded transfer transaction
Parsed transaction: transfer 7 6 31.000000 
Loaded transfer transaction
Parsed transaction: transfer 7 5 37.000000 
Loaded transfer transaction
Parsed transaction: transfer 7 4 3.000000 
Loaded transfer transaction
Parsed transaction: transfer 7 4 5.000000 
Loaded transfer transaction
Parsed transaction: deposit 3 929.000000 
Loaded deposit transaction
Parsed transaction: deposit 4 937.000000 
Loaded deposit transaction
Parsed transaction: deposit 5 941.000000 
Loaded deposit transaction
Parsed transaction: withdraw 4 167.000000 
Loaded withdrawal transaction
Parsed transaction: withdraw 5 307.000000 
Loaded withdrawal transaction
Parsed transaction: transfer 1 8 89.000000 
Loaded transfer transaction
Parsed transaction: transfer 1 9 163.000000 
Loaded transfer transaction
Parsed transaction: withdraw 1 41.000000 
Loaded withdrawal transaction
Parsed transaction: withdraw 2 71.000000 
Loaded withdrawal transaction
Parsed transaction: withdraw 3 127.000000 
Loaded withdrawal transaction
Parsed transaction: withdraw 6 647.000000 
Loaded withdrawal transaction
Parsed transaction: deposit 6 953.000000 
Loaded deposit transaction
Parsed transaction: deposit 7 967.000000 
Loaded deposit transaction
Parsed transaction: transfer 1 7 19.000000 
Loaded transfer transaction
Parsed transaction: transfer 2 7 23.000000 
Loaded transfer transaction
Parsed transaction: transfer 6 5 67.000000 
Loaded transfer transaction
Parsed transaction: transfer 4 5 53.000000 
Loaded transfer transaction
Parsed transaction: withdraw 7 593.000000 
Loaded withdrawal transaction
Parsed transaction: withdraw 8 449.000000 
Loaded withdrawal transaction
Parsed transaction: withdraw 9 163.000000 
Loaded withdrawal transaction
********************************************
  ***    Start of transaction batch    ***  
User 0, Acc 9 Balance 0.000000, Deposit 617.000000 
User 0, Acc 9 Balance 617.000000, Transfer 617.000000 to Acc 9
User 0, Acc 8 Balance 0.000000, Deposit 619.000000 
User 0, Acc 8 Balance 619.000000, Transfer 619.000000 to Acc 2
User 0, Acc 7 Balance 0.000000, Deposit 631.000000 
User 0, Acc 7 Balance 631.000000, Transfer 631.000000 to Acc 3
User 0, Acc 6 Balance 0.000000, Deposit 641.000000 
User 0, Acc 6 Balance 641.000000, Transfer 641.000000 to Acc 4
User 0, Acc 5 Balance 0.000000, Deposit 643.000000 
User 0, Acc 4 Balance 641.000000, Deposit 647.000000 
User 0, Acc 4 Balance 1288.000000, Transfer 1200.000000 to Acc 7
User 0, Acc 3 Balance 631.000000, Deposit 653.000000 
User 0, Acc 3 Balance 1284.000000, Transfer 1200.000000 to Acc 8
User 3, Acc 0 Balance 0.000000, Deposit 907.000000 
User 1, Acc 9 Balance 617.000000, Deposit 617.000000 
User 3, Acc 1 Balance 0.000000, Deposit 911.000000 
User 1, Acc 9 Balance 1234.000000, Transfer 617.000000 to Acc 1
User 0, Acc 2 Balance 619.000000, Deposit 659.000000 
User 2, Acc 0 Balance 0.000000, Deposit 400.000000 
User 2, Acc 0 Balance 1307.000000, Withdraw 200.000000 
User 2, Acc 0 Balance 1107.000000, Deposit 100.000000 
User 2, Acc 0 Balance 1207.000000, Withdraw 50.000000 
User 2, Acc 0 Balance 1157.000000, Withdraw 150.000000 
User 2, Acc 0 Balance 1007.000000, Deposit 300.000000 
User 2, Acc 0 Balance 1307.000000, Transfer 300.000000 to Acc 1
Balance in 1: 1828.000000
User 2, Acc 9 Balance 617.000000, Deposit 617.000000 
User 2, Acc 9 Balance 1234.000000, Transfer 617.000000 to Acc 9
User 2, Acc 8 Balance 1200.000000, Deposit 619.000000 
User 2, Acc 8 Balance 1819.000000, Transfer 619.000000 to Acc 2
User 2, Acc 7 Balance 1200.000000, Deposit 631.000000 
User 2, Acc 7 Balance 1831.000000, Transfer 631.000000 to Acc 3
User 2, Acc 6 Balance 0.000000, Deposit 641.000000 
User 2, Acc 6 Balance 641.000000, Transfer 641.000000 to Acc 4
User 2, Acc 5 Balance 643.000000, Deposit 643.000000 
User 2, Acc 5 Balance 1286.000000, Transfer 1200.000000 to Acc 6
User 2, Acc 4 Balance 729.000000, Deposit 647.000000 
User 2, Acc 4 Balance 1376.000000, Transfer 1200.000000 to Acc 7
User 2, Acc 3 Balance 715.000000, Deposit 653.000000 
User 3, Acc 2 Balance 619.000000, Deposit 919.000000 
User 3, Acc 3 Balance 1368.000000, Transfer 29.000000 to Acc 7
User 3, Acc 7 Balance 2429.000000, Transfer 31.000000 to Acc 6
User 3, Acc 7 Balance 2398.000000, Transfer 37.000000 to Acc 5
User 3, Acc 7 Balance 2361.000000, Transfer 3.000000 to Acc 4
User 3, Acc 7 Balance 2358.000000, Transfer 5.000000 to Acc 4
User 3, Acc 3 Balance 1339.000000, Deposit 929.000000 
User 3, Acc 4 Balance 184.000000, Deposit 937.000000 
User 3, Acc 5 Balance 123.000000, Deposit 941.000000 
User 3, Acc 4 Balance 1121.000000, Withdraw 167.000000 
User 3, Acc 5 Balance 1064.000000, Withdraw 307.000000 
User 3, Acc 1 Balance 1828.000000, Transfer 89.000000 to Acc 8
User 3, Acc 1 Balance 1739.000000, Transfer 163.000000 to Acc 9
User 3, Acc 1 Balance 1576.000000, Withdraw 41.000000 
User 3, Acc 2 Balance 2816.000000, Withdraw 71.000000 
User 3, Acc 3 Balance 2268.000000, Withdraw 127.000000 
User 3, Acc 6 Balance 1231.000000, Withdraw 647.000000 
User 3, Acc 6 Balance 584.000000, Deposit 953.000000 
User 3, Acc 7 Balance 2353.000000, Deposit 967.000000 
User 3, Acc 1 Balance 1535.000000, Transfer 19.000000 to Acc 7
User 3, Acc 2 Balance 2745.000000, Transfer 23.000000 to Acc 7
User 3, Acc 6 Balance 1537.000000, Transfer 67.000000 to Acc 5
User 3, Acc 4 Balance 954.000000, Transfer 53.000000 to Acc 5
User 1, Acc 8 Balance 1200.000000, Deposit 619.000000 
User 0, Acc 2 Balance 1278.000000, Transfer 1200.000000 to Acc 9
User 0, Acc 1 Balance 1516.000000, Deposit 661.000000 
User 0, Acc 1 Balance 2177.000000, Transfer 1200.000000 to Acc 9
User 0, Acc 0 Balance 1007.000000, Deposit 673.000000 
User 2, Acc 3 Balance 1368.000000, Transfer 1200.000000 to Acc 8
User 2, Acc 2 Balance 1522.000000, Deposit 659.000000 
User 1, Acc 8 Balance 1908.000000, Transfer 619.000000 to Acc 2
User 0, Acc 0 Balance 1680.000000, Transfer 1200.000000 to Acc 9
User 0, Acc 1 Balance 977.000000, Withdraw 50.000000 
User 2, Acc 2 Balance 2181.000000, Transfer 1200.000000 to Acc 9
User 2, Acc 1 Balance 927.000000, Deposit 661.000000 
User 2, Acc 1 Balance 1588.000000, Transfer 1200.000000 to Acc 9
User 2, Acc 0 Balance 480.000000, Deposit 673.000000 
User 2, Acc 1 Balance 388.000000, Withdraw 50.000000 
User 2, Acc 2 Balance 1600.000000, Withdraw 50.000000 
User 2, Acc 3 Balance 941.000000, Withdraw 50.000000 
User 2, Acc 4 Balance 901.000000, Withdraw 50.000000 
User 3, Acc 7 Balance 3362.000000, Withdraw 593.000000 
User 3, Acc 8 Balance 2489.000000, Withdraw 449.000000 
User 3, Acc 9 Balance 7397.000000, Withdraw 163.000000 
User 3, Acc 9 Balance 7234.000000, Deposit 617.000000 
User 3, Acc 9 Balance 7851.000000, Transfer 617.000000 to Acc 9
User 3, Acc 8 Balance 2040.000000, Deposit 619.000000 
User 3, Acc 8 Balance 2659.000000, Transfer 619.000000 to Acc 2
User 3, Acc 7 Balance 2769.000000, Deposit 631.000000 
User 3, Acc 7 Balance 3400.000000, Transfer 631.000000 to Acc 3
User 3, Acc 6 Balance 1470.000000, Deposit 641.000000 
User 3, Acc 6 Balance 2111.000000, Transfer 641.000000 to Acc 4
User 3, Acc 5 Balance 877.000000, Deposit 643.000000 
User 3, Acc 5 Balance 1520.000000, Transfer 1200.000000 to Acc 6
User 3, Acc 4 Balance 1492.000000, Deposit 647.000000 
User 3, Acc 4 Balance 2139.000000, Transfer 1200.000000 to Acc 7
User 3, Acc 3 Balance 1522.000000, Deposit 653.000000 
User 3, Acc 3 Balance 2175.000000, Transfer 1200.000000 to Acc 8
User 3, Acc 2 Balance 2169.000000, Deposit 659.000000 
User 3, Acc 2 Balance 2828.000000, Transfer 1200.000000 to Acc 9
User 3, Acc 1 Balance 338.000000, Deposit 661.000000 
User 3, Acc 0 Balance 1153.000000, Deposit 673.000000 
User 3, Acc 0 Balance 1826.000000, Transfer 1200.000000 to Acc 9
User 3, Acc 1 Balance 999.000000, Withdraw 50.000000 
User 3, Acc 2 Balance 1628.000000, Withdraw 50.000000 
User 3, Acc 3 Balance 975.000000, Withdraw 50.000000 
User 3, Acc 4 Balance 939.000000, Withdraw 50.000000 
User 3, Acc 5 Balance 320.000000, Withdraw 50.000000 
User 3, Acc 6 Balance 2670.000000, Withdraw 50.000000 
User 3, Acc 7 Balance 3969.000000, Withdraw 50.000000 
User 3, Acc 8 Balance 3240.000000, Withdraw 50.000000 
User 3, Acc 9 Balance 10251.000000, Withdraw 50.000000 
User 3, Acc 0 Balance 626.000000, Withdraw 50.000000 
User 3, Acc 9 Balance 10201.000000, Deposit 617.000000 
User 3, Acc 9 Balance 10818.000000, Transfer 617.000000 to Acc 1
User 3, Acc 8 Balance 3190.000000, Deposit 619.000000 
User 3, Acc 8 Balance 3809.000000, Transfer 619.000000 to Acc 2
User 3, Acc 7 Balance 3919.000000, Deposit 631.000000 
User 3, Acc 7 Balance 4550.000000, Transfer 631.000000 to Acc 3
User 3, Acc 6 Balance 2620.000000, Deposit 641.000000 
User 3, Acc 6 Balance 3261.000000, Transfer 641.000000 to Acc 4
User 3, Acc 5 Balance 270.000000, Deposit 643.000000 
User 3, Acc 4 Balance 1530.000000, Deposit 647.000000 
User 3, Acc 4 Balance 2177.000000, Transfer 1200.000000 to Acc 7
User 3, Acc 3 Balance 1556.000000, Deposit 653.000000 
User 3, Acc 3 Balance 2209.000000, Transfer 1200.000000 to Acc 8
User 3, Acc 2 Balance 2197.000000, Deposit 659.000000 
User 3, Acc 2 Balance 2856.000000, Transfer 1200.000000 to Acc 9
User 3, Acc 1 Balance 1566.000000, Deposit 661.000000 
User 3, Acc 1 Balance 2227.000000, Transfer 1200.000000 to Acc 9
User 3, Acc 0 Balance 576.000000, Deposit 673.000000 
User 3, Acc 0 Balance 1249.000000, Transfer 1200.000000 to Acc 9
User 3, Acc 1 Balance 1027.000000, Withdraw 50.000000 
User 3, Acc 2 Balance 1656.000000, Withdraw 50.000000 
User 3, Acc 3 Balance 1009.000000, Withdraw 50.000000 
User 3, Acc 4 Balance 977.000000, Withdraw 50.000000 
User 3, Acc 5 Balance 913.000000, Withdraw 50.000000 
User 3, Acc 6 Balance 2620.000000, Withdraw 50.000000 
User 3, Acc 7 Balance 5119.000000, Withdraw 50.000000 
User 3, Acc 8 Balance 4390.000000, Withdraw 50.000000 
User 3, Acc 9 Balance 13801.000000, Withdraw 50.000000 
[22;32mUser 3, Acc 0 Balance 49.000000, 				Withdraw 50.000000 --insufficient funds[0m
User 3, Acc 9 Balance 13751.000000, Deposit 617.000000 
User 3, Acc 9 Balance 14368.000000, Transfer 617.000000 to Acc 9
User 3, Acc 8 Balance 4340.000000, Deposit 619.000000 
User 3, Acc 8 Balance 4959.000000, Transfer 619.000000 to Acc 2
User 3, Acc 7 Balance 5069.000000, Deposit 631.000000 
User 3, Acc 7 Balance 5700.000000, Transfer 631.000000 to Acc 3
User 3, Acc 6 Balance 2570.000000, Deposit 641.000000 
User 3, Acc 6 Balance 3211.000000, Transfer 641.000000 to Acc 4
User 3, Acc 5 Balance 863.000000, Deposit 643.000000 
User 3, Acc 5 Balance 1506.000000, Transfer 1200.000000 to Acc 6
User 3, Acc 4 Balance 1568.000000, Deposit 647.000000 
User 3, Acc 4 Balance 2215.000000, Transfer 1200.000000 to Acc 7
User 3, Acc 3 Balance 1590.000000, Deposit 653.000000 
User 3, Acc 3 Balance 2243.000000, Transfer 1200.000000 to Acc 8
User 3, Acc 2 Balance 2225.000000, Deposit 659.000000 
User 3, Acc 2 Balance 2884.000000, Transfer 1200.000000 to Acc 9
User 3, Acc 1 Balance 977.000000, Deposit 661.000000 
User 3, Acc 1 Balance 1638.000000, Transfer 1200.000000 to Acc 9
User 3, Acc 0 Balance 49.000000, Deposit 673.000000 
User 3, Acc 1 Balance 438.000000, Withdraw 50.000000 
User 3, Acc 2 Balance 1684.000000, Withdraw 50.000000 
User 3, Acc 3 Balance 1043.000000, Withdraw 50.000000 
User 3, Acc 4 Balance 1015.000000, Withdraw 50.000000 
User 3, Acc 5 Balance 306.000000, Withdraw 50.000000 
User 3, Acc 6 Balance 3770.000000, Withdraw 50.000000 
User 3, Acc 7 Balance 6269.000000, Withdraw 50.000000 
User 3, Acc 8 Balance 5540.000000, Withdraw 50.000000 
User 3, Acc 9 Balance 16768.000000, Withdraw 50.000000 
User 3, Acc 0 Balance 722.000000, Withdraw 50.000000 
User 3, Acc 0 Balance 672.000000, Deposit 400.000000 
User 2, Acc 5 Balance 877.000000, Withdraw 50.000000 
User 2, Acc 6 Balance 3720.000000, Withdraw 50.000000 
User 2, Acc 7 Balance 6219.000000, Withdraw 50.000000 
User 2, Acc 8 Balance 5490.000000, Withdraw 50.000000 
User 2, Acc 9 Balance 16718.000000, Withdraw 50.000000 
User 2, Acc 0 Balance 1072.000000, Withdraw 50.000000 
User 2, Acc 9 Balance 16668.000000, Deposit 617.000000 
User 2, Acc 9 Balance 17285.000000, Transfer 617.000000 to Acc 1
User 2, Acc 8 Balance 5440.000000, Deposit 619.000000 
User 2, Acc 8 Balance 6059.000000, Transfer 619.000000 to Acc 2
User 2, Acc 7 Balance 6169.000000, Deposit 631.000000 
User 2, Acc 7 Balance 6800.000000, Transfer 631.000000 to Acc 3
User 2, Acc 6 Balance 3670.000000, Deposit 641.000000 
User 2, Acc 6 Balance 4311.000000, Transfer 641.000000 to Acc 4
User 2, Acc 5 Balance 206.000000, Deposit 643.000000 
User 2, Acc 4 Balance 1606.000000, Deposit 647.000000 
User 2, Acc 4 Balance 2253.000000, Transfer 1200.000000 to Acc 7
User 2, Acc 3 Balance 1624.000000, Deposit 653.000000 
User 2, Acc 3 Balance 2277.000000, Transfer 1200.000000 to Acc 8
User 2, Acc 2 Balance 2253.000000, Deposit 659.000000 
User 2, Acc 2 Balance 2912.000000, Transfer 1200.000000 to Acc 9
User 2, Acc 1 Balance 1005.000000, Deposit 661.000000 
User 2, Acc 1 Balance 1666.000000, Transfer 1200.000000 to Acc 9
User 2, Acc 0 Balance 1022.000000, Deposit 673.000000 
User 2, Acc 0 Balance 1695.000000, Transfer 1200.000000 to Acc 9
User 2, Acc 1 Balance 466.000000, Withdraw 50.000000 
User 2, Acc 2 Balance 1712.000000, Withdraw 50.000000 
User 2, Acc 3 Balance 1077.000000, Withdraw 50.000000 
User 2, Acc 4 Balance 1053.000000, Withdraw 50.000000 
User 2, Acc 5 Balance 849.000000, Withdraw 50.000000 
User 2, Acc 6 Balance 3670.000000, Withdraw 50.000000 
User 2, Acc 7 Balance 7369.000000, Withdraw 50.000000 
User 2, Acc 8 Balance 6640.000000, Withdraw 50.000000 
User 2, Acc 9 Balance 20268.000000, Withdraw 50.000000 
User 2, Acc 0 Balance 495.000000, Withdraw 50.000000 
User 2, Acc 9 Balance 20218.000000, Deposit 617.000000 
User 2, Acc 9 Balance 20835.000000, Transfer 617.000000 to Acc 1
User 2, Acc 8 Balance 6590.000000, Deposit 619.000000 
User 2, Acc 8 Balance 7209.000000, Transfer 619.000000 to Acc 2
User 2, Acc 7 Balance 7319.000000, Deposit 631.000000 
User 2, Acc 7 Balance 7950.000000, Transfer 631.000000 to Acc 3
User 2, Acc 6 Balance 3620.000000, Deposit 641.000000 
User 3, Acc 0 Balance 1072.000000, Withdraw 200.000000 
User 0, Acc 2 Balance 2800.000000, Withdraw 50.000000 
User 3, Acc 0 Balance 245.000000, Deposit 100.000000 
User 1, Acc 7 Balance 3362.000000, Deposit 631.000000 
User 1, Acc 7 Balance 7950.000000, Transfer 631.000000 to Acc 3
User 0, Acc 3 Balance 1658.000000, Withdraw 50.000000 
User 0, Acc 4 Balance 1003.000000, Withdraw 50.000000 
User 0, Acc 5 Balance 799.000000, Withdraw 50.000000 
User 0, Acc 6 Balance 4261.000000, Withdraw 50.000000 
User 0, Acc 7 Balance 7319.000000, Withdraw 50.000000 
User 0, Acc 8 Balance 6590.000000, Withdraw 50.000000 
User 2, Acc 6 Balance 4261.000000, Transfer 641.000000 to Acc 4
User 2, Acc 5 Balance 749.000000, Deposit 643.000000 
User 2, Acc 5 Balance 1392.000000, Transfer 1200.000000 to Acc 6
User 2, Acc 4 Balance 1594.000000, Deposit 647.000000 
User 2, Acc 4 Balance 2241.000000, Transfer 1200.000000 to Acc 7
User 2, Acc 3 Balance 2239.000000, Deposit 653.000000 
User 2, Acc 3 Balance 2892.000000, Transfer 1200.000000 to Acc 8
User 2, Acc 2 Balance 2231.000000, Deposit 659.000000 
User 2, Acc 2 Balance 2890.000000, Transfer 1200.000000 to Acc 9
User 2, Acc 1 Balance 1033.000000, Deposit 661.000000 
User 2, Acc 1 Balance 1694.000000, Transfer 1200.000000 to Acc 9
User 2, Acc 0 Balance 345.000000, Deposit 673.000000 
User 2, Acc 1 Balance 494.000000, Withdraw 50.000000 
User 2, Acc 2 Balance 1690.000000, Withdraw 50.000000 
User 2, Acc 3 Balance 1692.000000, Withdraw 50.000000 
User 2, Acc 4 Balance 1041.000000, Withdraw 50.000000 
User 2, Acc 5 Balance 192.000000, Withdraw 50.000000 
User 2, Acc 6 Balance 4770.000000, Withdraw 50.000000 
User 2, Acc 7 Balance 8469.000000, Withdraw 50.000000 
User 2, Acc 8 Balance 7740.000000, Withdraw 50.000000 
User 2, Acc 9 Balance 22618.000000, Withdraw 50.000000 
User 2, Acc 0 Balance 1018.000000, Withdraw 50.000000 
User 2, Acc 0 Balance 968.000000, Deposit 907.000000 
User 2, Acc 1 Balance 444.000000, Deposit 911.000000 
User 2, Acc 2 Balance 1640.000000, Deposit 919.000000 
User 2, Acc 3 Balance 1642.000000, Transfer 29.000000 to Acc 7
User 2, Acc 7 Balance 8448.000000, Transfer 31.000000 to Acc 6
User 2, Acc 7 Balance 8417.000000, Transfer 37.000000 to Acc 5
User 2, Acc 7 Balance 8380.000000, Transfer 3.000000 to Acc 4
User 2, Acc 7 Balance 8377.000000, Transfer 5.000000 to Acc 4
User 2, Acc 3 Balance 1613.000000, Deposit 929.000000 
User 2, Acc 4 Balance 999.000000, Deposit 937.000000 
User 2, Acc 5 Balance 179.000000, Deposit 941.000000 
User 2, Acc 4 Balance 1936.000000, Withdraw 167.000000 
User 2, Acc 5 Balance 1120.000000, Withdraw 307.000000 
User 2, Acc 1 Balance 1355.000000, Transfer 89.000000 to Acc 8
User 2, Acc 1 Balance 1266.000000, Transfer 163.000000 to Acc 9
User 2, Acc 1 Balance 1103.000000, Withdraw 41.000000 
User 2, Acc 2 Balance 2559.000000, Withdraw 71.000000 
User 2, Acc 3 Balance 2542.000000, Withdraw 127.000000 
User 2, Acc 6 Balance 4751.000000, Withdraw 647.000000 
User 2, Acc 6 Balance 4104.000000, Deposit 953.000000 
User 2, Acc 7 Balance 8372.000000, Deposit 967.000000 
User 2, Acc 1 Balance 1062.000000, Transfer 19.000000 to Acc 7
User 2, Acc 2 Balance 2488.000000, Transfer 23.000000 to Acc 7
User 2, Acc 6 Balance 5057.000000, Transfer 67.000000 to Acc 5
User 2, Acc 4 Balance 1769.000000, Transfer 53.000000 to Acc 5
User 2, Acc 7 Balance 9381.000000, Withdraw 593.000000 
User 2, Acc 8 Balance 7779.000000, Withdraw 449.000000 
User 2, Acc 9 Balance 22731.000000, Withdraw 163.000000 
User 2, Acc 0 Balance 1875.000000, Deposit 400.000000 
User 2, Acc 0 Balance 2275.000000, Withdraw 200.000000 
User 2, Acc 0 Balance 2075.000000, Deposit 100.000000 
User 2, Acc 0 Balance 2175.000000, Withdraw 50.000000 
User 2, Acc 0 Balance 2125.000000, Withdraw 150.000000 
User 2, Acc 0 Balance 1975.000000, Deposit 300.000000 
User 2, Acc 0 Balance 2275.000000, Transfer 300.000000 to Acc 1
Balance in 1: 1343.000000
User 2, Acc 0 Balance 1975.000000, Deposit 400.000000 
User 2, Acc 0 Balance 2375.000000, Withdraw 200.000000 
User 2, Acc 0 Balance 2175.000000, Deposit 100.000000 
User 2, Acc 0 Balance 2275.000000, Withdraw 50.000000 
User 2, Acc 0 Balance 2225.000000, Withdraw 150.000000 
User 2, Acc 0 Balance 2075.000000, Deposit 300.000000 
User 2, Acc 0 Balance 2375.000000, Transfer 300.000000 to Acc 1
Balance in 1: 1643.000000
User 2, Acc 0 Balance 2075.000000, Deposit 907.000000 
User 2, Acc 1 Balance 1643.000000, Deposit 911.000000 
User 2, Acc 2 Balance 2465.000000, Deposit 919.000000 
User 2, Acc 3 Balance 2415.000000, Transfer 29.000000 to Acc 7
User 2, Acc 7 Balance 8817.000000, Transfer 31.000000 to Acc 6
User 2, Acc 7 Balance 8786.000000, Transfer 37.000000 to Acc 5
User 0, Acc 9 Balance 20218.000000, Withdraw 50.000000 
User 2, Acc 7 Balance 8749.000000, Transfer 3.000000 to Acc 4
User 0, Acc 0 Balance 2982.000000, Withdraw 50.000000 
User 3, Acc 0 Balance 345.000000, Withdraw 50.000000 
User 2, Acc 7 Balance 8746.000000, Transfer 5.000000 to Acc 4
User 0, Acc 0 Balance 2932.000000, Deposit 907.000000 
User 1, Acc 6 Balance 4261.000000, Deposit 641.000000 
User 3, Acc 0 Balance 2882.000000, Withdraw 150.000000 
User 1, Acc 6 Balance 5662.000000, Transfer 641.000000 to Acc 4
User 3, Acc 0 Balance 3639.000000, Deposit 300.000000 
User 0, Acc 1 Balance 2554.000000, Deposit 911.000000 
User 0, Acc 2 Balance 3384.000000, Deposit 919.000000 
User 2, Acc 3 Balance 2386.000000, Deposit 929.000000 
User 3, Acc 0 Balance 3939.000000, Transfer 300.000000 to Acc 1
User 1, Acc 5 Balance 970.000000, Deposit 643.000000 
Balance in 1: 3765.000000
User 0, Acc 3 Balance 2386.000000, Transfer 29.000000 to Acc 7
User 2, Acc 4 Balance 2365.000000, Deposit 937.000000 
User 0, Acc 7 Balance 8770.000000, Transfer 31.000000 to Acc 6
User 1, Acc 5 Balance 1613.000000, Transfer 1200.000000 to Acc 6
User 1, Acc 4 Balance 3302.000000, Deposit 647.000000 
User 1, Acc 4 Balance 3949.000000, Transfer 1200.000000 to Acc 7
User 2, Acc 5 Balance 1613.000000, Deposit 941.000000 
User 1, Acc 3 Balance 3286.000000, Deposit 653.000000 
User 0, Acc 7 Balance 8739.000000, Transfer 37.000000 to Acc 5
User 2, Acc 4 Balance 2749.000000, Withdraw 167.000000 
User 1, Acc 3 Balance 3939.000000, Transfer 1200.000000 to Acc 8
User 2, Acc 5 Balance 1391.000000, Withdraw 307.000000 
User 0, Acc 7 Balance 9902.000000, Transfer 3.000000 to Acc 4
User 0, Acc 7 Balance 9899.000000, Transfer 5.000000 to Acc 4
User 0, Acc 3 Balance 2739.000000, Deposit 929.000000 
User 2, Acc 1 Balance 3765.000000, Transfer 89.000000 to Acc 8
User 2, Acc 1 Balance 3676.000000, Transfer 163.000000 to Acc 9
User 0, Acc 4 Balance 2590.000000, Deposit 937.000000 
User 0, Acc 5 Balance 1084.000000, Deposit 941.000000 
User 1, Acc 2 Balance 4303.000000, Deposit 659.000000 
User 1, Acc 2 Balance 4962.000000, Transfer 1200.000000 to Acc 9
User 2, Acc 1 Balance 3513.000000, Withdraw 41.000000 
User 2, Acc 2 Balance 3762.000000, Withdraw 71.000000 
User 2, Acc 3 Balance 3668.000000, Withdraw 127.000000 
User 2, Acc 6 Balance 6252.000000, Withdraw 647.000000 
User 2, Acc 6 Balance 5605.000000, Deposit 953.000000 
User 2, Acc 7 Balance 9894.000000, Deposit 967.000000 
User 2, Acc 1 Balance 3472.000000, Transfer 19.000000 to Acc 7
User 2, Acc 2 Balance 3691.000000, Transfer 23.000000 to Acc 7
User 2, Acc 6 Balance 6558.000000, Transfer 67.000000 to Acc 5
User 2, Acc 4 Balance 3527.000000, Transfer 53.000000 to Acc 5
User 0, Acc 4 Balance 3527.000000, Withdraw 167.000000 
User 0, Acc 5 Balance 2145.000000, Withdraw 307.000000 
User 0, Acc 1 Balance 3453.000000, Transfer 89.000000 to Acc 8
User 0, Acc 1 Balance 3364.000000, Transfer 163.000000 to Acc 9
User 0, Acc 1 Balance 3201.000000, Withdraw 41.000000 
User 0, Acc 2 Balance 3668.000000, Withdraw 71.000000 
User 0, Acc 3 Balance 3541.000000, Withdraw 127.000000 
User 0, Acc 6 Balance 6491.000000, Withdraw 647.000000 
User 0, Acc 6 Balance 5844.000000, Deposit 953.000000 
User 0, Acc 7 Balance 10903.000000, Deposit 967.000000 
User 0, Acc 1 Balance 3160.000000, Transfer 19.000000 to Acc 7
User 0, Acc 2 Balance 3597.000000, Transfer 23.000000 to Acc 7
User 0, Acc 6 Balance 6797.000000, Transfer 67.000000 to Acc 5
User 0, Acc 4 Balance 3307.000000, Transfer 53.000000 to Acc 5
User 0, Acc 7 Balance 11912.000000, Withdraw 593.000000 
User 0, Acc 8 Balance 8708.000000, Withdraw 449.000000 
User 0, Acc 9 Balance 24044.000000, Withdraw 163.000000 
User 1, Acc 1 Balance 3513.000000, Deposit 661.000000 
User 1, Acc 1 Balance 3802.000000, Transfer 1200.000000 to Acc 9
User 2, Acc 7 Balance 10903.000000, Withdraw 593.000000 
User 2, Acc 8 Balance 8259.000000, Withdraw 449.000000 
User 2, Acc 9 Balance 25081.000000, Withdraw 163.000000 
User 1, Acc 0 Balance 3639.000000, Deposit 673.000000 
User 1, Acc 0 Balance 4312.000000, Transfer 1200.000000 to Acc 9
User 1, Acc 1 Balance 2602.000000, Withdraw 50.000000 
User 1, Acc 2 Balance 3574.000000, Withdraw 50.000000 
User 1, Acc 3 Balance 3414.000000, Withdraw 50.000000 
User 1, Acc 4 Balance 3254.000000, Withdraw 50.000000 
User 1, Acc 5 Balance 1958.000000, Withdraw 50.000000 
User 1, Acc 6 Balance 6730.000000, Withdraw 50.000000 
User 1, Acc 7 Balance 10726.000000, Withdraw 50.000000 
User 1, Acc 8 Balance 7810.000000, Withdraw 50.000000 
User 1, Acc 9 Balance 26118.000000, Withdraw 50.000000 
User 1, Acc 0 Balance 3112.000000, Withdraw 50.000000 
  ***     End of transaction batch    ***  
Account 0 balance after completion of transaction batch: 3062.000000
Account 1 balance after completion of transaction batch: 2552.000000
Account 2 balance after completion of transaction batch: 3524.000000
Account 3 balance after completion of transaction batch: 3364.000000
Account 4 balance after completion of transaction batch: 3204.000000
Account 5 balance after completion of transaction batch: 1908.000000
Account 6 balance after completion of transaction batch: 6680.000000
Account 7 balance after completion of transaction batch: 10676.000000
Account 8 balance after completion of transaction batch: 7760.000000
Account 9 balance after completion of transaction batch: 26068.000000
