# Output generated by:
# ./my_executable 4 data/transactions7.txt data/transactions11.txt data/transactions6.txt data/transactions4.txt

********************************************
   Reading and parsing a transaction file   
********************************************
Parsed transaction: deposit 7 9929.000000 
Loaded deposit transaction
Parsed transaction: deposit 4 937.000000 
Loaded deposit transaction
Parsed transaction: deposit 5 941.000000 
Loaded deposit transaction
Parsed transaction: deposit 0 7.000000 
Loaded deposit transaction
Parsed transaction: deposit 3 29.000000 
Loaded deposit transaction
Parsed transaction: deposit 7 9.000000 
Loaded deposit transaction
Parsed transaction: deposit 9 129.000000 
Loaded deposit transaction
Parsed transaction: transfer 3 7 29.000000 
Loaded transfer transaction
Parsed transaction: transfer 7 6 31.000000 
Loaded transfer transaction
Parsed transaction: transfer 7 5 137.000000 
Loaded transfer transaction
Parsed transaction: transfer 7 4 3.000000 
Loaded transfer transaction
Parsed transaction: transfer 7 4 5.000000 
Loaded transfer transaction
Parsed transaction: withdraw 4 1167.000000 
Loaded withdrawal transaction
Parsed transaction: withdraw 5 1307.000000 
Loaded withdrawal transaction
Parsed transaction: transfer 1 8 89.000000 
Loaded transfer transaction
Parsed transaction: transfer 1 9 163.000000 
Loaded transfer transaction
Parsed transaction: withdraw 1 41.000000 
Loaded withdrawal transaction
Parsed transaction: withdraw 2 71.000000 
Loaded withdrawal transaction
Parsed transaction: withdraw 3 1127.000000 
Loaded withdrawal transaction
Parsed transaction: withdraw 6 647.000000 
Loaded withdrawal transaction
Parsed transaction: deposit 6 1953.000000 
Loaded deposit transaction
Parsed transaction: deposit 7 967.000000 
Loaded deposit transaction
Parsed transaction: transfer 1 7 19.000000 
Loaded transfer transaction
Parsed transaction: transfer 2 7 23.000000 
Loaded transfer transaction
Parsed transaction: transfer 6 5 1167.000000 
Loaded transfer transaction
Parsed transaction: transfer 4 5 53.000000 
Loaded transfer transaction
Parsed transaction: withdraw 7 1593.000000 
Loaded withdrawal transaction
Parsed transaction: withdraw 8 449.000000 
Loaded withdrawal transaction
Parsed transaction: withdraw 9 163.000000 
Loaded withdrawal transaction
********************************************
********************************************
   Reading and parsing a transaction file   
********************************************
Parsed transaction: deposit 9 617.000000 
Loaded deposit transaction
Parsed transaction: transfer 9 9 617.000000 
Loaded transfer transaction
Parsed transaction: deposit 8 619.000000 
Loaded deposit transaction
Parsed transaction: transfer 8 2 619.000000 
Loaded transfer transaction
Parsed transaction: deposit 7 631.000000 
Loaded deposit transaction
Parsed transaction: transfer 7 3 631.000000 
Loaded transfer transaction
Parsed transaction: deposit 6 641.000000 
Loaded deposit transaction
Parsed transaction: transfer 6 4 641.000000 
Loaded transfer transaction
Parsed transaction: deposit 5 643.000000 
Loaded deposit transaction
Parsed transaction: transfer 5 6 1200.000000 
Loaded transfer transaction
Parsed transaction: deposit 4 647.000000 
Loaded deposit transaction
Parsed transaction: transfer 4 7 1200.000000 
Loaded transfer transaction
Parsed transaction: deposit 3 653.000000 
Loaded deposit transaction
Parsed transaction: transfer 3 8 1200.000000 
Loaded transfer transaction
Parsed transaction: deposit 2 659.000000 
Loaded deposit transaction
Parsed transaction: transfer 2 9 1200.000000 
Loaded transfer transaction
Parsed transaction: deposit 1 661.000000 
Loaded deposit transaction
Parsed transaction: transfer 1 9 1200.000000 
Loaded transfer transaction
Parsed transaction: deposit 0 673.000000 
Loaded deposit transaction
Parsed transaction: transfer 0 9 1200.000000 
Loaded transfer transaction
Parsed transaction: withdraw 1 50.000000 
Loaded withdrawal transaction
Parsed transaction: withdraw 2 50.000000 
Loaded withdrawal transaction
Parsed transaction: withdraw 3 50.000000 
Loaded withdrawal transaction
Parsed transaction: withdraw 4 50.000000 
Loaded withdrawal transaction
Parsed transaction: withdraw 5 50.000000 
Loaded withdrawal transaction
Parsed transaction: withdraw 6 50.000000 
Loaded withdrawal transaction
Parsed transaction: withdraw 7 50.000000 
Loaded withdrawal transaction
Parsed transaction: withdraw 8 50.000000 
Loaded withdrawal transaction
Parsed transaction: withdraw 9 50.000000 
Loaded withdrawal transaction
Parsed transaction: withdraw 0 50.000000 
Loaded withdrawal transaction
********************************************
********************************************
   Reading and parsing a transaction file   
********************************************
Parsed transaction: deposit 0 7.000000 
Loaded deposit transaction
Parsed transaction: deposit 1 11.000000 
Loaded deposit transaction
Parsed transaction: deposit 2 9.000000 
Loaded deposit transaction
Parsed transaction: transfer 3 7 29.000000 
Loaded transfer transaction
Parsed transaction: transfer 7 6 31.000000 
Loaded transfer transaction
Parsed transaction: transfer 7 5 137.000000 
Loaded transfer transaction
Parsed transaction: transfer 7 4 3.000000 
Loaded transfer transaction
Parsed transaction: transfer 7 4 5.000000 
Loaded transfer transaction
Parsed transaction: deposit 3 929.000000 
Loaded deposit transaction
Parsed transaction: deposit 4 937.000000 
Loaded deposit transaction
Parsed transaction: deposit 5 941.000000 
Loaded deposit transaction
Parsed transaction: withdraw 4 1167.000000 
Loaded withdrawal transaction
Parsed transaction: withdraw 5 1307.000000 
Loaded withdrawal transaction
Parsed transaction: transfer 1 8 89.000000 
Loaded transfer transaction
Parsed transaction: transfer 1 9 163.000000 
Loaded transfer transaction
Parsed transaction: withdraw 1 41.000000 
Loaded withdrawal transaction
Parsed transaction: withdraw 2 71.000000 
Loaded withdrawal transaction
Parsed transaction: withdraw 3 1127.000000 
Loaded withdrawal transaction
Parsed transaction: withdraw 6 647.000000 
Loaded withdrawal transaction
Parsed transaction: deposit 6 953.000000 
Loaded deposit transaction
Parsed transaction: deposit 7 967.000000 
Loaded deposit transaction
Parsed transaction: transfer 1 7 19.000000 
Loaded transfer transaction
Parsed transaction: transfer 2 7 23.000000 
Loaded transfer transaction
Parsed transaction: transfer 6 5 1167.000000 
Loaded transfer transaction
Parsed transaction: transfer 4 5 53.000000 
Loaded transfer transaction
Parsed transaction: withdraw 7 1593.000000 
Loaded withdrawal transaction
Parsed transaction: withdraw 8 449.000000 
Loaded withdrawal transaction
Parsed transaction: withdraw 9 163.000000 
Loaded withdrawal transaction
********************************************
********************************************
   Reading and parsing a transaction file   
********************************************
Parsed transaction: deposit 0 907.000000 
Loaded deposit transaction
Parsed transaction: deposit 1 911.000000 
Loaded deposit transaction
Parsed transaction: deposit 2 919.000000 
Loaded deposit transaction
Parsed transaction: deposit 3 929.000000 
Loaded deposit transaction
Parsed transaction: deposit 4 937.000000 
Loaded deposit transaction
Parsed transaction: deposit 5 941.000000 
Loaded deposit transaction
Parsed transaction: deposit 6 953.000000 
Loaded deposit transaction
Parsed transaction: deposit 7 967.000000 
Loaded deposit transaction
Parsed transaction: transfer 1 7 19.000000 
Loaded transfer transaction
Parsed transaction: transfer 2 7 23.000000 
Loaded transfer transaction
Parsed transaction: transfer 3 7 29.000000 
Loaded transfer transaction
Parsed transaction: transfer 7 6 31.000000 
Loaded transfer transaction
Parsed transaction: transfer 7 5 37.000000 
Loaded transfer transaction
Parsed transaction: transfer 7 4 3.000000 
Loaded transfer transaction
Parsed transaction: transfer 7 4 5.000000 
Loaded transfer transaction
Parsed transaction: transfer 6 5 67.000000 
Loaded transfer transaction
Parsed transaction: transfer 4 5 53.000000 
Loaded transfer transaction
Parsed transaction: transfer 1 8 89.000000 
Loaded transfer transaction
Parsed transaction: transfer 1 9 163.000000 
Loaded transfer transaction
Parsed transaction: withdraw 1 41.000000 
Loaded withdrawal transaction
Parsed transaction: withdraw 2 71.000000 
Loaded withdrawal transaction
Parsed transaction: withdraw 3 127.000000 
Loaded withdrawal transaction
Parsed transaction: withdraw 4 167.000000 
Loaded withdrawal transaction
Parsed transaction: withdraw 5 307.000000 
Loaded withdrawal transaction
Parsed transaction: withdraw 6 647.000000 
Loaded withdrawal transaction
Parsed transaction: withdraw 7 593.000000 
Loaded withdrawal transaction
Parsed transaction: withdraw 8 449.000000 
Loaded withdrawal transaction
Parsed transaction: withdraw 9 163.000000 
Loaded withdrawal transaction
********************************************
  ***    Start of transaction batch    ***  
User 0, Acc 7 Balance 0.000000, Deposit 9929.000000 
User 0, Acc 4 Balance 0.000000, Deposit 937.000000 
User 0, Acc 5 Balance 0.000000, Deposit 941.000000 
User 0, Acc 0 Balance 0.000000, Deposit 7.000000 
User 0, Acc 3 Balance 0.000000, Deposit 29.000000 
User 0, Acc 7 Balance 9929.000000, Deposit 9.000000 
User 0, Acc 9 Balance 0.000000, Deposit 129.000000 
User 0, Acc 3 Balance 29.000000, Transfer 29.000000 to Acc 7
User 0, Acc 7 Balance 9967.000000, Transfer 31.000000 to Acc 6
User 0, Acc 7 Balance 9936.000000, Transfer 137.000000 to Acc 5
User 0, Acc 7 Balance 9799.000000, Transfer 3.000000 to Acc 4
User 0, Acc 7 Balance 9796.000000, Transfer 5.000000 to Acc 4
[22;32mUser 0, Acc 4 Balance 945.000000, 				Withdraw 1167.000000 --insufficient funds[0m
[22;32mUser 0, Acc 5 Balance 1078.000000, 				Withdraw 1307.000000 --insufficient funds[0m
[22;32mUser 0, Acc 1 Balance 0.000000, 				Withdraw 41.000000 --insufficient funds[0m
[22;32mUser 0, Acc 2 Balance 0.000000, 				Withdraw 71.000000 --insufficient funds[0m
User 1, Acc 0 Balance 7.000000, Deposit 7.000000 
User 1, Acc 1 Balance 0.000000, Deposit 11.000000 
User 1, Acc 2 Balance 0.000000, Deposit 9.000000 
User 3, Acc 0 Balance 7.000000, Deposit 907.000000 
User 3, Acc 1 Balance 11.000000, Deposit 911.000000 
User 3, Acc 2 Balance 9.000000, Deposit 919.000000 
User 3, Acc 3 Balance 0.000000, Deposit 929.000000 
User 3, Acc 4 Balance 945.000000, Deposit 937.000000 
User 3, Acc 5 Balance 1078.000000, Deposit 941.000000 
User 3, Acc 6 Balance 31.000000, Deposit 953.000000 
User 3, Acc 7 Balance 9791.000000, Deposit 967.000000 
User 3, Acc 1 Balance 922.000000, Transfer 19.000000 to Acc 7
User 3, Acc 2 Balance 928.000000, Transfer 23.000000 to Acc 7
User 3, Acc 3 Balance 929.000000, Transfer 29.000000 to Acc 7
User 3, Acc 7 Balance 10829.000000, Transfer 31.000000 to Acc 6
User 3, Acc 7 Balance 10798.000000, Transfer 37.000000 to Acc 5
User 3, Acc 7 Balance 10761.000000, Transfer 3.000000 to Acc 4
User 3, Acc 7 Balance 10758.000000, Transfer 5.000000 to Acc 4
User 3, Acc 6 Balance 1015.000000, Transfer 67.000000 to Acc 5
User 3, Acc 4 Balance 1890.000000, Transfer 53.000000 to Acc 5
User 3, Acc 1 Balance 903.000000, Transfer 89.000000 to Acc 8
User 3, Acc 1 Balance 814.000000, Transfer 163.000000 to Acc 9
User 3, Acc 1 Balance 651.000000, Withdraw 41.000000 
User 3, Acc 2 Balance 905.000000, Withdraw 71.000000 
User 3, Acc 3 Balance 900.000000, Withdraw 127.000000 
User 3, Acc 4 Balance 1837.000000, Withdraw 167.000000 
User 3, Acc 5 Balance 2176.000000, Withdraw 307.000000 
User 3, Acc 6 Balance 948.000000, Withdraw 647.000000 
User 3, Acc 7 Balance 10753.000000, Withdraw 593.000000 
[22;32mUser 3, Acc 8 Balance 89.000000, 				Withdraw 449.000000 --insufficient funds[0m
User 3, Acc 9 Balance 292.000000, Withdraw 163.000000 
User 3, Acc 7 Balance 10160.000000, Deposit 9929.000000 
User 3, Acc 4 Balance 1670.000000, Deposit 937.000000 
User 3, Acc 5 Balance 1869.000000, Deposit 941.000000 
User 3, Acc 0 Balance 921.000000, Deposit 7.000000 
User 3, Acc 3 Balance 773.000000, Deposit 29.000000 
User 3, Acc 7 Balance 20089.000000, Deposit 9.000000 
User 3, Acc 9 Balance 129.000000, Deposit 129.000000 
User 3, Acc 3 Balance 802.000000, Transfer 29.000000 to Acc 7
User 3, Acc 7 Balance 20127.000000, Transfer 31.000000 to Acc 6
User 3, Acc 7 Balance 20096.000000, Transfer 137.000000 to Acc 5
User 1, Acc 7 Balance 9791.000000, Transfer 31.000000 to Acc 6
[22;32mUser 0, Acc 3 Balance 0.000000, 				Withdraw 1127.000000 --insufficient funds[0m
[22;32mUser 0, Acc 6 Balance 363.000000, 				Withdraw 647.000000 --insufficient funds[0m
User 3, Acc 7 Balance 19959.000000, Transfer 3.000000 to Acc 4
User 3, Acc 7 Balance 19925.000000, Transfer 5.000000 to Acc 4
User 2, Acc 9 Balance 129.000000, Deposit 617.000000 
User 2, Acc 9 Balance 875.000000, Transfer 617.000000 to Acc 9
User 2, Acc 8 Balance 89.000000, Deposit 619.000000 
User 2, Acc 8 Balance 708.000000, Transfer 619.000000 to Acc 2
User 2, Acc 7 Balance 19920.000000, Deposit 631.000000 
User 2, Acc 7 Balance 20551.000000, Transfer 631.000000 to Acc 3
User 2, Acc 6 Balance 363.000000, Deposit 641.000000 
User 1, Acc 7 Balance 19928.000000, Transfer 137.000000 to Acc 5
User 3, Acc 4 Balance 2615.000000, Withdraw 1167.000000 
User 0, Acc 6 Balance 363.000000, Deposit 1953.000000 
User 3, Acc 5 Balance 3084.000000, Withdraw 1307.000000 
User 3, Acc 1 Balance 610.000000, Transfer 89.000000 to Acc 8
User 3, Acc 1 Balance 521.000000, Transfer 163.000000 to Acc 9
User 2, Acc 6 Balance 1004.000000, Transfer 641.000000 to Acc 4
User 2, Acc 5 Balance 1777.000000, Deposit 643.000000 
User 0, Acc 7 Balance 19783.000000, Deposit 967.000000 
User 0, Acc 1 Balance 358.000000, Transfer 19.000000 to Acc 7
User 3, Acc 1 Balance 358.000000, Withdraw 41.000000 
User 0, Acc 2 Balance 1453.000000, Transfer 23.000000 to Acc 7
User 3, Acc 2 Balance 1453.000000, Withdraw 71.000000 
User 2, Acc 5 Balance 2420.000000, Transfer 1200.000000 to Acc 6
User 2, Acc 4 Balance 2089.000000, Deposit 647.000000 
User 1, Acc 7 Balance 19783.000000, Transfer 3.000000 to Acc 4
User 2, Acc 4 Balance 2736.000000, Transfer 1200.000000 to Acc 7
User 3, Acc 3 Balance 1404.000000, Withdraw 1127.000000 
User 0, Acc 6 Balance 2316.000000, Transfer 1167.000000 to Acc 5
User 3, Acc 6 Balance 3516.000000, Withdraw 647.000000 
User 0, Acc 4 Balance 1539.000000, Transfer 53.000000 to Acc 5
User 1, Acc 7 Balance 20789.000000, Transfer 5.000000 to Acc 4
User 1, Acc 3 Balance 277.000000, Deposit 929.000000 
User 1, Acc 4 Balance 1491.000000, Deposit 937.000000 
User 1, Acc 5 Balance 2440.000000, Deposit 941.000000 
User 1, Acc 4 Balance 2428.000000, Withdraw 1167.000000 
User 1, Acc 5 Balance 3381.000000, Withdraw 1307.000000 
User 1, Acc 1 Balance 298.000000, Transfer 89.000000 to Acc 8
User 1, Acc 1 Balance 209.000000, Transfer 163.000000 to Acc 9
User 1, Acc 1 Balance 46.000000, Withdraw 41.000000 
User 1, Acc 2 Balance 1359.000000, Withdraw 71.000000 
User 1, Acc 3 Balance 1206.000000, Withdraw 1127.000000 
User 1, Acc 6 Balance 1702.000000, Withdraw 647.000000 
User 1, Acc 6 Balance 1055.000000, Deposit 953.000000 
User 1, Acc 7 Balance 21984.000000, Deposit 967.000000 
User 1, Acc 2 Balance 1288.000000, Transfer 23.000000 to Acc 7
User 1, Acc 6 Balance 2008.000000, Transfer 1167.000000 to Acc 5
User 1, Acc 4 Balance 1261.000000, Transfer 53.000000 to Acc 5
User 1, Acc 7 Balance 22974.000000, Withdraw 1593.000000 
[22;32mUser 1, Acc 8 Balance 267.000000, 				Withdraw 449.000000 --insufficient funds[0m
User 1, Acc 9 Balance 1201.000000, Withdraw 163.000000 
User 3, Acc 6 Balance 1702.000000, Deposit 1953.000000 
User 3, Acc 7 Balance 21381.000000, Deposit 967.000000 
User 3, Acc 2 Balance 1265.000000, Transfer 23.000000 to Acc 7
User 3, Acc 6 Balance 2794.000000, Transfer 1167.000000 to Acc 5
User 3, Acc 4 Balance 1208.000000, Transfer 53.000000 to Acc 5
User 3, Acc 7 Balance 22371.000000, Withdraw 1593.000000 
User 0, Acc 7 Balance 21989.000000, Withdraw 1593.000000 
[22;32mUser 3, Acc 8 Balance 267.000000, 				Withdraw 449.000000 --insufficient funds[0m
[22;32mUser 0, Acc 8 Balance 267.000000, 				Withdraw 449.000000 --insufficient funds[0m
User 2, Acc 3 Balance 1404.000000, Deposit 653.000000 
User 3, Acc 9 Balance 1038.000000, Withdraw 163.000000 
User 3, Acc 7 Balance 19185.000000, Deposit 9929.000000 
User 3, Acc 4 Balance 1155.000000, Deposit 937.000000 
User 3, Acc 5 Balance 4514.000000, Deposit 941.000000 
User 3, Acc 0 Balance 928.000000, Deposit 7.000000 
User 3, Acc 3 Balance 732.000000, Deposit 29.000000 
User 3, Acc 7 Balance 29114.000000, Deposit 9.000000 
User 3, Acc 9 Balance 875.000000, Deposit 129.000000 
User 2, Acc 2 Balance 1242.000000, Deposit 659.000000 
User 3, Acc 3 Balance 761.000000, Transfer 29.000000 to Acc 7
User 2, Acc 2 Balance 1901.000000, Transfer 1200.000000 to Acc 9
User 2, Acc 1 Balance 5.000000, Deposit 661.000000 
User 3, Acc 7 Balance 29152.000000, Transfer 31.000000 to Acc 6
User 3, Acc 7 Balance 29121.000000, Transfer 137.000000 to Acc 5
User 2, Acc 0 Balance 935.000000, Deposit 673.000000 
User 3, Acc 7 Balance 28984.000000, Transfer 3.000000 to Acc 4
User 1, Acc 9 Balance 1038.000000, Deposit 617.000000 
User 1, Acc 9 Balance 2821.000000, Transfer 617.000000 to Acc 9
User 2, Acc 0 Balance 1608.000000, Transfer 1200.000000 to Acc 9
User 1, Acc 8 Balance 267.000000, Deposit 619.000000 
User 1, Acc 8 Balance 886.000000, Transfer 619.000000 to Acc 2
User 3, Acc 7 Balance 28981.000000, Transfer 5.000000 to Acc 4
User 2, Acc 1 Balance 666.000000, Withdraw 50.000000 
User 3, Acc 4 Balance 2100.000000, Withdraw 1167.000000 
User 0, Acc 9 Balance 1038.000000, Withdraw 163.000000 
User 3, Acc 5 Balance 5592.000000, Withdraw 1307.000000 
User 0, Acc 0 Balance 408.000000, Deposit 7.000000 
User 3, Acc 1 Balance 616.000000, Transfer 89.000000 to Acc 8
User 0, Acc 1 Balance 616.000000, Deposit 11.000000 
User 2, Acc 2 Balance 1320.000000, Withdraw 50.000000 
User 2, Acc 3 Balance 732.000000, Withdraw 50.000000 
User 1, Acc 7 Balance 28981.000000, Deposit 631.000000 
User 2, Acc 4 Balance 933.000000, Withdraw 50.000000 
User 1, Acc 7 Balance 29607.000000, Transfer 631.000000 to Acc 3
User 3, Acc 1 Balance 527.000000, Transfer 163.000000 to Acc 9
User 2, Acc 5 Balance 4285.000000, Withdraw 50.000000 
User 3, Acc 1 Balance 375.000000, Withdraw 41.000000 
User 1, Acc 6 Balance 1658.000000, Deposit 641.000000 
User 2, Acc 6 Balance 1658.000000, Withdraw 50.000000 
User 1, Acc 6 Balance 2299.000000, Transfer 641.000000 to Acc 4
User 1, Acc 5 Balance 4235.000000, Deposit 643.000000 
User 1, Acc 5 Balance 4878.000000, Transfer 1200.000000 to Acc 6
User 1, Acc 4 Balance 1524.000000, Deposit 647.000000 
User 0, Acc 2 Balance 1320.000000, Deposit 9.000000 
User 3, Acc 2 Balance 1270.000000, Withdraw 71.000000 
User 2, Acc 7 Balance 28976.000000, Withdraw 50.000000 
User 3, Acc 3 Balance 1313.000000, Withdraw 1127.000000 
User 2, Acc 8 Balance 356.000000, Withdraw 50.000000 
User 0, Acc 3 Balance 1313.000000, Transfer 29.000000 to Acc 7
User 1, Acc 4 Balance 2171.000000, Transfer 1200.000000 to Acc 7
User 0, Acc 7 Balance 28955.000000, Transfer 31.000000 to Acc 6
User 3, Acc 6 Balance 2808.000000, Withdraw 647.000000 
User 0, Acc 7 Balance 30124.000000, Transfer 137.000000 to Acc 5
User 3, Acc 6 Balance 2192.000000, Deposit 1953.000000 
User 0, Acc 7 Balance 29987.000000, Transfer 3.000000 to Acc 4
User 3, Acc 7 Balance 29987.000000, Deposit 967.000000 
User 0, Acc 7 Balance 29984.000000, Transfer 5.000000 to Acc 4
User 3, Acc 1 Balance 334.000000, Transfer 19.000000 to Acc 7
User 0, Acc 3 Balance 157.000000, Deposit 929.000000 
User 3, Acc 2 Balance 1208.000000, Transfer 23.000000 to Acc 7
User 0, Acc 4 Balance 979.000000, Deposit 937.000000 
User 3, Acc 6 Balance 4145.000000, Transfer 1167.000000 to Acc 5
User 0, Acc 5 Balance 3815.000000, Deposit 941.000000 
User 3, Acc 4 Balance 1916.000000, Transfer 53.000000 to Acc 5
User 0, Acc 4 Balance 1916.000000, Withdraw 1167.000000 
User 3, Acc 7 Balance 30988.000000, Withdraw 1593.000000 
User 0, Acc 5 Balance 5976.000000, Withdraw 1307.000000 
[22;32mUser 3, Acc 8 Balance 306.000000, 				Withdraw 449.000000 --insufficient funds[0m
User 0, Acc 1 Balance 315.000000, Transfer 89.000000 to Acc 8
User 3, Acc 9 Balance 4021.000000, Withdraw 163.000000 
User 0, Acc 1 Balance 226.000000, Transfer 163.000000 to Acc 9
User 3, Acc 0 Balance 415.000000, Deposit 907.000000 
User 3, Acc 1 Balance 63.000000, Deposit 911.000000 
User 3, Acc 2 Balance 1185.000000, Deposit 919.000000 
User 3, Acc 3 Balance 1086.000000, Deposit 929.000000 
User 3, Acc 4 Balance 696.000000, Deposit 937.000000 
User 3, Acc 5 Balance 4669.000000, Deposit 941.000000 
User 3, Acc 6 Balance 2978.000000, Deposit 953.000000 
User 3, Acc 7 Balance 29395.000000, Deposit 967.000000 
User 3, Acc 1 Balance 974.000000, Transfer 19.000000 to Acc 7
User 3, Acc 2 Balance 2104.000000, Transfer 23.000000 to Acc 7
User 3, Acc 3 Balance 2015.000000, Transfer 29.000000 to Acc 7
User 3, Acc 7 Balance 30433.000000, Transfer 31.000000 to Acc 6
User 3, Acc 7 Balance 30402.000000, Transfer 37.000000 to Acc 5
User 3, Acc 7 Balance 30365.000000, Transfer 3.000000 to Acc 4
User 3, Acc 7 Balance 30362.000000, Transfer 5.000000 to Acc 4
User 3, Acc 6 Balance 3962.000000, Transfer 67.000000 to Acc 5
User 3, Acc 4 Balance 1641.000000, Transfer 53.000000 to Acc 5
User 3, Acc 1 Balance 955.000000, Transfer 89.000000 to Acc 8
User 3, Acc 1 Balance 866.000000, Transfer 163.000000 to Acc 9
User 3, Acc 1 Balance 703.000000, Withdraw 41.000000 
User 3, Acc 2 Balance 2081.000000, Withdraw 71.000000 
User 0, Acc 1 Balance 63.000000, Withdraw 41.000000 
User 0, Acc 2 Balance 2010.000000, Withdraw 71.000000 
User 0, Acc 3 Balance 1986.000000, Withdraw 1127.000000 
User 0, Acc 6 Balance 3895.000000, Withdraw 647.000000 
User 0, Acc 6 Balance 3248.000000, Deposit 953.000000 
User 0, Acc 7 Balance 30357.000000, Deposit 967.000000 
User 0, Acc 1 Balance 621.000000, Transfer 19.000000 to Acc 7
User 0, Acc 2 Balance 1939.000000, Transfer 23.000000 to Acc 7
User 0, Acc 6 Balance 4201.000000, Transfer 1167.000000 to Acc 5
User 0, Acc 4 Balance 1588.000000, Transfer 53.000000 to Acc 5
User 0, Acc 7 Balance 31366.000000, Withdraw 1593.000000 
User 0, Acc 8 Balance 484.000000, Withdraw 449.000000 
User 0, Acc 9 Balance 4184.000000, Withdraw 163.000000 
User 0, Acc 9 Balance 4021.000000, Deposit 617.000000 
User 0, Acc 9 Balance 4638.000000, Transfer 617.000000 to Acc 9
User 0, Acc 8 Balance 35.000000, Deposit 619.000000 
User 0, Acc 8 Balance 654.000000, Transfer 619.000000 to Acc 2
User 0, Acc 7 Balance 29773.000000, Deposit 631.000000 
User 0, Acc 7 Balance 30404.000000, Transfer 631.000000 to Acc 3
User 0, Acc 6 Balance 3034.000000, Deposit 641.000000 
User 0, Acc 6 Balance 3675.000000, Transfer 641.000000 to Acc 4
User 0, Acc 5 Balance 6987.000000, Deposit 643.000000 
User 0, Acc 5 Balance 7630.000000, Transfer 1200.000000 to Acc 6
User 3, Acc 3 Balance 1986.000000, Withdraw 127.000000 
User 3, Acc 4 Balance 2176.000000, Withdraw 167.000000 
User 3, Acc 5 Balance 6430.000000, Withdraw 307.000000 
User 3, Acc 6 Balance 4234.000000, Withdraw 647.000000 
User 3, Acc 7 Balance 29773.000000, Withdraw 593.000000 
[22;32mUser 3, Acc 8 Balance 35.000000, 				Withdraw 449.000000 --insufficient funds[0m
User 3, Acc 9 Balance 4638.000000, Withdraw 163.000000 
User 3, Acc 7 Balance 29180.000000, Deposit 9929.000000 
User 3, Acc 4 Balance 2009.000000, Deposit 937.000000 
User 3, Acc 5 Balance 6123.000000, Deposit 941.000000 
User 3, Acc 0 Balance 1322.000000, Deposit 7.000000 
User 3, Acc 3 Balance 1363.000000, Deposit 29.000000 
User 3, Acc 7 Balance 39109.000000, Deposit 9.000000 
User 3, Acc 9 Balance 4475.000000, Deposit 129.000000 
User 3, Acc 3 Balance 1392.000000, Transfer 29.000000 to Acc 7
User 3, Acc 7 Balance 39147.000000, Transfer 31.000000 to Acc 6
User 2, Acc 9 Balance 4021.000000, Withdraw 50.000000 
User 0, Acc 4 Balance 2176.000000, Deposit 647.000000 
User 1, Acc 3 Balance 157.000000, Deposit 653.000000 
User 3, Acc 7 Balance 39116.000000, Transfer 137.000000 to Acc 5
User 1, Acc 3 Balance 2016.000000, Transfer 1200.000000 to Acc 8
User 1, Acc 2 Balance 2535.000000, Deposit 659.000000 
User 0, Acc 4 Balance 3593.000000, Transfer 1200.000000 to Acc 7
User 2, Acc 0 Balance 1329.000000, Withdraw 50.000000 
User 0, Acc 3 Balance 816.000000, Deposit 653.000000 
User 2, Acc 0 Balance 1279.000000, Deposit 7.000000 
User 2, Acc 1 Balance 602.000000, Deposit 11.000000 
User 2, Acc 2 Balance 3194.000000, Deposit 9.000000 
User 0, Acc 3 Balance 1469.000000, Transfer 1200.000000 to Acc 8
User 3, Acc 7 Balance 38979.000000, Transfer 3.000000 to Acc 4
User 1, Acc 2 Balance 3194.000000, Transfer 1200.000000 to Acc 9
User 3, Acc 7 Balance 40176.000000, Transfer 5.000000 to Acc 4
User 2, Acc 3 Balance 1469.000000, Transfer 29.000000 to Acc 7
User 0, Acc 2 Balance 3203.000000, Deposit 659.000000 
User 1, Acc 1 Balance 613.000000, Deposit 661.000000 
User 0, Acc 2 Balance 2662.000000, Transfer 1200.000000 to Acc 9
User 2, Acc 7 Balance 40200.000000, Transfer 31.000000 to Acc 6
User 0, Acc 1 Balance 1274.000000, Deposit 661.000000 
User 1, Acc 1 Balance 1274.000000, Transfer 1200.000000 to Acc 9
User 3, Acc 4 Balance 2401.000000, Withdraw 1167.000000 
User 2, Acc 7 Balance 40169.000000, Transfer 137.000000 to Acc 5
User 3, Acc 5 Balance 7201.000000, Withdraw 1307.000000 
User 2, Acc 7 Balance 40032.000000, Transfer 3.000000 to Acc 4
User 3, Acc 1 Balance 735.000000, Transfer 89.000000 to Acc 8
User 0, Acc 1 Balance 1935.000000, Transfer 1200.000000 to Acc 9
User 2, Acc 7 Balance 40029.000000, Transfer 5.000000 to Acc 4
User 0, Acc 0 Balance 1286.000000, Deposit 673.000000 
User 3, Acc 1 Balance 646.000000, Transfer 163.000000 to Acc 9
User 1, Acc 0 Balance 1286.000000, Deposit 673.000000 
[22;32mUser 3, Acc 1 Balance -717.000000, 				Withdraw 41.000000 --insufficient funds[0m
User 1, Acc 0 Balance 2632.000000, Transfer 1200.000000 to Acc 9
[22;32mUser 1, Acc 1 Balance -717.000000, 				Withdraw 50.000000 --insufficient funds[0m
User 3, Acc 2 Balance 1462.000000, Withdraw 71.000000 
[22;32mUser 3, Acc 3 Balance 240.000000, 				Withdraw 1127.000000 --insufficient funds[0m
User 0, Acc 0 Balance 1959.000000, Transfer 1200.000000 to Acc 9
User 2, Acc 3 Balance 240.000000, Deposit 929.000000 
[22;32mUser 0, Acc 1 Balance -717.000000, 				Withdraw 50.000000 --insufficient funds[0m
User 3, Acc 6 Balance 3649.000000, Withdraw 647.000000 
User 1, Acc 2 Balance 1462.000000, Withdraw 50.000000 
User 3, Acc 6 Balance 3002.000000, Deposit 1953.000000 
User 0, Acc 2 Balance 1391.000000, Withdraw 50.000000 
User 2, Acc 4 Balance 1242.000000, Deposit 937.000000 
User 0, Acc 3 Balance 1169.000000, Withdraw 50.000000 
User 3, Acc 7 Balance 40024.000000, Deposit 967.000000 
User 1, Acc 3 Balance 1169.000000, Withdraw 50.000000 
User 3, Acc 2 Balance 1291.000000, Transfer 23.000000 to Acc 7
User 0, Acc 4 Balance 2179.000000, Withdraw 50.000000 
User 3, Acc 6 Balance 4955.000000, Transfer 1167.000000 to Acc 5
User 0, Acc 5 Balance 6031.000000, Withdraw 50.000000 
User 2, Acc 5 Balance 6031.000000, Deposit 941.000000 
User 2, Acc 4 Balance 2129.000000, Withdraw 1167.000000 
User 2, Acc 5 Balance 8089.000000, Withdraw 1307.000000 
[22;32mUser 2, Acc 1 Balance -717.000000, 				Withdraw 41.000000 --insufficient funds[0m
User 2, Acc 2 Balance 1268.000000, Withdraw 71.000000 
[22;32mUser 2, Acc 3 Balance 1069.000000, 				Withdraw 1127.000000 --insufficient funds[0m
User 2, Acc 6 Balance 3788.000000, Withdraw 647.000000 
User 1, Acc 4 Balance 2179.000000, Withdraw 50.000000 
User 2, Acc 6 Balance 3141.000000, Deposit 953.000000 
User 2, Acc 7 Balance 41014.000000, Deposit 967.000000 
User 2, Acc 2 Balance 1197.000000, Transfer 23.000000 to Acc 7
User 2, Acc 6 Balance 4094.000000, Transfer 1167.000000 to Acc 5
User 1, Acc 5 Balance 6782.000000, Withdraw 50.000000 
User 2, Acc 4 Balance 912.000000, Transfer 53.000000 to Acc 5
User 2, Acc 7 Balance 42004.000000, Withdraw 1593.000000 
User 2, Acc 8 Balance 2524.000000, Withdraw 449.000000 
User 2, Acc 9 Balance 11917.000000, Withdraw 163.000000 
User 1, Acc 6 Balance 2927.000000, Withdraw 50.000000 
User 2, Acc 9 Balance 11754.000000, Deposit 617.000000 
User 2, Acc 9 Balance 12371.000000, Transfer 617.000000 to Acc 9
User 0, Acc 6 Balance 3788.000000, Withdraw 50.000000 
User 1, Acc 7 Balance 40411.000000, Withdraw 50.000000 
User 0, Acc 7 Balance 40411.000000, Withdraw 50.000000 
User 2, Acc 8 Balance 2075.000000, Deposit 619.000000 
User 0, Acc 8 Balance 2075.000000, Withdraw 50.000000 
User 0, Acc 9 Balance 12371.000000, Withdraw 50.000000 
User 0, Acc 0 Balance 232.000000, Withdraw 50.000000 
User 2, Acc 8 Balance 2694.000000, Transfer 619.000000 to Acc 2
User 2, Acc 7 Balance 40311.000000, Deposit 631.000000 
User 2, Acc 7 Balance 40942.000000, Transfer 631.000000 to Acc 3
User 3, Acc 4 Balance 2129.000000, Transfer 53.000000 to Acc 5
User 1, Acc 8 Balance 2075.000000, Withdraw 50.000000 
User 3, Acc 7 Balance 40311.000000, Withdraw 1593.000000 
User 2, Acc 6 Balance 2827.000000, Deposit 641.000000 
User 3, Acc 8 Balance 1975.000000, Withdraw 449.000000 
User 0, Acc 0 Balance 182.000000, Deposit 907.000000 
User 3, Acc 9 Balance 12321.000000, Withdraw 163.000000 
User 0, Acc 1 Balance -717.000000, Deposit 911.000000 
User 3, Acc 0 Balance 1089.000000, Deposit 7.000000 
User 3, Acc 1 Balance 194.000000, Deposit 11.000000 
User 0, Acc 2 Balance 1793.000000, Deposit 919.000000 
User 2, Acc 6 Balance 3468.000000, Transfer 641.000000 to Acc 4
User 0, Acc 3 Balance 1700.000000, Deposit 929.000000 
User 3, Acc 2 Balance 1793.000000, Deposit 9.000000 
User 1, Acc 9 Balance 12321.000000, Withdraw 50.000000 
User 3, Acc 3 Balance 2629.000000, Transfer 29.000000 to Acc 7
User 0, Acc 4 Balance 1447.000000, Deposit 937.000000 
User 2, Acc 5 Balance 8005.000000, Deposit 643.000000 
User 0, Acc 5 Balance 8005.000000, Deposit 941.000000 
User 3, Acc 7 Balance 38747.000000, Transfer 31.000000 to Acc 6
User 1, Acc 0 Balance 1096.000000, Withdraw 50.000000 
User 3, Acc 7 Balance 38716.000000, Transfer 137.000000 to Acc 5
User 0, Acc 6 Balance 2827.000000, Deposit 953.000000 
User 3, Acc 7 Balance 38579.000000, Transfer 3.000000 to Acc 4
User 0, Acc 7 Balance 38579.000000, Deposit 967.000000 
User 3, Acc 7 Balance 38576.000000, Transfer 5.000000 to Acc 4
User 3, Acc 3 Balance 2600.000000, Deposit 929.000000 
User 1, Acc 0 Balance 1046.000000, Deposit 907.000000 
User 0, Acc 1 Balance 205.000000, Transfer 19.000000 to Acc 7
User 2, Acc 5 Balance 8648.000000, Transfer 1200.000000 to Acc 6
User 0, Acc 2 Balance 2721.000000, Transfer 23.000000 to Acc 7
User 1, Acc 1 Balance 205.000000, Deposit 911.000000 
User 1, Acc 2 Balance 2698.000000, Deposit 919.000000 
User 2, Acc 4 Balance 2392.000000, Deposit 647.000000 
User 1, Acc 3 Balance 3529.000000, Deposit 929.000000 
User 1, Acc 4 Balance 2392.000000, Deposit 937.000000 
User 1, Acc 5 Balance 8526.000000, Deposit 941.000000 
User 1, Acc 6 Balance 5011.000000, Deposit 953.000000 
User 0, Acc 3 Balance 3529.000000, Transfer 29.000000 to Acc 7
User 3, Acc 4 Balance 2392.000000, Deposit 937.000000 
User 2, Acc 4 Balance 3039.000000, Transfer 1200.000000 to Acc 7
User 3, Acc 5 Balance 9467.000000, Deposit 941.000000 
User 0, Acc 7 Balance 39609.000000, Transfer 31.000000 to Acc 6
User 3, Acc 4 Balance 3713.000000, Withdraw 1167.000000 
User 3, Acc 5 Balance 10408.000000, Withdraw 1307.000000 
User 3, Acc 1 Balance 1097.000000, Transfer 89.000000 to Acc 8
User 0, Acc 7 Balance 40778.000000, Transfer 37.000000 to Acc 5
User 3, Acc 1 Balance 1008.000000, Transfer 163.000000 to Acc 9
User 0, Acc 7 Balance 40741.000000, Transfer 3.000000 to Acc 4
User 1, Acc 7 Balance 39580.000000, Deposit 967.000000 
User 1, Acc 1 Balance 845.000000, Transfer 19.000000 to Acc 7
User 0, Acc 7 Balance 40738.000000, Transfer 5.000000 to Acc 4
User 2, Acc 3 Balance 4429.000000, Deposit 653.000000 
User 0, Acc 6 Balance 5995.000000, Transfer 67.000000 to Acc 5
User 1, Acc 2 Balance 3617.000000, Transfer 23.000000 to Acc 7
User 1, Acc 3 Balance 5082.000000, Transfer 29.000000 to Acc 7
User 1, Acc 7 Balance 41771.000000, Transfer 31.000000 to Acc 6
User 1, Acc 7 Balance 41740.000000, Transfer 37.000000 to Acc 5
User 1, Acc 7 Balance 41703.000000, Transfer 3.000000 to Acc 4
User 1, Acc 7 Balance 41700.000000, Transfer 5.000000 to Acc 4
User 1, Acc 6 Balance 5959.000000, Transfer 67.000000 to Acc 5
User 1, Acc 4 Balance 2562.000000, Transfer 53.000000 to Acc 5
User 1, Acc 1 Balance 826.000000, Transfer 89.000000 to Acc 8
User 3, Acc 1 Balance 845.000000, Withdraw 41.000000 
User 3, Acc 2 Balance 3594.000000, Withdraw 71.000000 
User 3, Acc 3 Balance 5053.000000, Withdraw 1127.000000 
User 3, Acc 6 Balance 5892.000000, Withdraw 647.000000 
User 3, Acc 6 Balance 5245.000000, Deposit 953.000000 
User 3, Acc 7 Balance 41695.000000, Deposit 967.000000 
User 3, Acc 1 Balance 696.000000, Transfer 19.000000 to Acc 7
User 2, Acc 3 Balance 5082.000000, Transfer 1200.000000 to Acc 8
User 1, Acc 1 Balance 737.000000, Transfer 163.000000 to Acc 9
User 0, Acc 4 Balance 2554.000000, Transfer 53.000000 to Acc 5
User 3, Acc 2 Balance 3523.000000, Transfer 23.000000 to Acc 7
User 0, Acc 1 Balance 514.000000, Transfer 89.000000 to Acc 8
User 3, Acc 6 Balance 6198.000000, Transfer 1167.000000 to Acc 5
User 0, Acc 1 Balance 425.000000, Transfer 163.000000 to Acc 9
User 3, Acc 4 Balance 2456.000000, Transfer 53.000000 to Acc 5
User 0, Acc 1 Balance 262.000000, Withdraw 41.000000 
User 0, Acc 2 Balance 3500.000000, Withdraw 71.000000 
User 3, Acc 7 Balance 42704.000000, Withdraw 1593.000000 
User 3, Acc 8 Balance 2993.000000, Withdraw 449.000000 
User 3, Acc 9 Balance 12597.000000, Withdraw 163.000000 
User 0, Acc 3 Balance 2726.000000, Withdraw 127.000000 
User 0, Acc 4 Balance 2403.000000, Withdraw 167.000000 
User 0, Acc 5 Balance 10635.000000, Withdraw 307.000000 
User 0, Acc 6 Balance 5031.000000, Withdraw 647.000000 
User 0, Acc 7 Balance 41111.000000, Withdraw 593.000000 
User 0, Acc 8 Balance 2544.000000, Withdraw 449.000000 
User 0, Acc 9 Balance 12434.000000, Withdraw 163.000000 
User 2, Acc 2 Balance 3523.000000, Deposit 659.000000 
User 2, Acc 2 Balance 4088.000000, Transfer 1200.000000 to Acc 9
User 2, Acc 1 Balance 221.000000, Deposit 661.000000 
User 2, Acc 0 Balance 1953.000000, Deposit 673.000000 
User 2, Acc 0 Balance 2626.000000, Transfer 1200.000000 to Acc 9
User 2, Acc 1 Balance 882.000000, Withdraw 50.000000 
User 2, Acc 2 Balance 2888.000000, Withdraw 50.000000 
User 2, Acc 3 Balance 2599.000000, Withdraw 50.000000 
User 2, Acc 4 Balance 2236.000000, Withdraw 50.000000 
User 2, Acc 5 Balance 10328.000000, Withdraw 50.000000 
User 2, Acc 6 Balance 4384.000000, Withdraw 50.000000 
User 2, Acc 7 Balance 40518.000000, Withdraw 50.000000 
User 2, Acc 8 Balance 2095.000000, Withdraw 50.000000 
User 2, Acc 9 Balance 14671.000000, Withdraw 50.000000 
User 2, Acc 0 Balance 1426.000000, Withdraw 50.000000 
User 1, Acc 1 Balance 514.000000, Withdraw 41.000000 
User 1, Acc 2 Balance 2838.000000, Withdraw 71.000000 
User 1, Acc 3 Balance 2549.000000, Withdraw 127.000000 
User 1, Acc 4 Balance 2186.000000, Withdraw 167.000000 
User 1, Acc 5 Balance 10278.000000, Withdraw 307.000000 
User 1, Acc 6 Balance 4334.000000, Withdraw 647.000000 
User 1, Acc 7 Balance 40468.000000, Withdraw 593.000000 
User 1, Acc 8 Balance 2045.000000, Withdraw 449.000000 
User 1, Acc 9 Balance 14621.000000, Withdraw 163.000000 
  ***     End of transaction batch    ***  
Account 0 balance after completion of transaction batch: 1376.000000
Account 1 balance after completion of transaction batch: 791.000000
Account 2 balance after completion of transaction batch: 2767.000000
Account 3 balance after completion of transaction batch: 2422.000000
Account 4 balance after completion of transaction batch: 2019.000000
Account 5 balance after completion of transaction batch: 9971.000000
Account 6 balance after completion of transaction batch: 3687.000000
Account 7 balance after completion of transaction batch: 39875.000000
Account 8 balance after completion of transaction batch: 1596.000000
Account 9 balance after completion of transaction batch: 14458.000000
