# Output generated by:
# ./my_executable 4 data/transactions9.txt data/transactions4.txt data/transactions5.txt data/transactions1.txt

********************************************
   Reading and parsing a transaction file   
********************************************
Parsed transaction: deposit 9 617.000000 
Loaded deposit transaction
Parsed transaction: transfer 9 1 617.000000 
Loaded transfer transaction
Parsed transaction: deposit 8 619.000000 
Loaded deposit transaction
Parsed transaction: transfer 8 2 619.000000 
Loaded transfer transaction
Parsed transaction: deposit 7 631.000000 
Loaded deposit transaction
Parsed transaction: transfer 7 3 631.000000 
Loaded transfer transaction
Parsed transaction: deposit 6 641.000000 
Loaded deposit transaction
Parsed transaction: transfer 6 4 641.000000 
Loaded transfer transaction
Parsed transaction: deposit 5 643.000000 
Loaded deposit transaction
Parsed transaction: transfer 5 6 1200.000000 
Loaded transfer transaction
Parsed transaction: deposit 4 647.000000 
Loaded deposit transaction
Parsed transaction: transfer 4 7 1200.000000 
Loaded transfer transaction
Parsed transaction: deposit 3 653.000000 
Loaded deposit transaction
Parsed transaction: transfer 3 8 1200.000000 
Loaded transfer transaction
Parsed transaction: deposit 2 659.000000 
Loaded deposit transaction
Parsed transaction: transfer 2 9 1200.000000 
Loaded transfer transaction
Parsed transaction: deposit 1 661.000000 
Loaded deposit transaction
Parsed transaction: transfer 1 9 1200.000000 
Loaded transfer transaction
Parsed transaction: deposit 0 673.000000 
Loaded deposit transaction
Parsed transaction: transfer 0 9 1200.000000 
Loaded transfer transaction
Parsed transaction: withdraw 1 50.000000 
Loaded withdrawal transaction
Parsed transaction: withdraw 2 50.000000 
Loaded withdrawal transaction
Parsed transaction: withdraw 3 50.000000 
Loaded withdrawal transaction
Parsed transaction: withdraw 4 50.000000 
Loaded withdrawal transaction
Parsed transaction: withdraw 5 50.000000 
Loaded withdrawal transaction
Parsed transaction: withdraw 6 50.000000 
Loaded withdrawal transaction
Parsed transaction: withdraw 7 50.000000 
Loaded withdrawal transaction
Parsed transaction: withdraw 8 50.000000 
Loaded withdrawal transaction
Parsed transaction: withdraw 9 50.000000 
Loaded withdrawal transaction
Parsed transaction: withdraw 0 50.000000 
Loaded withdrawal transaction
********************************************
********************************************
   Reading and parsing a transaction file   
********************************************
Parsed transaction: deposit 0 907.000000 
Loaded deposit transaction
Parsed transaction: deposit 1 911.000000 
Loaded deposit transaction
Parsed transaction: deposit 2 919.000000 
Loaded deposit transaction
Parsed transaction: deposit 3 929.000000 
Loaded deposit transaction
Parsed transaction: deposit 4 937.000000 
Loaded deposit transaction
Parsed transaction: deposit 5 941.000000 
Loaded deposit transaction
Parsed transaction: deposit 6 953.000000 
Loaded deposit transaction
Parsed transaction: deposit 7 967.000000 
Loaded deposit transaction
Parsed transaction: transfer 1 7 19.000000 
Loaded transfer transaction
Parsed transaction: transfer 2 7 23.000000 
Loaded transfer transaction
Parsed transaction: transfer 3 7 29.000000 
Loaded transfer transaction
Parsed transaction: transfer 7 6 31.000000 
Loaded transfer transaction
Parsed transaction: transfer 7 5 37.000000 
Loaded transfer transaction
Parsed transaction: transfer 7 4 3.000000 
Loaded transfer transaction
Parsed transaction: transfer 7 4 5.000000 
Loaded transfer transaction
Parsed transaction: transfer 6 5 67.000000 
Loaded transfer transaction
Parsed transaction: transfer 4 5 53.000000 
Loaded transfer transaction
Parsed transaction: transfer 1 8 89.000000 
Loaded transfer transaction
Parsed transaction: transfer 1 9 163.000000 
Loaded transfer transaction
Parsed transaction: withdraw 1 41.000000 
Loaded withdrawal transaction
Parsed transaction: withdraw 2 71.000000 
Loaded withdrawal transaction
Parsed transaction: withdraw 3 127.000000 
Loaded withdrawal transaction
Parsed transaction: withdraw 4 167.000000 
Loaded withdrawal transaction
Parsed transaction: withdraw 5 307.000000 
Loaded withdrawal transaction
Parsed transaction: withdraw 6 647.000000 
Loaded withdrawal transaction
Parsed transaction: withdraw 7 593.000000 
Loaded withdrawal transaction
Parsed transaction: withdraw 8 449.000000 
Loaded withdrawal transaction
Parsed transaction: withdraw 9 163.000000 
Loaded withdrawal transaction
********************************************
********************************************
   Reading and parsing a transaction file   
********************************************
Parsed transaction: deposit 0 907.000000 
Loaded deposit transaction
Parsed transaction: deposit 1 911.000000 
Loaded deposit transaction
Parsed transaction: deposit 2 919.000000 
Loaded deposit transaction
Parsed transaction: transfer 3 7 29.000000 
Loaded transfer transaction
Parsed transaction: transfer 7 6 31.000000 
Loaded transfer transaction
Parsed transaction: transfer 7 5 37.000000 
Loaded transfer transaction
Parsed transaction: transfer 7 4 3.000000 
Loaded transfer transaction
Parsed transaction: transfer 7 4 5.000000 
Loaded transfer transaction
Parsed transaction: deposit 3 929.000000 
Loaded deposit transaction
Parsed transaction: deposit 4 937.000000 
Loaded deposit transaction
Parsed transaction: deposit 5 941.000000 
Loaded deposit transaction
Parsed transaction: withdraw 4 167.000000 
Loaded withdrawal transaction
Parsed transaction: withdraw 5 307.000000 
Loaded withdrawal transaction
Parsed transaction: transfer 1 8 89.000000 
Loaded transfer transaction
Parsed transaction: transfer 1 9 163.000000 
Loaded transfer transaction
Parsed transaction: withdraw 1 41.000000 
Loaded withdrawal transaction
Parsed transaction: withdraw 2 71.000000 
Loaded withdrawal transaction
Parsed transaction: withdraw 3 127.000000 
Loaded withdrawal transaction
Parsed transaction: withdraw 6 647.000000 
Loaded withdrawal transaction
Parsed transaction: deposit 6 953.000000 
Loaded deposit transaction
Parsed transaction: deposit 7 967.000000 
Loaded deposit transaction
Parsed transaction: transfer 1 7 19.000000 
Loaded transfer transaction
Parsed transaction: transfer 2 7 23.000000 
Loaded transfer transaction
Parsed transaction: transfer 6 5 67.000000 
Loaded transfer transaction
Parsed transaction: transfer 4 5 53.000000 
Loaded transfer transaction
Parsed transaction: withdraw 7 593.000000 
Loaded withdrawal transaction
Parsed transaction: withdraw 8 449.000000 
Loaded withdrawal transaction
Parsed transaction: withdraw 9 163.000000 
Loaded withdrawal transaction
********************************************
********************************************
   Reading and parsing a transaction file   
********************************************
Parsed transaction: deposit 0 100.000000 
Loaded deposit transaction
Parsed transaction: deposit 0 200.000000 
Loaded deposit transaction
Parsed transaction: deposit 0 300.000000 
Loaded deposit transaction
Parsed transaction: withdraw 0 200.000000 
Loaded withdrawal transaction
Parsed transaction: withdraw 0 100.000000 
Loaded withdrawal transaction
Parsed transaction: withdraw 0 50.000000 
Loaded withdrawal transaction
Parsed transaction: transfer 1 0 200.000000 
Loaded transfer transaction
Parsed transaction: balance 0 
Loaded balance transaction
********************************************
  ***    Start of transaction batch    ***  
User 0, Acc 9 Balance 0.000000, Deposit 617.000000 
User 0, Acc 9 Balance 617.000000, Transfer 617.000000 to Acc 1
User 0, Acc 8 Balance 0.000000, Deposit 619.000000 
User 0, Acc 8 Balance 619.000000, Transfer 619.000000 to Acc 2
User 0, Acc 7 Balance 0.000000, Deposit 631.000000 
User 0, Acc 7 Balance 631.000000, Transfer 631.000000 to Acc 3
User 0, Acc 6 Balance 0.000000, Deposit 641.000000 
User 0, Acc 6 Balance 641.000000, Transfer 641.000000 to Acc 4
User 0, Acc 5 Balance 0.000000, Deposit 643.000000 
User 0, Acc 4 Balance 641.000000, Deposit 647.000000 
User 0, Acc 4 Balance 1288.000000, Transfer 1200.000000 to Acc 7
User 0, Acc 3 Balance 631.000000, Deposit 653.000000 
User 0, Acc 3 Balance 1284.000000, Transfer 1200.000000 to Acc 8
User 0, Acc 2 Balance 619.000000, Deposit 659.000000 
User 0, Acc 2 Balance 1278.000000, Transfer 1200.000000 to Acc 9
User 0, Acc 1 Balance 617.000000, Deposit 661.000000 
User 0, Acc 1 Balance 1278.000000, Transfer 1200.000000 to Acc 9
User 0, Acc 0 Balance 0.000000, Deposit 673.000000 
User 0, Acc 1 Balance 78.000000, Withdraw 50.000000 
User 0, Acc 2 Balance 78.000000, Withdraw 50.000000 
User 0, Acc 3 Balance 84.000000, Withdraw 50.000000 
User 0, Acc 4 Balance 88.000000, Withdraw 50.000000 
User 3, Acc 0 Balance 673.000000, Deposit 100.000000 
User 3, Acc 0 Balance 773.000000, Deposit 200.000000 
User 3, Acc 0 Balance 973.000000, Deposit 300.000000 
User 3, Acc 0 Balance 1273.000000, Withdraw 200.000000 
User 3, Acc 0 Balance 1073.000000, Withdraw 100.000000 
User 3, Acc 0 Balance 973.000000, Withdraw 50.000000 
Balance in 0: 923.000000
User 0, Acc 5 Balance 643.000000, Withdraw 50.000000 
[22;32mUser 0, Acc 6 Balance 0.000000, 				Withdraw 50.000000 --insufficient funds[0m
User 0, Acc 7 Balance 1200.000000, Withdraw 50.000000 
User 0, Acc 8 Balance 1200.000000, Withdraw 50.000000 
User 0, Acc 9 Balance 2400.000000, Withdraw 50.000000 
User 0, Acc 0 Balance 923.000000, Withdraw 50.000000 
User 0, Acc 9 Balance 2350.000000, Deposit 617.000000 
User 0, Acc 9 Balance 2967.000000, Transfer 617.000000 to Acc 1
User 0, Acc 8 Balance 1150.000000, Deposit 619.000000 
User 0, Acc 8 Balance 1769.000000, Transfer 619.000000 to Acc 2
User 0, Acc 7 Balance 1150.000000, Deposit 631.000000 
User 0, Acc 7 Balance 1781.000000, Transfer 631.000000 to Acc 3
User 0, Acc 6 Balance 0.000000, Deposit 641.000000 
User 0, Acc 6 Balance 641.000000, Transfer 641.000000 to Acc 4
User 0, Acc 5 Balance 593.000000, Deposit 643.000000 
User 0, Acc 5 Balance 1236.000000, Transfer 1200.000000 to Acc 6
User 0, Acc 4 Balance 679.000000, Deposit 647.000000 
User 0, Acc 4 Balance 1326.000000, Transfer 1200.000000 to Acc 7
User 0, Acc 3 Balance 665.000000, Deposit 653.000000 
User 0, Acc 3 Balance 1318.000000, Transfer 1200.000000 to Acc 8
User 0, Acc 2 Balance 647.000000, Deposit 659.000000 
User 0, Acc 2 Balance 1306.000000, Transfer 1200.000000 to Acc 9
User 0, Acc 1 Balance 645.000000, Deposit 661.000000 
User 0, Acc 1 Balance 1306.000000, Transfer 1200.000000 to Acc 9
User 0, Acc 0 Balance 873.000000, Deposit 673.000000 
User 0, Acc 0 Balance 1546.000000, Transfer 1200.000000 to Acc 9
User 0, Acc 1 Balance 106.000000, Withdraw 50.000000 
User 0, Acc 2 Balance 106.000000, Withdraw 50.000000 
User 0, Acc 3 Balance 118.000000, Withdraw 50.000000 
User 0, Acc 4 Balance 126.000000, Withdraw 50.000000 
[22;32mUser 0, Acc 5 Balance 36.000000, 				Withdraw 50.000000 --insufficient funds[0m
User 0, Acc 6 Balance 1200.000000, Withdraw 50.000000 
User 0, Acc 7 Balance 2350.000000, Withdraw 50.000000 
User 0, Acc 8 Balance 2350.000000, Withdraw 50.000000 
User 0, Acc 9 Balance 5950.000000, Withdraw 50.000000 
User 0, Acc 0 Balance 346.000000, Withdraw 50.000000 
User 0, Acc 9 Balance 5900.000000, Deposit 617.000000 
User 2, Acc 0 Balance 673.000000, Deposit 907.000000 
User 2, Acc 1 Balance 56.000000, Deposit 911.000000 
User 3, Acc 9 Balance 2400.000000, Deposit 617.000000 
User 3, Acc 9 Balance 7134.000000, Transfer 617.000000 to Acc 1
User 3, Acc 8 Balance 2300.000000, Deposit 619.000000 
User 3, Acc 8 Balance 2919.000000, Transfer 619.000000 to Acc 2
User 3, Acc 7 Balance 2300.000000, Deposit 631.000000 
User 3, Acc 7 Balance 2931.000000, Transfer 631.000000 to Acc 3
User 3, Acc 6 Balance 1150.000000, Deposit 641.000000 
User 3, Acc 6 Balance 1791.000000, Transfer 641.000000 to Acc 4
User 3, Acc 5 Balance 36.000000, Deposit 643.000000 
User 3, Acc 4 Balance 717.000000, Deposit 647.000000 
User 3, Acc 4 Balance 1364.000000, Transfer 1200.000000 to Acc 7
User 3, Acc 3 Balance 699.000000, Deposit 653.000000 
User 3, Acc 3 Balance 1352.000000, Transfer 1200.000000 to Acc 8
User 3, Acc 2 Balance 675.000000, Deposit 659.000000 
User 3, Acc 2 Balance 1334.000000, Transfer 1200.000000 to Acc 9
User 3, Acc 1 Balance 1584.000000, Deposit 661.000000 
User 3, Acc 1 Balance 2245.000000, Transfer 1200.000000 to Acc 9
User 3, Acc 0 Balance 1203.000000, Deposit 673.000000 
User 3, Acc 0 Balance 1876.000000, Transfer 1200.000000 to Acc 9
User 3, Acc 1 Balance 1045.000000, Withdraw 50.000000 
User 3, Acc 2 Balance 134.000000, Withdraw 50.000000 
User 3, Acc 3 Balance 152.000000, Withdraw 50.000000 
User 3, Acc 4 Balance 164.000000, Withdraw 50.000000 
User 3, Acc 5 Balance 679.000000, Withdraw 50.000000 
User 3, Acc 6 Balance 1150.000000, Withdraw 50.000000 
User 3, Acc 7 Balance 3500.000000, Withdraw 50.000000 
User 3, Acc 8 Balance 3500.000000, Withdraw 50.000000 
User 3, Acc 9 Balance 10117.000000, Withdraw 50.000000 
User 3, Acc 0 Balance 676.000000, Withdraw 50.000000 
User 3, Acc 0 Balance 626.000000, Deposit 907.000000 
User 3, Acc 1 Balance 995.000000, Deposit 911.000000 
User 3, Acc 2 Balance 84.000000, Deposit 919.000000 
User 3, Acc 3 Balance 102.000000, Deposit 929.000000 
User 3, Acc 4 Balance 114.000000, Deposit 937.000000 
User 3, Acc 5 Balance 629.000000, Deposit 941.000000 
User 3, Acc 6 Balance 1100.000000, Deposit 953.000000 
User 3, Acc 7 Balance 3450.000000, Deposit 967.000000 
User 3, Acc 1 Balance 1906.000000, Transfer 19.000000 to Acc 7
User 3, Acc 2 Balance 1003.000000, Transfer 23.000000 to Acc 7
User 3, Acc 3 Balance 1031.000000, Transfer 29.000000 to Acc 7
User 3, Acc 7 Balance 4488.000000, Transfer 31.000000 to Acc 6
User 3, Acc 7 Balance 4457.000000, Transfer 37.000000 to Acc 5
User 3, Acc 7 Balance 4420.000000, Transfer 3.000000 to Acc 4
User 3, Acc 7 Balance 4417.000000, Transfer 5.000000 to Acc 4
User 3, Acc 6 Balance 2084.000000, Transfer 67.000000 to Acc 5
User 3, Acc 4 Balance 1059.000000, Transfer 53.000000 to Acc 5
User 3, Acc 1 Balance 1887.000000, Transfer 89.000000 to Acc 8
User 3, Acc 1 Balance 1798.000000, Transfer 163.000000 to Acc 9
User 3, Acc 1 Balance 1635.000000, Withdraw 41.000000 
User 3, Acc 2 Balance 980.000000, Withdraw 71.000000 
User 3, Acc 3 Balance 1002.000000, Withdraw 127.000000 
User 3, Acc 4 Balance 1006.000000, Withdraw 167.000000 
User 3, Acc 5 Balance 1727.000000, Withdraw 307.000000 
User 3, Acc 6 Balance 2017.000000, Withdraw 647.000000 
User 3, Acc 7 Balance 4412.000000, Withdraw 593.000000 
User 3, Acc 8 Balance 3539.000000, Withdraw 449.000000 
User 3, Acc 9 Balance 10230.000000, Withdraw 163.000000 
User 3, Acc 0 Balance 1533.000000, Deposit 907.000000 
User 3, Acc 1 Balance 1594.000000, Deposit 911.000000 
User 3, Acc 2 Balance 909.000000, Deposit 919.000000 
User 3, Acc 3 Balance 875.000000, Deposit 929.000000 
User 3, Acc 4 Balance 839.000000, Deposit 937.000000 
User 3, Acc 5 Balance 1420.000000, Deposit 941.000000 
User 3, Acc 6 Balance 1370.000000, Deposit 953.000000 
User 3, Acc 7 Balance 3819.000000, Deposit 967.000000 
User 3, Acc 1 Balance 2505.000000, Transfer 19.000000 to Acc 7
User 3, Acc 2 Balance 1828.000000, Transfer 23.000000 to Acc 7
User 3, Acc 3 Balance 1804.000000, Transfer 29.000000 to Acc 7
User 2, Acc 2 Balance 56.000000, Deposit 919.000000 
User 3, Acc 7 Balance 4857.000000, Transfer 31.000000 to Acc 6
User 2, Acc 3 Balance 1775.000000, Transfer 29.000000 to Acc 7
User 0, Acc 9 Balance 6517.000000, Transfer 617.000000 to Acc 1
User 3, Acc 7 Balance 4826.000000, Transfer 37.000000 to Acc 5
User 0, Acc 8 Balance 3090.000000, Deposit 619.000000 
User 3, Acc 7 Balance 4818.000000, Transfer 3.000000 to Acc 4
User 3, Acc 7 Balance 4815.000000, Transfer 5.000000 to Acc 4
User 3, Acc 6 Balance 2354.000000, Transfer 67.000000 to Acc 5
User 3, Acc 4 Balance 1784.000000, Transfer 53.000000 to Acc 5
User 3, Acc 1 Balance 3103.000000, Transfer 89.000000 to Acc 8
User 3, Acc 1 Balance 3014.000000, Transfer 163.000000 to Acc 9
User 3, Acc 1 Balance 2851.000000, Withdraw 41.000000 
User 3, Acc 2 Balance 2724.000000, Withdraw 71.000000 
User 3, Acc 3 Balance 1746.000000, Withdraw 127.000000 
User 3, Acc 4 Balance 1731.000000, Withdraw 167.000000 
User 3, Acc 5 Balance 2518.000000, Withdraw 307.000000 
User 3, Acc 6 Balance 2287.000000, Withdraw 647.000000 
User 3, Acc 7 Balance 4810.000000, Withdraw 593.000000 
User 3, Acc 8 Balance 3798.000000, Withdraw 449.000000 
User 2, Acc 7 Balance 4855.000000, Transfer 31.000000 to Acc 6
User 2, Acc 7 Balance 4186.000000, Transfer 37.000000 to Acc 5
User 2, Acc 7 Balance 4149.000000, Transfer 3.000000 to Acc 4
User 2, Acc 7 Balance 4146.000000, Transfer 5.000000 to Acc 4
User 2, Acc 3 Balance 1619.000000, Deposit 929.000000 
User 2, Acc 4 Balance 1572.000000, Deposit 937.000000 
User 2, Acc 5 Balance 2248.000000, Deposit 941.000000 
User 2, Acc 4 Balance 2509.000000, Withdraw 167.000000 
User 2, Acc 5 Balance 3189.000000, Withdraw 307.000000 
User 2, Acc 1 Balance 2810.000000, Transfer 89.000000 to Acc 8
User 2, Acc 1 Balance 2721.000000, Transfer 163.000000 to Acc 9
User 2, Acc 1 Balance 2558.000000, Withdraw 41.000000 
User 2, Acc 2 Balance 2653.000000, Withdraw 71.000000 
User 2, Acc 3 Balance 2548.000000, Withdraw 127.000000 
User 2, Acc 6 Balance 1671.000000, Withdraw 647.000000 
User 2, Acc 6 Balance 1024.000000, Deposit 953.000000 
User 2, Acc 7 Balance 4141.000000, Deposit 967.000000 
User 2, Acc 1 Balance 2517.000000, Transfer 19.000000 to Acc 7
User 2, Acc 2 Balance 2582.000000, Transfer 23.000000 to Acc 7
User 2, Acc 6 Balance 1977.000000, Transfer 67.000000 to Acc 5
User 2, Acc 4 Balance 2342.000000, Transfer 53.000000 to Acc 5
User 2, Acc 7 Balance 5150.000000, Withdraw 593.000000 
User 2, Acc 8 Balance 3438.000000, Withdraw 449.000000 
User 2, Acc 9 Balance 9776.000000, Withdraw 163.000000 
User 3, Acc 9 Balance 9613.000000, Withdraw 163.000000 
User 3, Acc 0 Balance 2440.000000, Deposit 907.000000 
User 3, Acc 1 Balance 2498.000000, Deposit 911.000000 
User 3, Acc 2 Balance 2559.000000, Deposit 919.000000 
User 3, Acc 3 Balance 2421.000000, Transfer 29.000000 to Acc 7
User 3, Acc 7 Balance 4586.000000, Transfer 31.000000 to Acc 6
User 3, Acc 7 Balance 4555.000000, Transfer 37.000000 to Acc 5
User 3, Acc 7 Balance 4518.000000, Transfer 3.000000 to Acc 4
User 3, Acc 7 Balance 4515.000000, Transfer 5.000000 to Acc 4
User 3, Acc 3 Balance 2392.000000, Deposit 929.000000 
User 3, Acc 4 Balance 2297.000000, Deposit 937.000000 
User 3, Acc 5 Balance 3039.000000, Deposit 941.000000 
User 3, Acc 4 Balance 3234.000000, Withdraw 167.000000 
User 3, Acc 5 Balance 3980.000000, Withdraw 307.000000 
User 3, Acc 1 Balance 3409.000000, Transfer 89.000000 to Acc 8
User 3, Acc 1 Balance 3320.000000, Transfer 163.000000 to Acc 9
User 3, Acc 1 Balance 3157.000000, Withdraw 41.000000 
User 3, Acc 2 Balance 3478.000000, Withdraw 71.000000 
User 3, Acc 3 Balance 3321.000000, Withdraw 127.000000 
User 3, Acc 6 Balance 1941.000000, Withdraw 647.000000 
User 3, Acc 6 Balance 1294.000000, Deposit 953.000000 
User 3, Acc 7 Balance 4510.000000, Deposit 967.000000 
User 3, Acc 1 Balance 3116.000000, Transfer 19.000000 to Acc 7
User 3, Acc 2 Balance 3407.000000, Transfer 23.000000 to Acc 7
User 3, Acc 6 Balance 2247.000000, Transfer 67.000000 to Acc 5
User 3, Acc 4 Balance 3067.000000, Transfer 53.000000 to Acc 5
User 3, Acc 7 Balance 5519.000000, Withdraw 593.000000 
User 3, Acc 8 Balance 3078.000000, Withdraw 449.000000 
User 3, Acc 9 Balance 9613.000000, Withdraw 163.000000 
User 3, Acc 0 Balance 3347.000000, Deposit 907.000000 
User 3, Acc 1 Balance 3097.000000, Deposit 911.000000 
User 3, Acc 2 Balance 3384.000000, Deposit 919.000000 
User 3, Acc 3 Balance 3194.000000, Transfer 29.000000 to Acc 7
User 3, Acc 7 Balance 4955.000000, Transfer 31.000000 to Acc 6
User 3, Acc 7 Balance 4924.000000, Transfer 37.000000 to Acc 5
User 3, Acc 7 Balance 4887.000000, Transfer 3.000000 to Acc 4
User 3, Acc 7 Balance 4884.000000, Transfer 5.000000 to Acc 4
User 3, Acc 3 Balance 3165.000000, Deposit 929.000000 
User 3, Acc 4 Balance 3022.000000, Deposit 937.000000 
User 3, Acc 5 Balance 3830.000000, Deposit 941.000000 
User 3, Acc 4 Balance 3959.000000, Withdraw 167.000000 
User 3, Acc 5 Balance 4771.000000, Withdraw 307.000000 
User 3, Acc 1 Balance 4008.000000, Transfer 89.000000 to Acc 8
User 3, Acc 1 Balance 3919.000000, Transfer 163.000000 to Acc 9
User 3, Acc 1 Balance 3756.000000, Withdraw 41.000000 
User 3, Acc 2 Balance 4303.000000, Withdraw 71.000000 
User 2, Acc 0 Balance 2440.000000, Deposit 907.000000 
User 0, Acc 8 Balance 3709.000000, Transfer 619.000000 to Acc 2
User 1, Acc 0 Balance 673.000000, Deposit 907.000000 
User 3, Acc 3 Balance 4094.000000, Withdraw 127.000000 
User 1, Acc 1 Balance 3715.000000, Deposit 911.000000 
User 3, Acc 6 Balance 2211.000000, Withdraw 647.000000 
User 0, Acc 7 Balance 4879.000000, Deposit 631.000000 
User 3, Acc 6 Balance 1564.000000, Deposit 953.000000 
User 0, Acc 7 Balance 5510.000000, Transfer 631.000000 to Acc 3
User 1, Acc 2 Balance 4851.000000, Deposit 919.000000 
User 2, Acc 1 Balance 3715.000000, Deposit 911.000000 
User 0, Acc 6 Balance 2517.000000, Deposit 641.000000 
User 3, Acc 7 Balance 5510.000000, Deposit 967.000000 
User 1, Acc 3 Balance 4598.000000, Deposit 929.000000 
User 2, Acc 2 Balance 5770.000000, Deposit 919.000000 
User 1, Acc 4 Balance 3792.000000, Deposit 937.000000 
User 2, Acc 3 Balance 5527.000000, Deposit 929.000000 
User 3, Acc 1 Balance 5537.000000, Transfer 19.000000 to Acc 7
User 0, Acc 6 Balance 3158.000000, Transfer 641.000000 to Acc 4
User 2, Acc 4 Balance 4729.000000, Deposit 937.000000 
User 2, Acc 5 Balance 4464.000000, Deposit 941.000000 
User 1, Acc 5 Balance 4464.000000, Deposit 941.000000 
User 2, Acc 6 Balance 2517.000000, Deposit 953.000000 
User 0, Acc 5 Balance 4464.000000, Deposit 643.000000 
User 3, Acc 2 Balance 6689.000000, Transfer 23.000000 to Acc 7
User 0, Acc 5 Balance 6989.000000, Transfer 1200.000000 to Acc 6
User 3, Acc 6 Balance 3470.000000, Transfer 67.000000 to Acc 5
User 1, Acc 6 Balance 3470.000000, Deposit 953.000000 
User 3, Acc 4 Balance 6307.000000, Transfer 53.000000 to Acc 5
User 3, Acc 7 Balance 5888.000000, Withdraw 593.000000 
User 0, Acc 4 Balance 6307.000000, Deposit 647.000000 
User 2, Acc 7 Balance 5865.000000, Deposit 967.000000 
User 1, Acc 7 Balance 5888.000000, Deposit 967.000000 
User 2, Acc 1 Balance 5518.000000, Transfer 19.000000 to Acc 7
User 1, Acc 1 Balance 5518.000000, Transfer 19.000000 to Acc 7
User 0, Acc 4 Balance 6901.000000, Transfer 1200.000000 to Acc 7
User 2, Acc 2 Balance 6666.000000, Transfer 23.000000 to Acc 7
User 0, Acc 3 Balance 6456.000000, Deposit 653.000000 
User 2, Acc 3 Balance 6456.000000, Transfer 29.000000 to Acc 7
User 3, Acc 8 Balance 2099.000000, Withdraw 449.000000 
User 0, Acc 3 Balance 7109.000000, Transfer 1200.000000 to Acc 8
User 2, Acc 7 Balance 8519.000000, Transfer 31.000000 to Acc 6
User 0, Acc 2 Balance 6643.000000, Deposit 659.000000 
User 1, Acc 2 Balance 6666.000000, Transfer 23.000000 to Acc 7
User 3, Acc 9 Balance 9613.000000, Withdraw 163.000000 
User 1, Acc 3 Balance 5880.000000, Transfer 29.000000 to Acc 7
User 1, Acc 7 Balance 8540.000000, Transfer 31.000000 to Acc 6
User 3, Acc 0 Balance 6068.000000, Deposit 907.000000 
User 1, Acc 7 Balance 8509.000000, Transfer 37.000000 to Acc 5
User 0, Acc 2 Balance 7302.000000, Transfer 1200.000000 to Acc 9
User 0, Acc 1 Balance 5480.000000, Deposit 661.000000 
User 1, Acc 7 Balance 8472.000000, Transfer 3.000000 to Acc 4
User 0, Acc 1 Balance 6141.000000, Transfer 1200.000000 to Acc 9
User 0, Acc 0 Balance 6975.000000, Deposit 673.000000 
User 3, Acc 1 Balance 5480.000000, Deposit 911.000000 
User 0, Acc 0 Balance 7648.000000, Transfer 1200.000000 to Acc 9
User 2, Acc 7 Balance 8488.000000, Transfer 37.000000 to Acc 5
User 1, Acc 7 Balance 8469.000000, Transfer 5.000000 to Acc 4
User 2, Acc 7 Balance 8432.000000, Transfer 3.000000 to Acc 4
User 3, Acc 2 Balance 6079.000000, Deposit 919.000000 
User 0, Acc 1 Balance 5852.000000, Withdraw 50.000000 
User 3, Acc 3 Balance 5851.000000, Transfer 29.000000 to Acc 7
User 0, Acc 2 Balance 6998.000000, Withdraw 50.000000 
User 2, Acc 7 Balance 8424.000000, Transfer 5.000000 to Acc 4
User 0, Acc 3 Balance 5822.000000, Withdraw 50.000000 
User 1, Acc 6 Balance 5618.000000, Transfer 67.000000 to Acc 5
User 3, Acc 7 Balance 8453.000000, Transfer 31.000000 to Acc 6
User 1, Acc 4 Balance 5717.000000, Transfer 53.000000 to Acc 5
User 3, Acc 7 Balance 8417.000000, Transfer 37.000000 to Acc 5
User 3, Acc 7 Balance 8380.000000, Transfer 3.000000 to Acc 4
User 3, Acc 7 Balance 8377.000000, Transfer 5.000000 to Acc 4
User 3, Acc 3 Balance 5772.000000, Deposit 929.000000 
User 1, Acc 1 Balance 5802.000000, Transfer 89.000000 to Acc 8
User 1, Acc 1 Balance 5713.000000, Transfer 163.000000 to Acc 9
User 2, Acc 6 Balance 5618.000000, Transfer 67.000000 to Acc 5
User 2, Acc 4 Balance 5672.000000, Transfer 53.000000 to Acc 5
User 3, Acc 4 Balance 5672.000000, Deposit 937.000000 
User 3, Acc 5 Balance 6260.000000, Deposit 941.000000 
User 3, Acc 4 Balance 6556.000000, Withdraw 167.000000 
User 3, Acc 5 Balance 7201.000000, Withdraw 307.000000 
User 3, Acc 1 Balance 5550.000000, Transfer 89.000000 to Acc 8
User 3, Acc 1 Balance 5461.000000, Transfer 163.000000 to Acc 9
User 3, Acc 1 Balance 5298.000000, Withdraw 41.000000 
User 3, Acc 2 Balance 6948.000000, Withdraw 71.000000 
User 1, Acc 1 Balance 5550.000000, Withdraw 41.000000 
User 1, Acc 2 Balance 6877.000000, Withdraw 71.000000 
User 1, Acc 3 Balance 6701.000000, Withdraw 127.000000 
User 1, Acc 4 Balance 6389.000000, Withdraw 167.000000 
User 1, Acc 5 Balance 6894.000000, Withdraw 307.000000 
User 1, Acc 6 Balance 5515.000000, Withdraw 647.000000 
User 1, Acc 7 Balance 8372.000000, Withdraw 593.000000 
User 1, Acc 8 Balance 3028.000000, Withdraw 449.000000 
User 1, Acc 9 Balance 13376.000000, Withdraw 163.000000 
User 1, Acc 0 Balance 6448.000000, Deposit 100.000000 
User 1, Acc 0 Balance 6548.000000, Deposit 200.000000 
User 1, Acc 0 Balance 6748.000000, Deposit 300.000000 
User 1, Acc 0 Balance 7048.000000, Withdraw 200.000000 
User 1, Acc 0 Balance 6848.000000, Withdraw 100.000000 
User 1, Acc 0 Balance 6748.000000, Withdraw 50.000000 
User 1, Acc 1 Balance 5216.000000, Transfer 200.000000 to Acc 0
Balance in 0: 6898.000000
User 1, Acc 0 Balance 6898.000000, Deposit 100.000000 
User 1, Acc 0 Balance 6998.000000, Deposit 200.000000 
User 1, Acc 0 Balance 7198.000000, Deposit 300.000000 
User 1, Acc 0 Balance 7498.000000, Withdraw 200.000000 
User 1, Acc 0 Balance 7298.000000, Withdraw 100.000000 
User 1, Acc 0 Balance 7198.000000, Withdraw 50.000000 
User 1, Acc 1 Balance 5016.000000, Transfer 200.000000 to Acc 0
Balance in 0: 7348.000000
User 2, Acc 1 Balance 5550.000000, Transfer 89.000000 to Acc 8
User 2, Acc 1 Balance 4727.000000, Transfer 163.000000 to Acc 9
User 2, Acc 1 Balance 4564.000000, Withdraw 41.000000 
User 2, Acc 2 Balance 6806.000000, Withdraw 71.000000 
User 2, Acc 3 Balance 6574.000000, Withdraw 127.000000 
User 2, Acc 4 Balance 6222.000000, Withdraw 167.000000 
User 2, Acc 5 Balance 6587.000000, Withdraw 307.000000 
User 2, Acc 6 Balance 4868.000000, Withdraw 647.000000 
User 2, Acc 7 Balance 7779.000000, Withdraw 593.000000 
User 2, Acc 8 Balance 2668.000000, Withdraw 449.000000 
User 2, Acc 9 Balance 13376.000000, Withdraw 163.000000 
User 0, Acc 4 Balance 5712.000000, Withdraw 50.000000 
User 0, Acc 5 Balance 6280.000000, Withdraw 50.000000 
User 0, Acc 6 Balance 4221.000000, Withdraw 50.000000 
User 0, Acc 7 Balance 7186.000000, Withdraw 50.000000 
User 0, Acc 8 Balance 2219.000000, Withdraw 50.000000 
User 0, Acc 9 Balance 13213.000000, Withdraw 50.000000 
User 1, Acc 0 Balance 7348.000000, Deposit 100.000000 
User 1, Acc 0 Balance 7448.000000, Deposit 200.000000 
User 1, Acc 0 Balance 7648.000000, Deposit 300.000000 
User 1, Acc 0 Balance 7948.000000, Withdraw 200.000000 
User 0, Acc 0 Balance 7348.000000, Withdraw 50.000000 
User 3, Acc 3 Balance 6701.000000, Withdraw 127.000000 
User 3, Acc 6 Balance 4171.000000, Withdraw 647.000000 
User 3, Acc 6 Balance 3524.000000, Deposit 953.000000 
User 3, Acc 7 Balance 7136.000000, Deposit 967.000000 
User 3, Acc 1 Balance 4523.000000, Transfer 19.000000 to Acc 7
User 3, Acc 2 Balance 6735.000000, Transfer 23.000000 to Acc 7
User 3, Acc 6 Balance 4477.000000, Transfer 67.000000 to Acc 5
User 1, Acc 0 Balance 7748.000000, Withdraw 100.000000 
User 1, Acc 0 Balance 7598.000000, Withdraw 50.000000 
User 1, Acc 1 Balance 4504.000000, Transfer 200.000000 to Acc 0
Balance in 0: 7748.000000
User 3, Acc 4 Balance 6005.000000, Transfer 53.000000 to Acc 5
User 3, Acc 7 Balance 8145.000000, Withdraw 593.000000 
User 3, Acc 8 Balance 2169.000000, Withdraw 449.000000 
User 3, Acc 9 Balance 13163.000000, Withdraw 163.000000 
  ***     End of transaction batch    ***  
Account 0 balance after completion of transaction batch: 7748.000000
Account 1 balance after completion of transaction batch: 4304.000000
Account 2 balance after completion of transaction batch: 6712.000000
Account 3 balance after completion of transaction batch: 6320.000000
Account 4 balance after completion of transaction batch: 5952.000000
Account 5 balance after completion of transaction batch: 6350.000000
Account 6 balance after completion of transaction batch: 4410.000000
Account 7 balance after completion of transaction batch: 7552.000000
Account 8 balance after completion of transaction batch: 1720.000000
Account 9 balance after completion of transaction batch: 13000.000000
