# Output generated by:
# ./my_executable 4 data/transactions3.txt data/transactions2.txt data/transactions10.txt data/transactions5.txt

********************************************
   Reading and parsing a transaction file   
********************************************
Parsed transaction: deposit 0 400.000000 
Loaded deposit transaction
Parsed transaction: withdraw 0 200.000000 
Loaded withdrawal transaction
Parsed transaction: deposit 1 100.000000 
Loaded deposit transaction
Parsed transaction: deposit 2 900.000000 
Loaded deposit transaction
Parsed transaction: withdraw 1 50.000000 
Loaded withdrawal transaction
Parsed transaction: withdraw 2 150.000000 
Loaded withdrawal transaction
Parsed transaction: deposit 3 500.000000 
Loaded deposit transaction
Parsed transaction: transfer 2 1 300.000000 
Loaded transfer transaction
Parsed transaction: transfer 3 1 300.000000 
Loaded transfer transaction
Parsed transaction: deposit 0 400.000000 
Loaded deposit transaction
Parsed transaction: withdraw 3 200.000000 
Loaded withdrawal transaction
Parsed transaction: balance 1 
Loaded balance transaction
********************************************
********************************************
   Reading and parsing a transaction file   
********************************************
Parsed transaction: deposit 0 400.000000 
Loaded deposit transaction
Parsed transaction: withdraw 0 200.000000 
Loaded withdrawal transaction
Parsed transaction: deposit 0 100.000000 
Loaded deposit transaction
Parsed transaction: withdraw 0 50.000000 
Loaded withdrawal transaction
Parsed transaction: withdraw 0 150.000000 
Loaded withdrawal transaction
Parsed transaction: deposit 0 300.000000 
Loaded deposit transaction
Parsed transaction: transfer 0 1 300.000000 
Loaded transfer transaction
Parsed transaction: balance 1 
Loaded balance transaction
********************************************
********************************************
   Reading and parsing a transaction file   
********************************************
Parsed transaction: withdraw 1 500.000000 
Loaded withdrawal transaction
Parsed transaction: withdraw 2 500.000000 
Loaded withdrawal transaction
Parsed transaction: withdraw 3 500.000000 
Loaded withdrawal transaction
Parsed transaction: withdraw 4 500.000000 
Loaded withdrawal transaction
Parsed transaction: withdraw 5 500.000000 
Loaded withdrawal transaction
Parsed transaction: withdraw 6 500.000000 
Loaded withdrawal transaction
Parsed transaction: withdraw 7 500.000000 
Loaded withdrawal transaction
Parsed transaction: withdraw 8 500.000000 
Loaded withdrawal transaction
Parsed transaction: withdraw 9 500.000000 
Loaded withdrawal transaction
Parsed transaction: withdraw 0 500.000000 
Loaded withdrawal transaction
Parsed transaction: withdraw 1 500.000000 
Loaded withdrawal transaction
Parsed transaction: withdraw 2 500.000000 
Loaded withdrawal transaction
Parsed transaction: withdraw 3 500.000000 
Loaded withdrawal transaction
Parsed transaction: withdraw 4 500.000000 
Loaded withdrawal transaction
Parsed transaction: withdraw 5 500.000000 
Loaded withdrawal transaction
Parsed transaction: withdraw 6 500.000000 
Loaded withdrawal transaction
Parsed transaction: withdraw 7 500.000000 
Loaded withdrawal transaction
Parsed transaction: withdraw 8 500.000000 
Loaded withdrawal transaction
Parsed transaction: withdraw 9 500.000000 
Loaded withdrawal transaction
Parsed transaction: withdraw 0 500.000000 
Loaded withdrawal transaction
Parsed transaction: withdraw 1 500.000000 
Loaded withdrawal transaction
Parsed transaction: withdraw 2 500.000000 
Loaded withdrawal transaction
Parsed transaction: withdraw 3 500.000000 
Loaded withdrawal transaction
Parsed transaction: withdraw 4 500.000000 
Loaded withdrawal transaction
Parsed transaction: withdraw 5 500.000000 
Loaded withdrawal transaction
Parsed transaction: withdraw 6 500.000000 
Loaded withdrawal transaction
Parsed transaction: withdraw 7 500.000000 
Loaded withdrawal transaction
Parsed transaction: withdraw 8 500.000000 
Loaded withdrawal transaction
Parsed transaction: withdraw 9 500.000000 
Loaded withdrawal transaction
Parsed transaction: withdraw 0 500.000000 
Loaded withdrawal transaction
********************************************
********************************************
   Reading and parsing a transaction file   
********************************************
Parsed transaction: deposit 0 907.000000 
Loaded deposit transaction
Parsed transaction: deposit 1 911.000000 
Loaded deposit transaction
Parsed transaction: deposit 2 919.000000 
Loaded deposit transaction
Parsed transaction: transfer 3 7 29.000000 
Loaded transfer transaction
Parsed transaction: transfer 7 6 31.000000 
Loaded transfer transaction
Parsed transaction: transfer 7 5 37.000000 
Loaded transfer transaction
Parsed transaction: transfer 7 4 3.000000 
Loaded transfer transaction
Parsed transaction: transfer 7 4 5.000000 
Loaded transfer transaction
Parsed transaction: deposit 3 929.000000 
Loaded deposit transaction
Parsed transaction: deposit 4 937.000000 
Loaded deposit transaction
Parsed transaction: deposit 5 941.000000 
Loaded deposit transaction
Parsed transaction: withdraw 4 167.000000 
Loaded withdrawal transaction
Parsed transaction: withdraw 5 307.000000 
Loaded withdrawal transaction
Parsed transaction: transfer 1 8 89.000000 
Loaded transfer transaction
Parsed transaction: transfer 1 9 163.000000 
Loaded transfer transaction
Parsed transaction: withdraw 1 41.000000 
Loaded withdrawal transaction
Parsed transaction: withdraw 2 71.000000 
Loaded withdrawal transaction
Parsed transaction: withdraw 3 127.000000 
Loaded withdrawal transaction
Parsed transaction: withdraw 6 647.000000 
Loaded withdrawal transaction
Parsed transaction: deposit 6 953.000000 
Loaded deposit transaction
Parsed transaction: deposit 7 967.000000 
Loaded deposit transaction
Parsed transaction: transfer 1 7 19.000000 
Loaded transfer transaction
Parsed transaction: transfer 2 7 23.000000 
Loaded transfer transaction
Parsed transaction: transfer 6 5 67.000000 
Loaded transfer transaction
Parsed transaction: transfer 4 5 53.000000 
Loaded transfer transaction
Parsed transaction: withdraw 7 593.000000 
Loaded withdrawal transaction
Parsed transaction: withdraw 8 449.000000 
Loaded withdrawal transaction
Parsed transaction: withdraw 9 163.000000 
Loaded withdrawal transaction
********************************************
  ***    Start of transaction batch    ***  
User 0, Acc 0 Balance 0.000000, Deposit 400.000000 
User 0, Acc 0 Balance 400.000000, Withdraw 200.000000 
User 0, Acc 1 Balance 0.000000, Deposit 100.000000 
User 0, Acc 2 Balance 0.000000, Deposit 900.000000 
User 0, Acc 1 Balance 100.000000, Withdraw 50.000000 
User 0, Acc 2 Balance 900.000000, Withdraw 150.000000 
User 0, Acc 3 Balance 0.000000, Deposit 500.000000 
User 0, Acc 2 Balance 750.000000, Transfer 300.000000 to Acc 1
User 0, Acc 3 Balance 500.000000, Transfer 300.000000 to Acc 1
User 0, Acc 0 Balance 200.000000, Deposit 400.000000 
User 0, Acc 3 Balance 200.000000, Withdraw 200.000000 
Balance in 1: 650.000000
User 0, Acc 0 Balance 600.000000, Deposit 400.000000 
User 0, Acc 0 Balance 1000.000000, Withdraw 200.000000 
User 0, Acc 0 Balance 800.000000, Deposit 100.000000 
User 0, Acc 0 Balance 900.000000, Withdraw 50.000000 
User 0, Acc 0 Balance 850.000000, Withdraw 150.000000 
User 0, Acc 0 Balance 700.000000, Deposit 300.000000 
User 0, Acc 0 Balance 1000.000000, Transfer 300.000000 to Acc 1
Balance in 1: 950.000000
User 0, Acc 1 Balance 950.000000, Withdraw 500.000000 
[22;32mUser 0, Acc 2 Balance 450.000000, 				Withdraw 500.000000 --insufficient funds[0m
[22;32mUser 0, Acc 3 Balance 0.000000, 				Withdraw 500.000000 --insufficient funds[0m
[22;32mUser 0, Acc 4 Balance 0.000000, 				Withdraw 500.000000 --insufficient funds[0m
[22;32mUser 0, Acc 5 Balance 0.000000, 				Withdraw 500.000000 --insufficient funds[0m
[22;32mUser 0, Acc 6 Balance 0.000000, 				Withdraw 500.000000 --insufficient funds[0m
[22;32mUser 0, Acc 7 Balance 0.000000, 				Withdraw 500.000000 --insufficient funds[0m
[22;32mUser 0, Acc 8 Balance 0.000000, 				Withdraw 500.000000 --insufficient funds[0m
[22;32mUser 0, Acc 9 Balance 0.000000, 				Withdraw 500.000000 --insufficient funds[0m
User 0, Acc 0 Balance 700.000000, Withdraw 500.000000 
[22;32mUser 0, Acc 1 Balance 450.000000, 				Withdraw 500.000000 --insufficient funds[0m
[22;32mUser 0, Acc 2 Balance 450.000000, 				Withdraw 500.000000 --insufficient funds[0m
[22;32mUser 0, Acc 3 Balance 0.000000, 				Withdraw 500.000000 --insufficient funds[0m
[22;32mUser 0, Acc 4 Balance 0.000000, 				Withdraw 500.000000 --insufficient funds[0m
[22;32mUser 0, Acc 5 Balance 0.000000, 				Withdraw 500.000000 --insufficient funds[0m
[22;32mUser 0, Acc 6 Balance 0.000000, 				Withdraw 500.000000 --insufficient funds[0m
[22;32mUser 0, Acc 7 Balance 0.000000, 				Withdraw 500.000000 --insufficient funds[0m
[22;32mUser 0, Acc 8 Balance 0.000000, 				Withdraw 500.000000 --insufficient funds[0m
[22;32mUser 0, Acc 9 Balance 0.000000, 				Withdraw 500.000000 --insufficient funds[0m
[22;32mUser 0, Acc 0 Balance 200.000000, 				Withdraw 500.000000 --insufficient funds[0m
[22;32mUser 0, Acc 1 Balance 450.000000, 				Withdraw 500.000000 --insufficient funds[0m
[22;32mUser 0, Acc 2 Balance 450.000000, 				Withdraw 500.000000 --insufficient funds[0m
[22;32mUser 0, Acc 3 Balance 0.000000, 				Withdraw 500.000000 --insufficient funds[0m
[22;32mUser 0, Acc 4 Balance 0.000000, 				Withdraw 500.000000 --insufficient funds[0m
[22;32mUser 0, Acc 5 Balance 0.000000, 				Withdraw 500.000000 --insufficient funds[0m
[22;32mUser 0, Acc 6 Balance 0.000000, 				Withdraw 500.000000 --insufficient funds[0m
[22;32mUser 0, Acc 7 Balance 0.000000, 				Withdraw 500.000000 --insufficient funds[0m
[22;32mUser 0, Acc 8 Balance 0.000000, 				Withdraw 500.000000 --insufficient funds[0m
[22;32mUser 0, Acc 9 Balance 0.000000, 				Withdraw 500.000000 --insufficient funds[0m
[22;32mUser 0, Acc 0 Balance 200.000000, 				Withdraw 500.000000 --insufficient funds[0m
User 0, Acc 0 Balance 200.000000, Deposit 400.000000 
User 0, Acc 0 Balance 600.000000, Withdraw 200.000000 
User 0, Acc 0 Balance 400.000000, Deposit 100.000000 
User 0, Acc 0 Balance 500.000000, Withdraw 50.000000 
User 0, Acc 0 Balance 450.000000, Withdraw 150.000000 
User 0, Acc 0 Balance 300.000000, Deposit 300.000000 
User 0, Acc 0 Balance 600.000000, Transfer 300.000000 to Acc 1
Balance in 1: 750.000000
User 3, Acc 0 Balance 700.000000, Deposit 907.000000 
User 3, Acc 1 Balance 750.000000, Deposit 911.000000 
User 3, Acc 2 Balance 450.000000, Deposit 919.000000 
User 3, Acc 3 Balance 0.000000, Deposit 929.000000 
User 3, Acc 4 Balance 0.000000, Deposit 937.000000 
User 3, Acc 5 Balance 0.000000, Deposit 941.000000 
User 3, Acc 4 Balance 937.000000, Withdraw 167.000000 
User 3, Acc 5 Balance 941.000000, Withdraw 307.000000 
User 3, Acc 1 Balance 1661.000000, Transfer 89.000000 to Acc 8
User 3, Acc 1 Balance 1572.000000, Transfer 163.000000 to Acc 9
User 3, Acc 1 Balance 1409.000000, Withdraw 41.000000 
User 3, Acc 2 Balance 1369.000000, Withdraw 71.000000 
User 3, Acc 3 Balance 929.000000, Withdraw 127.000000 
[22;32mUser 3, Acc 6 Balance 0.000000, 				Withdraw 647.000000 --insufficient funds[0m
User 3, Acc 6 Balance 0.000000, Deposit 953.000000 
User 2, Acc 0 Balance 700.000000, Deposit 400.000000 
User 2, Acc 0 Balance 1607.000000, Withdraw 200.000000 
User 2, Acc 1 Balance 1368.000000, Deposit 100.000000 
User 2, Acc 2 Balance 1298.000000, Deposit 900.000000 
User 2, Acc 1 Balance 1468.000000, Withdraw 50.000000 
User 2, Acc 2 Balance 2198.000000, Withdraw 150.000000 
User 2, Acc 3 Balance 802.000000, Deposit 500.000000 
User 2, Acc 2 Balance 2048.000000, Transfer 300.000000 to Acc 1
User 2, Acc 3 Balance 1302.000000, Transfer 300.000000 to Acc 1
User 2, Acc 0 Balance 1407.000000, Deposit 400.000000 
User 2, Acc 3 Balance 1002.000000, Withdraw 200.000000 
Balance in 1: 2018.000000
User 2, Acc 0 Balance 1807.000000, Deposit 400.000000 
User 2, Acc 0 Balance 2207.000000, Withdraw 200.000000 
User 2, Acc 0 Balance 2007.000000, Deposit 100.000000 
User 2, Acc 0 Balance 2107.000000, Withdraw 50.000000 
User 2, Acc 0 Balance 2057.000000, Withdraw 150.000000 
User 2, Acc 0 Balance 1907.000000, Deposit 300.000000 
User 2, Acc 0 Balance 2207.000000, Transfer 300.000000 to Acc 1
Balance in 1: 2318.000000
User 2, Acc 1 Balance 2318.000000, Withdraw 500.000000 
User 2, Acc 2 Balance 1748.000000, Withdraw 500.000000 
User 2, Acc 3 Balance 802.000000, Withdraw 500.000000 
User 2, Acc 4 Balance 770.000000, Withdraw 500.000000 
User 2, Acc 5 Balance 634.000000, Withdraw 500.000000 
User 2, Acc 6 Balance 953.000000, Withdraw 500.000000 
[22;32mUser 2, Acc 7 Balance 0.000000, 				Withdraw 500.000000 --insufficient funds[0m
[22;32mUser 2, Acc 8 Balance 89.000000, 				Withdraw 500.000000 --insufficient funds[0m
[22;32mUser 2, Acc 9 Balance 163.000000, 				Withdraw 500.000000 --insufficient funds[0m
User 2, Acc 0 Balance 1907.000000, Withdraw 500.000000 
User 2, Acc 1 Balance 1818.000000, Withdraw 500.000000 
User 2, Acc 2 Balance 1248.000000, Withdraw 500.000000 
[22;32mUser 2, Acc 3 Balance 302.000000, 				Withdraw 500.000000 --insufficient funds[0m
[22;32mUser 2, Acc 4 Balance 270.000000, 				Withdraw 500.000000 --insufficient funds[0m
[22;32mUser 2, Acc 5 Balance 134.000000, 				Withdraw 500.000000 --insufficient funds[0m
[22;32mUser 2, Acc 6 Balance 453.000000, 				Withdraw 500.000000 --insufficient funds[0m
[22;32mUser 2, Acc 7 Balance 0.000000, 				Withdraw 500.000000 --insufficient funds[0m
[22;32mUser 2, Acc 8 Balance 89.000000, 				Withdraw 500.000000 --insufficient funds[0m
[22;32mUser 2, Acc 9 Balance 163.000000, 				Withdraw 500.000000 --insufficient funds[0m
User 2, Acc 0 Balance 1407.000000, Withdraw 500.000000 
User 2, Acc 1 Balance 1318.000000, Withdraw 500.000000 
User 2, Acc 2 Balance 748.000000, Withdraw 500.000000 
[22;32mUser 2, Acc 3 Balance 302.000000, 				Withdraw 500.000000 --insufficient funds[0m
[22;32mUser 2, Acc 4 Balance 270.000000, 				Withdraw 500.000000 --insufficient funds[0m
[22;32mUser 2, Acc 5 Balance 134.000000, 				Withdraw 500.000000 --insufficient funds[0m
[22;32mUser 2, Acc 6 Balance 453.000000, 				Withdraw 500.000000 --insufficient funds[0m
[22;32mUser 2, Acc 7 Balance 0.000000, 				Withdraw 500.000000 --insufficient funds[0m
[22;32mUser 2, Acc 8 Balance 89.000000, 				Withdraw 500.000000 --insufficient funds[0m
[22;32mUser 2, Acc 9 Balance 163.000000, 				Withdraw 500.000000 --insufficient funds[0m
User 2, Acc 0 Balance 907.000000, Withdraw 500.000000 
User 2, Acc 1 Balance 818.000000, Withdraw 500.000000 
[22;32mUser 2, Acc 2 Balance 248.000000, 				Withdraw 500.000000 --insufficient funds[0m
[22;32mUser 2, Acc 3 Balance 302.000000, 				Withdraw 500.000000 --insufficient funds[0m
[22;32mUser 2, Acc 4 Balance 270.000000, 				Withdraw 500.000000 --insufficient funds[0m
[22;32mUser 2, Acc 5 Balance 134.000000, 				Withdraw 500.000000 --insufficient funds[0m
[22;32mUser 2, Acc 6 Balance 453.000000, 				Withdraw 500.000000 --insufficient funds[0m
[22;32mUser 2, Acc 7 Balance 0.000000, 				Withdraw 500.000000 --insufficient funds[0m
[22;32mUser 2, Acc 8 Balance 89.000000, 				Withdraw 500.000000 --insufficient funds[0m
[22;32mUser 2, Acc 9 Balance 163.000000, 				Withdraw 500.000000 --insufficient funds[0m
[22;32mUser 2, Acc 0 Balance 407.000000, 				Withdraw 500.000000 --insufficient funds[0m
[22;32mUser 2, Acc 1 Balance 318.000000, 				Withdraw 500.000000 --insufficient funds[0m
[22;32mUser 2, Acc 2 Balance 248.000000, 				Withdraw 500.000000 --insufficient funds[0m
[22;32mUser 2, Acc 3 Balance 302.000000, 				Withdraw 500.000000 --insufficient funds[0m
[22;32mUser 2, Acc 4 Balance 270.000000, 				Withdraw 500.000000 --insufficient funds[0m
[22;32mUser 2, Acc 5 Balance 134.000000, 				Withdraw 500.000000 --insufficient funds[0m
[22;32mUser 2, Acc 6 Balance 453.000000, 				Withdraw 500.000000 --insufficient funds[0m
[22;32mUser 2, Acc 7 Balance 0.000000, 				Withdraw 500.000000 --insufficient funds[0m
User 3, Acc 7 Balance 0.000000, Deposit 967.000000 
[22;32mUser 2, Acc 8 Balance 89.000000, 				Withdraw 500.000000 --insufficient funds[0m
User 3, Acc 1 Balance 318.000000, Transfer 19.000000 to Acc 7
User 1, Acc 0 Balance 700.000000, Deposit 400.000000 
[22;32mUser 2, Acc 9 Balance 163.000000, 				Withdraw 500.000000 --insufficient funds[0m
User 2, Acc 0 Balance 807.000000, Withdraw 500.000000 
[22;32mUser 2, Acc 1 Balance 299.000000, 				Withdraw 500.000000 --insufficient funds[0m
[22;32mUser 2, Acc 2 Balance 248.000000, 				Withdraw 500.000000 --insufficient funds[0m
[22;32mUser 2, Acc 3 Balance 302.000000, 				Withdraw 500.000000 --insufficient funds[0m
[22;32mUser 2, Acc 4 Balance 270.000000, 				Withdraw 500.000000 --insufficient funds[0m
[22;32mUser 2, Acc 5 Balance 134.000000, 				Withdraw 500.000000 --insufficient funds[0m
[22;32mUser 2, Acc 6 Balance 453.000000, 				Withdraw 500.000000 --insufficient funds[0m
User 2, Acc 7 Balance 986.000000, Withdraw 500.000000 
[22;32mUser 2, Acc 8 Balance 89.000000, 				Withdraw 500.000000 --insufficient funds[0m
[22;32mUser 2, Acc 9 Balance 163.000000, 				Withdraw 500.000000 --insufficient funds[0m
[22;32mUser 2, Acc 0 Balance 307.000000, 				Withdraw 500.000000 --insufficient funds[0m
User 2, Acc 0 Balance 307.000000, Deposit 400.000000 
User 2, Acc 0 Balance 707.000000, Withdraw 200.000000 
User 2, Acc 0 Balance 507.000000, Deposit 100.000000 
User 2, Acc 0 Balance 607.000000, Withdraw 50.000000 
User 2, Acc 0 Balance 557.000000, Withdraw 150.000000 
User 2, Acc 0 Balance 407.000000, Deposit 300.000000 
User 2, Acc 0 Balance 707.000000, Transfer 300.000000 to Acc 1
Balance in 1: 599.000000
User 2, Acc 0 Balance 407.000000, Deposit 907.000000 
User 2, Acc 1 Balance 599.000000, Deposit 911.000000 
User 2, Acc 2 Balance 248.000000, Deposit 919.000000 
User 2, Acc 3 Balance 302.000000, Transfer 29.000000 to Acc 7
User 2, Acc 7 Balance 515.000000, Transfer 31.000000 to Acc 6
User 2, Acc 7 Balance 484.000000, Transfer 37.000000 to Acc 5
User 2, Acc 7 Balance 447.000000, Transfer 3.000000 to Acc 4
User 2, Acc 7 Balance 444.000000, Transfer 5.000000 to Acc 4
User 2, Acc 3 Balance 273.000000, Deposit 929.000000 
User 2, Acc 4 Balance 278.000000, Deposit 937.000000 
User 2, Acc 5 Balance 171.000000, Deposit 941.000000 
User 2, Acc 4 Balance 1215.000000, Withdraw 167.000000 
User 2, Acc 5 Balance 1112.000000, Withdraw 307.000000 
User 2, Acc 1 Balance 1510.000000, Transfer 89.000000 to Acc 8
User 2, Acc 1 Balance 1421.000000, Transfer 163.000000 to Acc 9
User 2, Acc 1 Balance 1258.000000, Withdraw 41.000000 
User 2, Acc 2 Balance 1167.000000, Withdraw 71.000000 
User 2, Acc 3 Balance 1202.000000, Withdraw 127.000000 
[22;32mUser 2, Acc 6 Balance 484.000000, 				Withdraw 647.000000 --insufficient funds[0m
User 2, Acc 6 Balance 484.000000, Deposit 953.000000 
User 2, Acc 7 Balance 439.000000, Deposit 967.000000 
User 2, Acc 1 Balance 1217.000000, Transfer 19.000000 to Acc 7
User 2, Acc 2 Balance 1096.000000, Transfer 23.000000 to Acc 7
User 2, Acc 6 Balance 1437.000000, Transfer 67.000000 to Acc 5
User 2, Acc 4 Balance 1048.000000, Transfer 53.000000 to Acc 5
User 2, Acc 7 Balance 1448.000000, Withdraw 593.000000 
[22;32mUser 2, Acc 8 Balance 178.000000, 				Withdraw 449.000000 --insufficient funds[0m
User 2, Acc 9 Balance 326.000000, Withdraw 163.000000 
User 2, Acc 0 Balance 1314.000000, Deposit 907.000000 
User 2, Acc 1 Balance 1198.000000, Deposit 911.000000 
User 2, Acc 2 Balance 1073.000000, Deposit 919.000000 
User 2, Acc 3 Balance 1075.000000, Transfer 29.000000 to Acc 7
User 2, Acc 7 Balance 884.000000, Transfer 31.000000 to Acc 6
User 2, Acc 7 Balance 853.000000, Transfer 37.000000 to Acc 5
User 2, Acc 7 Balance 816.000000, Transfer 3.000000 to Acc 4
User 2, Acc 7 Balance 813.000000, Transfer 5.000000 to Acc 4
User 2, Acc 3 Balance 1046.000000, Deposit 929.000000 
User 2, Acc 4 Balance 1003.000000, Deposit 937.000000 
User 2, Acc 5 Balance 962.000000, Deposit 941.000000 
User 2, Acc 4 Balance 1940.000000, Withdraw 167.000000 
User 2, Acc 5 Balance 1903.000000, Withdraw 307.000000 
User 2, Acc 1 Balance 2109.000000, Transfer 89.000000 to Acc 8
User 2, Acc 1 Balance 2020.000000, Transfer 163.000000 to Acc 9
User 2, Acc 1 Balance 1857.000000, Withdraw 41.000000 
User 2, Acc 2 Balance 1992.000000, Withdraw 71.000000 
User 2, Acc 3 Balance 1975.000000, Withdraw 127.000000 
User 2, Acc 6 Balance 1401.000000, Withdraw 647.000000 
User 2, Acc 6 Balance 754.000000, Deposit 953.000000 
User 2, Acc 7 Balance 808.000000, Deposit 967.000000 
User 2, Acc 1 Balance 1816.000000, Transfer 19.000000 to Acc 7
User 2, Acc 2 Balance 1921.000000, Transfer 23.000000 to Acc 7
User 2, Acc 6 Balance 1707.000000, Transfer 67.000000 to Acc 5
User 2, Acc 4 Balance 1773.000000, Transfer 53.000000 to Acc 5
User 2, Acc 7 Balance 1817.000000, Withdraw 593.000000 
[22;32mUser 2, Acc 8 Balance 267.000000, 				Withdraw 449.000000 --insufficient funds[0m
User 2, Acc 9 Balance 326.000000, Withdraw 163.000000 
User 2, Acc 1 Balance 1797.000000, Withdraw 500.000000 
User 2, Acc 2 Balance 1898.000000, Withdraw 500.000000 
User 2, Acc 3 Balance 1848.000000, Withdraw 500.000000 
User 2, Acc 4 Balance 1720.000000, Withdraw 500.000000 
User 2, Acc 5 Balance 1716.000000, Withdraw 500.000000 
User 3, Acc 2 Balance 248.000000, Transfer 23.000000 to Acc 7
User 3, Acc 6 Balance 1640.000000, Transfer 67.000000 to Acc 5
User 3, Acc 4 Balance 1220.000000, Transfer 53.000000 to Acc 5
User 3, Acc 7 Balance 1247.000000, Withdraw 593.000000 
User 1, Acc 0 Balance 807.000000, Withdraw 200.000000 
User 2, Acc 6 Balance 1640.000000, Withdraw 500.000000 
User 1, Acc 1 Balance 1297.000000, Deposit 100.000000 
User 2, Acc 7 Balance 654.000000, Withdraw 500.000000 
User 1, Acc 2 Balance 1375.000000, Deposit 900.000000 
[22;32mUser 2, Acc 8 Balance 267.000000, 				Withdraw 500.000000 --insufficient funds[0m
User 1, Acc 1 Balance 1397.000000, Withdraw 50.000000 
User 0, Acc 0 Balance 300.000000, Deposit 400.000000 
User 0, Acc 0 Balance 2421.000000, Withdraw 200.000000 
User 0, Acc 1 Balance 1347.000000, Deposit 100.000000 
[22;32mUser 2, Acc 9 Balance 163.000000, 				Withdraw 500.000000 --insufficient funds[0m
[22;32mUser 3, Acc 8 Balance 267.000000, 				Withdraw 449.000000 --insufficient funds[0m
User 2, Acc 0 Balance 2221.000000, Withdraw 500.000000 
User 1, Acc 2 Balance 2275.000000, Withdraw 150.000000 
User 1, Acc 3 Balance 1348.000000, Deposit 500.000000 
User 1, Acc 2 Balance 2125.000000, Transfer 300.000000 to Acc 1
User 1, Acc 3 Balance 1848.000000, Transfer 300.000000 to Acc 1
User 1, Acc 0 Balance 1721.000000, Deposit 400.000000 
User 1, Acc 3 Balance 1548.000000, Withdraw 200.000000 
Balance in 1: 2047.000000
User 2, Acc 1 Balance 1447.000000, Withdraw 500.000000 
User 2, Acc 2 Balance 1825.000000, Withdraw 500.000000 
User 0, Acc 2 Balance 2275.000000, Deposit 900.000000 
User 0, Acc 1 Balance 1547.000000, Withdraw 50.000000 
User 0, Acc 2 Balance 2225.000000, Withdraw 150.000000 
User 0, Acc 3 Balance 1348.000000, Deposit 500.000000 
User 0, Acc 2 Balance 2075.000000, Transfer 300.000000 to Acc 1
User 0, Acc 3 Balance 1848.000000, Transfer 300.000000 to Acc 1
User 0, Acc 0 Balance 2121.000000, Deposit 400.000000 
User 0, Acc 3 Balance 1548.000000, Withdraw 200.000000 
Balance in 1: 2097.000000
User 3, Acc 9 Balance 163.000000, Withdraw 163.000000 
User 1, Acc 0 Balance 2121.000000, Deposit 907.000000 
User 1, Acc 1 Balance 2097.000000, Deposit 911.000000 
User 1, Acc 2 Balance 1775.000000, Deposit 919.000000 
User 1, Acc 3 Balance 1348.000000, Transfer 29.000000 to Acc 7
User 1, Acc 7 Balance 183.000000, Transfer 31.000000 to Acc 6
User 1, Acc 7 Balance 152.000000, Transfer 37.000000 to Acc 5
User 2, Acc 3 Balance 1348.000000, Withdraw 500.000000 
User 2, Acc 4 Balance 1167.000000, Withdraw 500.000000 
User 2, Acc 5 Balance 1373.000000, Withdraw 500.000000 
User 2, Acc 6 Balance 1104.000000, Withdraw 500.000000 
[22;32mUser 2, Acc 7 Balance 115.000000, 				Withdraw 500.000000 --insufficient funds[0m
[22;32mUser 2, Acc 8 Balance 267.000000, 				Withdraw 500.000000 --insufficient funds[0m
[22;32mUser 2, Acc 9 Balance 0.000000, 				Withdraw 500.000000 --insufficient funds[0m
User 2, Acc 0 Balance 3428.000000, Withdraw 500.000000 
User 2, Acc 1 Balance 3008.000000, Withdraw 500.000000 
User 2, Acc 2 Balance 2694.000000, Withdraw 500.000000 
User 2, Acc 3 Balance 819.000000, Withdraw 500.000000 
User 2, Acc 4 Balance 667.000000, Withdraw 500.000000 
User 2, Acc 5 Balance 873.000000, Withdraw 500.000000 
User 2, Acc 6 Balance 604.000000, Withdraw 500.000000 
[22;32mUser 2, Acc 7 Balance 115.000000, 				Withdraw 500.000000 --insufficient funds[0m
[22;32mUser 2, Acc 8 Balance 267.000000, 				Withdraw 500.000000 --insufficient funds[0m
[22;32mUser 2, Acc 9 Balance 0.000000, 				Withdraw 500.000000 --insufficient funds[0m
User 2, Acc 0 Balance 2928.000000, Withdraw 500.000000 
User 1, Acc 7 Balance 115.000000, Transfer 3.000000 to Acc 4
User 1, Acc 7 Balance 112.000000, Transfer 5.000000 to Acc 4
User 1, Acc 3 Balance 319.000000, Deposit 929.000000 
User 1, Acc 4 Balance 175.000000, Deposit 937.000000 
User 1, Acc 5 Balance 373.000000, Deposit 941.000000 
User 1, Acc 4 Balance 1112.000000, Withdraw 167.000000 
User 1, Acc 5 Balance 1314.000000, Withdraw 307.000000 
User 1, Acc 1 Balance 2508.000000, Transfer 89.000000 to Acc 8
User 1, Acc 1 Balance 2419.000000, Transfer 163.000000 to Acc 9
User 1, Acc 1 Balance 2256.000000, Withdraw 41.000000 
User 1, Acc 2 Balance 2194.000000, Withdraw 71.000000 
User 1, Acc 3 Balance 1248.000000, Withdraw 127.000000 
[22;32mUser 1, Acc 6 Balance 104.000000, 				Withdraw 647.000000 --insufficient funds[0m
User 1, Acc 6 Balance 104.000000, Deposit 953.000000 
User 1, Acc 7 Balance 107.000000, Deposit 967.000000 
User 1, Acc 1 Balance 2215.000000, Transfer 19.000000 to Acc 7
User 1, Acc 2 Balance 2123.000000, Transfer 23.000000 to Acc 7
User 1, Acc 6 Balance 1057.000000, Transfer 67.000000 to Acc 5
User 1, Acc 4 Balance 945.000000, Transfer 53.000000 to Acc 5
User 1, Acc 7 Balance 1116.000000, Withdraw 593.000000 
[22;32mUser 1, Acc 8 Balance 356.000000, 				Withdraw 449.000000 --insufficient funds[0m
User 1, Acc 9 Balance 163.000000, Withdraw 163.000000 
  ***     End of transaction batch    ***  
Account 0 balance after completion of transaction batch: 2428.000000
Account 1 balance after completion of transaction batch: 2196.000000
Account 2 balance after completion of transaction batch: 2100.000000
Account 3 balance after completion of transaction batch: 1121.000000
Account 4 balance after completion of transaction batch: 892.000000
Account 5 balance after completion of transaction batch: 1127.000000
Account 6 balance after completion of transaction batch: 990.000000
Account 7 balance after completion of transaction batch: 523.000000
Account 8 balance after completion of transaction batch: 356.000000
Account 9 balance after completion of transaction batch: 0.000000
