# Output generated by:
# ./my_executable 4 data/transactions7.txt data/transactions3.txt data/transactions2.txt data/transactions4.txt

********************************************
   Reading and parsing a transaction file   
********************************************
Parsed transaction: deposit 7 9929.000000 
Loaded deposit transaction
Parsed transaction: deposit 4 937.000000 
Loaded deposit transaction
Parsed transaction: deposit 5 941.000000 
Loaded deposit transaction
Parsed transaction: deposit 0 7.000000 
Loaded deposit transaction
Parsed transaction: deposit 3 29.000000 
Loaded deposit transaction
Parsed transaction: deposit 7 9.000000 
Loaded deposit transaction
Parsed transaction: deposit 9 129.000000 
Loaded deposit transaction
Parsed transaction: transfer 3 7 29.000000 
Loaded transfer transaction
Parsed transaction: transfer 7 6 31.000000 
Loaded transfer transaction
Parsed transaction: transfer 7 5 137.000000 
Loaded transfer transaction
Parsed transaction: transfer 7 4 3.000000 
Loaded transfer transaction
Parsed transaction: transfer 7 4 5.000000 
Loaded transfer transaction
Parsed transaction: withdraw 4 1167.000000 
Loaded withdrawal transaction
Parsed transaction: withdraw 5 1307.000000 
Loaded withdrawal transaction
Parsed transaction: transfer 1 8 89.000000 
Loaded transfer transaction
Parsed transaction: transfer 1 9 163.000000 
Loaded transfer transaction
Parsed transaction: withdraw 1 41.000000 
Loaded withdrawal transaction
Parsed transaction: withdraw 2 71.000000 
Loaded withdrawal transaction
Parsed transaction: withdraw 3 1127.000000 
Loaded withdrawal transaction
Parsed transaction: withdraw 6 647.000000 
Loaded withdrawal transaction
Parsed transaction: deposit 6 1953.000000 
Loaded deposit transaction
Parsed transaction: deposit 7 967.000000 
Loaded deposit transaction
Parsed transaction: transfer 1 7 19.000000 
Loaded transfer transaction
Parsed transaction: transfer 2 7 23.000000 
Loaded transfer transaction
Parsed transaction: transfer 6 5 1167.000000 
Loaded transfer transaction
Parsed transaction: transfer 4 5 53.000000 
Loaded transfer transaction
Parsed transaction: withdraw 7 1593.000000 
Loaded withdrawal transaction
Parsed transaction: withdraw 8 449.000000 
Loaded withdrawal transaction
Parsed transaction: withdraw 9 163.000000 
Loaded withdrawal transaction
********************************************
********************************************
   Reading and parsing a transaction file   
********************************************
Parsed transaction: deposit 0 400.000000 
Loaded deposit transaction
Parsed transaction: withdraw 0 200.000000 
Loaded withdrawal transaction
Parsed transaction: deposit 1 100.000000 
Loaded deposit transaction
Parsed transaction: deposit 2 900.000000 
Loaded deposit transaction
Parsed transaction: withdraw 1 50.000000 
Loaded withdrawal transaction
Parsed transaction: withdraw 2 150.000000 
Loaded withdrawal transaction
Parsed transaction: deposit 3 500.000000 
Loaded deposit transaction
Parsed transaction: transfer 2 1 300.000000 
Loaded transfer transaction
Parsed transaction: transfer 3 1 300.000000 
Loaded transfer transaction
Parsed transaction: deposit 0 400.000000 
Loaded deposit transaction
Parsed transaction: withdraw 3 200.000000 
Loaded withdrawal transaction
Parsed transaction: balance 1 
Loaded balance transaction
********************************************
********************************************
   Reading and parsing a transaction file   
********************************************
Parsed transaction: deposit 0 400.000000 
Loaded deposit transaction
Parsed transaction: withdraw 0 200.000000 
Loaded withdrawal transaction
Parsed transaction: deposit 0 100.000000 
Loaded deposit transaction
Parsed transaction: withdraw 0 50.000000 
Loaded withdrawal transaction
Parsed transaction: withdraw 0 150.000000 
Loaded withdrawal transaction
Parsed transaction: deposit 0 300.000000 
Loaded deposit transaction
Parsed transaction: transfer 0 1 300.000000 
Loaded transfer transaction
Parsed transaction: balance 1 
Loaded balance transaction
********************************************
********************************************
   Reading and parsing a transaction file   
********************************************
Parsed transaction: deposit 0 907.000000 
Loaded deposit transaction
Parsed transaction: deposit 1 911.000000 
Loaded deposit transaction
Parsed transaction: deposit 2 919.000000 
Loaded deposit transaction
Parsed transaction: deposit 3 929.000000 
Loaded deposit transaction
Parsed transaction: deposit 4 937.000000 
Loaded deposit transaction
Parsed transaction: deposit 5 941.000000 
Loaded deposit transaction
Parsed transaction: deposit 6 953.000000 
Loaded deposit transaction
Parsed transaction: deposit 7 967.000000 
Loaded deposit transaction
Parsed transaction: transfer 1 7 19.000000 
Loaded transfer transaction
Parsed transaction: transfer 2 7 23.000000 
Loaded transfer transaction
Parsed transaction: transfer 3 7 29.000000 
Loaded transfer transaction
Parsed transaction: transfer 7 6 31.000000 
Loaded transfer transaction
Parsed transaction: transfer 7 5 37.000000 
Loaded transfer transaction
Parsed transaction: transfer 7 4 3.000000 
Loaded transfer transaction
Parsed transaction: transfer 7 4 5.000000 
Loaded transfer transaction
Parsed transaction: transfer 6 5 67.000000 
Loaded transfer transaction
Parsed transaction: transfer 4 5 53.000000 
Loaded transfer transaction
Parsed transaction: transfer 1 8 89.000000 
Loaded transfer transaction
Parsed transaction: transfer 1 9 163.000000 
Loaded transfer transaction
Parsed transaction: withdraw 1 41.000000 
Loaded withdrawal transaction
Parsed transaction: withdraw 2 71.000000 
Loaded withdrawal transaction
Parsed transaction: withdraw 3 127.000000 
Loaded withdrawal transaction
Parsed transaction: withdraw 4 167.000000 
Loaded withdrawal transaction
Parsed transaction: withdraw 5 307.000000 
Loaded withdrawal transaction
Parsed transaction: withdraw 6 647.000000 
Loaded withdrawal transaction
Parsed transaction: withdraw 7 593.000000 
Loaded withdrawal transaction
Parsed transaction: withdraw 8 449.000000 
Loaded withdrawal transaction
Parsed transaction: withdraw 9 163.000000 
Loaded withdrawal transaction
********************************************
  ***    Start of transaction batch    ***  
User 0, Acc 7 Balance 0.000000, Deposit 9929.000000 
User 0, Acc 4 Balance 0.000000, Deposit 937.000000 
User 0, Acc 5 Balance 0.000000, Deposit 941.000000 
User 0, Acc 0 Balance 0.000000, Deposit 7.000000 
User 0, Acc 3 Balance 0.000000, Deposit 29.000000 
User 0, Acc 7 Balance 9929.000000, Deposit 9.000000 
User 0, Acc 9 Balance 0.000000, Deposit 129.000000 
User 0, Acc 3 Balance 29.000000, Transfer 29.000000 to Acc 7
User 0, Acc 7 Balance 9967.000000, Transfer 31.000000 to Acc 6
User 0, Acc 7 Balance 9936.000000, Transfer 137.000000 to Acc 5
User 0, Acc 7 Balance 9799.000000, Transfer 3.000000 to Acc 4
User 0, Acc 7 Balance 9796.000000, Transfer 5.000000 to Acc 4
[22;32mUser 0, Acc 4 Balance 945.000000, 				Withdraw 1167.000000 --insufficient funds[0m
[22;32mUser 0, Acc 5 Balance 1078.000000, 				Withdraw 1307.000000 --insufficient funds[0m
[22;32mUser 0, Acc 1 Balance 0.000000, 				Withdraw 41.000000 --insufficient funds[0m
[22;32mUser 0, Acc 2 Balance 0.000000, 				Withdraw 71.000000 --insufficient funds[0m
[22;32mUser 0, Acc 3 Balance 0.000000, 				Withdraw 1127.000000 --insufficient funds[0m
[22;32mUser 0, Acc 6 Balance 31.000000, 				Withdraw 647.000000 --insufficient funds[0m
User 0, Acc 6 Balance 31.000000, Deposit 1953.000000 
User 0, Acc 7 Balance 9791.000000, Deposit 967.000000 
User 2, Acc 0 Balance 7.000000, Deposit 400.000000 
User 2, Acc 0 Balance 407.000000, Withdraw 200.000000 
User 1, Acc 0 Balance 7.000000, Deposit 400.000000 
User 1, Acc 0 Balance 607.000000, Withdraw 200.000000 
User 1, Acc 1 Balance 0.000000, Deposit 100.000000 
User 1, Acc 2 Balance 0.000000, Deposit 900.000000 
User 1, Acc 1 Balance 100.000000, Withdraw 50.000000 
User 1, Acc 2 Balance 900.000000, Withdraw 150.000000 
User 1, Acc 3 Balance 0.000000, Deposit 500.000000 
User 1, Acc 2 Balance 750.000000, Transfer 300.000000 to Acc 1
User 1, Acc 3 Balance 500.000000, Transfer 300.000000 to Acc 1
User 1, Acc 0 Balance 407.000000, Deposit 400.000000 
User 1, Acc 3 Balance 200.000000, Withdraw 200.000000 
Balance in 1: 650.000000
User 1, Acc 7 Balance 10758.000000, Deposit 9929.000000 
User 1, Acc 4 Balance 945.000000, Deposit 937.000000 
User 1, Acc 5 Balance 1078.000000, Deposit 941.000000 
User 1, Acc 0 Balance 807.000000, Deposit 7.000000 
User 1, Acc 3 Balance 0.000000, Deposit 29.000000 
User 0, Acc 6 Balance 1984.000000, Transfer 1167.000000 to Acc 5
User 3, Acc 0 Balance 7.000000, Deposit 907.000000 
User 0, Acc 4 Balance 1882.000000, Transfer 53.000000 to Acc 5
User 0, Acc 7 Balance 20687.000000, Withdraw 1593.000000 
User 1, Acc 7 Balance 20687.000000, Deposit 9.000000 
User 1, Acc 9 Balance 129.000000, Deposit 129.000000 
User 1, Acc 3 Balance 29.000000, Transfer 29.000000 to Acc 7
User 1, Acc 7 Balance 19132.000000, Transfer 31.000000 to Acc 6
User 3, Acc 1 Balance 650.000000, Deposit 911.000000 
User 3, Acc 2 Balance 450.000000, Deposit 919.000000 
User 2, Acc 0 Balance 207.000000, Deposit 100.000000 
[22;32mUser 0, Acc 8 Balance 0.000000, 				Withdraw 449.000000 --insufficient funds[0m
User 0, Acc 9 Balance 258.000000, Withdraw 163.000000 
User 3, Acc 3 Balance 0.000000, Deposit 929.000000 
User 0, Acc 7 Balance 19101.000000, Deposit 9929.000000 
User 1, Acc 7 Balance 19101.000000, Transfer 137.000000 to Acc 5
User 1, Acc 7 Balance 28893.000000, Transfer 3.000000 to Acc 4
User 1, Acc 7 Balance 28890.000000, Transfer 5.000000 to Acc 4
User 1, Acc 4 Balance 1837.000000, Withdraw 1167.000000 
User 0, Acc 4 Balance 1829.000000, Deposit 937.000000 
User 3, Acc 4 Balance 1829.000000, Deposit 937.000000 
User 1, Acc 5 Balance 3376.000000, Withdraw 1307.000000 
User 1, Acc 1 Balance 1561.000000, Transfer 89.000000 to Acc 8
User 1, Acc 1 Balance 1472.000000, Transfer 163.000000 to Acc 9
User 2, Acc 0 Balance 1821.000000, Withdraw 50.000000 
User 3, Acc 5 Balance 3376.000000, Deposit 941.000000 
User 0, Acc 5 Balance 3376.000000, Deposit 941.000000 
User 3, Acc 6 Balance 848.000000, Deposit 953.000000 
User 0, Acc 0 Balance 1771.000000, Deposit 7.000000 
User 0, Acc 3 Balance 929.000000, Deposit 29.000000 
User 0, Acc 7 Balance 28885.000000, Deposit 9.000000 
User 3, Acc 7 Balance 28885.000000, Deposit 967.000000 
User 0, Acc 9 Balance 258.000000, Deposit 129.000000 
User 0, Acc 3 Balance 958.000000, Transfer 29.000000 to Acc 7
User 0, Acc 7 Balance 29890.000000, Transfer 31.000000 to Acc 6
User 0, Acc 7 Balance 29859.000000, Transfer 137.000000 to Acc 5
User 0, Acc 7 Balance 29722.000000, Transfer 3.000000 to Acc 4
User 0, Acc 7 Balance 29719.000000, Transfer 5.000000 to Acc 4
User 2, Acc 0 Balance 1771.000000, Withdraw 150.000000 
User 0, Acc 4 Balance 2552.000000, Withdraw 1167.000000 
User 1, Acc 1 Balance 1309.000000, Withdraw 41.000000 
User 3, Acc 1 Balance 1309.000000, Transfer 19.000000 to Acc 7
User 0, Acc 5 Balance 4088.000000, Withdraw 1307.000000 
User 3, Acc 2 Balance 1369.000000, Transfer 23.000000 to Acc 7
User 0, Acc 1 Balance 1249.000000, Transfer 89.000000 to Acc 8
User 0, Acc 1 Balance 1160.000000, Transfer 163.000000 to Acc 9
User 0, Acc 1 Balance 997.000000, Withdraw 41.000000 
User 0, Acc 2 Balance 1346.000000, Withdraw 71.000000 
[22;32mUser 0, Acc 3 Balance 929.000000, 				Withdraw 1127.000000 --insufficient funds[0m
User 3, Acc 3 Balance 929.000000, Transfer 29.000000 to Acc 7
User 0, Acc 6 Balance 1832.000000, Withdraw 647.000000 
User 0, Acc 6 Balance 1185.000000, Deposit 1953.000000 
User 0, Acc 7 Balance 29785.000000, Deposit 967.000000 
User 0, Acc 1 Balance 956.000000, Transfer 19.000000 to Acc 7
User 1, Acc 2 Balance 1369.000000, Withdraw 71.000000 
User 0, Acc 2 Balance 1275.000000, Transfer 23.000000 to Acc 7
[22;32mUser 1, Acc 3 Balance 900.000000, 				Withdraw 1127.000000 --insufficient funds[0m
User 1, Acc 6 Balance 3138.000000, Withdraw 647.000000 
User 1, Acc 6 Balance 2491.000000, Deposit 1953.000000 
User 2, Acc 0 Balance 1628.000000, Deposit 300.000000 
User 0, Acc 6 Balance 3138.000000, Transfer 1167.000000 to Acc 5
User 3, Acc 7 Balance 29785.000000, Transfer 31.000000 to Acc 6
User 0, Acc 4 Balance 1385.000000, Transfer 53.000000 to Acc 5
User 0, Acc 7 Balance 30763.000000, Withdraw 1593.000000 
User 3, Acc 7 Balance 30763.000000, Transfer 37.000000 to Acc 5
[22;32mUser 0, Acc 8 Balance 178.000000, 				Withdraw 449.000000 --insufficient funds[0m
User 3, Acc 7 Balance 29133.000000, Transfer 3.000000 to Acc 4
User 3, Acc 7 Balance 29130.000000, Transfer 5.000000 to Acc 4
User 2, Acc 0 Balance 1928.000000, Transfer 300.000000 to Acc 1
Balance in 1: 1237.000000
User 0, Acc 9 Balance 550.000000, Withdraw 163.000000 
User 0, Acc 0 Balance 1628.000000, Deposit 400.000000 
User 0, Acc 0 Balance 2028.000000, Withdraw 200.000000 
User 0, Acc 1 Balance 1237.000000, Deposit 100.000000 
User 1, Acc 7 Balance 30794.000000, Deposit 967.000000 
User 2, Acc 0 Balance 1628.000000, Deposit 400.000000 
User 1, Acc 1 Balance 1337.000000, Transfer 19.000000 to Acc 7
User 1, Acc 2 Balance 1181.000000, Transfer 23.000000 to Acc 7
User 1, Acc 6 Balance 3308.000000, Transfer 1167.000000 to Acc 5
User 1, Acc 4 Balance 1340.000000, Transfer 53.000000 to Acc 5
User 1, Acc 7 Balance 30134.000000, Withdraw 1593.000000 
[22;32mUser 1, Acc 8 Balance 178.000000, 				Withdraw 449.000000 --insufficient funds[0m
User 3, Acc 6 Balance 3308.000000, Transfer 67.000000 to Acc 5
User 2, Acc 0 Balance 2228.000000, Withdraw 200.000000 
User 3, Acc 4 Balance 1287.000000, Transfer 53.000000 to Acc 5
User 3, Acc 1 Balance 1318.000000, Transfer 89.000000 to Acc 8
User 3, Acc 1 Balance 1229.000000, Transfer 163.000000 to Acc 9
User 0, Acc 2 Balance 1181.000000, Deposit 900.000000 
User 0, Acc 1 Balance 1066.000000, Withdraw 50.000000 
User 0, Acc 2 Balance 2058.000000, Withdraw 150.000000 
User 0, Acc 3 Balance 900.000000, Deposit 500.000000 
User 0, Acc 2 Balance 1908.000000, Transfer 300.000000 to Acc 1
User 0, Acc 3 Balance 1400.000000, Transfer 300.000000 to Acc 1
User 3, Acc 1 Balance 1066.000000, Withdraw 41.000000 
User 0, Acc 0 Balance 2028.000000, Deposit 400.000000 
User 1, Acc 9 Balance 387.000000, Withdraw 163.000000 
User 1, Acc 0 Balance 2428.000000, Deposit 400.000000 
User 1, Acc 0 Balance 2828.000000, Withdraw 200.000000 
User 1, Acc 0 Balance 2628.000000, Deposit 100.000000 
User 1, Acc 0 Balance 2728.000000, Withdraw 50.000000 
User 0, Acc 3 Balance 1100.000000, Withdraw 200.000000 
Balance in 1: 1575.000000
User 0, Acc 7 Balance 28541.000000, Deposit 9929.000000 
User 0, Acc 4 Balance 1234.000000, Deposit 937.000000 
User 0, Acc 5 Balance 5378.000000, Deposit 941.000000 
User 0, Acc 0 Balance 2678.000000, Deposit 7.000000 
User 0, Acc 3 Balance 900.000000, Deposit 29.000000 
User 0, Acc 7 Balance 38470.000000, Deposit 9.000000 
User 0, Acc 9 Balance 387.000000, Deposit 129.000000 
User 0, Acc 3 Balance 929.000000, Transfer 29.000000 to Acc 7
User 0, Acc 7 Balance 38508.000000, Transfer 31.000000 to Acc 6
User 0, Acc 7 Balance 38477.000000, Transfer 137.000000 to Acc 5
User 0, Acc 7 Balance 38340.000000, Transfer 3.000000 to Acc 4
User 0, Acc 7 Balance 38337.000000, Transfer 5.000000 to Acc 4
User 0, Acc 4 Balance 2179.000000, Withdraw 1167.000000 
User 0, Acc 5 Balance 6456.000000, Withdraw 1307.000000 
User 0, Acc 1 Balance 1575.000000, Transfer 89.000000 to Acc 8
User 0, Acc 1 Balance 1486.000000, Transfer 163.000000 to Acc 9
User 0, Acc 1 Balance 1323.000000, Withdraw 41.000000 
User 0, Acc 2 Balance 1608.000000, Withdraw 71.000000 
[22;32mUser 0, Acc 3 Balance 900.000000, 				Withdraw 1127.000000 --insufficient funds[0m
User 0, Acc 6 Balance 2105.000000, Withdraw 647.000000 
User 0, Acc 6 Balance 1458.000000, Deposit 1953.000000 
User 0, Acc 7 Balance 38332.000000, Deposit 967.000000 
User 0, Acc 1 Balance 1282.000000, Transfer 19.000000 to Acc 7
User 0, Acc 2 Balance 1537.000000, Transfer 23.000000 to Acc 7
User 0, Acc 6 Balance 3411.000000, Transfer 1167.000000 to Acc 5
User 0, Acc 4 Balance 1012.000000, Transfer 53.000000 to Acc 5
User 1, Acc 0 Balance 2678.000000, Withdraw 150.000000 
User 1, Acc 0 Balance 2535.000000, Deposit 300.000000 
User 1, Acc 0 Balance 2835.000000, Transfer 300.000000 to Acc 1
Balance in 1: 1563.000000
User 1, Acc 0 Balance 2535.000000, Deposit 400.000000 
User 3, Acc 2 Balance 1608.000000, Withdraw 71.000000 
User 0, Acc 7 Balance 39341.000000, Withdraw 1593.000000 
[22;32mUser 0, Acc 8 Balance 356.000000, 				Withdraw 449.000000 --insufficient funds[0m
User 0, Acc 9 Balance 679.000000, Withdraw 163.000000 
User 3, Acc 3 Balance 900.000000, Withdraw 127.000000 
User 3, Acc 4 Balance 959.000000, Withdraw 167.000000 
User 3, Acc 5 Balance 6369.000000, Withdraw 307.000000 
User 0, Acc 0 Balance 2935.000000, Deposit 907.000000 
User 3, Acc 6 Balance 2244.000000, Withdraw 647.000000 
User 2, Acc 1 Balance 1318.000000, Deposit 100.000000 
User 0, Acc 1 Balance 1563.000000, Deposit 911.000000 
User 1, Acc 0 Balance 2935.000000, Withdraw 200.000000 
User 0, Acc 2 Balance 1443.000000, Deposit 919.000000 
User 0, Acc 3 Balance 773.000000, Deposit 929.000000 
User 3, Acc 7 Balance 37748.000000, Withdraw 593.000000 
User 1, Acc 0 Balance 3642.000000, Deposit 100.000000 
[22;32mUser 3, Acc 8 Balance 356.000000, 				Withdraw 449.000000 --insufficient funds[0m
User 0, Acc 4 Balance 792.000000, Deposit 937.000000 
User 1, Acc 0 Balance 3742.000000, Withdraw 50.000000 
User 1, Acc 0 Balance 3692.000000, Withdraw 150.000000 
User 1, Acc 0 Balance 3542.000000, Deposit 300.000000 
User 1, Acc 0 Balance 3842.000000, Transfer 300.000000 to Acc 1
Balance in 1: 2874.000000
User 1, Acc 0 Balance 3542.000000, Deposit 907.000000 
User 3, Acc 9 Balance 516.000000, Withdraw 163.000000 
User 0, Acc 5 Balance 6062.000000, Deposit 941.000000 
User 0, Acc 6 Balance 1597.000000, Deposit 953.000000 
User 0, Acc 7 Balance 37155.000000, Deposit 967.000000 
User 0, Acc 1 Balance 2874.000000, Transfer 19.000000 to Acc 7
User 0, Acc 2 Balance 2362.000000, Transfer 23.000000 to Acc 7
User 0, Acc 3 Balance 1702.000000, Transfer 29.000000 to Acc 7
User 0, Acc 7 Balance 38193.000000, Transfer 31.000000 to Acc 6
User 3, Acc 0 Balance 4449.000000, Deposit 400.000000 
User 0, Acc 7 Balance 38162.000000, Transfer 37.000000 to Acc 5
User 3, Acc 0 Balance 4849.000000, Withdraw 200.000000 
User 0, Acc 7 Balance 38125.000000, Transfer 3.000000 to Acc 4
User 0, Acc 7 Balance 38122.000000, Transfer 5.000000 to Acc 4
User 3, Acc 1 Balance 2855.000000, Deposit 100.000000 
User 1, Acc 1 Balance 2874.000000, Deposit 911.000000 
User 3, Acc 2 Balance 2339.000000, Deposit 900.000000 
User 0, Acc 6 Balance 2581.000000, Transfer 67.000000 to Acc 5
User 2, Acc 2 Balance 1443.000000, Deposit 900.000000 
User 0, Acc 4 Balance 1737.000000, Transfer 53.000000 to Acc 5
User 0, Acc 1 Balance 3866.000000, Transfer 89.000000 to Acc 8
User 3, Acc 1 Balance 3866.000000, Withdraw 50.000000 
User 0, Acc 1 Balance 3777.000000, Transfer 163.000000 to Acc 9
User 2, Acc 1 Balance 3866.000000, Withdraw 50.000000 
User 3, Acc 2 Balance 4139.000000, Withdraw 150.000000 
User 1, Acc 2 Balance 2339.000000, Deposit 919.000000 
User 0, Acc 1 Balance 3564.000000, Withdraw 41.000000 
User 2, Acc 2 Balance 4139.000000, Withdraw 150.000000 
User 3, Acc 3 Balance 1673.000000, Deposit 500.000000 
User 1, Acc 3 Balance 1673.000000, Deposit 929.000000 
User 3, Acc 2 Balance 4758.000000, Transfer 300.000000 to Acc 1
User 2, Acc 3 Balance 1673.000000, Deposit 500.000000 
User 0, Acc 2 Balance 4908.000000, Withdraw 71.000000 
User 1, Acc 4 Balance 1684.000000, Deposit 937.000000 
User 0, Acc 3 Balance 3602.000000, Withdraw 127.000000 
User 2, Acc 2 Balance 4458.000000, Transfer 300.000000 to Acc 1
User 3, Acc 3 Balance 3102.000000, Transfer 300.000000 to Acc 1
User 3, Acc 0 Balance 4649.000000, Deposit 400.000000 
User 3, Acc 3 Balance 3175.000000, Withdraw 200.000000 
Balance in 1: 4373.000000
User 1, Acc 5 Balance 7160.000000, Deposit 941.000000 
User 1, Acc 6 Balance 2514.000000, Deposit 953.000000 
User 0, Acc 4 Balance 2621.000000, Withdraw 167.000000 
User 2, Acc 3 Balance 3475.000000, Transfer 300.000000 to Acc 1
User 0, Acc 5 Balance 8101.000000, Withdraw 307.000000 
User 2, Acc 0 Balance 5049.000000, Deposit 400.000000 
User 0, Acc 6 Balance 3467.000000, Withdraw 647.000000 
User 3, Acc 0 Balance 5049.000000, Deposit 400.000000 
User 3, Acc 0 Balance 5849.000000, Withdraw 200.000000 
User 3, Acc 0 Balance 5649.000000, Deposit 100.000000 
User 3, Acc 0 Balance 5749.000000, Withdraw 50.000000 
User 3, Acc 0 Balance 5699.000000, Withdraw 150.000000 
User 3, Acc 0 Balance 5549.000000, Deposit 300.000000 
User 3, Acc 0 Balance 5849.000000, Transfer 300.000000 to Acc 1
Balance in 1: 4973.000000
User 3, Acc 0 Balance 5549.000000, Deposit 907.000000 
User 3, Acc 1 Balance 4973.000000, Deposit 911.000000 
User 3, Acc 2 Balance 4087.000000, Deposit 919.000000 
User 3, Acc 3 Balance 2675.000000, Deposit 929.000000 
User 3, Acc 4 Balance 2454.000000, Deposit 937.000000 
User 3, Acc 5 Balance 7794.000000, Deposit 941.000000 
User 3, Acc 6 Balance 2820.000000, Deposit 953.000000 
User 3, Acc 7 Balance 38117.000000, Deposit 967.000000 
User 3, Acc 1 Balance 5884.000000, Transfer 19.000000 to Acc 7
User 3, Acc 2 Balance 5006.000000, Transfer 23.000000 to Acc 7
User 3, Acc 3 Balance 3604.000000, Transfer 29.000000 to Acc 7
User 3, Acc 7 Balance 39155.000000, Transfer 31.000000 to Acc 6
User 3, Acc 7 Balance 39124.000000, Transfer 37.000000 to Acc 5
User 3, Acc 7 Balance 39087.000000, Transfer 3.000000 to Acc 4
User 1, Acc 7 Balance 38117.000000, Deposit 967.000000 
User 0, Acc 7 Balance 38117.000000, Withdraw 593.000000 
[22;32mUser 0, Acc 8 Balance 445.000000, 				Withdraw 449.000000 --insufficient funds[0m
User 0, Acc 9 Balance 516.000000, Withdraw 163.000000 
User 2, Acc 3 Balance 2675.000000, Withdraw 200.000000 
Balance in 1: 5865.000000
User 3, Acc 7 Balance 39084.000000, Transfer 5.000000 to Acc 4
User 3, Acc 6 Balance 3804.000000, Transfer 67.000000 to Acc 5
User 3, Acc 4 Balance 3399.000000, Transfer 53.000000 to Acc 5
User 3, Acc 1 Balance 5865.000000, Transfer 89.000000 to Acc 8
User 3, Acc 1 Balance 5776.000000, Transfer 163.000000 to Acc 9
User 3, Acc 1 Balance 5613.000000, Withdraw 41.000000 
User 3, Acc 2 Balance 4983.000000, Withdraw 71.000000 
User 3, Acc 3 Balance 3375.000000, Withdraw 127.000000 
User 3, Acc 4 Balance 3346.000000, Withdraw 167.000000 
User 3, Acc 5 Balance 8892.000000, Withdraw 307.000000 
User 1, Acc 1 Balance 5865.000000, Transfer 19.000000 to Acc 7
User 1, Acc 2 Balance 4912.000000, Transfer 23.000000 to Acc 7
User 1, Acc 3 Balance 3248.000000, Transfer 29.000000 to Acc 7
User 1, Acc 7 Balance 39524.000000, Transfer 31.000000 to Acc 6
User 1, Acc 7 Balance 39493.000000, Transfer 37.000000 to Acc 5
User 1, Acc 7 Balance 39456.000000, Transfer 3.000000 to Acc 4
User 1, Acc 7 Balance 39453.000000, Transfer 5.000000 to Acc 4
User 1, Acc 6 Balance 3768.000000, Transfer 67.000000 to Acc 5
User 1, Acc 4 Balance 3187.000000, Transfer 53.000000 to Acc 5
User 1, Acc 1 Balance 5553.000000, Transfer 89.000000 to Acc 8
User 1, Acc 1 Balance 5464.000000, Transfer 163.000000 to Acc 9
User 1, Acc 1 Balance 5301.000000, Withdraw 41.000000 
User 1, Acc 2 Balance 4889.000000, Withdraw 71.000000 
User 1, Acc 3 Balance 3219.000000, Withdraw 127.000000 
User 1, Acc 4 Balance 3134.000000, Withdraw 167.000000 
User 1, Acc 5 Balance 8742.000000, Withdraw 307.000000 
User 1, Acc 6 Balance 3701.000000, Withdraw 647.000000 
User 3, Acc 6 Balance 3737.000000, Withdraw 647.000000 
User 3, Acc 7 Balance 39448.000000, Withdraw 593.000000 
User 1, Acc 7 Balance 39448.000000, Withdraw 593.000000 
User 1, Acc 8 Balance 623.000000, Withdraw 449.000000 
User 1, Acc 9 Balance 679.000000, Withdraw 163.000000 
User 3, Acc 8 Balance 623.000000, Withdraw 449.000000 
User 3, Acc 9 Balance 516.000000, Withdraw 163.000000 
  ***     End of transaction batch    ***  
Account 0 balance after completion of transaction batch: 6456.000000
Account 1 balance after completion of transaction batch: 5260.000000
Account 2 balance after completion of transaction batch: 4818.000000
Account 3 balance after completion of transaction batch: 3092.000000
Account 4 balance after completion of transaction batch: 2967.000000
Account 5 balance after completion of transaction batch: 8435.000000
Account 6 balance after completion of transaction batch: 2407.000000
Account 7 balance after completion of transaction batch: 38262.000000
Account 8 balance after completion of transaction batch: -275.000000
Account 9 balance after completion of transaction batch: 353.000000
