# Output generated by:
# ./my_executable 4 data/transactions11.txt data/transactions3.txt data/transactions8.txt data/transactions10.txt

********************************************
   Reading and parsing a transaction file   
********************************************
Parsed transaction: deposit 9 617.000000 
Loaded deposit transaction
Parsed transaction: transfer 9 9 617.000000 
Loaded transfer transaction
Parsed transaction: deposit 8 619.000000 
Loaded deposit transaction
Parsed transaction: transfer 8 2 619.000000 
Loaded transfer transaction
Parsed transaction: deposit 7 631.000000 
Loaded deposit transaction
Parsed transaction: transfer 7 3 631.000000 
Loaded transfer transaction
Parsed transaction: deposit 6 641.000000 
Loaded deposit transaction
Parsed transaction: transfer 6 4 641.000000 
Loaded transfer transaction
Parsed transaction: deposit 5 643.000000 
Loaded deposit transaction
Parsed transaction: transfer 5 6 1200.000000 
Loaded transfer transaction
Parsed transaction: deposit 4 647.000000 
Loaded deposit transaction
Parsed transaction: transfer 4 7 1200.000000 
Loaded transfer transaction
Parsed transaction: deposit 3 653.000000 
Loaded deposit transaction
Parsed transaction: transfer 3 8 1200.000000 
Loaded transfer transaction
Parsed transaction: deposit 2 659.000000 
Loaded deposit transaction
Parsed transaction: transfer 2 9 1200.000000 
Loaded transfer transaction
Parsed transaction: deposit 1 661.000000 
Loaded deposit transaction
Parsed transaction: transfer 1 9 1200.000000 
Loaded transfer transaction
Parsed transaction: deposit 0 673.000000 
Loaded deposit transaction
Parsed transaction: transfer 0 9 1200.000000 
Loaded transfer transaction
Parsed transaction: withdraw 1 50.000000 
Loaded withdrawal transaction
Parsed transaction: withdraw 2 50.000000 
Loaded withdrawal transaction
Parsed transaction: withdraw 3 50.000000 
Loaded withdrawal transaction
Parsed transaction: withdraw 4 50.000000 
Loaded withdrawal transaction
Parsed transaction: withdraw 5 50.000000 
Loaded withdrawal transaction
Parsed transaction: withdraw 6 50.000000 
Loaded withdrawal transaction
Parsed transaction: withdraw 7 50.000000 
Loaded withdrawal transaction
Parsed transaction: withdraw 8 50.000000 
Loaded withdrawal transaction
Parsed transaction: withdraw 9 50.000000 
Loaded withdrawal transaction
Parsed transaction: withdraw 0 50.000000 
Loaded withdrawal transaction
********************************************
********************************************
   Reading and parsing a transaction file   
********************************************
Parsed transaction: deposit 0 400.000000 
Loaded deposit transaction
Parsed transaction: withdraw 0 200.000000 
Loaded withdrawal transaction
Parsed transaction: deposit 1 100.000000 
Loaded deposit transaction
Parsed transaction: deposit 2 900.000000 
Loaded deposit transaction
Parsed transaction: withdraw 1 50.000000 
Loaded withdrawal transaction
Parsed transaction: withdraw 2 150.000000 
Loaded withdrawal transaction
Parsed transaction: deposit 3 500.000000 
Loaded deposit transaction
Parsed transaction: transfer 2 1 300.000000 
Loaded transfer transaction
Parsed transaction: transfer 3 1 300.000000 
Loaded transfer transaction
Parsed transaction: deposit 0 400.000000 
Loaded deposit transaction
Parsed transaction: withdraw 3 200.000000 
Loaded withdrawal transaction
Parsed transaction: balance 1 
Loaded balance transaction
********************************************
********************************************
   Reading and parsing a transaction file   
********************************************
Parsed transaction: deposit 9 617.000000 
Loaded deposit transaction
Parsed transaction: transfer 9 1 617.000000 
Loaded transfer transaction
Parsed transaction: deposit 8 619.000000 
Loaded deposit transaction
Parsed transaction: transfer 8 2 619.000000 
Loaded transfer transaction
Parsed transaction: deposit 7 631.000000 
Loaded deposit transaction
Parsed transaction: transfer 7 3 631.000000 
Loaded transfer transaction
Parsed transaction: deposit 6 641.000000 
Loaded deposit transaction
Parsed transaction: transfer 6 4 641.000000 
Loaded transfer transaction
Parsed transaction: deposit 5 643.000000 
Loaded deposit transaction
Parsed transaction: transfer 5 6 1200.000000 
Loaded transfer transaction
Parsed transaction: deposit 4 647.000000 
Loaded deposit transaction
Parsed transaction: transfer 4 7 1200.000000 
Loaded transfer transaction
Parsed transaction: deposit 3 653.000000 
Loaded deposit transaction
Parsed transaction: transfer 3 8 1200.000000 
Loaded transfer transaction
Parsed transaction: deposit 2 659.000000 
Loaded deposit transaction
Parsed transaction: transfer 2 9 1200.000000 
Loaded transfer transaction
Parsed transaction: deposit 1 661.000000 
Loaded deposit transaction
Parsed transaction: transfer 1 9 1200.000000 
Loaded transfer transaction
Parsed transaction: deposit 0 673.000000 
Loaded deposit transaction
Parsed transaction: transfer 0 9 1200.000000 
Loaded transfer transaction
********************************************
********************************************
   Reading and parsing a transaction file   
********************************************
Parsed transaction: withdraw 1 500.000000 
Loaded withdrawal transaction
Parsed transaction: withdraw 2 500.000000 
Loaded withdrawal transaction
Parsed transaction: withdraw 3 500.000000 
Loaded withdrawal transaction
Parsed transaction: withdraw 4 500.000000 
Loaded withdrawal transaction
Parsed transaction: withdraw 5 500.000000 
Loaded withdrawal transaction
Parsed transaction: withdraw 6 500.000000 
Loaded withdrawal transaction
Parsed transaction: withdraw 7 500.000000 
Loaded withdrawal transaction
Parsed transaction: withdraw 8 500.000000 
Loaded withdrawal transaction
Parsed transaction: withdraw 9 500.000000 
Loaded withdrawal transaction
Parsed transaction: withdraw 0 500.000000 
Loaded withdrawal transaction
Parsed transaction: withdraw 1 500.000000 
Loaded withdrawal transaction
Parsed transaction: withdraw 2 500.000000 
Loaded withdrawal transaction
Parsed transaction: withdraw 3 500.000000 
Loaded withdrawal transaction
Parsed transaction: withdraw 4 500.000000 
Loaded withdrawal transaction
Parsed transaction: withdraw 5 500.000000 
Loaded withdrawal transaction
Parsed transaction: withdraw 6 500.000000 
Loaded withdrawal transaction
Parsed transaction: withdraw 7 500.000000 
Loaded withdrawal transaction
Parsed transaction: withdraw 8 500.000000 
Loaded withdrawal transaction
Parsed transaction: withdraw 9 500.000000 
Loaded withdrawal transaction
Parsed transaction: withdraw 0 500.000000 
Loaded withdrawal transaction
Parsed transaction: withdraw 1 500.000000 
Loaded withdrawal transaction
Parsed transaction: withdraw 2 500.000000 
Loaded withdrawal transaction
Parsed transaction: withdraw 3 500.000000 
Loaded withdrawal transaction
Parsed transaction: withdraw 4 500.000000 
Loaded withdrawal transaction
Parsed transaction: withdraw 5 500.000000 
Loaded withdrawal transaction
Parsed transaction: withdraw 6 500.000000 
Loaded withdrawal transaction
Parsed transaction: withdraw 7 500.000000 
Loaded withdrawal transaction
Parsed transaction: withdraw 8 500.000000 
Loaded withdrawal transaction
Parsed transaction: withdraw 9 500.000000 
Loaded withdrawal transaction
Parsed transaction: withdraw 0 500.000000 
Loaded withdrawal transaction
********************************************
  ***    Start of transaction batch    ***  
User 0, Acc 9 Balance 0.000000, Deposit 617.000000 
User 0, Acc 9 Balance 617.000000, Transfer 617.000000 to Acc 9
User 0, Acc 8 Balance 0.000000, Deposit 619.000000 
User 0, Acc 8 Balance 619.000000, Transfer 619.000000 to Acc 2
User 0, Acc 7 Balance 0.000000, Deposit 631.000000 
User 0, Acc 7 Balance 631.000000, Transfer 631.000000 to Acc 3
User 0, Acc 6 Balance 0.000000, Deposit 641.000000 
User 0, Acc 6 Balance 641.000000, Transfer 641.000000 to Acc 4
User 0, Acc 5 Balance 0.000000, Deposit 643.000000 
User 0, Acc 4 Balance 641.000000, Deposit 647.000000 
User 0, Acc 4 Balance 1288.000000, Transfer 1200.000000 to Acc 7
User 0, Acc 3 Balance 631.000000, Deposit 653.000000 
User 0, Acc 3 Balance 1284.000000, Transfer 1200.000000 to Acc 8
User 0, Acc 2 Balance 619.000000, Deposit 659.000000 
User 0, Acc 2 Balance 1278.000000, Transfer 1200.000000 to Acc 9
User 0, Acc 1 Balance 0.000000, Deposit 661.000000 
User 0, Acc 0 Balance 0.000000, Deposit 673.000000 
User 0, Acc 1 Balance 661.000000, Withdraw 50.000000 
User 0, Acc 2 Balance 78.000000, Withdraw 50.000000 
User 0, Acc 3 Balance 84.000000, Withdraw 50.000000 
User 0, Acc 4 Balance 88.000000, Withdraw 50.000000 
User 2, Acc 1 Balance 611.000000, Withdraw 500.000000 
User 3, Acc 0 Balance 673.000000, Deposit 400.000000 
User 1, Acc 9 Balance 1817.000000, Deposit 617.000000 
User 1, Acc 9 Balance 2434.000000, Transfer 617.000000 to Acc 1
User 1, Acc 8 Balance 1200.000000, Deposit 619.000000 
User 1, Acc 8 Balance 1819.000000, Transfer 619.000000 to Acc 2
User 1, Acc 7 Balance 1200.000000, Deposit 631.000000 
User 1, Acc 7 Balance 1831.000000, Transfer 631.000000 to Acc 3
User 1, Acc 6 Balance 0.000000, Deposit 641.000000 
User 1, Acc 6 Balance 641.000000, Transfer 641.000000 to Acc 4
User 1, Acc 5 Balance 643.000000, Deposit 643.000000 
User 1, Acc 5 Balance 1286.000000, Transfer 1200.000000 to Acc 6
User 1, Acc 4 Balance 679.000000, Deposit 647.000000 
User 1, Acc 4 Balance 1326.000000, Transfer 1200.000000 to Acc 7
[22;32mUser 2, Acc 2 Balance 28.000000, 				Withdraw 500.000000 --insufficient funds[0m
User 0, Acc 5 Balance 643.000000, Withdraw 50.000000 
User 0, Acc 6 Balance 1200.000000, Withdraw 50.000000 
User 0, Acc 7 Balance 2400.000000, Withdraw 50.000000 
User 0, Acc 8 Balance 1200.000000, Withdraw 50.000000 
User 0, Acc 9 Balance 1817.000000, Withdraw 50.000000 
User 0, Acc 0 Balance 1073.000000, Withdraw 50.000000 
User 0, Acc 9 Balance 1767.000000, Deposit 617.000000 
User 0, Acc 9 Balance 2384.000000, Transfer 617.000000 to Acc 9
User 0, Acc 8 Balance 1150.000000, Deposit 619.000000 
User 2, Acc 3 Balance 665.000000, Withdraw 500.000000 
User 3, Acc 0 Balance 1073.000000, Withdraw 200.000000 
User 1, Acc 3 Balance 665.000000, Deposit 653.000000 
User 0, Acc 8 Balance 1769.000000, Transfer 619.000000 to Acc 2
User 0, Acc 7 Balance 2350.000000, Deposit 631.000000 
User 3, Acc 1 Balance 728.000000, Deposit 100.000000 
[22;32mUser 2, Acc 4 Balance 126.000000, 				Withdraw 500.000000 --insufficient funds[0m
User 0, Acc 7 Balance 2981.000000, Transfer 631.000000 to Acc 3
User 1, Acc 2 Balance 647.000000, Deposit 659.000000 
User 0, Acc 6 Balance 1150.000000, Deposit 641.000000 
User 1, Acc 2 Balance 1925.000000, Transfer 1200.000000 to Acc 9
User 1, Acc 1 Balance 828.000000, Deposit 661.000000 
User 0, Acc 6 Balance 1791.000000, Transfer 641.000000 to Acc 4
User 3, Acc 2 Balance 1266.000000, Deposit 900.000000 
User 3, Acc 1 Balance 1489.000000, Withdraw 50.000000 
User 1, Acc 1 Balance 1489.000000, Transfer 1200.000000 to Acc 9
User 1, Acc 0 Balance 823.000000, Deposit 673.000000 
User 1, Acc 0 Balance 1496.000000, Transfer 1200.000000 to Acc 9
User 0, Acc 5 Balance 36.000000, Deposit 643.000000 
User 0, Acc 4 Balance 767.000000, Deposit 647.000000 
User 0, Acc 4 Balance 1414.000000, Transfer 1200.000000 to Acc 7
User 0, Acc 3 Balance 1449.000000, Deposit 653.000000 
User 0, Acc 3 Balance 2102.000000, Transfer 1200.000000 to Acc 8
User 0, Acc 2 Balance 1625.000000, Deposit 659.000000 
User 0, Acc 2 Balance 2284.000000, Transfer 1200.000000 to Acc 9
User 0, Acc 1 Balance 239.000000, Deposit 661.000000 
[22;32mUser 2, Acc 5 Balance 36.000000, 				Withdraw 500.000000 --insufficient funds[0m
User 1, Acc 9 Balance 5984.000000, Deposit 617.000000 
User 2, Acc 6 Balance 1150.000000, Withdraw 500.000000 
User 2, Acc 7 Balance 3550.000000, Withdraw 500.000000 
User 3, Acc 2 Balance 1625.000000, Withdraw 150.000000 
User 3, Acc 3 Balance 902.000000, Deposit 500.000000 
User 2, Acc 8 Balance 2350.000000, Withdraw 500.000000 
User 0, Acc 0 Balance 296.000000, Deposit 673.000000 
User 0, Acc 1 Balance 900.000000, Withdraw 50.000000 
User 0, Acc 2 Balance 934.000000, Withdraw 50.000000 
User 0, Acc 3 Balance 1402.000000, Withdraw 50.000000 
User 0, Acc 4 Balance 214.000000, Withdraw 50.000000 
User 0, Acc 5 Balance 679.000000, Withdraw 50.000000 
User 0, Acc 6 Balance 650.000000, Withdraw 50.000000 
User 0, Acc 7 Balance 3050.000000, Withdraw 50.000000 
User 0, Acc 8 Balance 1850.000000, Withdraw 50.000000 
User 0, Acc 9 Balance 7801.000000, Withdraw 50.000000 
User 0, Acc 0 Balance 969.000000, Withdraw 50.000000 
User 0, Acc 0 Balance 919.000000, Deposit 400.000000 
User 0, Acc 0 Balance 1319.000000, Withdraw 200.000000 
User 0, Acc 1 Balance 850.000000, Deposit 100.000000 
User 0, Acc 2 Balance 884.000000, Deposit 900.000000 
User 1, Acc 9 Balance 7801.000000, Transfer 617.000000 to Acc 9
User 1, Acc 8 Balance 1800.000000, Deposit 619.000000 
User 1, Acc 8 Balance 2419.000000, Transfer 619.000000 to Acc 2
User 1, Acc 7 Balance 3000.000000, Deposit 631.000000 
User 0, Acc 1 Balance 950.000000, Withdraw 50.000000 
User 1, Acc 7 Balance 3631.000000, Transfer 631.000000 to Acc 3
User 0, Acc 2 Balance 2403.000000, Withdraw 150.000000 
User 1, Acc 6 Balance 600.000000, Deposit 641.000000 
User 2, Acc 9 Balance 7801.000000, Withdraw 500.000000 
User 2, Acc 0 Balance 1119.000000, Withdraw 500.000000 
User 3, Acc 2 Balance 934.000000, Transfer 300.000000 to Acc 1
User 2, Acc 1 Balance 900.000000, Withdraw 500.000000 
User 3, Acc 3 Balance 1983.000000, Transfer 300.000000 to Acc 1
User 0, Acc 3 Balance 1983.000000, Deposit 500.000000 
User 2, Acc 2 Balance 1953.000000, Withdraw 500.000000 
User 0, Acc 2 Balance 1953.000000, Transfer 300.000000 to Acc 1
User 3, Acc 0 Balance 619.000000, Deposit 400.000000 
User 3, Acc 3 Balance 2183.000000, Withdraw 200.000000 
User 2, Acc 3 Balance 2183.000000, Withdraw 500.000000 
Balance in 1: 1300.000000
User 3, Acc 9 Balance 7251.000000, Deposit 617.000000 
User 3, Acc 9 Balance 7868.000000, Transfer 617.000000 to Acc 9
User 3, Acc 8 Balance 1800.000000, Deposit 619.000000 
[22;32mUser 2, Acc 4 Balance 164.000000, 				Withdraw 500.000000 --insufficient funds[0m
User 3, Acc 8 Balance 2419.000000, Transfer 619.000000 to Acc 2
User 2, Acc 5 Balance 629.000000, Withdraw 500.000000 
User 0, Acc 3 Balance 2183.000000, Transfer 300.000000 to Acc 1
User 3, Acc 7 Balance 3000.000000, Deposit 631.000000 
User 0, Acc 0 Balance 1019.000000, Deposit 400.000000 
User 2, Acc 6 Balance 1241.000000, Withdraw 500.000000 
User 0, Acc 3 Balance 1183.000000, Withdraw 200.000000 
User 1, Acc 6 Balance 1241.000000, Transfer 641.000000 to Acc 4
Balance in 1: 1600.000000
User 1, Acc 5 Balance 129.000000, Deposit 643.000000 
User 2, Acc 7 Balance 3631.000000, Withdraw 500.000000 
User 1, Acc 4 Balance 805.000000, Deposit 647.000000 
User 3, Acc 7 Balance 3631.000000, Transfer 631.000000 to Acc 3
User 1, Acc 4 Balance 1452.000000, Transfer 1200.000000 to Acc 7
User 0, Acc 0 Balance 1419.000000, Deposit 400.000000 
User 3, Acc 6 Balance 100.000000, Deposit 641.000000 
User 0, Acc 0 Balance 1819.000000, Withdraw 200.000000 
User 1, Acc 3 Balance 1614.000000, Deposit 653.000000 
User 0, Acc 1 Balance 1600.000000, Deposit 100.000000 
User 3, Acc 6 Balance 741.000000, Transfer 641.000000 to Acc 4
User 2, Acc 8 Balance 1800.000000, Withdraw 500.000000 
User 2, Acc 9 Balance 7868.000000, Withdraw 500.000000 
User 1, Acc 3 Balance 2267.000000, Transfer 1200.000000 to Acc 8
User 3, Acc 5 Balance 772.000000, Deposit 643.000000 
User 1, Acc 2 Balance 1772.000000, Deposit 659.000000 
User 2, Acc 0 Balance 1619.000000, Withdraw 500.000000 
User 3, Acc 5 Balance 1415.000000, Transfer 1200.000000 to Acc 6
User 0, Acc 2 Balance 1772.000000, Deposit 900.000000 
User 1, Acc 2 Balance 2431.000000, Transfer 1200.000000 to Acc 9
User 0, Acc 1 Balance 1700.000000, Withdraw 50.000000 
User 1, Acc 1 Balance 1700.000000, Deposit 661.000000 
User 0, Acc 2 Balance 2131.000000, Withdraw 150.000000 
User 0, Acc 3 Balance 1067.000000, Deposit 500.000000 
User 2, Acc 1 Balance 1700.000000, Withdraw 500.000000 
User 0, Acc 2 Balance 1981.000000, Transfer 300.000000 to Acc 1
User 3, Acc 4 Balance 893.000000, Deposit 647.000000 
User 2, Acc 2 Balance 1981.000000, Withdraw 500.000000 
User 3, Acc 4 Balance 1540.000000, Transfer 1200.000000 to Acc 7
User 2, Acc 3 Balance 1567.000000, Withdraw 500.000000 
User 0, Acc 3 Balance 1567.000000, Transfer 300.000000 to Acc 1
User 0, Acc 0 Balance 1119.000000, Deposit 400.000000 
User 0, Acc 3 Balance 767.000000, Withdraw 200.000000 
Balance in 1: 2411.000000
User 0, Acc 9 Balance 8568.000000, Deposit 617.000000 
User 0, Acc 9 Balance 9185.000000, Transfer 617.000000 to Acc 1
User 0, Acc 8 Balance 2500.000000, Deposit 619.000000 
User 0, Acc 8 Balance 3119.000000, Transfer 619.000000 to Acc 2
User 0, Acc 7 Balance 4900.000000, Deposit 631.000000 
User 0, Acc 7 Balance 5531.000000, Transfer 631.000000 to Acc 3
User 0, Acc 6 Balance 1300.000000, Deposit 641.000000 
User 0, Acc 6 Balance 1941.000000, Transfer 641.000000 to Acc 4
User 0, Acc 5 Balance 215.000000, Deposit 643.000000 
User 0, Acc 4 Balance 981.000000, Deposit 647.000000 
User 0, Acc 4 Balance 1628.000000, Transfer 1200.000000 to Acc 7
User 0, Acc 3 Balance 1198.000000, Deposit 653.000000 
User 0, Acc 3 Balance 1851.000000, Transfer 1200.000000 to Acc 8
User 0, Acc 2 Balance 1800.000000, Deposit 659.000000 
User 0, Acc 2 Balance 2459.000000, Transfer 1200.000000 to Acc 9
User 0, Acc 1 Balance 3028.000000, Deposit 661.000000 
User 0, Acc 1 Balance 3689.000000, Transfer 1200.000000 to Acc 9
User 0, Acc 0 Balance 1519.000000, Deposit 673.000000 
User 0, Acc 0 Balance 2192.000000, Transfer 1200.000000 to Acc 9
User 0, Acc 0 Balance 992.000000, Deposit 400.000000 
User 0, Acc 0 Balance 1392.000000, Withdraw 200.000000 
User 0, Acc 1 Balance 2489.000000, Deposit 100.000000 
User 0, Acc 2 Balance 1259.000000, Deposit 900.000000 
User 0, Acc 1 Balance 2589.000000, Withdraw 50.000000 
User 0, Acc 2 Balance 2159.000000, Withdraw 150.000000 
User 0, Acc 3 Balance 651.000000, Deposit 500.000000 
User 0, Acc 2 Balance 2009.000000, Transfer 300.000000 to Acc 1
User 0, Acc 3 Balance 1151.000000, Transfer 300.000000 to Acc 1
User 0, Acc 0 Balance 1192.000000, Deposit 400.000000 
User 0, Acc 3 Balance 851.000000, Withdraw 200.000000 
Balance in 1: 3139.000000
User 0, Acc 9 Balance 12168.000000, Deposit 617.000000 
User 0, Acc 9 Balance 12785.000000, Transfer 617.000000 to Acc 1
User 0, Acc 8 Balance 3700.000000, Deposit 619.000000 
User 0, Acc 8 Balance 4319.000000, Transfer 619.000000 to Acc 2
User 0, Acc 7 Balance 6100.000000, Deposit 631.000000 
User 0, Acc 7 Balance 6731.000000, Transfer 631.000000 to Acc 3
User 0, Acc 6 Balance 1300.000000, Deposit 641.000000 
User 0, Acc 6 Balance 1941.000000, Transfer 641.000000 to Acc 4
User 0, Acc 5 Balance 858.000000, Deposit 643.000000 
User 0, Acc 5 Balance 1501.000000, Transfer 1200.000000 to Acc 6
User 0, Acc 4 Balance 1069.000000, Deposit 647.000000 
User 0, Acc 4 Balance 1716.000000, Transfer 1200.000000 to Acc 7
User 0, Acc 3 Balance 1282.000000, Deposit 653.000000 
User 0, Acc 3 Balance 1935.000000, Transfer 1200.000000 to Acc 8
User 0, Acc 2 Balance 2328.000000, Deposit 659.000000 
User 0, Acc 2 Balance 2987.000000, Transfer 1200.000000 to Acc 9
User 0, Acc 1 Balance 3756.000000, Deposit 661.000000 
User 0, Acc 1 Balance 4417.000000, Transfer 1200.000000 to Acc 9
User 0, Acc 0 Balance 1592.000000, Deposit 673.000000 
User 0, Acc 0 Balance 2265.000000, Transfer 1200.000000 to Acc 9
User 0, Acc 1 Balance 3217.000000, Withdraw 500.000000 
User 0, Acc 2 Balance 1787.000000, Withdraw 500.000000 
User 0, Acc 3 Balance 735.000000, Withdraw 500.000000 
User 0, Acc 4 Balance 516.000000, Withdraw 500.000000 
User 1, Acc 1 Balance 2311.000000, Transfer 1200.000000 to Acc 9
User 1, Acc 0 Balance 1065.000000, Deposit 673.000000 
User 1, Acc 0 Balance 1738.000000, Transfer 1200.000000 to Acc 9
User 1, Acc 1 Balance 1517.000000, Withdraw 50.000000 
User 1, Acc 2 Balance 1287.000000, Withdraw 50.000000 
User 1, Acc 3 Balance 235.000000, Withdraw 50.000000 
[22;32mUser 1, Acc 4 Balance 16.000000, 				Withdraw 50.000000 --insufficient funds[0m
User 1, Acc 5 Balance 301.000000, Withdraw 50.000000 
User 1, Acc 6 Balance 2500.000000, Withdraw 50.000000 
User 1, Acc 7 Balance 7300.000000, Withdraw 50.000000 
User 1, Acc 8 Balance 4900.000000, Withdraw 50.000000 
User 1, Acc 9 Balance 18168.000000, Withdraw 50.000000 
User 1, Acc 0 Balance 538.000000, Withdraw 50.000000 
User 1, Acc 9 Balance 18118.000000, Deposit 617.000000 
User 1, Acc 9 Balance 18735.000000, Transfer 617.000000 to Acc 1
User 1, Acc 8 Balance 4850.000000, Deposit 619.000000 
User 1, Acc 8 Balance 5469.000000, Transfer 619.000000 to Acc 2
User 1, Acc 7 Balance 7250.000000, Deposit 631.000000 
User 1, Acc 7 Balance 7881.000000, Transfer 631.000000 to Acc 3
User 1, Acc 6 Balance 2450.000000, Deposit 641.000000 
User 1, Acc 6 Balance 3091.000000, Transfer 641.000000 to Acc 4
User 1, Acc 5 Balance 251.000000, Deposit 643.000000 
User 1, Acc 4 Balance 657.000000, Deposit 647.000000 
User 1, Acc 4 Balance 1304.000000, Transfer 1200.000000 to Acc 7
User 1, Acc 3 Balance 816.000000, Deposit 653.000000 
User 1, Acc 3 Balance 1469.000000, Transfer 1200.000000 to Acc 8
User 1, Acc 2 Balance 1856.000000, Deposit 659.000000 
User 1, Acc 2 Balance 2515.000000, Transfer 1200.000000 to Acc 9
User 1, Acc 1 Balance 2084.000000, Deposit 661.000000 
User 1, Acc 1 Balance 2745.000000, Transfer 1200.000000 to Acc 9
User 1, Acc 0 Balance 488.000000, Deposit 673.000000 
User 1, Acc 1 Balance 1545.000000, Withdraw 500.000000 
User 1, Acc 2 Balance 1315.000000, Withdraw 500.000000 
[22;32mUser 1, Acc 3 Balance 269.000000, 				Withdraw 500.000000 --insufficient funds[0m
[22;32mUser 1, Acc 4 Balance 104.000000, 				Withdraw 500.000000 --insufficient funds[0m
User 1, Acc 5 Balance 894.000000, Withdraw 500.000000 
User 1, Acc 6 Balance 2450.000000, Withdraw 500.000000 
User 1, Acc 7 Balance 8450.000000, Withdraw 500.000000 
User 1, Acc 8 Balance 6050.000000, Withdraw 500.000000 
User 1, Acc 9 Balance 20518.000000, Withdraw 500.000000 
User 1, Acc 0 Balance 1161.000000, Withdraw 500.000000 
User 1, Acc 1 Balance 1045.000000, Withdraw 500.000000 
User 1, Acc 2 Balance 815.000000, Withdraw 500.000000 
[22;32mUser 1, Acc 3 Balance 269.000000, 				Withdraw 500.000000 --insufficient funds[0m
[22;32mUser 1, Acc 4 Balance 104.000000, 				Withdraw 500.000000 --insufficient funds[0m
[22;32mUser 1, Acc 5 Balance 394.000000, 				Withdraw 500.000000 --insufficient funds[0m
User 1, Acc 6 Balance 1950.000000, Withdraw 500.000000 
User 1, Acc 7 Balance 7950.000000, Withdraw 500.000000 
User 1, Acc 8 Balance 5550.000000, Withdraw 500.000000 
User 1, Acc 9 Balance 20018.000000, Withdraw 500.000000 
User 1, Acc 0 Balance 661.000000, Withdraw 500.000000 
User 1, Acc 1 Balance 545.000000, Withdraw 500.000000 
[22;32mUser 1, Acc 2 Balance 315.000000, 				Withdraw 500.000000 --insufficient funds[0m
[22;32mUser 1, Acc 3 Balance 269.000000, 				Withdraw 500.000000 --insufficient funds[0m
[22;32mUser 1, Acc 4 Balance 104.000000, 				Withdraw 500.000000 --insufficient funds[0m
[22;32mUser 1, Acc 5 Balance 394.000000, 				Withdraw 500.000000 --insufficient funds[0m
User 1, Acc 6 Balance 1450.000000, Withdraw 500.000000 
User 1, Acc 7 Balance 7450.000000, Withdraw 500.000000 
User 1, Acc 8 Balance 5050.000000, Withdraw 500.000000 
User 1, Acc 9 Balance 19518.000000, Withdraw 500.000000 
[22;32mUser 1, Acc 0 Balance 161.000000, 				Withdraw 500.000000 --insufficient funds[0m
[22;32mUser 1, Acc 1 Balance 45.000000, 				Withdraw 500.000000 --insufficient funds[0m
[22;32mUser 1, Acc 2 Balance 315.000000, 				Withdraw 500.000000 --insufficient funds[0m
[22;32mUser 1, Acc 3 Balance 269.000000, 				Withdraw 500.000000 --insufficient funds[0m
[22;32mUser 1, Acc 4 Balance 104.000000, 				Withdraw 500.000000 --insufficient funds[0m
[22;32mUser 1, Acc 5 Balance 394.000000, 				Withdraw 500.000000 --insufficient funds[0m
User 1, Acc 6 Balance 950.000000, Withdraw 500.000000 
User 1, Acc 7 Balance 6950.000000, Withdraw 500.000000 
User 1, Acc 8 Balance 4550.000000, Withdraw 500.000000 
User 1, Acc 9 Balance 19018.000000, Withdraw 500.000000 
[22;32mUser 1, Acc 0 Balance 161.000000, 				Withdraw 500.000000 --insufficient funds[0m
[22;32mUser 1, Acc 1 Balance 45.000000, 				Withdraw 500.000000 --insufficient funds[0m
[22;32mUser 1, Acc 2 Balance 315.000000, 				Withdraw 500.000000 --insufficient funds[0m
[22;32mUser 1, Acc 3 Balance 269.000000, 				Withdraw 500.000000 --insufficient funds[0m
[22;32mUser 1, Acc 4 Balance 104.000000, 				Withdraw 500.000000 --insufficient funds[0m
[22;32mUser 1, Acc 5 Balance 394.000000, 				Withdraw 500.000000 --insufficient funds[0m
[22;32mUser 1, Acc 6 Balance 450.000000, 				Withdraw 500.000000 --insufficient funds[0m
User 1, Acc 7 Balance 6450.000000, Withdraw 500.000000 
User 1, Acc 8 Balance 4050.000000, Withdraw 500.000000 
User 1, Acc 9 Balance 18518.000000, Withdraw 500.000000 
[22;32mUser 1, Acc 0 Balance 161.000000, 				Withdraw 500.000000 --insufficient funds[0m
[22;32mUser 1, Acc 1 Balance 45.000000, 				Withdraw 500.000000 --insufficient funds[0m
[22;32mUser 1, Acc 2 Balance 315.000000, 				Withdraw 500.000000 --insufficient funds[0m
[22;32mUser 1, Acc 3 Balance 269.000000, 				Withdraw 500.000000 --insufficient funds[0m
[22;32mUser 1, Acc 4 Balance 104.000000, 				Withdraw 500.000000 --insufficient funds[0m
[22;32mUser 1, Acc 5 Balance 394.000000, 				Withdraw 500.000000 --insufficient funds[0m
[22;32mUser 1, Acc 6 Balance 450.000000, 				Withdraw 500.000000 --insufficient funds[0m
User 1, Acc 7 Balance 5950.000000, Withdraw 500.000000 
User 1, Acc 8 Balance 3550.000000, Withdraw 500.000000 
User 1, Acc 9 Balance 18018.000000, Withdraw 500.000000 
[22;32mUser 1, Acc 0 Balance 161.000000, 				Withdraw 500.000000 --insufficient funds[0m
[22;32mUser 2, Acc 4 Balance 340.000000, 				Withdraw 500.000000 --insufficient funds[0m
[22;32mUser 2, Acc 5 Balance 394.000000, 				Withdraw 500.000000 --insufficient funds[0m
[22;32mUser 2, Acc 6 Balance 450.000000, 				Withdraw 500.000000 --insufficient funds[0m
User 2, Acc 7 Balance 5450.000000, Withdraw 500.000000 
[22;32mUser 0, Acc 5 Balance 301.000000, 				Withdraw 500.000000 --insufficient funds[0m
User 3, Acc 3 Balance 1567.000000, Deposit 653.000000 
[22;32mUser 0, Acc 6 Balance 450.000000, 				Withdraw 500.000000 --insufficient funds[0m
User 2, Acc 8 Balance 3050.000000, Withdraw 500.000000 
User 2, Acc 9 Balance 17518.000000, Withdraw 500.000000 
[22;32mUser 2, Acc 0 Balance 161.000000, 				Withdraw 500.000000 --insufficient funds[0m
User 0, Acc 7 Balance 4950.000000, Withdraw 500.000000 
User 0, Acc 8 Balance 2550.000000, Withdraw 500.000000 
User 3, Acc 2 Balance 315.000000, Deposit 659.000000 
User 3, Acc 1 Balance 45.000000, Deposit 661.000000 
User 3, Acc 0 Balance 161.000000, Deposit 673.000000 
User 3, Acc 1 Balance 706.000000, Withdraw 50.000000 
User 3, Acc 2 Balance 974.000000, Withdraw 50.000000 
User 3, Acc 3 Balance 922.000000, Withdraw 50.000000 
User 3, Acc 4 Balance 104.000000, Withdraw 50.000000 
User 3, Acc 5 Balance 394.000000, Withdraw 50.000000 
User 3, Acc 6 Balance 450.000000, Withdraw 50.000000 
User 0, Acc 9 Balance 17018.000000, Withdraw 500.000000 
User 0, Acc 0 Balance 834.000000, Withdraw 500.000000 
User 3, Acc 7 Balance 4450.000000, Withdraw 50.000000 
User 3, Acc 8 Balance 2050.000000, Withdraw 50.000000 
User 3, Acc 9 Balance 16518.000000, Withdraw 50.000000 
User 3, Acc 0 Balance 334.000000, Withdraw 50.000000 
User 0, Acc 1 Balance 656.000000, Withdraw 500.000000 
User 0, Acc 2 Balance 924.000000, Withdraw 500.000000 
User 0, Acc 3 Balance 872.000000, Withdraw 500.000000 
[22;32mUser 0, Acc 4 Balance 54.000000, 				Withdraw 500.000000 --insufficient funds[0m
[22;32mUser 0, Acc 5 Balance 344.000000, 				Withdraw 500.000000 --insufficient funds[0m
[22;32mUser 0, Acc 6 Balance 400.000000, 				Withdraw 500.000000 --insufficient funds[0m
User 0, Acc 7 Balance 4400.000000, Withdraw 500.000000 
User 0, Acc 8 Balance 2000.000000, Withdraw 500.000000 
User 0, Acc 9 Balance 16468.000000, Withdraw 500.000000 
[22;32mUser 0, Acc 0 Balance 284.000000, 				Withdraw 500.000000 --insufficient funds[0m
[22;32mUser 0, Acc 1 Balance 156.000000, 				Withdraw 500.000000 --insufficient funds[0m
[22;32mUser 0, Acc 2 Balance 424.000000, 				Withdraw 500.000000 --insufficient funds[0m
[22;32mUser 0, Acc 3 Balance 372.000000, 				Withdraw 500.000000 --insufficient funds[0m
[22;32mUser 0, Acc 4 Balance 54.000000, 				Withdraw 500.000000 --insufficient funds[0m
[22;32mUser 0, Acc 5 Balance 344.000000, 				Withdraw 500.000000 --insufficient funds[0m
[22;32mUser 0, Acc 6 Balance 400.000000, 				Withdraw 500.000000 --insufficient funds[0m
User 0, Acc 7 Balance 3900.000000, Withdraw 500.000000 
User 0, Acc 8 Balance 1500.000000, Withdraw 500.000000 
User 0, Acc 9 Balance 15968.000000, Withdraw 500.000000 
[22;32mUser 0, Acc 0 Balance 284.000000, 				Withdraw 500.000000 --insufficient funds[0m
  ***     End of transaction batch    ***  
Account 0 balance after completion of transaction batch: 284.000000
Account 1 balance after completion of transaction batch: 156.000000
Account 2 balance after completion of transaction batch: 424.000000
Account 3 balance after completion of transaction batch: 372.000000
Account 4 balance after completion of transaction batch: 54.000000
Account 5 balance after completion of transaction batch: 344.000000
Account 6 balance after completion of transaction batch: 400.000000
Account 7 balance after completion of transaction batch: 3400.000000
Account 8 balance after completion of transaction batch: 1000.000000
Account 9 balance after completion of transaction batch: 15468.000000
