# Output generated by:
# ./my_executable 4 data/transactions11.txt data/transactions9.txt data/transactions3.txt data/transactions10.txt

********************************************
   Reading and parsing a transaction file   
********************************************
Parsed transaction: deposit 9 617.000000 
Loaded deposit transaction
Parsed transaction: transfer 9 9 617.000000 
Loaded transfer transaction
Parsed transaction: deposit 8 619.000000 
Loaded deposit transaction
Parsed transaction: transfer 8 2 619.000000 
Loaded transfer transaction
Parsed transaction: deposit 7 631.000000 
Loaded deposit transaction
Parsed transaction: transfer 7 3 631.000000 
Loaded transfer transaction
Parsed transaction: deposit 6 641.000000 
Loaded deposit transaction
Parsed transaction: transfer 6 4 641.000000 
Loaded transfer transaction
Parsed transaction: deposit 5 643.000000 
Loaded deposit transaction
Parsed transaction: transfer 5 6 1200.000000 
Loaded transfer transaction
Parsed transaction: deposit 4 647.000000 
Loaded deposit transaction
Parsed transaction: transfer 4 7 1200.000000 
Loaded transfer transaction
Parsed transaction: deposit 3 653.000000 
Loaded deposit transaction
Parsed transaction: transfer 3 8 1200.000000 
Loaded transfer transaction
Parsed transaction: deposit 2 659.000000 
Loaded deposit transaction
Parsed transaction: transfer 2 9 1200.000000 
Loaded transfer transaction
Parsed transaction: deposit 1 661.000000 
Loaded deposit transaction
Parsed transaction: transfer 1 9 1200.000000 
Loaded transfer transaction
Parsed transaction: deposit 0 673.000000 
Loaded deposit transaction
Parsed transaction: transfer 0 9 1200.000000 
Loaded transfer transaction
Parsed transaction: withdraw 1 50.000000 
Loaded withdrawal transaction
Parsed transaction: withdraw 2 50.000000 
Loaded withdrawal transaction
Parsed transaction: withdraw 3 50.000000 
Loaded withdrawal transaction
Parsed transaction: withdraw 4 50.000000 
Loaded withdrawal transaction
Parsed transaction: withdraw 5 50.000000 
Loaded withdrawal transaction
Parsed transaction: withdraw 6 50.000000 
Loaded withdrawal transaction
Parsed transaction: withdraw 7 50.000000 
Loaded withdrawal transaction
Parsed transaction: withdraw 8 50.000000 
Loaded withdrawal transaction
Parsed transaction: withdraw 9 50.000000 
Loaded withdrawal transaction
Parsed transaction: withdraw 0 50.000000 
Loaded withdrawal transaction
********************************************
********************************************
   Reading and parsing a transaction file   
********************************************
Parsed transaction: deposit 9 617.000000 
Loaded deposit transaction
Parsed transaction: transfer 9 1 617.000000 
Loaded transfer transaction
Parsed transaction: deposit 8 619.000000 
Loaded deposit transaction
Parsed transaction: transfer 8 2 619.000000 
Loaded transfer transaction
Parsed transaction: deposit 7 631.000000 
Loaded deposit transaction
Parsed transaction: transfer 7 3 631.000000 
Loaded transfer transaction
Parsed transaction: deposit 6 641.000000 
Loaded deposit transaction
Parsed transaction: transfer 6 4 641.000000 
Loaded transfer transaction
Parsed transaction: deposit 5 643.000000 
Loaded deposit transaction
Parsed transaction: transfer 5 6 1200.000000 
Loaded transfer transaction
Parsed transaction: deposit 4 647.000000 
Loaded deposit transaction
Parsed transaction: transfer 4 7 1200.000000 
Loaded transfer transaction
Parsed transaction: deposit 3 653.000000 
Loaded deposit transaction
Parsed transaction: transfer 3 8 1200.000000 
Loaded transfer transaction
Parsed transaction: deposit 2 659.000000 
Loaded deposit transaction
Parsed transaction: transfer 2 9 1200.000000 
Loaded transfer transaction
Parsed transaction: deposit 1 661.000000 
Loaded deposit transaction
Parsed transaction: transfer 1 9 1200.000000 
Loaded transfer transaction
Parsed transaction: deposit 0 673.000000 
Loaded deposit transaction
Parsed transaction: transfer 0 9 1200.000000 
Loaded transfer transaction
Parsed transaction: withdraw 1 50.000000 
Loaded withdrawal transaction
Parsed transaction: withdraw 2 50.000000 
Loaded withdrawal transaction
Parsed transaction: withdraw 3 50.000000 
Loaded withdrawal transaction
Parsed transaction: withdraw 4 50.000000 
Loaded withdrawal transaction
Parsed transaction: withdraw 5 50.000000 
Loaded withdrawal transaction
Parsed transaction: withdraw 6 50.000000 
Loaded withdrawal transaction
Parsed transaction: withdraw 7 50.000000 
Loaded withdrawal transaction
Parsed transaction: withdraw 8 50.000000 
Loaded withdrawal transaction
Parsed transaction: withdraw 9 50.000000 
Loaded withdrawal transaction
Parsed transaction: withdraw 0 50.000000 
Loaded withdrawal transaction
********************************************
********************************************
   Reading and parsing a transaction file   
********************************************
Parsed transaction: deposit 0 400.000000 
Loaded deposit transaction
Parsed transaction: withdraw 0 200.000000 
Loaded withdrawal transaction
Parsed transaction: deposit 1 100.000000 
Loaded deposit transaction
Parsed transaction: deposit 2 900.000000 
Loaded deposit transaction
Parsed transaction: withdraw 1 50.000000 
Loaded withdrawal transaction
Parsed transaction: withdraw 2 150.000000 
Loaded withdrawal transaction
Parsed transaction: deposit 3 500.000000 
Loaded deposit transaction
Parsed transaction: transfer 2 1 300.000000 
Loaded transfer transaction
Parsed transaction: transfer 3 1 300.000000 
Loaded transfer transaction
Parsed transaction: deposit 0 400.000000 
Loaded deposit transaction
Parsed transaction: withdraw 3 200.000000 
Loaded withdrawal transaction
Parsed transaction: balance 1 
Loaded balance transaction
********************************************
********************************************
   Reading and parsing a transaction file   
********************************************
Parsed transaction: withdraw 1 500.000000 
Loaded withdrawal transaction
Parsed transaction: withdraw 2 500.000000 
Loaded withdrawal transaction
Parsed transaction: withdraw 3 500.000000 
Loaded withdrawal transaction
Parsed transaction: withdraw 4 500.000000 
Loaded withdrawal transaction
Parsed transaction: withdraw 5 500.000000 
Loaded withdrawal transaction
Parsed transaction: withdraw 6 500.000000 
Loaded withdrawal transaction
Parsed transaction: withdraw 7 500.000000 
Loaded withdrawal transaction
Parsed transaction: withdraw 8 500.000000 
Loaded withdrawal transaction
Parsed transaction: withdraw 9 500.000000 
Loaded withdrawal transaction
Parsed transaction: withdraw 0 500.000000 
Loaded withdrawal transaction
Parsed transaction: withdraw 1 500.000000 
Loaded withdrawal transaction
Parsed transaction: withdraw 2 500.000000 
Loaded withdrawal transaction
Parsed transaction: withdraw 3 500.000000 
Loaded withdrawal transaction
Parsed transaction: withdraw 4 500.000000 
Loaded withdrawal transaction
Parsed transaction: withdraw 5 500.000000 
Loaded withdrawal transaction
Parsed transaction: withdraw 6 500.000000 
Loaded withdrawal transaction
Parsed transaction: withdraw 7 500.000000 
Loaded withdrawal transaction
Parsed transaction: withdraw 8 500.000000 
Loaded withdrawal transaction
Parsed transaction: withdraw 9 500.000000 
Loaded withdrawal transaction
Parsed transaction: withdraw 0 500.000000 
Loaded withdrawal transaction
Parsed transaction: withdraw 1 500.000000 
Loaded withdrawal transaction
Parsed transaction: withdraw 2 500.000000 
Loaded withdrawal transaction
Parsed transaction: withdraw 3 500.000000 
Loaded withdrawal transaction
Parsed transaction: withdraw 4 500.000000 
Loaded withdrawal transaction
Parsed transaction: withdraw 5 500.000000 
Loaded withdrawal transaction
Parsed transaction: withdraw 6 500.000000 
Loaded withdrawal transaction
Parsed transaction: withdraw 7 500.000000 
Loaded withdrawal transaction
Parsed transaction: withdraw 8 500.000000 
Loaded withdrawal transaction
Parsed transaction: withdraw 9 500.000000 
Loaded withdrawal transaction
Parsed transaction: withdraw 0 500.000000 
Loaded withdrawal transaction
********************************************
  ***    Start of transaction batch    ***  
User 0, Acc 9 Balance 0.000000, Deposit 617.000000 
User 0, Acc 9 Balance 617.000000, Transfer 617.000000 to Acc 9
User 0, Acc 8 Balance 0.000000, Deposit 619.000000 
User 0, Acc 8 Balance 619.000000, Transfer 619.000000 to Acc 2
User 0, Acc 7 Balance 0.000000, Deposit 631.000000 
User 0, Acc 7 Balance 631.000000, Transfer 631.000000 to Acc 3
User 0, Acc 6 Balance 0.000000, Deposit 641.000000 
User 0, Acc 6 Balance 641.000000, Transfer 641.000000 to Acc 4
User 0, Acc 5 Balance 0.000000, Deposit 643.000000 
User 0, Acc 4 Balance 641.000000, Deposit 647.000000 
User 0, Acc 4 Balance 1288.000000, Transfer 1200.000000 to Acc 7
User 0, Acc 3 Balance 631.000000, Deposit 653.000000 
User 2, Acc 0 Balance 0.000000, Deposit 400.000000 
User 1, Acc 9 Balance 617.000000, Deposit 617.000000 
[22;32mUser 3, Acc 1 Balance 0.000000, 				Withdraw 500.000000 --insufficient funds[0m
User 3, Acc 2 Balance 619.000000, Withdraw 500.000000 
User 2, Acc 0 Balance 400.000000, Withdraw 200.000000 
User 3, Acc 3 Balance 1284.000000, Withdraw 500.000000 
User 1, Acc 9 Balance 1234.000000, Transfer 617.000000 to Acc 1
User 0, Acc 3 Balance 1284.000000, Transfer 1200.000000 to Acc 8
User 1, Acc 8 Balance 0.000000, Deposit 619.000000 
User 1, Acc 8 Balance 619.000000, Transfer 619.000000 to Acc 2
User 0, Acc 2 Balance 119.000000, Deposit 659.000000 
User 2, Acc 1 Balance 0.000000, Deposit 100.000000 
[22;32mUser 3, Acc 4 Balance 88.000000, 				Withdraw 500.000000 --insufficient funds[0m
User 0, Acc 2 Balance 1397.000000, Transfer 1200.000000 to Acc 9
User 3, Acc 5 Balance 643.000000, Withdraw 500.000000 
User 0, Acc 1 Balance 717.000000, Deposit 661.000000 
User 2, Acc 2 Balance 1397.000000, Deposit 900.000000 
User 2, Acc 1 Balance 1378.000000, Withdraw 50.000000 
User 2, Acc 2 Balance 1097.000000, Withdraw 150.000000 
User 2, Acc 3 Balance -416.000000, Deposit 500.000000 
User 2, Acc 2 Balance 947.000000, Transfer 300.000000 to Acc 1
User 2, Acc 0 Balance 200.000000, Deposit 400.000000 
[22;32mUser 2, Acc 3 Balance 84.000000, 				Withdraw 200.000000 --insufficient funds[0m
Balance in 1: 1628.000000
User 2, Acc 9 Balance 1817.000000, Deposit 617.000000 
User 2, Acc 9 Balance 2434.000000, Transfer 617.000000 to Acc 9
User 2, Acc 8 Balance 1200.000000, Deposit 619.000000 
User 2, Acc 8 Balance 1819.000000, Transfer 619.000000 to Acc 2
User 2, Acc 7 Balance 1200.000000, Deposit 631.000000 
User 2, Acc 7 Balance 1831.000000, Transfer 631.000000 to Acc 3
User 2, Acc 6 Balance 0.000000, Deposit 641.000000 
User 2, Acc 6 Balance 641.000000, Transfer 641.000000 to Acc 4
User 2, Acc 5 Balance 143.000000, Deposit 643.000000 
User 2, Acc 4 Balance 729.000000, Deposit 647.000000 
User 2, Acc 4 Balance 1376.000000, Transfer 1200.000000 to Acc 7
User 2, Acc 3 Balance 715.000000, Deposit 653.000000 
User 2, Acc 3 Balance 1368.000000, Transfer 1200.000000 to Acc 8
User 2, Acc 2 Balance 1266.000000, Deposit 659.000000 
User 2, Acc 2 Balance 1925.000000, Transfer 1200.000000 to Acc 9
User 2, Acc 1 Balance 1628.000000, Deposit 661.000000 
User 2, Acc 1 Balance 2289.000000, Transfer 1200.000000 to Acc 9
User 2, Acc 0 Balance 600.000000, Deposit 673.000000 
User 2, Acc 0 Balance 1273.000000, Transfer 1200.000000 to Acc 9
User 2, Acc 1 Balance 1089.000000, Withdraw 50.000000 
User 2, Acc 2 Balance 725.000000, Withdraw 50.000000 
User 2, Acc 3 Balance 168.000000, Withdraw 50.000000 
User 2, Acc 4 Balance 176.000000, Withdraw 50.000000 
User 2, Acc 5 Balance 786.000000, Withdraw 50.000000 
[22;32mUser 2, Acc 6 Balance 0.000000, 				Withdraw 50.000000 --insufficient funds[0m
User 2, Acc 7 Balance 2400.000000, Withdraw 50.000000 
User 2, Acc 8 Balance 2400.000000, Withdraw 50.000000 
User 2, Acc 9 Balance 6034.000000, Withdraw 50.000000 
User 2, Acc 0 Balance 73.000000, Withdraw 50.000000 
User 2, Acc 9 Balance 5984.000000, Deposit 617.000000 
User 2, Acc 9 Balance 6601.000000, Transfer 617.000000 to Acc 9
User 2, Acc 8 Balance 2350.000000, Deposit 619.000000 
User 2, Acc 8 Balance 2969.000000, Transfer 619.000000 to Acc 2
User 2, Acc 7 Balance 2350.000000, Deposit 631.000000 
User 2, Acc 7 Balance 2981.000000, Transfer 631.000000 to Acc 3
User 2, Acc 6 Balance 0.000000, Deposit 641.000000 
User 2, Acc 6 Balance 641.000000, Transfer 641.000000 to Acc 4
[22;32mUser 3, Acc 6 Balance 0.000000, 				Withdraw 500.000000 --insufficient funds[0m
User 0, Acc 1 Balance 1378.000000, Transfer 1200.000000 to Acc 9
User 0, Acc 0 Balance 23.000000, Deposit 673.000000 
[22;32mUser 0, Acc 1 Balance -161.000000, 				Withdraw 50.000000 --insufficient funds[0m
User 0, Acc 2 Balance 1294.000000, Withdraw 50.000000 
User 0, Acc 3 Balance 749.000000, Withdraw 50.000000 
User 0, Acc 4 Balance 767.000000, Withdraw 50.000000 
User 0, Acc 5 Balance 736.000000, Withdraw 50.000000 
[22;32mUser 0, Acc 6 Balance 0.000000, 				Withdraw 50.000000 --insufficient funds[0m
User 1, Acc 7 Balance 1200.000000, Deposit 631.000000 
User 2, Acc 5 Balance 736.000000, Deposit 643.000000 
User 1, Acc 7 Balance 2981.000000, Transfer 631.000000 to Acc 3
User 3, Acc 7 Balance 2350.000000, Withdraw 500.000000 
User 3, Acc 8 Balance 2350.000000, Withdraw 500.000000 
User 2, Acc 5 Balance 1329.000000, Transfer 1200.000000 to Acc 6
User 3, Acc 9 Balance 7801.000000, Withdraw 500.000000 
User 1, Acc 6 Balance 0.000000, Deposit 641.000000 
User 0, Acc 7 Balance 2350.000000, Withdraw 50.000000 
User 1, Acc 6 Balance 1841.000000, Transfer 641.000000 to Acc 4
User 2, Acc 4 Balance 717.000000, Deposit 647.000000 
User 2, Acc 4 Balance 2005.000000, Transfer 1200.000000 to Acc 7
User 2, Acc 3 Balance 1330.000000, Deposit 653.000000 
User 2, Acc 3 Balance 1983.000000, Transfer 1200.000000 to Acc 8
User 2, Acc 2 Balance 1244.000000, Deposit 659.000000 
User 2, Acc 2 Balance 1903.000000, Transfer 1200.000000 to Acc 9
User 2, Acc 1 Balance -161.000000, Deposit 661.000000 
User 2, Acc 0 Balance 696.000000, Deposit 673.000000 
User 2, Acc 0 Balance 1369.000000, Transfer 1200.000000 to Acc 9
User 2, Acc 1 Balance 500.000000, Withdraw 50.000000 
User 2, Acc 2 Balance 703.000000, Withdraw 50.000000 
User 2, Acc 3 Balance 783.000000, Withdraw 50.000000 
User 2, Acc 4 Balance 805.000000, Withdraw 50.000000 
User 2, Acc 5 Balance 129.000000, Withdraw 50.000000 
User 2, Acc 6 Balance 1200.000000, Withdraw 50.000000 
User 2, Acc 7 Balance 3000.000000, Withdraw 50.000000 
User 2, Acc 8 Balance 3050.000000, Withdraw 50.000000 
User 2, Acc 9 Balance 9701.000000, Withdraw 50.000000 
User 2, Acc 0 Balance 169.000000, Withdraw 50.000000 
User 2, Acc 9 Balance 9651.000000, Deposit 617.000000 
User 0, Acc 8 Balance 1850.000000, Withdraw 50.000000 
User 2, Acc 9 Balance 10268.000000, Transfer 617.000000 to Acc 1
User 0, Acc 9 Balance 10268.000000, Withdraw 50.000000 
User 3, Acc 0 Balance 696.000000, Withdraw 500.000000 
User 1, Acc 5 Balance 129.000000, Deposit 643.000000 
User 3, Acc 1 Balance 1067.000000, Withdraw 500.000000 
User 1, Acc 4 Balance 755.000000, Deposit 647.000000 
User 1, Acc 4 Balance 1402.000000, Transfer 1200.000000 to Acc 7
User 0, Acc 0 Balance 119.000000, Withdraw 50.000000 
User 1, Acc 3 Balance 733.000000, Deposit 653.000000 
User 1, Acc 3 Balance 1386.000000, Transfer 1200.000000 to Acc 8
User 0, Acc 0 Balance -431.000000, Deposit 400.000000 
User 1, Acc 2 Balance 653.000000, Deposit 659.000000 
User 2, Acc 8 Balance 2950.000000, Deposit 619.000000 
User 3, Acc 2 Balance 653.000000, Withdraw 500.000000 
[22;32mUser 0, Acc 0 Balance -31.000000, 				Withdraw 200.000000 --insufficient funds[0m
[22;32mUser 3, Acc 3 Balance 186.000000, 				Withdraw 500.000000 --insufficient funds[0m
User 2, Acc 8 Balance 4769.000000, Transfer 619.000000 to Acc 2
User 1, Acc 2 Balance 1312.000000, Transfer 1200.000000 to Acc 9
User 2, Acc 7 Balance 4150.000000, Deposit 631.000000 
User 2, Acc 7 Balance 4781.000000, Transfer 631.000000 to Acc 3
[22;32mUser 3, Acc 4 Balance 202.000000, 				Withdraw 500.000000 --insufficient funds[0m
User 2, Acc 6 Balance 1150.000000, Deposit 641.000000 
User 3, Acc 5 Balance 722.000000, Withdraw 500.000000 
User 1, Acc 1 Balance 567.000000, Deposit 661.000000 
User 0, Acc 1 Balance 567.000000, Deposit 100.000000 
User 3, Acc 6 Balance 1791.000000, Withdraw 500.000000 
User 2, Acc 6 Balance 1791.000000, Transfer 641.000000 to Acc 4
User 2, Acc 5 Balance 222.000000, Deposit 643.000000 
User 0, Acc 2 Balance 231.000000, Deposit 900.000000 
User 2, Acc 4 Balance 843.000000, Deposit 647.000000 
User 0, Acc 1 Balance 1328.000000, Withdraw 50.000000 
User 1, Acc 1 Balance 1228.000000, Transfer 1200.000000 to Acc 9
User 3, Acc 7 Balance 4150.000000, Withdraw 500.000000 
User 0, Acc 2 Balance 1131.000000, Withdraw 150.000000 
User 1, Acc 0 Balance -31.000000, Deposit 673.000000 
User 2, Acc 4 Balance 1490.000000, Transfer 1200.000000 to Acc 7
User 1, Acc 1 Balance 78.000000, Withdraw 50.000000 
User 2, Acc 3 Balance 817.000000, Deposit 653.000000 
User 0, Acc 3 Balance 817.000000, Deposit 500.000000 
User 0, Acc 2 Balance 981.000000, Transfer 300.000000 to Acc 1
User 2, Acc 3 Balance 1470.000000, Transfer 1200.000000 to Acc 8
User 0, Acc 3 Balance 1970.000000, Transfer 300.000000 to Acc 1
User 2, Acc 2 Balance 681.000000, Deposit 659.000000 
User 1, Acc 2 Balance 981.000000, Withdraw 50.000000 
User 3, Acc 8 Balance 4150.000000, Withdraw 500.000000 
User 2, Acc 2 Balance 1340.000000, Transfer 1200.000000 to Acc 9
User 1, Acc 3 Balance 470.000000, Withdraw 50.000000 
User 2, Acc 1 Balance 628.000000, Deposit 661.000000 
User 1, Acc 4 Balance 290.000000, Withdraw 50.000000 
User 3, Acc 9 Balance 12001.000000, Withdraw 500.000000 
User 2, Acc 1 Balance 1289.000000, Transfer 1200.000000 to Acc 9
User 3, Acc 0 Balance 642.000000, Withdraw 500.000000 
User 2, Acc 0 Balance 642.000000, Deposit 673.000000 
User 1, Acc 5 Balance 865.000000, Withdraw 50.000000 
User 0, Acc 0 Balance 642.000000, Deposit 400.000000 
User 2, Acc 1 Balance 89.000000, Withdraw 50.000000 
User 1, Acc 6 Balance 650.000000, Withdraw 50.000000 
User 2, Acc 2 Balance 90.000000, Withdraw 50.000000 
User 1, Acc 7 Balance 4850.000000, Withdraw 50.000000 
User 0, Acc 3 Balance 420.000000, Withdraw 200.000000 
User 2, Acc 3 Balance 420.000000, Withdraw 50.000000 
User 1, Acc 8 Balance 4850.000000, Withdraw 50.000000 
User 2, Acc 4 Balance 240.000000, Withdraw 50.000000 
User 2, Acc 5 Balance 815.000000, Withdraw 50.000000 
Balance in 1: 39.000000
[22;32mUser 3, Acc 1 Balance 89.000000, 				Withdraw 500.000000 --insufficient funds[0m
User 1, Acc 9 Balance 13901.000000, Withdraw 50.000000 
[22;32mUser 3, Acc 2 Balance 40.000000, 				Withdraw 500.000000 --insufficient funds[0m
User 1, Acc 0 Balance 1215.000000, Withdraw 50.000000 
User 0, Acc 9 Balance 13901.000000, Deposit 617.000000 
User 1, Acc 9 Balance 13851.000000, Deposit 617.000000 
User 0, Acc 9 Balance 14468.000000, Transfer 617.000000 to Acc 1
User 1, Acc 9 Balance 15085.000000, Transfer 617.000000 to Acc 9
User 2, Acc 6 Balance 600.000000, Withdraw 50.000000 
User 1, Acc 8 Balance 4800.000000, Deposit 619.000000 
User 1, Acc 8 Balance 5419.000000, Transfer 619.000000 to Acc 2
User 2, Acc 7 Balance 4800.000000, Withdraw 50.000000 
User 1, Acc 7 Balance 4800.000000, Deposit 631.000000 
[22;32mUser 3, Acc 3 Balance 170.000000, 				Withdraw 500.000000 --insufficient funds[0m
User 0, Acc 8 Balance 4800.000000, Deposit 619.000000 
User 0, Acc 8 Balance 5419.000000, Transfer 619.000000 to Acc 2
[22;32mUser 3, Acc 4 Balance 190.000000, 				Withdraw 500.000000 --insufficient funds[0m
User 0, Acc 7 Balance 5381.000000, Deposit 631.000000 
User 3, Acc 5 Balance 765.000000, Withdraw 500.000000 
User 1, Acc 7 Balance 5381.000000, Transfer 631.000000 to Acc 3
User 0, Acc 7 Balance 6012.000000, Transfer 631.000000 to Acc 3
User 1, Acc 6 Balance 550.000000, Deposit 641.000000 
User 3, Acc 6 Balance 550.000000, Withdraw 500.000000 
User 2, Acc 8 Balance 4800.000000, Withdraw 50.000000 
User 0, Acc 6 Balance 550.000000, Deposit 641.000000 
User 2, Acc 9 Balance 14468.000000, Withdraw 50.000000 
User 1, Acc 6 Balance 1191.000000, Transfer 641.000000 to Acc 4
User 1, Acc 5 Balance 265.000000, Deposit 643.000000 
User 1, Acc 4 Balance 831.000000, Deposit 647.000000 
User 3, Acc 7 Balance 4750.000000, Withdraw 500.000000 
User 1, Acc 4 Balance 1478.000000, Transfer 1200.000000 to Acc 7
User 3, Acc 8 Balance 4750.000000, Withdraw 500.000000 
User 3, Acc 9 Balance 14418.000000, Withdraw 500.000000 
User 3, Acc 0 Balance 1165.000000, Withdraw 500.000000 
User 3, Acc 1 Balance 656.000000, Withdraw 500.000000 
User 3, Acc 2 Balance 1278.000000, Withdraw 500.000000 
User 3, Acc 3 Balance 1432.000000, Withdraw 500.000000 
[22;32mUser 3, Acc 4 Balance 278.000000, 				Withdraw 500.000000 --insufficient funds[0m
User 3, Acc 5 Balance 908.000000, Withdraw 500.000000 
User 3, Acc 6 Balance 691.000000, Withdraw 500.000000 
User 3, Acc 7 Balance 5450.000000, Withdraw 500.000000 
User 3, Acc 8 Balance 4250.000000, Withdraw 500.000000 
User 3, Acc 9 Balance 13918.000000, Withdraw 500.000000 
User 3, Acc 0 Balance 665.000000, Withdraw 500.000000 
[22;32mUser 3, Acc 1 Balance 156.000000, 				Withdraw 500.000000 --insufficient funds[0m
User 3, Acc 2 Balance 778.000000, Withdraw 500.000000 
User 3, Acc 3 Balance 932.000000, Withdraw 500.000000 
[22;32mUser 3, Acc 4 Balance 278.000000, 				Withdraw 500.000000 --insufficient funds[0m
[22;32mUser 3, Acc 5 Balance 408.000000, 				Withdraw 500.000000 --insufficient funds[0m
[22;32mUser 3, Acc 6 Balance 191.000000, 				Withdraw 500.000000 --insufficient funds[0m
User 3, Acc 7 Balance 4950.000000, Withdraw 500.000000 
User 3, Acc 8 Balance 3750.000000, Withdraw 500.000000 
User 3, Acc 9 Balance 13418.000000, Withdraw 500.000000 
[22;32mUser 3, Acc 0 Balance 165.000000, 				Withdraw 500.000000 --insufficient funds[0m
[22;32mUser 3, Acc 1 Balance 156.000000, 				Withdraw 500.000000 --insufficient funds[0m
[22;32mUser 3, Acc 2 Balance 278.000000, 				Withdraw 500.000000 --insufficient funds[0m
[22;32mUser 3, Acc 3 Balance 432.000000, 				Withdraw 500.000000 --insufficient funds[0m
[22;32mUser 3, Acc 4 Balance 278.000000, 				Withdraw 500.000000 --insufficient funds[0m
[22;32mUser 3, Acc 5 Balance 408.000000, 				Withdraw 500.000000 --insufficient funds[0m
[22;32mUser 3, Acc 6 Balance 191.000000, 				Withdraw 500.000000 --insufficient funds[0m
User 3, Acc 7 Balance 4450.000000, Withdraw 500.000000 
User 3, Acc 8 Balance 3250.000000, Withdraw 500.000000 
User 3, Acc 9 Balance 12918.000000, Withdraw 500.000000 
[22;32mUser 3, Acc 0 Balance 165.000000, 				Withdraw 500.000000 --insufficient funds[0m
User 3, Acc 0 Balance 165.000000, Deposit 400.000000 
User 3, Acc 0 Balance 565.000000, Withdraw 200.000000 
User 3, Acc 1 Balance 156.000000, Deposit 100.000000 
User 3, Acc 2 Balance 278.000000, Deposit 900.000000 
User 2, Acc 0 Balance 1165.000000, Withdraw 50.000000 
User 0, Acc 6 Balance 1332.000000, Transfer 641.000000 to Acc 4
[22;32mUser 2, Acc 1 Balance 256.000000, 				Withdraw 500.000000 --insufficient funds[0m
User 2, Acc 2 Balance 1178.000000, Withdraw 500.000000 
User 1, Acc 3 Balance 1432.000000, Deposit 653.000000 
[22;32mUser 2, Acc 3 Balance 432.000000, 				Withdraw 500.000000 --insufficient funds[0m
User 1, Acc 2 Balance 678.000000, Deposit 659.000000 
User 3, Acc 1 Balance 256.000000, Withdraw 50.000000 
User 0, Acc 5 Balance 408.000000, Deposit 643.000000 
User 0, Acc 4 Balance 919.000000, Deposit 647.000000 
User 3, Acc 2 Balance 1337.000000, Withdraw 150.000000 
User 1, Acc 2 Balance 1337.000000, Transfer 1200.000000 to Acc 9
User 2, Acc 4 Balance 919.000000, Withdraw 500.000000 
User 0, Acc 4 Balance 1566.000000, Transfer 1200.000000 to Acc 7
User 2, Acc 5 Balance 1051.000000, Withdraw 500.000000 
[22;32mUser 2, Acc 6 Balance -450.000000, 				Withdraw 500.000000 --insufficient funds[0m
User 1, Acc 1 Balance 206.000000, Deposit 661.000000 
User 3, Acc 3 Balance 1085.000000, Deposit 500.000000 
User 1, Acc 0 Balance 315.000000, Deposit 673.000000 
User 3, Acc 3 Balance 1585.000000, Transfer 300.000000 to Acc 1
User 2, Acc 7 Balance 5150.000000, Withdraw 500.000000 
User 1, Acc 1 Balance 867.000000, Withdraw 50.000000 
User 3, Acc 0 Balance 988.000000, Deposit 400.000000 
[22;32mUser 1, Acc 2 Balance -13.000000, 				Withdraw 50.000000 --insufficient funds[0m
User 3, Acc 3 Balance 1285.000000, Withdraw 200.000000 
User 2, Acc 8 Balance 2750.000000, Withdraw 500.000000 
User 1, Acc 3 Balance 1285.000000, Withdraw 50.000000 
[22;32mUser 1, Acc 4 Balance -134.000000, 				Withdraw 50.000000 --insufficient funds[0m
User 1, Acc 5 Balance 551.000000, Withdraw 50.000000 
[22;32mUser 1, Acc 6 Balance -450.000000, 				Withdraw 50.000000 --insufficient funds[0m
User 1, Acc 7 Balance 4650.000000, Withdraw 50.000000 
User 1, Acc 8 Balance 2250.000000, Withdraw 50.000000 
User 1, Acc 9 Balance 13618.000000, Withdraw 50.000000 
User 1, Acc 0 Balance 1388.000000, Withdraw 50.000000 
User 1, Acc 9 Balance 13568.000000, Deposit 617.000000 
User 1, Acc 9 Balance 14185.000000, Transfer 617.000000 to Acc 1
User 1, Acc 8 Balance 2200.000000, Deposit 619.000000 
User 1, Acc 8 Balance 2819.000000, Transfer 619.000000 to Acc 2
User 1, Acc 7 Balance 4600.000000, Deposit 631.000000 
User 1, Acc 7 Balance 5231.000000, Transfer 631.000000 to Acc 3
User 1, Acc 6 Balance -450.000000, Deposit 641.000000 
User 1, Acc 5 Balance 501.000000, Deposit 643.000000 
Balance in 1: 1117.000000
User 2, Acc 9 Balance 13618.000000, Withdraw 500.000000 
User 3, Acc 0 Balance 1338.000000, Deposit 400.000000 
User 2, Acc 0 Balance 1338.000000, Withdraw 500.000000 
User 1, Acc 4 Balance -134.000000, Deposit 647.000000 
User 1, Acc 3 Balance 1666.000000, Deposit 653.000000 
User 2, Acc 1 Balance 1734.000000, Withdraw 500.000000 
User 1, Acc 3 Balance 2319.000000, Transfer 1200.000000 to Acc 8
User 2, Acc 2 Balance 606.000000, Withdraw 500.000000 
User 2, Acc 3 Balance 1119.000000, Withdraw 500.000000 
User 2, Acc 4 Balance 513.000000, Withdraw 500.000000 
User 0, Acc 3 Balance 1085.000000, Deposit 653.000000 
User 1, Acc 2 Balance 606.000000, Deposit 659.000000 
User 0, Acc 3 Balance 1272.000000, Transfer 1200.000000 to Acc 8
User 2, Acc 5 Balance 1144.000000, Withdraw 500.000000 
User 0, Acc 2 Balance 765.000000, Deposit 659.000000 
User 1, Acc 1 Balance 1234.000000, Deposit 661.000000 
[22;32mUser 2, Acc 6 Balance 191.000000, 				Withdraw 500.000000 --insufficient funds[0m
User 1, Acc 1 Balance 1895.000000, Transfer 1200.000000 to Acc 9
User 3, Acc 0 Balance 1738.000000, Withdraw 200.000000 
User 2, Acc 7 Balance 4600.000000, Withdraw 500.000000 
User 3, Acc 1 Balance 695.000000, Deposit 100.000000 
User 2, Acc 8 Balance 4600.000000, Withdraw 500.000000 
User 1, Acc 0 Balance 1238.000000, Deposit 673.000000 
User 0, Acc 2 Balance 1424.000000, Transfer 1200.000000 to Acc 9
User 0, Acc 1 Balance 795.000000, Deposit 661.000000 
User 2, Acc 9 Balance 14268.000000, Withdraw 500.000000 
User 0, Acc 1 Balance 1456.000000, Transfer 1200.000000 to Acc 9
User 0, Acc 0 Balance 1711.000000, Deposit 673.000000 
User 3, Acc 2 Balance 1424.000000, Deposit 900.000000 
User 1, Acc 0 Balance 1711.000000, Transfer 1200.000000 to Acc 9
User 3, Acc 1 Balance 256.000000, Withdraw 50.000000 
User 1, Acc 1 Balance 256.000000, Withdraw 50.000000 
User 0, Acc 0 Balance 2384.000000, Transfer 1200.000000 to Acc 9
User 2, Acc 0 Balance 1711.000000, Withdraw 500.000000 
User 0, Acc 1 Balance 156.000000, Withdraw 50.000000 
User 3, Acc 2 Balance 1124.000000, Withdraw 150.000000 
User 3, Acc 3 Balance 72.000000, Deposit 500.000000 
User 3, Acc 2 Balance 974.000000, Transfer 300.000000 to Acc 1
User 3, Acc 3 Balance 572.000000, Transfer 300.000000 to Acc 1
User 3, Acc 0 Balance -516.000000, Deposit 400.000000 
User 3, Acc 3 Balance 272.000000, Withdraw 200.000000 
User 1, Acc 2 Balance 1124.000000, Withdraw 50.000000 
User 1, Acc 3 Balance 72.000000, Withdraw 50.000000 
[22;32mUser 1, Acc 4 Balance 13.000000, 				Withdraw 50.000000 --insufficient funds[0m
User 1, Acc 5 Balance 644.000000, Withdraw 50.000000 
User 1, Acc 6 Balance 191.000000, Withdraw 50.000000 
User 1, Acc 7 Balance 4100.000000, Withdraw 50.000000 
User 1, Acc 8 Balance 4100.000000, Withdraw 50.000000 
Balance in 1: 706.000000
User 1, Acc 9 Balance 18568.000000, Withdraw 50.000000 
User 3, Acc 1 Balance 706.000000, Withdraw 500.000000 
[22;32mUser 2, Acc 1 Balance 156.000000, 				Withdraw 500.000000 --insufficient funds[0m
[22;32mUser 1, Acc 0 Balance -116.000000, 				Withdraw 50.000000 --insufficient funds[0m
User 3, Acc 2 Balance 624.000000, Withdraw 500.000000 
[22;32mUser 3, Acc 3 Balance 22.000000, 				Withdraw 500.000000 --insufficient funds[0m
[22;32mUser 3, Acc 4 Balance 13.000000, 				Withdraw 500.000000 --insufficient funds[0m
User 3, Acc 5 Balance 594.000000, Withdraw 500.000000 
[22;32mUser 3, Acc 6 Balance 141.000000, 				Withdraw 500.000000 --insufficient funds[0m
User 3, Acc 7 Balance 4050.000000, Withdraw 500.000000 
User 3, Acc 8 Balance 4050.000000, Withdraw 500.000000 
User 3, Acc 9 Balance 18518.000000, Withdraw 500.000000 
[22;32mUser 3, Acc 0 Balance -116.000000, 				Withdraw 500.000000 --insufficient funds[0m
[22;32mUser 3, Acc 1 Balance 206.000000, 				Withdraw 500.000000 --insufficient funds[0m
[22;32mUser 3, Acc 2 Balance 124.000000, 				Withdraw 500.000000 --insufficient funds[0m
[22;32mUser 3, Acc 3 Balance 22.000000, 				Withdraw 500.000000 --insufficient funds[0m
[22;32mUser 3, Acc 4 Balance 13.000000, 				Withdraw 500.000000 --insufficient funds[0m
[22;32mUser 3, Acc 5 Balance 94.000000, 				Withdraw 500.000000 --insufficient funds[0m
[22;32mUser 3, Acc 6 Balance 141.000000, 				Withdraw 500.000000 --insufficient funds[0m
User 3, Acc 7 Balance 3550.000000, Withdraw 500.000000 
User 3, Acc 8 Balance 3550.000000, Withdraw 500.000000 
User 3, Acc 9 Balance 18018.000000, Withdraw 500.000000 
[22;32mUser 3, Acc 0 Balance -116.000000, 				Withdraw 500.000000 --insufficient funds[0m
[22;32mUser 3, Acc 1 Balance 206.000000, 				Withdraw 500.000000 --insufficient funds[0m
[22;32mUser 3, Acc 2 Balance 124.000000, 				Withdraw 500.000000 --insufficient funds[0m
[22;32mUser 3, Acc 3 Balance 22.000000, 				Withdraw 500.000000 --insufficient funds[0m
[22;32mUser 3, Acc 4 Balance 13.000000, 				Withdraw 500.000000 --insufficient funds[0m
[22;32mUser 3, Acc 5 Balance 94.000000, 				Withdraw 500.000000 --insufficient funds[0m
[22;32mUser 3, Acc 6 Balance 141.000000, 				Withdraw 500.000000 --insufficient funds[0m
User 3, Acc 7 Balance 3050.000000, Withdraw 500.000000 
User 3, Acc 8 Balance 3050.000000, Withdraw 500.000000 
User 3, Acc 9 Balance 17518.000000, Withdraw 500.000000 
[22;32mUser 3, Acc 0 Balance -116.000000, 				Withdraw 500.000000 --insufficient funds[0m
User 2, Acc 2 Balance 624.000000, Withdraw 500.000000 
[22;32mUser 2, Acc 3 Balance 22.000000, 				Withdraw 500.000000 --insufficient funds[0m
[22;32mUser 2, Acc 4 Balance 13.000000, 				Withdraw 500.000000 --insufficient funds[0m
[22;32mUser 2, Acc 5 Balance 94.000000, 				Withdraw 500.000000 --insufficient funds[0m
[22;32mUser 2, Acc 6 Balance 141.000000, 				Withdraw 500.000000 --insufficient funds[0m
User 0, Acc 2 Balance 1124.000000, Withdraw 50.000000 
[22;32mUser 0, Acc 3 Balance 22.000000, 				Withdraw 50.000000 --insufficient funds[0m
[22;32mUser 0, Acc 4 Balance 13.000000, 				Withdraw 50.000000 --insufficient funds[0m
User 0, Acc 5 Balance 94.000000, Withdraw 50.000000 
User 0, Acc 6 Balance 141.000000, Withdraw 50.000000 
User 0, Acc 7 Balance 2550.000000, Withdraw 50.000000 
User 0, Acc 8 Balance 2550.000000, Withdraw 50.000000 
User 0, Acc 9 Balance 17018.000000, Withdraw 50.000000 
[22;32mUser 0, Acc 0 Balance -116.000000, 				Withdraw 50.000000 --insufficient funds[0m
User 2, Acc 7 Balance 2550.000000, Withdraw 500.000000 
User 2, Acc 8 Balance 2500.000000, Withdraw 500.000000 
User 2, Acc 9 Balance 16968.000000, Withdraw 500.000000 
[22;32mUser 2, Acc 0 Balance -116.000000, 				Withdraw 500.000000 --insufficient funds[0m
  ***     End of transaction batch    ***  
Account 0 balance after completion of transaction batch: -116.000000
Account 1 balance after completion of transaction batch: 206.000000
Account 2 balance after completion of transaction batch: -426.000000
Account 3 balance after completion of transaction batch: 22.000000
Account 4 balance after completion of transaction batch: 13.000000
Account 5 balance after completion of transaction batch: 44.000000
Account 6 balance after completion of transaction batch: 91.000000
Account 7 balance after completion of transaction batch: 2000.000000
Account 8 balance after completion of transaction batch: 2000.000000
Account 9 balance after completion of transaction batch: 16468.000000
