# Output generated by:
# ./my_executable 4 data/transactions6.txt data/transactions9.txt data/transactions2.txt data/transactions1.txt

********************************************
   Reading and parsing a transaction file   
********************************************
Parsed transaction: deposit 0 7.000000 
Loaded deposit transaction
Parsed transaction: deposit 1 11.000000 
Loaded deposit transaction
Parsed transaction: deposit 2 9.000000 
Loaded deposit transaction
Parsed transaction: transfer 3 7 29.000000 
Loaded transfer transaction
Parsed transaction: transfer 7 6 31.000000 
Loaded transfer transaction
Parsed transaction: transfer 7 5 137.000000 
Loaded transfer transaction
Parsed transaction: transfer 7 4 3.000000 
Loaded transfer transaction
Parsed transaction: transfer 7 4 5.000000 
Loaded transfer transaction
Parsed transaction: deposit 3 929.000000 
Loaded deposit transaction
Parsed transaction: deposit 4 937.000000 
Loaded deposit transaction
Parsed transaction: deposit 5 941.000000 
Loaded deposit transaction
Parsed transaction: withdraw 4 1167.000000 
Loaded withdrawal transaction
Parsed transaction: withdraw 5 1307.000000 
Loaded withdrawal transaction
Parsed transaction: transfer 1 8 89.000000 
Loaded transfer transaction
Parsed transaction: transfer 1 9 163.000000 
Loaded transfer transaction
Parsed transaction: withdraw 1 41.000000 
Loaded withdrawal transaction
Parsed transaction: withdraw 2 71.000000 
Loaded withdrawal transaction
Parsed transaction: withdraw 3 1127.000000 
Loaded withdrawal transaction
Parsed transaction: withdraw 6 647.000000 
Loaded withdrawal transaction
Parsed transaction: deposit 6 953.000000 
Loaded deposit transaction
Parsed transaction: deposit 7 967.000000 
Loaded deposit transaction
Parsed transaction: transfer 1 7 19.000000 
Loaded transfer transaction
Parsed transaction: transfer 2 7 23.000000 
Loaded transfer transaction
Parsed transaction: transfer 6 5 1167.000000 
Loaded transfer transaction
Parsed transaction: transfer 4 5 53.000000 
Loaded transfer transaction
Parsed transaction: withdraw 7 1593.000000 
Loaded withdrawal transaction
Parsed transaction: withdraw 8 449.000000 
Loaded withdrawal transaction
Parsed transaction: withdraw 9 163.000000 
Loaded withdrawal transaction
********************************************
********************************************
   Reading and parsing a transaction file   
********************************************
Parsed transaction: deposit 9 617.000000 
Loaded deposit transaction
Parsed transaction: transfer 9 1 617.000000 
Loaded transfer transaction
Parsed transaction: deposit 8 619.000000 
Loaded deposit transaction
Parsed transaction: transfer 8 2 619.000000 
Loaded transfer transaction
Parsed transaction: deposit 7 631.000000 
Loaded deposit transaction
Parsed transaction: transfer 7 3 631.000000 
Loaded transfer transaction
Parsed transaction: deposit 6 641.000000 
Loaded deposit transaction
Parsed transaction: transfer 6 4 641.000000 
Loaded transfer transaction
Parsed transaction: deposit 5 643.000000 
Loaded deposit transaction
Parsed transaction: transfer 5 6 1200.000000 
Loaded transfer transaction
Parsed transaction: deposit 4 647.000000 
Loaded deposit transaction
Parsed transaction: transfer 4 7 1200.000000 
Loaded transfer transaction
Parsed transaction: deposit 3 653.000000 
Loaded deposit transaction
Parsed transaction: transfer 3 8 1200.000000 
Loaded transfer transaction
Parsed transaction: deposit 2 659.000000 
Loaded deposit transaction
Parsed transaction: transfer 2 9 1200.000000 
Loaded transfer transaction
Parsed transaction: deposit 1 661.000000 
Loaded deposit transaction
Parsed transaction: transfer 1 9 1200.000000 
Loaded transfer transaction
Parsed transaction: deposit 0 673.000000 
Loaded deposit transaction
Parsed transaction: transfer 0 9 1200.000000 
Loaded transfer transaction
Parsed transaction: withdraw 1 50.000000 
Loaded withdrawal transaction
Parsed transaction: withdraw 2 50.000000 
Loaded withdrawal transaction
Parsed transaction: withdraw 3 50.000000 
Loaded withdrawal transaction
Parsed transaction: withdraw 4 50.000000 
Loaded withdrawal transaction
Parsed transaction: withdraw 5 50.000000 
Loaded withdrawal transaction
Parsed transaction: withdraw 6 50.000000 
Loaded withdrawal transaction
Parsed transaction: withdraw 7 50.000000 
Loaded withdrawal transaction
Parsed transaction: withdraw 8 50.000000 
Loaded withdrawal transaction
Parsed transaction: withdraw 9 50.000000 
Loaded withdrawal transaction
Parsed transaction: withdraw 0 50.000000 
Loaded withdrawal transaction
********************************************
********************************************
   Reading and parsing a transaction file   
********************************************
Parsed transaction: deposit 0 400.000000 
Loaded deposit transaction
Parsed transaction: withdraw 0 200.000000 
Loaded withdrawal transaction
Parsed transaction: deposit 0 100.000000 
Loaded deposit transaction
Parsed transaction: withdraw 0 50.000000 
Loaded withdrawal transaction
Parsed transaction: withdraw 0 150.000000 
Loaded withdrawal transaction
Parsed transaction: deposit 0 300.000000 
Loaded deposit transaction
Parsed transaction: transfer 0 1 300.000000 
Loaded transfer transaction
Parsed transaction: balance 1 
Loaded balance transaction
********************************************
********************************************
   Reading and parsing a transaction file   
********************************************
Parsed transaction: deposit 0 100.000000 
Loaded deposit transaction
Parsed transaction: deposit 0 200.000000 
Loaded deposit transaction
Parsed transaction: deposit 0 300.000000 
Loaded deposit transaction
Parsed transaction: withdraw 0 200.000000 
Loaded withdrawal transaction
Parsed transaction: withdraw 0 100.000000 
Loaded withdrawal transaction
Parsed transaction: withdraw 0 50.000000 
Loaded withdrawal transaction
Parsed transaction: transfer 1 0 200.000000 
Loaded transfer transaction
Parsed transaction: balance 0 
Loaded balance transaction
********************************************
  ***    Start of transaction batch    ***  
User 0, Acc 0 Balance 0.000000, Deposit 7.000000 
User 0, Acc 1 Balance 0.000000, Deposit 11.000000 
User 0, Acc 2 Balance 0.000000, Deposit 9.000000 
User 0, Acc 3 Balance 0.000000, Deposit 929.000000 
User 0, Acc 4 Balance 0.000000, Deposit 937.000000 
User 0, Acc 5 Balance 0.000000, Deposit 941.000000 
[22;32mUser 0, Acc 4 Balance 937.000000, 				Withdraw 1167.000000 --insufficient funds[0m
[22;32mUser 0, Acc 5 Balance 941.000000, 				Withdraw 1307.000000 --insufficient funds[0m
[22;32mUser 0, Acc 1 Balance 11.000000, 				Withdraw 41.000000 --insufficient funds[0m
[22;32mUser 0, Acc 2 Balance 9.000000, 				Withdraw 71.000000 --insufficient funds[0m
[22;32mUser 0, Acc 3 Balance 929.000000, 				Withdraw 1127.000000 --insufficient funds[0m
[22;32mUser 0, Acc 6 Balance 0.000000, 				Withdraw 647.000000 --insufficient funds[0m
User 0, Acc 6 Balance 0.000000, Deposit 953.000000 
User 0, Acc 7 Balance 0.000000, Deposit 967.000000 
User 0, Acc 4 Balance 937.000000, Transfer 53.000000 to Acc 5
[22;32mUser 0, Acc 7 Balance 967.000000, 				Withdraw 1593.000000 --insufficient funds[0m
[22;32mUser 0, Acc 8 Balance 0.000000, 				Withdraw 449.000000 --insufficient funds[0m
[22;32mUser 0, Acc 9 Balance 0.000000, 				Withdraw 163.000000 --insufficient funds[0m
User 0, Acc 9 Balance 0.000000, Deposit 617.000000 
User 0, Acc 9 Balance 617.000000, Transfer 617.000000 to Acc 1
User 0, Acc 8 Balance 0.000000, Deposit 619.000000 
User 0, Acc 8 Balance 619.000000, Transfer 619.000000 to Acc 2
User 0, Acc 7 Balance 967.000000, Deposit 631.000000 
User 0, Acc 7 Balance 1598.000000, Transfer 631.000000 to Acc 3
User 0, Acc 6 Balance 953.000000, Deposit 641.000000 
User 0, Acc 6 Balance 1594.000000, Transfer 641.000000 to Acc 4
User 0, Acc 5 Balance 994.000000, Deposit 643.000000 
User 0, Acc 5 Balance 1637.000000, Transfer 1200.000000 to Acc 6
User 0, Acc 4 Balance 1525.000000, Deposit 647.000000 
User 0, Acc 4 Balance 2172.000000, Transfer 1200.000000 to Acc 7
User 0, Acc 3 Balance 1560.000000, Deposit 653.000000 
User 0, Acc 3 Balance 2213.000000, Transfer 1200.000000 to Acc 8
User 0, Acc 2 Balance 628.000000, Deposit 659.000000 
User 1, Acc 0 Balance 7.000000, Deposit 7.000000 
User 1, Acc 1 Balance 628.000000, Deposit 11.000000 
User 1, Acc 2 Balance 1287.000000, Deposit 9.000000 
User 1, Acc 3 Balance 1013.000000, Transfer 29.000000 to Acc 7
User 1, Acc 7 Balance 2196.000000, Transfer 31.000000 to Acc 6
User 1, Acc 7 Balance 2165.000000, Transfer 137.000000 to Acc 5
User 1, Acc 7 Balance 2028.000000, Transfer 3.000000 to Acc 4
User 1, Acc 7 Balance 2025.000000, Transfer 5.000000 to Acc 4
User 1, Acc 3 Balance 984.000000, Deposit 929.000000 
User 1, Acc 4 Balance 980.000000, Deposit 937.000000 
User 1, Acc 5 Balance 574.000000, Deposit 941.000000 
User 1, Acc 4 Balance 1917.000000, Withdraw 1167.000000 
User 1, Acc 5 Balance 1515.000000, Withdraw 1307.000000 
User 1, Acc 1 Balance 639.000000, Transfer 89.000000 to Acc 8
User 1, Acc 1 Balance 550.000000, Transfer 163.000000 to Acc 9
User 1, Acc 1 Balance 387.000000, Withdraw 41.000000 
User 1, Acc 2 Balance 1296.000000, Withdraw 71.000000 
User 1, Acc 3 Balance 1913.000000, Withdraw 1127.000000 
User 1, Acc 6 Balance 2184.000000, Withdraw 647.000000 
User 1, Acc 6 Balance 1537.000000, Deposit 953.000000 
User 1, Acc 7 Balance 2020.000000, Deposit 967.000000 
User 1, Acc 1 Balance 346.000000, Transfer 19.000000 to Acc 7
User 1, Acc 2 Balance 1225.000000, Transfer 23.000000 to Acc 7
User 1, Acc 6 Balance 2490.000000, Transfer 1167.000000 to Acc 5
User 2, Acc 0 Balance 7.000000, Deposit 100.000000 
User 2, Acc 0 Balance 114.000000, Deposit 200.000000 
User 2, Acc 0 Balance 314.000000, Deposit 300.000000 
User 2, Acc 0 Balance 614.000000, Withdraw 200.000000 
User 1, Acc 4 Balance 750.000000, Transfer 53.000000 to Acc 5
User 2, Acc 0 Balance 414.000000, Withdraw 100.000000 
User 3, Acc 0 Balance 7.000000, Deposit 400.000000 
User 1, Acc 7 Balance 3029.000000, Withdraw 1593.000000 
User 3, Acc 0 Balance 714.000000, Withdraw 200.000000 
User 1, Acc 8 Balance 1289.000000, Withdraw 449.000000 
User 1, Acc 9 Balance 163.000000, Withdraw 163.000000 
User 1, Acc 9 Balance 0.000000, Deposit 617.000000 
User 1, Acc 9 Balance 617.000000, Transfer 617.000000 to Acc 1
User 1, Acc 8 Balance 840.000000, Deposit 619.000000 
User 1, Acc 8 Balance 1459.000000, Transfer 619.000000 to Acc 2
User 2, Acc 0 Balance 314.000000, Withdraw 50.000000 
User 3, Acc 0 Balance 514.000000, Deposit 100.000000 
User 3, Acc 0 Balance 614.000000, Withdraw 50.000000 
User 1, Acc 7 Balance 1436.000000, Deposit 631.000000 
User 1, Acc 7 Balance 2067.000000, Transfer 631.000000 to Acc 3
User 3, Acc 0 Balance 514.000000, Withdraw 150.000000 
User 2, Acc 1 Balance 944.000000, Transfer 200.000000 to Acc 0
User 1, Acc 6 Balance 1323.000000, Deposit 641.000000 
User 0, Acc 2 Balance 1287.000000, Transfer 1200.000000 to Acc 9
User 0, Acc 1 Balance 744.000000, Deposit 661.000000 
User 0, Acc 1 Balance 1405.000000, Transfer 1200.000000 to Acc 9
User 0, Acc 0 Balance 564.000000, Deposit 673.000000 
User 0, Acc 0 Balance 1237.000000, Transfer 1200.000000 to Acc 9
User 0, Acc 1 Balance 205.000000, Withdraw 50.000000 
User 0, Acc 2 Balance 621.000000, Withdraw 50.000000 
User 0, Acc 3 Balance 1417.000000, Withdraw 50.000000 
User 0, Acc 4 Balance 697.000000, Withdraw 50.000000 
User 0, Acc 5 Balance 1428.000000, Withdraw 50.000000 
Balance in 0: 564.000000
User 1, Acc 6 Balance 1964.000000, Transfer 641.000000 to Acc 4
User 2, Acc 0 Balance 37.000000, Deposit 400.000000 
User 1, Acc 5 Balance 1378.000000, Deposit 643.000000 
User 2, Acc 0 Balance 437.000000, Withdraw 200.000000 
User 3, Acc 0 Balance 364.000000, Deposit 300.000000 
User 1, Acc 5 Balance 2021.000000, Transfer 1200.000000 to Acc 6
User 0, Acc 6 Balance 1964.000000, Withdraw 50.000000 
User 0, Acc 7 Balance 1436.000000, Withdraw 50.000000 
User 3, Acc 0 Balance 537.000000, Transfer 300.000000 to Acc 1
User 0, Acc 8 Balance 840.000000, Withdraw 50.000000 
User 1, Acc 4 Balance 1288.000000, Deposit 647.000000 
User 1, Acc 4 Balance 1935.000000, Transfer 1200.000000 to Acc 7
User 2, Acc 0 Balance 237.000000, Deposit 100.000000 
Balance in 1: 455.000000
User 2, Acc 0 Balance 337.000000, Withdraw 50.000000 
User 2, Acc 0 Balance 287.000000, Withdraw 150.000000 
User 2, Acc 0 Balance 137.000000, Deposit 300.000000 
User 1, Acc 3 Balance 1367.000000, Deposit 653.000000 
User 2, Acc 0 Balance 437.000000, Transfer 300.000000 to Acc 1
User 1, Acc 3 Balance 2020.000000, Transfer 1200.000000 to Acc 8
User 3, Acc 0 Balance 337.000000, Deposit 100.000000 
User 3, Acc 0 Balance 237.000000, Deposit 200.000000 
User 1, Acc 2 Balance 571.000000, Deposit 659.000000 
User 3, Acc 0 Balance 437.000000, Deposit 300.000000 
User 3, Acc 0 Balance 737.000000, Withdraw 200.000000 
User 1, Acc 2 Balance 1230.000000, Transfer 1200.000000 to Acc 9
User 1, Acc 1 Balance 755.000000, Deposit 661.000000 
Balance in 1: 755.000000
User 0, Acc 9 Balance 3600.000000, Withdraw 50.000000 
User 2, Acc 0 Balance 537.000000, Deposit 7.000000 
User 0, Acc 0 Balance 537.000000, Withdraw 50.000000 
User 1, Acc 1 Balance 1416.000000, Transfer 1200.000000 to Acc 9
User 0, Acc 0 Balance 494.000000, Deposit 7.000000 
User 2, Acc 1 Balance 1416.000000, Deposit 11.000000 
User 1, Acc 0 Balance 494.000000, Deposit 673.000000 
User 2, Acc 2 Balance 30.000000, Deposit 9.000000 
User 2, Acc 3 Balance 820.000000, Transfer 29.000000 to Acc 7
User 3, Acc 0 Balance 537.000000, Withdraw 100.000000 
User 1, Acc 1 Balance 227.000000, Withdraw 50.000000 
User 3, Acc 0 Balance 1074.000000, Withdraw 50.000000 
User 3, Acc 1 Balance 227.000000, Transfer 200.000000 to Acc 0
Balance in 0: 1224.000000
User 2, Acc 7 Balance 2615.000000, Transfer 31.000000 to Acc 6
User 2, Acc 7 Balance 2584.000000, Transfer 137.000000 to Acc 5
[22;32mUser 1, Acc 2 Balance 39.000000, 				Withdraw 50.000000 --insufficient funds[0m
User 1, Acc 3 Balance 791.000000, Withdraw 50.000000 
User 1, Acc 4 Balance 735.000000, Withdraw 50.000000 
User 1, Acc 5 Balance 958.000000, Withdraw 50.000000 
User 1, Acc 6 Balance 2504.000000, Withdraw 50.000000 
User 1, Acc 7 Balance 2447.000000, Withdraw 50.000000 
User 1, Acc 8 Balance 1990.000000, Withdraw 50.000000 
User 2, Acc 7 Balance 2447.000000, Transfer 3.000000 to Acc 4
User 3, Acc 9 Balance 5950.000000, Deposit 617.000000 
User 2, Acc 7 Balance 2394.000000, Transfer 5.000000 to Acc 4
User 2, Acc 3 Balance 741.000000, Deposit 929.000000 
User 3, Acc 9 Balance 6567.000000, Transfer 617.000000 to Acc 1
User 2, Acc 4 Balance 693.000000, Deposit 937.000000 
User 0, Acc 1 Balance 216.000000, Deposit 11.000000 
User 3, Acc 8 Balance 1940.000000, Deposit 619.000000 
User 2, Acc 5 Balance 908.000000, Deposit 941.000000 
User 1, Acc 9 Balance 5950.000000, Withdraw 50.000000 
User 2, Acc 4 Balance 1630.000000, Withdraw 1167.000000 
User 0, Acc 2 Balance 39.000000, Deposit 9.000000 
User 3, Acc 8 Balance 2559.000000, Transfer 619.000000 to Acc 2
User 0, Acc 3 Balance 1670.000000, Transfer 29.000000 to Acc 7
User 0, Acc 7 Balance 2418.000000, Transfer 31.000000 to Acc 6
User 1, Acc 0 Balance 1224.000000, Withdraw 50.000000 
User 1, Acc 0 Balance 1174.000000, Deposit 400.000000 
User 3, Acc 7 Balance 2418.000000, Deposit 631.000000 
User 1, Acc 0 Balance 1574.000000, Withdraw 200.000000 
User 3, Acc 7 Balance 3018.000000, Transfer 631.000000 to Acc 3
User 2, Acc 5 Balance 1849.000000, Withdraw 1307.000000 
User 1, Acc 0 Balance 1374.000000, Deposit 100.000000 
User 2, Acc 1 Balance 605.000000, Transfer 89.000000 to Acc 8
User 1, Acc 0 Balance 1474.000000, Withdraw 50.000000 
User 0, Acc 7 Balance 2387.000000, Transfer 137.000000 to Acc 5
User 1, Acc 0 Balance 1424.000000, Withdraw 150.000000 
User 0, Acc 7 Balance 2250.000000, Transfer 3.000000 to Acc 4
User 2, Acc 1 Balance 516.000000, Transfer 163.000000 to Acc 9
User 1, Acc 0 Balance 1274.000000, Deposit 300.000000 
User 2, Acc 1 Balance 353.000000, Withdraw 41.000000 
User 2, Acc 2 Balance 667.000000, Withdraw 71.000000 
User 3, Acc 6 Balance 2485.000000, Deposit 641.000000 
User 2, Acc 3 Balance 2272.000000, Withdraw 1127.000000 
User 3, Acc 6 Balance 3126.000000, Transfer 641.000000 to Acc 4
User 1, Acc 0 Balance 1574.000000, Transfer 300.000000 to Acc 1
Balance in 1: 612.000000
User 3, Acc 5 Balance 679.000000, Deposit 643.000000 
User 3, Acc 5 Balance 1322.000000, Transfer 1200.000000 to Acc 6
User 2, Acc 6 Balance 3126.000000, Withdraw 647.000000 
User 1, Acc 9 Balance 6063.000000, Deposit 617.000000 
User 2, Acc 6 Balance 3038.000000, Deposit 953.000000 
User 1, Acc 9 Balance 6680.000000, Transfer 617.000000 to Acc 1
User 3, Acc 4 Balance 1107.000000, Deposit 647.000000 
User 1, Acc 8 Balance 2029.000000, Deposit 619.000000 
User 3, Acc 4 Balance 1754.000000, Transfer 1200.000000 to Acc 7
User 0, Acc 7 Balance 2247.000000, Transfer 5.000000 to Acc 4
User 2, Acc 7 Balance 2247.000000, Deposit 967.000000 
User 2, Acc 1 Balance 1229.000000, Transfer 19.000000 to Acc 7
User 1, Acc 8 Balance 2648.000000, Transfer 619.000000 to Acc 2
User 2, Acc 2 Balance 596.000000, Transfer 23.000000 to Acc 7
User 1, Acc 7 Balance 4428.000000, Deposit 631.000000 
User 3, Acc 3 Balance 1145.000000, Deposit 653.000000 
User 2, Acc 6 Balance 3991.000000, Transfer 1167.000000 to Acc 5
User 1, Acc 7 Balance 5082.000000, Transfer 631.000000 to Acc 3
User 2, Acc 4 Balance 559.000000, Transfer 53.000000 to Acc 5
User 0, Acc 3 Balance 1145.000000, Deposit 929.000000 
User 3, Acc 3 Balance 1798.000000, Transfer 1200.000000 to Acc 8
User 0, Acc 4 Balance 506.000000, Deposit 937.000000 
User 2, Acc 7 Balance 5082.000000, Withdraw 1593.000000 
User 1, Acc 6 Balance 2824.000000, Deposit 641.000000 
User 2, Acc 8 Balance 3229.000000, Withdraw 449.000000 
User 1, Acc 6 Balance 3465.000000, Transfer 641.000000 to Acc 4
User 0, Acc 5 Balance 1342.000000, Deposit 941.000000 
User 1, Acc 5 Balance 1342.000000, Deposit 643.000000 
User 0, Acc 4 Balance 2084.000000, Withdraw 1167.000000 
User 2, Acc 9 Balance 6063.000000, Withdraw 163.000000 
User 1, Acc 5 Balance 2926.000000, Transfer 1200.000000 to Acc 6
User 2, Acc 0 Balance 1274.000000, Deposit 100.000000 
User 1, Acc 4 Balance 917.000000, Deposit 647.000000 
User 2, Acc 0 Balance 1374.000000, Deposit 200.000000 
User 3, Acc 2 Balance 1192.000000, Deposit 659.000000 
User 2, Acc 0 Balance 1574.000000, Deposit 300.000000 
User 3, Acc 2 Balance 1851.000000, Transfer 1200.000000 to Acc 9
User 1, Acc 4 Balance 1564.000000, Transfer 1200.000000 to Acc 7
User 2, Acc 0 Balance 1874.000000, Withdraw 200.000000 
User 3, Acc 1 Balance 1210.000000, Deposit 661.000000 
User 2, Acc 0 Balance 1674.000000, Withdraw 100.000000 
User 0, Acc 5 Balance 2926.000000, Withdraw 1307.000000 
User 0, Acc 1 Balance 1871.000000, Transfer 89.000000 to Acc 8
User 2, Acc 0 Balance 1574.000000, Withdraw 50.000000 
User 0, Acc 1 Balance 1782.000000, Transfer 163.000000 to Acc 9
User 2, Acc 1 Balance 1782.000000, Transfer 200.000000 to Acc 0
User 1, Acc 3 Balance 2158.000000, Deposit 653.000000 
Balance in 0: 1724.000000
User 2, Acc 0 Balance 1724.000000, Deposit 400.000000 
User 1, Acc 3 Balance 2811.000000, Transfer 1200.000000 to Acc 8
User 2, Acc 0 Balance 2124.000000, Withdraw 200.000000 
User 3, Acc 1 Balance 1871.000000, Transfer 1200.000000 to Acc 9
User 1, Acc 2 Balance 651.000000, Deposit 659.000000 
User 2, Acc 0 Balance 1924.000000, Deposit 100.000000 
User 1, Acc 2 Balance 1310.000000, Transfer 1200.000000 to Acc 9
User 2, Acc 0 Balance 2024.000000, Withdraw 50.000000 
User 3, Acc 0 Balance 1924.000000, Deposit 673.000000 
User 0, Acc 1 Balance 1619.000000, Withdraw 41.000000 
User 1, Acc 1 Balance 219.000000, Deposit 661.000000 
User 0, Acc 2 Balance 110.000000, Withdraw 71.000000 
User 1, Acc 0 Balance 2647.000000, Deposit 673.000000 
User 3, Acc 0 Balance 2647.000000, Transfer 1200.000000 to Acc 9
User 0, Acc 3 Balance 1611.000000, Withdraw 1127.000000 
User 1, Acc 0 Balance 3320.000000, Transfer 1200.000000 to Acc 9
User 0, Acc 6 Balance 4024.000000, Withdraw 647.000000 
User 1, Acc 1 Balance 839.000000, Withdraw 50.000000 
User 3, Acc 1 Balance 839.000000, Withdraw 50.000000 
[22;32mUser 3, Acc 2 Balance 39.000000, 				Withdraw 50.000000 --insufficient funds[0m
[22;32mUser 1, Acc 2 Balance 39.000000, 				Withdraw 50.000000 --insufficient funds[0m
User 2, Acc 0 Balance 1974.000000, Withdraw 150.000000 
User 1, Acc 3 Balance 484.000000, Withdraw 50.000000 
User 1, Acc 4 Balance 364.000000, Withdraw 50.000000 
User 0, Acc 6 Balance 3377.000000, Deposit 953.000000 
User 1, Acc 5 Balance 419.000000, Withdraw 50.000000 
User 1, Acc 6 Balance 3377.000000, Withdraw 50.000000 
User 0, Acc 7 Balance 4058.000000, Deposit 967.000000 
User 0, Acc 1 Balance 739.000000, Transfer 19.000000 to Acc 7
User 3, Acc 3 Balance 484.000000, Withdraw 50.000000 
User 1, Acc 7 Balance 4058.000000, Withdraw 50.000000 
User 2, Acc 0 Balance 770.000000, Deposit 300.000000 
User 1, Acc 8 Balance 4069.000000, Withdraw 50.000000 
User 2, Acc 0 Balance 1070.000000, Transfer 300.000000 to Acc 1
User 3, Acc 4 Balance 314.000000, Withdraw 50.000000 
User 3, Acc 5 Balance 369.000000, Withdraw 50.000000 
Balance in 1: 1020.000000
User 3, Acc 6 Balance 4280.000000, Withdraw 50.000000 
User 3, Acc 7 Balance 4994.000000, Withdraw 50.000000 
User 2, Acc 0 Balance 770.000000, Deposit 100.000000 
User 3, Acc 8 Balance 4019.000000, Withdraw 50.000000 
User 0, Acc 2 Balance 39.000000, Transfer 23.000000 to Acc 7
User 1, Acc 9 Balance 12063.000000, Withdraw 50.000000 
User 2, Acc 0 Balance 870.000000, Deposit 200.000000 
User 3, Acc 9 Balance 12063.000000, Withdraw 50.000000 
User 3, Acc 0 Balance 1070.000000, Withdraw 50.000000 
User 2, Acc 0 Balance 1070.000000, Deposit 300.000000 
User 0, Acc 6 Balance 4230.000000, Transfer 1167.000000 to Acc 5
User 1, Acc 0 Balance 870.000000, Withdraw 50.000000 
User 2, Acc 0 Balance 1320.000000, Withdraw 200.000000 
User 2, Acc 0 Balance 1070.000000, Withdraw 100.000000 
User 2, Acc 0 Balance 970.000000, Withdraw 50.000000 
User 2, Acc 1 Balance 1020.000000, Transfer 200.000000 to Acc 0
Balance in 0: 1120.000000
User 0, Acc 4 Balance 264.000000, Transfer 53.000000 to Acc 5
User 0, Acc 7 Balance 4967.000000, Withdraw 1593.000000 
User 0, Acc 8 Balance 3969.000000, Withdraw 449.000000 
User 0, Acc 9 Balance 11963.000000, Withdraw 163.000000 
  ***     End of transaction batch    ***  
Account 0 balance after completion of transaction batch: 1120.000000
Account 1 balance after completion of transaction batch: 820.000000
Account 2 balance after completion of transaction batch: 16.000000
Account 3 balance after completion of transaction batch: 384.000000
Account 4 balance after completion of transaction batch: 211.000000
Account 5 balance after completion of transaction batch: 1539.000000
Account 6 balance after completion of transaction batch: 3063.000000
Account 7 balance after completion of transaction batch: 3374.000000
Account 8 balance after completion of transaction batch: 3520.000000
Account 9 balance after completion of transaction batch: 11800.000000
