# Output generated by:
# ./my_executable 4 data/transactions6.txt data/transactions9.txt data/transactions3.txt data/transactions10.txt

********************************************
   Reading and parsing a transaction file   
********************************************
Parsed transaction: deposit 0 7.000000 
Loaded deposit transaction
Parsed transaction: deposit 1 11.000000 
Loaded deposit transaction
Parsed transaction: deposit 2 9.000000 
Loaded deposit transaction
Parsed transaction: transfer 3 7 29.000000 
Loaded transfer transaction
Parsed transaction: transfer 7 6 31.000000 
Loaded transfer transaction
Parsed transaction: transfer 7 5 137.000000 
Loaded transfer transaction
Parsed transaction: transfer 7 4 3.000000 
Loaded transfer transaction
Parsed transaction: transfer 7 4 5.000000 
Loaded transfer transaction
Parsed transaction: deposit 3 929.000000 
Loaded deposit transaction
Parsed transaction: deposit 4 937.000000 
Loaded deposit transaction
Parsed transaction: deposit 5 941.000000 
Loaded deposit transaction
Parsed transaction: withdraw 4 1167.000000 
Loaded withdrawal transaction
Parsed transaction: withdraw 5 1307.000000 
Loaded withdrawal transaction
Parsed transaction: transfer 1 8 89.000000 
Loaded transfer transaction
Parsed transaction: transfer 1 9 163.000000 
Loaded transfer transaction
Parsed transaction: withdraw 1 41.000000 
Loaded withdrawal transaction
Parsed transaction: withdraw 2 71.000000 
Loaded withdrawal transaction
Parsed transaction: withdraw 3 1127.000000 
Loaded withdrawal transaction
Parsed transaction: withdraw 6 647.000000 
Loaded withdrawal transaction
Parsed transaction: deposit 6 953.000000 
Loaded deposit transaction
Parsed transaction: deposit 7 967.000000 
Loaded deposit transaction
Parsed transaction: transfer 1 7 19.000000 
Loaded transfer transaction
Parsed transaction: transfer 2 7 23.000000 
Loaded transfer transaction
Parsed transaction: transfer 6 5 1167.000000 
Loaded transfer transaction
Parsed transaction: transfer 4 5 53.000000 
Loaded transfer transaction
Parsed transaction: withdraw 7 1593.000000 
Loaded withdrawal transaction
Parsed transaction: withdraw 8 449.000000 
Loaded withdrawal transaction
Parsed transaction: withdraw 9 163.000000 
Loaded withdrawal transaction
********************************************
********************************************
   Reading and parsing a transaction file   
********************************************
Parsed transaction: deposit 9 617.000000 
Loaded deposit transaction
Parsed transaction: transfer 9 1 617.000000 
Loaded transfer transaction
Parsed transaction: deposit 8 619.000000 
Loaded deposit transaction
Parsed transaction: transfer 8 2 619.000000 
Loaded transfer transaction
Parsed transaction: deposit 7 631.000000 
Loaded deposit transaction
Parsed transaction: transfer 7 3 631.000000 
Loaded transfer transaction
Parsed transaction: deposit 6 641.000000 
Loaded deposit transaction
Parsed transaction: transfer 6 4 641.000000 
Loaded transfer transaction
Parsed transaction: deposit 5 643.000000 
Loaded deposit transaction
Parsed transaction: transfer 5 6 1200.000000 
Loaded transfer transaction
Parsed transaction: deposit 4 647.000000 
Loaded deposit transaction
Parsed transaction: transfer 4 7 1200.000000 
Loaded transfer transaction
Parsed transaction: deposit 3 653.000000 
Loaded deposit transaction
Parsed transaction: transfer 3 8 1200.000000 
Loaded transfer transaction
Parsed transaction: deposit 2 659.000000 
Loaded deposit transaction
Parsed transaction: transfer 2 9 1200.000000 
Loaded transfer transaction
Parsed transaction: deposit 1 661.000000 
Loaded deposit transaction
Parsed transaction: transfer 1 9 1200.000000 
Loaded transfer transaction
Parsed transaction: deposit 0 673.000000 
Loaded deposit transaction
Parsed transaction: transfer 0 9 1200.000000 
Loaded transfer transaction
Parsed transaction: withdraw 1 50.000000 
Loaded withdrawal transaction
Parsed transaction: withdraw 2 50.000000 
Loaded withdrawal transaction
Parsed transaction: withdraw 3 50.000000 
Loaded withdrawal transaction
Parsed transaction: withdraw 4 50.000000 
Loaded withdrawal transaction
Parsed transaction: withdraw 5 50.000000 
Loaded withdrawal transaction
Parsed transaction: withdraw 6 50.000000 
Loaded withdrawal transaction
Parsed transaction: withdraw 7 50.000000 
Loaded withdrawal transaction
Parsed transaction: withdraw 8 50.000000 
Loaded withdrawal transaction
Parsed transaction: withdraw 9 50.000000 
Loaded withdrawal transaction
Parsed transaction: withdraw 0 50.000000 
Loaded withdrawal transaction
********************************************
********************************************
   Reading and parsing a transaction file   
********************************************
Parsed transaction: deposit 0 400.000000 
Loaded deposit transaction
Parsed transaction: withdraw 0 200.000000 
Loaded withdrawal transaction
Parsed transaction: deposit 1 100.000000 
Loaded deposit transaction
Parsed transaction: deposit 2 900.000000 
Loaded deposit transaction
Parsed transaction: withdraw 1 50.000000 
Loaded withdrawal transaction
Parsed transaction: withdraw 2 150.000000 
Loaded withdrawal transaction
Parsed transaction: deposit 3 500.000000 
Loaded deposit transaction
Parsed transaction: transfer 2 1 300.000000 
Loaded transfer transaction
Parsed transaction: transfer 3 1 300.000000 
Loaded transfer transaction
Parsed transaction: deposit 0 400.000000 
Loaded deposit transaction
Parsed transaction: withdraw 3 200.000000 
Loaded withdrawal transaction
Parsed transaction: balance 1 
Loaded balance transaction
********************************************
********************************************
   Reading and parsing a transaction file   
********************************************
Parsed transaction: withdraw 1 500.000000 
Loaded withdrawal transaction
Parsed transaction: withdraw 2 500.000000 
Loaded withdrawal transaction
Parsed transaction: withdraw 3 500.000000 
Loaded withdrawal transaction
Parsed transaction: withdraw 4 500.000000 
Loaded withdrawal transaction
Parsed transaction: withdraw 5 500.000000 
Loaded withdrawal transaction
Parsed transaction: withdraw 6 500.000000 
Loaded withdrawal transaction
Parsed transaction: withdraw 7 500.000000 
Loaded withdrawal transaction
Parsed transaction: withdraw 8 500.000000 
Loaded withdrawal transaction
Parsed transaction: withdraw 9 500.000000 
Loaded withdrawal transaction
Parsed transaction: withdraw 0 500.000000 
Loaded withdrawal transaction
Parsed transaction: withdraw 1 500.000000 
Loaded withdrawal transaction
Parsed transaction: withdraw 2 500.000000 
Loaded withdrawal transaction
Parsed transaction: withdraw 3 500.000000 
Loaded withdrawal transaction
Parsed transaction: withdraw 4 500.000000 
Loaded withdrawal transaction
Parsed transaction: withdraw 5 500.000000 
Loaded withdrawal transaction
Parsed transaction: withdraw 6 500.000000 
Loaded withdrawal transaction
Parsed transaction: withdraw 7 500.000000 
Loaded withdrawal transaction
Parsed transaction: withdraw 8 500.000000 
Loaded withdrawal transaction
Parsed transaction: withdraw 9 500.000000 
Loaded withdrawal transaction
Parsed transaction: withdraw 0 500.000000 
Loaded withdrawal transaction
Parsed transaction: withdraw 1 500.000000 
Loaded withdrawal transaction
Parsed transaction: withdraw 2 500.000000 
Loaded withdrawal transaction
Parsed transaction: withdraw 3 500.000000 
Loaded withdrawal transaction
Parsed transaction: withdraw 4 500.000000 
Loaded withdrawal transaction
Parsed transaction: withdraw 5 500.000000 
Loaded withdrawal transaction
Parsed transaction: withdraw 6 500.000000 
Loaded withdrawal transaction
Parsed transaction: withdraw 7 500.000000 
Loaded withdrawal transaction
Parsed transaction: withdraw 8 500.000000 
Loaded withdrawal transaction
Parsed transaction: withdraw 9 500.000000 
Loaded withdrawal transaction
Parsed transaction: withdraw 0 500.000000 
Loaded withdrawal transaction
********************************************
  ***    Start of transaction batch    ***  
User 0, Acc 0 Balance 0.000000, Deposit 7.000000 
User 0, Acc 1 Balance 0.000000, Deposit 11.000000 
User 0, Acc 2 Balance 0.000000, Deposit 9.000000 
User 0, Acc 3 Balance 0.000000, Deposit 929.000000 
User 0, Acc 4 Balance 0.000000, Deposit 937.000000 
User 0, Acc 5 Balance 0.000000, Deposit 941.000000 
[22;32mUser 0, Acc 4 Balance 937.000000, 				Withdraw 1167.000000 --insufficient funds[0m
[22;32mUser 0, Acc 5 Balance 941.000000, 				Withdraw 1307.000000 --insufficient funds[0m
[22;32mUser 0, Acc 1 Balance 11.000000, 				Withdraw 41.000000 --insufficient funds[0m
[22;32mUser 0, Acc 2 Balance 9.000000, 				Withdraw 71.000000 --insufficient funds[0m
[22;32mUser 0, Acc 3 Balance 929.000000, 				Withdraw 1127.000000 --insufficient funds[0m
[22;32mUser 0, Acc 6 Balance 0.000000, 				Withdraw 647.000000 --insufficient funds[0m
User 0, Acc 6 Balance 0.000000, Deposit 953.000000 
User 0, Acc 7 Balance 0.000000, Deposit 967.000000 
User 0, Acc 4 Balance 937.000000, Transfer 53.000000 to Acc 5
[22;32mUser 0, Acc 7 Balance 967.000000, 				Withdraw 1593.000000 --insufficient funds[0m
[22;32mUser 0, Acc 8 Balance 0.000000, 				Withdraw 449.000000 --insufficient funds[0m
[22;32mUser 0, Acc 9 Balance 0.000000, 				Withdraw 163.000000 --insufficient funds[0m
User 0, Acc 9 Balance 0.000000, Deposit 617.000000 
User 0, Acc 9 Balance 617.000000, Transfer 617.000000 to Acc 1
User 0, Acc 8 Balance 0.000000, Deposit 619.000000 
User 0, Acc 8 Balance 619.000000, Transfer 619.000000 to Acc 2
User 0, Acc 7 Balance 967.000000, Deposit 631.000000 
User 2, Acc 0 Balance 7.000000, Deposit 7.000000 
User 2, Acc 1 Balance 628.000000, Deposit 11.000000 
User 2, Acc 2 Balance 628.000000, Deposit 9.000000 
User 2, Acc 3 Balance 929.000000, Transfer 29.000000 to Acc 7
User 2, Acc 7 Balance 1627.000000, Transfer 31.000000 to Acc 6
User 2, Acc 7 Balance 1596.000000, Transfer 137.000000 to Acc 5
User 2, Acc 7 Balance 1459.000000, Transfer 3.000000 to Acc 4
User 2, Acc 7 Balance 1456.000000, Transfer 5.000000 to Acc 4
User 2, Acc 3 Balance 900.000000, Deposit 929.000000 
User 2, Acc 4 Balance 892.000000, Deposit 937.000000 
User 2, Acc 5 Balance 1131.000000, Deposit 941.000000 
User 2, Acc 4 Balance 1829.000000, Withdraw 1167.000000 
User 2, Acc 5 Balance 2072.000000, Withdraw 1307.000000 
User 2, Acc 1 Balance 639.000000, Transfer 89.000000 to Acc 8
User 2, Acc 1 Balance 550.000000, Transfer 163.000000 to Acc 9
User 2, Acc 1 Balance 387.000000, Withdraw 41.000000 
User 2, Acc 2 Balance 637.000000, Withdraw 71.000000 
User 2, Acc 3 Balance 1829.000000, Withdraw 1127.000000 
User 2, Acc 6 Balance 984.000000, Withdraw 647.000000 
User 2, Acc 6 Balance 337.000000, Deposit 953.000000 
User 2, Acc 7 Balance 1451.000000, Deposit 967.000000 
User 2, Acc 1 Balance 346.000000, Transfer 19.000000 to Acc 7
User 2, Acc 2 Balance 566.000000, Transfer 23.000000 to Acc 7
User 2, Acc 6 Balance 1290.000000, Transfer 1167.000000 to Acc 5
User 2, Acc 4 Balance 662.000000, Transfer 53.000000 to Acc 5
User 2, Acc 7 Balance 2460.000000, Withdraw 1593.000000 
[22;32mUser 2, Acc 8 Balance 89.000000, 				Withdraw 449.000000 --insufficient funds[0m
User 2, Acc 9 Balance 163.000000, Withdraw 163.000000 
User 2, Acc 0 Balance 14.000000, Deposit 7.000000 
User 2, Acc 1 Balance 327.000000, Deposit 11.000000 
User 2, Acc 2 Balance 543.000000, Deposit 9.000000 
User 2, Acc 3 Balance 702.000000, Transfer 29.000000 to Acc 7
User 2, Acc 7 Balance 896.000000, Transfer 31.000000 to Acc 6
User 2, Acc 7 Balance 865.000000, Transfer 137.000000 to Acc 5
User 2, Acc 7 Balance 728.000000, Transfer 3.000000 to Acc 4
User 2, Acc 7 Balance 725.000000, Transfer 5.000000 to Acc 4
User 2, Acc 3 Balance 673.000000, Deposit 929.000000 
User 2, Acc 4 Balance 617.000000, Deposit 937.000000 
User 2, Acc 5 Balance 2122.000000, Deposit 941.000000 
User 2, Acc 4 Balance 1554.000000, Withdraw 1167.000000 
User 2, Acc 5 Balance 3063.000000, Withdraw 1307.000000 
User 2, Acc 1 Balance 338.000000, Transfer 89.000000 to Acc 8
User 2, Acc 1 Balance 249.000000, Transfer 163.000000 to Acc 9
User 2, Acc 1 Balance 86.000000, Withdraw 41.000000 
User 2, Acc 2 Balance 552.000000, Withdraw 71.000000 
User 2, Acc 3 Balance 1602.000000, Withdraw 1127.000000 
[22;32mUser 2, Acc 6 Balance 154.000000, 				Withdraw 647.000000 --insufficient funds[0m
User 0, Acc 7 Balance 1598.000000, Transfer 631.000000 to Acc 3
User 0, Acc 6 Balance 154.000000, Deposit 641.000000 
User 0, Acc 6 Balance 795.000000, Transfer 641.000000 to Acc 4
User 0, Acc 5 Balance 1756.000000, Deposit 643.000000 
User 0, Acc 5 Balance 2399.000000, Transfer 1200.000000 to Acc 6
User 0, Acc 4 Balance 1028.000000, Deposit 647.000000 
User 0, Acc 4 Balance 1675.000000, Transfer 1200.000000 to Acc 7
User 0, Acc 3 Balance 1106.000000, Deposit 653.000000 
User 0, Acc 3 Balance 1759.000000, Transfer 1200.000000 to Acc 8
User 0, Acc 2 Balance 481.000000, Deposit 659.000000 
User 0, Acc 1 Balance 45.000000, Deposit 661.000000 
User 0, Acc 0 Balance 21.000000, Deposit 673.000000 
User 0, Acc 1 Balance 706.000000, Withdraw 50.000000 
User 0, Acc 2 Balance 1140.000000, Withdraw 50.000000 
User 0, Acc 3 Balance 559.000000, Withdraw 50.000000 
User 0, Acc 4 Balance 475.000000, Withdraw 50.000000 
User 0, Acc 5 Balance 1199.000000, Withdraw 50.000000 
User 0, Acc 6 Balance 1354.000000, Withdraw 50.000000 
User 0, Acc 7 Balance 1289.000000, Withdraw 50.000000 
User 0, Acc 8 Balance 1378.000000, Withdraw 50.000000 
User 0, Acc 9 Balance 163.000000, Withdraw 50.000000 
User 0, Acc 0 Balance 694.000000, Withdraw 50.000000 
User 0, Acc 0 Balance 644.000000, Deposit 7.000000 
User 0, Acc 1 Balance 656.000000, Deposit 11.000000 
User 0, Acc 2 Balance 1090.000000, Deposit 9.000000 
User 0, Acc 3 Balance 509.000000, Transfer 29.000000 to Acc 7
User 0, Acc 7 Balance 1268.000000, Transfer 31.000000 to Acc 6
User 0, Acc 7 Balance 1237.000000, Transfer 137.000000 to Acc 5
User 0, Acc 7 Balance 1100.000000, Transfer 3.000000 to Acc 4
User 0, Acc 7 Balance 1097.000000, Transfer 5.000000 to Acc 4
User 0, Acc 3 Balance 480.000000, Deposit 929.000000 
User 0, Acc 4 Balance 433.000000, Deposit 937.000000 
User 0, Acc 5 Balance 1286.000000, Deposit 941.000000 
User 0, Acc 4 Balance 1370.000000, Withdraw 1167.000000 
User 0, Acc 5 Balance 2227.000000, Withdraw 1307.000000 
User 0, Acc 1 Balance 667.000000, Transfer 89.000000 to Acc 8
User 0, Acc 1 Balance 578.000000, Transfer 163.000000 to Acc 9
User 0, Acc 1 Balance 415.000000, Withdraw 41.000000 
User 0, Acc 2 Balance 1099.000000, Withdraw 71.000000 
User 0, Acc 3 Balance 1409.000000, Withdraw 1127.000000 
User 0, Acc 6 Balance 1335.000000, Withdraw 647.000000 
User 0, Acc 6 Balance 688.000000, Deposit 953.000000 
User 0, Acc 7 Balance 1092.000000, Deposit 967.000000 
User 0, Acc 1 Balance 374.000000, Transfer 19.000000 to Acc 7
User 0, Acc 2 Balance 1028.000000, Transfer 23.000000 to Acc 7
User 0, Acc 6 Balance 1641.000000, Transfer 1167.000000 to Acc 5
User 0, Acc 4 Balance 203.000000, Transfer 53.000000 to Acc 5
User 0, Acc 7 Balance 2101.000000, Withdraw 1593.000000 
User 0, Acc 8 Balance 1417.000000, Withdraw 449.000000 
User 0, Acc 9 Balance 276.000000, Withdraw 163.000000 
User 0, Acc 9 Balance 113.000000, Deposit 617.000000 
User 0, Acc 9 Balance 730.000000, Transfer 617.000000 to Acc 1
User 0, Acc 8 Balance 968.000000, Deposit 619.000000 
User 0, Acc 8 Balance 1587.000000, Transfer 619.000000 to Acc 2
User 0, Acc 7 Balance 508.000000, Deposit 631.000000 
User 0, Acc 7 Balance 1139.000000, Transfer 631.000000 to Acc 3
User 0, Acc 6 Balance 474.000000, Deposit 641.000000 
User 0, Acc 6 Balance 1115.000000, Transfer 641.000000 to Acc 4
User 0, Acc 5 Balance 2140.000000, Deposit 643.000000 
User 0, Acc 5 Balance 2783.000000, Transfer 1200.000000 to Acc 6
User 1, Acc 1 Balance 628.000000, Withdraw 500.000000 
User 1, Acc 2 Balance 1624.000000, Withdraw 500.000000 
User 3, Acc 0 Balance 7.000000, Deposit 400.000000 
User 3, Acc 0 Balance 1051.000000, Withdraw 200.000000 
User 3, Acc 1 Balance 472.000000, Deposit 100.000000 
User 1, Acc 3 Balance 913.000000, Withdraw 500.000000 
User 3, Acc 2 Balance 1124.000000, Deposit 900.000000 
User 3, Acc 1 Balance 572.000000, Withdraw 50.000000 
User 3, Acc 2 Balance 2024.000000, Withdraw 150.000000 
User 2, Acc 6 Balance 154.000000, Deposit 953.000000 
User 3, Acc 3 Balance 413.000000, Deposit 500.000000 
User 2, Acc 7 Balance 508.000000, Deposit 967.000000 
User 2, Acc 1 Balance 522.000000, Transfer 19.000000 to Acc 7
User 2, Acc 2 Balance 1874.000000, Transfer 23.000000 to Acc 7
User 2, Acc 6 Balance 2627.000000, Transfer 1167.000000 to Acc 5
User 2, Acc 4 Balance 791.000000, Transfer 53.000000 to Acc 5
[22;32mUser 2, Acc 7 Balance 1517.000000, 				Withdraw 1593.000000 --insufficient funds[0m
User 2, Acc 8 Balance 968.000000, Withdraw 449.000000 
[22;32mUser 2, Acc 9 Balance 113.000000, 				Withdraw 163.000000 --insufficient funds[0m
User 2, Acc 9 Balance 113.000000, Deposit 617.000000 
User 2, Acc 9 Balance 730.000000, Transfer 617.000000 to Acc 1
User 2, Acc 8 Balance 519.000000, Deposit 619.000000 
User 2, Acc 8 Balance 1138.000000, Transfer 619.000000 to Acc 2
User 2, Acc 7 Balance 1517.000000, Deposit 631.000000 
User 2, Acc 7 Balance 2148.000000, Transfer 631.000000 to Acc 3
User 2, Acc 6 Balance 1460.000000, Deposit 641.000000 
User 2, Acc 6 Balance 2101.000000, Transfer 641.000000 to Acc 4
User 2, Acc 5 Balance 2803.000000, Deposit 643.000000 
User 2, Acc 5 Balance 3446.000000, Transfer 1200.000000 to Acc 6
User 2, Acc 4 Balance 1379.000000, Deposit 647.000000 
User 2, Acc 4 Balance 2026.000000, Transfer 1200.000000 to Acc 7
User 2, Acc 3 Balance 1544.000000, Deposit 653.000000 
User 2, Acc 3 Balance 2197.000000, Transfer 1200.000000 to Acc 8
User 2, Acc 2 Balance 2470.000000, Deposit 659.000000 
User 2, Acc 2 Balance 3129.000000, Transfer 1200.000000 to Acc 9
User 2, Acc 1 Balance 1120.000000, Deposit 661.000000 
User 0, Acc 4 Balance 791.000000, Deposit 647.000000 
User 3, Acc 2 Balance 1874.000000, Transfer 300.000000 to Acc 1
User 0, Acc 4 Balance 1473.000000, Transfer 1200.000000 to Acc 7
User 3, Acc 3 Balance 997.000000, Transfer 300.000000 to Acc 1
User 0, Acc 3 Balance 997.000000, Deposit 653.000000 
User 1, Acc 4 Balance 791.000000, Withdraw 500.000000 
User 3, Acc 0 Balance 851.000000, Deposit 400.000000 
User 1, Acc 5 Balance 2246.000000, Withdraw 500.000000 
User 2, Acc 1 Balance 1781.000000, Transfer 1200.000000 to Acc 9
User 1, Acc 6 Balance 2660.000000, Withdraw 500.000000 
User 0, Acc 3 Balance 1350.000000, Transfer 1200.000000 to Acc 8
User 1, Acc 7 Balance 3917.000000, Withdraw 500.000000 
User 0, Acc 2 Balance 1629.000000, Deposit 659.000000 
User 2, Acc 0 Balance 1251.000000, Deposit 673.000000 
User 1, Acc 8 Balance 2919.000000, Withdraw 500.000000 
User 0, Acc 2 Balance 2288.000000, Transfer 1200.000000 to Acc 9
User 3, Acc 3 Balance 1350.000000, Withdraw 200.000000 
User 0, Acc 1 Balance 1181.000000, Deposit 661.000000 
User 0, Acc 1 Balance 1842.000000, Transfer 1200.000000 to Acc 9
User 1, Acc 9 Balance 2513.000000, Withdraw 500.000000 
User 2, Acc 0 Balance 1924.000000, Transfer 1200.000000 to Acc 9
Balance in 1: 1842.000000
User 2, Acc 1 Balance 642.000000, Withdraw 50.000000 
User 2, Acc 2 Balance 1088.000000, Withdraw 50.000000 
User 3, Acc 9 Balance 5613.000000, Deposit 617.000000 
User 3, Acc 9 Balance 6230.000000, Transfer 617.000000 to Acc 1
User 1, Acc 0 Balance 1924.000000, Withdraw 500.000000 
[22;32mUser 2, Acc 3 Balance -50.000000, 				Withdraw 50.000000 --insufficient funds[0m
User 0, Acc 0 Balance 1924.000000, Deposit 673.000000 
User 3, Acc 8 Balance 2419.000000, Deposit 619.000000 
User 0, Acc 1 Balance 1209.000000, Withdraw 50.000000 
User 3, Acc 8 Balance 3038.000000, Transfer 619.000000 to Acc 2
[22;32mUser 2, Acc 4 Balance -227.000000, 				Withdraw 50.000000 --insufficient funds[0m
User 1, Acc 1 Balance 1209.000000, Withdraw 500.000000 
User 0, Acc 2 Balance 1038.000000, Withdraw 50.000000 
User 3, Acc 7 Balance 3417.000000, Deposit 631.000000 
[22;32mUser 0, Acc 3 Balance -50.000000, 				Withdraw 50.000000 --insufficient funds[0m
[22;32mUser 0, Acc 4 Balance -227.000000, 				Withdraw 50.000000 --insufficient funds[0m
User 1, Acc 2 Balance 1657.000000, Withdraw 500.000000 
User 0, Acc 5 Balance 1746.000000, Withdraw 50.000000 
User 2, Acc 5 Balance 1746.000000, Withdraw 50.000000 
User 3, Acc 7 Balance 4048.000000, Transfer 631.000000 to Acc 3
User 2, Acc 6 Balance 2160.000000, Withdraw 50.000000 
User 2, Acc 7 Balance 3417.000000, Withdraw 50.000000 
User 0, Acc 6 Balance 2160.000000, Withdraw 50.000000 
User 3, Acc 6 Balance 2160.000000, Deposit 641.000000 
User 0, Acc 7 Balance 3367.000000, Withdraw 50.000000 
User 3, Acc 6 Balance 2701.000000, Transfer 641.000000 to Acc 4
User 2, Acc 8 Balance 2419.000000, Withdraw 50.000000 
[22;32mUser 1, Acc 3 Balance -50.000000, 				Withdraw 500.000000 --insufficient funds[0m
User 2, Acc 9 Balance 5613.000000, Withdraw 50.000000 
[22;32mUser 1, Acc 4 Balance 414.000000, 				Withdraw 500.000000 --insufficient funds[0m
User 0, Acc 8 Balance 2419.000000, Withdraw 50.000000 
User 1, Acc 5 Balance 1646.000000, Withdraw 500.000000 
User 3, Acc 5 Balance 1646.000000, Deposit 643.000000 
User 2, Acc 0 Balance 897.000000, Withdraw 50.000000 
User 3, Acc 5 Balance 1789.000000, Transfer 1200.000000 to Acc 6
User 1, Acc 6 Balance 2060.000000, Withdraw 500.000000 
User 1, Acc 7 Balance 3317.000000, Withdraw 500.000000 
User 1, Acc 8 Balance 2319.000000, Withdraw 500.000000 
User 1, Acc 9 Balance 5563.000000, Withdraw 500.000000 
User 1, Acc 0 Balance 847.000000, Withdraw 500.000000 
User 1, Acc 1 Balance 659.000000, Withdraw 500.000000 
User 1, Acc 2 Balance 1107.000000, Withdraw 500.000000 
User 1, Acc 3 Balance 581.000000, Withdraw 500.000000 
[22;32mUser 1, Acc 4 Balance 414.000000, 				Withdraw 500.000000 --insufficient funds[0m
User 1, Acc 5 Balance 589.000000, Withdraw 500.000000 
User 1, Acc 6 Balance 2760.000000, Withdraw 500.000000 
User 1, Acc 7 Balance 2817.000000, Withdraw 500.000000 
User 1, Acc 8 Balance 1819.000000, Withdraw 500.000000 
User 1, Acc 9 Balance 5063.000000, Withdraw 500.000000 
[22;32mUser 1, Acc 0 Balance 347.000000, 				Withdraw 500.000000 --insufficient funds[0m
User 1, Acc 0 Balance 347.000000, Deposit 400.000000 
User 0, Acc 9 Balance 5563.000000, Withdraw 50.000000 
User 2, Acc 0 Balance 847.000000, Deposit 400.000000 
User 0, Acc 0 Balance 747.000000, Withdraw 50.000000 
User 3, Acc 4 Balance 414.000000, Deposit 647.000000 
User 3, Acc 3 Balance 81.000000, Deposit 653.000000 
User 2, Acc 0 Balance 1147.000000, Withdraw 200.000000 
User 3, Acc 2 Balance 607.000000, Deposit 659.000000 
User 3, Acc 2 Balance 1266.000000, Transfer 1200.000000 to Acc 9
User 3, Acc 1 Balance 159.000000, Deposit 661.000000 
User 0, Acc 0 Balance 1097.000000, Deposit 400.000000 
User 0, Acc 0 Balance 1297.000000, Withdraw 200.000000 
User 1, Acc 0 Balance 747.000000, Withdraw 200.000000 
User 0, Acc 1 Balance 820.000000, Deposit 100.000000 
User 3, Acc 0 Balance 897.000000, Deposit 673.000000 
User 2, Acc 1 Balance 159.000000, Deposit 100.000000 
User 3, Acc 0 Balance 1570.000000, Transfer 1200.000000 to Acc 9
User 2, Acc 2 Balance 66.000000, Deposit 900.000000 
User 0, Acc 2 Balance 66.000000, Deposit 900.000000 
User 3, Acc 1 Balance 1020.000000, Withdraw 50.000000 
User 0, Acc 1 Balance 1020.000000, Withdraw 50.000000 
User 0, Acc 2 Balance 1866.000000, Withdraw 150.000000 
User 1, Acc 1 Balance 820.000000, Deposit 100.000000 
User 0, Acc 3 Balance 734.000000, Deposit 500.000000 
User 0, Acc 2 Balance 1716.000000, Transfer 300.000000 to Acc 1
User 1, Acc 2 Balance 1716.000000, Deposit 900.000000 
User 0, Acc 3 Balance 1234.000000, Transfer 300.000000 to Acc 1
User 1, Acc 1 Balance 1320.000000, Withdraw 50.000000 
User 3, Acc 2 Balance 1866.000000, Withdraw 50.000000 
User 1, Acc 2 Balance 2316.000000, Withdraw 150.000000 
User 3, Acc 3 Balance 934.000000, Withdraw 50.000000 
User 0, Acc 0 Balance 370.000000, Deposit 400.000000 
User 2, Acc 1 Balance 1020.000000, Withdraw 50.000000 
User 0, Acc 3 Balance 884.000000, Withdraw 200.000000 
User 2, Acc 2 Balance 2116.000000, Withdraw 150.000000 
User 3, Acc 4 Balance 1061.000000, Withdraw 50.000000 
User 3, Acc 5 Balance 89.000000, Withdraw 50.000000 
User 2, Acc 3 Balance 684.000000, Deposit 500.000000 
User 1, Acc 3 Balance 934.000000, Deposit 500.000000 
User 2, Acc 2 Balance 1966.000000, Transfer 300.000000 to Acc 1
Balance in 1: 1520.000000
User 3, Acc 6 Balance 2260.000000, Withdraw 50.000000 
User 0, Acc 1 Balance 1820.000000, Withdraw 500.000000 
User 0, Acc 2 Balance 1666.000000, Withdraw 500.000000 
User 2, Acc 3 Balance 1684.000000, Transfer 300.000000 to Acc 1
User 0, Acc 3 Balance 1684.000000, Withdraw 500.000000 
User 2, Acc 0 Balance 770.000000, Deposit 400.000000 
User 0, Acc 4 Balance 1011.000000, Withdraw 500.000000 
User 3, Acc 7 Balance 2317.000000, Withdraw 50.000000 
User 1, Acc 2 Balance 1966.000000, Transfer 300.000000 to Acc 1
User 3, Acc 8 Balance 1319.000000, Withdraw 50.000000 
User 1, Acc 3 Balance 884.000000, Transfer 300.000000 to Acc 1
[22;32mUser 0, Acc 5 Balance 39.000000, 				Withdraw 500.000000 --insufficient funds[0m
User 2, Acc 3 Balance 884.000000, Withdraw 200.000000 
Balance in 1: 2220.000000
User 0, Acc 6 Balance 2210.000000, Withdraw 500.000000 
User 2, Acc 1 Balance 2220.000000, Withdraw 500.000000 
User 0, Acc 7 Balance 2267.000000, Withdraw 500.000000 
User 1, Acc 0 Balance 1170.000000, Deposit 400.000000 
User 2, Acc 2 Balance 866.000000, Withdraw 500.000000 
User 0, Acc 8 Balance 1269.000000, Withdraw 500.000000 
[22;32mUser 2, Acc 3 Balance 384.000000, 				Withdraw 500.000000 --insufficient funds[0m
User 3, Acc 9 Balance 6913.000000, Withdraw 50.000000 
User 1, Acc 3 Balance 384.000000, Withdraw 200.000000 
User 3, Acc 0 Balance 1570.000000, Withdraw 50.000000 
User 0, Acc 9 Balance 6913.000000, Withdraw 500.000000 
User 2, Acc 4 Balance 511.000000, Withdraw 500.000000 
User 3, Acc 1 Balance 1720.000000, Withdraw 500.000000 
Balance in 1: 1720.000000
[22;32mUser 3, Acc 2 Balance 366.000000, 				Withdraw 500.000000 --insufficient funds[0m
User 0, Acc 0 Balance 1520.000000, Withdraw 500.000000 
User 0, Acc 1 Balance 1220.000000, Withdraw 500.000000 
[22;32mUser 3, Acc 3 Balance 184.000000, 				Withdraw 500.000000 --insufficient funds[0m
[22;32mUser 3, Acc 4 Balance 11.000000, 				Withdraw 500.000000 --insufficient funds[0m
[22;32mUser 3, Acc 5 Balance 39.000000, 				Withdraw 500.000000 --insufficient funds[0m
User 3, Acc 6 Balance 1710.000000, Withdraw 500.000000 
User 3, Acc 7 Balance 1767.000000, Withdraw 500.000000 
User 3, Acc 8 Balance 769.000000, Withdraw 500.000000 
User 3, Acc 9 Balance 6363.000000, Withdraw 500.000000 
User 3, Acc 0 Balance 1020.000000, Withdraw 500.000000 
User 3, Acc 1 Balance 720.000000, Withdraw 500.000000 
[22;32mUser 3, Acc 2 Balance 366.000000, 				Withdraw 500.000000 --insufficient funds[0m
[22;32mUser 3, Acc 3 Balance 184.000000, 				Withdraw 500.000000 --insufficient funds[0m
[22;32mUser 3, Acc 4 Balance 11.000000, 				Withdraw 500.000000 --insufficient funds[0m
[22;32mUser 3, Acc 5 Balance 39.000000, 				Withdraw 500.000000 --insufficient funds[0m
User 3, Acc 6 Balance 1210.000000, Withdraw 500.000000 
User 3, Acc 7 Balance 1267.000000, Withdraw 500.000000 
[22;32mUser 3, Acc 8 Balance 269.000000, 				Withdraw 500.000000 --insufficient funds[0m
User 3, Acc 9 Balance 5863.000000, Withdraw 500.000000 
User 3, Acc 0 Balance 520.000000, Withdraw 500.000000 
[22;32mUser 3, Acc 1 Balance 220.000000, 				Withdraw 500.000000 --insufficient funds[0m
[22;32mUser 3, Acc 2 Balance 366.000000, 				Withdraw 500.000000 --insufficient funds[0m
[22;32mUser 3, Acc 3 Balance 184.000000, 				Withdraw 500.000000 --insufficient funds[0m
[22;32mUser 3, Acc 4 Balance 11.000000, 				Withdraw 500.000000 --insufficient funds[0m
[22;32mUser 3, Acc 5 Balance 39.000000, 				Withdraw 500.000000 --insufficient funds[0m
[22;32mUser 2, Acc 5 Balance 39.000000, 				Withdraw 500.000000 --insufficient funds[0m
User 2, Acc 6 Balance 710.000000, Withdraw 500.000000 
User 3, Acc 6 Balance 710.000000, Withdraw 500.000000 
[22;32mUser 0, Acc 2 Balance 366.000000, 				Withdraw 500.000000 --insufficient funds[0m
User 2, Acc 7 Balance 767.000000, Withdraw 500.000000 
[22;32mUser 0, Acc 3 Balance 184.000000, 				Withdraw 500.000000 --insufficient funds[0m
[22;32mUser 0, Acc 4 Balance 11.000000, 				Withdraw 500.000000 --insufficient funds[0m
[22;32mUser 0, Acc 5 Balance 39.000000, 				Withdraw 500.000000 --insufficient funds[0m
[22;32mUser 0, Acc 6 Balance -290.000000, 				Withdraw 500.000000 --insufficient funds[0m
[22;32mUser 0, Acc 7 Balance 267.000000, 				Withdraw 500.000000 --insufficient funds[0m
[22;32mUser 0, Acc 8 Balance 269.000000, 				Withdraw 500.000000 --insufficient funds[0m
User 0, Acc 9 Balance 5363.000000, Withdraw 500.000000 
User 3, Acc 7 Balance 767.000000, Withdraw 500.000000 
[22;32mUser 3, Acc 8 Balance 269.000000, 				Withdraw 500.000000 --insufficient funds[0m
User 3, Acc 9 Balance 4863.000000, Withdraw 500.000000 
[22;32mUser 3, Acc 0 Balance 20.000000, 				Withdraw 500.000000 --insufficient funds[0m
[22;32mUser 0, Acc 0 Balance 20.000000, 				Withdraw 500.000000 --insufficient funds[0m
[22;32mUser 0, Acc 1 Balance 220.000000, 				Withdraw 500.000000 --insufficient funds[0m
[22;32mUser 0, Acc 2 Balance 366.000000, 				Withdraw 500.000000 --insufficient funds[0m
[22;32mUser 0, Acc 3 Balance 184.000000, 				Withdraw 500.000000 --insufficient funds[0m
[22;32mUser 0, Acc 4 Balance 11.000000, 				Withdraw 500.000000 --insufficient funds[0m
[22;32mUser 0, Acc 5 Balance 39.000000, 				Withdraw 500.000000 --insufficient funds[0m
[22;32mUser 2, Acc 8 Balance 269.000000, 				Withdraw 500.000000 --insufficient funds[0m
User 2, Acc 9 Balance 4363.000000, Withdraw 500.000000 
[22;32mUser 0, Acc 6 Balance -290.000000, 				Withdraw 500.000000 --insufficient funds[0m
[22;32mUser 0, Acc 7 Balance -233.000000, 				Withdraw 500.000000 --insufficient funds[0m
[22;32mUser 0, Acc 8 Balance 269.000000, 				Withdraw 500.000000 --insufficient funds[0m
User 0, Acc 9 Balance 3863.000000, Withdraw 500.000000 
[22;32mUser 2, Acc 0 Balance 20.000000, 				Withdraw 500.000000 --insufficient funds[0m
[22;32mUser 2, Acc 1 Balance 220.000000, 				Withdraw 500.000000 --insufficient funds[0m
[22;32mUser 2, Acc 2 Balance 366.000000, 				Withdraw 500.000000 --insufficient funds[0m
[22;32mUser 2, Acc 3 Balance 184.000000, 				Withdraw 500.000000 --insufficient funds[0m
[22;32mUser 2, Acc 4 Balance 11.000000, 				Withdraw 500.000000 --insufficient funds[0m
[22;32mUser 2, Acc 5 Balance 39.000000, 				Withdraw 500.000000 --insufficient funds[0m
[22;32mUser 2, Acc 6 Balance -290.000000, 				Withdraw 500.000000 --insufficient funds[0m
[22;32mUser 2, Acc 7 Balance -233.000000, 				Withdraw 500.000000 --insufficient funds[0m
[22;32mUser 2, Acc 8 Balance 269.000000, 				Withdraw 500.000000 --insufficient funds[0m
User 2, Acc 9 Balance 3363.000000, Withdraw 500.000000 
[22;32mUser 2, Acc 0 Balance 20.000000, 				Withdraw 500.000000 --insufficient funds[0m
[22;32mUser 2, Acc 1 Balance 220.000000, 				Withdraw 500.000000 --insufficient funds[0m
[22;32mUser 2, Acc 2 Balance 366.000000, 				Withdraw 500.000000 --insufficient funds[0m
[22;32mUser 2, Acc 3 Balance 184.000000, 				Withdraw 500.000000 --insufficient funds[0m
[22;32mUser 2, Acc 4 Balance 11.000000, 				Withdraw 500.000000 --insufficient funds[0m
[22;32mUser 2, Acc 5 Balance 39.000000, 				Withdraw 500.000000 --insufficient funds[0m
[22;32mUser 2, Acc 6 Balance -290.000000, 				Withdraw 500.000000 --insufficient funds[0m
[22;32mUser 2, Acc 7 Balance -233.000000, 				Withdraw 500.000000 --insufficient funds[0m
[22;32mUser 2, Acc 8 Balance 269.000000, 				Withdraw 500.000000 --insufficient funds[0m
User 2, Acc 9 Balance 2863.000000, Withdraw 500.000000 
[22;32mUser 2, Acc 0 Balance 20.000000, 				Withdraw 500.000000 --insufficient funds[0m
[22;32mUser 0, Acc 0 Balance 20.000000, 				Withdraw 500.000000 --insufficient funds[0m
  ***     End of transaction batch    ***  
Account 0 balance after completion of transaction batch: 20.000000
Account 1 balance after completion of transaction batch: 220.000000
Account 2 balance after completion of transaction batch: 366.000000
Account 3 balance after completion of transaction batch: 184.000000
Account 4 balance after completion of transaction batch: 11.000000
Account 5 balance after completion of transaction batch: 39.000000
Account 6 balance after completion of transaction batch: -290.000000
Account 7 balance after completion of transaction batch: -233.000000
Account 8 balance after completion of transaction batch: 269.000000
Account 9 balance after completion of transaction batch: 2363.000000
