# Output generated by:
# ./my_executable 4 data/transactions7.txt data/transactions8.txt data/transactions4.txt data/transactions10.txt

********************************************
   Reading and parsing a transaction file   
********************************************
Parsed transaction: deposit 7 9929.000000 
Loaded deposit transaction
Parsed transaction: deposit 4 937.000000 
Loaded deposit transaction
Parsed transaction: deposit 5 941.000000 
Loaded deposit transaction
Parsed transaction: deposit 0 7.000000 
Loaded deposit transaction
Parsed transaction: deposit 3 29.000000 
Loaded deposit transaction
Parsed transaction: deposit 7 9.000000 
Loaded deposit transaction
Parsed transaction: deposit 9 129.000000 
Loaded deposit transaction
Parsed transaction: transfer 3 7 29.000000 
Loaded transfer transaction
Parsed transaction: transfer 7 6 31.000000 
Loaded transfer transaction
Parsed transaction: transfer 7 5 137.000000 
Loaded transfer transaction
Parsed transaction: transfer 7 4 3.000000 
Loaded transfer transaction
Parsed transaction: transfer 7 4 5.000000 
Loaded transfer transaction
Parsed transaction: withdraw 4 1167.000000 
Loaded withdrawal transaction
Parsed transaction: withdraw 5 1307.000000 
Loaded withdrawal transaction
Parsed transaction: transfer 1 8 89.000000 
Loaded transfer transaction
Parsed transaction: transfer 1 9 163.000000 
Loaded transfer transaction
Parsed transaction: withdraw 1 41.000000 
Loaded withdrawal transaction
Parsed transaction: withdraw 2 71.000000 
Loaded withdrawal transaction
Parsed transaction: withdraw 3 1127.000000 
Loaded withdrawal transaction
Parsed transaction: withdraw 6 647.000000 
Loaded withdrawal transaction
Parsed transaction: deposit 6 1953.000000 
Loaded deposit transaction
Parsed transaction: deposit 7 967.000000 
Loaded deposit transaction
Parsed transaction: transfer 1 7 19.000000 
Loaded transfer transaction
Parsed transaction: transfer 2 7 23.000000 
Loaded transfer transaction
Parsed transaction: transfer 6 5 1167.000000 
Loaded transfer transaction
Parsed transaction: transfer 4 5 53.000000 
Loaded transfer transaction
Parsed transaction: withdraw 7 1593.000000 
Loaded withdrawal transaction
Parsed transaction: withdraw 8 449.000000 
Loaded withdrawal transaction
Parsed transaction: withdraw 9 163.000000 
Loaded withdrawal transaction
********************************************
********************************************
   Reading and parsing a transaction file   
********************************************
Parsed transaction: deposit 9 617.000000 
Loaded deposit transaction
Parsed transaction: transfer 9 1 617.000000 
Loaded transfer transaction
Parsed transaction: deposit 8 619.000000 
Loaded deposit transaction
Parsed transaction: transfer 8 2 619.000000 
Loaded transfer transaction
Parsed transaction: deposit 7 631.000000 
Loaded deposit transaction
Parsed transaction: transfer 7 3 631.000000 
Loaded transfer transaction
Parsed transaction: deposit 6 641.000000 
Loaded deposit transaction
Parsed transaction: transfer 6 4 641.000000 
Loaded transfer transaction
Parsed transaction: deposit 5 643.000000 
Loaded deposit transaction
Parsed transaction: transfer 5 6 1200.000000 
Loaded transfer transaction
Parsed transaction: deposit 4 647.000000 
Loaded deposit transaction
Parsed transaction: transfer 4 7 1200.000000 
Loaded transfer transaction
Parsed transaction: deposit 3 653.000000 
Loaded deposit transaction
Parsed transaction: transfer 3 8 1200.000000 
Loaded transfer transaction
Parsed transaction: deposit 2 659.000000 
Loaded deposit transaction
Parsed transaction: transfer 2 9 1200.000000 
Loaded transfer transaction
Parsed transaction: deposit 1 661.000000 
Loaded deposit transaction
Parsed transaction: transfer 1 9 1200.000000 
Loaded transfer transaction
Parsed transaction: deposit 0 673.000000 
Loaded deposit transaction
Parsed transaction: transfer 0 9 1200.000000 
Loaded transfer transaction
********************************************
********************************************
   Reading and parsing a transaction file   
********************************************
Parsed transaction: deposit 0 907.000000 
Loaded deposit transaction
Parsed transaction: deposit 1 911.000000 
Loaded deposit transaction
Parsed transaction: deposit 2 919.000000 
Loaded deposit transaction
Parsed transaction: deposit 3 929.000000 
Loaded deposit transaction
Parsed transaction: deposit 4 937.000000 
Loaded deposit transaction
Parsed transaction: deposit 5 941.000000 
Loaded deposit transaction
Parsed transaction: deposit 6 953.000000 
Loaded deposit transaction
Parsed transaction: deposit 7 967.000000 
Loaded deposit transaction
Parsed transaction: transfer 1 7 19.000000 
Loaded transfer transaction
Parsed transaction: transfer 2 7 23.000000 
Loaded transfer transaction
Parsed transaction: transfer 3 7 29.000000 
Loaded transfer transaction
Parsed transaction: transfer 7 6 31.000000 
Loaded transfer transaction
Parsed transaction: transfer 7 5 37.000000 
Loaded transfer transaction
Parsed transaction: transfer 7 4 3.000000 
Loaded transfer transaction
Parsed transaction: transfer 7 4 5.000000 
Loaded transfer transaction
Parsed transaction: transfer 6 5 67.000000 
Loaded transfer transaction
Parsed transaction: transfer 4 5 53.000000 
Loaded transfer transaction
Parsed transaction: transfer 1 8 89.000000 
Loaded transfer transaction
Parsed transaction: transfer 1 9 163.000000 
Loaded transfer transaction
Parsed transaction: withdraw 1 41.000000 
Loaded withdrawal transaction
Parsed transaction: withdraw 2 71.000000 
Loaded withdrawal transaction
Parsed transaction: withdraw 3 127.000000 
Loaded withdrawal transaction
Parsed transaction: withdraw 4 167.000000 
Loaded withdrawal transaction
Parsed transaction: withdraw 5 307.000000 
Loaded withdrawal transaction
Parsed transaction: withdraw 6 647.000000 
Loaded withdrawal transaction
Parsed transaction: withdraw 7 593.000000 
Loaded withdrawal transaction
Parsed transaction: withdraw 8 449.000000 
Loaded withdrawal transaction
Parsed transaction: withdraw 9 163.000000 
Loaded withdrawal transaction
********************************************
********************************************
   Reading and parsing a transaction file   
********************************************
Parsed transaction: withdraw 1 500.000000 
Loaded withdrawal transaction
Parsed transaction: withdraw 2 500.000000 
Loaded withdrawal transaction
Parsed transaction: withdraw 3 500.000000 
Loaded withdrawal transaction
Parsed transaction: withdraw 4 500.000000 
Loaded withdrawal transaction
Parsed transaction: withdraw 5 500.000000 
Loaded withdrawal transaction
Parsed transaction: withdraw 6 500.000000 
Loaded withdrawal transaction
Parsed transaction: withdraw 7 500.000000 
Loaded withdrawal transaction
Parsed transaction: withdraw 8 500.000000 
Loaded withdrawal transaction
Parsed transaction: withdraw 9 500.000000 
Loaded withdrawal transaction
Parsed transaction: withdraw 0 500.000000 
Loaded withdrawal transaction
Parsed transaction: withdraw 1 500.000000 
Loaded withdrawal transaction
Parsed transaction: withdraw 2 500.000000 
Loaded withdrawal transaction
Parsed transaction: withdraw 3 500.000000 
Loaded withdrawal transaction
Parsed transaction: withdraw 4 500.000000 
Loaded withdrawal transaction
Parsed transaction: withdraw 5 500.000000 
Loaded withdrawal transaction
Parsed transaction: withdraw 6 500.000000 
Loaded withdrawal transaction
Parsed transaction: withdraw 7 500.000000 
Loaded withdrawal transaction
Parsed transaction: withdraw 8 500.000000 
Loaded withdrawal transaction
Parsed transaction: withdraw 9 500.000000 
Loaded withdrawal transaction
Parsed transaction: withdraw 0 500.000000 
Loaded withdrawal transaction
Parsed transaction: withdraw 1 500.000000 
Loaded withdrawal transaction
Parsed transaction: withdraw 2 500.000000 
Loaded withdrawal transaction
Parsed transaction: withdraw 3 500.000000 
Loaded withdrawal transaction
Parsed transaction: withdraw 4 500.000000 
Loaded withdrawal transaction
Parsed transaction: withdraw 5 500.000000 
Loaded withdrawal transaction
Parsed transaction: withdraw 6 500.000000 
Loaded withdrawal transaction
Parsed transaction: withdraw 7 500.000000 
Loaded withdrawal transaction
Parsed transaction: withdraw 8 500.000000 
Loaded withdrawal transaction
Parsed transaction: withdraw 9 500.000000 
Loaded withdrawal transaction
Parsed transaction: withdraw 0 500.000000 
Loaded withdrawal transaction
********************************************
  ***    Start of transaction batch    ***  
User 0, Acc 7 Balance 0.000000, Deposit 9929.000000 
User 0, Acc 4 Balance 0.000000, Deposit 937.000000 
User 0, Acc 5 Balance 0.000000, Deposit 941.000000 
User 0, Acc 0 Balance 0.000000, Deposit 7.000000 
User 0, Acc 3 Balance 0.000000, Deposit 29.000000 
User 0, Acc 7 Balance 9929.000000, Deposit 9.000000 
User 0, Acc 9 Balance 0.000000, Deposit 129.000000 
User 0, Acc 3 Balance 29.000000, Transfer 29.000000 to Acc 7
User 0, Acc 7 Balance 9967.000000, Transfer 31.000000 to Acc 6
User 0, Acc 7 Balance 9936.000000, Transfer 137.000000 to Acc 5
User 0, Acc 7 Balance 9799.000000, Transfer 3.000000 to Acc 4
User 0, Acc 7 Balance 9796.000000, Transfer 5.000000 to Acc 4
[22;32mUser 0, Acc 4 Balance 945.000000, 				Withdraw 1167.000000 --insufficient funds[0m
[22;32mUser 0, Acc 5 Balance 1078.000000, 				Withdraw 1307.000000 --insufficient funds[0m
[22;32mUser 0, Acc 1 Balance 0.000000, 				Withdraw 41.000000 --insufficient funds[0m
[22;32mUser 0, Acc 2 Balance 0.000000, 				Withdraw 71.000000 --insufficient funds[0m
[22;32mUser 0, Acc 3 Balance 0.000000, 				Withdraw 1127.000000 --insufficient funds[0m
[22;32mUser 0, Acc 6 Balance 31.000000, 				Withdraw 647.000000 --insufficient funds[0m
User 0, Acc 6 Balance 31.000000, Deposit 1953.000000 
User 0, Acc 7 Balance 9791.000000, Deposit 967.000000 
User 0, Acc 6 Balance 1984.000000, Transfer 1167.000000 to Acc 5
User 0, Acc 4 Balance 945.000000, Transfer 53.000000 to Acc 5
User 0, Acc 7 Balance 10758.000000, Withdraw 1593.000000 
[22;32mUser 0, Acc 8 Balance 0.000000, 				Withdraw 449.000000 --insufficient funds[0m
[22;32mUser 0, Acc 9 Balance 129.000000, 				Withdraw 163.000000 --insufficient funds[0m
User 0, Acc 9 Balance 129.000000, Deposit 617.000000 
User 0, Acc 9 Balance 746.000000, Transfer 617.000000 to Acc 1
User 0, Acc 8 Balance 0.000000, Deposit 619.000000 
User 0, Acc 8 Balance 619.000000, Transfer 619.000000 to Acc 2
User 0, Acc 7 Balance 9165.000000, Deposit 631.000000 
User 0, Acc 7 Balance 9796.000000, Transfer 631.000000 to Acc 3
User 0, Acc 6 Balance 817.000000, Deposit 641.000000 
User 0, Acc 6 Balance 1458.000000, Transfer 641.000000 to Acc 4
User 1, Acc 7 Balance 9165.000000, Deposit 9929.000000 
User 2, Acc 0 Balance 7.000000, Deposit 907.000000 
User 2, Acc 1 Balance 617.000000, Deposit 911.000000 
User 2, Acc 2 Balance 619.000000, Deposit 919.000000 
User 2, Acc 3 Balance 631.000000, Deposit 929.000000 
User 2, Acc 4 Balance 1533.000000, Deposit 937.000000 
User 2, Acc 5 Balance 2298.000000, Deposit 941.000000 
User 2, Acc 6 Balance 817.000000, Deposit 953.000000 
User 2, Acc 7 Balance 19094.000000, Deposit 967.000000 
User 2, Acc 1 Balance 1528.000000, Transfer 19.000000 to Acc 7
User 2, Acc 2 Balance 1538.000000, Transfer 23.000000 to Acc 7
User 2, Acc 3 Balance 1560.000000, Transfer 29.000000 to Acc 7
User 3, Acc 1 Balance 617.000000, Withdraw 500.000000 
User 3, Acc 2 Balance 1515.000000, Withdraw 500.000000 
User 3, Acc 3 Balance 1531.000000, Withdraw 500.000000 
User 3, Acc 4 Balance 2470.000000, Withdraw 500.000000 
User 3, Acc 5 Balance 3239.000000, Withdraw 500.000000 
User 3, Acc 6 Balance 1770.000000, Withdraw 500.000000 
User 3, Acc 7 Balance 20132.000000, Withdraw 500.000000 
[22;32mUser 3, Acc 8 Balance 0.000000, 				Withdraw 500.000000 --insufficient funds[0m
[22;32mUser 3, Acc 9 Balance 129.000000, 				Withdraw 500.000000 --insufficient funds[0m
User 3, Acc 0 Balance 914.000000, Withdraw 500.000000 
User 3, Acc 1 Balance 1009.000000, Withdraw 500.000000 
User 3, Acc 2 Balance 1015.000000, Withdraw 500.000000 
User 3, Acc 3 Balance 1031.000000, Withdraw 500.000000 
User 3, Acc 4 Balance 1970.000000, Withdraw 500.000000 
User 3, Acc 5 Balance 2739.000000, Withdraw 500.000000 
User 3, Acc 6 Balance 1270.000000, Withdraw 500.000000 
User 3, Acc 7 Balance 19632.000000, Withdraw 500.000000 
[22;32mUser 3, Acc 8 Balance 0.000000, 				Withdraw 500.000000 --insufficient funds[0m
User 2, Acc 7 Balance 20132.000000, Transfer 31.000000 to Acc 6
User 2, Acc 7 Balance 19101.000000, Transfer 37.000000 to Acc 5
User 2, Acc 7 Balance 19064.000000, Transfer 3.000000 to Acc 4
User 1, Acc 4 Balance 1533.000000, Deposit 937.000000 
User 1, Acc 5 Balance 2276.000000, Deposit 941.000000 
User 1, Acc 0 Balance 414.000000, Deposit 7.000000 
User 1, Acc 3 Balance 531.000000, Deposit 29.000000 
User 1, Acc 7 Balance 19061.000000, Deposit 9.000000 
User 2, Acc 7 Balance 19061.000000, Transfer 5.000000 to Acc 4
User 2, Acc 6 Balance 801.000000, Transfer 67.000000 to Acc 5
User 2, Acc 4 Balance 2415.000000, Transfer 53.000000 to Acc 5
User 2, Acc 1 Balance 509.000000, Transfer 89.000000 to Acc 8
User 2, Acc 1 Balance 420.000000, Transfer 163.000000 to Acc 9
User 2, Acc 1 Balance 257.000000, Withdraw 41.000000 
User 2, Acc 2 Balance 515.000000, Withdraw 71.000000 
User 2, Acc 3 Balance 560.000000, Withdraw 127.000000 
User 2, Acc 4 Balance 2362.000000, Withdraw 167.000000 
User 2, Acc 5 Balance 3337.000000, Withdraw 307.000000 
User 2, Acc 6 Balance 734.000000, Withdraw 647.000000 
[22;32mUser 3, Acc 9 Balance 129.000000, 				Withdraw 500.000000 --insufficient funds[0m
[22;32mUser 3, Acc 0 Balance 421.000000, 				Withdraw 500.000000 --insufficient funds[0m
[22;32mUser 3, Acc 1 Balance 216.000000, 				Withdraw 500.000000 --insufficient funds[0m
[22;32mUser 3, Acc 2 Balance 444.000000, 				Withdraw 500.000000 --insufficient funds[0m
User 0, Acc 5 Balance 2298.000000, Deposit 643.000000 
User 0, Acc 5 Balance 3673.000000, Transfer 1200.000000 to Acc 6
User 0, Acc 4 Balance 2195.000000, Deposit 647.000000 
User 0, Acc 4 Balance 2842.000000, Transfer 1200.000000 to Acc 7
User 0, Acc 3 Balance 433.000000, Deposit 653.000000 
User 0, Acc 2 Balance 444.000000, Deposit 659.000000 
User 0, Acc 1 Balance 216.000000, Deposit 661.000000 
User 0, Acc 0 Balance 421.000000, Deposit 673.000000 
User 0, Acc 7 Balance 20265.000000, Deposit 9929.000000 
User 0, Acc 4 Balance 1642.000000, Deposit 937.000000 
User 0, Acc 5 Balance 2473.000000, Deposit 941.000000 
User 0, Acc 0 Balance 1094.000000, Deposit 7.000000 
User 0, Acc 3 Balance 1086.000000, Deposit 29.000000 
User 0, Acc 7 Balance 30194.000000, Deposit 9.000000 
User 0, Acc 9 Balance 292.000000, Deposit 129.000000 
User 0, Acc 3 Balance 1115.000000, Transfer 29.000000 to Acc 7
User 0, Acc 7 Balance 30232.000000, Transfer 31.000000 to Acc 6
User 0, Acc 7 Balance 30201.000000, Transfer 137.000000 to Acc 5
User 0, Acc 7 Balance 30064.000000, Transfer 3.000000 to Acc 4
User 0, Acc 7 Balance 30061.000000, Transfer 5.000000 to Acc 4
User 0, Acc 4 Balance 2587.000000, Withdraw 1167.000000 
User 0, Acc 5 Balance 3551.000000, Withdraw 1307.000000 
User 0, Acc 1 Balance 877.000000, Transfer 89.000000 to Acc 8
User 0, Acc 1 Balance 788.000000, Transfer 163.000000 to Acc 9
User 0, Acc 1 Balance 625.000000, Withdraw 41.000000 
User 0, Acc 2 Balance 1103.000000, Withdraw 71.000000 
[22;32mUser 0, Acc 3 Balance 1086.000000, 				Withdraw 1127.000000 --insufficient funds[0m
User 2, Acc 7 Balance 19065.000000, Withdraw 593.000000 
[22;32mUser 2, Acc 8 Balance 178.000000, 				Withdraw 449.000000 --insufficient funds[0m
User 2, Acc 9 Balance 584.000000, Withdraw 163.000000 
User 2, Acc 7 Balance 29463.000000, Deposit 9929.000000 
User 2, Acc 4 Balance 1420.000000, Deposit 937.000000 
User 2, Acc 5 Balance 2244.000000, Deposit 941.000000 
User 2, Acc 0 Balance 1101.000000, Deposit 7.000000 
User 2, Acc 3 Balance 1086.000000, Deposit 29.000000 
User 2, Acc 7 Balance 39392.000000, Deposit 9.000000 
User 2, Acc 9 Balance 421.000000, Deposit 129.000000 
User 2, Acc 3 Balance 1115.000000, Transfer 29.000000 to Acc 7
User 2, Acc 7 Balance 39430.000000, Transfer 31.000000 to Acc 6
User 2, Acc 7 Balance 39399.000000, Transfer 137.000000 to Acc 5
User 2, Acc 7 Balance 39262.000000, Transfer 3.000000 to Acc 4
User 2, Acc 7 Balance 39259.000000, Transfer 5.000000 to Acc 4
User 2, Acc 4 Balance 2365.000000, Withdraw 1167.000000 
User 2, Acc 5 Balance 3322.000000, Withdraw 1307.000000 
User 2, Acc 1 Balance 584.000000, Transfer 89.000000 to Acc 8
User 2, Acc 1 Balance 495.000000, Transfer 163.000000 to Acc 9
User 2, Acc 1 Balance 332.000000, Withdraw 41.000000 
User 2, Acc 2 Balance 1032.000000, Withdraw 71.000000 
[22;32mUser 2, Acc 3 Balance 1086.000000, 				Withdraw 1127.000000 --insufficient funds[0m
[22;32mUser 3, Acc 3 Balance 433.000000, 				Withdraw 500.000000 --insufficient funds[0m
User 2, Acc 6 Balance 1349.000000, Withdraw 647.000000 
User 2, Acc 6 Balance 702.000000, Deposit 1953.000000 
User 2, Acc 7 Balance 39254.000000, Deposit 967.000000 
User 2, Acc 1 Balance 291.000000, Transfer 19.000000 to Acc 7
User 2, Acc 2 Balance 961.000000, Transfer 23.000000 to Acc 7
User 2, Acc 6 Balance 2655.000000, Transfer 1167.000000 to Acc 5
User 2, Acc 4 Balance 1198.000000, Transfer 53.000000 to Acc 5
User 2, Acc 7 Balance 40263.000000, Withdraw 1593.000000 
[22;32mUser 2, Acc 8 Balance 267.000000, 				Withdraw 449.000000 --insufficient funds[0m
User 2, Acc 9 Balance 713.000000, Withdraw 163.000000 
User 2, Acc 9 Balance 550.000000, Deposit 617.000000 
User 3, Acc 4 Balance 1198.000000, Withdraw 500.000000 
User 1, Acc 9 Balance 129.000000, Deposit 129.000000 
User 1, Acc 3 Balance 1086.000000, Transfer 29.000000 to Acc 7
User 1, Acc 7 Balance 38699.000000, Transfer 31.000000 to Acc 6
User 1, Acc 7 Balance 38668.000000, Transfer 137.000000 to Acc 5
User 1, Acc 7 Balance 38531.000000, Transfer 3.000000 to Acc 4
User 1, Acc 7 Balance 38528.000000, Transfer 5.000000 to Acc 4
[22;32mUser 1, Acc 4 Balance 653.000000, 				Withdraw 1167.000000 --insufficient funds[0m
User 1, Acc 5 Balance 3372.000000, Withdraw 1307.000000 
User 1, Acc 1 Balance 272.000000, Transfer 89.000000 to Acc 8
User 0, Acc 6 Balance 1318.000000, Withdraw 647.000000 
User 2, Acc 9 Balance 1167.000000, Transfer 617.000000 to Acc 1
User 0, Acc 6 Balance 872.000000, Deposit 1953.000000 
User 1, Acc 1 Balance 183.000000, Transfer 163.000000 to Acc 9
User 1, Acc 1 Balance 637.000000, Withdraw 41.000000 
User 1, Acc 2 Balance 938.000000, Withdraw 71.000000 
[22;32mUser 1, Acc 3 Balance 1057.000000, 				Withdraw 1127.000000 --insufficient funds[0m
User 1, Acc 6 Balance 2825.000000, Withdraw 647.000000 
User 1, Acc 6 Balance 2178.000000, Deposit 1953.000000 
User 1, Acc 7 Balance 38523.000000, Deposit 967.000000 
User 1, Acc 1 Balance 596.000000, Transfer 19.000000 to Acc 7
User 1, Acc 2 Balance 867.000000, Transfer 23.000000 to Acc 7
User 1, Acc 6 Balance 4131.000000, Transfer 1167.000000 to Acc 5
User 1, Acc 4 Balance 653.000000, Transfer 53.000000 to Acc 5
User 1, Acc 7 Balance 39532.000000, Withdraw 1593.000000 
[22;32mUser 1, Acc 8 Balance 356.000000, 				Withdraw 449.000000 --insufficient funds[0m
User 1, Acc 9 Balance 842.000000, Withdraw 163.000000 
User 0, Acc 7 Balance 38523.000000, Deposit 967.000000 
User 2, Acc 8 Balance 356.000000, Deposit 619.000000 
User 0, Acc 1 Balance 577.000000, Transfer 19.000000 to Acc 7
User 3, Acc 5 Balance 3235.000000, Withdraw 500.000000 
User 3, Acc 6 Balance 2964.000000, Withdraw 500.000000 
User 3, Acc 7 Balance 38925.000000, Withdraw 500.000000 
User 3, Acc 8 Balance 975.000000, Withdraw 500.000000 
User 3, Acc 9 Balance 679.000000, Withdraw 500.000000 
User 3, Acc 0 Balance 1108.000000, Withdraw 500.000000 
User 3, Acc 9 Balance 179.000000, Deposit 617.000000 
User 3, Acc 9 Balance 796.000000, Transfer 617.000000 to Acc 1
User 3, Acc 8 Balance 475.000000, Deposit 619.000000 
User 3, Acc 8 Balance 1094.000000, Transfer 619.000000 to Acc 2
User 3, Acc 7 Balance 38425.000000, Deposit 631.000000 
User 3, Acc 7 Balance 39056.000000, Transfer 631.000000 to Acc 3
User 3, Acc 6 Balance 2464.000000, Deposit 641.000000 
User 3, Acc 6 Balance 3105.000000, Transfer 641.000000 to Acc 4
User 3, Acc 5 Balance 2785.000000, Deposit 643.000000 
User 3, Acc 5 Balance 3428.000000, Transfer 1200.000000 to Acc 6
User 3, Acc 4 Balance 1241.000000, Deposit 647.000000 
User 3, Acc 4 Balance 1888.000000, Transfer 1200.000000 to Acc 7
User 3, Acc 3 Balance 1688.000000, Deposit 653.000000 
User 0, Acc 2 Balance 844.000000, Transfer 23.000000 to Acc 7
User 0, Acc 6 Balance 3664.000000, Transfer 1167.000000 to Acc 5
User 1, Acc 9 Balance 679.000000, Deposit 617.000000 
User 3, Acc 3 Balance 2341.000000, Transfer 1200.000000 to Acc 8
User 1, Acc 9 Balance 796.000000, Transfer 617.000000 to Acc 1
User 3, Acc 2 Balance 1440.000000, Deposit 659.000000 
User 3, Acc 2 Balance 2099.000000, Transfer 1200.000000 to Acc 9
User 3, Acc 1 Balance 1792.000000, Deposit 661.000000 
User 3, Acc 1 Balance 2453.000000, Transfer 1200.000000 to Acc 9
User 3, Acc 0 Balance 608.000000, Deposit 673.000000 
User 3, Acc 0 Balance 1281.000000, Transfer 1200.000000 to Acc 9
User 2, Acc 8 Balance 975.000000, Transfer 619.000000 to Acc 2
User 2, Acc 7 Balance 39648.000000, Deposit 631.000000 
User 2, Acc 7 Balance 40279.000000, Transfer 631.000000 to Acc 3
User 2, Acc 6 Balance 2497.000000, Deposit 641.000000 
User 2, Acc 6 Balance 3138.000000, Transfer 641.000000 to Acc 4
User 2, Acc 5 Balance 3395.000000, Deposit 643.000000 
User 0, Acc 4 Balance 688.000000, Transfer 53.000000 to Acc 5
User 0, Acc 7 Balance 39648.000000, Withdraw 1593.000000 
User 3, Acc 0 Balance 81.000000, Deposit 907.000000 
User 0, Acc 8 Balance 1056.000000, Withdraw 449.000000 
User 0, Acc 9 Balance 3779.000000, Withdraw 163.000000 
User 3, Acc 1 Balance 1253.000000, Deposit 911.000000 
User 3, Acc 2 Balance 1518.000000, Deposit 919.000000 
User 3, Acc 3 Balance 1772.000000, Deposit 929.000000 
User 3, Acc 4 Balance 1276.000000, Deposit 937.000000 
User 3, Acc 5 Balance 4091.000000, Deposit 941.000000 
User 3, Acc 6 Balance 2497.000000, Deposit 953.000000 
User 3, Acc 7 Balance 38055.000000, Deposit 967.000000 
User 3, Acc 1 Balance 2164.000000, Transfer 19.000000 to Acc 7
User 3, Acc 2 Balance 2437.000000, Transfer 23.000000 to Acc 7
User 3, Acc 3 Balance 2701.000000, Transfer 29.000000 to Acc 7
User 3, Acc 7 Balance 39093.000000, Transfer 31.000000 to Acc 6
User 3, Acc 7 Balance 39062.000000, Transfer 37.000000 to Acc 5
User 3, Acc 7 Balance 39025.000000, Transfer 3.000000 to Acc 4
User 3, Acc 7 Balance 39022.000000, Transfer 5.000000 to Acc 4
User 3, Acc 6 Balance 3481.000000, Transfer 67.000000 to Acc 5
User 3, Acc 4 Balance 2221.000000, Transfer 53.000000 to Acc 5
User 3, Acc 1 Balance 2145.000000, Transfer 89.000000 to Acc 8
User 3, Acc 1 Balance 2056.000000, Transfer 163.000000 to Acc 9
User 3, Acc 1 Balance 1893.000000, Withdraw 41.000000 
User 3, Acc 2 Balance 2414.000000, Withdraw 71.000000 
User 3, Acc 3 Balance 2672.000000, Withdraw 127.000000 
User 3, Acc 4 Balance 2168.000000, Withdraw 167.000000 
User 3, Acc 5 Balance 5189.000000, Withdraw 307.000000 
User 3, Acc 6 Balance 3414.000000, Withdraw 647.000000 
User 3, Acc 7 Balance 39017.000000, Withdraw 593.000000 
User 3, Acc 8 Balance 696.000000, Withdraw 449.000000 
User 3, Acc 9 Balance 3779.000000, Withdraw 163.000000 
User 3, Acc 0 Balance 988.000000, Deposit 907.000000 
User 3, Acc 1 Balance 1852.000000, Deposit 911.000000 
User 3, Acc 2 Balance 2343.000000, Deposit 919.000000 
User 3, Acc 3 Balance 2545.000000, Deposit 929.000000 
User 3, Acc 4 Balance 2001.000000, Deposit 937.000000 
User 3, Acc 5 Balance 4882.000000, Deposit 941.000000 
User 3, Acc 6 Balance 2767.000000, Deposit 953.000000 
User 3, Acc 7 Balance 38424.000000, Deposit 967.000000 
User 3, Acc 1 Balance 2763.000000, Transfer 19.000000 to Acc 7
User 3, Acc 2 Balance 3262.000000, Transfer 23.000000 to Acc 7
User 3, Acc 3 Balance 3474.000000, Transfer 29.000000 to Acc 7
User 3, Acc 7 Balance 39462.000000, Transfer 31.000000 to Acc 6
User 3, Acc 7 Balance 39431.000000, Transfer 37.000000 to Acc 5
User 3, Acc 7 Balance 39394.000000, Transfer 3.000000 to Acc 4
User 3, Acc 7 Balance 39391.000000, Transfer 5.000000 to Acc 4
User 3, Acc 6 Balance 3751.000000, Transfer 67.000000 to Acc 5
User 3, Acc 4 Balance 2946.000000, Transfer 53.000000 to Acc 5
User 3, Acc 1 Balance 2744.000000, Transfer 89.000000 to Acc 8
User 3, Acc 1 Balance 2655.000000, Transfer 163.000000 to Acc 9
User 3, Acc 1 Balance 2492.000000, Withdraw 41.000000 
User 3, Acc 2 Balance 3239.000000, Withdraw 71.000000 
User 3, Acc 3 Balance 3445.000000, Withdraw 127.000000 
User 3, Acc 4 Balance 2893.000000, Withdraw 167.000000 
User 3, Acc 5 Balance 5980.000000, Withdraw 307.000000 
User 3, Acc 6 Balance 3684.000000, Withdraw 647.000000 
User 3, Acc 7 Balance 39386.000000, Withdraw 593.000000 
[22;32mUser 3, Acc 8 Balance 336.000000, 				Withdraw 449.000000 --insufficient funds[0m
User 3, Acc 9 Balance 3779.000000, Withdraw 163.000000 
User 1, Acc 8 Balance 1675.000000, Deposit 619.000000 
User 0, Acc 0 Balance 988.000000, Deposit 907.000000 
User 1, Acc 8 Balance 955.000000, Transfer 619.000000 to Acc 2
User 2, Acc 5 Balance 4038.000000, Transfer 1200.000000 to Acc 6
User 3, Acc 1 Balance 2451.000000, Withdraw 500.000000 
User 2, Acc 4 Balance 2726.000000, Deposit 647.000000 
User 2, Acc 4 Balance 3373.000000, Transfer 1200.000000 to Acc 7
User 0, Acc 1 Balance 2451.000000, Deposit 911.000000 
User 3, Acc 2 Balance 3787.000000, Withdraw 500.000000 
User 0, Acc 2 Balance 3787.000000, Deposit 919.000000 
User 3, Acc 3 Balance 3318.000000, Withdraw 500.000000 
User 2, Acc 3 Balance 3318.000000, Deposit 653.000000 
User 2, Acc 3 Balance 3471.000000, Transfer 1200.000000 to Acc 8
User 0, Acc 3 Balance 3318.000000, Deposit 929.000000 
User 0, Acc 4 Balance 2173.000000, Deposit 937.000000 
User 0, Acc 5 Balance 4473.000000, Deposit 941.000000 
User 0, Acc 6 Balance 4237.000000, Deposit 953.000000 
User 0, Acc 7 Balance 39993.000000, Deposit 967.000000 
User 0, Acc 1 Balance 2862.000000, Transfer 19.000000 to Acc 7
User 0, Acc 2 Balance 4206.000000, Transfer 23.000000 to Acc 7
User 0, Acc 3 Balance 3200.000000, Transfer 29.000000 to Acc 7
User 0, Acc 7 Balance 41031.000000, Transfer 31.000000 to Acc 6
User 0, Acc 7 Balance 41000.000000, Transfer 37.000000 to Acc 5
User 2, Acc 2 Balance 4206.000000, Deposit 659.000000 
User 0, Acc 7 Balance 40963.000000, Transfer 3.000000 to Acc 4
User 2, Acc 2 Balance 4842.000000, Transfer 1200.000000 to Acc 9
User 1, Acc 7 Balance 38793.000000, Deposit 631.000000 
User 0, Acc 7 Balance 40960.000000, Transfer 5.000000 to Acc 4
User 1, Acc 7 Balance 41591.000000, Transfer 631.000000 to Acc 3
User 0, Acc 6 Balance 5221.000000, Transfer 67.000000 to Acc 5
User 0, Acc 4 Balance 3118.000000, Transfer 53.000000 to Acc 5
User 0, Acc 1 Balance 2843.000000, Transfer 89.000000 to Acc 8
User 0, Acc 1 Balance 2754.000000, Transfer 163.000000 to Acc 9
User 0, Acc 1 Balance 2591.000000, Withdraw 41.000000 
User 0, Acc 2 Balance 3642.000000, Withdraw 71.000000 
User 0, Acc 3 Balance 3802.000000, Withdraw 127.000000 
User 0, Acc 4 Balance 3065.000000, Withdraw 167.000000 
User 0, Acc 5 Balance 5571.000000, Withdraw 307.000000 
User 0, Acc 6 Balance 5154.000000, Withdraw 647.000000 
User 0, Acc 7 Balance 40955.000000, Withdraw 593.000000 
User 0, Acc 8 Balance 1625.000000, Withdraw 449.000000 
User 0, Acc 9 Balance 4979.000000, Withdraw 163.000000 
User 0, Acc 1 Balance 2550.000000, Withdraw 500.000000 
User 0, Acc 2 Balance 3571.000000, Withdraw 500.000000 
User 0, Acc 3 Balance 3675.000000, Withdraw 500.000000 
User 0, Acc 4 Balance 2898.000000, Withdraw 500.000000 
User 0, Acc 5 Balance 5264.000000, Withdraw 500.000000 
User 0, Acc 6 Balance 4507.000000, Withdraw 500.000000 
User 0, Acc 7 Balance 40362.000000, Withdraw 500.000000 
User 0, Acc 8 Balance 1176.000000, Withdraw 500.000000 
User 0, Acc 9 Balance 4816.000000, Withdraw 500.000000 
User 0, Acc 0 Balance 2802.000000, Withdraw 500.000000 
User 0, Acc 1 Balance 2050.000000, Withdraw 500.000000 
User 0, Acc 2 Balance 3071.000000, Withdraw 500.000000 
User 0, Acc 3 Balance 3175.000000, Withdraw 500.000000 
User 0, Acc 4 Balance 2398.000000, Withdraw 500.000000 
User 0, Acc 5 Balance 4764.000000, Withdraw 500.000000 
User 0, Acc 6 Balance 4007.000000, Withdraw 500.000000 
User 0, Acc 7 Balance 39862.000000, Withdraw 500.000000 
User 0, Acc 8 Balance 676.000000, Withdraw 500.000000 
User 0, Acc 9 Balance 4316.000000, Withdraw 500.000000 
User 0, Acc 0 Balance 2302.000000, Withdraw 500.000000 
User 0, Acc 1 Balance 1550.000000, Withdraw 500.000000 
User 0, Acc 2 Balance 2571.000000, Withdraw 500.000000 
User 0, Acc 3 Balance 2675.000000, Withdraw 500.000000 
User 0, Acc 4 Balance 1898.000000, Withdraw 500.000000 
User 0, Acc 5 Balance 4264.000000, Withdraw 500.000000 
User 0, Acc 6 Balance 3507.000000, Withdraw 500.000000 
User 0, Acc 7 Balance 39362.000000, Withdraw 500.000000 
[22;32mUser 0, Acc 8 Balance 176.000000, 				Withdraw 500.000000 --insufficient funds[0m
User 0, Acc 9 Balance 3816.000000, Withdraw 500.000000 
User 0, Acc 0 Balance 1802.000000, Withdraw 500.000000 
User 0, Acc 1 Balance 1050.000000, Withdraw 500.000000 
User 0, Acc 2 Balance 2071.000000, Withdraw 500.000000 
User 0, Acc 3 Balance 2175.000000, Withdraw 500.000000 
User 0, Acc 4 Balance 1398.000000, Withdraw 500.000000 
User 0, Acc 5 Balance 3764.000000, Withdraw 500.000000 
User 0, Acc 6 Balance 3007.000000, Withdraw 500.000000 
User 0, Acc 7 Balance 38862.000000, Withdraw 500.000000 
[22;32mUser 0, Acc 8 Balance 176.000000, 				Withdraw 500.000000 --insufficient funds[0m
User 0, Acc 9 Balance 3316.000000, Withdraw 500.000000 
User 0, Acc 0 Balance 1302.000000, Withdraw 500.000000 
User 0, Acc 1 Balance 550.000000, Withdraw 500.000000 
User 0, Acc 2 Balance 1571.000000, Withdraw 500.000000 
User 0, Acc 3 Balance 1675.000000, Withdraw 500.000000 
User 0, Acc 4 Balance 898.000000, Withdraw 500.000000 
User 0, Acc 5 Balance 3264.000000, Withdraw 500.000000 
User 0, Acc 6 Balance 2507.000000, Withdraw 500.000000 
User 0, Acc 7 Balance 38362.000000, Withdraw 500.000000 
[22;32mUser 0, Acc 8 Balance 176.000000, 				Withdraw 500.000000 --insufficient funds[0m
User 0, Acc 9 Balance 2816.000000, Withdraw 500.000000 
User 0, Acc 0 Balance 802.000000, Withdraw 500.000000 
[22;32mUser 0, Acc 1 Balance 50.000000, 				Withdraw 500.000000 --insufficient funds[0m
User 0, Acc 2 Balance 1071.000000, Withdraw 500.000000 
User 1, Acc 6 Balance 5221.000000, Deposit 641.000000 
User 1, Acc 6 Balance 2648.000000, Transfer 641.000000 to Acc 4
User 2, Acc 1 Balance 2843.000000, Deposit 661.000000 
User 1, Acc 5 Balance 2764.000000, Deposit 643.000000 
User 0, Acc 3 Balance 1175.000000, Withdraw 500.000000 
User 3, Acc 4 Balance 2173.000000, Withdraw 500.000000 
User 1, Acc 5 Balance 3407.000000, Transfer 1200.000000 to Acc 6
User 3, Acc 5 Balance 3407.000000, Withdraw 500.000000 
User 1, Acc 4 Balance 539.000000, Deposit 647.000000 
User 2, Acc 0 Balance 302.000000, Deposit 673.000000 
User 3, Acc 6 Balance 3207.000000, Withdraw 500.000000 
User 1, Acc 3 Balance 675.000000, Deposit 653.000000 
User 3, Acc 7 Balance 37862.000000, Withdraw 500.000000 
User 0, Acc 4 Balance 1039.000000, Withdraw 500.000000 
User 0, Acc 5 Balance 1707.000000, Withdraw 500.000000 
User 0, Acc 6 Balance 2707.000000, Withdraw 500.000000 
User 0, Acc 7 Balance 37362.000000, Withdraw 500.000000 
[22;32mUser 0, Acc 8 Balance 176.000000, 				Withdraw 500.000000 --insufficient funds[0m
User 0, Acc 9 Balance 2316.000000, Withdraw 500.000000 
User 0, Acc 0 Balance 975.000000, Withdraw 500.000000 
User 1, Acc 3 Balance 1328.000000, Transfer 1200.000000 to Acc 8
User 1, Acc 2 Balance 571.000000, Deposit 659.000000 
User 1, Acc 2 Balance 1230.000000, Transfer 1200.000000 to Acc 9
User 1, Acc 1 Balance 711.000000, Deposit 661.000000 
User 1, Acc 1 Balance 1372.000000, Transfer 1200.000000 to Acc 9
User 1, Acc 0 Balance 475.000000, Deposit 673.000000 
[22;32mUser 3, Acc 8 Balance 176.000000, 				Withdraw 500.000000 --insufficient funds[0m
User 3, Acc 9 Balance 4216.000000, Withdraw 500.000000 
User 3, Acc 0 Balance 1148.000000, Withdraw 500.000000 
[22;32mUser 3, Acc 1 Balance 172.000000, 				Withdraw 500.000000 --insufficient funds[0m
[22;32mUser 3, Acc 2 Balance 30.000000, 				Withdraw 500.000000 --insufficient funds[0m
[22;32mUser 3, Acc 3 Balance 128.000000, 				Withdraw 500.000000 --insufficient funds[0m
User 3, Acc 4 Balance 686.000000, Withdraw 500.000000 
User 3, Acc 5 Balance 1207.000000, Withdraw 500.000000 
User 3, Acc 6 Balance 2207.000000, Withdraw 500.000000 
User 3, Acc 7 Balance 36862.000000, Withdraw 500.000000 
User 3, Acc 8 Balance 1376.000000, Withdraw 500.000000 
User 3, Acc 9 Balance 3716.000000, Withdraw 500.000000 
User 3, Acc 0 Balance 648.000000, Withdraw 500.000000 
[22;32mUser 3, Acc 1 Balance 172.000000, 				Withdraw 500.000000 --insufficient funds[0m
[22;32mUser 3, Acc 2 Balance 30.000000, 				Withdraw 500.000000 --insufficient funds[0m
[22;32mUser 3, Acc 3 Balance 128.000000, 				Withdraw 500.000000 --insufficient funds[0m
[22;32mUser 3, Acc 4 Balance 186.000000, 				Withdraw 500.000000 --insufficient funds[0m
User 3, Acc 5 Balance 707.000000, Withdraw 500.000000 
User 3, Acc 6 Balance 1707.000000, Withdraw 500.000000 
User 3, Acc 7 Balance 36362.000000, Withdraw 500.000000 
User 3, Acc 8 Balance 876.000000, Withdraw 500.000000 
User 3, Acc 9 Balance 3216.000000, Withdraw 500.000000 
[22;32mUser 3, Acc 0 Balance 148.000000, 				Withdraw 500.000000 --insufficient funds[0m
  ***     End of transaction batch    ***  
Account 0 balance after completion of transaction batch: 148.000000
Account 1 balance after completion of transaction batch: 172.000000
Account 2 balance after completion of transaction batch: 30.000000
Account 3 balance after completion of transaction batch: 128.000000
Account 4 balance after completion of transaction batch: 186.000000
Account 5 balance after completion of transaction batch: 207.000000
Account 6 balance after completion of transaction batch: 1207.000000
Account 7 balance after completion of transaction batch: 35862.000000
Account 8 balance after completion of transaction batch: 376.000000
Account 9 balance after completion of transaction batch: 2716.000000
