# Output generated by:
# ./my_executable 4 data/transactions7.txt data/transactions2.txt data/transactions4.txt data/transactions1.txt

********************************************
   Reading and parsing a transaction file   
********************************************
Parsed transaction: deposit 7 9929.000000 
Loaded deposit transaction
Parsed transaction: deposit 4 937.000000 
Loaded deposit transaction
Parsed transaction: deposit 5 941.000000 
Loaded deposit transaction
Parsed transaction: deposit 0 7.000000 
Loaded deposit transaction
Parsed transaction: deposit 3 29.000000 
Loaded deposit transaction
Parsed transaction: deposit 7 9.000000 
Loaded deposit transaction
Parsed transaction: deposit 9 129.000000 
Loaded deposit transaction
Parsed transaction: transfer 3 7 29.000000 
Loaded transfer transaction
Parsed transaction: transfer 7 6 31.000000 
Loaded transfer transaction
Parsed transaction: transfer 7 5 137.000000 
Loaded transfer transaction
Parsed transaction: transfer 7 4 3.000000 
Loaded transfer transaction
Parsed transaction: transfer 7 4 5.000000 
Loaded transfer transaction
Parsed transaction: withdraw 4 1167.000000 
Loaded withdrawal transaction
Parsed transaction: withdraw 5 1307.000000 
Loaded withdrawal transaction
Parsed transaction: transfer 1 8 89.000000 
Loaded transfer transaction
Parsed transaction: transfer 1 9 163.000000 
Loaded transfer transaction
Parsed transaction: withdraw 1 41.000000 
Loaded withdrawal transaction
Parsed transaction: withdraw 2 71.000000 
Loaded withdrawal transaction
Parsed transaction: withdraw 3 1127.000000 
Loaded withdrawal transaction
Parsed transaction: withdraw 6 647.000000 
Loaded withdrawal transaction
Parsed transaction: deposit 6 1953.000000 
Loaded deposit transaction
Parsed transaction: deposit 7 967.000000 
Loaded deposit transaction
Parsed transaction: transfer 1 7 19.000000 
Loaded transfer transaction
Parsed transaction: transfer 2 7 23.000000 
Loaded transfer transaction
Parsed transaction: transfer 6 5 1167.000000 
Loaded transfer transaction
Parsed transaction: transfer 4 5 53.000000 
Loaded transfer transaction
Parsed transaction: withdraw 7 1593.000000 
Loaded withdrawal transaction
Parsed transaction: withdraw 8 449.000000 
Loaded withdrawal transaction
Parsed transaction: withdraw 9 163.000000 
Loaded withdrawal transaction
********************************************
********************************************
   Reading and parsing a transaction file   
********************************************
Parsed transaction: deposit 0 400.000000 
Loaded deposit transaction
Parsed transaction: withdraw 0 200.000000 
Loaded withdrawal transaction
Parsed transaction: deposit 0 100.000000 
Loaded deposit transaction
Parsed transaction: withdraw 0 50.000000 
Loaded withdrawal transaction
Parsed transaction: withdraw 0 150.000000 
Loaded withdrawal transaction
Parsed transaction: deposit 0 300.000000 
Loaded deposit transaction
Parsed transaction: transfer 0 1 300.000000 
Loaded transfer transaction
Parsed transaction: balance 1 
Loaded balance transaction
********************************************
********************************************
   Reading and parsing a transaction file   
********************************************
Parsed transaction: deposit 0 907.000000 
Loaded deposit transaction
Parsed transaction: deposit 1 911.000000 
Loaded deposit transaction
Parsed transaction: deposit 2 919.000000 
Loaded deposit transaction
Parsed transaction: deposit 3 929.000000 
Loaded deposit transaction
Parsed transaction: deposit 4 937.000000 
Loaded deposit transaction
Parsed transaction: deposit 5 941.000000 
Loaded deposit transaction
Parsed transaction: deposit 6 953.000000 
Loaded deposit transaction
Parsed transaction: deposit 7 967.000000 
Loaded deposit transaction
Parsed transaction: transfer 1 7 19.000000 
Loaded transfer transaction
Parsed transaction: transfer 2 7 23.000000 
Loaded transfer transaction
Parsed transaction: transfer 3 7 29.000000 
Loaded transfer transaction
Parsed transaction: transfer 7 6 31.000000 
Loaded transfer transaction
Parsed transaction: transfer 7 5 37.000000 
Loaded transfer transaction
Parsed transaction: transfer 7 4 3.000000 
Loaded transfer transaction
Parsed transaction: transfer 7 4 5.000000 
Loaded transfer transaction
Parsed transaction: transfer 6 5 67.000000 
Loaded transfer transaction
Parsed transaction: transfer 4 5 53.000000 
Loaded transfer transaction
Parsed transaction: transfer 1 8 89.000000 
Loaded transfer transaction
Parsed transaction: transfer 1 9 163.000000 
Loaded transfer transaction
Parsed transaction: withdraw 1 41.000000 
Loaded withdrawal transaction
Parsed transaction: withdraw 2 71.000000 
Loaded withdrawal transaction
Parsed transaction: withdraw 3 127.000000 
Loaded withdrawal transaction
Parsed transaction: withdraw 4 167.000000 
Loaded withdrawal transaction
Parsed transaction: withdraw 5 307.000000 
Loaded withdrawal transaction
Parsed transaction: withdraw 6 647.000000 
Loaded withdrawal transaction
Parsed transaction: withdraw 7 593.000000 
Loaded withdrawal transaction
Parsed transaction: withdraw 8 449.000000 
Loaded withdrawal transaction
Parsed transaction: withdraw 9 163.000000 
Loaded withdrawal transaction
********************************************
********************************************
   Reading and parsing a transaction file   
********************************************
Parsed transaction: deposit 0 100.000000 
Loaded deposit transaction
Parsed transaction: deposit 0 200.000000 
Loaded deposit transaction
Parsed transaction: deposit 0 300.000000 
Loaded deposit transaction
Parsed transaction: withdraw 0 200.000000 
Loaded withdrawal transaction
Parsed transaction: withdraw 0 100.000000 
Loaded withdrawal transaction
Parsed transaction: withdraw 0 50.000000 
Loaded withdrawal transaction
Parsed transaction: transfer 1 0 200.000000 
Loaded transfer transaction
Parsed transaction: balance 0 
Loaded balance transaction
********************************************
  ***    Start of transaction batch    ***  
User 0, Acc 7 Balance 0.000000, Deposit 9929.000000 
User 0, Acc 4 Balance 0.000000, Deposit 937.000000 
User 0, Acc 5 Balance 0.000000, Deposit 941.000000 
User 0, Acc 0 Balance 0.000000, Deposit 7.000000 
User 0, Acc 3 Balance 0.000000, Deposit 29.000000 
User 0, Acc 7 Balance 9929.000000, Deposit 9.000000 
User 0, Acc 9 Balance 0.000000, Deposit 129.000000 
User 0, Acc 3 Balance 29.000000, Transfer 29.000000 to Acc 7
User 0, Acc 7 Balance 9967.000000, Transfer 31.000000 to Acc 6
User 0, Acc 7 Balance 9936.000000, Transfer 137.000000 to Acc 5
User 0, Acc 7 Balance 9799.000000, Transfer 3.000000 to Acc 4
User 0, Acc 7 Balance 9796.000000, Transfer 5.000000 to Acc 4
[22;32mUser 0, Acc 4 Balance 945.000000, 				Withdraw 1167.000000 --insufficient funds[0m
[22;32mUser 0, Acc 5 Balance 1078.000000, 				Withdraw 1307.000000 --insufficient funds[0m
[22;32mUser 0, Acc 1 Balance 0.000000, 				Withdraw 41.000000 --insufficient funds[0m
[22;32mUser 0, Acc 2 Balance 0.000000, 				Withdraw 71.000000 --insufficient funds[0m
[22;32mUser 0, Acc 3 Balance 0.000000, 				Withdraw 1127.000000 --insufficient funds[0m
[22;32mUser 0, Acc 6 Balance 31.000000, 				Withdraw 647.000000 --insufficient funds[0m
User 0, Acc 6 Balance 31.000000, Deposit 1953.000000 
User 0, Acc 7 Balance 9791.000000, Deposit 967.000000 
User 0, Acc 6 Balance 1984.000000, Transfer 1167.000000 to Acc 5
User 0, Acc 4 Balance 945.000000, Transfer 53.000000 to Acc 5
User 0, Acc 7 Balance 10758.000000, Withdraw 1593.000000 
[22;32mUser 0, Acc 8 Balance 0.000000, 				Withdraw 449.000000 --insufficient funds[0m
[22;32mUser 0, Acc 9 Balance 129.000000, 				Withdraw 163.000000 --insufficient funds[0m
User 0, Acc 0 Balance 7.000000, Deposit 400.000000 
User 0, Acc 0 Balance 407.000000, Withdraw 200.000000 
User 0, Acc 0 Balance 207.000000, Deposit 100.000000 
User 0, Acc 0 Balance 307.000000, Withdraw 50.000000 
User 2, Acc 0 Balance 307.000000, Deposit 100.000000 
User 2, Acc 0 Balance 357.000000, Deposit 200.000000 
User 2, Acc 0 Balance 557.000000, Deposit 300.000000 
User 2, Acc 0 Balance 857.000000, Withdraw 200.000000 
User 2, Acc 0 Balance 657.000000, Withdraw 100.000000 
User 2, Acc 0 Balance 557.000000, Withdraw 50.000000 
Balance in 0: 507.000000
User 2, Acc 7 Balance 9165.000000, Deposit 9929.000000 
User 2, Acc 4 Balance 892.000000, Deposit 937.000000 
User 2, Acc 5 Balance 2298.000000, Deposit 941.000000 
User 2, Acc 0 Balance 507.000000, Deposit 7.000000 
User 2, Acc 3 Balance 0.000000, Deposit 29.000000 
User 2, Acc 7 Balance 19094.000000, Deposit 9.000000 
User 2, Acc 9 Balance 129.000000, Deposit 129.000000 
User 2, Acc 3 Balance 29.000000, Transfer 29.000000 to Acc 7
User 2, Acc 7 Balance 19132.000000, Transfer 31.000000 to Acc 6
User 2, Acc 7 Balance 19101.000000, Transfer 137.000000 to Acc 5
User 2, Acc 7 Balance 18964.000000, Transfer 3.000000 to Acc 4
User 2, Acc 7 Balance 18961.000000, Transfer 5.000000 to Acc 4
User 2, Acc 4 Balance 1837.000000, Withdraw 1167.000000 
User 2, Acc 5 Balance 3376.000000, Withdraw 1307.000000 
User 1, Acc 0 Balance 307.000000, Deposit 907.000000 
User 1, Acc 1 Balance 0.000000, Deposit 911.000000 
User 0, Acc 0 Balance 257.000000, Withdraw 150.000000 
User 3, Acc 7 Balance 9165.000000, Deposit 9929.000000 
User 3, Acc 4 Balance 670.000000, Deposit 937.000000 
User 1, Acc 2 Balance 0.000000, Deposit 919.000000 
User 3, Acc 5 Balance 2069.000000, Deposit 941.000000 
User 1, Acc 3 Balance 0.000000, Deposit 929.000000 
[22;32mUser 2, Acc 1 Balance 0.000000, 				Withdraw 41.000000 --insufficient funds[0m
User 0, Acc 0 Balance 1271.000000, Deposit 300.000000 
User 2, Acc 2 Balance 919.000000, Withdraw 71.000000 
[22;32mUser 2, Acc 3 Balance 929.000000, 				Withdraw 1127.000000 --insufficient funds[0m
User 1, Acc 4 Balance 1607.000000, Deposit 937.000000 
User 3, Acc 0 Balance 1271.000000, Deposit 7.000000 
User 0, Acc 0 Balance 1571.000000, Transfer 300.000000 to Acc 1
User 3, Acc 3 Balance 929.000000, Deposit 29.000000 
User 2, Acc 6 Balance 848.000000, Withdraw 647.000000 
User 1, Acc 5 Balance 3010.000000, Deposit 941.000000 
User 2, Acc 6 Balance 201.000000, Deposit 1953.000000 
User 2, Acc 7 Balance 28885.000000, Deposit 967.000000 
Balance in 1: 1211.000000
User 2, Acc 1 Balance 1211.000000, Transfer 19.000000 to Acc 7
User 3, Acc 7 Balance 28885.000000, Deposit 9.000000 
User 1, Acc 6 Balance 2154.000000, Deposit 953.000000 
User 3, Acc 9 Balance 258.000000, Deposit 129.000000 
User 1, Acc 7 Balance 29880.000000, Deposit 967.000000 
User 0, Acc 7 Balance 29871.000000, Deposit 9929.000000 
User 1, Acc 1 Balance 1192.000000, Transfer 19.000000 to Acc 7
User 2, Acc 2 Balance 848.000000, Transfer 23.000000 to Acc 7
User 3, Acc 3 Balance 958.000000, Transfer 29.000000 to Acc 7
User 2, Acc 6 Balance 3107.000000, Transfer 1167.000000 to Acc 5
User 2, Acc 4 Balance 2544.000000, Transfer 53.000000 to Acc 5
User 0, Acc 4 Balance 2544.000000, Deposit 937.000000 
User 1, Acc 2 Balance 848.000000, Transfer 23.000000 to Acc 7
User 3, Acc 7 Balance 40847.000000, Transfer 31.000000 to Acc 6
User 1, Acc 3 Balance 929.000000, Transfer 29.000000 to Acc 7
User 2, Acc 7 Balance 40847.000000, Withdraw 1593.000000 
User 0, Acc 5 Balance 5171.000000, Deposit 941.000000 
[22;32mUser 2, Acc 8 Balance 0.000000, 				Withdraw 449.000000 --insufficient funds[0m
User 0, Acc 0 Balance 1278.000000, Deposit 7.000000 
User 1, Acc 7 Balance 40868.000000, Transfer 31.000000 to Acc 6
User 3, Acc 7 Balance 40839.000000, Transfer 137.000000 to Acc 5
User 1, Acc 7 Balance 39244.000000, Transfer 37.000000 to Acc 5
User 1, Acc 7 Balance 39070.000000, Transfer 3.000000 to Acc 4
User 2, Acc 9 Balance 387.000000, Withdraw 163.000000 
User 2, Acc 0 Balance 1285.000000, Deposit 400.000000 
User 2, Acc 0 Balance 1685.000000, Withdraw 200.000000 
User 2, Acc 0 Balance 1485.000000, Deposit 100.000000 
User 3, Acc 7 Balance 39107.000000, Transfer 3.000000 to Acc 4
User 2, Acc 0 Balance 1585.000000, Withdraw 50.000000 
User 0, Acc 3 Balance 900.000000, Deposit 29.000000 
User 1, Acc 7 Balance 39067.000000, Transfer 5.000000 to Acc 4
User 2, Acc 0 Balance 1535.000000, Withdraw 150.000000 
User 3, Acc 7 Balance 39064.000000, Transfer 5.000000 to Acc 4
User 2, Acc 0 Balance 1385.000000, Deposit 300.000000 
User 3, Acc 4 Balance 3444.000000, Withdraw 1167.000000 
User 3, Acc 5 Balance 6286.000000, Withdraw 1307.000000 
User 3, Acc 1 Balance 1173.000000, Transfer 89.000000 to Acc 8
User 3, Acc 1 Balance 1084.000000, Transfer 163.000000 to Acc 9
User 3, Acc 1 Balance 921.000000, Withdraw 41.000000 
User 3, Acc 2 Balance 802.000000, Withdraw 71.000000 
[22;32mUser 3, Acc 3 Balance 929.000000, 				Withdraw 1127.000000 --insufficient funds[0m
User 3, Acc 6 Balance 2002.000000, Withdraw 647.000000 
User 3, Acc 6 Balance 1355.000000, Deposit 1953.000000 
User 2, Acc 0 Balance 1685.000000, Transfer 300.000000 to Acc 1
User 3, Acc 7 Balance 39054.000000, Deposit 967.000000 
Balance in 1: 1180.000000
User 3, Acc 1 Balance 1180.000000, Transfer 19.000000 to Acc 7
User 1, Acc 6 Balance 2002.000000, Transfer 67.000000 to Acc 5
User 3, Acc 2 Balance 731.000000, Transfer 23.000000 to Acc 7
User 1, Acc 4 Balance 2277.000000, Transfer 53.000000 to Acc 5
User 2, Acc 0 Balance 1385.000000, Deposit 400.000000 
User 2, Acc 0 Balance 1785.000000, Withdraw 200.000000 
User 1, Acc 1 Balance 1161.000000, Transfer 89.000000 to Acc 8
User 0, Acc 7 Balance 39064.000000, Deposit 9.000000 
User 3, Acc 6 Balance 3241.000000, Transfer 1167.000000 to Acc 5
User 3, Acc 4 Balance 2224.000000, Transfer 53.000000 to Acc 5
User 3, Acc 7 Balance 40072.000000, Withdraw 1593.000000 
[22;32mUser 3, Acc 8 Balance 178.000000, 				Withdraw 449.000000 --insufficient funds[0m
User 0, Acc 9 Balance 387.000000, Deposit 129.000000 
User 2, Acc 0 Balance 1585.000000, Deposit 100.000000 
User 3, Acc 9 Balance 387.000000, Withdraw 163.000000 
User 2, Acc 0 Balance 1685.000000, Withdraw 50.000000 
User 1, Acc 1 Balance 1072.000000, Transfer 163.000000 to Acc 9
User 1, Acc 1 Balance 909.000000, Withdraw 41.000000 
User 3, Acc 0 Balance 1685.000000, Deposit 400.000000 
User 1, Acc 2 Balance 708.000000, Withdraw 71.000000 
User 1, Acc 3 Balance 929.000000, Withdraw 127.000000 
User 2, Acc 0 Balance 1635.000000, Withdraw 150.000000 
User 0, Acc 3 Balance 929.000000, Transfer 29.000000 to Acc 7
User 2, Acc 0 Balance 1885.000000, Deposit 300.000000 
User 0, Acc 7 Balance 38508.000000, Transfer 31.000000 to Acc 6
User 1, Acc 4 Balance 2171.000000, Withdraw 167.000000 
User 0, Acc 7 Balance 38477.000000, Transfer 137.000000 to Acc 5
User 2, Acc 0 Balance 2185.000000, Transfer 300.000000 to Acc 1
User 1, Acc 5 Balance 6319.000000, Withdraw 307.000000 
User 0, Acc 7 Balance 38340.000000, Transfer 3.000000 to Acc 4
User 3, Acc 0 Balance 2035.000000, Withdraw 200.000000 
User 0, Acc 7 Balance 38337.000000, Transfer 5.000000 to Acc 4
Balance in 1: 1168.000000
User 1, Acc 6 Balance 2105.000000, Withdraw 647.000000 
User 2, Acc 0 Balance 1685.000000, Deposit 907.000000 
User 3, Acc 0 Balance 1685.000000, Deposit 100.000000 
User 0, Acc 4 Balance 2012.000000, Withdraw 1167.000000 
User 3, Acc 0 Balance 2692.000000, Withdraw 50.000000 
User 0, Acc 5 Balance 6149.000000, Withdraw 1307.000000 
User 2, Acc 1 Balance 1168.000000, Deposit 911.000000 
User 2, Acc 2 Balance 637.000000, Deposit 919.000000 
User 0, Acc 1 Balance 1168.000000, Transfer 89.000000 to Acc 8
User 2, Acc 3 Balance 773.000000, Deposit 929.000000 
User 1, Acc 7 Balance 38332.000000, Withdraw 593.000000 
[22;32mUser 1, Acc 8 Balance 267.000000, 				Withdraw 449.000000 --insufficient funds[0m
User 0, Acc 1 Balance 1990.000000, Transfer 163.000000 to Acc 9
User 1, Acc 9 Balance 516.000000, Withdraw 163.000000 
User 0, Acc 1 Balance 1827.000000, Withdraw 41.000000 
User 1, Acc 0 Balance 2642.000000, Deposit 907.000000 
User 2, Acc 4 Balance 845.000000, Deposit 937.000000 
User 1, Acc 1 Balance 1786.000000, Deposit 911.000000 
User 3, Acc 0 Balance 2642.000000, Withdraw 150.000000 
User 3, Acc 0 Balance 3399.000000, Deposit 300.000000 
User 1, Acc 2 Balance 1556.000000, Deposit 919.000000 
User 3, Acc 0 Balance 3699.000000, Transfer 300.000000 to Acc 1
User 1, Acc 3 Balance 1702.000000, Deposit 929.000000 
User 0, Acc 2 Balance 1556.000000, Withdraw 71.000000 
User 2, Acc 5 Balance 4842.000000, Deposit 941.000000 
User 0, Acc 3 Balance 2631.000000, Withdraw 1127.000000 
User 2, Acc 6 Balance 1458.000000, Deposit 953.000000 
User 2, Acc 7 Balance 37739.000000, Deposit 967.000000 
User 0, Acc 6 Balance 1458.000000, Withdraw 647.000000 
User 2, Acc 1 Balance 2997.000000, Transfer 19.000000 to Acc 7
User 0, Acc 6 Balance 1764.000000, Deposit 1953.000000 
Balance in 1: 2997.000000
User 0, Acc 7 Balance 38725.000000, Deposit 967.000000 
User 3, Acc 0 Balance 3399.000000, Deposit 907.000000 
User 2, Acc 2 Balance 2404.000000, Transfer 23.000000 to Acc 7
User 3, Acc 1 Balance 2978.000000, Deposit 911.000000 
User 1, Acc 4 Balance 1782.000000, Deposit 937.000000 
User 0, Acc 1 Balance 2978.000000, Transfer 19.000000 to Acc 7
User 1, Acc 5 Balance 5783.000000, Deposit 941.000000 
User 3, Acc 2 Balance 2404.000000, Deposit 919.000000 
User 2, Acc 3 Balance 1504.000000, Transfer 29.000000 to Acc 7
User 3, Acc 3 Balance 1504.000000, Deposit 929.000000 
User 0, Acc 2 Balance 2381.000000, Transfer 23.000000 to Acc 7
User 1, Acc 6 Balance 3717.000000, Deposit 953.000000 
User 0, Acc 6 Balance 3717.000000, Transfer 1167.000000 to Acc 5
User 1, Acc 7 Balance 39786.000000, Deposit 967.000000 
User 2, Acc 7 Balance 39763.000000, Transfer 31.000000 to Acc 6
User 1, Acc 1 Balance 3870.000000, Transfer 19.000000 to Acc 7
User 2, Acc 7 Balance 40722.000000, Transfer 37.000000 to Acc 5
User 0, Acc 4 Balance 2719.000000, Transfer 53.000000 to Acc 5
User 0, Acc 7 Balance 40704.000000, Withdraw 1593.000000 
User 2, Acc 7 Balance 40704.000000, Transfer 3.000000 to Acc 4
[22;32mUser 0, Acc 8 Balance 267.000000, 				Withdraw 449.000000 --insufficient funds[0m
User 2, Acc 7 Balance 39108.000000, Transfer 5.000000 to Acc 4
User 1, Acc 2 Balance 3277.000000, Transfer 23.000000 to Acc 7
User 0, Acc 9 Balance 516.000000, Withdraw 163.000000 
User 3, Acc 4 Balance 2719.000000, Deposit 937.000000 
User 0, Acc 0 Balance 4306.000000, Deposit 100.000000 
User 3, Acc 5 Balance 7981.000000, Deposit 941.000000 
User 1, Acc 3 Balance 2404.000000, Transfer 29.000000 to Acc 7
User 2, Acc 6 Balance 3534.000000, Transfer 67.000000 to Acc 5
User 0, Acc 0 Balance 4406.000000, Deposit 200.000000 
User 3, Acc 6 Balance 3534.000000, Deposit 953.000000 
User 2, Acc 4 Balance 3611.000000, Transfer 53.000000 to Acc 5
User 0, Acc 0 Balance 4606.000000, Deposit 300.000000 
User 2, Acc 1 Balance 3851.000000, Transfer 89.000000 to Acc 8
User 1, Acc 7 Balance 39155.000000, Transfer 31.000000 to Acc 6
User 1, Acc 7 Balance 39124.000000, Transfer 37.000000 to Acc 5
User 0, Acc 0 Balance 4906.000000, Withdraw 200.000000 
User 1, Acc 7 Balance 39087.000000, Transfer 3.000000 to Acc 4
User 2, Acc 1 Balance 3762.000000, Transfer 163.000000 to Acc 9
User 2, Acc 1 Balance 3599.000000, Withdraw 41.000000 
User 0, Acc 0 Balance 4706.000000, Withdraw 100.000000 
User 2, Acc 2 Balance 3254.000000, Withdraw 71.000000 
User 2, Acc 3 Balance 2375.000000, Withdraw 127.000000 
User 3, Acc 7 Balance 39155.000000, Deposit 967.000000 
User 1, Acc 7 Balance 39084.000000, Transfer 5.000000 to Acc 4
User 3, Acc 1 Balance 3558.000000, Transfer 19.000000 to Acc 7
User 0, Acc 0 Balance 4606.000000, Withdraw 50.000000 
User 2, Acc 4 Balance 3561.000000, Withdraw 167.000000 
User 0, Acc 1 Balance 3539.000000, Transfer 200.000000 to Acc 0
User 1, Acc 6 Balance 4451.000000, Transfer 67.000000 to Acc 5
User 3, Acc 2 Balance 3183.000000, Transfer 23.000000 to Acc 7
User 1, Acc 4 Balance 3399.000000, Transfer 53.000000 to Acc 5
Balance in 0: 4756.000000
User 2, Acc 5 Balance 9079.000000, Withdraw 307.000000 
User 1, Acc 1 Balance 3339.000000, Transfer 89.000000 to Acc 8
User 3, Acc 3 Balance 2248.000000, Transfer 29.000000 to Acc 7
User 1, Acc 1 Balance 3250.000000, Transfer 163.000000 to Acc 9
User 0, Acc 0 Balance 4756.000000, Deposit 100.000000 
User 2, Acc 6 Balance 4384.000000, Withdraw 647.000000 
User 0, Acc 0 Balance 4856.000000, Deposit 200.000000 
User 3, Acc 7 Balance 40117.000000, Transfer 31.000000 to Acc 6
User 3, Acc 7 Balance 40086.000000, Transfer 37.000000 to Acc 5
User 2, Acc 7 Balance 40117.000000, Withdraw 593.000000 
User 3, Acc 7 Balance 40049.000000, Transfer 3.000000 to Acc 4
User 3, Acc 7 Balance 39453.000000, Transfer 5.000000 to Acc 4
User 3, Acc 6 Balance 3768.000000, Transfer 67.000000 to Acc 5
[22;32mUser 2, Acc 8 Balance 445.000000, 				Withdraw 449.000000 --insufficient funds[0m
User 2, Acc 9 Balance 679.000000, Withdraw 163.000000 
User 2, Acc 0 Balance 5056.000000, Deposit 100.000000 
User 2, Acc 0 Balance 5156.000000, Deposit 200.000000 
User 2, Acc 0 Balance 5356.000000, Deposit 300.000000 
User 2, Acc 0 Balance 5656.000000, Withdraw 200.000000 
User 2, Acc 0 Balance 5456.000000, Withdraw 100.000000 
User 2, Acc 0 Balance 5356.000000, Withdraw 50.000000 
User 0, Acc 0 Balance 5056.000000, Deposit 300.000000 
User 0, Acc 0 Balance 5606.000000, Withdraw 200.000000 
User 2, Acc 1 Balance 3087.000000, Transfer 200.000000 to Acc 0
Balance in 0: 5606.000000
User 3, Acc 4 Balance 3354.000000, Transfer 53.000000 to Acc 5
User 3, Acc 1 Balance 2887.000000, Transfer 89.000000 to Acc 8
User 3, Acc 1 Balance 2798.000000, Transfer 163.000000 to Acc 9
User 3, Acc 1 Balance 2635.000000, Withdraw 41.000000 
User 3, Acc 2 Balance 3160.000000, Withdraw 71.000000 
User 3, Acc 3 Balance 2219.000000, Withdraw 127.000000 
User 3, Acc 4 Balance 3301.000000, Withdraw 167.000000 
User 3, Acc 5 Balance 9049.000000, Withdraw 307.000000 
User 3, Acc 6 Balance 3701.000000, Withdraw 647.000000 
User 3, Acc 7 Balance 39448.000000, Withdraw 593.000000 
User 1, Acc 1 Balance 3087.000000, Withdraw 41.000000 
User 0, Acc 0 Balance 5406.000000, Withdraw 100.000000 
User 1, Acc 2 Balance 3089.000000, Withdraw 71.000000 
User 1, Acc 3 Balance 2092.000000, Withdraw 127.000000 
User 1, Acc 4 Balance 3134.000000, Withdraw 167.000000 
User 1, Acc 5 Balance 8742.000000, Withdraw 307.000000 
User 1, Acc 6 Balance 3054.000000, Withdraw 647.000000 
User 1, Acc 7 Balance 38855.000000, Withdraw 593.000000 
User 1, Acc 8 Balance 534.000000, Withdraw 449.000000 
User 1, Acc 9 Balance 679.000000, Withdraw 163.000000 
User 3, Acc 8 Balance 534.000000, Withdraw 449.000000 
User 3, Acc 9 Balance 516.000000, Withdraw 163.000000 
User 0, Acc 0 Balance 5506.000000, Withdraw 50.000000 
User 0, Acc 1 Balance 2553.000000, Transfer 200.000000 to Acc 0
Balance in 0: 5656.000000
  ***     End of transaction batch    ***  
Account 0 balance after completion of transaction batch: 5656.000000
Account 1 balance after completion of transaction batch: 2353.000000
Account 2 balance after completion of transaction batch: 3018.000000
Account 3 balance after completion of transaction batch: 1965.000000
Account 4 balance after completion of transaction batch: 2967.000000
Account 5 balance after completion of transaction batch: 8435.000000
Account 6 balance after completion of transaction batch: 2407.000000
Account 7 balance after completion of transaction batch: 38262.000000
Account 8 balance after completion of transaction batch: -364.000000
Account 9 balance after completion of transaction batch: 353.000000
