# Output generated by:
# ./my_executable 4 data/transactions6.txt data/transactions8.txt data/transactions2.txt data/transactions4.txt

********************************************
   Reading and parsing a transaction file   
********************************************
Parsed transaction: deposit 0 7.000000 
Loaded deposit transaction
Parsed transaction: deposit 1 11.000000 
Loaded deposit transaction
Parsed transaction: deposit 2 9.000000 
Loaded deposit transaction
Parsed transaction: transfer 3 7 29.000000 
Loaded transfer transaction
Parsed transaction: transfer 7 6 31.000000 
Loaded transfer transaction
Parsed transaction: transfer 7 5 137.000000 
Loaded transfer transaction
Parsed transaction: transfer 7 4 3.000000 
Loaded transfer transaction
Parsed transaction: transfer 7 4 5.000000 
Loaded transfer transaction
Parsed transaction: deposit 3 929.000000 
Loaded deposit transaction
Parsed transaction: deposit 4 937.000000 
Loaded deposit transaction
Parsed transaction: deposit 5 941.000000 
Loaded deposit transaction
Parsed transaction: withdraw 4 1167.000000 
Loaded withdrawal transaction
Parsed transaction: withdraw 5 1307.000000 
Loaded withdrawal transaction
Parsed transaction: transfer 1 8 89.000000 
Loaded transfer transaction
Parsed transaction: transfer 1 9 163.000000 
Loaded transfer transaction
Parsed transaction: withdraw 1 41.000000 
Loaded withdrawal transaction
Parsed transaction: withdraw 2 71.000000 
Loaded withdrawal transaction
Parsed transaction: withdraw 3 1127.000000 
Loaded withdrawal transaction
Parsed transaction: withdraw 6 647.000000 
Loaded withdrawal transaction
Parsed transaction: deposit 6 953.000000 
Loaded deposit transaction
Parsed transaction: deposit 7 967.000000 
Loaded deposit transaction
Parsed transaction: transfer 1 7 19.000000 
Loaded transfer transaction
Parsed transaction: transfer 2 7 23.000000 
Loaded transfer transaction
Parsed transaction: transfer 6 5 1167.000000 
Loaded transfer transaction
Parsed transaction: transfer 4 5 53.000000 
Loaded transfer transaction
Parsed transaction: withdraw 7 1593.000000 
Loaded withdrawal transaction
Parsed transaction: withdraw 8 449.000000 
Loaded withdrawal transaction
Parsed transaction: withdraw 9 163.000000 
Loaded withdrawal transaction
********************************************
********************************************
   Reading and parsing a transaction file   
********************************************
Parsed transaction: deposit 9 617.000000 
Loaded deposit transaction
Parsed transaction: transfer 9 1 617.000000 
Loaded transfer transaction
Parsed transaction: deposit 8 619.000000 
Loaded deposit transaction
Parsed transaction: transfer 8 2 619.000000 
Loaded transfer transaction
Parsed transaction: deposit 7 631.000000 
Loaded deposit transaction
Parsed transaction: transfer 7 3 631.000000 
Loaded transfer transaction
Parsed transaction: deposit 6 641.000000 
Loaded deposit transaction
Parsed transaction: transfer 6 4 641.000000 
Loaded transfer transaction
Parsed transaction: deposit 5 643.000000 
Loaded deposit transaction
Parsed transaction: transfer 5 6 1200.000000 
Loaded transfer transaction
Parsed transaction: deposit 4 647.000000 
Loaded deposit transaction
Parsed transaction: transfer 4 7 1200.000000 
Loaded transfer transaction
Parsed transaction: deposit 3 653.000000 
Loaded deposit transaction
Parsed transaction: transfer 3 8 1200.000000 
Loaded transfer transaction
Parsed transaction: deposit 2 659.000000 
Loaded deposit transaction
Parsed transaction: transfer 2 9 1200.000000 
Loaded transfer transaction
Parsed transaction: deposit 1 661.000000 
Loaded deposit transaction
Parsed transaction: transfer 1 9 1200.000000 
Loaded transfer transaction
Parsed transaction: deposit 0 673.000000 
Loaded deposit transaction
Parsed transaction: transfer 0 9 1200.000000 
Loaded transfer transaction
********************************************
********************************************
   Reading and parsing a transaction file   
********************************************
Parsed transaction: deposit 0 400.000000 
Loaded deposit transaction
Parsed transaction: withdraw 0 200.000000 
Loaded withdrawal transaction
Parsed transaction: deposit 0 100.000000 
Loaded deposit transaction
Parsed transaction: withdraw 0 50.000000 
Loaded withdrawal transaction
Parsed transaction: withdraw 0 150.000000 
Loaded withdrawal transaction
Parsed transaction: deposit 0 300.000000 
Loaded deposit transaction
Parsed transaction: transfer 0 1 300.000000 
Loaded transfer transaction
Parsed transaction: balance 1 
Loaded balance transaction
********************************************
********************************************
   Reading and parsing a transaction file   
********************************************
Parsed transaction: deposit 0 907.000000 
Loaded deposit transaction
Parsed transaction: deposit 1 911.000000 
Loaded deposit transaction
Parsed transaction: deposit 2 919.000000 
Loaded deposit transaction
Parsed transaction: deposit 3 929.000000 
Loaded deposit transaction
Parsed transaction: deposit 4 937.000000 
Loaded deposit transaction
Parsed transaction: deposit 5 941.000000 
Loaded deposit transaction
Parsed transaction: deposit 6 953.000000 
Loaded deposit transaction
Parsed transaction: deposit 7 967.000000 
Loaded deposit transaction
Parsed transaction: transfer 1 7 19.000000 
Loaded transfer transaction
Parsed transaction: transfer 2 7 23.000000 
Loaded transfer transaction
Parsed transaction: transfer 3 7 29.000000 
Loaded transfer transaction
Parsed transaction: transfer 7 6 31.000000 
Loaded transfer transaction
Parsed transaction: transfer 7 5 37.000000 
Loaded transfer transaction
Parsed transaction: transfer 7 4 3.000000 
Loaded transfer transaction
Parsed transaction: transfer 7 4 5.000000 
Loaded transfer transaction
Parsed transaction: transfer 6 5 67.000000 
Loaded transfer transaction
Parsed transaction: transfer 4 5 53.000000 
Loaded transfer transaction
Parsed transaction: transfer 1 8 89.000000 
Loaded transfer transaction
Parsed transaction: transfer 1 9 163.000000 
Loaded transfer transaction
Parsed transaction: withdraw 1 41.000000 
Loaded withdrawal transaction
Parsed transaction: withdraw 2 71.000000 
Loaded withdrawal transaction
Parsed transaction: withdraw 3 127.000000 
Loaded withdrawal transaction
Parsed transaction: withdraw 4 167.000000 
Loaded withdrawal transaction
Parsed transaction: withdraw 5 307.000000 
Loaded withdrawal transaction
Parsed transaction: withdraw 6 647.000000 
Loaded withdrawal transaction
Parsed transaction: withdraw 7 593.000000 
Loaded withdrawal transaction
Parsed transaction: withdraw 8 449.000000 
Loaded withdrawal transaction
Parsed transaction: withdraw 9 163.000000 
Loaded withdrawal transaction
********************************************
  ***    Start of transaction batch    ***  
User 0, Acc 0 Balance 0.000000, Deposit 7.000000 
User 0, Acc 1 Balance 0.000000, Deposit 11.000000 
User 0, Acc 2 Balance 0.000000, Deposit 9.000000 
User 0, Acc 3 Balance 0.000000, Deposit 929.000000 
User 0, Acc 4 Balance 0.000000, Deposit 937.000000 
User 0, Acc 5 Balance 0.000000, Deposit 941.000000 
[22;32mUser 0, Acc 4 Balance 937.000000, 				Withdraw 1167.000000 --insufficient funds[0m
[22;32mUser 0, Acc 5 Balance 941.000000, 				Withdraw 1307.000000 --insufficient funds[0m
[22;32mUser 0, Acc 1 Balance 11.000000, 				Withdraw 41.000000 --insufficient funds[0m
[22;32mUser 0, Acc 2 Balance 9.000000, 				Withdraw 71.000000 --insufficient funds[0m
[22;32mUser 0, Acc 3 Balance 929.000000, 				Withdraw 1127.000000 --insufficient funds[0m
[22;32mUser 0, Acc 6 Balance 0.000000, 				Withdraw 647.000000 --insufficient funds[0m
User 0, Acc 6 Balance 0.000000, Deposit 953.000000 
User 0, Acc 7 Balance 0.000000, Deposit 967.000000 
User 0, Acc 4 Balance 937.000000, Transfer 53.000000 to Acc 5
[22;32mUser 0, Acc 7 Balance 967.000000, 				Withdraw 1593.000000 --insufficient funds[0m
[22;32mUser 0, Acc 8 Balance 0.000000, 				Withdraw 449.000000 --insufficient funds[0m
[22;32mUser 0, Acc 9 Balance 0.000000, 				Withdraw 163.000000 --insufficient funds[0m
User 0, Acc 9 Balance 0.000000, Deposit 617.000000 
User 0, Acc 9 Balance 617.000000, Transfer 617.000000 to Acc 1
User 0, Acc 8 Balance 0.000000, Deposit 619.000000 
User 0, Acc 8 Balance 619.000000, Transfer 619.000000 to Acc 2
User 3, Acc 0 Balance 7.000000, Deposit 907.000000 
User 2, Acc 0 Balance 7.000000, Deposit 400.000000 
User 1, Acc 0 Balance 7.000000, Deposit 7.000000 
User 2, Acc 0 Balance 1314.000000, Withdraw 200.000000 
User 0, Acc 7 Balance 967.000000, Deposit 631.000000 
User 3, Acc 1 Balance 628.000000, Deposit 911.000000 
User 0, Acc 7 Balance 1598.000000, Transfer 631.000000 to Acc 3
User 0, Acc 6 Balance 953.000000, Deposit 641.000000 
User 0, Acc 6 Balance 1594.000000, Transfer 641.000000 to Acc 4
User 2, Acc 0 Balance 1114.000000, Deposit 100.000000 
User 3, Acc 2 Balance 628.000000, Deposit 919.000000 
User 2, Acc 0 Balance 1221.000000, Withdraw 50.000000 
User 3, Acc 3 Balance 1560.000000, Deposit 929.000000 
User 0, Acc 5 Balance 994.000000, Deposit 643.000000 
User 0, Acc 5 Balance 1637.000000, Transfer 1200.000000 to Acc 6
User 3, Acc 4 Balance 1525.000000, Deposit 937.000000 
User 0, Acc 4 Balance 1525.000000, Deposit 647.000000 
User 0, Acc 4 Balance 2172.000000, Transfer 1200.000000 to Acc 7
User 0, Acc 3 Balance 2489.000000, Deposit 653.000000 
User 0, Acc 3 Balance 3142.000000, Transfer 1200.000000 to Acc 8
User 0, Acc 2 Balance 1547.000000, Deposit 659.000000 
User 3, Acc 5 Balance 437.000000, Deposit 941.000000 
User 0, Acc 2 Balance 2206.000000, Transfer 1200.000000 to Acc 9
User 3, Acc 6 Balance 2153.000000, Deposit 953.000000 
User 2, Acc 0 Balance 1171.000000, Withdraw 150.000000 
User 0, Acc 1 Balance 1539.000000, Deposit 661.000000 
User 2, Acc 0 Balance 1021.000000, Deposit 300.000000 
User 3, Acc 7 Balance 2167.000000, Deposit 967.000000 
User 0, Acc 1 Balance 2200.000000, Transfer 1200.000000 to Acc 9
User 1, Acc 1 Balance 628.000000, Deposit 11.000000 
User 2, Acc 0 Balance 1321.000000, Transfer 300.000000 to Acc 1
User 1, Acc 2 Balance 1006.000000, Deposit 9.000000 
Balance in 1: 1311.000000
User 0, Acc 0 Balance 1321.000000, Deposit 673.000000 
User 2, Acc 0 Balance 1021.000000, Deposit 7.000000 
User 1, Acc 3 Balance 1942.000000, Transfer 29.000000 to Acc 7
User 3, Acc 1 Balance 2200.000000, Transfer 19.000000 to Acc 7
User 3, Acc 2 Balance 1015.000000, Transfer 23.000000 to Acc 7
User 3, Acc 3 Balance 1913.000000, Transfer 29.000000 to Acc 7
User 3, Acc 7 Balance 3234.000000, Transfer 31.000000 to Acc 6
User 3, Acc 7 Balance 3203.000000, Transfer 37.000000 to Acc 5
User 3, Acc 7 Balance 3166.000000, Transfer 3.000000 to Acc 4
User 3, Acc 7 Balance 3163.000000, Transfer 5.000000 to Acc 4
User 3, Acc 6 Balance 3137.000000, Transfer 67.000000 to Acc 5
User 3, Acc 4 Balance 1917.000000, Transfer 53.000000 to Acc 5
User 3, Acc 1 Balance 1292.000000, Transfer 89.000000 to Acc 8
User 1, Acc 7 Balance 3163.000000, Transfer 31.000000 to Acc 6
User 1, Acc 7 Balance 3127.000000, Transfer 137.000000 to Acc 5
User 1, Acc 7 Balance 2990.000000, Transfer 3.000000 to Acc 4
User 1, Acc 7 Balance 2987.000000, Transfer 5.000000 to Acc 4
User 1, Acc 3 Balance 1884.000000, Deposit 929.000000 
User 1, Acc 4 Balance 1872.000000, Deposit 937.000000 
User 1, Acc 5 Balance 1672.000000, Deposit 941.000000 
User 1, Acc 4 Balance 2809.000000, Withdraw 1167.000000 
User 1, Acc 5 Balance 2613.000000, Withdraw 1307.000000 
User 1, Acc 1 Balance 1203.000000, Transfer 89.000000 to Acc 8
User 1, Acc 1 Balance 1114.000000, Transfer 163.000000 to Acc 9
User 1, Acc 1 Balance 951.000000, Withdraw 41.000000 
User 1, Acc 2 Balance 992.000000, Withdraw 71.000000 
User 1, Acc 3 Balance 2813.000000, Withdraw 1127.000000 
User 1, Acc 6 Balance 3101.000000, Withdraw 647.000000 
User 1, Acc 6 Balance 2454.000000, Deposit 953.000000 
User 1, Acc 7 Balance 2982.000000, Deposit 967.000000 
User 1, Acc 1 Balance 910.000000, Transfer 19.000000 to Acc 7
User 1, Acc 2 Balance 921.000000, Transfer 23.000000 to Acc 7
User 1, Acc 6 Balance 3407.000000, Transfer 1167.000000 to Acc 5
User 1, Acc 4 Balance 1642.000000, Transfer 53.000000 to Acc 5
User 1, Acc 7 Balance 3991.000000, Withdraw 1593.000000 
User 1, Acc 8 Balance 1378.000000, Withdraw 449.000000 
User 1, Acc 9 Balance 2563.000000, Withdraw 163.000000 
User 1, Acc 0 Balance 1701.000000, Deposit 7.000000 
User 1, Acc 1 Balance 891.000000, Deposit 11.000000 
User 1, Acc 2 Balance 898.000000, Deposit 9.000000 
User 1, Acc 3 Balance 1686.000000, Transfer 29.000000 to Acc 7
User 1, Acc 7 Balance 2427.000000, Transfer 31.000000 to Acc 6
User 1, Acc 7 Balance 2396.000000, Transfer 137.000000 to Acc 5
User 1, Acc 7 Balance 2259.000000, Transfer 3.000000 to Acc 4
User 1, Acc 7 Balance 2256.000000, Transfer 5.000000 to Acc 4
User 1, Acc 3 Balance 1657.000000, Deposit 929.000000 
User 1, Acc 4 Balance 1597.000000, Deposit 937.000000 
User 1, Acc 5 Balance 2663.000000, Deposit 941.000000 
User 1, Acc 4 Balance 2534.000000, Withdraw 1167.000000 
User 1, Acc 5 Balance 3604.000000, Withdraw 1307.000000 
User 1, Acc 1 Balance 902.000000, Transfer 89.000000 to Acc 8
User 1, Acc 1 Balance 813.000000, Transfer 163.000000 to Acc 9
User 1, Acc 1 Balance 650.000000, Withdraw 41.000000 
User 1, Acc 2 Balance 907.000000, Withdraw 71.000000 
User 1, Acc 3 Balance 2586.000000, Withdraw 1127.000000 
User 1, Acc 6 Balance 2271.000000, Withdraw 647.000000 
User 1, Acc 6 Balance 1624.000000, Deposit 953.000000 
User 1, Acc 7 Balance 2251.000000, Deposit 967.000000 
User 1, Acc 1 Balance 609.000000, Transfer 19.000000 to Acc 7
User 1, Acc 2 Balance 836.000000, Transfer 23.000000 to Acc 7
User 1, Acc 6 Balance 2577.000000, Transfer 1167.000000 to Acc 5
User 1, Acc 4 Balance 1367.000000, Transfer 53.000000 to Acc 5
User 1, Acc 7 Balance 3260.000000, Withdraw 1593.000000 
User 1, Acc 8 Balance 1018.000000, Withdraw 449.000000 
User 1, Acc 9 Balance 2563.000000, Withdraw 163.000000 
User 0, Acc 0 Balance 1694.000000, Transfer 1200.000000 to Acc 9
User 0, Acc 9 Balance 3600.000000, Deposit 617.000000 
User 0, Acc 9 Balance 4217.000000, Transfer 617.000000 to Acc 1
User 0, Acc 8 Balance 569.000000, Deposit 619.000000 
User 3, Acc 1 Balance 1203.000000, Transfer 163.000000 to Acc 9
User 3, Acc 1 Balance 1044.000000, Withdraw 41.000000 
User 3, Acc 2 Balance 813.000000, Withdraw 71.000000 
User 2, Acc 1 Balance 1311.000000, Deposit 11.000000 
User 2, Acc 2 Balance 742.000000, Deposit 9.000000 
User 2, Acc 3 Balance 1459.000000, Transfer 29.000000 to Acc 7
User 2, Acc 7 Balance 1696.000000, Transfer 31.000000 to Acc 6
User 2, Acc 7 Balance 1665.000000, Transfer 137.000000 to Acc 5
User 2, Acc 7 Balance 1528.000000, Transfer 3.000000 to Acc 4
User 2, Acc 7 Balance 1525.000000, Transfer 5.000000 to Acc 4
User 2, Acc 3 Balance 1430.000000, Deposit 929.000000 
User 2, Acc 4 Balance 1322.000000, Deposit 937.000000 
User 2, Acc 5 Balance 3654.000000, Deposit 941.000000 
User 2, Acc 4 Balance 2259.000000, Withdraw 1167.000000 
User 2, Acc 5 Balance 4595.000000, Withdraw 1307.000000 
User 2, Acc 1 Balance 1014.000000, Transfer 89.000000 to Acc 8
User 2, Acc 1 Balance 925.000000, Transfer 163.000000 to Acc 9
User 2, Acc 1 Balance 762.000000, Withdraw 41.000000 
User 2, Acc 2 Balance 751.000000, Withdraw 71.000000 
User 2, Acc 3 Balance 2359.000000, Withdraw 1127.000000 
User 2, Acc 6 Balance 1441.000000, Withdraw 647.000000 
User 2, Acc 6 Balance 794.000000, Deposit 953.000000 
User 2, Acc 7 Balance 1520.000000, Deposit 967.000000 
User 2, Acc 1 Balance 721.000000, Transfer 19.000000 to Acc 7
User 2, Acc 2 Balance 680.000000, Transfer 23.000000 to Acc 7
User 2, Acc 6 Balance 1747.000000, Transfer 1167.000000 to Acc 5
User 2, Acc 4 Balance 1092.000000, Transfer 53.000000 to Acc 5
User 2, Acc 7 Balance 2529.000000, Withdraw 1593.000000 
User 2, Acc 8 Balance 1277.000000, Withdraw 449.000000 
User 2, Acc 9 Balance 3926.000000, Withdraw 163.000000 
User 2, Acc 9 Balance 3763.000000, Deposit 617.000000 
User 0, Acc 8 Balance 1188.000000, Transfer 619.000000 to Acc 2
User 3, Acc 3 Balance 1459.000000, Withdraw 127.000000 
User 0, Acc 7 Balance 936.000000, Deposit 631.000000 
User 3, Acc 4 Balance 1039.000000, Withdraw 167.000000 
User 3, Acc 5 Balance 4508.000000, Withdraw 307.000000 
User 1, Acc 9 Balance 2400.000000, Deposit 617.000000 
[22;32mUser 3, Acc 6 Balance 580.000000, 				Withdraw 647.000000 --insufficient funds[0m
User 3, Acc 7 Balance 1567.000000, Withdraw 593.000000 
[22;32mUser 3, Acc 8 Balance 209.000000, 				Withdraw 449.000000 --insufficient funds[0m
User 3, Acc 9 Balance 4997.000000, Withdraw 163.000000 
User 3, Acc 0 Balance 508.000000, Deposit 400.000000 
User 0, Acc 7 Balance 1567.000000, Transfer 631.000000 to Acc 3
User 1, Acc 9 Balance 4997.000000, Transfer 617.000000 to Acc 1
User 0, Acc 6 Balance 580.000000, Deposit 641.000000 
User 3, Acc 0 Balance 908.000000, Withdraw 200.000000 
User 2, Acc 9 Balance 4380.000000, Transfer 617.000000 to Acc 1
User 3, Acc 0 Balance 708.000000, Deposit 100.000000 
User 2, Acc 8 Balance 209.000000, Deposit 619.000000 
User 0, Acc 6 Balance 1221.000000, Transfer 641.000000 to Acc 4
User 2, Acc 8 Balance 828.000000, Transfer 619.000000 to Acc 2
User 3, Acc 0 Balance 808.000000, Withdraw 50.000000 
User 3, Acc 0 Balance 758.000000, Withdraw 150.000000 
User 2, Acc 7 Balance 343.000000, Deposit 631.000000 
User 2, Acc 7 Balance 974.000000, Transfer 631.000000 to Acc 3
User 2, Acc 6 Balance 580.000000, Deposit 641.000000 
User 2, Acc 6 Balance 1221.000000, Transfer 641.000000 to Acc 4
User 2, Acc 5 Balance 4201.000000, Deposit 643.000000 
User 2, Acc 5 Balance 4844.000000, Transfer 1200.000000 to Acc 6
User 2, Acc 4 Balance 2154.000000, Deposit 647.000000 
User 2, Acc 4 Balance 2801.000000, Transfer 1200.000000 to Acc 7
User 2, Acc 3 Balance 2367.000000, Deposit 653.000000 
User 2, Acc 3 Balance 3020.000000, Transfer 1200.000000 to Acc 8
User 2, Acc 2 Balance 1895.000000, Deposit 659.000000 
User 2, Acc 2 Balance 2554.000000, Transfer 1200.000000 to Acc 9
User 2, Acc 1 Balance 1936.000000, Deposit 661.000000 
User 2, Acc 1 Balance 2597.000000, Transfer 1200.000000 to Acc 9
User 2, Acc 0 Balance 608.000000, Deposit 673.000000 
User 2, Acc 0 Balance 1281.000000, Transfer 1200.000000 to Acc 9
User 1, Acc 8 Balance 209.000000, Deposit 619.000000 
User 1, Acc 8 Balance 2028.000000, Transfer 619.000000 to Acc 2
User 1, Acc 7 Balance 1543.000000, Deposit 631.000000 
User 1, Acc 7 Balance 2174.000000, Transfer 631.000000 to Acc 3
User 1, Acc 6 Balance 1780.000000, Deposit 641.000000 
User 1, Acc 6 Balance 2421.000000, Transfer 641.000000 to Acc 4
User 1, Acc 5 Balance 3644.000000, Deposit 643.000000 
User 1, Acc 5 Balance 4287.000000, Transfer 1200.000000 to Acc 6
User 1, Acc 4 Balance 2242.000000, Deposit 647.000000 
User 1, Acc 4 Balance 2889.000000, Transfer 1200.000000 to Acc 7
User 1, Acc 3 Balance 2451.000000, Deposit 653.000000 
User 1, Acc 3 Balance 3104.000000, Transfer 1200.000000 to Acc 8
User 1, Acc 2 Balance 1973.000000, Deposit 659.000000 
User 1, Acc 2 Balance 2632.000000, Transfer 1200.000000 to Acc 9
User 1, Acc 1 Balance 1397.000000, Deposit 661.000000 
User 1, Acc 1 Balance 2058.000000, Transfer 1200.000000 to Acc 9
User 1, Acc 0 Balance 81.000000, Deposit 673.000000 
User 1, Acc 0 Balance 754.000000, Deposit 400.000000 
User 2, Acc 0 Balance 81.000000, Deposit 400.000000 
User 1, Acc 0 Balance 1154.000000, Withdraw 200.000000 
User 2, Acc 0 Balance 1554.000000, Withdraw 200.000000 
User 2, Acc 0 Balance 1154.000000, Deposit 100.000000 
User 2, Acc 0 Balance 1254.000000, Withdraw 50.000000 
User 1, Acc 0 Balance 1354.000000, Deposit 100.000000 
User 0, Acc 5 Balance 4201.000000, Deposit 643.000000 
User 3, Acc 0 Balance 608.000000, Deposit 300.000000 
User 0, Acc 5 Balance 3730.000000, Transfer 1200.000000 to Acc 6
User 3, Acc 0 Balance 1604.000000, Transfer 300.000000 to Acc 1
User 0, Acc 4 Balance 1689.000000, Deposit 647.000000 
User 1, Acc 0 Balance 1304.000000, Withdraw 50.000000 
User 1, Acc 0 Balance 1254.000000, Withdraw 150.000000 
User 1, Acc 0 Balance 1104.000000, Deposit 300.000000 
User 1, Acc 0 Balance 1404.000000, Transfer 300.000000 to Acc 1
Balance in 1: 1458.000000
User 0, Acc 4 Balance 2336.000000, Transfer 1200.000000 to Acc 7
User 1, Acc 0 Balance 1104.000000, Deposit 907.000000 
User 0, Acc 3 Balance 1904.000000, Deposit 653.000000 
Balance in 1: 1158.000000
User 0, Acc 3 Balance 2557.000000, Transfer 1200.000000 to Acc 8
User 3, Acc 0 Balance 2011.000000, Deposit 907.000000 
User 3, Acc 1 Balance 1458.000000, Deposit 911.000000 
User 2, Acc 0 Balance 1204.000000, Withdraw 150.000000 
User 3, Acc 2 Balance 1432.000000, Deposit 919.000000 
User 1, Acc 1 Balance 1458.000000, Deposit 911.000000 
User 3, Acc 3 Balance 1357.000000, Deposit 929.000000 
User 0, Acc 2 Balance 1432.000000, Deposit 659.000000 
User 2, Acc 0 Balance 2768.000000, Deposit 300.000000 
User 0, Acc 2 Balance 3010.000000, Transfer 1200.000000 to Acc 9
User 3, Acc 4 Balance 1136.000000, Deposit 937.000000 
User 1, Acc 2 Balance 2351.000000, Deposit 919.000000 
User 3, Acc 5 Balance 2530.000000, Deposit 941.000000 
User 0, Acc 1 Balance 3280.000000, Deposit 661.000000 
User 2, Acc 0 Balance 3068.000000, Transfer 300.000000 to Acc 1
User 0, Acc 1 Balance 3941.000000, Transfer 1200.000000 to Acc 9
User 3, Acc 6 Balance 4180.000000, Deposit 953.000000 
User 0, Acc 0 Balance 2768.000000, Deposit 673.000000 
User 3, Acc 7 Balance 3943.000000, Deposit 967.000000 
User 0, Acc 0 Balance 3441.000000, Transfer 1200.000000 to Acc 9
User 0, Acc 0 Balance 2241.000000, Deposit 907.000000 
User 3, Acc 1 Balance 3041.000000, Transfer 19.000000 to Acc 7
User 0, Acc 1 Balance 3041.000000, Deposit 911.000000 
User 3, Acc 2 Balance 2729.000000, Transfer 23.000000 to Acc 7
User 0, Acc 2 Balance 2729.000000, Deposit 919.000000 
User 1, Acc 3 Balance 2286.000000, Deposit 929.000000 
User 0, Acc 3 Balance 2286.000000, Deposit 929.000000 
User 1, Acc 4 Balance 2073.000000, Deposit 937.000000 
User 1, Acc 5 Balance 3471.000000, Deposit 941.000000 
User 0, Acc 4 Balance 3010.000000, Deposit 937.000000 
User 0, Acc 5 Balance 4412.000000, Deposit 941.000000 
User 0, Acc 6 Balance 5133.000000, Deposit 953.000000 
User 0, Acc 7 Balance 4952.000000, Deposit 967.000000 
User 0, Acc 1 Balance 3933.000000, Transfer 19.000000 to Acc 7
User 0, Acc 2 Balance 3625.000000, Transfer 23.000000 to Acc 7
User 0, Acc 3 Balance 4144.000000, Transfer 29.000000 to Acc 7
User 0, Acc 7 Balance 5990.000000, Transfer 31.000000 to Acc 6
User 0, Acc 7 Balance 5959.000000, Transfer 37.000000 to Acc 5
User 0, Acc 7 Balance 5922.000000, Transfer 3.000000 to Acc 4
User 0, Acc 7 Balance 5919.000000, Transfer 5.000000 to Acc 4
User 0, Acc 6 Balance 6117.000000, Transfer 67.000000 to Acc 5
User 0, Acc 4 Balance 3955.000000, Transfer 53.000000 to Acc 5
User 1, Acc 6 Balance 5133.000000, Deposit 953.000000 
User 0, Acc 1 Balance 3914.000000, Transfer 89.000000 to Acc 8
User 1, Acc 7 Balance 5914.000000, Deposit 967.000000 
User 1, Acc 1 Balance 3825.000000, Transfer 19.000000 to Acc 7
User 1, Acc 2 Balance 3602.000000, Transfer 23.000000 to Acc 7
User 1, Acc 3 Balance 4115.000000, Transfer 29.000000 to Acc 7
User 1, Acc 7 Balance 6952.000000, Transfer 31.000000 to Acc 6
User 3, Acc 3 Balance 2286.000000, Transfer 29.000000 to Acc 7
User 0, Acc 1 Balance 3825.000000, Transfer 163.000000 to Acc 9
User 1, Acc 7 Balance 6921.000000, Transfer 37.000000 to Acc 5
User 1, Acc 7 Balance 6913.000000, Transfer 3.000000 to Acc 4
User 1, Acc 7 Balance 6910.000000, Transfer 5.000000 to Acc 4
User 3, Acc 7 Balance 6950.000000, Transfer 31.000000 to Acc 6
Balance in 1: 4241.000000
User 3, Acc 7 Balance 6874.000000, Transfer 37.000000 to Acc 5
User 3, Acc 7 Balance 6837.000000, Transfer 3.000000 to Acc 4
User 3, Acc 7 Balance 6834.000000, Transfer 5.000000 to Acc 4
User 3, Acc 6 Balance 7065.000000, Transfer 67.000000 to Acc 5
User 3, Acc 4 Balance 3918.000000, Transfer 53.000000 to Acc 5
User 3, Acc 1 Balance 3643.000000, Transfer 89.000000 to Acc 8
User 3, Acc 1 Balance 3554.000000, Transfer 163.000000 to Acc 9
User 3, Acc 1 Balance 3391.000000, Withdraw 41.000000 
User 3, Acc 2 Balance 3579.000000, Withdraw 71.000000 
User 3, Acc 3 Balance 4057.000000, Withdraw 127.000000 
User 3, Acc 4 Balance 3865.000000, Withdraw 167.000000 
User 3, Acc 5 Balance 5704.000000, Withdraw 307.000000 
User 3, Acc 6 Balance 6998.000000, Withdraw 647.000000 
User 3, Acc 7 Balance 6829.000000, Withdraw 593.000000 
User 3, Acc 8 Balance 3987.000000, Withdraw 449.000000 
User 3, Acc 9 Balance 13526.000000, Withdraw 163.000000 
User 1, Acc 6 Balance 7034.000000, Transfer 67.000000 to Acc 5
User 1, Acc 4 Balance 3698.000000, Transfer 53.000000 to Acc 5
User 1, Acc 1 Balance 3350.000000, Transfer 89.000000 to Acc 8
User 0, Acc 1 Balance 3643.000000, Withdraw 41.000000 
User 0, Acc 2 Balance 3508.000000, Withdraw 71.000000 
User 0, Acc 3 Balance 3930.000000, Withdraw 127.000000 
User 0, Acc 4 Balance 3645.000000, Withdraw 167.000000 
User 0, Acc 5 Balance 5517.000000, Withdraw 307.000000 
User 0, Acc 6 Balance 6284.000000, Withdraw 647.000000 
User 0, Acc 7 Balance 6236.000000, Withdraw 593.000000 
User 0, Acc 8 Balance 3627.000000, Withdraw 449.000000 
User 0, Acc 9 Balance 13363.000000, Withdraw 163.000000 
User 1, Acc 1 Balance 3261.000000, Transfer 163.000000 to Acc 9
User 1, Acc 1 Balance 3057.000000, Withdraw 41.000000 
User 1, Acc 2 Balance 3437.000000, Withdraw 71.000000 
User 1, Acc 3 Balance 3803.000000, Withdraw 127.000000 
User 1, Acc 4 Balance 3478.000000, Withdraw 167.000000 
User 1, Acc 5 Balance 5210.000000, Withdraw 307.000000 
User 1, Acc 6 Balance 5637.000000, Withdraw 647.000000 
User 1, Acc 7 Balance 5643.000000, Withdraw 593.000000 
User 1, Acc 8 Balance 3178.000000, Withdraw 449.000000 
User 1, Acc 9 Balance 13363.000000, Withdraw 163.000000 
  ***     End of transaction batch    ***  
Account 0 balance after completion of transaction batch: 3148.000000
Account 1 balance after completion of transaction batch: 3016.000000
Account 2 balance after completion of transaction batch: 3366.000000
Account 3 balance after completion of transaction batch: 3676.000000
Account 4 balance after completion of transaction batch: 3311.000000
Account 5 balance after completion of transaction batch: 4903.000000
Account 6 balance after completion of transaction batch: 4990.000000
Account 7 balance after completion of transaction batch: 5050.000000
Account 8 balance after completion of transaction batch: 2729.000000
Account 9 balance after completion of transaction batch: 13200.000000
