# Output generated by:
# ./my_executable 4 data/transactions7.txt data/transactions11.txt data/transactions8.txt data/transactions2.txt

********************************************
   Reading and parsing a transaction file   
********************************************
Parsed transaction: deposit 7 9929.000000 
Loaded deposit transaction
Parsed transaction: deposit 4 937.000000 
Loaded deposit transaction
Parsed transaction: deposit 5 941.000000 
Loaded deposit transaction
Parsed transaction: deposit 0 7.000000 
Loaded deposit transaction
Parsed transaction: deposit 3 29.000000 
Loaded deposit transaction
Parsed transaction: deposit 7 9.000000 
Loaded deposit transaction
Parsed transaction: deposit 9 129.000000 
Loaded deposit transaction
Parsed transaction: transfer 3 7 29.000000 
Loaded transfer transaction
Parsed transaction: transfer 7 6 31.000000 
Loaded transfer transaction
Parsed transaction: transfer 7 5 137.000000 
Loaded transfer transaction
Parsed transaction: transfer 7 4 3.000000 
Loaded transfer transaction
Parsed transaction: transfer 7 4 5.000000 
Loaded transfer transaction
Parsed transaction: withdraw 4 1167.000000 
Loaded withdrawal transaction
Parsed transaction: withdraw 5 1307.000000 
Loaded withdrawal transaction
Parsed transaction: transfer 1 8 89.000000 
Loaded transfer transaction
Parsed transaction: transfer 1 9 163.000000 
Loaded transfer transaction
Parsed transaction: withdraw 1 41.000000 
Loaded withdrawal transaction
Parsed transaction: withdraw 2 71.000000 
Loaded withdrawal transaction
Parsed transaction: withdraw 3 1127.000000 
Loaded withdrawal transaction
Parsed transaction: withdraw 6 647.000000 
Loaded withdrawal transaction
Parsed transaction: deposit 6 1953.000000 
Loaded deposit transaction
Parsed transaction: deposit 7 967.000000 
Loaded deposit transaction
Parsed transaction: transfer 1 7 19.000000 
Loaded transfer transaction
Parsed transaction: transfer 2 7 23.000000 
Loaded transfer transaction
Parsed transaction: transfer 6 5 1167.000000 
Loaded transfer transaction
Parsed transaction: transfer 4 5 53.000000 
Loaded transfer transaction
Parsed transaction: withdraw 7 1593.000000 
Loaded withdrawal transaction
Parsed transaction: withdraw 8 449.000000 
Loaded withdrawal transaction
Parsed transaction: withdraw 9 163.000000 
Loaded withdrawal transaction
********************************************
********************************************
   Reading and parsing a transaction file   
********************************************
Parsed transaction: deposit 9 617.000000 
Loaded deposit transaction
Parsed transaction: transfer 9 9 617.000000 
Loaded transfer transaction
Parsed transaction: deposit 8 619.000000 
Loaded deposit transaction
Parsed transaction: transfer 8 2 619.000000 
Loaded transfer transaction
Parsed transaction: deposit 7 631.000000 
Loaded deposit transaction
Parsed transaction: transfer 7 3 631.000000 
Loaded transfer transaction
Parsed transaction: deposit 6 641.000000 
Loaded deposit transaction
Parsed transaction: transfer 6 4 641.000000 
Loaded transfer transaction
Parsed transaction: deposit 5 643.000000 
Loaded deposit transaction
Parsed transaction: transfer 5 6 1200.000000 
Loaded transfer transaction
Parsed transaction: deposit 4 647.000000 
Loaded deposit transaction
Parsed transaction: transfer 4 7 1200.000000 
Loaded transfer transaction
Parsed transaction: deposit 3 653.000000 
Loaded deposit transaction
Parsed transaction: transfer 3 8 1200.000000 
Loaded transfer transaction
Parsed transaction: deposit 2 659.000000 
Loaded deposit transaction
Parsed transaction: transfer 2 9 1200.000000 
Loaded transfer transaction
Parsed transaction: deposit 1 661.000000 
Loaded deposit transaction
Parsed transaction: transfer 1 9 1200.000000 
Loaded transfer transaction
Parsed transaction: deposit 0 673.000000 
Loaded deposit transaction
Parsed transaction: transfer 0 9 1200.000000 
Loaded transfer transaction
Parsed transaction: withdraw 1 50.000000 
Loaded withdrawal transaction
Parsed transaction: withdraw 2 50.000000 
Loaded withdrawal transaction
Parsed transaction: withdraw 3 50.000000 
Loaded withdrawal transaction
Parsed transaction: withdraw 4 50.000000 
Loaded withdrawal transaction
Parsed transaction: withdraw 5 50.000000 
Loaded withdrawal transaction
Parsed transaction: withdraw 6 50.000000 
Loaded withdrawal transaction
Parsed transaction: withdraw 7 50.000000 
Loaded withdrawal transaction
Parsed transaction: withdraw 8 50.000000 
Loaded withdrawal transaction
Parsed transaction: withdraw 9 50.000000 
Loaded withdrawal transaction
Parsed transaction: withdraw 0 50.000000 
Loaded withdrawal transaction
********************************************
********************************************
   Reading and parsing a transaction file   
********************************************
Parsed transaction: deposit 9 617.000000 
Loaded deposit transaction
Parsed transaction: transfer 9 1 617.000000 
Loaded transfer transaction
Parsed transaction: deposit 8 619.000000 
Loaded deposit transaction
Parsed transaction: transfer 8 2 619.000000 
Loaded transfer transaction
Parsed transaction: deposit 7 631.000000 
Loaded deposit transaction
Parsed transaction: transfer 7 3 631.000000 
Loaded transfer transaction
Parsed transaction: deposit 6 641.000000 
Loaded deposit transaction
Parsed transaction: transfer 6 4 641.000000 
Loaded transfer transaction
Parsed transaction: deposit 5 643.000000 
Loaded deposit transaction
Parsed transaction: transfer 5 6 1200.000000 
Loaded transfer transaction
Parsed transaction: deposit 4 647.000000 
Loaded deposit transaction
Parsed transaction: transfer 4 7 1200.000000 
Loaded transfer transaction
Parsed transaction: deposit 3 653.000000 
Loaded deposit transaction
Parsed transaction: transfer 3 8 1200.000000 
Loaded transfer transaction
Parsed transaction: deposit 2 659.000000 
Loaded deposit transaction
Parsed transaction: transfer 2 9 1200.000000 
Loaded transfer transaction
Parsed transaction: deposit 1 661.000000 
Loaded deposit transaction
Parsed transaction: transfer 1 9 1200.000000 
Loaded transfer transaction
Parsed transaction: deposit 0 673.000000 
Loaded deposit transaction
Parsed transaction: transfer 0 9 1200.000000 
Loaded transfer transaction
********************************************
********************************************
   Reading and parsing a transaction file   
********************************************
Parsed transaction: deposit 0 400.000000 
Loaded deposit transaction
Parsed transaction: withdraw 0 200.000000 
Loaded withdrawal transaction
Parsed transaction: deposit 0 100.000000 
Loaded deposit transaction
Parsed transaction: withdraw 0 50.000000 
Loaded withdrawal transaction
Parsed transaction: withdraw 0 150.000000 
Loaded withdrawal transaction
Parsed transaction: deposit 0 300.000000 
Loaded deposit transaction
Parsed transaction: transfer 0 1 300.000000 
Loaded transfer transaction
Parsed transaction: balance 1 
Loaded balance transaction
********************************************
  ***    Start of transaction batch    ***  
User 0, Acc 7 Balance 0.000000, Deposit 9929.000000 
User 0, Acc 4 Balance 0.000000, Deposit 937.000000 
User 0, Acc 5 Balance 0.000000, Deposit 941.000000 
User 0, Acc 0 Balance 0.000000, Deposit 7.000000 
User 0, Acc 3 Balance 0.000000, Deposit 29.000000 
User 0, Acc 7 Balance 9929.000000, Deposit 9.000000 
User 0, Acc 9 Balance 0.000000, Deposit 129.000000 
User 0, Acc 3 Balance 29.000000, Transfer 29.000000 to Acc 7
User 0, Acc 7 Balance 9967.000000, Transfer 31.000000 to Acc 6
User 0, Acc 7 Balance 9936.000000, Transfer 137.000000 to Acc 5
User 0, Acc 7 Balance 9799.000000, Transfer 3.000000 to Acc 4
User 0, Acc 7 Balance 9796.000000, Transfer 5.000000 to Acc 4
[22;32mUser 0, Acc 4 Balance 945.000000, 				Withdraw 1167.000000 --insufficient funds[0m
[22;32mUser 0, Acc 5 Balance 1078.000000, 				Withdraw 1307.000000 --insufficient funds[0m
[22;32mUser 0, Acc 1 Balance 0.000000, 				Withdraw 41.000000 --insufficient funds[0m
[22;32mUser 0, Acc 2 Balance 0.000000, 				Withdraw 71.000000 --insufficient funds[0m
[22;32mUser 0, Acc 3 Balance 0.000000, 				Withdraw 1127.000000 --insufficient funds[0m
[22;32mUser 0, Acc 6 Balance 31.000000, 				Withdraw 647.000000 --insufficient funds[0m
User 0, Acc 6 Balance 31.000000, Deposit 1953.000000 
User 0, Acc 7 Balance 9791.000000, Deposit 967.000000 
User 1, Acc 9 Balance 129.000000, Deposit 617.000000 
User 1, Acc 9 Balance 746.000000, Transfer 617.000000 to Acc 9
User 1, Acc 8 Balance 0.000000, Deposit 619.000000 
User 1, Acc 8 Balance 619.000000, Transfer 619.000000 to Acc 2
User 1, Acc 7 Balance 10758.000000, Deposit 631.000000 
User 1, Acc 7 Balance 11389.000000, Transfer 631.000000 to Acc 3
User 0, Acc 6 Balance 1984.000000, Transfer 1167.000000 to Acc 5
User 3, Acc 0 Balance 7.000000, Deposit 400.000000 
User 1, Acc 6 Balance 1984.000000, Deposit 641.000000 
User 1, Acc 6 Balance 1458.000000, Transfer 641.000000 to Acc 4
User 1, Acc 5 Balance 2245.000000, Deposit 643.000000 
User 1, Acc 5 Balance 2888.000000, Transfer 1200.000000 to Acc 6
User 1, Acc 4 Balance 1586.000000, Deposit 647.000000 
User 3, Acc 0 Balance 407.000000, Withdraw 200.000000 
User 2, Acc 9 Balance 129.000000, Deposit 617.000000 
User 2, Acc 9 Balance 1363.000000, Transfer 617.000000 to Acc 1
User 2, Acc 8 Balance 0.000000, Deposit 619.000000 
User 2, Acc 8 Balance 619.000000, Transfer 619.000000 to Acc 2
User 2, Acc 7 Balance 10758.000000, Deposit 631.000000 
User 1, Acc 4 Balance 2233.000000, Transfer 1200.000000 to Acc 7
User 1, Acc 3 Balance 631.000000, Deposit 653.000000 
User 1, Acc 3 Balance 1284.000000, Transfer 1200.000000 to Acc 8
User 1, Acc 2 Balance 1238.000000, Deposit 659.000000 
User 1, Acc 2 Balance 1897.000000, Transfer 1200.000000 to Acc 9
User 1, Acc 1 Balance 617.000000, Deposit 661.000000 
User 1, Acc 1 Balance 1278.000000, Transfer 1200.000000 to Acc 9
User 1, Acc 0 Balance 207.000000, Deposit 673.000000 
User 2, Acc 7 Balance 11389.000000, Transfer 631.000000 to Acc 3
User 2, Acc 6 Balance 2017.000000, Deposit 641.000000 
User 2, Acc 6 Balance 2658.000000, Transfer 641.000000 to Acc 4
User 1, Acc 1 Balance 78.000000, Withdraw 50.000000 
User 1, Acc 2 Balance 697.000000, Withdraw 50.000000 
User 0, Acc 4 Balance 945.000000, Transfer 53.000000 to Acc 5
User 3, Acc 0 Balance 207.000000, Deposit 100.000000 
User 3, Acc 0 Balance 980.000000, Withdraw 50.000000 
User 3, Acc 0 Balance 930.000000, Withdraw 150.000000 
User 0, Acc 7 Balance 11958.000000, Withdraw 1593.000000 
User 1, Acc 3 Balance 715.000000, Withdraw 50.000000 
User 2, Acc 5 Balance 1688.000000, Deposit 643.000000 
User 0, Acc 8 Balance 1200.000000, Withdraw 449.000000 
User 1, Acc 4 Balance 1621.000000, Withdraw 50.000000 
User 0, Acc 9 Balance 3146.000000, Withdraw 163.000000 
User 0, Acc 7 Balance 10365.000000, Deposit 9929.000000 
User 3, Acc 0 Balance 780.000000, Deposit 300.000000 
User 0, Acc 4 Balance 1571.000000, Deposit 937.000000 
User 3, Acc 0 Balance 1080.000000, Transfer 300.000000 to Acc 1
Balance in 1: 328.000000
User 1, Acc 5 Balance 2384.000000, Withdraw 50.000000 
User 3, Acc 9 Balance 2983.000000, Deposit 617.000000 
User 0, Acc 5 Balance 2384.000000, Deposit 941.000000 
User 3, Acc 9 Balance 3600.000000, Transfer 617.000000 to Acc 9
User 3, Acc 8 Balance 751.000000, Deposit 619.000000 
User 0, Acc 0 Balance 780.000000, Deposit 7.000000 
User 3, Acc 8 Balance 1370.000000, Transfer 619.000000 to Acc 2
User 2, Acc 5 Balance 2384.000000, Transfer 1200.000000 to Acc 6
User 0, Acc 3 Balance 665.000000, Deposit 29.000000 
User 2, Acc 4 Balance 2508.000000, Deposit 647.000000 
User 1, Acc 6 Balance 2017.000000, Withdraw 50.000000 
User 3, Acc 7 Balance 20294.000000, Deposit 631.000000 
User 2, Acc 4 Balance 3155.000000, Transfer 1200.000000 to Acc 7
User 0, Acc 7 Balance 20294.000000, Deposit 9.000000 
User 1, Acc 7 Balance 20294.000000, Withdraw 50.000000 
User 0, Acc 9 Balance 3600.000000, Deposit 129.000000 
User 0, Acc 3 Balance 694.000000, Transfer 29.000000 to Acc 7
User 3, Acc 7 Balance 20925.000000, Transfer 631.000000 to Acc 3
User 1, Acc 8 Balance 751.000000, Withdraw 50.000000 
User 3, Acc 6 Balance 3167.000000, Deposit 641.000000 
User 0, Acc 7 Balance 22113.000000, Transfer 31.000000 to Acc 6
User 3, Acc 6 Balance 3808.000000, Transfer 641.000000 to Acc 4
User 0, Acc 7 Balance 21451.000000, Transfer 137.000000 to Acc 5
User 0, Acc 7 Balance 21314.000000, Transfer 3.000000 to Acc 4
User 2, Acc 3 Balance 694.000000, Deposit 653.000000 
User 3, Acc 5 Balance 2075.000000, Deposit 643.000000 
User 1, Acc 9 Balance 3729.000000, Withdraw 50.000000 
User 3, Acc 5 Balance 2855.000000, Transfer 1200.000000 to Acc 6
User 2, Acc 3 Balance 1949.000000, Transfer 1200.000000 to Acc 8
User 3, Acc 4 Balance 2599.000000, Deposit 647.000000 
User 2, Acc 2 Balance 1266.000000, Deposit 659.000000 
User 0, Acc 7 Balance 21311.000000, Transfer 5.000000 to Acc 4
User 3, Acc 4 Balance 3246.000000, Transfer 1200.000000 to Acc 7
User 3, Acc 3 Balance 749.000000, Deposit 653.000000 
User 3, Acc 3 Balance 1402.000000, Transfer 1200.000000 to Acc 8
User 3, Acc 2 Balance 1925.000000, Deposit 659.000000 
User 3, Acc 2 Balance 2584.000000, Transfer 1200.000000 to Acc 9
User 3, Acc 1 Balance 328.000000, Deposit 661.000000 
User 0, Acc 4 Balance 3251.000000, Withdraw 1167.000000 
User 3, Acc 0 Balance 787.000000, Deposit 673.000000 
User 0, Acc 5 Balance 1655.000000, Withdraw 1307.000000 
User 0, Acc 1 Balance 989.000000, Transfer 89.000000 to Acc 8
User 3, Acc 0 Balance 1460.000000, Transfer 1200.000000 to Acc 9
User 2, Acc 2 Balance 1925.000000, Transfer 1200.000000 to Acc 9
User 3, Acc 1 Balance 900.000000, Withdraw 50.000000 
User 2, Acc 1 Balance 900.000000, Deposit 661.000000 
User 2, Acc 1 Balance 1511.000000, Transfer 1200.000000 to Acc 9
User 1, Acc 0 Balance 787.000000, Withdraw 50.000000 
User 3, Acc 2 Balance 184.000000, Withdraw 50.000000 
User 0, Acc 1 Balance 900.000000, Transfer 163.000000 to Acc 9
User 3, Acc 3 Balance 202.000000, Withdraw 50.000000 
User 2, Acc 0 Balance 260.000000, Deposit 673.000000 
User 1, Acc 9 Balance 8479.000000, Deposit 617.000000 
User 2, Acc 0 Balance 883.000000, Deposit 400.000000 
User 0, Acc 1 Balance 148.000000, Withdraw 41.000000 
User 3, Acc 4 Balance 884.000000, Withdraw 50.000000 
User 0, Acc 2 Balance 134.000000, Withdraw 71.000000 
User 3, Acc 5 Balance 348.000000, Withdraw 50.000000 
User 1, Acc 9 Balance 9259.000000, Transfer 617.000000 to Acc 1
User 1, Acc 8 Balance 3190.000000, Deposit 619.000000 
User 2, Acc 0 Balance 1283.000000, Withdraw 200.000000 
User 1, Acc 8 Balance 3809.000000, Transfer 619.000000 to Acc 2
User 1, Acc 7 Balance 22506.000000, Deposit 631.000000 
User 3, Acc 6 Balance 4398.000000, Withdraw 50.000000 
User 2, Acc 0 Balance 1083.000000, Deposit 100.000000 
User 3, Acc 7 Balance 23137.000000, Withdraw 50.000000 
[22;32mUser 0, Acc 3 Balance 152.000000, 				Withdraw 1127.000000 --insufficient funds[0m
User 3, Acc 8 Balance 3190.000000, Withdraw 50.000000 
User 0, Acc 6 Balance 4348.000000, Withdraw 647.000000 
User 3, Acc 9 Balance 8642.000000, Withdraw 50.000000 
User 0, Acc 6 Balance 3701.000000, Deposit 1953.000000 
User 0, Acc 7 Balance 23087.000000, Deposit 967.000000 
User 3, Acc 0 Balance 1183.000000, Withdraw 50.000000 
User 1, Acc 7 Balance 23137.000000, Transfer 631.000000 to Acc 3
User 3, Acc 7 Balance 24054.000000, Deposit 9929.000000 
User 0, Acc 1 Balance 724.000000, Transfer 19.000000 to Acc 7
User 3, Acc 4 Balance 834.000000, Deposit 937.000000 
User 0, Acc 2 Balance 682.000000, Transfer 23.000000 to Acc 7
User 3, Acc 5 Balance 298.000000, Deposit 941.000000 
User 1, Acc 6 Balance 5654.000000, Deposit 641.000000 
User 1, Acc 6 Balance 6295.000000, Transfer 641.000000 to Acc 4
User 2, Acc 0 Balance 1183.000000, Withdraw 50.000000 
User 3, Acc 0 Balance 1133.000000, Deposit 7.000000 
User 0, Acc 6 Balance 5654.000000, Transfer 1167.000000 to Acc 5
User 3, Acc 3 Balance 783.000000, Deposit 29.000000 
User 0, Acc 4 Balance 2412.000000, Transfer 53.000000 to Acc 5
User 0, Acc 7 Balance 33394.000000, Withdraw 1593.000000 
User 2, Acc 0 Balance 1083.000000, Withdraw 150.000000 
User 0, Acc 8 Balance 3140.000000, Withdraw 449.000000 
User 2, Acc 0 Balance 940.000000, Deposit 300.000000 
User 2, Acc 0 Balance 1240.000000, Transfer 300.000000 to Acc 1
Balance in 1: 1005.000000
User 2, Acc 7 Balance 31801.000000, Deposit 9929.000000 
User 0, Acc 9 Balance 8592.000000, Withdraw 163.000000 
User 0, Acc 9 Balance 8429.000000, Deposit 617.000000 
User 0, Acc 9 Balance 9046.000000, Transfer 617.000000 to Acc 9
User 0, Acc 8 Balance 2691.000000, Deposit 619.000000 
User 0, Acc 8 Balance 3310.000000, Transfer 619.000000 to Acc 2
User 0, Acc 7 Balance 41730.000000, Deposit 631.000000 
User 0, Acc 7 Balance 42361.000000, Transfer 631.000000 to Acc 3
User 0, Acc 6 Balance 4487.000000, Deposit 641.000000 
User 0, Acc 6 Balance 5128.000000, Transfer 641.000000 to Acc 4
User 0, Acc 5 Balance 2459.000000, Deposit 643.000000 
User 0, Acc 5 Balance 3102.000000, Transfer 1200.000000 to Acc 6
User 0, Acc 4 Balance 3000.000000, Deposit 647.000000 
User 0, Acc 4 Balance 3647.000000, Transfer 1200.000000 to Acc 7
User 0, Acc 3 Balance 1443.000000, Deposit 653.000000 
User 0, Acc 3 Balance 2096.000000, Transfer 1200.000000 to Acc 8
User 0, Acc 2 Balance 1278.000000, Deposit 659.000000 
User 0, Acc 2 Balance 1937.000000, Transfer 1200.000000 to Acc 9
User 0, Acc 1 Balance 1005.000000, Deposit 661.000000 
User 2, Acc 4 Balance 2359.000000, Deposit 937.000000 
User 2, Acc 5 Balance 1902.000000, Deposit 941.000000 
User 2, Acc 0 Balance 940.000000, Deposit 7.000000 
User 3, Acc 7 Balance 33394.000000, Deposit 9.000000 
User 0, Acc 1 Balance 1666.000000, Transfer 1200.000000 to Acc 9
User 3, Acc 9 Balance 10246.000000, Deposit 129.000000 
User 3, Acc 3 Balance 896.000000, Transfer 29.000000 to Acc 7
User 1, Acc 5 Balance 1239.000000, Deposit 643.000000 
User 1, Acc 5 Balance 3486.000000, Transfer 1200.000000 to Acc 6
User 1, Acc 4 Balance 3384.000000, Deposit 647.000000 
User 1, Acc 4 Balance 4031.000000, Transfer 1200.000000 to Acc 7
User 0, Acc 0 Balance 947.000000, Deposit 673.000000 
User 3, Acc 7 Balance 42968.000000, Transfer 31.000000 to Acc 6
User 2, Acc 3 Balance 896.000000, Deposit 29.000000 
User 2, Acc 7 Balance 44137.000000, Deposit 9.000000 
User 0, Acc 0 Balance 1620.000000, Transfer 1200.000000 to Acc 9
User 3, Acc 7 Balance 44137.000000, Transfer 137.000000 to Acc 5
User 3, Acc 7 Balance 44009.000000, Transfer 3.000000 to Acc 4
User 3, Acc 7 Balance 44006.000000, Transfer 5.000000 to Acc 4
User 3, Acc 4 Balance 2839.000000, Withdraw 1167.000000 
User 1, Acc 3 Balance 867.000000, Deposit 653.000000 
User 0, Acc 1 Balance 466.000000, Withdraw 50.000000 
User 2, Acc 9 Balance 11575.000000, Deposit 129.000000 
User 0, Acc 2 Balance 737.000000, Withdraw 50.000000 
User 2, Acc 3 Balance 1549.000000, Transfer 29.000000 to Acc 7
User 1, Acc 3 Balance 1549.000000, Transfer 1200.000000 to Acc 8
User 3, Acc 5 Balance 2423.000000, Withdraw 1307.000000 
User 1, Acc 2 Balance 687.000000, Deposit 659.000000 
User 1, Acc 2 Balance 1346.000000, Transfer 1200.000000 to Acc 9
User 3, Acc 1 Balance 416.000000, Transfer 89.000000 to Acc 8
User 1, Acc 1 Balance 416.000000, Deposit 661.000000 
User 3, Acc 1 Balance 327.000000, Transfer 163.000000 to Acc 9
User 0, Acc 3 Balance 1549.000000, Withdraw 50.000000 
User 2, Acc 7 Balance 44030.000000, Transfer 31.000000 to Acc 6
User 0, Acc 4 Balance 1672.000000, Withdraw 50.000000 
User 0, Acc 5 Balance 1116.000000, Withdraw 50.000000 
User 3, Acc 1 Balance 164.000000, Withdraw 41.000000 
User 2, Acc 7 Balance 43999.000000, Transfer 137.000000 to Acc 5
User 3, Acc 2 Balance 146.000000, Withdraw 71.000000 
User 0, Acc 6 Balance 6949.000000, Withdraw 50.000000 
User 0, Acc 7 Balance 43862.000000, Withdraw 50.000000 
User 0, Acc 8 Balance 5180.000000, Withdraw 50.000000 
User 0, Acc 9 Balance 14267.000000, Withdraw 50.000000 
User 0, Acc 0 Balance 420.000000, Withdraw 50.000000 
User 0, Acc 9 Balance 14217.000000, Deposit 617.000000 
User 0, Acc 9 Balance 14834.000000, Transfer 617.000000 to Acc 9
User 0, Acc 8 Balance 5130.000000, Deposit 619.000000 
User 0, Acc 8 Balance 5749.000000, Transfer 619.000000 to Acc 2
User 0, Acc 7 Balance 43812.000000, Deposit 631.000000 
User 0, Acc 7 Balance 44443.000000, Transfer 631.000000 to Acc 3
User 0, Acc 6 Balance 6899.000000, Deposit 641.000000 
User 0, Acc 6 Balance 7540.000000, Transfer 641.000000 to Acc 4
User 0, Acc 5 Balance 1203.000000, Deposit 643.000000 
User 0, Acc 5 Balance 1846.000000, Transfer 1200.000000 to Acc 6
User 0, Acc 4 Balance 2263.000000, Deposit 647.000000 
User 0, Acc 4 Balance 2910.000000, Transfer 1200.000000 to Acc 7
User 0, Acc 3 Balance 901.000000, Deposit 653.000000 
User 0, Acc 3 Balance 1554.000000, Transfer 1200.000000 to Acc 8
User 0, Acc 2 Balance 694.000000, Deposit 659.000000 
User 0, Acc 2 Balance 1353.000000, Transfer 1200.000000 to Acc 9
User 0, Acc 1 Balance 784.000000, Deposit 661.000000 
User 0, Acc 1 Balance 1445.000000, Transfer 1200.000000 to Acc 9
User 0, Acc 0 Balance 370.000000, Deposit 673.000000 
User 0, Acc 1 Balance 245.000000, Withdraw 50.000000 
User 0, Acc 2 Balance 153.000000, Withdraw 50.000000 
User 0, Acc 3 Balance 354.000000, Withdraw 50.000000 
User 0, Acc 4 Balance 1710.000000, Withdraw 50.000000 
User 0, Acc 5 Balance 646.000000, Withdraw 50.000000 
User 0, Acc 6 Balance 8099.000000, Withdraw 50.000000 
User 0, Acc 7 Balance 45012.000000, Withdraw 50.000000 
User 0, Acc 8 Balance 6330.000000, Withdraw 50.000000 
User 0, Acc 9 Balance 17234.000000, Withdraw 50.000000 
User 0, Acc 0 Balance 1043.000000, Withdraw 50.000000 
User 0, Acc 9 Balance 17184.000000, Deposit 617.000000 
User 0, Acc 9 Balance 17801.000000, Transfer 617.000000 to Acc 1
User 0, Acc 8 Balance 6280.000000, Deposit 619.000000 
User 0, Acc 8 Balance 6899.000000, Transfer 619.000000 to Acc 2
User 0, Acc 7 Balance 44962.000000, Deposit 631.000000 
User 0, Acc 7 Balance 45593.000000, Transfer 631.000000 to Acc 3
User 0, Acc 6 Balance 8049.000000, Deposit 641.000000 
User 0, Acc 6 Balance 8690.000000, Transfer 641.000000 to Acc 4
User 0, Acc 5 Balance 596.000000, Deposit 643.000000 
User 0, Acc 5 Balance 1239.000000, Transfer 1200.000000 to Acc 6
User 0, Acc 4 Balance 2301.000000, Deposit 647.000000 
User 0, Acc 4 Balance 2948.000000, Transfer 1200.000000 to Acc 7
User 0, Acc 3 Balance 935.000000, Deposit 653.000000 
User 0, Acc 3 Balance 1588.000000, Transfer 1200.000000 to Acc 8
User 0, Acc 2 Balance 722.000000, Deposit 659.000000 
User 0, Acc 2 Balance 1381.000000, Transfer 1200.000000 to Acc 9
User 0, Acc 1 Balance 812.000000, Deposit 661.000000 
User 0, Acc 1 Balance 1473.000000, Transfer 1200.000000 to Acc 9
User 0, Acc 0 Balance 993.000000, Deposit 673.000000 
User 0, Acc 0 Balance 1666.000000, Transfer 1200.000000 to Acc 9
User 0, Acc 9 Balance 20784.000000, Deposit 617.000000 
User 0, Acc 9 Balance 21401.000000, Transfer 617.000000 to Acc 1
User 0, Acc 8 Balance 7480.000000, Deposit 619.000000 
User 0, Acc 8 Balance 8099.000000, Transfer 619.000000 to Acc 2
User 0, Acc 7 Balance 46162.000000, Deposit 631.000000 
User 2, Acc 7 Balance 43862.000000, Transfer 3.000000 to Acc 4
User 1, Acc 0 Balance 420.000000, Deposit 673.000000 
User 1, Acc 0 Balance 1139.000000, Deposit 400.000000 
User 1, Acc 0 Balance 1539.000000, Withdraw 200.000000 
User 2, Acc 7 Balance 46790.000000, Transfer 5.000000 to Acc 4
User 2, Acc 4 Balance 1756.000000, Withdraw 1167.000000 
[22;32mUser 3, Acc 3 Balance 270.000000, 				Withdraw 1127.000000 --insufficient funds[0m
User 0, Acc 7 Balance 46793.000000, Transfer 631.000000 to Acc 3
User 1, Acc 0 Balance 1339.000000, Deposit 100.000000 
[22;32mUser 2, Acc 5 Balance 39.000000, 				Withdraw 1307.000000 --insufficient funds[0m
User 1, Acc 0 Balance 1439.000000, Withdraw 50.000000 
User 3, Acc 6 Balance 9249.000000, Withdraw 647.000000 
User 0, Acc 6 Balance 9249.000000, Deposit 641.000000 
User 0, Acc 6 Balance 9243.000000, Transfer 641.000000 to Acc 4
User 0, Acc 5 Balance 39.000000, Deposit 643.000000 
User 3, Acc 6 Balance 8602.000000, Deposit 1953.000000 
User 0, Acc 4 Balance 1230.000000, Deposit 647.000000 
User 1, Acc 0 Balance 1389.000000, Withdraw 150.000000 
User 1, Acc 0 Balance 1239.000000, Deposit 300.000000 
User 1, Acc 0 Balance 1539.000000, Transfer 300.000000 to Acc 1
Balance in 1: 1190.000000
User 3, Acc 7 Balance 46154.000000, Deposit 967.000000 
User 3, Acc 1 Balance 1190.000000, Transfer 19.000000 to Acc 7
User 3, Acc 2 Balance 800.000000, Transfer 23.000000 to Acc 7
User 3, Acc 6 Balance 10555.000000, Transfer 1167.000000 to Acc 5
User 3, Acc 4 Balance 1877.000000, Transfer 53.000000 to Acc 5
User 1, Acc 0 Balance 1239.000000, Deposit 400.000000 
User 2, Acc 1 Balance 890.000000, Transfer 89.000000 to Acc 8
User 1, Acc 0 Balance 1639.000000, Withdraw 200.000000 
User 1, Acc 0 Balance 1439.000000, Deposit 100.000000 
User 3, Acc 7 Balance 47163.000000, Withdraw 1593.000000 
User 1, Acc 0 Balance 1539.000000, Withdraw 50.000000 
User 3, Acc 8 Balance 7569.000000, Withdraw 449.000000 
User 3, Acc 9 Balance 20784.000000, Withdraw 163.000000 
User 1, Acc 0 Balance 1489.000000, Withdraw 150.000000 
User 0, Acc 4 Balance 1877.000000, Transfer 1200.000000 to Acc 7
User 1, Acc 0 Balance 1339.000000, Deposit 300.000000 
User 2, Acc 1 Balance 1082.000000, Transfer 163.000000 to Acc 9
User 0, Acc 3 Balance 1019.000000, Deposit 653.000000 
User 0, Acc 3 Balance 1672.000000, Transfer 1200.000000 to Acc 8
User 0, Acc 2 Balance 777.000000, Deposit 659.000000 
User 2, Acc 1 Balance 919.000000, Withdraw 41.000000 
User 1, Acc 0 Balance 1639.000000, Transfer 300.000000 to Acc 1
User 0, Acc 2 Balance 1436.000000, Transfer 1200.000000 to Acc 9
User 0, Acc 1 Balance 1178.000000, Deposit 661.000000 
User 2, Acc 2 Balance 1436.000000, Withdraw 71.000000 
Balance in 1: 1178.000000
[22;32mUser 2, Acc 3 Balance 472.000000, 				Withdraw 1127.000000 --insufficient funds[0m
User 2, Acc 6 Balance 9388.000000, Withdraw 647.000000 
User 2, Acc 6 Balance 8741.000000, Deposit 1953.000000 
User 2, Acc 7 Balance 46770.000000, Deposit 967.000000 
User 2, Acc 1 Balance 1839.000000, Transfer 19.000000 to Acc 7
User 2, Acc 2 Balance 165.000000, Transfer 23.000000 to Acc 7
User 2, Acc 6 Balance 10694.000000, Transfer 1167.000000 to Acc 5
User 2, Acc 4 Balance 624.000000, Transfer 53.000000 to Acc 5
User 0, Acc 1 Balance 1839.000000, Transfer 1200.000000 to Acc 9
User 0, Acc 0 Balance 1339.000000, Deposit 673.000000 
User 0, Acc 0 Balance 2012.000000, Transfer 1200.000000 to Acc 9
User 2, Acc 7 Balance 47779.000000, Withdraw 1593.000000 
User 2, Acc 8 Balance 8320.000000, Withdraw 449.000000 
User 2, Acc 9 Balance 24384.000000, Withdraw 163.000000 
  ***     End of transaction batch    ***  
Account 0 balance after completion of transaction batch: 812.000000
Account 1 balance after completion of transaction batch: 620.000000
Account 2 balance after completion of transaction batch: 142.000000
Account 3 balance after completion of transaction batch: 472.000000
Account 4 balance after completion of transaction batch: 571.000000
Account 5 balance after completion of transaction batch: 3122.000000
Account 6 balance after completion of transaction batch: 9527.000000
Account 7 balance after completion of transaction batch: 46186.000000
Account 8 balance after completion of transaction batch: 7871.000000
Account 9 balance after completion of transaction batch: 24221.000000
