# Output generated by:
# ./my_executable 4 data/transactions7.txt data/transactions4.txt data/transactions10.txt data/transactions1.txt

********************************************
   Reading and parsing a transaction file   
********************************************
Parsed transaction: deposit 7 9929.000000 
Loaded deposit transaction
Parsed transaction: deposit 4 937.000000 
Loaded deposit transaction
Parsed transaction: deposit 5 941.000000 
Loaded deposit transaction
Parsed transaction: deposit 0 7.000000 
Loaded deposit transaction
Parsed transaction: deposit 3 29.000000 
Loaded deposit transaction
Parsed transaction: deposit 7 9.000000 
Loaded deposit transaction
Parsed transaction: deposit 9 129.000000 
Loaded deposit transaction
Parsed transaction: transfer 3 7 29.000000 
Loaded transfer transaction
Parsed transaction: transfer 7 6 31.000000 
Loaded transfer transaction
Parsed transaction: transfer 7 5 137.000000 
Loaded transfer transaction
Parsed transaction: transfer 7 4 3.000000 
Loaded transfer transaction
Parsed transaction: transfer 7 4 5.000000 
Loaded transfer transaction
Parsed transaction: withdraw 4 1167.000000 
Loaded withdrawal transaction
Parsed transaction: withdraw 5 1307.000000 
Loaded withdrawal transaction
Parsed transaction: transfer 1 8 89.000000 
Loaded transfer transaction
Parsed transaction: transfer 1 9 163.000000 
Loaded transfer transaction
Parsed transaction: withdraw 1 41.000000 
Loaded withdrawal transaction
Parsed transaction: withdraw 2 71.000000 
Loaded withdrawal transaction
Parsed transaction: withdraw 3 1127.000000 
Loaded withdrawal transaction
Parsed transaction: withdraw 6 647.000000 
Loaded withdrawal transaction
Parsed transaction: deposit 6 1953.000000 
Loaded deposit transaction
Parsed transaction: deposit 7 967.000000 
Loaded deposit transaction
Parsed transaction: transfer 1 7 19.000000 
Loaded transfer transaction
Parsed transaction: transfer 2 7 23.000000 
Loaded transfer transaction
Parsed transaction: transfer 6 5 1167.000000 
Loaded transfer transaction
Parsed transaction: transfer 4 5 53.000000 
Loaded transfer transaction
Parsed transaction: withdraw 7 1593.000000 
Loaded withdrawal transaction
Parsed transaction: withdraw 8 449.000000 
Loaded withdrawal transaction
Parsed transaction: withdraw 9 163.000000 
Loaded withdrawal transaction
********************************************
********************************************
   Reading and parsing a transaction file   
********************************************
Parsed transaction: deposit 0 907.000000 
Loaded deposit transaction
Parsed transaction: deposit 1 911.000000 
Loaded deposit transaction
Parsed transaction: deposit 2 919.000000 
Loaded deposit transaction
Parsed transaction: deposit 3 929.000000 
Loaded deposit transaction
Parsed transaction: deposit 4 937.000000 
Loaded deposit transaction
Parsed transaction: deposit 5 941.000000 
Loaded deposit transaction
Parsed transaction: deposit 6 953.000000 
Loaded deposit transaction
Parsed transaction: deposit 7 967.000000 
Loaded deposit transaction
Parsed transaction: transfer 1 7 19.000000 
Loaded transfer transaction
Parsed transaction: transfer 2 7 23.000000 
Loaded transfer transaction
Parsed transaction: transfer 3 7 29.000000 
Loaded transfer transaction
Parsed transaction: transfer 7 6 31.000000 
Loaded transfer transaction
Parsed transaction: transfer 7 5 37.000000 
Loaded transfer transaction
Parsed transaction: transfer 7 4 3.000000 
Loaded transfer transaction
Parsed transaction: transfer 7 4 5.000000 
Loaded transfer transaction
Parsed transaction: transfer 6 5 67.000000 
Loaded transfer transaction
Parsed transaction: transfer 4 5 53.000000 
Loaded transfer transaction
Parsed transaction: transfer 1 8 89.000000 
Loaded transfer transaction
Parsed transaction: transfer 1 9 163.000000 
Loaded transfer transaction
Parsed transaction: withdraw 1 41.000000 
Loaded withdrawal transaction
Parsed transaction: withdraw 2 71.000000 
Loaded withdrawal transaction
Parsed transaction: withdraw 3 127.000000 
Loaded withdrawal transaction
Parsed transaction: withdraw 4 167.000000 
Loaded withdrawal transaction
Parsed transaction: withdraw 5 307.000000 
Loaded withdrawal transaction
Parsed transaction: withdraw 6 647.000000 
Loaded withdrawal transaction
Parsed transaction: withdraw 7 593.000000 
Loaded withdrawal transaction
Parsed transaction: withdraw 8 449.000000 
Loaded withdrawal transaction
Parsed transaction: withdraw 9 163.000000 
Loaded withdrawal transaction
********************************************
********************************************
   Reading and parsing a transaction file   
********************************************
Parsed transaction: withdraw 1 500.000000 
Loaded withdrawal transaction
Parsed transaction: withdraw 2 500.000000 
Loaded withdrawal transaction
Parsed transaction: withdraw 3 500.000000 
Loaded withdrawal transaction
Parsed transaction: withdraw 4 500.000000 
Loaded withdrawal transaction
Parsed transaction: withdraw 5 500.000000 
Loaded withdrawal transaction
Parsed transaction: withdraw 6 500.000000 
Loaded withdrawal transaction
Parsed transaction: withdraw 7 500.000000 
Loaded withdrawal transaction
Parsed transaction: withdraw 8 500.000000 
Loaded withdrawal transaction
Parsed transaction: withdraw 9 500.000000 
Loaded withdrawal transaction
Parsed transaction: withdraw 0 500.000000 
Loaded withdrawal transaction
Parsed transaction: withdraw 1 500.000000 
Loaded withdrawal transaction
Parsed transaction: withdraw 2 500.000000 
Loaded withdrawal transaction
Parsed transaction: withdraw 3 500.000000 
Loaded withdrawal transaction
Parsed transaction: withdraw 4 500.000000 
Loaded withdrawal transaction
Parsed transaction: withdraw 5 500.000000 
Loaded withdrawal transaction
Parsed transaction: withdraw 6 500.000000 
Loaded withdrawal transaction
Parsed transaction: withdraw 7 500.000000 
Loaded withdrawal transaction
Parsed transaction: withdraw 8 500.000000 
Loaded withdrawal transaction
Parsed transaction: withdraw 9 500.000000 
Loaded withdrawal transaction
Parsed transaction: withdraw 0 500.000000 
Loaded withdrawal transaction
Parsed transaction: withdraw 1 500.000000 
Loaded withdrawal transaction
Parsed transaction: withdraw 2 500.000000 
Loaded withdrawal transaction
Parsed transaction: withdraw 3 500.000000 
Loaded withdrawal transaction
Parsed transaction: withdraw 4 500.000000 
Loaded withdrawal transaction
Parsed transaction: withdraw 5 500.000000 
Loaded withdrawal transaction
Parsed transaction: withdraw 6 500.000000 
Loaded withdrawal transaction
Parsed transaction: withdraw 7 500.000000 
Loaded withdrawal transaction
Parsed transaction: withdraw 8 500.000000 
Loaded withdrawal transaction
Parsed transaction: withdraw 9 500.000000 
Loaded withdrawal transaction
Parsed transaction: withdraw 0 500.000000 
Loaded withdrawal transaction
********************************************
********************************************
   Reading and parsing a transaction file   
********************************************
Parsed transaction: deposit 0 100.000000 
Loaded deposit transaction
Parsed transaction: deposit 0 200.000000 
Loaded deposit transaction
Parsed transaction: deposit 0 300.000000 
Loaded deposit transaction
Parsed transaction: withdraw 0 200.000000 
Loaded withdrawal transaction
Parsed transaction: withdraw 0 100.000000 
Loaded withdrawal transaction
Parsed transaction: withdraw 0 50.000000 
Loaded withdrawal transaction
Parsed transaction: transfer 1 0 200.000000 
Loaded transfer transaction
Parsed transaction: balance 0 
Loaded balance transaction
********************************************
  ***    Start of transaction batch    ***  
User 0, Acc 7 Balance 0.000000, Deposit 9929.000000 
User 0, Acc 4 Balance 0.000000, Deposit 937.000000 
User 0, Acc 5 Balance 0.000000, Deposit 941.000000 
User 0, Acc 0 Balance 0.000000, Deposit 7.000000 
User 0, Acc 3 Balance 0.000000, Deposit 29.000000 
User 0, Acc 7 Balance 9929.000000, Deposit 9.000000 
User 0, Acc 9 Balance 0.000000, Deposit 129.000000 
User 0, Acc 3 Balance 29.000000, Transfer 29.000000 to Acc 7
User 0, Acc 7 Balance 9967.000000, Transfer 31.000000 to Acc 6
User 0, Acc 7 Balance 9936.000000, Transfer 137.000000 to Acc 5
User 0, Acc 7 Balance 9799.000000, Transfer 3.000000 to Acc 4
User 0, Acc 7 Balance 9796.000000, Transfer 5.000000 to Acc 4
User 2, Acc 0 Balance 7.000000, Deposit 907.000000 
User 2, Acc 1 Balance 0.000000, Deposit 911.000000 
User 2, Acc 2 Balance 0.000000, Deposit 919.000000 
User 2, Acc 3 Balance 0.000000, Deposit 929.000000 
User 2, Acc 4 Balance 945.000000, Deposit 937.000000 
User 2, Acc 5 Balance 1078.000000, Deposit 941.000000 
User 2, Acc 6 Balance 31.000000, Deposit 953.000000 
User 2, Acc 7 Balance 9791.000000, Deposit 967.000000 
User 2, Acc 1 Balance 911.000000, Transfer 19.000000 to Acc 7
User 2, Acc 2 Balance 919.000000, Transfer 23.000000 to Acc 7
User 2, Acc 3 Balance 929.000000, Transfer 29.000000 to Acc 7
User 2, Acc 7 Balance 10829.000000, Transfer 31.000000 to Acc 6
User 2, Acc 7 Balance 10798.000000, Transfer 37.000000 to Acc 5
User 2, Acc 7 Balance 10761.000000, Transfer 3.000000 to Acc 4
User 2, Acc 7 Balance 10758.000000, Transfer 5.000000 to Acc 4
User 2, Acc 6 Balance 1015.000000, Transfer 67.000000 to Acc 5
User 2, Acc 4 Balance 1890.000000, Transfer 53.000000 to Acc 5
User 2, Acc 1 Balance 892.000000, Transfer 89.000000 to Acc 8
User 2, Acc 1 Balance 803.000000, Transfer 163.000000 to Acc 9
User 1, Acc 0 Balance 7.000000, Deposit 100.000000 
User 1, Acc 0 Balance 1014.000000, Deposit 200.000000 
User 1, Acc 0 Balance 1214.000000, Deposit 300.000000 
User 1, Acc 0 Balance 1514.000000, Withdraw 200.000000 
User 1, Acc 0 Balance 1314.000000, Withdraw 100.000000 
User 1, Acc 0 Balance 1214.000000, Withdraw 50.000000 
User 1, Acc 1 Balance 640.000000, Transfer 200.000000 to Acc 0
Balance in 0: 1364.000000
User 1, Acc 7 Balance 10753.000000, Deposit 9929.000000 
User 1, Acc 4 Balance 1837.000000, Deposit 937.000000 
User 1, Acc 5 Balance 2176.000000, Deposit 941.000000 
User 1, Acc 0 Balance 1364.000000, Deposit 7.000000 
User 1, Acc 3 Balance 900.000000, Deposit 29.000000 
User 1, Acc 7 Balance 20682.000000, Deposit 9.000000 
User 1, Acc 9 Balance 292.000000, Deposit 129.000000 
User 1, Acc 3 Balance 929.000000, Transfer 29.000000 to Acc 7
User 1, Acc 7 Balance 20720.000000, Transfer 31.000000 to Acc 6
User 1, Acc 7 Balance 20689.000000, Transfer 137.000000 to Acc 5
User 1, Acc 7 Balance 20552.000000, Transfer 3.000000 to Acc 4
User 1, Acc 7 Balance 20549.000000, Transfer 5.000000 to Acc 4
User 1, Acc 4 Balance 2782.000000, Withdraw 1167.000000 
User 1, Acc 5 Balance 3254.000000, Withdraw 1307.000000 
User 1, Acc 1 Balance 440.000000, Transfer 89.000000 to Acc 8
User 1, Acc 1 Balance 351.000000, Transfer 163.000000 to Acc 9
User 1, Acc 1 Balance 188.000000, Withdraw 41.000000 
User 1, Acc 2 Balance 896.000000, Withdraw 71.000000 
[22;32mUser 1, Acc 3 Balance 900.000000, 				Withdraw 1127.000000 --insufficient funds[0m
User 1, Acc 6 Balance 979.000000, Withdraw 647.000000 
User 1, Acc 6 Balance 332.000000, Deposit 1953.000000 
User 1, Acc 7 Balance 20544.000000, Deposit 967.000000 
User 1, Acc 1 Balance 147.000000, Transfer 19.000000 to Acc 7
User 1, Acc 2 Balance 825.000000, Transfer 23.000000 to Acc 7
User 1, Acc 6 Balance 2285.000000, Transfer 1167.000000 to Acc 5
User 1, Acc 4 Balance 1615.000000, Transfer 53.000000 to Acc 5
User 1, Acc 7 Balance 21553.000000, Withdraw 1593.000000 
[22;32mUser 1, Acc 8 Balance 178.000000, 				Withdraw 449.000000 --insufficient funds[0m
User 1, Acc 9 Balance 584.000000, Withdraw 163.000000 
User 1, Acc 7 Balance 19960.000000, Deposit 9929.000000 
User 1, Acc 4 Balance 1562.000000, Deposit 937.000000 
User 1, Acc 5 Balance 3167.000000, Deposit 941.000000 
User 1, Acc 0 Balance 1371.000000, Deposit 7.000000 
User 1, Acc 3 Balance 900.000000, Deposit 29.000000 
User 1, Acc 7 Balance 29889.000000, Deposit 9.000000 
User 1, Acc 9 Balance 421.000000, Deposit 129.000000 
User 1, Acc 3 Balance 929.000000, Transfer 29.000000 to Acc 7
User 1, Acc 7 Balance 29927.000000, Transfer 31.000000 to Acc 6
User 1, Acc 7 Balance 29896.000000, Transfer 137.000000 to Acc 5
User 1, Acc 7 Balance 29759.000000, Transfer 3.000000 to Acc 4
User 1, Acc 7 Balance 29756.000000, Transfer 5.000000 to Acc 4
User 1, Acc 4 Balance 2507.000000, Withdraw 1167.000000 
User 1, Acc 5 Balance 4245.000000, Withdraw 1307.000000 
User 1, Acc 1 Balance 128.000000, Transfer 89.000000 to Acc 8
[22;32mUser 1, Acc 1 Balance 39.000000, 				Withdraw 41.000000 --insufficient funds[0m
User 1, Acc 2 Balance 802.000000, Withdraw 71.000000 
[22;32mUser 3, Acc 1 Balance 0.000000, 				Withdraw 500.000000 --insufficient funds[0m
User 2, Acc 1 Balance 640.000000, Withdraw 41.000000 
[22;32mUser 0, Acc 4 Balance 945.000000, 				Withdraw 1167.000000 --insufficient funds[0m
[22;32mUser 1, Acc 3 Balance 900.000000, 				Withdraw 1127.000000 --insufficient funds[0m
User 0, Acc 5 Balance 2938.000000, Withdraw 1307.000000 
User 2, Acc 2 Balance 731.000000, Withdraw 71.000000 
[22;32mUser 0, Acc 1 Balance -2.000000, 				Withdraw 41.000000 --insufficient funds[0m
User 2, Acc 3 Balance 900.000000, Withdraw 127.000000 
User 3, Acc 2 Balance 731.000000, Withdraw 500.000000 
User 1, Acc 6 Balance 1149.000000, Withdraw 647.000000 
User 3, Acc 3 Balance 773.000000, Withdraw 500.000000 
User 0, Acc 2 Balance 660.000000, Withdraw 71.000000 
User 3, Acc 4 Balance 1340.000000, Withdraw 500.000000 
[22;32mUser 0, Acc 3 Balance 273.000000, 				Withdraw 1127.000000 --insufficient funds[0m
User 3, Acc 5 Balance 1631.000000, Withdraw 500.000000 
User 3, Acc 6 Balance 502.000000, Withdraw 500.000000 
User 3, Acc 7 Balance 29751.000000, Withdraw 500.000000 
[22;32mUser 3, Acc 8 Balance 267.000000, 				Withdraw 500.000000 --insufficient funds[0m
[22;32mUser 0, Acc 6 Balance 502.000000, 				Withdraw 647.000000 --insufficient funds[0m
User 3, Acc 9 Balance 550.000000, Withdraw 500.000000 
User 0, Acc 6 Balance 2.000000, Deposit 1953.000000 
User 2, Acc 4 Balance 1340.000000, Withdraw 167.000000 
User 2, Acc 5 Balance 1131.000000, Withdraw 307.000000 
User 2, Acc 6 Balance 1955.000000, Withdraw 647.000000 
User 2, Acc 7 Balance 29251.000000, Withdraw 593.000000 
[22;32mUser 2, Acc 8 Balance 267.000000, 				Withdraw 449.000000 --insufficient funds[0m
[22;32mUser 2, Acc 9 Balance 50.000000, 				Withdraw 163.000000 --insufficient funds[0m
User 1, Acc 6 Balance 502.000000, Deposit 1953.000000 
User 1, Acc 7 Balance 28658.000000, Deposit 967.000000 
User 1, Acc 2 Balance 89.000000, Transfer 23.000000 to Acc 7
User 1, Acc 6 Balance 3261.000000, Transfer 1167.000000 to Acc 5
User 1, Acc 4 Balance 673.000000, Transfer 53.000000 to Acc 5
User 1, Acc 7 Balance 29648.000000, Withdraw 1593.000000 
[22;32mUser 1, Acc 8 Balance 267.000000, 				Withdraw 449.000000 --insufficient funds[0m
[22;32mUser 1, Acc 9 Balance 50.000000, 				Withdraw 163.000000 --insufficient funds[0m
User 1, Acc 7 Balance 28055.000000, Deposit 9929.000000 
User 1, Acc 4 Balance 620.000000, Deposit 937.000000 
User 1, Acc 5 Balance 2044.000000, Deposit 941.000000 
User 1, Acc 0 Balance 1378.000000, Deposit 7.000000 
User 1, Acc 3 Balance 273.000000, Deposit 29.000000 
User 1, Acc 7 Balance 37984.000000, Deposit 9.000000 
User 1, Acc 9 Balance 50.000000, Deposit 129.000000 
User 1, Acc 3 Balance 302.000000, Transfer 29.000000 to Acc 7
User 1, Acc 7 Balance 38022.000000, Transfer 31.000000 to Acc 6
User 1, Acc 7 Balance 37991.000000, Transfer 137.000000 to Acc 5
User 1, Acc 7 Balance 37854.000000, Transfer 3.000000 to Acc 4
User 1, Acc 7 Balance 37851.000000, Transfer 5.000000 to Acc 4
User 1, Acc 4 Balance 1565.000000, Withdraw 1167.000000 
User 1, Acc 5 Balance 3122.000000, Withdraw 1307.000000 
[22;32mUser 1, Acc 1 Balance -2.000000, 				Withdraw 41.000000 --insufficient funds[0m
[22;32mUser 1, Acc 2 Balance 66.000000, 				Withdraw 71.000000 --insufficient funds[0m
[22;32mUser 1, Acc 3 Balance 273.000000, 				Withdraw 1127.000000 --insufficient funds[0m
User 1, Acc 6 Balance 2125.000000, Withdraw 647.000000 
User 1, Acc 6 Balance 1478.000000, Deposit 1953.000000 
User 1, Acc 7 Balance 37846.000000, Deposit 967.000000 
User 1, Acc 2 Balance 66.000000, Transfer 23.000000 to Acc 7
User 1, Acc 6 Balance 3431.000000, Transfer 1167.000000 to Acc 5
User 1, Acc 4 Balance 398.000000, Transfer 53.000000 to Acc 5
User 1, Acc 7 Balance 38836.000000, Withdraw 1593.000000 
[22;32mUser 1, Acc 8 Balance 267.000000, 				Withdraw 449.000000 --insufficient funds[0m
User 1, Acc 9 Balance 179.000000, Withdraw 163.000000 
[22;32mUser 1, Acc 1 Balance -2.000000, 				Withdraw 500.000000 --insufficient funds[0m
[22;32mUser 1, Acc 2 Balance 43.000000, 				Withdraw 500.000000 --insufficient funds[0m
[22;32mUser 1, Acc 3 Balance 273.000000, 				Withdraw 500.000000 --insufficient funds[0m
[22;32mUser 1, Acc 4 Balance 345.000000, 				Withdraw 500.000000 --insufficient funds[0m
User 1, Acc 5 Balance 3035.000000, Withdraw 500.000000 
User 1, Acc 6 Balance 2264.000000, Withdraw 500.000000 
User 1, Acc 7 Balance 37243.000000, Withdraw 500.000000 
[22;32mUser 1, Acc 8 Balance 267.000000, 				Withdraw 500.000000 --insufficient funds[0m
[22;32mUser 1, Acc 9 Balance 16.000000, 				Withdraw 500.000000 --insufficient funds[0m
User 1, Acc 0 Balance 1385.000000, Withdraw 500.000000 
[22;32mUser 1, Acc 1 Balance -2.000000, 				Withdraw 500.000000 --insufficient funds[0m
[22;32mUser 1, Acc 2 Balance 43.000000, 				Withdraw 500.000000 --insufficient funds[0m
User 0, Acc 7 Balance 29251.000000, Deposit 967.000000 
User 2, Acc 0 Balance 1378.000000, Deposit 907.000000 
User 3, Acc 0 Balance 1378.000000, Withdraw 500.000000 
[22;32mUser 1, Acc 3 Balance 273.000000, 				Withdraw 500.000000 --insufficient funds[0m
[22;32mUser 3, Acc 1 Balance -2.000000, 				Withdraw 500.000000 --insufficient funds[0m
User 0, Acc 2 Balance 43.000000, Transfer 23.000000 to Acc 7
[22;32mUser 1, Acc 4 Balance 345.000000, 				Withdraw 500.000000 --insufficient funds[0m
User 0, Acc 6 Balance 1764.000000, Transfer 1167.000000 to Acc 5
[22;32mUser 3, Acc 2 Balance 43.000000, 				Withdraw 500.000000 --insufficient funds[0m
User 0, Acc 4 Balance 345.000000, Transfer 53.000000 to Acc 5
[22;32mUser 3, Acc 3 Balance 273.000000, 				Withdraw 500.000000 --insufficient funds[0m
User 0, Acc 7 Balance 37733.000000, Withdraw 1593.000000 
User 2, Acc 1 Balance -2.000000, Deposit 911.000000 
User 2, Acc 2 Balance 20.000000, Deposit 919.000000 
User 1, Acc 5 Balance 2535.000000, Withdraw 500.000000 
User 1, Acc 6 Balance 597.000000, Withdraw 500.000000 
User 1, Acc 7 Balance 36140.000000, Withdraw 500.000000 
[22;32mUser 1, Acc 8 Balance 267.000000, 				Withdraw 500.000000 --insufficient funds[0m
[22;32mUser 1, Acc 9 Balance 16.000000, 				Withdraw 500.000000 --insufficient funds[0m
User 1, Acc 0 Balance 1292.000000, Withdraw 500.000000 
User 1, Acc 1 Balance 909.000000, Withdraw 500.000000 
User 1, Acc 2 Balance 939.000000, Withdraw 500.000000 
[22;32mUser 1, Acc 3 Balance 273.000000, 				Withdraw 500.000000 --insufficient funds[0m
[22;32mUser 0, Acc 8 Balance 267.000000, 				Withdraw 449.000000 --insufficient funds[0m
User 2, Acc 3 Balance 273.000000, Deposit 929.000000 
[22;32mUser 3, Acc 4 Balance 292.000000, 				Withdraw 500.000000 --insufficient funds[0m
[22;32mUser 1, Acc 4 Balance 292.000000, 				Withdraw 500.000000 --insufficient funds[0m
User 3, Acc 5 Balance 3255.000000, Withdraw 500.000000 
User 2, Acc 4 Balance 292.000000, Deposit 937.000000 
User 1, Acc 5 Balance 3255.000000, Withdraw 500.000000 
[22;32mUser 0, Acc 9 Balance 16.000000, 				Withdraw 163.000000 --insufficient funds[0m
[22;32mUser 3, Acc 6 Balance 97.000000, 				Withdraw 500.000000 --insufficient funds[0m
User 0, Acc 0 Balance 792.000000, Deposit 907.000000 
User 3, Acc 7 Balance 35640.000000, Withdraw 500.000000 
User 0, Acc 1 Balance 409.000000, Deposit 911.000000 
[22;32mUser 3, Acc 8 Balance 267.000000, 				Withdraw 500.000000 --insufficient funds[0m
User 2, Acc 5 Balance 2755.000000, Deposit 941.000000 
User 2, Acc 6 Balance 97.000000, Deposit 953.000000 
[22;32mUser 1, Acc 6 Balance 97.000000, 				Withdraw 500.000000 --insufficient funds[0m
User 2, Acc 7 Balance 35140.000000, Deposit 967.000000 
User 2, Acc 1 Balance 1320.000000, Transfer 19.000000 to Acc 7
User 2, Acc 2 Balance 439.000000, Transfer 23.000000 to Acc 7
User 1, Acc 7 Balance 36107.000000, Withdraw 500.000000 
[22;32mUser 3, Acc 9 Balance 16.000000, 				Withdraw 500.000000 --insufficient funds[0m
User 3, Acc 0 Balance 1699.000000, Withdraw 500.000000 
User 3, Acc 1 Balance 1301.000000, Withdraw 500.000000 
[22;32mUser 3, Acc 2 Balance 416.000000, 				Withdraw 500.000000 --insufficient funds[0m
User 0, Acc 2 Balance 439.000000, Deposit 919.000000 
User 0, Acc 3 Balance 1202.000000, Deposit 929.000000 
User 0, Acc 4 Balance 1229.000000, Deposit 937.000000 
User 0, Acc 5 Balance 3196.000000, Deposit 941.000000 
User 0, Acc 6 Balance 1050.000000, Deposit 953.000000 
User 0, Acc 7 Balance 35649.000000, Deposit 967.000000 
User 0, Acc 1 Balance 801.000000, Transfer 19.000000 to Acc 7
User 0, Acc 2 Balance 1335.000000, Transfer 23.000000 to Acc 7
User 0, Acc 3 Balance 2131.000000, Transfer 29.000000 to Acc 7
User 0, Acc 7 Balance 36687.000000, Transfer 31.000000 to Acc 6
User 0, Acc 7 Balance 36656.000000, Transfer 37.000000 to Acc 5
User 0, Acc 7 Balance 36619.000000, Transfer 3.000000 to Acc 4
User 0, Acc 7 Balance 36616.000000, Transfer 5.000000 to Acc 4
User 0, Acc 6 Balance 2034.000000, Transfer 67.000000 to Acc 5
User 0, Acc 4 Balance 2174.000000, Transfer 53.000000 to Acc 5
User 0, Acc 1 Balance 782.000000, Transfer 89.000000 to Acc 8
User 0, Acc 1 Balance 693.000000, Transfer 163.000000 to Acc 9
User 0, Acc 1 Balance 530.000000, Withdraw 41.000000 
User 0, Acc 2 Balance 1312.000000, Withdraw 71.000000 
User 0, Acc 3 Balance 2102.000000, Withdraw 127.000000 
User 0, Acc 4 Balance 2121.000000, Withdraw 167.000000 
User 0, Acc 5 Balance 4294.000000, Withdraw 307.000000 
User 0, Acc 6 Balance 1967.000000, Withdraw 647.000000 
User 0, Acc 7 Balance 36611.000000, Withdraw 593.000000 
User 2, Acc 3 Balance 1202.000000, Transfer 29.000000 to Acc 7
User 2, Acc 7 Balance 36047.000000, Transfer 31.000000 to Acc 6
User 2, Acc 7 Balance 36016.000000, Transfer 37.000000 to Acc 5
User 2, Acc 7 Balance 35979.000000, Transfer 3.000000 to Acc 4
[22;32mUser 1, Acc 8 Balance 267.000000, 				Withdraw 500.000000 --insufficient funds[0m
User 2, Acc 7 Balance 35976.000000, Transfer 5.000000 to Acc 4
User 2, Acc 6 Balance 1351.000000, Transfer 67.000000 to Acc 5
User 2, Acc 4 Balance 1962.000000, Transfer 53.000000 to Acc 5
User 2, Acc 1 Balance 489.000000, Transfer 89.000000 to Acc 8
[22;32mUser 1, Acc 9 Balance 179.000000, 				Withdraw 500.000000 --insufficient funds[0m
User 2, Acc 1 Balance 400.000000, Transfer 163.000000 to Acc 9
User 2, Acc 1 Balance 237.000000, Withdraw 41.000000 
[22;32mUser 0, Acc 8 Balance 356.000000, 				Withdraw 449.000000 --insufficient funds[0m
User 1, Acc 0 Balance 1199.000000, Withdraw 500.000000 
User 0, Acc 9 Balance 342.000000, Withdraw 163.000000 
User 3, Acc 3 Balance 1202.000000, Withdraw 500.000000 
User 0, Acc 0 Balance 699.000000, Deposit 100.000000 
User 3, Acc 4 Balance 1909.000000, Withdraw 500.000000 
User 0, Acc 0 Balance 799.000000, Deposit 200.000000 
User 2, Acc 2 Balance 1241.000000, Withdraw 71.000000 
User 2, Acc 3 Balance 1446.000000, Withdraw 127.000000 
User 2, Acc 4 Balance 1409.000000, Withdraw 167.000000 
User 2, Acc 5 Balance 4144.000000, Withdraw 307.000000 
User 2, Acc 6 Balance 1284.000000, Withdraw 647.000000 
User 2, Acc 7 Balance 35971.000000, Withdraw 593.000000 
[22;32mUser 2, Acc 8 Balance 445.000000, 				Withdraw 449.000000 --insufficient funds[0m
User 2, Acc 9 Balance 179.000000, Withdraw 163.000000 
[22;32mUser 2, Acc 1 Balance 196.000000, 				Withdraw 500.000000 --insufficient funds[0m
User 0, Acc 0 Balance 999.000000, Deposit 300.000000 
User 3, Acc 5 Balance 4144.000000, Withdraw 500.000000 
User 0, Acc 0 Balance 1299.000000, Withdraw 200.000000 
User 3, Acc 6 Balance 637.000000, Withdraw 500.000000 
User 3, Acc 7 Balance 35378.000000, Withdraw 500.000000 
[22;32mUser 3, Acc 8 Balance 445.000000, 				Withdraw 500.000000 --insufficient funds[0m
User 0, Acc 0 Balance 1099.000000, Withdraw 100.000000 
User 0, Acc 0 Balance 999.000000, Withdraw 50.000000 
Balance in 0: 949.000000
User 1, Acc 0 Balance 699.000000, Deposit 907.000000 
User 1, Acc 1 Balance 196.000000, Deposit 911.000000 
User 1, Acc 2 Balance 1170.000000, Deposit 919.000000 
User 1, Acc 3 Balance 1319.000000, Deposit 929.000000 
User 1, Acc 4 Balance 1242.000000, Deposit 937.000000 
User 1, Acc 5 Balance 3337.000000, Deposit 941.000000 
User 1, Acc 6 Balance 137.000000, Deposit 953.000000 
User 1, Acc 7 Balance 34878.000000, Deposit 967.000000 
User 1, Acc 1 Balance 1107.000000, Transfer 19.000000 to Acc 7
User 1, Acc 2 Balance 2089.000000, Transfer 23.000000 to Acc 7
User 1, Acc 3 Balance 2248.000000, Transfer 29.000000 to Acc 7
User 1, Acc 7 Balance 35916.000000, Transfer 31.000000 to Acc 6
User 1, Acc 7 Balance 35885.000000, Transfer 37.000000 to Acc 5
User 1, Acc 7 Balance 35848.000000, Transfer 3.000000 to Acc 4
User 1, Acc 7 Balance 35845.000000, Transfer 5.000000 to Acc 4
User 1, Acc 6 Balance 1121.000000, Transfer 67.000000 to Acc 5
User 1, Acc 4 Balance 2187.000000, Transfer 53.000000 to Acc 5
User 1, Acc 1 Balance 1088.000000, Transfer 89.000000 to Acc 8
User 1, Acc 1 Balance 999.000000, Transfer 163.000000 to Acc 9
User 1, Acc 1 Balance 836.000000, Withdraw 41.000000 
User 1, Acc 2 Balance 2066.000000, Withdraw 71.000000 
User 1, Acc 3 Balance 2219.000000, Withdraw 127.000000 
User 1, Acc 4 Balance 2134.000000, Withdraw 167.000000 
User 1, Acc 5 Balance 4435.000000, Withdraw 307.000000 
User 1, Acc 6 Balance 1054.000000, Withdraw 647.000000 
User 1, Acc 7 Balance 35840.000000, Withdraw 593.000000 
User 1, Acc 8 Balance 534.000000, Withdraw 449.000000 
User 1, Acc 9 Balance 179.000000, Withdraw 163.000000 
User 2, Acc 2 Balance 1170.000000, Withdraw 500.000000 
[22;32mUser 0, Acc 1 Balance 196.000000, 				Withdraw 500.000000 --insufficient funds[0m
User 2, Acc 3 Balance 2092.000000, Withdraw 500.000000 
User 2, Acc 4 Balance 1967.000000, Withdraw 500.000000 
User 0, Acc 2 Balance 1495.000000, Withdraw 500.000000 
User 0, Acc 3 Balance 1592.000000, Withdraw 500.000000 
User 0, Acc 4 Balance 1467.000000, Withdraw 500.000000 
User 0, Acc 5 Balance 4128.000000, Withdraw 500.000000 
[22;32mUser 0, Acc 6 Balance 407.000000, 				Withdraw 500.000000 --insufficient funds[0m
User 0, Acc 7 Balance 35247.000000, Withdraw 500.000000 
[22;32mUser 0, Acc 8 Balance 85.000000, 				Withdraw 500.000000 --insufficient funds[0m
[22;32mUser 0, Acc 9 Balance 16.000000, 				Withdraw 500.000000 --insufficient funds[0m
User 0, Acc 0 Balance 1856.000000, Withdraw 500.000000 
User 0, Acc 1 Balance 795.000000, Withdraw 500.000000 
User 2, Acc 5 Balance 4128.000000, Withdraw 500.000000 
User 0, Acc 2 Balance 995.000000, Withdraw 500.000000 
[22;32mUser 2, Acc 6 Balance 407.000000, 				Withdraw 500.000000 --insufficient funds[0m
User 2, Acc 7 Balance 34747.000000, Withdraw 500.000000 
User 1, Acc 0 Balance 1856.000000, Deposit 100.000000 
User 0, Acc 3 Balance 1092.000000, Withdraw 500.000000 
User 1, Acc 0 Balance 1456.000000, Deposit 200.000000 
User 1, Acc 0 Balance 1656.000000, Deposit 300.000000 
User 1, Acc 0 Balance 1956.000000, Withdraw 200.000000 
User 0, Acc 4 Balance 967.000000, Withdraw 500.000000 
[22;32mUser 2, Acc 8 Balance 85.000000, 				Withdraw 500.000000 --insufficient funds[0m
User 0, Acc 5 Balance 3128.000000, Withdraw 500.000000 
[22;32mUser 2, Acc 9 Balance 16.000000, 				Withdraw 500.000000 --insufficient funds[0m
User 2, Acc 0 Balance 1756.000000, Withdraw 500.000000 
[22;32mUser 2, Acc 1 Balance 295.000000, 				Withdraw 500.000000 --insufficient funds[0m
[22;32mUser 3, Acc 9 Balance 16.000000, 				Withdraw 500.000000 --insufficient funds[0m
User 1, Acc 0 Balance 1756.000000, Withdraw 100.000000 
User 3, Acc 0 Balance 1256.000000, Withdraw 500.000000 
[22;32mUser 2, Acc 2 Balance 495.000000, 				Withdraw 500.000000 --insufficient funds[0m
User 2, Acc 3 Balance 592.000000, Withdraw 500.000000 
[22;32mUser 2, Acc 4 Balance 467.000000, 				Withdraw 500.000000 --insufficient funds[0m
User 2, Acc 5 Balance 2628.000000, Withdraw 500.000000 
User 1, Acc 0 Balance 1156.000000, Withdraw 50.000000 
[22;32mUser 2, Acc 6 Balance 407.000000, 				Withdraw 500.000000 --insufficient funds[0m
User 2, Acc 7 Balance 34247.000000, Withdraw 500.000000 
[22;32mUser 2, Acc 8 Balance 85.000000, 				Withdraw 500.000000 --insufficient funds[0m
[22;32mUser 2, Acc 9 Balance 16.000000, 				Withdraw 500.000000 --insufficient funds[0m
User 2, Acc 0 Balance 606.000000, Withdraw 500.000000 
[22;32mUser 2, Acc 1 Balance 295.000000, 				Withdraw 500.000000 --insufficient funds[0m
[22;32mUser 2, Acc 2 Balance 495.000000, 				Withdraw 500.000000 --insufficient funds[0m
[22;32mUser 2, Acc 3 Balance 92.000000, 				Withdraw 500.000000 --insufficient funds[0m
[22;32mUser 2, Acc 4 Balance 467.000000, 				Withdraw 500.000000 --insufficient funds[0m
User 2, Acc 5 Balance 2128.000000, Withdraw 500.000000 
[22;32mUser 2, Acc 6 Balance 407.000000, 				Withdraw 500.000000 --insufficient funds[0m
User 2, Acc 7 Balance 33747.000000, Withdraw 500.000000 
[22;32mUser 2, Acc 8 Balance 85.000000, 				Withdraw 500.000000 --insufficient funds[0m
[22;32mUser 2, Acc 9 Balance 16.000000, 				Withdraw 500.000000 --insufficient funds[0m
[22;32mUser 2, Acc 0 Balance 106.000000, 				Withdraw 500.000000 --insufficient funds[0m
[22;32mUser 0, Acc 6 Balance 407.000000, 				Withdraw 500.000000 --insufficient funds[0m
User 0, Acc 7 Balance 33247.000000, Withdraw 500.000000 
[22;32mUser 0, Acc 8 Balance 85.000000, 				Withdraw 500.000000 --insufficient funds[0m
[22;32mUser 0, Acc 9 Balance 16.000000, 				Withdraw 500.000000 --insufficient funds[0m
User 3, Acc 0 Balance 656.000000, Deposit 100.000000 
User 3, Acc 0 Balance 206.000000, Deposit 200.000000 
User 1, Acc 1 Balance 295.000000, Transfer 200.000000 to Acc 0
Balance in 0: 606.000000
[22;32mUser 0, Acc 0 Balance 106.000000, 				Withdraw 500.000000 --insufficient funds[0m
User 3, Acc 0 Balance 406.000000, Deposit 300.000000 
User 3, Acc 0 Balance 906.000000, Withdraw 200.000000 
User 3, Acc 0 Balance 706.000000, Withdraw 100.000000 
User 3, Acc 0 Balance 606.000000, Withdraw 50.000000 
Balance in 0: 556.000000
[22;32mUser 0, Acc 1 Balance 95.000000, 				Withdraw 500.000000 --insufficient funds[0m
[22;32mUser 0, Acc 2 Balance 495.000000, 				Withdraw 500.000000 --insufficient funds[0m
[22;32mUser 0, Acc 3 Balance 92.000000, 				Withdraw 500.000000 --insufficient funds[0m
[22;32mUser 0, Acc 4 Balance 467.000000, 				Withdraw 500.000000 --insufficient funds[0m
User 0, Acc 5 Balance 1628.000000, Withdraw 500.000000 
[22;32mUser 0, Acc 6 Balance 407.000000, 				Withdraw 500.000000 --insufficient funds[0m
User 0, Acc 7 Balance 32747.000000, Withdraw 500.000000 
[22;32mUser 0, Acc 8 Balance 85.000000, 				Withdraw 500.000000 --insufficient funds[0m
[22;32mUser 0, Acc 9 Balance 16.000000, 				Withdraw 500.000000 --insufficient funds[0m
User 0, Acc 0 Balance 556.000000, Withdraw 500.000000 
  ***     End of transaction batch    ***  
Account 0 balance after completion of transaction batch: 56.000000
Account 1 balance after completion of transaction batch: 95.000000
Account 2 balance after completion of transaction batch: 495.000000
Account 3 balance after completion of transaction batch: 92.000000
Account 4 balance after completion of transaction batch: 467.000000
Account 5 balance after completion of transaction batch: 1128.000000
Account 6 balance after completion of transaction batch: 407.000000
Account 7 balance after completion of transaction batch: 32247.000000
Account 8 balance after completion of transaction batch: 85.000000
Account 9 balance after completion of transaction batch: 16.000000
