# Output generated by:
# ./my_executable 4 data/transactions7.txt data/transactions11.txt data/transactions5.txt data/transactions1.txt

********************************************
   Reading and parsing a transaction file   
********************************************
Parsed transaction: deposit 7 9929.000000 
Loaded deposit transaction
Parsed transaction: deposit 4 937.000000 
Loaded deposit transaction
Parsed transaction: deposit 5 941.000000 
Loaded deposit transaction
Parsed transaction: deposit 0 7.000000 
Loaded deposit transaction
Parsed transaction: deposit 3 29.000000 
Loaded deposit transaction
Parsed transaction: deposit 7 9.000000 
Loaded deposit transaction
Parsed transaction: deposit 9 129.000000 
Loaded deposit transaction
Parsed transaction: transfer 3 7 29.000000 
Loaded transfer transaction
Parsed transaction: transfer 7 6 31.000000 
Loaded transfer transaction
Parsed transaction: transfer 7 5 137.000000 
Loaded transfer transaction
Parsed transaction: transfer 7 4 3.000000 
Loaded transfer transaction
Parsed transaction: transfer 7 4 5.000000 
Loaded transfer transaction
Parsed transaction: withdraw 4 1167.000000 
Loaded withdrawal transaction
Parsed transaction: withdraw 5 1307.000000 
Loaded withdrawal transaction
Parsed transaction: transfer 1 8 89.000000 
Loaded transfer transaction
Parsed transaction: transfer 1 9 163.000000 
Loaded transfer transaction
Parsed transaction: withdraw 1 41.000000 
Loaded withdrawal transaction
Parsed transaction: withdraw 2 71.000000 
Loaded withdrawal transaction
Parsed transaction: withdraw 3 1127.000000 
Loaded withdrawal transaction
Parsed transaction: withdraw 6 647.000000 
Loaded withdrawal transaction
Parsed transaction: deposit 6 1953.000000 
Loaded deposit transaction
Parsed transaction: deposit 7 967.000000 
Loaded deposit transaction
Parsed transaction: transfer 1 7 19.000000 
Loaded transfer transaction
Parsed transaction: transfer 2 7 23.000000 
Loaded transfer transaction
Parsed transaction: transfer 6 5 1167.000000 
Loaded transfer transaction
Parsed transaction: transfer 4 5 53.000000 
Loaded transfer transaction
Parsed transaction: withdraw 7 1593.000000 
Loaded withdrawal transaction
Parsed transaction: withdraw 8 449.000000 
Loaded withdrawal transaction
Parsed transaction: withdraw 9 163.000000 
Loaded withdrawal transaction
********************************************
********************************************
   Reading and parsing a transaction file   
********************************************
Parsed transaction: deposit 9 617.000000 
Loaded deposit transaction
Parsed transaction: transfer 9 9 617.000000 
Loaded transfer transaction
Parsed transaction: deposit 8 619.000000 
Loaded deposit transaction
Parsed transaction: transfer 8 2 619.000000 
Loaded transfer transaction
Parsed transaction: deposit 7 631.000000 
Loaded deposit transaction
Parsed transaction: transfer 7 3 631.000000 
Loaded transfer transaction
Parsed transaction: deposit 6 641.000000 
Loaded deposit transaction
Parsed transaction: transfer 6 4 641.000000 
Loaded transfer transaction
Parsed transaction: deposit 5 643.000000 
Loaded deposit transaction
Parsed transaction: transfer 5 6 1200.000000 
Loaded transfer transaction
Parsed transaction: deposit 4 647.000000 
Loaded deposit transaction
Parsed transaction: transfer 4 7 1200.000000 
Loaded transfer transaction
Parsed transaction: deposit 3 653.000000 
Loaded deposit transaction
Parsed transaction: transfer 3 8 1200.000000 
Loaded transfer transaction
Parsed transaction: deposit 2 659.000000 
Loaded deposit transaction
Parsed transaction: transfer 2 9 1200.000000 
Loaded transfer transaction
Parsed transaction: deposit 1 661.000000 
Loaded deposit transaction
Parsed transaction: transfer 1 9 1200.000000 
Loaded transfer transaction
Parsed transaction: deposit 0 673.000000 
Loaded deposit transaction
Parsed transaction: transfer 0 9 1200.000000 
Loaded transfer transaction
Parsed transaction: withdraw 1 50.000000 
Loaded withdrawal transaction
Parsed transaction: withdraw 2 50.000000 
Loaded withdrawal transaction
Parsed transaction: withdraw 3 50.000000 
Loaded withdrawal transaction
Parsed transaction: withdraw 4 50.000000 
Loaded withdrawal transaction
Parsed transaction: withdraw 5 50.000000 
Loaded withdrawal transaction
Parsed transaction: withdraw 6 50.000000 
Loaded withdrawal transaction
Parsed transaction: withdraw 7 50.000000 
Loaded withdrawal transaction
Parsed transaction: withdraw 8 50.000000 
Loaded withdrawal transaction
Parsed transaction: withdraw 9 50.000000 
Loaded withdrawal transaction
Parsed transaction: withdraw 0 50.000000 
Loaded withdrawal transaction
********************************************
********************************************
   Reading and parsing a transaction file   
********************************************
Parsed transaction: deposit 0 907.000000 
Loaded deposit transaction
Parsed transaction: deposit 1 911.000000 
Loaded deposit transaction
Parsed transaction: deposit 2 919.000000 
Loaded deposit transaction
Parsed transaction: transfer 3 7 29.000000 
Loaded transfer transaction
Parsed transaction: transfer 7 6 31.000000 
Loaded transfer transaction
Parsed transaction: transfer 7 5 37.000000 
Loaded transfer transaction
Parsed transaction: transfer 7 4 3.000000 
Loaded transfer transaction
Parsed transaction: transfer 7 4 5.000000 
Loaded transfer transaction
Parsed transaction: deposit 3 929.000000 
Loaded deposit transaction
Parsed transaction: deposit 4 937.000000 
Loaded deposit transaction
Parsed transaction: deposit 5 941.000000 
Loaded deposit transaction
Parsed transaction: withdraw 4 167.000000 
Loaded withdrawal transaction
Parsed transaction: withdraw 5 307.000000 
Loaded withdrawal transaction
Parsed transaction: transfer 1 8 89.000000 
Loaded transfer transaction
Parsed transaction: transfer 1 9 163.000000 
Loaded transfer transaction
Parsed transaction: withdraw 1 41.000000 
Loaded withdrawal transaction
Parsed transaction: withdraw 2 71.000000 
Loaded withdrawal transaction
Parsed transaction: withdraw 3 127.000000 
Loaded withdrawal transaction
Parsed transaction: withdraw 6 647.000000 
Loaded withdrawal transaction
Parsed transaction: deposit 6 953.000000 
Loaded deposit transaction
Parsed transaction: deposit 7 967.000000 
Loaded deposit transaction
Parsed transaction: transfer 1 7 19.000000 
Loaded transfer transaction
Parsed transaction: transfer 2 7 23.000000 
Loaded transfer transaction
Parsed transaction: transfer 6 5 67.000000 
Loaded transfer transaction
Parsed transaction: transfer 4 5 53.000000 
Loaded transfer transaction
Parsed transaction: withdraw 7 593.000000 
Loaded withdrawal transaction
Parsed transaction: withdraw 8 449.000000 
Loaded withdrawal transaction
Parsed transaction: withdraw 9 163.000000 
Loaded withdrawal transaction
********************************************
********************************************
   Reading and parsing a transaction file   
********************************************
Parsed transaction: deposit 0 100.000000 
Loaded deposit transaction
Parsed transaction: deposit 0 200.000000 
Loaded deposit transaction
Parsed transaction: deposit 0 300.000000 
Loaded deposit transaction
Parsed transaction: withdraw 0 200.000000 
Loaded withdrawal transaction
Parsed transaction: withdraw 0 100.000000 
Loaded withdrawal transaction
Parsed transaction: withdraw 0 50.000000 
Loaded withdrawal transaction
Parsed transaction: transfer 1 0 200.000000 
Loaded transfer transaction
Parsed transaction: balance 0 
Loaded balance transaction
********************************************
  ***    Start of transaction batch    ***  
User 0, Acc 7 Balance 0.000000, Deposit 9929.000000 
User 0, Acc 4 Balance 0.000000, Deposit 937.000000 
User 0, Acc 5 Balance 0.000000, Deposit 941.000000 
User 0, Acc 0 Balance 0.000000, Deposit 7.000000 
User 0, Acc 3 Balance 0.000000, Deposit 29.000000 
User 0, Acc 7 Balance 9929.000000, Deposit 9.000000 
User 0, Acc 9 Balance 0.000000, Deposit 129.000000 
User 0, Acc 3 Balance 29.000000, Transfer 29.000000 to Acc 7
User 0, Acc 7 Balance 9967.000000, Transfer 31.000000 to Acc 6
User 0, Acc 7 Balance 9936.000000, Transfer 137.000000 to Acc 5
User 0, Acc 7 Balance 9799.000000, Transfer 3.000000 to Acc 4
User 0, Acc 7 Balance 9796.000000, Transfer 5.000000 to Acc 4
[22;32mUser 0, Acc 4 Balance 945.000000, 				Withdraw 1167.000000 --insufficient funds[0m
[22;32mUser 0, Acc 5 Balance 1078.000000, 				Withdraw 1307.000000 --insufficient funds[0m
[22;32mUser 0, Acc 1 Balance 0.000000, 				Withdraw 41.000000 --insufficient funds[0m
[22;32mUser 0, Acc 2 Balance 0.000000, 				Withdraw 71.000000 --insufficient funds[0m
[22;32mUser 0, Acc 3 Balance 0.000000, 				Withdraw 1127.000000 --insufficient funds[0m
[22;32mUser 0, Acc 6 Balance 31.000000, 				Withdraw 647.000000 --insufficient funds[0m
User 0, Acc 6 Balance 31.000000, Deposit 1953.000000 
User 0, Acc 7 Balance 9791.000000, Deposit 967.000000 
User 0, Acc 6 Balance 1984.000000, Transfer 1167.000000 to Acc 5
User 0, Acc 4 Balance 945.000000, Transfer 53.000000 to Acc 5
User 0, Acc 7 Balance 10758.000000, Withdraw 1593.000000 
[22;32mUser 0, Acc 8 Balance 0.000000, 				Withdraw 449.000000 --insufficient funds[0m
[22;32mUser 0, Acc 9 Balance 129.000000, 				Withdraw 163.000000 --insufficient funds[0m
User 3, Acc 9 Balance 129.000000, Deposit 617.000000 
User 3, Acc 9 Balance 746.000000, Transfer 617.000000 to Acc 9
User 3, Acc 8 Balance 0.000000, Deposit 619.000000 
User 3, Acc 8 Balance 619.000000, Transfer 619.000000 to Acc 2
User 3, Acc 7 Balance 9165.000000, Deposit 631.000000 
User 0, Acc 0 Balance 7.000000, Deposit 100.000000 
User 0, Acc 0 Balance 107.000000, Deposit 200.000000 
User 0, Acc 0 Balance 307.000000, Deposit 300.000000 
User 0, Acc 0 Balance 607.000000, Withdraw 200.000000 
User 0, Acc 0 Balance 407.000000, Withdraw 100.000000 
User 0, Acc 0 Balance 307.000000, Withdraw 50.000000 
Balance in 0: 257.000000
User 3, Acc 7 Balance 9796.000000, Transfer 631.000000 to Acc 3
User 3, Acc 6 Balance 817.000000, Deposit 641.000000 
User 3, Acc 6 Balance 1458.000000, Transfer 641.000000 to Acc 4
User 3, Acc 5 Balance 2298.000000, Deposit 643.000000 
User 3, Acc 5 Balance 2941.000000, Transfer 1200.000000 to Acc 6
User 3, Acc 4 Balance 1533.000000, Deposit 647.000000 
User 3, Acc 4 Balance 2180.000000, Transfer 1200.000000 to Acc 7
User 3, Acc 3 Balance 631.000000, Deposit 653.000000 
User 3, Acc 3 Balance 1284.000000, Transfer 1200.000000 to Acc 8
User 3, Acc 2 Balance 619.000000, Deposit 659.000000 
User 3, Acc 2 Balance 1278.000000, Transfer 1200.000000 to Acc 9
User 3, Acc 1 Balance 0.000000, Deposit 661.000000 
User 3, Acc 0 Balance 257.000000, Deposit 673.000000 
User 3, Acc 1 Balance 661.000000, Withdraw 50.000000 
User 3, Acc 2 Balance 78.000000, Withdraw 50.000000 
User 3, Acc 3 Balance 84.000000, Withdraw 50.000000 
User 3, Acc 4 Balance 980.000000, Withdraw 50.000000 
User 3, Acc 5 Balance 1741.000000, Withdraw 50.000000 
User 3, Acc 6 Balance 2017.000000, Withdraw 50.000000 
User 3, Acc 7 Balance 10365.000000, Withdraw 50.000000 
User 3, Acc 8 Balance 1200.000000, Withdraw 50.000000 
User 3, Acc 9 Balance 1946.000000, Withdraw 50.000000 
User 3, Acc 0 Balance 930.000000, Withdraw 50.000000 
User 3, Acc 9 Balance 1896.000000, Deposit 617.000000 
User 0, Acc 7 Balance 9796.000000, Deposit 9929.000000 
User 1, Acc 7 Balance 9165.000000, Deposit 9929.000000 
User 1, Acc 4 Balance 930.000000, Deposit 937.000000 
User 3, Acc 9 Balance 2513.000000, Transfer 617.000000 to Acc 9
User 1, Acc 5 Balance 1691.000000, Deposit 941.000000 
User 3, Acc 8 Balance 1150.000000, Deposit 619.000000 
User 2, Acc 0 Balance 7.000000, Deposit 907.000000 
User 1, Acc 0 Balance 880.000000, Deposit 7.000000 
User 2, Acc 1 Balance 611.000000, Deposit 911.000000 
User 3, Acc 8 Balance 1769.000000, Transfer 619.000000 to Acc 2
User 1, Acc 3 Balance 34.000000, Deposit 29.000000 
User 3, Acc 7 Balance 30173.000000, Deposit 631.000000 
User 1, Acc 7 Balance 30173.000000, Deposit 9.000000 
User 3, Acc 7 Balance 30804.000000, Transfer 631.000000 to Acc 3
User 0, Acc 4 Balance 930.000000, Deposit 937.000000 
User 2, Acc 2 Balance 28.000000, Deposit 919.000000 
User 1, Acc 9 Balance 2513.000000, Deposit 129.000000 
User 2, Acc 3 Balance 694.000000, Transfer 29.000000 to Acc 7
User 1, Acc 3 Balance 694.000000, Transfer 29.000000 to Acc 7
User 1, Acc 7 Balance 30240.000000, Transfer 31.000000 to Acc 6
User 2, Acc 7 Balance 30211.000000, Transfer 31.000000 to Acc 6
User 1, Acc 7 Balance 30209.000000, Transfer 137.000000 to Acc 5
User 2, Acc 7 Balance 30178.000000, Transfer 37.000000 to Acc 5
User 3, Acc 6 Balance 1967.000000, Deposit 641.000000 
User 1, Acc 7 Balance 30041.000000, Transfer 3.000000 to Acc 4
User 2, Acc 7 Balance 30004.000000, Transfer 3.000000 to Acc 4
User 0, Acc 5 Balance 2632.000000, Deposit 941.000000 
User 3, Acc 6 Balance 2670.000000, Transfer 641.000000 to Acc 4
User 1, Acc 7 Balance 30001.000000, Transfer 5.000000 to Acc 4
User 2, Acc 7 Balance 29998.000000, Transfer 5.000000 to Acc 4
User 0, Acc 0 Balance 1794.000000, Deposit 7.000000 
User 2, Acc 3 Balance 636.000000, Deposit 929.000000 
User 2, Acc 4 Balance 3461.000000, Deposit 937.000000 
User 1, Acc 4 Balance 3456.000000, Withdraw 1167.000000 
User 3, Acc 5 Balance 3747.000000, Deposit 643.000000 
User 1, Acc 5 Balance 3747.000000, Withdraw 1307.000000 
User 3, Acc 5 Balance 4390.000000, Transfer 1200.000000 to Acc 6
User 2, Acc 5 Balance 3747.000000, Deposit 941.000000 
User 2, Acc 4 Balance 3231.000000, Withdraw 167.000000 
User 2, Acc 5 Balance 2824.000000, Withdraw 307.000000 
User 2, Acc 1 Balance 1522.000000, Transfer 89.000000 to Acc 8
User 2, Acc 1 Balance 1433.000000, Transfer 163.000000 to Acc 9
User 2, Acc 1 Balance 1270.000000, Withdraw 41.000000 
User 0, Acc 3 Balance 1565.000000, Deposit 29.000000 
User 0, Acc 7 Balance 29988.000000, Deposit 9.000000 
User 0, Acc 9 Balance 2805.000000, Deposit 129.000000 
User 0, Acc 3 Balance 1594.000000, Transfer 29.000000 to Acc 7
User 0, Acc 7 Balance 30026.000000, Transfer 31.000000 to Acc 6
User 0, Acc 7 Balance 29995.000000, Transfer 137.000000 to Acc 5
User 0, Acc 7 Balance 29858.000000, Transfer 3.000000 to Acc 4
User 0, Acc 7 Balance 29855.000000, Transfer 5.000000 to Acc 4
User 0, Acc 4 Balance 3072.000000, Withdraw 1167.000000 
User 0, Acc 5 Balance 2654.000000, Withdraw 1307.000000 
User 0, Acc 1 Balance 1229.000000, Transfer 89.000000 to Acc 8
User 0, Acc 1 Balance 1140.000000, Transfer 163.000000 to Acc 9
User 0, Acc 1 Balance 977.000000, Withdraw 41.000000 
User 0, Acc 2 Balance 1566.000000, Withdraw 71.000000 
User 0, Acc 3 Balance 1565.000000, Withdraw 1127.000000 
User 0, Acc 6 Balance 3260.000000, Withdraw 647.000000 
User 0, Acc 6 Balance 2613.000000, Deposit 1953.000000 
User 0, Acc 7 Balance 29850.000000, Deposit 967.000000 
User 0, Acc 1 Balance 936.000000, Transfer 19.000000 to Acc 7
User 0, Acc 2 Balance 1495.000000, Transfer 23.000000 to Acc 7
User 0, Acc 6 Balance 4566.000000, Transfer 1167.000000 to Acc 5
User 0, Acc 4 Balance 1905.000000, Transfer 53.000000 to Acc 5
User 0, Acc 7 Balance 30859.000000, Withdraw 1593.000000 
User 0, Acc 8 Balance 1328.000000, Withdraw 449.000000 
User 0, Acc 9 Balance 3097.000000, Withdraw 163.000000 
User 0, Acc 7 Balance 29266.000000, Deposit 9929.000000 
User 3, Acc 4 Balance 3231.000000, Deposit 647.000000 
User 0, Acc 4 Balance 1852.000000, Deposit 937.000000 
User 3, Acc 4 Balance 2499.000000, Transfer 1200.000000 to Acc 7
User 2, Acc 2 Balance 1566.000000, Withdraw 71.000000 
User 0, Acc 5 Balance 2567.000000, Deposit 941.000000 
User 3, Acc 3 Balance 438.000000, Deposit 653.000000 
User 1, Acc 1 Balance 1522.000000, Transfer 89.000000 to Acc 8
User 2, Acc 3 Balance 438.000000, Withdraw 127.000000 
User 0, Acc 0 Balance 1801.000000, Deposit 7.000000 
User 2, Acc 6 Balance 3399.000000, Withdraw 647.000000 
User 2, Acc 6 Balance 2752.000000, Deposit 953.000000 
User 1, Acc 1 Balance 828.000000, Transfer 163.000000 to Acc 9
User 3, Acc 2 Balance 1401.000000, Deposit 659.000000 
User 0, Acc 3 Balance 964.000000, Deposit 29.000000 
User 3, Acc 2 Balance 2060.000000, Transfer 1200.000000 to Acc 9
User 2, Acc 7 Balance 40395.000000, Deposit 967.000000 
User 1, Acc 1 Balance 665.000000, Withdraw 41.000000 
User 2, Acc 1 Balance 665.000000, Transfer 19.000000 to Acc 7
User 2, Acc 2 Balance 860.000000, Transfer 23.000000 to Acc 7
User 0, Acc 7 Balance 40395.000000, Deposit 9.000000 
User 0, Acc 9 Balance 4297.000000, Deposit 129.000000 
User 0, Acc 3 Balance 993.000000, Transfer 29.000000 to Acc 7
User 0, Acc 7 Balance 41442.000000, Transfer 31.000000 to Acc 6
User 0, Acc 7 Balance 41411.000000, Transfer 137.000000 to Acc 5
User 0, Acc 7 Balance 41274.000000, Transfer 3.000000 to Acc 4
User 0, Acc 7 Balance 41271.000000, Transfer 5.000000 to Acc 4
User 0, Acc 4 Balance 2244.000000, Withdraw 1167.000000 
User 0, Acc 5 Balance 3645.000000, Withdraw 1307.000000 
User 0, Acc 1 Balance 605.000000, Transfer 89.000000 to Acc 8
User 0, Acc 1 Balance 516.000000, Transfer 163.000000 to Acc 9
User 0, Acc 1 Balance 353.000000, Withdraw 41.000000 
User 0, Acc 2 Balance 837.000000, Withdraw 71.000000 
[22;32mUser 0, Acc 3 Balance 964.000000, 				Withdraw 1127.000000 --insufficient funds[0m
User 0, Acc 6 Balance 3736.000000, Withdraw 647.000000 
User 0, Acc 6 Balance 3089.000000, Deposit 1953.000000 
User 0, Acc 7 Balance 41266.000000, Deposit 967.000000 
User 0, Acc 1 Balance 312.000000, Transfer 19.000000 to Acc 7
User 0, Acc 2 Balance 766.000000, Transfer 23.000000 to Acc 7
User 0, Acc 6 Balance 5042.000000, Transfer 1167.000000 to Acc 5
User 0, Acc 4 Balance 1077.000000, Transfer 53.000000 to Acc 5
User 0, Acc 7 Balance 42275.000000, Withdraw 1593.000000 
User 0, Acc 8 Balance 1057.000000, Withdraw 449.000000 
User 0, Acc 9 Balance 4589.000000, Withdraw 163.000000 
User 0, Acc 0 Balance 1808.000000, Deposit 907.000000 
User 0, Acc 1 Balance 293.000000, Deposit 911.000000 
User 0, Acc 2 Balance 743.000000, Deposit 919.000000 
User 0, Acc 3 Balance 964.000000, Transfer 29.000000 to Acc 7
User 0, Acc 7 Balance 40711.000000, Transfer 31.000000 to Acc 6
User 0, Acc 7 Balance 40680.000000, Transfer 37.000000 to Acc 5
User 0, Acc 7 Balance 40643.000000, Transfer 3.000000 to Acc 4
User 0, Acc 7 Balance 40640.000000, Transfer 5.000000 to Acc 4
User 0, Acc 3 Balance 935.000000, Deposit 929.000000 
User 0, Acc 4 Balance 1032.000000, Deposit 937.000000 
User 0, Acc 5 Balance 3595.000000, Deposit 941.000000 
User 0, Acc 4 Balance 1969.000000, Withdraw 167.000000 
User 0, Acc 5 Balance 4536.000000, Withdraw 307.000000 
User 0, Acc 1 Balance 1204.000000, Transfer 89.000000 to Acc 8
User 0, Acc 1 Balance 1115.000000, Transfer 163.000000 to Acc 9
User 0, Acc 1 Balance 952.000000, Withdraw 41.000000 
User 0, Acc 2 Balance 1662.000000, Withdraw 71.000000 
User 0, Acc 3 Balance 1864.000000, Withdraw 127.000000 
User 0, Acc 6 Balance 3906.000000, Withdraw 647.000000 
User 0, Acc 6 Balance 3259.000000, Deposit 953.000000 
User 0, Acc 7 Balance 40635.000000, Deposit 967.000000 
User 0, Acc 1 Balance 911.000000, Transfer 19.000000 to Acc 7
User 0, Acc 2 Balance 1591.000000, Transfer 23.000000 to Acc 7
User 0, Acc 6 Balance 4212.000000, Transfer 67.000000 to Acc 5
User 0, Acc 4 Balance 1802.000000, Transfer 53.000000 to Acc 5
User 0, Acc 7 Balance 41644.000000, Withdraw 593.000000 
User 0, Acc 8 Balance 697.000000, Withdraw 449.000000 
User 0, Acc 9 Balance 4589.000000, Withdraw 163.000000 
User 0, Acc 9 Balance 4426.000000, Deposit 617.000000 
User 0, Acc 9 Balance 5043.000000, Transfer 617.000000 to Acc 9
User 0, Acc 8 Balance 248.000000, Deposit 619.000000 
User 0, Acc 8 Balance 867.000000, Transfer 619.000000 to Acc 2
User 0, Acc 7 Balance 41051.000000, Deposit 631.000000 
User 0, Acc 7 Balance 41682.000000, Transfer 631.000000 to Acc 3
User 0, Acc 6 Balance 4145.000000, Deposit 641.000000 
User 1, Acc 2 Balance 860.000000, Withdraw 71.000000 
User 0, Acc 6 Balance 4786.000000, Transfer 641.000000 to Acc 4
User 3, Acc 1 Balance 665.000000, Deposit 661.000000 
User 2, Acc 6 Balance 3705.000000, Transfer 67.000000 to Acc 5
User 3, Acc 1 Balance 1553.000000, Transfer 1200.000000 to Acc 9
User 1, Acc 3 Balance 2368.000000, Withdraw 1127.000000 
User 0, Acc 5 Balance 4349.000000, Deposit 643.000000 
User 1, Acc 6 Balance 4078.000000, Withdraw 647.000000 
User 3, Acc 0 Balance 2715.000000, Deposit 673.000000 
User 3, Acc 0 Balance 3388.000000, Transfer 1200.000000 to Acc 9
User 0, Acc 5 Balance 5059.000000, Transfer 1200.000000 to Acc 6
User 0, Acc 4 Balance 2390.000000, Deposit 647.000000 
User 0, Acc 4 Balance 3037.000000, Transfer 1200.000000 to Acc 7
User 0, Acc 3 Balance 1241.000000, Deposit 653.000000 
User 0, Acc 3 Balance 1894.000000, Transfer 1200.000000 to Acc 8
User 0, Acc 2 Balance 2116.000000, Deposit 659.000000 
User 0, Acc 2 Balance 2775.000000, Transfer 1200.000000 to Acc 9
User 0, Acc 1 Balance 353.000000, Deposit 661.000000 
User 0, Acc 0 Balance 2188.000000, Deposit 673.000000 
User 0, Acc 0 Balance 2861.000000, Transfer 1200.000000 to Acc 9
User 0, Acc 1 Balance 1014.000000, Withdraw 50.000000 
User 0, Acc 2 Balance 1575.000000, Withdraw 50.000000 
User 0, Acc 3 Balance 694.000000, Withdraw 50.000000 
User 3, Acc 1 Balance 353.000000, Withdraw 50.000000 
User 0, Acc 4 Balance 1837.000000, Withdraw 50.000000 
User 3, Acc 2 Balance 1525.000000, Withdraw 50.000000 
User 2, Acc 4 Balance 2390.000000, Transfer 53.000000 to Acc 5
User 1, Acc 6 Balance 3431.000000, Deposit 1953.000000 
User 3, Acc 3 Balance 644.000000, Withdraw 50.000000 
User 1, Acc 7 Balance 42251.000000, Deposit 967.000000 
User 2, Acc 7 Balance 42251.000000, Withdraw 593.000000 
User 2, Acc 8 Balance 1448.000000, Withdraw 449.000000 
User 2, Acc 9 Balance 9843.000000, Withdraw 163.000000 
User 2, Acc 0 Balance 1661.000000, Deposit 100.000000 
User 1, Acc 1 Balance 914.000000, Transfer 19.000000 to Acc 7
User 2, Acc 0 Balance 1761.000000, Deposit 200.000000 
User 1, Acc 2 Balance 1475.000000, Transfer 23.000000 to Acc 7
User 3, Acc 4 Balance 1734.000000, Withdraw 50.000000 
User 3, Acc 5 Balance 3912.000000, Withdraw 50.000000 
User 0, Acc 5 Balance 3859.000000, Withdraw 50.000000 
User 3, Acc 6 Balance 6584.000000, Withdraw 50.000000 
User 1, Acc 6 Balance 6584.000000, Transfer 1167.000000 to Acc 5
User 1, Acc 4 Balance 1684.000000, Transfer 53.000000 to Acc 5
User 0, Acc 6 Balance 6584.000000, Withdraw 50.000000 
User 1, Acc 7 Balance 42667.000000, Withdraw 1593.000000 
User 0, Acc 7 Balance 42667.000000, Withdraw 50.000000 
User 2, Acc 0 Balance 1961.000000, Deposit 300.000000 
User 3, Acc 7 Balance 42667.000000, Withdraw 50.000000 
User 2, Acc 0 Balance 2261.000000, Withdraw 200.000000 
User 2, Acc 0 Balance 2061.000000, Withdraw 100.000000 
User 0, Acc 8 Balance 999.000000, Withdraw 50.000000 
User 1, Acc 8 Balance 999.000000, Withdraw 449.000000 
User 3, Acc 8 Balance 999.000000, Withdraw 50.000000 
User 1, Acc 9 Balance 9680.000000, Withdraw 163.000000 
User 3, Acc 9 Balance 9680.000000, Withdraw 50.000000 
User 1, Acc 9 Balance 9517.000000, Deposit 617.000000 
User 2, Acc 0 Balance 1961.000000, Withdraw 50.000000 
User 0, Acc 9 Balance 9680.000000, Withdraw 50.000000 
User 3, Acc 0 Balance 1961.000000, Withdraw 50.000000 
User 1, Acc 9 Balance 10084.000000, Transfer 617.000000 to Acc 9
User 0, Acc 0 Balance 1911.000000, Withdraw 50.000000 
User 3, Acc 0 Balance 1861.000000, Deposit 907.000000 
User 0, Acc 0 Balance 1811.000000, Deposit 907.000000 
User 3, Acc 1 Balance 895.000000, Deposit 911.000000 
User 1, Acc 8 Balance 450.000000, Deposit 619.000000 
User 1, Acc 8 Balance 1069.000000, Transfer 619.000000 to Acc 2
User 3, Acc 2 Balance 1452.000000, Deposit 919.000000 
User 1, Acc 7 Balance 40974.000000, Deposit 631.000000 
User 3, Acc 3 Balance 594.000000, Transfer 29.000000 to Acc 7
User 0, Acc 1 Balance 895.000000, Deposit 911.000000 
User 1, Acc 7 Balance 41605.000000, Transfer 631.000000 to Acc 3
User 3, Acc 7 Balance 41634.000000, Transfer 31.000000 to Acc 6
User 2, Acc 1 Balance 895.000000, Transfer 200.000000 to Acc 0
User 3, Acc 7 Balance 40972.000000, Transfer 37.000000 to Acc 5
User 0, Acc 2 Balance 2990.000000, Deposit 919.000000 
User 1, Acc 6 Balance 5317.000000, Deposit 641.000000 
User 3, Acc 7 Balance 40935.000000, Transfer 3.000000 to Acc 4
Balance in 0: 3825.000000
User 3, Acc 7 Balance 40932.000000, Transfer 5.000000 to Acc 4
User 0, Acc 3 Balance 1196.000000, Transfer 29.000000 to Acc 7
User 1, Acc 6 Balance 5989.000000, Transfer 641.000000 to Acc 4
User 0, Acc 7 Balance 40956.000000, Transfer 31.000000 to Acc 6
User 0, Acc 7 Balance 40925.000000, Transfer 37.000000 to Acc 5
User 0, Acc 7 Balance 40888.000000, Transfer 3.000000 to Acc 4
User 0, Acc 7 Balance 40885.000000, Transfer 5.000000 to Acc 4
User 0, Acc 3 Balance 1167.000000, Deposit 929.000000 
User 2, Acc 0 Balance 3825.000000, Deposit 100.000000 
User 0, Acc 4 Balance 2288.000000, Deposit 937.000000 
User 3, Acc 3 Balance 1196.000000, Deposit 929.000000 
User 1, Acc 5 Balance 5069.000000, Deposit 643.000000 
User 3, Acc 4 Balance 3225.000000, Deposit 937.000000 
User 2, Acc 0 Balance 3925.000000, Deposit 200.000000 
User 0, Acc 5 Balance 5106.000000, Deposit 941.000000 
User 2, Acc 0 Balance 4125.000000, Deposit 300.000000 
User 2, Acc 0 Balance 4425.000000, Withdraw 200.000000 
User 3, Acc 5 Balance 5106.000000, Deposit 941.000000 
User 0, Acc 4 Balance 4162.000000, Withdraw 167.000000 
User 1, Acc 5 Balance 5749.000000, Transfer 1200.000000 to Acc 6
User 0, Acc 5 Balance 7631.000000, Withdraw 307.000000 
User 2, Acc 0 Balance 4225.000000, Withdraw 100.000000 
User 3, Acc 4 Balance 4162.000000, Withdraw 167.000000 
User 2, Acc 0 Balance 4125.000000, Withdraw 50.000000 
User 3, Acc 5 Balance 6124.000000, Withdraw 307.000000 
User 1, Acc 4 Balance 3995.000000, Deposit 647.000000 
User 2, Acc 1 Balance 2517.000000, Transfer 200.000000 to Acc 0
User 3, Acc 1 Balance 2517.000000, Transfer 89.000000 to Acc 8
User 0, Acc 1 Balance 2517.000000, Transfer 89.000000 to Acc 8
User 3, Acc 1 Balance 2228.000000, Transfer 163.000000 to Acc 9
User 1, Acc 4 Balance 4475.000000, Transfer 1200.000000 to Acc 7
User 1, Acc 3 Balance 3025.000000, Deposit 653.000000 
User 1, Acc 3 Balance 3678.000000, Transfer 1200.000000 to Acc 8
User 1, Acc 2 Balance 3909.000000, Deposit 659.000000 
User 1, Acc 2 Balance 4568.000000, Transfer 1200.000000 to Acc 9
User 1, Acc 1 Balance 1976.000000, Deposit 661.000000 
User 3, Acc 1 Balance 1976.000000, Withdraw 41.000000 
User 3, Acc 2 Balance 3368.000000, Withdraw 71.000000 
User 3, Acc 3 Balance 2478.000000, Withdraw 127.000000 
User 3, Acc 6 Balance 6579.000000, Withdraw 647.000000 
User 3, Acc 6 Balance 5932.000000, Deposit 953.000000 
User 3, Acc 7 Balance 42080.000000, Deposit 967.000000 
Balance in 0: 4275.000000
User 2, Acc 0 Balance 4275.000000, Deposit 100.000000 
User 0, Acc 1 Balance 1976.000000, Transfer 163.000000 to Acc 9
User 3, Acc 1 Balance 2596.000000, Transfer 19.000000 to Acc 7
User 0, Acc 1 Balance 2433.000000, Withdraw 41.000000 
User 1, Acc 1 Balance 2637.000000, Transfer 1200.000000 to Acc 9
User 1, Acc 0 Balance 4375.000000, Deposit 673.000000 
User 0, Acc 2 Balance 3297.000000, Withdraw 71.000000 
User 1, Acc 0 Balance 5048.000000, Transfer 1200.000000 to Acc 9
User 3, Acc 2 Balance 3297.000000, Transfer 23.000000 to Acc 7
User 2, Acc 0 Balance 4375.000000, Deposit 200.000000 
User 2, Acc 0 Balance 4048.000000, Deposit 300.000000 
User 2, Acc 0 Balance 4348.000000, Withdraw 200.000000 
User 2, Acc 0 Balance 4148.000000, Withdraw 100.000000 
User 2, Acc 0 Balance 4048.000000, Withdraw 50.000000 
User 3, Acc 6 Balance 6885.000000, Transfer 67.000000 to Acc 5
User 2, Acc 1 Balance 1173.000000, Transfer 200.000000 to Acc 0
Balance in 0: 4198.000000
User 3, Acc 4 Balance 3275.000000, Transfer 53.000000 to Acc 5
User 1, Acc 1 Balance 1173.000000, Withdraw 50.000000 
User 1, Acc 2 Balance 3203.000000, Withdraw 50.000000 
User 1, Acc 3 Balance 2351.000000, Withdraw 50.000000 
User 1, Acc 4 Balance 3222.000000, Withdraw 50.000000 
User 1, Acc 5 Balance 5937.000000, Withdraw 50.000000 
User 1, Acc 6 Balance 6818.000000, Withdraw 50.000000 
User 1, Acc 7 Balance 43089.000000, Withdraw 50.000000 
User 1, Acc 8 Balance 1828.000000, Withdraw 50.000000 
User 1, Acc 9 Balance 13960.000000, Withdraw 50.000000 
User 1, Acc 0 Balance 4198.000000, Withdraw 50.000000 
User 0, Acc 3 Balance 2351.000000, Withdraw 127.000000 
User 0, Acc 6 Balance 6768.000000, Withdraw 647.000000 
User 0, Acc 6 Balance 6121.000000, Deposit 953.000000 
User 0, Acc 7 Balance 43039.000000, Deposit 967.000000 
User 0, Acc 1 Balance 923.000000, Transfer 19.000000 to Acc 7
User 0, Acc 2 Balance 3153.000000, Transfer 23.000000 to Acc 7
User 0, Acc 6 Balance 7074.000000, Transfer 67.000000 to Acc 5
User 3, Acc 7 Balance 43089.000000, Withdraw 593.000000 
User 3, Acc 8 Balance 1778.000000, Withdraw 449.000000 
User 3, Acc 9 Balance 13910.000000, Withdraw 163.000000 
User 0, Acc 4 Balance 3172.000000, Transfer 53.000000 to Acc 5
User 0, Acc 7 Balance 43455.000000, Withdraw 593.000000 
User 0, Acc 8 Balance 1329.000000, Withdraw 449.000000 
User 0, Acc 9 Balance 13747.000000, Withdraw 163.000000 
  ***     End of transaction batch    ***  
Account 0 balance after completion of transaction batch: 4148.000000
Account 1 balance after completion of transaction batch: 904.000000
Account 2 balance after completion of transaction batch: 3130.000000
Account 3 balance after completion of transaction batch: 2174.000000
Account 4 balance after completion of transaction batch: 3119.000000
Account 5 balance after completion of transaction batch: 6007.000000
Account 6 balance after completion of transaction batch: 7007.000000
Account 7 balance after completion of transaction batch: 42862.000000
Account 8 balance after completion of transaction batch: 880.000000
Account 9 balance after completion of transaction batch: 13584.000000
