# Output generated by:
# ./my_executable 4 data/transactions7.txt data/transactions8.txt data/transactions10.txt data/transactions5.txt

********************************************
   Reading and parsing a transaction file   
********************************************
Parsed transaction: deposit 7 9929.000000 
Loaded deposit transaction
Parsed transaction: deposit 4 937.000000 
Loaded deposit transaction
Parsed transaction: deposit 5 941.000000 
Loaded deposit transaction
Parsed transaction: deposit 0 7.000000 
Loaded deposit transaction
Parsed transaction: deposit 3 29.000000 
Loaded deposit transaction
Parsed transaction: deposit 7 9.000000 
Loaded deposit transaction
Parsed transaction: deposit 9 129.000000 
Loaded deposit transaction
Parsed transaction: transfer 3 7 29.000000 
Loaded transfer transaction
Parsed transaction: transfer 7 6 31.000000 
Loaded transfer transaction
Parsed transaction: transfer 7 5 137.000000 
Loaded transfer transaction
Parsed transaction: transfer 7 4 3.000000 
Loaded transfer transaction
Parsed transaction: transfer 7 4 5.000000 
Loaded transfer transaction
Parsed transaction: withdraw 4 1167.000000 
Loaded withdrawal transaction
Parsed transaction: withdraw 5 1307.000000 
Loaded withdrawal transaction
Parsed transaction: transfer 1 8 89.000000 
Loaded transfer transaction
Parsed transaction: transfer 1 9 163.000000 
Loaded transfer transaction
Parsed transaction: withdraw 1 41.000000 
Loaded withdrawal transaction
Parsed transaction: withdraw 2 71.000000 
Loaded withdrawal transaction
Parsed transaction: withdraw 3 1127.000000 
Loaded withdrawal transaction
Parsed transaction: withdraw 6 647.000000 
Loaded withdrawal transaction
Parsed transaction: deposit 6 1953.000000 
Loaded deposit transaction
Parsed transaction: deposit 7 967.000000 
Loaded deposit transaction
Parsed transaction: transfer 1 7 19.000000 
Loaded transfer transaction
Parsed transaction: transfer 2 7 23.000000 
Loaded transfer transaction
Parsed transaction: transfer 6 5 1167.000000 
Loaded transfer transaction
Parsed transaction: transfer 4 5 53.000000 
Loaded transfer transaction
Parsed transaction: withdraw 7 1593.000000 
Loaded withdrawal transaction
Parsed transaction: withdraw 8 449.000000 
Loaded withdrawal transaction
Parsed transaction: withdraw 9 163.000000 
Loaded withdrawal transaction
********************************************
********************************************
   Reading and parsing a transaction file   
********************************************
Parsed transaction: deposit 9 617.000000 
Loaded deposit transaction
Parsed transaction: transfer 9 1 617.000000 
Loaded transfer transaction
Parsed transaction: deposit 8 619.000000 
Loaded deposit transaction
Parsed transaction: transfer 8 2 619.000000 
Loaded transfer transaction
Parsed transaction: deposit 7 631.000000 
Loaded deposit transaction
Parsed transaction: transfer 7 3 631.000000 
Loaded transfer transaction
Parsed transaction: deposit 6 641.000000 
Loaded deposit transaction
Parsed transaction: transfer 6 4 641.000000 
Loaded transfer transaction
Parsed transaction: deposit 5 643.000000 
Loaded deposit transaction
Parsed transaction: transfer 5 6 1200.000000 
Loaded transfer transaction
Parsed transaction: deposit 4 647.000000 
Loaded deposit transaction
Parsed transaction: transfer 4 7 1200.000000 
Loaded transfer transaction
Parsed transaction: deposit 3 653.000000 
Loaded deposit transaction
Parsed transaction: transfer 3 8 1200.000000 
Loaded transfer transaction
Parsed transaction: deposit 2 659.000000 
Loaded deposit transaction
Parsed transaction: transfer 2 9 1200.000000 
Loaded transfer transaction
Parsed transaction: deposit 1 661.000000 
Loaded deposit transaction
Parsed transaction: transfer 1 9 1200.000000 
Loaded transfer transaction
Parsed transaction: deposit 0 673.000000 
Loaded deposit transaction
Parsed transaction: transfer 0 9 1200.000000 
Loaded transfer transaction
********************************************
********************************************
   Reading and parsing a transaction file   
********************************************
Parsed transaction: withdraw 1 500.000000 
Loaded withdrawal transaction
Parsed transaction: withdraw 2 500.000000 
Loaded withdrawal transaction
Parsed transaction: withdraw 3 500.000000 
Loaded withdrawal transaction
Parsed transaction: withdraw 4 500.000000 
Loaded withdrawal transaction
Parsed transaction: withdraw 5 500.000000 
Loaded withdrawal transaction
Parsed transaction: withdraw 6 500.000000 
Loaded withdrawal transaction
Parsed transaction: withdraw 7 500.000000 
Loaded withdrawal transaction
Parsed transaction: withdraw 8 500.000000 
Loaded withdrawal transaction
Parsed transaction: withdraw 9 500.000000 
Loaded withdrawal transaction
Parsed transaction: withdraw 0 500.000000 
Loaded withdrawal transaction
Parsed transaction: withdraw 1 500.000000 
Loaded withdrawal transaction
Parsed transaction: withdraw 2 500.000000 
Loaded withdrawal transaction
Parsed transaction: withdraw 3 500.000000 
Loaded withdrawal transaction
Parsed transaction: withdraw 4 500.000000 
Loaded withdrawal transaction
Parsed transaction: withdraw 5 500.000000 
Loaded withdrawal transaction
Parsed transaction: withdraw 6 500.000000 
Loaded withdrawal transaction
Parsed transaction: withdraw 7 500.000000 
Loaded withdrawal transaction
Parsed transaction: withdraw 8 500.000000 
Loaded withdrawal transaction
Parsed transaction: withdraw 9 500.000000 
Loaded withdrawal transaction
Parsed transaction: withdraw 0 500.000000 
Loaded withdrawal transaction
Parsed transaction: withdraw 1 500.000000 
Loaded withdrawal transaction
Parsed transaction: withdraw 2 500.000000 
Loaded withdrawal transaction
Parsed transaction: withdraw 3 500.000000 
Loaded withdrawal transaction
Parsed transaction: withdraw 4 500.000000 
Loaded withdrawal transaction
Parsed transaction: withdraw 5 500.000000 
Loaded withdrawal transaction
Parsed transaction: withdraw 6 500.000000 
Loaded withdrawal transaction
Parsed transaction: withdraw 7 500.000000 
Loaded withdrawal transaction
Parsed transaction: withdraw 8 500.000000 
Loaded withdrawal transaction
Parsed transaction: withdraw 9 500.000000 
Loaded withdrawal transaction
Parsed transaction: withdraw 0 500.000000 
Loaded withdrawal transaction
********************************************
********************************************
   Reading and parsing a transaction file   
********************************************
Parsed transaction: deposit 0 907.000000 
Loaded deposit transaction
Parsed transaction: deposit 1 911.000000 
Loaded deposit transaction
Parsed transaction: deposit 2 919.000000 
Loaded deposit transaction
Parsed transaction: transfer 3 7 29.000000 
Loaded transfer transaction
Parsed transaction: transfer 7 6 31.000000 
Loaded transfer transaction
Parsed transaction: transfer 7 5 37.000000 
Loaded transfer transaction
Parsed transaction: transfer 7 4 3.000000 
Loaded transfer transaction
Parsed transaction: transfer 7 4 5.000000 
Loaded transfer transaction
Parsed transaction: deposit 3 929.000000 
Loaded deposit transaction
Parsed transaction: deposit 4 937.000000 
Loaded deposit transaction
Parsed transaction: deposit 5 941.000000 
Loaded deposit transaction
Parsed transaction: withdraw 4 167.000000 
Loaded withdrawal transaction
Parsed transaction: withdraw 5 307.000000 
Loaded withdrawal transaction
Parsed transaction: transfer 1 8 89.000000 
Loaded transfer transaction
Parsed transaction: transfer 1 9 163.000000 
Loaded transfer transaction
Parsed transaction: withdraw 1 41.000000 
Loaded withdrawal transaction
Parsed transaction: withdraw 2 71.000000 
Loaded withdrawal transaction
Parsed transaction: withdraw 3 127.000000 
Loaded withdrawal transaction
Parsed transaction: withdraw 6 647.000000 
Loaded withdrawal transaction
Parsed transaction: deposit 6 953.000000 
Loaded deposit transaction
Parsed transaction: deposit 7 967.000000 
Loaded deposit transaction
Parsed transaction: transfer 1 7 19.000000 
Loaded transfer transaction
Parsed transaction: transfer 2 7 23.000000 
Loaded transfer transaction
Parsed transaction: transfer 6 5 67.000000 
Loaded transfer transaction
Parsed transaction: transfer 4 5 53.000000 
Loaded transfer transaction
Parsed transaction: withdraw 7 593.000000 
Loaded withdrawal transaction
Parsed transaction: withdraw 8 449.000000 
Loaded withdrawal transaction
Parsed transaction: withdraw 9 163.000000 
Loaded withdrawal transaction
********************************************
  ***    Start of transaction batch    ***  
User 0, Acc 7 Balance 0.000000, Deposit 9929.000000 
User 0, Acc 4 Balance 0.000000, Deposit 937.000000 
User 0, Acc 5 Balance 0.000000, Deposit 941.000000 
User 0, Acc 0 Balance 0.000000, Deposit 7.000000 
User 0, Acc 3 Balance 0.000000, Deposit 29.000000 
User 0, Acc 7 Balance 9929.000000, Deposit 9.000000 
User 0, Acc 9 Balance 0.000000, Deposit 129.000000 
User 0, Acc 3 Balance 29.000000, Transfer 29.000000 to Acc 7
User 0, Acc 7 Balance 9967.000000, Transfer 31.000000 to Acc 6
User 0, Acc 7 Balance 9936.000000, Transfer 137.000000 to Acc 5
User 0, Acc 7 Balance 9799.000000, Transfer 3.000000 to Acc 4
User 0, Acc 7 Balance 9796.000000, Transfer 5.000000 to Acc 4
[22;32mUser 0, Acc 4 Balance 945.000000, 				Withdraw 1167.000000 --insufficient funds[0m
[22;32mUser 0, Acc 5 Balance 1078.000000, 				Withdraw 1307.000000 --insufficient funds[0m
[22;32mUser 0, Acc 1 Balance 0.000000, 				Withdraw 41.000000 --insufficient funds[0m
[22;32mUser 0, Acc 2 Balance 0.000000, 				Withdraw 71.000000 --insufficient funds[0m
[22;32mUser 0, Acc 3 Balance 0.000000, 				Withdraw 1127.000000 --insufficient funds[0m
[22;32mUser 0, Acc 6 Balance 31.000000, 				Withdraw 647.000000 --insufficient funds[0m
User 0, Acc 6 Balance 31.000000, Deposit 1953.000000 
User 0, Acc 7 Balance 9791.000000, Deposit 967.000000 
User 0, Acc 6 Balance 1984.000000, Transfer 1167.000000 to Acc 5
User 0, Acc 4 Balance 945.000000, Transfer 53.000000 to Acc 5
User 0, Acc 7 Balance 10758.000000, Withdraw 1593.000000 
[22;32mUser 0, Acc 8 Balance 0.000000, 				Withdraw 449.000000 --insufficient funds[0m
[22;32mUser 0, Acc 9 Balance 129.000000, 				Withdraw 163.000000 --insufficient funds[0m
User 0, Acc 7 Balance 9165.000000, Deposit 9929.000000 
User 3, Acc 0 Balance 7.000000, Deposit 907.000000 
User 3, Acc 1 Balance 0.000000, Deposit 911.000000 
User 3, Acc 2 Balance 0.000000, Deposit 919.000000 
User 3, Acc 7 Balance 19094.000000, Transfer 31.000000 to Acc 6
User 3, Acc 7 Balance 19063.000000, Transfer 37.000000 to Acc 5
User 3, Acc 7 Balance 19026.000000, Transfer 3.000000 to Acc 4
User 3, Acc 7 Balance 19023.000000, Transfer 5.000000 to Acc 4
User 3, Acc 3 Balance 0.000000, Deposit 929.000000 
User 3, Acc 4 Balance 900.000000, Deposit 937.000000 
User 3, Acc 5 Balance 2335.000000, Deposit 941.000000 
User 3, Acc 4 Balance 1837.000000, Withdraw 167.000000 
User 3, Acc 5 Balance 3276.000000, Withdraw 307.000000 
User 3, Acc 1 Balance 911.000000, Transfer 89.000000 to Acc 8
User 3, Acc 1 Balance 822.000000, Transfer 163.000000 to Acc 9
User 3, Acc 1 Balance 659.000000, Withdraw 41.000000 
User 3, Acc 2 Balance 919.000000, Withdraw 71.000000 
User 3, Acc 3 Balance 929.000000, Withdraw 127.000000 
User 3, Acc 6 Balance 848.000000, Withdraw 647.000000 
User 3, Acc 6 Balance 201.000000, Deposit 953.000000 
User 3, Acc 7 Balance 19018.000000, Deposit 967.000000 
User 3, Acc 1 Balance 618.000000, Transfer 19.000000 to Acc 7
User 3, Acc 2 Balance 848.000000, Transfer 23.000000 to Acc 7
User 3, Acc 6 Balance 1154.000000, Transfer 67.000000 to Acc 5
User 3, Acc 4 Balance 1670.000000, Transfer 53.000000 to Acc 5
User 3, Acc 7 Balance 20027.000000, Withdraw 593.000000 
[22;32mUser 3, Acc 8 Balance 89.000000, 				Withdraw 449.000000 --insufficient funds[0m
User 3, Acc 9 Balance 292.000000, Withdraw 163.000000 
User 3, Acc 7 Balance 19434.000000, Deposit 9929.000000 
User 3, Acc 4 Balance 1617.000000, Deposit 937.000000 
User 3, Acc 5 Balance 3089.000000, Deposit 941.000000 
User 3, Acc 0 Balance 914.000000, Deposit 7.000000 
User 3, Acc 3 Balance 802.000000, Deposit 29.000000 
User 3, Acc 7 Balance 29363.000000, Deposit 9.000000 
User 2, Acc 9 Balance 129.000000, Deposit 617.000000 
User 2, Acc 9 Balance 746.000000, Transfer 617.000000 to Acc 1
User 0, Acc 4 Balance 892.000000, Deposit 937.000000 
User 3, Acc 9 Balance 129.000000, Deposit 129.000000 
User 3, Acc 3 Balance 831.000000, Transfer 29.000000 to Acc 7
User 3, Acc 7 Balance 29401.000000, Transfer 31.000000 to Acc 6
User 3, Acc 7 Balance 29370.000000, Transfer 137.000000 to Acc 5
User 3, Acc 7 Balance 29233.000000, Transfer 3.000000 to Acc 4
User 3, Acc 7 Balance 29230.000000, Transfer 5.000000 to Acc 4
User 3, Acc 4 Balance 3499.000000, Withdraw 1167.000000 
User 3, Acc 5 Balance 4167.000000, Withdraw 1307.000000 
User 3, Acc 1 Balance 1216.000000, Transfer 89.000000 to Acc 8
User 3, Acc 1 Balance 1127.000000, Transfer 163.000000 to Acc 9
User 3, Acc 1 Balance 964.000000, Withdraw 41.000000 
User 3, Acc 2 Balance 825.000000, Withdraw 71.000000 
[22;32mUser 3, Acc 3 Balance 802.000000, 				Withdraw 1127.000000 --insufficient funds[0m
User 3, Acc 6 Balance 1118.000000, Withdraw 647.000000 
User 3, Acc 6 Balance 471.000000, Deposit 1953.000000 
User 3, Acc 7 Balance 29225.000000, Deposit 967.000000 
User 3, Acc 1 Balance 923.000000, Transfer 19.000000 to Acc 7
User 3, Acc 2 Balance 754.000000, Transfer 23.000000 to Acc 7
User 3, Acc 6 Balance 2424.000000, Transfer 1167.000000 to Acc 5
User 3, Acc 4 Balance 2332.000000, Transfer 53.000000 to Acc 5
User 3, Acc 7 Balance 30234.000000, Withdraw 1593.000000 
[22;32mUser 3, Acc 8 Balance 178.000000, 				Withdraw 449.000000 --insufficient funds[0m
User 3, Acc 9 Balance 421.000000, Withdraw 163.000000 
User 3, Acc 9 Balance 258.000000, Deposit 617.000000 
User 3, Acc 9 Balance 875.000000, Transfer 617.000000 to Acc 1
User 3, Acc 8 Balance 178.000000, Deposit 619.000000 
User 3, Acc 8 Balance 797.000000, Transfer 619.000000 to Acc 2
User 3, Acc 7 Balance 28641.000000, Deposit 631.000000 
User 3, Acc 7 Balance 29272.000000, Transfer 631.000000 to Acc 3
User 3, Acc 6 Balance 1257.000000, Deposit 641.000000 
User 3, Acc 6 Balance 1898.000000, Transfer 641.000000 to Acc 4
User 3, Acc 5 Balance 4080.000000, Deposit 643.000000 
User 3, Acc 5 Balance 4723.000000, Transfer 1200.000000 to Acc 6
User 3, Acc 4 Balance 2920.000000, Deposit 647.000000 
User 3, Acc 4 Balance 3567.000000, Transfer 1200.000000 to Acc 7
User 3, Acc 3 Balance 1433.000000, Deposit 653.000000 
User 3, Acc 3 Balance 2086.000000, Transfer 1200.000000 to Acc 8
User 3, Acc 2 Balance 1350.000000, Deposit 659.000000 
User 3, Acc 2 Balance 2009.000000, Transfer 1200.000000 to Acc 9
User 0, Acc 5 Balance 4030.000000, Deposit 941.000000 
User 0, Acc 0 Balance 921.000000, Deposit 7.000000 
User 0, Acc 3 Balance 886.000000, Deposit 29.000000 
User 0, Acc 7 Balance 29841.000000, Deposit 9.000000 
User 0, Acc 9 Balance 1458.000000, Deposit 129.000000 
User 0, Acc 3 Balance 915.000000, Transfer 29.000000 to Acc 7
User 0, Acc 7 Balance 29879.000000, Transfer 31.000000 to Acc 6
User 0, Acc 7 Balance 29848.000000, Transfer 137.000000 to Acc 5
User 0, Acc 7 Balance 29711.000000, Transfer 3.000000 to Acc 4
User 0, Acc 7 Balance 29708.000000, Transfer 5.000000 to Acc 4
User 0, Acc 4 Balance 2375.000000, Withdraw 1167.000000 
User 0, Acc 5 Balance 4601.000000, Withdraw 1307.000000 
User 0, Acc 1 Balance 1521.000000, Transfer 89.000000 to Acc 8
User 0, Acc 1 Balance 1432.000000, Transfer 163.000000 to Acc 9
User 0, Acc 1 Balance 1269.000000, Withdraw 41.000000 
User 0, Acc 2 Balance 809.000000, Withdraw 71.000000 
[22;32mUser 0, Acc 3 Balance 886.000000, 				Withdraw 1127.000000 --insufficient funds[0m
User 0, Acc 6 Balance 2488.000000, Withdraw 647.000000 
User 0, Acc 6 Balance 1841.000000, Deposit 1953.000000 
User 0, Acc 7 Balance 29703.000000, Deposit 967.000000 
User 0, Acc 1 Balance 1228.000000, Transfer 19.000000 to Acc 7
User 0, Acc 2 Balance 738.000000, Transfer 23.000000 to Acc 7
User 0, Acc 6 Balance 3794.000000, Transfer 1167.000000 to Acc 5
User 0, Acc 4 Balance 1208.000000, Transfer 53.000000 to Acc 5
User 0, Acc 7 Balance 30712.000000, Withdraw 1593.000000 
User 0, Acc 8 Balance 1467.000000, Withdraw 449.000000 
User 0, Acc 9 Balance 1750.000000, Withdraw 163.000000 
User 0, Acc 9 Balance 1587.000000, Deposit 617.000000 
User 0, Acc 9 Balance 2204.000000, Transfer 617.000000 to Acc 1
User 0, Acc 8 Balance 1018.000000, Deposit 619.000000 
User 0, Acc 8 Balance 1637.000000, Transfer 619.000000 to Acc 2
User 0, Acc 7 Balance 29119.000000, Deposit 631.000000 
User 0, Acc 7 Balance 29750.000000, Transfer 631.000000 to Acc 3
User 0, Acc 6 Balance 2627.000000, Deposit 641.000000 
User 0, Acc 6 Balance 3268.000000, Transfer 641.000000 to Acc 4
User 0, Acc 5 Balance 4514.000000, Deposit 643.000000 
User 0, Acc 5 Balance 5157.000000, Transfer 1200.000000 to Acc 6
User 0, Acc 4 Balance 1796.000000, Deposit 647.000000 
User 0, Acc 4 Balance 2443.000000, Transfer 1200.000000 to Acc 7
User 2, Acc 8 Balance 89.000000, Deposit 619.000000 
User 3, Acc 1 Balance 1521.000000, Deposit 661.000000 
[22;32mUser 1, Acc 1 Balance 0.000000, 				Withdraw 500.000000 --insufficient funds[0m
User 0, Acc 3 Balance 1517.000000, Deposit 653.000000 
User 1, Acc 2 Balance 1334.000000, Withdraw 500.000000 
User 1, Acc 3 Balance 1517.000000, Withdraw 500.000000 
User 3, Acc 1 Balance 2487.000000, Transfer 1200.000000 to Acc 9
User 0, Acc 3 Balance 2170.000000, Transfer 1200.000000 to Acc 8
User 0, Acc 2 Balance 834.000000, Deposit 659.000000 
User 3, Acc 0 Balance 928.000000, Deposit 673.000000 
User 0, Acc 2 Balance 1493.000000, Transfer 1200.000000 to Acc 9
User 0, Acc 1 Balance 1287.000000, Deposit 661.000000 
User 0, Acc 1 Balance 1948.000000, Transfer 1200.000000 to Acc 9
User 3, Acc 0 Balance 1601.000000, Transfer 1200.000000 to Acc 9
User 0, Acc 0 Balance 1601.000000, Deposit 673.000000 
User 3, Acc 7 Balance 30319.000000, Deposit 9929.000000 
User 3, Acc 4 Balance 1243.000000, Deposit 937.000000 
User 3, Acc 5 Balance 3957.000000, Deposit 941.000000 
User 3, Acc 0 Balance 1074.000000, Deposit 7.000000 
User 2, Acc 8 Balance 1637.000000, Transfer 619.000000 to Acc 2
User 1, Acc 4 Balance 1243.000000, Withdraw 500.000000 
User 2, Acc 7 Balance 40248.000000, Deposit 631.000000 
User 1, Acc 5 Balance 4898.000000, Withdraw 500.000000 
User 1, Acc 6 Balance 3827.000000, Withdraw 500.000000 
User 1, Acc 7 Balance 40879.000000, Withdraw 500.000000 
User 0, Acc 1 Balance 748.000000, Withdraw 500.000000 
User 0, Acc 2 Balance 912.000000, Withdraw 500.000000 
[22;32mUser 0, Acc 3 Balance 470.000000, 				Withdraw 500.000000 --insufficient funds[0m
User 1, Acc 8 Balance 2218.000000, Withdraw 500.000000 
User 0, Acc 4 Balance 1680.000000, Withdraw 500.000000 
User 0, Acc 5 Balance 4398.000000, Withdraw 500.000000 
User 3, Acc 3 Balance 470.000000, Deposit 29.000000 
User 2, Acc 7 Balance 40879.000000, Transfer 631.000000 to Acc 3
User 3, Acc 7 Balance 40379.000000, Deposit 9.000000 
User 2, Acc 6 Balance 3327.000000, Deposit 641.000000 
User 0, Acc 6 Balance 3327.000000, Withdraw 500.000000 
User 3, Acc 9 Balance 6387.000000, Deposit 129.000000 
User 2, Acc 6 Balance 3968.000000, Transfer 641.000000 to Acc 4
User 3, Acc 3 Balance 1130.000000, Transfer 29.000000 to Acc 7
User 0, Acc 7 Balance 39757.000000, Withdraw 500.000000 
User 1, Acc 9 Balance 6387.000000, Withdraw 500.000000 
User 0, Acc 8 Balance 1718.000000, Withdraw 500.000000 
User 3, Acc 7 Balance 39786.000000, Transfer 31.000000 to Acc 6
User 0, Acc 9 Balance 6016.000000, Withdraw 500.000000 
User 3, Acc 7 Balance 39255.000000, Transfer 137.000000 to Acc 5
User 0, Acc 0 Balance 1081.000000, Withdraw 500.000000 
User 3, Acc 7 Balance 39118.000000, Transfer 3.000000 to Acc 4
User 2, Acc 5 Balance 3898.000000, Deposit 643.000000 
User 1, Acc 0 Balance 1081.000000, Withdraw 500.000000 
[22;32mUser 0, Acc 1 Balance 248.000000, 				Withdraw 500.000000 --insufficient funds[0m
User 3, Acc 7 Balance 39115.000000, Transfer 5.000000 to Acc 4
[22;32mUser 0, Acc 2 Balance 412.000000, 				Withdraw 500.000000 --insufficient funds[0m
User 3, Acc 4 Balance 1829.000000, Withdraw 1167.000000 
User 0, Acc 3 Balance 1101.000000, Withdraw 500.000000 
User 2, Acc 5 Balance 4678.000000, Transfer 1200.000000 to Acc 6
User 2, Acc 4 Balance 662.000000, Deposit 647.000000 
User 2, Acc 4 Balance 1309.000000, Transfer 1200.000000 to Acc 7
User 2, Acc 3 Balance 601.000000, Deposit 653.000000 
User 2, Acc 3 Balance 1254.000000, Transfer 1200.000000 to Acc 8
User 0, Acc 4 Balance 662.000000, Withdraw 500.000000 
User 0, Acc 5 Balance 3478.000000, Withdraw 500.000000 
User 0, Acc 6 Balance 4058.000000, Withdraw 500.000000 
User 0, Acc 7 Balance 40310.000000, Withdraw 500.000000 
User 3, Acc 5 Balance 4678.000000, Withdraw 1307.000000 
User 0, Acc 8 Balance 2418.000000, Withdraw 500.000000 
User 3, Acc 1 Balance 248.000000, Transfer 89.000000 to Acc 8
User 0, Acc 9 Balance 5516.000000, Withdraw 500.000000 
[22;32mUser 0, Acc 0 Balance 81.000000, 				Withdraw 500.000000 --insufficient funds[0m
User 3, Acc 1 Balance 159.000000, Withdraw 41.000000 
User 2, Acc 2 Balance 412.000000, Deposit 659.000000 
User 3, Acc 2 Balance 412.000000, Withdraw 71.000000 
[22;32mUser 0, Acc 1 Balance 159.000000, 				Withdraw 500.000000 --insufficient funds[0m
User 2, Acc 1 Balance 118.000000, Deposit 661.000000 
User 0, Acc 2 Balance 1000.000000, Withdraw 500.000000 
User 2, Acc 0 Balance 81.000000, Deposit 673.000000 
[22;32mUser 3, Acc 3 Balance 54.000000, 				Withdraw 1127.000000 --insufficient funds[0m
User 3, Acc 6 Balance 3558.000000, Withdraw 647.000000 
User 3, Acc 6 Balance 2911.000000, Deposit 1953.000000 
User 3, Acc 7 Balance 39810.000000, Deposit 967.000000 
User 3, Acc 1 Balance 779.000000, Transfer 19.000000 to Acc 7
User 3, Acc 2 Balance 500.000000, Transfer 23.000000 to Acc 7
[22;32mUser 0, Acc 3 Balance 54.000000, 				Withdraw 500.000000 --insufficient funds[0m
User 3, Acc 6 Balance 4864.000000, Transfer 1167.000000 to Acc 5
[22;32mUser 0, Acc 4 Balance -391.000000, 				Withdraw 500.000000 --insufficient funds[0m
[22;32mUser 1, Acc 1 Balance 248.000000, 				Withdraw 500.000000 --insufficient funds[0m
User 2, Acc 1 Balance 779.000000, Withdraw 500.000000 
User 3, Acc 7 Balance 40819.000000, Withdraw 1593.000000 
User 0, Acc 5 Balance 2838.000000, Withdraw 500.000000 
User 3, Acc 8 Balance 2007.000000, Withdraw 449.000000 
User 0, Acc 6 Balance 3697.000000, Withdraw 500.000000 
User 3, Acc 9 Balance 5016.000000, Withdraw 163.000000 
User 0, Acc 7 Balance 39226.000000, Withdraw 500.000000 
[22;32mUser 1, Acc 2 Balance 477.000000, 				Withdraw 500.000000 --insufficient funds[0m
[22;32mUser 1, Acc 3 Balance 54.000000, 				Withdraw 500.000000 --insufficient funds[0m
[22;32mUser 1, Acc 4 Balance -391.000000, 				Withdraw 500.000000 --insufficient funds[0m
User 1, Acc 5 Balance 2338.000000, Withdraw 500.000000 
User 1, Acc 6 Balance 3197.000000, Withdraw 500.000000 
User 1, Acc 7 Balance 38726.000000, Withdraw 500.000000 
User 1, Acc 8 Balance 1558.000000, Withdraw 500.000000 
User 1, Acc 9 Balance 4853.000000, Withdraw 500.000000 
User 1, Acc 0 Balance 754.000000, Withdraw 500.000000 
[22;32mUser 1, Acc 1 Balance 260.000000, 				Withdraw 500.000000 --insufficient funds[0m
[22;32mUser 1, Acc 2 Balance 477.000000, 				Withdraw 500.000000 --insufficient funds[0m
[22;32mUser 1, Acc 3 Balance 54.000000, 				Withdraw 500.000000 --insufficient funds[0m
[22;32mUser 1, Acc 4 Balance -391.000000, 				Withdraw 500.000000 --insufficient funds[0m
User 1, Acc 5 Balance 1838.000000, Withdraw 500.000000 
User 1, Acc 6 Balance 2697.000000, Withdraw 500.000000 
User 1, Acc 7 Balance 38226.000000, Withdraw 500.000000 
User 1, Acc 8 Balance 1058.000000, Withdraw 500.000000 
User 1, Acc 9 Balance 4353.000000, Withdraw 500.000000 
[22;32mUser 1, Acc 0 Balance 254.000000, 				Withdraw 500.000000 --insufficient funds[0m
User 1, Acc 9 Balance 3853.000000, Deposit 617.000000 
User 1, Acc 9 Balance 4470.000000, Transfer 617.000000 to Acc 1
User 1, Acc 8 Balance 558.000000, Deposit 619.000000 
User 1, Acc 8 Balance 1177.000000, Transfer 619.000000 to Acc 2
User 1, Acc 7 Balance 37726.000000, Deposit 631.000000 
User 1, Acc 7 Balance 38357.000000, Transfer 631.000000 to Acc 3
User 1, Acc 6 Balance 2197.000000, Deposit 641.000000 
User 1, Acc 6 Balance 2838.000000, Transfer 641.000000 to Acc 4
User 1, Acc 5 Balance 1338.000000, Deposit 643.000000 
User 1, Acc 5 Balance 1981.000000, Transfer 1200.000000 to Acc 6
User 1, Acc 4 Balance 250.000000, Deposit 647.000000 
User 1, Acc 3 Balance 685.000000, Deposit 653.000000 
User 0, Acc 8 Balance 1558.000000, Withdraw 500.000000 
User 0, Acc 9 Balance 3853.000000, Withdraw 500.000000 
[22;32mUser 0, Acc 0 Balance 254.000000, 				Withdraw 500.000000 --insufficient funds[0m
User 0, Acc 0 Balance 254.000000, Deposit 907.000000 
User 0, Acc 1 Balance 877.000000, Deposit 911.000000 
User 1, Acc 3 Balance 1338.000000, Transfer 1200.000000 to Acc 8
User 0, Acc 2 Balance 1096.000000, Deposit 919.000000 
User 1, Acc 2 Balance 1096.000000, Deposit 659.000000 
User 1, Acc 2 Balance 2674.000000, Transfer 1200.000000 to Acc 9
User 1, Acc 1 Balance 1788.000000, Deposit 661.000000 
User 1, Acc 1 Balance 2449.000000, Transfer 1200.000000 to Acc 9
User 1, Acc 0 Balance 1161.000000, Deposit 673.000000 
User 3, Acc 0 Balance 754.000000, Deposit 907.000000 
[22;32mUser 2, Acc 2 Balance 477.000000, 				Withdraw 500.000000 --insufficient funds[0m
User 3, Acc 1 Balance 1249.000000, Deposit 911.000000 
User 1, Acc 0 Balance 1834.000000, Transfer 1200.000000 to Acc 9
User 0, Acc 3 Balance 138.000000, Transfer 29.000000 to Acc 7
User 0, Acc 7 Balance 37755.000000, Transfer 31.000000 to Acc 6
User 0, Acc 7 Balance 37724.000000, Transfer 37.000000 to Acc 5
User 0, Acc 7 Balance 37687.000000, Transfer 3.000000 to Acc 4
User 0, Acc 7 Balance 37684.000000, Transfer 5.000000 to Acc 4
User 0, Acc 3 Balance 109.000000, Deposit 929.000000 
User 3, Acc 2 Balance 1474.000000, Deposit 919.000000 
User 3, Acc 3 Balance 1038.000000, Transfer 29.000000 to Acc 7
User 3, Acc 7 Balance 37708.000000, Transfer 31.000000 to Acc 6
User 3, Acc 7 Balance 37677.000000, Transfer 37.000000 to Acc 5
User 3, Acc 7 Balance 37640.000000, Transfer 3.000000 to Acc 4
User 3, Acc 7 Balance 37637.000000, Transfer 5.000000 to Acc 4
User 3, Acc 3 Balance 1009.000000, Deposit 929.000000 
User 3, Acc 4 Balance 913.000000, Deposit 937.000000 
User 3, Acc 5 Balance 855.000000, Deposit 941.000000 
User 0, Acc 4 Balance 905.000000, Deposit 937.000000 
User 3, Acc 4 Balance 1850.000000, Withdraw 167.000000 
User 0, Acc 5 Balance 1796.000000, Deposit 941.000000 
User 0, Acc 4 Balance 2620.000000, Withdraw 167.000000 
User 0, Acc 5 Balance 2737.000000, Withdraw 307.000000 
User 0, Acc 1 Balance 2160.000000, Transfer 89.000000 to Acc 8
User 3, Acc 5 Balance 1796.000000, Withdraw 307.000000 
User 3, Acc 1 Balance 2071.000000, Transfer 89.000000 to Acc 8
User 3, Acc 1 Balance 1982.000000, Transfer 163.000000 to Acc 9
User 3, Acc 1 Balance 1819.000000, Withdraw 41.000000 
User 3, Acc 2 Balance 2393.000000, Withdraw 71.000000 
User 3, Acc 3 Balance 1938.000000, Withdraw 127.000000 
User 0, Acc 1 Balance 2071.000000, Transfer 163.000000 to Acc 9
User 3, Acc 6 Balance 3459.000000, Withdraw 647.000000 
User 0, Acc 1 Balance 1615.000000, Withdraw 41.000000 
User 0, Acc 2 Balance 2322.000000, Withdraw 71.000000 
[22;32mUser 2, Acc 3 Balance 138.000000, 				Withdraw 500.000000 --insufficient funds[0m
User 0, Acc 3 Balance 1811.000000, Withdraw 127.000000 
User 3, Acc 6 Balance 2812.000000, Deposit 953.000000 
User 2, Acc 4 Balance 2453.000000, Withdraw 500.000000 
User 2, Acc 5 Balance 2123.000000, Withdraw 500.000000 
User 1, Acc 1 Balance 2160.000000, Withdraw 500.000000 
User 1, Acc 2 Balance 2251.000000, Withdraw 500.000000 
User 1, Acc 3 Balance 1684.000000, Withdraw 500.000000 
User 2, Acc 6 Balance 3765.000000, Withdraw 500.000000 
User 1, Acc 4 Balance 1953.000000, Withdraw 500.000000 
User 1, Acc 5 Balance 1623.000000, Withdraw 500.000000 
User 2, Acc 7 Balance 37632.000000, Withdraw 500.000000 
User 1, Acc 6 Balance 3265.000000, Withdraw 500.000000 
User 3, Acc 7 Balance 37632.000000, Deposit 967.000000 
User 2, Acc 8 Balance 1436.000000, Withdraw 500.000000 
User 1, Acc 7 Balance 37132.000000, Withdraw 500.000000 
User 1, Acc 8 Balance 936.000000, Withdraw 500.000000 
User 3, Acc 1 Balance 1074.000000, Transfer 19.000000 to Acc 7
User 1, Acc 9 Balance 7279.000000, Withdraw 500.000000 
User 3, Acc 2 Balance 1751.000000, Transfer 23.000000 to Acc 7
User 3, Acc 6 Balance 2765.000000, Transfer 67.000000 to Acc 5
User 3, Acc 4 Balance 1453.000000, Transfer 53.000000 to Acc 5
User 3, Acc 7 Balance 37641.000000, Withdraw 593.000000 
[22;32mUser 3, Acc 8 Balance 436.000000, 				Withdraw 449.000000 --insufficient funds[0m
User 3, Acc 9 Balance 6779.000000, Withdraw 163.000000 
User 3, Acc 0 Balance 1541.000000, Deposit 907.000000 
User 3, Acc 1 Balance 1055.000000, Deposit 911.000000 
User 3, Acc 2 Balance 1728.000000, Deposit 919.000000 
User 3, Acc 3 Balance 1184.000000, Transfer 29.000000 to Acc 7
User 0, Acc 6 Balance 2812.000000, Withdraw 647.000000 
User 2, Acc 9 Balance 7279.000000, Withdraw 500.000000 
User 2, Acc 0 Balance 2448.000000, Withdraw 500.000000 
User 2, Acc 1 Balance 1966.000000, Withdraw 500.000000 
User 1, Acc 0 Balance 1541.000000, Withdraw 500.000000 
User 1, Acc 1 Balance 1466.000000, Withdraw 500.000000 
User 2, Acc 2 Balance 2647.000000, Withdraw 500.000000 
User 2, Acc 3 Balance 1155.000000, Withdraw 500.000000 
User 2, Acc 4 Balance 1400.000000, Withdraw 500.000000 
User 2, Acc 5 Balance 1243.000000, Withdraw 500.000000 
User 2, Acc 6 Balance 2051.000000, Withdraw 500.000000 
User 3, Acc 7 Balance 37077.000000, Transfer 31.000000 to Acc 6
User 3, Acc 7 Balance 37046.000000, Transfer 37.000000 to Acc 5
User 3, Acc 7 Balance 37009.000000, Transfer 3.000000 to Acc 4
User 3, Acc 7 Balance 37006.000000, Transfer 5.000000 to Acc 4
User 3, Acc 3 Balance 655.000000, Deposit 929.000000 
User 3, Acc 4 Balance 908.000000, Deposit 937.000000 
User 3, Acc 5 Balance 780.000000, Deposit 941.000000 
User 3, Acc 4 Balance 1845.000000, Withdraw 167.000000 
User 3, Acc 5 Balance 1721.000000, Withdraw 307.000000 
User 3, Acc 1 Balance 966.000000, Transfer 89.000000 to Acc 8
User 3, Acc 1 Balance 877.000000, Transfer 163.000000 to Acc 9
User 3, Acc 1 Balance 714.000000, Withdraw 41.000000 
User 3, Acc 2 Balance 2147.000000, Withdraw 71.000000 
User 3, Acc 3 Balance 1584.000000, Withdraw 127.000000 
User 3, Acc 6 Balance 1582.000000, Withdraw 647.000000 
User 3, Acc 6 Balance 935.000000, Deposit 953.000000 
User 3, Acc 7 Balance 37001.000000, Deposit 967.000000 
User 3, Acc 1 Balance 673.000000, Transfer 19.000000 to Acc 7
User 3, Acc 2 Balance 2076.000000, Transfer 23.000000 to Acc 7
User 3, Acc 6 Balance 1888.000000, Transfer 67.000000 to Acc 5
User 3, Acc 4 Balance 1678.000000, Transfer 53.000000 to Acc 5
User 3, Acc 7 Balance 38010.000000, Withdraw 593.000000 
User 3, Acc 8 Balance 525.000000, Withdraw 449.000000 
User 3, Acc 9 Balance 6279.000000, Withdraw 163.000000 
User 2, Acc 7 Balance 37077.000000, Withdraw 500.000000 
[22;32mUser 2, Acc 8 Balance 76.000000, 				Withdraw 500.000000 --insufficient funds[0m
User 0, Acc 6 Balance 2051.000000, Deposit 953.000000 
User 1, Acc 2 Balance 2647.000000, Withdraw 500.000000 
User 0, Acc 7 Balance 36917.000000, Deposit 967.000000 
User 0, Acc 1 Balance 654.000000, Transfer 19.000000 to Acc 7
User 0, Acc 2 Balance 1553.000000, Transfer 23.000000 to Acc 7
User 0, Acc 6 Balance 2774.000000, Transfer 67.000000 to Acc 5
User 0, Acc 4 Balance 1625.000000, Transfer 53.000000 to Acc 5
User 0, Acc 7 Balance 37926.000000, Withdraw 593.000000 
[22;32mUser 0, Acc 8 Balance 76.000000, 				Withdraw 449.000000 --insufficient funds[0m
User 2, Acc 9 Balance 6116.000000, Withdraw 500.000000 
User 0, Acc 9 Balance 6116.000000, Withdraw 163.000000 
User 2, Acc 0 Balance 1448.000000, Withdraw 500.000000 
User 2, Acc 1 Balance 635.000000, Withdraw 500.000000 
User 2, Acc 2 Balance 1530.000000, Withdraw 500.000000 
User 2, Acc 3 Balance 1457.000000, Withdraw 500.000000 
User 2, Acc 4 Balance 1572.000000, Withdraw 500.000000 
User 2, Acc 5 Balance 1654.000000, Withdraw 500.000000 
User 2, Acc 6 Balance 2707.000000, Withdraw 500.000000 
User 1, Acc 3 Balance 1457.000000, Withdraw 500.000000 
User 1, Acc 4 Balance 1072.000000, Withdraw 500.000000 
User 1, Acc 5 Balance 1154.000000, Withdraw 500.000000 
User 1, Acc 6 Balance 2207.000000, Withdraw 500.000000 
User 1, Acc 7 Balance 37333.000000, Withdraw 500.000000 
[22;32mUser 1, Acc 8 Balance 76.000000, 				Withdraw 500.000000 --insufficient funds[0m
User 1, Acc 9 Balance 5453.000000, Withdraw 500.000000 
User 1, Acc 0 Balance 948.000000, Withdraw 500.000000 
User 2, Acc 7 Balance 37333.000000, Withdraw 500.000000 
[22;32mUser 2, Acc 8 Balance 76.000000, 				Withdraw 500.000000 --insufficient funds[0m
User 2, Acc 9 Balance 4953.000000, Withdraw 500.000000 
[22;32mUser 2, Acc 0 Balance 448.000000, 				Withdraw 500.000000 --insufficient funds[0m
[22;32mUser 1, Acc 1 Balance 135.000000, 				Withdraw 500.000000 --insufficient funds[0m
User 1, Acc 2 Balance 1030.000000, Withdraw 500.000000 
[22;32mUser 1, Acc 3 Balance 457.000000, 				Withdraw 500.000000 --insufficient funds[0m
User 1, Acc 4 Balance 572.000000, Withdraw 500.000000 
User 1, Acc 5 Balance 654.000000, Withdraw 500.000000 
User 1, Acc 6 Balance 1707.000000, Withdraw 500.000000 
User 1, Acc 7 Balance 36333.000000, Withdraw 500.000000 
[22;32mUser 1, Acc 8 Balance 76.000000, 				Withdraw 500.000000 --insufficient funds[0m
User 1, Acc 9 Balance 4453.000000, Withdraw 500.000000 
[22;32mUser 1, Acc 0 Balance 448.000000, 				Withdraw 500.000000 --insufficient funds[0m
  ***     End of transaction batch    ***  
Account 0 balance after completion of transaction batch: 448.000000
Account 1 balance after completion of transaction batch: 135.000000
Account 2 balance after completion of transaction batch: 530.000000
Account 3 balance after completion of transaction batch: 457.000000
Account 4 balance after completion of transaction batch: 72.000000
Account 5 balance after completion of transaction batch: 154.000000
Account 6 balance after completion of transaction batch: 1207.000000
Account 7 balance after completion of transaction batch: 35833.000000
Account 8 balance after completion of transaction batch: 76.000000
Account 9 balance after completion of transaction batch: 3953.000000
