# Output generated by:
# ./my_executable 4 data/transactions3.txt data/transactions8.txt data/transactions4.txt data/transactions1.txt

********************************************
   Reading and parsing a transaction file   
********************************************
Parsed transaction: deposit 0 400.000000 
Loaded deposit transaction
Parsed transaction: withdraw 0 200.000000 
Loaded withdrawal transaction
Parsed transaction: deposit 1 100.000000 
Loaded deposit transaction
Parsed transaction: deposit 2 900.000000 
Loaded deposit transaction
Parsed transaction: withdraw 1 50.000000 
Loaded withdrawal transaction
Parsed transaction: withdraw 2 150.000000 
Loaded withdrawal transaction
Parsed transaction: deposit 3 500.000000 
Loaded deposit transaction
Parsed transaction: transfer 2 1 300.000000 
Loaded transfer transaction
Parsed transaction: transfer 3 1 300.000000 
Loaded transfer transaction
Parsed transaction: deposit 0 400.000000 
Loaded deposit transaction
Parsed transaction: withdraw 3 200.000000 
Loaded withdrawal transaction
Parsed transaction: balance 1 
Loaded balance transaction
********************************************
********************************************
   Reading and parsing a transaction file   
********************************************
Parsed transaction: deposit 9 617.000000 
Loaded deposit transaction
Parsed transaction: transfer 9 1 617.000000 
Loaded transfer transaction
Parsed transaction: deposit 8 619.000000 
Loaded deposit transaction
Parsed transaction: transfer 8 2 619.000000 
Loaded transfer transaction
Parsed transaction: deposit 7 631.000000 
Loaded deposit transaction
Parsed transaction: transfer 7 3 631.000000 
Loaded transfer transaction
Parsed transaction: deposit 6 641.000000 
Loaded deposit transaction
Parsed transaction: transfer 6 4 641.000000 
Loaded transfer transaction
Parsed transaction: deposit 5 643.000000 
Loaded deposit transaction
Parsed transaction: transfer 5 6 1200.000000 
Loaded transfer transaction
Parsed transaction: deposit 4 647.000000 
Loaded deposit transaction
Parsed transaction: transfer 4 7 1200.000000 
Loaded transfer transaction
Parsed transaction: deposit 3 653.000000 
Loaded deposit transaction
Parsed transaction: transfer 3 8 1200.000000 
Loaded transfer transaction
Parsed transaction: deposit 2 659.000000 
Loaded deposit transaction
Parsed transaction: transfer 2 9 1200.000000 
Loaded transfer transaction
Parsed transaction: deposit 1 661.000000 
Loaded deposit transaction
Parsed transaction: transfer 1 9 1200.000000 
Loaded transfer transaction
Parsed transaction: deposit 0 673.000000 
Loaded deposit transaction
Parsed transaction: transfer 0 9 1200.000000 
Loaded transfer transaction
********************************************
********************************************
   Reading and parsing a transaction file   
********************************************
Parsed transaction: deposit 0 907.000000 
Loaded deposit transaction
Parsed transaction: deposit 1 911.000000 
Loaded deposit transaction
Parsed transaction: deposit 2 919.000000 
Loaded deposit transaction
Parsed transaction: deposit 3 929.000000 
Loaded deposit transaction
Parsed transaction: deposit 4 937.000000 
Loaded deposit transaction
Parsed transaction: deposit 5 941.000000 
Loaded deposit transaction
Parsed transaction: deposit 6 953.000000 
Loaded deposit transaction
Parsed transaction: deposit 7 967.000000 
Loaded deposit transaction
Parsed transaction: transfer 1 7 19.000000 
Loaded transfer transaction
Parsed transaction: transfer 2 7 23.000000 
Loaded transfer transaction
Parsed transaction: transfer 3 7 29.000000 
Loaded transfer transaction
Parsed transaction: transfer 7 6 31.000000 
Loaded transfer transaction
Parsed transaction: transfer 7 5 37.000000 
Loaded transfer transaction
Parsed transaction: transfer 7 4 3.000000 
Loaded transfer transaction
Parsed transaction: transfer 7 4 5.000000 
Loaded transfer transaction
Parsed transaction: transfer 6 5 67.000000 
Loaded transfer transaction
Parsed transaction: transfer 4 5 53.000000 
Loaded transfer transaction
Parsed transaction: transfer 1 8 89.000000 
Loaded transfer transaction
Parsed transaction: transfer 1 9 163.000000 
Loaded transfer transaction
Parsed transaction: withdraw 1 41.000000 
Loaded withdrawal transaction
Parsed transaction: withdraw 2 71.000000 
Loaded withdrawal transaction
Parsed transaction: withdraw 3 127.000000 
Loaded withdrawal transaction
Parsed transaction: withdraw 4 167.000000 
Loaded withdrawal transaction
Parsed transaction: withdraw 5 307.000000 
Loaded withdrawal transaction
Parsed transaction: withdraw 6 647.000000 
Loaded withdrawal transaction
Parsed transaction: withdraw 7 593.000000 
Loaded withdrawal transaction
Parsed transaction: withdraw 8 449.000000 
Loaded withdrawal transaction
Parsed transaction: withdraw 9 163.000000 
Loaded withdrawal transaction
********************************************
********************************************
   Reading and parsing a transaction file   
********************************************
Parsed transaction: deposit 0 100.000000 
Loaded deposit transaction
Parsed transaction: deposit 0 200.000000 
Loaded deposit transaction
Parsed transaction: deposit 0 300.000000 
Loaded deposit transaction
Parsed transaction: withdraw 0 200.000000 
Loaded withdrawal transaction
Parsed transaction: withdraw 0 100.000000 
Loaded withdrawal transaction
Parsed transaction: withdraw 0 50.000000 
Loaded withdrawal transaction
Parsed transaction: transfer 1 0 200.000000 
Loaded transfer transaction
Parsed transaction: balance 0 
Loaded balance transaction
********************************************
  ***    Start of transaction batch    ***  
User 0, Acc 0 Balance 0.000000, Deposit 400.000000 
User 0, Acc 0 Balance 400.000000, Withdraw 200.000000 
User 0, Acc 1 Balance 0.000000, Deposit 100.000000 
User 0, Acc 2 Balance 0.000000, Deposit 900.000000 
User 0, Acc 1 Balance 100.000000, Withdraw 50.000000 
User 0, Acc 2 Balance 900.000000, Withdraw 150.000000 
User 0, Acc 3 Balance 0.000000, Deposit 500.000000 
User 0, Acc 2 Balance 750.000000, Transfer 300.000000 to Acc 1
User 0, Acc 3 Balance 500.000000, Transfer 300.000000 to Acc 1
User 0, Acc 0 Balance 200.000000, Deposit 400.000000 
User 0, Acc 3 Balance 200.000000, Withdraw 200.000000 
Balance in 1: 650.000000
User 0, Acc 9 Balance 0.000000, Deposit 617.000000 
User 0, Acc 9 Balance 617.000000, Transfer 617.000000 to Acc 1
User 0, Acc 8 Balance 0.000000, Deposit 619.000000 
User 0, Acc 8 Balance 619.000000, Transfer 619.000000 to Acc 2
User 0, Acc 7 Balance 0.000000, Deposit 631.000000 
User 0, Acc 7 Balance 631.000000, Transfer 631.000000 to Acc 3
User 0, Acc 6 Balance 0.000000, Deposit 641.000000 
User 0, Acc 6 Balance 641.000000, Transfer 641.000000 to Acc 4
User 0, Acc 5 Balance 0.000000, Deposit 643.000000 
User 0, Acc 4 Balance 641.000000, Deposit 647.000000 
User 0, Acc 4 Balance 1288.000000, Transfer 1200.000000 to Acc 7
User 0, Acc 3 Balance 631.000000, Deposit 653.000000 
User 0, Acc 3 Balance 1284.000000, Transfer 1200.000000 to Acc 8
User 1, Acc 0 Balance 600.000000, Deposit 100.000000 
User 1, Acc 0 Balance 700.000000, Deposit 200.000000 
User 0, Acc 2 Balance 1069.000000, Deposit 659.000000 
User 1, Acc 0 Balance 900.000000, Deposit 300.000000 
User 1, Acc 0 Balance 1200.000000, Withdraw 200.000000 
User 0, Acc 2 Balance 1728.000000, Transfer 1200.000000 to Acc 9
User 1, Acc 0 Balance 1000.000000, Withdraw 100.000000 
User 3, Acc 0 Balance 600.000000, Deposit 400.000000 
User 0, Acc 1 Balance 1267.000000, Deposit 661.000000 
User 3, Acc 0 Balance 1300.000000, Withdraw 200.000000 
User 0, Acc 1 Balance 1928.000000, Transfer 1200.000000 to Acc 9
User 1, Acc 0 Balance 900.000000, Withdraw 50.000000 
User 3, Acc 1 Balance 1928.000000, Deposit 100.000000 
User 1, Acc 1 Balance 728.000000, Transfer 200.000000 to Acc 0
User 0, Acc 0 Balance 1100.000000, Deposit 673.000000 
Balance in 0: 1250.000000
User 0, Acc 0 Balance 1923.000000, Transfer 1200.000000 to Acc 9
User 1, Acc 0 Balance 1923.000000, Deposit 400.000000 
User 1, Acc 0 Balance 2323.000000, Withdraw 200.000000 
User 0, Acc 9 Balance 3600.000000, Deposit 617.000000 
User 3, Acc 2 Balance 528.000000, Deposit 900.000000 
User 0, Acc 9 Balance 4217.000000, Transfer 617.000000 to Acc 1
User 0, Acc 8 Balance 1200.000000, Deposit 619.000000 
User 0, Acc 8 Balance 1819.000000, Transfer 619.000000 to Acc 2
User 0, Acc 7 Balance 1200.000000, Deposit 631.000000 
User 0, Acc 7 Balance 1831.000000, Transfer 631.000000 to Acc 3
User 0, Acc 6 Balance 0.000000, Deposit 641.000000 
User 0, Acc 6 Balance 641.000000, Transfer 641.000000 to Acc 4
User 0, Acc 5 Balance 643.000000, Deposit 643.000000 
User 0, Acc 5 Balance 1286.000000, Transfer 1200.000000 to Acc 6
User 0, Acc 4 Balance 729.000000, Deposit 647.000000 
User 0, Acc 4 Balance 1376.000000, Transfer 1200.000000 to Acc 7
User 0, Acc 3 Balance 715.000000, Deposit 653.000000 
User 0, Acc 3 Balance 1368.000000, Transfer 1200.000000 to Acc 8
User 0, Acc 2 Balance 2047.000000, Deposit 659.000000 
User 0, Acc 2 Balance 2706.000000, Transfer 1200.000000 to Acc 9
User 0, Acc 1 Balance 1245.000000, Deposit 661.000000 
User 0, Acc 1 Balance 1906.000000, Transfer 1200.000000 to Acc 9
User 0, Acc 0 Balance 923.000000, Deposit 673.000000 
User 3, Acc 1 Balance 628.000000, Withdraw 50.000000 
User 1, Acc 1 Balance 628.000000, Deposit 100.000000 
User 1, Acc 2 Balance 1506.000000, Deposit 900.000000 
User 2, Acc 0 Balance 600.000000, Deposit 907.000000 
User 3, Acc 2 Balance 1506.000000, Withdraw 150.000000 
User 3, Acc 3 Balance 168.000000, Deposit 500.000000 
User 3, Acc 2 Balance 2256.000000, Transfer 300.000000 to Acc 1
User 0, Acc 0 Balance 1596.000000, Transfer 1200.000000 to Acc 9
User 0, Acc 9 Balance 7200.000000, Deposit 617.000000 
User 0, Acc 9 Balance 7817.000000, Transfer 617.000000 to Acc 1
User 0, Acc 8 Balance 2400.000000, Deposit 619.000000 
User 0, Acc 8 Balance 3019.000000, Transfer 619.000000 to Acc 2
User 0, Acc 7 Balance 2400.000000, Deposit 631.000000 
User 0, Acc 7 Balance 3031.000000, Transfer 631.000000 to Acc 3
User 0, Acc 6 Balance 1200.000000, Deposit 641.000000 
User 0, Acc 6 Balance 1841.000000, Transfer 641.000000 to Acc 4
User 0, Acc 5 Balance 86.000000, Deposit 643.000000 
User 0, Acc 4 Balance 817.000000, Deposit 647.000000 
User 0, Acc 4 Balance 1464.000000, Transfer 1200.000000 to Acc 7
User 0, Acc 3 Balance 1299.000000, Deposit 653.000000 
User 0, Acc 3 Balance 1952.000000, Transfer 1200.000000 to Acc 8
User 0, Acc 2 Balance 2575.000000, Deposit 659.000000 
User 0, Acc 2 Balance 3234.000000, Transfer 1200.000000 to Acc 9
User 0, Acc 1 Balance 1673.000000, Deposit 661.000000 
User 0, Acc 1 Balance 2334.000000, Transfer 1200.000000 to Acc 9
User 0, Acc 0 Balance 1303.000000, Deposit 673.000000 
User 3, Acc 3 Balance 668.000000, Transfer 300.000000 to Acc 1
User 3, Acc 0 Balance 1976.000000, Deposit 400.000000 
User 3, Acc 3 Balance 452.000000, Withdraw 200.000000 
Balance in 1: 1434.000000
User 3, Acc 0 Balance 2376.000000, Deposit 907.000000 
User 3, Acc 1 Balance 1434.000000, Deposit 911.000000 
User 2, Acc 1 Balance 756.000000, Deposit 911.000000 
User 2, Acc 2 Balance 2034.000000, Deposit 919.000000 
User 1, Acc 1 Balance 756.000000, Withdraw 50.000000 
User 2, Acc 3 Balance 252.000000, Deposit 929.000000 
User 1, Acc 2 Balance 2953.000000, Withdraw 150.000000 
User 3, Acc 2 Balance 2034.000000, Deposit 919.000000 
User 2, Acc 4 Balance 264.000000, Deposit 937.000000 
User 3, Acc 3 Balance 1181.000000, Deposit 929.000000 
User 2, Acc 5 Balance 729.000000, Deposit 941.000000 
User 2, Acc 6 Balance 1200.000000, Deposit 953.000000 
User 2, Acc 7 Balance 3600.000000, Deposit 967.000000 
User 2, Acc 1 Balance 3206.000000, Transfer 19.000000 to Acc 7
User 3, Acc 4 Balance 1201.000000, Deposit 937.000000 
User 3, Acc 5 Balance 1670.000000, Deposit 941.000000 
User 3, Acc 6 Balance 2153.000000, Deposit 953.000000 
User 0, Acc 0 Balance 1976.000000, Transfer 1200.000000 to Acc 9
User 0, Acc 0 Balance 2083.000000, Deposit 400.000000 
User 0, Acc 0 Balance 2483.000000, Withdraw 200.000000 
User 3, Acc 7 Balance 4586.000000, Deposit 967.000000 
User 0, Acc 1 Balance 3187.000000, Deposit 100.000000 
User 3, Acc 1 Balance 3187.000000, Transfer 19.000000 to Acc 7
User 0, Acc 2 Balance 3722.000000, Deposit 900.000000 
User 1, Acc 3 Balance 1181.000000, Deposit 500.000000 
User 1, Acc 2 Balance 4622.000000, Transfer 300.000000 to Acc 1
User 2, Acc 2 Balance 3722.000000, Transfer 23.000000 to Acc 7
User 1, Acc 3 Balance 2610.000000, Transfer 300.000000 to Acc 1
User 2, Acc 3 Balance 2610.000000, Transfer 29.000000 to Acc 7
User 3, Acc 2 Balance 3722.000000, Transfer 23.000000 to Acc 7
User 1, Acc 0 Balance 2283.000000, Deposit 400.000000 
User 0, Acc 1 Balance 3268.000000, Withdraw 50.000000 
User 0, Acc 2 Balance 4276.000000, Withdraw 150.000000 
User 0, Acc 3 Balance 2281.000000, Deposit 500.000000 
User 0, Acc 2 Balance 4126.000000, Transfer 300.000000 to Acc 1
User 0, Acc 3 Balance 2781.000000, Transfer 300.000000 to Acc 1
User 0, Acc 0 Balance 2683.000000, Deposit 400.000000 
User 0, Acc 3 Balance 2481.000000, Withdraw 200.000000 
Balance in 1: 4418.000000
User 3, Acc 3 Balance 2281.000000, Transfer 29.000000 to Acc 7
User 0, Acc 0 Balance 3083.000000, Deposit 907.000000 
User 0, Acc 1 Balance 4418.000000, Deposit 911.000000 
User 0, Acc 2 Balance 3826.000000, Deposit 919.000000 
User 0, Acc 3 Balance 2252.000000, Deposit 929.000000 
User 2, Acc 7 Balance 5624.000000, Transfer 31.000000 to Acc 6
User 2, Acc 7 Balance 5645.000000, Transfer 37.000000 to Acc 5
User 1, Acc 3 Balance 2281.000000, Withdraw 200.000000 
Balance in 1: 5329.000000
User 1, Acc 0 Balance 3990.000000, Deposit 100.000000 
User 1, Acc 0 Balance 4090.000000, Deposit 200.000000 
User 1, Acc 0 Balance 4290.000000, Deposit 300.000000 
User 1, Acc 0 Balance 4590.000000, Withdraw 200.000000 
User 0, Acc 4 Balance 2138.000000, Deposit 937.000000 
User 2, Acc 7 Balance 5608.000000, Transfer 3.000000 to Acc 4
User 0, Acc 5 Balance 2648.000000, Deposit 941.000000 
User 1, Acc 0 Balance 4390.000000, Withdraw 100.000000 
User 0, Acc 6 Balance 3137.000000, Deposit 953.000000 
User 3, Acc 7 Balance 5676.000000, Transfer 31.000000 to Acc 6
User 0, Acc 7 Balance 5605.000000, Deposit 967.000000 
User 2, Acc 7 Balance 5605.000000, Transfer 5.000000 to Acc 4
User 0, Acc 1 Balance 5329.000000, Transfer 19.000000 to Acc 7
User 1, Acc 0 Balance 4290.000000, Withdraw 50.000000 
User 0, Acc 2 Balance 4745.000000, Transfer 23.000000 to Acc 7
User 2, Acc 6 Balance 4121.000000, Transfer 67.000000 to Acc 5
User 0, Acc 3 Balance 2981.000000, Transfer 29.000000 to Acc 7
User 3, Acc 7 Balance 5574.000000, Transfer 37.000000 to Acc 5
User 2, Acc 4 Balance 3083.000000, Transfer 53.000000 to Acc 5
User 3, Acc 7 Balance 6570.000000, Transfer 3.000000 to Acc 4
User 2, Acc 1 Balance 5310.000000, Transfer 89.000000 to Acc 8
User 2, Acc 1 Balance 5221.000000, Transfer 163.000000 to Acc 9
User 1, Acc 1 Balance 5310.000000, Transfer 200.000000 to Acc 0
Balance in 0: 4440.000000
User 0, Acc 7 Balance 6607.000000, Transfer 31.000000 to Acc 6
User 0, Acc 7 Balance 6536.000000, Transfer 37.000000 to Acc 5
User 0, Acc 7 Balance 6499.000000, Transfer 3.000000 to Acc 4
User 0, Acc 7 Balance 6496.000000, Transfer 5.000000 to Acc 4
User 0, Acc 6 Balance 4085.000000, Transfer 67.000000 to Acc 5
User 0, Acc 4 Balance 3041.000000, Transfer 53.000000 to Acc 5
User 0, Acc 1 Balance 4858.000000, Transfer 89.000000 to Acc 8
User 0, Acc 1 Balance 4769.000000, Transfer 163.000000 to Acc 9
User 0, Acc 1 Balance 4606.000000, Withdraw 41.000000 
User 0, Acc 2 Balance 4722.000000, Withdraw 71.000000 
User 0, Acc 3 Balance 2952.000000, Withdraw 127.000000 
User 0, Acc 4 Balance 2988.000000, Withdraw 167.000000 
User 0, Acc 5 Balance 3903.000000, Withdraw 307.000000 
User 0, Acc 6 Balance 4018.000000, Withdraw 647.000000 
User 0, Acc 7 Balance 6491.000000, Withdraw 593.000000 
User 0, Acc 8 Balance 3778.000000, Withdraw 449.000000 
User 0, Acc 9 Balance 11126.000000, Withdraw 163.000000 
User 0, Acc 0 Balance 4440.000000, Deposit 100.000000 
User 0, Acc 0 Balance 4540.000000, Deposit 200.000000 
User 0, Acc 0 Balance 4740.000000, Deposit 300.000000 
User 0, Acc 0 Balance 5040.000000, Withdraw 200.000000 
User 0, Acc 0 Balance 4840.000000, Withdraw 100.000000 
User 0, Acc 0 Balance 4740.000000, Withdraw 50.000000 
User 0, Acc 1 Balance 4565.000000, Transfer 200.000000 to Acc 0
Balance in 0: 4890.000000
User 2, Acc 1 Balance 5058.000000, Withdraw 41.000000 
User 0, Acc 0 Balance 4890.000000, Deposit 907.000000 
User 1, Acc 9 Balance 10963.000000, Deposit 617.000000 
User 0, Acc 1 Balance 4324.000000, Deposit 911.000000 
User 2, Acc 2 Balance 4651.000000, Withdraw 71.000000 
User 0, Acc 2 Balance 4651.000000, Deposit 919.000000 
User 0, Acc 3 Balance 2825.000000, Deposit 929.000000 
User 0, Acc 4 Balance 2821.000000, Deposit 937.000000 
User 0, Acc 5 Balance 3596.000000, Deposit 941.000000 
User 0, Acc 6 Balance 3371.000000, Deposit 953.000000 
User 0, Acc 7 Balance 5898.000000, Deposit 967.000000 
User 0, Acc 1 Balance 5235.000000, Transfer 19.000000 to Acc 7
User 0, Acc 2 Balance 5499.000000, Transfer 23.000000 to Acc 7
User 0, Acc 3 Balance 3754.000000, Transfer 29.000000 to Acc 7
User 0, Acc 7 Balance 6936.000000, Transfer 31.000000 to Acc 6
User 0, Acc 7 Balance 6905.000000, Transfer 37.000000 to Acc 5
User 0, Acc 7 Balance 6868.000000, Transfer 3.000000 to Acc 4
User 0, Acc 7 Balance 6865.000000, Transfer 5.000000 to Acc 4
User 0, Acc 6 Balance 4355.000000, Transfer 67.000000 to Acc 5
User 0, Acc 4 Balance 3766.000000, Transfer 53.000000 to Acc 5
User 0, Acc 1 Balance 5216.000000, Transfer 89.000000 to Acc 8
User 0, Acc 1 Balance 5127.000000, Transfer 163.000000 to Acc 9
User 0, Acc 1 Balance 4964.000000, Withdraw 41.000000 
User 0, Acc 2 Balance 5476.000000, Withdraw 71.000000 
User 0, Acc 3 Balance 3725.000000, Withdraw 127.000000 
User 0, Acc 4 Balance 3713.000000, Withdraw 167.000000 
User 0, Acc 5 Balance 4694.000000, Withdraw 307.000000 
User 0, Acc 6 Balance 4288.000000, Withdraw 647.000000 
User 0, Acc 7 Balance 6860.000000, Withdraw 593.000000 
User 0, Acc 8 Balance 3418.000000, Withdraw 449.000000 
User 0, Acc 9 Balance 11743.000000, Withdraw 163.000000 
User 0, Acc 0 Balance 5797.000000, Deposit 100.000000 
User 0, Acc 0 Balance 5897.000000, Deposit 200.000000 
User 0, Acc 0 Balance 6097.000000, Deposit 300.000000 
User 0, Acc 0 Balance 6397.000000, Withdraw 200.000000 
User 0, Acc 0 Balance 6197.000000, Withdraw 100.000000 
User 0, Acc 0 Balance 6097.000000, Withdraw 50.000000 
User 0, Acc 1 Balance 4923.000000, Transfer 200.000000 to Acc 0
Balance in 0: 6247.000000
User 3, Acc 7 Balance 6567.000000, Transfer 5.000000 to Acc 4
User 2, Acc 3 Balance 2825.000000, Withdraw 127.000000 
User 1, Acc 9 Balance 11580.000000, Transfer 617.000000 to Acc 1
User 2, Acc 4 Balance 3551.000000, Withdraw 167.000000 
User 2, Acc 5 Balance 4387.000000, Withdraw 307.000000 
User 2, Acc 6 Balance 3641.000000, Withdraw 647.000000 
User 1, Acc 8 Balance 2969.000000, Deposit 619.000000 
User 2, Acc 7 Balance 6262.000000, Withdraw 593.000000 
User 2, Acc 8 Balance 3588.000000, Withdraw 449.000000 
User 2, Acc 9 Balance 10963.000000, Withdraw 163.000000 
User 3, Acc 6 Balance 3641.000000, Transfer 67.000000 to Acc 5
User 3, Acc 4 Balance 3384.000000, Transfer 53.000000 to Acc 5
User 1, Acc 8 Balance 3588.000000, Transfer 619.000000 to Acc 2
User 1, Acc 7 Balance 5669.000000, Deposit 631.000000 
User 1, Acc 7 Balance 6300.000000, Transfer 631.000000 to Acc 3
User 1, Acc 6 Balance 2927.000000, Deposit 641.000000 
User 1, Acc 6 Balance 3568.000000, Transfer 641.000000 to Acc 4
User 1, Acc 5 Balance 4200.000000, Deposit 643.000000 
User 1, Acc 5 Balance 4843.000000, Transfer 1200.000000 to Acc 6
User 1, Acc 4 Balance 3972.000000, Deposit 647.000000 
User 1, Acc 4 Balance 4619.000000, Transfer 1200.000000 to Acc 7
User 3, Acc 1 Balance 5340.000000, Transfer 89.000000 to Acc 8
User 3, Acc 1 Balance 5251.000000, Transfer 163.000000 to Acc 9
User 1, Acc 3 Balance 4102.000000, Deposit 653.000000 
User 1, Acc 3 Balance 4755.000000, Transfer 1200.000000 to Acc 8
User 1, Acc 2 Balance 6024.000000, Deposit 659.000000 
User 1, Acc 2 Balance 6683.000000, Transfer 1200.000000 to Acc 9
User 1, Acc 1 Balance 5088.000000, Deposit 661.000000 
User 1, Acc 1 Balance 5749.000000, Transfer 1200.000000 to Acc 9
User 1, Acc 0 Balance 6247.000000, Deposit 673.000000 
User 1, Acc 0 Balance 6920.000000, Transfer 1200.000000 to Acc 9
User 3, Acc 1 Balance 5088.000000, Withdraw 41.000000 
User 3, Acc 2 Balance 5483.000000, Withdraw 71.000000 
User 3, Acc 3 Balance 3555.000000, Withdraw 127.000000 
User 3, Acc 4 Balance 3419.000000, Withdraw 167.000000 
User 3, Acc 5 Balance 3643.000000, Withdraw 307.000000 
User 3, Acc 6 Balance 4127.000000, Withdraw 647.000000 
User 3, Acc 7 Balance 6869.000000, Withdraw 593.000000 
User 3, Acc 8 Balance 3809.000000, Withdraw 449.000000 
User 3, Acc 9 Balance 14563.000000, Withdraw 163.000000 
  ***     End of transaction batch    ***  
Account 0 balance after completion of transaction batch: 5720.000000
Account 1 balance after completion of transaction batch: 4508.000000
Account 2 balance after completion of transaction batch: 5412.000000
Account 3 balance after completion of transaction batch: 3428.000000
Account 4 balance after completion of transaction batch: 3252.000000
Account 5 balance after completion of transaction batch: 3336.000000
Account 6 balance after completion of transaction batch: 3480.000000
Account 7 balance after completion of transaction batch: 6276.000000
Account 8 balance after completion of transaction batch: 3360.000000
Account 9 balance after completion of transaction batch: 14400.000000
