# Output generated by:
# ./my_executable 5 data/transactions7.txt data/transactions6.txt data/transactions8.txt data/transactions2.txt data/transactions5.txt

********************************************
   Reading and parsing a transaction file   
********************************************
Parsed transaction: deposit 7 9929.000000 
Loaded deposit transaction
Parsed transaction: deposit 4 937.000000 
Loaded deposit transaction
Parsed transaction: deposit 5 941.000000 
Loaded deposit transaction
Parsed transaction: deposit 0 7.000000 
Loaded deposit transaction
Parsed transaction: deposit 3 29.000000 
Loaded deposit transaction
Parsed transaction: deposit 7 9.000000 
Loaded deposit transaction
Parsed transaction: deposit 9 129.000000 
Loaded deposit transaction
Parsed transaction: transfer 3 7 29.000000 
Loaded transfer transaction
Parsed transaction: transfer 7 6 31.000000 
Loaded transfer transaction
Parsed transaction: transfer 7 5 137.000000 
Loaded transfer transaction
Parsed transaction: transfer 7 4 3.000000 
Loaded transfer transaction
Parsed transaction: transfer 7 4 5.000000 
Loaded transfer transaction
Parsed transaction: withdraw 4 1167.000000 
Loaded withdrawal transaction
Parsed transaction: withdraw 5 1307.000000 
Loaded withdrawal transaction
Parsed transaction: transfer 1 8 89.000000 
Loaded transfer transaction
Parsed transaction: transfer 1 9 163.000000 
Loaded transfer transaction
Parsed transaction: withdraw 1 41.000000 
Loaded withdrawal transaction
Parsed transaction: withdraw 2 71.000000 
Loaded withdrawal transaction
Parsed transaction: withdraw 3 1127.000000 
Loaded withdrawal transaction
Parsed transaction: withdraw 6 647.000000 
Loaded withdrawal transaction
Parsed transaction: deposit 6 1953.000000 
Loaded deposit transaction
Parsed transaction: deposit 7 967.000000 
Loaded deposit transaction
Parsed transaction: transfer 1 7 19.000000 
Loaded transfer transaction
Parsed transaction: transfer 2 7 23.000000 
Loaded transfer transaction
Parsed transaction: transfer 6 5 1167.000000 
Loaded transfer transaction
Parsed transaction: transfer 4 5 53.000000 
Loaded transfer transaction
Parsed transaction: withdraw 7 1593.000000 
Loaded withdrawal transaction
Parsed transaction: withdraw 8 449.000000 
Loaded withdrawal transaction
Parsed transaction: withdraw 9 163.000000 
Loaded withdrawal transaction
********************************************
********************************************
   Reading and parsing a transaction file   
********************************************
Parsed transaction: deposit 0 7.000000 
Loaded deposit transaction
Parsed transaction: deposit 1 11.000000 
Loaded deposit transaction
Parsed transaction: deposit 2 9.000000 
Loaded deposit transaction
Parsed transaction: transfer 3 7 29.000000 
Loaded transfer transaction
Parsed transaction: transfer 7 6 31.000000 
Loaded transfer transaction
Parsed transaction: transfer 7 5 137.000000 
Loaded transfer transaction
Parsed transaction: transfer 7 4 3.000000 
Loaded transfer transaction
Parsed transaction: transfer 7 4 5.000000 
Loaded transfer transaction
Parsed transaction: deposit 3 929.000000 
Loaded deposit transaction
Parsed transaction: deposit 4 937.000000 
Loaded deposit transaction
Parsed transaction: deposit 5 941.000000 
Loaded deposit transaction
Parsed transaction: withdraw 4 1167.000000 
Loaded withdrawal transaction
Parsed transaction: withdraw 5 1307.000000 
Loaded withdrawal transaction
Parsed transaction: transfer 1 8 89.000000 
Loaded transfer transaction
Parsed transaction: transfer 1 9 163.000000 
Loaded transfer transaction
Parsed transaction: withdraw 1 41.000000 
Loaded withdrawal transaction
Parsed transaction: withdraw 2 71.000000 
Loaded withdrawal transaction
Parsed transaction: withdraw 3 1127.000000 
Loaded withdrawal transaction
Parsed transaction: withdraw 6 647.000000 
Loaded withdrawal transaction
Parsed transaction: deposit 6 953.000000 
Loaded deposit transaction
Parsed transaction: deposit 7 967.000000 
Loaded deposit transaction
Parsed transaction: transfer 1 7 19.000000 
Loaded transfer transaction
Parsed transaction: transfer 2 7 23.000000 
Loaded transfer transaction
Parsed transaction: transfer 6 5 1167.000000 
Loaded transfer transaction
Parsed transaction: transfer 4 5 53.000000 
Loaded transfer transaction
Parsed transaction: withdraw 7 1593.000000 
Loaded withdrawal transaction
Parsed transaction: withdraw 8 449.000000 
Loaded withdrawal transaction
Parsed transaction: withdraw 9 163.000000 
Loaded withdrawal transaction
********************************************
********************************************
   Reading and parsing a transaction file   
********************************************
Parsed transaction: deposit 9 617.000000 
Loaded deposit transaction
Parsed transaction: transfer 9 1 617.000000 
Loaded transfer transaction
Parsed transaction: deposit 8 619.000000 
Loaded deposit transaction
Parsed transaction: transfer 8 2 619.000000 
Loaded transfer transaction
Parsed transaction: deposit 7 631.000000 
Loaded deposit transaction
Parsed transaction: transfer 7 3 631.000000 
Loaded transfer transaction
Parsed transaction: deposit 6 641.000000 
Loaded deposit transaction
Parsed transaction: transfer 6 4 641.000000 
Loaded transfer transaction
Parsed transaction: deposit 5 643.000000 
Loaded deposit transaction
Parsed transaction: transfer 5 6 1200.000000 
Loaded transfer transaction
Parsed transaction: deposit 4 647.000000 
Loaded deposit transaction
Parsed transaction: transfer 4 7 1200.000000 
Loaded transfer transaction
Parsed transaction: deposit 3 653.000000 
Loaded deposit transaction
Parsed transaction: transfer 3 8 1200.000000 
Loaded transfer transaction
Parsed transaction: deposit 2 659.000000 
Loaded deposit transaction
Parsed transaction: transfer 2 9 1200.000000 
Loaded transfer transaction
Parsed transaction: deposit 1 661.000000 
Loaded deposit transaction
Parsed transaction: transfer 1 9 1200.000000 
Loaded transfer transaction
Parsed transaction: deposit 0 673.000000 
Loaded deposit transaction
Parsed transaction: transfer 0 9 1200.000000 
Loaded transfer transaction
********************************************
********************************************
   Reading and parsing a transaction file   
********************************************
Parsed transaction: deposit 0 400.000000 
Loaded deposit transaction
Parsed transaction: withdraw 0 200.000000 
Loaded withdrawal transaction
Parsed transaction: deposit 0 100.000000 
Loaded deposit transaction
Parsed transaction: withdraw 0 50.000000 
Loaded withdrawal transaction
Parsed transaction: withdraw 0 150.000000 
Loaded withdrawal transaction
Parsed transaction: deposit 0 300.000000 
Loaded deposit transaction
Parsed transaction: transfer 0 1 300.000000 
Loaded transfer transaction
Parsed transaction: balance 1 
Loaded balance transaction
********************************************
********************************************
   Reading and parsing a transaction file   
********************************************
Parsed transaction: deposit 0 907.000000 
Loaded deposit transaction
Parsed transaction: deposit 1 911.000000 
Loaded deposit transaction
Parsed transaction: deposit 2 919.000000 
Loaded deposit transaction
Parsed transaction: transfer 3 7 29.000000 
Loaded transfer transaction
Parsed transaction: transfer 7 6 31.000000 
Loaded transfer transaction
Parsed transaction: transfer 7 5 37.000000 
Loaded transfer transaction
Parsed transaction: transfer 7 4 3.000000 
Loaded transfer transaction
Parsed transaction: transfer 7 4 5.000000 
Loaded transfer transaction
Parsed transaction: deposit 3 929.000000 
Loaded deposit transaction
Parsed transaction: deposit 4 937.000000 
Loaded deposit transaction
Parsed transaction: deposit 5 941.000000 
Loaded deposit transaction
Parsed transaction: withdraw 4 167.000000 
Loaded withdrawal transaction
Parsed transaction: withdraw 5 307.000000 
Loaded withdrawal transaction
Parsed transaction: transfer 1 8 89.000000 
Loaded transfer transaction
Parsed transaction: transfer 1 9 163.000000 
Loaded transfer transaction
Parsed transaction: withdraw 1 41.000000 
Loaded withdrawal transaction
Parsed transaction: withdraw 2 71.000000 
Loaded withdrawal transaction
Parsed transaction: withdraw 3 127.000000 
Loaded withdrawal transaction
Parsed transaction: withdraw 6 647.000000 
Loaded withdrawal transaction
Parsed transaction: deposit 6 953.000000 
Loaded deposit transaction
Parsed transaction: deposit 7 967.000000 
Loaded deposit transaction
Parsed transaction: transfer 1 7 19.000000 
Loaded transfer transaction
Parsed transaction: transfer 2 7 23.000000 
Loaded transfer transaction
Parsed transaction: transfer 6 5 67.000000 
Loaded transfer transaction
Parsed transaction: transfer 4 5 53.000000 
Loaded transfer transaction
Parsed transaction: withdraw 7 593.000000 
Loaded withdrawal transaction
Parsed transaction: withdraw 8 449.000000 
Loaded withdrawal transaction
Parsed transaction: withdraw 9 163.000000 
Loaded withdrawal transaction
********************************************
  ***    Start of transaction batch    ***  
User 0, Acc 7 Balance 0.000000, Deposit 9929.000000 
User 0, Acc 4 Balance 0.000000, Deposit 937.000000 
User 0, Acc 5 Balance 0.000000, Deposit 941.000000 
User 0, Acc 0 Balance 0.000000, Deposit 7.000000 
User 0, Acc 3 Balance 0.000000, Deposit 29.000000 
User 0, Acc 7 Balance 9929.000000, Deposit 9.000000 
User 0, Acc 9 Balance 0.000000, Deposit 129.000000 
User 0, Acc 3 Balance 29.000000, Transfer 29.000000 to Acc 7
User 0, Acc 7 Balance 9967.000000, Transfer 31.000000 to Acc 6
User 0, Acc 7 Balance 9936.000000, Transfer 137.000000 to Acc 5
User 0, Acc 7 Balance 9799.000000, Transfer 3.000000 to Acc 4
User 0, Acc 7 Balance 9796.000000, Transfer 5.000000 to Acc 4
[22;32mUser 0, Acc 4 Balance 945.000000, 				Withdraw 1167.000000 --insufficient funds[0m
[22;32mUser 0, Acc 5 Balance 1078.000000, 				Withdraw 1307.000000 --insufficient funds[0m
[22;32mUser 0, Acc 1 Balance 0.000000, 				Withdraw 41.000000 --insufficient funds[0m
[22;32mUser 0, Acc 2 Balance 0.000000, 				Withdraw 71.000000 --insufficient funds[0m
[22;32mUser 0, Acc 3 Balance 0.000000, 				Withdraw 1127.000000 --insufficient funds[0m
[22;32mUser 0, Acc 6 Balance 31.000000, 				Withdraw 647.000000 --insufficient funds[0m
User 0, Acc 6 Balance 31.000000, Deposit 1953.000000 
User 0, Acc 7 Balance 9791.000000, Deposit 967.000000 
User 0, Acc 6 Balance 1984.000000, Transfer 1167.000000 to Acc 5
User 3, Acc 0 Balance 7.000000, Deposit 7.000000 
User 3, Acc 1 Balance 0.000000, Deposit 11.000000 
User 3, Acc 2 Balance 0.000000, Deposit 9.000000 
User 3, Acc 7 Balance 10758.000000, Transfer 31.000000 to Acc 6
User 1, Acc 9 Balance 129.000000, Deposit 617.000000 
User 2, Acc 0 Balance 14.000000, Deposit 400.000000 
User 3, Acc 7 Balance 10727.000000, Transfer 137.000000 to Acc 5
User 2, Acc 0 Balance 414.000000, Withdraw 200.000000 
User 2, Acc 0 Balance 214.000000, Deposit 100.000000 
User 3, Acc 7 Balance 10590.000000, Transfer 3.000000 to Acc 4
User 1, Acc 9 Balance 746.000000, Transfer 617.000000 to Acc 1
User 1, Acc 8 Balance 0.000000, Deposit 619.000000 
User 2, Acc 0 Balance 314.000000, Withdraw 50.000000 
User 1, Acc 8 Balance 619.000000, Transfer 619.000000 to Acc 2
User 1, Acc 7 Balance 10587.000000, Deposit 631.000000 
User 2, Acc 0 Balance 264.000000, Withdraw 150.000000 
User 1, Acc 7 Balance 11218.000000, Transfer 631.000000 to Acc 3
User 2, Acc 0 Balance 114.000000, Deposit 300.000000 
User 4, Acc 0 Balance 314.000000, Deposit 907.000000 
User 3, Acc 7 Balance 10587.000000, Transfer 5.000000 to Acc 4
User 4, Acc 1 Balance 628.000000, Deposit 911.000000 
User 3, Acc 3 Balance 631.000000, Deposit 929.000000 
User 0, Acc 4 Balance 945.000000, Transfer 53.000000 to Acc 5
User 2, Acc 0 Balance 414.000000, Transfer 300.000000 to Acc 1
Balance in 1: 1839.000000
User 4, Acc 2 Balance 628.000000, Deposit 919.000000 
User 4, Acc 3 Balance 1560.000000, Transfer 29.000000 to Acc 7
User 3, Acc 4 Balance 953.000000, Deposit 937.000000 
User 3, Acc 5 Balance 2435.000000, Deposit 941.000000 
User 3, Acc 4 Balance 1837.000000, Withdraw 1167.000000 
User 3, Acc 5 Balance 3376.000000, Withdraw 1307.000000 
User 3, Acc 1 Balance 1839.000000, Transfer 89.000000 to Acc 8
User 3, Acc 1 Balance 1750.000000, Transfer 163.000000 to Acc 9
User 1, Acc 6 Balance 848.000000, Deposit 641.000000 
User 1, Acc 6 Balance 1489.000000, Transfer 641.000000 to Acc 4
User 4, Acc 7 Balance 10611.000000, Transfer 31.000000 to Acc 6
User 0, Acc 7 Balance 10582.000000, Withdraw 1593.000000 
User 2, Acc 7 Balance 10582.000000, Deposit 9929.000000 
[22;32mUser 0, Acc 8 Balance 89.000000, 				Withdraw 449.000000 --insufficient funds[0m
User 2, Acc 4 Balance 1311.000000, Deposit 937.000000 
User 0, Acc 9 Balance 292.000000, Withdraw 163.000000 
User 2, Acc 5 Balance 2069.000000, Deposit 941.000000 
User 2, Acc 0 Balance 1021.000000, Deposit 7.000000 
User 1, Acc 5 Balance 2069.000000, Deposit 643.000000 
User 4, Acc 7 Balance 10580.000000, Transfer 37.000000 to Acc 5
User 0, Acc 0 Balance 1021.000000, Deposit 7.000000 
User 4, Acc 7 Balance 18879.000000, Transfer 3.000000 to Acc 4
User 0, Acc 1 Balance 1587.000000, Deposit 11.000000 
User 4, Acc 7 Balance 18876.000000, Transfer 5.000000 to Acc 4
User 0, Acc 2 Balance 1547.000000, Deposit 9.000000 
User 2, Acc 3 Balance 1531.000000, Deposit 29.000000 
User 0, Acc 3 Balance 1531.000000, Transfer 29.000000 to Acc 7
User 4, Acc 3 Balance 1531.000000, Deposit 929.000000 
User 3, Acc 1 Balance 1587.000000, Withdraw 41.000000 
User 4, Acc 4 Balance 2256.000000, Deposit 937.000000 
User 3, Acc 2 Balance 1556.000000, Withdraw 71.000000 
User 1, Acc 5 Balance 3653.000000, Transfer 1200.000000 to Acc 6
User 0, Acc 7 Balance 18900.000000, Transfer 31.000000 to Acc 6
User 2, Acc 7 Balance 18871.000000, Deposit 9.000000 
User 0, Acc 7 Balance 18869.000000, Transfer 137.000000 to Acc 5
User 2, Acc 9 Balance 129.000000, Deposit 129.000000 
User 4, Acc 5 Balance 3690.000000, Deposit 941.000000 
User 1, Acc 4 Balance 3193.000000, Deposit 647.000000 
User 0, Acc 7 Balance 18741.000000, Transfer 3.000000 to Acc 4
User 2, Acc 3 Balance 2460.000000, Transfer 29.000000 to Acc 7
User 0, Acc 7 Balance 18738.000000, Transfer 5.000000 to Acc 4
User 0, Acc 3 Balance 2460.000000, Deposit 929.000000 
User 4, Acc 4 Balance 3193.000000, Withdraw 167.000000 
User 1, Acc 4 Balance 3840.000000, Transfer 1200.000000 to Acc 7
User 4, Acc 5 Balance 3568.000000, Withdraw 307.000000 
User 1, Acc 3 Balance 3360.000000, Deposit 653.000000 
User 2, Acc 7 Balance 18762.000000, Transfer 31.000000 to Acc 6
User 0, Acc 4 Balance 3848.000000, Deposit 937.000000 
User 3, Acc 3 Balance 2460.000000, Withdraw 1127.000000 
User 0, Acc 5 Balance 3261.000000, Deposit 941.000000 
User 0, Acc 4 Balance 3418.000000, Withdraw 1167.000000 
User 4, Acc 1 Balance 1557.000000, Transfer 89.000000 to Acc 8
User 0, Acc 5 Balance 4202.000000, Withdraw 1307.000000 
User 4, Acc 1 Balance 1468.000000, Transfer 163.000000 to Acc 9
User 0, Acc 1 Balance 1468.000000, Transfer 89.000000 to Acc 8
User 4, Acc 1 Balance 1305.000000, Withdraw 41.000000 
User 0, Acc 1 Balance 1216.000000, Transfer 163.000000 to Acc 9
User 4, Acc 2 Balance 1485.000000, Withdraw 71.000000 
User 0, Acc 1 Balance 1012.000000, Withdraw 41.000000 
User 2, Acc 7 Balance 19931.000000, Transfer 137.000000 to Acc 5
User 1, Acc 3 Balance 4013.000000, Transfer 1200.000000 to Acc 8
User 3, Acc 6 Balance 2141.000000, Withdraw 647.000000 
User 4, Acc 3 Balance 2886.000000, Withdraw 127.000000 
User 2, Acc 7 Balance 19794.000000, Transfer 3.000000 to Acc 4
User 4, Acc 6 Balance 1494.000000, Withdraw 647.000000 
User 3, Acc 6 Balance 1494.000000, Deposit 953.000000 
User 4, Acc 6 Balance 847.000000, Deposit 953.000000 
User 2, Acc 7 Balance 19791.000000, Transfer 5.000000 to Acc 4
User 4, Acc 7 Balance 19791.000000, Deposit 967.000000 
User 0, Acc 2 Balance 1414.000000, Withdraw 71.000000 
User 3, Acc 7 Balance 19791.000000, Deposit 967.000000 
User 0, Acc 3 Balance 1559.000000, Withdraw 1127.000000 
User 2, Acc 4 Balance 2259.000000, Withdraw 1167.000000 
User 4, Acc 1 Balance 971.000000, Transfer 19.000000 to Acc 7
User 4, Acc 2 Balance 1343.000000, Transfer 23.000000 to Acc 7
User 4, Acc 6 Balance 2753.000000, Transfer 67.000000 to Acc 5
User 4, Acc 4 Balance 1092.000000, Transfer 53.000000 to Acc 5
User 0, Acc 6 Balance 2753.000000, Withdraw 647.000000 
User 0, Acc 6 Balance 2039.000000, Deposit 953.000000 
User 0, Acc 7 Balance 21762.000000, Deposit 967.000000 
User 1, Acc 2 Balance 1414.000000, Deposit 659.000000 
User 1, Acc 2 Balance 1979.000000, Transfer 1200.000000 to Acc 9
User 1, Acc 1 Balance 952.000000, Deposit 661.000000 
User 1, Acc 1 Balance 1613.000000, Transfer 1200.000000 to Acc 9
User 1, Acc 0 Balance 1035.000000, Deposit 673.000000 
User 1, Acc 0 Balance 1708.000000, Transfer 1200.000000 to Acc 9
User 2, Acc 5 Balance 3032.000000, Withdraw 1307.000000 
User 2, Acc 1 Balance 413.000000, Transfer 89.000000 to Acc 8
User 2, Acc 1 Balance 324.000000, Transfer 163.000000 to Acc 9
User 2, Acc 1 Balance 161.000000, Withdraw 41.000000 
User 2, Acc 2 Balance 779.000000, Withdraw 71.000000 
[22;32mUser 2, Acc 3 Balance 432.000000, 				Withdraw 1127.000000 --insufficient funds[0m
User 2, Acc 6 Balance 2992.000000, Withdraw 647.000000 
User 2, Acc 6 Balance 2345.000000, Deposit 1953.000000 
User 2, Acc 7 Balance 22729.000000, Deposit 967.000000 
User 2, Acc 1 Balance 120.000000, Transfer 19.000000 to Acc 7
User 2, Acc 2 Balance 708.000000, Transfer 23.000000 to Acc 7
User 2, Acc 6 Balance 4298.000000, Transfer 1167.000000 to Acc 5
User 2, Acc 4 Balance 1039.000000, Transfer 53.000000 to Acc 5
User 2, Acc 7 Balance 23738.000000, Withdraw 1593.000000 
User 2, Acc 8 Balance 1556.000000, Withdraw 449.000000 
User 2, Acc 9 Balance 4347.000000, Withdraw 163.000000 
User 1, Acc 9 Balance 4184.000000, Deposit 617.000000 
User 1, Acc 9 Balance 4801.000000, Transfer 617.000000 to Acc 1
User 0, Acc 1 Balance 952.000000, Transfer 19.000000 to Acc 7
User 0, Acc 2 Balance 685.000000, Transfer 23.000000 to Acc 7
User 3, Acc 1 Balance 971.000000, Transfer 19.000000 to Acc 7
User 3, Acc 2 Balance 662.000000, Transfer 23.000000 to Acc 7
User 3, Acc 6 Balance 3131.000000, Transfer 1167.000000 to Acc 5
User 3, Acc 4 Balance 986.000000, Transfer 53.000000 to Acc 5
User 3, Acc 7 Balance 22229.000000, Withdraw 1593.000000 
User 3, Acc 8 Balance 1107.000000, Withdraw 449.000000 
User 3, Acc 9 Balance 4184.000000, Withdraw 163.000000 
User 3, Acc 7 Balance 20636.000000, Deposit 9929.000000 
User 3, Acc 4 Balance 933.000000, Deposit 937.000000 
User 3, Acc 5 Balance 4285.000000, Deposit 941.000000 
User 3, Acc 0 Balance 508.000000, Deposit 7.000000 
User 3, Acc 3 Balance 432.000000, Deposit 29.000000 
User 3, Acc 7 Balance 30565.000000, Deposit 9.000000 
User 3, Acc 9 Balance 4021.000000, Deposit 129.000000 
User 3, Acc 3 Balance 461.000000, Transfer 29.000000 to Acc 7
User 3, Acc 7 Balance 30603.000000, Transfer 31.000000 to Acc 6
User 3, Acc 7 Balance 30572.000000, Transfer 137.000000 to Acc 5
User 3, Acc 7 Balance 30435.000000, Transfer 3.000000 to Acc 4
User 3, Acc 7 Balance 30432.000000, Transfer 5.000000 to Acc 4
User 3, Acc 4 Balance 1878.000000, Withdraw 1167.000000 
User 3, Acc 5 Balance 5363.000000, Withdraw 1307.000000 
User 3, Acc 1 Balance 680.000000, Transfer 89.000000 to Acc 8
User 3, Acc 1 Balance 591.000000, Transfer 163.000000 to Acc 9
User 3, Acc 1 Balance 428.000000, Withdraw 41.000000 
User 3, Acc 2 Balance 639.000000, Withdraw 71.000000 
[22;32mUser 3, Acc 3 Balance 432.000000, 				Withdraw 1127.000000 --insufficient funds[0m
User 3, Acc 6 Balance 1995.000000, Withdraw 647.000000 
User 3, Acc 6 Balance 1348.000000, Deposit 1953.000000 
User 3, Acc 7 Balance 30427.000000, Deposit 967.000000 
User 3, Acc 1 Balance 387.000000, Transfer 19.000000 to Acc 7
User 3, Acc 2 Balance 568.000000, Transfer 23.000000 to Acc 7
User 3, Acc 6 Balance 3301.000000, Transfer 1167.000000 to Acc 5
User 3, Acc 4 Balance 711.000000, Transfer 53.000000 to Acc 5
User 3, Acc 7 Balance 31436.000000, Withdraw 1593.000000 
User 3, Acc 8 Balance 747.000000, Withdraw 449.000000 
User 3, Acc 9 Balance 4313.000000, Withdraw 163.000000 
User 3, Acc 0 Balance 515.000000, Deposit 907.000000 
User 3, Acc 1 Balance 368.000000, Deposit 911.000000 
User 3, Acc 2 Balance 545.000000, Deposit 919.000000 
User 3, Acc 3 Balance 432.000000, Transfer 29.000000 to Acc 7
User 3, Acc 7 Balance 29872.000000, Transfer 31.000000 to Acc 6
User 3, Acc 7 Balance 29841.000000, Transfer 37.000000 to Acc 5
User 3, Acc 7 Balance 29804.000000, Transfer 3.000000 to Acc 4
User 3, Acc 7 Balance 29801.000000, Transfer 5.000000 to Acc 4
User 3, Acc 3 Balance 403.000000, Deposit 929.000000 
User 3, Acc 4 Balance 666.000000, Deposit 937.000000 
User 3, Acc 5 Balance 5313.000000, Deposit 941.000000 
User 3, Acc 4 Balance 1603.000000, Withdraw 167.000000 
User 3, Acc 5 Balance 6254.000000, Withdraw 307.000000 
User 3, Acc 1 Balance 1279.000000, Transfer 89.000000 to Acc 8
User 3, Acc 1 Balance 1190.000000, Transfer 163.000000 to Acc 9
User 3, Acc 1 Balance 1027.000000, Withdraw 41.000000 
User 2, Acc 0 Balance 508.000000, Deposit 400.000000 
User 3, Acc 2 Balance 1464.000000, Withdraw 71.000000 
User 3, Acc 3 Balance 1332.000000, Withdraw 127.000000 
User 1, Acc 8 Balance 1107.000000, Deposit 619.000000 
User 3, Acc 6 Balance 2165.000000, Withdraw 647.000000 
User 3, Acc 6 Balance 1518.000000, Deposit 953.000000 
User 4, Acc 7 Balance 21762.000000, Withdraw 593.000000 
User 1, Acc 8 Balance 1006.000000, Transfer 619.000000 to Acc 2
User 4, Acc 8 Balance 1006.000000, Withdraw 449.000000 
User 0, Acc 6 Balance 3131.000000, Transfer 1167.000000 to Acc 5
User 4, Acc 9 Balance 4313.000000, Withdraw 163.000000 
User 1, Acc 7 Balance 29203.000000, Deposit 631.000000 
User 1, Acc 7 Balance 29834.000000, Transfer 631.000000 to Acc 3
User 1, Acc 6 Balance 1304.000000, Deposit 641.000000 
User 1, Acc 6 Balance 1945.000000, Transfer 641.000000 to Acc 4
User 1, Acc 5 Balance 7114.000000, Deposit 643.000000 
User 1, Acc 5 Balance 7757.000000, Transfer 1200.000000 to Acc 6
User 1, Acc 4 Balance 2077.000000, Deposit 647.000000 
User 0, Acc 4 Balance 1436.000000, Transfer 53.000000 to Acc 5
User 0, Acc 7 Balance 29203.000000, Withdraw 1593.000000 
[22;32mUser 0, Acc 8 Balance -62.000000, 				Withdraw 449.000000 --insufficient funds[0m
User 0, Acc 9 Balance 4150.000000, Withdraw 163.000000 
User 0, Acc 9 Balance 3987.000000, Deposit 617.000000 
User 0, Acc 9 Balance 4604.000000, Transfer 617.000000 to Acc 1
User 0, Acc 8 Balance -62.000000, Deposit 619.000000 
User 0, Acc 7 Balance 27610.000000, Deposit 631.000000 
User 0, Acc 7 Balance 28241.000000, Transfer 631.000000 to Acc 3
User 1, Acc 4 Balance 2724.000000, Transfer 1200.000000 to Acc 7
User 0, Acc 6 Balance 2504.000000, Deposit 641.000000 
User 1, Acc 3 Balance 2467.000000, Deposit 653.000000 
User 0, Acc 6 Balance 3145.000000, Transfer 641.000000 to Acc 4
User 3, Acc 7 Balance 29796.000000, Deposit 967.000000 
User 1, Acc 3 Balance 3120.000000, Transfer 1200.000000 to Acc 8
User 1, Acc 2 Balance 2012.000000, Deposit 659.000000 
User 0, Acc 5 Balance 6610.000000, Deposit 643.000000 
User 1, Acc 2 Balance 2671.000000, Transfer 1200.000000 to Acc 9
User 0, Acc 5 Balance 7253.000000, Transfer 1200.000000 to Acc 6
User 3, Acc 1 Balance 1603.000000, Transfer 19.000000 to Acc 7
User 1, Acc 1 Balance 1603.000000, Deposit 661.000000 
User 4, Acc 0 Balance 1822.000000, Deposit 7.000000 
User 1, Acc 1 Balance 2245.000000, Transfer 1200.000000 to Acc 9
User 3, Acc 2 Balance 1471.000000, Transfer 23.000000 to Acc 7
User 3, Acc 6 Balance 3704.000000, Transfer 67.000000 to Acc 5
User 4, Acc 1 Balance 2245.000000, Deposit 11.000000 
User 3, Acc 4 Balance 2112.000000, Transfer 53.000000 to Acc 5
User 3, Acc 7 Balance 29819.000000, Withdraw 593.000000 
User 4, Acc 2 Balance 1448.000000, Deposit 9.000000 
User 0, Acc 4 Balance 2112.000000, Deposit 647.000000 
User 3, Acc 8 Balance 1757.000000, Withdraw 449.000000 
User 3, Acc 9 Balance 6387.000000, Withdraw 163.000000 
User 4, Acc 3 Balance 1920.000000, Transfer 29.000000 to Acc 7
User 1, Acc 0 Balance 1829.000000, Deposit 673.000000 
User 1, Acc 0 Balance 2502.000000, Transfer 1200.000000 to Acc 9
User 1, Acc 7 Balance 29255.000000, Deposit 9929.000000 
User 1, Acc 4 Balance 2706.000000, Deposit 937.000000 
User 3, Acc 0 Balance 1829.000000, Deposit 400.000000 
User 1, Acc 5 Balance 6173.000000, Deposit 941.000000 
User 3, Acc 0 Balance 1702.000000, Withdraw 200.000000 
User 1, Acc 0 Balance 1702.000000, Deposit 7.000000 
User 1, Acc 3 Balance 1891.000000, Deposit 29.000000 
User 3, Acc 0 Balance 1502.000000, Deposit 100.000000 
User 3, Acc 0 Balance 1609.000000, Withdraw 50.000000 
User 3, Acc 0 Balance 1559.000000, Withdraw 150.000000 
User 3, Acc 0 Balance 1409.000000, Deposit 300.000000 
User 3, Acc 0 Balance 1709.000000, Transfer 300.000000 to Acc 1
Balance in 1: 1356.000000
User 3, Acc 0 Balance 1409.000000, Deposit 7.000000 
User 3, Acc 1 Balance 1356.000000, Deposit 11.000000 
User 3, Acc 2 Balance 1457.000000, Deposit 9.000000 
User 3, Acc 3 Balance 1920.000000, Transfer 29.000000 to Acc 7
User 3, Acc 7 Balance 39213.000000, Transfer 31.000000 to Acc 6
User 3, Acc 7 Balance 39182.000000, Transfer 137.000000 to Acc 5
User 3, Acc 7 Balance 39045.000000, Transfer 3.000000 to Acc 4
User 3, Acc 7 Balance 39042.000000, Transfer 5.000000 to Acc 4
User 3, Acc 3 Balance 1891.000000, Deposit 929.000000 
User 3, Acc 4 Balance 3651.000000, Deposit 937.000000 
User 3, Acc 5 Balance 7251.000000, Deposit 941.000000 
User 3, Acc 4 Balance 4588.000000, Withdraw 1167.000000 
User 3, Acc 5 Balance 8192.000000, Withdraw 1307.000000 
User 3, Acc 1 Balance 1367.000000, Transfer 89.000000 to Acc 8
User 3, Acc 1 Balance 1278.000000, Transfer 163.000000 to Acc 9
User 3, Acc 1 Balance 1115.000000, Withdraw 41.000000 
User 3, Acc 2 Balance 1466.000000, Withdraw 71.000000 
User 3, Acc 3 Balance 2820.000000, Withdraw 1127.000000 
User 3, Acc 6 Balance 3668.000000, Withdraw 647.000000 
User 3, Acc 6 Balance 3021.000000, Deposit 953.000000 
User 3, Acc 7 Balance 39037.000000, Deposit 967.000000 
User 3, Acc 1 Balance 1074.000000, Transfer 19.000000 to Acc 7
User 3, Acc 2 Balance 1395.000000, Transfer 23.000000 to Acc 7
User 3, Acc 6 Balance 3974.000000, Transfer 1167.000000 to Acc 5
User 3, Acc 4 Balance 3421.000000, Transfer 53.000000 to Acc 5
User 3, Acc 7 Balance 40046.000000, Withdraw 1593.000000 
User 3, Acc 8 Balance 1397.000000, Withdraw 449.000000 
User 3, Acc 9 Balance 7587.000000, Withdraw 163.000000 
User 3, Acc 0 Balance 1416.000000, Deposit 907.000000 
User 3, Acc 1 Balance 1055.000000, Deposit 911.000000 
User 3, Acc 2 Balance 1372.000000, Deposit 919.000000 
User 3, Acc 3 Balance 1693.000000, Transfer 29.000000 to Acc 7
User 3, Acc 7 Balance 38482.000000, Transfer 31.000000 to Acc 6
User 3, Acc 7 Balance 38451.000000, Transfer 37.000000 to Acc 5
User 3, Acc 7 Balance 38414.000000, Transfer 3.000000 to Acc 4
User 3, Acc 7 Balance 38411.000000, Transfer 5.000000 to Acc 4
User 3, Acc 3 Balance 1664.000000, Deposit 929.000000 
User 3, Acc 4 Balance 3376.000000, Deposit 937.000000 
User 3, Acc 5 Balance 8142.000000, Deposit 941.000000 
User 3, Acc 4 Balance 4313.000000, Withdraw 167.000000 
User 3, Acc 5 Balance 9083.000000, Withdraw 307.000000 
User 3, Acc 1 Balance 1966.000000, Transfer 89.000000 to Acc 8
User 3, Acc 1 Balance 1877.000000, Transfer 163.000000 to Acc 9
User 3, Acc 1 Balance 1714.000000, Withdraw 41.000000 
User 3, Acc 2 Balance 2291.000000, Withdraw 71.000000 
User 3, Acc 3 Balance 2593.000000, Withdraw 127.000000 
User 3, Acc 6 Balance 2838.000000, Withdraw 647.000000 
User 3, Acc 6 Balance 2191.000000, Deposit 953.000000 
User 3, Acc 7 Balance 38406.000000, Deposit 967.000000 
User 3, Acc 1 Balance 1673.000000, Transfer 19.000000 to Acc 7
User 3, Acc 2 Balance 2220.000000, Transfer 23.000000 to Acc 7
User 3, Acc 6 Balance 3144.000000, Transfer 67.000000 to Acc 5
User 3, Acc 4 Balance 4146.000000, Transfer 53.000000 to Acc 5
User 3, Acc 7 Balance 39415.000000, Withdraw 593.000000 
User 3, Acc 8 Balance 1037.000000, Withdraw 449.000000 
User 3, Acc 9 Balance 7587.000000, Withdraw 163.000000 
User 3, Acc 9 Balance 7424.000000, Deposit 617.000000 
User 3, Acc 9 Balance 8041.000000, Transfer 617.000000 to Acc 1
User 3, Acc 8 Balance 588.000000, Deposit 619.000000 
User 3, Acc 8 Balance 1207.000000, Transfer 619.000000 to Acc 2
User 3, Acc 7 Balance 38822.000000, Deposit 631.000000 
User 3, Acc 7 Balance 39453.000000, Transfer 631.000000 to Acc 3
User 3, Acc 6 Balance 3077.000000, Deposit 641.000000 
User 3, Acc 6 Balance 3718.000000, Transfer 641.000000 to Acc 4
User 3, Acc 5 Balance 8896.000000, Deposit 643.000000 
User 3, Acc 5 Balance 9539.000000, Transfer 1200.000000 to Acc 6
User 3, Acc 4 Balance 4734.000000, Deposit 647.000000 
User 3, Acc 4 Balance 5381.000000, Transfer 1200.000000 to Acc 7
User 3, Acc 3 Balance 3097.000000, Deposit 653.000000 
User 3, Acc 3 Balance 3750.000000, Transfer 1200.000000 to Acc 8
User 3, Acc 2 Balance 2816.000000, Deposit 659.000000 
User 3, Acc 2 Balance 3475.000000, Transfer 1200.000000 to Acc 9
User 3, Acc 1 Balance 2271.000000, Deposit 661.000000 
User 3, Acc 1 Balance 2932.000000, Transfer 1200.000000 to Acc 9
User 3, Acc 0 Balance 2323.000000, Deposit 673.000000 
User 3, Acc 0 Balance 2996.000000, Transfer 1200.000000 to Acc 9
User 3, Acc 0 Balance 1796.000000, Deposit 400.000000 
User 3, Acc 0 Balance 2196.000000, Withdraw 200.000000 
User 3, Acc 0 Balance 1996.000000, Deposit 100.000000 
User 3, Acc 0 Balance 2096.000000, Withdraw 50.000000 
User 3, Acc 0 Balance 2046.000000, Withdraw 150.000000 
User 3, Acc 0 Balance 1896.000000, Deposit 300.000000 
User 3, Acc 0 Balance 2196.000000, Transfer 300.000000 to Acc 1
Balance in 1: 2032.000000
User 3, Acc 0 Balance 1896.000000, Deposit 907.000000 
User 3, Acc 1 Balance 2032.000000, Deposit 911.000000 
User 3, Acc 2 Balance 2275.000000, Deposit 919.000000 
User 3, Acc 3 Balance 2550.000000, Transfer 29.000000 to Acc 7
User 3, Acc 7 Balance 40051.000000, Transfer 31.000000 to Acc 6
User 3, Acc 7 Balance 40020.000000, Transfer 37.000000 to Acc 5
User 3, Acc 7 Balance 39983.000000, Transfer 3.000000 to Acc 4
User 3, Acc 7 Balance 39980.000000, Transfer 5.000000 to Acc 4
User 3, Acc 3 Balance 2521.000000, Deposit 929.000000 
User 3, Acc 4 Balance 4189.000000, Deposit 937.000000 
User 3, Acc 5 Balance 8376.000000, Deposit 941.000000 
User 3, Acc 4 Balance 5126.000000, Withdraw 167.000000 
User 3, Acc 5 Balance 9317.000000, Withdraw 307.000000 
User 3, Acc 1 Balance 2943.000000, Transfer 89.000000 to Acc 8
User 3, Acc 1 Balance 2854.000000, Transfer 163.000000 to Acc 9
User 3, Acc 1 Balance 2691.000000, Withdraw 41.000000 
User 3, Acc 2 Balance 3194.000000, Withdraw 71.000000 
User 3, Acc 3 Balance 3450.000000, Withdraw 127.000000 
User 3, Acc 6 Balance 4308.000000, Withdraw 647.000000 
User 3, Acc 6 Balance 3661.000000, Deposit 953.000000 
User 3, Acc 7 Balance 39975.000000, Deposit 967.000000 
User 3, Acc 1 Balance 2650.000000, Transfer 19.000000 to Acc 7
User 3, Acc 2 Balance 3123.000000, Transfer 23.000000 to Acc 7
User 3, Acc 6 Balance 4614.000000, Transfer 67.000000 to Acc 5
User 3, Acc 4 Balance 4959.000000, Transfer 53.000000 to Acc 5
User 3, Acc 7 Balance 40984.000000, Withdraw 593.000000 
User 3, Acc 8 Balance 1877.000000, Withdraw 449.000000 
User 3, Acc 9 Balance 11187.000000, Withdraw 163.000000 
User 3, Acc 7 Balance 40391.000000, Deposit 9929.000000 
User 4, Acc 7 Balance 29255.000000, Transfer 31.000000 to Acc 6
User 1, Acc 7 Balance 39184.000000, Deposit 9.000000 
User 0, Acc 4 Balance 2706.000000, Transfer 1200.000000 to Acc 7
User 3, Acc 4 Balance 4906.000000, Deposit 937.000000 
User 0, Acc 3 Balance 3323.000000, Deposit 653.000000 
User 1, Acc 9 Balance 11024.000000, Deposit 129.000000 
User 4, Acc 7 Balance 50289.000000, Transfer 137.000000 to Acc 5
User 1, Acc 3 Balance 3976.000000, Transfer 29.000000 to Acc 7
User 0, Acc 3 Balance 3976.000000, Transfer 1200.000000 to Acc 8
User 1, Acc 7 Balance 51390.000000, Transfer 31.000000 to Acc 6
User 0, Acc 2 Balance 3100.000000, Deposit 659.000000 
User 1, Acc 7 Balance 51359.000000, Transfer 137.000000 to Acc 5
User 3, Acc 5 Balance 9130.000000, Deposit 941.000000 
User 0, Acc 2 Balance 3759.000000, Transfer 1200.000000 to Acc 9
User 4, Acc 7 Balance 51361.000000, Transfer 3.000000 to Acc 4
User 0, Acc 1 Balance 2631.000000, Deposit 661.000000 
User 1, Acc 7 Balance 51222.000000, Transfer 3.000000 to Acc 4
User 4, Acc 7 Balance 51219.000000, Transfer 5.000000 to Acc 4
User 1, Acc 7 Balance 51216.000000, Transfer 5.000000 to Acc 4
User 0, Acc 1 Balance 3292.000000, Transfer 1200.000000 to Acc 9
User 0, Acc 0 Balance 2803.000000, Deposit 673.000000 
User 3, Acc 0 Balance 2803.000000, Deposit 7.000000 
User 0, Acc 0 Balance 3476.000000, Transfer 1200.000000 to Acc 9
User 4, Acc 3 Balance 2747.000000, Deposit 929.000000 
User 0, Acc 0 Balance 2283.000000, Deposit 7.000000 
User 1, Acc 4 Balance 4659.000000, Withdraw 1167.000000 
User 0, Acc 1 Balance 2092.000000, Deposit 11.000000 
User 1, Acc 5 Balance 10345.000000, Withdraw 1307.000000 
User 4, Acc 4 Balance 4659.000000, Deposit 937.000000 
User 4, Acc 5 Balance 9038.000000, Deposit 941.000000 
User 0, Acc 2 Balance 2559.000000, Deposit 9.000000 
User 1, Acc 1 Balance 2103.000000, Transfer 89.000000 to Acc 8
User 3, Acc 3 Balance 2747.000000, Deposit 29.000000 
User 1, Acc 1 Balance 2014.000000, Transfer 163.000000 to Acc 9
User 0, Acc 3 Balance 3676.000000, Transfer 29.000000 to Acc 7
User 4, Acc 4 Balance 4429.000000, Withdraw 1167.000000 
User 0, Acc 7 Balance 51235.000000, Transfer 31.000000 to Acc 6
User 1, Acc 1 Balance 1851.000000, Withdraw 41.000000 
User 0, Acc 7 Balance 51204.000000, Transfer 137.000000 to Acc 5
User 1, Acc 2 Balance 2568.000000, Withdraw 71.000000 
User 4, Acc 5 Balance 9979.000000, Withdraw 1307.000000 
User 4, Acc 1 Balance 1810.000000, Transfer 89.000000 to Acc 8
User 3, Acc 7 Balance 51206.000000, Deposit 9.000000 
User 4, Acc 1 Balance 1721.000000, Transfer 163.000000 to Acc 9
User 4, Acc 1 Balance 1558.000000, Withdraw 41.000000 
User 4, Acc 2 Balance 2497.000000, Withdraw 71.000000 
User 4, Acc 3 Balance 3676.000000, Withdraw 1127.000000 
User 4, Acc 6 Balance 4640.000000, Withdraw 647.000000 
User 4, Acc 6 Balance 3993.000000, Deposit 953.000000 
User 4, Acc 7 Balance 51076.000000, Deposit 967.000000 
User 4, Acc 1 Balance 1517.000000, Transfer 19.000000 to Acc 7
User 4, Acc 2 Balance 2426.000000, Transfer 23.000000 to Acc 7
User 4, Acc 6 Balance 4946.000000, Transfer 1167.000000 to Acc 5
User 4, Acc 4 Balance 3262.000000, Transfer 53.000000 to Acc 5
User 4, Acc 7 Balance 52085.000000, Withdraw 1593.000000 
User 4, Acc 8 Balance 2806.000000, Withdraw 449.000000 
User 4, Acc 9 Balance 15079.000000, Withdraw 163.000000 
User 4, Acc 9 Balance 14916.000000, Deposit 617.000000 
User 1, Acc 3 Balance 3676.000000, Withdraw 1127.000000 
User 0, Acc 7 Balance 51067.000000, Transfer 3.000000 to Acc 4
User 1, Acc 6 Balance 3779.000000, Withdraw 647.000000 
User 0, Acc 7 Balance 50489.000000, Transfer 5.000000 to Acc 4
User 1, Acc 6 Balance 3132.000000, Deposit 1953.000000 
User 1, Acc 7 Balance 50484.000000, Deposit 967.000000 
User 0, Acc 3 Balance 1422.000000, Deposit 929.000000 
User 3, Acc 9 Balance 15079.000000, Deposit 129.000000 
User 0, Acc 4 Balance 3217.000000, Deposit 937.000000 
User 3, Acc 3 Balance 2351.000000, Transfer 29.000000 to Acc 7
User 1, Acc 1 Balance 1498.000000, Transfer 19.000000 to Acc 7
User 0, Acc 5 Balance 10029.000000, Deposit 941.000000 
User 4, Acc 9 Balance 15533.000000, Transfer 617.000000 to Acc 1
User 0, Acc 4 Balance 4154.000000, Withdraw 1167.000000 
User 1, Acc 2 Balance 2403.000000, Transfer 23.000000 to Acc 7
User 3, Acc 7 Balance 51480.000000, Transfer 31.000000 to Acc 6
User 1, Acc 6 Balance 5085.000000, Transfer 1167.000000 to Acc 5
User 0, Acc 5 Balance 10970.000000, Withdraw 1307.000000 
User 1, Acc 4 Balance 2987.000000, Transfer 53.000000 to Acc 5
User 0, Acc 1 Balance 2096.000000, Transfer 89.000000 to Acc 8
User 3, Acc 7 Balance 51491.000000, Transfer 137.000000 to Acc 5
User 3, Acc 7 Balance 51354.000000, Transfer 3.000000 to Acc 4
User 4, Acc 8 Balance 2357.000000, Deposit 619.000000 
User 3, Acc 7 Balance 51351.000000, Transfer 5.000000 to Acc 4
User 3, Acc 4 Balance 2942.000000, Withdraw 1167.000000 
User 0, Acc 1 Balance 2007.000000, Transfer 163.000000 to Acc 9
User 4, Acc 8 Balance 3065.000000, Transfer 619.000000 to Acc 2
User 0, Acc 1 Balance 1844.000000, Withdraw 41.000000 
User 1, Acc 7 Balance 51491.000000, Withdraw 1593.000000 
User 0, Acc 2 Balance 2999.000000, Withdraw 71.000000 
User 1, Acc 8 Balance 2446.000000, Withdraw 449.000000 
User 0, Acc 3 Balance 2322.000000, Withdraw 1127.000000 
User 0, Acc 6 Balance 3949.000000, Withdraw 647.000000 
User 4, Acc 7 Balance 51346.000000, Deposit 631.000000 
User 1, Acc 9 Balance 15208.000000, Withdraw 163.000000 
User 1, Acc 0 Balance 2290.000000, Deposit 400.000000 
User 1, Acc 0 Balance 2690.000000, Withdraw 200.000000 
User 1, Acc 0 Balance 2490.000000, Deposit 100.000000 
User 1, Acc 0 Balance 2590.000000, Withdraw 50.000000 
User 1, Acc 0 Balance 2540.000000, Withdraw 150.000000 
User 0, Acc 6 Balance 3302.000000, Deposit 953.000000 
User 0, Acc 7 Balance 50384.000000, Deposit 967.000000 
User 0, Acc 1 Balance 1803.000000, Transfer 19.000000 to Acc 7
User 0, Acc 2 Balance 2928.000000, Transfer 23.000000 to Acc 7
User 0, Acc 6 Balance 4255.000000, Transfer 1167.000000 to Acc 5
User 0, Acc 4 Balance 1775.000000, Transfer 53.000000 to Acc 5
User 0, Acc 7 Balance 51393.000000, Withdraw 1593.000000 
User 0, Acc 8 Balance 1997.000000, Withdraw 449.000000 
User 0, Acc 9 Balance 15045.000000, Withdraw 163.000000 
User 1, Acc 0 Balance 2390.000000, Deposit 300.000000 
User 0, Acc 0 Balance 2390.000000, Deposit 907.000000 
User 1, Acc 0 Balance 2690.000000, Transfer 300.000000 to Acc 1
User 0, Acc 1 Balance 1784.000000, Deposit 911.000000 
Balance in 1: 2084.000000
User 3, Acc 5 Balance 11020.000000, Withdraw 1307.000000 
User 3, Acc 1 Balance 2995.000000, Transfer 89.000000 to Acc 8
User 3, Acc 1 Balance 2906.000000, Transfer 163.000000 to Acc 9
User 0, Acc 2 Balance 2905.000000, Deposit 919.000000 
User 4, Acc 7 Balance 50384.000000, Transfer 631.000000 to Acc 3
User 0, Acc 3 Balance 1195.000000, Transfer 29.000000 to Acc 7
User 0, Acc 7 Balance 49198.000000, Transfer 31.000000 to Acc 6
User 0, Acc 7 Balance 49167.000000, Transfer 37.000000 to Acc 5
User 0, Acc 7 Balance 49130.000000, Transfer 3.000000 to Acc 4
User 4, Acc 6 Balance 3088.000000, Deposit 641.000000 
User 0, Acc 7 Balance 49127.000000, Transfer 5.000000 to Acc 4
User 0, Acc 3 Balance 1797.000000, Deposit 929.000000 
User 0, Acc 4 Balance 1730.000000, Deposit 937.000000 
User 0, Acc 5 Balance 10970.000000, Deposit 941.000000 
User 0, Acc 4 Balance 2667.000000, Withdraw 167.000000 
User 0, Acc 5 Balance 11911.000000, Withdraw 307.000000 
User 0, Acc 1 Balance 2743.000000, Transfer 89.000000 to Acc 8
User 0, Acc 1 Balance 2654.000000, Transfer 163.000000 to Acc 9
User 0, Acc 1 Balance 2491.000000, Withdraw 41.000000 
User 0, Acc 2 Balance 3824.000000, Withdraw 71.000000 
User 0, Acc 3 Balance 2726.000000, Withdraw 127.000000 
User 0, Acc 6 Balance 3760.000000, Withdraw 647.000000 
User 4, Acc 6 Balance 3760.000000, Transfer 641.000000 to Acc 4
User 0, Acc 6 Balance 3113.000000, Deposit 953.000000 
User 0, Acc 7 Balance 49122.000000, Deposit 967.000000 
User 0, Acc 1 Balance 2450.000000, Transfer 19.000000 to Acc 7
User 0, Acc 2 Balance 3753.000000, Transfer 23.000000 to Acc 7
User 0, Acc 6 Balance 3425.000000, Transfer 67.000000 to Acc 5
User 0, Acc 4 Balance 3141.000000, Transfer 53.000000 to Acc 5
User 0, Acc 7 Balance 50131.000000, Withdraw 593.000000 
User 0, Acc 8 Balance 1726.000000, Withdraw 449.000000 
User 0, Acc 9 Balance 15208.000000, Withdraw 163.000000 
User 3, Acc 1 Balance 2743.000000, Withdraw 41.000000 
User 4, Acc 5 Balance 11604.000000, Deposit 643.000000 
User 4, Acc 5 Balance 12367.000000, Transfer 1200.000000 to Acc 6
User 4, Acc 4 Balance 3088.000000, Deposit 647.000000 
User 4, Acc 4 Balance 3735.000000, Transfer 1200.000000 to Acc 7
User 4, Acc 3 Balance 2599.000000, Deposit 653.000000 
User 4, Acc 3 Balance 3252.000000, Transfer 1200.000000 to Acc 8
User 4, Acc 2 Balance 3730.000000, Deposit 659.000000 
User 4, Acc 2 Balance 4389.000000, Transfer 1200.000000 to Acc 9
User 4, Acc 1 Balance 2390.000000, Deposit 661.000000 
User 4, Acc 1 Balance 3051.000000, Transfer 1200.000000 to Acc 9
User 4, Acc 0 Balance 3297.000000, Deposit 673.000000 
User 4, Acc 0 Balance 3970.000000, Transfer 1200.000000 to Acc 9
User 3, Acc 2 Balance 3730.000000, Withdraw 71.000000 
User 3, Acc 3 Balance 2052.000000, Withdraw 1127.000000 
User 3, Acc 6 Balance 4558.000000, Withdraw 647.000000 
User 3, Acc 6 Balance 3911.000000, Deposit 1953.000000 
User 3, Acc 7 Balance 50738.000000, Deposit 967.000000 
User 3, Acc 1 Balance 1851.000000, Transfer 19.000000 to Acc 7
User 3, Acc 2 Balance 3118.000000, Transfer 23.000000 to Acc 7
User 3, Acc 6 Balance 5864.000000, Transfer 1167.000000 to Acc 5
User 3, Acc 4 Balance 2535.000000, Transfer 53.000000 to Acc 5
User 3, Acc 7 Balance 51747.000000, Withdraw 1593.000000 
User 3, Acc 8 Balance 2477.000000, Withdraw 449.000000 
User 3, Acc 9 Balance 18645.000000, Withdraw 163.000000 
User 2, Acc 0 Balance 1822.000000, Withdraw 200.000000 
User 2, Acc 0 Balance 2570.000000, Deposit 100.000000 
User 2, Acc 0 Balance 2670.000000, Withdraw 50.000000 
User 2, Acc 0 Balance 2620.000000, Withdraw 150.000000 
User 2, Acc 0 Balance 2470.000000, Deposit 300.000000 
User 2, Acc 0 Balance 2770.000000, Transfer 300.000000 to Acc 1
Balance in 1: 2132.000000
  ***     End of transaction batch    ***  
Account 0 balance after completion of transaction batch: 2470.000000
Account 1 balance after completion of transaction batch: 2132.000000
Account 2 balance after completion of transaction batch: 3095.000000
Account 3 balance after completion of transaction batch: 925.000000
Account 4 balance after completion of transaction batch: 2482.000000
Account 5 balance after completion of transaction batch: 12387.000000
Account 6 balance after completion of transaction batch: 4697.000000
Account 7 balance after completion of transaction batch: 50154.000000
Account 8 balance after completion of transaction batch: 2028.000000
Account 9 balance after completion of transaction batch: 18482.000000
