# Output generated by:
# ./my_executable 5 data/transactions7.txt data/transactions6.txt data/transactions3.txt data/transactions10.txt data/transactions1.txt

********************************************
   Reading and parsing a transaction file   
********************************************
Parsed transaction: deposit 7 9929.000000 
Loaded deposit transaction
Parsed transaction: deposit 4 937.000000 
Loaded deposit transaction
Parsed transaction: deposit 5 941.000000 
Loaded deposit transaction
Parsed transaction: deposit 0 7.000000 
Loaded deposit transaction
Parsed transaction: deposit 3 29.000000 
Loaded deposit transaction
Parsed transaction: deposit 7 9.000000 
Loaded deposit transaction
Parsed transaction: deposit 9 129.000000 
Loaded deposit transaction
Parsed transaction: transfer 3 7 29.000000 
Loaded transfer transaction
Parsed transaction: transfer 7 6 31.000000 
Loaded transfer transaction
Parsed transaction: transfer 7 5 137.000000 
Loaded transfer transaction
Parsed transaction: transfer 7 4 3.000000 
Loaded transfer transaction
Parsed transaction: transfer 7 4 5.000000 
Loaded transfer transaction
Parsed transaction: withdraw 4 1167.000000 
Loaded withdrawal transaction
Parsed transaction: withdraw 5 1307.000000 
Loaded withdrawal transaction
Parsed transaction: transfer 1 8 89.000000 
Loaded transfer transaction
Parsed transaction: transfer 1 9 163.000000 
Loaded transfer transaction
Parsed transaction: withdraw 1 41.000000 
Loaded withdrawal transaction
Parsed transaction: withdraw 2 71.000000 
Loaded withdrawal transaction
Parsed transaction: withdraw 3 1127.000000 
Loaded withdrawal transaction
Parsed transaction: withdraw 6 647.000000 
Loaded withdrawal transaction
Parsed transaction: deposit 6 1953.000000 
Loaded deposit transaction
Parsed transaction: deposit 7 967.000000 
Loaded deposit transaction
Parsed transaction: transfer 1 7 19.000000 
Loaded transfer transaction
Parsed transaction: transfer 2 7 23.000000 
Loaded transfer transaction
Parsed transaction: transfer 6 5 1167.000000 
Loaded transfer transaction
Parsed transaction: transfer 4 5 53.000000 
Loaded transfer transaction
Parsed transaction: withdraw 7 1593.000000 
Loaded withdrawal transaction
Parsed transaction: withdraw 8 449.000000 
Loaded withdrawal transaction
Parsed transaction: withdraw 9 163.000000 
Loaded withdrawal transaction
********************************************
********************************************
   Reading and parsing a transaction file   
********************************************
Parsed transaction: deposit 0 7.000000 
Loaded deposit transaction
Parsed transaction: deposit 1 11.000000 
Loaded deposit transaction
Parsed transaction: deposit 2 9.000000 
Loaded deposit transaction
Parsed transaction: transfer 3 7 29.000000 
Loaded transfer transaction
Parsed transaction: transfer 7 6 31.000000 
Loaded transfer transaction
Parsed transaction: transfer 7 5 137.000000 
Loaded transfer transaction
Parsed transaction: transfer 7 4 3.000000 
Loaded transfer transaction
Parsed transaction: transfer 7 4 5.000000 
Loaded transfer transaction
Parsed transaction: deposit 3 929.000000 
Loaded deposit transaction
Parsed transaction: deposit 4 937.000000 
Loaded deposit transaction
Parsed transaction: deposit 5 941.000000 
Loaded deposit transaction
Parsed transaction: withdraw 4 1167.000000 
Loaded withdrawal transaction
Parsed transaction: withdraw 5 1307.000000 
Loaded withdrawal transaction
Parsed transaction: transfer 1 8 89.000000 
Loaded transfer transaction
Parsed transaction: transfer 1 9 163.000000 
Loaded transfer transaction
Parsed transaction: withdraw 1 41.000000 
Loaded withdrawal transaction
Parsed transaction: withdraw 2 71.000000 
Loaded withdrawal transaction
Parsed transaction: withdraw 3 1127.000000 
Loaded withdrawal transaction
Parsed transaction: withdraw 6 647.000000 
Loaded withdrawal transaction
Parsed transaction: deposit 6 953.000000 
Loaded deposit transaction
Parsed transaction: deposit 7 967.000000 
Loaded deposit transaction
Parsed transaction: transfer 1 7 19.000000 
Loaded transfer transaction
Parsed transaction: transfer 2 7 23.000000 
Loaded transfer transaction
Parsed transaction: transfer 6 5 1167.000000 
Loaded transfer transaction
Parsed transaction: transfer 4 5 53.000000 
Loaded transfer transaction
Parsed transaction: withdraw 7 1593.000000 
Loaded withdrawal transaction
Parsed transaction: withdraw 8 449.000000 
Loaded withdrawal transaction
Parsed transaction: withdraw 9 163.000000 
Loaded withdrawal transaction
********************************************
********************************************
   Reading and parsing a transaction file   
********************************************
Parsed transaction: deposit 0 400.000000 
Loaded deposit transaction
Parsed transaction: withdraw 0 200.000000 
Loaded withdrawal transaction
Parsed transaction: deposit 1 100.000000 
Loaded deposit transaction
Parsed transaction: deposit 2 900.000000 
Loaded deposit transaction
Parsed transaction: withdraw 1 50.000000 
Loaded withdrawal transaction
Parsed transaction: withdraw 2 150.000000 
Loaded withdrawal transaction
Parsed transaction: deposit 3 500.000000 
Loaded deposit transaction
Parsed transaction: transfer 2 1 300.000000 
Loaded transfer transaction
Parsed transaction: transfer 3 1 300.000000 
Loaded transfer transaction
Parsed transaction: deposit 0 400.000000 
Loaded deposit transaction
Parsed transaction: withdraw 3 200.000000 
Loaded withdrawal transaction
Parsed transaction: balance 1 
Loaded balance transaction
********************************************
********************************************
   Reading and parsing a transaction file   
********************************************
Parsed transaction: withdraw 1 500.000000 
Loaded withdrawal transaction
Parsed transaction: withdraw 2 500.000000 
Loaded withdrawal transaction
Parsed transaction: withdraw 3 500.000000 
Loaded withdrawal transaction
Parsed transaction: withdraw 4 500.000000 
Loaded withdrawal transaction
Parsed transaction: withdraw 5 500.000000 
Loaded withdrawal transaction
Parsed transaction: withdraw 6 500.000000 
Loaded withdrawal transaction
Parsed transaction: withdraw 7 500.000000 
Loaded withdrawal transaction
Parsed transaction: withdraw 8 500.000000 
Loaded withdrawal transaction
Parsed transaction: withdraw 9 500.000000 
Loaded withdrawal transaction
Parsed transaction: withdraw 0 500.000000 
Loaded withdrawal transaction
Parsed transaction: withdraw 1 500.000000 
Loaded withdrawal transaction
Parsed transaction: withdraw 2 500.000000 
Loaded withdrawal transaction
Parsed transaction: withdraw 3 500.000000 
Loaded withdrawal transaction
Parsed transaction: withdraw 4 500.000000 
Loaded withdrawal transaction
Parsed transaction: withdraw 5 500.000000 
Loaded withdrawal transaction
Parsed transaction: withdraw 6 500.000000 
Loaded withdrawal transaction
Parsed transaction: withdraw 7 500.000000 
Loaded withdrawal transaction
Parsed transaction: withdraw 8 500.000000 
Loaded withdrawal transaction
Parsed transaction: withdraw 9 500.000000 
Loaded withdrawal transaction
Parsed transaction: withdraw 0 500.000000 
Loaded withdrawal transaction
Parsed transaction: withdraw 1 500.000000 
Loaded withdrawal transaction
Parsed transaction: withdraw 2 500.000000 
Loaded withdrawal transaction
Parsed transaction: withdraw 3 500.000000 
Loaded withdrawal transaction
Parsed transaction: withdraw 4 500.000000 
Loaded withdrawal transaction
Parsed transaction: withdraw 5 500.000000 
Loaded withdrawal transaction
Parsed transaction: withdraw 6 500.000000 
Loaded withdrawal transaction
Parsed transaction: withdraw 7 500.000000 
Loaded withdrawal transaction
Parsed transaction: withdraw 8 500.000000 
Loaded withdrawal transaction
Parsed transaction: withdraw 9 500.000000 
Loaded withdrawal transaction
Parsed transaction: withdraw 0 500.000000 
Loaded withdrawal transaction
********************************************
********************************************
   Reading and parsing a transaction file   
********************************************
Parsed transaction: deposit 0 100.000000 
Loaded deposit transaction
Parsed transaction: deposit 0 200.000000 
Loaded deposit transaction
Parsed transaction: deposit 0 300.000000 
Loaded deposit transaction
Parsed transaction: withdraw 0 200.000000 
Loaded withdrawal transaction
Parsed transaction: withdraw 0 100.000000 
Loaded withdrawal transaction
Parsed transaction: withdraw 0 50.000000 
Loaded withdrawal transaction
Parsed transaction: transfer 1 0 200.000000 
Loaded transfer transaction
Parsed transaction: balance 0 
Loaded balance transaction
********************************************
  ***    Start of transaction batch    ***  
User 0, Acc 7 Balance 0.000000, Deposit 9929.000000 
User 0, Acc 4 Balance 0.000000, Deposit 937.000000 
User 0, Acc 5 Balance 0.000000, Deposit 941.000000 
User 0, Acc 0 Balance 0.000000, Deposit 7.000000 
User 0, Acc 3 Balance 0.000000, Deposit 29.000000 
User 0, Acc 7 Balance 9929.000000, Deposit 9.000000 
User 0, Acc 9 Balance 0.000000, Deposit 129.000000 
User 0, Acc 3 Balance 29.000000, Transfer 29.000000 to Acc 7
User 0, Acc 7 Balance 9967.000000, Transfer 31.000000 to Acc 6
User 0, Acc 7 Balance 9936.000000, Transfer 137.000000 to Acc 5
User 0, Acc 7 Balance 9799.000000, Transfer 3.000000 to Acc 4
User 0, Acc 7 Balance 9796.000000, Transfer 5.000000 to Acc 4
[22;32mUser 0, Acc 4 Balance 945.000000, 				Withdraw 1167.000000 --insufficient funds[0m
[22;32mUser 0, Acc 5 Balance 1078.000000, 				Withdraw 1307.000000 --insufficient funds[0m
[22;32mUser 0, Acc 1 Balance 0.000000, 				Withdraw 41.000000 --insufficient funds[0m
[22;32mUser 0, Acc 2 Balance 0.000000, 				Withdraw 71.000000 --insufficient funds[0m
[22;32mUser 0, Acc 3 Balance 0.000000, 				Withdraw 1127.000000 --insufficient funds[0m
[22;32mUser 0, Acc 6 Balance 31.000000, 				Withdraw 647.000000 --insufficient funds[0m
User 0, Acc 6 Balance 31.000000, Deposit 1953.000000 
User 0, Acc 7 Balance 9791.000000, Deposit 967.000000 
User 0, Acc 6 Balance 1984.000000, Transfer 1167.000000 to Acc 5
User 0, Acc 4 Balance 945.000000, Transfer 53.000000 to Acc 5
User 0, Acc 7 Balance 10758.000000, Withdraw 1593.000000 
[22;32mUser 0, Acc 8 Balance 0.000000, 				Withdraw 449.000000 --insufficient funds[0m
[22;32mUser 0, Acc 9 Balance 129.000000, 				Withdraw 163.000000 --insufficient funds[0m
User 0, Acc 0 Balance 7.000000, Deposit 7.000000 
User 0, Acc 1 Balance 0.000000, Deposit 11.000000 
User 0, Acc 2 Balance 0.000000, Deposit 9.000000 
User 0, Acc 7 Balance 9165.000000, Transfer 31.000000 to Acc 6
User 4, Acc 7 Balance 9165.000000, Deposit 9929.000000 
User 4, Acc 4 Balance 892.000000, Deposit 937.000000 
User 4, Acc 5 Balance 2298.000000, Deposit 941.000000 
User 4, Acc 0 Balance 14.000000, Deposit 7.000000 
[22;32mUser 2, Acc 1 Balance 11.000000, 				Withdraw 500.000000 --insufficient funds[0m
[22;32mUser 2, Acc 2 Balance 9.000000, 				Withdraw 500.000000 --insufficient funds[0m
[22;32mUser 2, Acc 3 Balance 0.000000, 				Withdraw 500.000000 --insufficient funds[0m
User 2, Acc 4 Balance 1829.000000, Withdraw 500.000000 
User 2, Acc 5 Balance 3239.000000, Withdraw 500.000000 
User 2, Acc 6 Balance 848.000000, Withdraw 500.000000 
User 2, Acc 7 Balance 19063.000000, Withdraw 500.000000 
[22;32mUser 2, Acc 8 Balance 0.000000, 				Withdraw 500.000000 --insufficient funds[0m
[22;32mUser 2, Acc 9 Balance 129.000000, 				Withdraw 500.000000 --insufficient funds[0m
User 0, Acc 7 Balance 9134.000000, Transfer 137.000000 to Acc 5
User 3, Acc 0 Balance 14.000000, Deposit 400.000000 
User 3, Acc 0 Balance 421.000000, Withdraw 200.000000 
User 3, Acc 1 Balance 11.000000, Deposit 100.000000 
User 3, Acc 2 Balance 9.000000, Deposit 900.000000 
User 3, Acc 1 Balance 111.000000, Withdraw 50.000000 
User 3, Acc 2 Balance 909.000000, Withdraw 150.000000 
User 3, Acc 3 Balance 0.000000, Deposit 500.000000 
User 3, Acc 2 Balance 759.000000, Transfer 300.000000 to Acc 1
User 3, Acc 3 Balance 500.000000, Transfer 300.000000 to Acc 1
User 3, Acc 0 Balance 221.000000, Deposit 400.000000 
User 3, Acc 3 Balance 200.000000, Withdraw 200.000000 
Balance in 1: 661.000000
User 3, Acc 7 Balance 18426.000000, Deposit 9929.000000 
User 3, Acc 4 Balance 1329.000000, Deposit 937.000000 
[22;32mUser 2, Acc 0 Balance 21.000000, 				Withdraw 500.000000 --insufficient funds[0m
User 2, Acc 1 Balance 661.000000, Withdraw 500.000000 
[22;32mUser 2, Acc 2 Balance 459.000000, 				Withdraw 500.000000 --insufficient funds[0m
[22;32mUser 2, Acc 3 Balance 0.000000, 				Withdraw 500.000000 --insufficient funds[0m
User 2, Acc 4 Balance 2266.000000, Withdraw 500.000000 
User 2, Acc 5 Balance 2876.000000, Withdraw 500.000000 
[22;32mUser 2, Acc 6 Balance 348.000000, 				Withdraw 500.000000 --insufficient funds[0m
User 2, Acc 7 Balance 28355.000000, Withdraw 500.000000 
[22;32mUser 2, Acc 8 Balance 0.000000, 				Withdraw 500.000000 --insufficient funds[0m
[22;32mUser 2, Acc 9 Balance 129.000000, 				Withdraw 500.000000 --insufficient funds[0m
User 2, Acc 0 Balance 621.000000, Withdraw 500.000000 
[22;32mUser 2, Acc 1 Balance 161.000000, 				Withdraw 500.000000 --insufficient funds[0m
[22;32mUser 2, Acc 2 Balance 459.000000, 				Withdraw 500.000000 --insufficient funds[0m
[22;32mUser 2, Acc 3 Balance 0.000000, 				Withdraw 500.000000 --insufficient funds[0m
User 2, Acc 4 Balance 1766.000000, Withdraw 500.000000 
User 2, Acc 5 Balance 2376.000000, Withdraw 500.000000 
[22;32mUser 2, Acc 6 Balance 348.000000, 				Withdraw 500.000000 --insufficient funds[0m
User 2, Acc 7 Balance 27855.000000, Withdraw 500.000000 
[22;32mUser 2, Acc 8 Balance 0.000000, 				Withdraw 500.000000 --insufficient funds[0m
[22;32mUser 2, Acc 9 Balance 129.000000, 				Withdraw 500.000000 --insufficient funds[0m
[22;32mUser 2, Acc 0 Balance 121.000000, 				Withdraw 500.000000 --insufficient funds[0m
User 2, Acc 7 Balance 27355.000000, Deposit 9929.000000 
User 2, Acc 4 Balance 1266.000000, Deposit 937.000000 
User 2, Acc 5 Balance 1876.000000, Deposit 941.000000 
User 1, Acc 0 Balance 14.000000, Deposit 100.000000 
User 1, Acc 0 Balance 221.000000, Deposit 200.000000 
User 1, Acc 0 Balance 421.000000, Deposit 300.000000 
User 1, Acc 0 Balance 721.000000, Withdraw 200.000000 
User 1, Acc 0 Balance 521.000000, Withdraw 100.000000 
User 1, Acc 0 Balance 421.000000, Withdraw 50.000000 
Balance in 0: 371.000000
User 1, Acc 0 Balance 371.000000, Deposit 7.000000 
User 1, Acc 1 Balance 161.000000, Deposit 11.000000 
User 1, Acc 2 Balance 459.000000, Deposit 9.000000 
User 1, Acc 7 Balance 37284.000000, Transfer 31.000000 to Acc 6
User 1, Acc 7 Balance 37253.000000, Transfer 137.000000 to Acc 5
User 1, Acc 7 Balance 37116.000000, Transfer 3.000000 to Acc 4
User 1, Acc 7 Balance 37113.000000, Transfer 5.000000 to Acc 4
User 1, Acc 3 Balance 0.000000, Deposit 929.000000 
User 1, Acc 4 Balance 2211.000000, Deposit 937.000000 
User 1, Acc 5 Balance 2954.000000, Deposit 941.000000 
User 1, Acc 4 Balance 3148.000000, Withdraw 1167.000000 
User 1, Acc 5 Balance 3895.000000, Withdraw 1307.000000 
User 1, Acc 1 Balance 172.000000, Transfer 89.000000 to Acc 8
User 1, Acc 1 Balance 83.000000, Withdraw 41.000000 
User 1, Acc 2 Balance 468.000000, Withdraw 71.000000 
[22;32mUser 1, Acc 3 Balance 929.000000, 				Withdraw 1127.000000 --insufficient funds[0m
[22;32mUser 1, Acc 6 Balance 379.000000, 				Withdraw 647.000000 --insufficient funds[0m
User 1, Acc 6 Balance 379.000000, Deposit 953.000000 
User 1, Acc 7 Balance 37108.000000, Deposit 967.000000 
User 1, Acc 1 Balance 42.000000, Transfer 19.000000 to Acc 7
User 1, Acc 2 Balance 397.000000, Transfer 23.000000 to Acc 7
User 1, Acc 6 Balance 1332.000000, Transfer 1167.000000 to Acc 5
User 1, Acc 4 Balance 1981.000000, Transfer 53.000000 to Acc 5
User 1, Acc 7 Balance 38117.000000, Withdraw 1593.000000 
[22;32mUser 1, Acc 8 Balance 89.000000, 				Withdraw 449.000000 --insufficient funds[0m
[22;32mUser 1, Acc 9 Balance 129.000000, 				Withdraw 163.000000 --insufficient funds[0m
User 1, Acc 0 Balance 378.000000, Deposit 7.000000 
User 1, Acc 1 Balance 23.000000, Deposit 11.000000 
User 1, Acc 2 Balance 374.000000, Deposit 9.000000 
User 1, Acc 3 Balance 929.000000, Transfer 29.000000 to Acc 7
User 1, Acc 7 Balance 36553.000000, Transfer 31.000000 to Acc 6
User 1, Acc 7 Balance 36522.000000, Transfer 137.000000 to Acc 5
User 2, Acc 0 Balance 121.000000, Deposit 7.000000 
User 4, Acc 3 Balance 0.000000, Deposit 29.000000 
User 4, Acc 7 Balance 36385.000000, Deposit 9.000000 
User 0, Acc 7 Balance 18426.000000, Transfer 3.000000 to Acc 4
User 1, Acc 7 Balance 36385.000000, Transfer 3.000000 to Acc 4
User 1, Acc 7 Balance 36388.000000, Transfer 5.000000 to Acc 4
User 3, Acc 5 Balance 2876.000000, Deposit 941.000000 
User 3, Acc 0 Balance 392.000000, Deposit 7.000000 
User 3, Acc 3 Balance 929.000000, Deposit 29.000000 
User 3, Acc 7 Balance 36383.000000, Deposit 9.000000 
User 3, Acc 9 Balance 129.000000, Deposit 129.000000 
User 2, Acc 3 Balance 900.000000, Deposit 29.000000 
User 1, Acc 3 Balance 929.000000, Deposit 929.000000 
User 2, Acc 7 Balance 36392.000000, Deposit 9.000000 
User 2, Acc 9 Balance 258.000000, Deposit 129.000000 
User 0, Acc 7 Balance 36391.000000, Transfer 5.000000 to Acc 4
User 3, Acc 3 Balance 958.000000, Transfer 29.000000 to Acc 7
User 0, Acc 3 Balance 1916.000000, Deposit 929.000000 
User 3, Acc 7 Balance 36425.000000, Transfer 31.000000 to Acc 6
User 4, Acc 9 Balance 129.000000, Deposit 129.000000 
User 1, Acc 4 Balance 1939.000000, Deposit 937.000000 
User 4, Acc 3 Balance 2816.000000, Transfer 29.000000 to Acc 7
User 3, Acc 7 Balance 36394.000000, Transfer 137.000000 to Acc 5
User 4, Acc 7 Balance 36423.000000, Transfer 31.000000 to Acc 6
User 0, Acc 4 Balance 1944.000000, Deposit 937.000000 
User 4, Acc 7 Balance 36255.000000, Transfer 137.000000 to Acc 5
User 0, Acc 5 Balance 5023.000000, Deposit 941.000000 
User 4, Acc 7 Balance 36118.000000, Transfer 3.000000 to Acc 4
User 0, Acc 4 Balance 3818.000000, Withdraw 1167.000000 
User 4, Acc 7 Balance 36115.000000, Transfer 5.000000 to Acc 4
User 0, Acc 5 Balance 6101.000000, Withdraw 1307.000000 
User 4, Acc 4 Balance 2659.000000, Withdraw 1167.000000 
[22;32mUser 0, Acc 1 Balance 34.000000, 				Withdraw 41.000000 --insufficient funds[0m
User 4, Acc 5 Balance 4794.000000, Withdraw 1307.000000 
User 2, Acc 3 Balance 1916.000000, Transfer 29.000000 to Acc 7
User 1, Acc 5 Balance 4886.000000, Deposit 941.000000 
User 2, Acc 7 Balance 36139.000000, Transfer 31.000000 to Acc 6
User 1, Acc 4 Balance 1492.000000, Withdraw 1167.000000 
User 2, Acc 7 Balance 36108.000000, Transfer 137.000000 to Acc 5
User 1, Acc 5 Balance 4428.000000, Withdraw 1307.000000 
User 3, Acc 7 Balance 36286.000000, Transfer 3.000000 to Acc 4
[22;32mUser 1, Acc 1 Balance 34.000000, 				Withdraw 41.000000 --insufficient funds[0m
User 1, Acc 2 Balance 383.000000, Withdraw 71.000000 
User 3, Acc 7 Balance 35968.000000, Transfer 5.000000 to Acc 4
User 1, Acc 3 Balance 2758.000000, Withdraw 1127.000000 
[22;32mUser 3, Acc 4 Balance 333.000000, 				Withdraw 1167.000000 --insufficient funds[0m
User 0, Acc 2 Balance 383.000000, Withdraw 71.000000 
[22;32mUser 4, Acc 1 Balance 34.000000, 				Withdraw 41.000000 --insufficient funds[0m
[22;32mUser 1, Acc 6 Balance 289.000000, 				Withdraw 647.000000 --insufficient funds[0m
User 4, Acc 2 Balance 241.000000, Withdraw 71.000000 
User 2, Acc 7 Balance 35971.000000, Transfer 3.000000 to Acc 4
User 0, Acc 3 Balance 1631.000000, Withdraw 1127.000000 
User 1, Acc 6 Balance 289.000000, Deposit 953.000000 
[22;32mUser 0, Acc 6 Balance 289.000000, 				Withdraw 647.000000 --insufficient funds[0m
User 1, Acc 7 Balance 35960.000000, Deposit 967.000000 
User 4, Acc 3 Balance 1631.000000, Withdraw 1127.000000 
User 4, Acc 6 Balance 1242.000000, Withdraw 647.000000 
User 4, Acc 6 Balance 595.000000, Deposit 1953.000000 
User 4, Acc 7 Balance 36927.000000, Deposit 967.000000 
User 4, Acc 1 Balance 34.000000, Transfer 19.000000 to Acc 7
User 4, Acc 2 Balance 170.000000, Transfer 23.000000 to Acc 7
User 0, Acc 6 Balance 1242.000000, Deposit 953.000000 
User 4, Acc 6 Balance 2548.000000, Transfer 1167.000000 to Acc 5
User 0, Acc 7 Balance 37936.000000, Deposit 967.000000 
User 4, Acc 4 Balance 336.000000, Transfer 53.000000 to Acc 5
User 0, Acc 2 Balance 147.000000, Transfer 23.000000 to Acc 7
User 4, Acc 7 Balance 38903.000000, Withdraw 1593.000000 
User 0, Acc 6 Balance 2334.000000, Transfer 1167.000000 to Acc 5
[22;32mUser 4, Acc 8 Balance 89.000000, 				Withdraw 449.000000 --insufficient funds[0m
User 4, Acc 9 Balance 516.000000, Withdraw 163.000000 
User 3, Acc 5 Balance 3258.000000, Withdraw 1307.000000 
User 4, Acc 0 Balance 399.000000, Deposit 400.000000 
[22;32mUser 3, Acc 1 Balance 15.000000, 				Withdraw 41.000000 --insufficient funds[0m
User 3, Acc 2 Balance 124.000000, Withdraw 71.000000 
User 4, Acc 0 Balance 799.000000, Withdraw 200.000000 
User 1, Acc 1 Balance 34.000000, Transfer 19.000000 to Acc 7
User 4, Acc 1 Balance 15.000000, Deposit 100.000000 
User 0, Acc 4 Balance 283.000000, Transfer 53.000000 to Acc 5
User 0, Acc 7 Balance 37352.000000, Withdraw 1593.000000 
[22;32mUser 0, Acc 8 Balance 89.000000, 				Withdraw 449.000000 --insufficient funds[0m
User 0, Acc 9 Balance 353.000000, Withdraw 163.000000 
User 0, Acc 0 Balance 599.000000, Deposit 7.000000 
User 0, Acc 1 Balance 96.000000, Deposit 11.000000 
[22;32mUser 3, Acc 3 Balance -623.000000, 				Withdraw 1127.000000 --insufficient funds[0m
User 0, Acc 2 Balance 53.000000, Deposit 9.000000 
User 3, Acc 6 Balance 1167.000000, Withdraw 647.000000 
User 1, Acc 2 Balance 53.000000, Transfer 23.000000 to Acc 7
User 3, Acc 6 Balance 520.000000, Deposit 1953.000000 
User 1, Acc 4 Balance 230.000000, Transfer 53.000000 to Acc 5
User 1, Acc 7 Balance 35782.000000, Withdraw 1593.000000 
User 4, Acc 2 Balance 53.000000, Deposit 900.000000 
User 2, Acc 7 Balance 35960.000000, Transfer 5.000000 to Acc 4
User 4, Acc 1 Balance 107.000000, Withdraw 50.000000 
User 4, Acc 2 Balance 939.000000, Withdraw 150.000000 
User 0, Acc 7 Balance 35759.000000, Transfer 31.000000 to Acc 6
[22;32mUser 1, Acc 8 Balance 89.000000, 				Withdraw 449.000000 --insufficient funds[0m
User 0, Acc 7 Balance 34153.000000, Transfer 137.000000 to Acc 5
[22;32mUser 2, Acc 4 Balance 182.000000, 				Withdraw 1167.000000 --insufficient funds[0m
User 0, Acc 7 Balance 34016.000000, Transfer 3.000000 to Acc 4
User 1, Acc 9 Balance 190.000000, Withdraw 163.000000 
User 0, Acc 7 Balance 34013.000000, Transfer 5.000000 to Acc 4
User 4, Acc 3 Balance -623.000000, Deposit 500.000000 
User 0, Acc 3 Balance -623.000000, Deposit 929.000000 
User 4, Acc 2 Balance 789.000000, Transfer 300.000000 to Acc 1
User 0, Acc 4 Balance 190.000000, Deposit 937.000000 
User 4, Acc 3 Balance 806.000000, Transfer 300.000000 to Acc 1
User 0, Acc 5 Balance 4581.000000, Deposit 941.000000 
User 4, Acc 0 Balance 606.000000, Deposit 400.000000 
[22;32mUser 0, Acc 4 Balance 1127.000000, 				Withdraw 1167.000000 --insufficient funds[0m
User 4, Acc 3 Balance 506.000000, Withdraw 200.000000 
User 1, Acc 0 Balance 606.000000, Deposit 400.000000 
User 3, Acc 7 Balance 35782.000000, Deposit 967.000000 
User 2, Acc 5 Balance 4581.000000, Withdraw 1307.000000 
User 0, Acc 5 Balance 5522.000000, Withdraw 1307.000000 
User 1, Acc 0 Balance 1406.000000, Withdraw 200.000000 
User 0, Acc 1 Balance 657.000000, Transfer 89.000000 to Acc 8
User 2, Acc 1 Balance 657.000000, Transfer 89.000000 to Acc 8
User 0, Acc 1 Balance 568.000000, Transfer 163.000000 to Acc 9
User 1, Acc 1 Balance 657.000000, Deposit 100.000000 
User 0, Acc 1 Balance 316.000000, Withdraw 41.000000 
Balance in 1: 657.000000
User 0, Acc 2 Balance 489.000000, Withdraw 71.000000 
User 2, Acc 1 Balance 479.000000, Transfer 163.000000 to Acc 9
User 1, Acc 2 Balance 489.000000, Deposit 900.000000 
User 3, Acc 1 Balance 657.000000, Transfer 19.000000 to Acc 7
User 4, Acc 7 Balance 34975.000000, Deposit 9929.000000 
User 2, Acc 1 Balance 212.000000, Withdraw 41.000000 
User 4, Acc 4 Balance 1127.000000, Deposit 937.000000 
User 3, Acc 2 Balance 1318.000000, Transfer 23.000000 to Acc 7
User 4, Acc 5 Balance 2908.000000, Deposit 941.000000 
User 2, Acc 2 Balance 1318.000000, Withdraw 71.000000 
User 4, Acc 0 Balance 1206.000000, Deposit 7.000000 
[22;32mUser 0, Acc 3 Balance 306.000000, 				Withdraw 1127.000000 --insufficient funds[0m
User 3, Acc 6 Balance 2504.000000, Transfer 1167.000000 to Acc 5
User 0, Acc 6 Balance 2504.000000, Withdraw 647.000000 
[22;32mUser 2, Acc 3 Balance 306.000000, 				Withdraw 1127.000000 --insufficient funds[0m
User 2, Acc 6 Balance 690.000000, Withdraw 647.000000 
User 3, Acc 4 Balance 2064.000000, Transfer 53.000000 to Acc 5
User 2, Acc 6 Balance 43.000000, Deposit 1953.000000 
User 3, Acc 7 Balance 44946.000000, Withdraw 1593.000000 
User 2, Acc 7 Balance 44946.000000, Deposit 967.000000 
[22;32mUser 3, Acc 8 Balance 267.000000, 				Withdraw 449.000000 --insufficient funds[0m
User 1, Acc 1 Balance 212.000000, Withdraw 50.000000 
User 0, Acc 6 Balance 690.000000, Deposit 953.000000 
User 0, Acc 7 Balance 44320.000000, Deposit 967.000000 
User 0, Acc 1 Balance 102.000000, Transfer 19.000000 to Acc 7
User 0, Acc 2 Balance 1224.000000, Transfer 23.000000 to Acc 7
User 0, Acc 6 Balance 2949.000000, Transfer 1167.000000 to Acc 5
User 4, Acc 3 Balance 306.000000, Deposit 29.000000 
User 0, Acc 4 Balance 2011.000000, Transfer 53.000000 to Acc 5
User 4, Acc 7 Balance 45329.000000, Deposit 9.000000 
User 0, Acc 7 Balance 45329.000000, Withdraw 1593.000000 
User 4, Acc 9 Balance 353.000000, Deposit 129.000000 
User 2, Acc 1 Balance 152.000000, Transfer 19.000000 to Acc 7
User 3, Acc 9 Balance 353.000000, Withdraw 163.000000 
User 1, Acc 2 Balance 1224.000000, Withdraw 150.000000 
[22;32mUser 0, Acc 8 Balance 267.000000, 				Withdraw 449.000000 --insufficient funds[0m
User 2, Acc 2 Balance 1201.000000, Transfer 23.000000 to Acc 7
User 0, Acc 9 Balance 319.000000, Withdraw 163.000000 
[22;32mUser 3, Acc 1 Balance 64.000000, 				Withdraw 500.000000 --insufficient funds[0m
User 0, Acc 0 Balance 1213.000000, Deposit 400.000000 
User 2, Acc 6 Balance 1782.000000, Transfer 1167.000000 to Acc 5
User 0, Acc 0 Balance 1613.000000, Withdraw 200.000000 
User 4, Acc 3 Balance 335.000000, Transfer 29.000000 to Acc 7
User 3, Acc 2 Balance 1028.000000, Withdraw 500.000000 
User 4, Acc 7 Balance 43816.000000, Transfer 31.000000 to Acc 6
User 2, Acc 4 Balance 1958.000000, Transfer 53.000000 to Acc 5
User 4, Acc 7 Balance 43785.000000, Transfer 137.000000 to Acc 5
User 1, Acc 3 Balance 335.000000, Deposit 500.000000 
User 4, Acc 7 Balance 43648.000000, Transfer 3.000000 to Acc 4
User 0, Acc 1 Balance 64.000000, Deposit 100.000000 
User 4, Acc 7 Balance 43645.000000, Transfer 5.000000 to Acc 4
User 2, Acc 7 Balance 43785.000000, Withdraw 1593.000000 
User 1, Acc 2 Balance 528.000000, Transfer 300.000000 to Acc 1
[22;32mUser 3, Acc 3 Balance 306.000000, 				Withdraw 500.000000 --insufficient funds[0m
User 0, Acc 2 Balance 528.000000, Deposit 900.000000 
[22;32mUser 2, Acc 8 Balance 267.000000, 				Withdraw 449.000000 --insufficient funds[0m
User 0, Acc 1 Balance 464.000000, Withdraw 50.000000 
User 3, Acc 4 Balance 1913.000000, Withdraw 500.000000 
User 0, Acc 2 Balance 1128.000000, Withdraw 150.000000 
[22;32mUser 2, Acc 9 Balance 156.000000, 				Withdraw 163.000000 --insufficient funds[0m
User 0, Acc 3 Balance 806.000000, Deposit 500.000000 
[22;32mUser 2, Acc 1 Balance 414.000000, 				Withdraw 500.000000 --insufficient funds[0m
User 2, Acc 2 Balance 978.000000, Withdraw 500.000000 
User 0, Acc 2 Balance 978.000000, Transfer 300.000000 to Acc 1
User 1, Acc 3 Balance 806.000000, Transfer 300.000000 to Acc 1
User 0, Acc 3 Balance 1306.000000, Transfer 300.000000 to Acc 1
User 3, Acc 5 Balance 7646.000000, Withdraw 500.000000 
User 0, Acc 0 Balance 1413.000000, Deposit 400.000000 
User 4, Acc 4 Balance 1913.000000, Withdraw 1167.000000 
User 1, Acc 0 Balance 1413.000000, Deposit 400.000000 
User 4, Acc 5 Balance 7146.000000, Withdraw 1307.000000 
User 2, Acc 3 Balance 1306.000000, Withdraw 500.000000 
User 4, Acc 1 Balance 1314.000000, Transfer 89.000000 to Acc 8
User 1, Acc 3 Balance 706.000000, Withdraw 200.000000 
User 4, Acc 1 Balance 1225.000000, Transfer 163.000000 to Acc 9
User 0, Acc 3 Balance 706.000000, Withdraw 200.000000 
[22;32mUser 2, Acc 4 Balance 246.000000, 				Withdraw 500.000000 --insufficient funds[0m
Balance in 1: 1062.000000
User 3, Acc 6 Balance 646.000000, Withdraw 500.000000 
User 0, Acc 1 Balance 1062.000000, Withdraw 500.000000 
User 2, Acc 5 Balance 5839.000000, Withdraw 500.000000 
[22;32mUser 2, Acc 6 Balance 146.000000, 				Withdraw 500.000000 --insufficient funds[0m
User 4, Acc 1 Balance 1062.000000, Withdraw 41.000000 
User 4, Acc 2 Balance 178.000000, Withdraw 71.000000 
[22;32mUser 4, Acc 3 Balance -194.000000, 				Withdraw 1127.000000 --insufficient funds[0m
[22;32mUser 4, Acc 6 Balance 146.000000, 				Withdraw 647.000000 --insufficient funds[0m
[22;32mUser 0, Acc 2 Balance 178.000000, 				Withdraw 500.000000 --insufficient funds[0m
User 4, Acc 6 Balance 146.000000, Deposit 1953.000000 
[22;32mUser 0, Acc 3 Balance -194.000000, 				Withdraw 500.000000 --insufficient funds[0m
User 4, Acc 7 Balance 42047.000000, Deposit 967.000000 
[22;32mUser 0, Acc 4 Balance 246.000000, 				Withdraw 500.000000 --insufficient funds[0m
User 4, Acc 1 Balance 521.000000, Transfer 19.000000 to Acc 7
User 2, Acc 7 Balance 42047.000000, Withdraw 500.000000 
User 4, Acc 2 Balance 107.000000, Transfer 23.000000 to Acc 7
User 0, Acc 5 Balance 5339.000000, Withdraw 500.000000 
User 3, Acc 7 Balance 42047.000000, Withdraw 500.000000 
User 0, Acc 6 Balance 2099.000000, Withdraw 500.000000 
[22;32mUser 3, Acc 8 Balance 356.000000, 				Withdraw 500.000000 --insufficient funds[0m
User 0, Acc 7 Balance 42056.000000, Withdraw 500.000000 
User 4, Acc 6 Balance 2099.000000, Transfer 1167.000000 to Acc 5
[22;32mUser 0, Acc 8 Balance 356.000000, 				Withdraw 500.000000 --insufficient funds[0m
User 4, Acc 4 Balance 246.000000, Transfer 53.000000 to Acc 5
[22;32mUser 0, Acc 9 Balance 319.000000, 				Withdraw 500.000000 --insufficient funds[0m
[22;32mUser 2, Acc 8 Balance 356.000000, 				Withdraw 500.000000 --insufficient funds[0m
Balance in 1: 1225.000000
[22;32mUser 3, Acc 9 Balance 319.000000, 				Withdraw 500.000000 --insufficient funds[0m
User 4, Acc 7 Balance 41556.000000, Withdraw 1593.000000 
[22;32mUser 2, Acc 9 Balance 319.000000, 				Withdraw 500.000000 --insufficient funds[0m
[22;32mUser 4, Acc 8 Balance 356.000000, 				Withdraw 449.000000 --insufficient funds[0m
User 3, Acc 0 Balance 2213.000000, Withdraw 500.000000 
User 0, Acc 0 Balance 2213.000000, Withdraw 500.000000 
User 0, Acc 1 Balance 502.000000, Withdraw 500.000000 
[22;32mUser 0, Acc 2 Balance 84.000000, 				Withdraw 500.000000 --insufficient funds[0m
[22;32mUser 0, Acc 3 Balance -194.000000, 				Withdraw 500.000000 --insufficient funds[0m
User 4, Acc 9 Balance 319.000000, Withdraw 163.000000 
[22;32mUser 0, Acc 4 Balance 193.000000, 				Withdraw 500.000000 --insufficient funds[0m
User 3, Acc 1 Balance 502.000000, Withdraw 500.000000 
User 2, Acc 0 Balance 2213.000000, Withdraw 500.000000 
User 1, Acc 0 Balance 2213.000000, Deposit 7.000000 
User 4, Acc 0 Balance 1213.000000, Deposit 400.000000 
User 4, Acc 0 Balance 1120.000000, Withdraw 200.000000 
[22;32mUser 2, Acc 1 Balance -498.000000, 				Withdraw 500.000000 --insufficient funds[0m
User 4, Acc 1 Balance -498.000000, Deposit 100.000000 
User 4, Acc 2 Balance 84.000000, Deposit 900.000000 
[22;32mUser 2, Acc 2 Balance 84.000000, 				Withdraw 500.000000 --insufficient funds[0m
User 0, Acc 5 Balance 6059.000000, Withdraw 500.000000 
User 1, Acc 1 Balance -498.000000, Deposit 11.000000 
[22;32mUser 0, Acc 6 Balance 432.000000, 				Withdraw 500.000000 --insufficient funds[0m
[22;32mUser 2, Acc 3 Balance -194.000000, 				Withdraw 500.000000 --insufficient funds[0m
User 0, Acc 7 Balance 39963.000000, Withdraw 500.000000 
User 1, Acc 2 Balance 984.000000, Deposit 9.000000 
[22;32mUser 0, Acc 8 Balance 356.000000, 				Withdraw 500.000000 --insufficient funds[0m
User 1, Acc 7 Balance 39463.000000, Transfer 31.000000 to Acc 6
[22;32mUser 0, Acc 9 Balance 156.000000, 				Withdraw 500.000000 --insufficient funds[0m
[22;32mUser 4, Acc 1 Balance -398.000000, 				Withdraw 50.000000 --insufficient funds[0m
User 0, Acc 0 Balance 920.000000, Withdraw 500.000000 
User 4, Acc 2 Balance 993.000000, Withdraw 150.000000 
[22;32mUser 0, Acc 1 Balance -387.000000, 				Withdraw 500.000000 --insufficient funds[0m
[22;32mUser 3, Acc 2 Balance 84.000000, 				Withdraw 500.000000 --insufficient funds[0m
[22;32mUser 3, Acc 3 Balance -194.000000, 				Withdraw 500.000000 --insufficient funds[0m
[22;32mUser 3, Acc 4 Balance 193.000000, 				Withdraw 500.000000 --insufficient funds[0m
User 3, Acc 5 Balance 5559.000000, Withdraw 500.000000 
[22;32mUser 3, Acc 6 Balance 463.000000, 				Withdraw 500.000000 --insufficient funds[0m
User 3, Acc 7 Balance 39432.000000, Withdraw 500.000000 
[22;32mUser 3, Acc 8 Balance 356.000000, 				Withdraw 500.000000 --insufficient funds[0m
[22;32mUser 3, Acc 9 Balance 156.000000, 				Withdraw 500.000000 --insufficient funds[0m
[22;32mUser 3, Acc 0 Balance 420.000000, 				Withdraw 500.000000 --insufficient funds[0m
[22;32mUser 3, Acc 1 Balance -387.000000, 				Withdraw 500.000000 --insufficient funds[0m
User 3, Acc 2 Balance 843.000000, Withdraw 500.000000 
[22;32mUser 3, Acc 3 Balance -194.000000, 				Withdraw 500.000000 --insufficient funds[0m
[22;32mUser 3, Acc 4 Balance 193.000000, 				Withdraw 500.000000 --insufficient funds[0m
User 3, Acc 5 Balance 5059.000000, Withdraw 500.000000 
[22;32mUser 3, Acc 6 Balance 463.000000, 				Withdraw 500.000000 --insufficient funds[0m
User 3, Acc 7 Balance 38932.000000, Withdraw 500.000000 
[22;32mUser 3, Acc 8 Balance 356.000000, 				Withdraw 500.000000 --insufficient funds[0m
[22;32mUser 3, Acc 9 Balance 156.000000, 				Withdraw 500.000000 --insufficient funds[0m
[22;32mUser 3, Acc 0 Balance 420.000000, 				Withdraw 500.000000 --insufficient funds[0m
User 3, Acc 0 Balance 420.000000, Deposit 100.000000 
User 3, Acc 0 Balance 520.000000, Deposit 200.000000 
User 3, Acc 0 Balance 720.000000, Deposit 300.000000 
User 3, Acc 0 Balance 1020.000000, Withdraw 200.000000 
User 3, Acc 0 Balance 820.000000, Withdraw 100.000000 
User 3, Acc 0 Balance 720.000000, Withdraw 50.000000 
Balance in 0: 670.000000
User 1, Acc 7 Balance 39432.000000, Transfer 137.000000 to Acc 5
User 3, Acc 0 Balance 670.000000, Deposit 100.000000 
User 1, Acc 7 Balance 38295.000000, Transfer 3.000000 to Acc 4
[22;32mUser 2, Acc 4 Balance 193.000000, 				Withdraw 500.000000 --insufficient funds[0m
User 2, Acc 5 Balance 4696.000000, Withdraw 500.000000 
User 4, Acc 3 Balance -194.000000, Deposit 500.000000 
User 4, Acc 2 Balance 343.000000, Transfer 300.000000 to Acc 1
User 4, Acc 3 Balance 306.000000, Transfer 300.000000 to Acc 1
User 4, Acc 0 Balance 770.000000, Deposit 400.000000 
[22;32mUser 4, Acc 3 Balance 6.000000, 				Withdraw 200.000000 --insufficient funds[0m
User 3, Acc 0 Balance 770.000000, Deposit 200.000000 
Balance in 1: 213.000000
User 3, Acc 0 Balance 1370.000000, Deposit 300.000000 
[22;32mUser 2, Acc 6 Balance 463.000000, 				Withdraw 500.000000 --insufficient funds[0m
[22;32mUser 4, Acc 1 Balance 213.000000, 				Withdraw 500.000000 --insufficient funds[0m
User 0, Acc 2 Balance 843.000000, Withdraw 500.000000 
User 1, Acc 7 Balance 38292.000000, Transfer 5.000000 to Acc 4
[22;32mUser 0, Acc 3 Balance 6.000000, 				Withdraw 500.000000 --insufficient funds[0m
User 1, Acc 3 Balance 6.000000, Deposit 929.000000 
User 3, Acc 0 Balance 1670.000000, Withdraw 200.000000 
[22;32mUser 4, Acc 2 Balance 43.000000, 				Withdraw 500.000000 --insufficient funds[0m
User 1, Acc 4 Balance 201.000000, Deposit 937.000000 
User 4, Acc 3 Balance 935.000000, Withdraw 500.000000 
User 2, Acc 7 Balance 38292.000000, Withdraw 500.000000 
User 4, Acc 4 Balance 1138.000000, Withdraw 500.000000 
User 1, Acc 5 Balance 4196.000000, Deposit 941.000000 
User 4, Acc 5 Balance 4196.000000, Withdraw 500.000000 
[22;32mUser 1, Acc 4 Balance 638.000000, 				Withdraw 1167.000000 --insufficient funds[0m
User 3, Acc 0 Balance 1470.000000, Withdraw 100.000000 
[22;32mUser 2, Acc 8 Balance 356.000000, 				Withdraw 500.000000 --insufficient funds[0m
[22;32mUser 0, Acc 4 Balance 201.000000, 				Withdraw 500.000000 --insufficient funds[0m
[22;32mUser 2, Acc 9 Balance 156.000000, 				Withdraw 500.000000 --insufficient funds[0m
User 0, Acc 5 Balance 4637.000000, Withdraw 500.000000 
User 2, Acc 0 Balance 1370.000000, Withdraw 500.000000 
[22;32mUser 2, Acc 1 Balance 213.000000, 				Withdraw 500.000000 --insufficient funds[0m
[22;32mUser 2, Acc 2 Balance -457.000000, 				Withdraw 500.000000 --insufficient funds[0m
[22;32mUser 2, Acc 3 Balance 435.000000, 				Withdraw 500.000000 --insufficient funds[0m
User 2, Acc 4 Balance 638.000000, Withdraw 500.000000 
User 2, Acc 5 Balance 4137.000000, Withdraw 500.000000 
[22;32mUser 2, Acc 6 Balance 463.000000, 				Withdraw 500.000000 --insufficient funds[0m
User 2, Acc 7 Balance 37787.000000, Withdraw 500.000000 
[22;32mUser 2, Acc 8 Balance 356.000000, 				Withdraw 500.000000 --insufficient funds[0m
[22;32mUser 2, Acc 9 Balance 156.000000, 				Withdraw 500.000000 --insufficient funds[0m
User 2, Acc 0 Balance 870.000000, Withdraw 500.000000 
User 2, Acc 0 Balance 370.000000, Deposit 100.000000 
User 2, Acc 0 Balance 470.000000, Deposit 200.000000 
User 2, Acc 0 Balance 670.000000, Deposit 300.000000 
[22;32mUser 4, Acc 6 Balance 463.000000, 				Withdraw 500.000000 --insufficient funds[0m
User 1, Acc 5 Balance 4637.000000, Withdraw 1307.000000 
User 1, Acc 1 Balance 213.000000, Transfer 89.000000 to Acc 8
[22;32mUser 0, Acc 6 Balance 463.000000, 				Withdraw 500.000000 --insufficient funds[0m
User 0, Acc 7 Balance 37287.000000, Withdraw 500.000000 
[22;32mUser 0, Acc 8 Balance 445.000000, 				Withdraw 500.000000 --insufficient funds[0m
[22;32mUser 0, Acc 9 Balance 156.000000, 				Withdraw 500.000000 --insufficient funds[0m
User 4, Acc 7 Balance 37287.000000, Withdraw 500.000000 
User 0, Acc 0 Balance 970.000000, Withdraw 500.000000 
[22;32mUser 4, Acc 8 Balance 445.000000, 				Withdraw 500.000000 --insufficient funds[0m
User 1, Acc 1 Balance 124.000000, Withdraw 41.000000 
User 2, Acc 0 Balance 970.000000, Withdraw 200.000000 
[22;32mUser 1, Acc 2 Balance -457.000000, 				Withdraw 71.000000 --insufficient funds[0m
User 2, Acc 0 Balance 270.000000, Withdraw 100.000000 
[22;32mUser 4, Acc 9 Balance 156.000000, 				Withdraw 500.000000 --insufficient funds[0m
User 0, Acc 0 Balance 470.000000, Deposit 100.000000 
[22;32mUser 4, Acc 0 Balance 170.000000, 				Withdraw 500.000000 --insufficient funds[0m
User 0, Acc 0 Balance 270.000000, Deposit 200.000000 
User 2, Acc 0 Balance 170.000000, Withdraw 50.000000 
[22;32mUser 1, Acc 3 Balance 435.000000, 				Withdraw 1127.000000 --insufficient funds[0m
[22;32mUser 4, Acc 1 Balance 83.000000, 				Withdraw 500.000000 --insufficient funds[0m
[22;32mUser 1, Acc 6 Balance 463.000000, 				Withdraw 647.000000 --insufficient funds[0m
User 1, Acc 6 Balance 463.000000, Deposit 953.000000 
User 3, Acc 0 Balance 1370.000000, Withdraw 50.000000 
User 1, Acc 7 Balance 36287.000000, Deposit 967.000000 
[22;32mUser 4, Acc 2 Balance -457.000000, 				Withdraw 500.000000 --insufficient funds[0m
User 1, Acc 1 Balance 83.000000, Transfer 19.000000 to Acc 7
User 1, Acc 6 Balance 1416.000000, Transfer 1167.000000 to Acc 5
Balance in 0: 420.000000
User 1, Acc 4 Balance 138.000000, Transfer 53.000000 to Acc 5
[22;32mUser 4, Acc 3 Balance 435.000000, 				Withdraw 500.000000 --insufficient funds[0m
User 0, Acc 0 Balance 470.000000, Deposit 300.000000 
[22;32mUser 4, Acc 4 Balance 85.000000, 				Withdraw 500.000000 --insufficient funds[0m
User 0, Acc 0 Balance 670.000000, Withdraw 200.000000 
User 1, Acc 7 Balance 37273.000000, Withdraw 1593.000000 
[22;32mUser 1, Acc 8 Balance 445.000000, 				Withdraw 449.000000 --insufficient funds[0m
[22;32mUser 1, Acc 9 Balance 156.000000, 				Withdraw 163.000000 --insufficient funds[0m
Balance in 0: 370.000000
User 4, Acc 5 Balance 3550.000000, Withdraw 500.000000 
[22;32mUser 4, Acc 6 Balance 249.000000, 				Withdraw 500.000000 --insufficient funds[0m
User 0, Acc 0 Balance 470.000000, Withdraw 100.000000 
User 0, Acc 0 Balance 370.000000, Withdraw 50.000000 
Balance in 0: 320.000000
User 4, Acc 7 Balance 35680.000000, Withdraw 500.000000 
[22;32mUser 4, Acc 8 Balance 445.000000, 				Withdraw 500.000000 --insufficient funds[0m
[22;32mUser 4, Acc 9 Balance 156.000000, 				Withdraw 500.000000 --insufficient funds[0m
[22;32mUser 4, Acc 0 Balance 320.000000, 				Withdraw 500.000000 --insufficient funds[0m
[22;32mUser 4, Acc 1 Balance 64.000000, 				Withdraw 500.000000 --insufficient funds[0m
[22;32mUser 4, Acc 2 Balance -457.000000, 				Withdraw 500.000000 --insufficient funds[0m
[22;32mUser 4, Acc 3 Balance 435.000000, 				Withdraw 500.000000 --insufficient funds[0m
[22;32mUser 4, Acc 4 Balance 85.000000, 				Withdraw 500.000000 --insufficient funds[0m
User 4, Acc 5 Balance 3050.000000, Withdraw 500.000000 
[22;32mUser 4, Acc 6 Balance 249.000000, 				Withdraw 500.000000 --insufficient funds[0m
User 4, Acc 7 Balance 35180.000000, Withdraw 500.000000 
[22;32mUser 4, Acc 8 Balance 445.000000, 				Withdraw 500.000000 --insufficient funds[0m
[22;32mUser 4, Acc 9 Balance 156.000000, 				Withdraw 500.000000 --insufficient funds[0m
[22;32mUser 4, Acc 0 Balance 320.000000, 				Withdraw 500.000000 --insufficient funds[0m
  ***     End of transaction batch    ***  
Account 0 balance after completion of transaction batch: 320.000000
Account 1 balance after completion of transaction batch: 64.000000
Account 2 balance after completion of transaction batch: -457.000000
Account 3 balance after completion of transaction batch: 435.000000
Account 4 balance after completion of transaction batch: 85.000000
Account 5 balance after completion of transaction batch: 2550.000000
Account 6 balance after completion of transaction batch: 249.000000
Account 7 balance after completion of transaction batch: 34680.000000
Account 8 balance after completion of transaction batch: 445.000000
Account 9 balance after completion of transaction batch: 156.000000
