# Output generated by:
# ./my_executable 5 data/transactions7.txt data/transactions11.txt data/transactions9.txt data/transactions3.txt data/transactions4.txt

********************************************
   Reading and parsing a transaction file   
********************************************
Parsed transaction: deposit 7 9929.000000 
Loaded deposit transaction
Parsed transaction: deposit 4 937.000000 
Loaded deposit transaction
Parsed transaction: deposit 5 941.000000 
Loaded deposit transaction
Parsed transaction: deposit 0 7.000000 
Loaded deposit transaction
Parsed transaction: deposit 3 29.000000 
Loaded deposit transaction
Parsed transaction: deposit 7 9.000000 
Loaded deposit transaction
Parsed transaction: deposit 9 129.000000 
Loaded deposit transaction
Parsed transaction: transfer 3 7 29.000000 
Loaded transfer transaction
Parsed transaction: transfer 7 6 31.000000 
Loaded transfer transaction
Parsed transaction: transfer 7 5 137.000000 
Loaded transfer transaction
Parsed transaction: transfer 7 4 3.000000 
Loaded transfer transaction
Parsed transaction: transfer 7 4 5.000000 
Loaded transfer transaction
Parsed transaction: withdraw 4 1167.000000 
Loaded withdrawal transaction
Parsed transaction: withdraw 5 1307.000000 
Loaded withdrawal transaction
Parsed transaction: transfer 1 8 89.000000 
Loaded transfer transaction
Parsed transaction: transfer 1 9 163.000000 
Loaded transfer transaction
Parsed transaction: withdraw 1 41.000000 
Loaded withdrawal transaction
Parsed transaction: withdraw 2 71.000000 
Loaded withdrawal transaction
Parsed transaction: withdraw 3 1127.000000 
Loaded withdrawal transaction
Parsed transaction: withdraw 6 647.000000 
Loaded withdrawal transaction
Parsed transaction: deposit 6 1953.000000 
Loaded deposit transaction
Parsed transaction: deposit 7 967.000000 
Loaded deposit transaction
Parsed transaction: transfer 1 7 19.000000 
Loaded transfer transaction
Parsed transaction: transfer 2 7 23.000000 
Loaded transfer transaction
Parsed transaction: transfer 6 5 1167.000000 
Loaded transfer transaction
Parsed transaction: transfer 4 5 53.000000 
Loaded transfer transaction
Parsed transaction: withdraw 7 1593.000000 
Loaded withdrawal transaction
Parsed transaction: withdraw 8 449.000000 
Loaded withdrawal transaction
Parsed transaction: withdraw 9 163.000000 
Loaded withdrawal transaction
********************************************
********************************************
   Reading and parsing a transaction file   
********************************************
Parsed transaction: deposit 9 617.000000 
Loaded deposit transaction
Parsed transaction: transfer 9 9 617.000000 
Loaded transfer transaction
Parsed transaction: deposit 8 619.000000 
Loaded deposit transaction
Parsed transaction: transfer 8 2 619.000000 
Loaded transfer transaction
Parsed transaction: deposit 7 631.000000 
Loaded deposit transaction
Parsed transaction: transfer 7 3 631.000000 
Loaded transfer transaction
Parsed transaction: deposit 6 641.000000 
Loaded deposit transaction
Parsed transaction: transfer 6 4 641.000000 
Loaded transfer transaction
Parsed transaction: deposit 5 643.000000 
Loaded deposit transaction
Parsed transaction: transfer 5 6 1200.000000 
Loaded transfer transaction
Parsed transaction: deposit 4 647.000000 
Loaded deposit transaction
Parsed transaction: transfer 4 7 1200.000000 
Loaded transfer transaction
Parsed transaction: deposit 3 653.000000 
Loaded deposit transaction
Parsed transaction: transfer 3 8 1200.000000 
Loaded transfer transaction
Parsed transaction: deposit 2 659.000000 
Loaded deposit transaction
Parsed transaction: transfer 2 9 1200.000000 
Loaded transfer transaction
Parsed transaction: deposit 1 661.000000 
Loaded deposit transaction
Parsed transaction: transfer 1 9 1200.000000 
Loaded transfer transaction
Parsed transaction: deposit 0 673.000000 
Loaded deposit transaction
Parsed transaction: transfer 0 9 1200.000000 
Loaded transfer transaction
Parsed transaction: withdraw 1 50.000000 
Loaded withdrawal transaction
Parsed transaction: withdraw 2 50.000000 
Loaded withdrawal transaction
Parsed transaction: withdraw 3 50.000000 
Loaded withdrawal transaction
Parsed transaction: withdraw 4 50.000000 
Loaded withdrawal transaction
Parsed transaction: withdraw 5 50.000000 
Loaded withdrawal transaction
Parsed transaction: withdraw 6 50.000000 
Loaded withdrawal transaction
Parsed transaction: withdraw 7 50.000000 
Loaded withdrawal transaction
Parsed transaction: withdraw 8 50.000000 
Loaded withdrawal transaction
Parsed transaction: withdraw 9 50.000000 
Loaded withdrawal transaction
Parsed transaction: withdraw 0 50.000000 
Loaded withdrawal transaction
********************************************
********************************************
   Reading and parsing a transaction file   
********************************************
Parsed transaction: deposit 9 617.000000 
Loaded deposit transaction
Parsed transaction: transfer 9 1 617.000000 
Loaded transfer transaction
Parsed transaction: deposit 8 619.000000 
Loaded deposit transaction
Parsed transaction: transfer 8 2 619.000000 
Loaded transfer transaction
Parsed transaction: deposit 7 631.000000 
Loaded deposit transaction
Parsed transaction: transfer 7 3 631.000000 
Loaded transfer transaction
Parsed transaction: deposit 6 641.000000 
Loaded deposit transaction
Parsed transaction: transfer 6 4 641.000000 
Loaded transfer transaction
Parsed transaction: deposit 5 643.000000 
Loaded deposit transaction
Parsed transaction: transfer 5 6 1200.000000 
Loaded transfer transaction
Parsed transaction: deposit 4 647.000000 
Loaded deposit transaction
Parsed transaction: transfer 4 7 1200.000000 
Loaded transfer transaction
Parsed transaction: deposit 3 653.000000 
Loaded deposit transaction
Parsed transaction: transfer 3 8 1200.000000 
Loaded transfer transaction
Parsed transaction: deposit 2 659.000000 
Loaded deposit transaction
Parsed transaction: transfer 2 9 1200.000000 
Loaded transfer transaction
Parsed transaction: deposit 1 661.000000 
Loaded deposit transaction
Parsed transaction: transfer 1 9 1200.000000 
Loaded transfer transaction
Parsed transaction: deposit 0 673.000000 
Loaded deposit transaction
Parsed transaction: transfer 0 9 1200.000000 
Loaded transfer transaction
Parsed transaction: withdraw 1 50.000000 
Loaded withdrawal transaction
Parsed transaction: withdraw 2 50.000000 
Loaded withdrawal transaction
Parsed transaction: withdraw 3 50.000000 
Loaded withdrawal transaction
Parsed transaction: withdraw 4 50.000000 
Loaded withdrawal transaction
Parsed transaction: withdraw 5 50.000000 
Loaded withdrawal transaction
Parsed transaction: withdraw 6 50.000000 
Loaded withdrawal transaction
Parsed transaction: withdraw 7 50.000000 
Loaded withdrawal transaction
Parsed transaction: withdraw 8 50.000000 
Loaded withdrawal transaction
Parsed transaction: withdraw 9 50.000000 
Loaded withdrawal transaction
Parsed transaction: withdraw 0 50.000000 
Loaded withdrawal transaction
********************************************
********************************************
   Reading and parsing a transaction file   
********************************************
Parsed transaction: deposit 0 400.000000 
Loaded deposit transaction
Parsed transaction: withdraw 0 200.000000 
Loaded withdrawal transaction
Parsed transaction: deposit 1 100.000000 
Loaded deposit transaction
Parsed transaction: deposit 2 900.000000 
Loaded deposit transaction
Parsed transaction: withdraw 1 50.000000 
Loaded withdrawal transaction
Parsed transaction: withdraw 2 150.000000 
Loaded withdrawal transaction
Parsed transaction: deposit 3 500.000000 
Loaded deposit transaction
Parsed transaction: transfer 2 1 300.000000 
Loaded transfer transaction
Parsed transaction: transfer 3 1 300.000000 
Loaded transfer transaction
Parsed transaction: deposit 0 400.000000 
Loaded deposit transaction
Parsed transaction: withdraw 3 200.000000 
Loaded withdrawal transaction
Parsed transaction: balance 1 
Loaded balance transaction
********************************************
********************************************
   Reading and parsing a transaction file   
********************************************
Parsed transaction: deposit 0 907.000000 
Loaded deposit transaction
Parsed transaction: deposit 1 911.000000 
Loaded deposit transaction
Parsed transaction: deposit 2 919.000000 
Loaded deposit transaction
Parsed transaction: deposit 3 929.000000 
Loaded deposit transaction
Parsed transaction: deposit 4 937.000000 
Loaded deposit transaction
Parsed transaction: deposit 5 941.000000 
Loaded deposit transaction
Parsed transaction: deposit 6 953.000000 
Loaded deposit transaction
Parsed transaction: deposit 7 967.000000 
Loaded deposit transaction
Parsed transaction: transfer 1 7 19.000000 
Loaded transfer transaction
Parsed transaction: transfer 2 7 23.000000 
Loaded transfer transaction
Parsed transaction: transfer 3 7 29.000000 
Loaded transfer transaction
Parsed transaction: transfer 7 6 31.000000 
Loaded transfer transaction
Parsed transaction: transfer 7 5 37.000000 
Loaded transfer transaction
Parsed transaction: transfer 7 4 3.000000 
Loaded transfer transaction
Parsed transaction: transfer 7 4 5.000000 
Loaded transfer transaction
Parsed transaction: transfer 6 5 67.000000 
Loaded transfer transaction
Parsed transaction: transfer 4 5 53.000000 
Loaded transfer transaction
Parsed transaction: transfer 1 8 89.000000 
Loaded transfer transaction
Parsed transaction: transfer 1 9 163.000000 
Loaded transfer transaction
Parsed transaction: withdraw 1 41.000000 
Loaded withdrawal transaction
Parsed transaction: withdraw 2 71.000000 
Loaded withdrawal transaction
Parsed transaction: withdraw 3 127.000000 
Loaded withdrawal transaction
Parsed transaction: withdraw 4 167.000000 
Loaded withdrawal transaction
Parsed transaction: withdraw 5 307.000000 
Loaded withdrawal transaction
Parsed transaction: withdraw 6 647.000000 
Loaded withdrawal transaction
Parsed transaction: withdraw 7 593.000000 
Loaded withdrawal transaction
Parsed transaction: withdraw 8 449.000000 
Loaded withdrawal transaction
Parsed transaction: withdraw 9 163.000000 
Loaded withdrawal transaction
********************************************
  ***    Start of transaction batch    ***  
User 0, Acc 7 Balance 0.000000, Deposit 9929.000000 
User 0, Acc 4 Balance 0.000000, Deposit 937.000000 
User 0, Acc 5 Balance 0.000000, Deposit 941.000000 
User 0, Acc 0 Balance 0.000000, Deposit 7.000000 
User 0, Acc 3 Balance 0.000000, Deposit 29.000000 
User 0, Acc 7 Balance 9929.000000, Deposit 9.000000 
User 0, Acc 9 Balance 0.000000, Deposit 129.000000 
User 0, Acc 3 Balance 29.000000, Transfer 29.000000 to Acc 7
User 0, Acc 7 Balance 9967.000000, Transfer 31.000000 to Acc 6
User 0, Acc 7 Balance 9936.000000, Transfer 137.000000 to Acc 5
User 0, Acc 7 Balance 9799.000000, Transfer 3.000000 to Acc 4
User 0, Acc 7 Balance 9796.000000, Transfer 5.000000 to Acc 4
[22;32mUser 0, Acc 4 Balance 945.000000, 				Withdraw 1167.000000 --insufficient funds[0m
[22;32mUser 0, Acc 5 Balance 1078.000000, 				Withdraw 1307.000000 --insufficient funds[0m
[22;32mUser 0, Acc 1 Balance 0.000000, 				Withdraw 41.000000 --insufficient funds[0m
[22;32mUser 0, Acc 2 Balance 0.000000, 				Withdraw 71.000000 --insufficient funds[0m
[22;32mUser 0, Acc 3 Balance 0.000000, 				Withdraw 1127.000000 --insufficient funds[0m
[22;32mUser 0, Acc 6 Balance 31.000000, 				Withdraw 647.000000 --insufficient funds[0m
User 0, Acc 6 Balance 31.000000, Deposit 1953.000000 
User 0, Acc 7 Balance 9791.000000, Deposit 967.000000 
User 0, Acc 6 Balance 1984.000000, Transfer 1167.000000 to Acc 5
User 0, Acc 4 Balance 945.000000, Transfer 53.000000 to Acc 5
User 0, Acc 7 Balance 10758.000000, Withdraw 1593.000000 
[22;32mUser 0, Acc 8 Balance 0.000000, 				Withdraw 449.000000 --insufficient funds[0m
[22;32mUser 0, Acc 9 Balance 129.000000, 				Withdraw 163.000000 --insufficient funds[0m
User 0, Acc 9 Balance 129.000000, Deposit 617.000000 
User 0, Acc 9 Balance 746.000000, Transfer 617.000000 to Acc 9
User 3, Acc 0 Balance 7.000000, Deposit 400.000000 
User 2, Acc 9 Balance 746.000000, Deposit 617.000000 
User 2, Acc 9 Balance 1363.000000, Transfer 617.000000 to Acc 1
User 1, Acc 0 Balance 7.000000, Deposit 907.000000 
User 4, Acc 7 Balance 9165.000000, Deposit 9929.000000 
User 1, Acc 1 Balance 617.000000, Deposit 911.000000 
User 4, Acc 4 Balance 892.000000, Deposit 937.000000 
User 4, Acc 5 Balance 2298.000000, Deposit 941.000000 
User 1, Acc 2 Balance 0.000000, Deposit 919.000000 
User 4, Acc 0 Balance 1314.000000, Deposit 7.000000 
User 4, Acc 3 Balance 0.000000, Deposit 29.000000 
User 4, Acc 7 Balance 19094.000000, Deposit 9.000000 
User 4, Acc 9 Balance 746.000000, Deposit 129.000000 
User 4, Acc 3 Balance 29.000000, Transfer 29.000000 to Acc 7
User 4, Acc 7 Balance 19132.000000, Transfer 31.000000 to Acc 6
User 4, Acc 7 Balance 19101.000000, Transfer 137.000000 to Acc 5
User 4, Acc 7 Balance 18964.000000, Transfer 3.000000 to Acc 4
User 4, Acc 7 Balance 18961.000000, Transfer 5.000000 to Acc 4
User 4, Acc 4 Balance 1837.000000, Withdraw 1167.000000 
User 4, Acc 5 Balance 3376.000000, Withdraw 1307.000000 
User 4, Acc 1 Balance 1528.000000, Transfer 89.000000 to Acc 8
User 4, Acc 1 Balance 1439.000000, Transfer 163.000000 to Acc 9
User 4, Acc 1 Balance 1276.000000, Withdraw 41.000000 
User 4, Acc 2 Balance 919.000000, Withdraw 71.000000 
[22;32mUser 4, Acc 3 Balance 0.000000, 				Withdraw 1127.000000 --insufficient funds[0m
User 4, Acc 6 Balance 848.000000, Withdraw 647.000000 
User 4, Acc 6 Balance 201.000000, Deposit 1953.000000 
User 4, Acc 7 Balance 18956.000000, Deposit 967.000000 
User 4, Acc 1 Balance 1235.000000, Transfer 19.000000 to Acc 7
User 4, Acc 2 Balance 848.000000, Transfer 23.000000 to Acc 7
User 4, Acc 6 Balance 2154.000000, Transfer 1167.000000 to Acc 5
User 4, Acc 4 Balance 670.000000, Transfer 53.000000 to Acc 5
User 0, Acc 8 Balance 0.000000, Deposit 619.000000 
User 0, Acc 8 Balance 708.000000, Transfer 619.000000 to Acc 2
User 0, Acc 7 Balance 19965.000000, Deposit 631.000000 
User 0, Acc 7 Balance 20596.000000, Transfer 631.000000 to Acc 3
User 0, Acc 6 Balance 987.000000, Deposit 641.000000 
User 0, Acc 6 Balance 1628.000000, Transfer 641.000000 to Acc 4
User 1, Acc 3 Balance 0.000000, Deposit 929.000000 
User 1, Acc 4 Balance 1258.000000, Deposit 937.000000 
User 1, Acc 5 Balance 3289.000000, Deposit 941.000000 
User 1, Acc 6 Balance 987.000000, Deposit 953.000000 
User 1, Acc 7 Balance 19965.000000, Deposit 967.000000 
User 1, Acc 1 Balance 1216.000000, Transfer 19.000000 to Acc 7
User 1, Acc 2 Balance 1444.000000, Transfer 23.000000 to Acc 7
User 1, Acc 3 Balance 1560.000000, Transfer 29.000000 to Acc 7
User 4, Acc 7 Balance 19965.000000, Withdraw 1593.000000 
User 1, Acc 7 Balance 21003.000000, Transfer 31.000000 to Acc 6
User 1, Acc 7 Balance 20972.000000, Transfer 37.000000 to Acc 5
User 1, Acc 7 Balance 19342.000000, Transfer 3.000000 to Acc 4
User 1, Acc 7 Balance 19339.000000, Transfer 5.000000 to Acc 4
User 1, Acc 6 Balance 1971.000000, Transfer 67.000000 to Acc 5
User 1, Acc 4 Balance 2203.000000, Transfer 53.000000 to Acc 5
User 1, Acc 1 Balance 1197.000000, Transfer 89.000000 to Acc 8
User 1, Acc 1 Balance 1108.000000, Transfer 163.000000 to Acc 9
User 1, Acc 1 Balance 945.000000, Withdraw 41.000000 
User 1, Acc 2 Balance 1421.000000, Withdraw 71.000000 
User 1, Acc 3 Balance 1531.000000, Withdraw 127.000000 
User 1, Acc 4 Balance 2150.000000, Withdraw 167.000000 
User 1, Acc 5 Balance 4387.000000, Withdraw 307.000000 
User 1, Acc 6 Balance 1904.000000, Withdraw 647.000000 
User 1, Acc 7 Balance 19334.000000, Withdraw 593.000000 
[22;32mUser 1, Acc 8 Balance 178.000000, 				Withdraw 449.000000 --insufficient funds[0m
User 1, Acc 9 Balance 1201.000000, Withdraw 163.000000 
User 1, Acc 9 Balance 1038.000000, Deposit 617.000000 
User 1, Acc 9 Balance 1655.000000, Transfer 617.000000 to Acc 9
User 1, Acc 8 Balance 178.000000, Deposit 619.000000 
User 1, Acc 8 Balance 797.000000, Transfer 619.000000 to Acc 2
User 1, Acc 7 Balance 18741.000000, Deposit 631.000000 
User 1, Acc 7 Balance 19372.000000, Transfer 631.000000 to Acc 3
User 1, Acc 6 Balance 1257.000000, Deposit 641.000000 
User 1, Acc 6 Balance 1898.000000, Transfer 641.000000 to Acc 4
User 1, Acc 5 Balance 4080.000000, Deposit 643.000000 
User 1, Acc 5 Balance 4723.000000, Transfer 1200.000000 to Acc 6
User 3, Acc 0 Balance 407.000000, Withdraw 200.000000 
User 3, Acc 1 Balance 904.000000, Deposit 100.000000 
User 3, Acc 2 Balance 1969.000000, Deposit 900.000000 
User 3, Acc 1 Balance 1004.000000, Withdraw 50.000000 
User 0, Acc 5 Balance 3289.000000, Deposit 643.000000 
User 1, Acc 4 Balance 2624.000000, Deposit 647.000000 
User 0, Acc 5 Balance 4166.000000, Transfer 1200.000000 to Acc 6
User 0, Acc 4 Balance 3271.000000, Deposit 647.000000 
User 3, Acc 2 Balance 2869.000000, Withdraw 150.000000 
User 3, Acc 3 Balance 2035.000000, Deposit 500.000000 
User 3, Acc 2 Balance 2719.000000, Transfer 300.000000 to Acc 1
User 3, Acc 3 Balance 2535.000000, Transfer 300.000000 to Acc 1
User 3, Acc 0 Balance 1121.000000, Deposit 400.000000 
User 3, Acc 3 Balance 2235.000000, Withdraw 200.000000 
Balance in 1: 1554.000000
User 0, Acc 4 Balance 3918.000000, Transfer 1200.000000 to Acc 7
User 0, Acc 3 Balance 2035.000000, Deposit 653.000000 
User 0, Acc 3 Balance 2688.000000, Transfer 1200.000000 to Acc 8
User 0, Acc 2 Balance 2419.000000, Deposit 659.000000 
User 0, Acc 2 Balance 3078.000000, Transfer 1200.000000 to Acc 9
User 0, Acc 1 Balance 1554.000000, Deposit 661.000000 
User 0, Acc 1 Balance 2215.000000, Transfer 1200.000000 to Acc 9
User 3, Acc 9 Balance 1655.000000, Deposit 617.000000 
User 0, Acc 0 Balance 1521.000000, Deposit 673.000000 
User 3, Acc 9 Balance 4672.000000, Transfer 617.000000 to Acc 1
User 0, Acc 0 Balance 2194.000000, Transfer 1200.000000 to Acc 9
User 3, Acc 8 Balance 1378.000000, Deposit 619.000000 
User 3, Acc 8 Balance 1997.000000, Transfer 619.000000 to Acc 2
User 3, Acc 7 Balance 19941.000000, Deposit 631.000000 
User 3, Acc 7 Balance 20572.000000, Transfer 631.000000 to Acc 3
User 3, Acc 6 Balance 3657.000000, Deposit 641.000000 
User 3, Acc 6 Balance 4298.000000, Transfer 641.000000 to Acc 4
User 0, Acc 1 Balance 1632.000000, Withdraw 50.000000 
User 3, Acc 5 Balance 2966.000000, Deposit 643.000000 
User 0, Acc 2 Balance 2497.000000, Withdraw 50.000000 
User 3, Acc 5 Balance 3609.000000, Transfer 1200.000000 to Acc 6
User 1, Acc 4 Balance 3271.000000, Transfer 1200.000000 to Acc 7
User 3, Acc 4 Balance 3359.000000, Deposit 647.000000 
User 3, Acc 4 Balance 4006.000000, Transfer 1200.000000 to Acc 7
User 0, Acc 3 Balance 2119.000000, Withdraw 50.000000 
User 3, Acc 3 Balance 2119.000000, Deposit 653.000000 
User 0, Acc 4 Balance 1606.000000, Withdraw 50.000000 
User 3, Acc 3 Balance 2722.000000, Transfer 1200.000000 to Acc 8
User 0, Acc 5 Balance 2409.000000, Withdraw 50.000000 
User 3, Acc 2 Balance 2447.000000, Deposit 659.000000 
User 0, Acc 6 Balance 4857.000000, Withdraw 50.000000 
User 3, Acc 2 Balance 3106.000000, Transfer 1200.000000 to Acc 9
User 0, Acc 7 Balance 22341.000000, Withdraw 50.000000 
User 0, Acc 8 Balance 2578.000000, Withdraw 50.000000 
User 1, Acc 3 Balance 2119.000000, Deposit 653.000000 
User 0, Acc 9 Balance 6455.000000, Withdraw 50.000000 
User 1, Acc 3 Balance 2175.000000, Transfer 1200.000000 to Acc 8
User 3, Acc 1 Balance 1582.000000, Deposit 661.000000 
User 1, Acc 2 Balance 1906.000000, Deposit 659.000000 
User 3, Acc 1 Balance 2243.000000, Transfer 1200.000000 to Acc 9
[22;32mUser 4, Acc 8 Balance 89.000000, 				Withdraw 449.000000 --insufficient funds[0m
User 2, Acc 8 Balance 0.000000, Deposit 619.000000 
User 0, Acc 0 Balance 994.000000, Withdraw 50.000000 
User 2, Acc 8 Balance 4347.000000, Transfer 619.000000 to Acc 2
User 1, Acc 2 Balance 2565.000000, Transfer 1200.000000 to Acc 9
User 4, Acc 9 Balance 7605.000000, Withdraw 163.000000 
User 0, Acc 7 Balance 22291.000000, Deposit 9929.000000 
User 4, Acc 7 Balance 22291.000000, Deposit 9929.000000 
User 0, Acc 4 Balance 1556.000000, Deposit 937.000000 
User 1, Acc 1 Balance 1043.000000, Deposit 661.000000 
User 3, Acc 0 Balance 994.000000, Deposit 673.000000 
User 2, Acc 7 Balance 22291.000000, Deposit 631.000000 
User 3, Acc 0 Balance 1617.000000, Transfer 1200.000000 to Acc 9
User 4, Acc 4 Balance 1556.000000, Deposit 937.000000 
User 0, Acc 5 Balance 2359.000000, Deposit 941.000000 
User 1, Acc 1 Balance 1704.000000, Transfer 1200.000000 to Acc 9
User 1, Acc 0 Balance 417.000000, Deposit 673.000000 
User 1, Acc 1 Balance 504.000000, Withdraw 50.000000 
User 1, Acc 2 Balance 1984.000000, Withdraw 50.000000 
User 1, Acc 3 Balance 975.000000, Withdraw 50.000000 
User 0, Acc 0 Balance 417.000000, Deposit 7.000000 
User 1, Acc 4 Balance 3430.000000, Withdraw 50.000000 
User 3, Acc 1 Balance 1704.000000, Withdraw 50.000000 
User 2, Acc 7 Balance 42780.000000, Transfer 631.000000 to Acc 3
User 2, Acc 6 Balance 4807.000000, Deposit 641.000000 
User 2, Acc 6 Balance 5448.000000, Transfer 641.000000 to Acc 4
User 2, Acc 5 Balance 3300.000000, Deposit 643.000000 
User 2, Acc 5 Balance 3943.000000, Transfer 1200.000000 to Acc 6
User 2, Acc 4 Balance 4021.000000, Deposit 647.000000 
User 2, Acc 4 Balance 4668.000000, Transfer 1200.000000 to Acc 7
User 2, Acc 3 Balance 1556.000000, Deposit 653.000000 
User 2, Acc 3 Balance 2209.000000, Transfer 1200.000000 to Acc 8
User 2, Acc 2 Balance 1934.000000, Deposit 659.000000 
User 2, Acc 2 Balance 2593.000000, Transfer 1200.000000 to Acc 9
User 2, Acc 1 Balance 404.000000, Deposit 661.000000 
User 2, Acc 0 Balance 1097.000000, Deposit 673.000000 
User 2, Acc 0 Balance 1770.000000, Transfer 1200.000000 to Acc 9
User 2, Acc 1 Balance 1065.000000, Withdraw 50.000000 
User 2, Acc 2 Balance 1393.000000, Withdraw 50.000000 
User 2, Acc 3 Balance 1009.000000, Withdraw 50.000000 
User 2, Acc 4 Balance 3468.000000, Withdraw 50.000000 
User 2, Acc 5 Balance 2743.000000, Withdraw 50.000000 
User 2, Acc 6 Balance 6007.000000, Withdraw 50.000000 
User 2, Acc 7 Balance 43349.000000, Withdraw 50.000000 
User 2, Acc 8 Balance 4928.000000, Withdraw 50.000000 
User 2, Acc 9 Balance 13442.000000, Withdraw 50.000000 
User 2, Acc 0 Balance 570.000000, Withdraw 50.000000 
User 1, Acc 5 Balance 3300.000000, Withdraw 50.000000 
User 1, Acc 6 Balance 5957.000000, Withdraw 50.000000 
User 1, Acc 7 Balance 43299.000000, Withdraw 50.000000 
User 1, Acc 8 Balance 4878.000000, Withdraw 50.000000 
User 4, Acc 5 Balance 2359.000000, Deposit 941.000000 
User 1, Acc 9 Balance 13392.000000, Withdraw 50.000000 
User 4, Acc 0 Balance 520.000000, Deposit 7.000000 
User 2, Acc 7 Balance 43299.000000, Deposit 9929.000000 
User 4, Acc 3 Balance 959.000000, Deposit 29.000000 
User 3, Acc 2 Balance 1934.000000, Withdraw 50.000000 
User 1, Acc 0 Balance 520.000000, Withdraw 50.000000 
User 0, Acc 3 Balance 925.000000, Deposit 29.000000 
User 4, Acc 7 Balance 53178.000000, Deposit 9.000000 
User 3, Acc 3 Balance 988.000000, Withdraw 50.000000 
User 4, Acc 9 Balance 13342.000000, Deposit 129.000000 
User 3, Acc 4 Balance 3418.000000, Withdraw 50.000000 
User 3, Acc 5 Balance 3584.000000, Withdraw 50.000000 
User 4, Acc 3 Balance 967.000000, Transfer 29.000000 to Acc 7
User 0, Acc 7 Balance 53178.000000, Deposit 9.000000 
User 1, Acc 0 Balance 477.000000, Deposit 400.000000 
User 3, Acc 6 Balance 5907.000000, Withdraw 50.000000 
User 4, Acc 7 Balance 53216.000000, Transfer 31.000000 to Acc 6
User 2, Acc 4 Balance 3418.000000, Deposit 937.000000 
User 4, Acc 7 Balance 53194.000000, Transfer 137.000000 to Acc 5
User 0, Acc 9 Balance 13471.000000, Deposit 129.000000 
User 1, Acc 0 Balance 877.000000, Withdraw 200.000000 
User 3, Acc 7 Balance 53225.000000, Withdraw 50.000000 
User 4, Acc 7 Balance 53057.000000, Transfer 3.000000 to Acc 4
User 2, Acc 5 Balance 3671.000000, Deposit 941.000000 
User 4, Acc 7 Balance 53004.000000, Transfer 5.000000 to Acc 4
User 4, Acc 4 Balance 4313.000000, Withdraw 1167.000000 
User 1, Acc 1 Balance 1015.000000, Deposit 100.000000 
User 3, Acc 8 Balance 4828.000000, Withdraw 50.000000 
User 1, Acc 2 Balance 1293.000000, Deposit 900.000000 
User 1, Acc 1 Balance 1115.000000, Withdraw 50.000000 
User 3, Acc 9 Balance 13600.000000, Withdraw 50.000000 
User 4, Acc 5 Balance 4612.000000, Withdraw 1307.000000 
User 0, Acc 3 Balance 938.000000, Transfer 29.000000 to Acc 7
User 4, Acc 1 Balance 1065.000000, Transfer 89.000000 to Acc 8
User 0, Acc 7 Balance 53028.000000, Transfer 31.000000 to Acc 6
User 0, Acc 7 Balance 52997.000000, Transfer 137.000000 to Acc 5
User 0, Acc 7 Balance 52860.000000, Transfer 3.000000 to Acc 4
User 0, Acc 7 Balance 52857.000000, Transfer 5.000000 to Acc 4
User 0, Acc 4 Balance 3154.000000, Withdraw 1167.000000 
User 0, Acc 5 Balance 3442.000000, Withdraw 1307.000000 
User 0, Acc 1 Balance 976.000000, Transfer 89.000000 to Acc 8
User 0, Acc 1 Balance 887.000000, Transfer 163.000000 to Acc 9
User 0, Acc 1 Balance 724.000000, Withdraw 41.000000 
User 0, Acc 2 Balance 2193.000000, Withdraw 71.000000 
[22;32mUser 0, Acc 3 Balance 909.000000, 				Withdraw 1127.000000 --insufficient funds[0m
User 0, Acc 6 Balance 5919.000000, Withdraw 647.000000 
User 0, Acc 6 Balance 5272.000000, Deposit 1953.000000 
User 0, Acc 7 Balance 52852.000000, Deposit 967.000000 
User 0, Acc 1 Balance 683.000000, Transfer 19.000000 to Acc 7
User 3, Acc 0 Balance 677.000000, Withdraw 50.000000 
User 3, Acc 9 Balance 13713.000000, Deposit 617.000000 
User 3, Acc 9 Balance 14330.000000, Transfer 617.000000 to Acc 9
User 3, Acc 8 Balance 4956.000000, Deposit 619.000000 
User 3, Acc 8 Balance 5575.000000, Transfer 619.000000 to Acc 2
User 3, Acc 7 Balance 53838.000000, Deposit 631.000000 
User 3, Acc 7 Balance 54469.000000, Transfer 631.000000 to Acc 3
User 0, Acc 2 Balance 2122.000000, Transfer 23.000000 to Acc 7
User 3, Acc 6 Balance 7225.000000, Deposit 641.000000 
User 0, Acc 6 Balance 7225.000000, Transfer 1167.000000 to Acc 5
User 3, Acc 6 Balance 7866.000000, Transfer 641.000000 to Acc 4
User 0, Acc 4 Balance 1987.000000, Transfer 53.000000 to Acc 5
User 3, Acc 5 Balance 3302.000000, Deposit 643.000000 
User 0, Acc 7 Balance 53861.000000, Withdraw 1593.000000 
User 1, Acc 2 Balance 2193.000000, Withdraw 150.000000 
User 1, Acc 3 Balance 1540.000000, Deposit 500.000000 
User 1, Acc 2 Balance 2568.000000, Transfer 300.000000 to Acc 1
User 0, Acc 8 Balance 4956.000000, Withdraw 449.000000 
User 1, Acc 3 Balance 2040.000000, Transfer 300.000000 to Acc 1
User 3, Acc 5 Balance 3998.000000, Transfer 1200.000000 to Acc 6
User 4, Acc 1 Balance 976.000000, Transfer 163.000000 to Acc 9
User 3, Acc 4 Balance 2575.000000, Deposit 647.000000 
User 1, Acc 0 Balance 627.000000, Deposit 400.000000 
User 3, Acc 4 Balance 3222.000000, Transfer 1200.000000 to Acc 7
User 1, Acc 3 Balance 1740.000000, Withdraw 200.000000 
Balance in 1: 1101.000000
User 0, Acc 9 Balance 14330.000000, Withdraw 163.000000 
User 4, Acc 1 Balance 1101.000000, Withdraw 41.000000 
User 0, Acc 9 Balance 14330.000000, Deposit 617.000000 
User 4, Acc 2 Balance 2268.000000, Withdraw 71.000000 
User 3, Acc 3 Balance 1540.000000, Deposit 653.000000 
User 2, Acc 0 Balance 677.000000, Deposit 7.000000 
User 3, Acc 3 Balance 2193.000000, Transfer 1200.000000 to Acc 8
User 0, Acc 9 Balance 14947.000000, Transfer 617.000000 to Acc 9
User 4, Acc 3 Balance 1540.000000, Withdraw 1127.000000 
User 0, Acc 8 Balance 5707.000000, Deposit 619.000000 
User 4, Acc 6 Balance 7258.000000, Withdraw 647.000000 
User 3, Acc 2 Balance 2197.000000, Deposit 659.000000 
User 2, Acc 3 Balance 2193.000000, Deposit 29.000000 
User 3, Acc 2 Balance 2856.000000, Transfer 1200.000000 to Acc 9
User 2, Acc 7 Balance 53468.000000, Deposit 9.000000 
User 3, Acc 1 Balance 1060.000000, Deposit 661.000000 
User 1, Acc 9 Balance 14493.000000, Deposit 617.000000 
User 0, Acc 8 Balance 6326.000000, Transfer 619.000000 to Acc 2
User 2, Acc 9 Balance 16147.000000, Deposit 129.000000 
User 4, Acc 6 Balance 6611.000000, Deposit 1953.000000 
User 2, Acc 7 Balance 53477.000000, Transfer 31.000000 to Acc 6
User 1, Acc 9 Balance 16764.000000, Transfer 617.000000 to Acc 9
User 0, Acc 7 Balance 53477.000000, Deposit 631.000000 
User 1, Acc 8 Balance 5707.000000, Deposit 619.000000 
User 4, Acc 7 Balance 53477.000000, Deposit 967.000000 
User 1, Acc 8 Balance 6326.000000, Transfer 619.000000 to Acc 2
User 4, Acc 1 Balance 1721.000000, Transfer 19.000000 to Acc 7
User 1, Acc 7 Balance 55044.000000, Deposit 631.000000 
User 1, Acc 7 Balance 55675.000000, Transfer 631.000000 to Acc 3
User 1, Acc 6 Balance 8595.000000, Deposit 641.000000 
User 0, Acc 7 Balance 54077.000000, Transfer 631.000000 to Acc 3
User 0, Acc 6 Balance 9236.000000, Deposit 641.000000 
User 4, Acc 2 Balance 2894.000000, Transfer 23.000000 to Acc 7
User 4, Acc 6 Balance 9877.000000, Transfer 1167.000000 to Acc 5
User 2, Acc 7 Balance 53446.000000, Transfer 137.000000 to Acc 5
User 1, Acc 6 Balance 9236.000000, Transfer 641.000000 to Acc 4
User 3, Acc 1 Balance 1721.000000, Transfer 1200.000000 to Acc 9
User 0, Acc 6 Balance 9877.000000, Transfer 641.000000 to Acc 4
User 4, Acc 4 Balance 2022.000000, Transfer 53.000000 to Acc 5
User 0, Acc 5 Balance 4102.000000, Deposit 643.000000 
User 1, Acc 5 Balance 4102.000000, Deposit 643.000000 
User 3, Acc 0 Balance 1034.000000, Deposit 673.000000 
User 4, Acc 7 Balance 54318.000000, Withdraw 1593.000000 
User 2, Acc 7 Balance 54318.000000, Transfer 3.000000 to Acc 4
User 4, Acc 8 Balance 5707.000000, Withdraw 449.000000 
User 0, Acc 5 Balance 4798.000000, Transfer 1200.000000 to Acc 6
User 1, Acc 5 Balance 5441.000000, Transfer 1200.000000 to Acc 6
User 3, Acc 0 Balance 1707.000000, Transfer 1200.000000 to Acc 9
User 2, Acc 7 Balance 52722.000000, Transfer 5.000000 to Acc 4
User 3, Acc 1 Balance 502.000000, Withdraw 50.000000 
User 4, Acc 9 Balance 18093.000000, Withdraw 163.000000 
User 0, Acc 4 Balance 3254.000000, Deposit 647.000000 
User 4, Acc 9 Balance 19130.000000, Deposit 617.000000 
User 2, Acc 4 Balance 3259.000000, Withdraw 1167.000000 
User 4, Acc 9 Balance 19747.000000, Transfer 617.000000 to Acc 1
User 1, Acc 4 Balance 3254.000000, Deposit 647.000000 
User 0, Acc 4 Balance 3906.000000, Transfer 1200.000000 to Acc 7
User 1, Acc 4 Balance 3386.000000, Transfer 1200.000000 to Acc 7
User 1, Acc 3 Balance 1157.000000, Deposit 653.000000 
User 2, Acc 5 Balance 3041.000000, Withdraw 1307.000000 
User 1, Acc 3 Balance 1810.000000, Transfer 1200.000000 to Acc 8
User 3, Acc 2 Balance 2871.000000, Withdraw 50.000000 
User 1, Acc 2 Balance 2871.000000, Deposit 659.000000 
User 1, Acc 2 Balance 3530.000000, Transfer 1200.000000 to Acc 9
User 4, Acc 8 Balance 5258.000000, Deposit 619.000000 
User 1, Acc 1 Balance 1069.000000, Deposit 661.000000 
User 4, Acc 8 Balance 7077.000000, Transfer 619.000000 to Acc 2
User 1, Acc 1 Balance 1730.000000, Transfer 1200.000000 to Acc 9
User 4, Acc 7 Balance 55117.000000, Deposit 631.000000 
User 1, Acc 0 Balance 507.000000, Deposit 673.000000 
User 4, Acc 7 Balance 55748.000000, Transfer 631.000000 to Acc 3
User 1, Acc 1 Balance 530.000000, Withdraw 50.000000 
User 2, Acc 1 Balance 1069.000000, Transfer 89.000000 to Acc 8
User 0, Acc 3 Balance 1157.000000, Deposit 653.000000 
User 3, Acc 3 Balance 610.000000, Withdraw 50.000000 
User 0, Acc 3 Balance 1894.000000, Transfer 1200.000000 to Acc 8
User 3, Acc 4 Balance 986.000000, Withdraw 50.000000 
User 2, Acc 1 Balance 391.000000, Transfer 163.000000 to Acc 9
User 4, Acc 6 Balance 9828.000000, Deposit 641.000000 
User 1, Acc 2 Balance 2899.000000, Withdraw 50.000000 
User 4, Acc 6 Balance 10469.000000, Transfer 641.000000 to Acc 4
User 1, Acc 3 Balance 644.000000, Withdraw 50.000000 
User 4, Acc 5 Balance 1734.000000, Deposit 643.000000 
User 1, Acc 4 Balance 1577.000000, Withdraw 50.000000 
User 4, Acc 5 Balance 2377.000000, Transfer 1200.000000 to Acc 6
User 1, Acc 5 Balance 2377.000000, Withdraw 50.000000 
User 1, Acc 6 Balance 9828.000000, Withdraw 50.000000 
User 3, Acc 5 Balance 1734.000000, Withdraw 50.000000 
User 2, Acc 1 Balance 228.000000, Withdraw 41.000000 
User 3, Acc 6 Balance 10978.000000, Withdraw 50.000000 
User 4, Acc 4 Balance 1527.000000, Deposit 647.000000 
User 3, Acc 7 Balance 55117.000000, Withdraw 50.000000 
User 3, Acc 8 Balance 7747.000000, Withdraw 50.000000 
User 3, Acc 9 Balance 21693.000000, Withdraw 50.000000 
User 3, Acc 0 Balance 1180.000000, Withdraw 50.000000 
User 3, Acc 9 Balance 21643.000000, Deposit 617.000000 
User 3, Acc 9 Balance 22260.000000, Transfer 617.000000 to Acc 1
User 2, Acc 2 Balance 2849.000000, Withdraw 71.000000 
[22;32mUser 2, Acc 3 Balance 594.000000, 				Withdraw 1127.000000 --insufficient funds[0m
User 2, Acc 6 Balance 10928.000000, Withdraw 647.000000 
User 2, Acc 6 Balance 10281.000000, Deposit 1953.000000 
User 4, Acc 4 Balance 2174.000000, Transfer 1200.000000 to Acc 7
User 1, Acc 7 Balance 55117.000000, Withdraw 50.000000 
User 3, Acc 8 Balance 7697.000000, Deposit 619.000000 
User 0, Acc 2 Balance 2899.000000, Deposit 659.000000 
User 2, Acc 7 Balance 55067.000000, Deposit 967.000000 
User 0, Acc 2 Balance 3437.000000, Transfer 1200.000000 to Acc 9
User 1, Acc 8 Balance 7697.000000, Withdraw 50.000000 
User 1, Acc 9 Balance 22843.000000, Withdraw 50.000000 
User 4, Acc 3 Balance 594.000000, Deposit 653.000000 
User 1, Acc 0 Balance 1130.000000, Withdraw 50.000000 
User 2, Acc 1 Balance 804.000000, Transfer 19.000000 to Acc 7
User 1, Acc 9 Balance 22793.000000, Deposit 617.000000 
User 4, Acc 3 Balance 1247.000000, Transfer 1200.000000 to Acc 8
User 0, Acc 1 Balance 804.000000, Deposit 661.000000 
User 1, Acc 9 Balance 23410.000000, Transfer 617.000000 to Acc 1
User 0, Acc 1 Balance 1446.000000, Transfer 1200.000000 to Acc 9
User 3, Acc 8 Balance 8316.000000, Transfer 619.000000 to Acc 2
User 3, Acc 7 Balance 57203.000000, Deposit 631.000000 
User 3, Acc 7 Balance 57834.000000, Transfer 631.000000 to Acc 3
User 3, Acc 6 Balance 12234.000000, Deposit 641.000000 
User 3, Acc 6 Balance 12875.000000, Transfer 641.000000 to Acc 4
User 3, Acc 5 Balance 1077.000000, Deposit 643.000000 
User 3, Acc 5 Balance 1720.000000, Transfer 1200.000000 to Acc 6
User 3, Acc 4 Balance 1615.000000, Deposit 647.000000 
User 3, Acc 4 Balance 2262.000000, Transfer 1200.000000 to Acc 7
User 3, Acc 3 Balance 678.000000, Deposit 653.000000 
User 3, Acc 3 Balance 1331.000000, Transfer 1200.000000 to Acc 8
User 3, Acc 2 Balance 2856.000000, Deposit 659.000000 
User 3, Acc 2 Balance 3515.000000, Transfer 1200.000000 to Acc 9
User 3, Acc 1 Balance 863.000000, Deposit 661.000000 
User 3, Acc 1 Balance 1524.000000, Transfer 1200.000000 to Acc 9
User 3, Acc 0 Balance 1080.000000, Deposit 673.000000 
User 3, Acc 0 Balance 1753.000000, Transfer 1200.000000 to Acc 9
User 3, Acc 1 Balance 324.000000, Withdraw 50.000000 
User 3, Acc 2 Balance 2315.000000, Withdraw 50.000000 
User 3, Acc 3 Balance 131.000000, Withdraw 50.000000 
User 3, Acc 4 Balance 1062.000000, Withdraw 50.000000 
User 3, Acc 5 Balance 520.000000, Withdraw 50.000000 
User 3, Acc 6 Balance 13434.000000, Withdraw 50.000000 
User 3, Acc 7 Balance 58403.000000, Withdraw 50.000000 
User 3, Acc 8 Balance 10047.000000, Withdraw 50.000000 
User 3, Acc 9 Balance 27593.000000, Withdraw 50.000000 
User 0, Acc 0 Balance 1080.000000, Deposit 673.000000 
User 3, Acc 0 Balance 553.000000, Withdraw 50.000000 
User 0, Acc 0 Balance 1226.000000, Transfer 1200.000000 to Acc 9
User 3, Acc 0 Balance 1176.000000, Deposit 907.000000 
User 0, Acc 1 Balance 274.000000, Withdraw 50.000000 
User 0, Acc 2 Balance 2265.000000, Withdraw 50.000000 
User 2, Acc 2 Balance 2237.000000, Transfer 23.000000 to Acc 7
User 0, Acc 3 Balance 81.000000, Withdraw 50.000000 
User 1, Acc 8 Balance 9466.000000, Deposit 619.000000 
User 0, Acc 4 Balance 1012.000000, Withdraw 50.000000 
User 0, Acc 5 Balance 470.000000, Withdraw 50.000000 
User 2, Acc 6 Balance 13384.000000, Transfer 1167.000000 to Acc 5
User 0, Acc 6 Balance 13384.000000, Withdraw 50.000000 
User 3, Acc 1 Balance 224.000000, Deposit 911.000000 
User 1, Acc 8 Balance 10616.000000, Transfer 619.000000 to Acc 2
User 3, Acc 2 Balance 2192.000000, Deposit 919.000000 
User 1, Acc 7 Balance 58376.000000, Deposit 631.000000 
User 1, Acc 7 Balance 59007.000000, Transfer 631.000000 to Acc 3
User 1, Acc 6 Balance 12167.000000, Deposit 641.000000 
User 1, Acc 6 Balance 12808.000000, Transfer 641.000000 to Acc 4
User 1, Acc 5 Balance 1587.000000, Deposit 643.000000 
User 1, Acc 5 Balance 2230.000000, Transfer 1200.000000 to Acc 6
User 4, Acc 2 Balance 2237.000000, Deposit 659.000000 
User 1, Acc 4 Balance 1603.000000, Deposit 647.000000 
User 4, Acc 2 Balance 4389.000000, Transfer 1200.000000 to Acc 9
User 1, Acc 4 Balance 2250.000000, Transfer 1200.000000 to Acc 7
User 3, Acc 3 Balance 31.000000, Deposit 929.000000 
User 3, Acc 4 Balance 1050.000000, Deposit 937.000000 
User 3, Acc 5 Balance 1030.000000, Deposit 941.000000 
User 3, Acc 6 Balance 13367.000000, Deposit 953.000000 
User 3, Acc 7 Balance 59576.000000, Deposit 967.000000 
User 3, Acc 1 Balance 1135.000000, Transfer 19.000000 to Acc 7
User 3, Acc 2 Balance 3189.000000, Transfer 23.000000 to Acc 7
User 0, Acc 7 Balance 58376.000000, Withdraw 50.000000 
User 3, Acc 3 Balance 1591.000000, Transfer 29.000000 to Acc 7
User 0, Acc 8 Balance 9997.000000, Withdraw 50.000000 
User 3, Acc 7 Balance 60564.000000, Transfer 31.000000 to Acc 6
User 0, Acc 9 Balance 29943.000000, Withdraw 50.000000 
User 0, Acc 0 Balance 883.000000, Withdraw 50.000000 
User 2, Acc 4 Balance 962.000000, Transfer 53.000000 to Acc 5
User 0, Acc 0 Balance 833.000000, Deposit 400.000000 
User 4, Acc 1 Balance 1135.000000, Deposit 661.000000 
User 3, Acc 7 Balance 60533.000000, Transfer 37.000000 to Acc 5
User 3, Acc 7 Balance 60496.000000, Transfer 3.000000 to Acc 4
User 3, Acc 7 Balance 60493.000000, Transfer 5.000000 to Acc 4
User 3, Acc 6 Balance 14351.000000, Transfer 67.000000 to Acc 5
User 3, Acc 4 Balance 1942.000000, Transfer 53.000000 to Acc 5
User 3, Acc 1 Balance 1777.000000, Transfer 89.000000 to Acc 8
User 3, Acc 1 Balance 1688.000000, Transfer 163.000000 to Acc 9
User 3, Acc 1 Balance 1525.000000, Withdraw 41.000000 
User 3, Acc 2 Balance 3166.000000, Withdraw 71.000000 
User 3, Acc 3 Balance 1562.000000, Withdraw 127.000000 
User 0, Acc 0 Balance 1233.000000, Withdraw 200.000000 
User 4, Acc 1 Balance 1777.000000, Transfer 1200.000000 to Acc 9
User 0, Acc 1 Balance 1484.000000, Deposit 100.000000 
User 4, Acc 0 Balance 1033.000000, Deposit 673.000000 
User 0, Acc 2 Balance 3095.000000, Deposit 900.000000 
User 3, Acc 4 Balance 1889.000000, Withdraw 167.000000 
User 0, Acc 1 Balance 384.000000, Withdraw 50.000000 
User 3, Acc 5 Balance 2181.000000, Withdraw 307.000000 
User 0, Acc 2 Balance 3995.000000, Withdraw 150.000000 
User 2, Acc 7 Balance 60533.000000, Withdraw 1593.000000 
User 1, Acc 3 Balance 662.000000, Deposit 653.000000 
User 4, Acc 0 Balance 1706.000000, Transfer 1200.000000 to Acc 9
User 1, Acc 3 Balance 2088.000000, Transfer 1200.000000 to Acc 8
User 0, Acc 3 Balance 1435.000000, Deposit 500.000000 
User 2, Acc 8 Balance 10036.000000, Withdraw 449.000000 
User 0, Acc 2 Balance 3845.000000, Transfer 300.000000 to Acc 1
User 2, Acc 9 Balance 32456.000000, Withdraw 163.000000 
User 0, Acc 3 Balance 1388.000000, Transfer 300.000000 to Acc 1
User 3, Acc 6 Balance 14284.000000, Withdraw 647.000000 
User 1, Acc 2 Balance 3845.000000, Deposit 659.000000 
User 3, Acc 7 Balance 58895.000000, Withdraw 593.000000 
User 4, Acc 1 Balance 334.000000, Withdraw 50.000000 
User 0, Acc 0 Balance 506.000000, Deposit 400.000000 
User 2, Acc 0 Balance 506.000000, Deposit 400.000000 
User 0, Acc 3 Balance 1088.000000, Withdraw 200.000000 
Balance in 1: 884.000000
User 2, Acc 0 Balance 1306.000000, Withdraw 200.000000 
User 3, Acc 8 Balance 10787.000000, Withdraw 449.000000 
User 4, Acc 2 Balance 4204.000000, Withdraw 50.000000 
User 3, Acc 9 Balance 32293.000000, Withdraw 163.000000 
User 4, Acc 3 Balance 888.000000, Withdraw 50.000000 
User 2, Acc 1 Balance 884.000000, Deposit 100.000000 
User 4, Acc 4 Balance 1722.000000, Withdraw 50.000000 
User 0, Acc 0 Balance 1306.000000, Deposit 400.000000 
User 4, Acc 5 Balance 1874.000000, Withdraw 50.000000 
User 4, Acc 6 Balance 13637.000000, Withdraw 50.000000 
User 0, Acc 0 Balance 1506.000000, Withdraw 200.000000 
User 1, Acc 2 Balance 4204.000000, Transfer 1200.000000 to Acc 9
User 3, Acc 0 Balance 1106.000000, Deposit 907.000000 
User 2, Acc 2 Balance 4154.000000, Deposit 900.000000 
User 3, Acc 1 Balance 984.000000, Deposit 911.000000 
User 2, Acc 1 Balance 984.000000, Withdraw 50.000000 
User 2, Acc 2 Balance 3854.000000, Withdraw 150.000000 
User 2, Acc 3 Balance 838.000000, Deposit 500.000000 
User 3, Acc 2 Balance 3704.000000, Deposit 919.000000 
User 4, Acc 7 Balance 58302.000000, Withdraw 50.000000 
User 0, Acc 1 Balance 984.000000, Deposit 100.000000 
User 0, Acc 2 Balance 4623.000000, Deposit 900.000000 
User 0, Acc 1 Balance 1945.000000, Withdraw 50.000000 
User 3, Acc 3 Balance 1338.000000, Deposit 929.000000 
User 4, Acc 8 Balance 10338.000000, Withdraw 50.000000 
User 3, Acc 4 Balance 1672.000000, Deposit 937.000000 
User 4, Acc 9 Balance 33330.000000, Withdraw 50.000000 
User 0, Acc 2 Balance 5523.000000, Withdraw 150.000000 
User 1, Acc 1 Balance 984.000000, Deposit 661.000000 
User 0, Acc 3 Balance 2267.000000, Deposit 500.000000 
User 3, Acc 5 Balance 1824.000000, Deposit 941.000000 
User 4, Acc 0 Balance 2213.000000, Withdraw 50.000000 
User 3, Acc 6 Balance 13587.000000, Deposit 953.000000 
User 4, Acc 0 Balance 2163.000000, Deposit 907.000000 
User 0, Acc 2 Balance 5373.000000, Transfer 300.000000 to Acc 1
User 2, Acc 2 Balance 3704.000000, Transfer 300.000000 to Acc 1
User 0, Acc 3 Balance 2767.000000, Transfer 300.000000 to Acc 1
User 1, Acc 1 Balance 2556.000000, Transfer 1200.000000 to Acc 9
User 0, Acc 0 Balance 3070.000000, Deposit 400.000000 
User 4, Acc 1 Balance 2556.000000, Deposit 911.000000 
User 4, Acc 2 Balance 4773.000000, Deposit 919.000000 
User 3, Acc 7 Balance 58252.000000, Deposit 967.000000 
User 2, Acc 3 Balance 2767.000000, Transfer 300.000000 to Acc 1
User 3, Acc 1 Balance 3167.000000, Transfer 19.000000 to Acc 7
User 1, Acc 0 Balance 3070.000000, Deposit 673.000000 
User 3, Acc 2 Balance 5692.000000, Transfer 23.000000 to Acc 7
User 1, Acc 0 Balance 4143.000000, Transfer 1200.000000 to Acc 9
User 0, Acc 3 Balance 2467.000000, Withdraw 200.000000 
Balance in 1: 3448.000000
User 0, Acc 0 Balance 2943.000000, Deposit 907.000000 
User 0, Acc 1 Balance 3448.000000, Deposit 911.000000 
User 0, Acc 2 Balance 5669.000000, Deposit 919.000000 
User 0, Acc 3 Balance 1967.000000, Deposit 929.000000 
User 1, Acc 1 Balance 3448.000000, Withdraw 50.000000 
User 0, Acc 4 Balance 2609.000000, Deposit 937.000000 
User 0, Acc 5 Balance 2765.000000, Deposit 941.000000 
User 4, Acc 3 Balance 2467.000000, Deposit 929.000000 
User 3, Acc 3 Balance 2167.000000, Transfer 29.000000 to Acc 7
User 2, Acc 0 Balance 3470.000000, Deposit 400.000000 
User 3, Acc 7 Balance 59290.000000, Transfer 31.000000 to Acc 6
User 1, Acc 2 Balance 6588.000000, Withdraw 50.000000 
User 0, Acc 6 Balance 14540.000000, Deposit 953.000000 
User 4, Acc 4 Balance 3546.000000, Deposit 937.000000 
User 3, Acc 7 Balance 59259.000000, Transfer 37.000000 to Acc 5
User 2, Acc 3 Balance 3796.000000, Withdraw 200.000000 
User 3, Acc 7 Balance 59222.000000, Transfer 3.000000 to Acc 4
User 3, Acc 7 Balance 59219.000000, Transfer 5.000000 to Acc 4
User 0, Acc 7 Balance 59259.000000, Deposit 967.000000 
User 3, Acc 6 Balance 15524.000000, Transfer 67.000000 to Acc 5
User 0, Acc 1 Balance 4309.000000, Transfer 19.000000 to Acc 7
User 1, Acc 3 Balance 3796.000000, Withdraw 50.000000 
Balance in 1: 4309.000000
User 1, Acc 4 Balance 4491.000000, Withdraw 50.000000 
User 1, Acc 5 Balance 3810.000000, Withdraw 50.000000 
User 1, Acc 6 Balance 15457.000000, Withdraw 50.000000 
User 3, Acc 4 Balance 4491.000000, Transfer 53.000000 to Acc 5
User 1, Acc 7 Balance 60200.000000, Withdraw 50.000000 
User 1, Acc 8 Balance 10288.000000, Withdraw 50.000000 
User 4, Acc 5 Balance 3706.000000, Deposit 941.000000 
User 3, Acc 1 Balance 4290.000000, Transfer 89.000000 to Acc 8
User 4, Acc 6 Balance 15407.000000, Deposit 953.000000 
User 4, Acc 7 Balance 60150.000000, Deposit 967.000000 
User 1, Acc 9 Balance 35680.000000, Withdraw 50.000000 
User 4, Acc 1 Balance 4201.000000, Transfer 19.000000 to Acc 7
User 1, Acc 0 Balance 4250.000000, Withdraw 50.000000 
User 3, Acc 1 Balance 4201.000000, Transfer 163.000000 to Acc 9
User 0, Acc 2 Balance 6538.000000, Transfer 23.000000 to Acc 7
User 3, Acc 1 Balance 4019.000000, Withdraw 41.000000 
User 4, Acc 2 Balance 6538.000000, Transfer 23.000000 to Acc 7
User 4, Acc 3 Balance 3546.000000, Transfer 29.000000 to Acc 7
User 3, Acc 2 Balance 6515.000000, Withdraw 71.000000 
User 0, Acc 3 Balance 3546.000000, Transfer 29.000000 to Acc 7
User 0, Acc 7 Balance 61240.000000, Transfer 31.000000 to Acc 6
User 0, Acc 7 Balance 61209.000000, Transfer 37.000000 to Acc 5
User 0, Acc 7 Balance 61172.000000, Transfer 3.000000 to Acc 4
User 0, Acc 7 Balance 61169.000000, Transfer 5.000000 to Acc 4
User 0, Acc 6 Balance 16391.000000, Transfer 67.000000 to Acc 5
User 0, Acc 4 Balance 4396.000000, Transfer 53.000000 to Acc 5
User 0, Acc 1 Balance 3978.000000, Transfer 89.000000 to Acc 8
User 0, Acc 1 Balance 3889.000000, Transfer 163.000000 to Acc 9
User 3, Acc 3 Balance 3517.000000, Withdraw 127.000000 
User 0, Acc 1 Balance 3726.000000, Withdraw 41.000000 
User 0, Acc 2 Balance 6421.000000, Withdraw 71.000000 
User 0, Acc 3 Balance 3361.000000, Withdraw 127.000000 
User 0, Acc 4 Balance 4343.000000, Withdraw 167.000000 
User 0, Acc 5 Balance 4911.000000, Withdraw 307.000000 
User 0, Acc 6 Balance 16324.000000, Withdraw 647.000000 
User 3, Acc 4 Balance 4343.000000, Withdraw 167.000000 
User 3, Acc 5 Balance 4604.000000, Withdraw 307.000000 
User 3, Acc 6 Balance 15677.000000, Withdraw 647.000000 
User 3, Acc 7 Balance 61164.000000, Withdraw 593.000000 
User 0, Acc 7 Balance 61164.000000, Withdraw 593.000000 
User 3, Acc 8 Balance 10416.000000, Withdraw 449.000000 
User 3, Acc 9 Balance 35956.000000, Withdraw 163.000000 
User 4, Acc 7 Balance 61211.000000, Transfer 31.000000 to Acc 6
User 4, Acc 7 Balance 59947.000000, Transfer 37.000000 to Acc 5
User 4, Acc 7 Balance 59910.000000, Transfer 3.000000 to Acc 4
User 4, Acc 7 Balance 59907.000000, Transfer 5.000000 to Acc 4
User 4, Acc 6 Balance 15061.000000, Transfer 67.000000 to Acc 5
User 4, Acc 4 Balance 4017.000000, Transfer 53.000000 to Acc 5
User 4, Acc 1 Balance 3685.000000, Transfer 89.000000 to Acc 8
User 4, Acc 1 Balance 3596.000000, Transfer 163.000000 to Acc 9
User 0, Acc 8 Balance 10416.000000, Withdraw 449.000000 
User 0, Acc 9 Balance 35956.000000, Withdraw 163.000000 
User 4, Acc 1 Balance 3433.000000, Withdraw 41.000000 
User 4, Acc 2 Balance 6350.000000, Withdraw 71.000000 
User 4, Acc 3 Balance 3234.000000, Withdraw 127.000000 
User 4, Acc 4 Balance 3964.000000, Withdraw 167.000000 
User 4, Acc 5 Balance 4454.000000, Withdraw 307.000000 
User 4, Acc 6 Balance 14994.000000, Withdraw 647.000000 
User 4, Acc 7 Balance 59902.000000, Withdraw 593.000000 
User 4, Acc 8 Balance 9607.000000, Withdraw 449.000000 
User 4, Acc 9 Balance 35793.000000, Withdraw 163.000000 
  ***     End of transaction batch    ***  
Account 0 balance after completion of transaction batch: 4200.000000
Account 1 balance after completion of transaction batch: 3392.000000
Account 2 balance after completion of transaction batch: 6279.000000
Account 3 balance after completion of transaction batch: 3107.000000
Account 4 balance after completion of transaction batch: 3797.000000
Account 5 balance after completion of transaction batch: 4147.000000
Account 6 balance after completion of transaction batch: 14347.000000
Account 7 balance after completion of transaction batch: 59309.000000
Account 8 balance after completion of transaction batch: 9158.000000
Account 9 balance after completion of transaction batch: 35630.000000
