# Output generated by:
# ./my_executable 5 data/transactions3.txt data/transactions8.txt data/transactions2.txt data/transactions4.txt data/transactions10.txt

********************************************
   Reading and parsing a transaction file   
********************************************
Parsed transaction: deposit 0 400.000000 
Loaded deposit transaction
Parsed transaction: withdraw 0 200.000000 
Loaded withdrawal transaction
Parsed transaction: deposit 1 100.000000 
Loaded deposit transaction
Parsed transaction: deposit 2 900.000000 
Loaded deposit transaction
Parsed transaction: withdraw 1 50.000000 
Loaded withdrawal transaction
Parsed transaction: withdraw 2 150.000000 
Loaded withdrawal transaction
Parsed transaction: deposit 3 500.000000 
Loaded deposit transaction
Parsed transaction: transfer 2 1 300.000000 
Loaded transfer transaction
Parsed transaction: transfer 3 1 300.000000 
Loaded transfer transaction
Parsed transaction: deposit 0 400.000000 
Loaded deposit transaction
Parsed transaction: withdraw 3 200.000000 
Loaded withdrawal transaction
Parsed transaction: balance 1 
Loaded balance transaction
********************************************
********************************************
   Reading and parsing a transaction file   
********************************************
Parsed transaction: deposit 9 617.000000 
Loaded deposit transaction
Parsed transaction: transfer 9 1 617.000000 
Loaded transfer transaction
Parsed transaction: deposit 8 619.000000 
Loaded deposit transaction
Parsed transaction: transfer 8 2 619.000000 
Loaded transfer transaction
Parsed transaction: deposit 7 631.000000 
Loaded deposit transaction
Parsed transaction: transfer 7 3 631.000000 
Loaded transfer transaction
Parsed transaction: deposit 6 641.000000 
Loaded deposit transaction
Parsed transaction: transfer 6 4 641.000000 
Loaded transfer transaction
Parsed transaction: deposit 5 643.000000 
Loaded deposit transaction
Parsed transaction: transfer 5 6 1200.000000 
Loaded transfer transaction
Parsed transaction: deposit 4 647.000000 
Loaded deposit transaction
Parsed transaction: transfer 4 7 1200.000000 
Loaded transfer transaction
Parsed transaction: deposit 3 653.000000 
Loaded deposit transaction
Parsed transaction: transfer 3 8 1200.000000 
Loaded transfer transaction
Parsed transaction: deposit 2 659.000000 
Loaded deposit transaction
Parsed transaction: transfer 2 9 1200.000000 
Loaded transfer transaction
Parsed transaction: deposit 1 661.000000 
Loaded deposit transaction
Parsed transaction: transfer 1 9 1200.000000 
Loaded transfer transaction
Parsed transaction: deposit 0 673.000000 
Loaded deposit transaction
Parsed transaction: transfer 0 9 1200.000000 
Loaded transfer transaction
********************************************
********************************************
   Reading and parsing a transaction file   
********************************************
Parsed transaction: deposit 0 400.000000 
Loaded deposit transaction
Parsed transaction: withdraw 0 200.000000 
Loaded withdrawal transaction
Parsed transaction: deposit 0 100.000000 
Loaded deposit transaction
Parsed transaction: withdraw 0 50.000000 
Loaded withdrawal transaction
Parsed transaction: withdraw 0 150.000000 
Loaded withdrawal transaction
Parsed transaction: deposit 0 300.000000 
Loaded deposit transaction
Parsed transaction: transfer 0 1 300.000000 
Loaded transfer transaction
Parsed transaction: balance 1 
Loaded balance transaction
********************************************
********************************************
   Reading and parsing a transaction file   
********************************************
Parsed transaction: deposit 0 907.000000 
Loaded deposit transaction
Parsed transaction: deposit 1 911.000000 
Loaded deposit transaction
Parsed transaction: deposit 2 919.000000 
Loaded deposit transaction
Parsed transaction: deposit 3 929.000000 
Loaded deposit transaction
Parsed transaction: deposit 4 937.000000 
Loaded deposit transaction
Parsed transaction: deposit 5 941.000000 
Loaded deposit transaction
Parsed transaction: deposit 6 953.000000 
Loaded deposit transaction
Parsed transaction: deposit 7 967.000000 
Loaded deposit transaction
Parsed transaction: transfer 1 7 19.000000 
Loaded transfer transaction
Parsed transaction: transfer 2 7 23.000000 
Loaded transfer transaction
Parsed transaction: transfer 3 7 29.000000 
Loaded transfer transaction
Parsed transaction: transfer 7 6 31.000000 
Loaded transfer transaction
Parsed transaction: transfer 7 5 37.000000 
Loaded transfer transaction
Parsed transaction: transfer 7 4 3.000000 
Loaded transfer transaction
Parsed transaction: transfer 7 4 5.000000 
Loaded transfer transaction
Parsed transaction: transfer 6 5 67.000000 
Loaded transfer transaction
Parsed transaction: transfer 4 5 53.000000 
Loaded transfer transaction
Parsed transaction: transfer 1 8 89.000000 
Loaded transfer transaction
Parsed transaction: transfer 1 9 163.000000 
Loaded transfer transaction
Parsed transaction: withdraw 1 41.000000 
Loaded withdrawal transaction
Parsed transaction: withdraw 2 71.000000 
Loaded withdrawal transaction
Parsed transaction: withdraw 3 127.000000 
Loaded withdrawal transaction
Parsed transaction: withdraw 4 167.000000 
Loaded withdrawal transaction
Parsed transaction: withdraw 5 307.000000 
Loaded withdrawal transaction
Parsed transaction: withdraw 6 647.000000 
Loaded withdrawal transaction
Parsed transaction: withdraw 7 593.000000 
Loaded withdrawal transaction
Parsed transaction: withdraw 8 449.000000 
Loaded withdrawal transaction
Parsed transaction: withdraw 9 163.000000 
Loaded withdrawal transaction
********************************************
********************************************
   Reading and parsing a transaction file   
********************************************
Parsed transaction: withdraw 1 500.000000 
Loaded withdrawal transaction
Parsed transaction: withdraw 2 500.000000 
Loaded withdrawal transaction
Parsed transaction: withdraw 3 500.000000 
Loaded withdrawal transaction
Parsed transaction: withdraw 4 500.000000 
Loaded withdrawal transaction
Parsed transaction: withdraw 5 500.000000 
Loaded withdrawal transaction
Parsed transaction: withdraw 6 500.000000 
Loaded withdrawal transaction
Parsed transaction: withdraw 7 500.000000 
Loaded withdrawal transaction
Parsed transaction: withdraw 8 500.000000 
Loaded withdrawal transaction
Parsed transaction: withdraw 9 500.000000 
Loaded withdrawal transaction
Parsed transaction: withdraw 0 500.000000 
Loaded withdrawal transaction
Parsed transaction: withdraw 1 500.000000 
Loaded withdrawal transaction
Parsed transaction: withdraw 2 500.000000 
Loaded withdrawal transaction
Parsed transaction: withdraw 3 500.000000 
Loaded withdrawal transaction
Parsed transaction: withdraw 4 500.000000 
Loaded withdrawal transaction
Parsed transaction: withdraw 5 500.000000 
Loaded withdrawal transaction
Parsed transaction: withdraw 6 500.000000 
Loaded withdrawal transaction
Parsed transaction: withdraw 7 500.000000 
Loaded withdrawal transaction
Parsed transaction: withdraw 8 500.000000 
Loaded withdrawal transaction
Parsed transaction: withdraw 9 500.000000 
Loaded withdrawal transaction
Parsed transaction: withdraw 0 500.000000 
Loaded withdrawal transaction
Parsed transaction: withdraw 1 500.000000 
Loaded withdrawal transaction
Parsed transaction: withdraw 2 500.000000 
Loaded withdrawal transaction
Parsed transaction: withdraw 3 500.000000 
Loaded withdrawal transaction
Parsed transaction: withdraw 4 500.000000 
Loaded withdrawal transaction
Parsed transaction: withdraw 5 500.000000 
Loaded withdrawal transaction
Parsed transaction: withdraw 6 500.000000 
Loaded withdrawal transaction
Parsed transaction: withdraw 7 500.000000 
Loaded withdrawal transaction
Parsed transaction: withdraw 8 500.000000 
Loaded withdrawal transaction
Parsed transaction: withdraw 9 500.000000 
Loaded withdrawal transaction
Parsed transaction: withdraw 0 500.000000 
Loaded withdrawal transaction
********************************************
  ***    Start of transaction batch    ***  
User 0, Acc 0 Balance 0.000000, Deposit 400.000000 
User 0, Acc 0 Balance 400.000000, Withdraw 200.000000 
User 0, Acc 1 Balance 0.000000, Deposit 100.000000 
User 0, Acc 2 Balance 0.000000, Deposit 900.000000 
User 0, Acc 1 Balance 100.000000, Withdraw 50.000000 
User 0, Acc 2 Balance 900.000000, Withdraw 150.000000 
User 0, Acc 3 Balance 0.000000, Deposit 500.000000 
User 0, Acc 2 Balance 750.000000, Transfer 300.000000 to Acc 1
User 0, Acc 3 Balance 500.000000, Transfer 300.000000 to Acc 1
User 0, Acc 0 Balance 200.000000, Deposit 400.000000 
User 0, Acc 3 Balance 200.000000, Withdraw 200.000000 
Balance in 1: 650.000000
User 0, Acc 9 Balance 0.000000, Deposit 617.000000 
User 0, Acc 9 Balance 617.000000, Transfer 617.000000 to Acc 1
User 0, Acc 8 Balance 0.000000, Deposit 619.000000 
User 0, Acc 8 Balance 619.000000, Transfer 619.000000 to Acc 2
User 0, Acc 7 Balance 0.000000, Deposit 631.000000 
User 0, Acc 7 Balance 631.000000, Transfer 631.000000 to Acc 3
User 0, Acc 6 Balance 0.000000, Deposit 641.000000 
User 0, Acc 6 Balance 641.000000, Transfer 641.000000 to Acc 4
User 0, Acc 5 Balance 0.000000, Deposit 643.000000 
User 0, Acc 4 Balance 641.000000, Deposit 647.000000 
User 0, Acc 4 Balance 1288.000000, Transfer 1200.000000 to Acc 7
User 0, Acc 3 Balance 631.000000, Deposit 653.000000 
User 0, Acc 3 Balance 1284.000000, Transfer 1200.000000 to Acc 8
User 4, Acc 0 Balance 600.000000, Deposit 400.000000 
User 3, Acc 0 Balance 600.000000, Deposit 907.000000 
User 2, Acc 1 Balance 1267.000000, Withdraw 500.000000 
User 2, Acc 2 Balance 1069.000000, Withdraw 500.000000 
[22;32mUser 2, Acc 3 Balance 84.000000, 				Withdraw 500.000000 --insufficient funds[0m
[22;32mUser 2, Acc 4 Balance 88.000000, 				Withdraw 500.000000 --insufficient funds[0m
User 2, Acc 5 Balance 643.000000, Withdraw 500.000000 
[22;32mUser 2, Acc 6 Balance 0.000000, 				Withdraw 500.000000 --insufficient funds[0m
User 2, Acc 7 Balance 1200.000000, Withdraw 500.000000 
User 2, Acc 8 Balance 1200.000000, Withdraw 500.000000 
User 0, Acc 2 Balance 1069.000000, Deposit 659.000000 
[22;32mUser 2, Acc 9 Balance 0.000000, 				Withdraw 500.000000 --insufficient funds[0m
User 1, Acc 0 Balance 600.000000, Deposit 400.000000 
User 3, Acc 1 Balance 1267.000000, Deposit 911.000000 
User 1, Acc 0 Balance 2307.000000, Withdraw 200.000000 
User 0, Acc 2 Balance 1228.000000, Transfer 1200.000000 to Acc 9
User 1, Acc 0 Balance 2107.000000, Deposit 100.000000 
User 2, Acc 0 Balance 1907.000000, Withdraw 500.000000 
User 1, Acc 0 Balance 2207.000000, Withdraw 50.000000 
User 2, Acc 1 Balance 1678.000000, Withdraw 500.000000 
User 1, Acc 0 Balance 1657.000000, Withdraw 150.000000 
User 4, Acc 0 Balance 1000.000000, Withdraw 200.000000 
User 1, Acc 0 Balance 1507.000000, Deposit 300.000000 
User 4, Acc 1 Balance 1178.000000, Deposit 100.000000 
User 4, Acc 2 Balance 28.000000, Deposit 900.000000 
[22;32mUser 2, Acc 2 Balance 28.000000, 				Withdraw 500.000000 --insufficient funds[0m
User 0, Acc 1 Balance 1678.000000, Deposit 661.000000 
[22;32mUser 2, Acc 3 Balance 84.000000, 				Withdraw 500.000000 --insufficient funds[0m
User 3, Acc 2 Balance 1228.000000, Deposit 919.000000 
[22;32mUser 2, Acc 4 Balance 88.000000, 				Withdraw 500.000000 --insufficient funds[0m
User 3, Acc 3 Balance 84.000000, Deposit 929.000000 
User 1, Acc 0 Balance 1607.000000, Transfer 300.000000 to Acc 1
User 3, Acc 4 Balance 88.000000, Deposit 937.000000 
Balance in 1: 2239.000000
User 1, Acc 9 Balance 1200.000000, Deposit 617.000000 
User 3, Acc 5 Balance 143.000000, Deposit 941.000000 
[22;32mUser 2, Acc 5 Balance 143.000000, 				Withdraw 500.000000 --insufficient funds[0m
User 0, Acc 1 Balance 1939.000000, Transfer 1200.000000 to Acc 9
User 1, Acc 9 Balance 1817.000000, Transfer 617.000000 to Acc 1
User 0, Acc 0 Balance 1307.000000, Deposit 673.000000 
User 4, Acc 1 Balance 1278.000000, Withdraw 50.000000 
User 0, Acc 0 Balance 1980.000000, Transfer 1200.000000 to Acc 9
[22;32mUser 2, Acc 6 Balance 0.000000, 				Withdraw 500.000000 --insufficient funds[0m
User 0, Acc 0 Balance 780.000000, Deposit 400.000000 
User 2, Acc 7 Balance 700.000000, Withdraw 500.000000 
User 0, Acc 0 Balance 1180.000000, Withdraw 200.000000 
User 1, Acc 8 Balance 700.000000, Deposit 619.000000 
User 0, Acc 1 Balance 1606.000000, Deposit 100.000000 
User 0, Acc 2 Balance 1847.000000, Deposit 900.000000 
User 3, Acc 6 Balance 0.000000, Deposit 953.000000 
User 0, Acc 1 Balance 1706.000000, Withdraw 50.000000 
User 1, Acc 8 Balance 1319.000000, Transfer 619.000000 to Acc 2
User 4, Acc 2 Balance 1847.000000, Withdraw 150.000000 
User 4, Acc 3 Balance 1013.000000, Deposit 500.000000 
User 3, Acc 7 Balance 200.000000, Deposit 967.000000 
User 1, Acc 7 Balance 200.000000, Deposit 631.000000 
User 3, Acc 1 Balance 1656.000000, Transfer 19.000000 to Acc 7
User 2, Acc 8 Balance 700.000000, Withdraw 500.000000 
User 0, Acc 2 Balance 2747.000000, Withdraw 150.000000 
User 2, Acc 9 Balance 3600.000000, Withdraw 500.000000 
User 0, Acc 3 Balance 1513.000000, Deposit 500.000000 
User 4, Acc 2 Balance 3216.000000, Transfer 300.000000 to Acc 1
User 3, Acc 2 Balance 3216.000000, Transfer 23.000000 to Acc 7
User 3, Acc 3 Balance 2013.000000, Transfer 29.000000 to Acc 7
User 3, Acc 7 Balance 1869.000000, Transfer 31.000000 to Acc 6
User 3, Acc 7 Balance 1838.000000, Transfer 37.000000 to Acc 5
User 3, Acc 7 Balance 1801.000000, Transfer 3.000000 to Acc 4
User 3, Acc 7 Balance 1798.000000, Transfer 5.000000 to Acc 4
User 3, Acc 6 Balance 984.000000, Transfer 67.000000 to Acc 5
User 0, Acc 2 Balance 3066.000000, Transfer 300.000000 to Acc 1
User 0, Acc 3 Balance 1984.000000, Transfer 300.000000 to Acc 1
User 0, Acc 0 Balance 980.000000, Deposit 400.000000 
User 2, Acc 0 Balance 980.000000, Withdraw 500.000000 
User 4, Acc 3 Balance 2013.000000, Transfer 300.000000 to Acc 1
User 2, Acc 1 Balance 2537.000000, Withdraw 500.000000 
User 3, Acc 4 Balance 1033.000000, Transfer 53.000000 to Acc 5
User 2, Acc 2 Balance 2443.000000, Withdraw 500.000000 
User 2, Acc 3 Balance 1384.000000, Withdraw 500.000000 
User 4, Acc 0 Balance 880.000000, Deposit 400.000000 
User 2, Acc 4 Balance 980.000000, Withdraw 500.000000 
User 3, Acc 1 Balance 2337.000000, Transfer 89.000000 to Acc 8
User 2, Acc 5 Balance 1241.000000, Withdraw 500.000000 
User 3, Acc 1 Balance 2248.000000, Transfer 163.000000 to Acc 9
User 1, Acc 7 Balance 1798.000000, Transfer 631.000000 to Acc 3
User 0, Acc 3 Balance 1684.000000, Withdraw 200.000000 
User 4, Acc 3 Balance 884.000000, Withdraw 200.000000 
Balance in 1: 2085.000000
User 0, Acc 0 Balance 1280.000000, Deposit 400.000000 
User 3, Acc 1 Balance 2085.000000, Withdraw 41.000000 
User 1, Acc 6 Balance 917.000000, Deposit 641.000000 
User 3, Acc 2 Balance 1943.000000, Withdraw 71.000000 
User 1, Acc 6 Balance 1558.000000, Transfer 641.000000 to Acc 4
User 1, Acc 5 Balance 741.000000, Deposit 643.000000 
User 0, Acc 0 Balance 1680.000000, Withdraw 200.000000 
Balance in 1: 2085.000000
User 0, Acc 1 Balance 2044.000000, Deposit 100.000000 
User 4, Acc 0 Balance 1480.000000, Deposit 400.000000 
User 0, Acc 2 Balance 1872.000000, Deposit 900.000000 
User 3, Acc 3 Balance 1115.000000, Withdraw 127.000000 
User 0, Acc 1 Balance 2144.000000, Withdraw 50.000000 
User 2, Acc 6 Balance 917.000000, Withdraw 500.000000 
User 1, Acc 5 Balance 1384.000000, Transfer 1200.000000 to Acc 6
User 2, Acc 7 Balance 1162.000000, Withdraw 500.000000 
User 4, Acc 0 Balance 1880.000000, Withdraw 200.000000 
[22;32mUser 2, Acc 8 Balance 289.000000, 				Withdraw 500.000000 --insufficient funds[0m
User 4, Acc 0 Balance 1680.000000, Deposit 100.000000 
User 2, Acc 9 Balance 3263.000000, Withdraw 500.000000 
User 3, Acc 4 Balance 1121.000000, Withdraw 167.000000 
User 1, Acc 4 Balance 1121.000000, Deposit 647.000000 
[22;32mUser 3, Acc 5 Balance 184.000000, 				Withdraw 307.000000 --insufficient funds[0m
User 1, Acc 4 Balance 1601.000000, Transfer 1200.000000 to Acc 7
User 0, Acc 2 Balance 2772.000000, Withdraw 150.000000 
User 4, Acc 0 Balance 1780.000000, Withdraw 50.000000 
User 0, Acc 3 Balance 988.000000, Deposit 500.000000 
User 1, Acc 3 Balance 988.000000, Deposit 653.000000 
User 0, Acc 2 Balance 2622.000000, Transfer 300.000000 to Acc 1
User 2, Acc 0 Balance 1780.000000, Withdraw 500.000000 
User 3, Acc 6 Balance 1617.000000, Withdraw 647.000000 
User 2, Acc 0 Balance 1230.000000, Deposit 907.000000 
User 2, Acc 1 Balance 2394.000000, Deposit 911.000000 
User 2, Acc 2 Balance 2322.000000, Deposit 919.000000 
User 2, Acc 3 Balance 2141.000000, Deposit 929.000000 
User 3, Acc 7 Balance 1862.000000, Withdraw 593.000000 
User 2, Acc 4 Balance 401.000000, Deposit 937.000000 
User 4, Acc 0 Balance 1730.000000, Withdraw 150.000000 
User 2, Acc 5 Balance 184.000000, Deposit 941.000000 
[22;32mUser 3, Acc 8 Balance 289.000000, 				Withdraw 449.000000 --insufficient funds[0m
User 0, Acc 3 Balance 2141.000000, Transfer 300.000000 to Acc 1
User 4, Acc 0 Balance 1987.000000, Deposit 300.000000 
User 0, Acc 0 Balance 1987.000000, Deposit 400.000000 
User 4, Acc 0 Balance 2287.000000, Transfer 300.000000 to Acc 1
User 0, Acc 3 Balance 2770.000000, Withdraw 200.000000 
User 3, Acc 9 Balance 2763.000000, Withdraw 163.000000 
Balance in 1: 3905.000000
User 0, Acc 9 Balance 2763.000000, Deposit 617.000000 
User 3, Acc 9 Balance 2600.000000, Deposit 617.000000 
User 0, Acc 9 Balance 3217.000000, Transfer 617.000000 to Acc 1
User 3, Acc 9 Balance 3834.000000, Transfer 617.000000 to Acc 1
User 3, Acc 8 Balance 289.000000, Deposit 619.000000 
User 1, Acc 3 Balance 2141.000000, Transfer 1200.000000 to Acc 8
User 3, Acc 8 Balance 908.000000, Transfer 619.000000 to Acc 2
User 3, Acc 7 Balance 1269.000000, Deposit 631.000000 
User 2, Acc 6 Balance 970.000000, Deposit 953.000000 
Balance in 1: 3905.000000
User 2, Acc 7 Balance 1900.000000, Deposit 967.000000 
User 1, Acc 2 Balance 3860.000000, Deposit 659.000000 
User 0, Acc 8 Balance 289.000000, Deposit 619.000000 
User 0, Acc 8 Balance 2108.000000, Transfer 619.000000 to Acc 2
User 0, Acc 7 Balance 2867.000000, Deposit 631.000000 
User 0, Acc 7 Balance 3498.000000, Transfer 631.000000 to Acc 3
User 0, Acc 6 Balance 1923.000000, Deposit 641.000000 
User 0, Acc 6 Balance 2564.000000, Transfer 641.000000 to Acc 4
User 0, Acc 5 Balance 1125.000000, Deposit 643.000000 
User 0, Acc 5 Balance 1768.000000, Transfer 1200.000000 to Acc 6
User 4, Acc 0 Balance 2387.000000, Deposit 400.000000 
User 0, Acc 4 Balance 1979.000000, Deposit 647.000000 
User 2, Acc 1 Balance 5139.000000, Transfer 19.000000 to Acc 7
User 1, Acc 2 Balance 4519.000000, Transfer 1200.000000 to Acc 9
User 2, Acc 2 Balance 5138.000000, Transfer 23.000000 to Acc 7
User 2, Acc 3 Balance 2001.000000, Transfer 29.000000 to Acc 7
User 0, Acc 4 Balance 2626.000000, Transfer 1200.000000 to Acc 7
User 2, Acc 7 Balance 2938.000000, Transfer 31.000000 to Acc 6
User 4, Acc 0 Balance 2787.000000, Withdraw 200.000000 
User 3, Acc 7 Balance 1900.000000, Transfer 631.000000 to Acc 3
User 4, Acc 1 Balance 5120.000000, Deposit 100.000000 
User 3, Acc 6 Balance 3154.000000, Deposit 641.000000 
User 3, Acc 6 Balance 3795.000000, Transfer 641.000000 to Acc 4
User 0, Acc 3 Balance 1972.000000, Deposit 653.000000 
User 1, Acc 1 Balance 5120.000000, Deposit 661.000000 
User 0, Acc 3 Balance 3256.000000, Transfer 1200.000000 to Acc 8
User 3, Acc 5 Balance 568.000000, Deposit 643.000000 
User 0, Acc 2 Balance 3915.000000, Deposit 659.000000 
User 3, Acc 5 Balance 1211.000000, Transfer 1200.000000 to Acc 6
User 4, Acc 2 Balance 3915.000000, Deposit 900.000000 
User 1, Acc 1 Balance 5881.000000, Transfer 1200.000000 to Acc 9
User 4, Acc 1 Balance 5881.000000, Withdraw 50.000000 
User 0, Acc 2 Balance 4574.000000, Transfer 1200.000000 to Acc 9
User 4, Acc 2 Balance 5474.000000, Withdraw 150.000000 
User 0, Acc 1 Balance 4631.000000, Deposit 661.000000 
User 4, Acc 3 Balance 2056.000000, Deposit 500.000000 
User 0, Acc 1 Balance 5292.000000, Transfer 1200.000000 to Acc 9
User 4, Acc 2 Balance 4124.000000, Transfer 300.000000 to Acc 1
User 0, Acc 0 Balance 2587.000000, Deposit 673.000000 
User 2, Acc 7 Balance 4107.000000, Transfer 37.000000 to Acc 5
User 1, Acc 0 Balance 2587.000000, Deposit 673.000000 
User 2, Acc 7 Balance 3439.000000, Transfer 3.000000 to Acc 4
User 2, Acc 7 Balance 3436.000000, Transfer 5.000000 to Acc 4
User 2, Acc 6 Balance 4354.000000, Transfer 67.000000 to Acc 5
User 2, Acc 4 Balance 2075.000000, Transfer 53.000000 to Acc 5
User 2, Acc 1 Balance 4392.000000, Transfer 89.000000 to Acc 8
User 2, Acc 1 Balance 4303.000000, Transfer 163.000000 to Acc 9
User 2, Acc 1 Balance 4140.000000, Withdraw 41.000000 
User 2, Acc 2 Balance 3824.000000, Withdraw 71.000000 
User 2, Acc 3 Balance 2556.000000, Withdraw 127.000000 
User 2, Acc 4 Balance 2022.000000, Withdraw 167.000000 
[22;32mUser 2, Acc 5 Balance 168.000000, 				Withdraw 307.000000 --insufficient funds[0m
User 2, Acc 6 Balance 4287.000000, Withdraw 647.000000 
User 2, Acc 7 Balance 3431.000000, Withdraw 593.000000 
User 2, Acc 8 Balance 2778.000000, Withdraw 449.000000 
User 2, Acc 9 Balance 7563.000000, Withdraw 163.000000 
User 2, Acc 0 Balance 3933.000000, Deposit 400.000000 
User 2, Acc 0 Balance 4333.000000, Withdraw 200.000000 
User 2, Acc 0 Balance 4133.000000, Deposit 100.000000 
User 2, Acc 0 Balance 4233.000000, Withdraw 50.000000 
User 2, Acc 0 Balance 4183.000000, Withdraw 150.000000 
User 2, Acc 0 Balance 4033.000000, Deposit 300.000000 
User 2, Acc 0 Balance 4333.000000, Transfer 300.000000 to Acc 1
Balance in 1: 4399.000000
User 1, Acc 0 Balance 3933.000000, Transfer 1200.000000 to Acc 9
User 2, Acc 0 Balance 4033.000000, Deposit 400.000000 
User 3, Acc 4 Balance 2067.000000, Deposit 647.000000 
User 2, Acc 0 Balance 3233.000000, Withdraw 200.000000 
User 4, Acc 3 Balance 2556.000000, Transfer 300.000000 to Acc 1
User 1, Acc 9 Balance 8600.000000, Deposit 617.000000 
User 4, Acc 0 Balance 3033.000000, Deposit 400.000000 
User 4, Acc 3 Balance 2129.000000, Withdraw 200.000000 
User 0, Acc 0 Balance 3260.000000, Transfer 1200.000000 to Acc 9
User 2, Acc 0 Balance 3033.000000, Deposit 100.000000 
User 2, Acc 0 Balance 2333.000000, Withdraw 50.000000 
User 2, Acc 0 Balance 2283.000000, Withdraw 150.000000 
User 2, Acc 0 Balance 2133.000000, Deposit 300.000000 
User 2, Acc 0 Balance 2433.000000, Transfer 300.000000 to Acc 1
Balance in 1: 4999.000000
User 1, Acc 9 Balance 9217.000000, Transfer 617.000000 to Acc 1
User 2, Acc 0 Balance 2133.000000, Deposit 907.000000 
User 0, Acc 1 Balance 4699.000000, Withdraw 500.000000 
User 2, Acc 1 Balance 5616.000000, Deposit 911.000000 
User 1, Acc 8 Balance 2329.000000, Deposit 619.000000 
User 2, Acc 2 Balance 3753.000000, Deposit 919.000000 
User 3, Acc 4 Balance 2502.000000, Transfer 1200.000000 to Acc 7
User 2, Acc 3 Balance 1929.000000, Deposit 929.000000 
User 0, Acc 2 Balance 3753.000000, Withdraw 500.000000 
User 2, Acc 4 Balance 1302.000000, Deposit 937.000000 
User 0, Acc 3 Balance 2858.000000, Withdraw 500.000000 
User 3, Acc 3 Balance 1929.000000, Deposit 653.000000 
Balance in 1: 4699.000000
User 2, Acc 5 Balance 168.000000, Deposit 941.000000 
User 2, Acc 6 Balance 3640.000000, Deposit 953.000000 
User 2, Acc 7 Balance 4038.000000, Deposit 967.000000 
User 2, Acc 1 Balance 6027.000000, Transfer 19.000000 to Acc 7
User 2, Acc 2 Balance 4172.000000, Transfer 23.000000 to Acc 7
User 2, Acc 3 Balance 3011.000000, Transfer 29.000000 to Acc 7
User 2, Acc 7 Balance 5076.000000, Transfer 31.000000 to Acc 6
User 2, Acc 7 Balance 5045.000000, Transfer 37.000000 to Acc 5
User 2, Acc 7 Balance 5008.000000, Transfer 3.000000 to Acc 4
User 2, Acc 7 Balance 5005.000000, Transfer 5.000000 to Acc 4
User 2, Acc 6 Balance 4624.000000, Transfer 67.000000 to Acc 5
User 2, Acc 4 Balance 2247.000000, Transfer 53.000000 to Acc 5
User 2, Acc 1 Balance 6008.000000, Transfer 89.000000 to Acc 8
User 2, Acc 1 Balance 5919.000000, Transfer 163.000000 to Acc 9
User 2, Acc 1 Balance 5756.000000, Withdraw 41.000000 
User 2, Acc 2 Balance 4149.000000, Withdraw 71.000000 
User 2, Acc 3 Balance 2982.000000, Withdraw 127.000000 
User 2, Acc 4 Balance 2194.000000, Withdraw 167.000000 
User 2, Acc 5 Balance 1266.000000, Withdraw 307.000000 
User 2, Acc 6 Balance 4557.000000, Withdraw 647.000000 
User 2, Acc 7 Balance 5000.000000, Withdraw 593.000000 
User 2, Acc 8 Balance 3037.000000, Withdraw 449.000000 
User 2, Acc 9 Balance 9963.000000, Withdraw 163.000000 
User 1, Acc 8 Balance 2948.000000, Transfer 619.000000 to Acc 2
User 2, Acc 0 Balance 3040.000000, Deposit 400.000000 
User 2, Acc 0 Balance 3440.000000, Withdraw 200.000000 
User 2, Acc 0 Balance 3240.000000, Deposit 100.000000 
User 2, Acc 0 Balance 3340.000000, Withdraw 50.000000 
User 2, Acc 0 Balance 3290.000000, Withdraw 150.000000 
User 2, Acc 0 Balance 3140.000000, Deposit 300.000000 
User 2, Acc 0 Balance 3440.000000, Transfer 300.000000 to Acc 1
Balance in 1: 6015.000000
User 1, Acc 7 Balance 4407.000000, Deposit 631.000000 
User 1, Acc 7 Balance 5038.000000, Transfer 631.000000 to Acc 3
User 0, Acc 4 Balance 2239.000000, Withdraw 500.000000 
User 0, Acc 5 Balance 959.000000, Withdraw 500.000000 
User 0, Acc 6 Balance 3910.000000, Withdraw 500.000000 
User 0, Acc 7 Balance 4407.000000, Withdraw 500.000000 
User 4, Acc 0 Balance 3040.000000, Deposit 907.000000 
User 0, Acc 8 Balance 1969.000000, Withdraw 500.000000 
User 4, Acc 1 Balance 6015.000000, Deposit 911.000000 
User 0, Acc 9 Balance 9800.000000, Withdraw 500.000000 
User 4, Acc 2 Balance 4697.000000, Deposit 919.000000 
User 0, Acc 0 Balance 4047.000000, Withdraw 500.000000 
User 4, Acc 3 Balance 3486.000000, Deposit 929.000000 
User 2, Acc 0 Balance 3140.000000, Deposit 907.000000 
User 2, Acc 1 Balance 6926.000000, Deposit 911.000000 
User 2, Acc 2 Balance 5616.000000, Deposit 919.000000 
User 2, Acc 3 Balance 4415.000000, Deposit 929.000000 
User 2, Acc 4 Balance 1527.000000, Deposit 937.000000 
User 2, Acc 5 Balance 459.000000, Deposit 941.000000 
User 2, Acc 6 Balance 3410.000000, Deposit 953.000000 
User 2, Acc 7 Balance 3907.000000, Deposit 967.000000 
User 2, Acc 1 Balance 7837.000000, Transfer 19.000000 to Acc 7
User 2, Acc 2 Balance 6535.000000, Transfer 23.000000 to Acc 7
User 2, Acc 3 Balance 5344.000000, Transfer 29.000000 to Acc 7
User 2, Acc 7 Balance 4945.000000, Transfer 31.000000 to Acc 6
User 2, Acc 7 Balance 4914.000000, Transfer 37.000000 to Acc 5
User 2, Acc 7 Balance 4877.000000, Transfer 3.000000 to Acc 4
User 2, Acc 7 Balance 4874.000000, Transfer 5.000000 to Acc 4
User 2, Acc 6 Balance 4394.000000, Transfer 67.000000 to Acc 5
User 2, Acc 4 Balance 2472.000000, Transfer 53.000000 to Acc 5
User 2, Acc 1 Balance 7818.000000, Transfer 89.000000 to Acc 8
User 2, Acc 1 Balance 7729.000000, Transfer 163.000000 to Acc 9
User 2, Acc 1 Balance 7566.000000, Withdraw 41.000000 
User 2, Acc 2 Balance 6512.000000, Withdraw 71.000000 
User 2, Acc 3 Balance 5315.000000, Withdraw 127.000000 
User 2, Acc 4 Balance 2419.000000, Withdraw 167.000000 
User 2, Acc 5 Balance 1557.000000, Withdraw 307.000000 
User 2, Acc 6 Balance 4327.000000, Withdraw 647.000000 
User 2, Acc 7 Balance 4869.000000, Withdraw 593.000000 
User 2, Acc 8 Balance 1558.000000, Withdraw 449.000000 
User 2, Acc 9 Balance 9463.000000, Withdraw 163.000000 
User 2, Acc 1 Balance 7525.000000, Withdraw 500.000000 
User 2, Acc 2 Balance 6441.000000, Withdraw 500.000000 
User 2, Acc 3 Balance 5188.000000, Withdraw 500.000000 
User 2, Acc 4 Balance 2252.000000, Withdraw 500.000000 
User 2, Acc 5 Balance 1250.000000, Withdraw 500.000000 
User 2, Acc 6 Balance 3680.000000, Withdraw 500.000000 
User 2, Acc 7 Balance 4276.000000, Withdraw 500.000000 
User 2, Acc 8 Balance 1109.000000, Withdraw 500.000000 
User 2, Acc 9 Balance 9300.000000, Withdraw 500.000000 
User 2, Acc 0 Balance 4454.000000, Withdraw 500.000000 
User 2, Acc 1 Balance 7025.000000, Withdraw 500.000000 
User 2, Acc 2 Balance 5941.000000, Withdraw 500.000000 
User 2, Acc 3 Balance 4688.000000, Withdraw 500.000000 
User 2, Acc 4 Balance 1752.000000, Withdraw 500.000000 
User 2, Acc 5 Balance 750.000000, Withdraw 500.000000 
User 2, Acc 6 Balance 3180.000000, Withdraw 500.000000 
User 2, Acc 7 Balance 3776.000000, Withdraw 500.000000 
User 2, Acc 8 Balance 609.000000, Withdraw 500.000000 
User 2, Acc 9 Balance 8800.000000, Withdraw 500.000000 
User 2, Acc 0 Balance 3954.000000, Withdraw 500.000000 
User 2, Acc 1 Balance 6525.000000, Withdraw 500.000000 
User 2, Acc 2 Balance 5441.000000, Withdraw 500.000000 
User 2, Acc 3 Balance 4188.000000, Withdraw 500.000000 
User 2, Acc 4 Balance 1252.000000, Withdraw 500.000000 
[22;32mUser 2, Acc 5 Balance 250.000000, 				Withdraw 500.000000 --insufficient funds[0m
User 2, Acc 6 Balance 2680.000000, Withdraw 500.000000 
User 2, Acc 7 Balance 3276.000000, Withdraw 500.000000 
[22;32mUser 2, Acc 8 Balance 109.000000, 				Withdraw 500.000000 --insufficient funds[0m
User 2, Acc 9 Balance 8300.000000, Withdraw 500.000000 
User 2, Acc 0 Balance 3454.000000, Withdraw 500.000000 
User 2, Acc 1 Balance 6025.000000, Withdraw 500.000000 
User 2, Acc 2 Balance 4941.000000, Withdraw 500.000000 
User 2, Acc 3 Balance 3688.000000, Withdraw 500.000000 
User 2, Acc 4 Balance 752.000000, Withdraw 500.000000 
[22;32mUser 2, Acc 5 Balance 250.000000, 				Withdraw 500.000000 --insufficient funds[0m
User 2, Acc 6 Balance 2180.000000, Withdraw 500.000000 
User 2, Acc 7 Balance 2776.000000, Withdraw 500.000000 
[22;32mUser 2, Acc 8 Balance 109.000000, 				Withdraw 500.000000 --insufficient funds[0m
User 2, Acc 9 Balance 7800.000000, Withdraw 500.000000 
User 2, Acc 0 Balance 2954.000000, Withdraw 500.000000 
User 2, Acc 1 Balance 5525.000000, Withdraw 500.000000 
User 2, Acc 2 Balance 4441.000000, Withdraw 500.000000 
User 2, Acc 3 Balance 3188.000000, Withdraw 500.000000 
[22;32mUser 2, Acc 4 Balance 252.000000, 				Withdraw 500.000000 --insufficient funds[0m
[22;32mUser 2, Acc 5 Balance 250.000000, 				Withdraw 500.000000 --insufficient funds[0m
User 2, Acc 6 Balance 1680.000000, Withdraw 500.000000 
User 2, Acc 7 Balance 2276.000000, Withdraw 500.000000 
[22;32mUser 2, Acc 8 Balance 109.000000, 				Withdraw 500.000000 --insufficient funds[0m
User 2, Acc 9 Balance 7300.000000, Withdraw 500.000000 
User 2, Acc 0 Balance 2454.000000, Withdraw 500.000000 
User 2, Acc 1 Balance 5025.000000, Withdraw 500.000000 
User 2, Acc 2 Balance 3941.000000, Withdraw 500.000000 
User 2, Acc 3 Balance 2688.000000, Withdraw 500.000000 
[22;32mUser 2, Acc 4 Balance 252.000000, 				Withdraw 500.000000 --insufficient funds[0m
[22;32mUser 2, Acc 5 Balance 250.000000, 				Withdraw 500.000000 --insufficient funds[0m
User 2, Acc 6 Balance 1180.000000, Withdraw 500.000000 
User 2, Acc 7 Balance 1776.000000, Withdraw 500.000000 
[22;32mUser 2, Acc 8 Balance 109.000000, 				Withdraw 500.000000 --insufficient funds[0m
User 2, Acc 9 Balance 6800.000000, Withdraw 500.000000 
User 2, Acc 0 Balance 1954.000000, Withdraw 500.000000 
User 2, Acc 1 Balance 4525.000000, Withdraw 500.000000 
User 2, Acc 2 Balance 3441.000000, Withdraw 500.000000 
User 2, Acc 3 Balance 2188.000000, Withdraw 500.000000 
[22;32mUser 2, Acc 4 Balance 252.000000, 				Withdraw 500.000000 --insufficient funds[0m
[22;32mUser 2, Acc 5 Balance 250.000000, 				Withdraw 500.000000 --insufficient funds[0m
User 2, Acc 6 Balance 680.000000, Withdraw 500.000000 
User 2, Acc 7 Balance 1276.000000, Withdraw 500.000000 
[22;32mUser 2, Acc 8 Balance 109.000000, 				Withdraw 500.000000 --insufficient funds[0m
User 2, Acc 9 Balance 6300.000000, Withdraw 500.000000 
User 2, Acc 0 Balance 1454.000000, Withdraw 500.000000 
User 2, Acc 1 Balance 4025.000000, Withdraw 500.000000 
User 2, Acc 2 Balance 2941.000000, Withdraw 500.000000 
User 2, Acc 3 Balance 1688.000000, Withdraw 500.000000 
[22;32mUser 2, Acc 4 Balance 252.000000, 				Withdraw 500.000000 --insufficient funds[0m
[22;32mUser 2, Acc 5 Balance 250.000000, 				Withdraw 500.000000 --insufficient funds[0m
[22;32mUser 2, Acc 6 Balance 180.000000, 				Withdraw 500.000000 --insufficient funds[0m
User 2, Acc 7 Balance 776.000000, Withdraw 500.000000 
[22;32mUser 2, Acc 8 Balance 109.000000, 				Withdraw 500.000000 --insufficient funds[0m
User 2, Acc 9 Balance 5800.000000, Withdraw 500.000000 
User 2, Acc 0 Balance 954.000000, Withdraw 500.000000 
User 2, Acc 1 Balance 3525.000000, Withdraw 500.000000 
User 2, Acc 2 Balance 2441.000000, Withdraw 500.000000 
User 2, Acc 3 Balance 1188.000000, Withdraw 500.000000 
[22;32mUser 2, Acc 4 Balance 252.000000, 				Withdraw 500.000000 --insufficient funds[0m
[22;32mUser 2, Acc 5 Balance 250.000000, 				Withdraw 500.000000 --insufficient funds[0m
[22;32mUser 2, Acc 6 Balance 180.000000, 				Withdraw 500.000000 --insufficient funds[0m
[22;32mUser 2, Acc 7 Balance 276.000000, 				Withdraw 500.000000 --insufficient funds[0m
[22;32mUser 2, Acc 8 Balance 109.000000, 				Withdraw 500.000000 --insufficient funds[0m
User 2, Acc 9 Balance 5300.000000, Withdraw 500.000000 
[22;32mUser 2, Acc 0 Balance 454.000000, 				Withdraw 500.000000 --insufficient funds[0m
User 3, Acc 3 Balance 3011.000000, Transfer 1200.000000 to Acc 8
User 3, Acc 2 Balance 1941.000000, Deposit 659.000000 
User 3, Acc 2 Balance 2600.000000, Transfer 1200.000000 to Acc 9
User 3, Acc 1 Balance 3025.000000, Deposit 661.000000 
User 3, Acc 1 Balance 3686.000000, Transfer 1200.000000 to Acc 9
User 3, Acc 0 Balance 454.000000, Deposit 673.000000 
User 0, Acc 1 Balance 6926.000000, Withdraw 500.000000 
User 0, Acc 2 Balance 1400.000000, Withdraw 500.000000 
[22;32mUser 0, Acc 3 Balance -512.000000, 				Withdraw 500.000000 --insufficient funds[0m
[22;32mUser 0, Acc 4 Balance 252.000000, 				Withdraw 500.000000 --insufficient funds[0m
User 4, Acc 4 Balance 1527.000000, Deposit 937.000000 
User 1, Acc 6 Balance 3910.000000, Deposit 641.000000 
User 1, Acc 6 Balance 821.000000, Transfer 641.000000 to Acc 4
User 1, Acc 5 Balance 250.000000, Deposit 643.000000 
User 1, Acc 4 Balance 1830.000000, Deposit 647.000000 
User 1, Acc 4 Balance 2477.000000, Transfer 1200.000000 to Acc 7
User 1, Acc 3 Balance -512.000000, Deposit 653.000000 
User 1, Acc 2 Balance 900.000000, Deposit 659.000000 
User 1, Acc 2 Balance 1559.000000, Transfer 1200.000000 to Acc 9
User 1, Acc 1 Balance 1986.000000, Deposit 661.000000 
User 1, Acc 1 Balance 2647.000000, Transfer 1200.000000 to Acc 9
User 1, Acc 0 Balance 1127.000000, Deposit 673.000000 
User 1, Acc 0 Balance 1800.000000, Transfer 1200.000000 to Acc 9
User 4, Acc 5 Balance 250.000000, Deposit 941.000000 
User 4, Acc 6 Balance 180.000000, Deposit 953.000000 
User 4, Acc 7 Balance 1476.000000, Deposit 967.000000 
User 4, Acc 1 Balance 1447.000000, Transfer 19.000000 to Acc 7
[22;32mUser 0, Acc 5 Balance 250.000000, 				Withdraw 500.000000 --insufficient funds[0m
User 0, Acc 6 Balance 1133.000000, Withdraw 500.000000 
User 0, Acc 7 Balance 2462.000000, Withdraw 500.000000 
User 0, Acc 8 Balance 1309.000000, Withdraw 500.000000 
User 4, Acc 2 Balance 359.000000, Transfer 23.000000 to Acc 7
User 4, Acc 3 Balance 141.000000, Transfer 29.000000 to Acc 7
User 4, Acc 7 Balance 2014.000000, Transfer 31.000000 to Acc 6
User 4, Acc 7 Balance 1983.000000, Transfer 37.000000 to Acc 5
User 0, Acc 9 Balance 10800.000000, Withdraw 500.000000 
User 0, Acc 0 Balance 600.000000, Withdraw 500.000000 
User 0, Acc 1 Balance 1428.000000, Withdraw 500.000000 
[22;32mUser 0, Acc 2 Balance 336.000000, 				Withdraw 500.000000 --insufficient funds[0m
[22;32mUser 0, Acc 3 Balance 112.000000, 				Withdraw 500.000000 --insufficient funds[0m
User 0, Acc 4 Balance 1277.000000, Withdraw 500.000000 
User 0, Acc 5 Balance 1871.000000, Withdraw 500.000000 
User 0, Acc 6 Balance 664.000000, Withdraw 500.000000 
User 0, Acc 7 Balance 1946.000000, Withdraw 500.000000 
User 0, Acc 8 Balance 809.000000, Withdraw 500.000000 
User 0, Acc 9 Balance 10300.000000, Withdraw 500.000000 
[22;32mUser 0, Acc 0 Balance 100.000000, 				Withdraw 500.000000 --insufficient funds[0m
User 4, Acc 7 Balance 1946.000000, Transfer 3.000000 to Acc 4
User 4, Acc 7 Balance 1443.000000, Transfer 5.000000 to Acc 4
User 4, Acc 6 Balance 164.000000, Transfer 67.000000 to Acc 5
User 4, Acc 4 Balance 785.000000, Transfer 53.000000 to Acc 5
User 4, Acc 1 Balance 928.000000, Transfer 89.000000 to Acc 8
User 4, Acc 1 Balance 839.000000, Transfer 163.000000 to Acc 9
User 4, Acc 1 Balance 676.000000, Withdraw 41.000000 
User 4, Acc 2 Balance 336.000000, Withdraw 71.000000 
[22;32mUser 4, Acc 3 Balance 112.000000, 				Withdraw 127.000000 --insufficient funds[0m
User 4, Acc 4 Balance 732.000000, Withdraw 167.000000 
User 4, Acc 5 Balance 1491.000000, Withdraw 307.000000 
[22;32mUser 4, Acc 6 Balance 97.000000, 				Withdraw 647.000000 --insufficient funds[0m
User 4, Acc 7 Balance 1438.000000, Withdraw 593.000000 
[22;32mUser 4, Acc 8 Balance 398.000000, 				Withdraw 449.000000 --insufficient funds[0m
User 4, Acc 9 Balance 9963.000000, Withdraw 163.000000 
  ***     End of transaction batch    ***  
Account 0 balance after completion of transaction batch: 100.000000
Account 1 balance after completion of transaction batch: 635.000000
Account 2 balance after completion of transaction batch: 265.000000
Account 3 balance after completion of transaction batch: 112.000000
Account 4 balance after completion of transaction batch: 565.000000
Account 5 balance after completion of transaction batch: 1184.000000
Account 6 balance after completion of transaction batch: 97.000000
Account 7 balance after completion of transaction batch: 845.000000
Account 8 balance after completion of transaction batch: 398.000000
Account 9 balance after completion of transaction batch: 9800.000000
