# Output generated by:
# ./my_executable 5 data/transactions7.txt data/transactions11.txt data/transactions2.txt data/transactions10.txt data/transactions1.txt

********************************************
   Reading and parsing a transaction file   
********************************************
Parsed transaction: deposit 7 9929.000000 
Loaded deposit transaction
Parsed transaction: deposit 4 937.000000 
Loaded deposit transaction
Parsed transaction: deposit 5 941.000000 
Loaded deposit transaction
Parsed transaction: deposit 0 7.000000 
Loaded deposit transaction
Parsed transaction: deposit 3 29.000000 
Loaded deposit transaction
Parsed transaction: deposit 7 9.000000 
Loaded deposit transaction
Parsed transaction: deposit 9 129.000000 
Loaded deposit transaction
Parsed transaction: transfer 3 7 29.000000 
Loaded transfer transaction
Parsed transaction: transfer 7 6 31.000000 
Loaded transfer transaction
Parsed transaction: transfer 7 5 137.000000 
Loaded transfer transaction
Parsed transaction: transfer 7 4 3.000000 
Loaded transfer transaction
Parsed transaction: transfer 7 4 5.000000 
Loaded transfer transaction
Parsed transaction: withdraw 4 1167.000000 
Loaded withdrawal transaction
Parsed transaction: withdraw 5 1307.000000 
Loaded withdrawal transaction
Parsed transaction: transfer 1 8 89.000000 
Loaded transfer transaction
Parsed transaction: transfer 1 9 163.000000 
Loaded transfer transaction
Parsed transaction: withdraw 1 41.000000 
Loaded withdrawal transaction
Parsed transaction: withdraw 2 71.000000 
Loaded withdrawal transaction
Parsed transaction: withdraw 3 1127.000000 
Loaded withdrawal transaction
Parsed transaction: withdraw 6 647.000000 
Loaded withdrawal transaction
Parsed transaction: deposit 6 1953.000000 
Loaded deposit transaction
Parsed transaction: deposit 7 967.000000 
Loaded deposit transaction
Parsed transaction: transfer 1 7 19.000000 
Loaded transfer transaction
Parsed transaction: transfer 2 7 23.000000 
Loaded transfer transaction
Parsed transaction: transfer 6 5 1167.000000 
Loaded transfer transaction
Parsed transaction: transfer 4 5 53.000000 
Loaded transfer transaction
Parsed transaction: withdraw 7 1593.000000 
Loaded withdrawal transaction
Parsed transaction: withdraw 8 449.000000 
Loaded withdrawal transaction
Parsed transaction: withdraw 9 163.000000 
Loaded withdrawal transaction
********************************************
********************************************
   Reading and parsing a transaction file   
********************************************
Parsed transaction: deposit 9 617.000000 
Loaded deposit transaction
Parsed transaction: transfer 9 9 617.000000 
Loaded transfer transaction
Parsed transaction: deposit 8 619.000000 
Loaded deposit transaction
Parsed transaction: transfer 8 2 619.000000 
Loaded transfer transaction
Parsed transaction: deposit 7 631.000000 
Loaded deposit transaction
Parsed transaction: transfer 7 3 631.000000 
Loaded transfer transaction
Parsed transaction: deposit 6 641.000000 
Loaded deposit transaction
Parsed transaction: transfer 6 4 641.000000 
Loaded transfer transaction
Parsed transaction: deposit 5 643.000000 
Loaded deposit transaction
Parsed transaction: transfer 5 6 1200.000000 
Loaded transfer transaction
Parsed transaction: deposit 4 647.000000 
Loaded deposit transaction
Parsed transaction: transfer 4 7 1200.000000 
Loaded transfer transaction
Parsed transaction: deposit 3 653.000000 
Loaded deposit transaction
Parsed transaction: transfer 3 8 1200.000000 
Loaded transfer transaction
Parsed transaction: deposit 2 659.000000 
Loaded deposit transaction
Parsed transaction: transfer 2 9 1200.000000 
Loaded transfer transaction
Parsed transaction: deposit 1 661.000000 
Loaded deposit transaction
Parsed transaction: transfer 1 9 1200.000000 
Loaded transfer transaction
Parsed transaction: deposit 0 673.000000 
Loaded deposit transaction
Parsed transaction: transfer 0 9 1200.000000 
Loaded transfer transaction
Parsed transaction: withdraw 1 50.000000 
Loaded withdrawal transaction
Parsed transaction: withdraw 2 50.000000 
Loaded withdrawal transaction
Parsed transaction: withdraw 3 50.000000 
Loaded withdrawal transaction
Parsed transaction: withdraw 4 50.000000 
Loaded withdrawal transaction
Parsed transaction: withdraw 5 50.000000 
Loaded withdrawal transaction
Parsed transaction: withdraw 6 50.000000 
Loaded withdrawal transaction
Parsed transaction: withdraw 7 50.000000 
Loaded withdrawal transaction
Parsed transaction: withdraw 8 50.000000 
Loaded withdrawal transaction
Parsed transaction: withdraw 9 50.000000 
Loaded withdrawal transaction
Parsed transaction: withdraw 0 50.000000 
Loaded withdrawal transaction
********************************************
********************************************
   Reading and parsing a transaction file   
********************************************
Parsed transaction: deposit 0 400.000000 
Loaded deposit transaction
Parsed transaction: withdraw 0 200.000000 
Loaded withdrawal transaction
Parsed transaction: deposit 0 100.000000 
Loaded deposit transaction
Parsed transaction: withdraw 0 50.000000 
Loaded withdrawal transaction
Parsed transaction: withdraw 0 150.000000 
Loaded withdrawal transaction
Parsed transaction: deposit 0 300.000000 
Loaded deposit transaction
Parsed transaction: transfer 0 1 300.000000 
Loaded transfer transaction
Parsed transaction: balance 1 
Loaded balance transaction
********************************************
********************************************
   Reading and parsing a transaction file   
********************************************
Parsed transaction: withdraw 1 500.000000 
Loaded withdrawal transaction
Parsed transaction: withdraw 2 500.000000 
Loaded withdrawal transaction
Parsed transaction: withdraw 3 500.000000 
Loaded withdrawal transaction
Parsed transaction: withdraw 4 500.000000 
Loaded withdrawal transaction
Parsed transaction: withdraw 5 500.000000 
Loaded withdrawal transaction
Parsed transaction: withdraw 6 500.000000 
Loaded withdrawal transaction
Parsed transaction: withdraw 7 500.000000 
Loaded withdrawal transaction
Parsed transaction: withdraw 8 500.000000 
Loaded withdrawal transaction
Parsed transaction: withdraw 9 500.000000 
Loaded withdrawal transaction
Parsed transaction: withdraw 0 500.000000 
Loaded withdrawal transaction
Parsed transaction: withdraw 1 500.000000 
Loaded withdrawal transaction
Parsed transaction: withdraw 2 500.000000 
Loaded withdrawal transaction
Parsed transaction: withdraw 3 500.000000 
Loaded withdrawal transaction
Parsed transaction: withdraw 4 500.000000 
Loaded withdrawal transaction
Parsed transaction: withdraw 5 500.000000 
Loaded withdrawal transaction
Parsed transaction: withdraw 6 500.000000 
Loaded withdrawal transaction
Parsed transaction: withdraw 7 500.000000 
Loaded withdrawal transaction
Parsed transaction: withdraw 8 500.000000 
Loaded withdrawal transaction
Parsed transaction: withdraw 9 500.000000 
Loaded withdrawal transaction
Parsed transaction: withdraw 0 500.000000 
Loaded withdrawal transaction
Parsed transaction: withdraw 1 500.000000 
Loaded withdrawal transaction
Parsed transaction: withdraw 2 500.000000 
Loaded withdrawal transaction
Parsed transaction: withdraw 3 500.000000 
Loaded withdrawal transaction
Parsed transaction: withdraw 4 500.000000 
Loaded withdrawal transaction
Parsed transaction: withdraw 5 500.000000 
Loaded withdrawal transaction
Parsed transaction: withdraw 6 500.000000 
Loaded withdrawal transaction
Parsed transaction: withdraw 7 500.000000 
Loaded withdrawal transaction
Parsed transaction: withdraw 8 500.000000 
Loaded withdrawal transaction
Parsed transaction: withdraw 9 500.000000 
Loaded withdrawal transaction
Parsed transaction: withdraw 0 500.000000 
Loaded withdrawal transaction
********************************************
********************************************
   Reading and parsing a transaction file   
********************************************
Parsed transaction: deposit 0 100.000000 
Loaded deposit transaction
Parsed transaction: deposit 0 200.000000 
Loaded deposit transaction
Parsed transaction: deposit 0 300.000000 
Loaded deposit transaction
Parsed transaction: withdraw 0 200.000000 
Loaded withdrawal transaction
Parsed transaction: withdraw 0 100.000000 
Loaded withdrawal transaction
Parsed transaction: withdraw 0 50.000000 
Loaded withdrawal transaction
Parsed transaction: transfer 1 0 200.000000 
Loaded transfer transaction
Parsed transaction: balance 0 
Loaded balance transaction
********************************************
  ***    Start of transaction batch    ***  
User 0, Acc 7 Balance 0.000000, Deposit 9929.000000 
User 0, Acc 4 Balance 0.000000, Deposit 937.000000 
User 0, Acc 5 Balance 0.000000, Deposit 941.000000 
User 0, Acc 0 Balance 0.000000, Deposit 7.000000 
User 0, Acc 3 Balance 0.000000, Deposit 29.000000 
User 0, Acc 7 Balance 9929.000000, Deposit 9.000000 
User 0, Acc 9 Balance 0.000000, Deposit 129.000000 
User 0, Acc 3 Balance 29.000000, Transfer 29.000000 to Acc 7
User 0, Acc 7 Balance 9967.000000, Transfer 31.000000 to Acc 6
User 0, Acc 7 Balance 9936.000000, Transfer 137.000000 to Acc 5
User 0, Acc 7 Balance 9799.000000, Transfer 3.000000 to Acc 4
User 0, Acc 7 Balance 9796.000000, Transfer 5.000000 to Acc 4
[22;32mUser 0, Acc 4 Balance 945.000000, 				Withdraw 1167.000000 --insufficient funds[0m
[22;32mUser 0, Acc 5 Balance 1078.000000, 				Withdraw 1307.000000 --insufficient funds[0m
[22;32mUser 0, Acc 1 Balance 0.000000, 				Withdraw 41.000000 --insufficient funds[0m
[22;32mUser 0, Acc 2 Balance 0.000000, 				Withdraw 71.000000 --insufficient funds[0m
[22;32mUser 0, Acc 3 Balance 0.000000, 				Withdraw 1127.000000 --insufficient funds[0m
[22;32mUser 0, Acc 6 Balance 31.000000, 				Withdraw 647.000000 --insufficient funds[0m
User 0, Acc 6 Balance 31.000000, Deposit 1953.000000 
User 0, Acc 7 Balance 9791.000000, Deposit 967.000000 
User 0, Acc 6 Balance 1984.000000, Transfer 1167.000000 to Acc 5
User 0, Acc 4 Balance 945.000000, Transfer 53.000000 to Acc 5
User 0, Acc 7 Balance 10758.000000, Withdraw 1593.000000 
[22;32mUser 0, Acc 8 Balance 0.000000, 				Withdraw 449.000000 --insufficient funds[0m
User 3, Acc 9 Balance 129.000000, Deposit 617.000000 
User 4, Acc 0 Balance 7.000000, Deposit 100.000000 
User 1, Acc 0 Balance 7.000000, Deposit 400.000000 
[22;32mUser 0, Acc 9 Balance 129.000000, 				Withdraw 163.000000 --insufficient funds[0m
[22;32mUser 2, Acc 1 Balance 0.000000, 				Withdraw 500.000000 --insufficient funds[0m
User 3, Acc 9 Balance 746.000000, Transfer 617.000000 to Acc 9
[22;32mUser 2, Acc 2 Balance 0.000000, 				Withdraw 500.000000 --insufficient funds[0m
[22;32mUser 2, Acc 3 Balance 0.000000, 				Withdraw 500.000000 --insufficient funds[0m
User 4, Acc 0 Balance 107.000000, Deposit 200.000000 
User 0, Acc 7 Balance 9165.000000, Deposit 9929.000000 
User 3, Acc 8 Balance 0.000000, Deposit 619.000000 
User 0, Acc 4 Balance 892.000000, Deposit 937.000000 
User 3, Acc 8 Balance 619.000000, Transfer 619.000000 to Acc 2
User 0, Acc 5 Balance 2298.000000, Deposit 941.000000 
User 1, Acc 0 Balance 507.000000, Withdraw 200.000000 
User 0, Acc 0 Balance 707.000000, Deposit 7.000000 
User 2, Acc 4 Balance 892.000000, Withdraw 500.000000 
User 0, Acc 3 Balance 0.000000, Deposit 29.000000 
User 2, Acc 5 Balance 3239.000000, Withdraw 500.000000 
User 1, Acc 0 Balance 507.000000, Deposit 100.000000 
User 3, Acc 7 Balance 19094.000000, Deposit 631.000000 
User 4, Acc 0 Balance 707.000000, Deposit 300.000000 
User 0, Acc 7 Balance 19094.000000, Deposit 9.000000 
User 4, Acc 0 Balance 914.000000, Withdraw 200.000000 
User 0, Acc 9 Balance 746.000000, Deposit 129.000000 
User 4, Acc 0 Balance 714.000000, Withdraw 100.000000 
User 3, Acc 7 Balance 19725.000000, Transfer 631.000000 to Acc 3
User 4, Acc 0 Balance 614.000000, Withdraw 50.000000 
User 0, Acc 3 Balance 29.000000, Transfer 29.000000 to Acc 7
User 3, Acc 6 Balance 817.000000, Deposit 641.000000 
User 3, Acc 6 Balance 1458.000000, Transfer 641.000000 to Acc 4
User 2, Acc 6 Balance 817.000000, Withdraw 500.000000 
User 3, Acc 5 Balance 2739.000000, Deposit 643.000000 
User 2, Acc 7 Balance 19132.000000, Withdraw 500.000000 
User 3, Acc 5 Balance 3382.000000, Transfer 1200.000000 to Acc 6
User 0, Acc 7 Balance 19132.000000, Transfer 31.000000 to Acc 6
User 0, Acc 7 Balance 18601.000000, Transfer 137.000000 to Acc 5
User 0, Acc 7 Balance 18464.000000, Transfer 3.000000 to Acc 4
User 0, Acc 7 Balance 18461.000000, Transfer 5.000000 to Acc 4
User 0, Acc 4 Balance 1978.000000, Withdraw 1167.000000 
User 0, Acc 5 Balance 2319.000000, Withdraw 1307.000000 
[22;32mUser 0, Acc 1 Balance 0.000000, 				Withdraw 41.000000 --insufficient funds[0m
User 0, Acc 2 Balance 619.000000, Withdraw 71.000000 
[22;32mUser 0, Acc 3 Balance 631.000000, 				Withdraw 1127.000000 --insufficient funds[0m
User 0, Acc 6 Balance 1548.000000, Withdraw 647.000000 
User 0, Acc 6 Balance 901.000000, Deposit 1953.000000 
User 0, Acc 7 Balance 18456.000000, Deposit 967.000000 
User 0, Acc 2 Balance 548.000000, Transfer 23.000000 to Acc 7
User 0, Acc 6 Balance 2854.000000, Transfer 1167.000000 to Acc 5
User 0, Acc 4 Balance 811.000000, Transfer 53.000000 to Acc 5
User 0, Acc 7 Balance 19446.000000, Withdraw 1593.000000 
[22;32mUser 0, Acc 8 Balance 0.000000, 				Withdraw 449.000000 --insufficient funds[0m
Balance in 0: 564.000000
User 0, Acc 9 Balance 875.000000, Withdraw 163.000000 
User 4, Acc 7 Balance 17853.000000, Deposit 9929.000000 
User 0, Acc 9 Balance 712.000000, Deposit 617.000000 
User 4, Acc 4 Balance 758.000000, Deposit 937.000000 
User 0, Acc 9 Balance 1329.000000, Transfer 617.000000 to Acc 9
User 4, Acc 5 Balance 2232.000000, Deposit 941.000000 
User 0, Acc 8 Balance 0.000000, Deposit 619.000000 
User 4, Acc 0 Balance 564.000000, Deposit 7.000000 
[22;32mUser 2, Acc 8 Balance 0.000000, 				Withdraw 500.000000 --insufficient funds[0m
User 3, Acc 4 Balance 1970.000000, Deposit 647.000000 
User 1, Acc 0 Balance 614.000000, Withdraw 50.000000 
User 3, Acc 4 Balance 2342.000000, Transfer 1200.000000 to Acc 7
User 2, Acc 9 Balance 1329.000000, Withdraw 500.000000 
User 2, Acc 0 Balance 521.000000, Withdraw 500.000000 
[22;32mUser 2, Acc 1 Balance 0.000000, 				Withdraw 500.000000 --insufficient funds[0m
User 3, Acc 3 Balance 631.000000, Deposit 653.000000 
User 2, Acc 2 Balance 525.000000, Withdraw 500.000000 
User 2, Acc 3 Balance 1284.000000, Withdraw 500.000000 
User 0, Acc 8 Balance 619.000000, Transfer 619.000000 to Acc 2
User 1, Acc 0 Balance 521.000000, Withdraw 150.000000 
User 0, Acc 7 Balance 28982.000000, Deposit 631.000000 
User 3, Acc 3 Balance 1284.000000, Transfer 1200.000000 to Acc 8
User 0, Acc 7 Balance 29613.000000, Transfer 631.000000 to Acc 3
User 4, Acc 3 Balance 631.000000, Deposit 29.000000 
User 0, Acc 6 Balance 1687.000000, Deposit 641.000000 
User 4, Acc 7 Balance 28982.000000, Deposit 9.000000 
User 0, Acc 6 Balance 2328.000000, Transfer 641.000000 to Acc 4
User 4, Acc 9 Balance 829.000000, Deposit 129.000000 
User 0, Acc 5 Balance 3173.000000, Deposit 643.000000 
User 4, Acc 3 Balance 244.000000, Transfer 29.000000 to Acc 7
User 0, Acc 5 Balance 3816.000000, Transfer 1200.000000 to Acc 6
User 4, Acc 7 Balance 29020.000000, Transfer 31.000000 to Acc 6
User 0, Acc 4 Balance 1783.000000, Deposit 647.000000 
User 4, Acc 7 Balance 28989.000000, Transfer 137.000000 to Acc 5
User 0, Acc 4 Balance 2430.000000, Transfer 1200.000000 to Acc 7
User 4, Acc 7 Balance 28852.000000, Transfer 3.000000 to Acc 4
User 0, Acc 3 Balance 215.000000, Deposit 653.000000 
User 4, Acc 7 Balance 30049.000000, Transfer 5.000000 to Acc 4
User 4, Acc 4 Balance 1238.000000, Withdraw 1167.000000 
User 4, Acc 5 Balance 2753.000000, Withdraw 1307.000000 
[22;32mUser 4, Acc 1 Balance 0.000000, 				Withdraw 41.000000 --insufficient funds[0m
User 4, Acc 2 Balance 644.000000, Withdraw 71.000000 
User 2, Acc 4 Balance 1142.000000, Withdraw 500.000000 
User 3, Acc 2 Balance 644.000000, Deposit 659.000000 
User 2, Acc 5 Balance 1446.000000, Withdraw 500.000000 
User 1, Acc 0 Balance -129.000000, Deposit 300.000000 
User 0, Acc 2 Balance 644.000000, Deposit 659.000000 
[22;32mUser 4, Acc 3 Balance 868.000000, 				Withdraw 1127.000000 --insufficient funds[0m
User 2, Acc 6 Balance 2918.000000, Withdraw 500.000000 
User 4, Acc 6 Balance 2918.000000, Withdraw 647.000000 
User 2, Acc 7 Balance 30044.000000, Withdraw 500.000000 
User 4, Acc 6 Balance 1771.000000, Deposit 1953.000000 
User 4, Acc 7 Balance 29544.000000, Deposit 967.000000 
Balance in 1: 0.000000
User 4, Acc 2 Balance 1891.000000, Transfer 23.000000 to Acc 7
User 4, Acc 6 Balance 3724.000000, Transfer 1167.000000 to Acc 5
User 0, Acc 2 Balance 1891.000000, Transfer 1200.000000 to Acc 9
User 4, Acc 7 Balance 30534.000000, Withdraw 1593.000000 
User 0, Acc 1 Balance 0.000000, Deposit 661.000000 
User 2, Acc 8 Balance 1200.000000, Withdraw 500.000000 
User 1, Acc 7 Balance 30534.000000, Deposit 9929.000000 
User 1, Acc 4 Balance -429.000000, Deposit 937.000000 
User 2, Acc 9 Balance 2158.000000, Withdraw 500.000000 
User 1, Acc 5 Balance 2113.000000, Deposit 941.000000 
User 1, Acc 0 Balance 171.000000, Deposit 7.000000 
User 0, Acc 0 Balance 171.000000, Deposit 673.000000 
User 4, Acc 8 Balance 1200.000000, Withdraw 449.000000 
[22;32mUser 2, Acc 0 Balance 171.000000, 				Withdraw 500.000000 --insufficient funds[0m
User 4, Acc 9 Balance 1658.000000, Withdraw 163.000000 
User 1, Acc 3 Balance 868.000000, Deposit 29.000000 
User 4, Acc 0 Balance 851.000000, Deposit 400.000000 
User 1, Acc 7 Balance 38870.000000, Deposit 9.000000 
User 4, Acc 0 Balance 1251.000000, Withdraw 200.000000 
User 0, Acc 1 Balance 661.000000, Withdraw 50.000000 
User 4, Acc 0 Balance 1051.000000, Deposit 100.000000 
User 0, Acc 2 Balance 668.000000, Withdraw 50.000000 
User 4, Acc 0 Balance 1151.000000, Withdraw 50.000000 
User 2, Acc 1 Balance 661.000000, Withdraw 500.000000 
User 3, Acc 2 Balance 1232.000000, Transfer 1200.000000 to Acc 9
User 1, Acc 9 Balance 1495.000000, Deposit 129.000000 
User 0, Acc 3 Balance 897.000000, Withdraw 50.000000 
User 2, Acc 2 Balance 618.000000, Withdraw 500.000000 
User 0, Acc 4 Balance 508.000000, Withdraw 50.000000 
User 1, Acc 3 Balance 897.000000, Transfer 29.000000 to Acc 7
User 0, Acc 5 Balance 3054.000000, Withdraw 50.000000 
User 2, Acc 3 Balance 847.000000, Withdraw 500.000000 
User 0, Acc 6 Balance 2557.000000, Withdraw 50.000000 
User 4, Acc 0 Balance 1101.000000, Withdraw 150.000000 
User 1, Acc 7 Balance 38908.000000, Transfer 31.000000 to Acc 6
User 4, Acc 0 Balance 951.000000, Deposit 300.000000 
User 3, Acc 1 Balance 111.000000, Deposit 661.000000 
User 0, Acc 7 Balance 38908.000000, Withdraw 50.000000 
[22;32mUser 2, Acc 4 Balance 458.000000, 				Withdraw 500.000000 --insufficient funds[0m
User 0, Acc 8 Balance 251.000000, Withdraw 50.000000 
User 0, Acc 9 Balance 2824.000000, Withdraw 50.000000 
User 4, Acc 0 Balance 1251.000000, Transfer 300.000000 to Acc 1
User 3, Acc 0 Balance 1251.000000, Deposit 673.000000 
Balance in 1: 1072.000000
User 1, Acc 7 Balance 38877.000000, Transfer 137.000000 to Acc 5
User 4, Acc 9 Balance 2774.000000, Deposit 617.000000 
User 3, Acc 0 Balance 1624.000000, Transfer 1200.000000 to Acc 9
User 4, Acc 9 Balance 3391.000000, Transfer 617.000000 to Acc 9
User 0, Acc 0 Balance 1251.000000, Withdraw 50.000000 
User 1, Acc 7 Balance 38690.000000, Transfer 3.000000 to Acc 4
User 0, Acc 9 Balance 4591.000000, Deposit 617.000000 
User 3, Acc 1 Balance 1072.000000, Withdraw 50.000000 
User 0, Acc 9 Balance 5208.000000, Transfer 617.000000 to Acc 9
[22;32mUser 3, Acc 2 Balance -1082.000000, 				Withdraw 50.000000 --insufficient funds[0m
User 0, Acc 8 Balance 201.000000, Deposit 619.000000 
User 4, Acc 8 Balance 201.000000, Deposit 619.000000 
User 0, Acc 8 Balance 820.000000, Transfer 619.000000 to Acc 2
User 4, Acc 8 Balance 1439.000000, Transfer 619.000000 to Acc 2
User 0, Acc 7 Balance 38687.000000, Deposit 631.000000 
User 4, Acc 7 Balance 38687.000000, Deposit 631.000000 
User 0, Acc 7 Balance 39318.000000, Transfer 631.000000 to Acc 3
User 4, Acc 7 Balance 39949.000000, Transfer 631.000000 to Acc 3
User 0, Acc 6 Balance 2538.000000, Deposit 641.000000 
User 4, Acc 6 Balance 2538.000000, Deposit 641.000000 
User 0, Acc 6 Balance 3179.000000, Transfer 641.000000 to Acc 4
User 4, Acc 6 Balance 3820.000000, Transfer 641.000000 to Acc 4
User 0, Acc 5 Balance 3141.000000, Deposit 643.000000 
User 3, Acc 3 Balance 318.000000, Withdraw 50.000000 
User 2, Acc 5 Balance 3004.000000, Withdraw 500.000000 
User 2, Acc 6 Balance 2538.000000, Withdraw 500.000000 
User 0, Acc 5 Balance 3784.000000, Transfer 1200.000000 to Acc 6
User 0, Acc 4 Balance 1743.000000, Deposit 647.000000 
User 0, Acc 4 Balance 2390.000000, Transfer 1200.000000 to Acc 7
User 0, Acc 3 Balance 1530.000000, Deposit 653.000000 
User 0, Acc 3 Balance 2183.000000, Transfer 1200.000000 to Acc 8
User 0, Acc 2 Balance 156.000000, Deposit 659.000000 
User 4, Acc 5 Balance 3141.000000, Deposit 643.000000 
User 0, Acc 1 Balance 1022.000000, Deposit 661.000000 
User 2, Acc 7 Balance 38687.000000, Withdraw 500.000000 
User 3, Acc 4 Balance 1743.000000, Withdraw 50.000000 
User 1, Acc 7 Balance 38687.000000, Transfer 5.000000 to Acc 4
User 4, Acc 5 Balance 2727.000000, Transfer 1200.000000 to Acc 6
User 0, Acc 1 Balance 1683.000000, Transfer 1200.000000 to Acc 9
User 4, Acc 4 Balance 1145.000000, Deposit 647.000000 
User 0, Acc 0 Balance 374.000000, Deposit 673.000000 
User 4, Acc 4 Balance 1792.000000, Transfer 1200.000000 to Acc 7
User 0, Acc 1 Balance 483.000000, Withdraw 50.000000 
User 3, Acc 5 Balance 2727.000000, Withdraw 50.000000 
[22;32mUser 1, Acc 4 Balance 1145.000000, 				Withdraw 1167.000000 --insufficient funds[0m
User 2, Acc 8 Balance 1401.000000, Withdraw 500.000000 
User 4, Acc 3 Balance 983.000000, Deposit 653.000000 
User 3, Acc 6 Balance 4438.000000, Withdraw 50.000000 
User 4, Acc 3 Balance 1636.000000, Transfer 1200.000000 to Acc 8
User 2, Acc 9 Balance 6408.000000, Withdraw 500.000000 
User 4, Acc 2 Balance 815.000000, Deposit 659.000000 
User 3, Acc 7 Balance 40582.000000, Withdraw 50.000000 
User 4, Acc 2 Balance 1474.000000, Transfer 1200.000000 to Acc 9
User 0, Acc 2 Balance 815.000000, Withdraw 50.000000 
User 2, Acc 0 Balance 1047.000000, Withdraw 500.000000 
User 0, Acc 3 Balance 436.000000, Withdraw 50.000000 
[22;32mUser 2, Acc 1 Balance 433.000000, 				Withdraw 500.000000 --insufficient funds[0m
User 0, Acc 4 Balance 592.000000, Withdraw 50.000000 
[22;32mUser 2, Acc 2 Balance 224.000000, 				Withdraw 500.000000 --insufficient funds[0m
User 0, Acc 5 Balance 1477.000000, Withdraw 50.000000 
User 4, Acc 1 Balance 433.000000, Deposit 661.000000 
User 0, Acc 6 Balance 4388.000000, Withdraw 50.000000 
User 4, Acc 0 Balance 547.000000, Deposit 673.000000 
User 0, Acc 7 Balance 40532.000000, Withdraw 50.000000 
User 4, Acc 0 Balance 1220.000000, Transfer 1200.000000 to Acc 9
User 0, Acc 8 Balance 2101.000000, Withdraw 50.000000 
User 4, Acc 1 Balance 1094.000000, Withdraw 50.000000 
User 0, Acc 9 Balance 8308.000000, Withdraw 50.000000 
User 4, Acc 2 Balance 224.000000, Withdraw 50.000000 
[22;32mUser 2, Acc 3 Balance 386.000000, 				Withdraw 500.000000 --insufficient funds[0m
User 3, Acc 8 Balance 2101.000000, Withdraw 50.000000 
User 1, Acc 5 Balance 1477.000000, Withdraw 1307.000000 
[22;32mUser 0, Acc 0 Balance 20.000000, 				Withdraw 50.000000 --insufficient funds[0m
User 4, Acc 3 Balance 386.000000, Withdraw 50.000000 
User 0, Acc 0 Balance 20.000000, Deposit 400.000000 
User 4, Acc 4 Balance 542.000000, Withdraw 50.000000 
User 1, Acc 1 Balance 1044.000000, Transfer 89.000000 to Acc 8
User 2, Acc 4 Balance 542.000000, Withdraw 500.000000 
User 3, Acc 9 Balance 8258.000000, Withdraw 50.000000 
User 0, Acc 0 Balance 420.000000, Withdraw 200.000000 
User 1, Acc 1 Balance 955.000000, Transfer 163.000000 to Acc 9
User 0, Acc 0 Balance 220.000000, Deposit 100.000000 
User 1, Acc 1 Balance 792.000000, Withdraw 41.000000 
User 0, Acc 0 Balance 320.000000, Withdraw 50.000000 
User 4, Acc 5 Balance 120.000000, Withdraw 50.000000 
User 0, Acc 0 Balance 270.000000, Withdraw 150.000000 
User 4, Acc 6 Balance 4338.000000, Withdraw 50.000000 
User 0, Acc 0 Balance 120.000000, Deposit 300.000000 
[22;32mUser 2, Acc 5 Balance 120.000000, 				Withdraw 500.000000 --insufficient funds[0m
User 3, Acc 0 Balance 420.000000, Withdraw 50.000000 
User 1, Acc 2 Balance 174.000000, Withdraw 71.000000 
User 3, Acc 7 Balance 40482.000000, Deposit 9929.000000 
[22;32mUser 1, Acc 3 Balance 336.000000, 				Withdraw 1127.000000 --insufficient funds[0m
User 1, Acc 6 Balance 4288.000000, Withdraw 647.000000 
User 3, Acc 4 Balance -8.000000, Deposit 937.000000 
User 1, Acc 6 Balance 3641.000000, Deposit 1953.000000 
User 1, Acc 7 Balance 50411.000000, Deposit 967.000000 
User 2, Acc 6 Balance 4288.000000, Withdraw 500.000000 
User 4, Acc 7 Balance 40482.000000, Withdraw 50.000000 
User 0, Acc 0 Balance 420.000000, Transfer 300.000000 to Acc 1
User 4, Acc 8 Balance 2090.000000, Withdraw 50.000000 
Balance in 1: 1051.000000
User 1, Acc 1 Balance 751.000000, Transfer 19.000000 to Acc 7
User 2, Acc 7 Balance 51378.000000, Withdraw 500.000000 
User 1, Acc 2 Balance 103.000000, Transfer 23.000000 to Acc 7
User 2, Acc 8 Balance 2040.000000, Withdraw 500.000000 
User 2, Acc 9 Balance 8371.000000, Withdraw 500.000000 
User 4, Acc 9 Balance 8371.000000, Withdraw 50.000000 
User 4, Acc 0 Balance 70.000000, Withdraw 50.000000 
User 1, Acc 6 Balance 5094.000000, Transfer 1167.000000 to Acc 5
User 1, Acc 4 Balance 929.000000, Transfer 53.000000 to Acc 5
User 1, Acc 7 Balance 50870.000000, Withdraw 1593.000000 
User 1, Acc 8 Balance 1540.000000, Withdraw 449.000000 
User 1, Acc 9 Balance 7821.000000, Withdraw 163.000000 
User 1, Acc 1 Balance 1032.000000, Withdraw 500.000000 
User 3, Acc 5 Balance 70.000000, Deposit 941.000000 
[22;32mUser 1, Acc 2 Balance 80.000000, 				Withdraw 500.000000 --insufficient funds[0m
User 3, Acc 0 Balance 20.000000, Deposit 7.000000 
[22;32mUser 1, Acc 3 Balance 336.000000, 				Withdraw 500.000000 --insufficient funds[0m
[22;32mUser 2, Acc 0 Balance 70.000000, 				Withdraw 500.000000 --insufficient funds[0m
User 3, Acc 3 Balance 336.000000, Deposit 29.000000 
User 0, Acc 0 Balance 70.000000, Deposit 400.000000 
User 1, Acc 4 Balance 876.000000, Withdraw 500.000000 
User 0, Acc 0 Balance 427.000000, Withdraw 200.000000 
User 2, Acc 1 Balance 532.000000, Withdraw 500.000000 
User 0, Acc 0 Balance 227.000000, Deposit 100.000000 
User 3, Acc 7 Balance 49277.000000, Deposit 9.000000 
User 0, Acc 0 Balance 327.000000, Withdraw 50.000000 
[22;32mUser 2, Acc 2 Balance 80.000000, 				Withdraw 500.000000 --insufficient funds[0m
User 0, Acc 0 Balance 277.000000, Withdraw 150.000000 
User 4, Acc 1 Balance 1032.000000, Withdraw 500.000000 
User 0, Acc 0 Balance 127.000000, Deposit 300.000000 
[22;32mUser 4, Acc 2 Balance 80.000000, 				Withdraw 500.000000 --insufficient funds[0m
User 0, Acc 0 Balance 427.000000, Transfer 300.000000 to Acc 1
[22;32mUser 4, Acc 3 Balance 365.000000, 				Withdraw 500.000000 --insufficient funds[0m
Balance in 1: -168.000000
[22;32mUser 2, Acc 3 Balance 365.000000, 				Withdraw 500.000000 --insufficient funds[0m
User 1, Acc 5 Balance 2231.000000, Withdraw 500.000000 
[22;32mUser 2, Acc 4 Balance 376.000000, 				Withdraw 500.000000 --insufficient funds[0m
User 1, Acc 6 Balance 3927.000000, Withdraw 500.000000 
User 1, Acc 7 Balance 49286.000000, Withdraw 500.000000 
[22;32mUser 4, Acc 4 Balance 376.000000, 				Withdraw 500.000000 --insufficient funds[0m
User 3, Acc 9 Balance 7658.000000, Deposit 129.000000 
User 4, Acc 5 Balance 1731.000000, Withdraw 500.000000 
User 0, Acc 9 Balance 7658.000000, Deposit 617.000000 
User 4, Acc 6 Balance 3427.000000, Withdraw 500.000000 
User 0, Acc 9 Balance 8404.000000, Transfer 617.000000 to Acc 9
User 4, Acc 7 Balance 48786.000000, Withdraw 500.000000 
User 0, Acc 8 Balance 1091.000000, Deposit 619.000000 
User 3, Acc 3 Balance 365.000000, Transfer 29.000000 to Acc 7
User 0, Acc 8 Balance 1710.000000, Transfer 619.000000 to Acc 2
User 4, Acc 8 Balance 1091.000000, Withdraw 500.000000 
User 1, Acc 8 Balance 1091.000000, Withdraw 500.000000 
User 2, Acc 5 Balance 1731.000000, Withdraw 500.000000 
User 1, Acc 9 Balance 8404.000000, Withdraw 500.000000 
User 3, Acc 7 Balance 48315.000000, Transfer 31.000000 to Acc 6
[22;32mUser 1, Acc 0 Balance 127.000000, 				Withdraw 500.000000 --insufficient funds[0m
User 3, Acc 7 Balance 48284.000000, Transfer 137.000000 to Acc 5
User 2, Acc 6 Balance 2927.000000, Withdraw 500.000000 
User 0, Acc 7 Balance 48315.000000, Deposit 631.000000 
User 0, Acc 7 Balance 48778.000000, Transfer 631.000000 to Acc 3
User 3, Acc 7 Balance 48147.000000, Transfer 3.000000 to Acc 4
User 0, Acc 6 Balance 2458.000000, Deposit 641.000000 
User 4, Acc 9 Balance 8404.000000, Withdraw 500.000000 
User 0, Acc 6 Balance 3099.000000, Transfer 641.000000 to Acc 4
[22;32mUser 4, Acc 0 Balance 127.000000, 				Withdraw 500.000000 --insufficient funds[0m
User 0, Acc 5 Balance 868.000000, Deposit 643.000000 
[22;32mUser 4, Acc 1 Balance -168.000000, 				Withdraw 500.000000 --insufficient funds[0m
User 0, Acc 5 Balance 1511.000000, Transfer 1200.000000 to Acc 6
User 4, Acc 2 Balance 699.000000, Withdraw 500.000000 
User 2, Acc 7 Balance 48147.000000, Withdraw 500.000000 
[22;32mUser 1, Acc 1 Balance -168.000000, 				Withdraw 500.000000 --insufficient funds[0m
User 3, Acc 7 Balance 48144.000000, Transfer 5.000000 to Acc 4
User 0, Acc 4 Balance 1020.000000, Deposit 647.000000 
User 0, Acc 4 Balance 1672.000000, Transfer 1200.000000 to Acc 7
User 0, Acc 3 Balance 967.000000, Deposit 653.000000 
User 0, Acc 3 Balance 1620.000000, Transfer 1200.000000 to Acc 8
User 0, Acc 2 Balance 199.000000, Deposit 659.000000 
User 4, Acc 3 Balance 967.000000, Withdraw 500.000000 
User 0, Acc 1 Balance -168.000000, Deposit 661.000000 
[22;32mUser 4, Acc 4 Balance 472.000000, 				Withdraw 500.000000 --insufficient funds[0m
User 0, Acc 0 Balance 127.000000, Deposit 673.000000 
[22;32mUser 3, Acc 4 Balance 1025.000000, 				Withdraw 1167.000000 --insufficient funds[0m
[22;32mUser 2, Acc 8 Balance 91.000000, 				Withdraw 500.000000 --insufficient funds[0m
[22;32mUser 1, Acc 2 Balance 199.000000, 				Withdraw 500.000000 --insufficient funds[0m
[22;32mUser 4, Acc 5 Balance 311.000000, 				Withdraw 500.000000 --insufficient funds[0m
[22;32mUser 3, Acc 5 Balance 311.000000, 				Withdraw 1307.000000 --insufficient funds[0m
User 4, Acc 6 Balance 3658.000000, Withdraw 500.000000 
[22;32mUser 1, Acc 3 Balance -80.000000, 				Withdraw 500.000000 --insufficient funds[0m
User 4, Acc 7 Balance 48839.000000, Withdraw 500.000000 
User 2, Acc 9 Balance 7404.000000, Withdraw 500.000000 
User 4, Acc 8 Balance 1291.000000, Withdraw 500.000000 
User 0, Acc 1 Balance 493.000000, Withdraw 50.000000 
[22;32mUser 1, Acc 4 Balance 472.000000, 				Withdraw 500.000000 --insufficient funds[0m
User 0, Acc 2 Balance 858.000000, Withdraw 50.000000 
User 2, Acc 0 Balance 800.000000, Withdraw 500.000000 
[22;32mUser 0, Acc 3 Balance -80.000000, 				Withdraw 50.000000 --insufficient funds[0m
User 3, Acc 1 Balance 493.000000, Transfer 89.000000 to Acc 8
User 0, Acc 4 Balance 472.000000, Withdraw 50.000000 
User 3, Acc 1 Balance 354.000000, Transfer 163.000000 to Acc 9
User 3, Acc 1 Balance 191.000000, Withdraw 41.000000 
User 0, Acc 5 Balance 311.000000, Withdraw 50.000000 
[22;32mUser 1, Acc 5 Balance 311.000000, 				Withdraw 500.000000 --insufficient funds[0m
User 0, Acc 6 Balance 3158.000000, Withdraw 50.000000 
[22;32mUser 2, Acc 1 Balance 443.000000, 				Withdraw 500.000000 --insufficient funds[0m
User 0, Acc 7 Balance 48339.000000, Withdraw 50.000000 
User 4, Acc 9 Balance 6904.000000, Withdraw 500.000000 
User 1, Acc 6 Balance 3158.000000, Withdraw 500.000000 
[22;32mUser 4, Acc 0 Balance 300.000000, 				Withdraw 500.000000 --insufficient funds[0m
User 1, Acc 7 Balance 48289.000000, Withdraw 500.000000 
[22;32mUser 4, Acc 1 Balance 150.000000, 				Withdraw 500.000000 --insufficient funds[0m
User 2, Acc 2 Balance 808.000000, Withdraw 500.000000 
[22;32mUser 2, Acc 3 Balance -80.000000, 				Withdraw 500.000000 --insufficient funds[0m
[22;32mUser 4, Acc 2 Balance 308.000000, 				Withdraw 500.000000 --insufficient funds[0m
[22;32mUser 4, Acc 3 Balance -80.000000, 				Withdraw 500.000000 --insufficient funds[0m
User 0, Acc 8 Balance 880.000000, Withdraw 50.000000 
[22;32mUser 4, Acc 4 Balance 422.000000, 				Withdraw 500.000000 --insufficient funds[0m
[22;32mUser 4, Acc 5 Balance 261.000000, 				Withdraw 500.000000 --insufficient funds[0m
User 1, Acc 8 Balance 880.000000, Withdraw 500.000000 
User 1, Acc 9 Balance 6567.000000, Withdraw 500.000000 
User 3, Acc 2 Balance 808.000000, Withdraw 71.000000 
User 4, Acc 6 Balance 2608.000000, Withdraw 500.000000 
[22;32mUser 3, Acc 3 Balance -80.000000, 				Withdraw 1127.000000 --insufficient funds[0m
User 4, Acc 7 Balance 47789.000000, Withdraw 500.000000 
[22;32mUser 2, Acc 4 Balance 422.000000, 				Withdraw 500.000000 --insufficient funds[0m
[22;32mUser 4, Acc 8 Balance 330.000000, 				Withdraw 500.000000 --insufficient funds[0m
[22;32mUser 1, Acc 0 Balance 300.000000, 				Withdraw 500.000000 --insufficient funds[0m
[22;32mUser 1, Acc 1 Balance 150.000000, 				Withdraw 500.000000 --insufficient funds[0m
User 4, Acc 9 Balance 6067.000000, Withdraw 500.000000 
[22;32mUser 1, Acc 2 Balance 237.000000, 				Withdraw 500.000000 --insufficient funds[0m
[22;32mUser 4, Acc 0 Balance 300.000000, 				Withdraw 500.000000 --insufficient funds[0m
User 4, Acc 0 Balance 300.000000, Deposit 100.000000 
[22;32mUser 1, Acc 3 Balance -80.000000, 				Withdraw 500.000000 --insufficient funds[0m
[22;32mUser 2, Acc 5 Balance 261.000000, 				Withdraw 500.000000 --insufficient funds[0m
[22;32mUser 1, Acc 4 Balance 422.000000, 				Withdraw 500.000000 --insufficient funds[0m
User 3, Acc 6 Balance 2108.000000, Withdraw 647.000000 
[22;32mUser 1, Acc 5 Balance 261.000000, 				Withdraw 500.000000 --insufficient funds[0m
User 3, Acc 6 Balance 1461.000000, Deposit 1953.000000 
User 2, Acc 6 Balance 2108.000000, Withdraw 500.000000 
User 3, Acc 7 Balance 47289.000000, Deposit 967.000000 
User 4, Acc 0 Balance 400.000000, Deposit 200.000000 
User 1, Acc 6 Balance 1461.000000, Withdraw 500.000000 
User 1, Acc 7 Balance 48256.000000, Withdraw 500.000000 
[22;32mUser 1, Acc 8 Balance 330.000000, 				Withdraw 500.000000 --insufficient funds[0m
User 1, Acc 9 Balance 5567.000000, Withdraw 500.000000 
User 1, Acc 0 Balance 600.000000, Withdraw 500.000000 
User 0, Acc 9 Balance 6567.000000, Withdraw 50.000000 
User 0, Acc 0 Balance 100.000000, Withdraw 50.000000 
User 2, Acc 7 Balance 47289.000000, Withdraw 500.000000 
User 0, Acc 0 Balance 50.000000, Deposit 100.000000 
User 3, Acc 1 Balance 150.000000, Transfer 19.000000 to Acc 7
User 4, Acc 0 Balance 600.000000, Deposit 300.000000 
User 3, Acc 2 Balance 237.000000, Transfer 23.000000 to Acc 7
User 3, Acc 6 Balance 2414.000000, Transfer 1167.000000 to Acc 5
User 0, Acc 0 Balance 150.000000, Deposit 200.000000 
[22;32mUser 2, Acc 8 Balance 330.000000, 				Withdraw 500.000000 --insufficient funds[0m
User 0, Acc 0 Balance 650.000000, Deposit 300.000000 
User 4, Acc 0 Balance 450.000000, Withdraw 200.000000 
User 1, Acc 0 Balance 100.000000, Deposit 400.000000 
User 3, Acc 4 Balance 422.000000, Transfer 53.000000 to Acc 5
User 1, Acc 0 Balance 1150.000000, Withdraw 200.000000 
User 2, Acc 9 Balance 5017.000000, Withdraw 500.000000 
User 1, Acc 0 Balance 950.000000, Deposit 100.000000 
User 4, Acc 0 Balance 750.000000, Withdraw 100.000000 
User 1, Acc 0 Balance 1050.000000, Withdraw 50.000000 
User 4, Acc 0 Balance 950.000000, Withdraw 50.000000 
User 2, Acc 0 Balance 950.000000, Withdraw 500.000000 
User 1, Acc 0 Balance 850.000000, Withdraw 150.000000 
Balance in 0: 900.000000
User 0, Acc 0 Balance 950.000000, Withdraw 200.000000 
User 3, Acc 7 Balance 47298.000000, Withdraw 1593.000000 
[22;32mUser 0, Acc 0 Balance 0.000000, 				Withdraw 100.000000 --insufficient funds[0m
User 1, Acc 0 Balance 200.000000, Deposit 300.000000 
[22;32mUser 0, Acc 0 Balance 0.000000, 				Withdraw 50.000000 --insufficient funds[0m
[22;32mUser 2, Acc 1 Balance 131.000000, 				Withdraw 500.000000 --insufficient funds[0m
[22;32mUser 3, Acc 8 Balance 330.000000, 				Withdraw 449.000000 --insufficient funds[0m
User 4, Acc 0 Balance 200.000000, Deposit 100.000000 
User 1, Acc 0 Balance 300.000000, Transfer 300.000000 to Acc 1
[22;32mUser 2, Acc 2 Balance 214.000000, 				Withdraw 500.000000 --insufficient funds[0m
Balance in 1: 431.000000
[22;32mUser 2, Acc 3 Balance -80.000000, 				Withdraw 500.000000 --insufficient funds[0m
User 1, Acc 0 Balance 100.000000, Deposit 100.000000 
User 1, Acc 0 Balance 200.000000, Deposit 200.000000 
User 4, Acc 0 Balance 400.000000, Deposit 200.000000 
User 1, Acc 0 Balance 400.000000, Deposit 300.000000 
User 4, Acc 0 Balance 600.000000, Deposit 300.000000 
User 4, Acc 0 Balance 900.000000, Withdraw 200.000000 
User 4, Acc 0 Balance 700.000000, Withdraw 100.000000 
User 1, Acc 0 Balance 1000.000000, Withdraw 200.000000 
User 4, Acc 0 Balance 900.000000, Withdraw 50.000000 
[22;32mUser 2, Acc 4 Balance 369.000000, 				Withdraw 500.000000 --insufficient funds[0m
User 4, Acc 1 Balance 431.000000, Transfer 200.000000 to Acc 0
Balance in 0: 850.000000
User 2, Acc 5 Balance 1481.000000, Withdraw 500.000000 
User 1, Acc 0 Balance 700.000000, Withdraw 100.000000 
Balance in 0: 300.000000
User 2, Acc 6 Balance 1247.000000, Withdraw 500.000000 
User 2, Acc 7 Balance 45705.000000, Withdraw 500.000000 
[22;32mUser 2, Acc 8 Balance 330.000000, 				Withdraw 500.000000 --insufficient funds[0m
User 3, Acc 9 Balance 4517.000000, Withdraw 163.000000 
User 1, Acc 0 Balance 750.000000, Withdraw 50.000000 
User 1, Acc 1 Balance 231.000000, Transfer 200.000000 to Acc 0
User 2, Acc 9 Balance 4517.000000, Withdraw 500.000000 
User 2, Acc 0 Balance 900.000000, Withdraw 500.000000 
[22;32mUser 2, Acc 1 Balance 31.000000, 				Withdraw 500.000000 --insufficient funds[0m
[22;32mUser 2, Acc 2 Balance 214.000000, 				Withdraw 500.000000 --insufficient funds[0m
[22;32mUser 2, Acc 3 Balance -80.000000, 				Withdraw 500.000000 --insufficient funds[0m
[22;32mUser 2, Acc 4 Balance 369.000000, 				Withdraw 500.000000 --insufficient funds[0m
User 2, Acc 5 Balance 981.000000, Withdraw 500.000000 
User 2, Acc 6 Balance 747.000000, Withdraw 500.000000 
User 2, Acc 7 Balance 45205.000000, Withdraw 500.000000 
[22;32mUser 2, Acc 8 Balance 330.000000, 				Withdraw 500.000000 --insufficient funds[0m
User 2, Acc 9 Balance 3854.000000, Withdraw 500.000000 
[22;32mUser 2, Acc 0 Balance 400.000000, 				Withdraw 500.000000 --insufficient funds[0m
[22;32mUser 2, Acc 1 Balance 31.000000, 				Withdraw 500.000000 --insufficient funds[0m
[22;32mUser 2, Acc 2 Balance 214.000000, 				Withdraw 500.000000 --insufficient funds[0m
[22;32mUser 2, Acc 3 Balance -80.000000, 				Withdraw 500.000000 --insufficient funds[0m
[22;32mUser 2, Acc 4 Balance 369.000000, 				Withdraw 500.000000 --insufficient funds[0m
[22;32mUser 2, Acc 5 Balance 481.000000, 				Withdraw 500.000000 --insufficient funds[0m
[22;32mUser 2, Acc 6 Balance 247.000000, 				Withdraw 500.000000 --insufficient funds[0m
User 2, Acc 7 Balance 44705.000000, Withdraw 500.000000 
[22;32mUser 2, Acc 8 Balance 330.000000, 				Withdraw 500.000000 --insufficient funds[0m
User 2, Acc 9 Balance 3354.000000, Withdraw 500.000000 
[22;32mUser 2, Acc 0 Balance 400.000000, 				Withdraw 500.000000 --insufficient funds[0m
Balance in 0: 900.000000
  ***     End of transaction batch    ***  
Account 0 balance after completion of transaction batch: 400.000000
Account 1 balance after completion of transaction batch: 31.000000
Account 2 balance after completion of transaction batch: 214.000000
Account 3 balance after completion of transaction batch: -80.000000
Account 4 balance after completion of transaction batch: 369.000000
Account 5 balance after completion of transaction batch: 481.000000
Account 6 balance after completion of transaction batch: 247.000000
Account 7 balance after completion of transaction batch: 44205.000000
Account 8 balance after completion of transaction batch: 330.000000
Account 9 balance after completion of transaction batch: 2854.000000
