# Output generated by:
# ./my_executable 5 data/transactions7.txt data/transactions11.txt data/transactions8.txt data/transactions4.txt data/transactions1.txt

********************************************
   Reading and parsing a transaction file   
********************************************
Parsed transaction: deposit 7 9929.000000 
Loaded deposit transaction
Parsed transaction: deposit 4 937.000000 
Loaded deposit transaction
Parsed transaction: deposit 5 941.000000 
Loaded deposit transaction
Parsed transaction: deposit 0 7.000000 
Loaded deposit transaction
Parsed transaction: deposit 3 29.000000 
Loaded deposit transaction
Parsed transaction: deposit 7 9.000000 
Loaded deposit transaction
Parsed transaction: deposit 9 129.000000 
Loaded deposit transaction
Parsed transaction: transfer 3 7 29.000000 
Loaded transfer transaction
Parsed transaction: transfer 7 6 31.000000 
Loaded transfer transaction
Parsed transaction: transfer 7 5 137.000000 
Loaded transfer transaction
Parsed transaction: transfer 7 4 3.000000 
Loaded transfer transaction
Parsed transaction: transfer 7 4 5.000000 
Loaded transfer transaction
Parsed transaction: withdraw 4 1167.000000 
Loaded withdrawal transaction
Parsed transaction: withdraw 5 1307.000000 
Loaded withdrawal transaction
Parsed transaction: transfer 1 8 89.000000 
Loaded transfer transaction
Parsed transaction: transfer 1 9 163.000000 
Loaded transfer transaction
Parsed transaction: withdraw 1 41.000000 
Loaded withdrawal transaction
Parsed transaction: withdraw 2 71.000000 
Loaded withdrawal transaction
Parsed transaction: withdraw 3 1127.000000 
Loaded withdrawal transaction
Parsed transaction: withdraw 6 647.000000 
Loaded withdrawal transaction
Parsed transaction: deposit 6 1953.000000 
Loaded deposit transaction
Parsed transaction: deposit 7 967.000000 
Loaded deposit transaction
Parsed transaction: transfer 1 7 19.000000 
Loaded transfer transaction
Parsed transaction: transfer 2 7 23.000000 
Loaded transfer transaction
Parsed transaction: transfer 6 5 1167.000000 
Loaded transfer transaction
Parsed transaction: transfer 4 5 53.000000 
Loaded transfer transaction
Parsed transaction: withdraw 7 1593.000000 
Loaded withdrawal transaction
Parsed transaction: withdraw 8 449.000000 
Loaded withdrawal transaction
Parsed transaction: withdraw 9 163.000000 
Loaded withdrawal transaction
********************************************
********************************************
   Reading and parsing a transaction file   
********************************************
Parsed transaction: deposit 9 617.000000 
Loaded deposit transaction
Parsed transaction: transfer 9 9 617.000000 
Loaded transfer transaction
Parsed transaction: deposit 8 619.000000 
Loaded deposit transaction
Parsed transaction: transfer 8 2 619.000000 
Loaded transfer transaction
Parsed transaction: deposit 7 631.000000 
Loaded deposit transaction
Parsed transaction: transfer 7 3 631.000000 
Loaded transfer transaction
Parsed transaction: deposit 6 641.000000 
Loaded deposit transaction
Parsed transaction: transfer 6 4 641.000000 
Loaded transfer transaction
Parsed transaction: deposit 5 643.000000 
Loaded deposit transaction
Parsed transaction: transfer 5 6 1200.000000 
Loaded transfer transaction
Parsed transaction: deposit 4 647.000000 
Loaded deposit transaction
Parsed transaction: transfer 4 7 1200.000000 
Loaded transfer transaction
Parsed transaction: deposit 3 653.000000 
Loaded deposit transaction
Parsed transaction: transfer 3 8 1200.000000 
Loaded transfer transaction
Parsed transaction: deposit 2 659.000000 
Loaded deposit transaction
Parsed transaction: transfer 2 9 1200.000000 
Loaded transfer transaction
Parsed transaction: deposit 1 661.000000 
Loaded deposit transaction
Parsed transaction: transfer 1 9 1200.000000 
Loaded transfer transaction
Parsed transaction: deposit 0 673.000000 
Loaded deposit transaction
Parsed transaction: transfer 0 9 1200.000000 
Loaded transfer transaction
Parsed transaction: withdraw 1 50.000000 
Loaded withdrawal transaction
Parsed transaction: withdraw 2 50.000000 
Loaded withdrawal transaction
Parsed transaction: withdraw 3 50.000000 
Loaded withdrawal transaction
Parsed transaction: withdraw 4 50.000000 
Loaded withdrawal transaction
Parsed transaction: withdraw 5 50.000000 
Loaded withdrawal transaction
Parsed transaction: withdraw 6 50.000000 
Loaded withdrawal transaction
Parsed transaction: withdraw 7 50.000000 
Loaded withdrawal transaction
Parsed transaction: withdraw 8 50.000000 
Loaded withdrawal transaction
Parsed transaction: withdraw 9 50.000000 
Loaded withdrawal transaction
Parsed transaction: withdraw 0 50.000000 
Loaded withdrawal transaction
********************************************
********************************************
   Reading and parsing a transaction file   
********************************************
Parsed transaction: deposit 9 617.000000 
Loaded deposit transaction
Parsed transaction: transfer 9 1 617.000000 
Loaded transfer transaction
Parsed transaction: deposit 8 619.000000 
Loaded deposit transaction
Parsed transaction: transfer 8 2 619.000000 
Loaded transfer transaction
Parsed transaction: deposit 7 631.000000 
Loaded deposit transaction
Parsed transaction: transfer 7 3 631.000000 
Loaded transfer transaction
Parsed transaction: deposit 6 641.000000 
Loaded deposit transaction
Parsed transaction: transfer 6 4 641.000000 
Loaded transfer transaction
Parsed transaction: deposit 5 643.000000 
Loaded deposit transaction
Parsed transaction: transfer 5 6 1200.000000 
Loaded transfer transaction
Parsed transaction: deposit 4 647.000000 
Loaded deposit transaction
Parsed transaction: transfer 4 7 1200.000000 
Loaded transfer transaction
Parsed transaction: deposit 3 653.000000 
Loaded deposit transaction
Parsed transaction: transfer 3 8 1200.000000 
Loaded transfer transaction
Parsed transaction: deposit 2 659.000000 
Loaded deposit transaction
Parsed transaction: transfer 2 9 1200.000000 
Loaded transfer transaction
Parsed transaction: deposit 1 661.000000 
Loaded deposit transaction
Parsed transaction: transfer 1 9 1200.000000 
Loaded transfer transaction
Parsed transaction: deposit 0 673.000000 
Loaded deposit transaction
Parsed transaction: transfer 0 9 1200.000000 
Loaded transfer transaction
********************************************
********************************************
   Reading and parsing a transaction file   
********************************************
Parsed transaction: deposit 0 907.000000 
Loaded deposit transaction
Parsed transaction: deposit 1 911.000000 
Loaded deposit transaction
Parsed transaction: deposit 2 919.000000 
Loaded deposit transaction
Parsed transaction: deposit 3 929.000000 
Loaded deposit transaction
Parsed transaction: deposit 4 937.000000 
Loaded deposit transaction
Parsed transaction: deposit 5 941.000000 
Loaded deposit transaction
Parsed transaction: deposit 6 953.000000 
Loaded deposit transaction
Parsed transaction: deposit 7 967.000000 
Loaded deposit transaction
Parsed transaction: transfer 1 7 19.000000 
Loaded transfer transaction
Parsed transaction: transfer 2 7 23.000000 
Loaded transfer transaction
Parsed transaction: transfer 3 7 29.000000 
Loaded transfer transaction
Parsed transaction: transfer 7 6 31.000000 
Loaded transfer transaction
Parsed transaction: transfer 7 5 37.000000 
Loaded transfer transaction
Parsed transaction: transfer 7 4 3.000000 
Loaded transfer transaction
Parsed transaction: transfer 7 4 5.000000 
Loaded transfer transaction
Parsed transaction: transfer 6 5 67.000000 
Loaded transfer transaction
Parsed transaction: transfer 4 5 53.000000 
Loaded transfer transaction
Parsed transaction: transfer 1 8 89.000000 
Loaded transfer transaction
Parsed transaction: transfer 1 9 163.000000 
Loaded transfer transaction
Parsed transaction: withdraw 1 41.000000 
Loaded withdrawal transaction
Parsed transaction: withdraw 2 71.000000 
Loaded withdrawal transaction
Parsed transaction: withdraw 3 127.000000 
Loaded withdrawal transaction
Parsed transaction: withdraw 4 167.000000 
Loaded withdrawal transaction
Parsed transaction: withdraw 5 307.000000 
Loaded withdrawal transaction
Parsed transaction: withdraw 6 647.000000 
Loaded withdrawal transaction
Parsed transaction: withdraw 7 593.000000 
Loaded withdrawal transaction
Parsed transaction: withdraw 8 449.000000 
Loaded withdrawal transaction
Parsed transaction: withdraw 9 163.000000 
Loaded withdrawal transaction
********************************************
********************************************
   Reading and parsing a transaction file   
********************************************
Parsed transaction: deposit 0 100.000000 
Loaded deposit transaction
Parsed transaction: deposit 0 200.000000 
Loaded deposit transaction
Parsed transaction: deposit 0 300.000000 
Loaded deposit transaction
Parsed transaction: withdraw 0 200.000000 
Loaded withdrawal transaction
Parsed transaction: withdraw 0 100.000000 
Loaded withdrawal transaction
Parsed transaction: withdraw 0 50.000000 
Loaded withdrawal transaction
Parsed transaction: transfer 1 0 200.000000 
Loaded transfer transaction
Parsed transaction: balance 0 
Loaded balance transaction
********************************************
  ***    Start of transaction batch    ***  
User 0, Acc 7 Balance 0.000000, Deposit 9929.000000 
User 0, Acc 4 Balance 0.000000, Deposit 937.000000 
User 0, Acc 5 Balance 0.000000, Deposit 941.000000 
User 0, Acc 0 Balance 0.000000, Deposit 7.000000 
User 0, Acc 3 Balance 0.000000, Deposit 29.000000 
User 0, Acc 7 Balance 9929.000000, Deposit 9.000000 
User 0, Acc 9 Balance 0.000000, Deposit 129.000000 
User 0, Acc 3 Balance 29.000000, Transfer 29.000000 to Acc 7
User 0, Acc 7 Balance 9967.000000, Transfer 31.000000 to Acc 6
User 0, Acc 7 Balance 9936.000000, Transfer 137.000000 to Acc 5
User 0, Acc 7 Balance 9799.000000, Transfer 3.000000 to Acc 4
User 0, Acc 7 Balance 9796.000000, Transfer 5.000000 to Acc 4
[22;32mUser 0, Acc 4 Balance 945.000000, 				Withdraw 1167.000000 --insufficient funds[0m
[22;32mUser 0, Acc 5 Balance 1078.000000, 				Withdraw 1307.000000 --insufficient funds[0m
[22;32mUser 0, Acc 1 Balance 0.000000, 				Withdraw 41.000000 --insufficient funds[0m
[22;32mUser 0, Acc 2 Balance 0.000000, 				Withdraw 71.000000 --insufficient funds[0m
[22;32mUser 0, Acc 3 Balance 0.000000, 				Withdraw 1127.000000 --insufficient funds[0m
[22;32mUser 0, Acc 6 Balance 31.000000, 				Withdraw 647.000000 --insufficient funds[0m
User 0, Acc 6 Balance 31.000000, Deposit 1953.000000 
User 0, Acc 7 Balance 9791.000000, Deposit 967.000000 
User 0, Acc 6 Balance 1984.000000, Transfer 1167.000000 to Acc 5
User 0, Acc 4 Balance 945.000000, Transfer 53.000000 to Acc 5
User 0, Acc 7 Balance 10758.000000, Withdraw 1593.000000 
[22;32mUser 0, Acc 8 Balance 0.000000, 				Withdraw 449.000000 --insufficient funds[0m
[22;32mUser 0, Acc 9 Balance 129.000000, 				Withdraw 163.000000 --insufficient funds[0m
User 3, Acc 9 Balance 129.000000, Deposit 617.000000 
User 2, Acc 9 Balance 129.000000, Deposit 617.000000 
User 2, Acc 9 Balance 1363.000000, Transfer 617.000000 to Acc 9
User 2, Acc 8 Balance 0.000000, Deposit 619.000000 
User 2, Acc 8 Balance 619.000000, Transfer 619.000000 to Acc 2
User 2, Acc 7 Balance 9165.000000, Deposit 631.000000 
User 2, Acc 7 Balance 9796.000000, Transfer 631.000000 to Acc 3
User 2, Acc 6 Balance 817.000000, Deposit 641.000000 
User 4, Acc 0 Balance 7.000000, Deposit 100.000000 
User 1, Acc 7 Balance 9165.000000, Deposit 9929.000000 
User 3, Acc 9 Balance 746.000000, Transfer 617.000000 to Acc 1
User 2, Acc 6 Balance 1458.000000, Transfer 641.000000 to Acc 4
User 3, Acc 8 Balance 0.000000, Deposit 619.000000 
User 2, Acc 5 Balance 2298.000000, Deposit 643.000000 
User 4, Acc 0 Balance 107.000000, Deposit 200.000000 
User 1, Acc 4 Balance 892.000000, Deposit 937.000000 
User 4, Acc 0 Balance 307.000000, Deposit 300.000000 
User 1, Acc 5 Balance 2941.000000, Deposit 941.000000 
User 4, Acc 0 Balance 607.000000, Withdraw 200.000000 
User 4, Acc 0 Balance 407.000000, Withdraw 100.000000 
User 4, Acc 0 Balance 307.000000, Withdraw 50.000000 
User 4, Acc 1 Balance 617.000000, Transfer 200.000000 to Acc 0
Balance in 0: 457.000000
User 4, Acc 9 Balance 746.000000, Deposit 617.000000 
User 4, Acc 9 Balance 1363.000000, Transfer 617.000000 to Acc 9
User 4, Acc 8 Balance 619.000000, Deposit 619.000000 
User 4, Acc 8 Balance 1238.000000, Transfer 619.000000 to Acc 2
User 4, Acc 7 Balance 19094.000000, Deposit 631.000000 
User 4, Acc 7 Balance 19725.000000, Transfer 631.000000 to Acc 3
User 4, Acc 6 Balance 817.000000, Deposit 641.000000 
User 4, Acc 6 Balance 1458.000000, Transfer 641.000000 to Acc 4
User 4, Acc 5 Balance 3882.000000, Deposit 643.000000 
User 4, Acc 5 Balance 4525.000000, Transfer 1200.000000 to Acc 6
User 4, Acc 4 Balance 3111.000000, Deposit 647.000000 
User 4, Acc 4 Balance 3758.000000, Transfer 1200.000000 to Acc 7
User 4, Acc 3 Balance 1262.000000, Deposit 653.000000 
User 4, Acc 3 Balance 1915.000000, Transfer 1200.000000 to Acc 8
User 4, Acc 2 Balance 1238.000000, Deposit 659.000000 
User 4, Acc 2 Balance 1897.000000, Transfer 1200.000000 to Acc 9
User 4, Acc 1 Balance 417.000000, Deposit 661.000000 
User 3, Acc 8 Balance 619.000000, Transfer 619.000000 to Acc 2
User 0, Acc 0 Balance 7.000000, Deposit 907.000000 
User 3, Acc 7 Balance 20294.000000, Deposit 631.000000 
User 0, Acc 1 Balance 1078.000000, Deposit 911.000000 
User 3, Acc 7 Balance 20925.000000, Transfer 631.000000 to Acc 3
User 0, Acc 2 Balance 1316.000000, Deposit 919.000000 
User 3, Acc 6 Balance 2017.000000, Deposit 641.000000 
User 3, Acc 6 Balance 2658.000000, Transfer 641.000000 to Acc 4
User 4, Acc 0 Balance 457.000000, Deposit 673.000000 
User 3, Acc 5 Balance 3325.000000, Deposit 643.000000 
User 4, Acc 0 Balance 2037.000000, Transfer 1200.000000 to Acc 9
User 0, Acc 3 Balance 1346.000000, Deposit 929.000000 
User 2, Acc 5 Balance 2941.000000, Transfer 1200.000000 to Acc 6
User 1, Acc 0 Balance 607.000000, Deposit 7.000000 
User 2, Acc 4 Balance 3199.000000, Deposit 647.000000 
User 1, Acc 3 Balance 2275.000000, Deposit 29.000000 
User 2, Acc 4 Balance 3846.000000, Transfer 1200.000000 to Acc 7
User 1, Acc 7 Balance 20294.000000, Deposit 9.000000 
User 1, Acc 9 Balance 3763.000000, Deposit 129.000000 
User 4, Acc 1 Balance 1989.000000, Withdraw 50.000000 
User 4, Acc 2 Balance 2235.000000, Withdraw 50.000000 
User 4, Acc 3 Balance 2304.000000, Withdraw 50.000000 
User 4, Acc 4 Balance 2646.000000, Withdraw 50.000000 
User 4, Acc 5 Balance 2768.000000, Withdraw 50.000000 
User 4, Acc 6 Balance 3217.000000, Withdraw 50.000000 
User 4, Acc 7 Balance 21503.000000, Withdraw 50.000000 
User 4, Acc 8 Balance 1200.000000, Withdraw 50.000000 
User 0, Acc 4 Balance 3199.000000, Deposit 937.000000 
User 0, Acc 5 Balance 2718.000000, Deposit 941.000000 
User 0, Acc 6 Balance 3167.000000, Deposit 953.000000 
User 0, Acc 7 Balance 21453.000000, Deposit 967.000000 
User 0, Acc 1 Balance 1939.000000, Transfer 19.000000 to Acc 7
User 0, Acc 2 Balance 2185.000000, Transfer 23.000000 to Acc 7
User 0, Acc 3 Balance 2254.000000, Transfer 29.000000 to Acc 7
User 0, Acc 7 Balance 22491.000000, Transfer 31.000000 to Acc 6
User 4, Acc 9 Balance 3892.000000, Withdraw 50.000000 
User 3, Acc 5 Balance 3968.000000, Transfer 1200.000000 to Acc 6
User 2, Acc 3 Balance 2304.000000, Deposit 653.000000 
User 1, Acc 3 Balance 2304.000000, Transfer 29.000000 to Acc 7
User 2, Acc 3 Balance 2878.000000, Transfer 1200.000000 to Acc 8
User 2, Acc 2 Balance 2162.000000, Deposit 659.000000 
User 2, Acc 2 Balance 2821.000000, Transfer 1200.000000 to Acc 9
User 4, Acc 0 Balance 844.000000, Withdraw 50.000000 
User 1, Acc 7 Balance 22489.000000, Transfer 31.000000 to Acc 6
User 1, Acc 7 Balance 22458.000000, Transfer 137.000000 to Acc 5
User 2, Acc 1 Balance 1920.000000, Deposit 661.000000 
User 1, Acc 7 Balance 22321.000000, Transfer 3.000000 to Acc 4
User 1, Acc 7 Balance 22318.000000, Transfer 5.000000 to Acc 4
User 1, Acc 4 Balance 3541.000000, Withdraw 1167.000000 
User 1, Acc 5 Balance 2596.000000, Withdraw 1307.000000 
User 1, Acc 1 Balance 2581.000000, Transfer 89.000000 to Acc 8
User 1, Acc 1 Balance 2492.000000, Transfer 163.000000 to Acc 9
User 1, Acc 1 Balance 2329.000000, Withdraw 41.000000 
User 4, Acc 7 Balance 22489.000000, Deposit 9929.000000 
User 0, Acc 7 Balance 22460.000000, Transfer 37.000000 to Acc 5
User 3, Acc 4 Balance 3533.000000, Deposit 647.000000 
User 0, Acc 7 Balance 32205.000000, Transfer 3.000000 to Acc 4
User 0, Acc 7 Balance 32202.000000, Transfer 5.000000 to Acc 4
User 4, Acc 4 Balance 2374.000000, Deposit 937.000000 
User 4, Acc 5 Balance 1326.000000, Deposit 941.000000 
User 4, Acc 0 Balance 794.000000, Deposit 7.000000 
User 4, Acc 3 Balance 1649.000000, Deposit 29.000000 
User 4, Acc 7 Balance 32197.000000, Deposit 9.000000 
User 4, Acc 9 Balance 5205.000000, Deposit 129.000000 
User 1, Acc 2 Balance 1621.000000, Withdraw 71.000000 
User 1, Acc 3 Balance 1678.000000, Withdraw 1127.000000 
User 0, Acc 6 Balance 5382.000000, Transfer 67.000000 to Acc 5
User 2, Acc 1 Balance 2581.000000, Transfer 1200.000000 to Acc 9
User 3, Acc 4 Balance 3021.000000, Transfer 1200.000000 to Acc 7
User 4, Acc 3 Balance 1678.000000, Transfer 29.000000 to Acc 7
User 1, Acc 6 Balance 5382.000000, Withdraw 647.000000 
User 0, Acc 4 Balance 3966.000000, Transfer 53.000000 to Acc 5
User 1, Acc 6 Balance 4668.000000, Deposit 1953.000000 
User 0, Acc 1 Balance 1088.000000, Transfer 89.000000 to Acc 8
User 4, Acc 7 Balance 33435.000000, Transfer 31.000000 to Acc 6
User 2, Acc 0 Balance 801.000000, Deposit 673.000000 
User 4, Acc 7 Balance 33404.000000, Transfer 137.000000 to Acc 5
User 2, Acc 0 Balance 1474.000000, Transfer 1200.000000 to Acc 9
User 1, Acc 7 Balance 33435.000000, Deposit 967.000000 
User 0, Acc 1 Balance 999.000000, Transfer 163.000000 to Acc 9
User 4, Acc 7 Balance 33267.000000, Transfer 3.000000 to Acc 4
User 4, Acc 7 Balance 34231.000000, Transfer 5.000000 to Acc 4
User 4, Acc 4 Balance 2721.000000, Withdraw 1167.000000 
User 1, Acc 1 Balance 999.000000, Transfer 19.000000 to Acc 7
User 4, Acc 5 Balance 2524.000000, Withdraw 1307.000000 
User 1, Acc 2 Balance 1550.000000, Transfer 23.000000 to Acc 7
User 4, Acc 1 Balance 817.000000, Transfer 89.000000 to Acc 8
User 4, Acc 1 Balance 728.000000, Transfer 163.000000 to Acc 9
User 0, Acc 1 Balance 836.000000, Withdraw 41.000000 
User 4, Acc 1 Balance 565.000000, Withdraw 41.000000 
User 0, Acc 2 Balance 1527.000000, Withdraw 71.000000 
User 1, Acc 6 Balance 6652.000000, Transfer 1167.000000 to Acc 5
User 0, Acc 3 Balance 522.000000, Withdraw 127.000000 
User 1, Acc 4 Balance 1554.000000, Transfer 53.000000 to Acc 5
User 0, Acc 4 Balance 1554.000000, Withdraw 167.000000 
User 1, Acc 7 Balance 34268.000000, Withdraw 1593.000000 
User 1, Acc 8 Balance 2617.000000, Withdraw 449.000000 
User 4, Acc 2 Balance 1527.000000, Withdraw 71.000000 
User 1, Acc 9 Balance 8060.000000, Withdraw 163.000000 
User 2, Acc 1 Balance 999.000000, Withdraw 50.000000 
User 2, Acc 2 Balance 1385.000000, Withdraw 50.000000 
User 2, Acc 3 Balance 395.000000, Withdraw 50.000000 
User 1, Acc 9 Balance 7897.000000, Deposit 617.000000 
User 1, Acc 9 Balance 8514.000000, Transfer 617.000000 to Acc 1
User 1, Acc 8 Balance 2168.000000, Deposit 619.000000 
User 1, Acc 8 Balance 2787.000000, Transfer 619.000000 to Acc 2
User 1, Acc 7 Balance 32675.000000, Deposit 631.000000 
User 1, Acc 7 Balance 33306.000000, Transfer 631.000000 to Acc 3
User 1, Acc 6 Balance 5485.000000, Deposit 641.000000 
User 1, Acc 6 Balance 6126.000000, Transfer 641.000000 to Acc 4
User 1, Acc 5 Balance 2437.000000, Deposit 643.000000 
[22;32mUser 4, Acc 3 Balance 395.000000, 				Withdraw 1127.000000 --insufficient funds[0m
User 1, Acc 5 Balance 3080.000000, Transfer 1200.000000 to Acc 6
User 4, Acc 6 Balance 5485.000000, Withdraw 647.000000 
User 1, Acc 4 Balance 1975.000000, Deposit 647.000000 
User 2, Acc 4 Balance 1334.000000, Withdraw 50.000000 
User 1, Acc 4 Balance 2622.000000, Transfer 1200.000000 to Acc 7
User 0, Acc 5 Balance 2437.000000, Withdraw 307.000000 
User 4, Acc 6 Balance 6038.000000, Deposit 1953.000000 
User 0, Acc 6 Balance 6038.000000, Withdraw 647.000000 
User 4, Acc 7 Balance 33875.000000, Deposit 967.000000 
User 0, Acc 7 Balance 33875.000000, Withdraw 593.000000 
User 4, Acc 1 Balance 1050.000000, Transfer 19.000000 to Acc 7
User 2, Acc 5 Balance 1880.000000, Withdraw 50.000000 
User 4, Acc 2 Balance 1954.000000, Transfer 23.000000 to Acc 7
User 2, Acc 6 Balance 7344.000000, Withdraw 50.000000 
User 2, Acc 7 Balance 34291.000000, Withdraw 50.000000 
User 2, Acc 8 Balance 2168.000000, Withdraw 50.000000 
User 3, Acc 3 Balance 551.000000, Deposit 653.000000 
User 0, Acc 8 Balance 2168.000000, Withdraw 449.000000 
User 3, Acc 3 Balance 1629.000000, Transfer 1200.000000 to Acc 8
User 0, Acc 9 Balance 7897.000000, Withdraw 163.000000 
User 3, Acc 2 Balance 1931.000000, Deposit 659.000000 
User 2, Acc 9 Balance 7897.000000, Withdraw 50.000000 
User 1, Acc 3 Balance 976.000000, Deposit 653.000000 
User 1, Acc 2 Balance 2590.000000, Deposit 659.000000 
User 4, Acc 6 Balance 7344.000000, Transfer 1167.000000 to Acc 5
User 4, Acc 4 Balance 1372.000000, Transfer 53.000000 to Acc 5
User 4, Acc 7 Balance 34241.000000, Withdraw 1593.000000 
User 4, Acc 8 Balance 2869.000000, Withdraw 449.000000 
User 4, Acc 9 Balance 7684.000000, Withdraw 163.000000 
User 3, Acc 2 Balance 2590.000000, Transfer 1200.000000 to Acc 9
User 3, Acc 1 Balance 1031.000000, Deposit 661.000000 
User 3, Acc 1 Balance 1692.000000, Transfer 1200.000000 to Acc 9
User 1, Acc 2 Balance 3249.000000, Transfer 1200.000000 to Acc 9
User 4, Acc 7 Balance 32648.000000, Deposit 9929.000000 
User 4, Acc 4 Balance 1319.000000, Deposit 937.000000 
User 4, Acc 5 Balance 2743.000000, Deposit 941.000000 
User 4, Acc 0 Balance 274.000000, Deposit 7.000000 
User 4, Acc 3 Balance 1082.000000, Deposit 29.000000 
User 4, Acc 7 Balance 42577.000000, Deposit 9.000000 
User 4, Acc 9 Balance 11121.000000, Deposit 129.000000 
User 4, Acc 3 Balance 1111.000000, Transfer 29.000000 to Acc 7
User 4, Acc 7 Balance 42615.000000, Transfer 31.000000 to Acc 6
User 4, Acc 7 Balance 42584.000000, Transfer 137.000000 to Acc 5
User 1, Acc 1 Balance 492.000000, Deposit 661.000000 
User 2, Acc 0 Balance 274.000000, Withdraw 50.000000 
User 1, Acc 0 Balance 281.000000, Deposit 673.000000 
User 1, Acc 9 Balance 11250.000000, Deposit 617.000000 
User 1, Acc 9 Balance 11867.000000, Transfer 617.000000 to Acc 9
User 1, Acc 8 Balance 2420.000000, Deposit 619.000000 
User 3, Acc 0 Balance 274.000000, Deposit 673.000000 
User 0, Acc 7 Balance 34241.000000, Deposit 9929.000000 
User 4, Acc 7 Balance 42447.000000, Transfer 3.000000 to Acc 4
User 4, Acc 7 Balance 52373.000000, Transfer 5.000000 to Acc 4
User 4, Acc 4 Balance 2264.000000, Withdraw 1167.000000 
User 4, Acc 5 Balance 3821.000000, Withdraw 1307.000000 
User 4, Acc 1 Balance 1153.000000, Transfer 89.000000 to Acc 8
User 4, Acc 1 Balance 1064.000000, Transfer 163.000000 to Acc 9
User 4, Acc 1 Balance 901.000000, Withdraw 41.000000 
User 4, Acc 2 Balance 849.000000, Withdraw 71.000000 
[22;32mUser 4, Acc 3 Balance 1082.000000, 				Withdraw 1127.000000 --insufficient funds[0m
User 4, Acc 6 Balance 6158.000000, Withdraw 647.000000 
User 4, Acc 6 Balance 5511.000000, Deposit 1953.000000 
User 4, Acc 7 Balance 52368.000000, Deposit 967.000000 
User 4, Acc 1 Balance 860.000000, Transfer 19.000000 to Acc 7
User 4, Acc 2 Balance 778.000000, Transfer 23.000000 to Acc 7
User 0, Acc 4 Balance 2256.000000, Deposit 937.000000 
User 4, Acc 6 Balance 7464.000000, Transfer 1167.000000 to Acc 5
User 2, Acc 0 Balance 231.000000, Deposit 907.000000 
User 2, Acc 1 Balance 841.000000, Deposit 911.000000 
User 2, Acc 2 Balance 755.000000, Deposit 919.000000 
User 2, Acc 3 Balance 1082.000000, Deposit 929.000000 
User 2, Acc 4 Balance 2034.000000, Deposit 937.000000 
User 2, Acc 5 Balance 3681.000000, Deposit 941.000000 
User 2, Acc 6 Balance 6297.000000, Deposit 953.000000 
User 2, Acc 7 Balance 53377.000000, Deposit 967.000000 
User 1, Acc 8 Balance 3039.000000, Transfer 619.000000 to Acc 2
User 3, Acc 0 Balance 1577.000000, Transfer 1200.000000 to Acc 9
User 1, Acc 7 Balance 54344.000000, Deposit 631.000000 
User 1, Acc 7 Balance 54975.000000, Transfer 631.000000 to Acc 3
User 0, Acc 5 Balance 3681.000000, Deposit 941.000000 
User 2, Acc 1 Balance 1752.000000, Transfer 19.000000 to Acc 7
User 3, Acc 9 Balance 13230.000000, Deposit 617.000000 
User 2, Acc 2 Balance 2293.000000, Transfer 23.000000 to Acc 7
User 4, Acc 4 Balance 1097.000000, Transfer 53.000000 to Acc 5
User 4, Acc 7 Balance 54386.000000, Withdraw 1593.000000 
User 4, Acc 8 Balance 2509.000000, Withdraw 449.000000 
User 4, Acc 9 Balance 13847.000000, Withdraw 163.000000 
User 4, Acc 9 Balance 13684.000000, Deposit 617.000000 
User 4, Acc 9 Balance 14301.000000, Transfer 617.000000 to Acc 9
User 4, Acc 8 Balance 2060.000000, Deposit 619.000000 
User 4, Acc 8 Balance 2679.000000, Transfer 619.000000 to Acc 2
User 4, Acc 7 Balance 52793.000000, Deposit 631.000000 
User 4, Acc 7 Balance 53424.000000, Transfer 631.000000 to Acc 3
User 4, Acc 6 Balance 7250.000000, Deposit 641.000000 
User 4, Acc 6 Balance 7891.000000, Transfer 641.000000 to Acc 4
User 4, Acc 5 Balance 5616.000000, Deposit 643.000000 
User 4, Acc 5 Balance 6259.000000, Transfer 1200.000000 to Acc 6
User 4, Acc 4 Balance 3559.000000, Deposit 647.000000 
User 4, Acc 4 Balance 4206.000000, Transfer 1200.000000 to Acc 7
User 4, Acc 3 Balance 3273.000000, Deposit 653.000000 
User 4, Acc 3 Balance 3926.000000, Transfer 1200.000000 to Acc 8
User 4, Acc 2 Balance 2889.000000, Deposit 659.000000 
User 4, Acc 2 Balance 3548.000000, Transfer 1200.000000 to Acc 9
User 4, Acc 1 Balance 1733.000000, Deposit 661.000000 
User 4, Acc 1 Balance 2394.000000, Transfer 1200.000000 to Acc 9
User 4, Acc 0 Balance 1284.000000, Deposit 673.000000 
User 4, Acc 0 Balance 1957.000000, Transfer 1200.000000 to Acc 9
User 4, Acc 1 Balance 1194.000000, Withdraw 50.000000 
User 4, Acc 2 Balance 2348.000000, Withdraw 50.000000 
User 4, Acc 3 Balance 2726.000000, Withdraw 50.000000 
User 4, Acc 4 Balance 3006.000000, Withdraw 50.000000 
User 4, Acc 5 Balance 5059.000000, Withdraw 50.000000 
User 4, Acc 6 Balance 8450.000000, Withdraw 50.000000 
User 4, Acc 7 Balance 53993.000000, Withdraw 50.000000 
User 4, Acc 8 Balance 3260.000000, Withdraw 50.000000 
User 4, Acc 9 Balance 17901.000000, Withdraw 50.000000 
User 0, Acc 0 Balance 1284.000000, Deposit 7.000000 
User 4, Acc 0 Balance 757.000000, Withdraw 50.000000 
User 0, Acc 3 Balance 2676.000000, Deposit 29.000000 
User 1, Acc 6 Balance 7250.000000, Deposit 641.000000 
User 0, Acc 7 Balance 53943.000000, Deposit 9.000000 
User 0, Acc 9 Balance 17851.000000, Deposit 129.000000 
User 0, Acc 3 Balance 2705.000000, Transfer 29.000000 to Acc 7
User 0, Acc 7 Balance 53981.000000, Transfer 31.000000 to Acc 6
User 0, Acc 7 Balance 53950.000000, Transfer 137.000000 to Acc 5
User 0, Acc 7 Balance 53813.000000, Transfer 3.000000 to Acc 4
User 0, Acc 7 Balance 53810.000000, Transfer 5.000000 to Acc 4
User 0, Acc 4 Balance 2964.000000, Withdraw 1167.000000 
User 0, Acc 5 Balance 5146.000000, Withdraw 1307.000000 
User 0, Acc 1 Balance 1144.000000, Transfer 89.000000 to Acc 8
User 0, Acc 1 Balance 1055.000000, Transfer 163.000000 to Acc 9
User 0, Acc 1 Balance 892.000000, Withdraw 41.000000 
User 0, Acc 2 Balance 2298.000000, Withdraw 71.000000 
User 0, Acc 3 Balance 2676.000000, Withdraw 1127.000000 
User 0, Acc 6 Balance 9072.000000, Withdraw 647.000000 
User 0, Acc 6 Balance 8425.000000, Deposit 1953.000000 
User 0, Acc 7 Balance 53805.000000, Deposit 967.000000 
User 0, Acc 1 Balance 851.000000, Transfer 19.000000 to Acc 7
User 0, Acc 2 Balance 2227.000000, Transfer 23.000000 to Acc 7
User 0, Acc 6 Balance 10378.000000, Transfer 1167.000000 to Acc 5
User 0, Acc 4 Balance 1797.000000, Transfer 53.000000 to Acc 5
User 4, Acc 9 Balance 17851.000000, Deposit 617.000000 
User 4, Acc 9 Balance 18760.000000, Transfer 617.000000 to Acc 1
User 4, Acc 8 Balance 3299.000000, Deposit 619.000000 
User 4, Acc 8 Balance 3918.000000, Transfer 619.000000 to Acc 2
User 0, Acc 7 Balance 54814.000000, Withdraw 1593.000000 
User 0, Acc 8 Balance 3299.000000, Withdraw 449.000000 
User 0, Acc 9 Balance 18143.000000, Withdraw 163.000000 
User 0, Acc 9 Balance 17980.000000, Deposit 617.000000 
User 0, Acc 9 Balance 18597.000000, Transfer 617.000000 to Acc 1
User 0, Acc 8 Balance 2850.000000, Deposit 619.000000 
User 0, Acc 8 Balance 3469.000000, Transfer 619.000000 to Acc 2
User 0, Acc 7 Balance 53221.000000, Deposit 631.000000 
User 0, Acc 7 Balance 53852.000000, Transfer 631.000000 to Acc 3
User 0, Acc 6 Balance 9211.000000, Deposit 641.000000 
User 0, Acc 6 Balance 9852.000000, Transfer 641.000000 to Acc 4
User 0, Acc 5 Balance 5059.000000, Deposit 643.000000 
User 0, Acc 5 Balance 5702.000000, Transfer 1200.000000 to Acc 6
User 0, Acc 4 Balance 2385.000000, Deposit 647.000000 
User 0, Acc 4 Balance 3032.000000, Transfer 1200.000000 to Acc 7
User 2, Acc 3 Balance 2642.000000, Transfer 29.000000 to Acc 7
User 1, Acc 6 Balance 9041.000000, Transfer 641.000000 to Acc 4
User 2, Acc 7 Balance 54450.000000, Transfer 31.000000 to Acc 6
User 1, Acc 5 Balance 4502.000000, Deposit 643.000000 
User 2, Acc 7 Balance 54419.000000, Transfer 37.000000 to Acc 5
User 3, Acc 9 Balance 13847.000000, Transfer 617.000000 to Acc 9
User 2, Acc 7 Balance 54382.000000, Transfer 3.000000 to Acc 4
User 3, Acc 8 Balance 2850.000000, Deposit 619.000000 
User 2, Acc 7 Balance 54379.000000, Transfer 5.000000 to Acc 4
User 4, Acc 7 Balance 54814.000000, Deposit 631.000000 
User 4, Acc 7 Balance 55005.000000, Transfer 631.000000 to Acc 3
User 4, Acc 6 Balance 9801.000000, Deposit 641.000000 
User 4, Acc 6 Balance 10442.000000, Transfer 641.000000 to Acc 4
User 4, Acc 5 Balance 5182.000000, Deposit 643.000000 
User 4, Acc 5 Balance 5825.000000, Transfer 1200.000000 to Acc 6
User 4, Acc 4 Balance 3122.000000, Deposit 647.000000 
User 4, Acc 4 Balance 3769.000000, Transfer 1200.000000 to Acc 7
User 4, Acc 3 Balance 2782.000000, Deposit 653.000000 
User 4, Acc 3 Balance 3435.000000, Transfer 1200.000000 to Acc 8
User 4, Acc 2 Balance 3442.000000, Deposit 659.000000 
User 4, Acc 2 Balance 4101.000000, Transfer 1200.000000 to Acc 9
User 4, Acc 1 Balance 2066.000000, Deposit 661.000000 
User 4, Acc 1 Balance 2727.000000, Transfer 1200.000000 to Acc 9
User 4, Acc 0 Balance 714.000000, Deposit 673.000000 
User 4, Acc 0 Balance 1387.000000, Transfer 1200.000000 to Acc 9
User 4, Acc 9 Balance 21580.000000, Deposit 617.000000 
User 4, Acc 9 Balance 22197.000000, Transfer 617.000000 to Acc 1
User 4, Acc 8 Balance 4669.000000, Deposit 619.000000 
User 4, Acc 8 Balance 5288.000000, Transfer 619.000000 to Acc 2
User 4, Acc 7 Balance 55574.000000, Deposit 631.000000 
User 4, Acc 7 Balance 56205.000000, Transfer 631.000000 to Acc 3
User 4, Acc 6 Balance 11001.000000, Deposit 641.000000 
User 4, Acc 6 Balance 11642.000000, Transfer 641.000000 to Acc 4
User 4, Acc 5 Balance 4625.000000, Deposit 643.000000 
User 4, Acc 5 Balance 5268.000000, Transfer 1200.000000 to Acc 6
User 4, Acc 4 Balance 3210.000000, Deposit 647.000000 
User 4, Acc 4 Balance 3857.000000, Transfer 1200.000000 to Acc 7
User 4, Acc 3 Balance 2866.000000, Deposit 653.000000 
User 4, Acc 3 Balance 3519.000000, Transfer 1200.000000 to Acc 8
User 4, Acc 2 Balance 3520.000000, Deposit 659.000000 
User 4, Acc 2 Balance 4179.000000, Transfer 1200.000000 to Acc 9
User 4, Acc 1 Balance 2144.000000, Deposit 661.000000 
User 4, Acc 1 Balance 2805.000000, Transfer 1200.000000 to Acc 9
User 4, Acc 0 Balance 187.000000, Deposit 673.000000 
User 4, Acc 0 Balance 860.000000, Deposit 100.000000 
User 4, Acc 0 Balance 960.000000, Deposit 200.000000 
User 4, Acc 0 Balance 1160.000000, Deposit 300.000000 
User 4, Acc 0 Balance 1460.000000, Withdraw 200.000000 
User 4, Acc 0 Balance 1260.000000, Withdraw 100.000000 
User 4, Acc 0 Balance 1160.000000, Withdraw 50.000000 
User 4, Acc 1 Balance 1605.000000, Transfer 200.000000 to Acc 0
Balance in 0: 1310.000000
User 3, Acc 8 Balance 3469.000000, Transfer 619.000000 to Acc 2
User 4, Acc 0 Balance 1310.000000, Deposit 907.000000 
User 1, Acc 5 Balance 5145.000000, Transfer 1200.000000 to Acc 6
User 4, Acc 1 Balance 1405.000000, Deposit 911.000000 
User 2, Acc 6 Balance 9801.000000, Transfer 67.000000 to Acc 5
User 3, Acc 7 Balance 56774.000000, Deposit 631.000000 
User 2, Acc 4 Balance 2657.000000, Transfer 53.000000 to Acc 5
User 2, Acc 1 Balance 2316.000000, Transfer 89.000000 to Acc 8
User 0, Acc 3 Balance 2180.000000, Deposit 653.000000 
User 4, Acc 2 Balance 3598.000000, Deposit 919.000000 
User 4, Acc 3 Balance 2972.000000, Deposit 929.000000 
User 4, Acc 4 Balance 2604.000000, Deposit 937.000000 
User 4, Acc 5 Balance 2988.000000, Deposit 941.000000 
User 4, Acc 6 Balance 13334.000000, Deposit 953.000000 
User 4, Acc 7 Balance 57405.000000, Deposit 967.000000 
User 4, Acc 1 Balance 2227.000000, Transfer 19.000000 to Acc 7
User 4, Acc 2 Balance 4517.000000, Transfer 23.000000 to Acc 7
User 4, Acc 3 Balance 3901.000000, Transfer 29.000000 to Acc 7
User 4, Acc 7 Balance 58443.000000, Transfer 31.000000 to Acc 6
User 4, Acc 7 Balance 58412.000000, Transfer 37.000000 to Acc 5
User 4, Acc 7 Balance 58375.000000, Transfer 3.000000 to Acc 4
User 4, Acc 7 Balance 58372.000000, Transfer 5.000000 to Acc 4
User 4, Acc 6 Balance 14318.000000, Transfer 67.000000 to Acc 5
User 4, Acc 4 Balance 3549.000000, Transfer 53.000000 to Acc 5
User 4, Acc 1 Balance 2208.000000, Transfer 89.000000 to Acc 8
User 4, Acc 1 Balance 2119.000000, Transfer 163.000000 to Acc 9
User 4, Acc 1 Balance 1956.000000, Withdraw 41.000000 
User 4, Acc 2 Balance 4494.000000, Withdraw 71.000000 
User 4, Acc 3 Balance 3872.000000, Withdraw 127.000000 
User 4, Acc 4 Balance 3496.000000, Withdraw 167.000000 
User 4, Acc 5 Balance 4086.000000, Withdraw 307.000000 
User 4, Acc 6 Balance 14251.000000, Withdraw 647.000000 
User 4, Acc 7 Balance 58367.000000, Withdraw 593.000000 
User 4, Acc 8 Balance 5428.000000, Withdraw 449.000000 
User 4, Acc 9 Balance 24143.000000, Withdraw 163.000000 
User 4, Acc 0 Balance 2217.000000, Deposit 907.000000 
User 4, Acc 1 Balance 1915.000000, Deposit 911.000000 
User 4, Acc 2 Balance 4423.000000, Deposit 919.000000 
User 4, Acc 3 Balance 3745.000000, Deposit 929.000000 
User 4, Acc 4 Balance 3329.000000, Deposit 937.000000 
User 4, Acc 5 Balance 3779.000000, Deposit 941.000000 
User 4, Acc 6 Balance 13604.000000, Deposit 953.000000 
User 4, Acc 7 Balance 57774.000000, Deposit 967.000000 
User 4, Acc 1 Balance 2826.000000, Transfer 19.000000 to Acc 7
User 4, Acc 2 Balance 5342.000000, Transfer 23.000000 to Acc 7
User 4, Acc 3 Balance 4674.000000, Transfer 29.000000 to Acc 7
User 4, Acc 7 Balance 58812.000000, Transfer 31.000000 to Acc 6
User 4, Acc 7 Balance 58781.000000, Transfer 37.000000 to Acc 5
User 4, Acc 7 Balance 58744.000000, Transfer 3.000000 to Acc 4
User 4, Acc 7 Balance 58741.000000, Transfer 5.000000 to Acc 4
User 4, Acc 6 Balance 14588.000000, Transfer 67.000000 to Acc 5
User 4, Acc 4 Balance 4274.000000, Transfer 53.000000 to Acc 5
User 4, Acc 1 Balance 2807.000000, Transfer 89.000000 to Acc 8
User 4, Acc 1 Balance 2718.000000, Transfer 163.000000 to Acc 9
User 4, Acc 1 Balance 2555.000000, Withdraw 41.000000 
User 4, Acc 2 Balance 5319.000000, Withdraw 71.000000 
User 4, Acc 3 Balance 4645.000000, Withdraw 127.000000 
User 4, Acc 4 Balance 4221.000000, Withdraw 167.000000 
User 4, Acc 5 Balance 4877.000000, Withdraw 307.000000 
User 4, Acc 6 Balance 14521.000000, Withdraw 647.000000 
User 4, Acc 7 Balance 58736.000000, Withdraw 593.000000 
User 4, Acc 8 Balance 5068.000000, Withdraw 449.000000 
User 1, Acc 4 Balance 2657.000000, Deposit 647.000000 
User 4, Acc 9 Balance 24143.000000, Withdraw 163.000000 
User 2, Acc 1 Balance 2227.000000, Transfer 163.000000 to Acc 9
User 4, Acc 0 Balance 3124.000000, Deposit 907.000000 
User 2, Acc 1 Balance 2351.000000, Withdraw 41.000000 
User 4, Acc 1 Balance 2351.000000, Deposit 911.000000 
User 2, Acc 2 Balance 5248.000000, Withdraw 71.000000 
User 4, Acc 2 Balance 5248.000000, Deposit 919.000000 
User 2, Acc 3 Balance 4518.000000, Withdraw 127.000000 
User 4, Acc 3 Balance 4518.000000, Deposit 929.000000 
User 4, Acc 4 Balance 4701.000000, Deposit 937.000000 
User 4, Acc 5 Balance 4570.000000, Deposit 941.000000 
User 4, Acc 6 Balance 13874.000000, Deposit 953.000000 
User 4, Acc 7 Balance 58143.000000, Deposit 967.000000 
User 4, Acc 1 Balance 3221.000000, Transfer 19.000000 to Acc 7
User 4, Acc 2 Balance 6096.000000, Transfer 23.000000 to Acc 7
User 4, Acc 3 Balance 5320.000000, Transfer 29.000000 to Acc 7
User 4, Acc 7 Balance 59181.000000, Transfer 31.000000 to Acc 6
User 4, Acc 7 Balance 59150.000000, Transfer 37.000000 to Acc 5
User 4, Acc 7 Balance 59113.000000, Transfer 3.000000 to Acc 4
User 4, Acc 7 Balance 59110.000000, Transfer 5.000000 to Acc 4
User 4, Acc 6 Balance 14858.000000, Transfer 67.000000 to Acc 5
User 4, Acc 4 Balance 5646.000000, Transfer 53.000000 to Acc 5
User 4, Acc 1 Balance 3202.000000, Transfer 89.000000 to Acc 8
User 4, Acc 1 Balance 3113.000000, Transfer 163.000000 to Acc 9
User 4, Acc 1 Balance 2950.000000, Withdraw 41.000000 
User 4, Acc 2 Balance 6073.000000, Withdraw 71.000000 
User 4, Acc 3 Balance 5291.000000, Withdraw 127.000000 
User 4, Acc 4 Balance 5593.000000, Withdraw 167.000000 
User 4, Acc 5 Balance 5668.000000, Withdraw 307.000000 
User 4, Acc 6 Balance 14791.000000, Withdraw 647.000000 
User 4, Acc 7 Balance 59105.000000, Withdraw 593.000000 
User 4, Acc 8 Balance 4708.000000, Withdraw 449.000000 
User 4, Acc 9 Balance 24306.000000, Withdraw 163.000000 
User 4, Acc 0 Balance 4031.000000, Deposit 100.000000 
User 4, Acc 0 Balance 4131.000000, Deposit 200.000000 
User 4, Acc 0 Balance 4331.000000, Deposit 300.000000 
User 4, Acc 0 Balance 4631.000000, Withdraw 200.000000 
User 4, Acc 0 Balance 4431.000000, Withdraw 100.000000 
User 4, Acc 0 Balance 4331.000000, Withdraw 50.000000 
User 4, Acc 1 Balance 2909.000000, Transfer 200.000000 to Acc 0
Balance in 0: 4481.000000
User 0, Acc 3 Balance 2972.000000, Transfer 1200.000000 to Acc 8
User 4, Acc 0 Balance 4481.000000, Deposit 100.000000 
User 1, Acc 4 Balance 4701.000000, Transfer 1200.000000 to Acc 7
User 4, Acc 0 Balance 4581.000000, Deposit 200.000000 
User 3, Acc 7 Balance 57405.000000, Transfer 631.000000 to Acc 3
User 4, Acc 0 Balance 4781.000000, Deposit 300.000000 
User 3, Acc 6 Balance 14144.000000, Deposit 641.000000 
User 3, Acc 6 Balance 14785.000000, Transfer 641.000000 to Acc 4
User 4, Acc 0 Balance 5081.000000, Withdraw 200.000000 
User 3, Acc 5 Balance 5361.000000, Deposit 643.000000 
User 0, Acc 2 Balance 6002.000000, Deposit 659.000000 
User 2, Acc 4 Balance 4701.000000, Withdraw 167.000000 
User 2, Acc 5 Balance 6004.000000, Withdraw 307.000000 
User 3, Acc 5 Balance 6004.000000, Transfer 1200.000000 to Acc 6
User 1, Acc 3 Balance 3964.000000, Deposit 653.000000 
User 4, Acc 0 Balance 4881.000000, Withdraw 100.000000 
User 2, Acc 6 Balance 14144.000000, Withdraw 647.000000 
User 4, Acc 0 Balance 4781.000000, Withdraw 50.000000 
User 2, Acc 7 Balance 59081.000000, Withdraw 593.000000 
User 4, Acc 1 Balance 2709.000000, Transfer 200.000000 to Acc 0
User 2, Acc 8 Balance 5459.000000, Withdraw 449.000000 
Balance in 0: 4931.000000
User 2, Acc 9 Balance 24143.000000, Withdraw 163.000000 
User 4, Acc 0 Balance 4931.000000, Deposit 100.000000 
User 1, Acc 3 Balance 5248.000000, Transfer 1200.000000 to Acc 8
User 4, Acc 0 Balance 5031.000000, Deposit 200.000000 
User 1, Acc 2 Balance 6661.000000, Deposit 659.000000 
User 1, Acc 2 Balance 7320.000000, Transfer 1200.000000 to Acc 9
User 1, Acc 1 Balance 2509.000000, Deposit 661.000000 
User 1, Acc 1 Balance 3170.000000, Transfer 1200.000000 to Acc 9
User 0, Acc 2 Balance 6661.000000, Transfer 1200.000000 to Acc 9
User 0, Acc 1 Balance 1970.000000, Deposit 661.000000 
User 0, Acc 1 Balance 2631.000000, Transfer 1200.000000 to Acc 9
User 0, Acc 0 Balance 5231.000000, Deposit 673.000000 
User 0, Acc 0 Balance 5904.000000, Transfer 1200.000000 to Acc 9
User 4, Acc 0 Balance 5231.000000, Deposit 300.000000 
User 4, Acc 0 Balance 5004.000000, Withdraw 200.000000 
User 4, Acc 0 Balance 4804.000000, Withdraw 100.000000 
User 4, Acc 0 Balance 4704.000000, Withdraw 50.000000 
User 4, Acc 1 Balance 1431.000000, Transfer 200.000000 to Acc 0
Balance in 0: 4854.000000
User 3, Acc 4 Balance 4700.000000, Deposit 647.000000 
User 3, Acc 4 Balance 5347.000000, Transfer 1200.000000 to Acc 7
User 1, Acc 0 Balance 5231.000000, Deposit 673.000000 
User 1, Acc 0 Balance 5527.000000, Transfer 1200.000000 to Acc 9
User 1, Acc 1 Balance 1231.000000, Withdraw 50.000000 
User 1, Acc 2 Balance 4920.000000, Withdraw 50.000000 
User 1, Acc 3 Balance 4048.000000, Withdraw 50.000000 
User 1, Acc 4 Balance 4147.000000, Withdraw 50.000000 
User 1, Acc 5 Balance 4497.000000, Withdraw 50.000000 
User 1, Acc 6 Balance 14697.000000, Withdraw 50.000000 
User 1, Acc 7 Balance 59688.000000, Withdraw 50.000000 
User 1, Acc 8 Balance 6210.000000, Withdraw 50.000000 
User 1, Acc 9 Balance 31180.000000, Withdraw 50.000000 
User 1, Acc 0 Balance 4327.000000, Withdraw 50.000000 
User 3, Acc 3 Balance 4048.000000, Deposit 653.000000 
User 3, Acc 3 Balance 4651.000000, Transfer 1200.000000 to Acc 8
User 3, Acc 2 Balance 4870.000000, Deposit 659.000000 
User 3, Acc 2 Balance 5529.000000, Transfer 1200.000000 to Acc 9
User 3, Acc 1 Balance 1181.000000, Deposit 661.000000 
User 3, Acc 1 Balance 1842.000000, Transfer 1200.000000 to Acc 9
User 3, Acc 0 Balance 4277.000000, Deposit 673.000000 
User 3, Acc 0 Balance 4950.000000, Transfer 1200.000000 to Acc 9
User 3, Acc 1 Balance 642.000000, Withdraw 50.000000 
User 3, Acc 2 Balance 4329.000000, Withdraw 50.000000 
User 3, Acc 3 Balance 3451.000000, Withdraw 50.000000 
User 3, Acc 4 Balance 4097.000000, Withdraw 50.000000 
User 3, Acc 5 Balance 4447.000000, Withdraw 50.000000 
User 3, Acc 6 Balance 14647.000000, Withdraw 50.000000 
User 3, Acc 7 Balance 59638.000000, Withdraw 50.000000 
User 3, Acc 8 Balance 7360.000000, Withdraw 50.000000 
User 3, Acc 9 Balance 34730.000000, Withdraw 50.000000 
User 3, Acc 0 Balance 3750.000000, Withdraw 50.000000 
  ***     End of transaction batch    ***  
Account 0 balance after completion of transaction batch: 3700.000000
Account 1 balance after completion of transaction batch: 592.000000
Account 2 balance after completion of transaction batch: 4279.000000
Account 3 balance after completion of transaction batch: 3401.000000
Account 4 balance after completion of transaction batch: 4047.000000
Account 5 balance after completion of transaction batch: 4397.000000
Account 6 balance after completion of transaction batch: 14597.000000
Account 7 balance after completion of transaction batch: 59588.000000
Account 8 balance after completion of transaction batch: 7310.000000
Account 9 balance after completion of transaction batch: 34680.000000
