# Output generated by:
# ./my_executable 5 data/transactions7.txt data/transactions9.txt data/transactions3.txt data/transactions8.txt data/transactions5.txt

********************************************
   Reading and parsing a transaction file   
********************************************
Parsed transaction: deposit 7 9929.000000 
Loaded deposit transaction
Parsed transaction: deposit 4 937.000000 
Loaded deposit transaction
Parsed transaction: deposit 5 941.000000 
Loaded deposit transaction
Parsed transaction: deposit 0 7.000000 
Loaded deposit transaction
Parsed transaction: deposit 3 29.000000 
Loaded deposit transaction
Parsed transaction: deposit 7 9.000000 
Loaded deposit transaction
Parsed transaction: deposit 9 129.000000 
Loaded deposit transaction
Parsed transaction: transfer 3 7 29.000000 
Loaded transfer transaction
Parsed transaction: transfer 7 6 31.000000 
Loaded transfer transaction
Parsed transaction: transfer 7 5 137.000000 
Loaded transfer transaction
Parsed transaction: transfer 7 4 3.000000 
Loaded transfer transaction
Parsed transaction: transfer 7 4 5.000000 
Loaded transfer transaction
Parsed transaction: withdraw 4 1167.000000 
Loaded withdrawal transaction
Parsed transaction: withdraw 5 1307.000000 
Loaded withdrawal transaction
Parsed transaction: transfer 1 8 89.000000 
Loaded transfer transaction
Parsed transaction: transfer 1 9 163.000000 
Loaded transfer transaction
Parsed transaction: withdraw 1 41.000000 
Loaded withdrawal transaction
Parsed transaction: withdraw 2 71.000000 
Loaded withdrawal transaction
Parsed transaction: withdraw 3 1127.000000 
Loaded withdrawal transaction
Parsed transaction: withdraw 6 647.000000 
Loaded withdrawal transaction
Parsed transaction: deposit 6 1953.000000 
Loaded deposit transaction
Parsed transaction: deposit 7 967.000000 
Loaded deposit transaction
Parsed transaction: transfer 1 7 19.000000 
Loaded transfer transaction
Parsed transaction: transfer 2 7 23.000000 
Loaded transfer transaction
Parsed transaction: transfer 6 5 1167.000000 
Loaded transfer transaction
Parsed transaction: transfer 4 5 53.000000 
Loaded transfer transaction
Parsed transaction: withdraw 7 1593.000000 
Loaded withdrawal transaction
Parsed transaction: withdraw 8 449.000000 
Loaded withdrawal transaction
Parsed transaction: withdraw 9 163.000000 
Loaded withdrawal transaction
********************************************
********************************************
   Reading and parsing a transaction file   
********************************************
Parsed transaction: deposit 9 617.000000 
Loaded deposit transaction
Parsed transaction: transfer 9 1 617.000000 
Loaded transfer transaction
Parsed transaction: deposit 8 619.000000 
Loaded deposit transaction
Parsed transaction: transfer 8 2 619.000000 
Loaded transfer transaction
Parsed transaction: deposit 7 631.000000 
Loaded deposit transaction
Parsed transaction: transfer 7 3 631.000000 
Loaded transfer transaction
Parsed transaction: deposit 6 641.000000 
Loaded deposit transaction
Parsed transaction: transfer 6 4 641.000000 
Loaded transfer transaction
Parsed transaction: deposit 5 643.000000 
Loaded deposit transaction
Parsed transaction: transfer 5 6 1200.000000 
Loaded transfer transaction
Parsed transaction: deposit 4 647.000000 
Loaded deposit transaction
Parsed transaction: transfer 4 7 1200.000000 
Loaded transfer transaction
Parsed transaction: deposit 3 653.000000 
Loaded deposit transaction
Parsed transaction: transfer 3 8 1200.000000 
Loaded transfer transaction
Parsed transaction: deposit 2 659.000000 
Loaded deposit transaction
Parsed transaction: transfer 2 9 1200.000000 
Loaded transfer transaction
Parsed transaction: deposit 1 661.000000 
Loaded deposit transaction
Parsed transaction: transfer 1 9 1200.000000 
Loaded transfer transaction
Parsed transaction: deposit 0 673.000000 
Loaded deposit transaction
Parsed transaction: transfer 0 9 1200.000000 
Loaded transfer transaction
Parsed transaction: withdraw 1 50.000000 
Loaded withdrawal transaction
Parsed transaction: withdraw 2 50.000000 
Loaded withdrawal transaction
Parsed transaction: withdraw 3 50.000000 
Loaded withdrawal transaction
Parsed transaction: withdraw 4 50.000000 
Loaded withdrawal transaction
Parsed transaction: withdraw 5 50.000000 
Loaded withdrawal transaction
Parsed transaction: withdraw 6 50.000000 
Loaded withdrawal transaction
Parsed transaction: withdraw 7 50.000000 
Loaded withdrawal transaction
Parsed transaction: withdraw 8 50.000000 
Loaded withdrawal transaction
Parsed transaction: withdraw 9 50.000000 
Loaded withdrawal transaction
Parsed transaction: withdraw 0 50.000000 
Loaded withdrawal transaction
********************************************
********************************************
   Reading and parsing a transaction file   
********************************************
Parsed transaction: deposit 0 400.000000 
Loaded deposit transaction
Parsed transaction: withdraw 0 200.000000 
Loaded withdrawal transaction
Parsed transaction: deposit 1 100.000000 
Loaded deposit transaction
Parsed transaction: deposit 2 900.000000 
Loaded deposit transaction
Parsed transaction: withdraw 1 50.000000 
Loaded withdrawal transaction
Parsed transaction: withdraw 2 150.000000 
Loaded withdrawal transaction
Parsed transaction: deposit 3 500.000000 
Loaded deposit transaction
Parsed transaction: transfer 2 1 300.000000 
Loaded transfer transaction
Parsed transaction: transfer 3 1 300.000000 
Loaded transfer transaction
Parsed transaction: deposit 0 400.000000 
Loaded deposit transaction
Parsed transaction: withdraw 3 200.000000 
Loaded withdrawal transaction
Parsed transaction: balance 1 
Loaded balance transaction
********************************************
********************************************
   Reading and parsing a transaction file   
********************************************
Parsed transaction: deposit 9 617.000000 
Loaded deposit transaction
Parsed transaction: transfer 9 1 617.000000 
Loaded transfer transaction
Parsed transaction: deposit 8 619.000000 
Loaded deposit transaction
Parsed transaction: transfer 8 2 619.000000 
Loaded transfer transaction
Parsed transaction: deposit 7 631.000000 
Loaded deposit transaction
Parsed transaction: transfer 7 3 631.000000 
Loaded transfer transaction
Parsed transaction: deposit 6 641.000000 
Loaded deposit transaction
Parsed transaction: transfer 6 4 641.000000 
Loaded transfer transaction
Parsed transaction: deposit 5 643.000000 
Loaded deposit transaction
Parsed transaction: transfer 5 6 1200.000000 
Loaded transfer transaction
Parsed transaction: deposit 4 647.000000 
Loaded deposit transaction
Parsed transaction: transfer 4 7 1200.000000 
Loaded transfer transaction
Parsed transaction: deposit 3 653.000000 
Loaded deposit transaction
Parsed transaction: transfer 3 8 1200.000000 
Loaded transfer transaction
Parsed transaction: deposit 2 659.000000 
Loaded deposit transaction
Parsed transaction: transfer 2 9 1200.000000 
Loaded transfer transaction
Parsed transaction: deposit 1 661.000000 
Loaded deposit transaction
Parsed transaction: transfer 1 9 1200.000000 
Loaded transfer transaction
Parsed transaction: deposit 0 673.000000 
Loaded deposit transaction
Parsed transaction: transfer 0 9 1200.000000 
Loaded transfer transaction
********************************************
********************************************
   Reading and parsing a transaction file   
********************************************
Parsed transaction: deposit 0 907.000000 
Loaded deposit transaction
Parsed transaction: deposit 1 911.000000 
Loaded deposit transaction
Parsed transaction: deposit 2 919.000000 
Loaded deposit transaction
Parsed transaction: transfer 3 7 29.000000 
Loaded transfer transaction
Parsed transaction: transfer 7 6 31.000000 
Loaded transfer transaction
Parsed transaction: transfer 7 5 37.000000 
Loaded transfer transaction
Parsed transaction: transfer 7 4 3.000000 
Loaded transfer transaction
Parsed transaction: transfer 7 4 5.000000 
Loaded transfer transaction
Parsed transaction: deposit 3 929.000000 
Loaded deposit transaction
Parsed transaction: deposit 4 937.000000 
Loaded deposit transaction
Parsed transaction: deposit 5 941.000000 
Loaded deposit transaction
Parsed transaction: withdraw 4 167.000000 
Loaded withdrawal transaction
Parsed transaction: withdraw 5 307.000000 
Loaded withdrawal transaction
Parsed transaction: transfer 1 8 89.000000 
Loaded transfer transaction
Parsed transaction: transfer 1 9 163.000000 
Loaded transfer transaction
Parsed transaction: withdraw 1 41.000000 
Loaded withdrawal transaction
Parsed transaction: withdraw 2 71.000000 
Loaded withdrawal transaction
Parsed transaction: withdraw 3 127.000000 
Loaded withdrawal transaction
Parsed transaction: withdraw 6 647.000000 
Loaded withdrawal transaction
Parsed transaction: deposit 6 953.000000 
Loaded deposit transaction
Parsed transaction: deposit 7 967.000000 
Loaded deposit transaction
Parsed transaction: transfer 1 7 19.000000 
Loaded transfer transaction
Parsed transaction: transfer 2 7 23.000000 
Loaded transfer transaction
Parsed transaction: transfer 6 5 67.000000 
Loaded transfer transaction
Parsed transaction: transfer 4 5 53.000000 
Loaded transfer transaction
Parsed transaction: withdraw 7 593.000000 
Loaded withdrawal transaction
Parsed transaction: withdraw 8 449.000000 
Loaded withdrawal transaction
Parsed transaction: withdraw 9 163.000000 
Loaded withdrawal transaction
********************************************
  ***    Start of transaction batch    ***  
User 0, Acc 7 Balance 0.000000, Deposit 9929.000000 
User 0, Acc 4 Balance 0.000000, Deposit 937.000000 
User 0, Acc 5 Balance 0.000000, Deposit 941.000000 
User 0, Acc 0 Balance 0.000000, Deposit 7.000000 
User 0, Acc 3 Balance 0.000000, Deposit 29.000000 
User 0, Acc 7 Balance 9929.000000, Deposit 9.000000 
User 0, Acc 9 Balance 0.000000, Deposit 129.000000 
User 0, Acc 3 Balance 29.000000, Transfer 29.000000 to Acc 7
User 0, Acc 7 Balance 9967.000000, Transfer 31.000000 to Acc 6
User 0, Acc 7 Balance 9936.000000, Transfer 137.000000 to Acc 5
User 0, Acc 7 Balance 9799.000000, Transfer 3.000000 to Acc 4
User 0, Acc 7 Balance 9796.000000, Transfer 5.000000 to Acc 4
[22;32mUser 0, Acc 4 Balance 945.000000, 				Withdraw 1167.000000 --insufficient funds[0m
[22;32mUser 0, Acc 5 Balance 1078.000000, 				Withdraw 1307.000000 --insufficient funds[0m
[22;32mUser 0, Acc 1 Balance 0.000000, 				Withdraw 41.000000 --insufficient funds[0m
[22;32mUser 0, Acc 2 Balance 0.000000, 				Withdraw 71.000000 --insufficient funds[0m
[22;32mUser 0, Acc 3 Balance 0.000000, 				Withdraw 1127.000000 --insufficient funds[0m
[22;32mUser 0, Acc 6 Balance 31.000000, 				Withdraw 647.000000 --insufficient funds[0m
User 0, Acc 6 Balance 31.000000, Deposit 1953.000000 
User 0, Acc 7 Balance 9791.000000, Deposit 967.000000 
User 0, Acc 6 Balance 1984.000000, Transfer 1167.000000 to Acc 5
User 0, Acc 4 Balance 945.000000, Transfer 53.000000 to Acc 5
User 0, Acc 7 Balance 10758.000000, Withdraw 1593.000000 
[22;32mUser 0, Acc 8 Balance 0.000000, 				Withdraw 449.000000 --insufficient funds[0m
[22;32mUser 0, Acc 9 Balance 129.000000, 				Withdraw 163.000000 --insufficient funds[0m
User 0, Acc 9 Balance 129.000000, Deposit 617.000000 
User 0, Acc 9 Balance 746.000000, Transfer 617.000000 to Acc 1
User 0, Acc 8 Balance 0.000000, Deposit 619.000000 
User 2, Acc 0 Balance 7.000000, Deposit 400.000000 
User 3, Acc 9 Balance 129.000000, Deposit 617.000000 
User 0, Acc 8 Balance 619.000000, Transfer 619.000000 to Acc 2
User 0, Acc 7 Balance 9165.000000, Deposit 631.000000 
User 1, Acc 0 Balance 407.000000, Deposit 907.000000 
User 1, Acc 1 Balance 617.000000, Deposit 911.000000 
User 4, Acc 7 Balance 9165.000000, Deposit 9929.000000 
User 3, Acc 9 Balance 746.000000, Transfer 617.000000 to Acc 1
User 4, Acc 4 Balance 892.000000, Deposit 937.000000 
User 3, Acc 8 Balance 0.000000, Deposit 619.000000 
User 1, Acc 2 Balance 619.000000, Deposit 919.000000 
User 2, Acc 0 Balance 407.000000, Withdraw 200.000000 
User 1, Acc 7 Balance 19725.000000, Transfer 31.000000 to Acc 6
User 0, Acc 7 Balance 9796.000000, Transfer 631.000000 to Acc 3
User 3, Acc 8 Balance 619.000000, Transfer 619.000000 to Acc 2
User 4, Acc 5 Balance 2298.000000, Deposit 941.000000 
User 3, Acc 7 Balance 19063.000000, Deposit 631.000000 
User 1, Acc 7 Balance 19694.000000, Transfer 37.000000 to Acc 5
User 1, Acc 7 Balance 19657.000000, Transfer 3.000000 to Acc 4
User 2, Acc 1 Balance 2145.000000, Deposit 100.000000 
User 4, Acc 0 Balance 1114.000000, Deposit 7.000000 
User 4, Acc 3 Balance 631.000000, Deposit 29.000000 
User 0, Acc 6 Balance 848.000000, Deposit 641.000000 
User 0, Acc 6 Balance 1489.000000, Transfer 641.000000 to Acc 4
User 0, Acc 5 Balance 3276.000000, Deposit 643.000000 
User 0, Acc 5 Balance 3919.000000, Transfer 1200.000000 to Acc 6
User 0, Acc 4 Balance 2473.000000, Deposit 647.000000 
User 0, Acc 4 Balance 3120.000000, Transfer 1200.000000 to Acc 7
User 0, Acc 3 Balance 660.000000, Deposit 653.000000 
User 0, Acc 3 Balance 1313.000000, Transfer 1200.000000 to Acc 8
User 0, Acc 2 Balance 2157.000000, Deposit 659.000000 
User 0, Acc 2 Balance 2816.000000, Transfer 1200.000000 to Acc 9
User 0, Acc 1 Balance 2245.000000, Deposit 661.000000 
User 0, Acc 1 Balance 2906.000000, Transfer 1200.000000 to Acc 9
User 3, Acc 7 Balance 19694.000000, Transfer 631.000000 to Acc 3
User 4, Acc 7 Balance 19654.000000, Deposit 9.000000 
User 3, Acc 6 Balance 2048.000000, Deposit 641.000000 
User 3, Acc 6 Balance 2689.000000, Transfer 641.000000 to Acc 4
User 4, Acc 9 Balance 2529.000000, Deposit 129.000000 
User 0, Acc 0 Balance 1121.000000, Deposit 673.000000 
User 1, Acc 7 Balance 19654.000000, Transfer 5.000000 to Acc 4
User 0, Acc 0 Balance 1794.000000, Transfer 1200.000000 to Acc 9
User 1, Acc 3 Balance 744.000000, Deposit 929.000000 
User 1, Acc 4 Balance 2566.000000, Deposit 937.000000 
User 4, Acc 3 Balance 744.000000, Transfer 29.000000 to Acc 7
User 1, Acc 5 Balance 2719.000000, Deposit 941.000000 
User 4, Acc 7 Balance 20256.000000, Transfer 31.000000 to Acc 6
User 1, Acc 4 Balance 3503.000000, Withdraw 167.000000 
User 4, Acc 7 Balance 20225.000000, Transfer 137.000000 to Acc 5
User 1, Acc 5 Balance 3660.000000, Withdraw 307.000000 
User 4, Acc 7 Balance 20088.000000, Transfer 3.000000 to Acc 4
User 4, Acc 7 Balance 20085.000000, Transfer 5.000000 to Acc 4
User 2, Acc 2 Balance 2157.000000, Deposit 900.000000 
User 4, Acc 4 Balance 3344.000000, Withdraw 1167.000000 
User 2, Acc 1 Balance 1706.000000, Withdraw 50.000000 
User 3, Acc 5 Balance 2719.000000, Deposit 643.000000 
User 0, Acc 1 Balance 1706.000000, Withdraw 50.000000 
User 4, Acc 5 Balance 3490.000000, Withdraw 1307.000000 
User 0, Acc 2 Balance 2516.000000, Withdraw 50.000000 
User 1, Acc 1 Balance 1706.000000, Transfer 89.000000 to Acc 8
User 3, Acc 5 Balance 4133.000000, Transfer 1200.000000 to Acc 6
User 2, Acc 2 Balance 2516.000000, Withdraw 150.000000 
User 4, Acc 1 Balance 1606.000000, Transfer 89.000000 to Acc 8
User 0, Acc 3 Balance 1644.000000, Withdraw 50.000000 
User 4, Acc 1 Balance 1428.000000, Transfer 163.000000 to Acc 9
User 3, Acc 4 Balance 2177.000000, Deposit 647.000000 
User 2, Acc 3 Balance 1644.000000, Deposit 500.000000 
User 3, Acc 4 Balance 2824.000000, Transfer 1200.000000 to Acc 7
User 3, Acc 3 Balance 1594.000000, Deposit 653.000000 
User 0, Acc 4 Balance 2177.000000, Withdraw 50.000000 
User 3, Acc 3 Balance 2747.000000, Transfer 1200.000000 to Acc 8
User 0, Acc 5 Balance 1626.000000, Withdraw 50.000000 
User 0, Acc 6 Balance 3279.000000, Withdraw 50.000000 
User 2, Acc 2 Balance 2316.000000, Transfer 300.000000 to Acc 1
User 0, Acc 7 Balance 21280.000000, Withdraw 50.000000 
User 4, Acc 1 Balance 1265.000000, Withdraw 41.000000 
User 3, Acc 2 Balance 2316.000000, Deposit 659.000000 
User 2, Acc 3 Balance 1547.000000, Transfer 300.000000 to Acc 1
User 3, Acc 2 Balance 2675.000000, Transfer 1200.000000 to Acc 9
User 3, Acc 1 Balance 1524.000000, Deposit 661.000000 
User 0, Acc 8 Balance 2578.000000, Withdraw 50.000000 
User 3, Acc 1 Balance 2485.000000, Transfer 1200.000000 to Acc 9
User 0, Acc 9 Balance 5221.000000, Withdraw 50.000000 
User 1, Acc 1 Balance 1517.000000, Transfer 163.000000 to Acc 9
User 2, Acc 0 Balance 594.000000, Deposit 400.000000 
User 1, Acc 1 Balance 1122.000000, Withdraw 41.000000 
User 2, Acc 3 Balance 1247.000000, Withdraw 200.000000 
User 1, Acc 2 Balance 1475.000000, Withdraw 71.000000 
User 1, Acc 3 Balance 1047.000000, Withdraw 127.000000 
User 0, Acc 0 Balance 594.000000, Withdraw 50.000000 
User 1, Acc 6 Balance 3229.000000, Withdraw 647.000000 
User 1, Acc 6 Balance 2582.000000, Deposit 953.000000 
User 0, Acc 9 Balance 6534.000000, Deposit 617.000000 
User 4, Acc 2 Balance 2016.000000, Withdraw 71.000000 
Balance in 1: 1081.000000
[22;32mUser 4, Acc 3 Balance 920.000000, 				Withdraw 1127.000000 --insufficient funds[0m
User 2, Acc 0 Balance 944.000000, Deposit 400.000000 
User 1, Acc 7 Balance 21230.000000, Deposit 967.000000 
User 0, Acc 9 Balance 7151.000000, Transfer 617.000000 to Acc 1
User 1, Acc 1 Balance 1081.000000, Transfer 19.000000 to Acc 7
User 0, Acc 8 Balance 2528.000000, Deposit 619.000000 
User 1, Acc 2 Balance 1333.000000, Transfer 23.000000 to Acc 7
User 1, Acc 6 Balance 3535.000000, Transfer 67.000000 to Acc 5
User 4, Acc 6 Balance 3535.000000, Withdraw 647.000000 
User 1, Acc 4 Balance 1574.000000, Transfer 53.000000 to Acc 5
User 4, Acc 6 Balance 2821.000000, Deposit 1953.000000 
User 1, Acc 7 Balance 22239.000000, Withdraw 593.000000 
User 1, Acc 8 Balance 3147.000000, Withdraw 449.000000 
User 2, Acc 0 Balance 1344.000000, Withdraw 200.000000 
User 1, Acc 9 Balance 6534.000000, Withdraw 163.000000 
User 0, Acc 8 Balance 3147.000000, Transfer 619.000000 to Acc 2
User 4, Acc 7 Balance 21646.000000, Deposit 967.000000 
User 0, Acc 7 Balance 21646.000000, Deposit 631.000000 
User 4, Acc 1 Balance 1679.000000, Transfer 19.000000 to Acc 7
User 4, Acc 2 Balance 1929.000000, Transfer 23.000000 to Acc 7
User 0, Acc 7 Balance 23263.000000, Transfer 631.000000 to Acc 3
User 4, Acc 6 Balance 4774.000000, Transfer 1167.000000 to Acc 5
User 3, Acc 0 Balance 594.000000, Deposit 673.000000 
User 1, Acc 7 Balance 21646.000000, Deposit 9929.000000 
User 2, Acc 1 Balance 1679.000000, Deposit 100.000000 
User 1, Acc 4 Balance 1521.000000, Deposit 937.000000 
User 1, Acc 5 Balance 2863.000000, Deposit 941.000000 
User 4, Acc 4 Balance 1521.000000, Transfer 53.000000 to Acc 5
User 3, Acc 0 Balance 1817.000000, Transfer 1200.000000 to Acc 9
User 4, Acc 7 Balance 32584.000000, Withdraw 1593.000000 
User 4, Acc 8 Balance 2079.000000, Withdraw 449.000000 
User 2, Acc 2 Balance 1906.000000, Deposit 900.000000 
User 4, Acc 9 Balance 7571.000000, Withdraw 163.000000 
User 2, Acc 1 Balance 1760.000000, Withdraw 50.000000 
User 4, Acc 9 Balance 7408.000000, Deposit 617.000000 
User 1, Acc 0 Balance 1817.000000, Deposit 7.000000 
User 4, Acc 9 Balance 8025.000000, Transfer 617.000000 to Acc 1
User 1, Acc 3 Balance 1551.000000, Deposit 29.000000 
User 4, Acc 8 Balance 1630.000000, Deposit 619.000000 
User 1, Acc 7 Balance 30991.000000, Deposit 9.000000 
User 4, Acc 8 Balance 2249.000000, Transfer 619.000000 to Acc 2
User 1, Acc 9 Balance 7408.000000, Deposit 129.000000 
User 4, Acc 7 Balance 31000.000000, Deposit 631.000000 
User 0, Acc 6 Balance 4774.000000, Deposit 641.000000 
User 2, Acc 2 Balance 2806.000000, Withdraw 150.000000 
User 0, Acc 6 Balance 4248.000000, Transfer 641.000000 to Acc 4
User 4, Acc 7 Balance 31631.000000, Transfer 631.000000 to Acc 3
User 0, Acc 5 Balance 3857.000000, Deposit 643.000000 
User 1, Acc 3 Balance 1580.000000, Transfer 29.000000 to Acc 7
User 1, Acc 7 Balance 31029.000000, Transfer 31.000000 to Acc 6
User 3, Acc 9 Balance 7571.000000, Deposit 617.000000 
User 0, Acc 5 Balance 4500.000000, Transfer 1200.000000 to Acc 6
User 4, Acc 6 Balance 3607.000000, Deposit 641.000000 
User 0, Acc 4 Balance 3046.000000, Deposit 647.000000 
User 4, Acc 6 Balance 5479.000000, Transfer 641.000000 to Acc 4
User 3, Acc 9 Balance 8154.000000, Transfer 617.000000 to Acc 1
User 2, Acc 3 Balance 1580.000000, Deposit 500.000000 
User 3, Acc 8 Balance 1630.000000, Deposit 619.000000 
User 2, Acc 2 Balance 3275.000000, Transfer 300.000000 to Acc 1
User 0, Acc 4 Balance 3693.000000, Transfer 1200.000000 to Acc 7
User 4, Acc 5 Balance 3300.000000, Deposit 643.000000 
User 0, Acc 3 Balance 2682.000000, Deposit 653.000000 
User 2, Acc 3 Balance 2682.000000, Transfer 300.000000 to Acc 1
User 2, Acc 0 Balance 624.000000, Deposit 400.000000 
User 4, Acc 5 Balance 3943.000000, Transfer 1200.000000 to Acc 6
User 4, Acc 4 Balance 3134.000000, Deposit 647.000000 
User 4, Acc 4 Balance 3781.000000, Transfer 1200.000000 to Acc 7
User 4, Acc 3 Balance 3035.000000, Deposit 653.000000 
User 4, Acc 3 Balance 3688.000000, Transfer 1200.000000 to Acc 8
User 4, Acc 2 Balance 2975.000000, Deposit 659.000000 
User 4, Acc 2 Balance 3634.000000, Transfer 1200.000000 to Acc 9
User 4, Acc 1 Balance 3544.000000, Deposit 661.000000 
User 4, Acc 1 Balance 4205.000000, Transfer 1200.000000 to Acc 9
User 4, Acc 0 Balance 1024.000000, Deposit 673.000000 
User 4, Acc 0 Balance 1697.000000, Transfer 1200.000000 to Acc 9
User 4, Acc 1 Balance 3005.000000, Withdraw 50.000000 
User 1, Acc 7 Balance 30998.000000, Transfer 137.000000 to Acc 5
User 2, Acc 3 Balance 3035.000000, Withdraw 200.000000 
User 1, Acc 7 Balance 33261.000000, Transfer 3.000000 to Acc 4
Balance in 1: 2955.000000
User 2, Acc 7 Balance 33261.000000, Deposit 9929.000000 
User 4, Acc 2 Balance 2434.000000, Withdraw 50.000000 
User 0, Acc 3 Balance 3335.000000, Transfer 1200.000000 to Acc 8
User 1, Acc 7 Balance 33258.000000, Transfer 5.000000 to Acc 4
User 3, Acc 8 Balance 2249.000000, Transfer 619.000000 to Acc 2
User 4, Acc 3 Balance 2288.000000, Withdraw 50.000000 
User 2, Acc 4 Balance 2584.000000, Deposit 937.000000 
User 2, Acc 5 Balance 2880.000000, Deposit 941.000000 
User 2, Acc 0 Balance 497.000000, Deposit 7.000000 
User 2, Acc 3 Balance 1038.000000, Deposit 29.000000 
User 2, Acc 7 Balance 43182.000000, Deposit 9.000000 
User 2, Acc 9 Balance 11137.000000, Deposit 129.000000 
User 2, Acc 3 Balance 1067.000000, Transfer 29.000000 to Acc 7
User 2, Acc 7 Balance 43220.000000, Transfer 31.000000 to Acc 6
User 2, Acc 7 Balance 43189.000000, Transfer 137.000000 to Acc 5
User 2, Acc 7 Balance 43052.000000, Transfer 3.000000 to Acc 4
User 2, Acc 7 Balance 43049.000000, Transfer 5.000000 to Acc 4
User 2, Acc 4 Balance 3534.000000, Withdraw 1167.000000 
User 2, Acc 5 Balance 3958.000000, Withdraw 1307.000000 
User 2, Acc 1 Balance 2955.000000, Transfer 89.000000 to Acc 8
User 2, Acc 1 Balance 2866.000000, Transfer 163.000000 to Acc 9
User 2, Acc 1 Balance 2703.000000, Withdraw 41.000000 
User 2, Acc 2 Balance 3003.000000, Withdraw 71.000000 
[22;32mUser 2, Acc 3 Balance 1038.000000, 				Withdraw 1127.000000 --insufficient funds[0m
User 2, Acc 6 Balance 6069.000000, Withdraw 647.000000 
User 2, Acc 6 Balance 5422.000000, Deposit 1953.000000 
User 2, Acc 7 Balance 43044.000000, Deposit 967.000000 
User 2, Acc 1 Balance 2662.000000, Transfer 19.000000 to Acc 7
User 2, Acc 2 Balance 2932.000000, Transfer 23.000000 to Acc 7
User 2, Acc 6 Balance 7375.000000, Transfer 1167.000000 to Acc 5
User 2, Acc 4 Balance 2367.000000, Transfer 53.000000 to Acc 5
User 2, Acc 7 Balance 44053.000000, Withdraw 1593.000000 
User 2, Acc 8 Balance 4119.000000, Withdraw 449.000000 
User 2, Acc 9 Balance 11429.000000, Withdraw 163.000000 
User 3, Acc 7 Balance 43182.000000, Deposit 631.000000 
User 3, Acc 7 Balance 43091.000000, Transfer 631.000000 to Acc 3
User 4, Acc 4 Balance 2589.000000, Withdraw 50.000000 
User 0, Acc 2 Balance 2384.000000, Deposit 659.000000 
User 1, Acc 4 Balance 2589.000000, Withdraw 1167.000000 
User 2, Acc 7 Balance 42460.000000, Deposit 9929.000000 
User 3, Acc 6 Balance 6208.000000, Deposit 641.000000 
User 4, Acc 5 Balance 3871.000000, Withdraw 50.000000 
User 0, Acc 2 Balance 3568.000000, Transfer 1200.000000 to Acc 9
User 1, Acc 5 Balance 3871.000000, Withdraw 1307.000000 
User 2, Acc 4 Balance 1097.000000, Deposit 937.000000 
User 1, Acc 1 Balance 2643.000000, Transfer 89.000000 to Acc 8
User 1, Acc 1 Balance 2554.000000, Transfer 163.000000 to Acc 9
User 4, Acc 6 Balance 6849.000000, Withdraw 50.000000 
User 1, Acc 1 Balance 2391.000000, Withdraw 41.000000 
User 4, Acc 7 Balance 52389.000000, Withdraw 50.000000 
User 1, Acc 2 Balance 2368.000000, Withdraw 71.000000 
User 2, Acc 5 Balance 2514.000000, Deposit 941.000000 
User 0, Acc 1 Balance 2643.000000, Deposit 661.000000 
User 0, Acc 1 Balance 3011.000000, Transfer 1200.000000 to Acc 9
User 0, Acc 0 Balance 504.000000, Deposit 673.000000 
User 0, Acc 1 Balance 1811.000000, Withdraw 50.000000 
User 2, Acc 0 Balance 504.000000, Deposit 7.000000 
User 3, Acc 6 Balance 6849.000000, Transfer 641.000000 to Acc 4
User 4, Acc 8 Balance 3759.000000, Withdraw 50.000000 
User 1, Acc 3 Balance 1669.000000, Withdraw 1127.000000 
User 0, Acc 2 Balance 2297.000000, Withdraw 50.000000 
User 1, Acc 6 Balance 6158.000000, Withdraw 647.000000 
User 0, Acc 3 Balance 542.000000, Withdraw 50.000000 
User 4, Acc 9 Balance 13829.000000, Withdraw 50.000000 
User 2, Acc 3 Balance 1669.000000, Deposit 29.000000 
User 4, Acc 0 Balance 1184.000000, Withdraw 50.000000 
User 3, Acc 5 Balance 3455.000000, Deposit 643.000000 
User 1, Acc 6 Balance 5511.000000, Deposit 1953.000000 
User 0, Acc 4 Balance 2675.000000, Withdraw 50.000000 
User 4, Acc 0 Balance 1134.000000, Deposit 400.000000 
User 2, Acc 7 Balance 52339.000000, Deposit 9.000000 
User 4, Acc 0 Balance 1534.000000, Withdraw 200.000000 
User 3, Acc 5 Balance 4098.000000, Transfer 1200.000000 to Acc 6
User 1, Acc 7 Balance 52339.000000, Deposit 967.000000 
User 0, Acc 5 Balance 4098.000000, Withdraw 50.000000 
User 4, Acc 1 Balance 1761.000000, Deposit 100.000000 
User 2, Acc 9 Balance 13779.000000, Deposit 129.000000 
User 4, Acc 2 Balance 2247.000000, Deposit 900.000000 
User 4, Acc 1 Balance 1861.000000, Withdraw 50.000000 
User 1, Acc 1 Balance 1761.000000, Transfer 19.000000 to Acc 7
User 0, Acc 6 Balance 8664.000000, Withdraw 50.000000 
User 1, Acc 2 Balance 3147.000000, Transfer 23.000000 to Acc 7
User 1, Acc 6 Balance 8664.000000, Transfer 1167.000000 to Acc 5
User 2, Acc 3 Balance 521.000000, Transfer 29.000000 to Acc 7
User 4, Acc 2 Balance 3147.000000, Withdraw 150.000000 
User 3, Acc 4 Balance 2625.000000, Deposit 647.000000 
User 4, Acc 3 Balance 492.000000, Deposit 500.000000 
User 0, Acc 7 Balance 53357.000000, Withdraw 50.000000 
User 1, Acc 4 Balance 2625.000000, Transfer 53.000000 to Acc 5
User 3, Acc 4 Balance 3272.000000, Transfer 1200.000000 to Acc 7
User 4, Acc 2 Balance 2974.000000, Transfer 300.000000 to Acc 1
User 2, Acc 7 Balance 53386.000000, Transfer 31.000000 to Acc 6
User 4, Acc 3 Balance 992.000000, Transfer 300.000000 to Acc 1
User 2, Acc 7 Balance 54505.000000, Transfer 137.000000 to Acc 5
User 2, Acc 7 Balance 54368.000000, Transfer 3.000000 to Acc 4
User 4, Acc 0 Balance 1334.000000, Deposit 400.000000 
User 0, Acc 8 Balance 3709.000000, Withdraw 50.000000 
User 1, Acc 7 Balance 53336.000000, Withdraw 1593.000000 
User 3, Acc 3 Balance 992.000000, Deposit 653.000000 
User 2, Acc 7 Balance 54365.000000, Transfer 5.000000 to Acc 4
User 3, Acc 3 Balance 1345.000000, Transfer 1200.000000 to Acc 8
User 4, Acc 3 Balance 692.000000, Withdraw 200.000000 
User 0, Acc 9 Balance 13908.000000, Withdraw 50.000000 
User 1, Acc 8 Balance 3659.000000, Withdraw 449.000000 
User 3, Acc 2 Balance 2674.000000, Deposit 659.000000 
User 2, Acc 4 Balance 2027.000000, Withdraw 1167.000000 
User 3, Acc 2 Balance 3333.000000, Transfer 1200.000000 to Acc 9
Balance in 1: 2392.000000
User 0, Acc 0 Balance 1734.000000, Withdraw 50.000000 
User 1, Acc 9 Balance 13858.000000, Withdraw 163.000000 
User 0, Acc 9 Balance 15058.000000, Deposit 617.000000 
User 2, Acc 5 Balance 4205.000000, Withdraw 1307.000000 
User 0, Acc 9 Balance 15512.000000, Transfer 617.000000 to Acc 1
User 3, Acc 1 Balance 2392.000000, Deposit 661.000000 
User 1, Acc 9 Balance 14895.000000, Deposit 617.000000 
User 3, Acc 1 Balance 3670.000000, Transfer 1200.000000 to Acc 9
User 1, Acc 9 Balance 15512.000000, Transfer 617.000000 to Acc 1
User 1, Acc 8 Balance 4410.000000, Deposit 619.000000 
User 0, Acc 8 Balance 4410.000000, Deposit 619.000000 
User 3, Acc 0 Balance 1684.000000, Deposit 673.000000 
User 4, Acc 0 Balance 1734.000000, Deposit 907.000000 
User 3, Acc 0 Balance 2357.000000, Transfer 1200.000000 to Acc 9
User 1, Acc 8 Balance 5029.000000, Transfer 619.000000 to Acc 2
User 0, Acc 8 Balance 5648.000000, Transfer 619.000000 to Acc 2
User 0, Acc 7 Balance 52767.000000, Deposit 631.000000 
User 4, Acc 1 Balance 3087.000000, Deposit 911.000000 
User 4, Acc 2 Balance 3371.000000, Deposit 919.000000 
User 4, Acc 7 Balance 53398.000000, Transfer 31.000000 to Acc 6
User 4, Acc 7 Balance 53367.000000, Transfer 37.000000 to Acc 5
User 4, Acc 7 Balance 53330.000000, Transfer 3.000000 to Acc 4
User 2, Acc 1 Balance 2392.000000, Transfer 89.000000 to Acc 8
User 4, Acc 7 Balance 53327.000000, Transfer 5.000000 to Acc 4
User 4, Acc 3 Balance -55.000000, Deposit 929.000000 
User 2, Acc 1 Balance 3909.000000, Transfer 163.000000 to Acc 9
User 3, Acc 9 Balance 17295.000000, Deposit 617.000000 
User 0, Acc 7 Balance 53398.000000, Transfer 631.000000 to Acc 3
User 4, Acc 4 Balance 868.000000, Deposit 937.000000 
User 0, Acc 6 Balance 7509.000000, Deposit 641.000000 
User 1, Acc 7 Balance 52767.000000, Deposit 631.000000 
User 3, Acc 9 Balance 18075.000000, Transfer 617.000000 to Acc 1
User 4, Acc 5 Balance 2935.000000, Deposit 941.000000 
User 2, Acc 1 Balance 3746.000000, Withdraw 41.000000 
User 4, Acc 4 Balance 1805.000000, Withdraw 167.000000 
User 2, Acc 2 Balance 4290.000000, Withdraw 71.000000 
User 1, Acc 7 Balance 53322.000000, Transfer 631.000000 to Acc 3
User 3, Acc 8 Balance 4499.000000, Deposit 619.000000 
User 1, Acc 6 Balance 8150.000000, Deposit 641.000000 
User 3, Acc 8 Balance 5118.000000, Transfer 619.000000 to Acc 2
User 3, Acc 7 Balance 52691.000000, Deposit 631.000000 
User 0, Acc 6 Balance 8150.000000, Transfer 641.000000 to Acc 4
User 3, Acc 7 Balance 53322.000000, Transfer 631.000000 to Acc 3
User 0, Acc 5 Balance 3876.000000, Deposit 643.000000 
User 3, Acc 6 Balance 8150.000000, Deposit 641.000000 
User 0, Acc 5 Balance 4519.000000, Transfer 1200.000000 to Acc 6
User 0, Acc 4 Balance 2279.000000, Deposit 647.000000 
User 4, Acc 5 Balance 3876.000000, Withdraw 307.000000 
User 3, Acc 6 Balance 8791.000000, Transfer 641.000000 to Acc 4
User 3, Acc 5 Balance 3012.000000, Deposit 643.000000 
User 3, Acc 5 Balance 3655.000000, Transfer 1200.000000 to Acc 6
User 3, Acc 4 Balance 3567.000000, Deposit 647.000000 
User 0, Acc 4 Balance 2926.000000, Transfer 1200.000000 to Acc 7
User 3, Acc 4 Balance 4214.000000, Transfer 1200.000000 to Acc 7
User 0, Acc 3 Balance 2767.000000, Deposit 653.000000 
User 0, Acc 3 Balance 3420.000000, Transfer 1200.000000 to Acc 8
User 2, Acc 3 Balance 1505.000000, Withdraw 1127.000000 
User 0, Acc 2 Balance 4838.000000, Deposit 659.000000 
User 4, Acc 1 Balance 4322.000000, Transfer 89.000000 to Acc 8
User 3, Acc 3 Balance 3420.000000, Deposit 653.000000 
User 2, Acc 6 Balance 10550.000000, Withdraw 647.000000 
User 1, Acc 6 Balance 8791.000000, Transfer 641.000000 to Acc 4
User 0, Acc 2 Balance 5497.000000, Transfer 1200.000000 to Acc 9
User 1, Acc 5 Balance 2455.000000, Deposit 643.000000 
User 3, Acc 3 Balance 1746.000000, Transfer 1200.000000 to Acc 8
User 2, Acc 6 Balance 9903.000000, Deposit 1953.000000 
User 3, Acc 2 Balance 4297.000000, Deposit 659.000000 
User 2, Acc 7 Balance 55091.000000, Deposit 967.000000 
User 2, Acc 1 Balance 4233.000000, Transfer 19.000000 to Acc 7
User 0, Acc 1 Balance 4233.000000, Deposit 661.000000 
User 0, Acc 1 Balance 4875.000000, Transfer 1200.000000 to Acc 9
User 0, Acc 0 Balance 2064.000000, Deposit 673.000000 
User 0, Acc 0 Balance 2737.000000, Transfer 1200.000000 to Acc 9
User 0, Acc 1 Balance 3675.000000, Withdraw 50.000000 
User 3, Acc 2 Balance 4956.000000, Transfer 1200.000000 to Acc 9
User 0, Acc 2 Balance 4956.000000, Withdraw 50.000000 
User 3, Acc 1 Balance 3625.000000, Deposit 661.000000 
User 0, Acc 3 Balance 546.000000, Withdraw 50.000000 
User 2, Acc 2 Balance 4297.000000, Transfer 23.000000 to Acc 7
User 0, Acc 4 Balance 2455.000000, Withdraw 50.000000 
User 1, Acc 5 Balance 3098.000000, Transfer 1200.000000 to Acc 6
User 2, Acc 6 Balance 11215.000000, Transfer 1167.000000 to Acc 5
User 0, Acc 5 Balance 3098.000000, Withdraw 50.000000 
User 3, Acc 1 Balance 4286.000000, Transfer 1200.000000 to Acc 9
User 0, Acc 6 Balance 11248.000000, Withdraw 50.000000 
User 0, Acc 7 Balance 56100.000000, Withdraw 50.000000 
User 1, Acc 4 Balance 2405.000000, Deposit 647.000000 
User 3, Acc 0 Balance 1537.000000, Deposit 673.000000 
User 4, Acc 1 Balance 4233.000000, Transfer 163.000000 to Acc 9
User 2, Acc 4 Balance 2405.000000, Transfer 53.000000 to Acc 5
User 4, Acc 1 Balance 2923.000000, Withdraw 41.000000 
User 4, Acc 2 Balance 3683.000000, Withdraw 71.000000 
User 1, Acc 4 Balance 3052.000000, Transfer 1200.000000 to Acc 7
User 4, Acc 3 Balance 496.000000, Withdraw 127.000000 
User 4, Acc 6 Balance 11198.000000, Withdraw 647.000000 
User 0, Acc 8 Balance 6988.000000, Withdraw 50.000000 
User 3, Acc 0 Balance 2210.000000, Transfer 1200.000000 to Acc 9
User 1, Acc 3 Balance 369.000000, Deposit 653.000000 
User 3, Acc 0 Balance 1010.000000, Deposit 400.000000 
User 4, Acc 6 Balance 10551.000000, Deposit 953.000000 
User 0, Acc 9 Balance 23621.000000, Withdraw 50.000000 
User 4, Acc 7 Balance 57250.000000, Deposit 967.000000 
User 0, Acc 0 Balance 1410.000000, Withdraw 50.000000 
User 0, Acc 0 Balance 1360.000000, Deposit 400.000000 
User 3, Acc 0 Balance 1410.000000, Withdraw 200.000000 
User 0, Acc 0 Balance 1760.000000, Withdraw 200.000000 
User 3, Acc 1 Balance 2882.000000, Deposit 100.000000 
User 0, Acc 1 Balance 2882.000000, Deposit 100.000000 
User 3, Acc 2 Balance 3612.000000, Deposit 900.000000 
User 0, Acc 2 Balance 3612.000000, Deposit 900.000000 
User 3, Acc 1 Balance 3082.000000, Withdraw 50.000000 
User 3, Acc 2 Balance 4512.000000, Withdraw 150.000000 
User 2, Acc 7 Balance 56050.000000, Withdraw 1593.000000 
User 3, Acc 3 Balance 1022.000000, Deposit 500.000000 
User 2, Acc 8 Balance 6938.000000, Withdraw 449.000000 
User 1, Acc 2 Balance 3612.000000, Deposit 659.000000 
User 3, Acc 2 Balance 5262.000000, Transfer 300.000000 to Acc 1
User 1, Acc 2 Balance 5921.000000, Transfer 1200.000000 to Acc 9
User 0, Acc 1 Balance 3032.000000, Withdraw 50.000000 
User 0, Acc 2 Balance 4421.000000, Withdraw 150.000000 
User 0, Acc 3 Balance 1522.000000, Deposit 500.000000 
User 0, Acc 2 Balance 4271.000000, Transfer 300.000000 to Acc 1
User 0, Acc 3 Balance 2022.000000, Transfer 300.000000 to Acc 1
User 0, Acc 0 Balance 1360.000000, Deposit 400.000000 
User 0, Acc 3 Balance 1722.000000, Withdraw 200.000000 
Balance in 1: 3882.000000
User 4, Acc 1 Balance 2882.000000, Transfer 19.000000 to Acc 7
User 0, Acc 9 Balance 25971.000000, Deposit 617.000000 
User 0, Acc 9 Balance 26588.000000, Transfer 617.000000 to Acc 1
User 0, Acc 8 Balance 6489.000000, Deposit 619.000000 
User 0, Acc 8 Balance 7108.000000, Transfer 619.000000 to Acc 2
User 0, Acc 7 Balance 56643.000000, Deposit 631.000000 
User 0, Acc 7 Balance 57274.000000, Transfer 631.000000 to Acc 3
User 0, Acc 6 Balance 11504.000000, Deposit 641.000000 
User 0, Acc 6 Balance 12145.000000, Transfer 641.000000 to Acc 4
User 0, Acc 5 Balance 3068.000000, Deposit 643.000000 
User 0, Acc 5 Balance 3711.000000, Transfer 1200.000000 to Acc 6
User 0, Acc 4 Balance 2440.000000, Deposit 647.000000 
User 0, Acc 4 Balance 3087.000000, Transfer 1200.000000 to Acc 7
User 0, Acc 3 Balance 2153.000000, Deposit 653.000000 
User 0, Acc 3 Balance 2806.000000, Transfer 1200.000000 to Acc 8
User 0, Acc 2 Balance 4590.000000, Deposit 659.000000 
User 0, Acc 2 Balance 5249.000000, Transfer 1200.000000 to Acc 9
User 0, Acc 1 Balance 4480.000000, Deposit 661.000000 
User 0, Acc 1 Balance 5141.000000, Transfer 1200.000000 to Acc 9
User 0, Acc 0 Balance 1760.000000, Deposit 673.000000 
User 0, Acc 0 Balance 2433.000000, Transfer 1200.000000 to Acc 9
User 0, Acc 9 Balance 29571.000000, Deposit 617.000000 
User 0, Acc 9 Balance 30188.000000, Transfer 617.000000 to Acc 1
User 0, Acc 8 Balance 7689.000000, Deposit 619.000000 
User 0, Acc 8 Balance 8308.000000, Transfer 619.000000 to Acc 2
User 0, Acc 7 Balance 57843.000000, Deposit 631.000000 
User 0, Acc 7 Balance 58474.000000, Transfer 631.000000 to Acc 3
User 0, Acc 6 Balance 12704.000000, Deposit 641.000000 
User 0, Acc 6 Balance 13345.000000, Transfer 641.000000 to Acc 4
User 0, Acc 5 Balance 2511.000000, Deposit 643.000000 
User 0, Acc 5 Balance 3154.000000, Transfer 1200.000000 to Acc 6
User 0, Acc 4 Balance 2528.000000, Deposit 647.000000 
User 0, Acc 4 Balance 3175.000000, Transfer 1200.000000 to Acc 7
User 0, Acc 3 Balance 2237.000000, Deposit 653.000000 
User 0, Acc 3 Balance 2890.000000, Transfer 1200.000000 to Acc 8
User 0, Acc 2 Balance 4668.000000, Deposit 659.000000 
User 0, Acc 2 Balance 5327.000000, Transfer 1200.000000 to Acc 9
User 0, Acc 1 Balance 4558.000000, Deposit 661.000000 
User 0, Acc 1 Balance 5219.000000, Transfer 1200.000000 to Acc 9
User 0, Acc 0 Balance 1233.000000, Deposit 673.000000 
User 0, Acc 0 Balance 1906.000000, Transfer 1200.000000 to Acc 9
User 2, Acc 9 Balance 24771.000000, Withdraw 163.000000 
User 2, Acc 0 Balance 706.000000, Deposit 907.000000 
User 4, Acc 2 Balance 3971.000000, Transfer 23.000000 to Acc 7
User 3, Acc 3 Balance 1522.000000, Transfer 300.000000 to Acc 1
User 1, Acc 1 Balance 3332.000000, Deposit 661.000000 
User 1, Acc 1 Balance 4980.000000, Transfer 1200.000000 to Acc 9
User 2, Acc 1 Balance 4019.000000, Deposit 911.000000 
User 1, Acc 0 Balance 1613.000000, Deposit 673.000000 
User 4, Acc 6 Balance 13904.000000, Transfer 67.000000 to Acc 5
User 1, Acc 0 Balance 2286.000000, Transfer 1200.000000 to Acc 9
User 4, Acc 4 Balance 1975.000000, Transfer 53.000000 to Acc 5
User 1, Acc 1 Balance 4691.000000, Withdraw 50.000000 
User 1, Acc 2 Balance 4104.000000, Withdraw 50.000000 
User 4, Acc 7 Balance 59066.000000, Withdraw 593.000000 
User 3, Acc 0 Balance 1613.000000, Deposit 400.000000 
User 4, Acc 8 Balance 8889.000000, Withdraw 449.000000 
User 1, Acc 3 Balance 1390.000000, Withdraw 50.000000 
User 4, Acc 9 Balance 35408.000000, Withdraw 163.000000 
User 1, Acc 4 Balance 1922.000000, Withdraw 50.000000 
User 1, Acc 5 Balance 2074.000000, Withdraw 50.000000 
User 3, Acc 3 Balance 1390.000000, Withdraw 200.000000 
User 0, Acc 0 Balance 706.000000, Deposit 907.000000 
User 0, Acc 1 Balance 4641.000000, Deposit 911.000000 
User 0, Acc 2 Balance 4054.000000, Deposit 919.000000 
User 0, Acc 3 Balance 1140.000000, Transfer 29.000000 to Acc 7
User 0, Acc 7 Balance 58502.000000, Transfer 31.000000 to Acc 6
User 0, Acc 7 Balance 58471.000000, Transfer 37.000000 to Acc 5
User 0, Acc 7 Balance 58434.000000, Transfer 3.000000 to Acc 4
User 0, Acc 7 Balance 58431.000000, Transfer 5.000000 to Acc 4
User 0, Acc 3 Balance 1111.000000, Deposit 929.000000 
User 0, Acc 4 Balance 1880.000000, Deposit 937.000000 
User 0, Acc 5 Balance 2061.000000, Deposit 941.000000 
User 0, Acc 4 Balance 2817.000000, Withdraw 167.000000 
User 0, Acc 5 Balance 3002.000000, Withdraw 307.000000 
User 0, Acc 1 Balance 5552.000000, Transfer 89.000000 to Acc 8
User 0, Acc 1 Balance 5463.000000, Transfer 163.000000 to Acc 9
User 0, Acc 1 Balance 5300.000000, Withdraw 41.000000 
User 0, Acc 2 Balance 4973.000000, Withdraw 71.000000 
User 0, Acc 3 Balance 2040.000000, Withdraw 127.000000 
User 0, Acc 6 Balance 13868.000000, Withdraw 647.000000 
User 0, Acc 6 Balance 13221.000000, Deposit 953.000000 
User 1, Acc 6 Balance 13837.000000, Withdraw 50.000000 
Balance in 1: 4641.000000
User 1, Acc 7 Balance 58426.000000, Withdraw 50.000000 
User 2, Acc 2 Balance 4104.000000, Deposit 919.000000 
User 1, Acc 8 Balance 8529.000000, Withdraw 50.000000 
User 4, Acc 0 Balance 1486.000000, Deposit 907.000000 
User 2, Acc 3 Balance 1913.000000, Transfer 29.000000 to Acc 7
User 2, Acc 7 Balance 58405.000000, Transfer 31.000000 to Acc 6
User 1, Acc 9 Balance 35408.000000, Withdraw 50.000000 
User 4, Acc 1 Balance 5259.000000, Deposit 911.000000 
User 4, Acc 2 Balance 5821.000000, Deposit 919.000000 
User 4, Acc 3 Balance 1884.000000, Transfer 29.000000 to Acc 7
User 4, Acc 7 Balance 58403.000000, Transfer 31.000000 to Acc 6
User 4, Acc 7 Balance 58372.000000, Transfer 37.000000 to Acc 5
User 1, Acc 0 Balance 3300.000000, Withdraw 50.000000 
User 4, Acc 7 Balance 58335.000000, Transfer 3.000000 to Acc 4
User 4, Acc 7 Balance 58332.000000, Transfer 5.000000 to Acc 4
User 4, Acc 3 Balance 1855.000000, Deposit 929.000000 
User 4, Acc 4 Balance 2658.000000, Deposit 937.000000 
User 4, Acc 5 Balance 2732.000000, Deposit 941.000000 
User 4, Acc 4 Balance 3595.000000, Withdraw 167.000000 
User 4, Acc 5 Balance 3673.000000, Withdraw 307.000000 
User 4, Acc 1 Balance 6170.000000, Transfer 89.000000 to Acc 8
User 4, Acc 1 Balance 6081.000000, Transfer 163.000000 to Acc 9
User 4, Acc 1 Balance 5918.000000, Withdraw 41.000000 
User 4, Acc 2 Balance 6740.000000, Withdraw 71.000000 
User 4, Acc 3 Balance 2784.000000, Withdraw 127.000000 
User 0, Acc 7 Balance 58426.000000, Deposit 967.000000 
User 2, Acc 7 Balance 58374.000000, Transfer 37.000000 to Acc 5
User 2, Acc 7 Balance 59257.000000, Transfer 3.000000 to Acc 4
User 2, Acc 7 Balance 59254.000000, Transfer 5.000000 to Acc 4
User 0, Acc 1 Balance 5877.000000, Transfer 19.000000 to Acc 7
User 4, Acc 6 Balance 14186.000000, Withdraw 647.000000 
User 2, Acc 3 Balance 2657.000000, Deposit 929.000000 
User 4, Acc 6 Balance 13539.000000, Deposit 953.000000 
User 0, Acc 2 Balance 6669.000000, Transfer 23.000000 to Acc 7
User 0, Acc 6 Balance 14492.000000, Transfer 67.000000 to Acc 5
User 0, Acc 4 Balance 3436.000000, Transfer 53.000000 to Acc 5
User 4, Acc 7 Balance 59268.000000, Deposit 967.000000 
User 4, Acc 1 Balance 5858.000000, Transfer 19.000000 to Acc 7
User 4, Acc 2 Balance 6646.000000, Transfer 23.000000 to Acc 7
User 4, Acc 6 Balance 14425.000000, Transfer 67.000000 to Acc 5
User 4, Acc 4 Balance 3383.000000, Transfer 53.000000 to Acc 5
User 4, Acc 7 Balance 60300.000000, Withdraw 593.000000 
User 4, Acc 8 Balance 8568.000000, Withdraw 449.000000 
User 4, Acc 9 Balance 35521.000000, Withdraw 163.000000 
User 0, Acc 7 Balance 59291.000000, Withdraw 593.000000 
User 0, Acc 8 Balance 8119.000000, Withdraw 449.000000 
User 0, Acc 9 Balance 35358.000000, Withdraw 163.000000 
User 2, Acc 4 Balance 3436.000000, Deposit 937.000000 
User 2, Acc 5 Balance 3643.000000, Deposit 941.000000 
User 2, Acc 4 Balance 4267.000000, Withdraw 167.000000 
User 2, Acc 5 Balance 4584.000000, Withdraw 307.000000 
User 2, Acc 1 Balance 5839.000000, Transfer 89.000000 to Acc 8
User 2, Acc 1 Balance 5750.000000, Transfer 163.000000 to Acc 9
User 2, Acc 1 Balance 5587.000000, Withdraw 41.000000 
User 2, Acc 2 Balance 6623.000000, Withdraw 71.000000 
User 2, Acc 3 Balance 3586.000000, Withdraw 127.000000 
User 2, Acc 6 Balance 14358.000000, Withdraw 647.000000 
User 2, Acc 6 Balance 13711.000000, Deposit 953.000000 
User 2, Acc 7 Balance 59114.000000, Deposit 967.000000 
User 2, Acc 1 Balance 5546.000000, Transfer 19.000000 to Acc 7
User 2, Acc 2 Balance 6552.000000, Transfer 23.000000 to Acc 7
User 2, Acc 6 Balance 14664.000000, Transfer 67.000000 to Acc 5
User 2, Acc 4 Balance 4100.000000, Transfer 53.000000 to Acc 5
User 2, Acc 7 Balance 60123.000000, Withdraw 593.000000 
User 2, Acc 8 Balance 7759.000000, Withdraw 449.000000 
User 2, Acc 9 Balance 35358.000000, Withdraw 163.000000 
  ***     End of transaction batch    ***  
Account 0 balance after completion of transaction batch: 3250.000000
Account 1 balance after completion of transaction batch: 5527.000000
Account 2 balance after completion of transaction batch: 6529.000000
Account 3 balance after completion of transaction batch: 3459.000000
Account 4 balance after completion of transaction batch: 4047.000000
Account 5 balance after completion of transaction batch: 4397.000000
Account 6 balance after completion of transaction batch: 14597.000000
Account 7 balance after completion of transaction batch: 59530.000000
Account 8 balance after completion of transaction batch: 7310.000000
Account 9 balance after completion of transaction batch: 35195.000000
