# Output generated by:
# ./my_executable 5 data/transactions7.txt data/transactions11.txt data/transactions6.txt data/transactions8.txt data/transactions2.txt

********************************************
   Reading and parsing a transaction file   
********************************************
Parsed transaction: deposit 7 9929.000000 
Loaded deposit transaction
Parsed transaction: deposit 4 937.000000 
Loaded deposit transaction
Parsed transaction: deposit 5 941.000000 
Loaded deposit transaction
Parsed transaction: deposit 0 7.000000 
Loaded deposit transaction
Parsed transaction: deposit 3 29.000000 
Loaded deposit transaction
Parsed transaction: deposit 7 9.000000 
Loaded deposit transaction
Parsed transaction: deposit 9 129.000000 
Loaded deposit transaction
Parsed transaction: transfer 3 7 29.000000 
Loaded transfer transaction
Parsed transaction: transfer 7 6 31.000000 
Loaded transfer transaction
Parsed transaction: transfer 7 5 137.000000 
Loaded transfer transaction
Parsed transaction: transfer 7 4 3.000000 
Loaded transfer transaction
Parsed transaction: transfer 7 4 5.000000 
Loaded transfer transaction
Parsed transaction: withdraw 4 1167.000000 
Loaded withdrawal transaction
Parsed transaction: withdraw 5 1307.000000 
Loaded withdrawal transaction
Parsed transaction: transfer 1 8 89.000000 
Loaded transfer transaction
Parsed transaction: transfer 1 9 163.000000 
Loaded transfer transaction
Parsed transaction: withdraw 1 41.000000 
Loaded withdrawal transaction
Parsed transaction: withdraw 2 71.000000 
Loaded withdrawal transaction
Parsed transaction: withdraw 3 1127.000000 
Loaded withdrawal transaction
Parsed transaction: withdraw 6 647.000000 
Loaded withdrawal transaction
Parsed transaction: deposit 6 1953.000000 
Loaded deposit transaction
Parsed transaction: deposit 7 967.000000 
Loaded deposit transaction
Parsed transaction: transfer 1 7 19.000000 
Loaded transfer transaction
Parsed transaction: transfer 2 7 23.000000 
Loaded transfer transaction
Parsed transaction: transfer 6 5 1167.000000 
Loaded transfer transaction
Parsed transaction: transfer 4 5 53.000000 
Loaded transfer transaction
Parsed transaction: withdraw 7 1593.000000 
Loaded withdrawal transaction
Parsed transaction: withdraw 8 449.000000 
Loaded withdrawal transaction
Parsed transaction: withdraw 9 163.000000 
Loaded withdrawal transaction
********************************************
********************************************
   Reading and parsing a transaction file   
********************************************
Parsed transaction: deposit 9 617.000000 
Loaded deposit transaction
Parsed transaction: transfer 9 9 617.000000 
Loaded transfer transaction
Parsed transaction: deposit 8 619.000000 
Loaded deposit transaction
Parsed transaction: transfer 8 2 619.000000 
Loaded transfer transaction
Parsed transaction: deposit 7 631.000000 
Loaded deposit transaction
Parsed transaction: transfer 7 3 631.000000 
Loaded transfer transaction
Parsed transaction: deposit 6 641.000000 
Loaded deposit transaction
Parsed transaction: transfer 6 4 641.000000 
Loaded transfer transaction
Parsed transaction: deposit 5 643.000000 
Loaded deposit transaction
Parsed transaction: transfer 5 6 1200.000000 
Loaded transfer transaction
Parsed transaction: deposit 4 647.000000 
Loaded deposit transaction
Parsed transaction: transfer 4 7 1200.000000 
Loaded transfer transaction
Parsed transaction: deposit 3 653.000000 
Loaded deposit transaction
Parsed transaction: transfer 3 8 1200.000000 
Loaded transfer transaction
Parsed transaction: deposit 2 659.000000 
Loaded deposit transaction
Parsed transaction: transfer 2 9 1200.000000 
Loaded transfer transaction
Parsed transaction: deposit 1 661.000000 
Loaded deposit transaction
Parsed transaction: transfer 1 9 1200.000000 
Loaded transfer transaction
Parsed transaction: deposit 0 673.000000 
Loaded deposit transaction
Parsed transaction: transfer 0 9 1200.000000 
Loaded transfer transaction
Parsed transaction: withdraw 1 50.000000 
Loaded withdrawal transaction
Parsed transaction: withdraw 2 50.000000 
Loaded withdrawal transaction
Parsed transaction: withdraw 3 50.000000 
Loaded withdrawal transaction
Parsed transaction: withdraw 4 50.000000 
Loaded withdrawal transaction
Parsed transaction: withdraw 5 50.000000 
Loaded withdrawal transaction
Parsed transaction: withdraw 6 50.000000 
Loaded withdrawal transaction
Parsed transaction: withdraw 7 50.000000 
Loaded withdrawal transaction
Parsed transaction: withdraw 8 50.000000 
Loaded withdrawal transaction
Parsed transaction: withdraw 9 50.000000 
Loaded withdrawal transaction
Parsed transaction: withdraw 0 50.000000 
Loaded withdrawal transaction
********************************************
********************************************
   Reading and parsing a transaction file   
********************************************
Parsed transaction: deposit 0 7.000000 
Loaded deposit transaction
Parsed transaction: deposit 1 11.000000 
Loaded deposit transaction
Parsed transaction: deposit 2 9.000000 
Loaded deposit transaction
Parsed transaction: transfer 3 7 29.000000 
Loaded transfer transaction
Parsed transaction: transfer 7 6 31.000000 
Loaded transfer transaction
Parsed transaction: transfer 7 5 137.000000 
Loaded transfer transaction
Parsed transaction: transfer 7 4 3.000000 
Loaded transfer transaction
Parsed transaction: transfer 7 4 5.000000 
Loaded transfer transaction
Parsed transaction: deposit 3 929.000000 
Loaded deposit transaction
Parsed transaction: deposit 4 937.000000 
Loaded deposit transaction
Parsed transaction: deposit 5 941.000000 
Loaded deposit transaction
Parsed transaction: withdraw 4 1167.000000 
Loaded withdrawal transaction
Parsed transaction: withdraw 5 1307.000000 
Loaded withdrawal transaction
Parsed transaction: transfer 1 8 89.000000 
Loaded transfer transaction
Parsed transaction: transfer 1 9 163.000000 
Loaded transfer transaction
Parsed transaction: withdraw 1 41.000000 
Loaded withdrawal transaction
Parsed transaction: withdraw 2 71.000000 
Loaded withdrawal transaction
Parsed transaction: withdraw 3 1127.000000 
Loaded withdrawal transaction
Parsed transaction: withdraw 6 647.000000 
Loaded withdrawal transaction
Parsed transaction: deposit 6 953.000000 
Loaded deposit transaction
Parsed transaction: deposit 7 967.000000 
Loaded deposit transaction
Parsed transaction: transfer 1 7 19.000000 
Loaded transfer transaction
Parsed transaction: transfer 2 7 23.000000 
Loaded transfer transaction
Parsed transaction: transfer 6 5 1167.000000 
Loaded transfer transaction
Parsed transaction: transfer 4 5 53.000000 
Loaded transfer transaction
Parsed transaction: withdraw 7 1593.000000 
Loaded withdrawal transaction
Parsed transaction: withdraw 8 449.000000 
Loaded withdrawal transaction
Parsed transaction: withdraw 9 163.000000 
Loaded withdrawal transaction
********************************************
********************************************
   Reading and parsing a transaction file   
********************************************
Parsed transaction: deposit 9 617.000000 
Loaded deposit transaction
Parsed transaction: transfer 9 1 617.000000 
Loaded transfer transaction
Parsed transaction: deposit 8 619.000000 
Loaded deposit transaction
Parsed transaction: transfer 8 2 619.000000 
Loaded transfer transaction
Parsed transaction: deposit 7 631.000000 
Loaded deposit transaction
Parsed transaction: transfer 7 3 631.000000 
Loaded transfer transaction
Parsed transaction: deposit 6 641.000000 
Loaded deposit transaction
Parsed transaction: transfer 6 4 641.000000 
Loaded transfer transaction
Parsed transaction: deposit 5 643.000000 
Loaded deposit transaction
Parsed transaction: transfer 5 6 1200.000000 
Loaded transfer transaction
Parsed transaction: deposit 4 647.000000 
Loaded deposit transaction
Parsed transaction: transfer 4 7 1200.000000 
Loaded transfer transaction
Parsed transaction: deposit 3 653.000000 
Loaded deposit transaction
Parsed transaction: transfer 3 8 1200.000000 
Loaded transfer transaction
Parsed transaction: deposit 2 659.000000 
Loaded deposit transaction
Parsed transaction: transfer 2 9 1200.000000 
Loaded transfer transaction
Parsed transaction: deposit 1 661.000000 
Loaded deposit transaction
Parsed transaction: transfer 1 9 1200.000000 
Loaded transfer transaction
Parsed transaction: deposit 0 673.000000 
Loaded deposit transaction
Parsed transaction: transfer 0 9 1200.000000 
Loaded transfer transaction
********************************************
********************************************
   Reading and parsing a transaction file   
********************************************
Parsed transaction: deposit 0 400.000000 
Loaded deposit transaction
Parsed transaction: withdraw 0 200.000000 
Loaded withdrawal transaction
Parsed transaction: deposit 0 100.000000 
Loaded deposit transaction
Parsed transaction: withdraw 0 50.000000 
Loaded withdrawal transaction
Parsed transaction: withdraw 0 150.000000 
Loaded withdrawal transaction
Parsed transaction: deposit 0 300.000000 
Loaded deposit transaction
Parsed transaction: transfer 0 1 300.000000 
Loaded transfer transaction
Parsed transaction: balance 1 
Loaded balance transaction
********************************************
  ***    Start of transaction batch    ***  
User 0, Acc 7 Balance 0.000000, Deposit 9929.000000 
User 0, Acc 4 Balance 0.000000, Deposit 937.000000 
User 0, Acc 5 Balance 0.000000, Deposit 941.000000 
User 0, Acc 0 Balance 0.000000, Deposit 7.000000 
User 0, Acc 3 Balance 0.000000, Deposit 29.000000 
User 0, Acc 7 Balance 9929.000000, Deposit 9.000000 
User 0, Acc 9 Balance 0.000000, Deposit 129.000000 
User 0, Acc 3 Balance 29.000000, Transfer 29.000000 to Acc 7
User 0, Acc 7 Balance 9967.000000, Transfer 31.000000 to Acc 6
User 0, Acc 7 Balance 9936.000000, Transfer 137.000000 to Acc 5
User 0, Acc 7 Balance 9799.000000, Transfer 3.000000 to Acc 4
User 0, Acc 7 Balance 9796.000000, Transfer 5.000000 to Acc 4
[22;32mUser 0, Acc 4 Balance 945.000000, 				Withdraw 1167.000000 --insufficient funds[0m
[22;32mUser 0, Acc 5 Balance 1078.000000, 				Withdraw 1307.000000 --insufficient funds[0m
[22;32mUser 0, Acc 1 Balance 0.000000, 				Withdraw 41.000000 --insufficient funds[0m
[22;32mUser 0, Acc 2 Balance 0.000000, 				Withdraw 71.000000 --insufficient funds[0m
[22;32mUser 0, Acc 3 Balance 0.000000, 				Withdraw 1127.000000 --insufficient funds[0m
[22;32mUser 0, Acc 6 Balance 31.000000, 				Withdraw 647.000000 --insufficient funds[0m
User 0, Acc 6 Balance 31.000000, Deposit 1953.000000 
User 2, Acc 9 Balance 129.000000, Deposit 617.000000 
User 4, Acc 0 Balance 7.000000, Deposit 7.000000 
User 3, Acc 9 Balance 746.000000, Deposit 617.000000 
User 2, Acc 9 Balance 746.000000, Transfer 617.000000 to Acc 9
User 3, Acc 9 Balance 1363.000000, Transfer 617.000000 to Acc 1
User 4, Acc 1 Balance 0.000000, Deposit 11.000000 
User 4, Acc 2 Balance 0.000000, Deposit 9.000000 
User 2, Acc 8 Balance 0.000000, Deposit 619.000000 
User 3, Acc 8 Balance 0.000000, Deposit 619.000000 
User 2, Acc 8 Balance 619.000000, Transfer 619.000000 to Acc 2
User 3, Acc 8 Balance 1238.000000, Transfer 619.000000 to Acc 2
User 3, Acc 7 Balance 9791.000000, Deposit 631.000000 
User 3, Acc 7 Balance 10422.000000, Transfer 631.000000 to Acc 3
User 3, Acc 6 Balance 1984.000000, Deposit 641.000000 
User 2, Acc 7 Balance 9791.000000, Deposit 631.000000 
User 2, Acc 7 Balance 10422.000000, Transfer 631.000000 to Acc 3
User 1, Acc 0 Balance 14.000000, Deposit 400.000000 
User 4, Acc 7 Balance 9791.000000, Transfer 31.000000 to Acc 6
User 1, Acc 0 Balance 414.000000, Withdraw 200.000000 
User 4, Acc 7 Balance 9760.000000, Transfer 137.000000 to Acc 5
User 2, Acc 6 Balance 2625.000000, Deposit 641.000000 
User 0, Acc 7 Balance 9791.000000, Deposit 967.000000 
User 2, Acc 6 Balance 3297.000000, Transfer 641.000000 to Acc 4
User 4, Acc 7 Balance 9623.000000, Transfer 3.000000 to Acc 4
User 2, Acc 5 Balance 1215.000000, Deposit 643.000000 
User 4, Acc 7 Balance 10587.000000, Transfer 5.000000 to Acc 4
User 1, Acc 0 Balance 214.000000, Deposit 100.000000 
User 4, Acc 3 Balance 1262.000000, Deposit 929.000000 
User 1, Acc 0 Balance 314.000000, Withdraw 50.000000 
User 3, Acc 6 Balance 2625.000000, Transfer 641.000000 to Acc 4
User 3, Acc 5 Balance 1858.000000, Deposit 643.000000 
User 3, Acc 5 Balance 2501.000000, Transfer 1200.000000 to Acc 6
User 3, Acc 4 Balance 2235.000000, Deposit 647.000000 
User 3, Acc 4 Balance 2882.000000, Transfer 1200.000000 to Acc 7
User 2, Acc 5 Balance 1858.000000, Transfer 1200.000000 to Acc 6
User 3, Acc 3 Balance 2191.000000, Deposit 653.000000 
User 2, Acc 4 Balance 1682.000000, Deposit 647.000000 
User 3, Acc 3 Balance 2844.000000, Transfer 1200.000000 to Acc 8
User 2, Acc 4 Balance 2329.000000, Transfer 1200.000000 to Acc 7
User 3, Acc 2 Balance 1247.000000, Deposit 659.000000 
User 2, Acc 3 Balance 1644.000000, Deposit 653.000000 
User 3, Acc 2 Balance 1906.000000, Transfer 1200.000000 to Acc 9
User 2, Acc 3 Balance 2297.000000, Transfer 1200.000000 to Acc 8
User 3, Acc 1 Balance 628.000000, Deposit 661.000000 
User 2, Acc 2 Balance 706.000000, Deposit 659.000000 
User 2, Acc 2 Balance 1365.000000, Transfer 1200.000000 to Acc 9
User 0, Acc 1 Balance 628.000000, Transfer 19.000000 to Acc 7
User 2, Acc 1 Balance 1289.000000, Deposit 661.000000 
User 1, Acc 0 Balance 264.000000, Withdraw 150.000000 
User 3, Acc 1 Balance 1289.000000, Transfer 1200.000000 to Acc 9
User 1, Acc 0 Balance 114.000000, Deposit 300.000000 
User 0, Acc 2 Balance 165.000000, Transfer 23.000000 to Acc 7
User 1, Acc 0 Balance 414.000000, Transfer 300.000000 to Acc 1
User 2, Acc 1 Balance 1931.000000, Transfer 1200.000000 to Acc 9
User 0, Acc 6 Balance 4415.000000, Transfer 1167.000000 to Acc 5
User 2, Acc 0 Balance 114.000000, Deposit 673.000000 
User 3, Acc 0 Balance 114.000000, Deposit 673.000000 
User 3, Acc 0 Balance 1460.000000, Transfer 1200.000000 to Acc 9
User 3, Acc 7 Balance 13024.000000, Deposit 9929.000000 
User 3, Acc 4 Balance 1129.000000, Deposit 937.000000 
[22;32mUser 2, Acc 1 Balance -169.000000, 				Withdraw 50.000000 --insufficient funds[0m
User 3, Acc 5 Balance 1268.000000, Deposit 941.000000 
User 2, Acc 2 Balance 142.000000, Withdraw 50.000000 
User 4, Acc 4 Balance 1594.000000, Deposit 937.000000 
User 0, Acc 4 Balance 1129.000000, Transfer 53.000000 to Acc 5
User 4, Acc 5 Balance 2209.000000, Deposit 941.000000 
User 2, Acc 3 Balance 1097.000000, Withdraw 50.000000 
User 4, Acc 4 Balance 2950.000000, Withdraw 1167.000000 
User 4, Acc 5 Balance 3203.000000, Withdraw 1307.000000 
User 2, Acc 4 Balance 1783.000000, Withdraw 50.000000 
Balance in 1: 1031.000000
User 3, Acc 0 Balance 260.000000, Deposit 7.000000 
User 0, Acc 7 Balance 22953.000000, Withdraw 1593.000000 
User 3, Acc 3 Balance 1047.000000, Deposit 29.000000 
User 0, Acc 8 Balance 2400.000000, Withdraw 449.000000 
User 0, Acc 9 Balance 6746.000000, Withdraw 163.000000 
User 2, Acc 5 Balance 1896.000000, Withdraw 50.000000 
User 2, Acc 6 Balance 3248.000000, Withdraw 50.000000 
User 2, Acc 7 Balance 21360.000000, Withdraw 50.000000 
User 2, Acc 8 Balance 1951.000000, Withdraw 50.000000 
User 2, Acc 9 Balance 6583.000000, Withdraw 50.000000 
User 1, Acc 7 Balance 22953.000000, Deposit 9929.000000 
[22;32mUser 4, Acc 1 Balance -169.000000, 				Withdraw 41.000000 --insufficient funds[0m
User 3, Acc 7 Balance 21360.000000, Deposit 9.000000 
User 4, Acc 2 Balance 92.000000, Withdraw 71.000000 
User 0, Acc 9 Balance 6583.000000, Deposit 617.000000 
[22;32mUser 4, Acc 3 Balance 1076.000000, 				Withdraw 1127.000000 --insufficient funds[0m
User 3, Acc 9 Balance 6533.000000, Deposit 129.000000 
User 4, Acc 6 Balance 3198.000000, Withdraw 647.000000 
User 4, Acc 6 Balance 2551.000000, Deposit 953.000000 
User 1, Acc 4 Balance 1733.000000, Deposit 937.000000 
User 0, Acc 9 Balance 7150.000000, Transfer 617.000000 to Acc 9
User 1, Acc 5 Balance 1846.000000, Deposit 941.000000 
User 2, Acc 0 Balance 267.000000, Withdraw 50.000000 
User 4, Acc 7 Balance 31248.000000, Deposit 967.000000 
User 2, Acc 0 Balance 217.000000, Deposit 7.000000 
User 4, Acc 6 Balance 3504.000000, Transfer 1167.000000 to Acc 5
User 4, Acc 4 Balance 2670.000000, Transfer 53.000000 to Acc 5
User 1, Acc 0 Balance 267.000000, Deposit 7.000000 
User 4, Acc 7 Balance 32215.000000, Withdraw 1593.000000 
User 1, Acc 3 Balance 1076.000000, Deposit 29.000000 
User 4, Acc 8 Balance 1901.000000, Withdraw 449.000000 
User 1, Acc 7 Balance 30622.000000, Deposit 9.000000 
User 1, Acc 9 Balance 7279.000000, Deposit 129.000000 
User 1, Acc 3 Balance 1105.000000, Transfer 29.000000 to Acc 7
User 0, Acc 8 Balance 1901.000000, Deposit 619.000000 
User 0, Acc 8 Balance 2071.000000, Transfer 619.000000 to Acc 2
User 0, Acc 7 Balance 30660.000000, Deposit 631.000000 
User 0, Acc 7 Balance 31291.000000, Transfer 631.000000 to Acc 3
User 0, Acc 6 Balance 2337.000000, Deposit 641.000000 
User 0, Acc 6 Balance 2978.000000, Transfer 641.000000 to Acc 4
User 0, Acc 5 Balance 4007.000000, Deposit 643.000000 
User 0, Acc 5 Balance 4650.000000, Transfer 1200.000000 to Acc 6
User 0, Acc 4 Balance 3258.000000, Deposit 647.000000 
User 0, Acc 4 Balance 3905.000000, Transfer 1200.000000 to Acc 7
User 0, Acc 3 Balance 1707.000000, Deposit 653.000000 
User 0, Acc 3 Balance 2360.000000, Transfer 1200.000000 to Acc 8
User 0, Acc 2 Balance 640.000000, Deposit 659.000000 
User 0, Acc 2 Balance 1299.000000, Transfer 1200.000000 to Acc 9
User 0, Acc 1 Balance -169.000000, Deposit 661.000000 
User 0, Acc 0 Balance 231.000000, Deposit 673.000000 
User 0, Acc 1 Balance 492.000000, Withdraw 50.000000 
User 0, Acc 2 Balance 99.000000, Withdraw 50.000000 
User 0, Acc 3 Balance 1160.000000, Withdraw 50.000000 
User 0, Acc 4 Balance 2705.000000, Withdraw 50.000000 
User 0, Acc 5 Balance 3450.000000, Withdraw 50.000000 
User 0, Acc 6 Balance 3537.000000, Withdraw 50.000000 
User 0, Acc 7 Balance 31860.000000, Withdraw 50.000000 
User 0, Acc 8 Balance 2652.000000, Withdraw 50.000000 
User 0, Acc 9 Balance 8608.000000, Withdraw 50.000000 
User 0, Acc 0 Balance 904.000000, Withdraw 50.000000 
User 0, Acc 9 Balance 8558.000000, Deposit 617.000000 
User 0, Acc 9 Balance 9175.000000, Transfer 617.000000 to Acc 9
User 0, Acc 8 Balance 2602.000000, Deposit 619.000000 
User 0, Acc 8 Balance 3221.000000, Transfer 619.000000 to Acc 2
User 0, Acc 7 Balance 31810.000000, Deposit 631.000000 
User 0, Acc 7 Balance 32441.000000, Transfer 631.000000 to Acc 3
User 0, Acc 6 Balance 3487.000000, Deposit 641.000000 
User 0, Acc 6 Balance 4128.000000, Transfer 641.000000 to Acc 4
User 0, Acc 5 Balance 3400.000000, Deposit 643.000000 
User 0, Acc 5 Balance 4043.000000, Transfer 1200.000000 to Acc 6
User 0, Acc 4 Balance 3296.000000, Deposit 647.000000 
User 0, Acc 4 Balance 3943.000000, Transfer 1200.000000 to Acc 7
User 0, Acc 3 Balance 1741.000000, Deposit 653.000000 
User 0, Acc 3 Balance 2394.000000, Transfer 1200.000000 to Acc 8
User 0, Acc 2 Balance 668.000000, Deposit 659.000000 
User 0, Acc 2 Balance 1327.000000, Transfer 1200.000000 to Acc 9
User 0, Acc 1 Balance 442.000000, Deposit 661.000000 
User 0, Acc 0 Balance 854.000000, Deposit 673.000000 
User 0, Acc 0 Balance 1527.000000, Transfer 1200.000000 to Acc 9
User 0, Acc 1 Balance 1103.000000, Withdraw 50.000000 
User 0, Acc 2 Balance 127.000000, Withdraw 50.000000 
User 0, Acc 3 Balance 1194.000000, Withdraw 50.000000 
User 0, Acc 4 Balance 2743.000000, Withdraw 50.000000 
User 0, Acc 5 Balance 2843.000000, Withdraw 50.000000 
User 0, Acc 6 Balance 4687.000000, Withdraw 50.000000 
User 0, Acc 7 Balance 33010.000000, Withdraw 50.000000 
User 0, Acc 8 Balance 3802.000000, Withdraw 50.000000 
User 0, Acc 9 Balance 11575.000000, Withdraw 50.000000 
User 0, Acc 0 Balance 327.000000, Withdraw 50.000000 
User 0, Acc 9 Balance 11525.000000, Deposit 617.000000 
User 0, Acc 9 Balance 12142.000000, Transfer 617.000000 to Acc 1
User 0, Acc 8 Balance 3752.000000, Deposit 619.000000 
User 0, Acc 8 Balance 4371.000000, Transfer 619.000000 to Acc 2
User 0, Acc 7 Balance 32960.000000, Deposit 631.000000 
User 0, Acc 7 Balance 33591.000000, Transfer 631.000000 to Acc 3
User 0, Acc 6 Balance 4637.000000, Deposit 641.000000 
User 0, Acc 6 Balance 5278.000000, Transfer 641.000000 to Acc 4
User 0, Acc 5 Balance 2793.000000, Deposit 643.000000 
User 0, Acc 5 Balance 3436.000000, Transfer 1200.000000 to Acc 6
User 0, Acc 4 Balance 3334.000000, Deposit 647.000000 
User 0, Acc 4 Balance 3981.000000, Transfer 1200.000000 to Acc 7
User 0, Acc 3 Balance 1775.000000, Deposit 653.000000 
User 0, Acc 3 Balance 2428.000000, Transfer 1200.000000 to Acc 8
User 0, Acc 2 Balance 696.000000, Deposit 659.000000 
User 0, Acc 2 Balance 1355.000000, Transfer 1200.000000 to Acc 9
User 0, Acc 1 Balance 1670.000000, Deposit 661.000000 
User 0, Acc 1 Balance 2331.000000, Transfer 1200.000000 to Acc 9
User 0, Acc 0 Balance 277.000000, Deposit 673.000000 
User 0, Acc 0 Balance 950.000000, Deposit 7.000000 
User 0, Acc 1 Balance 1131.000000, Deposit 11.000000 
User 0, Acc 2 Balance 155.000000, Deposit 9.000000 
User 0, Acc 3 Balance 1228.000000, Transfer 29.000000 to Acc 7
User 0, Acc 7 Balance 34189.000000, Transfer 31.000000 to Acc 6
User 0, Acc 7 Balance 34158.000000, Transfer 137.000000 to Acc 5
User 1, Acc 7 Balance 30660.000000, Transfer 31.000000 to Acc 6
User 1, Acc 7 Balance 33990.000000, Transfer 137.000000 to Acc 5
User 1, Acc 7 Balance 33853.000000, Transfer 3.000000 to Acc 4
User 1, Acc 7 Balance 33850.000000, Transfer 5.000000 to Acc 4
User 1, Acc 4 Balance 2789.000000, Withdraw 1167.000000 
User 1, Acc 5 Balance 2510.000000, Withdraw 1307.000000 
User 1, Acc 1 Balance 1142.000000, Transfer 89.000000 to Acc 8
User 1, Acc 1 Balance 1053.000000, Transfer 163.000000 to Acc 9
User 4, Acc 9 Balance 7279.000000, Withdraw 163.000000 
User 2, Acc 1 Balance -169.000000, Deposit 11.000000 
User 4, Acc 9 Balance 13925.000000, Deposit 617.000000 
User 2, Acc 2 Balance 164.000000, Deposit 9.000000 
User 1, Acc 1 Balance 890.000000, Withdraw 41.000000 
User 3, Acc 3 Balance 1076.000000, Transfer 29.000000 to Acc 7
User 4, Acc 9 Balance 14542.000000, Transfer 617.000000 to Acc 1
User 0, Acc 7 Balance 34021.000000, Transfer 3.000000 to Acc 4
User 4, Acc 8 Balance 5041.000000, Deposit 619.000000 
User 4, Acc 8 Balance 5660.000000, Transfer 619.000000 to Acc 2
User 1, Acc 2 Balance 173.000000, Withdraw 71.000000 
User 4, Acc 7 Balance 33871.000000, Deposit 631.000000 
User 1, Acc 3 Balance 1170.000000, Withdraw 1127.000000 
User 2, Acc 3 Balance 1199.000000, Transfer 29.000000 to Acc 7
User 0, Acc 7 Balance 33871.000000, Transfer 5.000000 to Acc 4
User 2, Acc 7 Balance 34531.000000, Transfer 31.000000 to Acc 6
User 1, Acc 6 Balance 5899.000000, Withdraw 647.000000 
User 2, Acc 7 Balance 34495.000000, Transfer 137.000000 to Acc 5
User 2, Acc 7 Balance 34358.000000, Transfer 3.000000 to Acc 4
User 1, Acc 6 Balance 5283.000000, Deposit 1953.000000 
User 2, Acc 7 Balance 34355.000000, Transfer 5.000000 to Acc 4
User 4, Acc 7 Balance 34502.000000, Transfer 631.000000 to Acc 3
User 3, Acc 7 Balance 33874.000000, Transfer 31.000000 to Acc 6
User 0, Acc 3 Balance 14.000000, Deposit 929.000000 
User 3, Acc 7 Balance 33688.000000, Transfer 137.000000 to Acc 5
User 0, Acc 4 Balance 1638.000000, Deposit 937.000000 
User 2, Acc 3 Balance 14.000000, Deposit 929.000000 
User 1, Acc 7 Balance 34355.000000, Deposit 967.000000 
User 3, Acc 7 Balance 33551.000000, Transfer 3.000000 to Acc 4
User 0, Acc 5 Balance 1477.000000, Deposit 941.000000 
User 3, Acc 7 Balance 34515.000000, Transfer 5.000000 to Acc 4
User 0, Acc 4 Balance 2578.000000, Withdraw 1167.000000 
User 2, Acc 4 Balance 2575.000000, Deposit 937.000000 
User 1, Acc 1 Balance 1477.000000, Transfer 19.000000 to Acc 7
User 2, Acc 5 Balance 2418.000000, Deposit 941.000000 
User 0, Acc 5 Balance 2418.000000, Withdraw 1307.000000 
User 2, Acc 4 Balance 2353.000000, Withdraw 1167.000000 
User 3, Acc 4 Balance 2583.000000, Withdraw 1167.000000 
User 1, Acc 2 Balance 721.000000, Transfer 23.000000 to Acc 7
User 3, Acc 5 Balance 2052.000000, Withdraw 1307.000000 
User 3, Acc 1 Balance 1458.000000, Transfer 89.000000 to Acc 8
User 0, Acc 1 Balance 1458.000000, Transfer 89.000000 to Acc 8
User 3, Acc 1 Balance 1369.000000, Transfer 163.000000 to Acc 9
User 1, Acc 6 Balance 7267.000000, Transfer 1167.000000 to Acc 5
User 3, Acc 1 Balance 1117.000000, Withdraw 41.000000 
User 3, Acc 2 Balance 698.000000, Withdraw 71.000000 
User 2, Acc 5 Balance 2052.000000, Withdraw 1307.000000 
User 0, Acc 1 Balance 1280.000000, Transfer 163.000000 to Acc 9
User 2, Acc 1 Balance 1076.000000, Transfer 89.000000 to Acc 8
User 2, Acc 1 Balance 824.000000, Transfer 163.000000 to Acc 9
User 2, Acc 1 Balance 661.000000, Withdraw 41.000000 
User 2, Acc 2 Balance 627.000000, Withdraw 71.000000 
User 2, Acc 3 Balance 2503.000000, Withdraw 1127.000000 
User 2, Acc 6 Balance 6100.000000, Withdraw 647.000000 
User 2, Acc 6 Balance 5453.000000, Deposit 953.000000 
User 2, Acc 7 Balance 34552.000000, Deposit 967.000000 
User 2, Acc 1 Balance 620.000000, Transfer 19.000000 to Acc 7
User 2, Acc 2 Balance 556.000000, Transfer 23.000000 to Acc 7
User 2, Acc 6 Balance 6406.000000, Transfer 1167.000000 to Acc 5
User 2, Acc 7 Balance 35561.000000, Withdraw 1593.000000 
User 2, Acc 8 Balance 5308.000000, Withdraw 449.000000 
User 2, Acc 9 Balance 14414.000000, Withdraw 163.000000 
User 3, Acc 3 Balance 2503.000000, Withdraw 1127.000000 
User 3, Acc 6 Balance 5239.000000, Withdraw 647.000000 
User 3, Acc 6 Balance 4592.000000, Deposit 1953.000000 
User 3, Acc 7 Balance 33968.000000, Deposit 967.000000 
User 3, Acc 1 Balance 601.000000, Transfer 19.000000 to Acc 7
User 1, Acc 7 Balance 34552.000000, Withdraw 1593.000000 
User 1, Acc 8 Balance 4859.000000, Withdraw 449.000000 
User 1, Acc 9 Balance 14251.000000, Withdraw 163.000000 
User 1, Acc 0 Balance 957.000000, Deposit 400.000000 
User 1, Acc 0 Balance 1357.000000, Withdraw 200.000000 
User 1, Acc 0 Balance 1157.000000, Deposit 100.000000 
User 1, Acc 0 Balance 1257.000000, Withdraw 50.000000 
User 1, Acc 0 Balance 1207.000000, Withdraw 150.000000 
User 1, Acc 0 Balance 1057.000000, Deposit 300.000000 
User 1, Acc 0 Balance 1357.000000, Transfer 300.000000 to Acc 1
User 4, Acc 6 Balance 7236.000000, Deposit 641.000000 
Balance in 1: 882.000000
User 4, Acc 6 Balance 7186.000000, Transfer 641.000000 to Acc 4
User 1, Acc 9 Balance 14088.000000, Deposit 617.000000 
User 4, Acc 5 Balance 1772.000000, Deposit 643.000000 
User 1, Acc 9 Balance 14705.000000, Transfer 617.000000 to Acc 9
User 4, Acc 5 Balance 2415.000000, Transfer 1200.000000 to Acc 6
User 2, Acc 7 Balance 33968.000000, Deposit 9929.000000 
User 4, Acc 4 Balance 660.000000, Deposit 647.000000 
User 3, Acc 2 Balance 533.000000, Transfer 23.000000 to Acc 7
User 4, Acc 4 Balance 1307.000000, Transfer 1200.000000 to Acc 7
User 3, Acc 6 Balance 7745.000000, Transfer 1167.000000 to Acc 5
User 1, Acc 8 Balance 4410.000000, Deposit 619.000000 
User 0, Acc 1 Balance 913.000000, Withdraw 41.000000 
User 2, Acc 4 Balance 660.000000, Deposit 937.000000 
User 0, Acc 2 Balance 510.000000, Withdraw 71.000000 
User 3, Acc 4 Balance 107.000000, Transfer 53.000000 to Acc 5
[22;32mUser 0, Acc 3 Balance 249.000000, 				Withdraw 1127.000000 --insufficient funds[0m
User 2, Acc 5 Balance 2382.000000, Deposit 941.000000 
User 4, Acc 3 Balance 249.000000, Deposit 653.000000 
User 1, Acc 8 Balance 5029.000000, Transfer 619.000000 to Acc 2
User 3, Acc 7 Balance 44513.000000, Withdraw 1593.000000 
User 1, Acc 7 Balance 44513.000000, Deposit 631.000000 
User 0, Acc 6 Balance 6578.000000, Withdraw 647.000000 
User 4, Acc 2 Balance 439.000000, Deposit 659.000000 
User 0, Acc 6 Balance 5931.000000, Deposit 953.000000 
User 2, Acc 0 Balance 1057.000000, Deposit 7.000000 
User 0, Acc 7 Balance 43551.000000, Deposit 967.000000 
User 3, Acc 8 Balance 4410.000000, Withdraw 449.000000 
User 0, Acc 1 Balance 841.000000, Transfer 19.000000 to Acc 7
User 0, Acc 2 Balance 1717.000000, Transfer 23.000000 to Acc 7
User 1, Acc 7 Balance 43551.000000, Transfer 631.000000 to Acc 3
User 0, Acc 6 Balance 6884.000000, Transfer 1167.000000 to Acc 5
User 1, Acc 6 Balance 6884.000000, Deposit 641.000000 
User 0, Acc 4 Balance 991.000000, Transfer 53.000000 to Acc 5
User 4, Acc 2 Balance 1717.000000, Transfer 1200.000000 to Acc 9
User 0, Acc 7 Balance 43929.000000, Withdraw 1593.000000 
User 0, Acc 8 Balance 3961.000000, Withdraw 449.000000 
User 0, Acc 9 Balance 15905.000000, Withdraw 163.000000 
User 3, Acc 9 Balance 14705.000000, Withdraw 163.000000 
User 0, Acc 0 Balance 1064.000000, Deposit 7.000000 
User 0, Acc 1 Balance 822.000000, Deposit 11.000000 
User 3, Acc 9 Balance 15579.000000, Deposit 617.000000 
User 3, Acc 9 Balance 16196.000000, Transfer 617.000000 to Acc 1
User 3, Acc 8 Balance 3512.000000, Deposit 619.000000 
User 2, Acc 3 Balance 902.000000, Deposit 29.000000 
User 4, Acc 1 Balance 822.000000, Deposit 661.000000 
User 2, Acc 7 Balance 42336.000000, Deposit 9.000000 
User 0, Acc 2 Balance 494.000000, Deposit 9.000000 
User 2, Acc 9 Balance 15579.000000, Deposit 129.000000 
User 0, Acc 3 Balance 1562.000000, Transfer 29.000000 to Acc 7
User 2, Acc 3 Balance 1562.000000, Transfer 29.000000 to Acc 7
User 3, Acc 8 Balance 4131.000000, Transfer 619.000000 to Acc 2
User 2, Acc 7 Balance 42403.000000, Transfer 31.000000 to Acc 6
User 1, Acc 6 Balance 6358.000000, Transfer 641.000000 to Acc 4
User 0, Acc 7 Balance 42374.000000, Transfer 31.000000 to Acc 6
User 4, Acc 1 Balance 2111.000000, Transfer 1200.000000 to Acc 9
User 0, Acc 7 Balance 42341.000000, Transfer 137.000000 to Acc 5
User 2, Acc 7 Balance 42372.000000, Transfer 137.000000 to Acc 5
User 0, Acc 7 Balance 42204.000000, Transfer 3.000000 to Acc 4
User 2, Acc 7 Balance 42067.000000, Transfer 3.000000 to Acc 4
User 4, Acc 0 Balance 1071.000000, Deposit 673.000000 
User 2, Acc 7 Balance 42064.000000, Transfer 5.000000 to Acc 4
User 1, Acc 5 Balance 4596.000000, Deposit 643.000000 
User 0, Acc 7 Balance 42061.000000, Transfer 5.000000 to Acc 4
User 4, Acc 0 Balance 1744.000000, Transfer 1200.000000 to Acc 9
User 0, Acc 3 Balance 1504.000000, Deposit 929.000000 
User 4, Acc 0 Balance 544.000000, Deposit 400.000000 
User 0, Acc 4 Balance 1595.000000, Deposit 937.000000 
User 4, Acc 0 Balance 944.000000, Withdraw 200.000000 
User 3, Acc 7 Balance 42403.000000, Deposit 631.000000 
User 1, Acc 5 Balance 5513.000000, Transfer 1200.000000 to Acc 6
User 3, Acc 7 Balance 42682.000000, Transfer 631.000000 to Acc 3
User 1, Acc 4 Balance 2532.000000, Deposit 647.000000 
User 1, Acc 4 Balance 3179.000000, Transfer 1200.000000 to Acc 7
User 4, Acc 0 Balance 744.000000, Deposit 100.000000 
User 1, Acc 3 Balance 3064.000000, Deposit 653.000000 
User 4, Acc 0 Balance 844.000000, Withdraw 50.000000 
User 1, Acc 3 Balance 3717.000000, Transfer 1200.000000 to Acc 8
User 2, Acc 4 Balance 1590.000000, Withdraw 1167.000000 
User 1, Acc 2 Balance 1122.000000, Deposit 659.000000 
User 0, Acc 5 Balance 5513.000000, Deposit 941.000000 
User 3, Acc 6 Balance 6979.000000, Deposit 641.000000 
[22;32mUser 0, Acc 4 Balance 812.000000, 				Withdraw 1167.000000 --insufficient funds[0m
User 3, Acc 6 Balance 7620.000000, Transfer 641.000000 to Acc 4
User 4, Acc 0 Balance 794.000000, Withdraw 150.000000 
User 3, Acc 5 Balance 5254.000000, Deposit 643.000000 
User 3, Acc 5 Balance 5897.000000, Transfer 1200.000000 to Acc 6
User 4, Acc 0 Balance 644.000000, Deposit 300.000000 
User 3, Acc 4 Balance 1453.000000, Deposit 647.000000 
User 4, Acc 0 Balance 944.000000, Transfer 300.000000 to Acc 1
Balance in 1: 1211.000000
User 3, Acc 4 Balance 2100.000000, Transfer 1200.000000 to Acc 7
User 3, Acc 3 Balance 2517.000000, Deposit 653.000000 
User 3, Acc 3 Balance 3170.000000, Transfer 1200.000000 to Acc 8
User 4, Acc 0 Balance 644.000000, Deposit 400.000000 
User 3, Acc 2 Balance 1781.000000, Deposit 659.000000 
User 4, Acc 0 Balance 1044.000000, Withdraw 200.000000 
User 4, Acc 0 Balance 844.000000, Deposit 100.000000 
User 2, Acc 5 Balance 4313.000000, Withdraw 1307.000000 
User 0, Acc 5 Balance 5254.000000, Withdraw 1307.000000 
User 1, Acc 2 Balance 1781.000000, Transfer 1200.000000 to Acc 9
User 0, Acc 1 Balance 1211.000000, Transfer 89.000000 to Acc 8
User 1, Acc 1 Balance 1211.000000, Deposit 661.000000 
User 0, Acc 1 Balance 1122.000000, Transfer 163.000000 to Acc 9
User 1, Acc 1 Balance 1783.000000, Transfer 1200.000000 to Acc 9
User 0, Acc 1 Balance 1620.000000, Withdraw 41.000000 
User 1, Acc 0 Balance 944.000000, Deposit 673.000000 
User 0, Acc 2 Balance 1240.000000, Withdraw 71.000000 
User 1, Acc 0 Balance 1617.000000, Transfer 1200.000000 to Acc 9
User 0, Acc 3 Balance 1970.000000, Withdraw 1127.000000 
User 3, Acc 2 Balance 2440.000000, Transfer 1200.000000 to Acc 9
User 3, Acc 1 Balance 379.000000, Deposit 661.000000 
User 3, Acc 0 Balance 417.000000, Deposit 673.000000 
User 3, Acc 7 Balance 44451.000000, Deposit 9929.000000 
User 3, Acc 4 Balance 900.000000, Deposit 937.000000 
User 0, Acc 6 Balance 8179.000000, Withdraw 647.000000 
User 2, Acc 1 Balance 1211.000000, Transfer 89.000000 to Acc 8
User 0, Acc 6 Balance 7532.000000, Deposit 953.000000 
User 4, Acc 0 Balance 944.000000, Withdraw 50.000000 
User 0, Acc 7 Balance 54380.000000, Deposit 967.000000 
User 2, Acc 1 Balance 951.000000, Transfer 163.000000 to Acc 9
User 0, Acc 1 Balance 951.000000, Transfer 19.000000 to Acc 7
User 2, Acc 1 Balance 788.000000, Withdraw 41.000000 
User 0, Acc 6 Balance 8485.000000, Transfer 1167.000000 to Acc 5
[22;32mUser 2, Acc 2 Balance -31.000000, 				Withdraw 71.000000 --insufficient funds[0m
User 4, Acc 0 Balance 1040.000000, Withdraw 150.000000 
User 3, Acc 5 Balance 2083.000000, Deposit 941.000000 
User 0, Acc 4 Balance 1837.000000, Transfer 53.000000 to Acc 5
User 3, Acc 0 Balance 890.000000, Deposit 7.000000 
User 0, Acc 7 Balance 55366.000000, Withdraw 1593.000000 
[22;32mUser 2, Acc 3 Balance 843.000000, 				Withdraw 1127.000000 --insufficient funds[0m
User 0, Acc 8 Balance 6090.000000, Withdraw 449.000000 
User 4, Acc 0 Balance 890.000000, Deposit 300.000000 
User 0, Acc 9 Balance 23234.000000, Withdraw 163.000000 
User 2, Acc 6 Balance 7318.000000, Withdraw 647.000000 
User 0, Acc 9 Balance 23071.000000, Deposit 617.000000 
User 0, Acc 9 Balance 23688.000000, Transfer 617.000000 to Acc 9
User 1, Acc 1 Balance 379.000000, Withdraw 50.000000 
User 3, Acc 3 Balance 843.000000, Deposit 29.000000 
User 2, Acc 6 Balance 6671.000000, Deposit 1953.000000 
User 3, Acc 7 Balance 53773.000000, Deposit 9.000000 
User 0, Acc 8 Balance 5641.000000, Deposit 619.000000 
User 0, Acc 8 Balance 6260.000000, Transfer 619.000000 to Acc 2
User 0, Acc 7 Balance 53782.000000, Deposit 631.000000 
User 0, Acc 7 Balance 54413.000000, Transfer 631.000000 to Acc 3
User 0, Acc 6 Balance 8624.000000, Deposit 641.000000 
User 0, Acc 6 Balance 9265.000000, Transfer 641.000000 to Acc 4
User 0, Acc 5 Balance 4244.000000, Deposit 643.000000 
User 0, Acc 5 Balance 4887.000000, Transfer 1200.000000 to Acc 6
User 0, Acc 4 Balance 2425.000000, Deposit 647.000000 
User 0, Acc 4 Balance 3072.000000, Transfer 1200.000000 to Acc 7
User 0, Acc 3 Balance 1503.000000, Deposit 653.000000 
User 0, Acc 3 Balance 2156.000000, Transfer 1200.000000 to Acc 8
User 0, Acc 2 Balance 588.000000, Deposit 659.000000 
User 0, Acc 2 Balance 1247.000000, Transfer 1200.000000 to Acc 9
User 0, Acc 1 Balance 678.000000, Deposit 661.000000 
User 2, Acc 7 Balance 53773.000000, Deposit 967.000000 
User 0, Acc 1 Balance 1339.000000, Transfer 1200.000000 to Acc 9
User 3, Acc 9 Balance 23688.000000, Deposit 129.000000 
User 0, Acc 0 Balance 1197.000000, Deposit 673.000000 
User 3, Acc 3 Balance 956.000000, Transfer 29.000000 to Acc 7
User 0, Acc 0 Balance 1870.000000, Transfer 1200.000000 to Acc 9
[22;32mUser 1, Acc 2 Balance -31.000000, 				Withdraw 50.000000 --insufficient funds[0m
User 0, Acc 1 Balance 139.000000, Withdraw 50.000000 
User 1, Acc 3 Balance 927.000000, Withdraw 50.000000 
[22;32mUser 0, Acc 2 Balance 47.000000, 				Withdraw 50.000000 --insufficient funds[0m
User 1, Acc 4 Balance 1872.000000, Withdraw 50.000000 
User 1, Acc 5 Balance 3687.000000, Withdraw 50.000000 
User 3, Acc 7 Balance 55978.000000, Transfer 31.000000 to Acc 6
User 0, Acc 3 Balance 877.000000, Withdraw 50.000000 
User 2, Acc 1 Balance 1339.000000, Transfer 19.000000 to Acc 7
User 2, Acc 2 Balance 47.000000, Transfer 23.000000 to Acc 7
User 1, Acc 6 Balance 9824.000000, Withdraw 50.000000 
User 3, Acc 7 Balance 55947.000000, Transfer 137.000000 to Acc 5
User 3, Acc 7 Balance 55852.000000, Transfer 3.000000 to Acc 4
User 3, Acc 7 Balance 55849.000000, Transfer 5.000000 to Acc 4
User 3, Acc 4 Balance 1830.000000, Withdraw 1167.000000 
User 3, Acc 5 Balance 3774.000000, Withdraw 1307.000000 
User 1, Acc 7 Balance 55989.000000, Withdraw 50.000000 
User 3, Acc 1 Balance 70.000000, Withdraw 41.000000 
[22;32mUser 3, Acc 2 Balance 24.000000, 				Withdraw 71.000000 --insufficient funds[0m
User 2, Acc 6 Balance 9855.000000, Transfer 1167.000000 to Acc 5
User 2, Acc 4 Balance 663.000000, Transfer 53.000000 to Acc 5
User 2, Acc 7 Balance 55794.000000, Withdraw 1593.000000 
User 2, Acc 8 Balance 6841.000000, Withdraw 449.000000 
User 2, Acc 9 Balance 27417.000000, Withdraw 163.000000 
User 1, Acc 8 Balance 6841.000000, Withdraw 50.000000 
User 1, Acc 9 Balance 27254.000000, Withdraw 50.000000 
User 4, Acc 0 Balance 1197.000000, Transfer 300.000000 to Acc 1
[22;32mUser 3, Acc 3 Balance 827.000000, 				Withdraw 1127.000000 --insufficient funds[0m
User 0, Acc 4 Balance 1822.000000, Withdraw 50.000000 
User 0, Acc 5 Balance 3687.000000, Withdraw 50.000000 
User 0, Acc 6 Balance 8638.000000, Withdraw 50.000000 
User 0, Acc 7 Balance 54201.000000, Withdraw 50.000000 
User 0, Acc 8 Balance 6342.000000, Withdraw 50.000000 
User 2, Acc 0 Balance 670.000000, Deposit 7.000000 
User 0, Acc 9 Balance 27204.000000, Withdraw 50.000000 
Balance in 1: 329.000000
User 0, Acc 0 Balance 377.000000, Withdraw 50.000000 
User 2, Acc 1 Balance 329.000000, Deposit 11.000000 
User 0, Acc 0 Balance 327.000000, Deposit 400.000000 
User 4, Acc 9 Balance 27154.000000, Deposit 617.000000 
User 0, Acc 0 Balance 727.000000, Withdraw 200.000000 
User 1, Acc 0 Balance 670.000000, Withdraw 50.000000 
User 2, Acc 2 Balance 24.000000, Deposit 9.000000 
User 4, Acc 9 Balance 27771.000000, Transfer 617.000000 to Acc 1
User 3, Acc 6 Balance 8638.000000, Withdraw 647.000000 
User 0, Acc 0 Balance 527.000000, Deposit 100.000000 
User 0, Acc 0 Balance 577.000000, Withdraw 50.000000 
User 0, Acc 0 Balance 527.000000, Withdraw 150.000000 
User 0, Acc 0 Balance 377.000000, Deposit 300.000000 
User 0, Acc 0 Balance 677.000000, Transfer 300.000000 to Acc 1
Balance in 1: 1257.000000
User 4, Acc 8 Balance 6292.000000, Deposit 619.000000 
User 4, Acc 8 Balance 6911.000000, Transfer 619.000000 to Acc 2
User 2, Acc 3 Balance 827.000000, Transfer 29.000000 to Acc 7
User 2, Acc 7 Balance 54180.000000, Transfer 31.000000 to Acc 6
User 4, Acc 7 Balance 54151.000000, Deposit 631.000000 
User 4, Acc 7 Balance 54780.000000, Transfer 631.000000 to Acc 3
User 2, Acc 7 Balance 54149.000000, Transfer 137.000000 to Acc 5
User 2, Acc 7 Balance 54012.000000, Transfer 3.000000 to Acc 4
User 4, Acc 6 Balance 7972.000000, Deposit 641.000000 
User 3, Acc 6 Balance 7941.000000, Deposit 1953.000000 
User 3, Acc 7 Balance 54009.000000, Deposit 967.000000 
User 3, Acc 1 Balance 1257.000000, Transfer 19.000000 to Acc 7
User 3, Acc 2 Balance 652.000000, Transfer 23.000000 to Acc 7
User 3, Acc 6 Balance 10566.000000, Transfer 1167.000000 to Acc 5
User 3, Acc 4 Balance 563.000000, Transfer 53.000000 to Acc 5
User 4, Acc 6 Balance 8613.000000, Transfer 641.000000 to Acc 4
User 3, Acc 7 Balance 55018.000000, Withdraw 1593.000000 
User 3, Acc 8 Balance 6292.000000, Withdraw 449.000000 
User 3, Acc 9 Balance 27154.000000, Withdraw 163.000000 
User 4, Acc 5 Balance 4994.000000, Deposit 643.000000 
User 4, Acc 5 Balance 5637.000000, Transfer 1200.000000 to Acc 6
User 2, Acc 7 Balance 54009.000000, Transfer 5.000000 to Acc 4
User 2, Acc 3 Balance 1429.000000, Deposit 929.000000 
User 2, Acc 4 Balance 1156.000000, Deposit 937.000000 
User 2, Acc 5 Balance 4437.000000, Deposit 941.000000 
User 4, Acc 4 Balance 1151.000000, Deposit 647.000000 
User 4, Acc 4 Balance 2740.000000, Transfer 1200.000000 to Acc 7
User 4, Acc 3 Balance 2358.000000, Deposit 653.000000 
User 4, Acc 3 Balance 3011.000000, Transfer 1200.000000 to Acc 8
User 4, Acc 2 Balance 629.000000, Deposit 659.000000 
User 4, Acc 2 Balance 1288.000000, Transfer 1200.000000 to Acc 9
User 4, Acc 1 Balance 1238.000000, Deposit 661.000000 
User 4, Acc 1 Balance 1899.000000, Transfer 1200.000000 to Acc 9
User 4, Acc 0 Balance 377.000000, Deposit 673.000000 
User 2, Acc 4 Balance 2093.000000, Withdraw 1167.000000 
User 2, Acc 5 Balance 5378.000000, Withdraw 1307.000000 
User 2, Acc 1 Balance 699.000000, Transfer 89.000000 to Acc 8
User 2, Acc 1 Balance 610.000000, Transfer 163.000000 to Acc 9
User 2, Acc 1 Balance 447.000000, Withdraw 41.000000 
User 2, Acc 2 Balance 88.000000, Withdraw 71.000000 
User 2, Acc 3 Balance 1811.000000, Withdraw 1127.000000 
User 2, Acc 6 Balance 9958.000000, Withdraw 647.000000 
User 2, Acc 6 Balance 9311.000000, Deposit 953.000000 
User 2, Acc 7 Balance 54620.000000, Deposit 967.000000 
User 2, Acc 1 Balance 406.000000, Transfer 19.000000 to Acc 7
User 2, Acc 6 Balance 10264.000000, Transfer 1167.000000 to Acc 5
User 2, Acc 4 Balance 373.000000, Transfer 53.000000 to Acc 5
User 2, Acc 7 Balance 55606.000000, Withdraw 1593.000000 
User 2, Acc 8 Balance 7132.000000, Withdraw 449.000000 
User 2, Acc 9 Balance 29554.000000, Withdraw 163.000000 
  ***     End of transaction batch    ***  
Account 0 balance after completion of transaction batch: 1050.000000
Account 1 balance after completion of transaction batch: 387.000000
Account 2 balance after completion of transaction batch: 17.000000
Account 3 balance after completion of transaction batch: 684.000000
Account 4 balance after completion of transaction batch: 320.000000
Account 5 balance after completion of transaction batch: 5291.000000
Account 6 balance after completion of transaction batch: 9097.000000
Account 7 balance after completion of transaction batch: 54013.000000
Account 8 balance after completion of transaction batch: 6683.000000
Account 9 balance after completion of transaction batch: 29391.000000
