# Output generated by:
# ./my_executable 5 data/transactions11.txt data/transactions8.txt data/transactions2.txt data/transactions4.txt data/transactions5.txt

********************************************
   Reading and parsing a transaction file   
********************************************
Parsed transaction: deposit 9 617.000000 
Loaded deposit transaction
Parsed transaction: transfer 9 9 617.000000 
Loaded transfer transaction
Parsed transaction: deposit 8 619.000000 
Loaded deposit transaction
Parsed transaction: transfer 8 2 619.000000 
Loaded transfer transaction
Parsed transaction: deposit 7 631.000000 
Loaded deposit transaction
Parsed transaction: transfer 7 3 631.000000 
Loaded transfer transaction
Parsed transaction: deposit 6 641.000000 
Loaded deposit transaction
Parsed transaction: transfer 6 4 641.000000 
Loaded transfer transaction
Parsed transaction: deposit 5 643.000000 
Loaded deposit transaction
Parsed transaction: transfer 5 6 1200.000000 
Loaded transfer transaction
Parsed transaction: deposit 4 647.000000 
Loaded deposit transaction
Parsed transaction: transfer 4 7 1200.000000 
Loaded transfer transaction
Parsed transaction: deposit 3 653.000000 
Loaded deposit transaction
Parsed transaction: transfer 3 8 1200.000000 
Loaded transfer transaction
Parsed transaction: deposit 2 659.000000 
Loaded deposit transaction
Parsed transaction: transfer 2 9 1200.000000 
Loaded transfer transaction
Parsed transaction: deposit 1 661.000000 
Loaded deposit transaction
Parsed transaction: transfer 1 9 1200.000000 
Loaded transfer transaction
Parsed transaction: deposit 0 673.000000 
Loaded deposit transaction
Parsed transaction: transfer 0 9 1200.000000 
Loaded transfer transaction
Parsed transaction: withdraw 1 50.000000 
Loaded withdrawal transaction
Parsed transaction: withdraw 2 50.000000 
Loaded withdrawal transaction
Parsed transaction: withdraw 3 50.000000 
Loaded withdrawal transaction
Parsed transaction: withdraw 4 50.000000 
Loaded withdrawal transaction
Parsed transaction: withdraw 5 50.000000 
Loaded withdrawal transaction
Parsed transaction: withdraw 6 50.000000 
Loaded withdrawal transaction
Parsed transaction: withdraw 7 50.000000 
Loaded withdrawal transaction
Parsed transaction: withdraw 8 50.000000 
Loaded withdrawal transaction
Parsed transaction: withdraw 9 50.000000 
Loaded withdrawal transaction
Parsed transaction: withdraw 0 50.000000 
Loaded withdrawal transaction
********************************************
********************************************
   Reading and parsing a transaction file   
********************************************
Parsed transaction: deposit 9 617.000000 
Loaded deposit transaction
Parsed transaction: transfer 9 1 617.000000 
Loaded transfer transaction
Parsed transaction: deposit 8 619.000000 
Loaded deposit transaction
Parsed transaction: transfer 8 2 619.000000 
Loaded transfer transaction
Parsed transaction: deposit 7 631.000000 
Loaded deposit transaction
Parsed transaction: transfer 7 3 631.000000 
Loaded transfer transaction
Parsed transaction: deposit 6 641.000000 
Loaded deposit transaction
Parsed transaction: transfer 6 4 641.000000 
Loaded transfer transaction
Parsed transaction: deposit 5 643.000000 
Loaded deposit transaction
Parsed transaction: transfer 5 6 1200.000000 
Loaded transfer transaction
Parsed transaction: deposit 4 647.000000 
Loaded deposit transaction
Parsed transaction: transfer 4 7 1200.000000 
Loaded transfer transaction
Parsed transaction: deposit 3 653.000000 
Loaded deposit transaction
Parsed transaction: transfer 3 8 1200.000000 
Loaded transfer transaction
Parsed transaction: deposit 2 659.000000 
Loaded deposit transaction
Parsed transaction: transfer 2 9 1200.000000 
Loaded transfer transaction
Parsed transaction: deposit 1 661.000000 
Loaded deposit transaction
Parsed transaction: transfer 1 9 1200.000000 
Loaded transfer transaction
Parsed transaction: deposit 0 673.000000 
Loaded deposit transaction
Parsed transaction: transfer 0 9 1200.000000 
Loaded transfer transaction
********************************************
********************************************
   Reading and parsing a transaction file   
********************************************
Parsed transaction: deposit 0 400.000000 
Loaded deposit transaction
Parsed transaction: withdraw 0 200.000000 
Loaded withdrawal transaction
Parsed transaction: deposit 0 100.000000 
Loaded deposit transaction
Parsed transaction: withdraw 0 50.000000 
Loaded withdrawal transaction
Parsed transaction: withdraw 0 150.000000 
Loaded withdrawal transaction
Parsed transaction: deposit 0 300.000000 
Loaded deposit transaction
Parsed transaction: transfer 0 1 300.000000 
Loaded transfer transaction
Parsed transaction: balance 1 
Loaded balance transaction
********************************************
********************************************
   Reading and parsing a transaction file   
********************************************
Parsed transaction: deposit 0 907.000000 
Loaded deposit transaction
Parsed transaction: deposit 1 911.000000 
Loaded deposit transaction
Parsed transaction: deposit 2 919.000000 
Loaded deposit transaction
Parsed transaction: deposit 3 929.000000 
Loaded deposit transaction
Parsed transaction: deposit 4 937.000000 
Loaded deposit transaction
Parsed transaction: deposit 5 941.000000 
Loaded deposit transaction
Parsed transaction: deposit 6 953.000000 
Loaded deposit transaction
Parsed transaction: deposit 7 967.000000 
Loaded deposit transaction
Parsed transaction: transfer 1 7 19.000000 
Loaded transfer transaction
Parsed transaction: transfer 2 7 23.000000 
Loaded transfer transaction
Parsed transaction: transfer 3 7 29.000000 
Loaded transfer transaction
Parsed transaction: transfer 7 6 31.000000 
Loaded transfer transaction
Parsed transaction: transfer 7 5 37.000000 
Loaded transfer transaction
Parsed transaction: transfer 7 4 3.000000 
Loaded transfer transaction
Parsed transaction: transfer 7 4 5.000000 
Loaded transfer transaction
Parsed transaction: transfer 6 5 67.000000 
Loaded transfer transaction
Parsed transaction: transfer 4 5 53.000000 
Loaded transfer transaction
Parsed transaction: transfer 1 8 89.000000 
Loaded transfer transaction
Parsed transaction: transfer 1 9 163.000000 
Loaded transfer transaction
Parsed transaction: withdraw 1 41.000000 
Loaded withdrawal transaction
Parsed transaction: withdraw 2 71.000000 
Loaded withdrawal transaction
Parsed transaction: withdraw 3 127.000000 
Loaded withdrawal transaction
Parsed transaction: withdraw 4 167.000000 
Loaded withdrawal transaction
Parsed transaction: withdraw 5 307.000000 
Loaded withdrawal transaction
Parsed transaction: withdraw 6 647.000000 
Loaded withdrawal transaction
Parsed transaction: withdraw 7 593.000000 
Loaded withdrawal transaction
Parsed transaction: withdraw 8 449.000000 
Loaded withdrawal transaction
Parsed transaction: withdraw 9 163.000000 
Loaded withdrawal transaction
********************************************
********************************************
   Reading and parsing a transaction file   
********************************************
Parsed transaction: deposit 0 907.000000 
Loaded deposit transaction
Parsed transaction: deposit 1 911.000000 
Loaded deposit transaction
Parsed transaction: deposit 2 919.000000 
Loaded deposit transaction
Parsed transaction: transfer 3 7 29.000000 
Loaded transfer transaction
Parsed transaction: transfer 7 6 31.000000 
Loaded transfer transaction
Parsed transaction: transfer 7 5 37.000000 
Loaded transfer transaction
Parsed transaction: transfer 7 4 3.000000 
Loaded transfer transaction
Parsed transaction: transfer 7 4 5.000000 
Loaded transfer transaction
Parsed transaction: deposit 3 929.000000 
Loaded deposit transaction
Parsed transaction: deposit 4 937.000000 
Loaded deposit transaction
Parsed transaction: deposit 5 941.000000 
Loaded deposit transaction
Parsed transaction: withdraw 4 167.000000 
Loaded withdrawal transaction
Parsed transaction: withdraw 5 307.000000 
Loaded withdrawal transaction
Parsed transaction: transfer 1 8 89.000000 
Loaded transfer transaction
Parsed transaction: transfer 1 9 163.000000 
Loaded transfer transaction
Parsed transaction: withdraw 1 41.000000 
Loaded withdrawal transaction
Parsed transaction: withdraw 2 71.000000 
Loaded withdrawal transaction
Parsed transaction: withdraw 3 127.000000 
Loaded withdrawal transaction
Parsed transaction: withdraw 6 647.000000 
Loaded withdrawal transaction
Parsed transaction: deposit 6 953.000000 
Loaded deposit transaction
Parsed transaction: deposit 7 967.000000 
Loaded deposit transaction
Parsed transaction: transfer 1 7 19.000000 
Loaded transfer transaction
Parsed transaction: transfer 2 7 23.000000 
Loaded transfer transaction
Parsed transaction: transfer 6 5 67.000000 
Loaded transfer transaction
Parsed transaction: transfer 4 5 53.000000 
Loaded transfer transaction
Parsed transaction: withdraw 7 593.000000 
Loaded withdrawal transaction
Parsed transaction: withdraw 8 449.000000 
Loaded withdrawal transaction
Parsed transaction: withdraw 9 163.000000 
Loaded withdrawal transaction
********************************************
  ***    Start of transaction batch    ***  
User 0, Acc 9 Balance 0.000000, Deposit 617.000000 
User 0, Acc 9 Balance 617.000000, Transfer 617.000000 to Acc 9
User 0, Acc 8 Balance 0.000000, Deposit 619.000000 
User 0, Acc 8 Balance 619.000000, Transfer 619.000000 to Acc 2
User 0, Acc 7 Balance 0.000000, Deposit 631.000000 
User 0, Acc 7 Balance 631.000000, Transfer 631.000000 to Acc 3
User 0, Acc 6 Balance 0.000000, Deposit 641.000000 
User 0, Acc 6 Balance 641.000000, Transfer 641.000000 to Acc 4
User 0, Acc 5 Balance 0.000000, Deposit 643.000000 
User 0, Acc 4 Balance 641.000000, Deposit 647.000000 
User 0, Acc 4 Balance 1288.000000, Transfer 1200.000000 to Acc 7
User 0, Acc 3 Balance 631.000000, Deposit 653.000000 
User 0, Acc 3 Balance 1284.000000, Transfer 1200.000000 to Acc 8
User 0, Acc 2 Balance 619.000000, Deposit 659.000000 
User 0, Acc 2 Balance 1278.000000, Transfer 1200.000000 to Acc 9
User 0, Acc 1 Balance 0.000000, Deposit 661.000000 
User 0, Acc 0 Balance 0.000000, Deposit 673.000000 
User 0, Acc 1 Balance 661.000000, Withdraw 50.000000 
User 0, Acc 2 Balance 78.000000, Withdraw 50.000000 
User 0, Acc 3 Balance 84.000000, Withdraw 50.000000 
User 0, Acc 4 Balance 88.000000, Withdraw 50.000000 
User 0, Acc 5 Balance 643.000000, Withdraw 50.000000 
[22;32mUser 0, Acc 6 Balance 0.000000, 				Withdraw 50.000000 --insufficient funds[0m
User 3, Acc 0 Balance 673.000000, Deposit 907.000000 
User 3, Acc 1 Balance 611.000000, Deposit 911.000000 
User 3, Acc 2 Balance 28.000000, Deposit 919.000000 
User 3, Acc 3 Balance 34.000000, Deposit 929.000000 
User 3, Acc 4 Balance 38.000000, Deposit 937.000000 
User 4, Acc 0 Balance 673.000000, Deposit 907.000000 
User 0, Acc 7 Balance 1200.000000, Withdraw 50.000000 
User 4, Acc 1 Balance 1522.000000, Deposit 911.000000 
User 0, Acc 8 Balance 1200.000000, Withdraw 50.000000 
User 4, Acc 2 Balance 947.000000, Deposit 919.000000 
User 3, Acc 5 Balance 593.000000, Deposit 941.000000 
User 4, Acc 3 Balance 963.000000, Transfer 29.000000 to Acc 7
User 0, Acc 9 Balance 1817.000000, Withdraw 50.000000 
User 0, Acc 0 Balance 2487.000000, Withdraw 50.000000 
User 3, Acc 6 Balance 0.000000, Deposit 953.000000 
User 0, Acc 9 Balance 1767.000000, Deposit 617.000000 
User 3, Acc 7 Balance 1179.000000, Deposit 967.000000 
User 4, Acc 7 Balance 1179.000000, Transfer 31.000000 to Acc 6
User 1, Acc 0 Balance 673.000000, Deposit 400.000000 
User 0, Acc 9 Balance 2384.000000, Transfer 617.000000 to Acc 9
User 3, Acc 1 Balance 2433.000000, Transfer 19.000000 to Acc 7
User 0, Acc 8 Balance 1150.000000, Deposit 619.000000 
User 3, Acc 2 Balance 1866.000000, Transfer 23.000000 to Acc 7
User 3, Acc 3 Balance 934.000000, Transfer 29.000000 to Acc 7
User 3, Acc 7 Balance 2186.000000, Transfer 31.000000 to Acc 6
User 1, Acc 0 Balance 2837.000000, Withdraw 200.000000 
User 3, Acc 7 Balance 2155.000000, Transfer 37.000000 to Acc 5
User 2, Acc 9 Balance 1817.000000, Deposit 617.000000 
User 0, Acc 8 Balance 1769.000000, Transfer 619.000000 to Acc 2
User 1, Acc 0 Balance 2637.000000, Deposit 100.000000 
User 0, Acc 7 Balance 2118.000000, Deposit 631.000000 
User 1, Acc 0 Balance 2737.000000, Withdraw 50.000000 
User 1, Acc 0 Balance 2687.000000, Withdraw 150.000000 
User 4, Acc 7 Balance 2115.000000, Transfer 37.000000 to Acc 5
User 4, Acc 7 Balance 2712.000000, Transfer 3.000000 to Acc 4
User 3, Acc 7 Balance 2118.000000, Transfer 3.000000 to Acc 4
User 4, Acc 7 Balance 2709.000000, Transfer 5.000000 to Acc 4
User 3, Acc 7 Balance 2706.000000, Transfer 5.000000 to Acc 4
User 3, Acc 6 Balance 1015.000000, Transfer 67.000000 to Acc 5
User 3, Acc 4 Balance 986.000000, Transfer 53.000000 to Acc 5
User 2, Acc 9 Balance 3001.000000, Transfer 617.000000 to Acc 1
User 3, Acc 1 Balance 2414.000000, Transfer 89.000000 to Acc 8
User 2, Acc 8 Balance 1150.000000, Deposit 619.000000 
User 4, Acc 3 Balance 905.000000, Deposit 929.000000 
User 1, Acc 0 Balance 2537.000000, Deposit 300.000000 
User 4, Acc 4 Balance 938.000000, Deposit 937.000000 
User 2, Acc 8 Balance 1858.000000, Transfer 619.000000 to Acc 2
User 0, Acc 7 Balance 2749.000000, Transfer 631.000000 to Acc 3
User 0, Acc 6 Balance 948.000000, Deposit 641.000000 
User 0, Acc 6 Balance 1589.000000, Transfer 641.000000 to Acc 4
User 0, Acc 5 Balance 1728.000000, Deposit 643.000000 
User 4, Acc 5 Balance 1728.000000, Deposit 941.000000 
User 0, Acc 5 Balance 2371.000000, Transfer 1200.000000 to Acc 6
User 4, Acc 4 Balance 2516.000000, Withdraw 167.000000 
User 0, Acc 4 Balance 2516.000000, Deposit 647.000000 
User 4, Acc 5 Balance 2112.000000, Withdraw 307.000000 
User 0, Acc 4 Balance 2996.000000, Transfer 1200.000000 to Acc 7
User 4, Acc 1 Balance 2942.000000, Transfer 89.000000 to Acc 8
User 0, Acc 3 Balance 2465.000000, Deposit 653.000000 
User 4, Acc 1 Balance 2853.000000, Transfer 163.000000 to Acc 9
User 0, Acc 3 Balance 3118.000000, Transfer 1200.000000 to Acc 8
User 4, Acc 1 Balance 2690.000000, Withdraw 41.000000 
User 0, Acc 2 Balance 3081.000000, Deposit 659.000000 
User 4, Acc 2 Balance 3081.000000, Withdraw 71.000000 
User 0, Acc 2 Balance 3740.000000, Transfer 1200.000000 to Acc 9
User 4, Acc 3 Balance 1918.000000, Withdraw 127.000000 
User 0, Acc 1 Balance 2649.000000, Deposit 661.000000 
User 4, Acc 6 Balance 2148.000000, Withdraw 647.000000 
User 0, Acc 1 Balance 3310.000000, Transfer 1200.000000 to Acc 9
User 4, Acc 6 Balance 1501.000000, Deposit 953.000000 
User 0, Acc 0 Balance 2837.000000, Deposit 673.000000 
User 4, Acc 7 Balance 3265.000000, Deposit 967.000000 
User 0, Acc 0 Balance 3510.000000, Transfer 1200.000000 to Acc 9
User 4, Acc 1 Balance 2110.000000, Transfer 19.000000 to Acc 7
User 0, Acc 1 Balance 2110.000000, Withdraw 50.000000 
User 4, Acc 2 Balance 2469.000000, Transfer 23.000000 to Acc 7
User 0, Acc 2 Balance 2469.000000, Withdraw 50.000000 
User 4, Acc 6 Balance 2454.000000, Transfer 67.000000 to Acc 5
User 0, Acc 3 Balance 1791.000000, Withdraw 50.000000 
User 1, Acc 0 Balance 2837.000000, Transfer 300.000000 to Acc 1
User 2, Acc 7 Balance 2696.000000, Deposit 631.000000 
User 3, Acc 1 Balance 2942.000000, Transfer 163.000000 to Acc 9
User 4, Acc 4 Balance 1796.000000, Transfer 53.000000 to Acc 5
Balance in 1: 2341.000000
User 4, Acc 7 Balance 4905.000000, Withdraw 593.000000 
User 3, Acc 1 Balance 2178.000000, Withdraw 41.000000 
User 4, Acc 8 Balance 2528.000000, Withdraw 449.000000 
User 1, Acc 9 Balance 6310.000000, Deposit 617.000000 
User 1, Acc 9 Balance 6927.000000, Transfer 617.000000 to Acc 9
User 3, Acc 2 Balance 2396.000000, Withdraw 71.000000 
User 1, Acc 8 Balance 2079.000000, Deposit 619.000000 
User 4, Acc 9 Balance 6310.000000, Withdraw 163.000000 
User 4, Acc 9 Balance 6764.000000, Deposit 617.000000 
User 4, Acc 9 Balance 7381.000000, Transfer 617.000000 to Acc 9
User 1, Acc 8 Balance 2698.000000, Transfer 619.000000 to Acc 2
User 0, Acc 4 Balance 1796.000000, Withdraw 50.000000 
User 0, Acc 5 Balance 1925.000000, Withdraw 50.000000 
User 0, Acc 6 Balance 2387.000000, Withdraw 50.000000 
User 0, Acc 7 Balance 4312.000000, Withdraw 50.000000 
User 0, Acc 8 Balance 2079.000000, Withdraw 50.000000 
User 4, Acc 8 Balance 2698.000000, Deposit 619.000000 
User 0, Acc 9 Balance 7381.000000, Withdraw 50.000000 
User 1, Acc 7 Balance 4312.000000, Deposit 631.000000 
User 3, Acc 3 Balance 1741.000000, Withdraw 127.000000 
User 3, Acc 4 Balance 1693.000000, Withdraw 167.000000 
User 0, Acc 0 Balance 2010.000000, Withdraw 50.000000 
User 3, Acc 5 Balance 1875.000000, Withdraw 307.000000 
User 0, Acc 9 Balance 7331.000000, Deposit 617.000000 
User 2, Acc 7 Balance 4905.000000, Transfer 631.000000 to Acc 3
User 2, Acc 6 Balance 2337.000000, Deposit 641.000000 
User 2, Acc 6 Balance 2978.000000, Transfer 641.000000 to Acc 4
User 2, Acc 5 Balance 1568.000000, Deposit 643.000000 
User 0, Acc 9 Balance 7948.000000, Transfer 617.000000 to Acc 9
User 2, Acc 5 Balance 2211.000000, Transfer 1200.000000 to Acc 6
User 0, Acc 8 Balance 2648.000000, Deposit 619.000000 
User 2, Acc 4 Balance 2167.000000, Deposit 647.000000 
User 2, Acc 4 Balance 2814.000000, Transfer 1200.000000 to Acc 7
User 1, Acc 7 Balance 4893.000000, Transfer 631.000000 to Acc 3
User 4, Acc 8 Balance 2648.000000, Transfer 619.000000 to Acc 2
User 0, Acc 8 Balance 3267.000000, Transfer 619.000000 to Acc 2
User 4, Acc 7 Balance 4831.000000, Deposit 631.000000 
User 0, Acc 7 Balance 4831.000000, Deposit 631.000000 
User 4, Acc 7 Balance 5462.000000, Transfer 631.000000 to Acc 3
User 2, Acc 3 Balance 2876.000000, Deposit 653.000000 
User 4, Acc 6 Balance 3537.000000, Deposit 641.000000 
User 0, Acc 7 Balance 6093.000000, Transfer 631.000000 to Acc 3
User 3, Acc 6 Balance 2337.000000, Withdraw 647.000000 
User 0, Acc 6 Balance 4178.000000, Deposit 641.000000 
User 3, Acc 7 Balance 4831.000000, Withdraw 593.000000 
User 0, Acc 6 Balance 4172.000000, Transfer 641.000000 to Acc 4
User 2, Acc 3 Balance 4160.000000, Transfer 1200.000000 to Acc 8
User 0, Acc 5 Balance 1011.000000, Deposit 643.000000 
User 2, Acc 2 Balance 4182.000000, Deposit 659.000000 
User 0, Acc 5 Balance 1654.000000, Transfer 1200.000000 to Acc 6
User 1, Acc 6 Balance 3537.000000, Deposit 641.000000 
User 0, Acc 4 Balance 2255.000000, Deposit 647.000000 
User 1, Acc 6 Balance 5372.000000, Transfer 641.000000 to Acc 4
User 2, Acc 2 Balance 4841.000000, Transfer 1200.000000 to Acc 9
User 4, Acc 6 Balance 4178.000000, Transfer 641.000000 to Acc 4
User 3, Acc 8 Balance 2029.000000, Withdraw 449.000000 
User 4, Acc 5 Balance 454.000000, Deposit 643.000000 
User 3, Acc 9 Balance 9148.000000, Withdraw 163.000000 
User 0, Acc 4 Balance 3543.000000, Transfer 1200.000000 to Acc 7
User 1, Acc 5 Balance 454.000000, Deposit 643.000000 
User 0, Acc 3 Balance 3591.000000, Deposit 653.000000 
User 2, Acc 1 Balance 2137.000000, Deposit 661.000000 
User 0, Acc 3 Balance 4244.000000, Transfer 1200.000000 to Acc 8
User 4, Acc 4 Balance 4184.000000, Deposit 647.000000 
User 0, Acc 2 Balance 3641.000000, Deposit 659.000000 
User 4, Acc 4 Balance 3631.000000, Transfer 1200.000000 to Acc 7
User 0, Acc 2 Balance 4300.000000, Transfer 1200.000000 to Acc 9
User 4, Acc 3 Balance 3044.000000, Deposit 653.000000 
User 0, Acc 1 Balance 2798.000000, Deposit 661.000000 
User 4, Acc 3 Balance 3697.000000, Transfer 1200.000000 to Acc 8
User 0, Acc 1 Balance 3459.000000, Transfer 1200.000000 to Acc 9
User 4, Acc 2 Balance 3100.000000, Deposit 659.000000 
User 0, Acc 0 Balance 1960.000000, Deposit 673.000000 
User 4, Acc 2 Balance 3759.000000, Transfer 1200.000000 to Acc 9
User 0, Acc 0 Balance 2633.000000, Transfer 1200.000000 to Acc 9
User 4, Acc 1 Balance 2259.000000, Deposit 661.000000 
User 0, Acc 1 Balance 2259.000000, Withdraw 50.000000 
User 1, Acc 5 Balance 1740.000000, Transfer 1200.000000 to Acc 6
User 3, Acc 9 Balance 8985.000000, Deposit 617.000000 
User 2, Acc 1 Balance 2798.000000, Transfer 1200.000000 to Acc 9
User 4, Acc 1 Balance 2920.000000, Transfer 1200.000000 to Acc 9
User 1, Acc 4 Balance 2431.000000, Deposit 647.000000 
User 4, Acc 0 Balance 1433.000000, Deposit 673.000000 
User 2, Acc 0 Balance 1433.000000, Deposit 673.000000 
User 4, Acc 0 Balance 2106.000000, Transfer 1200.000000 to Acc 9
User 1, Acc 4 Balance 3078.000000, Transfer 1200.000000 to Acc 7
User 4, Acc 1 Balance 470.000000, Withdraw 50.000000 
User 0, Acc 2 Balance 2559.000000, Withdraw 50.000000 
User 2, Acc 0 Balance 2779.000000, Transfer 1200.000000 to Acc 9
User 2, Acc 9 Balance 19202.000000, Deposit 617.000000 
User 2, Acc 9 Balance 19819.000000, Transfer 617.000000 to Acc 1
User 2, Acc 8 Balance 5180.000000, Deposit 619.000000 
User 2, Acc 8 Balance 5799.000000, Transfer 619.000000 to Acc 2
User 2, Acc 7 Balance 7838.000000, Deposit 631.000000 
User 2, Acc 7 Balance 8469.000000, Transfer 631.000000 to Acc 3
User 2, Acc 6 Balance 5290.000000, Deposit 641.000000 
User 2, Acc 6 Balance 5931.000000, Transfer 641.000000 to Acc 4
User 2, Acc 5 Balance 540.000000, Deposit 643.000000 
User 2, Acc 4 Balance 2519.000000, Deposit 647.000000 
User 2, Acc 4 Balance 3166.000000, Transfer 1200.000000 to Acc 7
User 2, Acc 3 Balance 3128.000000, Deposit 653.000000 
User 2, Acc 3 Balance 3781.000000, Transfer 1200.000000 to Acc 8
User 2, Acc 2 Balance 3128.000000, Deposit 659.000000 
User 2, Acc 2 Balance 3787.000000, Transfer 1200.000000 to Acc 9
User 2, Acc 1 Balance 1037.000000, Deposit 661.000000 
User 2, Acc 1 Balance 1698.000000, Transfer 1200.000000 to Acc 9
User 2, Acc 0 Balance 379.000000, Deposit 673.000000 
User 2, Acc 9 Balance 21602.000000, Deposit 617.000000 
User 2, Acc 9 Balance 22219.000000, Transfer 617.000000 to Acc 1
User 2, Acc 8 Balance 6380.000000, Deposit 619.000000 
User 2, Acc 8 Balance 6999.000000, Transfer 619.000000 to Acc 2
User 2, Acc 7 Balance 9038.000000, Deposit 631.000000 
User 2, Acc 7 Balance 9669.000000, Transfer 631.000000 to Acc 3
User 2, Acc 6 Balance 5290.000000, Deposit 641.000000 
User 2, Acc 6 Balance 5931.000000, Transfer 641.000000 to Acc 4
User 2, Acc 5 Balance 1183.000000, Deposit 643.000000 
User 2, Acc 5 Balance 1826.000000, Transfer 1200.000000 to Acc 6
User 2, Acc 4 Balance 2607.000000, Deposit 647.000000 
User 2, Acc 4 Balance 3254.000000, Transfer 1200.000000 to Acc 7
User 2, Acc 3 Balance 3212.000000, Deposit 653.000000 
User 2, Acc 3 Balance 3865.000000, Transfer 1200.000000 to Acc 8
User 2, Acc 2 Balance 3206.000000, Deposit 659.000000 
User 2, Acc 2 Balance 3865.000000, Transfer 1200.000000 to Acc 9
User 2, Acc 1 Balance 1115.000000, Deposit 661.000000 
User 2, Acc 1 Balance 1776.000000, Transfer 1200.000000 to Acc 9
User 2, Acc 0 Balance 1052.000000, Deposit 673.000000 
User 2, Acc 0 Balance 1725.000000, Transfer 1200.000000 to Acc 9
User 2, Acc 0 Balance 525.000000, Deposit 400.000000 
User 2, Acc 0 Balance 925.000000, Withdraw 200.000000 
User 2, Acc 0 Balance 725.000000, Deposit 100.000000 
User 2, Acc 0 Balance 825.000000, Withdraw 50.000000 
User 2, Acc 0 Balance 775.000000, Withdraw 150.000000 
User 2, Acc 0 Balance 625.000000, Deposit 300.000000 
User 2, Acc 0 Balance 925.000000, Transfer 300.000000 to Acc 1
User 0, Acc 3 Balance 2497.000000, Withdraw 50.000000 
User 3, Acc 9 Balance 14402.000000, Transfer 617.000000 to Acc 1
User 1, Acc 3 Balance 2497.000000, Deposit 653.000000 
User 3, Acc 8 Balance 7580.000000, Deposit 619.000000 
User 4, Acc 2 Balance 2559.000000, Withdraw 50.000000 
Balance in 1: 876.000000
User 0, Acc 4 Balance 2054.000000, Withdraw 50.000000 
User 1, Acc 3 Balance 3268.000000, Transfer 1200.000000 to Acc 8
User 1, Acc 2 Balance 2615.000000, Deposit 659.000000 
User 2, Acc 9 Balance 24585.000000, Deposit 617.000000 
User 1, Acc 2 Balance 3274.000000, Transfer 1200.000000 to Acc 9
User 1, Acc 1 Balance 1493.000000, Deposit 661.000000 
User 0, Acc 5 Balance 626.000000, Withdraw 50.000000 
User 4, Acc 3 Balance 3268.000000, Withdraw 50.000000 
User 0, Acc 6 Balance 6490.000000, Withdraw 50.000000 
User 4, Acc 4 Balance 2004.000000, Withdraw 50.000000 
User 0, Acc 7 Balance 10238.000000, Withdraw 50.000000 
User 4, Acc 5 Balance 576.000000, Withdraw 50.000000 
User 0, Acc 8 Balance 9399.000000, Withdraw 50.000000 
User 4, Acc 6 Balance 6440.000000, Withdraw 50.000000 
User 1, Acc 1 Balance 2154.000000, Transfer 1200.000000 to Acc 9
User 4, Acc 7 Balance 10188.000000, Withdraw 50.000000 
User 0, Acc 9 Balance 26402.000000, Withdraw 50.000000 
User 0, Acc 0 Balance 625.000000, Withdraw 50.000000 
User 1, Acc 0 Balance 625.000000, Deposit 673.000000 
User 0, Acc 0 Balance 575.000000, Deposit 400.000000 
User 0, Acc 0 Balance 1648.000000, Withdraw 200.000000 
User 0, Acc 0 Balance 1448.000000, Deposit 100.000000 
User 0, Acc 0 Balance 1548.000000, Withdraw 50.000000 
User 0, Acc 0 Balance 1498.000000, Withdraw 150.000000 
User 0, Acc 0 Balance 1348.000000, Deposit 300.000000 
User 0, Acc 0 Balance 1648.000000, Transfer 300.000000 to Acc 1
User 4, Acc 8 Balance 9349.000000, Withdraw 50.000000 
Balance in 1: 1254.000000
User 4, Acc 9 Balance 27552.000000, Withdraw 50.000000 
User 0, Acc 0 Balance 1348.000000, Deposit 907.000000 
User 4, Acc 0 Balance 1348.000000, Withdraw 50.000000 
User 3, Acc 8 Balance 8199.000000, Transfer 619.000000 to Acc 2
User 2, Acc 9 Balance 26402.000000, Transfer 617.000000 to Acc 1
User 1, Acc 0 Balance 1248.000000, Transfer 1200.000000 to Acc 9
User 0, Acc 1 Balance 1254.000000, Deposit 911.000000 
User 3, Acc 7 Balance 10138.000000, Deposit 631.000000 
User 0, Acc 2 Balance 2693.000000, Deposit 919.000000 
User 1, Acc 1 Balance 1871.000000, Withdraw 50.000000 
User 0, Acc 3 Balance 2018.000000, Deposit 929.000000 
User 2, Acc 8 Balance 8680.000000, Deposit 619.000000 
User 0, Acc 4 Balance 1954.000000, Deposit 937.000000 
User 4, Acc 0 Balance 2205.000000, Deposit 400.000000 
User 0, Acc 5 Balance 526.000000, Deposit 941.000000 
User 4, Acc 0 Balance 1405.000000, Withdraw 200.000000 
User 0, Acc 6 Balance 6390.000000, Deposit 953.000000 
User 4, Acc 0 Balance 1205.000000, Deposit 100.000000 
User 0, Acc 7 Balance 10769.000000, Deposit 967.000000 
User 4, Acc 0 Balance 1305.000000, Withdraw 50.000000 
User 0, Acc 1 Balance 2732.000000, Transfer 19.000000 to Acc 7
User 4, Acc 0 Balance 1255.000000, Withdraw 150.000000 
User 0, Acc 2 Balance 3612.000000, Transfer 23.000000 to Acc 7
User 4, Acc 0 Balance 1105.000000, Deposit 300.000000 
User 0, Acc 3 Balance 2947.000000, Transfer 29.000000 to Acc 7
User 4, Acc 0 Balance 1405.000000, Transfer 300.000000 to Acc 1
User 0, Acc 7 Balance 11807.000000, Transfer 31.000000 to Acc 6
Balance in 1: 3013.000000
User 2, Acc 8 Balance 9299.000000, Transfer 619.000000 to Acc 2
User 3, Acc 7 Balance 10769.000000, Transfer 631.000000 to Acc 3
User 2, Acc 7 Balance 11776.000000, Deposit 631.000000 
User 3, Acc 6 Balance 7374.000000, Deposit 641.000000 
User 3, Acc 6 Balance 8015.000000, Transfer 641.000000 to Acc 4
User 0, Acc 7 Balance 11776.000000, Transfer 37.000000 to Acc 5
User 0, Acc 7 Balance 11739.000000, Transfer 3.000000 to Acc 4
User 4, Acc 0 Balance 1105.000000, Deposit 907.000000 
User 0, Acc 7 Balance 11736.000000, Transfer 5.000000 to Acc 4
User 4, Acc 1 Balance 3013.000000, Deposit 911.000000 
User 0, Acc 6 Balance 7374.000000, Transfer 67.000000 to Acc 5
User 4, Acc 2 Balance 4208.000000, Deposit 919.000000 
User 0, Acc 4 Balance 3540.000000, Transfer 53.000000 to Acc 5
User 4, Acc 3 Balance 3549.000000, Deposit 929.000000 
User 0, Acc 1 Balance 3924.000000, Transfer 89.000000 to Acc 8
User 4, Acc 4 Balance 3487.000000, Deposit 937.000000 
User 0, Acc 1 Balance 3835.000000, Transfer 163.000000 to Acc 9
User 4, Acc 5 Balance 1624.000000, Deposit 941.000000 
User 0, Acc 1 Balance 3672.000000, Withdraw 41.000000 
User 3, Acc 5 Balance 1467.000000, Deposit 643.000000 
User 1, Acc 2 Balance 3612.000000, Withdraw 50.000000 
User 2, Acc 7 Balance 11776.000000, Transfer 631.000000 to Acc 3
User 4, Acc 6 Balance 7307.000000, Deposit 953.000000 
User 3, Acc 5 Balance 3208.000000, Transfer 1200.000000 to Acc 6
User 4, Acc 7 Balance 11100.000000, Deposit 967.000000 
User 2, Acc 6 Balance 7307.000000, Deposit 641.000000 
User 4, Acc 1 Balance 3631.000000, Transfer 19.000000 to Acc 7
User 1, Acc 3 Balance 4478.000000, Withdraw 50.000000 
User 4, Acc 2 Balance 5077.000000, Transfer 23.000000 to Acc 7
User 1, Acc 4 Balance 4424.000000, Withdraw 50.000000 
User 1, Acc 5 Balance 2008.000000, Withdraw 50.000000 
User 4, Acc 3 Balance 5059.000000, Transfer 29.000000 to Acc 7
User 3, Acc 4 Balance 4424.000000, Deposit 647.000000 
User 4, Acc 7 Balance 12138.000000, Transfer 31.000000 to Acc 6
User 2, Acc 6 Balance 10101.000000, Transfer 641.000000 to Acc 4
User 4, Acc 7 Balance 12107.000000, Transfer 37.000000 to Acc 5
User 4, Acc 7 Balance 12070.000000, Transfer 3.000000 to Acc 4
User 4, Acc 7 Balance 12067.000000, Transfer 5.000000 to Acc 4
User 4, Acc 6 Balance 9491.000000, Transfer 67.000000 to Acc 5
User 4, Acc 4 Balance 5670.000000, Transfer 53.000000 to Acc 5
User 0, Acc 2 Balance 5127.000000, Withdraw 71.000000 
User 0, Acc 3 Balance 5030.000000, Withdraw 127.000000 
User 0, Acc 4 Balance 5617.000000, Withdraw 167.000000 
User 0, Acc 5 Balance 2115.000000, Withdraw 307.000000 
User 0, Acc 6 Balance 9424.000000, Withdraw 647.000000 
User 0, Acc 7 Balance 12062.000000, Withdraw 593.000000 
User 0, Acc 8 Balance 8769.000000, Withdraw 449.000000 
User 4, Acc 1 Balance 3612.000000, Transfer 89.000000 to Acc 8
User 3, Acc 4 Balance 5021.000000, Transfer 1200.000000 to Acc 7
User 4, Acc 1 Balance 3523.000000, Transfer 163.000000 to Acc 9
User 2, Acc 5 Balance 1958.000000, Deposit 643.000000 
User 4, Acc 1 Balance 3360.000000, Withdraw 41.000000 
User 0, Acc 9 Balance 28248.000000, Withdraw 163.000000 
User 4, Acc 2 Balance 4983.000000, Withdraw 71.000000 
User 0, Acc 0 Balance 2012.000000, Deposit 400.000000 
User 1, Acc 6 Balance 10101.000000, Withdraw 50.000000 
User 0, Acc 0 Balance 2412.000000, Withdraw 200.000000 
User 1, Acc 7 Balance 12669.000000, Withdraw 50.000000 
User 2, Acc 5 Balance 2451.000000, Transfer 1200.000000 to Acc 6
User 4, Acc 3 Balance 4903.000000, Withdraw 127.000000 
User 3, Acc 3 Balance 4903.000000, Deposit 653.000000 
User 4, Acc 4 Balance 4250.000000, Withdraw 167.000000 
User 3, Acc 3 Balance 5429.000000, Transfer 1200.000000 to Acc 8
User 0, Acc 0 Balance 2212.000000, Deposit 100.000000 
User 1, Acc 8 Balance 8409.000000, Withdraw 50.000000 
User 0, Acc 0 Balance 2312.000000, Withdraw 50.000000 
User 1, Acc 9 Balance 28248.000000, Withdraw 50.000000 
User 1, Acc 0 Balance 2312.000000, Withdraw 50.000000 
User 0, Acc 0 Balance 2262.000000, Withdraw 150.000000 
User 1, Acc 0 Balance 2212.000000, Deposit 907.000000 
User 0, Acc 0 Balance 2062.000000, Deposit 300.000000 
User 3, Acc 2 Balance 4912.000000, Deposit 659.000000 
User 0, Acc 0 Balance 3269.000000, Transfer 300.000000 to Acc 1
User 3, Acc 2 Balance 5571.000000, Transfer 1200.000000 to Acc 9
Balance in 1: 3619.000000
User 4, Acc 5 Balance 1251.000000, Withdraw 307.000000 
User 0, Acc 0 Balance 2969.000000, Deposit 907.000000 
User 4, Acc 6 Balance 9927.000000, Withdraw 647.000000 
User 0, Acc 1 Balance 3619.000000, Deposit 911.000000 
User 4, Acc 7 Balance 12619.000000, Withdraw 593.000000 
User 0, Acc 2 Balance 4371.000000, Deposit 919.000000 
User 4, Acc 8 Balance 9559.000000, Withdraw 449.000000 
User 0, Acc 3 Balance 4229.000000, Deposit 929.000000 
User 4, Acc 9 Balance 29398.000000, Withdraw 163.000000 
User 0, Acc 4 Balance 4083.000000, Deposit 937.000000 
User 4, Acc 0 Balance 3876.000000, Deposit 907.000000 
User 0, Acc 5 Balance 944.000000, Deposit 941.000000 
User 4, Acc 1 Balance 4530.000000, Deposit 911.000000 
User 0, Acc 6 Balance 9280.000000, Deposit 953.000000 
User 4, Acc 2 Balance 5290.000000, Deposit 919.000000 
User 0, Acc 7 Balance 12026.000000, Deposit 967.000000 
User 4, Acc 3 Balance 5158.000000, Transfer 29.000000 to Acc 7
User 0, Acc 1 Balance 5441.000000, Transfer 19.000000 to Acc 7
User 4, Acc 7 Balance 13022.000000, Transfer 31.000000 to Acc 6
User 0, Acc 2 Balance 6209.000000, Transfer 23.000000 to Acc 7
User 4, Acc 7 Balance 13010.000000, Transfer 37.000000 to Acc 5
User 0, Acc 3 Balance 5129.000000, Transfer 29.000000 to Acc 7
User 0, Acc 7 Balance 13062.000000, Transfer 31.000000 to Acc 6
User 0, Acc 7 Balance 12994.000000, Transfer 37.000000 to Acc 5
User 0, Acc 7 Balance 12957.000000, Transfer 3.000000 to Acc 4
User 0, Acc 7 Balance 12954.000000, Transfer 5.000000 to Acc 4
User 0, Acc 6 Balance 10295.000000, Transfer 67.000000 to Acc 5
User 0, Acc 4 Balance 5028.000000, Transfer 53.000000 to Acc 5
User 0, Acc 1 Balance 5422.000000, Transfer 89.000000 to Acc 8
User 0, Acc 1 Balance 5333.000000, Transfer 163.000000 to Acc 9
User 0, Acc 1 Balance 5170.000000, Withdraw 41.000000 
User 0, Acc 2 Balance 6186.000000, Withdraw 71.000000 
User 4, Acc 7 Balance 13025.000000, Transfer 3.000000 to Acc 4
User 4, Acc 7 Balance 12946.000000, Transfer 5.000000 to Acc 4
User 4, Acc 3 Balance 5100.000000, Deposit 929.000000 
User 4, Acc 4 Balance 4983.000000, Deposit 937.000000 
User 4, Acc 5 Balance 2079.000000, Deposit 941.000000 
User 4, Acc 4 Balance 5920.000000, Withdraw 167.000000 
User 4, Acc 5 Balance 3020.000000, Withdraw 307.000000 
User 4, Acc 1 Balance 5129.000000, Transfer 89.000000 to Acc 8
User 4, Acc 1 Balance 5040.000000, Transfer 163.000000 to Acc 9
User 4, Acc 1 Balance 4877.000000, Withdraw 41.000000 
User 4, Acc 2 Balance 6115.000000, Withdraw 71.000000 
User 4, Acc 3 Balance 6029.000000, Withdraw 127.000000 
User 4, Acc 6 Balance 10228.000000, Withdraw 647.000000 
User 4, Acc 6 Balance 9581.000000, Deposit 953.000000 
User 4, Acc 7 Balance 12941.000000, Deposit 967.000000 
User 4, Acc 1 Balance 4836.000000, Transfer 19.000000 to Acc 7
User 4, Acc 2 Balance 6044.000000, Transfer 23.000000 to Acc 7
User 4, Acc 6 Balance 10534.000000, Transfer 67.000000 to Acc 5
User 4, Acc 4 Balance 5753.000000, Transfer 53.000000 to Acc 5
User 4, Acc 7 Balance 13950.000000, Withdraw 593.000000 
User 4, Acc 8 Balance 9288.000000, Withdraw 449.000000 
User 4, Acc 9 Balance 29561.000000, Withdraw 163.000000 
User 4, Acc 0 Balance 4783.000000, Deposit 907.000000 
User 4, Acc 1 Balance 4817.000000, Deposit 911.000000 
User 2, Acc 4 Balance 4250.000000, Deposit 647.000000 
User 2, Acc 4 Balance 6347.000000, Transfer 1200.000000 to Acc 7
User 0, Acc 3 Balance 5100.000000, Withdraw 127.000000 
User 2, Acc 3 Balance 5902.000000, Deposit 653.000000 
User 2, Acc 3 Balance 6555.000000, Transfer 1200.000000 to Acc 8
User 4, Acc 2 Balance 6021.000000, Deposit 919.000000 
User 4, Acc 3 Balance 5228.000000, Transfer 29.000000 to Acc 7
User 4, Acc 7 Balance 14586.000000, Transfer 31.000000 to Acc 6
User 0, Acc 4 Balance 5147.000000, Withdraw 167.000000 
User 2, Acc 2 Balance 6021.000000, Deposit 659.000000 
User 1, Acc 1 Balance 3319.000000, Deposit 911.000000 
User 1, Acc 2 Balance 7599.000000, Deposit 919.000000 
User 0, Acc 5 Balance 2833.000000, Withdraw 307.000000 
User 1, Acc 3 Balance 5199.000000, Deposit 929.000000 
User 1, Acc 4 Balance 4980.000000, Deposit 937.000000 
User 1, Acc 5 Balance 2526.000000, Deposit 941.000000 
User 1, Acc 6 Balance 10498.000000, Deposit 953.000000 
User 1, Acc 7 Balance 14555.000000, Deposit 967.000000 
User 1, Acc 1 Balance 6639.000000, Transfer 19.000000 to Acc 7
User 0, Acc 6 Balance 10498.000000, Withdraw 647.000000 
User 4, Acc 7 Balance 14555.000000, Transfer 37.000000 to Acc 5
User 1, Acc 2 Balance 8518.000000, Transfer 23.000000 to Acc 7
User 1, Acc 3 Balance 6128.000000, Transfer 29.000000 to Acc 7
User 1, Acc 7 Balance 15556.000000, Transfer 31.000000 to Acc 6
User 4, Acc 7 Balance 15504.000000, Transfer 3.000000 to Acc 4
User 4, Acc 7 Balance 15522.000000, Transfer 5.000000 to Acc 4
User 1, Acc 7 Balance 15525.000000, Transfer 37.000000 to Acc 5
User 4, Acc 3 Balance 6099.000000, Deposit 929.000000 
User 1, Acc 7 Balance 15480.000000, Transfer 3.000000 to Acc 4
User 3, Acc 1 Balance 3619.000000, Deposit 661.000000 
User 3, Acc 1 Balance 7281.000000, Transfer 1200.000000 to Acc 9
User 3, Acc 0 Balance 5690.000000, Deposit 673.000000 
User 3, Acc 0 Balance 6363.000000, Transfer 1200.000000 to Acc 9
User 3, Acc 0 Balance 5163.000000, Deposit 907.000000 
User 3, Acc 1 Balance 6081.000000, Deposit 911.000000 
User 3, Acc 2 Balance 8495.000000, Deposit 919.000000 
User 3, Acc 3 Balance 7028.000000, Transfer 29.000000 to Acc 7
User 3, Acc 7 Balance 15506.000000, Transfer 31.000000 to Acc 6
User 3, Acc 7 Balance 15475.000000, Transfer 37.000000 to Acc 5
User 3, Acc 7 Balance 15438.000000, Transfer 3.000000 to Acc 4
User 3, Acc 7 Balance 15435.000000, Transfer 5.000000 to Acc 4
User 3, Acc 3 Balance 6999.000000, Deposit 929.000000 
User 3, Acc 4 Balance 5936.000000, Deposit 937.000000 
User 3, Acc 5 Balance 3578.000000, Deposit 941.000000 
User 3, Acc 4 Balance 6873.000000, Withdraw 167.000000 
User 3, Acc 5 Balance 4519.000000, Withdraw 307.000000 
User 3, Acc 1 Balance 6992.000000, Transfer 89.000000 to Acc 8
User 3, Acc 1 Balance 6903.000000, Transfer 163.000000 to Acc 9
User 3, Acc 1 Balance 6740.000000, Withdraw 41.000000 
User 3, Acc 2 Balance 9414.000000, Withdraw 71.000000 
User 3, Acc 3 Balance 7928.000000, Withdraw 127.000000 
User 3, Acc 6 Balance 10866.000000, Withdraw 647.000000 
User 3, Acc 6 Balance 10219.000000, Deposit 953.000000 
User 3, Acc 7 Balance 15430.000000, Deposit 967.000000 
User 3, Acc 1 Balance 6699.000000, Transfer 19.000000 to Acc 7
User 3, Acc 2 Balance 9343.000000, Transfer 23.000000 to Acc 7
User 3, Acc 6 Balance 11172.000000, Transfer 67.000000 to Acc 5
User 3, Acc 4 Balance 6706.000000, Transfer 53.000000 to Acc 5
User 3, Acc 7 Balance 16439.000000, Withdraw 593.000000 
User 3, Acc 8 Balance 10128.000000, Withdraw 449.000000 
User 3, Acc 9 Balance 31961.000000, Withdraw 163.000000 
User 3, Acc 0 Balance 6070.000000, Deposit 907.000000 
User 2, Acc 2 Balance 7599.000000, Transfer 1200.000000 to Acc 9
User 2, Acc 1 Balance 6680.000000, Deposit 661.000000 
User 2, Acc 1 Balance 7341.000000, Transfer 1200.000000 to Acc 9
User 1, Acc 7 Balance 15477.000000, Transfer 5.000000 to Acc 4
User 1, Acc 6 Balance 11105.000000, Transfer 67.000000 to Acc 5
User 1, Acc 4 Balance 6658.000000, Transfer 53.000000 to Acc 5
User 1, Acc 1 Balance 6141.000000, Transfer 89.000000 to Acc 8
User 1, Acc 1 Balance 6052.000000, Transfer 163.000000 to Acc 9
User 1, Acc 1 Balance 5889.000000, Withdraw 41.000000 
User 1, Acc 2 Balance 8120.000000, Withdraw 71.000000 
User 1, Acc 3 Balance 7801.000000, Withdraw 127.000000 
User 1, Acc 4 Balance 6605.000000, Withdraw 167.000000 
User 1, Acc 5 Balance 4452.000000, Withdraw 307.000000 
User 1, Acc 6 Balance 11038.000000, Withdraw 647.000000 
User 1, Acc 7 Balance 15841.000000, Withdraw 593.000000 
User 1, Acc 8 Balance 9768.000000, Withdraw 449.000000 
User 1, Acc 9 Balance 34361.000000, Withdraw 163.000000 
User 3, Acc 1 Balance 6680.000000, Deposit 911.000000 
User 3, Acc 2 Balance 8049.000000, Deposit 919.000000 
User 3, Acc 3 Balance 7674.000000, Transfer 29.000000 to Acc 7
User 4, Acc 4 Balance 5925.000000, Deposit 937.000000 
User 3, Acc 7 Balance 15277.000000, Transfer 31.000000 to Acc 6
User 3, Acc 7 Balance 15246.000000, Transfer 37.000000 to Acc 5
User 0, Acc 7 Balance 15541.000000, Withdraw 593.000000 
User 2, Acc 0 Balance 6977.000000, Deposit 673.000000 
User 0, Acc 8 Balance 9319.000000, Withdraw 449.000000 
User 0, Acc 9 Balance 34198.000000, Withdraw 163.000000 
User 4, Acc 5 Balance 4145.000000, Deposit 941.000000 
User 2, Acc 0 Balance 7650.000000, Transfer 1200.000000 to Acc 9
User 4, Acc 4 Balance 7375.000000, Withdraw 167.000000 
User 4, Acc 5 Balance 5123.000000, Withdraw 307.000000 
User 4, Acc 1 Balance 6759.000000, Transfer 89.000000 to Acc 8
User 3, Acc 7 Balance 15209.000000, Transfer 3.000000 to Acc 4
User 3, Acc 7 Balance 14613.000000, Transfer 5.000000 to Acc 4
User 3, Acc 3 Balance 7645.000000, Deposit 929.000000 
User 3, Acc 4 Balance 7216.000000, Deposit 937.000000 
User 3, Acc 5 Balance 4816.000000, Deposit 941.000000 
User 3, Acc 4 Balance 8153.000000, Withdraw 167.000000 
User 3, Acc 5 Balance 5757.000000, Withdraw 307.000000 
User 3, Acc 1 Balance 6670.000000, Transfer 89.000000 to Acc 8
User 3, Acc 1 Balance 6581.000000, Transfer 163.000000 to Acc 9
User 4, Acc 1 Balance 6670.000000, Transfer 163.000000 to Acc 9
User 4, Acc 1 Balance 6255.000000, Withdraw 41.000000 
User 3, Acc 1 Balance 6418.000000, Withdraw 41.000000 
User 3, Acc 2 Balance 8968.000000, Withdraw 71.000000 
User 3, Acc 3 Balance 8574.000000, Withdraw 127.000000 
User 3, Acc 6 Balance 10422.000000, Withdraw 647.000000 
User 3, Acc 6 Balance 9775.000000, Deposit 953.000000 
User 3, Acc 7 Balance 14608.000000, Deposit 967.000000 
User 3, Acc 1 Balance 6173.000000, Transfer 19.000000 to Acc 7
User 3, Acc 2 Balance 8897.000000, Transfer 23.000000 to Acc 7
User 3, Acc 6 Balance 10728.000000, Transfer 67.000000 to Acc 5
User 3, Acc 4 Balance 7986.000000, Transfer 53.000000 to Acc 5
User 3, Acc 7 Balance 15617.000000, Withdraw 593.000000 
User 3, Acc 8 Balance 9048.000000, Withdraw 449.000000 
User 3, Acc 9 Balance 35561.000000, Withdraw 163.000000 
User 4, Acc 2 Balance 8968.000000, Withdraw 71.000000 
User 4, Acc 3 Balance 8447.000000, Withdraw 127.000000 
User 4, Acc 6 Balance 10661.000000, Withdraw 647.000000 
User 4, Acc 6 Balance 10014.000000, Deposit 953.000000 
User 4, Acc 7 Balance 15024.000000, Deposit 967.000000 
User 4, Acc 1 Balance 6154.000000, Transfer 19.000000 to Acc 7
User 4, Acc 2 Balance 8803.000000, Transfer 23.000000 to Acc 7
User 4, Acc 6 Balance 10967.000000, Transfer 67.000000 to Acc 5
User 4, Acc 4 Balance 7933.000000, Transfer 53.000000 to Acc 5
User 4, Acc 7 Balance 16033.000000, Withdraw 593.000000 
User 4, Acc 8 Balance 8599.000000, Withdraw 449.000000 
User 4, Acc 9 Balance 35398.000000, Withdraw 163.000000 
  ***     End of transaction batch    ***  
Account 0 balance after completion of transaction batch: 6450.000000
Account 1 balance after completion of transaction batch: 6135.000000
Account 2 balance after completion of transaction batch: 8780.000000
Account 3 balance after completion of transaction batch: 8320.000000
Account 4 balance after completion of transaction batch: 7880.000000
Account 5 balance after completion of transaction batch: 5690.000000
Account 6 balance after completion of transaction batch: 10900.000000
Account 7 balance after completion of transaction batch: 15440.000000
Account 8 balance after completion of transaction batch: 8150.000000
Account 9 balance after completion of transaction batch: 35235.000000
