# Output generated by:
# ./my_executable 5 data/transactions7.txt data/transactions6.txt data/transactions4.txt data/transactions10.txt data/transactions1.txt

********************************************
   Reading and parsing a transaction file   
********************************************
Parsed transaction: deposit 7 9929.000000 
Loaded deposit transaction
Parsed transaction: deposit 4 937.000000 
Loaded deposit transaction
Parsed transaction: deposit 5 941.000000 
Loaded deposit transaction
Parsed transaction: deposit 0 7.000000 
Loaded deposit transaction
Parsed transaction: deposit 3 29.000000 
Loaded deposit transaction
Parsed transaction: deposit 7 9.000000 
Loaded deposit transaction
Parsed transaction: deposit 9 129.000000 
Loaded deposit transaction
Parsed transaction: transfer 3 7 29.000000 
Loaded transfer transaction
Parsed transaction: transfer 7 6 31.000000 
Loaded transfer transaction
Parsed transaction: transfer 7 5 137.000000 
Loaded transfer transaction
Parsed transaction: transfer 7 4 3.000000 
Loaded transfer transaction
Parsed transaction: transfer 7 4 5.000000 
Loaded transfer transaction
Parsed transaction: withdraw 4 1167.000000 
Loaded withdrawal transaction
Parsed transaction: withdraw 5 1307.000000 
Loaded withdrawal transaction
Parsed transaction: transfer 1 8 89.000000 
Loaded transfer transaction
Parsed transaction: transfer 1 9 163.000000 
Loaded transfer transaction
Parsed transaction: withdraw 1 41.000000 
Loaded withdrawal transaction
Parsed transaction: withdraw 2 71.000000 
Loaded withdrawal transaction
Parsed transaction: withdraw 3 1127.000000 
Loaded withdrawal transaction
Parsed transaction: withdraw 6 647.000000 
Loaded withdrawal transaction
Parsed transaction: deposit 6 1953.000000 
Loaded deposit transaction
Parsed transaction: deposit 7 967.000000 
Loaded deposit transaction
Parsed transaction: transfer 1 7 19.000000 
Loaded transfer transaction
Parsed transaction: transfer 2 7 23.000000 
Loaded transfer transaction
Parsed transaction: transfer 6 5 1167.000000 
Loaded transfer transaction
Parsed transaction: transfer 4 5 53.000000 
Loaded transfer transaction
Parsed transaction: withdraw 7 1593.000000 
Loaded withdrawal transaction
Parsed transaction: withdraw 8 449.000000 
Loaded withdrawal transaction
Parsed transaction: withdraw 9 163.000000 
Loaded withdrawal transaction
********************************************
********************************************
   Reading and parsing a transaction file   
********************************************
Parsed transaction: deposit 0 7.000000 
Loaded deposit transaction
Parsed transaction: deposit 1 11.000000 
Loaded deposit transaction
Parsed transaction: deposit 2 9.000000 
Loaded deposit transaction
Parsed transaction: transfer 3 7 29.000000 
Loaded transfer transaction
Parsed transaction: transfer 7 6 31.000000 
Loaded transfer transaction
Parsed transaction: transfer 7 5 137.000000 
Loaded transfer transaction
Parsed transaction: transfer 7 4 3.000000 
Loaded transfer transaction
Parsed transaction: transfer 7 4 5.000000 
Loaded transfer transaction
Parsed transaction: deposit 3 929.000000 
Loaded deposit transaction
Parsed transaction: deposit 4 937.000000 
Loaded deposit transaction
Parsed transaction: deposit 5 941.000000 
Loaded deposit transaction
Parsed transaction: withdraw 4 1167.000000 
Loaded withdrawal transaction
Parsed transaction: withdraw 5 1307.000000 
Loaded withdrawal transaction
Parsed transaction: transfer 1 8 89.000000 
Loaded transfer transaction
Parsed transaction: transfer 1 9 163.000000 
Loaded transfer transaction
Parsed transaction: withdraw 1 41.000000 
Loaded withdrawal transaction
Parsed transaction: withdraw 2 71.000000 
Loaded withdrawal transaction
Parsed transaction: withdraw 3 1127.000000 
Loaded withdrawal transaction
Parsed transaction: withdraw 6 647.000000 
Loaded withdrawal transaction
Parsed transaction: deposit 6 953.000000 
Loaded deposit transaction
Parsed transaction: deposit 7 967.000000 
Loaded deposit transaction
Parsed transaction: transfer 1 7 19.000000 
Loaded transfer transaction
Parsed transaction: transfer 2 7 23.000000 
Loaded transfer transaction
Parsed transaction: transfer 6 5 1167.000000 
Loaded transfer transaction
Parsed transaction: transfer 4 5 53.000000 
Loaded transfer transaction
Parsed transaction: withdraw 7 1593.000000 
Loaded withdrawal transaction
Parsed transaction: withdraw 8 449.000000 
Loaded withdrawal transaction
Parsed transaction: withdraw 9 163.000000 
Loaded withdrawal transaction
********************************************
********************************************
   Reading and parsing a transaction file   
********************************************
Parsed transaction: deposit 0 907.000000 
Loaded deposit transaction
Parsed transaction: deposit 1 911.000000 
Loaded deposit transaction
Parsed transaction: deposit 2 919.000000 
Loaded deposit transaction
Parsed transaction: deposit 3 929.000000 
Loaded deposit transaction
Parsed transaction: deposit 4 937.000000 
Loaded deposit transaction
Parsed transaction: deposit 5 941.000000 
Loaded deposit transaction
Parsed transaction: deposit 6 953.000000 
Loaded deposit transaction
Parsed transaction: deposit 7 967.000000 
Loaded deposit transaction
Parsed transaction: transfer 1 7 19.000000 
Loaded transfer transaction
Parsed transaction: transfer 2 7 23.000000 
Loaded transfer transaction
Parsed transaction: transfer 3 7 29.000000 
Loaded transfer transaction
Parsed transaction: transfer 7 6 31.000000 
Loaded transfer transaction
Parsed transaction: transfer 7 5 37.000000 
Loaded transfer transaction
Parsed transaction: transfer 7 4 3.000000 
Loaded transfer transaction
Parsed transaction: transfer 7 4 5.000000 
Loaded transfer transaction
Parsed transaction: transfer 6 5 67.000000 
Loaded transfer transaction
Parsed transaction: transfer 4 5 53.000000 
Loaded transfer transaction
Parsed transaction: transfer 1 8 89.000000 
Loaded transfer transaction
Parsed transaction: transfer 1 9 163.000000 
Loaded transfer transaction
Parsed transaction: withdraw 1 41.000000 
Loaded withdrawal transaction
Parsed transaction: withdraw 2 71.000000 
Loaded withdrawal transaction
Parsed transaction: withdraw 3 127.000000 
Loaded withdrawal transaction
Parsed transaction: withdraw 4 167.000000 
Loaded withdrawal transaction
Parsed transaction: withdraw 5 307.000000 
Loaded withdrawal transaction
Parsed transaction: withdraw 6 647.000000 
Loaded withdrawal transaction
Parsed transaction: withdraw 7 593.000000 
Loaded withdrawal transaction
Parsed transaction: withdraw 8 449.000000 
Loaded withdrawal transaction
Parsed transaction: withdraw 9 163.000000 
Loaded withdrawal transaction
********************************************
********************************************
   Reading and parsing a transaction file   
********************************************
Parsed transaction: withdraw 1 500.000000 
Loaded withdrawal transaction
Parsed transaction: withdraw 2 500.000000 
Loaded withdrawal transaction
Parsed transaction: withdraw 3 500.000000 
Loaded withdrawal transaction
Parsed transaction: withdraw 4 500.000000 
Loaded withdrawal transaction
Parsed transaction: withdraw 5 500.000000 
Loaded withdrawal transaction
Parsed transaction: withdraw 6 500.000000 
Loaded withdrawal transaction
Parsed transaction: withdraw 7 500.000000 
Loaded withdrawal transaction
Parsed transaction: withdraw 8 500.000000 
Loaded withdrawal transaction
Parsed transaction: withdraw 9 500.000000 
Loaded withdrawal transaction
Parsed transaction: withdraw 0 500.000000 
Loaded withdrawal transaction
Parsed transaction: withdraw 1 500.000000 
Loaded withdrawal transaction
Parsed transaction: withdraw 2 500.000000 
Loaded withdrawal transaction
Parsed transaction: withdraw 3 500.000000 
Loaded withdrawal transaction
Parsed transaction: withdraw 4 500.000000 
Loaded withdrawal transaction
Parsed transaction: withdraw 5 500.000000 
Loaded withdrawal transaction
Parsed transaction: withdraw 6 500.000000 
Loaded withdrawal transaction
Parsed transaction: withdraw 7 500.000000 
Loaded withdrawal transaction
Parsed transaction: withdraw 8 500.000000 
Loaded withdrawal transaction
Parsed transaction: withdraw 9 500.000000 
Loaded withdrawal transaction
Parsed transaction: withdraw 0 500.000000 
Loaded withdrawal transaction
Parsed transaction: withdraw 1 500.000000 
Loaded withdrawal transaction
Parsed transaction: withdraw 2 500.000000 
Loaded withdrawal transaction
Parsed transaction: withdraw 3 500.000000 
Loaded withdrawal transaction
Parsed transaction: withdraw 4 500.000000 
Loaded withdrawal transaction
Parsed transaction: withdraw 5 500.000000 
Loaded withdrawal transaction
Parsed transaction: withdraw 6 500.000000 
Loaded withdrawal transaction
Parsed transaction: withdraw 7 500.000000 
Loaded withdrawal transaction
Parsed transaction: withdraw 8 500.000000 
Loaded withdrawal transaction
Parsed transaction: withdraw 9 500.000000 
Loaded withdrawal transaction
Parsed transaction: withdraw 0 500.000000 
Loaded withdrawal transaction
********************************************
********************************************
   Reading and parsing a transaction file   
********************************************
Parsed transaction: deposit 0 100.000000 
Loaded deposit transaction
Parsed transaction: deposit 0 200.000000 
Loaded deposit transaction
Parsed transaction: deposit 0 300.000000 
Loaded deposit transaction
Parsed transaction: withdraw 0 200.000000 
Loaded withdrawal transaction
Parsed transaction: withdraw 0 100.000000 
Loaded withdrawal transaction
Parsed transaction: withdraw 0 50.000000 
Loaded withdrawal transaction
Parsed transaction: transfer 1 0 200.000000 
Loaded transfer transaction
Parsed transaction: balance 0 
Loaded balance transaction
********************************************
  ***    Start of transaction batch    ***  
User 0, Acc 7 Balance 0.000000, Deposit 9929.000000 
User 0, Acc 4 Balance 0.000000, Deposit 937.000000 
User 0, Acc 5 Balance 0.000000, Deposit 941.000000 
User 0, Acc 0 Balance 0.000000, Deposit 7.000000 
User 0, Acc 3 Balance 0.000000, Deposit 29.000000 
User 0, Acc 7 Balance 9929.000000, Deposit 9.000000 
User 0, Acc 9 Balance 0.000000, Deposit 129.000000 
User 0, Acc 3 Balance 29.000000, Transfer 29.000000 to Acc 7
User 0, Acc 7 Balance 9967.000000, Transfer 31.000000 to Acc 6
User 0, Acc 7 Balance 9936.000000, Transfer 137.000000 to Acc 5
User 0, Acc 7 Balance 9799.000000, Transfer 3.000000 to Acc 4
User 0, Acc 7 Balance 9796.000000, Transfer 5.000000 to Acc 4
[22;32mUser 0, Acc 4 Balance 945.000000, 				Withdraw 1167.000000 --insufficient funds[0m
[22;32mUser 0, Acc 5 Balance 1078.000000, 				Withdraw 1307.000000 --insufficient funds[0m
[22;32mUser 0, Acc 1 Balance 0.000000, 				Withdraw 41.000000 --insufficient funds[0m
[22;32mUser 0, Acc 2 Balance 0.000000, 				Withdraw 71.000000 --insufficient funds[0m
[22;32mUser 0, Acc 3 Balance 0.000000, 				Withdraw 1127.000000 --insufficient funds[0m
[22;32mUser 0, Acc 6 Balance 31.000000, 				Withdraw 647.000000 --insufficient funds[0m
User 0, Acc 6 Balance 31.000000, Deposit 1953.000000 
User 0, Acc 7 Balance 9791.000000, Deposit 967.000000 
User 0, Acc 6 Balance 1984.000000, Transfer 1167.000000 to Acc 5
User 0, Acc 4 Balance 945.000000, Transfer 53.000000 to Acc 5
User 0, Acc 7 Balance 10758.000000, Withdraw 1593.000000 
[22;32mUser 0, Acc 8 Balance 0.000000, 				Withdraw 449.000000 --insufficient funds[0m
[22;32mUser 0, Acc 9 Balance 129.000000, 				Withdraw 163.000000 --insufficient funds[0m
User 0, Acc 0 Balance 7.000000, Deposit 7.000000 
[22;32mUser 2, Acc 1 Balance 0.000000, 				Withdraw 500.000000 --insufficient funds[0m
[22;32mUser 2, Acc 2 Balance 0.000000, 				Withdraw 500.000000 --insufficient funds[0m
[22;32mUser 2, Acc 3 Balance 0.000000, 				Withdraw 500.000000 --insufficient funds[0m
User 3, Acc 0 Balance 7.000000, Deposit 100.000000 
User 3, Acc 0 Balance 114.000000, Deposit 200.000000 
User 3, Acc 0 Balance 314.000000, Deposit 300.000000 
User 3, Acc 0 Balance 614.000000, Withdraw 200.000000 
User 3, Acc 0 Balance 414.000000, Withdraw 100.000000 
User 4, Acc 7 Balance 9165.000000, Deposit 9929.000000 
User 2, Acc 4 Balance 892.000000, Withdraw 500.000000 
User 4, Acc 4 Balance 892.000000, Deposit 937.000000 
User 2, Acc 5 Balance 2298.000000, Withdraw 500.000000 
User 2, Acc 6 Balance 817.000000, Withdraw 500.000000 
User 2, Acc 7 Balance 19094.000000, Withdraw 500.000000 
User 0, Acc 1 Balance 0.000000, Deposit 11.000000 
User 0, Acc 2 Balance 0.000000, Deposit 9.000000 
User 4, Acc 5 Balance 1798.000000, Deposit 941.000000 
User 4, Acc 0 Balance 314.000000, Deposit 7.000000 
User 3, Acc 0 Balance 314.000000, Withdraw 50.000000 
User 4, Acc 3 Balance 0.000000, Deposit 29.000000 
User 1, Acc 0 Balance 7.000000, Deposit 907.000000 
User 0, Acc 7 Balance 18594.000000, Transfer 31.000000 to Acc 6
Balance in 0: 271.000000
User 0, Acc 7 Balance 18563.000000, Transfer 137.000000 to Acc 5
User 3, Acc 7 Balance 18563.000000, Deposit 9929.000000 
User 0, Acc 7 Balance 18426.000000, Transfer 3.000000 to Acc 4
User 4, Acc 7 Balance 18594.000000, Deposit 9.000000 
User 0, Acc 7 Balance 28352.000000, Transfer 5.000000 to Acc 4
User 4, Acc 9 Balance 129.000000, Deposit 129.000000 
User 0, Acc 3 Balance 29.000000, Deposit 929.000000 
User 4, Acc 3 Balance 29.000000, Transfer 29.000000 to Acc 7
User 0, Acc 4 Balance 1337.000000, Deposit 937.000000 
User 4, Acc 7 Balance 28385.000000, Transfer 31.000000 to Acc 6
User 0, Acc 5 Balance 2876.000000, Deposit 941.000000 
User 4, Acc 7 Balance 28354.000000, Transfer 137.000000 to Acc 5
User 0, Acc 4 Balance 2274.000000, Withdraw 1167.000000 
User 4, Acc 7 Balance 28217.000000, Transfer 3.000000 to Acc 4
User 0, Acc 5 Balance 3954.000000, Withdraw 1307.000000 
User 4, Acc 7 Balance 28214.000000, Transfer 5.000000 to Acc 4
User 1, Acc 1 Balance 11.000000, Deposit 911.000000 
[22;32mUser 2, Acc 8 Balance 0.000000, 				Withdraw 500.000000 --insufficient funds[0m
User 3, Acc 4 Balance 1329.000000, Deposit 937.000000 
[22;32mUser 0, Acc 1 Balance 11.000000, 				Withdraw 41.000000 --insufficient funds[0m
User 1, Acc 2 Balance 9.000000, Deposit 919.000000 
[22;32mUser 0, Acc 2 Balance 9.000000, 				Withdraw 71.000000 --insufficient funds[0m
User 1, Acc 3 Balance 929.000000, Deposit 929.000000 
User 3, Acc 5 Balance 2647.000000, Deposit 941.000000 
[22;32mUser 4, Acc 4 Balance 1115.000000, 				Withdraw 1167.000000 --insufficient funds[0m
[22;32mUser 0, Acc 3 Balance 929.000000, 				Withdraw 1127.000000 --insufficient funds[0m
User 4, Acc 5 Balance 3588.000000, Withdraw 1307.000000 
[22;32mUser 0, Acc 6 Balance 379.000000, 				Withdraw 647.000000 --insufficient funds[0m
User 3, Acc 0 Balance 1178.000000, Deposit 7.000000 
[22;32mUser 2, Acc 9 Balance 258.000000, 				Withdraw 500.000000 --insufficient funds[0m
User 1, Acc 4 Balance 2052.000000, Deposit 937.000000 
User 4, Acc 1 Balance 922.000000, Transfer 89.000000 to Acc 8
User 3, Acc 3 Balance 1858.000000, Deposit 29.000000 
User 4, Acc 1 Balance 833.000000, Transfer 163.000000 to Acc 9
User 3, Acc 7 Balance 28209.000000, Deposit 9.000000 
User 4, Acc 1 Balance 670.000000, Withdraw 41.000000 
User 0, Acc 6 Balance 379.000000, Deposit 953.000000 
User 4, Acc 2 Balance 928.000000, Withdraw 71.000000 
User 0, Acc 7 Balance 28218.000000, Deposit 967.000000 
User 4, Acc 3 Balance 1887.000000, Withdraw 1127.000000 
User 0, Acc 1 Balance 629.000000, Transfer 19.000000 to Acc 7
User 1, Acc 5 Balance 2281.000000, Deposit 941.000000 
User 3, Acc 9 Balance 421.000000, Deposit 129.000000 
User 3, Acc 3 Balance 760.000000, Transfer 29.000000 to Acc 7
User 4, Acc 6 Balance 1332.000000, Withdraw 647.000000 
User 1, Acc 6 Balance 1332.000000, Deposit 953.000000 
User 4, Acc 6 Balance 685.000000, Deposit 1953.000000 
User 1, Acc 7 Balance 29233.000000, Deposit 967.000000 
User 4, Acc 7 Balance 29233.000000, Deposit 967.000000 
User 2, Acc 0 Balance 1185.000000, Withdraw 500.000000 
User 4, Acc 1 Balance 610.000000, Transfer 19.000000 to Acc 7
User 0, Acc 2 Balance 857.000000, Transfer 23.000000 to Acc 7
User 1, Acc 1 Balance 610.000000, Transfer 19.000000 to Acc 7
User 0, Acc 6 Balance 3591.000000, Transfer 1167.000000 to Acc 5
User 2, Acc 1 Balance 610.000000, Withdraw 500.000000 
User 0, Acc 4 Balance 2989.000000, Transfer 53.000000 to Acc 5
User 3, Acc 7 Balance 29233.000000, Transfer 31.000000 to Acc 6
User 0, Acc 7 Balance 31228.000000, Withdraw 1593.000000 
[22;32mUser 0, Acc 8 Balance 89.000000, 				Withdraw 449.000000 --insufficient funds[0m
User 2, Acc 2 Balance 834.000000, Withdraw 500.000000 
User 0, Acc 9 Balance 550.000000, Withdraw 163.000000 
User 1, Acc 2 Balance 834.000000, Transfer 23.000000 to Acc 7
User 0, Acc 7 Balance 29604.000000, Deposit 9929.000000 
User 2, Acc 3 Balance 731.000000, Withdraw 500.000000 
User 0, Acc 4 Balance 2936.000000, Deposit 937.000000 
User 2, Acc 4 Balance 2936.000000, Withdraw 500.000000 
User 2, Acc 5 Balance 4442.000000, Withdraw 500.000000 
User 0, Acc 5 Balance 4442.000000, Deposit 941.000000 
User 1, Acc 3 Balance 731.000000, Transfer 29.000000 to Acc 7
User 0, Acc 0 Balance 685.000000, Deposit 7.000000 
User 1, Acc 7 Balance 39585.000000, Transfer 31.000000 to Acc 6
User 0, Acc 3 Balance 202.000000, Deposit 29.000000 
User 4, Acc 2 Balance 857.000000, Transfer 23.000000 to Acc 7
User 3, Acc 7 Balance 31197.000000, Transfer 137.000000 to Acc 5
User 4, Acc 6 Balance 2486.000000, Transfer 1167.000000 to Acc 5
User 2, Acc 6 Balance 2455.000000, Withdraw 500.000000 
User 0, Acc 7 Balance 39554.000000, Deposit 9.000000 
User 0, Acc 9 Balance 387.000000, Deposit 129.000000 
User 0, Acc 3 Balance 231.000000, Transfer 29.000000 to Acc 7
User 0, Acc 7 Balance 39478.000000, Transfer 31.000000 to Acc 6
User 0, Acc 7 Balance 39447.000000, Transfer 137.000000 to Acc 5
User 0, Acc 7 Balance 39310.000000, Transfer 3.000000 to Acc 4
User 0, Acc 7 Balance 39307.000000, Transfer 5.000000 to Acc 4
User 0, Acc 4 Balance 3381.000000, Withdraw 1167.000000 
User 0, Acc 5 Balance 6324.000000, Withdraw 1307.000000 
User 0, Acc 1 Balance 72.000000, Withdraw 41.000000 
User 0, Acc 2 Balance 288.000000, Withdraw 71.000000 
[22;32mUser 0, Acc 3 Balance 202.000000, 				Withdraw 1127.000000 --insufficient funds[0m
User 2, Acc 7 Balance 39440.000000, Withdraw 500.000000 
User 0, Acc 6 Balance 850.000000, Withdraw 647.000000 
[22;32mUser 2, Acc 8 Balance 89.000000, 				Withdraw 500.000000 --insufficient funds[0m
User 2, Acc 9 Balance 516.000000, Withdraw 500.000000 
User 4, Acc 4 Balance 3373.000000, Transfer 53.000000 to Acc 5
User 1, Acc 7 Balance 39554.000000, Transfer 37.000000 to Acc 5
User 4, Acc 7 Balance 38802.000000, Withdraw 1593.000000 
User 1, Acc 7 Balance 38765.000000, Transfer 3.000000 to Acc 4
User 0, Acc 6 Balance 203.000000, Deposit 1953.000000 
User 3, Acc 7 Balance 39440.000000, Transfer 3.000000 to Acc 4
User 0, Acc 7 Balance 37169.000000, Deposit 967.000000 
User 1, Acc 7 Balance 37169.000000, Transfer 5.000000 to Acc 4
User 0, Acc 1 Balance 31.000000, Transfer 19.000000 to Acc 7
[22;32mUser 4, Acc 8 Balance 89.000000, 				Withdraw 449.000000 --insufficient funds[0m
User 0, Acc 2 Balance 217.000000, Transfer 23.000000 to Acc 7
[22;32mUser 4, Acc 9 Balance 16.000000, 				Withdraw 163.000000 --insufficient funds[0m
User 0, Acc 6 Balance 2156.000000, Transfer 1167.000000 to Acc 5
User 4, Acc 0 Balance 692.000000, Deposit 7.000000 
User 0, Acc 4 Balance 2172.000000, Transfer 53.000000 to Acc 5
User 4, Acc 1 Balance 12.000000, Deposit 11.000000 
User 1, Acc 6 Balance 2156.000000, Transfer 67.000000 to Acc 5
User 4, Acc 2 Balance 194.000000, Deposit 9.000000 
User 2, Acc 0 Balance 692.000000, Withdraw 500.000000 
User 0, Acc 7 Balance 38170.000000, Withdraw 1593.000000 
User 1, Acc 4 Balance 2119.000000, Transfer 53.000000 to Acc 5
[22;32mUser 0, Acc 8 Balance 89.000000, 				Withdraw 449.000000 --insufficient funds[0m
[22;32mUser 2, Acc 1 Balance 23.000000, 				Withdraw 500.000000 --insufficient funds[0m
[22;32mUser 0, Acc 9 Balance 16.000000, 				Withdraw 163.000000 --insufficient funds[0m
User 3, Acc 7 Balance 37166.000000, Transfer 5.000000 to Acc 4
User 0, Acc 0 Balance 199.000000, Deposit 7.000000 
User 3, Acc 4 Balance 2071.000000, Withdraw 1167.000000 
[22;32mUser 2, Acc 2 Balance 203.000000, 				Withdraw 500.000000 --insufficient funds[0m
[22;32mUser 1, Acc 1 Balance 23.000000, 				Withdraw 41.000000 --insufficient funds[0m
[22;32mUser 2, Acc 3 Balance 202.000000, 				Withdraw 500.000000 --insufficient funds[0m
User 2, Acc 4 Balance 904.000000, Withdraw 500.000000 
User 4, Acc 3 Balance 202.000000, Transfer 29.000000 to Acc 7
User 3, Acc 5 Balance 6447.000000, Withdraw 1307.000000 
User 1, Acc 2 Balance 203.000000, Withdraw 71.000000 
[22;32mUser 3, Acc 1 Balance 23.000000, 				Withdraw 41.000000 --insufficient funds[0m
User 0, Acc 1 Balance 23.000000, Deposit 11.000000 
User 2, Acc 5 Balance 6447.000000, Withdraw 500.000000 
User 4, Acc 7 Balance 36601.000000, Transfer 31.000000 to Acc 6
User 3, Acc 2 Balance 132.000000, Withdraw 71.000000 
User 4, Acc 7 Balance 36570.000000, Transfer 137.000000 to Acc 5
User 2, Acc 6 Balance 922.000000, Withdraw 500.000000 
User 4, Acc 7 Balance 36433.000000, Transfer 3.000000 to Acc 4
User 1, Acc 3 Balance 173.000000, Withdraw 127.000000 
User 0, Acc 2 Balance 132.000000, Deposit 9.000000 
User 2, Acc 7 Balance 36433.000000, Withdraw 500.000000 
User 0, Acc 3 Balance 46.000000, Transfer 29.000000 to Acc 7
[22;32mUser 2, Acc 8 Balance 89.000000, 				Withdraw 500.000000 --insufficient funds[0m
User 0, Acc 7 Balance 35959.000000, Transfer 31.000000 to Acc 6
[22;32mUser 3, Acc 3 Balance 173.000000, 				Withdraw 1127.000000 --insufficient funds[0m
User 0, Acc 7 Balance 35928.000000, Transfer 137.000000 to Acc 5
[22;32mUser 2, Acc 9 Balance 16.000000, 				Withdraw 500.000000 --insufficient funds[0m
User 0, Acc 7 Balance 35791.000000, Transfer 3.000000 to Acc 4
User 4, Acc 7 Balance 36430.000000, Transfer 5.000000 to Acc 4
User 0, Acc 7 Balance 35788.000000, Transfer 5.000000 to Acc 4
User 4, Acc 3 Balance 17.000000, Deposit 929.000000 
User 0, Acc 3 Balance 17.000000, Deposit 929.000000 
User 4, Acc 4 Balance 420.000000, Deposit 937.000000 
User 0, Acc 4 Balance 420.000000, Deposit 937.000000 
User 4, Acc 5 Balance 4914.000000, Deposit 941.000000 
User 0, Acc 5 Balance 4914.000000, Deposit 941.000000 
User 4, Acc 4 Balance 2294.000000, Withdraw 1167.000000 
User 0, Acc 4 Balance 2294.000000, Withdraw 1167.000000 
User 4, Acc 5 Balance 6796.000000, Withdraw 1307.000000 
User 0, Acc 5 Balance 6796.000000, Withdraw 1307.000000 
[22;32mUser 4, Acc 1 Balance 34.000000, 				Withdraw 41.000000 --insufficient funds[0m
[22;32mUser 0, Acc 1 Balance 34.000000, 				Withdraw 41.000000 --insufficient funds[0m
[22;32mUser 3, Acc 6 Balance 484.000000, 				Withdraw 647.000000 --insufficient funds[0m
[22;32mUser 2, Acc 0 Balance 206.000000, 				Withdraw 500.000000 --insufficient funds[0m
User 1, Acc 4 Balance 407.000000, Withdraw 167.000000 
[22;32mUser 4, Acc 2 Balance 70.000000, 				Withdraw 71.000000 --insufficient funds[0m
[22;32mUser 0, Acc 2 Balance 70.000000, 				Withdraw 71.000000 --insufficient funds[0m
User 4, Acc 3 Balance 1875.000000, Withdraw 1127.000000 
User 0, Acc 3 Balance 1875.000000, Withdraw 1127.000000 
[22;32mUser 4, Acc 6 Balance 484.000000, 				Withdraw 647.000000 --insufficient funds[0m
[22;32mUser 0, Acc 6 Balance 484.000000, 				Withdraw 647.000000 --insufficient funds[0m
User 4, Acc 6 Balance 484.000000, Deposit 953.000000 
User 1, Acc 5 Balance 4182.000000, Withdraw 307.000000 
User 3, Acc 6 Balance 484.000000, Deposit 1953.000000 
User 2, Acc 0 Balance 206.000000, Deposit 7.000000 
User 0, Acc 6 Balance 484.000000, Deposit 953.000000 
User 1, Acc 6 Balance 1437.000000, Withdraw 647.000000 
User 0, Acc 7 Balance 35778.000000, Deposit 967.000000 
User 2, Acc 1 Balance 34.000000, Deposit 11.000000 
User 0, Acc 1 Balance 34.000000, Transfer 19.000000 to Acc 7
User 1, Acc 7 Balance 35778.000000, Withdraw 593.000000 
User 0, Acc 2 Balance 70.000000, Transfer 23.000000 to Acc 7
User 2, Acc 2 Balance 70.000000, Deposit 9.000000 
User 0, Acc 6 Balance 3696.000000, Transfer 1167.000000 to Acc 5
User 3, Acc 7 Balance 35778.000000, Deposit 967.000000 
User 0, Acc 7 Balance 36194.000000, Withdraw 1593.000000 
User 4, Acc 7 Balance 35778.000000, Deposit 967.000000 
User 2, Acc 7 Balance 36194.000000, Transfer 31.000000 to Acc 6
User 4, Acc 1 Balance 26.000000, Transfer 19.000000 to Acc 7
User 2, Acc 7 Balance 36504.000000, Transfer 137.000000 to Acc 5
User 4, Acc 2 Balance 56.000000, Transfer 23.000000 to Acc 7
User 4, Acc 6 Balance 2560.000000, Transfer 1167.000000 to Acc 5
[22;32mUser 1, Acc 8 Balance 89.000000, 				Withdraw 449.000000 --insufficient funds[0m
User 4, Acc 7 Balance 36409.000000, Withdraw 1593.000000 
User 2, Acc 7 Balance 36386.000000, Transfer 3.000000 to Acc 4
[22;32mUser 0, Acc 8 Balance 89.000000, 				Withdraw 449.000000 --insufficient funds[0m
[22;32mUser 0, Acc 9 Balance 16.000000, 				Withdraw 163.000000 --insufficient funds[0m
[22;32mUser 4, Acc 8 Balance 89.000000, 				Withdraw 449.000000 --insufficient funds[0m
User 0, Acc 7 Balance 34813.000000, Deposit 9929.000000 
[22;32mUser 4, Acc 9 Balance 16.000000, 				Withdraw 163.000000 --insufficient funds[0m
User 2, Acc 7 Balance 34813.000000, Transfer 5.000000 to Acc 4
User 3, Acc 1 Balance 26.000000, Transfer 19.000000 to Acc 7
[22;32mUser 1, Acc 9 Balance 16.000000, 				Withdraw 163.000000 --insufficient funds[0m
User 2, Acc 3 Balance -379.000000, Deposit 929.000000 
User 4, Acc 0 Balance 213.000000, Deposit 907.000000 
User 3, Acc 2 Balance 33.000000, Transfer 23.000000 to Acc 7
User 4, Acc 1 Balance -12.000000, Deposit 911.000000 
User 3, Acc 6 Balance 1393.000000, Transfer 1167.000000 to Acc 5
User 4, Acc 2 Balance 10.000000, Deposit 919.000000 
User 0, Acc 4 Balance -204.000000, Deposit 937.000000 
User 1, Acc 0 Balance 213.000000, Deposit 907.000000 
User 0, Acc 5 Balance 7513.000000, Deposit 941.000000 
User 2, Acc 4 Balance -199.000000, Deposit 937.000000 
User 0, Acc 0 Balance 2027.000000, Deposit 7.000000 
User 3, Acc 7 Balance 44779.000000, Withdraw 1593.000000 
User 0, Acc 3 Balance 550.000000, Deposit 29.000000 
[22;32mUser 3, Acc 8 Balance 89.000000, 				Withdraw 449.000000 --insufficient funds[0m
User 2, Acc 5 Balance 8454.000000, Deposit 941.000000 
[22;32mUser 3, Acc 9 Balance 16.000000, 				Withdraw 163.000000 --insufficient funds[0m
User 1, Acc 1 Balance 899.000000, Deposit 911.000000 
User 0, Acc 7 Balance 43186.000000, Deposit 9.000000 
User 2, Acc 4 Balance 1675.000000, Withdraw 1167.000000 
User 0, Acc 9 Balance 16.000000, Deposit 129.000000 
User 1, Acc 2 Balance 929.000000, Deposit 919.000000 
User 0, Acc 3 Balance 579.000000, Transfer 29.000000 to Acc 7
User 1, Acc 3 Balance 579.000000, Deposit 929.000000 
User 0, Acc 7 Balance 43224.000000, Transfer 31.000000 to Acc 6
User 4, Acc 3 Balance 550.000000, Deposit 929.000000 
User 0, Acc 7 Balance 43193.000000, Transfer 137.000000 to Acc 5
User 4, Acc 4 Balance 508.000000, Deposit 937.000000 
User 0, Acc 7 Balance 43056.000000, Transfer 3.000000 to Acc 4
User 4, Acc 5 Balance 9532.000000, Deposit 941.000000 
User 0, Acc 7 Balance 43053.000000, Transfer 5.000000 to Acc 4
User 4, Acc 6 Balance 257.000000, Deposit 953.000000 
User 3, Acc 0 Balance 2034.000000, Deposit 907.000000 
User 4, Acc 7 Balance 43048.000000, Deposit 967.000000 
User 0, Acc 4 Balance 1453.000000, Withdraw 1167.000000 
User 2, Acc 5 Balance 9395.000000, Withdraw 1307.000000 
User 0, Acc 5 Balance 10473.000000, Withdraw 1307.000000 
User 1, Acc 4 Balance 508.000000, Deposit 937.000000 
User 0, Acc 1 Balance 1810.000000, Transfer 89.000000 to Acc 8
User 1, Acc 5 Balance 7859.000000, Deposit 941.000000 
User 0, Acc 1 Balance 1721.000000, Transfer 163.000000 to Acc 9
User 4, Acc 1 Balance 1810.000000, Transfer 19.000000 to Acc 7
User 0, Acc 1 Balance 1558.000000, Withdraw 41.000000 
User 4, Acc 2 Balance 1848.000000, Transfer 23.000000 to Acc 7
User 0, Acc 2 Balance 1848.000000, Withdraw 71.000000 
User 4, Acc 3 Balance 2408.000000, Transfer 29.000000 to Acc 7
User 0, Acc 3 Balance 2408.000000, Withdraw 1127.000000 
User 4, Acc 7 Balance 44086.000000, Transfer 31.000000 to Acc 6
User 0, Acc 6 Balance 1210.000000, Withdraw 647.000000 
User 4, Acc 7 Balance 44055.000000, Transfer 37.000000 to Acc 5
User 0, Acc 6 Balance 594.000000, Deposit 1953.000000 
User 4, Acc 7 Balance 44018.000000, Transfer 3.000000 to Acc 4
User 3, Acc 1 Balance 1810.000000, Deposit 911.000000 
User 1, Acc 6 Balance 1210.000000, Deposit 953.000000 
User 1, Acc 7 Balance 44015.000000, Deposit 967.000000 
User 1, Acc 1 Balance 2409.000000, Transfer 19.000000 to Acc 7
User 3, Acc 2 Balance 1754.000000, Deposit 919.000000 
User 1, Acc 2 Balance 1754.000000, Transfer 23.000000 to Acc 7
User 1, Acc 3 Balance 1252.000000, Transfer 29.000000 to Acc 7
User 1, Acc 7 Balance 45053.000000, Transfer 31.000000 to Acc 6
User 3, Acc 3 Balance 1223.000000, Deposit 929.000000 
User 0, Acc 7 Balance 44018.000000, Deposit 967.000000 
User 4, Acc 7 Balance 44015.000000, Transfer 5.000000 to Acc 4
User 0, Acc 1 Balance 2390.000000, Transfer 19.000000 to Acc 7
User 4, Acc 6 Balance 3531.000000, Transfer 67.000000 to Acc 5
User 0, Acc 2 Balance 2650.000000, Transfer 23.000000 to Acc 7
User 4, Acc 4 Balance 1231.000000, Transfer 53.000000 to Acc 5
User 0, Acc 6 Balance 3464.000000, Transfer 1167.000000 to Acc 5
User 4, Acc 1 Balance 2371.000000, Transfer 89.000000 to Acc 8
User 0, Acc 4 Balance 1178.000000, Transfer 53.000000 to Acc 5
User 4, Acc 1 Balance 2282.000000, Transfer 163.000000 to Acc 9
User 0, Acc 7 Balance 46026.000000, Withdraw 1593.000000 
User 4, Acc 1 Balance 2119.000000, Withdraw 41.000000 
[22;32mUser 0, Acc 8 Balance 267.000000, 				Withdraw 449.000000 --insufficient funds[0m
User 4, Acc 2 Balance 2627.000000, Withdraw 71.000000 
User 3, Acc 4 Balance 1226.000000, Deposit 937.000000 
User 2, Acc 1 Balance 1810.000000, Transfer 89.000000 to Acc 8
User 0, Acc 9 Balance 471.000000, Withdraw 163.000000 
User 4, Acc 3 Balance 2152.000000, Withdraw 127.000000 
User 0, Acc 1 Balance 1989.000000, Withdraw 500.000000 
User 4, Acc 4 Balance 2062.000000, Withdraw 167.000000 
User 0, Acc 2 Balance 2556.000000, Withdraw 500.000000 
User 2, Acc 1 Balance 1989.000000, Transfer 163.000000 to Acc 9
User 3, Acc 5 Balance 10177.000000, Deposit 941.000000 
User 1, Acc 7 Balance 45022.000000, Transfer 37.000000 to Acc 5
User 4, Acc 5 Balance 10177.000000, Withdraw 307.000000 
User 2, Acc 1 Balance 1326.000000, Withdraw 41.000000 
User 4, Acc 6 Balance 2297.000000, Withdraw 647.000000 
User 2, Acc 2 Balance 2056.000000, Withdraw 71.000000 
User 1, Acc 7 Balance 44396.000000, Transfer 3.000000 to Acc 4
User 0, Acc 3 Balance 2025.000000, Withdraw 500.000000 
User 3, Acc 6 Balance 2297.000000, Deposit 953.000000 
User 0, Acc 4 Balance 1898.000000, Withdraw 500.000000 
User 3, Acc 7 Balance 44393.000000, Deposit 967.000000 
User 4, Acc 7 Balance 44396.000000, Withdraw 593.000000 
User 2, Acc 3 Balance 2025.000000, Withdraw 1127.000000 
[22;32mUser 4, Acc 8 Balance 356.000000, 				Withdraw 449.000000 --insufficient funds[0m
User 3, Acc 1 Balance 1285.000000, Transfer 19.000000 to Acc 7
User 4, Acc 9 Balance 471.000000, Withdraw 163.000000 
User 0, Acc 5 Balance 10848.000000, Withdraw 500.000000 
User 2, Acc 6 Balance 2603.000000, Withdraw 647.000000 
User 0, Acc 6 Balance 2603.000000, Withdraw 500.000000 
User 1, Acc 7 Balance 44393.000000, Transfer 5.000000 to Acc 4
User 0, Acc 7 Balance 44786.000000, Withdraw 500.000000 
User 2, Acc 6 Balance 1956.000000, Deposit 953.000000 
[22;32mUser 0, Acc 8 Balance 356.000000, 				Withdraw 500.000000 --insufficient funds[0m
User 4, Acc 1 Balance 1266.000000, Withdraw 500.000000 
User 1, Acc 6 Balance 1456.000000, Transfer 67.000000 to Acc 5
User 4, Acc 2 Balance 1985.000000, Withdraw 500.000000 
User 1, Acc 4 Balance 1403.000000, Transfer 53.000000 to Acc 5
User 2, Acc 7 Balance 44281.000000, Deposit 967.000000 
User 1, Acc 1 Balance 766.000000, Transfer 89.000000 to Acc 8
User 3, Acc 2 Balance 1985.000000, Transfer 23.000000 to Acc 7
[22;32mUser 4, Acc 3 Balance 398.000000, 				Withdraw 500.000000 --insufficient funds[0m
[22;32mUser 0, Acc 9 Balance 308.000000, 				Withdraw 500.000000 --insufficient funds[0m
User 4, Acc 4 Balance 1350.000000, Withdraw 500.000000 
User 0, Acc 0 Balance 2941.000000, Withdraw 500.000000 
User 4, Acc 5 Balance 10468.000000, Withdraw 500.000000 
User 0, Acc 1 Balance 677.000000, Withdraw 500.000000 
User 4, Acc 6 Balance 2342.000000, Withdraw 500.000000 
User 3, Acc 3 Balance 398.000000, Transfer 29.000000 to Acc 7
User 2, Acc 1 Balance 766.000000, Transfer 19.000000 to Acc 7
User 2, Acc 2 Balance 1462.000000, Transfer 23.000000 to Acc 7
User 2, Acc 6 Balance 1842.000000, Transfer 1167.000000 to Acc 5
User 2, Acc 4 Balance 850.000000, Transfer 53.000000 to Acc 5
User 2, Acc 7 Balance 45342.000000, Withdraw 1593.000000 
[22;32mUser 2, Acc 8 Balance 445.000000, 				Withdraw 449.000000 --insufficient funds[0m
User 2, Acc 9 Balance 308.000000, Withdraw 163.000000 
[22;32mUser 2, Acc 1 Balance 158.000000, 				Withdraw 500.000000 --insufficient funds[0m
User 0, Acc 2 Balance 1462.000000, Withdraw 500.000000 
User 4, Acc 7 Balance 45271.000000, Withdraw 500.000000 
User 3, Acc 7 Balance 45300.000000, Transfer 31.000000 to Acc 6
[22;32mUser 4, Acc 8 Balance 445.000000, 				Withdraw 500.000000 --insufficient funds[0m
User 2, Acc 2 Balance 1439.000000, Withdraw 500.000000 
[22;32mUser 0, Acc 3 Balance 369.000000, 				Withdraw 500.000000 --insufficient funds[0m
User 1, Acc 1 Balance 677.000000, Transfer 163.000000 to Acc 9
User 0, Acc 4 Balance 797.000000, Withdraw 500.000000 
User 0, Acc 5 Balance 11188.000000, Withdraw 500.000000 
[22;32mUser 4, Acc 9 Balance 145.000000, 				Withdraw 500.000000 --insufficient funds[0m
User 4, Acc 0 Balance 2441.000000, Withdraw 500.000000 
[22;32mUser 4, Acc 1 Balance -5.000000, 				Withdraw 500.000000 --insufficient funds[0m
[22;32mUser 1, Acc 1 Balance -5.000000, 				Withdraw 41.000000 --insufficient funds[0m
[22;32mUser 4, Acc 2 Balance 439.000000, 				Withdraw 500.000000 --insufficient funds[0m
User 1, Acc 2 Balance 439.000000, Withdraw 71.000000 
[22;32mUser 4, Acc 3 Balance 369.000000, 				Withdraw 500.000000 --insufficient funds[0m
User 0, Acc 6 Balance 706.000000, Withdraw 500.000000 
[22;32mUser 4, Acc 4 Balance 297.000000, 				Withdraw 500.000000 --insufficient funds[0m
User 0, Acc 7 Balance 43218.000000, Withdraw 500.000000 
User 4, Acc 5 Balance 10688.000000, Withdraw 500.000000 
[22;32mUser 4, Acc 6 Balance 206.000000, 				Withdraw 500.000000 --insufficient funds[0m
User 3, Acc 7 Balance 43218.000000, Transfer 37.000000 to Acc 5
User 4, Acc 7 Balance 42718.000000, Withdraw 500.000000 
[22;32mUser 0, Acc 8 Balance 445.000000, 				Withdraw 500.000000 --insufficient funds[0m
[22;32mUser 0, Acc 9 Balance 308.000000, 				Withdraw 500.000000 --insufficient funds[0m
[22;32mUser 2, Acc 3 Balance 369.000000, 				Withdraw 500.000000 --insufficient funds[0m
User 3, Acc 7 Balance 42681.000000, Transfer 3.000000 to Acc 4
[22;32mUser 2, Acc 4 Balance 297.000000, 				Withdraw 500.000000 --insufficient funds[0m
[22;32mUser 4, Acc 8 Balance 445.000000, 				Withdraw 500.000000 --insufficient funds[0m
User 2, Acc 5 Balance 10225.000000, Withdraw 500.000000 
[22;32mUser 2, Acc 6 Balance 206.000000, 				Withdraw 500.000000 --insufficient funds[0m
User 2, Acc 7 Balance 42178.000000, Withdraw 500.000000 
User 3, Acc 7 Balance 42178.000000, Transfer 5.000000 to Acc 4
[22;32mUser 2, Acc 8 Balance 445.000000, 				Withdraw 500.000000 --insufficient funds[0m
[22;32mUser 2, Acc 9 Balance 308.000000, 				Withdraw 500.000000 --insufficient funds[0m
User 0, Acc 0 Balance 1941.000000, Withdraw 500.000000 
[22;32mUser 4, Acc 9 Balance 308.000000, 				Withdraw 500.000000 --insufficient funds[0m
[22;32mUser 0, Acc 1 Balance -5.000000, 				Withdraw 500.000000 --insufficient funds[0m
User 1, Acc 3 Balance 369.000000, Withdraw 127.000000 
User 3, Acc 6 Balance 206.000000, Transfer 67.000000 to Acc 5
User 3, Acc 4 Balance 305.000000, Transfer 53.000000 to Acc 5
User 2, Acc 0 Balance 1941.000000, Withdraw 500.000000 
User 1, Acc 4 Balance 305.000000, Withdraw 167.000000 
[22;32mUser 2, Acc 1 Balance -5.000000, 				Withdraw 500.000000 --insufficient funds[0m
User 4, Acc 0 Balance 1441.000000, Withdraw 500.000000 
[22;32mUser 3, Acc 1 Balance -5.000000, 				Withdraw 41.000000 --insufficient funds[0m
[22;32mUser 4, Acc 1 Balance -5.000000, 				Withdraw 500.000000 --insufficient funds[0m
[22;32mUser 0, Acc 2 Balance 368.000000, 				Withdraw 500.000000 --insufficient funds[0m
[22;32mUser 2, Acc 2 Balance 368.000000, 				Withdraw 500.000000 --insufficient funds[0m
[22;32mUser 2, Acc 3 Balance 242.000000, 				Withdraw 500.000000 --insufficient funds[0m
[22;32mUser 2, Acc 4 Balance 85.000000, 				Withdraw 500.000000 --insufficient funds[0m
User 2, Acc 5 Balance 9845.000000, Withdraw 500.000000 
[22;32mUser 4, Acc 2 Balance 368.000000, 				Withdraw 500.000000 --insufficient funds[0m
[22;32mUser 4, Acc 3 Balance 242.000000, 				Withdraw 500.000000 --insufficient funds[0m
[22;32mUser 4, Acc 4 Balance 85.000000, 				Withdraw 500.000000 --insufficient funds[0m
User 4, Acc 5 Balance 9345.000000, Withdraw 500.000000 
[22;32mUser 4, Acc 6 Balance 139.000000, 				Withdraw 500.000000 --insufficient funds[0m
User 4, Acc 7 Balance 41673.000000, Withdraw 500.000000 
[22;32mUser 4, Acc 8 Balance 445.000000, 				Withdraw 500.000000 --insufficient funds[0m
[22;32mUser 4, Acc 9 Balance 308.000000, 				Withdraw 500.000000 --insufficient funds[0m
[22;32mUser 4, Acc 0 Balance 441.000000, 				Withdraw 500.000000 --insufficient funds[0m
User 3, Acc 2 Balance 368.000000, Withdraw 71.000000 
User 4, Acc 0 Balance 441.000000, Deposit 7.000000 
User 3, Acc 3 Balance 242.000000, Withdraw 127.000000 
[22;32mUser 2, Acc 6 Balance 139.000000, 				Withdraw 500.000000 --insufficient funds[0m
[22;32mUser 3, Acc 4 Balance 85.000000, 				Withdraw 167.000000 --insufficient funds[0m
User 2, Acc 7 Balance 41173.000000, Withdraw 500.000000 
User 4, Acc 1 Balance -5.000000, Deposit 11.000000 
[22;32mUser 0, Acc 3 Balance 242.000000, 				Withdraw 500.000000 --insufficient funds[0m
User 3, Acc 5 Balance 8845.000000, Withdraw 307.000000 
[22;32mUser 0, Acc 4 Balance 85.000000, 				Withdraw 500.000000 --insufficient funds[0m
User 1, Acc 5 Balance 9845.000000, Withdraw 307.000000 
User 0, Acc 5 Balance 8538.000000, Withdraw 500.000000 
[22;32mUser 3, Acc 6 Balance 139.000000, 				Withdraw 647.000000 --insufficient funds[0m
[22;32mUser 0, Acc 6 Balance 139.000000, 				Withdraw 500.000000 --insufficient funds[0m
User 4, Acc 2 Balance 297.000000, Deposit 9.000000 
[22;32mUser 1, Acc 6 Balance 139.000000, 				Withdraw 647.000000 --insufficient funds[0m
User 4, Acc 3 Balance 115.000000, Transfer 29.000000 to Acc 7
User 1, Acc 7 Balance 40673.000000, Withdraw 593.000000 
User 4, Acc 7 Balance 40702.000000, Transfer 31.000000 to Acc 6
User 0, Acc 7 Balance 40673.000000, Withdraw 500.000000 
User 4, Acc 7 Balance 40078.000000, Transfer 137.000000 to Acc 5
[22;32mUser 0, Acc 8 Balance 445.000000, 				Withdraw 500.000000 --insufficient funds[0m
User 4, Acc 7 Balance 39441.000000, Transfer 3.000000 to Acc 4
[22;32mUser 0, Acc 9 Balance 308.000000, 				Withdraw 500.000000 --insufficient funds[0m
[22;32mUser 2, Acc 8 Balance 445.000000, 				Withdraw 500.000000 --insufficient funds[0m
[22;32mUser 1, Acc 8 Balance 445.000000, 				Withdraw 449.000000 --insufficient funds[0m
User 3, Acc 7 Balance 40673.000000, Withdraw 593.000000 
User 4, Acc 7 Balance 39438.000000, Transfer 5.000000 to Acc 4
[22;32mUser 0, Acc 0 Balance 448.000000, 				Withdraw 500.000000 --insufficient funds[0m
User 4, Acc 3 Balance 86.000000, Deposit 929.000000 
User 0, Acc 0 Balance 448.000000, Deposit 907.000000 
User 4, Acc 4 Balance 93.000000, Deposit 937.000000 
[22;32mUser 2, Acc 9 Balance 308.000000, 				Withdraw 500.000000 --insufficient funds[0m
User 1, Acc 9 Balance 308.000000, Withdraw 163.000000 
[22;32mUser 3, Acc 8 Balance 445.000000, 				Withdraw 449.000000 --insufficient funds[0m
User 0, Acc 1 Balance 6.000000, Deposit 911.000000 
User 4, Acc 5 Balance 7868.000000, Deposit 941.000000 
[22;32mUser 1, Acc 1 Balance 6.000000, 				Withdraw 500.000000 --insufficient funds[0m
[22;32mUser 4, Acc 4 Balance 1030.000000, 				Withdraw 1167.000000 --insufficient funds[0m
User 4, Acc 5 Balance 8809.000000, Withdraw 1307.000000 
User 4, Acc 1 Balance 917.000000, Transfer 89.000000 to Acc 8
User 4, Acc 1 Balance 828.000000, Transfer 163.000000 to Acc 9
[22;32mUser 1, Acc 2 Balance 306.000000, 				Withdraw 500.000000 --insufficient funds[0m
User 4, Acc 1 Balance 665.000000, Withdraw 41.000000 
User 4, Acc 2 Balance 306.000000, Withdraw 71.000000 
[22;32mUser 4, Acc 3 Balance 1015.000000, 				Withdraw 1127.000000 --insufficient funds[0m
[22;32mUser 4, Acc 6 Balance 170.000000, 				Withdraw 647.000000 --insufficient funds[0m
User 2, Acc 0 Balance 1355.000000, Withdraw 500.000000 
User 2, Acc 1 Balance 624.000000, Withdraw 500.000000 
User 1, Acc 3 Balance 1015.000000, Withdraw 500.000000 
User 1, Acc 4 Balance 1030.000000, Withdraw 500.000000 
User 1, Acc 5 Balance 7502.000000, Withdraw 500.000000 
[22;32mUser 1, Acc 6 Balance 170.000000, 				Withdraw 500.000000 --insufficient funds[0m
User 1, Acc 7 Balance 38840.000000, Withdraw 500.000000 
User 1, Acc 8 Balance 534.000000, Withdraw 500.000000 
[22;32mUser 1, Acc 9 Balance 308.000000, 				Withdraw 500.000000 --insufficient funds[0m
User 4, Acc 6 Balance 170.000000, Deposit 953.000000 
User 1, Acc 0 Balance 855.000000, Withdraw 500.000000 
[22;32mUser 2, Acc 2 Balance 235.000000, 				Withdraw 500.000000 --insufficient funds[0m
[22;32mUser 1, Acc 1 Balance 124.000000, 				Withdraw 500.000000 --insufficient funds[0m
User 2, Acc 3 Balance 515.000000, Withdraw 500.000000 
[22;32mUser 1, Acc 2 Balance 235.000000, 				Withdraw 500.000000 --insufficient funds[0m
[22;32mUser 3, Acc 9 Balance 145.000000, 				Withdraw 163.000000 --insufficient funds[0m
User 0, Acc 2 Balance 306.000000, Deposit 919.000000 
User 0, Acc 3 Balance 15.000000, Deposit 929.000000 
User 0, Acc 4 Balance 530.000000, Deposit 937.000000 
User 0, Acc 5 Balance 7002.000000, Deposit 941.000000 
User 0, Acc 6 Balance 1123.000000, Deposit 953.000000 
User 0, Acc 7 Balance 38340.000000, Deposit 967.000000 
User 0, Acc 1 Balance 124.000000, Transfer 19.000000 to Acc 7
User 0, Acc 2 Balance 1154.000000, Transfer 23.000000 to Acc 7
User 4, Acc 7 Balance 38340.000000, Deposit 967.000000 
User 0, Acc 3 Balance 944.000000, Transfer 29.000000 to Acc 7
User 4, Acc 1 Balance 105.000000, Transfer 19.000000 to Acc 7
User 0, Acc 7 Balance 40345.000000, Transfer 31.000000 to Acc 6
User 4, Acc 2 Balance 1131.000000, Transfer 23.000000 to Acc 7
User 0, Acc 7 Balance 40333.000000, Transfer 37.000000 to Acc 5
User 4, Acc 6 Balance 2107.000000, Transfer 1167.000000 to Acc 5
User 0, Acc 7 Balance 40319.000000, Transfer 3.000000 to Acc 4
User 4, Acc 4 Balance 1467.000000, Transfer 53.000000 to Acc 5
User 0, Acc 7 Balance 40316.000000, Transfer 5.000000 to Acc 4
User 4, Acc 7 Balance 40316.000000, Withdraw 1593.000000 
User 0, Acc 6 Balance 940.000000, Transfer 67.000000 to Acc 5
User 3, Acc 0 Balance 355.000000, Deposit 100.000000 
User 2, Acc 4 Balance 530.000000, Withdraw 500.000000 
[22;32mUser 1, Acc 3 Balance 15.000000, 				Withdraw 500.000000 --insufficient funds[0m
[22;32mUser 4, Acc 8 Balance 34.000000, 				Withdraw 449.000000 --insufficient funds[0m
User 3, Acc 0 Balance 455.000000, Deposit 200.000000 
User 4, Acc 9 Balance 308.000000, Withdraw 163.000000 
User 1, Acc 4 Balance 922.000000, Withdraw 500.000000 
User 4, Acc 0 Balance 655.000000, Deposit 100.000000 
User 3, Acc 0 Balance 655.000000, Deposit 300.000000 
User 4, Acc 0 Balance 755.000000, Deposit 200.000000 
User 3, Acc 0 Balance 1055.000000, Withdraw 200.000000 
User 1, Acc 5 Balance 9267.000000, Withdraw 500.000000 
User 3, Acc 0 Balance 1055.000000, Withdraw 100.000000 
User 2, Acc 5 Balance 9267.000000, Withdraw 500.000000 
User 4, Acc 0 Balance 1255.000000, Deposit 300.000000 
User 4, Acc 0 Balance 1255.000000, Withdraw 200.000000 
User 4, Acc 0 Balance 1055.000000, Withdraw 100.000000 
User 4, Acc 0 Balance 955.000000, Withdraw 50.000000 
Balance in 0: 905.000000
User 4, Acc 0 Balance 905.000000, Deposit 100.000000 
User 4, Acc 0 Balance 1005.000000, Deposit 200.000000 
User 1, Acc 6 Balance 873.000000, Withdraw 500.000000 
User 4, Acc 0 Balance 1205.000000, Deposit 300.000000 
User 1, Acc 7 Balance 38718.000000, Withdraw 500.000000 
User 4, Acc 0 Balance 1505.000000, Withdraw 200.000000 
User 0, Acc 4 Balance 1422.000000, Transfer 53.000000 to Acc 5
User 4, Acc 0 Balance 1305.000000, Withdraw 100.000000 
User 0, Acc 1 Balance 86.000000, Withdraw 41.000000 
User 0, Acc 2 Balance 1108.000000, Withdraw 71.000000 
User 2, Acc 6 Balance 873.000000, Withdraw 500.000000 
User 0, Acc 3 Balance 915.000000, Withdraw 127.000000 
User 2, Acc 7 Balance 38218.000000, Withdraw 500.000000 
[22;32mUser 2, Acc 8 Balance 34.000000, 				Withdraw 500.000000 --insufficient funds[0m
[22;32mUser 2, Acc 9 Balance 145.000000, 				Withdraw 500.000000 --insufficient funds[0m
User 3, Acc 0 Balance 955.000000, Withdraw 50.000000 
User 2, Acc 0 Balance 1205.000000, Withdraw 500.000000 
Balance in 0: 1155.000000
User 3, Acc 0 Balance 1155.000000, Deposit 100.000000 
User 0, Acc 4 Balance 369.000000, Withdraw 167.000000 
User 0, Acc 5 Balance 8320.000000, Withdraw 307.000000 
[22;32mUser 0, Acc 6 Balance -127.000000, 				Withdraw 647.000000 --insufficient funds[0m
User 0, Acc 7 Balance 37718.000000, Withdraw 593.000000 
[22;32mUser 0, Acc 8 Balance 34.000000, 				Withdraw 449.000000 --insufficient funds[0m
[22;32mUser 0, Acc 9 Balance 145.000000, 				Withdraw 163.000000 --insufficient funds[0m
User 4, Acc 0 Balance 1205.000000, Withdraw 50.000000 
Balance in 0: 705.000000
User 3, Acc 0 Balance 755.000000, Deposit 200.000000 
User 3, Acc 0 Balance 905.000000, Deposit 300.000000 
User 3, Acc 0 Balance 1205.000000, Withdraw 200.000000 
User 3, Acc 0 Balance 1005.000000, Withdraw 100.000000 
User 3, Acc 0 Balance 905.000000, Withdraw 50.000000 
Balance in 0: 855.000000
[22;32mUser 1, Acc 8 Balance 34.000000, 				Withdraw 500.000000 --insufficient funds[0m
[22;32mUser 1, Acc 9 Balance 145.000000, 				Withdraw 500.000000 --insufficient funds[0m
User 1, Acc 0 Balance 855.000000, Withdraw 500.000000 
[22;32mUser 1, Acc 1 Balance 45.000000, 				Withdraw 500.000000 --insufficient funds[0m
User 1, Acc 2 Balance 1037.000000, Withdraw 500.000000 
User 1, Acc 3 Balance 788.000000, Withdraw 500.000000 
[22;32mUser 1, Acc 4 Balance 202.000000, 				Withdraw 500.000000 --insufficient funds[0m
User 1, Acc 5 Balance 8013.000000, Withdraw 500.000000 
[22;32mUser 1, Acc 6 Balance -127.000000, 				Withdraw 500.000000 --insufficient funds[0m
User 1, Acc 7 Balance 37125.000000, Withdraw 500.000000 
[22;32mUser 1, Acc 8 Balance 34.000000, 				Withdraw 500.000000 --insufficient funds[0m
[22;32mUser 1, Acc 9 Balance 145.000000, 				Withdraw 500.000000 --insufficient funds[0m
[22;32mUser 1, Acc 0 Balance 355.000000, 				Withdraw 500.000000 --insufficient funds[0m
  ***     End of transaction batch    ***  
Account 0 balance after completion of transaction batch: 355.000000
Account 1 balance after completion of transaction batch: 45.000000
Account 2 balance after completion of transaction batch: 537.000000
Account 3 balance after completion of transaction batch: 288.000000
Account 4 balance after completion of transaction batch: 202.000000
Account 5 balance after completion of transaction batch: 7513.000000
Account 6 balance after completion of transaction batch: -127.000000
Account 7 balance after completion of transaction batch: 36625.000000
Account 8 balance after completion of transaction batch: 34.000000
Account 9 balance after completion of transaction batch: 145.000000
