# Output generated by:
# ./my_executable 5 data/transactions7.txt data/transactions6.txt data/transactions9.txt data/transactions8.txt data/transactions2.txt

********************************************
   Reading and parsing a transaction file   
********************************************
Parsed transaction: deposit 7 9929.000000 
Loaded deposit transaction
Parsed transaction: deposit 4 937.000000 
Loaded deposit transaction
Parsed transaction: deposit 5 941.000000 
Loaded deposit transaction
Parsed transaction: deposit 0 7.000000 
Loaded deposit transaction
Parsed transaction: deposit 3 29.000000 
Loaded deposit transaction
Parsed transaction: deposit 7 9.000000 
Loaded deposit transaction
Parsed transaction: deposit 9 129.000000 
Loaded deposit transaction
Parsed transaction: transfer 3 7 29.000000 
Loaded transfer transaction
Parsed transaction: transfer 7 6 31.000000 
Loaded transfer transaction
Parsed transaction: transfer 7 5 137.000000 
Loaded transfer transaction
Parsed transaction: transfer 7 4 3.000000 
Loaded transfer transaction
Parsed transaction: transfer 7 4 5.000000 
Loaded transfer transaction
Parsed transaction: withdraw 4 1167.000000 
Loaded withdrawal transaction
Parsed transaction: withdraw 5 1307.000000 
Loaded withdrawal transaction
Parsed transaction: transfer 1 8 89.000000 
Loaded transfer transaction
Parsed transaction: transfer 1 9 163.000000 
Loaded transfer transaction
Parsed transaction: withdraw 1 41.000000 
Loaded withdrawal transaction
Parsed transaction: withdraw 2 71.000000 
Loaded withdrawal transaction
Parsed transaction: withdraw 3 1127.000000 
Loaded withdrawal transaction
Parsed transaction: withdraw 6 647.000000 
Loaded withdrawal transaction
Parsed transaction: deposit 6 1953.000000 
Loaded deposit transaction
Parsed transaction: deposit 7 967.000000 
Loaded deposit transaction
Parsed transaction: transfer 1 7 19.000000 
Loaded transfer transaction
Parsed transaction: transfer 2 7 23.000000 
Loaded transfer transaction
Parsed transaction: transfer 6 5 1167.000000 
Loaded transfer transaction
Parsed transaction: transfer 4 5 53.000000 
Loaded transfer transaction
Parsed transaction: withdraw 7 1593.000000 
Loaded withdrawal transaction
Parsed transaction: withdraw 8 449.000000 
Loaded withdrawal transaction
Parsed transaction: withdraw 9 163.000000 
Loaded withdrawal transaction
********************************************
********************************************
   Reading and parsing a transaction file   
********************************************
Parsed transaction: deposit 0 7.000000 
Loaded deposit transaction
Parsed transaction: deposit 1 11.000000 
Loaded deposit transaction
Parsed transaction: deposit 2 9.000000 
Loaded deposit transaction
Parsed transaction: transfer 3 7 29.000000 
Loaded transfer transaction
Parsed transaction: transfer 7 6 31.000000 
Loaded transfer transaction
Parsed transaction: transfer 7 5 137.000000 
Loaded transfer transaction
Parsed transaction: transfer 7 4 3.000000 
Loaded transfer transaction
Parsed transaction: transfer 7 4 5.000000 
Loaded transfer transaction
Parsed transaction: deposit 3 929.000000 
Loaded deposit transaction
Parsed transaction: deposit 4 937.000000 
Loaded deposit transaction
Parsed transaction: deposit 5 941.000000 
Loaded deposit transaction
Parsed transaction: withdraw 4 1167.000000 
Loaded withdrawal transaction
Parsed transaction: withdraw 5 1307.000000 
Loaded withdrawal transaction
Parsed transaction: transfer 1 8 89.000000 
Loaded transfer transaction
Parsed transaction: transfer 1 9 163.000000 
Loaded transfer transaction
Parsed transaction: withdraw 1 41.000000 
Loaded withdrawal transaction
Parsed transaction: withdraw 2 71.000000 
Loaded withdrawal transaction
Parsed transaction: withdraw 3 1127.000000 
Loaded withdrawal transaction
Parsed transaction: withdraw 6 647.000000 
Loaded withdrawal transaction
Parsed transaction: deposit 6 953.000000 
Loaded deposit transaction
Parsed transaction: deposit 7 967.000000 
Loaded deposit transaction
Parsed transaction: transfer 1 7 19.000000 
Loaded transfer transaction
Parsed transaction: transfer 2 7 23.000000 
Loaded transfer transaction
Parsed transaction: transfer 6 5 1167.000000 
Loaded transfer transaction
Parsed transaction: transfer 4 5 53.000000 
Loaded transfer transaction
Parsed transaction: withdraw 7 1593.000000 
Loaded withdrawal transaction
Parsed transaction: withdraw 8 449.000000 
Loaded withdrawal transaction
Parsed transaction: withdraw 9 163.000000 
Loaded withdrawal transaction
********************************************
********************************************
   Reading and parsing a transaction file   
********************************************
Parsed transaction: deposit 9 617.000000 
Loaded deposit transaction
Parsed transaction: transfer 9 1 617.000000 
Loaded transfer transaction
Parsed transaction: deposit 8 619.000000 
Loaded deposit transaction
Parsed transaction: transfer 8 2 619.000000 
Loaded transfer transaction
Parsed transaction: deposit 7 631.000000 
Loaded deposit transaction
Parsed transaction: transfer 7 3 631.000000 
Loaded transfer transaction
Parsed transaction: deposit 6 641.000000 
Loaded deposit transaction
Parsed transaction: transfer 6 4 641.000000 
Loaded transfer transaction
Parsed transaction: deposit 5 643.000000 
Loaded deposit transaction
Parsed transaction: transfer 5 6 1200.000000 
Loaded transfer transaction
Parsed transaction: deposit 4 647.000000 
Loaded deposit transaction
Parsed transaction: transfer 4 7 1200.000000 
Loaded transfer transaction
Parsed transaction: deposit 3 653.000000 
Loaded deposit transaction
Parsed transaction: transfer 3 8 1200.000000 
Loaded transfer transaction
Parsed transaction: deposit 2 659.000000 
Loaded deposit transaction
Parsed transaction: transfer 2 9 1200.000000 
Loaded transfer transaction
Parsed transaction: deposit 1 661.000000 
Loaded deposit transaction
Parsed transaction: transfer 1 9 1200.000000 
Loaded transfer transaction
Parsed transaction: deposit 0 673.000000 
Loaded deposit transaction
Parsed transaction: transfer 0 9 1200.000000 
Loaded transfer transaction
Parsed transaction: withdraw 1 50.000000 
Loaded withdrawal transaction
Parsed transaction: withdraw 2 50.000000 
Loaded withdrawal transaction
Parsed transaction: withdraw 3 50.000000 
Loaded withdrawal transaction
Parsed transaction: withdraw 4 50.000000 
Loaded withdrawal transaction
Parsed transaction: withdraw 5 50.000000 
Loaded withdrawal transaction
Parsed transaction: withdraw 6 50.000000 
Loaded withdrawal transaction
Parsed transaction: withdraw 7 50.000000 
Loaded withdrawal transaction
Parsed transaction: withdraw 8 50.000000 
Loaded withdrawal transaction
Parsed transaction: withdraw 9 50.000000 
Loaded withdrawal transaction
Parsed transaction: withdraw 0 50.000000 
Loaded withdrawal transaction
********************************************
********************************************
   Reading and parsing a transaction file   
********************************************
Parsed transaction: deposit 9 617.000000 
Loaded deposit transaction
Parsed transaction: transfer 9 1 617.000000 
Loaded transfer transaction
Parsed transaction: deposit 8 619.000000 
Loaded deposit transaction
Parsed transaction: transfer 8 2 619.000000 
Loaded transfer transaction
Parsed transaction: deposit 7 631.000000 
Loaded deposit transaction
Parsed transaction: transfer 7 3 631.000000 
Loaded transfer transaction
Parsed transaction: deposit 6 641.000000 
Loaded deposit transaction
Parsed transaction: transfer 6 4 641.000000 
Loaded transfer transaction
Parsed transaction: deposit 5 643.000000 
Loaded deposit transaction
Parsed transaction: transfer 5 6 1200.000000 
Loaded transfer transaction
Parsed transaction: deposit 4 647.000000 
Loaded deposit transaction
Parsed transaction: transfer 4 7 1200.000000 
Loaded transfer transaction
Parsed transaction: deposit 3 653.000000 
Loaded deposit transaction
Parsed transaction: transfer 3 8 1200.000000 
Loaded transfer transaction
Parsed transaction: deposit 2 659.000000 
Loaded deposit transaction
Parsed transaction: transfer 2 9 1200.000000 
Loaded transfer transaction
Parsed transaction: deposit 1 661.000000 
Loaded deposit transaction
Parsed transaction: transfer 1 9 1200.000000 
Loaded transfer transaction
Parsed transaction: deposit 0 673.000000 
Loaded deposit transaction
Parsed transaction: transfer 0 9 1200.000000 
Loaded transfer transaction
********************************************
********************************************
   Reading and parsing a transaction file   
********************************************
Parsed transaction: deposit 0 400.000000 
Loaded deposit transaction
Parsed transaction: withdraw 0 200.000000 
Loaded withdrawal transaction
Parsed transaction: deposit 0 100.000000 
Loaded deposit transaction
Parsed transaction: withdraw 0 50.000000 
Loaded withdrawal transaction
Parsed transaction: withdraw 0 150.000000 
Loaded withdrawal transaction
Parsed transaction: deposit 0 300.000000 
Loaded deposit transaction
Parsed transaction: transfer 0 1 300.000000 
Loaded transfer transaction
Parsed transaction: balance 1 
Loaded balance transaction
********************************************
  ***    Start of transaction batch    ***  
User 0, Acc 7 Balance 0.000000, Deposit 9929.000000 
User 0, Acc 4 Balance 0.000000, Deposit 937.000000 
User 0, Acc 5 Balance 0.000000, Deposit 941.000000 
User 0, Acc 0 Balance 0.000000, Deposit 7.000000 
User 0, Acc 3 Balance 0.000000, Deposit 29.000000 
User 0, Acc 7 Balance 9929.000000, Deposit 9.000000 
User 0, Acc 9 Balance 0.000000, Deposit 129.000000 
User 0, Acc 3 Balance 29.000000, Transfer 29.000000 to Acc 7
User 0, Acc 7 Balance 9967.000000, Transfer 31.000000 to Acc 6
User 0, Acc 7 Balance 9936.000000, Transfer 137.000000 to Acc 5
User 0, Acc 7 Balance 9799.000000, Transfer 3.000000 to Acc 4
User 0, Acc 7 Balance 9796.000000, Transfer 5.000000 to Acc 4
[22;32mUser 0, Acc 4 Balance 945.000000, 				Withdraw 1167.000000 --insufficient funds[0m
[22;32mUser 0, Acc 5 Balance 1078.000000, 				Withdraw 1307.000000 --insufficient funds[0m
[22;32mUser 0, Acc 1 Balance 0.000000, 				Withdraw 41.000000 --insufficient funds[0m
[22;32mUser 0, Acc 2 Balance 0.000000, 				Withdraw 71.000000 --insufficient funds[0m
[22;32mUser 0, Acc 3 Balance 0.000000, 				Withdraw 1127.000000 --insufficient funds[0m
[22;32mUser 0, Acc 6 Balance 31.000000, 				Withdraw 647.000000 --insufficient funds[0m
User 0, Acc 6 Balance 31.000000, Deposit 1953.000000 
User 0, Acc 7 Balance 9791.000000, Deposit 967.000000 
User 0, Acc 6 Balance 1984.000000, Transfer 1167.000000 to Acc 5
User 0, Acc 4 Balance 945.000000, Transfer 53.000000 to Acc 5
User 0, Acc 7 Balance 10758.000000, Withdraw 1593.000000 
[22;32mUser 0, Acc 8 Balance 0.000000, 				Withdraw 449.000000 --insufficient funds[0m
[22;32mUser 0, Acc 9 Balance 129.000000, 				Withdraw 163.000000 --insufficient funds[0m
User 0, Acc 0 Balance 7.000000, Deposit 7.000000 
User 0, Acc 1 Balance 0.000000, Deposit 11.000000 
User 0, Acc 2 Balance 0.000000, Deposit 9.000000 
User 0, Acc 7 Balance 9165.000000, Transfer 31.000000 to Acc 6
User 0, Acc 7 Balance 9134.000000, Transfer 137.000000 to Acc 5
User 0, Acc 7 Balance 8997.000000, Transfer 3.000000 to Acc 4
User 0, Acc 7 Balance 8994.000000, Transfer 5.000000 to Acc 4
User 0, Acc 3 Balance 0.000000, Deposit 929.000000 
User 0, Acc 4 Balance 900.000000, Deposit 937.000000 
User 0, Acc 5 Balance 2435.000000, Deposit 941.000000 
User 0, Acc 4 Balance 1837.000000, Withdraw 1167.000000 
User 0, Acc 5 Balance 3376.000000, Withdraw 1307.000000 
[22;32mUser 0, Acc 1 Balance 11.000000, 				Withdraw 41.000000 --insufficient funds[0m
[22;32mUser 0, Acc 2 Balance 9.000000, 				Withdraw 71.000000 --insufficient funds[0m
[22;32mUser 0, Acc 3 Balance 929.000000, 				Withdraw 1127.000000 --insufficient funds[0m
User 0, Acc 6 Balance 848.000000, Withdraw 647.000000 
User 0, Acc 6 Balance 201.000000, Deposit 953.000000 
User 0, Acc 7 Balance 8989.000000, Deposit 967.000000 
User 0, Acc 4 Balance 670.000000, Transfer 53.000000 to Acc 5
User 0, Acc 7 Balance 9956.000000, Withdraw 1593.000000 
[22;32mUser 0, Acc 8 Balance 0.000000, 				Withdraw 449.000000 --insufficient funds[0m
[22;32mUser 0, Acc 9 Balance 129.000000, 				Withdraw 163.000000 --insufficient funds[0m
User 0, Acc 9 Balance 129.000000, Deposit 617.000000 
User 1, Acc 7 Balance 8363.000000, Deposit 9929.000000 
User 1, Acc 4 Balance 617.000000, Deposit 937.000000 
User 3, Acc 0 Balance 14.000000, Deposit 400.000000 
User 4, Acc 7 Balance 8363.000000, Deposit 9929.000000 
User 0, Acc 9 Balance 746.000000, Transfer 617.000000 to Acc 1
User 4, Acc 4 Balance 1554.000000, Deposit 937.000000 
User 4, Acc 5 Balance 2122.000000, Deposit 941.000000 
User 1, Acc 5 Balance 2122.000000, Deposit 941.000000 
User 1, Acc 0 Balance 414.000000, Deposit 7.000000 
User 1, Acc 3 Balance 929.000000, Deposit 29.000000 
User 1, Acc 7 Balance 28221.000000, Deposit 9.000000 
User 1, Acc 9 Balance 129.000000, Deposit 129.000000 
User 1, Acc 3 Balance 958.000000, Transfer 29.000000 to Acc 7
User 1, Acc 7 Balance 28259.000000, Transfer 31.000000 to Acc 6
User 1, Acc 7 Balance 28228.000000, Transfer 137.000000 to Acc 5
User 1, Acc 7 Balance 28091.000000, Transfer 3.000000 to Acc 4
User 1, Acc 7 Balance 28088.000000, Transfer 5.000000 to Acc 4
User 1, Acc 4 Balance 2499.000000, Withdraw 1167.000000 
User 1, Acc 5 Balance 4141.000000, Withdraw 1307.000000 
User 1, Acc 1 Balance 628.000000, Transfer 89.000000 to Acc 8
User 1, Acc 1 Balance 539.000000, Transfer 163.000000 to Acc 9
User 1, Acc 1 Balance 376.000000, Withdraw 41.000000 
[22;32mUser 1, Acc 2 Balance 9.000000, 				Withdraw 71.000000 --insufficient funds[0m
User 3, Acc 0 Balance 414.000000, Withdraw 200.000000 
User 3, Acc 0 Balance 221.000000, Deposit 100.000000 
User 3, Acc 0 Balance 321.000000, Withdraw 50.000000 
User 3, Acc 0 Balance 271.000000, Withdraw 150.000000 
User 3, Acc 0 Balance 121.000000, Deposit 300.000000 
User 3, Acc 0 Balance 421.000000, Transfer 300.000000 to Acc 1
Balance in 1: 635.000000
User 3, Acc 0 Balance 121.000000, Deposit 7.000000 
User 3, Acc 1 Balance 635.000000, Deposit 11.000000 
User 3, Acc 2 Balance 9.000000, Deposit 9.000000 
User 3, Acc 3 Balance 929.000000, Transfer 29.000000 to Acc 7
User 3, Acc 7 Balance 28112.000000, Transfer 31.000000 to Acc 6
User 3, Acc 7 Balance 28081.000000, Transfer 137.000000 to Acc 5
User 3, Acc 7 Balance 27944.000000, Transfer 3.000000 to Acc 4
User 3, Acc 7 Balance 27941.000000, Transfer 5.000000 to Acc 4
User 3, Acc 3 Balance 900.000000, Deposit 929.000000 
User 3, Acc 4 Balance 1340.000000, Deposit 937.000000 
User 3, Acc 5 Balance 2971.000000, Deposit 941.000000 
User 3, Acc 4 Balance 2277.000000, Withdraw 1167.000000 
User 3, Acc 5 Balance 3912.000000, Withdraw 1307.000000 
User 3, Acc 1 Balance 646.000000, Transfer 89.000000 to Acc 8
User 3, Acc 1 Balance 557.000000, Transfer 163.000000 to Acc 9
User 3, Acc 1 Balance 394.000000, Withdraw 41.000000 
[22;32mUser 3, Acc 2 Balance 18.000000, 				Withdraw 71.000000 --insufficient funds[0m
User 3, Acc 3 Balance 1829.000000, Withdraw 1127.000000 
User 3, Acc 6 Balance 1216.000000, Withdraw 647.000000 
User 3, Acc 6 Balance 569.000000, Deposit 953.000000 
User 3, Acc 7 Balance 27936.000000, Deposit 967.000000 
User 3, Acc 1 Balance 353.000000, Transfer 19.000000 to Acc 7
User 3, Acc 6 Balance 1522.000000, Transfer 1167.000000 to Acc 5
User 3, Acc 4 Balance 1110.000000, Transfer 53.000000 to Acc 5
User 3, Acc 7 Balance 28922.000000, Withdraw 1593.000000 
User 4, Acc 0 Balance 414.000000, Deposit 7.000000 
[22;32mUser 1, Acc 3 Balance 929.000000, 				Withdraw 1127.000000 --insufficient funds[0m
User 4, Acc 3 Balance 702.000000, Deposit 29.000000 
User 2, Acc 9 Balance 129.000000, Deposit 617.000000 
User 2, Acc 9 Balance 1201.000000, Transfer 617.000000 to Acc 1
[22;32mUser 1, Acc 6 Balance 355.000000, 				Withdraw 647.000000 --insufficient funds[0m
User 2, Acc 8 Balance 178.000000, Deposit 619.000000 
User 1, Acc 6 Balance 355.000000, Deposit 1953.000000 
[22;32mUser 3, Acc 8 Balance 178.000000, 				Withdraw 449.000000 --insufficient funds[0m
User 1, Acc 7 Balance 27329.000000, Deposit 967.000000 
User 2, Acc 8 Balance 797.000000, Transfer 619.000000 to Acc 2
User 4, Acc 7 Balance 27329.000000, Deposit 9.000000 
User 4, Acc 9 Balance 584.000000, Deposit 129.000000 
User 3, Acc 9 Balance 584.000000, Withdraw 163.000000 
User 3, Acc 0 Balance 135.000000, Deposit 7.000000 
User 3, Acc 1 Balance 951.000000, Deposit 11.000000 
User 2, Acc 7 Balance 28296.000000, Deposit 631.000000 
User 0, Acc 8 Balance 0.000000, Deposit 619.000000 
User 2, Acc 7 Balance 28936.000000, Transfer 631.000000 to Acc 3
User 1, Acc 1 Balance 951.000000, Transfer 19.000000 to Acc 7
User 3, Acc 2 Balance 637.000000, Deposit 9.000000 
User 1, Acc 2 Balance 637.000000, Transfer 23.000000 to Acc 7
User 4, Acc 3 Balance 731.000000, Transfer 29.000000 to Acc 7
User 2, Acc 6 Balance 2308.000000, Deposit 641.000000 
User 3, Acc 3 Balance 1362.000000, Transfer 29.000000 to Acc 7
User 2, Acc 6 Balance 2949.000000, Transfer 641.000000 to Acc 4
User 3, Acc 7 Balance 28405.000000, Transfer 31.000000 to Acc 6
User 2, Acc 5 Balance 3825.000000, Deposit 643.000000 
User 3, Acc 7 Balance 28374.000000, Transfer 137.000000 to Acc 5
User 0, Acc 8 Balance 797.000000, Transfer 619.000000 to Acc 2
User 1, Acc 6 Balance 2308.000000, Transfer 1167.000000 to Acc 5
User 4, Acc 7 Balance 28376.000000, Transfer 31.000000 to Acc 6
User 1, Acc 4 Balance 1698.000000, Transfer 53.000000 to Acc 5
User 4, Acc 7 Balance 28206.000000, Transfer 137.000000 to Acc 5
User 1, Acc 7 Balance 28206.000000, Withdraw 1593.000000 
User 4, Acc 7 Balance 28069.000000, Transfer 3.000000 to Acc 4
[22;32mUser 1, Acc 8 Balance 178.000000, 				Withdraw 449.000000 --insufficient funds[0m
User 4, Acc 7 Balance 26473.000000, Transfer 5.000000 to Acc 4
User 0, Acc 7 Balance 28237.000000, Deposit 631.000000 
User 4, Acc 4 Balance 1653.000000, Withdraw 1167.000000 
User 1, Acc 9 Balance 550.000000, Withdraw 163.000000 
User 3, Acc 7 Balance 28237.000000, Transfer 3.000000 to Acc 4
User 1, Acc 9 Balance 387.000000, Deposit 617.000000 
User 2, Acc 5 Balance 4468.000000, Transfer 1200.000000 to Acc 6
User 1, Acc 9 Balance 1004.000000, Transfer 617.000000 to Acc 1
User 3, Acc 7 Balance 27096.000000, Transfer 5.000000 to Acc 4
User 1, Acc 8 Balance 178.000000, Deposit 619.000000 
User 4, Acc 5 Balance 5962.000000, Withdraw 1307.000000 
User 2, Acc 4 Balance 489.000000, Deposit 647.000000 
User 4, Acc 1 Balance 1560.000000, Transfer 89.000000 to Acc 8
User 3, Acc 3 Balance 1304.000000, Deposit 929.000000 
User 1, Acc 8 Balance 797.000000, Transfer 619.000000 to Acc 2
User 1, Acc 7 Balance 27091.000000, Deposit 631.000000 
User 2, Acc 3 Balance 1304.000000, Deposit 653.000000 
User 2, Acc 3 Balance 2886.000000, Transfer 1200.000000 to Acc 8
User 2, Acc 2 Balance 1861.000000, Deposit 659.000000 
User 2, Acc 2 Balance 2520.000000, Transfer 1200.000000 to Acc 9
User 2, Acc 1 Balance 1471.000000, Deposit 661.000000 
User 2, Acc 1 Balance 2132.000000, Transfer 1200.000000 to Acc 9
User 2, Acc 0 Balance 142.000000, Deposit 673.000000 
User 2, Acc 9 Balance 2787.000000, Deposit 617.000000 
User 2, Acc 9 Balance 3404.000000, Transfer 617.000000 to Acc 1
User 2, Acc 8 Balance 1467.000000, Deposit 619.000000 
User 2, Acc 8 Balance 2086.000000, Transfer 619.000000 to Acc 2
User 2, Acc 7 Balance 27722.000000, Deposit 631.000000 
User 2, Acc 7 Balance 28353.000000, Transfer 631.000000 to Acc 3
User 2, Acc 6 Balance 2403.000000, Deposit 641.000000 
User 2, Acc 6 Balance 3044.000000, Transfer 641.000000 to Acc 4
User 2, Acc 5 Balance 3455.000000, Deposit 643.000000 
User 2, Acc 5 Balance 4098.000000, Transfer 1200.000000 to Acc 6
User 2, Acc 4 Balance 1782.000000, Deposit 647.000000 
User 2, Acc 4 Balance 2429.000000, Transfer 1200.000000 to Acc 7
User 2, Acc 3 Balance 2317.000000, Deposit 653.000000 
User 2, Acc 3 Balance 2970.000000, Transfer 1200.000000 to Acc 8
User 2, Acc 2 Balance 1939.000000, Deposit 659.000000 
User 2, Acc 2 Balance 2598.000000, Transfer 1200.000000 to Acc 9
User 2, Acc 1 Balance 1549.000000, Deposit 661.000000 
User 2, Acc 1 Balance 2210.000000, Transfer 1200.000000 to Acc 9
User 2, Acc 0 Balance 815.000000, Deposit 673.000000 
User 2, Acc 0 Balance 1488.000000, Transfer 1200.000000 to Acc 9
User 2, Acc 1 Balance 1010.000000, Withdraw 50.000000 
User 2, Acc 2 Balance 1398.000000, Withdraw 50.000000 
User 2, Acc 3 Balance 1770.000000, Withdraw 50.000000 
User 2, Acc 4 Balance 1229.000000, Withdraw 50.000000 
User 2, Acc 5 Balance 2898.000000, Withdraw 50.000000 
User 2, Acc 6 Balance 3603.000000, Withdraw 50.000000 
User 2, Acc 7 Balance 28922.000000, Withdraw 50.000000 
User 2, Acc 8 Balance 2667.000000, Withdraw 50.000000 
User 2, Acc 9 Balance 6387.000000, Withdraw 50.000000 
User 2, Acc 0 Balance 288.000000, Withdraw 50.000000 
User 2, Acc 9 Balance 6337.000000, Deposit 617.000000 
User 2, Acc 9 Balance 6954.000000, Transfer 617.000000 to Acc 1
User 2, Acc 8 Balance 2617.000000, Deposit 619.000000 
User 2, Acc 8 Balance 3236.000000, Transfer 619.000000 to Acc 2
User 2, Acc 7 Balance 28872.000000, Deposit 631.000000 
User 2, Acc 7 Balance 29503.000000, Transfer 631.000000 to Acc 3
User 2, Acc 6 Balance 3553.000000, Deposit 641.000000 
User 2, Acc 6 Balance 4194.000000, Transfer 641.000000 to Acc 4
User 2, Acc 5 Balance 2848.000000, Deposit 643.000000 
User 2, Acc 5 Balance 3491.000000, Transfer 1200.000000 to Acc 6
User 2, Acc 4 Balance 1820.000000, Deposit 647.000000 
User 2, Acc 4 Balance 2467.000000, Transfer 1200.000000 to Acc 7
User 2, Acc 3 Balance 2351.000000, Deposit 653.000000 
User 2, Acc 3 Balance 3004.000000, Transfer 1200.000000 to Acc 8
User 2, Acc 2 Balance 1967.000000, Deposit 659.000000 
User 2, Acc 2 Balance 2626.000000, Transfer 1200.000000 to Acc 9
User 2, Acc 1 Balance 1577.000000, Deposit 661.000000 
User 2, Acc 1 Balance 2238.000000, Transfer 1200.000000 to Acc 9
User 2, Acc 0 Balance 238.000000, Deposit 673.000000 
User 2, Acc 9 Balance 8737.000000, Deposit 617.000000 
User 2, Acc 9 Balance 9354.000000, Transfer 617.000000 to Acc 1
User 2, Acc 8 Balance 3817.000000, Deposit 619.000000 
User 2, Acc 8 Balance 4436.000000, Transfer 619.000000 to Acc 2
User 2, Acc 7 Balance 30072.000000, Deposit 631.000000 
User 2, Acc 7 Balance 30703.000000, Transfer 631.000000 to Acc 3
User 2, Acc 6 Balance 4753.000000, Deposit 641.000000 
User 2, Acc 6 Balance 5394.000000, Transfer 641.000000 to Acc 4
User 2, Acc 5 Balance 2291.000000, Deposit 643.000000 
User 2, Acc 5 Balance 2934.000000, Transfer 1200.000000 to Acc 6
User 2, Acc 4 Balance 1908.000000, Deposit 647.000000 
User 2, Acc 4 Balance 2555.000000, Transfer 1200.000000 to Acc 7
User 2, Acc 3 Balance 2435.000000, Deposit 653.000000 
User 2, Acc 3 Balance 3088.000000, Transfer 1200.000000 to Acc 8
User 2, Acc 2 Balance 2045.000000, Deposit 659.000000 
User 2, Acc 2 Balance 2704.000000, Transfer 1200.000000 to Acc 9
User 2, Acc 1 Balance 1655.000000, Deposit 661.000000 
User 2, Acc 1 Balance 2316.000000, Transfer 1200.000000 to Acc 9
User 2, Acc 0 Balance 911.000000, Deposit 673.000000 
User 2, Acc 0 Balance 1584.000000, Transfer 1200.000000 to Acc 9
User 2, Acc 7 Balance 31272.000000, Deposit 9929.000000 
User 0, Acc 7 Balance 27099.000000, Transfer 631.000000 to Acc 3
User 0, Acc 6 Balance 5953.000000, Deposit 641.000000 
User 0, Acc 6 Balance 6594.000000, Transfer 641.000000 to Acc 4
User 0, Acc 5 Balance 1734.000000, Deposit 643.000000 
User 0, Acc 5 Balance 2377.000000, Transfer 1200.000000 to Acc 6
User 0, Acc 4 Balance 1996.000000, Deposit 647.000000 
User 0, Acc 4 Balance 2643.000000, Transfer 1200.000000 to Acc 7
User 0, Acc 3 Balance 2519.000000, Deposit 653.000000 
User 0, Acc 3 Balance 3172.000000, Transfer 1200.000000 to Acc 8
User 0, Acc 2 Balance 1504.000000, Deposit 659.000000 
User 0, Acc 2 Balance 2163.000000, Transfer 1200.000000 to Acc 9
User 0, Acc 1 Balance 1116.000000, Deposit 661.000000 
User 0, Acc 1 Balance 1777.000000, Transfer 1200.000000 to Acc 9
User 0, Acc 0 Balance 384.000000, Deposit 673.000000 
User 0, Acc 1 Balance 577.000000, Withdraw 50.000000 
User 0, Acc 2 Balance 963.000000, Withdraw 50.000000 
User 0, Acc 3 Balance 1972.000000, Withdraw 50.000000 
User 0, Acc 4 Balance 1443.000000, Withdraw 50.000000 
User 0, Acc 5 Balance 1177.000000, Withdraw 50.000000 
User 0, Acc 6 Balance 7153.000000, Withdraw 50.000000 
User 0, Acc 7 Balance 41770.000000, Withdraw 50.000000 
User 0, Acc 8 Balance 6217.000000, Withdraw 50.000000 
User 0, Acc 9 Balance 14737.000000, Withdraw 50.000000 
User 0, Acc 0 Balance 1057.000000, Withdraw 50.000000 
User 2, Acc 4 Balance 1355.000000, Deposit 937.000000 
User 2, Acc 5 Balance 1127.000000, Deposit 941.000000 
User 2, Acc 0 Balance 1007.000000, Deposit 7.000000 
User 2, Acc 3 Balance 1922.000000, Deposit 29.000000 
User 2, Acc 7 Balance 41720.000000, Deposit 9.000000 
User 2, Acc 9 Balance 14687.000000, Deposit 129.000000 
User 2, Acc 3 Balance 1951.000000, Transfer 29.000000 to Acc 7
User 2, Acc 7 Balance 41758.000000, Transfer 31.000000 to Acc 6
User 2, Acc 7 Balance 41727.000000, Transfer 137.000000 to Acc 5
User 2, Acc 7 Balance 41590.000000, Transfer 3.000000 to Acc 4
User 2, Acc 7 Balance 41587.000000, Transfer 5.000000 to Acc 4
User 2, Acc 4 Balance 2338.000000, Withdraw 1167.000000 
User 2, Acc 5 Balance 2205.000000, Withdraw 1307.000000 
User 2, Acc 1 Balance 527.000000, Transfer 89.000000 to Acc 8
User 2, Acc 1 Balance 438.000000, Transfer 163.000000 to Acc 9
User 2, Acc 1 Balance 275.000000, Withdraw 41.000000 
User 2, Acc 2 Balance 913.000000, Withdraw 71.000000 
User 2, Acc 3 Balance 1922.000000, Withdraw 1127.000000 
User 2, Acc 6 Balance 7134.000000, Withdraw 647.000000 
User 2, Acc 6 Balance 6487.000000, Deposit 1953.000000 
User 2, Acc 7 Balance 41582.000000, Deposit 967.000000 
User 2, Acc 1 Balance 234.000000, Transfer 19.000000 to Acc 7
User 2, Acc 2 Balance 842.000000, Transfer 23.000000 to Acc 7
User 2, Acc 6 Balance 8440.000000, Transfer 1167.000000 to Acc 5
User 2, Acc 4 Balance 1171.000000, Transfer 53.000000 to Acc 5
User 2, Acc 7 Balance 42591.000000, Withdraw 1593.000000 
User 2, Acc 8 Balance 6256.000000, Withdraw 449.000000 
User 2, Acc 9 Balance 14979.000000, Withdraw 163.000000 
User 2, Acc 0 Balance 1014.000000, Deposit 7.000000 
User 2, Acc 1 Balance 215.000000, Deposit 11.000000 
User 2, Acc 2 Balance 819.000000, Deposit 9.000000 
User 2, Acc 3 Balance 795.000000, Transfer 29.000000 to Acc 7
User 2, Acc 7 Balance 41027.000000, Transfer 31.000000 to Acc 6
User 2, Acc 7 Balance 40996.000000, Transfer 137.000000 to Acc 5
User 2, Acc 7 Balance 40859.000000, Transfer 3.000000 to Acc 4
User 2, Acc 7 Balance 40856.000000, Transfer 5.000000 to Acc 4
User 2, Acc 3 Balance 766.000000, Deposit 929.000000 
User 2, Acc 4 Balance 1126.000000, Deposit 937.000000 
User 2, Acc 5 Balance 2255.000000, Deposit 941.000000 
User 2, Acc 4 Balance 2063.000000, Withdraw 1167.000000 
User 2, Acc 5 Balance 3196.000000, Withdraw 1307.000000 
User 2, Acc 1 Balance 226.000000, Transfer 89.000000 to Acc 8
User 2, Acc 1 Balance 137.000000, Withdraw 41.000000 
User 2, Acc 2 Balance 828.000000, Withdraw 71.000000 
User 2, Acc 3 Balance 1695.000000, Withdraw 1127.000000 
User 2, Acc 6 Balance 7304.000000, Withdraw 647.000000 
User 2, Acc 6 Balance 6657.000000, Deposit 953.000000 
User 2, Acc 7 Balance 40851.000000, Deposit 967.000000 
User 2, Acc 1 Balance 96.000000, Transfer 19.000000 to Acc 7
User 2, Acc 2 Balance 757.000000, Transfer 23.000000 to Acc 7
User 2, Acc 6 Balance 7610.000000, Transfer 1167.000000 to Acc 5
User 2, Acc 4 Balance 896.000000, Transfer 53.000000 to Acc 5
User 2, Acc 7 Balance 41860.000000, Withdraw 1593.000000 
User 2, Acc 8 Balance 5896.000000, Withdraw 449.000000 
User 2, Acc 9 Balance 14816.000000, Withdraw 163.000000 
User 2, Acc 0 Balance 1021.000000, Deposit 7.000000 
User 2, Acc 1 Balance 77.000000, Deposit 11.000000 
User 2, Acc 2 Balance 734.000000, Deposit 9.000000 
User 2, Acc 3 Balance 568.000000, Transfer 29.000000 to Acc 7
User 2, Acc 7 Balance 40296.000000, Transfer 31.000000 to Acc 6
User 2, Acc 7 Balance 40265.000000, Transfer 137.000000 to Acc 5
User 2, Acc 7 Balance 40128.000000, Transfer 3.000000 to Acc 4
User 2, Acc 7 Balance 40125.000000, Transfer 5.000000 to Acc 4
User 2, Acc 3 Balance 539.000000, Deposit 929.000000 
User 2, Acc 4 Balance 851.000000, Deposit 937.000000 
User 2, Acc 5 Balance 3246.000000, Deposit 941.000000 
User 2, Acc 4 Balance 1788.000000, Withdraw 1167.000000 
User 2, Acc 5 Balance 4187.000000, Withdraw 1307.000000 
User 2, Acc 1 Balance 88.000000, Withdraw 41.000000 
User 2, Acc 2 Balance 743.000000, Withdraw 71.000000 
User 2, Acc 3 Balance 1468.000000, Withdraw 1127.000000 
User 2, Acc 6 Balance 6474.000000, Withdraw 647.000000 
User 2, Acc 6 Balance 5827.000000, Deposit 953.000000 
User 2, Acc 7 Balance 40120.000000, Deposit 967.000000 
User 2, Acc 1 Balance 47.000000, Transfer 19.000000 to Acc 7
User 2, Acc 2 Balance 672.000000, Transfer 23.000000 to Acc 7
User 2, Acc 6 Balance 6780.000000, Transfer 1167.000000 to Acc 5
User 2, Acc 4 Balance 621.000000, Transfer 53.000000 to Acc 5
User 2, Acc 7 Balance 41129.000000, Withdraw 1593.000000 
User 2, Acc 8 Balance 5447.000000, Withdraw 449.000000 
User 2, Acc 9 Balance 14653.000000, Withdraw 163.000000 
User 2, Acc 0 Balance 1028.000000, Deposit 400.000000 
User 2, Acc 0 Balance 1428.000000, Withdraw 200.000000 
User 2, Acc 0 Balance 1228.000000, Deposit 100.000000 
User 2, Acc 0 Balance 1328.000000, Withdraw 50.000000 
User 2, Acc 0 Balance 1278.000000, Withdraw 150.000000 
User 2, Acc 0 Balance 1128.000000, Deposit 300.000000 
User 2, Acc 0 Balance 1428.000000, Transfer 300.000000 to Acc 1
Balance in 1: 328.000000
User 2, Acc 0 Balance 1128.000000, Deposit 400.000000 
User 1, Acc 7 Balance 27722.000000, Transfer 631.000000 to Acc 3
User 4, Acc 1 Balance 1471.000000, Transfer 163.000000 to Acc 9
User 3, Acc 4 Balance 1141.000000, Deposit 937.000000 
User 4, Acc 1 Balance 165.000000, Withdraw 41.000000 
User 3, Acc 5 Balance 4100.000000, Deposit 941.000000 
User 2, Acc 0 Balance 1528.000000, Withdraw 200.000000 
User 1, Acc 6 Balance 5613.000000, Deposit 641.000000 
User 4, Acc 2 Balance 649.000000, Withdraw 71.000000 
User 3, Acc 4 Balance 1505.000000, Withdraw 1167.000000 
[22;32mUser 4, Acc 3 Balance 972.000000, 				Withdraw 1127.000000 --insufficient funds[0m
User 3, Acc 5 Balance 5041.000000, Withdraw 1307.000000 
User 4, Acc 6 Balance 6254.000000, Withdraw 647.000000 
User 2, Acc 0 Balance 1328.000000, Deposit 100.000000 
User 4, Acc 6 Balance 5607.000000, Deposit 1953.000000 
User 2, Acc 0 Balance 1428.000000, Withdraw 50.000000 
User 4, Acc 7 Balance 38905.000000, Deposit 967.000000 
User 0, Acc 7 Balance 41720.000000, Deposit 9929.000000 
User 4, Acc 1 Balance 124.000000, Transfer 19.000000 to Acc 7
User 0, Acc 4 Balance 338.000000, Deposit 937.000000 
User 4, Acc 2 Balance 578.000000, Transfer 23.000000 to Acc 7
User 1, Acc 6 Balance 6254.000000, Transfer 641.000000 to Acc 4
User 4, Acc 6 Balance 7560.000000, Transfer 1167.000000 to Acc 5
User 1, Acc 5 Balance 3734.000000, Deposit 643.000000 
User 4, Acc 4 Balance 1916.000000, Transfer 53.000000 to Acc 5
User 1, Acc 5 Balance 5544.000000, Transfer 1200.000000 to Acc 6
User 4, Acc 7 Balance 49843.000000, Withdraw 1593.000000 
User 1, Acc 4 Balance 1863.000000, Deposit 647.000000 
User 4, Acc 8 Balance 4998.000000, Withdraw 449.000000 
User 1, Acc 4 Balance 2510.000000, Transfer 1200.000000 to Acc 7
User 4, Acc 9 Balance 14653.000000, Withdraw 163.000000 
User 1, Acc 3 Balance 972.000000, Deposit 653.000000 
User 4, Acc 9 Balance 14490.000000, Deposit 617.000000 
User 3, Acc 1 Balance 124.000000, Transfer 89.000000 to Acc 8
User 4, Acc 9 Balance 15107.000000, Transfer 617.000000 to Acc 1
[22;32mUser 3, Acc 1 Balance 16.000000, 				Withdraw 41.000000 --insufficient funds[0m
User 3, Acc 2 Balance 555.000000, Withdraw 71.000000 
User 4, Acc 8 Balance 4638.000000, Deposit 619.000000 
User 2, Acc 0 Balance 1378.000000, Withdraw 150.000000 
User 4, Acc 8 Balance 5257.000000, Transfer 619.000000 to Acc 2
User 1, Acc 3 Balance 1625.000000, Transfer 1200.000000 to Acc 8
User 4, Acc 7 Balance 49450.000000, Deposit 631.000000 
User 1, Acc 2 Balance 1103.000000, Deposit 659.000000 
User 4, Acc 7 Balance 50081.000000, Transfer 631.000000 to Acc 3
User 1, Acc 2 Balance 1762.000000, Transfer 1200.000000 to Acc 9
User 1, Acc 1 Balance 633.000000, Deposit 661.000000 
User 2, Acc 0 Balance 1228.000000, Deposit 300.000000 
User 1, Acc 1 Balance 1294.000000, Transfer 1200.000000 to Acc 9
User 0, Acc 5 Balance 3734.000000, Deposit 941.000000 
User 1, Acc 0 Balance 1528.000000, Deposit 673.000000 
User 1, Acc 0 Balance 2201.000000, Transfer 1200.000000 to Acc 9
User 4, Acc 6 Balance 6952.000000, Deposit 641.000000 
User 1, Acc 1 Balance 94.000000, Withdraw 50.000000 
User 4, Acc 6 Balance 7593.000000, Transfer 641.000000 to Acc 4
User 0, Acc 0 Balance 1528.000000, Deposit 7.000000 
User 0, Acc 3 Balance 1056.000000, Deposit 29.000000 
User 0, Acc 7 Balance 49450.000000, Deposit 9.000000 
User 0, Acc 9 Balance 18090.000000, Deposit 129.000000 
User 4, Acc 5 Balance 5338.000000, Deposit 643.000000 
User 3, Acc 3 Balance 1625.000000, Withdraw 1127.000000 
User 0, Acc 3 Balance 1085.000000, Transfer 29.000000 to Acc 7
User 3, Acc 6 Balance 6952.000000, Withdraw 647.000000 
User 3, Acc 6 Balance 6305.000000, Deposit 953.000000 
User 4, Acc 5 Balance 5981.000000, Transfer 1200.000000 to Acc 6
User 2, Acc 0 Balance 1528.000000, Transfer 300.000000 to Acc 1
Balance in 1: 344.000000
User 1, Acc 2 Balance 562.000000, Withdraw 50.000000 
User 2, Acc 9 Balance 18219.000000, Deposit 617.000000 
User 4, Acc 4 Balance 1951.000000, Deposit 647.000000 
User 0, Acc 7 Balance 49488.000000, Transfer 31.000000 to Acc 6
[22;32mUser 1, Acc 3 Balance -71.000000, 				Withdraw 50.000000 --insufficient funds[0m
User 1, Acc 4 Balance 2598.000000, Withdraw 50.000000 
User 4, Acc 4 Balance 2598.000000, Transfer 1200.000000 to Acc 7
User 1, Acc 5 Balance 4781.000000, Withdraw 50.000000 
User 4, Acc 3 Balance -71.000000, Deposit 653.000000 
User 4, Acc 2 Balance 512.000000, Deposit 659.000000 
User 2, Acc 9 Balance 18836.000000, Transfer 617.000000 to Acc 1
User 0, Acc 7 Balance 49457.000000, Transfer 137.000000 to Acc 5
User 2, Acc 8 Balance 5838.000000, Deposit 619.000000 
User 0, Acc 7 Balance 50520.000000, Transfer 3.000000 to Acc 4
User 4, Acc 1 Balance 344.000000, Deposit 661.000000 
User 1, Acc 6 Balance 8489.000000, Withdraw 50.000000 
User 2, Acc 8 Balance 6457.000000, Transfer 619.000000 to Acc 2
User 1, Acc 7 Balance 50517.000000, Withdraw 50.000000 
User 2, Acc 7 Balance 50517.000000, Deposit 631.000000 
User 2, Acc 7 Balance 51148.000000, Transfer 631.000000 to Acc 3
User 3, Acc 7 Balance 49488.000000, Deposit 967.000000 
User 0, Acc 7 Balance 50517.000000, Transfer 5.000000 to Acc 4
User 3, Acc 1 Balance 1622.000000, Transfer 19.000000 to Acc 7
User 0, Acc 4 Balance 1356.000000, Withdraw 1167.000000 
User 3, Acc 2 Balance 1790.000000, Transfer 23.000000 to Acc 7
User 2, Acc 6 Balance 8439.000000, Deposit 641.000000 
User 4, Acc 1 Balance 1622.000000, Transfer 1200.000000 to Acc 9
User 0, Acc 5 Balance 4868.000000, Withdraw 1307.000000 
User 4, Acc 0 Balance 708.000000, Deposit 673.000000 
User 1, Acc 8 Balance 5838.000000, Withdraw 50.000000 
User 4, Acc 0 Balance 1381.000000, Transfer 1200.000000 to Acc 9
User 1, Acc 9 Balance 19419.000000, Withdraw 50.000000 
User 4, Acc 1 Balance 403.000000, Withdraw 50.000000 
User 3, Acc 6 Balance 8439.000000, Transfer 1167.000000 to Acc 5
User 4, Acc 2 Balance 1767.000000, Withdraw 50.000000 
User 4, Acc 3 Balance 1213.000000, Withdraw 50.000000 
User 4, Acc 4 Balance 189.000000, Withdraw 50.000000 
User 1, Acc 0 Balance 181.000000, Withdraw 50.000000 
User 4, Acc 5 Balance 4728.000000, Withdraw 50.000000 
User 1, Acc 9 Balance 20569.000000, Deposit 617.000000 
User 3, Acc 4 Balance 189.000000, Transfer 53.000000 to Acc 5
User 1, Acc 9 Balance 21186.000000, Transfer 617.000000 to Acc 1
User 3, Acc 7 Balance 51471.000000, Withdraw 1593.000000 
User 2, Acc 6 Balance 9080.000000, Transfer 641.000000 to Acc 4
User 4, Acc 6 Balance 7913.000000, Withdraw 50.000000 
User 1, Acc 8 Balance 5788.000000, Deposit 619.000000 
User 3, Acc 8 Balance 5788.000000, Withdraw 449.000000 
User 1, Acc 8 Balance 6407.000000, Transfer 619.000000 to Acc 2
User 3, Acc 9 Balance 20569.000000, Withdraw 163.000000 
User 1, Acc 7 Balance 49878.000000, Deposit 631.000000 
User 3, Acc 9 Balance 20406.000000, Deposit 617.000000 
User 1, Acc 7 Balance 50509.000000, Transfer 631.000000 to Acc 3
User 4, Acc 7 Balance 49878.000000, Withdraw 50.000000 
User 1, Acc 6 Balance 7222.000000, Deposit 641.000000 
User 1, Acc 6 Balance 7863.000000, Transfer 641.000000 to Acc 4
User 1, Acc 5 Balance 4731.000000, Deposit 643.000000 
User 1, Acc 5 Balance 5374.000000, Transfer 1200.000000 to Acc 6
User 1, Acc 4 Balance 1368.000000, Deposit 647.000000 
User 4, Acc 8 Balance 5339.000000, Withdraw 50.000000 
User 4, Acc 9 Balance 21023.000000, Withdraw 50.000000 
User 4, Acc 0 Balance 131.000000, Withdraw 50.000000 
User 2, Acc 5 Balance 4731.000000, Deposit 643.000000 
User 2, Acc 5 Balance 4817.000000, Transfer 1200.000000 to Acc 6
User 0, Acc 1 Balance 403.000000, Transfer 89.000000 to Acc 8
User 1, Acc 4 Balance 2015.000000, Transfer 1200.000000 to Acc 7
User 3, Acc 9 Balance 21023.000000, Transfer 617.000000 to Acc 1
User 1, Acc 3 Balance 1794.000000, Deposit 653.000000 
User 3, Acc 8 Balance 5378.000000, Deposit 619.000000 
User 1, Acc 3 Balance 2447.000000, Transfer 1200.000000 to Acc 8
User 4, Acc 0 Balance 81.000000, Deposit 400.000000 
User 1, Acc 2 Balance 2336.000000, Deposit 659.000000 
User 4, Acc 0 Balance 481.000000, Withdraw 200.000000 
User 1, Acc 2 Balance 2995.000000, Transfer 1200.000000 to Acc 9
User 4, Acc 0 Balance 281.000000, Deposit 100.000000 
User 1, Acc 1 Balance 1498.000000, Deposit 661.000000 
User 4, Acc 0 Balance 381.000000, Withdraw 50.000000 
User 0, Acc 1 Balance 881.000000, Transfer 163.000000 to Acc 9
User 2, Acc 4 Balance 2015.000000, Deposit 647.000000 
User 3, Acc 8 Balance 5997.000000, Transfer 619.000000 to Acc 2
User 2, Acc 4 Balance 1462.000000, Transfer 1200.000000 to Acc 7
User 3, Acc 7 Balance 51028.000000, Deposit 631.000000 
User 0, Acc 1 Balance 1996.000000, Withdraw 41.000000 
User 1, Acc 1 Balance 2159.000000, Transfer 1200.000000 to Acc 9
User 4, Acc 0 Balance 331.000000, Withdraw 150.000000 
User 1, Acc 0 Balance 331.000000, Deposit 673.000000 
User 4, Acc 0 Balance 181.000000, Deposit 300.000000 
User 1, Acc 0 Balance 854.000000, Deposit 400.000000 
User 4, Acc 0 Balance 1154.000000, Transfer 300.000000 to Acc 1
User 1, Acc 0 Balance 1554.000000, Withdraw 200.000000 
Balance in 1: 1055.000000
User 2, Acc 3 Balance 1247.000000, Deposit 653.000000 
User 3, Acc 7 Balance 52859.000000, Transfer 631.000000 to Acc 3
User 0, Acc 2 Balance 2414.000000, Withdraw 71.000000 
User 1, Acc 0 Balance 1054.000000, Deposit 100.000000 
User 1, Acc 0 Balance 1154.000000, Withdraw 50.000000 
User 1, Acc 0 Balance 1104.000000, Withdraw 150.000000 
User 1, Acc 0 Balance 954.000000, Deposit 300.000000 
User 1, Acc 0 Balance 1254.000000, Transfer 300.000000 to Acc 1
Balance in 1: 1355.000000
User 3, Acc 6 Balance 9622.000000, Deposit 641.000000 
User 3, Acc 6 Balance 10263.000000, Transfer 641.000000 to Acc 4
User 3, Acc 5 Balance 3617.000000, Deposit 643.000000 
User 3, Acc 5 Balance 4260.000000, Transfer 1200.000000 to Acc 6
User 3, Acc 4 Balance 903.000000, Deposit 647.000000 
User 3, Acc 4 Balance 1550.000000, Transfer 1200.000000 to Acc 7
User 3, Acc 3 Balance 2531.000000, Deposit 653.000000 
User 3, Acc 3 Balance 3184.000000, Transfer 1200.000000 to Acc 8
User 3, Acc 2 Balance 2343.000000, Deposit 659.000000 
User 3, Acc 2 Balance 3002.000000, Transfer 1200.000000 to Acc 9
User 3, Acc 1 Balance 1355.000000, Deposit 661.000000 
User 3, Acc 1 Balance 2016.000000, Transfer 1200.000000 to Acc 9
User 3, Acc 0 Balance 954.000000, Deposit 673.000000 
User 3, Acc 0 Balance 1627.000000, Transfer 1200.000000 to Acc 9
User 0, Acc 3 Balance 2531.000000, Withdraw 1127.000000 
User 0, Acc 6 Balance 10822.000000, Withdraw 647.000000 
User 2, Acc 3 Balance 1900.000000, Transfer 1200.000000 to Acc 8
User 2, Acc 2 Balance 1802.000000, Deposit 659.000000 
User 2, Acc 2 Balance 2461.000000, Transfer 1200.000000 to Acc 9
User 2, Acc 1 Balance 816.000000, Deposit 661.000000 
User 2, Acc 1 Balance 1477.000000, Transfer 1200.000000 to Acc 9
User 2, Acc 0 Balance 427.000000, Deposit 673.000000 
User 2, Acc 1 Balance 277.000000, Withdraw 50.000000 
User 0, Acc 6 Balance 10175.000000, Deposit 1953.000000 
User 0, Acc 7 Balance 53428.000000, Deposit 967.000000 
User 0, Acc 1 Balance 227.000000, Transfer 19.000000 to Acc 7
User 0, Acc 2 Balance 1261.000000, Transfer 23.000000 to Acc 7
User 2, Acc 2 Balance 1261.000000, Withdraw 50.000000 
[22;32mUser 2, Acc 3 Balance -343.000000, 				Withdraw 50.000000 --insufficient funds[0m
User 2, Acc 4 Balance 350.000000, Withdraw 50.000000 
User 2, Acc 5 Balance 3060.000000, Withdraw 50.000000 
User 2, Acc 6 Balance 12128.000000, Withdraw 50.000000 
User 2, Acc 7 Balance 54437.000000, Withdraw 50.000000 
User 2, Acc 8 Balance 8978.000000, Withdraw 50.000000 
User 2, Acc 9 Balance 28919.000000, Withdraw 50.000000 
User 2, Acc 0 Balance 1100.000000, Withdraw 50.000000 
User 0, Acc 6 Balance 12128.000000, Transfer 1167.000000 to Acc 5
User 0, Acc 4 Balance 300.000000, Transfer 53.000000 to Acc 5
User 0, Acc 7 Balance 54387.000000, Withdraw 1593.000000 
User 0, Acc 8 Balance 8928.000000, Withdraw 449.000000 
User 0, Acc 9 Balance 28869.000000, Withdraw 163.000000 
  ***     End of transaction batch    ***  
Account 0 balance after completion of transaction batch: 1050.000000
Account 1 balance after completion of transaction batch: 208.000000
Account 2 balance after completion of transaction batch: 1188.000000
Account 3 balance after completion of transaction batch: -343.000000
Account 4 balance after completion of transaction batch: 247.000000
Account 5 balance after completion of transaction batch: 4230.000000
Account 6 balance after completion of transaction batch: 10911.000000
Account 7 balance after completion of transaction batch: 52794.000000
Account 8 balance after completion of transaction batch: 8479.000000
Account 9 balance after completion of transaction batch: 28706.000000
