# Output generated by:
# ./my_executable 5 data/transactions7.txt data/transactions11.txt data/transactions6.txt data/transactions4.txt data/transactions10.txt

********************************************
   Reading and parsing a transaction file   
********************************************
Parsed transaction: deposit 7 9929.000000 
Loaded deposit transaction
Parsed transaction: deposit 4 937.000000 
Loaded deposit transaction
Parsed transaction: deposit 5 941.000000 
Loaded deposit transaction
Parsed transaction: deposit 0 7.000000 
Loaded deposit transaction
Parsed transaction: deposit 3 29.000000 
Loaded deposit transaction
Parsed transaction: deposit 7 9.000000 
Loaded deposit transaction
Parsed transaction: deposit 9 129.000000 
Loaded deposit transaction
Parsed transaction: transfer 3 7 29.000000 
Loaded transfer transaction
Parsed transaction: transfer 7 6 31.000000 
Loaded transfer transaction
Parsed transaction: transfer 7 5 137.000000 
Loaded transfer transaction
Parsed transaction: transfer 7 4 3.000000 
Loaded transfer transaction
Parsed transaction: transfer 7 4 5.000000 
Loaded transfer transaction
Parsed transaction: withdraw 4 1167.000000 
Loaded withdrawal transaction
Parsed transaction: withdraw 5 1307.000000 
Loaded withdrawal transaction
Parsed transaction: transfer 1 8 89.000000 
Loaded transfer transaction
Parsed transaction: transfer 1 9 163.000000 
Loaded transfer transaction
Parsed transaction: withdraw 1 41.000000 
Loaded withdrawal transaction
Parsed transaction: withdraw 2 71.000000 
Loaded withdrawal transaction
Parsed transaction: withdraw 3 1127.000000 
Loaded withdrawal transaction
Parsed transaction: withdraw 6 647.000000 
Loaded withdrawal transaction
Parsed transaction: deposit 6 1953.000000 
Loaded deposit transaction
Parsed transaction: deposit 7 967.000000 
Loaded deposit transaction
Parsed transaction: transfer 1 7 19.000000 
Loaded transfer transaction
Parsed transaction: transfer 2 7 23.000000 
Loaded transfer transaction
Parsed transaction: transfer 6 5 1167.000000 
Loaded transfer transaction
Parsed transaction: transfer 4 5 53.000000 
Loaded transfer transaction
Parsed transaction: withdraw 7 1593.000000 
Loaded withdrawal transaction
Parsed transaction: withdraw 8 449.000000 
Loaded withdrawal transaction
Parsed transaction: withdraw 9 163.000000 
Loaded withdrawal transaction
********************************************
********************************************
   Reading and parsing a transaction file   
********************************************
Parsed transaction: deposit 9 617.000000 
Loaded deposit transaction
Parsed transaction: transfer 9 9 617.000000 
Loaded transfer transaction
Parsed transaction: deposit 8 619.000000 
Loaded deposit transaction
Parsed transaction: transfer 8 2 619.000000 
Loaded transfer transaction
Parsed transaction: deposit 7 631.000000 
Loaded deposit transaction
Parsed transaction: transfer 7 3 631.000000 
Loaded transfer transaction
Parsed transaction: deposit 6 641.000000 
Loaded deposit transaction
Parsed transaction: transfer 6 4 641.000000 
Loaded transfer transaction
Parsed transaction: deposit 5 643.000000 
Loaded deposit transaction
Parsed transaction: transfer 5 6 1200.000000 
Loaded transfer transaction
Parsed transaction: deposit 4 647.000000 
Loaded deposit transaction
Parsed transaction: transfer 4 7 1200.000000 
Loaded transfer transaction
Parsed transaction: deposit 3 653.000000 
Loaded deposit transaction
Parsed transaction: transfer 3 8 1200.000000 
Loaded transfer transaction
Parsed transaction: deposit 2 659.000000 
Loaded deposit transaction
Parsed transaction: transfer 2 9 1200.000000 
Loaded transfer transaction
Parsed transaction: deposit 1 661.000000 
Loaded deposit transaction
Parsed transaction: transfer 1 9 1200.000000 
Loaded transfer transaction
Parsed transaction: deposit 0 673.000000 
Loaded deposit transaction
Parsed transaction: transfer 0 9 1200.000000 
Loaded transfer transaction
Parsed transaction: withdraw 1 50.000000 
Loaded withdrawal transaction
Parsed transaction: withdraw 2 50.000000 
Loaded withdrawal transaction
Parsed transaction: withdraw 3 50.000000 
Loaded withdrawal transaction
Parsed transaction: withdraw 4 50.000000 
Loaded withdrawal transaction
Parsed transaction: withdraw 5 50.000000 
Loaded withdrawal transaction
Parsed transaction: withdraw 6 50.000000 
Loaded withdrawal transaction
Parsed transaction: withdraw 7 50.000000 
Loaded withdrawal transaction
Parsed transaction: withdraw 8 50.000000 
Loaded withdrawal transaction
Parsed transaction: withdraw 9 50.000000 
Loaded withdrawal transaction
Parsed transaction: withdraw 0 50.000000 
Loaded withdrawal transaction
********************************************
********************************************
   Reading and parsing a transaction file   
********************************************
Parsed transaction: deposit 0 7.000000 
Loaded deposit transaction
Parsed transaction: deposit 1 11.000000 
Loaded deposit transaction
Parsed transaction: deposit 2 9.000000 
Loaded deposit transaction
Parsed transaction: transfer 3 7 29.000000 
Loaded transfer transaction
Parsed transaction: transfer 7 6 31.000000 
Loaded transfer transaction
Parsed transaction: transfer 7 5 137.000000 
Loaded transfer transaction
Parsed transaction: transfer 7 4 3.000000 
Loaded transfer transaction
Parsed transaction: transfer 7 4 5.000000 
Loaded transfer transaction
Parsed transaction: deposit 3 929.000000 
Loaded deposit transaction
Parsed transaction: deposit 4 937.000000 
Loaded deposit transaction
Parsed transaction: deposit 5 941.000000 
Loaded deposit transaction
Parsed transaction: withdraw 4 1167.000000 
Loaded withdrawal transaction
Parsed transaction: withdraw 5 1307.000000 
Loaded withdrawal transaction
Parsed transaction: transfer 1 8 89.000000 
Loaded transfer transaction
Parsed transaction: transfer 1 9 163.000000 
Loaded transfer transaction
Parsed transaction: withdraw 1 41.000000 
Loaded withdrawal transaction
Parsed transaction: withdraw 2 71.000000 
Loaded withdrawal transaction
Parsed transaction: withdraw 3 1127.000000 
Loaded withdrawal transaction
Parsed transaction: withdraw 6 647.000000 
Loaded withdrawal transaction
Parsed transaction: deposit 6 953.000000 
Loaded deposit transaction
Parsed transaction: deposit 7 967.000000 
Loaded deposit transaction
Parsed transaction: transfer 1 7 19.000000 
Loaded transfer transaction
Parsed transaction: transfer 2 7 23.000000 
Loaded transfer transaction
Parsed transaction: transfer 6 5 1167.000000 
Loaded transfer transaction
Parsed transaction: transfer 4 5 53.000000 
Loaded transfer transaction
Parsed transaction: withdraw 7 1593.000000 
Loaded withdrawal transaction
Parsed transaction: withdraw 8 449.000000 
Loaded withdrawal transaction
Parsed transaction: withdraw 9 163.000000 
Loaded withdrawal transaction
********************************************
********************************************
   Reading and parsing a transaction file   
********************************************
Parsed transaction: deposit 0 907.000000 
Loaded deposit transaction
Parsed transaction: deposit 1 911.000000 
Loaded deposit transaction
Parsed transaction: deposit 2 919.000000 
Loaded deposit transaction
Parsed transaction: deposit 3 929.000000 
Loaded deposit transaction
Parsed transaction: deposit 4 937.000000 
Loaded deposit transaction
Parsed transaction: deposit 5 941.000000 
Loaded deposit transaction
Parsed transaction: deposit 6 953.000000 
Loaded deposit transaction
Parsed transaction: deposit 7 967.000000 
Loaded deposit transaction
Parsed transaction: transfer 1 7 19.000000 
Loaded transfer transaction
Parsed transaction: transfer 2 7 23.000000 
Loaded transfer transaction
Parsed transaction: transfer 3 7 29.000000 
Loaded transfer transaction
Parsed transaction: transfer 7 6 31.000000 
Loaded transfer transaction
Parsed transaction: transfer 7 5 37.000000 
Loaded transfer transaction
Parsed transaction: transfer 7 4 3.000000 
Loaded transfer transaction
Parsed transaction: transfer 7 4 5.000000 
Loaded transfer transaction
Parsed transaction: transfer 6 5 67.000000 
Loaded transfer transaction
Parsed transaction: transfer 4 5 53.000000 
Loaded transfer transaction
Parsed transaction: transfer 1 8 89.000000 
Loaded transfer transaction
Parsed transaction: transfer 1 9 163.000000 
Loaded transfer transaction
Parsed transaction: withdraw 1 41.000000 
Loaded withdrawal transaction
Parsed transaction: withdraw 2 71.000000 
Loaded withdrawal transaction
Parsed transaction: withdraw 3 127.000000 
Loaded withdrawal transaction
Parsed transaction: withdraw 4 167.000000 
Loaded withdrawal transaction
Parsed transaction: withdraw 5 307.000000 
Loaded withdrawal transaction
Parsed transaction: withdraw 6 647.000000 
Loaded withdrawal transaction
Parsed transaction: withdraw 7 593.000000 
Loaded withdrawal transaction
Parsed transaction: withdraw 8 449.000000 
Loaded withdrawal transaction
Parsed transaction: withdraw 9 163.000000 
Loaded withdrawal transaction
********************************************
********************************************
   Reading and parsing a transaction file   
********************************************
Parsed transaction: withdraw 1 500.000000 
Loaded withdrawal transaction
Parsed transaction: withdraw 2 500.000000 
Loaded withdrawal transaction
Parsed transaction: withdraw 3 500.000000 
Loaded withdrawal transaction
Parsed transaction: withdraw 4 500.000000 
Loaded withdrawal transaction
Parsed transaction: withdraw 5 500.000000 
Loaded withdrawal transaction
Parsed transaction: withdraw 6 500.000000 
Loaded withdrawal transaction
Parsed transaction: withdraw 7 500.000000 
Loaded withdrawal transaction
Parsed transaction: withdraw 8 500.000000 
Loaded withdrawal transaction
Parsed transaction: withdraw 9 500.000000 
Loaded withdrawal transaction
Parsed transaction: withdraw 0 500.000000 
Loaded withdrawal transaction
Parsed transaction: withdraw 1 500.000000 
Loaded withdrawal transaction
Parsed transaction: withdraw 2 500.000000 
Loaded withdrawal transaction
Parsed transaction: withdraw 3 500.000000 
Loaded withdrawal transaction
Parsed transaction: withdraw 4 500.000000 
Loaded withdrawal transaction
Parsed transaction: withdraw 5 500.000000 
Loaded withdrawal transaction
Parsed transaction: withdraw 6 500.000000 
Loaded withdrawal transaction
Parsed transaction: withdraw 7 500.000000 
Loaded withdrawal transaction
Parsed transaction: withdraw 8 500.000000 
Loaded withdrawal transaction
Parsed transaction: withdraw 9 500.000000 
Loaded withdrawal transaction
Parsed transaction: withdraw 0 500.000000 
Loaded withdrawal transaction
Parsed transaction: withdraw 1 500.000000 
Loaded withdrawal transaction
Parsed transaction: withdraw 2 500.000000 
Loaded withdrawal transaction
Parsed transaction: withdraw 3 500.000000 
Loaded withdrawal transaction
Parsed transaction: withdraw 4 500.000000 
Loaded withdrawal transaction
Parsed transaction: withdraw 5 500.000000 
Loaded withdrawal transaction
Parsed transaction: withdraw 6 500.000000 
Loaded withdrawal transaction
Parsed transaction: withdraw 7 500.000000 
Loaded withdrawal transaction
Parsed transaction: withdraw 8 500.000000 
Loaded withdrawal transaction
Parsed transaction: withdraw 9 500.000000 
Loaded withdrawal transaction
Parsed transaction: withdraw 0 500.000000 
Loaded withdrawal transaction
********************************************
  ***    Start of transaction batch    ***  
User 0, Acc 7 Balance 0.000000, Deposit 9929.000000 
User 0, Acc 4 Balance 0.000000, Deposit 937.000000 
User 0, Acc 5 Balance 0.000000, Deposit 941.000000 
User 0, Acc 0 Balance 0.000000, Deposit 7.000000 
User 0, Acc 3 Balance 0.000000, Deposit 29.000000 
User 0, Acc 7 Balance 9929.000000, Deposit 9.000000 
User 0, Acc 9 Balance 0.000000, Deposit 129.000000 
User 0, Acc 3 Balance 29.000000, Transfer 29.000000 to Acc 7
User 0, Acc 7 Balance 9967.000000, Transfer 31.000000 to Acc 6
User 0, Acc 7 Balance 9936.000000, Transfer 137.000000 to Acc 5
User 0, Acc 7 Balance 9799.000000, Transfer 3.000000 to Acc 4
User 0, Acc 7 Balance 9796.000000, Transfer 5.000000 to Acc 4
[22;32mUser 0, Acc 4 Balance 945.000000, 				Withdraw 1167.000000 --insufficient funds[0m
[22;32mUser 0, Acc 5 Balance 1078.000000, 				Withdraw 1307.000000 --insufficient funds[0m
[22;32mUser 0, Acc 1 Balance 0.000000, 				Withdraw 41.000000 --insufficient funds[0m
[22;32mUser 0, Acc 2 Balance 0.000000, 				Withdraw 71.000000 --insufficient funds[0m
[22;32mUser 0, Acc 3 Balance 0.000000, 				Withdraw 1127.000000 --insufficient funds[0m
[22;32mUser 0, Acc 6 Balance 31.000000, 				Withdraw 647.000000 --insufficient funds[0m
User 0, Acc 6 Balance 31.000000, Deposit 1953.000000 
User 0, Acc 7 Balance 9791.000000, Deposit 967.000000 
User 2, Acc 0 Balance 7.000000, Deposit 7.000000 
[22;32mUser 4, Acc 1 Balance 0.000000, 				Withdraw 500.000000 --insufficient funds[0m
User 2, Acc 1 Balance 0.000000, Deposit 11.000000 
User 1, Acc 0 Balance 7.000000, Deposit 907.000000 
User 3, Acc 9 Balance 129.000000, Deposit 617.000000 
User 2, Acc 2 Balance 0.000000, Deposit 9.000000 
[22;32mUser 4, Acc 2 Balance 0.000000, 				Withdraw 500.000000 --insufficient funds[0m
User 0, Acc 6 Balance 1984.000000, Transfer 1167.000000 to Acc 5
[22;32mUser 4, Acc 3 Balance 0.000000, 				Withdraw 500.000000 --insufficient funds[0m
User 1, Acc 1 Balance 11.000000, Deposit 911.000000 
User 4, Acc 4 Balance 945.000000, Withdraw 500.000000 
User 4, Acc 5 Balance 2245.000000, Withdraw 500.000000 
User 4, Acc 6 Balance 817.000000, Withdraw 500.000000 
User 4, Acc 7 Balance 10758.000000, Withdraw 500.000000 
[22;32mUser 4, Acc 8 Balance 0.000000, 				Withdraw 500.000000 --insufficient funds[0m
User 4, Acc 9 Balance 746.000000, Withdraw 500.000000 
User 4, Acc 0 Balance 921.000000, Withdraw 500.000000 
User 4, Acc 1 Balance 922.000000, Withdraw 500.000000 
User 3, Acc 9 Balance 746.000000, Transfer 617.000000 to Acc 9
User 1, Acc 2 Balance 9.000000, Deposit 919.000000 
User 3, Acc 8 Balance 0.000000, Deposit 619.000000 
User 1, Acc 3 Balance 0.000000, Deposit 929.000000 
User 0, Acc 4 Balance 945.000000, Transfer 53.000000 to Acc 5
User 2, Acc 7 Balance 10758.000000, Transfer 31.000000 to Acc 6
User 0, Acc 7 Balance 10258.000000, Withdraw 1593.000000 
User 1, Acc 4 Balance 445.000000, Deposit 937.000000 
User 0, Acc 8 Balance 619.000000, Withdraw 449.000000 
User 3, Acc 8 Balance 619.000000, Transfer 619.000000 to Acc 2
User 0, Acc 9 Balance 246.000000, Withdraw 163.000000 
User 3, Acc 7 Balance 8634.000000, Deposit 631.000000 
User 0, Acc 7 Balance 8634.000000, Deposit 9929.000000 
User 0, Acc 4 Balance 1329.000000, Deposit 937.000000 
User 0, Acc 5 Balance 1798.000000, Deposit 941.000000 
User 0, Acc 0 Balance 421.000000, Deposit 7.000000 
User 0, Acc 3 Balance 929.000000, Deposit 29.000000 
User 0, Acc 7 Balance 19194.000000, Deposit 9.000000 
User 0, Acc 9 Balance 83.000000, Deposit 129.000000 
User 0, Acc 3 Balance 958.000000, Transfer 29.000000 to Acc 7
User 0, Acc 7 Balance 19232.000000, Transfer 31.000000 to Acc 6
User 0, Acc 7 Balance 19201.000000, Transfer 137.000000 to Acc 5
User 0, Acc 7 Balance 19064.000000, Transfer 3.000000 to Acc 4
User 0, Acc 7 Balance 19061.000000, Transfer 5.000000 to Acc 4
User 0, Acc 4 Balance 2274.000000, Withdraw 1167.000000 
User 0, Acc 5 Balance 2876.000000, Withdraw 1307.000000 
User 0, Acc 1 Balance 422.000000, Transfer 89.000000 to Acc 8
User 0, Acc 1 Balance 333.000000, Transfer 163.000000 to Acc 9
User 0, Acc 1 Balance 170.000000, Withdraw 41.000000 
User 0, Acc 2 Balance 1547.000000, Withdraw 71.000000 
[22;32mUser 0, Acc 3 Balance 929.000000, 				Withdraw 1127.000000 --insufficient funds[0m
[22;32mUser 0, Acc 6 Balance 379.000000, 				Withdraw 647.000000 --insufficient funds[0m
User 0, Acc 6 Balance 379.000000, Deposit 1953.000000 
User 0, Acc 7 Balance 19056.000000, Deposit 967.000000 
User 0, Acc 1 Balance 129.000000, Transfer 19.000000 to Acc 7
User 0, Acc 2 Balance 1476.000000, Transfer 23.000000 to Acc 7
User 0, Acc 6 Balance 2332.000000, Transfer 1167.000000 to Acc 5
[22;32mUser 4, Acc 2 Balance 9.000000, 				Withdraw 500.000000 --insufficient funds[0m
User 0, Acc 4 Balance 1107.000000, Transfer 53.000000 to Acc 5
User 4, Acc 3 Balance 929.000000, Withdraw 500.000000 
User 0, Acc 7 Balance 20065.000000, Withdraw 1593.000000 
User 4, Acc 4 Balance 1054.000000, Withdraw 500.000000 
[22;32mUser 0, Acc 8 Balance -360.000000, 				Withdraw 449.000000 --insufficient funds[0m
User 0, Acc 9 Balance 375.000000, Withdraw 163.000000 
User 0, Acc 9 Balance 212.000000, Deposit 617.000000 
User 1, Acc 5 Balance 1798.000000, Deposit 941.000000 
User 0, Acc 9 Balance 829.000000, Transfer 617.000000 to Acc 9
User 3, Acc 7 Balance 9265.000000, Transfer 631.000000 to Acc 3
User 0, Acc 8 Balance -360.000000, Deposit 619.000000 
User 3, Acc 6 Balance 1165.000000, Deposit 641.000000 
User 1, Acc 6 Balance 1165.000000, Deposit 953.000000 
User 4, Acc 5 Balance 2789.000000, Withdraw 500.000000 
User 0, Acc 7 Balance 17841.000000, Deposit 631.000000 
User 3, Acc 6 Balance 1806.000000, Transfer 641.000000 to Acc 4
User 0, Acc 7 Balance 18472.000000, Transfer 631.000000 to Acc 3
User 3, Acc 5 Balance 3230.000000, Deposit 643.000000 
User 1, Acc 7 Balance 17841.000000, Deposit 967.000000 
User 4, Acc 6 Balance 2759.000000, Withdraw 500.000000 
User 0, Acc 6 Balance 2118.000000, Deposit 641.000000 
User 3, Acc 5 Balance 3873.000000, Transfer 1200.000000 to Acc 6
User 0, Acc 6 Balance 2259.000000, Transfer 641.000000 to Acc 4
User 1, Acc 1 Balance 110.000000, Transfer 19.000000 to Acc 7
User 4, Acc 7 Balance 18808.000000, Withdraw 500.000000 
[22;32mUser 4, Acc 8 Balance 259.000000, 				Withdraw 500.000000 --insufficient funds[0m
User 4, Acc 9 Balance 829.000000, Withdraw 500.000000 
[22;32mUser 4, Acc 0 Balance 428.000000, 				Withdraw 500.000000 --insufficient funds[0m
[22;32mUser 4, Acc 1 Balance 91.000000, 				Withdraw 500.000000 --insufficient funds[0m
User 4, Acc 2 Balance 1453.000000, Withdraw 500.000000 
User 1, Acc 2 Balance 1453.000000, Transfer 23.000000 to Acc 7
User 2, Acc 7 Balance 10227.000000, Transfer 137.000000 to Acc 5
User 3, Acc 4 Balance 1195.000000, Deposit 647.000000 
User 2, Acc 7 Balance 18213.000000, Transfer 3.000000 to Acc 4
User 2, Acc 7 Balance 18210.000000, Transfer 5.000000 to Acc 4
User 4, Acc 3 Balance 1691.000000, Withdraw 500.000000 
User 4, Acc 4 Balance 2491.000000, Withdraw 500.000000 
User 4, Acc 5 Balance 2810.000000, Withdraw 500.000000 
User 4, Acc 6 Balance 2818.000000, Withdraw 500.000000 
User 4, Acc 7 Balance 18205.000000, Withdraw 500.000000 
[22;32mUser 4, Acc 8 Balance 259.000000, 				Withdraw 500.000000 --insufficient funds[0m
[22;32mUser 4, Acc 9 Balance 329.000000, 				Withdraw 500.000000 --insufficient funds[0m
[22;32mUser 4, Acc 0 Balance 428.000000, 				Withdraw 500.000000 --insufficient funds[0m
User 0, Acc 5 Balance 2673.000000, Deposit 643.000000 
User 0, Acc 5 Balance 2953.000000, Transfer 1200.000000 to Acc 6
User 0, Acc 4 Balance 1991.000000, Deposit 647.000000 
User 0, Acc 4 Balance 2638.000000, Transfer 1200.000000 to Acc 7
User 0, Acc 3 Balance 1191.000000, Deposit 653.000000 
User 0, Acc 3 Balance 1844.000000, Transfer 1200.000000 to Acc 8
User 0, Acc 2 Balance 930.000000, Deposit 659.000000 
User 4, Acc 7 Balance 17705.000000, Deposit 9929.000000 
User 4, Acc 4 Balance 1438.000000, Deposit 937.000000 
User 4, Acc 5 Balance 1753.000000, Deposit 941.000000 
User 4, Acc 0 Balance 428.000000, Deposit 7.000000 
User 4, Acc 3 Balance 644.000000, Deposit 29.000000 
User 4, Acc 7 Balance 28834.000000, Deposit 9.000000 
User 4, Acc 9 Balance 329.000000, Deposit 129.000000 
User 4, Acc 3 Balance 673.000000, Transfer 29.000000 to Acc 7
User 0, Acc 2 Balance 1589.000000, Transfer 1200.000000 to Acc 9
User 0, Acc 1 Balance 91.000000, Deposit 661.000000 
User 3, Acc 4 Balance 2486.000000, Transfer 1200.000000 to Acc 7
User 2, Acc 3 Balance 1691.000000, Deposit 929.000000 
User 1, Acc 3 Balance 1691.000000, Transfer 29.000000 to Acc 7
User 2, Acc 4 Balance 1175.000000, Deposit 937.000000 
User 4, Acc 7 Balance 28872.000000, Transfer 31.000000 to Acc 6
User 0, Acc 0 Balance 435.000000, Deposit 673.000000 
User 4, Acc 7 Balance 30070.000000, Transfer 137.000000 to Acc 5
User 0, Acc 1 Balance 752.000000, Withdraw 50.000000 
User 4, Acc 7 Balance 29933.000000, Transfer 3.000000 to Acc 4
User 0, Acc 2 Balance 389.000000, Withdraw 50.000000 
User 4, Acc 7 Balance 29930.000000, Transfer 5.000000 to Acc 4
User 0, Acc 3 Balance 1544.000000, Withdraw 50.000000 
User 0, Acc 4 Balance 2120.000000, Withdraw 50.000000 
User 2, Acc 5 Balance 2694.000000, Deposit 941.000000 
User 3, Acc 3 Balance 644.000000, Deposit 653.000000 
User 4, Acc 4 Balance 2120.000000, Withdraw 1167.000000 
User 1, Acc 7 Balance 30101.000000, Transfer 31.000000 to Acc 6
User 4, Acc 5 Balance 3772.000000, Withdraw 1307.000000 
User 2, Acc 4 Balance 2070.000000, Withdraw 1167.000000 
User 4, Acc 1 Balance 702.000000, Transfer 89.000000 to Acc 8
User 2, Acc 5 Balance 2465.000000, Withdraw 1307.000000 
User 4, Acc 1 Balance 613.000000, Transfer 163.000000 to Acc 9
User 0, Acc 5 Balance 2831.000000, Withdraw 50.000000 
User 4, Acc 1 Balance 450.000000, Withdraw 41.000000 
User 0, Acc 6 Balance 3580.000000, Withdraw 50.000000 
User 4, Acc 2 Balance 339.000000, Withdraw 71.000000 
User 0, Acc 7 Balance 29894.000000, Withdraw 50.000000 
User 4, Acc 3 Balance 2147.000000, Withdraw 1127.000000 
User 0, Acc 8 Balance 1548.000000, Withdraw 50.000000 
User 3, Acc 3 Balance 2147.000000, Transfer 1200.000000 to Acc 8
User 1, Acc 7 Balance 29894.000000, Transfer 37.000000 to Acc 5
User 2, Acc 1 Balance 613.000000, Transfer 89.000000 to Acc 8
User 4, Acc 6 Balance 3530.000000, Withdraw 647.000000 
User 3, Acc 2 Balance 268.000000, Deposit 659.000000 
User 4, Acc 6 Balance 2883.000000, Deposit 1953.000000 
User 0, Acc 9 Balance 1821.000000, Withdraw 50.000000 
User 2, Acc 1 Balance 320.000000, Transfer 163.000000 to Acc 9
User 0, Acc 0 Balance 1108.000000, Withdraw 50.000000 
User 3, Acc 1 Balance 320.000000, Deposit 661.000000 
User 0, Acc 0 Balance 1058.000000, Deposit 7.000000 
User 3, Acc 0 Balance 1058.000000, Deposit 673.000000 
User 0, Acc 1 Balance 818.000000, Deposit 11.000000 
User 4, Acc 7 Balance 29807.000000, Deposit 967.000000 
User 0, Acc 2 Balance 927.000000, Deposit 9.000000 
User 4, Acc 1 Balance 829.000000, Transfer 19.000000 to Acc 7
User 0, Acc 7 Balance 30774.000000, Transfer 31.000000 to Acc 6
User 4, Acc 2 Balance 936.000000, Transfer 23.000000 to Acc 7
User 0, Acc 7 Balance 30762.000000, Transfer 137.000000 to Acc 5
User 4, Acc 6 Balance 4867.000000, Transfer 1167.000000 to Acc 5
User 0, Acc 7 Balance 30648.000000, Transfer 3.000000 to Acc 4
User 4, Acc 7 Balance 30648.000000, Withdraw 1593.000000 
User 0, Acc 7 Balance 30645.000000, Transfer 5.000000 to Acc 4
User 1, Acc 7 Balance 29807.000000, Transfer 3.000000 to Acc 4
User 2, Acc 1 Balance 157.000000, Withdraw 41.000000 
User 3, Acc 0 Balance 1738.000000, Transfer 1200.000000 to Acc 9
User 4, Acc 8 Balance 2787.000000, Withdraw 449.000000 
User 1, Acc 7 Balance 29044.000000, Transfer 5.000000 to Acc 4
User 4, Acc 9 Balance 3134.000000, Withdraw 163.000000 
User 3, Acc 1 Balance 769.000000, Withdraw 50.000000 
User 4, Acc 7 Balance 29039.000000, Deposit 9929.000000 
User 1, Acc 6 Balance 3700.000000, Transfer 67.000000 to Acc 5
User 4, Acc 4 Balance -248.000000, Deposit 937.000000 
User 1, Acc 1 Balance 719.000000, Transfer 89.000000 to Acc 8
User 1, Acc 1 Balance 630.000000, Transfer 163.000000 to Acc 9
User 4, Acc 5 Balance 2516.000000, Deposit 941.000000 
User 2, Acc 2 Balance 913.000000, Withdraw 71.000000 
User 4, Acc 0 Balance 538.000000, Deposit 7.000000 
[22;32mUser 2, Acc 3 Balance -180.000000, 				Withdraw 1127.000000 --insufficient funds[0m
User 4, Acc 3 Balance -180.000000, Deposit 29.000000 
User 0, Acc 3 Balance -180.000000, Deposit 929.000000 
User 3, Acc 2 Balance 913.000000, Withdraw 50.000000 
User 0, Acc 4 Balance 689.000000, Deposit 937.000000 
User 3, Acc 3 Balance 778.000000, Withdraw 50.000000 
User 3, Acc 4 Balance 689.000000, Withdraw 50.000000 
User 0, Acc 5 Balance 3457.000000, Deposit 941.000000 
User 2, Acc 6 Balance 3633.000000, Withdraw 647.000000 
User 0, Acc 4 Balance 1576.000000, Withdraw 1167.000000 
User 4, Acc 7 Balance 38968.000000, Deposit 9.000000 
User 0, Acc 5 Balance 4398.000000, Withdraw 1307.000000 
User 4, Acc 9 Balance 3134.000000, Deposit 129.000000 
User 0, Acc 1 Balance 467.000000, Transfer 89.000000 to Acc 8
User 2, Acc 6 Balance 2986.000000, Deposit 953.000000 
User 2, Acc 7 Balance 38977.000000, Deposit 967.000000 
User 2, Acc 1 Balance 378.000000, Transfer 19.000000 to Acc 7
User 2, Acc 2 Balance 792.000000, Transfer 23.000000 to Acc 7
User 2, Acc 6 Balance 3939.000000, Transfer 1167.000000 to Acc 5
User 2, Acc 4 Balance 409.000000, Transfer 53.000000 to Acc 5
User 2, Acc 7 Balance 39986.000000, Withdraw 1593.000000 
User 2, Acc 8 Balance 2516.000000, Withdraw 449.000000 
User 2, Acc 9 Balance 3263.000000, Withdraw 163.000000 
User 2, Acc 0 Balance 545.000000, Deposit 907.000000 
User 2, Acc 1 Balance 359.000000, Deposit 911.000000 
User 2, Acc 2 Balance 769.000000, Deposit 919.000000 
User 2, Acc 3 Balance 728.000000, Deposit 929.000000 
User 2, Acc 4 Balance 356.000000, Deposit 937.000000 
User 2, Acc 5 Balance 4311.000000, Deposit 941.000000 
User 2, Acc 6 Balance 2772.000000, Deposit 953.000000 
User 2, Acc 7 Balance 38393.000000, Deposit 967.000000 
User 2, Acc 1 Balance 1270.000000, Transfer 19.000000 to Acc 7
User 2, Acc 2 Balance 1688.000000, Transfer 23.000000 to Acc 7
User 2, Acc 3 Balance 1657.000000, Transfer 29.000000 to Acc 7
User 2, Acc 7 Balance 39431.000000, Transfer 31.000000 to Acc 6
User 2, Acc 7 Balance 39400.000000, Transfer 37.000000 to Acc 5
User 2, Acc 7 Balance 39363.000000, Transfer 3.000000 to Acc 4
User 0, Acc 1 Balance 378.000000, Transfer 163.000000 to Acc 9
User 1, Acc 1 Balance 467.000000, Withdraw 41.000000 
User 0, Acc 1 Balance 1088.000000, Withdraw 41.000000 
User 3, Acc 5 Balance 3457.000000, Withdraw 50.000000 
User 0, Acc 2 Balance 1665.000000, Withdraw 71.000000 
User 4, Acc 3 Balance 728.000000, Transfer 29.000000 to Acc 7
User 1, Acc 2 Balance 1665.000000, Withdraw 71.000000 
User 4, Acc 7 Balance 39389.000000, Transfer 31.000000 to Acc 6
User 4, Acc 7 Balance 39358.000000, Transfer 137.000000 to Acc 5
User 4, Acc 7 Balance 39221.000000, Transfer 3.000000 to Acc 4
User 4, Acc 7 Balance 39218.000000, Transfer 5.000000 to Acc 4
User 4, Acc 4 Balance 1304.000000, Withdraw 1167.000000 
User 4, Acc 5 Balance 5376.000000, Withdraw 1307.000000 
User 4, Acc 1 Balance 1006.000000, Transfer 89.000000 to Acc 8
User 4, Acc 1 Balance 917.000000, Transfer 163.000000 to Acc 9
User 4, Acc 1 Balance 754.000000, Withdraw 41.000000 
User 4, Acc 2 Balance 1523.000000, Withdraw 71.000000 
User 4, Acc 3 Balance 1599.000000, Withdraw 1127.000000 
User 4, Acc 6 Balance 3787.000000, Withdraw 647.000000 
User 4, Acc 6 Balance 3140.000000, Deposit 1953.000000 
User 4, Acc 7 Balance 39213.000000, Deposit 967.000000 
User 4, Acc 1 Balance 713.000000, Transfer 19.000000 to Acc 7
User 4, Acc 2 Balance 1452.000000, Transfer 23.000000 to Acc 7
User 4, Acc 6 Balance 5093.000000, Transfer 1167.000000 to Acc 5
User 4, Acc 4 Balance 137.000000, Transfer 53.000000 to Acc 5
User 4, Acc 7 Balance 40222.000000, Withdraw 1593.000000 
User 4, Acc 8 Balance 2156.000000, Withdraw 449.000000 
User 4, Acc 9 Balance 3426.000000, Withdraw 163.000000 
User 3, Acc 6 Balance 3756.000000, Withdraw 50.000000 
User 3, Acc 7 Balance 38629.000000, Withdraw 50.000000 
User 3, Acc 8 Balance 1707.000000, Withdraw 50.000000 
User 3, Acc 9 Balance 3263.000000, Withdraw 50.000000 
User 3, Acc 0 Balance 1452.000000, Withdraw 50.000000 
User 3, Acc 9 Balance 3213.000000, Deposit 617.000000 
User 3, Acc 9 Balance 3830.000000, Transfer 617.000000 to Acc 9
User 3, Acc 8 Balance 1657.000000, Deposit 619.000000 
User 3, Acc 8 Balance 2276.000000, Transfer 619.000000 to Acc 2
User 3, Acc 7 Balance 38579.000000, Deposit 631.000000 
User 3, Acc 7 Balance 39210.000000, Transfer 631.000000 to Acc 3
User 3, Acc 6 Balance 3876.000000, Deposit 641.000000 
User 3, Acc 6 Balance 4517.000000, Transfer 641.000000 to Acc 4
User 3, Acc 5 Balance 5289.000000, Deposit 643.000000 
User 3, Acc 5 Balance 5932.000000, Transfer 1200.000000 to Acc 6
User 3, Acc 4 Balance 725.000000, Deposit 647.000000 
User 3, Acc 4 Balance 1372.000000, Transfer 1200.000000 to Acc 7
User 3, Acc 3 Balance 1103.000000, Deposit 653.000000 
User 3, Acc 3 Balance 1756.000000, Transfer 1200.000000 to Acc 8
User 3, Acc 2 Balance 2048.000000, Deposit 659.000000 
User 3, Acc 2 Balance 2707.000000, Transfer 1200.000000 to Acc 9
User 2, Acc 7 Balance 39360.000000, Transfer 5.000000 to Acc 4
User 3, Acc 1 Balance 694.000000, Deposit 661.000000 
User 2, Acc 6 Balance 5076.000000, Transfer 67.000000 to Acc 5
User 2, Acc 4 Balance 177.000000, Transfer 53.000000 to Acc 5
User 1, Acc 3 Balance 1599.000000, Withdraw 127.000000 
User 4, Acc 9 Balance 3263.000000, Deposit 617.000000 
User 3, Acc 1 Balance 1355.000000, Transfer 1200.000000 to Acc 9
User 4, Acc 9 Balance 5647.000000, Transfer 617.000000 to Acc 9
User 3, Acc 0 Balance 1402.000000, Deposit 673.000000 
User 4, Acc 8 Balance 2857.000000, Deposit 619.000000 
User 0, Acc 3 Balance 1628.000000, Withdraw 1127.000000 
User 4, Acc 8 Balance 3476.000000, Transfer 619.000000 to Acc 2
User 0, Acc 6 Balance 5009.000000, Withdraw 647.000000 
User 4, Acc 7 Balance 39774.000000, Deposit 631.000000 
User 0, Acc 6 Balance 4362.000000, Deposit 953.000000 
User 4, Acc 7 Balance 40405.000000, Transfer 631.000000 to Acc 3
User 0, Acc 7 Balance 40405.000000, Deposit 967.000000 
User 4, Acc 6 Balance 5315.000000, Deposit 641.000000 
User 0, Acc 1 Balance 155.000000, Transfer 19.000000 to Acc 7
User 3, Acc 0 Balance 2075.000000, Transfer 1200.000000 to Acc 9
[22;32mUser 1, Acc 4 Balance 124.000000, 				Withdraw 167.000000 --insufficient funds[0m
User 2, Acc 1 Balance 1355.000000, Transfer 89.000000 to Acc 8
User 4, Acc 6 Balance 5956.000000, Transfer 641.000000 to Acc 4
User 4, Acc 5 Balance 4852.000000, Deposit 643.000000 
User 1, Acc 5 Balance 4852.000000, Withdraw 307.000000 
User 4, Acc 5 Balance 5495.000000, Transfer 1200.000000 to Acc 6
User 1, Acc 6 Balance 5315.000000, Withdraw 647.000000 
User 1, Acc 7 Balance 40760.000000, Withdraw 593.000000 
User 4, Acc 4 Balance 765.000000, Deposit 647.000000 
User 2, Acc 1 Balance 47.000000, Withdraw 41.000000 
User 0, Acc 2 Balance 2126.000000, Transfer 23.000000 to Acc 7
User 3, Acc 1 Balance 136.000000, Withdraw 50.000000 
User 0, Acc 6 Balance 5868.000000, Transfer 1167.000000 to Acc 5
User 1, Acc 8 Balance 2946.000000, Withdraw 449.000000 
User 4, Acc 4 Balance 1412.000000, Transfer 1200.000000 to Acc 7
User 2, Acc 2 Balance 2126.000000, Withdraw 71.000000 
User 4, Acc 3 Balance -67.000000, Deposit 653.000000 
User 3, Acc 2 Balance 2103.000000, Withdraw 50.000000 
User 4, Acc 2 Balance 2032.000000, Deposit 659.000000 
User 1, Acc 9 Balance 8047.000000, Withdraw 163.000000 
User 4, Acc 2 Balance 2641.000000, Transfer 1200.000000 to Acc 9
User 1, Acc 0 Balance 875.000000, Deposit 7.000000 
User 4, Acc 1 Balance -44.000000, Deposit 661.000000 
User 0, Acc 4 Balance 1412.000000, Transfer 53.000000 to Acc 5
User 4, Acc 0 Balance 882.000000, Deposit 673.000000 
User 0, Acc 7 Balance 41390.000000, Withdraw 1593.000000 
User 4, Acc 0 Balance 1555.000000, Transfer 1200.000000 to Acc 9
User 0, Acc 8 Balance 2497.000000, Withdraw 449.000000 
User 4, Acc 1 Balance 617.000000, Withdraw 50.000000 
User 1, Acc 1 Balance -44.000000, Deposit 11.000000 
[22;32mUser 2, Acc 3 Balance -67.000000, 				Withdraw 127.000000 --insufficient funds[0m
User 3, Acc 3 Balance 586.000000, Withdraw 50.000000 
User 0, Acc 9 Balance 10284.000000, Withdraw 163.000000 
User 4, Acc 2 Balance 1441.000000, Withdraw 50.000000 
User 0, Acc 0 Balance 355.000000, Deposit 7.000000 
User 4, Acc 3 Balance 536.000000, Withdraw 50.000000 
User 3, Acc 4 Balance 159.000000, Withdraw 50.000000 
User 1, Acc 2 Balance 1441.000000, Deposit 9.000000 
[22;32mUser 2, Acc 4 Balance 159.000000, 				Withdraw 167.000000 --insufficient funds[0m
User 0, Acc 1 Balance 578.000000, Deposit 11.000000 
User 0, Acc 2 Balance 1400.000000, Deposit 9.000000 
User 0, Acc 3 Balance 486.000000, Transfer 29.000000 to Acc 7
User 0, Acc 7 Balance 39826.000000, Transfer 31.000000 to Acc 6
User 0, Acc 7 Balance 39795.000000, Transfer 137.000000 to Acc 5
User 4, Acc 4 Balance 159.000000, Withdraw 50.000000 
User 0, Acc 7 Balance 39658.000000, Transfer 3.000000 to Acc 4
User 4, Acc 5 Balance 5345.000000, Withdraw 50.000000 
User 0, Acc 7 Balance 39655.000000, Transfer 5.000000 to Acc 4
User 0, Acc 3 Balance 457.000000, Deposit 929.000000 
User 1, Acc 3 Balance 486.000000, Transfer 29.000000 to Acc 7
User 0, Acc 4 Balance 67.000000, Deposit 937.000000 
User 1, Acc 7 Balance 39679.000000, Transfer 31.000000 to Acc 6
User 1, Acc 7 Balance 39648.000000, Transfer 137.000000 to Acc 5
User 0, Acc 5 Balance 5295.000000, Deposit 941.000000 
User 2, Acc 5 Balance 5208.000000, Withdraw 307.000000 
[22;32mUser 0, Acc 4 Balance 1004.000000, 				Withdraw 1167.000000 --insufficient funds[0m
User 3, Acc 5 Balance 5208.000000, Withdraw 50.000000 
User 0, Acc 5 Balance 6066.000000, Withdraw 1307.000000 
User 4, Acc 6 Balance 4732.000000, Withdraw 50.000000 
User 2, Acc 6 Balance 4763.000000, Withdraw 647.000000 
User 4, Acc 7 Balance 39511.000000, Withdraw 50.000000 
User 3, Acc 6 Balance 4763.000000, Withdraw 50.000000 
User 0, Acc 1 Balance 589.000000, Transfer 89.000000 to Acc 8
User 0, Acc 1 Balance 500.000000, Transfer 163.000000 to Acc 9
User 0, Acc 1 Balance 337.000000, Withdraw 41.000000 
User 0, Acc 2 Balance 1409.000000, Withdraw 71.000000 
User 4, Acc 8 Balance 2048.000000, Withdraw 50.000000 
User 0, Acc 3 Balance 1357.000000, Withdraw 1127.000000 
User 4, Acc 9 Balance 10284.000000, Withdraw 50.000000 
User 0, Acc 6 Balance 4016.000000, Withdraw 647.000000 
User 4, Acc 0 Balance 362.000000, Withdraw 50.000000 
User 3, Acc 7 Balance 39461.000000, Withdraw 50.000000 
User 1, Acc 7 Balance 39511.000000, Transfer 3.000000 to Acc 4
User 1, Acc 7 Balance 39408.000000, Transfer 5.000000 to Acc 4
User 1, Acc 3 Balance 230.000000, Deposit 929.000000 
User 4, Acc 7 Balance 39461.000000, Deposit 9929.000000 
User 3, Acc 8 Balance 2087.000000, Withdraw 50.000000 
User 4, Acc 4 Balance 1012.000000, Deposit 937.000000 
User 3, Acc 9 Balance 10234.000000, Withdraw 50.000000 
User 0, Acc 6 Balance 3369.000000, Deposit 953.000000 
User 2, Acc 7 Balance 39511.000000, Withdraw 593.000000 
User 0, Acc 7 Balance 49332.000000, Deposit 967.000000 
User 3, Acc 0 Balance 312.000000, Withdraw 50.000000 
User 0, Acc 1 Balance 296.000000, Transfer 19.000000 to Acc 7
User 3, Acc 0 Balance 262.000000, Deposit 907.000000 
User 0, Acc 2 Balance 1338.000000, Transfer 23.000000 to Acc 7
User 4, Acc 5 Balance 4709.000000, Deposit 941.000000 
User 0, Acc 6 Balance 4322.000000, Transfer 1167.000000 to Acc 5
User 4, Acc 0 Balance 1169.000000, Deposit 7.000000 
User 3, Acc 1 Balance 277.000000, Deposit 911.000000 
User 1, Acc 4 Balance 1012.000000, Deposit 937.000000 
User 1, Acc 5 Balance 6817.000000, Deposit 941.000000 
User 4, Acc 3 Balance 1159.000000, Deposit 29.000000 
User 3, Acc 2 Balance 1315.000000, Deposit 919.000000 
User 4, Acc 7 Balance 49748.000000, Deposit 9.000000 
User 0, Acc 4 Balance 1949.000000, Transfer 53.000000 to Acc 5
User 1, Acc 4 Balance 2886.000000, Withdraw 1167.000000 
User 0, Acc 7 Balance 49757.000000, Withdraw 1593.000000 
User 1, Acc 5 Balance 7811.000000, Withdraw 1307.000000 
User 0, Acc 8 Balance 2037.000000, Withdraw 449.000000 
User 4, Acc 9 Balance 10184.000000, Deposit 129.000000 
User 0, Acc 9 Balance 10184.000000, Withdraw 163.000000 
User 4, Acc 3 Balance 1188.000000, Transfer 29.000000 to Acc 7
User 0, Acc 0 Balance 1176.000000, Deposit 907.000000 
User 4, Acc 7 Balance 48193.000000, Transfer 31.000000 to Acc 6
User 0, Acc 1 Balance 1188.000000, Deposit 911.000000 
User 4, Acc 7 Balance 48162.000000, Transfer 137.000000 to Acc 5
User 0, Acc 2 Balance 2234.000000, Deposit 919.000000 
User 4, Acc 7 Balance 48025.000000, Transfer 3.000000 to Acc 4
User 0, Acc 3 Balance 1159.000000, Deposit 929.000000 
User 4, Acc 7 Balance 48022.000000, Transfer 5.000000 to Acc 4
User 2, Acc 8 Balance 2037.000000, Withdraw 449.000000 
User 1, Acc 1 Balance 1188.000000, Transfer 89.000000 to Acc 8
User 3, Acc 3 Balance 1188.000000, Deposit 929.000000 
User 0, Acc 4 Balance 1669.000000, Deposit 937.000000 
User 2, Acc 9 Balance 10150.000000, Withdraw 163.000000 
User 0, Acc 5 Balance 6641.000000, Deposit 941.000000 
User 2, Acc 1 Balance 2010.000000, Withdraw 500.000000 
User 0, Acc 6 Balance 3186.000000, Deposit 953.000000 
User 0, Acc 7 Balance 48017.000000, Deposit 967.000000 
User 3, Acc 4 Balance 1674.000000, Deposit 937.000000 
User 0, Acc 1 Balance 1510.000000, Transfer 19.000000 to Acc 7
User 3, Acc 5 Balance 7582.000000, Deposit 941.000000 
User 3, Acc 6 Balance 4139.000000, Deposit 953.000000 
User 3, Acc 7 Balance 48984.000000, Deposit 967.000000 
User 1, Acc 1 Balance 2010.000000, Transfer 163.000000 to Acc 9
User 3, Acc 1 Balance 1491.000000, Transfer 19.000000 to Acc 7
User 1, Acc 1 Balance 1328.000000, Withdraw 41.000000 
User 1, Acc 2 Balance 3153.000000, Withdraw 71.000000 
User 4, Acc 4 Balance 1674.000000, Withdraw 1167.000000 
User 4, Acc 5 Balance 8523.000000, Withdraw 1307.000000 
User 4, Acc 1 Balance 1268.000000, Transfer 89.000000 to Acc 8
User 0, Acc 2 Balance 3153.000000, Transfer 23.000000 to Acc 7
User 4, Acc 1 Balance 1179.000000, Transfer 163.000000 to Acc 9
User 0, Acc 3 Balance 3017.000000, Transfer 29.000000 to Acc 7
User 4, Acc 1 Balance 1016.000000, Withdraw 41.000000 
User 3, Acc 2 Balance 3153.000000, Transfer 23.000000 to Acc 7
User 1, Acc 3 Balance 3017.000000, Withdraw 1127.000000 
User 2, Acc 2 Balance 3153.000000, Withdraw 500.000000 
User 0, Acc 7 Balance 50041.000000, Transfer 31.000000 to Acc 6
User 3, Acc 3 Balance 2988.000000, Transfer 29.000000 to Acc 7
User 0, Acc 7 Balance 50033.000000, Transfer 37.000000 to Acc 5
User 2, Acc 3 Balance 1861.000000, Withdraw 500.000000 
User 0, Acc 7 Balance 50025.000000, Transfer 3.000000 to Acc 4
User 1, Acc 6 Balance 5092.000000, Withdraw 647.000000 
User 0, Acc 7 Balance 50022.000000, Transfer 5.000000 to Acc 4
User 4, Acc 2 Balance 3059.000000, Withdraw 71.000000 
User 2, Acc 4 Balance 2381.000000, Withdraw 500.000000 
User 4, Acc 3 Balance 1332.000000, Withdraw 1127.000000 
User 1, Acc 6 Balance 4476.000000, Deposit 953.000000 
User 4, Acc 6 Balance 4476.000000, Withdraw 647.000000 
User 3, Acc 7 Balance 50062.000000, Transfer 31.000000 to Acc 6
User 4, Acc 6 Balance 4782.000000, Deposit 1953.000000 
User 3, Acc 7 Balance 49986.000000, Transfer 37.000000 to Acc 5
User 4, Acc 7 Balance 49986.000000, Deposit 967.000000 
User 2, Acc 5 Balance 7253.000000, Withdraw 500.000000 
User 4, Acc 1 Balance 975.000000, Transfer 19.000000 to Acc 7
User 3, Acc 7 Balance 49949.000000, Transfer 3.000000 to Acc 4
User 0, Acc 6 Balance 4476.000000, Transfer 67.000000 to Acc 5
User 1, Acc 7 Balance 50017.000000, Deposit 967.000000 
User 0, Acc 4 Balance 1892.000000, Transfer 53.000000 to Acc 5
User 0, Acc 1 Balance 956.000000, Transfer 89.000000 to Acc 8
User 4, Acc 2 Balance 2465.000000, Transfer 23.000000 to Acc 7
User 3, Acc 7 Balance 50932.000000, Transfer 5.000000 to Acc 4
User 4, Acc 6 Balance 6699.000000, Transfer 1167.000000 to Acc 5
User 1, Acc 1 Balance 956.000000, Transfer 19.000000 to Acc 7
User 4, Acc 4 Balance 1844.000000, Transfer 53.000000 to Acc 5
User 2, Acc 6 Balance 6766.000000, Withdraw 500.000000 
User 4, Acc 7 Balance 51936.000000, Withdraw 1593.000000 
User 0, Acc 1 Balance 867.000000, Transfer 163.000000 to Acc 9
User 1, Acc 2 Balance 2442.000000, Transfer 23.000000 to Acc 7
User 0, Acc 1 Balance 685.000000, Withdraw 41.000000 
User 1, Acc 6 Balance 5032.000000, Transfer 1167.000000 to Acc 5
User 0, Acc 2 Balance 2419.000000, Withdraw 71.000000 
User 4, Acc 8 Balance 1406.000000, Withdraw 449.000000 
User 0, Acc 3 Balance 205.000000, Withdraw 127.000000 
User 4, Acc 9 Balance 10476.000000, Withdraw 163.000000 
User 0, Acc 4 Balance 1791.000000, Withdraw 167.000000 
User 4, Acc 9 Balance 10313.000000, Deposit 617.000000 
User 0, Acc 5 Balance 9297.000000, Withdraw 307.000000 
User 4, Acc 9 Balance 10930.000000, Transfer 617.000000 to Acc 9
User 0, Acc 6 Balance 3865.000000, Withdraw 647.000000 
User 4, Acc 8 Balance 957.000000, Deposit 619.000000 
User 0, Acc 7 Balance 50366.000000, Withdraw 593.000000 
User 4, Acc 8 Balance 1576.000000, Transfer 619.000000 to Acc 2
User 0, Acc 8 Balance 1576.000000, Withdraw 449.000000 
User 4, Acc 7 Balance 49773.000000, Deposit 631.000000 
User 0, Acc 9 Balance 10930.000000, Withdraw 163.000000 
User 0, Acc 0 Balance 2083.000000, Deposit 7.000000 
User 0, Acc 1 Balance 644.000000, Deposit 11.000000 
User 0, Acc 2 Balance 2967.000000, Deposit 9.000000 
User 0, Acc 3 Balance 78.000000, Transfer 29.000000 to Acc 7
User 4, Acc 7 Balance 50404.000000, Transfer 631.000000 to Acc 3
User 1, Acc 4 Balance 1791.000000, Transfer 53.000000 to Acc 5
User 4, Acc 6 Balance 3218.000000, Deposit 641.000000 
User 1, Acc 7 Balance 49802.000000, Withdraw 1593.000000 
User 4, Acc 6 Balance 3859.000000, Transfer 641.000000 to Acc 4
User 3, Acc 6 Balance 6699.000000, Transfer 67.000000 to Acc 5
User 4, Acc 5 Balance 9043.000000, Deposit 643.000000 
User 1, Acc 8 Balance 508.000000, Withdraw 449.000000 
User 4, Acc 5 Balance 9753.000000, Transfer 1200.000000 to Acc 6
User 2, Acc 7 Balance 51936.000000, Withdraw 500.000000 
[22;32mUser 2, Acc 8 Balance 59.000000, 				Withdraw 500.000000 --insufficient funds[0m
User 1, Acc 9 Balance 10767.000000, Withdraw 163.000000 
User 3, Acc 4 Balance 2212.000000, Transfer 53.000000 to Acc 5
User 4, Acc 4 Balance 2212.000000, Deposit 647.000000 
User 3, Acc 1 Balance 655.000000, Transfer 89.000000 to Acc 8
User 0, Acc 7 Balance 50433.000000, Transfer 31.000000 to Acc 6
User 1, Acc 1 Balance 655.000000, Withdraw 500.000000 
User 0, Acc 7 Balance 47678.000000, Transfer 137.000000 to Acc 5
User 1, Acc 2 Balance 2976.000000, Withdraw 500.000000 
User 1, Acc 3 Balance 680.000000, Withdraw 500.000000 
User 0, Acc 7 Balance 47541.000000, Transfer 3.000000 to Acc 4
User 1, Acc 4 Balance 2806.000000, Withdraw 500.000000 
User 0, Acc 7 Balance 47538.000000, Transfer 5.000000 to Acc 4
User 1, Acc 5 Balance 8743.000000, Withdraw 500.000000 
User 0, Acc 3 Balance 180.000000, Deposit 929.000000 
User 1, Acc 6 Balance 4382.000000, Withdraw 500.000000 
User 4, Acc 4 Balance 2806.000000, Transfer 1200.000000 to Acc 7
User 1, Acc 7 Balance 47533.000000, Withdraw 500.000000 
User 4, Acc 3 Balance 1109.000000, Deposit 653.000000 
User 3, Acc 1 Balance 566.000000, Transfer 163.000000 to Acc 9
User 2, Acc 9 Balance 10767.000000, Withdraw 500.000000 
[22;32mUser 3, Acc 1 Balance -97.000000, 				Withdraw 41.000000 --insufficient funds[0m
User 3, Acc 2 Balance 2476.000000, Withdraw 71.000000 
[22;32mUser 1, Acc 8 Balance 148.000000, 				Withdraw 500.000000 --insufficient funds[0m
User 3, Acc 3 Balance 1762.000000, Withdraw 127.000000 
User 4, Acc 3 Balance 1762.000000, Transfer 1200.000000 to Acc 8
User 3, Acc 4 Balance 1114.000000, Withdraw 167.000000 
User 4, Acc 2 Balance 2405.000000, Deposit 659.000000 
User 3, Acc 5 Balance 8243.000000, Withdraw 307.000000 
User 2, Acc 0 Balance 2090.000000, Withdraw 500.000000 
User 3, Acc 6 Balance 3882.000000, Withdraw 647.000000 
User 4, Acc 2 Balance 3064.000000, Transfer 1200.000000 to Acc 9
User 3, Acc 7 Balance 48233.000000, Withdraw 593.000000 
User 4, Acc 1 Balance -97.000000, Deposit 661.000000 
User 1, Acc 9 Balance 10267.000000, Withdraw 500.000000 
User 0, Acc 4 Balance 2314.000000, Deposit 937.000000 
User 3, Acc 8 Balance 1348.000000, Withdraw 449.000000 
[22;32mUser 2, Acc 1 Balance -97.000000, 				Withdraw 500.000000 --insufficient funds[0m
User 3, Acc 9 Balance 10967.000000, Withdraw 163.000000 
User 2, Acc 2 Balance 1864.000000, Withdraw 500.000000 
User 1, Acc 0 Balance 1590.000000, Withdraw 500.000000 
User 0, Acc 5 Balance 7936.000000, Deposit 941.000000 
User 1, Acc 1 Balance 564.000000, Withdraw 500.000000 
User 0, Acc 4 Balance 1884.000000, Withdraw 1167.000000 
User 3, Acc 1 Balance 564.000000, Withdraw 500.000000 
User 0, Acc 5 Balance 8877.000000, Withdraw 1307.000000 
User 3, Acc 2 Balance 1364.000000, Withdraw 500.000000 
User 4, Acc 0 Balance 1590.000000, Deposit 673.000000 
[22;32mUser 2, Acc 3 Balance 435.000000, 				Withdraw 500.000000 --insufficient funds[0m
User 4, Acc 0 Balance 1763.000000, Transfer 1200.000000 to Acc 9
[22;32mUser 0, Acc 1 Balance -436.000000, 				Withdraw 41.000000 --insufficient funds[0m
[22;32mUser 3, Acc 3 Balance 435.000000, 				Withdraw 500.000000 --insufficient funds[0m
User 2, Acc 4 Balance 717.000000, Withdraw 500.000000 
User 2, Acc 5 Balance 7570.000000, Withdraw 500.000000 
User 2, Acc 6 Balance 3235.000000, Withdraw 500.000000 
User 2, Acc 7 Balance 47640.000000, Withdraw 500.000000 
User 2, Acc 8 Balance 899.000000, Withdraw 500.000000 
User 2, Acc 9 Balance 12004.000000, Withdraw 500.000000 
User 2, Acc 0 Balance 563.000000, Withdraw 500.000000 
[22;32mUser 2, Acc 1 Balance -436.000000, 				Withdraw 500.000000 --insufficient funds[0m
User 1, Acc 2 Balance 1364.000000, Withdraw 500.000000 
[22;32mUser 4, Acc 1 Balance -436.000000, 				Withdraw 50.000000 --insufficient funds[0m
User 0, Acc 2 Balance 864.000000, Withdraw 71.000000 
User 4, Acc 2 Balance 364.000000, Withdraw 50.000000 
[22;32mUser 0, Acc 3 Balance 435.000000, 				Withdraw 1127.000000 --insufficient funds[0m
User 4, Acc 3 Balance 435.000000, Withdraw 50.000000 
[22;32mUser 1, Acc 3 Balance 435.000000, 				Withdraw 500.000000 --insufficient funds[0m
User 3, Acc 4 Balance 717.000000, Withdraw 500.000000 
[22;32mUser 1, Acc 4 Balance 217.000000, 				Withdraw 500.000000 --insufficient funds[0m
User 3, Acc 5 Balance 7070.000000, Withdraw 500.000000 
User 3, Acc 6 Balance 2735.000000, Withdraw 500.000000 
User 2, Acc 2 Balance 864.000000, Withdraw 500.000000 
User 3, Acc 7 Balance 47140.000000, Withdraw 500.000000 
User 0, Acc 6 Balance 2735.000000, Withdraw 647.000000 
User 1, Acc 5 Balance 6570.000000, Withdraw 500.000000 
User 0, Acc 6 Balance 1588.000000, Deposit 953.000000 
User 1, Acc 6 Balance 1588.000000, Withdraw 500.000000 
User 1, Acc 7 Balance 46640.000000, Withdraw 500.000000 
User 0, Acc 7 Balance 46640.000000, Deposit 967.000000 
[22;32mUser 1, Acc 8 Balance 399.000000, 				Withdraw 500.000000 --insufficient funds[0m
User 0, Acc 6 Balance 2041.000000, Transfer 1167.000000 to Acc 5
[22;32mUser 3, Acc 8 Balance 399.000000, 				Withdraw 500.000000 --insufficient funds[0m
[22;32mUser 2, Acc 3 Balance 385.000000, 				Withdraw 500.000000 --insufficient funds[0m
User 3, Acc 9 Balance 11504.000000, Withdraw 500.000000 
[22;32mUser 3, Acc 0 Balance 63.000000, 				Withdraw 500.000000 --insufficient funds[0m
User 1, Acc 9 Balance 11504.000000, Withdraw 500.000000 
User 0, Acc 7 Balance 47107.000000, Withdraw 1593.000000 
[22;32mUser 1, Acc 0 Balance 63.000000, 				Withdraw 500.000000 --insufficient funds[0m
[22;32mUser 0, Acc 8 Balance 399.000000, 				Withdraw 449.000000 --insufficient funds[0m
[22;32mUser 3, Acc 1 Balance -436.000000, 				Withdraw 500.000000 --insufficient funds[0m
User 4, Acc 4 Balance 217.000000, Withdraw 50.000000 
[22;32mUser 2, Acc 4 Balance -283.000000, 				Withdraw 500.000000 --insufficient funds[0m
User 4, Acc 5 Balance 7237.000000, Withdraw 50.000000 
User 4, Acc 6 Balance 874.000000, Withdraw 50.000000 
User 0, Acc 9 Balance 10504.000000, Withdraw 163.000000 
[22;32mUser 3, Acc 2 Balance -257.000000, 				Withdraw 500.000000 --insufficient funds[0m
User 0, Acc 0 Balance 63.000000, Deposit 907.000000 
[22;32mUser 1, Acc 1 Balance -436.000000, 				Withdraw 500.000000 --insufficient funds[0m
User 4, Acc 7 Balance 45514.000000, Withdraw 50.000000 
[22;32mUser 3, Acc 3 Balance 385.000000, 				Withdraw 500.000000 --insufficient funds[0m
User 2, Acc 5 Balance 7187.000000, Withdraw 500.000000 
[22;32mUser 3, Acc 4 Balance -333.000000, 				Withdraw 500.000000 --insufficient funds[0m
User 3, Acc 5 Balance 6687.000000, Withdraw 500.000000 
[22;32mUser 1, Acc 2 Balance -257.000000, 				Withdraw 500.000000 --insufficient funds[0m
User 3, Acc 6 Balance 824.000000, Withdraw 500.000000 
[22;32mUser 1, Acc 3 Balance 385.000000, 				Withdraw 500.000000 --insufficient funds[0m
User 3, Acc 7 Balance 45464.000000, Withdraw 500.000000 
[22;32mUser 1, Acc 4 Balance -333.000000, 				Withdraw 500.000000 --insufficient funds[0m
User 1, Acc 5 Balance 6187.000000, Withdraw 500.000000 
User 2, Acc 6 Balance 824.000000, Withdraw 500.000000 
[22;32mUser 1, Acc 6 Balance 324.000000, 				Withdraw 500.000000 --insufficient funds[0m
[22;32mUser 3, Acc 8 Balance 399.000000, 				Withdraw 500.000000 --insufficient funds[0m
User 3, Acc 9 Balance 10341.000000, Withdraw 500.000000 
User 3, Acc 0 Balance 970.000000, Withdraw 500.000000 
[22;32mUser 3, Acc 1 Balance -436.000000, 				Withdraw 500.000000 --insufficient funds[0m
[22;32mUser 3, Acc 2 Balance -257.000000, 				Withdraw 500.000000 --insufficient funds[0m
[22;32mUser 3, Acc 3 Balance 385.000000, 				Withdraw 500.000000 --insufficient funds[0m
[22;32mUser 3, Acc 4 Balance -333.000000, 				Withdraw 500.000000 --insufficient funds[0m
User 4, Acc 8 Balance 399.000000, Withdraw 50.000000 
User 0, Acc 1 Balance -436.000000, Deposit 911.000000 
User 2, Acc 7 Balance 44964.000000, Withdraw 500.000000 
User 0, Acc 2 Balance -257.000000, Deposit 919.000000 
[22;32mUser 2, Acc 8 Balance 349.000000, 				Withdraw 500.000000 --insufficient funds[0m
User 0, Acc 3 Balance 385.000000, Deposit 929.000000 
User 1, Acc 7 Balance 44964.000000, Withdraw 500.000000 
[22;32mUser 1, Acc 8 Balance 349.000000, 				Withdraw 500.000000 --insufficient funds[0m
User 1, Acc 9 Balance 9841.000000, Withdraw 500.000000 
[22;32mUser 1, Acc 0 Balance 470.000000, 				Withdraw 500.000000 --insufficient funds[0m
[22;32mUser 1, Acc 1 Balance 475.000000, 				Withdraw 500.000000 --insufficient funds[0m
User 0, Acc 4 Balance -333.000000, Deposit 937.000000 
User 1, Acc 2 Balance 662.000000, Withdraw 500.000000 
User 2, Acc 9 Balance 9841.000000, Withdraw 500.000000 
User 1, Acc 3 Balance 1314.000000, Withdraw 500.000000 
[22;32mUser 2, Acc 0 Balance 470.000000, 				Withdraw 500.000000 --insufficient funds[0m
User 3, Acc 5 Balance 5687.000000, Withdraw 500.000000 
User 0, Acc 5 Balance 5687.000000, Deposit 941.000000 
User 1, Acc 4 Balance 604.000000, Withdraw 500.000000 
User 0, Acc 6 Balance -176.000000, Deposit 953.000000 
[22;32mUser 3, Acc 6 Balance -176.000000, 				Withdraw 500.000000 --insufficient funds[0m
User 4, Acc 9 Balance 9841.000000, Withdraw 50.000000 
User 1, Acc 5 Balance 6128.000000, Withdraw 500.000000 
User 0, Acc 7 Balance 43964.000000, Deposit 967.000000 
User 3, Acc 7 Balance 43964.000000, Withdraw 500.000000 
User 0, Acc 1 Balance 475.000000, Transfer 19.000000 to Acc 7
User 1, Acc 6 Balance 777.000000, Withdraw 500.000000 
User 1, Acc 7 Balance 44450.000000, Withdraw 500.000000 
[22;32mUser 1, Acc 8 Balance 349.000000, 				Withdraw 500.000000 --insufficient funds[0m
User 1, Acc 9 Balance 8791.000000, Withdraw 500.000000 
User 0, Acc 2 Balance 162.000000, Transfer 23.000000 to Acc 7
[22;32mUser 3, Acc 8 Balance 349.000000, 				Withdraw 500.000000 --insufficient funds[0m
User 3, Acc 9 Balance 8291.000000, Withdraw 500.000000 
User 0, Acc 3 Balance 814.000000, Transfer 29.000000 to Acc 7
[22;32mUser 1, Acc 0 Balance 470.000000, 				Withdraw 500.000000 --insufficient funds[0m
[22;32mUser 1, Acc 1 Balance 456.000000, 				Withdraw 500.000000 --insufficient funds[0m
[22;32mUser 1, Acc 2 Balance 139.000000, 				Withdraw 500.000000 --insufficient funds[0m
[22;32mUser 3, Acc 0 Balance 470.000000, 				Withdraw 500.000000 --insufficient funds[0m
User 0, Acc 7 Balance 44002.000000, Transfer 31.000000 to Acc 6
User 1, Acc 3 Balance 785.000000, Withdraw 500.000000 
[22;32mUser 1, Acc 4 Balance 104.000000, 				Withdraw 500.000000 --insufficient funds[0m
User 1, Acc 5 Balance 5628.000000, Withdraw 500.000000 
[22;32mUser 1, Acc 6 Balance 308.000000, 				Withdraw 500.000000 --insufficient funds[0m
User 1, Acc 7 Balance 43971.000000, Withdraw 500.000000 
[22;32mUser 1, Acc 8 Balance 349.000000, 				Withdraw 500.000000 --insufficient funds[0m
User 1, Acc 9 Balance 7791.000000, Withdraw 500.000000 
[22;32mUser 1, Acc 0 Balance 470.000000, 				Withdraw 500.000000 --insufficient funds[0m
[22;32mUser 1, Acc 1 Balance 456.000000, 				Withdraw 500.000000 --insufficient funds[0m
[22;32mUser 1, Acc 2 Balance 139.000000, 				Withdraw 500.000000 --insufficient funds[0m
[22;32mUser 1, Acc 3 Balance 285.000000, 				Withdraw 500.000000 --insufficient funds[0m
[22;32mUser 1, Acc 4 Balance 104.000000, 				Withdraw 500.000000 --insufficient funds[0m
User 1, Acc 5 Balance 5128.000000, Withdraw 500.000000 
[22;32mUser 1, Acc 6 Balance 308.000000, 				Withdraw 500.000000 --insufficient funds[0m
User 1, Acc 7 Balance 43471.000000, Withdraw 500.000000 
[22;32mUser 1, Acc 8 Balance 349.000000, 				Withdraw 500.000000 --insufficient funds[0m
User 1, Acc 9 Balance 7291.000000, Withdraw 500.000000 
User 0, Acc 7 Balance 43971.000000, Transfer 37.000000 to Acc 5
User 0, Acc 7 Balance 42934.000000, Transfer 3.000000 to Acc 4
User 0, Acc 7 Balance 42931.000000, Transfer 5.000000 to Acc 4
User 0, Acc 6 Balance 308.000000, Transfer 67.000000 to Acc 5
User 0, Acc 4 Balance 112.000000, Transfer 53.000000 to Acc 5
User 0, Acc 1 Balance 456.000000, Transfer 89.000000 to Acc 8
User 0, Acc 1 Balance 367.000000, Transfer 163.000000 to Acc 9
User 0, Acc 1 Balance 204.000000, Withdraw 41.000000 
User 0, Acc 2 Balance 139.000000, Withdraw 71.000000 
[22;32mUser 1, Acc 0 Balance 470.000000, 				Withdraw 500.000000 --insufficient funds[0m
User 0, Acc 3 Balance 285.000000, Withdraw 127.000000 
[22;32mUser 0, Acc 4 Balance 59.000000, 				Withdraw 167.000000 --insufficient funds[0m
User 0, Acc 5 Balance 4785.000000, Withdraw 307.000000 
[22;32mUser 0, Acc 6 Balance 241.000000, 				Withdraw 647.000000 --insufficient funds[0m
User 0, Acc 7 Balance 42926.000000, Withdraw 593.000000 
[22;32mUser 0, Acc 8 Balance 438.000000, 				Withdraw 449.000000 --insufficient funds[0m
User 0, Acc 9 Balance 6954.000000, Withdraw 163.000000 
User 4, Acc 0 Balance 470.000000, Withdraw 50.000000 
  ***     End of transaction batch    ***  
Account 0 balance after completion of transaction batch: 420.000000
Account 1 balance after completion of transaction batch: 163.000000
Account 2 balance after completion of transaction batch: 68.000000
Account 3 balance after completion of transaction batch: 158.000000
Account 4 balance after completion of transaction batch: 59.000000
Account 5 balance after completion of transaction batch: 4478.000000
Account 6 balance after completion of transaction batch: 241.000000
Account 7 balance after completion of transaction batch: 42333.000000
Account 8 balance after completion of transaction batch: 438.000000
Account 9 balance after completion of transaction batch: 6791.000000
