# Output generated by:
# ./my_executable 5 data/transactions7.txt data/transactions11.txt data/transactions9.txt data/transactions5.txt data/transactions1.txt

********************************************
   Reading and parsing a transaction file   
********************************************
Parsed transaction: deposit 7 9929.000000 
Loaded deposit transaction
Parsed transaction: deposit 4 937.000000 
Loaded deposit transaction
Parsed transaction: deposit 5 941.000000 
Loaded deposit transaction
Parsed transaction: deposit 0 7.000000 
Loaded deposit transaction
Parsed transaction: deposit 3 29.000000 
Loaded deposit transaction
Parsed transaction: deposit 7 9.000000 
Loaded deposit transaction
Parsed transaction: deposit 9 129.000000 
Loaded deposit transaction
Parsed transaction: transfer 3 7 29.000000 
Loaded transfer transaction
Parsed transaction: transfer 7 6 31.000000 
Loaded transfer transaction
Parsed transaction: transfer 7 5 137.000000 
Loaded transfer transaction
Parsed transaction: transfer 7 4 3.000000 
Loaded transfer transaction
Parsed transaction: transfer 7 4 5.000000 
Loaded transfer transaction
Parsed transaction: withdraw 4 1167.000000 
Loaded withdrawal transaction
Parsed transaction: withdraw 5 1307.000000 
Loaded withdrawal transaction
Parsed transaction: transfer 1 8 89.000000 
Loaded transfer transaction
Parsed transaction: transfer 1 9 163.000000 
Loaded transfer transaction
Parsed transaction: withdraw 1 41.000000 
Loaded withdrawal transaction
Parsed transaction: withdraw 2 71.000000 
Loaded withdrawal transaction
Parsed transaction: withdraw 3 1127.000000 
Loaded withdrawal transaction
Parsed transaction: withdraw 6 647.000000 
Loaded withdrawal transaction
Parsed transaction: deposit 6 1953.000000 
Loaded deposit transaction
Parsed transaction: deposit 7 967.000000 
Loaded deposit transaction
Parsed transaction: transfer 1 7 19.000000 
Loaded transfer transaction
Parsed transaction: transfer 2 7 23.000000 
Loaded transfer transaction
Parsed transaction: transfer 6 5 1167.000000 
Loaded transfer transaction
Parsed transaction: transfer 4 5 53.000000 
Loaded transfer transaction
Parsed transaction: withdraw 7 1593.000000 
Loaded withdrawal transaction
Parsed transaction: withdraw 8 449.000000 
Loaded withdrawal transaction
Parsed transaction: withdraw 9 163.000000 
Loaded withdrawal transaction
********************************************
********************************************
   Reading and parsing a transaction file   
********************************************
Parsed transaction: deposit 9 617.000000 
Loaded deposit transaction
Parsed transaction: transfer 9 9 617.000000 
Loaded transfer transaction
Parsed transaction: deposit 8 619.000000 
Loaded deposit transaction
Parsed transaction: transfer 8 2 619.000000 
Loaded transfer transaction
Parsed transaction: deposit 7 631.000000 
Loaded deposit transaction
Parsed transaction: transfer 7 3 631.000000 
Loaded transfer transaction
Parsed transaction: deposit 6 641.000000 
Loaded deposit transaction
Parsed transaction: transfer 6 4 641.000000 
Loaded transfer transaction
Parsed transaction: deposit 5 643.000000 
Loaded deposit transaction
Parsed transaction: transfer 5 6 1200.000000 
Loaded transfer transaction
Parsed transaction: deposit 4 647.000000 
Loaded deposit transaction
Parsed transaction: transfer 4 7 1200.000000 
Loaded transfer transaction
Parsed transaction: deposit 3 653.000000 
Loaded deposit transaction
Parsed transaction: transfer 3 8 1200.000000 
Loaded transfer transaction
Parsed transaction: deposit 2 659.000000 
Loaded deposit transaction
Parsed transaction: transfer 2 9 1200.000000 
Loaded transfer transaction
Parsed transaction: deposit 1 661.000000 
Loaded deposit transaction
Parsed transaction: transfer 1 9 1200.000000 
Loaded transfer transaction
Parsed transaction: deposit 0 673.000000 
Loaded deposit transaction
Parsed transaction: transfer 0 9 1200.000000 
Loaded transfer transaction
Parsed transaction: withdraw 1 50.000000 
Loaded withdrawal transaction
Parsed transaction: withdraw 2 50.000000 
Loaded withdrawal transaction
Parsed transaction: withdraw 3 50.000000 
Loaded withdrawal transaction
Parsed transaction: withdraw 4 50.000000 
Loaded withdrawal transaction
Parsed transaction: withdraw 5 50.000000 
Loaded withdrawal transaction
Parsed transaction: withdraw 6 50.000000 
Loaded withdrawal transaction
Parsed transaction: withdraw 7 50.000000 
Loaded withdrawal transaction
Parsed transaction: withdraw 8 50.000000 
Loaded withdrawal transaction
Parsed transaction: withdraw 9 50.000000 
Loaded withdrawal transaction
Parsed transaction: withdraw 0 50.000000 
Loaded withdrawal transaction
********************************************
********************************************
   Reading and parsing a transaction file   
********************************************
Parsed transaction: deposit 9 617.000000 
Loaded deposit transaction
Parsed transaction: transfer 9 1 617.000000 
Loaded transfer transaction
Parsed transaction: deposit 8 619.000000 
Loaded deposit transaction
Parsed transaction: transfer 8 2 619.000000 
Loaded transfer transaction
Parsed transaction: deposit 7 631.000000 
Loaded deposit transaction
Parsed transaction: transfer 7 3 631.000000 
Loaded transfer transaction
Parsed transaction: deposit 6 641.000000 
Loaded deposit transaction
Parsed transaction: transfer 6 4 641.000000 
Loaded transfer transaction
Parsed transaction: deposit 5 643.000000 
Loaded deposit transaction
Parsed transaction: transfer 5 6 1200.000000 
Loaded transfer transaction
Parsed transaction: deposit 4 647.000000 
Loaded deposit transaction
Parsed transaction: transfer 4 7 1200.000000 
Loaded transfer transaction
Parsed transaction: deposit 3 653.000000 
Loaded deposit transaction
Parsed transaction: transfer 3 8 1200.000000 
Loaded transfer transaction
Parsed transaction: deposit 2 659.000000 
Loaded deposit transaction
Parsed transaction: transfer 2 9 1200.000000 
Loaded transfer transaction
Parsed transaction: deposit 1 661.000000 
Loaded deposit transaction
Parsed transaction: transfer 1 9 1200.000000 
Loaded transfer transaction
Parsed transaction: deposit 0 673.000000 
Loaded deposit transaction
Parsed transaction: transfer 0 9 1200.000000 
Loaded transfer transaction
Parsed transaction: withdraw 1 50.000000 
Loaded withdrawal transaction
Parsed transaction: withdraw 2 50.000000 
Loaded withdrawal transaction
Parsed transaction: withdraw 3 50.000000 
Loaded withdrawal transaction
Parsed transaction: withdraw 4 50.000000 
Loaded withdrawal transaction
Parsed transaction: withdraw 5 50.000000 
Loaded withdrawal transaction
Parsed transaction: withdraw 6 50.000000 
Loaded withdrawal transaction
Parsed transaction: withdraw 7 50.000000 
Loaded withdrawal transaction
Parsed transaction: withdraw 8 50.000000 
Loaded withdrawal transaction
Parsed transaction: withdraw 9 50.000000 
Loaded withdrawal transaction
Parsed transaction: withdraw 0 50.000000 
Loaded withdrawal transaction
********************************************
********************************************
   Reading and parsing a transaction file   
********************************************
Parsed transaction: deposit 0 907.000000 
Loaded deposit transaction
Parsed transaction: deposit 1 911.000000 
Loaded deposit transaction
Parsed transaction: deposit 2 919.000000 
Loaded deposit transaction
Parsed transaction: transfer 3 7 29.000000 
Loaded transfer transaction
Parsed transaction: transfer 7 6 31.000000 
Loaded transfer transaction
Parsed transaction: transfer 7 5 37.000000 
Loaded transfer transaction
Parsed transaction: transfer 7 4 3.000000 
Loaded transfer transaction
Parsed transaction: transfer 7 4 5.000000 
Loaded transfer transaction
Parsed transaction: deposit 3 929.000000 
Loaded deposit transaction
Parsed transaction: deposit 4 937.000000 
Loaded deposit transaction
Parsed transaction: deposit 5 941.000000 
Loaded deposit transaction
Parsed transaction: withdraw 4 167.000000 
Loaded withdrawal transaction
Parsed transaction: withdraw 5 307.000000 
Loaded withdrawal transaction
Parsed transaction: transfer 1 8 89.000000 
Loaded transfer transaction
Parsed transaction: transfer 1 9 163.000000 
Loaded transfer transaction
Parsed transaction: withdraw 1 41.000000 
Loaded withdrawal transaction
Parsed transaction: withdraw 2 71.000000 
Loaded withdrawal transaction
Parsed transaction: withdraw 3 127.000000 
Loaded withdrawal transaction
Parsed transaction: withdraw 6 647.000000 
Loaded withdrawal transaction
Parsed transaction: deposit 6 953.000000 
Loaded deposit transaction
Parsed transaction: deposit 7 967.000000 
Loaded deposit transaction
Parsed transaction: transfer 1 7 19.000000 
Loaded transfer transaction
Parsed transaction: transfer 2 7 23.000000 
Loaded transfer transaction
Parsed transaction: transfer 6 5 67.000000 
Loaded transfer transaction
Parsed transaction: transfer 4 5 53.000000 
Loaded transfer transaction
Parsed transaction: withdraw 7 593.000000 
Loaded withdrawal transaction
Parsed transaction: withdraw 8 449.000000 
Loaded withdrawal transaction
Parsed transaction: withdraw 9 163.000000 
Loaded withdrawal transaction
********************************************
********************************************
   Reading and parsing a transaction file   
********************************************
Parsed transaction: deposit 0 100.000000 
Loaded deposit transaction
Parsed transaction: deposit 0 200.000000 
Loaded deposit transaction
Parsed transaction: deposit 0 300.000000 
Loaded deposit transaction
Parsed transaction: withdraw 0 200.000000 
Loaded withdrawal transaction
Parsed transaction: withdraw 0 100.000000 
Loaded withdrawal transaction
Parsed transaction: withdraw 0 50.000000 
Loaded withdrawal transaction
Parsed transaction: transfer 1 0 200.000000 
Loaded transfer transaction
Parsed transaction: balance 0 
Loaded balance transaction
********************************************
  ***    Start of transaction batch    ***  
User 0, Acc 7 Balance 0.000000, Deposit 9929.000000 
User 0, Acc 4 Balance 0.000000, Deposit 937.000000 
User 0, Acc 5 Balance 0.000000, Deposit 941.000000 
User 0, Acc 0 Balance 0.000000, Deposit 7.000000 
User 0, Acc 3 Balance 0.000000, Deposit 29.000000 
User 0, Acc 7 Balance 9929.000000, Deposit 9.000000 
User 0, Acc 9 Balance 0.000000, Deposit 129.000000 
User 0, Acc 3 Balance 29.000000, Transfer 29.000000 to Acc 7
User 0, Acc 7 Balance 9967.000000, Transfer 31.000000 to Acc 6
User 0, Acc 7 Balance 9936.000000, Transfer 137.000000 to Acc 5
User 0, Acc 7 Balance 9799.000000, Transfer 3.000000 to Acc 4
User 0, Acc 7 Balance 9796.000000, Transfer 5.000000 to Acc 4
[22;32mUser 0, Acc 4 Balance 945.000000, 				Withdraw 1167.000000 --insufficient funds[0m
[22;32mUser 0, Acc 5 Balance 1078.000000, 				Withdraw 1307.000000 --insufficient funds[0m
[22;32mUser 0, Acc 1 Balance 0.000000, 				Withdraw 41.000000 --insufficient funds[0m
[22;32mUser 0, Acc 2 Balance 0.000000, 				Withdraw 71.000000 --insufficient funds[0m
[22;32mUser 0, Acc 3 Balance 0.000000, 				Withdraw 1127.000000 --insufficient funds[0m
[22;32mUser 0, Acc 6 Balance 31.000000, 				Withdraw 647.000000 --insufficient funds[0m
User 0, Acc 6 Balance 31.000000, Deposit 1953.000000 
User 0, Acc 7 Balance 9791.000000, Deposit 967.000000 
User 0, Acc 6 Balance 1984.000000, Transfer 1167.000000 to Acc 5
User 0, Acc 4 Balance 945.000000, Transfer 53.000000 to Acc 5
User 0, Acc 7 Balance 10758.000000, Withdraw 1593.000000 
[22;32mUser 0, Acc 8 Balance 0.000000, 				Withdraw 449.000000 --insufficient funds[0m
User 3, Acc 9 Balance 129.000000, Deposit 617.000000 
User 3, Acc 9 Balance 746.000000, Transfer 617.000000 to Acc 1
User 3, Acc 8 Balance 0.000000, Deposit 619.000000 
User 3, Acc 8 Balance 619.000000, Transfer 619.000000 to Acc 2
User 3, Acc 7 Balance 9165.000000, Deposit 631.000000 
User 3, Acc 7 Balance 9796.000000, Transfer 631.000000 to Acc 3
User 3, Acc 6 Balance 817.000000, Deposit 641.000000 
User 3, Acc 6 Balance 1458.000000, Transfer 641.000000 to Acc 4
User 3, Acc 5 Balance 2298.000000, Deposit 643.000000 
User 3, Acc 5 Balance 2941.000000, Transfer 1200.000000 to Acc 6
User 3, Acc 4 Balance 1533.000000, Deposit 647.000000 
User 3, Acc 4 Balance 2180.000000, Transfer 1200.000000 to Acc 7
User 3, Acc 3 Balance 631.000000, Deposit 653.000000 
User 3, Acc 3 Balance 1284.000000, Transfer 1200.000000 to Acc 8
User 3, Acc 2 Balance 619.000000, Deposit 659.000000 
User 3, Acc 2 Balance 1278.000000, Transfer 1200.000000 to Acc 9
User 3, Acc 1 Balance 617.000000, Deposit 661.000000 
User 3, Acc 1 Balance 1278.000000, Transfer 1200.000000 to Acc 9
User 4, Acc 0 Balance 7.000000, Deposit 100.000000 
User 2, Acc 0 Balance 7.000000, Deposit 907.000000 
User 2, Acc 1 Balance 78.000000, Deposit 911.000000 
[22;32mUser 0, Acc 9 Balance 129.000000, 				Withdraw 163.000000 --insufficient funds[0m
User 3, Acc 0 Balance 7.000000, Deposit 673.000000 
User 4, Acc 0 Balance 107.000000, Deposit 200.000000 
User 1, Acc 9 Balance 129.000000, Deposit 617.000000 
User 1, Acc 9 Balance 3146.000000, Transfer 617.000000 to Acc 9
User 1, Acc 8 Balance 1200.000000, Deposit 619.000000 
User 1, Acc 8 Balance 1819.000000, Transfer 619.000000 to Acc 2
User 1, Acc 7 Balance 10365.000000, Deposit 631.000000 
User 1, Acc 7 Balance 10996.000000, Transfer 631.000000 to Acc 3
User 4, Acc 0 Balance 1887.000000, Deposit 300.000000 
User 0, Acc 7 Balance 10365.000000, Deposit 9929.000000 
User 3, Acc 0 Balance 1687.000000, Transfer 1200.000000 to Acc 9
User 3, Acc 1 Balance 989.000000, Withdraw 50.000000 
User 3, Acc 2 Balance 697.000000, Withdraw 50.000000 
User 3, Acc 3 Balance 715.000000, Withdraw 50.000000 
User 3, Acc 4 Balance 980.000000, Withdraw 50.000000 
User 4, Acc 0 Balance 2187.000000, Withdraw 200.000000 
User 0, Acc 4 Balance 980.000000, Deposit 937.000000 
User 2, Acc 2 Balance 78.000000, Deposit 919.000000 
User 0, Acc 5 Balance 1741.000000, Deposit 941.000000 
User 2, Acc 3 Balance 665.000000, Transfer 29.000000 to Acc 7
User 0, Acc 0 Balance 787.000000, Deposit 7.000000 
User 4, Acc 0 Balance 787.000000, Withdraw 100.000000 
User 0, Acc 3 Balance 636.000000, Deposit 29.000000 
User 3, Acc 5 Balance 1741.000000, Withdraw 50.000000 
User 2, Acc 7 Balance 20323.000000, Transfer 31.000000 to Acc 6
User 2, Acc 7 Balance 20292.000000, Transfer 37.000000 to Acc 5
User 0, Acc 7 Balance 20323.000000, Deposit 9.000000 
User 3, Acc 6 Balance 2017.000000, Withdraw 50.000000 
User 0, Acc 9 Balance 4346.000000, Deposit 129.000000 
User 3, Acc 7 Balance 20264.000000, Withdraw 50.000000 
User 4, Acc 0 Balance 694.000000, Withdraw 50.000000 
User 1, Acc 6 Balance 2017.000000, Deposit 641.000000 
User 0, Acc 3 Balance 665.000000, Transfer 29.000000 to Acc 7
User 3, Acc 8 Balance 1200.000000, Withdraw 50.000000 
User 0, Acc 7 Balance 20243.000000, Transfer 31.000000 to Acc 6
User 4, Acc 1 Balance 939.000000, Transfer 200.000000 to Acc 0
User 1, Acc 6 Balance 2639.000000, Transfer 641.000000 to Acc 4
Balance in 0: 844.000000
User 3, Acc 9 Balance 4475.000000, Withdraw 50.000000 
User 4, Acc 7 Balance 20212.000000, Deposit 9929.000000 
User 1, Acc 5 Balance 2669.000000, Deposit 643.000000 
User 4, Acc 4 Balance 2508.000000, Deposit 937.000000 
User 3, Acc 0 Balance 844.000000, Withdraw 50.000000 
User 4, Acc 5 Balance 3312.000000, Deposit 941.000000 
User 3, Acc 7 Balance 30141.000000, Deposit 9929.000000 
User 4, Acc 0 Balance 794.000000, Deposit 7.000000 
User 0, Acc 7 Balance 20212.000000, Transfer 137.000000 to Acc 5
User 4, Acc 3 Balance 636.000000, Deposit 29.000000 
User 0, Acc 7 Balance 39933.000000, Transfer 3.000000 to Acc 4
User 4, Acc 7 Balance 39933.000000, Deposit 9.000000 
User 0, Acc 7 Balance 39930.000000, Transfer 5.000000 to Acc 4
User 4, Acc 9 Balance 4425.000000, Deposit 129.000000 
User 0, Acc 4 Balance 3453.000000, Withdraw 1167.000000 
User 4, Acc 3 Balance 665.000000, Transfer 29.000000 to Acc 7
User 0, Acc 5 Balance 4390.000000, Withdraw 1307.000000 
User 4, Acc 7 Balance 39963.000000, Transfer 31.000000 to Acc 6
User 0, Acc 1 Balance 739.000000, Transfer 89.000000 to Acc 8
User 4, Acc 7 Balance 39932.000000, Transfer 137.000000 to Acc 5
User 0, Acc 1 Balance 650.000000, Transfer 163.000000 to Acc 9
User 4, Acc 7 Balance 39795.000000, Transfer 3.000000 to Acc 4
User 2, Acc 7 Balance 20255.000000, Transfer 3.000000 to Acc 4
User 3, Acc 4 Balance 3445.000000, Deposit 937.000000 
User 1, Acc 5 Balance 3312.000000, Transfer 1200.000000 to Acc 6
User 1, Acc 4 Balance 3229.000000, Deposit 647.000000 
User 1, Acc 4 Balance 3876.000000, Transfer 1200.000000 to Acc 7
User 1, Acc 3 Balance 636.000000, Deposit 653.000000 
User 1, Acc 3 Balance 1289.000000, Transfer 1200.000000 to Acc 8
User 1, Acc 2 Balance 1566.000000, Deposit 659.000000 
User 1, Acc 2 Balance 2225.000000, Transfer 1200.000000 to Acc 9
User 1, Acc 1 Balance 487.000000, Deposit 661.000000 
User 1, Acc 0 Balance 801.000000, Deposit 673.000000 
User 1, Acc 0 Balance 1474.000000, Transfer 1200.000000 to Acc 9
User 1, Acc 1 Balance 1148.000000, Withdraw 50.000000 
User 1, Acc 2 Balance 1025.000000, Withdraw 50.000000 
User 1, Acc 3 Balance 89.000000, Withdraw 50.000000 
User 1, Acc 4 Balance 2676.000000, Withdraw 50.000000 
User 3, Acc 5 Balance 3220.000000, Deposit 941.000000 
User 0, Acc 1 Balance 487.000000, Withdraw 41.000000 
User 3, Acc 0 Balance 274.000000, Deposit 7.000000 
User 3, Acc 3 Balance 39.000000, Deposit 29.000000 
User 3, Acc 7 Balance 40989.000000, Deposit 9.000000 
User 2, Acc 7 Balance 39789.000000, Transfer 5.000000 to Acc 4
User 3, Acc 9 Balance 7117.000000, Deposit 129.000000 
User 1, Acc 5 Balance 2020.000000, Withdraw 50.000000 
User 3, Acc 3 Balance 68.000000, Transfer 29.000000 to Acc 7
User 1, Acc 6 Balance 3260.000000, Withdraw 50.000000 
User 2, Acc 3 Balance 68.000000, Deposit 929.000000 
User 4, Acc 7 Balance 39792.000000, Transfer 5.000000 to Acc 4
User 3, Acc 7 Balance 41022.000000, Transfer 31.000000 to Acc 6
User 4, Acc 4 Balance 2636.000000, Withdraw 1167.000000 
User 3, Acc 7 Balance 40986.000000, Transfer 137.000000 to Acc 5
User 4, Acc 5 Balance 2911.000000, Withdraw 1307.000000 
User 3, Acc 7 Balance 40849.000000, Transfer 3.000000 to Acc 4
User 4, Acc 1 Balance 1057.000000, Transfer 89.000000 to Acc 8
User 0, Acc 2 Balance 975.000000, Withdraw 71.000000 
User 4, Acc 1 Balance 968.000000, Transfer 163.000000 to Acc 9
[22;32mUser 0, Acc 3 Balance 968.000000, 				Withdraw 1127.000000 --insufficient funds[0m
User 4, Acc 1 Balance 805.000000, Withdraw 41.000000 
User 0, Acc 6 Balance 3241.000000, Withdraw 647.000000 
User 4, Acc 2 Balance 904.000000, Withdraw 71.000000 
User 3, Acc 7 Balance 40846.000000, Transfer 5.000000 to Acc 4
User 2, Acc 4 Balance 2631.000000, Deposit 937.000000 
User 3, Acc 4 Balance 1477.000000, Withdraw 1167.000000 
User 2, Acc 5 Balance 1741.000000, Deposit 941.000000 
User 3, Acc 5 Balance 1741.000000, Withdraw 1307.000000 
User 2, Acc 4 Balance 1247.000000, Withdraw 167.000000 
User 1, Acc 7 Balance 41022.000000, Withdraw 50.000000 
[22;32mUser 4, Acc 3 Balance 968.000000, 				Withdraw 1127.000000 --insufficient funds[0m
User 0, Acc 6 Balance 2594.000000, Deposit 1953.000000 
User 4, Acc 6 Balance 2594.000000, Withdraw 647.000000 
User 0, Acc 7 Balance 40791.000000, Deposit 967.000000 
User 4, Acc 6 Balance 3900.000000, Deposit 1953.000000 
User 0, Acc 1 Balance 764.000000, Transfer 19.000000 to Acc 7
User 4, Acc 7 Balance 41758.000000, Deposit 967.000000 
User 0, Acc 2 Balance 833.000000, Transfer 23.000000 to Acc 7
User 4, Acc 1 Balance 745.000000, Transfer 19.000000 to Acc 7
User 0, Acc 6 Balance 5853.000000, Transfer 1167.000000 to Acc 5
User 4, Acc 2 Balance 810.000000, Transfer 23.000000 to Acc 7
User 0, Acc 4 Balance 1080.000000, Transfer 53.000000 to Acc 5
User 4, Acc 6 Balance 4686.000000, Transfer 1167.000000 to Acc 5
User 0, Acc 7 Balance 42809.000000, Withdraw 1593.000000 
User 4, Acc 4 Balance 1027.000000, Transfer 53.000000 to Acc 5
User 0, Acc 8 Balance 2528.000000, Withdraw 449.000000 
User 4, Acc 7 Balance 41216.000000, Withdraw 1593.000000 
User 0, Acc 9 Balance 7409.000000, Withdraw 163.000000 
User 4, Acc 8 Balance 2079.000000, Withdraw 449.000000 
User 0, Acc 9 Balance 7246.000000, Deposit 617.000000 
User 4, Acc 9 Balance 7246.000000, Withdraw 163.000000 
User 0, Acc 9 Balance 7863.000000, Transfer 617.000000 to Acc 9
User 4, Acc 9 Balance 7700.000000, Deposit 617.000000 
User 0, Acc 8 Balance 1630.000000, Deposit 619.000000 
User 4, Acc 9 Balance 8317.000000, Transfer 617.000000 to Acc 9
User 0, Acc 8 Balance 2249.000000, Transfer 619.000000 to Acc 2
User 0, Acc 7 Balance 39623.000000, Deposit 631.000000 
User 3, Acc 1 Balance 764.000000, Transfer 89.000000 to Acc 8
User 1, Acc 8 Balance 2528.000000, Withdraw 50.000000 
User 3, Acc 1 Balance 637.000000, Transfer 163.000000 to Acc 9
User 4, Acc 8 Balance 2249.000000, Deposit 619.000000 
User 0, Acc 7 Balance 40254.000000, Transfer 631.000000 to Acc 3
User 4, Acc 8 Balance 2288.000000, Transfer 619.000000 to Acc 2
User 0, Acc 6 Balance 3519.000000, Deposit 641.000000 
User 0, Acc 6 Balance 4160.000000, Transfer 641.000000 to Acc 4
User 2, Acc 5 Balance 1375.000000, Withdraw 307.000000 
User 2, Acc 1 Balance 474.000000, Transfer 89.000000 to Acc 8
User 4, Acc 7 Balance 39623.000000, Deposit 631.000000 
User 4, Acc 7 Balance 40254.000000, Transfer 631.000000 to Acc 3
User 3, Acc 1 Balance 474.000000, Withdraw 41.000000 
User 3, Acc 2 Balance 2025.000000, Withdraw 71.000000 
User 3, Acc 3 Balance 2230.000000, Withdraw 1127.000000 
User 3, Acc 6 Balance 3519.000000, Withdraw 647.000000 
User 3, Acc 6 Balance 2872.000000, Deposit 1953.000000 
User 3, Acc 7 Balance 39623.000000, Deposit 967.000000 
User 3, Acc 1 Balance 344.000000, Transfer 19.000000 to Acc 7
User 3, Acc 2 Balance 1954.000000, Transfer 23.000000 to Acc 7
User 3, Acc 6 Balance 4825.000000, Transfer 1167.000000 to Acc 5
User 3, Acc 4 Balance 1615.000000, Transfer 53.000000 to Acc 5
User 3, Acc 7 Balance 40632.000000, Withdraw 1593.000000 
User 3, Acc 8 Balance 1758.000000, Withdraw 449.000000 
User 3, Acc 9 Balance 8480.000000, Withdraw 163.000000 
User 3, Acc 9 Balance 8317.000000, Deposit 617.000000 
User 2, Acc 1 Balance 385.000000, Transfer 163.000000 to Acc 9
User 4, Acc 6 Balance 3519.000000, Deposit 641.000000 
User 0, Acc 5 Balance 3815.000000, Deposit 643.000000 
User 1, Acc 9 Balance 8317.000000, Withdraw 50.000000 
User 0, Acc 5 Balance 5371.000000, Transfer 1200.000000 to Acc 6
User 2, Acc 1 Balance 162.000000, Withdraw 41.000000 
User 4, Acc 6 Balance 4299.000000, Transfer 641.000000 to Acc 4
User 3, Acc 9 Balance 8934.000000, Transfer 617.000000 to Acc 9
User 4, Acc 5 Balance 4171.000000, Deposit 643.000000 
User 1, Acc 0 Balance 281.000000, Withdraw 50.000000 
User 0, Acc 4 Balance 1562.000000, Deposit 647.000000 
User 2, Acc 2 Balance 1931.000000, Withdraw 71.000000 
User 0, Acc 4 Balance 2850.000000, Transfer 1200.000000 to Acc 7
User 3, Acc 8 Balance 1309.000000, Deposit 619.000000 
User 0, Acc 3 Balance 1103.000000, Deposit 653.000000 
User 3, Acc 8 Balance 1928.000000, Transfer 619.000000 to Acc 2
User 0, Acc 3 Balance 1756.000000, Transfer 1200.000000 to Acc 8
User 1, Acc 7 Balance 39039.000000, Deposit 9929.000000 
User 0, Acc 2 Balance 2479.000000, Deposit 659.000000 
User 1, Acc 4 Balance 1650.000000, Deposit 937.000000 
User 1, Acc 5 Balance 4814.000000, Deposit 941.000000 
User 4, Acc 5 Balance 4814.000000, Transfer 1200.000000 to Acc 6
User 1, Acc 0 Balance 231.000000, Deposit 7.000000 
User 4, Acc 4 Balance 2587.000000, Deposit 647.000000 
User 0, Acc 2 Balance 3138.000000, Transfer 1200.000000 to Acc 9
User 3, Acc 7 Balance 40239.000000, Deposit 631.000000 
User 3, Acc 7 Balance 50799.000000, Transfer 631.000000 to Acc 3
User 1, Acc 3 Balance 556.000000, Deposit 29.000000 
User 3, Acc 6 Balance 6058.000000, Deposit 641.000000 
User 3, Acc 6 Balance 6699.000000, Transfer 641.000000 to Acc 4
User 2, Acc 3 Balance 1103.000000, Withdraw 127.000000 
User 4, Acc 4 Balance 3234.000000, Transfer 1200.000000 to Acc 7
User 0, Acc 1 Balance 121.000000, Deposit 661.000000 
User 4, Acc 3 Balance 1089.000000, Deposit 653.000000 
User 0, Acc 0 Balance 238.000000, Deposit 673.000000 
User 4, Acc 3 Balance 1742.000000, Transfer 1200.000000 to Acc 8
User 0, Acc 1 Balance 782.000000, Withdraw 50.000000 
User 4, Acc 2 Balance 1938.000000, Deposit 659.000000 
User 0, Acc 2 Balance 1938.000000, Withdraw 50.000000 
User 2, Acc 6 Balance 6058.000000, Withdraw 647.000000 
User 0, Acc 3 Balance 542.000000, Withdraw 50.000000 
User 4, Acc 2 Balance 2597.000000, Transfer 1200.000000 to Acc 9
User 4, Acc 1 Balance 732.000000, Deposit 661.000000 
User 4, Acc 1 Balance 1393.000000, Transfer 1200.000000 to Acc 9
User 3, Acc 5 Balance 4555.000000, Deposit 643.000000 
User 4, Acc 0 Balance 911.000000, Deposit 673.000000 
User 1, Acc 7 Balance 50168.000000, Deposit 9.000000 
User 4, Acc 0 Balance 1584.000000, Transfer 1200.000000 to Acc 9
User 3, Acc 5 Balance 5198.000000, Transfer 1200.000000 to Acc 6
User 0, Acc 4 Balance 2675.000000, Withdraw 50.000000 
User 0, Acc 5 Balance 3998.000000, Withdraw 50.000000 
User 0, Acc 6 Balance 6611.000000, Withdraw 50.000000 
User 0, Acc 7 Balance 51377.000000, Withdraw 50.000000 
User 4, Acc 1 Balance 193.000000, Withdraw 50.000000 
User 0, Acc 8 Balance 3709.000000, Withdraw 50.000000 
User 3, Acc 4 Balance 2675.000000, Deposit 647.000000 
User 2, Acc 6 Balance 5411.000000, Deposit 953.000000 
User 1, Acc 9 Balance 12647.000000, Deposit 129.000000 
User 4, Acc 2 Balance 1347.000000, Withdraw 50.000000 
User 3, Acc 4 Balance 3272.000000, Transfer 1200.000000 to Acc 7
User 4, Acc 3 Balance 492.000000, Withdraw 50.000000 
User 3, Acc 3 Balance 492.000000, Deposit 653.000000 
User 4, Acc 4 Balance 2072.000000, Withdraw 50.000000 
User 2, Acc 7 Balance 51327.000000, Deposit 967.000000 
User 4, Acc 5 Balance 3948.000000, Withdraw 50.000000 
User 2, Acc 1 Balance 143.000000, Transfer 19.000000 to Acc 7
User 3, Acc 2 Balance 1297.000000, Deposit 659.000000 
User 0, Acc 9 Balance 13847.000000, Withdraw 50.000000 
User 1, Acc 3 Balance 492.000000, Transfer 29.000000 to Acc 7
User 0, Acc 0 Balance 384.000000, Withdraw 50.000000 
User 2, Acc 2 Balance 1297.000000, Transfer 23.000000 to Acc 7
User 4, Acc 6 Balance 7514.000000, Withdraw 50.000000 
User 3, Acc 2 Balance 1956.000000, Transfer 1200.000000 to Acc 9
User 4, Acc 7 Balance 53565.000000, Withdraw 50.000000 
User 4, Acc 8 Balance 3659.000000, Withdraw 50.000000 
User 0, Acc 9 Balance 13926.000000, Deposit 617.000000 
User 2, Acc 6 Balance 7514.000000, Transfer 67.000000 to Acc 5
User 0, Acc 9 Balance 15743.000000, Transfer 617.000000 to Acc 1
User 3, Acc 1 Balance 124.000000, Deposit 661.000000 
User 4, Acc 9 Balance 15126.000000, Withdraw 50.000000 
User 4, Acc 0 Balance 334.000000, Withdraw 50.000000 
User 2, Acc 4 Balance 2022.000000, Transfer 53.000000 to Acc 5
User 2, Acc 7 Balance 53515.000000, Withdraw 593.000000 
User 2, Acc 8 Balance 3609.000000, Withdraw 449.000000 
User 2, Acc 9 Balance 15076.000000, Withdraw 163.000000 
User 3, Acc 1 Balance 1402.000000, Transfer 1200.000000 to Acc 9
User 3, Acc 0 Balance 284.000000, Deposit 673.000000 
User 1, Acc 7 Balance 53542.000000, Transfer 31.000000 to Acc 6
User 1, Acc 7 Balance 52891.000000, Transfer 137.000000 to Acc 5
User 4, Acc 9 Balance 15076.000000, Deposit 617.000000 
User 4, Acc 9 Balance 16730.000000, Transfer 617.000000 to Acc 1
User 4, Acc 8 Balance 3160.000000, Deposit 619.000000 
User 2, Acc 9 Balance 14913.000000, Deposit 617.000000 
User 4, Acc 8 Balance 3779.000000, Transfer 619.000000 to Acc 2
User 2, Acc 9 Balance 16730.000000, Transfer 617.000000 to Acc 1
User 4, Acc 7 Balance 52754.000000, Deposit 631.000000 
User 2, Acc 8 Balance 3160.000000, Deposit 619.000000 
User 4, Acc 7 Balance 53385.000000, Transfer 631.000000 to Acc 3
User 0, Acc 8 Balance 3609.000000, Deposit 619.000000 
User 4, Acc 6 Balance 7428.000000, Deposit 641.000000 
User 0, Acc 8 Balance 4398.000000, Transfer 619.000000 to Acc 2
User 4, Acc 6 Balance 8069.000000, Transfer 641.000000 to Acc 4
User 0, Acc 7 Balance 52754.000000, Deposit 631.000000 
User 4, Acc 5 Balance 4155.000000, Deposit 643.000000 
User 0, Acc 7 Balance 53385.000000, Transfer 631.000000 to Acc 3
User 4, Acc 5 Balance 4798.000000, Transfer 1200.000000 to Acc 6
User 0, Acc 6 Balance 7428.000000, Deposit 641.000000 
User 4, Acc 4 Balance 2610.000000, Deposit 647.000000 
User 0, Acc 6 Balance 9269.000000, Transfer 641.000000 to Acc 4
User 4, Acc 4 Balance 3257.000000, Transfer 1200.000000 to Acc 7
User 0, Acc 5 Balance 3598.000000, Deposit 643.000000 
User 4, Acc 3 Balance 2328.000000, Deposit 653.000000 
User 0, Acc 5 Balance 4241.000000, Transfer 1200.000000 to Acc 6
User 0, Acc 4 Balance 2698.000000, Deposit 647.000000 
User 0, Acc 4 Balance 3345.000000, Transfer 1200.000000 to Acc 7
User 0, Acc 3 Balance 2981.000000, Deposit 653.000000 
User 0, Acc 3 Balance 3634.000000, Transfer 1200.000000 to Acc 8
User 0, Acc 2 Balance 1971.000000, Deposit 659.000000 
User 0, Acc 2 Balance 2630.000000, Transfer 1200.000000 to Acc 9
User 0, Acc 1 Balance 1436.000000, Deposit 661.000000 
User 0, Acc 1 Balance 2097.000000, Transfer 1200.000000 to Acc 9
User 0, Acc 0 Balance 957.000000, Deposit 673.000000 
User 0, Acc 0 Balance 1630.000000, Transfer 1200.000000 to Acc 9
User 4, Acc 3 Balance 2981.000000, Transfer 1200.000000 to Acc 8
User 3, Acc 1 Balance 202.000000, Withdraw 50.000000 
User 4, Acc 2 Balance 1430.000000, Deposit 659.000000 
User 3, Acc 2 Balance 1430.000000, Withdraw 50.000000 
User 1, Acc 7 Balance 52754.000000, Transfer 3.000000 to Acc 4
User 0, Acc 1 Balance 897.000000, Withdraw 50.000000 
User 2, Acc 8 Balance 3779.000000, Transfer 619.000000 to Acc 2
User 3, Acc 3 Balance 1234.000000, Withdraw 50.000000 
User 2, Acc 7 Balance 55151.000000, Deposit 631.000000 
User 3, Acc 4 Balance 2148.000000, Withdraw 50.000000 
User 1, Acc 7 Balance 55151.000000, Transfer 5.000000 to Acc 4
User 1, Acc 4 Balance 2103.000000, Withdraw 1167.000000 
User 4, Acc 2 Balance 2039.000000, Transfer 1200.000000 to Acc 9
User 3, Acc 5 Balance 3041.000000, Withdraw 50.000000 
User 4, Acc 1 Balance 797.000000, Deposit 661.000000 
User 2, Acc 7 Balance 55782.000000, Transfer 631.000000 to Acc 3
User 4, Acc 1 Balance 1458.000000, Transfer 1200.000000 to Acc 9
User 1, Acc 5 Balance 3041.000000, Withdraw 1307.000000 
User 4, Acc 0 Balance 430.000000, Deposit 673.000000 
User 1, Acc 1 Balance 258.000000, Transfer 89.000000 to Acc 8
User 4, Acc 1 Balance 258.000000, Withdraw 50.000000 
User 0, Acc 2 Balance 2039.000000, Withdraw 50.000000 
User 4, Acc 2 Balance 1458.000000, Withdraw 50.000000 
User 2, Acc 6 Balance 9828.000000, Deposit 641.000000 
User 1, Acc 1 Balance 169.000000, Transfer 163.000000 to Acc 9
User 3, Acc 6 Balance 9828.000000, Withdraw 50.000000 
User 0, Acc 3 Balance 1815.000000, Withdraw 50.000000 
User 2, Acc 6 Balance 10469.000000, Transfer 641.000000 to Acc 4
User 0, Acc 4 Balance 936.000000, Withdraw 50.000000 
User 3, Acc 7 Balance 55146.000000, Withdraw 50.000000 
User 4, Acc 3 Balance 1815.000000, Withdraw 50.000000 
[22;32mUser 1, Acc 1 Balance -44.000000, 				Withdraw 41.000000 --insufficient funds[0m
User 4, Acc 4 Balance 1527.000000, Withdraw 50.000000 
User 4, Acc 5 Balance 1684.000000, Withdraw 50.000000 
User 0, Acc 5 Balance 1684.000000, Withdraw 50.000000 
User 3, Acc 8 Balance 5649.000000, Withdraw 50.000000 
User 0, Acc 6 Balance 9778.000000, Withdraw 50.000000 
User 1, Acc 2 Balance 1358.000000, Withdraw 71.000000 
User 0, Acc 7 Balance 55096.000000, Withdraw 50.000000 
User 3, Acc 9 Balance 22276.000000, Withdraw 50.000000 
User 0, Acc 8 Balance 5599.000000, Withdraw 50.000000 
User 3, Acc 0 Balance 1103.000000, Withdraw 50.000000 
User 4, Acc 6 Balance 9778.000000, Withdraw 50.000000 
User 2, Acc 5 Balance 1684.000000, Deposit 643.000000 
User 4, Acc 7 Balance 55046.000000, Withdraw 50.000000 
User 0, Acc 9 Balance 22226.000000, Withdraw 50.000000 
User 4, Acc 8 Balance 5549.000000, Withdraw 50.000000 
User 0, Acc 0 Balance 1053.000000, Withdraw 50.000000 
User 4, Acc 9 Balance 22176.000000, Withdraw 50.000000 
User 0, Acc 0 Balance 1003.000000, Deposit 907.000000 
User 4, Acc 0 Balance 1003.000000, Withdraw 50.000000 
User 0, Acc 1 Balance -44.000000, Deposit 911.000000 
User 4, Acc 0 Balance 1860.000000, Deposit 907.000000 
User 0, Acc 2 Balance 1287.000000, Deposit 919.000000 
User 4, Acc 1 Balance 867.000000, Deposit 911.000000 
User 0, Acc 3 Balance 1715.000000, Transfer 29.000000 to Acc 7
User 4, Acc 2 Balance 2206.000000, Deposit 919.000000 
User 0, Acc 7 Balance 55025.000000, Transfer 31.000000 to Acc 6
User 4, Acc 3 Balance 1686.000000, Transfer 29.000000 to Acc 7
User 0, Acc 7 Balance 54994.000000, Transfer 37.000000 to Acc 5
User 4, Acc 7 Balance 55023.000000, Transfer 31.000000 to Acc 6
User 4, Acc 7 Balance 54955.000000, Transfer 37.000000 to Acc 5
User 2, Acc 5 Balance 2227.000000, Transfer 1200.000000 to Acc 6
User 3, Acc 0 Balance 1053.000000, Deposit 907.000000 
User 0, Acc 7 Balance 54986.000000, Transfer 3.000000 to Acc 4
User 1, Acc 3 Balance 1715.000000, Withdraw 1127.000000 
User 0, Acc 7 Balance 54915.000000, Transfer 5.000000 to Acc 4
User 2, Acc 4 Balance 1477.000000, Deposit 647.000000 
User 0, Acc 3 Balance 530.000000, Deposit 929.000000 
User 4, Acc 7 Balance 54918.000000, Transfer 3.000000 to Acc 4
User 0, Acc 4 Balance 2132.000000, Deposit 937.000000 
User 4, Acc 7 Balance 54907.000000, Transfer 5.000000 to Acc 4
User 0, Acc 5 Balance 1101.000000, Deposit 941.000000 
User 0, Acc 4 Balance 3072.000000, Withdraw 167.000000 
User 0, Acc 5 Balance 2042.000000, Withdraw 307.000000 
User 2, Acc 4 Balance 2132.000000, Transfer 1200.000000 to Acc 7
User 0, Acc 1 Balance 1778.000000, Transfer 89.000000 to Acc 8
User 3, Acc 1 Balance 1778.000000, Deposit 911.000000 
User 0, Acc 1 Balance 1689.000000, Transfer 163.000000 to Acc 9
User 4, Acc 3 Balance 1459.000000, Deposit 929.000000 
User 2, Acc 3 Balance 1459.000000, Deposit 653.000000 
User 4, Acc 4 Balance 1710.000000, Deposit 937.000000 
User 3, Acc 2 Balance 3125.000000, Deposit 919.000000 
User 0, Acc 1 Balance 2437.000000, Withdraw 41.000000 
User 1, Acc 6 Balance 10940.000000, Withdraw 647.000000 
User 0, Acc 2 Balance 4044.000000, Withdraw 71.000000 
User 0, Acc 3 Balance 3041.000000, Withdraw 127.000000 
User 4, Acc 5 Balance 1735.000000, Deposit 941.000000 
User 3, Acc 3 Balance 3041.000000, Transfer 29.000000 to Acc 7
User 4, Acc 4 Balance 2647.000000, Withdraw 167.000000 
User 1, Acc 6 Balance 10293.000000, Deposit 1953.000000 
User 0, Acc 6 Balance 10293.000000, Withdraw 647.000000 
User 2, Acc 3 Balance 3041.000000, Transfer 1200.000000 to Acc 8
User 0, Acc 6 Balance 11599.000000, Deposit 953.000000 
User 2, Acc 2 Balance 3973.000000, Deposit 659.000000 
User 2, Acc 2 Balance 4632.000000, Transfer 1200.000000 to Acc 9
User 0, Acc 7 Balance 56131.000000, Deposit 967.000000 
User 3, Acc 7 Balance 56131.000000, Transfer 31.000000 to Acc 6
User 0, Acc 1 Balance 2396.000000, Transfer 19.000000 to Acc 7
User 1, Acc 7 Balance 56131.000000, Deposit 967.000000 
User 0, Acc 2 Balance 3432.000000, Transfer 23.000000 to Acc 7
User 4, Acc 5 Balance 2676.000000, Withdraw 307.000000 
User 3, Acc 7 Balance 57067.000000, Transfer 37.000000 to Acc 5
User 4, Acc 1 Balance 2377.000000, Transfer 89.000000 to Acc 8
User 1, Acc 1 Balance 2377.000000, Transfer 19.000000 to Acc 7
User 0, Acc 6 Balance 12583.000000, Transfer 67.000000 to Acc 5
User 0, Acc 4 Balance 2480.000000, Transfer 53.000000 to Acc 5
User 0, Acc 7 Balance 58058.000000, Withdraw 593.000000 
User 0, Acc 8 Balance 6877.000000, Withdraw 449.000000 
User 4, Acc 1 Balance 2288.000000, Transfer 163.000000 to Acc 9
User 0, Acc 9 Balance 23489.000000, Withdraw 163.000000 
User 4, Acc 1 Balance 2106.000000, Withdraw 41.000000 
User 0, Acc 9 Balance 23489.000000, Deposit 617.000000 
User 4, Acc 2 Balance 3409.000000, Withdraw 71.000000 
User 1, Acc 2 Balance 3409.000000, Transfer 23.000000 to Acc 7
User 2, Acc 1 Balance 2396.000000, Deposit 661.000000 
User 3, Acc 7 Balance 58039.000000, Transfer 3.000000 to Acc 4
User 0, Acc 9 Balance 24106.000000, Transfer 617.000000 to Acc 9
User 0, Acc 8 Balance 6428.000000, Deposit 619.000000 
User 2, Acc 1 Balance 2726.000000, Transfer 1200.000000 to Acc 9
User 0, Acc 8 Balance 7047.000000, Transfer 619.000000 to Acc 2
User 2, Acc 0 Balance 3674.000000, Deposit 673.000000 
User 2, Acc 0 Balance 4347.000000, Transfer 1200.000000 to Acc 9
User 0, Acc 7 Balance 57485.000000, Deposit 631.000000 
User 3, Acc 7 Balance 57485.000000, Transfer 5.000000 to Acc 4
User 0, Acc 7 Balance 58116.000000, Transfer 631.000000 to Acc 3
User 1, Acc 6 Balance 12516.000000, Transfer 1167.000000 to Acc 5
User 0, Acc 6 Balance 12516.000000, Deposit 641.000000 
User 3, Acc 3 Balance 1685.000000, Deposit 929.000000 
User 4, Acc 3 Balance 1685.000000, Withdraw 127.000000 
User 4, Acc 6 Balance 11990.000000, Withdraw 647.000000 
User 2, Acc 1 Balance 1526.000000, Withdraw 50.000000 
User 4, Acc 6 Balance 11343.000000, Deposit 953.000000 
User 3, Acc 4 Balance 2435.000000, Deposit 937.000000 
User 4, Acc 7 Balance 57480.000000, Deposit 967.000000 
User 2, Acc 2 Balance 3934.000000, Withdraw 50.000000 
User 4, Acc 1 Balance 1476.000000, Transfer 19.000000 to Acc 7
User 3, Acc 5 Balance 3693.000000, Deposit 941.000000 
User 4, Acc 2 Balance 3884.000000, Transfer 23.000000 to Acc 7
User 0, Acc 6 Balance 11990.000000, Transfer 641.000000 to Acc 4
User 0, Acc 5 Balance 4634.000000, Deposit 643.000000 
User 0, Acc 5 Balance 5277.000000, Transfer 1200.000000 to Acc 6
User 0, Acc 4 Balance 4013.000000, Deposit 647.000000 
User 0, Acc 4 Balance 4660.000000, Transfer 1200.000000 to Acc 7
User 4, Acc 6 Balance 12296.000000, Transfer 67.000000 to Acc 5
User 2, Acc 3 Balance 3118.000000, Withdraw 50.000000 
User 4, Acc 4 Balance 3460.000000, Transfer 53.000000 to Acc 5
User 3, Acc 4 Balance 3372.000000, Withdraw 167.000000 
User 4, Acc 7 Balance 59689.000000, Withdraw 593.000000 
User 2, Acc 4 Balance 3460.000000, Withdraw 50.000000 
User 4, Acc 8 Balance 6428.000000, Withdraw 449.000000 
User 0, Acc 3 Balance 3118.000000, Deposit 653.000000 
User 3, Acc 5 Balance 4197.000000, Withdraw 307.000000 
User 0, Acc 3 Balance 3721.000000, Transfer 1200.000000 to Acc 8
User 3, Acc 1 Balance 1457.000000, Transfer 89.000000 to Acc 8
User 0, Acc 2 Balance 3861.000000, Deposit 659.000000 
User 4, Acc 9 Balance 26506.000000, Withdraw 163.000000 
User 0, Acc 2 Balance 4520.000000, Transfer 1200.000000 to Acc 9
User 4, Acc 9 Balance 26343.000000, Deposit 617.000000 
User 2, Acc 5 Balance 4197.000000, Withdraw 50.000000 
User 4, Acc 9 Balance 28160.000000, Transfer 617.000000 to Acc 1
User 2, Acc 6 Balance 12788.000000, Withdraw 50.000000 
User 4, Acc 8 Balance 7268.000000, Deposit 619.000000 
User 1, Acc 4 Balance 2435.000000, Transfer 53.000000 to Acc 5
User 4, Acc 8 Balance 7887.000000, Transfer 619.000000 to Acc 2
User 1, Acc 7 Balance 59096.000000, Withdraw 1593.000000 
User 4, Acc 7 Balance 59096.000000, Deposit 631.000000 
User 3, Acc 1 Balance 1368.000000, Transfer 163.000000 to Acc 9
User 4, Acc 7 Balance 58134.000000, Transfer 631.000000 to Acc 3
User 0, Acc 1 Balance 1368.000000, Deposit 661.000000 
User 1, Acc 8 Balance 7268.000000, Withdraw 449.000000 
User 0, Acc 1 Balance 2483.000000, Transfer 1200.000000 to Acc 9
User 3, Acc 1 Balance 1822.000000, Withdraw 41.000000 
User 0, Acc 0 Balance 3147.000000, Deposit 673.000000 
User 2, Acc 7 Balance 59096.000000, Withdraw 50.000000 
User 0, Acc 0 Balance 3820.000000, Transfer 1200.000000 to Acc 9
User 4, Acc 6 Balance 12738.000000, Deposit 641.000000 
User 3, Acc 2 Balance 3939.000000, Withdraw 71.000000 
User 4, Acc 6 Balance 13379.000000, Transfer 641.000000 to Acc 4
User 2, Acc 8 Balance 6819.000000, Withdraw 50.000000 
User 0, Acc 1 Balance 1242.000000, Withdraw 50.000000 
User 0, Acc 2 Balance 3868.000000, Withdraw 50.000000 
User 0, Acc 3 Balance 3152.000000, Withdraw 50.000000 
User 0, Acc 4 Balance 3778.000000, Withdraw 50.000000 
User 4, Acc 5 Balance 3893.000000, Deposit 643.000000 
User 0, Acc 5 Balance 3893.000000, Withdraw 50.000000 
User 4, Acc 5 Balance 4536.000000, Transfer 1200.000000 to Acc 6
User 0, Acc 6 Balance 12738.000000, Withdraw 50.000000 
User 4, Acc 4 Balance 3728.000000, Deposit 647.000000 
User 0, Acc 7 Balance 57453.000000, Withdraw 50.000000 
User 4, Acc 4 Balance 4375.000000, Transfer 1200.000000 to Acc 7
User 0, Acc 8 Balance 6769.000000, Withdraw 50.000000 
User 2, Acc 9 Balance 30106.000000, Withdraw 50.000000 
User 1, Acc 9 Balance 27706.000000, Withdraw 163.000000 
User 3, Acc 3 Balance 3152.000000, Withdraw 127.000000 
User 4, Acc 3 Balance 3102.000000, Deposit 653.000000 
User 2, Acc 0 Balance 2620.000000, Withdraw 50.000000 
User 4, Acc 3 Balance 3628.000000, Transfer 1200.000000 to Acc 8
User 2, Acc 0 Balance 2570.000000, Deposit 100.000000 
User 4, Acc 2 Balance 3818.000000, Deposit 659.000000 
User 4, Acc 2 Balance 4477.000000, Transfer 1200.000000 to Acc 9
User 4, Acc 1 Balance 1192.000000, Deposit 661.000000 
User 4, Acc 1 Balance 1853.000000, Transfer 1200.000000 to Acc 9
User 0, Acc 9 Balance 30106.000000, Withdraw 50.000000 
User 4, Acc 0 Balance 2670.000000, Deposit 673.000000 
User 0, Acc 0 Balance 2670.000000, Withdraw 50.000000 
User 4, Acc 0 Balance 3343.000000, Transfer 1200.000000 to Acc 9
User 0, Acc 0 Balance 3293.000000, Deposit 100.000000 
User 4, Acc 1 Balance 653.000000, Withdraw 50.000000 
User 3, Acc 6 Balance 13888.000000, Withdraw 647.000000 
User 2, Acc 0 Balance 2670.000000, Deposit 200.000000 
User 1, Acc 0 Balance 2620.000000, Deposit 907.000000 
User 0, Acc 0 Balance 2193.000000, Deposit 200.000000 
User 3, Acc 6 Balance 13241.000000, Deposit 953.000000 
User 0, Acc 0 Balance 3500.000000, Deposit 300.000000 
User 2, Acc 0 Balance 2393.000000, Deposit 300.000000 
User 0, Acc 0 Balance 3800.000000, Withdraw 200.000000 
User 2, Acc 0 Balance 4100.000000, Withdraw 200.000000 
User 3, Acc 7 Balance 58603.000000, Deposit 967.000000 
User 0, Acc 0 Balance 3700.000000, Withdraw 100.000000 
User 4, Acc 2 Balance 3277.000000, Withdraw 50.000000 
User 0, Acc 0 Balance 3600.000000, Withdraw 50.000000 
User 4, Acc 3 Balance 2428.000000, Withdraw 50.000000 
User 0, Acc 1 Balance 603.000000, Transfer 200.000000 to Acc 0
User 4, Acc 4 Balance 3175.000000, Withdraw 50.000000 
Balance in 0: 3750.000000
User 3, Acc 1 Balance 603.000000, Transfer 19.000000 to Acc 7
User 2, Acc 0 Balance 3900.000000, Withdraw 100.000000 
User 1, Acc 1 Balance 603.000000, Deposit 911.000000 
User 0, Acc 0 Balance 3750.000000, Deposit 100.000000 
User 4, Acc 5 Balance 3286.000000, Withdraw 50.000000 
User 0, Acc 0 Balance 3750.000000, Deposit 200.000000 
User 4, Acc 6 Balance 14194.000000, Withdraw 50.000000 
User 0, Acc 0 Balance 3950.000000, Deposit 300.000000 
User 1, Acc 2 Balance 3227.000000, Deposit 919.000000 
User 3, Acc 2 Balance 3227.000000, Transfer 23.000000 to Acc 7
User 2, Acc 0 Balance 3650.000000, Withdraw 50.000000 
User 4, Acc 7 Balance 59589.000000, Withdraw 50.000000 
User 1, Acc 3 Balance 2378.000000, Transfer 29.000000 to Acc 7
User 4, Acc 8 Balance 7919.000000, Withdraw 50.000000 
User 2, Acc 1 Balance 1295.000000, Transfer 200.000000 to Acc 0
User 4, Acc 9 Balance 33443.000000, Withdraw 50.000000 
Balance in 0: 4400.000000
User 1, Acc 7 Balance 59591.000000, Transfer 31.000000 to Acc 6
User 3, Acc 6 Balance 14144.000000, Transfer 67.000000 to Acc 5
User 0, Acc 0 Balance 4250.000000, Withdraw 200.000000 
User 2, Acc 0 Balance 4400.000000, Deposit 100.000000 
User 0, Acc 0 Balance 4200.000000, Withdraw 100.000000 
User 2, Acc 0 Balance 4300.000000, Deposit 200.000000 
User 0, Acc 0 Balance 4200.000000, Withdraw 50.000000 
User 4, Acc 0 Balance 4400.000000, Withdraw 50.000000 
User 0, Acc 1 Balance 1095.000000, Transfer 200.000000 to Acc 0
User 2, Acc 0 Balance 4400.000000, Deposit 300.000000 
User 1, Acc 7 Balance 59560.000000, Transfer 37.000000 to Acc 5
User 3, Acc 4 Balance 3125.000000, Transfer 53.000000 to Acc 5
User 3, Acc 7 Balance 59523.000000, Withdraw 593.000000 
User 2, Acc 0 Balance 4800.000000, Withdraw 200.000000 
User 3, Acc 8 Balance 7869.000000, Withdraw 449.000000 
User 3, Acc 9 Balance 33393.000000, Withdraw 163.000000 
Balance in 0: 4500.000000
User 1, Acc 7 Balance 59523.000000, Transfer 3.000000 to Acc 4
User 1, Acc 7 Balance 58927.000000, Transfer 5.000000 to Acc 4
User 1, Acc 3 Balance 2349.000000, Deposit 929.000000 
User 1, Acc 4 Balance 3080.000000, Deposit 937.000000 
User 2, Acc 0 Balance 4600.000000, Withdraw 100.000000 
User 2, Acc 0 Balance 4500.000000, Withdraw 50.000000 
User 2, Acc 1 Balance 895.000000, Transfer 200.000000 to Acc 0
Balance in 0: 4650.000000
User 1, Acc 5 Balance 3393.000000, Deposit 941.000000 
User 1, Acc 4 Balance 4017.000000, Withdraw 167.000000 
User 1, Acc 5 Balance 4334.000000, Withdraw 307.000000 
User 1, Acc 1 Balance 695.000000, Transfer 89.000000 to Acc 8
User 1, Acc 1 Balance 606.000000, Transfer 163.000000 to Acc 9
User 1, Acc 1 Balance 443.000000, Withdraw 41.000000 
User 1, Acc 2 Balance 4123.000000, Withdraw 71.000000 
User 1, Acc 3 Balance 3278.000000, Withdraw 127.000000 
User 1, Acc 6 Balance 14108.000000, Withdraw 647.000000 
User 1, Acc 6 Balance 13461.000000, Deposit 953.000000 
User 1, Acc 7 Balance 58922.000000, Deposit 967.000000 
User 1, Acc 1 Balance 402.000000, Transfer 19.000000 to Acc 7
User 1, Acc 2 Balance 4052.000000, Transfer 23.000000 to Acc 7
User 1, Acc 6 Balance 14414.000000, Transfer 67.000000 to Acc 5
User 1, Acc 4 Balance 3850.000000, Transfer 53.000000 to Acc 5
User 1, Acc 7 Balance 59931.000000, Withdraw 593.000000 
User 1, Acc 8 Balance 7509.000000, Withdraw 449.000000 
User 1, Acc 9 Balance 33393.000000, Withdraw 163.000000 
  ***     End of transaction batch    ***  
Account 0 balance after completion of transaction batch: 4650.000000
Account 1 balance after completion of transaction batch: 383.000000
Account 2 balance after completion of transaction batch: 4029.000000
Account 3 balance after completion of transaction batch: 3151.000000
Account 4 balance after completion of transaction batch: 3797.000000
Account 5 balance after completion of transaction batch: 4147.000000
Account 6 balance after completion of transaction batch: 14347.000000
Account 7 balance after completion of transaction batch: 59338.000000
Account 8 balance after completion of transaction batch: 7060.000000
Account 9 balance after completion of transaction batch: 33230.000000
