# Output generated by:
# ./my_executable 5 data/transactions7.txt data/transactions11.txt data/transactions4.txt data/transactions10.txt data/transactions1.txt

********************************************
   Reading and parsing a transaction file   
********************************************
Parsed transaction: deposit 7 9929.000000 
Loaded deposit transaction
Parsed transaction: deposit 4 937.000000 
Loaded deposit transaction
Parsed transaction: deposit 5 941.000000 
Loaded deposit transaction
Parsed transaction: deposit 0 7.000000 
Loaded deposit transaction
Parsed transaction: deposit 3 29.000000 
Loaded deposit transaction
Parsed transaction: deposit 7 9.000000 
Loaded deposit transaction
Parsed transaction: deposit 9 129.000000 
Loaded deposit transaction
Parsed transaction: transfer 3 7 29.000000 
Loaded transfer transaction
Parsed transaction: transfer 7 6 31.000000 
Loaded transfer transaction
Parsed transaction: transfer 7 5 137.000000 
Loaded transfer transaction
Parsed transaction: transfer 7 4 3.000000 
Loaded transfer transaction
Parsed transaction: transfer 7 4 5.000000 
Loaded transfer transaction
Parsed transaction: withdraw 4 1167.000000 
Loaded withdrawal transaction
Parsed transaction: withdraw 5 1307.000000 
Loaded withdrawal transaction
Parsed transaction: transfer 1 8 89.000000 
Loaded transfer transaction
Parsed transaction: transfer 1 9 163.000000 
Loaded transfer transaction
Parsed transaction: withdraw 1 41.000000 
Loaded withdrawal transaction
Parsed transaction: withdraw 2 71.000000 
Loaded withdrawal transaction
Parsed transaction: withdraw 3 1127.000000 
Loaded withdrawal transaction
Parsed transaction: withdraw 6 647.000000 
Loaded withdrawal transaction
Parsed transaction: deposit 6 1953.000000 
Loaded deposit transaction
Parsed transaction: deposit 7 967.000000 
Loaded deposit transaction
Parsed transaction: transfer 1 7 19.000000 
Loaded transfer transaction
Parsed transaction: transfer 2 7 23.000000 
Loaded transfer transaction
Parsed transaction: transfer 6 5 1167.000000 
Loaded transfer transaction
Parsed transaction: transfer 4 5 53.000000 
Loaded transfer transaction
Parsed transaction: withdraw 7 1593.000000 
Loaded withdrawal transaction
Parsed transaction: withdraw 8 449.000000 
Loaded withdrawal transaction
Parsed transaction: withdraw 9 163.000000 
Loaded withdrawal transaction
********************************************
********************************************
   Reading and parsing a transaction file   
********************************************
Parsed transaction: deposit 9 617.000000 
Loaded deposit transaction
Parsed transaction: transfer 9 9 617.000000 
Loaded transfer transaction
Parsed transaction: deposit 8 619.000000 
Loaded deposit transaction
Parsed transaction: transfer 8 2 619.000000 
Loaded transfer transaction
Parsed transaction: deposit 7 631.000000 
Loaded deposit transaction
Parsed transaction: transfer 7 3 631.000000 
Loaded transfer transaction
Parsed transaction: deposit 6 641.000000 
Loaded deposit transaction
Parsed transaction: transfer 6 4 641.000000 
Loaded transfer transaction
Parsed transaction: deposit 5 643.000000 
Loaded deposit transaction
Parsed transaction: transfer 5 6 1200.000000 
Loaded transfer transaction
Parsed transaction: deposit 4 647.000000 
Loaded deposit transaction
Parsed transaction: transfer 4 7 1200.000000 
Loaded transfer transaction
Parsed transaction: deposit 3 653.000000 
Loaded deposit transaction
Parsed transaction: transfer 3 8 1200.000000 
Loaded transfer transaction
Parsed transaction: deposit 2 659.000000 
Loaded deposit transaction
Parsed transaction: transfer 2 9 1200.000000 
Loaded transfer transaction
Parsed transaction: deposit 1 661.000000 
Loaded deposit transaction
Parsed transaction: transfer 1 9 1200.000000 
Loaded transfer transaction
Parsed transaction: deposit 0 673.000000 
Loaded deposit transaction
Parsed transaction: transfer 0 9 1200.000000 
Loaded transfer transaction
Parsed transaction: withdraw 1 50.000000 
Loaded withdrawal transaction
Parsed transaction: withdraw 2 50.000000 
Loaded withdrawal transaction
Parsed transaction: withdraw 3 50.000000 
Loaded withdrawal transaction
Parsed transaction: withdraw 4 50.000000 
Loaded withdrawal transaction
Parsed transaction: withdraw 5 50.000000 
Loaded withdrawal transaction
Parsed transaction: withdraw 6 50.000000 
Loaded withdrawal transaction
Parsed transaction: withdraw 7 50.000000 
Loaded withdrawal transaction
Parsed transaction: withdraw 8 50.000000 
Loaded withdrawal transaction
Parsed transaction: withdraw 9 50.000000 
Loaded withdrawal transaction
Parsed transaction: withdraw 0 50.000000 
Loaded withdrawal transaction
********************************************
********************************************
   Reading and parsing a transaction file   
********************************************
Parsed transaction: deposit 0 907.000000 
Loaded deposit transaction
Parsed transaction: deposit 1 911.000000 
Loaded deposit transaction
Parsed transaction: deposit 2 919.000000 
Loaded deposit transaction
Parsed transaction: deposit 3 929.000000 
Loaded deposit transaction
Parsed transaction: deposit 4 937.000000 
Loaded deposit transaction
Parsed transaction: deposit 5 941.000000 
Loaded deposit transaction
Parsed transaction: deposit 6 953.000000 
Loaded deposit transaction
Parsed transaction: deposit 7 967.000000 
Loaded deposit transaction
Parsed transaction: transfer 1 7 19.000000 
Loaded transfer transaction
Parsed transaction: transfer 2 7 23.000000 
Loaded transfer transaction
Parsed transaction: transfer 3 7 29.000000 
Loaded transfer transaction
Parsed transaction: transfer 7 6 31.000000 
Loaded transfer transaction
Parsed transaction: transfer 7 5 37.000000 
Loaded transfer transaction
Parsed transaction: transfer 7 4 3.000000 
Loaded transfer transaction
Parsed transaction: transfer 7 4 5.000000 
Loaded transfer transaction
Parsed transaction: transfer 6 5 67.000000 
Loaded transfer transaction
Parsed transaction: transfer 4 5 53.000000 
Loaded transfer transaction
Parsed transaction: transfer 1 8 89.000000 
Loaded transfer transaction
Parsed transaction: transfer 1 9 163.000000 
Loaded transfer transaction
Parsed transaction: withdraw 1 41.000000 
Loaded withdrawal transaction
Parsed transaction: withdraw 2 71.000000 
Loaded withdrawal transaction
Parsed transaction: withdraw 3 127.000000 
Loaded withdrawal transaction
Parsed transaction: withdraw 4 167.000000 
Loaded withdrawal transaction
Parsed transaction: withdraw 5 307.000000 
Loaded withdrawal transaction
Parsed transaction: withdraw 6 647.000000 
Loaded withdrawal transaction
Parsed transaction: withdraw 7 593.000000 
Loaded withdrawal transaction
Parsed transaction: withdraw 8 449.000000 
Loaded withdrawal transaction
Parsed transaction: withdraw 9 163.000000 
Loaded withdrawal transaction
********************************************
********************************************
   Reading and parsing a transaction file   
********************************************
Parsed transaction: withdraw 1 500.000000 
Loaded withdrawal transaction
Parsed transaction: withdraw 2 500.000000 
Loaded withdrawal transaction
Parsed transaction: withdraw 3 500.000000 
Loaded withdrawal transaction
Parsed transaction: withdraw 4 500.000000 
Loaded withdrawal transaction
Parsed transaction: withdraw 5 500.000000 
Loaded withdrawal transaction
Parsed transaction: withdraw 6 500.000000 
Loaded withdrawal transaction
Parsed transaction: withdraw 7 500.000000 
Loaded withdrawal transaction
Parsed transaction: withdraw 8 500.000000 
Loaded withdrawal transaction
Parsed transaction: withdraw 9 500.000000 
Loaded withdrawal transaction
Parsed transaction: withdraw 0 500.000000 
Loaded withdrawal transaction
Parsed transaction: withdraw 1 500.000000 
Loaded withdrawal transaction
Parsed transaction: withdraw 2 500.000000 
Loaded withdrawal transaction
Parsed transaction: withdraw 3 500.000000 
Loaded withdrawal transaction
Parsed transaction: withdraw 4 500.000000 
Loaded withdrawal transaction
Parsed transaction: withdraw 5 500.000000 
Loaded withdrawal transaction
Parsed transaction: withdraw 6 500.000000 
Loaded withdrawal transaction
Parsed transaction: withdraw 7 500.000000 
Loaded withdrawal transaction
Parsed transaction: withdraw 8 500.000000 
Loaded withdrawal transaction
Parsed transaction: withdraw 9 500.000000 
Loaded withdrawal transaction
Parsed transaction: withdraw 0 500.000000 
Loaded withdrawal transaction
Parsed transaction: withdraw 1 500.000000 
Loaded withdrawal transaction
Parsed transaction: withdraw 2 500.000000 
Loaded withdrawal transaction
Parsed transaction: withdraw 3 500.000000 
Loaded withdrawal transaction
Parsed transaction: withdraw 4 500.000000 
Loaded withdrawal transaction
Parsed transaction: withdraw 5 500.000000 
Loaded withdrawal transaction
Parsed transaction: withdraw 6 500.000000 
Loaded withdrawal transaction
Parsed transaction: withdraw 7 500.000000 
Loaded withdrawal transaction
Parsed transaction: withdraw 8 500.000000 
Loaded withdrawal transaction
Parsed transaction: withdraw 9 500.000000 
Loaded withdrawal transaction
Parsed transaction: withdraw 0 500.000000 
Loaded withdrawal transaction
********************************************
********************************************
   Reading and parsing a transaction file   
********************************************
Parsed transaction: deposit 0 100.000000 
Loaded deposit transaction
Parsed transaction: deposit 0 200.000000 
Loaded deposit transaction
Parsed transaction: deposit 0 300.000000 
Loaded deposit transaction
Parsed transaction: withdraw 0 200.000000 
Loaded withdrawal transaction
Parsed transaction: withdraw 0 100.000000 
Loaded withdrawal transaction
Parsed transaction: withdraw 0 50.000000 
Loaded withdrawal transaction
Parsed transaction: transfer 1 0 200.000000 
Loaded transfer transaction
Parsed transaction: balance 0 
Loaded balance transaction
********************************************
  ***    Start of transaction batch    ***  
User 0, Acc 7 Balance 0.000000, Deposit 9929.000000 
User 0, Acc 4 Balance 0.000000, Deposit 937.000000 
User 0, Acc 5 Balance 0.000000, Deposit 941.000000 
User 0, Acc 0 Balance 0.000000, Deposit 7.000000 
User 0, Acc 3 Balance 0.000000, Deposit 29.000000 
User 0, Acc 7 Balance 9929.000000, Deposit 9.000000 
User 0, Acc 9 Balance 0.000000, Deposit 129.000000 
User 0, Acc 3 Balance 29.000000, Transfer 29.000000 to Acc 7
User 0, Acc 7 Balance 9967.000000, Transfer 31.000000 to Acc 6
User 0, Acc 7 Balance 9936.000000, Transfer 137.000000 to Acc 5
User 0, Acc 7 Balance 9799.000000, Transfer 3.000000 to Acc 4
User 0, Acc 7 Balance 9796.000000, Transfer 5.000000 to Acc 4
[22;32mUser 0, Acc 4 Balance 945.000000, 				Withdraw 1167.000000 --insufficient funds[0m
[22;32mUser 0, Acc 5 Balance 1078.000000, 				Withdraw 1307.000000 --insufficient funds[0m
[22;32mUser 0, Acc 1 Balance 0.000000, 				Withdraw 41.000000 --insufficient funds[0m
[22;32mUser 0, Acc 2 Balance 0.000000, 				Withdraw 71.000000 --insufficient funds[0m
[22;32mUser 0, Acc 3 Balance 0.000000, 				Withdraw 1127.000000 --insufficient funds[0m
[22;32mUser 0, Acc 6 Balance 31.000000, 				Withdraw 647.000000 --insufficient funds[0m
User 0, Acc 6 Balance 31.000000, Deposit 1953.000000 
User 0, Acc 7 Balance 9791.000000, Deposit 967.000000 
User 0, Acc 6 Balance 1984.000000, Transfer 1167.000000 to Acc 5
User 0, Acc 4 Balance 945.000000, Transfer 53.000000 to Acc 5
User 0, Acc 7 Balance 10758.000000, Withdraw 1593.000000 
[22;32mUser 0, Acc 8 Balance 0.000000, 				Withdraw 449.000000 --insufficient funds[0m
[22;32mUser 0, Acc 9 Balance 129.000000, 				Withdraw 163.000000 --insufficient funds[0m
User 0, Acc 0 Balance 7.000000, Deposit 100.000000 
User 1, Acc 9 Balance 129.000000, Deposit 617.000000 
User 0, Acc 0 Balance 107.000000, Deposit 200.000000 
User 1, Acc 9 Balance 746.000000, Transfer 617.000000 to Acc 9
User 0, Acc 0 Balance 307.000000, Deposit 300.000000 
User 4, Acc 7 Balance 9165.000000, Deposit 9929.000000 
[22;32mUser 3, Acc 1 Balance 0.000000, 				Withdraw 500.000000 --insufficient funds[0m
User 1, Acc 8 Balance 0.000000, Deposit 619.000000 
[22;32mUser 3, Acc 2 Balance 0.000000, 				Withdraw 500.000000 --insufficient funds[0m
User 2, Acc 0 Balance 7.000000, Deposit 907.000000 
User 2, Acc 1 Balance 0.000000, Deposit 911.000000 
User 4, Acc 4 Balance 892.000000, Deposit 937.000000 
User 4, Acc 5 Balance 2298.000000, Deposit 941.000000 
User 4, Acc 0 Balance 1514.000000, Deposit 7.000000 
User 4, Acc 3 Balance 0.000000, Deposit 29.000000 
User 4, Acc 7 Balance 19094.000000, Deposit 9.000000 
User 4, Acc 9 Balance 746.000000, Deposit 129.000000 
User 4, Acc 3 Balance 29.000000, Transfer 29.000000 to Acc 7
User 4, Acc 7 Balance 19132.000000, Transfer 31.000000 to Acc 6
User 4, Acc 7 Balance 19101.000000, Transfer 137.000000 to Acc 5
User 4, Acc 7 Balance 18964.000000, Transfer 3.000000 to Acc 4
User 4, Acc 7 Balance 18961.000000, Transfer 5.000000 to Acc 4
User 4, Acc 4 Balance 1837.000000, Withdraw 1167.000000 
User 0, Acc 0 Balance 607.000000, Withdraw 200.000000 
User 4, Acc 5 Balance 3376.000000, Withdraw 1307.000000 
User 0, Acc 0 Balance 1321.000000, Withdraw 100.000000 
User 4, Acc 1 Balance 911.000000, Transfer 89.000000 to Acc 8
User 0, Acc 0 Balance 1221.000000, Withdraw 50.000000 
User 4, Acc 1 Balance 822.000000, Transfer 163.000000 to Acc 9
User 0, Acc 1 Balance 822.000000, Transfer 200.000000 to Acc 0
User 4, Acc 1 Balance 659.000000, Withdraw 41.000000 
User 2, Acc 2 Balance 0.000000, Deposit 919.000000 
[22;32mUser 3, Acc 3 Balance 0.000000, 				Withdraw 500.000000 --insufficient funds[0m
User 1, Acc 8 Balance 619.000000, Transfer 619.000000 to Acc 2
Balance in 0: 1371.000000
User 2, Acc 3 Balance 0.000000, Deposit 929.000000 
User 0, Acc 7 Balance 18956.000000, Deposit 9929.000000 
User 1, Acc 7 Balance 18956.000000, Deposit 631.000000 
User 0, Acc 4 Balance 670.000000, Deposit 937.000000 
User 2, Acc 4 Balance 670.000000, Deposit 937.000000 
User 0, Acc 5 Balance 2069.000000, Deposit 941.000000 
[22;32mUser 4, Acc 2 Balance 0.000000, 				Withdraw 71.000000 --insufficient funds[0m
User 0, Acc 0 Balance 1371.000000, Deposit 7.000000 
[22;32mUser 4, Acc 3 Balance 929.000000, 				Withdraw 1127.000000 --insufficient funds[0m
User 0, Acc 3 Balance 929.000000, Deposit 29.000000 
User 4, Acc 6 Balance 848.000000, Withdraw 647.000000 
User 0, Acc 7 Balance 29516.000000, Deposit 9.000000 
User 2, Acc 5 Balance 2069.000000, Deposit 941.000000 
User 3, Acc 4 Balance 670.000000, Withdraw 500.000000 
User 1, Acc 7 Balance 29516.000000, Transfer 631.000000 to Acc 3
User 4, Acc 6 Balance 201.000000, Deposit 1953.000000 
User 0, Acc 9 Balance 1038.000000, Deposit 129.000000 
User 4, Acc 7 Balance 28894.000000, Deposit 967.000000 
User 0, Acc 3 Balance 1589.000000, Transfer 29.000000 to Acc 7
User 4, Acc 1 Balance 418.000000, Transfer 19.000000 to Acc 7
User 0, Acc 7 Balance 29890.000000, Transfer 31.000000 to Acc 6
User 4, Acc 2 Balance 1538.000000, Transfer 23.000000 to Acc 7
User 0, Acc 7 Balance 29878.000000, Transfer 137.000000 to Acc 5
User 4, Acc 6 Balance 2185.000000, Transfer 1167.000000 to Acc 5
User 0, Acc 7 Balance 29764.000000, Transfer 3.000000 to Acc 4
User 4, Acc 4 Balance 2044.000000, Transfer 53.000000 to Acc 5
User 0, Acc 7 Balance 29761.000000, Transfer 5.000000 to Acc 4
User 3, Acc 5 Balance 3951.000000, Withdraw 500.000000 
User 1, Acc 6 Balance 201.000000, Deposit 641.000000 
User 2, Acc 6 Balance 201.000000, Deposit 953.000000 
User 4, Acc 7 Balance 29761.000000, Withdraw 1593.000000 
User 3, Acc 6 Balance 1018.000000, Withdraw 500.000000 
[22;32mUser 4, Acc 8 Balance 89.000000, 				Withdraw 449.000000 --insufficient funds[0m
User 3, Acc 7 Balance 28163.000000, Withdraw 500.000000 
User 4, Acc 9 Balance 1167.000000, Withdraw 163.000000 
[22;32mUser 3, Acc 8 Balance 89.000000, 				Withdraw 500.000000 --insufficient funds[0m
User 4, Acc 7 Balance 27663.000000, Deposit 9929.000000 
User 0, Acc 4 Balance 1999.000000, Withdraw 1167.000000 
User 4, Acc 4 Balance 1999.000000, Deposit 937.000000 
User 1, Acc 6 Balance 1659.000000, Transfer 641.000000 to Acc 4
User 4, Acc 5 Balance 4808.000000, Deposit 941.000000 
User 0, Acc 5 Balance 4808.000000, Withdraw 1307.000000 
User 3, Acc 9 Balance 1004.000000, Withdraw 500.000000 
User 0, Acc 1 Balance 399.000000, Transfer 89.000000 to Acc 8
User 3, Acc 0 Balance 1378.000000, Withdraw 500.000000 
User 0, Acc 1 Balance 310.000000, Transfer 163.000000 to Acc 9
User 0, Acc 1 Balance 147.000000, Withdraw 41.000000 
User 0, Acc 2 Balance 1515.000000, Withdraw 71.000000 
User 0, Acc 3 Balance 1560.000000, Withdraw 1127.000000 
User 0, Acc 6 Balance 1471.000000, Withdraw 647.000000 
User 0, Acc 6 Balance 824.000000, Deposit 1953.000000 
User 0, Acc 7 Balance 37592.000000, Deposit 967.000000 
User 0, Acc 1 Balance 106.000000, Transfer 19.000000 to Acc 7
User 0, Acc 2 Balance 1444.000000, Transfer 23.000000 to Acc 7
User 0, Acc 6 Balance 2777.000000, Transfer 1167.000000 to Acc 5
User 0, Acc 4 Balance 2410.000000, Transfer 53.000000 to Acc 5
User 0, Acc 7 Balance 38601.000000, Withdraw 1593.000000 
[22;32mUser 0, Acc 8 Balance 178.000000, 				Withdraw 449.000000 --insufficient funds[0m
User 0, Acc 9 Balance 667.000000, Withdraw 163.000000 
User 0, Acc 9 Balance 504.000000, Deposit 617.000000 
User 2, Acc 7 Balance 29756.000000, Deposit 967.000000 
[22;32mUser 3, Acc 1 Balance 310.000000, 				Withdraw 500.000000 --insufficient funds[0m
User 2, Acc 1 Balance 87.000000, Transfer 19.000000 to Acc 7
User 4, Acc 0 Balance 1378.000000, Deposit 7.000000 
User 2, Acc 2 Balance 1421.000000, Transfer 23.000000 to Acc 7
User 2, Acc 3 Balance 433.000000, Transfer 29.000000 to Acc 7
User 0, Acc 9 Balance 1121.000000, Transfer 617.000000 to Acc 9
User 1, Acc 5 Balance 4808.000000, Deposit 643.000000 
User 0, Acc 8 Balance 178.000000, Deposit 619.000000 
User 2, Acc 7 Balance 38046.000000, Transfer 31.000000 to Acc 6
User 0, Acc 8 Balance 797.000000, Transfer 619.000000 to Acc 2
User 2, Acc 7 Balance 38015.000000, Transfer 37.000000 to Acc 5
User 2, Acc 7 Balance 37978.000000, Transfer 3.000000 to Acc 4
User 0, Acc 7 Balance 37978.000000, Deposit 631.000000 
User 3, Acc 2 Balance 1421.000000, Withdraw 500.000000 
User 0, Acc 7 Balance 38606.000000, Transfer 631.000000 to Acc 3
User 1, Acc 5 Balance 6305.000000, Transfer 1200.000000 to Acc 6
User 0, Acc 6 Balance 1641.000000, Deposit 641.000000 
User 4, Acc 3 Balance 433.000000, Deposit 29.000000 
[22;32mUser 3, Acc 3 Balance 404.000000, 				Withdraw 500.000000 --insufficient funds[0m
User 4, Acc 7 Balance 37975.000000, Deposit 9.000000 
User 3, Acc 4 Balance 2360.000000, Withdraw 500.000000 
User 4, Acc 9 Balance 1121.000000, Deposit 129.000000 
User 0, Acc 6 Balance 3482.000000, Transfer 641.000000 to Acc 4
User 4, Acc 3 Balance 1064.000000, Transfer 29.000000 to Acc 7
User 0, Acc 5 Balance 5142.000000, Deposit 643.000000 
User 4, Acc 7 Balance 38013.000000, Transfer 31.000000 to Acc 6
User 0, Acc 5 Balance 5785.000000, Transfer 1200.000000 to Acc 6
User 4, Acc 7 Balance 37982.000000, Transfer 137.000000 to Acc 5
User 0, Acc 4 Balance 2501.000000, Deposit 647.000000 
User 4, Acc 7 Balance 37845.000000, Transfer 3.000000 to Acc 4
User 0, Acc 4 Balance 3148.000000, Transfer 1200.000000 to Acc 7
User 4, Acc 7 Balance 37842.000000, Transfer 5.000000 to Acc 4
User 0, Acc 3 Balance 1035.000000, Deposit 653.000000 
User 4, Acc 4 Balance 1956.000000, Withdraw 1167.000000 
User 0, Acc 3 Balance 1688.000000, Transfer 1200.000000 to Acc 8
User 4, Acc 5 Balance 4722.000000, Withdraw 1307.000000 
User 0, Acc 2 Balance 1517.000000, Deposit 659.000000 
User 4, Acc 1 Balance 68.000000, Withdraw 41.000000 
User 1, Acc 4 Balance 2360.000000, Deposit 647.000000 
User 2, Acc 7 Balance 37975.000000, Transfer 5.000000 to Acc 4
User 3, Acc 5 Balance 5142.000000, Withdraw 500.000000 
User 0, Acc 2 Balance 2176.000000, Transfer 1200.000000 to Acc 9
User 4, Acc 2 Balance 2176.000000, Withdraw 71.000000 
User 0, Acc 1 Balance 27.000000, Deposit 661.000000 
[22;32mUser 4, Acc 3 Balance 488.000000, 				Withdraw 1127.000000 --insufficient funds[0m
User 0, Acc 0 Balance 885.000000, Deposit 673.000000 
User 4, Acc 6 Balance 4072.000000, Withdraw 647.000000 
User 0, Acc 0 Balance 1558.000000, Transfer 1200.000000 to Acc 9
User 4, Acc 6 Balance 3425.000000, Deposit 1953.000000 
User 0, Acc 1 Balance 688.000000, Withdraw 50.000000 
User 4, Acc 7 Balance 39032.000000, Deposit 967.000000 
User 0, Acc 2 Balance 905.000000, Withdraw 50.000000 
User 0, Acc 3 Balance 488.000000, Withdraw 50.000000 
User 3, Acc 6 Balance 4072.000000, Withdraw 500.000000 
User 0, Acc 4 Balance 1441.000000, Withdraw 50.000000 
User 4, Acc 1 Balance 638.000000, Transfer 19.000000 to Acc 7
User 4, Acc 2 Balance 855.000000, Transfer 23.000000 to Acc 7
User 1, Acc 4 Balance 1436.000000, Transfer 1200.000000 to Acc 7
User 1, Acc 3 Balance 438.000000, Deposit 653.000000 
User 3, Acc 7 Balance 39999.000000, Withdraw 500.000000 
User 2, Acc 6 Balance 4072.000000, Transfer 67.000000 to Acc 5
User 3, Acc 8 Balance 1378.000000, Withdraw 500.000000 
User 4, Acc 6 Balance 4878.000000, Transfer 1167.000000 to Acc 5
User 0, Acc 5 Balance 2915.000000, Withdraw 50.000000 
User 4, Acc 4 Balance 191.000000, Transfer 53.000000 to Acc 5
User 0, Acc 6 Balance 3644.000000, Withdraw 50.000000 
User 0, Acc 7 Balance 40741.000000, Withdraw 50.000000 
User 2, Acc 4 Balance 191.000000, Transfer 53.000000 to Acc 5
User 0, Acc 8 Balance 878.000000, Withdraw 50.000000 
User 0, Acc 9 Balance 3650.000000, Withdraw 50.000000 
User 0, Acc 0 Balance 358.000000, Withdraw 50.000000 
User 2, Acc 1 Balance 619.000000, Transfer 89.000000 to Acc 8
User 0, Acc 9 Balance 3600.000000, Deposit 617.000000 
User 1, Acc 2 Balance 832.000000, Deposit 659.000000 
User 1, Acc 2 Balance 1491.000000, Transfer 1200.000000 to Acc 9
User 3, Acc 9 Balance 3650.000000, Withdraw 500.000000 
User 2, Acc 1 Balance 530.000000, Transfer 163.000000 to Acc 9
User 0, Acc 9 Balance 4217.000000, Transfer 617.000000 to Acc 9
User 4, Acc 7 Balance 40741.000000, Withdraw 1593.000000 
User 1, Acc 1 Balance 530.000000, Deposit 661.000000 
User 4, Acc 8 Balance 917.000000, Withdraw 449.000000 
User 2, Acc 1 Balance 367.000000, Withdraw 41.000000 
User 4, Acc 9 Balance 5080.000000, Withdraw 163.000000 
User 1, Acc 0 Balance 308.000000, Deposit 673.000000 
User 4, Acc 9 Balance 4917.000000, Deposit 617.000000 
User 0, Acc 8 Balance 917.000000, Deposit 619.000000 
User 2, Acc 2 Balance 291.000000, Withdraw 71.000000 
User 0, Acc 8 Balance 1087.000000, Transfer 619.000000 to Acc 2
[22;32mUser 3, Acc 0 Balance 308.000000, 				Withdraw 500.000000 --insufficient funds[0m
User 4, Acc 9 Balance 5534.000000, Transfer 617.000000 to Acc 9
User 2, Acc 3 Balance 1091.000000, Withdraw 127.000000 
User 4, Acc 8 Balance 468.000000, Deposit 619.000000 
User 4, Acc 8 Balance 1087.000000, Transfer 619.000000 to Acc 2
User 0, Acc 7 Balance 39098.000000, Deposit 631.000000 
User 3, Acc 1 Balance 987.000000, Withdraw 500.000000 
User 0, Acc 7 Balance 39729.000000, Transfer 631.000000 to Acc 3
User 3, Acc 2 Balance 1458.000000, Withdraw 500.000000 
User 3, Acc 3 Balance 964.000000, Withdraw 500.000000 
User 0, Acc 6 Balance 3594.000000, Deposit 641.000000 
User 1, Acc 1 Balance 987.000000, Withdraw 50.000000 
User 0, Acc 6 Balance 4235.000000, Transfer 641.000000 to Acc 4
User 4, Acc 7 Balance 39098.000000, Deposit 631.000000 
[22;32mUser 3, Acc 4 Balance 85.000000, 				Withdraw 500.000000 --insufficient funds[0m
User 4, Acc 7 Balance 39729.000000, Transfer 631.000000 to Acc 3
User 1, Acc 2 Balance 958.000000, Withdraw 50.000000 
User 4, Acc 6 Balance 3594.000000, Deposit 641.000000 
User 1, Acc 3 Balance 1726.000000, Withdraw 50.000000 
User 4, Acc 6 Balance 4235.000000, Transfer 641.000000 to Acc 4
User 0, Acc 5 Balance 4205.000000, Deposit 643.000000 
User 3, Acc 5 Balance 4205.000000, Withdraw 500.000000 
User 0, Acc 5 Balance 4848.000000, Transfer 1200.000000 to Acc 6
[22;32mUser 2, Acc 4 Balance 85.000000, 				Withdraw 167.000000 --insufficient funds[0m
User 0, Acc 4 Balance 1367.000000, Deposit 647.000000 
User 3, Acc 6 Balance 3594.000000, Withdraw 500.000000 
User 0, Acc 4 Balance 2014.000000, Transfer 1200.000000 to Acc 7
User 4, Acc 5 Balance 4205.000000, Deposit 643.000000 
User 0, Acc 3 Balance 1676.000000, Deposit 653.000000 
User 4, Acc 5 Balance 3791.000000, Transfer 1200.000000 to Acc 6
User 0, Acc 3 Balance 2329.000000, Transfer 1200.000000 to Acc 8
User 4, Acc 4 Balance 814.000000, Deposit 647.000000 
User 0, Acc 2 Balance 908.000000, Deposit 659.000000 
User 0, Acc 2 Balance 1567.000000, Transfer 1200.000000 to Acc 9
User 2, Acc 5 Balance 3148.000000, Withdraw 307.000000 
User 0, Acc 1 Balance 437.000000, Deposit 661.000000 
User 2, Acc 6 Balance 5494.000000, Withdraw 647.000000 
User 2, Acc 7 Balance 40298.000000, Withdraw 593.000000 
User 4, Acc 4 Balance 1461.000000, Transfer 1200.000000 to Acc 7
User 4, Acc 3 Balance 1129.000000, Deposit 653.000000 
User 4, Acc 3 Balance 1782.000000, Transfer 1200.000000 to Acc 8
User 4, Acc 2 Balance 367.000000, Deposit 659.000000 
User 4, Acc 1 Balance 1098.000000, Deposit 661.000000 
User 0, Acc 0 Balance 981.000000, Deposit 673.000000 
User 4, Acc 1 Balance 1759.000000, Transfer 1200.000000 to Acc 9
User 0, Acc 0 Balance 1654.000000, Transfer 1200.000000 to Acc 9
User 4, Acc 0 Balance 1654.000000, Deposit 673.000000 
User 0, Acc 1 Balance 559.000000, Withdraw 50.000000 
User 3, Acc 7 Balance 39098.000000, Withdraw 500.000000 
User 1, Acc 4 Balance 726.000000, Withdraw 50.000000 
User 2, Acc 8 Balance 1668.000000, Withdraw 449.000000 
User 4, Acc 1 Balance 559.000000, Withdraw 50.000000 
User 4, Acc 2 Balance 1026.000000, Withdraw 50.000000 
User 1, Acc 5 Balance 2284.000000, Withdraw 50.000000 
User 4, Acc 3 Balance 582.000000, Withdraw 50.000000 
User 1, Acc 6 Balance 4847.000000, Withdraw 50.000000 
User 4, Acc 4 Balance 211.000000, Withdraw 50.000000 
User 2, Acc 9 Balance 9134.000000, Withdraw 163.000000 
User 4, Acc 5 Balance 2234.000000, Withdraw 50.000000 
User 1, Acc 7 Balance 40405.000000, Withdraw 50.000000 
User 4, Acc 6 Balance 4797.000000, Withdraw 50.000000 
User 0, Acc 2 Balance 1026.000000, Withdraw 50.000000 
User 2, Acc 0 Balance 1127.000000, Deposit 907.000000 
User 0, Acc 3 Balance 532.000000, Withdraw 50.000000 
User 2, Acc 1 Balance 459.000000, Deposit 911.000000 
User 2, Acc 2 Balance 926.000000, Deposit 919.000000 
User 0, Acc 4 Balance 161.000000, Withdraw 50.000000 
User 3, Acc 8 Balance 2868.000000, Withdraw 500.000000 
User 0, Acc 5 Balance 2184.000000, Withdraw 50.000000 
User 4, Acc 7 Balance 40355.000000, Withdraw 50.000000 
User 2, Acc 3 Balance 482.000000, Deposit 929.000000 
User 4, Acc 8 Balance 1919.000000, Withdraw 50.000000 
User 3, Acc 9 Balance 8971.000000, Withdraw 500.000000 
User 0, Acc 6 Balance 4747.000000, Withdraw 50.000000 
User 2, Acc 4 Balance 111.000000, Deposit 937.000000 
User 0, Acc 7 Balance 40305.000000, Withdraw 50.000000 
User 0, Acc 8 Balance 1869.000000, Withdraw 50.000000 
User 4, Acc 9 Balance 8971.000000, Withdraw 50.000000 
User 0, Acc 9 Balance 8471.000000, Withdraw 50.000000 
User 4, Acc 0 Balance 2034.000000, Withdraw 50.000000 
User 0, Acc 0 Balance 2034.000000, Withdraw 50.000000 
User 2, Acc 5 Balance 2134.000000, Deposit 941.000000 
User 3, Acc 0 Balance 2034.000000, Withdraw 500.000000 
User 1, Acc 8 Balance 2419.000000, Withdraw 50.000000 
User 3, Acc 1 Balance 1370.000000, Withdraw 500.000000 
User 1, Acc 9 Balance 8371.000000, Withdraw 50.000000 
User 2, Acc 6 Balance 4697.000000, Deposit 953.000000 
User 4, Acc 0 Balance 1984.000000, Deposit 907.000000 
User 0, Acc 0 Balance 1934.000000, Deposit 907.000000 
User 4, Acc 1 Balance 870.000000, Deposit 911.000000 
User 0, Acc 1 Balance 870.000000, Deposit 911.000000 
User 4, Acc 2 Balance 1845.000000, Deposit 919.000000 
User 0, Acc 2 Balance 1845.000000, Deposit 919.000000 
User 4, Acc 3 Balance 1411.000000, Deposit 929.000000 
User 0, Acc 3 Balance 1411.000000, Deposit 929.000000 
User 4, Acc 4 Balance 1048.000000, Deposit 937.000000 
User 0, Acc 4 Balance 1048.000000, Deposit 937.000000 
User 4, Acc 5 Balance 3075.000000, Deposit 941.000000 
User 0, Acc 5 Balance 3075.000000, Deposit 941.000000 
User 4, Acc 6 Balance 5650.000000, Deposit 953.000000 
User 0, Acc 6 Balance 5650.000000, Deposit 953.000000 
User 4, Acc 7 Balance 40255.000000, Deposit 967.000000 
User 0, Acc 7 Balance 40255.000000, Deposit 967.000000 
User 4, Acc 1 Balance 2692.000000, Transfer 19.000000 to Acc 7
User 0, Acc 1 Balance 2692.000000, Transfer 19.000000 to Acc 7
User 4, Acc 2 Balance 3683.000000, Transfer 23.000000 to Acc 7
User 4, Acc 3 Balance 3269.000000, Transfer 29.000000 to Acc 7
User 4, Acc 7 Balance 42279.000000, Transfer 31.000000 to Acc 6
User 4, Acc 7 Balance 42248.000000, Transfer 37.000000 to Acc 5
User 4, Acc 7 Balance 42211.000000, Transfer 3.000000 to Acc 4
User 4, Acc 7 Balance 42208.000000, Transfer 5.000000 to Acc 4
User 4, Acc 6 Balance 7587.000000, Transfer 67.000000 to Acc 5
User 4, Acc 4 Balance 2930.000000, Transfer 53.000000 to Acc 5
User 4, Acc 1 Balance 2654.000000, Transfer 89.000000 to Acc 8
User 4, Acc 1 Balance 2565.000000, Transfer 163.000000 to Acc 9
User 4, Acc 1 Balance 2402.000000, Withdraw 41.000000 
User 4, Acc 2 Balance 3660.000000, Withdraw 71.000000 
User 4, Acc 3 Balance 3240.000000, Withdraw 127.000000 
User 4, Acc 4 Balance 2877.000000, Withdraw 167.000000 
User 2, Acc 7 Balance 40255.000000, Deposit 967.000000 
User 4, Acc 5 Balance 5114.000000, Withdraw 307.000000 
User 2, Acc 1 Balance 2361.000000, Transfer 19.000000 to Acc 7
User 4, Acc 6 Balance 7520.000000, Withdraw 647.000000 
User 1, Acc 0 Balance 1434.000000, Withdraw 50.000000 
User 4, Acc 7 Balance 43189.000000, Withdraw 593.000000 
User 0, Acc 2 Balance 3683.000000, Transfer 23.000000 to Acc 7
User 2, Acc 2 Balance 3589.000000, Transfer 23.000000 to Acc 7
User 0, Acc 3 Balance 3113.000000, Transfer 29.000000 to Acc 7
User 1, Acc 1 Balance 2342.000000, Withdraw 500.000000 
User 0, Acc 7 Balance 42671.000000, Transfer 31.000000 to Acc 6
User 2, Acc 3 Balance 3113.000000, Transfer 29.000000 to Acc 7
User 0, Acc 7 Balance 42640.000000, Transfer 37.000000 to Acc 5
User 4, Acc 8 Balance 1858.000000, Withdraw 449.000000 
User 0, Acc 7 Balance 42632.000000, Transfer 3.000000 to Acc 4
User 4, Acc 9 Balance 8484.000000, Withdraw 163.000000 
User 0, Acc 7 Balance 42629.000000, Transfer 5.000000 to Acc 4
User 4, Acc 7 Balance 42629.000000, Deposit 9929.000000 
User 2, Acc 7 Balance 42669.000000, Transfer 31.000000 to Acc 6
User 4, Acc 4 Balance 2718.000000, Deposit 937.000000 
User 2, Acc 7 Balance 52522.000000, Transfer 37.000000 to Acc 5
User 4, Acc 5 Balance 4844.000000, Deposit 941.000000 
User 0, Acc 6 Balance 6904.000000, Transfer 67.000000 to Acc 5
User 1, Acc 2 Balance 3543.000000, Withdraw 500.000000 
User 1, Acc 3 Balance 3055.000000, Withdraw 500.000000 
User 3, Acc 2 Balance 1845.000000, Withdraw 500.000000 
User 1, Acc 4 Balance 3655.000000, Withdraw 500.000000 
User 3, Acc 3 Balance 2555.000000, Withdraw 500.000000 
User 1, Acc 5 Balance 5889.000000, Withdraw 500.000000 
User 2, Acc 7 Balance 52485.000000, Transfer 3.000000 to Acc 4
User 2, Acc 7 Balance 52482.000000, Transfer 5.000000 to Acc 4
User 0, Acc 4 Balance 3655.000000, Transfer 53.000000 to Acc 5
User 3, Acc 4 Balance 3155.000000, Withdraw 500.000000 
User 1, Acc 6 Balance 6868.000000, Withdraw 500.000000 
User 4, Acc 0 Balance 3198.000000, Deposit 7.000000 
User 1, Acc 7 Balance 52477.000000, Withdraw 500.000000 
User 2, Acc 6 Balance 6868.000000, Transfer 67.000000 to Acc 5
User 1, Acc 8 Balance 1409.000000, Withdraw 500.000000 
User 1, Acc 9 Balance 8321.000000, Withdraw 500.000000 
User 2, Acc 4 Balance 2610.000000, Transfer 53.000000 to Acc 5
User 0, Acc 1 Balance 1842.000000, Transfer 89.000000 to Acc 8
User 3, Acc 5 Balance 5442.000000, Withdraw 500.000000 
User 4, Acc 3 Balance 2055.000000, Deposit 29.000000 
User 1, Acc 0 Balance 3205.000000, Withdraw 500.000000 
User 2, Acc 1 Balance 1842.000000, Transfer 89.000000 to Acc 8
User 1, Acc 1 Balance 1753.000000, Withdraw 500.000000 
User 2, Acc 1 Balance 1664.000000, Transfer 163.000000 to Acc 9
User 1, Acc 2 Balance 2543.000000, Withdraw 500.000000 
User 2, Acc 1 Balance 1001.000000, Withdraw 41.000000 
User 1, Acc 3 Balance 2084.000000, Withdraw 500.000000 
User 3, Acc 6 Balance 6301.000000, Withdraw 500.000000 
User 4, Acc 7 Balance 51977.000000, Deposit 9.000000 
User 0, Acc 1 Balance 1753.000000, Transfer 163.000000 to Acc 9
User 4, Acc 9 Balance 7984.000000, Deposit 129.000000 
User 4, Acc 3 Balance 1584.000000, Transfer 29.000000 to Acc 7
User 3, Acc 7 Balance 51977.000000, Withdraw 500.000000 
User 4, Acc 7 Balance 52015.000000, Transfer 31.000000 to Acc 6
User 4, Acc 7 Balance 51484.000000, Transfer 137.000000 to Acc 5
User 0, Acc 1 Balance 797.000000, Withdraw 41.000000 
User 4, Acc 7 Balance 51347.000000, Transfer 3.000000 to Acc 4
User 0, Acc 2 Balance 2043.000000, Withdraw 71.000000 
User 2, Acc 2 Balance 2043.000000, Withdraw 71.000000 
User 0, Acc 3 Balance 1555.000000, Withdraw 127.000000 
User 3, Acc 8 Balance 1087.000000, Withdraw 500.000000 
User 0, Acc 4 Balance 2560.000000, Withdraw 167.000000 
User 1, Acc 4 Balance 2557.000000, Withdraw 500.000000 
User 1, Acc 5 Balance 5199.000000, Withdraw 500.000000 
User 1, Acc 6 Balance 5832.000000, Withdraw 500.000000 
User 1, Acc 7 Balance 51344.000000, Withdraw 500.000000 
User 1, Acc 8 Balance 587.000000, Withdraw 500.000000 
User 1, Acc 9 Balance 8276.000000, Withdraw 500.000000 
User 1, Acc 0 Balance 2705.000000, Withdraw 500.000000 
User 2, Acc 3 Balance 1555.000000, Withdraw 127.000000 
User 1, Acc 1 Balance 756.000000, Withdraw 500.000000 
User 2, Acc 4 Balance 1893.000000, Withdraw 167.000000 
User 4, Acc 7 Balance 51344.000000, Transfer 5.000000 to Acc 4
User 3, Acc 9 Balance 8276.000000, Withdraw 500.000000 
User 1, Acc 2 Balance 1901.000000, Withdraw 500.000000 
User 2, Acc 5 Balance 4699.000000, Withdraw 307.000000 
User 1, Acc 3 Balance 1301.000000, Withdraw 500.000000 
User 2, Acc 6 Balance 5332.000000, Withdraw 647.000000 
User 2, Acc 7 Balance 50839.000000, Withdraw 593.000000 
User 1, Acc 4 Balance 1731.000000, Withdraw 500.000000 
[22;32mUser 2, Acc 8 Balance 87.000000, 				Withdraw 449.000000 --insufficient funds[0m
User 1, Acc 5 Balance 4392.000000, Withdraw 500.000000 
User 1, Acc 6 Balance 4685.000000, Withdraw 500.000000 
User 3, Acc 0 Balance 2205.000000, Withdraw 500.000000 
User 1, Acc 7 Balance 50246.000000, Withdraw 500.000000 
[22;32mUser 3, Acc 1 Balance 256.000000, 				Withdraw 500.000000 --insufficient funds[0m
[22;32mUser 1, Acc 8 Balance 87.000000, 				Withdraw 500.000000 --insufficient funds[0m
User 3, Acc 2 Balance 1401.000000, Withdraw 500.000000 
User 3, Acc 3 Balance 801.000000, Withdraw 500.000000 
User 2, Acc 9 Balance 7276.000000, Withdraw 163.000000 
User 0, Acc 5 Balance 5199.000000, Withdraw 307.000000 
[22;32mUser 2, Acc 1 Balance 256.000000, 				Withdraw 500.000000 --insufficient funds[0m
User 0, Acc 6 Balance 4185.000000, Withdraw 647.000000 
User 1, Acc 9 Balance 7276.000000, Withdraw 500.000000 
User 4, Acc 4 Balance 1731.000000, Withdraw 1167.000000 
User 1, Acc 0 Balance 1705.000000, Withdraw 500.000000 
User 3, Acc 4 Balance 1231.000000, Withdraw 500.000000 
User 1, Acc 9 Balance 6613.000000, Deposit 617.000000 
User 2, Acc 2 Balance 901.000000, Withdraw 500.000000 
User 1, Acc 9 Balance 7230.000000, Transfer 617.000000 to Acc 9
User 0, Acc 7 Balance 49746.000000, Withdraw 593.000000 
User 3, Acc 5 Balance 3585.000000, Withdraw 500.000000 
[22;32mUser 0, Acc 8 Balance 87.000000, 				Withdraw 449.000000 --insufficient funds[0m
User 3, Acc 6 Balance 3538.000000, Withdraw 500.000000 
User 0, Acc 9 Balance 7230.000000, Withdraw 163.000000 
User 3, Acc 7 Balance 49153.000000, Withdraw 500.000000 
User 4, Acc 5 Balance 3585.000000, Withdraw 1307.000000 
[22;32mUser 3, Acc 8 Balance 87.000000, 				Withdraw 500.000000 --insufficient funds[0m
User 0, Acc 0 Balance 1205.000000, Deposit 100.000000 
[22;32mUser 2, Acc 3 Balance 301.000000, 				Withdraw 500.000000 --insufficient funds[0m
User 4, Acc 1 Balance 256.000000, Transfer 89.000000 to Acc 8
User 1, Acc 8 Balance 87.000000, Deposit 619.000000 
User 3, Acc 9 Balance 7067.000000, Withdraw 500.000000 
User 1, Acc 8 Balance 795.000000, Transfer 619.000000 to Acc 2
[22;32mUser 2, Acc 4 Balance -436.000000, 				Withdraw 500.000000 --insufficient funds[0m
User 4, Acc 1 Balance 167.000000, Transfer 163.000000 to Acc 9
User 0, Acc 0 Balance 1305.000000, Deposit 200.000000 
User 3, Acc 0 Balance 1305.000000, Withdraw 500.000000 
User 0, Acc 0 Balance 1505.000000, Deposit 300.000000 
[22;32mUser 3, Acc 1 Balance 4.000000, 				Withdraw 500.000000 --insufficient funds[0m
User 3, Acc 2 Balance 1020.000000, Withdraw 500.000000 
[22;32mUser 3, Acc 3 Balance 301.000000, 				Withdraw 500.000000 --insufficient funds[0m
[22;32mUser 3, Acc 4 Balance -436.000000, 				Withdraw 500.000000 --insufficient funds[0m
User 3, Acc 5 Balance 1778.000000, Withdraw 500.000000 
User 3, Acc 6 Balance 3038.000000, Withdraw 500.000000 
User 3, Acc 7 Balance 48653.000000, Withdraw 500.000000 
[22;32mUser 3, Acc 8 Balance 176.000000, 				Withdraw 500.000000 --insufficient funds[0m
User 3, Acc 9 Balance 6730.000000, Withdraw 500.000000 
User 3, Acc 0 Balance 1305.000000, Withdraw 500.000000 
[22;32mUser 4, Acc 1 Balance 4.000000, 				Withdraw 41.000000 --insufficient funds[0m
User 3, Acc 0 Balance 805.000000, Deposit 907.000000 
User 3, Acc 1 Balance 4.000000, Deposit 911.000000 
User 4, Acc 2 Balance 520.000000, Withdraw 71.000000 
User 1, Acc 7 Balance 48653.000000, Deposit 631.000000 
User 0, Acc 0 Balance 1305.000000, Withdraw 200.000000 
User 1, Acc 7 Balance 48784.000000, Transfer 631.000000 to Acc 3
User 2, Acc 5 Balance 1778.000000, Withdraw 500.000000 
[22;32mUser 4, Acc 3 Balance 301.000000, 				Withdraw 1127.000000 --insufficient funds[0m
User 3, Acc 2 Balance 520.000000, Deposit 919.000000 
User 0, Acc 0 Balance 1512.000000, Withdraw 100.000000 
User 1, Acc 6 Balance 2538.000000, Deposit 641.000000 
User 1, Acc 6 Balance 3179.000000, Transfer 641.000000 to Acc 4
User 1, Acc 5 Balance 778.000000, Deposit 643.000000 
User 1, Acc 5 Balance 1421.000000, Transfer 1200.000000 to Acc 6
User 1, Acc 4 Balance 205.000000, Deposit 647.000000 
User 1, Acc 3 Balance 932.000000, Deposit 653.000000 
User 1, Acc 3 Balance 1585.000000, Transfer 1200.000000 to Acc 8
User 1, Acc 2 Balance 1368.000000, Deposit 659.000000 
User 1, Acc 2 Balance 2027.000000, Transfer 1200.000000 to Acc 9
User 1, Acc 1 Balance 915.000000, Deposit 661.000000 
User 1, Acc 1 Balance 1576.000000, Transfer 1200.000000 to Acc 9
User 1, Acc 0 Balance 1412.000000, Deposit 673.000000 
User 1, Acc 0 Balance 2085.000000, Transfer 1200.000000 to Acc 9
User 1, Acc 1 Balance 376.000000, Withdraw 50.000000 
User 1, Acc 2 Balance 827.000000, Withdraw 50.000000 
User 1, Acc 3 Balance 385.000000, Withdraw 50.000000 
User 1, Acc 4 Balance 852.000000, Withdraw 50.000000 
User 1, Acc 5 Balance 221.000000, Withdraw 50.000000 
User 1, Acc 6 Balance 3738.000000, Withdraw 50.000000 
User 1, Acc 7 Balance 48153.000000, Withdraw 50.000000 
User 1, Acc 8 Balance 1376.000000, Withdraw 50.000000 
User 1, Acc 9 Balance 9830.000000, Withdraw 50.000000 
User 1, Acc 0 Balance 885.000000, Withdraw 50.000000 
User 1, Acc 0 Balance 835.000000, Deposit 100.000000 
User 1, Acc 0 Balance 935.000000, Deposit 200.000000 
User 1, Acc 0 Balance 1135.000000, Deposit 300.000000 
User 1, Acc 0 Balance 1435.000000, Withdraw 200.000000 
User 1, Acc 0 Balance 1235.000000, Withdraw 100.000000 
User 1, Acc 0 Balance 1135.000000, Withdraw 50.000000 
User 2, Acc 6 Balance 2538.000000, Withdraw 500.000000 
User 1, Acc 1 Balance 326.000000, Transfer 200.000000 to Acc 0
User 3, Acc 3 Balance 932.000000, Deposit 929.000000 
Balance in 0: 1285.000000
User 0, Acc 0 Balance 1412.000000, Withdraw 50.000000 
User 2, Acc 7 Balance 48103.000000, Withdraw 500.000000 
User 4, Acc 6 Balance 2538.000000, Withdraw 647.000000 
User 4, Acc 6 Balance 2541.000000, Deposit 1953.000000 
User 4, Acc 7 Balance 47603.000000, Deposit 967.000000 
User 4, Acc 1 Balance 126.000000, Transfer 19.000000 to Acc 7
User 4, Acc 2 Balance 777.000000, Transfer 23.000000 to Acc 7
User 4, Acc 6 Balance 4494.000000, Transfer 1167.000000 to Acc 5
User 4, Acc 4 Balance 802.000000, Transfer 53.000000 to Acc 5
User 4, Acc 7 Balance 48612.000000, Withdraw 1593.000000 
User 4, Acc 8 Balance 1326.000000, Withdraw 449.000000 
Balance in 0: 1235.000000
User 4, Acc 9 Balance 9780.000000, Withdraw 163.000000 
[22;32mUser 0, Acc 1 Balance 107.000000, 				Withdraw 500.000000 --insufficient funds[0m
User 4, Acc 0 Balance 1235.000000, Deposit 100.000000 
User 0, Acc 2 Balance 754.000000, Withdraw 500.000000 
User 4, Acc 0 Balance 1335.000000, Deposit 200.000000 
User 4, Acc 0 Balance 1535.000000, Deposit 300.000000 
User 2, Acc 8 Balance 1326.000000, Withdraw 500.000000 
User 2, Acc 9 Balance 9617.000000, Withdraw 500.000000 
User 2, Acc 0 Balance 1835.000000, Withdraw 500.000000 
[22;32mUser 2, Acc 1 Balance 107.000000, 				Withdraw 500.000000 --insufficient funds[0m
User 3, Acc 4 Balance 802.000000, Deposit 937.000000 
User 1, Acc 0 Balance 1285.000000, Deposit 100.000000 
User 1, Acc 0 Balance 1435.000000, Deposit 200.000000 
User 1, Acc 0 Balance 1635.000000, Deposit 300.000000 
User 1, Acc 0 Balance 1935.000000, Withdraw 200.000000 
User 1, Acc 0 Balance 1735.000000, Withdraw 100.000000 
User 1, Acc 0 Balance 1635.000000, Withdraw 50.000000 
Balance in 0: 1585.000000
[22;32mUser 2, Acc 2 Balance 254.000000, 				Withdraw 500.000000 --insufficient funds[0m
User 2, Acc 3 Balance 1264.000000, Withdraw 500.000000 
User 3, Acc 5 Balance 1391.000000, Deposit 941.000000 
User 2, Acc 4 Balance 1686.000000, Withdraw 500.000000 
User 4, Acc 0 Balance 1835.000000, Withdraw 200.000000 
User 0, Acc 3 Balance 1264.000000, Withdraw 500.000000 
User 4, Acc 0 Balance 1385.000000, Withdraw 100.000000 
User 4, Acc 0 Balance 1285.000000, Withdraw 50.000000 
User 3, Acc 6 Balance 3327.000000, Deposit 953.000000 
User 0, Acc 4 Balance 1186.000000, Withdraw 500.000000 
User 3, Acc 7 Balance 47019.000000, Deposit 967.000000 
Balance in 0: 1235.000000
User 2, Acc 5 Balance 2332.000000, Withdraw 500.000000 
User 3, Acc 1 Balance 107.000000, Transfer 19.000000 to Acc 7
User 2, Acc 6 Balance 4280.000000, Withdraw 500.000000 
User 0, Acc 5 Balance 2332.000000, Withdraw 500.000000 
User 0, Acc 6 Balance 3780.000000, Withdraw 500.000000 
User 0, Acc 7 Balance 48005.000000, Withdraw 500.000000 
[22;32mUser 0, Acc 8 Balance 377.000000, 				Withdraw 500.000000 --insufficient funds[0m
User 0, Acc 9 Balance 9117.000000, Withdraw 500.000000 
User 0, Acc 0 Balance 1235.000000, Withdraw 500.000000 
[22;32mUser 0, Acc 1 Balance 88.000000, 				Withdraw 500.000000 --insufficient funds[0m
[22;32mUser 0, Acc 2 Balance 254.000000, 				Withdraw 500.000000 --insufficient funds[0m
[22;32mUser 0, Acc 3 Balance 264.000000, 				Withdraw 500.000000 --insufficient funds[0m
User 0, Acc 4 Balance 686.000000, Withdraw 500.000000 
User 0, Acc 5 Balance 1332.000000, Withdraw 500.000000 
User 0, Acc 6 Balance 3280.000000, Withdraw 500.000000 
User 2, Acc 7 Balance 48005.000000, Withdraw 500.000000 
User 3, Acc 2 Balance 254.000000, Transfer 23.000000 to Acc 7
[22;32mUser 2, Acc 8 Balance 377.000000, 				Withdraw 500.000000 --insufficient funds[0m
User 2, Acc 9 Balance 8617.000000, Withdraw 500.000000 
User 2, Acc 0 Balance 735.000000, Withdraw 500.000000 
[22;32mUser 2, Acc 1 Balance 88.000000, 				Withdraw 500.000000 --insufficient funds[0m
[22;32mUser 2, Acc 2 Balance 231.000000, 				Withdraw 500.000000 --insufficient funds[0m
[22;32mUser 2, Acc 3 Balance 264.000000, 				Withdraw 500.000000 --insufficient funds[0m
[22;32mUser 2, Acc 4 Balance 186.000000, 				Withdraw 500.000000 --insufficient funds[0m
User 2, Acc 5 Balance 832.000000, Withdraw 500.000000 
User 2, Acc 6 Balance 2780.000000, Withdraw 500.000000 
User 2, Acc 7 Balance 47028.000000, Withdraw 500.000000 
User 3, Acc 3 Balance 264.000000, Transfer 29.000000 to Acc 7
[22;32mUser 2, Acc 8 Balance 377.000000, 				Withdraw 500.000000 --insufficient funds[0m
User 2, Acc 9 Balance 8117.000000, Withdraw 500.000000 
[22;32mUser 2, Acc 0 Balance 235.000000, 				Withdraw 500.000000 --insufficient funds[0m
User 3, Acc 7 Balance 46557.000000, Transfer 31.000000 to Acc 6
User 3, Acc 7 Balance 46526.000000, Transfer 37.000000 to Acc 5
User 3, Acc 7 Balance 46489.000000, Transfer 3.000000 to Acc 4
User 3, Acc 7 Balance 46486.000000, Transfer 5.000000 to Acc 4
User 0, Acc 7 Balance 47505.000000, Withdraw 500.000000 
[22;32mUser 0, Acc 8 Balance 377.000000, 				Withdraw 500.000000 --insufficient funds[0m
User 0, Acc 9 Balance 7617.000000, Withdraw 500.000000 
[22;32mUser 0, Acc 0 Balance 235.000000, 				Withdraw 500.000000 --insufficient funds[0m
[22;32mUser 0, Acc 1 Balance 88.000000, 				Withdraw 500.000000 --insufficient funds[0m
User 3, Acc 6 Balance 2311.000000, Transfer 67.000000 to Acc 5
User 3, Acc 4 Balance 194.000000, Transfer 53.000000 to Acc 5
User 3, Acc 1 Balance 88.000000, Withdraw 41.000000 
User 3, Acc 2 Balance 231.000000, Withdraw 71.000000 
User 3, Acc 3 Balance 235.000000, Withdraw 127.000000 
[22;32mUser 3, Acc 4 Balance 141.000000, 				Withdraw 167.000000 --insufficient funds[0m
[22;32mUser 0, Acc 2 Balance 231.000000, 				Withdraw 500.000000 --insufficient funds[0m
[22;32mUser 0, Acc 3 Balance 108.000000, 				Withdraw 500.000000 --insufficient funds[0m
[22;32mUser 0, Acc 4 Balance 141.000000, 				Withdraw 500.000000 --insufficient funds[0m
[22;32mUser 0, Acc 5 Balance 489.000000, 				Withdraw 500.000000 --insufficient funds[0m
User 0, Acc 6 Balance 2244.000000, Withdraw 500.000000 
User 0, Acc 7 Balance 45981.000000, Withdraw 500.000000 
[22;32mUser 0, Acc 8 Balance 377.000000, 				Withdraw 500.000000 --insufficient funds[0m
User 0, Acc 9 Balance 7117.000000, Withdraw 500.000000 
[22;32mUser 0, Acc 0 Balance 235.000000, 				Withdraw 500.000000 --insufficient funds[0m
User 3, Acc 5 Balance 489.000000, Withdraw 307.000000 
User 3, Acc 6 Balance 1744.000000, Withdraw 647.000000 
User 3, Acc 7 Balance 45481.000000, Withdraw 593.000000 
[22;32mUser 3, Acc 8 Balance 377.000000, 				Withdraw 449.000000 --insufficient funds[0m
User 3, Acc 9 Balance 6617.000000, Withdraw 163.000000 
  ***     End of transaction batch    ***  
Account 0 balance after completion of transaction batch: 235.000000
Account 1 balance after completion of transaction batch: 47.000000
Account 2 balance after completion of transaction batch: 160.000000
Account 3 balance after completion of transaction batch: 108.000000
Account 4 balance after completion of transaction batch: 141.000000
Account 5 balance after completion of transaction batch: 182.000000
Account 6 balance after completion of transaction batch: 1097.000000
Account 7 balance after completion of transaction batch: 44888.000000
Account 8 balance after completion of transaction batch: 377.000000
Account 9 balance after completion of transaction batch: 6454.000000
