# Output generated by:
# ./my_executable 5 data/transactions11.txt data/transactions6.txt data/transactions9.txt data/transactions4.txt data/transactions10.txt

********************************************
   Reading and parsing a transaction file   
********************************************
Parsed transaction: deposit 9 617.000000 
Loaded deposit transaction
Parsed transaction: transfer 9 9 617.000000 
Loaded transfer transaction
Parsed transaction: deposit 8 619.000000 
Loaded deposit transaction
Parsed transaction: transfer 8 2 619.000000 
Loaded transfer transaction
Parsed transaction: deposit 7 631.000000 
Loaded deposit transaction
Parsed transaction: transfer 7 3 631.000000 
Loaded transfer transaction
Parsed transaction: deposit 6 641.000000 
Loaded deposit transaction
Parsed transaction: transfer 6 4 641.000000 
Loaded transfer transaction
Parsed transaction: deposit 5 643.000000 
Loaded deposit transaction
Parsed transaction: transfer 5 6 1200.000000 
Loaded transfer transaction
Parsed transaction: deposit 4 647.000000 
Loaded deposit transaction
Parsed transaction: transfer 4 7 1200.000000 
Loaded transfer transaction
Parsed transaction: deposit 3 653.000000 
Loaded deposit transaction
Parsed transaction: transfer 3 8 1200.000000 
Loaded transfer transaction
Parsed transaction: deposit 2 659.000000 
Loaded deposit transaction
Parsed transaction: transfer 2 9 1200.000000 
Loaded transfer transaction
Parsed transaction: deposit 1 661.000000 
Loaded deposit transaction
Parsed transaction: transfer 1 9 1200.000000 
Loaded transfer transaction
Parsed transaction: deposit 0 673.000000 
Loaded deposit transaction
Parsed transaction: transfer 0 9 1200.000000 
Loaded transfer transaction
Parsed transaction: withdraw 1 50.000000 
Loaded withdrawal transaction
Parsed transaction: withdraw 2 50.000000 
Loaded withdrawal transaction
Parsed transaction: withdraw 3 50.000000 
Loaded withdrawal transaction
Parsed transaction: withdraw 4 50.000000 
Loaded withdrawal transaction
Parsed transaction: withdraw 5 50.000000 
Loaded withdrawal transaction
Parsed transaction: withdraw 6 50.000000 
Loaded withdrawal transaction
Parsed transaction: withdraw 7 50.000000 
Loaded withdrawal transaction
Parsed transaction: withdraw 8 50.000000 
Loaded withdrawal transaction
Parsed transaction: withdraw 9 50.000000 
Loaded withdrawal transaction
Parsed transaction: withdraw 0 50.000000 
Loaded withdrawal transaction
********************************************
********************************************
   Reading and parsing a transaction file   
********************************************
Parsed transaction: deposit 0 7.000000 
Loaded deposit transaction
Parsed transaction: deposit 1 11.000000 
Loaded deposit transaction
Parsed transaction: deposit 2 9.000000 
Loaded deposit transaction
Parsed transaction: transfer 3 7 29.000000 
Loaded transfer transaction
Parsed transaction: transfer 7 6 31.000000 
Loaded transfer transaction
Parsed transaction: transfer 7 5 137.000000 
Loaded transfer transaction
Parsed transaction: transfer 7 4 3.000000 
Loaded transfer transaction
Parsed transaction: transfer 7 4 5.000000 
Loaded transfer transaction
Parsed transaction: deposit 3 929.000000 
Loaded deposit transaction
Parsed transaction: deposit 4 937.000000 
Loaded deposit transaction
Parsed transaction: deposit 5 941.000000 
Loaded deposit transaction
Parsed transaction: withdraw 4 1167.000000 
Loaded withdrawal transaction
Parsed transaction: withdraw 5 1307.000000 
Loaded withdrawal transaction
Parsed transaction: transfer 1 8 89.000000 
Loaded transfer transaction
Parsed transaction: transfer 1 9 163.000000 
Loaded transfer transaction
Parsed transaction: withdraw 1 41.000000 
Loaded withdrawal transaction
Parsed transaction: withdraw 2 71.000000 
Loaded withdrawal transaction
Parsed transaction: withdraw 3 1127.000000 
Loaded withdrawal transaction
Parsed transaction: withdraw 6 647.000000 
Loaded withdrawal transaction
Parsed transaction: deposit 6 953.000000 
Loaded deposit transaction
Parsed transaction: deposit 7 967.000000 
Loaded deposit transaction
Parsed transaction: transfer 1 7 19.000000 
Loaded transfer transaction
Parsed transaction: transfer 2 7 23.000000 
Loaded transfer transaction
Parsed transaction: transfer 6 5 1167.000000 
Loaded transfer transaction
Parsed transaction: transfer 4 5 53.000000 
Loaded transfer transaction
Parsed transaction: withdraw 7 1593.000000 
Loaded withdrawal transaction
Parsed transaction: withdraw 8 449.000000 
Loaded withdrawal transaction
Parsed transaction: withdraw 9 163.000000 
Loaded withdrawal transaction
********************************************
********************************************
   Reading and parsing a transaction file   
********************************************
Parsed transaction: deposit 9 617.000000 
Loaded deposit transaction
Parsed transaction: transfer 9 1 617.000000 
Loaded transfer transaction
Parsed transaction: deposit 8 619.000000 
Loaded deposit transaction
Parsed transaction: transfer 8 2 619.000000 
Loaded transfer transaction
Parsed transaction: deposit 7 631.000000 
Loaded deposit transaction
Parsed transaction: transfer 7 3 631.000000 
Loaded transfer transaction
Parsed transaction: deposit 6 641.000000 
Loaded deposit transaction
Parsed transaction: transfer 6 4 641.000000 
Loaded transfer transaction
Parsed transaction: deposit 5 643.000000 
Loaded deposit transaction
Parsed transaction: transfer 5 6 1200.000000 
Loaded transfer transaction
Parsed transaction: deposit 4 647.000000 
Loaded deposit transaction
Parsed transaction: transfer 4 7 1200.000000 
Loaded transfer transaction
Parsed transaction: deposit 3 653.000000 
Loaded deposit transaction
Parsed transaction: transfer 3 8 1200.000000 
Loaded transfer transaction
Parsed transaction: deposit 2 659.000000 
Loaded deposit transaction
Parsed transaction: transfer 2 9 1200.000000 
Loaded transfer transaction
Parsed transaction: deposit 1 661.000000 
Loaded deposit transaction
Parsed transaction: transfer 1 9 1200.000000 
Loaded transfer transaction
Parsed transaction: deposit 0 673.000000 
Loaded deposit transaction
Parsed transaction: transfer 0 9 1200.000000 
Loaded transfer transaction
Parsed transaction: withdraw 1 50.000000 
Loaded withdrawal transaction
Parsed transaction: withdraw 2 50.000000 
Loaded withdrawal transaction
Parsed transaction: withdraw 3 50.000000 
Loaded withdrawal transaction
Parsed transaction: withdraw 4 50.000000 
Loaded withdrawal transaction
Parsed transaction: withdraw 5 50.000000 
Loaded withdrawal transaction
Parsed transaction: withdraw 6 50.000000 
Loaded withdrawal transaction
Parsed transaction: withdraw 7 50.000000 
Loaded withdrawal transaction
Parsed transaction: withdraw 8 50.000000 
Loaded withdrawal transaction
Parsed transaction: withdraw 9 50.000000 
Loaded withdrawal transaction
Parsed transaction: withdraw 0 50.000000 
Loaded withdrawal transaction
********************************************
********************************************
   Reading and parsing a transaction file   
********************************************
Parsed transaction: deposit 0 907.000000 
Loaded deposit transaction
Parsed transaction: deposit 1 911.000000 
Loaded deposit transaction
Parsed transaction: deposit 2 919.000000 
Loaded deposit transaction
Parsed transaction: deposit 3 929.000000 
Loaded deposit transaction
Parsed transaction: deposit 4 937.000000 
Loaded deposit transaction
Parsed transaction: deposit 5 941.000000 
Loaded deposit transaction
Parsed transaction: deposit 6 953.000000 
Loaded deposit transaction
Parsed transaction: deposit 7 967.000000 
Loaded deposit transaction
Parsed transaction: transfer 1 7 19.000000 
Loaded transfer transaction
Parsed transaction: transfer 2 7 23.000000 
Loaded transfer transaction
Parsed transaction: transfer 3 7 29.000000 
Loaded transfer transaction
Parsed transaction: transfer 7 6 31.000000 
Loaded transfer transaction
Parsed transaction: transfer 7 5 37.000000 
Loaded transfer transaction
Parsed transaction: transfer 7 4 3.000000 
Loaded transfer transaction
Parsed transaction: transfer 7 4 5.000000 
Loaded transfer transaction
Parsed transaction: transfer 6 5 67.000000 
Loaded transfer transaction
Parsed transaction: transfer 4 5 53.000000 
Loaded transfer transaction
Parsed transaction: transfer 1 8 89.000000 
Loaded transfer transaction
Parsed transaction: transfer 1 9 163.000000 
Loaded transfer transaction
Parsed transaction: withdraw 1 41.000000 
Loaded withdrawal transaction
Parsed transaction: withdraw 2 71.000000 
Loaded withdrawal transaction
Parsed transaction: withdraw 3 127.000000 
Loaded withdrawal transaction
Parsed transaction: withdraw 4 167.000000 
Loaded withdrawal transaction
Parsed transaction: withdraw 5 307.000000 
Loaded withdrawal transaction
Parsed transaction: withdraw 6 647.000000 
Loaded withdrawal transaction
Parsed transaction: withdraw 7 593.000000 
Loaded withdrawal transaction
Parsed transaction: withdraw 8 449.000000 
Loaded withdrawal transaction
Parsed transaction: withdraw 9 163.000000 
Loaded withdrawal transaction
********************************************
********************************************
   Reading and parsing a transaction file   
********************************************
Parsed transaction: withdraw 1 500.000000 
Loaded withdrawal transaction
Parsed transaction: withdraw 2 500.000000 
Loaded withdrawal transaction
Parsed transaction: withdraw 3 500.000000 
Loaded withdrawal transaction
Parsed transaction: withdraw 4 500.000000 
Loaded withdrawal transaction
Parsed transaction: withdraw 5 500.000000 
Loaded withdrawal transaction
Parsed transaction: withdraw 6 500.000000 
Loaded withdrawal transaction
Parsed transaction: withdraw 7 500.000000 
Loaded withdrawal transaction
Parsed transaction: withdraw 8 500.000000 
Loaded withdrawal transaction
Parsed transaction: withdraw 9 500.000000 
Loaded withdrawal transaction
Parsed transaction: withdraw 0 500.000000 
Loaded withdrawal transaction
Parsed transaction: withdraw 1 500.000000 
Loaded withdrawal transaction
Parsed transaction: withdraw 2 500.000000 
Loaded withdrawal transaction
Parsed transaction: withdraw 3 500.000000 
Loaded withdrawal transaction
Parsed transaction: withdraw 4 500.000000 
Loaded withdrawal transaction
Parsed transaction: withdraw 5 500.000000 
Loaded withdrawal transaction
Parsed transaction: withdraw 6 500.000000 
Loaded withdrawal transaction
Parsed transaction: withdraw 7 500.000000 
Loaded withdrawal transaction
Parsed transaction: withdraw 8 500.000000 
Loaded withdrawal transaction
Parsed transaction: withdraw 9 500.000000 
Loaded withdrawal transaction
Parsed transaction: withdraw 0 500.000000 
Loaded withdrawal transaction
Parsed transaction: withdraw 1 500.000000 
Loaded withdrawal transaction
Parsed transaction: withdraw 2 500.000000 
Loaded withdrawal transaction
Parsed transaction: withdraw 3 500.000000 
Loaded withdrawal transaction
Parsed transaction: withdraw 4 500.000000 
Loaded withdrawal transaction
Parsed transaction: withdraw 5 500.000000 
Loaded withdrawal transaction
Parsed transaction: withdraw 6 500.000000 
Loaded withdrawal transaction
Parsed transaction: withdraw 7 500.000000 
Loaded withdrawal transaction
Parsed transaction: withdraw 8 500.000000 
Loaded withdrawal transaction
Parsed transaction: withdraw 9 500.000000 
Loaded withdrawal transaction
Parsed transaction: withdraw 0 500.000000 
Loaded withdrawal transaction
********************************************
  ***    Start of transaction batch    ***  
User 0, Acc 9 Balance 0.000000, Deposit 617.000000 
User 0, Acc 9 Balance 617.000000, Transfer 617.000000 to Acc 9
User 0, Acc 8 Balance 0.000000, Deposit 619.000000 
User 0, Acc 8 Balance 619.000000, Transfer 619.000000 to Acc 2
User 0, Acc 7 Balance 0.000000, Deposit 631.000000 
User 0, Acc 7 Balance 631.000000, Transfer 631.000000 to Acc 3
User 0, Acc 6 Balance 0.000000, Deposit 641.000000 
User 0, Acc 6 Balance 641.000000, Transfer 641.000000 to Acc 4
User 0, Acc 5 Balance 0.000000, Deposit 643.000000 
User 0, Acc 4 Balance 641.000000, Deposit 647.000000 
User 0, Acc 4 Balance 1288.000000, Transfer 1200.000000 to Acc 7
User 0, Acc 3 Balance 631.000000, Deposit 653.000000 
User 0, Acc 3 Balance 1284.000000, Transfer 1200.000000 to Acc 8
User 0, Acc 2 Balance 619.000000, Deposit 659.000000 
User 0, Acc 2 Balance 1278.000000, Transfer 1200.000000 to Acc 9
User 0, Acc 1 Balance 0.000000, Deposit 661.000000 
User 0, Acc 0 Balance 0.000000, Deposit 673.000000 
User 0, Acc 1 Balance 661.000000, Withdraw 50.000000 
User 0, Acc 2 Balance 78.000000, Withdraw 50.000000 
User 0, Acc 3 Balance 84.000000, Withdraw 50.000000 
User 0, Acc 4 Balance 88.000000, Withdraw 50.000000 
User 0, Acc 5 Balance 643.000000, Withdraw 50.000000 
[22;32mUser 0, Acc 6 Balance 0.000000, 				Withdraw 50.000000 --insufficient funds[0m
User 0, Acc 7 Balance 1200.000000, Withdraw 50.000000 
User 4, Acc 1 Balance 611.000000, Withdraw 500.000000 
User 2, Acc 9 Balance 1817.000000, Deposit 617.000000 
User 3, Acc 0 Balance 673.000000, Deposit 907.000000 
User 0, Acc 8 Balance 1200.000000, Withdraw 50.000000 
User 3, Acc 1 Balance 111.000000, Deposit 911.000000 
User 3, Acc 2 Balance 28.000000, Deposit 919.000000 
User 3, Acc 3 Balance 34.000000, Deposit 929.000000 
User 3, Acc 4 Balance 38.000000, Deposit 937.000000 
User 0, Acc 9 Balance 2434.000000, Withdraw 50.000000 
User 3, Acc 5 Balance 593.000000, Deposit 941.000000 
User 0, Acc 0 Balance 1580.000000, Withdraw 50.000000 
User 2, Acc 9 Balance 2434.000000, Transfer 617.000000 to Acc 1
User 2, Acc 8 Balance 1150.000000, Deposit 619.000000 
[22;32mUser 4, Acc 2 Balance 28.000000, 				Withdraw 500.000000 --insufficient funds[0m
User 4, Acc 3 Balance 963.000000, Withdraw 500.000000 
User 4, Acc 4 Balance 975.000000, Withdraw 500.000000 
User 4, Acc 5 Balance 1534.000000, Withdraw 500.000000 
[22;32mUser 4, Acc 6 Balance 0.000000, 				Withdraw 500.000000 --insufficient funds[0m
User 4, Acc 7 Balance 1150.000000, Withdraw 500.000000 
User 4, Acc 8 Balance 1769.000000, Withdraw 500.000000 
User 4, Acc 9 Balance 1767.000000, Withdraw 500.000000 
User 4, Acc 0 Balance 1530.000000, Withdraw 500.000000 
User 4, Acc 1 Balance 1639.000000, Withdraw 500.000000 
User 4, Acc 2 Balance 947.000000, Withdraw 500.000000 
[22;32mUser 4, Acc 3 Balance 463.000000, 				Withdraw 500.000000 --insufficient funds[0m
[22;32mUser 4, Acc 4 Balance 475.000000, 				Withdraw 500.000000 --insufficient funds[0m
User 4, Acc 5 Balance 1034.000000, Withdraw 500.000000 
[22;32mUser 4, Acc 6 Balance 0.000000, 				Withdraw 500.000000 --insufficient funds[0m
User 4, Acc 7 Balance 650.000000, Withdraw 500.000000 
User 4, Acc 8 Balance 1269.000000, Withdraw 500.000000 
User 4, Acc 9 Balance 1267.000000, Withdraw 500.000000 
User 4, Acc 0 Balance 1030.000000, Withdraw 500.000000 
User 4, Acc 1 Balance 1139.000000, Withdraw 500.000000 
User 3, Acc 6 Balance 0.000000, Deposit 953.000000 
[22;32mUser 4, Acc 2 Balance 447.000000, 				Withdraw 500.000000 --insufficient funds[0m
[22;32mUser 4, Acc 3 Balance 463.000000, 				Withdraw 500.000000 --insufficient funds[0m
User 1, Acc 0 Balance 673.000000, Deposit 7.000000 
User 0, Acc 9 Balance 2384.000000, Deposit 617.000000 
User 1, Acc 1 Balance 639.000000, Deposit 11.000000 
User 3, Acc 7 Balance 150.000000, Deposit 967.000000 
[22;32mUser 4, Acc 4 Balance 475.000000, 				Withdraw 500.000000 --insufficient funds[0m
User 1, Acc 2 Balance 447.000000, Deposit 9.000000 
User 4, Acc 5 Balance 534.000000, Withdraw 500.000000 
User 3, Acc 1 Balance 650.000000, Transfer 19.000000 to Acc 7
User 3, Acc 2 Balance 456.000000, Transfer 23.000000 to Acc 7
User 1, Acc 3 Balance 463.000000, Transfer 29.000000 to Acc 7
User 3, Acc 3 Balance 463.000000, Transfer 29.000000 to Acc 7
User 0, Acc 9 Balance 1384.000000, Transfer 617.000000 to Acc 9
User 4, Acc 6 Balance 953.000000, Withdraw 500.000000 
User 1, Acc 7 Balance 1188.000000, Transfer 31.000000 to Acc 6
User 4, Acc 7 Balance 1217.000000, Withdraw 500.000000 
User 0, Acc 8 Balance 769.000000, Deposit 619.000000 
User 4, Acc 8 Balance 769.000000, Withdraw 500.000000 
User 3, Acc 7 Balance 1217.000000, Transfer 31.000000 to Acc 6
User 1, Acc 7 Balance 1186.000000, Transfer 137.000000 to Acc 5
User 3, Acc 7 Balance 655.000000, Transfer 37.000000 to Acc 5
User 1, Acc 7 Balance 518.000000, Transfer 3.000000 to Acc 4
User 4, Acc 9 Balance 1384.000000, Withdraw 500.000000 
User 2, Acc 8 Balance 1769.000000, Transfer 619.000000 to Acc 2
User 2, Acc 7 Balance 478.000000, Deposit 631.000000 
User 2, Acc 7 Balance 1109.000000, Transfer 631.000000 to Acc 3
User 0, Acc 8 Balance 1388.000000, Transfer 619.000000 to Acc 2
User 2, Acc 6 Balance 515.000000, Deposit 641.000000 
User 0, Acc 7 Balance 478.000000, Deposit 631.000000 
User 4, Acc 0 Balance 537.000000, Withdraw 500.000000 
User 3, Acc 7 Balance 481.000000, Transfer 3.000000 to Acc 4
User 4, Acc 0 Balance 37.000000, Deposit 7.000000 
User 4, Acc 1 Balance 631.000000, Deposit 11.000000 
User 4, Acc 2 Balance 1671.000000, Deposit 9.000000 
User 4, Acc 3 Balance 1036.000000, Transfer 29.000000 to Acc 7
User 4, Acc 7 Balance 1135.000000, Transfer 31.000000 to Acc 6
User 4, Acc 7 Balance 1104.000000, Transfer 137.000000 to Acc 5
User 4, Acc 7 Balance 967.000000, Transfer 3.000000 to Acc 4
User 4, Acc 7 Balance 964.000000, Transfer 5.000000 to Acc 4
User 4, Acc 3 Balance 1007.000000, Deposit 929.000000 
User 4, Acc 4 Balance 489.000000, Deposit 937.000000 
User 4, Acc 5 Balance 345.000000, Deposit 941.000000 
User 4, Acc 4 Balance 1426.000000, Withdraw 1167.000000 
[22;32mUser 4, Acc 5 Balance 1286.000000, 				Withdraw 1307.000000 --insufficient funds[0m
User 4, Acc 1 Balance 642.000000, Transfer 89.000000 to Acc 8
User 4, Acc 1 Balance 553.000000, Transfer 163.000000 to Acc 9
User 4, Acc 1 Balance 390.000000, Withdraw 41.000000 
User 4, Acc 2 Balance 1680.000000, Withdraw 71.000000 
User 4, Acc 3 Balance 1936.000000, Withdraw 1127.000000 
User 4, Acc 6 Balance 1187.000000, Withdraw 647.000000 
User 4, Acc 6 Balance 540.000000, Deposit 953.000000 
User 4, Acc 7 Balance 959.000000, Deposit 967.000000 
User 4, Acc 1 Balance 349.000000, Transfer 19.000000 to Acc 7
User 4, Acc 2 Balance 1609.000000, Transfer 23.000000 to Acc 7
User 4, Acc 6 Balance 1493.000000, Transfer 1167.000000 to Acc 5
User 4, Acc 4 Balance 259.000000, Transfer 53.000000 to Acc 5
User 4, Acc 7 Balance 1968.000000, Withdraw 1593.000000 
[22;32mUser 4, Acc 8 Balance -261.000000, 				Withdraw 449.000000 --insufficient funds[0m
User 4, Acc 9 Balance 1047.000000, Withdraw 163.000000 
User 4, Acc 9 Balance 884.000000, Deposit 617.000000 
User 4, Acc 9 Balance 1501.000000, Transfer 617.000000 to Acc 9
User 4, Acc 8 Balance -261.000000, Deposit 619.000000 
User 4, Acc 7 Balance 375.000000, Deposit 631.000000 
User 4, Acc 7 Balance 1006.000000, Transfer 631.000000 to Acc 3
User 4, Acc 6 Balance 326.000000, Deposit 641.000000 
User 4, Acc 6 Balance 967.000000, Transfer 641.000000 to Acc 4
User 4, Acc 5 Balance 2506.000000, Deposit 643.000000 
User 4, Acc 5 Balance 3149.000000, Transfer 1200.000000 to Acc 6
User 4, Acc 4 Balance 847.000000, Deposit 647.000000 
User 4, Acc 4 Balance 1494.000000, Transfer 1200.000000 to Acc 7
User 4, Acc 3 Balance 1440.000000, Deposit 653.000000 
User 4, Acc 3 Balance 2093.000000, Transfer 1200.000000 to Acc 8
User 4, Acc 2 Balance 1586.000000, Deposit 659.000000 
User 4, Acc 2 Balance 2245.000000, Transfer 1200.000000 to Acc 9
User 4, Acc 1 Balance 330.000000, Deposit 661.000000 
User 4, Acc 0 Balance 44.000000, Deposit 673.000000 
User 4, Acc 1 Balance 991.000000, Withdraw 50.000000 
User 4, Acc 2 Balance 1045.000000, Withdraw 50.000000 
User 4, Acc 3 Balance 893.000000, Withdraw 50.000000 
User 4, Acc 4 Balance 294.000000, Withdraw 50.000000 
User 4, Acc 5 Balance 1949.000000, Withdraw 50.000000 
User 4, Acc 6 Balance 1526.000000, Withdraw 50.000000 
User 4, Acc 7 Balance 1575.000000, Withdraw 50.000000 
User 4, Acc 8 Balance 1558.000000, Withdraw 50.000000 
User 4, Acc 9 Balance 2701.000000, Withdraw 50.000000 
User 4, Acc 0 Balance 717.000000, Withdraw 50.000000 
User 4, Acc 9 Balance 2651.000000, Deposit 617.000000 
User 4, Acc 9 Balance 3268.000000, Transfer 617.000000 to Acc 1
User 4, Acc 8 Balance 1508.000000, Deposit 619.000000 
User 4, Acc 8 Balance 2127.000000, Transfer 619.000000 to Acc 2
User 4, Acc 7 Balance 1525.000000, Deposit 631.000000 
User 4, Acc 7 Balance 2156.000000, Transfer 631.000000 to Acc 3
User 4, Acc 6 Balance 1476.000000, Deposit 641.000000 
User 4, Acc 6 Balance 2117.000000, Transfer 641.000000 to Acc 4
User 4, Acc 5 Balance 1899.000000, Deposit 643.000000 
User 4, Acc 5 Balance 2542.000000, Transfer 1200.000000 to Acc 6
User 4, Acc 4 Balance 885.000000, Deposit 647.000000 
User 4, Acc 4 Balance 1532.000000, Transfer 1200.000000 to Acc 7
User 4, Acc 3 Balance 1474.000000, Deposit 653.000000 
User 4, Acc 3 Balance 2127.000000, Transfer 1200.000000 to Acc 8
User 4, Acc 2 Balance 1614.000000, Deposit 659.000000 
User 4, Acc 2 Balance 2273.000000, Transfer 1200.000000 to Acc 9
User 4, Acc 1 Balance 1558.000000, Deposit 661.000000 
User 4, Acc 1 Balance 2219.000000, Transfer 1200.000000 to Acc 9
User 4, Acc 0 Balance 667.000000, Deposit 673.000000 
User 4, Acc 0 Balance 1340.000000, Transfer 1200.000000 to Acc 9
User 4, Acc 1 Balance 1019.000000, Withdraw 50.000000 
User 4, Acc 2 Balance 1073.000000, Withdraw 50.000000 
User 4, Acc 3 Balance 927.000000, Withdraw 50.000000 
User 4, Acc 4 Balance 332.000000, Withdraw 50.000000 
User 4, Acc 5 Balance 1342.000000, Withdraw 50.000000 
User 4, Acc 6 Balance 2676.000000, Withdraw 50.000000 
User 4, Acc 7 Balance 2725.000000, Withdraw 50.000000 
User 4, Acc 8 Balance 2708.000000, Withdraw 50.000000 
User 4, Acc 9 Balance 6251.000000, Withdraw 50.000000 
User 4, Acc 0 Balance 140.000000, Withdraw 50.000000 
User 4, Acc 9 Balance 6201.000000, Deposit 617.000000 
User 4, Acc 9 Balance 6818.000000, Transfer 617.000000 to Acc 9
User 4, Acc 8 Balance 2658.000000, Deposit 619.000000 
User 4, Acc 8 Balance 3277.000000, Transfer 619.000000 to Acc 2
User 4, Acc 7 Balance 2675.000000, Deposit 631.000000 
User 4, Acc 7 Balance 3306.000000, Transfer 631.000000 to Acc 3
User 4, Acc 6 Balance 2626.000000, Deposit 641.000000 
User 4, Acc 6 Balance 3267.000000, Transfer 641.000000 to Acc 4
User 4, Acc 5 Balance 1292.000000, Deposit 643.000000 
User 4, Acc 5 Balance 1935.000000, Transfer 1200.000000 to Acc 6
User 4, Acc 4 Balance 923.000000, Deposit 647.000000 
User 4, Acc 4 Balance 1570.000000, Transfer 1200.000000 to Acc 7
User 4, Acc 3 Balance 1508.000000, Deposit 653.000000 
User 4, Acc 3 Balance 2161.000000, Transfer 1200.000000 to Acc 8
User 4, Acc 2 Balance 1642.000000, Deposit 659.000000 
User 4, Acc 2 Balance 2301.000000, Transfer 1200.000000 to Acc 9
User 4, Acc 1 Balance 969.000000, Deposit 661.000000 
User 4, Acc 1 Balance 1630.000000, Transfer 1200.000000 to Acc 9
User 4, Acc 0 Balance 90.000000, Deposit 673.000000 
User 4, Acc 1 Balance 430.000000, Withdraw 50.000000 
User 4, Acc 2 Balance 1101.000000, Withdraw 50.000000 
User 4, Acc 3 Balance 961.000000, Withdraw 50.000000 
User 3, Acc 7 Balance 1106.000000, Transfer 5.000000 to Acc 4
User 4, Acc 4 Balance 370.000000, Withdraw 50.000000 
User 3, Acc 6 Balance 3826.000000, Transfer 67.000000 to Acc 5
User 4, Acc 5 Balance 735.000000, Withdraw 50.000000 
User 0, Acc 7 Balance 1109.000000, Transfer 631.000000 to Acc 3
User 4, Acc 6 Balance 3759.000000, Withdraw 50.000000 
User 0, Acc 6 Balance 3759.000000, Deposit 641.000000 
User 4, Acc 7 Balance 3239.000000, Withdraw 50.000000 
User 0, Acc 6 Balance 4350.000000, Transfer 641.000000 to Acc 4
User 4, Acc 8 Balance 3858.000000, Withdraw 50.000000 
User 4, Acc 9 Balance 9218.000000, Withdraw 50.000000 
User 2, Acc 6 Balance 1156.000000, Transfer 641.000000 to Acc 4
User 4, Acc 0 Balance 763.000000, Withdraw 50.000000 
User 2, Acc 5 Balance 752.000000, Deposit 643.000000 
User 2, Acc 5 Balance 1395.000000, Transfer 1200.000000 to Acc 6
User 4, Acc 0 Balance 713.000000, Deposit 907.000000 
User 1, Acc 7 Balance 478.000000, Transfer 5.000000 to Acc 4
User 4, Acc 1 Balance 380.000000, Deposit 911.000000 
User 2, Acc 4 Balance 1607.000000, Deposit 647.000000 
User 4, Acc 2 Balance 1051.000000, Deposit 919.000000 
User 3, Acc 4 Balance 325.000000, Transfer 53.000000 to Acc 5
User 1, Acc 3 Balance 1542.000000, Deposit 929.000000 
User 3, Acc 1 Balance 1291.000000, Transfer 89.000000 to Acc 8
User 1, Acc 4 Balance 2206.000000, Deposit 937.000000 
User 1, Acc 5 Balance 248.000000, Deposit 941.000000 
User 0, Acc 5 Balance 752.000000, Deposit 643.000000 
User 0, Acc 5 Balance 1832.000000, Transfer 1200.000000 to Acc 6
User 0, Acc 4 Balance 3143.000000, Deposit 647.000000 
User 0, Acc 4 Balance 3790.000000, Transfer 1200.000000 to Acc 7
User 0, Acc 3 Balance 2471.000000, Deposit 653.000000 
User 0, Acc 3 Balance 3124.000000, Transfer 1200.000000 to Acc 8
User 0, Acc 2 Balance 1970.000000, Deposit 659.000000 
User 0, Acc 2 Balance 2629.000000, Transfer 1200.000000 to Acc 9
User 0, Acc 1 Balance 1202.000000, Deposit 661.000000 
User 4, Acc 3 Balance 1542.000000, Deposit 929.000000 
User 4, Acc 4 Balance 2590.000000, Deposit 937.000000 
User 4, Acc 5 Balance 632.000000, Deposit 941.000000 
User 4, Acc 6 Balance 5468.000000, Deposit 953.000000 
User 4, Acc 7 Balance 4384.000000, Deposit 967.000000 
User 4, Acc 1 Balance 1863.000000, Transfer 19.000000 to Acc 7
User 4, Acc 2 Balance 1429.000000, Transfer 23.000000 to Acc 7
User 4, Acc 3 Balance 2853.000000, Transfer 29.000000 to Acc 7
User 4, Acc 7 Balance 5422.000000, Transfer 31.000000 to Acc 6
User 4, Acc 7 Balance 5391.000000, Transfer 37.000000 to Acc 5
User 4, Acc 7 Balance 5354.000000, Transfer 3.000000 to Acc 4
User 4, Acc 7 Balance 5351.000000, Transfer 5.000000 to Acc 4
User 4, Acc 6 Balance 6452.000000, Transfer 67.000000 to Acc 5
User 4, Acc 4 Balance 3535.000000, Transfer 53.000000 to Acc 5
User 4, Acc 1 Balance 1844.000000, Transfer 89.000000 to Acc 8
User 4, Acc 1 Balance 1755.000000, Transfer 163.000000 to Acc 9
User 4, Acc 1 Balance 1592.000000, Withdraw 41.000000 
User 4, Acc 2 Balance 1406.000000, Withdraw 71.000000 
User 4, Acc 3 Balance 2824.000000, Withdraw 127.000000 
User 4, Acc 4 Balance 3482.000000, Withdraw 167.000000 
User 4, Acc 5 Balance 1730.000000, Withdraw 307.000000 
User 4, Acc 6 Balance 6385.000000, Withdraw 647.000000 
User 4, Acc 7 Balance 5346.000000, Withdraw 593.000000 
User 4, Acc 8 Balance 5186.000000, Withdraw 449.000000 
User 4, Acc 9 Balance 10531.000000, Withdraw 163.000000 
User 4, Acc 0 Balance 1620.000000, Deposit 7.000000 
User 4, Acc 1 Balance 1551.000000, Deposit 11.000000 
User 4, Acc 2 Balance 1335.000000, Deposit 9.000000 
User 4, Acc 3 Balance 2697.000000, Transfer 29.000000 to Acc 7
User 4, Acc 7 Balance 4782.000000, Transfer 31.000000 to Acc 6
User 4, Acc 7 Balance 4751.000000, Transfer 137.000000 to Acc 5
User 4, Acc 7 Balance 4614.000000, Transfer 3.000000 to Acc 4
User 4, Acc 7 Balance 4611.000000, Transfer 5.000000 to Acc 4
User 4, Acc 3 Balance 2668.000000, Deposit 929.000000 
User 4, Acc 4 Balance 3323.000000, Deposit 937.000000 
User 4, Acc 5 Balance 1560.000000, Deposit 941.000000 
User 4, Acc 4 Balance 4260.000000, Withdraw 1167.000000 
User 4, Acc 5 Balance 2501.000000, Withdraw 1307.000000 
User 4, Acc 1 Balance 1562.000000, Transfer 89.000000 to Acc 8
User 4, Acc 1 Balance 1473.000000, Transfer 163.000000 to Acc 9
User 4, Acc 1 Balance 1310.000000, Withdraw 41.000000 
User 4, Acc 2 Balance 1344.000000, Withdraw 71.000000 
User 4, Acc 3 Balance 3597.000000, Withdraw 1127.000000 
User 4, Acc 6 Balance 5769.000000, Withdraw 647.000000 
User 4, Acc 6 Balance 5122.000000, Deposit 953.000000 
User 4, Acc 7 Balance 4606.000000, Deposit 967.000000 
User 4, Acc 1 Balance 1269.000000, Transfer 19.000000 to Acc 7
User 4, Acc 2 Balance 1273.000000, Transfer 23.000000 to Acc 7
User 4, Acc 6 Balance 6075.000000, Transfer 1167.000000 to Acc 5
User 4, Acc 4 Balance 3093.000000, Transfer 53.000000 to Acc 5
User 4, Acc 7 Balance 5615.000000, Withdraw 1593.000000 
User 4, Acc 8 Balance 4826.000000, Withdraw 449.000000 
User 4, Acc 9 Balance 10531.000000, Withdraw 163.000000 
User 4, Acc 0 Balance 1627.000000, Deposit 7.000000 
User 4, Acc 1 Balance 1250.000000, Deposit 11.000000 
User 4, Acc 2 Balance 1250.000000, Deposit 9.000000 
User 4, Acc 3 Balance 2470.000000, Transfer 29.000000 to Acc 7
User 4, Acc 7 Balance 4051.000000, Transfer 31.000000 to Acc 6
User 4, Acc 7 Balance 4020.000000, Transfer 137.000000 to Acc 5
User 4, Acc 7 Balance 3883.000000, Transfer 3.000000 to Acc 4
User 4, Acc 7 Balance 3880.000000, Transfer 5.000000 to Acc 4
User 4, Acc 3 Balance 2441.000000, Deposit 929.000000 
User 4, Acc 4 Balance 3048.000000, Deposit 937.000000 
User 4, Acc 5 Balance 2551.000000, Deposit 941.000000 
User 4, Acc 4 Balance 3985.000000, Withdraw 1167.000000 
User 4, Acc 5 Balance 3492.000000, Withdraw 1307.000000 
User 4, Acc 1 Balance 1261.000000, Transfer 89.000000 to Acc 8
User 4, Acc 1 Balance 1172.000000, Transfer 163.000000 to Acc 9
User 4, Acc 1 Balance 1009.000000, Withdraw 41.000000 
User 4, Acc 2 Balance 1259.000000, Withdraw 71.000000 
User 4, Acc 3 Balance 3370.000000, Withdraw 1127.000000 
User 4, Acc 6 Balance 4939.000000, Withdraw 647.000000 
User 4, Acc 6 Balance 4292.000000, Deposit 953.000000 
User 4, Acc 7 Balance 3875.000000, Deposit 967.000000 
User 4, Acc 1 Balance 968.000000, Transfer 19.000000 to Acc 7
User 4, Acc 2 Balance 1188.000000, Transfer 23.000000 to Acc 7
User 4, Acc 6 Balance 5245.000000, Transfer 1167.000000 to Acc 5
User 4, Acc 4 Balance 2818.000000, Transfer 53.000000 to Acc 5
User 4, Acc 7 Balance 4884.000000, Withdraw 1593.000000 
User 4, Acc 8 Balance 4466.000000, Withdraw 449.000000 
User 4, Acc 9 Balance 10531.000000, Withdraw 163.000000 
User 4, Acc 9 Balance 10368.000000, Deposit 617.000000 
User 4, Acc 9 Balance 10985.000000, Transfer 617.000000 to Acc 1
User 4, Acc 8 Balance 4017.000000, Deposit 619.000000 
User 4, Acc 8 Balance 4636.000000, Transfer 619.000000 to Acc 2
User 4, Acc 7 Balance 3291.000000, Deposit 631.000000 
User 4, Acc 7 Balance 3922.000000, Transfer 631.000000 to Acc 3
User 4, Acc 6 Balance 4078.000000, Deposit 641.000000 
User 0, Acc 1 Balance 1863.000000, Transfer 1200.000000 to Acc 9
User 4, Acc 6 Balance 4719.000000, Transfer 641.000000 to Acc 4
User 0, Acc 0 Balance 1634.000000, Deposit 673.000000 
User 4, Acc 5 Balance 3405.000000, Deposit 643.000000 
User 0, Acc 0 Balance 2307.000000, Transfer 1200.000000 to Acc 9
User 4, Acc 5 Balance 4048.000000, Transfer 1200.000000 to Acc 6
User 0, Acc 1 Balance 366.000000, Withdraw 50.000000 
User 4, Acc 4 Balance 3406.000000, Deposit 647.000000 
User 3, Acc 1 Balance 1202.000000, Transfer 163.000000 to Acc 9
User 2, Acc 4 Balance 2259.000000, Transfer 1200.000000 to Acc 7
User 3, Acc 1 Balance 153.000000, Withdraw 41.000000 
User 1, Acc 4 Balance 3143.000000, Withdraw 1167.000000 
User 3, Acc 2 Balance 1784.000000, Withdraw 71.000000 
User 4, Acc 4 Balance 4053.000000, Transfer 1200.000000 to Acc 7
User 3, Acc 3 Balance 2874.000000, Withdraw 127.000000 
User 4, Acc 3 Balance 2874.000000, Deposit 653.000000 
User 0, Acc 2 Balance 1784.000000, Withdraw 50.000000 
User 4, Acc 3 Balance 3400.000000, Transfer 1200.000000 to Acc 8
User 0, Acc 3 Balance 3400.000000, Withdraw 50.000000 
User 0, Acc 4 Balance 486.000000, Withdraw 50.000000 
User 4, Acc 2 Balance 1663.000000, Deposit 659.000000 
User 4, Acc 2 Balance 2322.000000, Transfer 1200.000000 to Acc 9
User 4, Acc 1 Balance 112.000000, Deposit 661.000000 
User 4, Acc 0 Balance 1107.000000, Deposit 673.000000 
User 4, Acc 0 Balance 1780.000000, Transfer 1200.000000 to Acc 9
User 4, Acc 1 Balance 773.000000, Withdraw 50.000000 
User 4, Acc 2 Balance 1122.000000, Withdraw 50.000000 
User 4, Acc 3 Balance 2150.000000, Withdraw 50.000000 
User 0, Acc 5 Balance 2848.000000, Withdraw 50.000000 
User 4, Acc 4 Balance 436.000000, Withdraw 50.000000 
User 4, Acc 5 Balance 2848.000000, Withdraw 50.000000 
User 2, Acc 3 Balance 2874.000000, Deposit 653.000000 
User 4, Acc 6 Balance 5278.000000, Withdraw 50.000000 
User 0, Acc 6 Balance 5278.000000, Withdraw 50.000000 
User 4, Acc 7 Balance 5691.000000, Withdraw 50.000000 
User 0, Acc 7 Balance 5691.000000, Withdraw 50.000000 
User 4, Acc 8 Balance 5217.000000, Withdraw 50.000000 
User 0, Acc 8 Balance 5217.000000, Withdraw 50.000000 
User 4, Acc 9 Balance 15331.000000, Withdraw 50.000000 
User 0, Acc 9 Balance 15331.000000, Withdraw 50.000000 
User 4, Acc 0 Balance 580.000000, Withdraw 50.000000 
User 3, Acc 4 Balance 486.000000, Withdraw 167.000000 
User 3, Acc 5 Balance 2748.000000, Withdraw 307.000000 
User 1, Acc 5 Balance 2848.000000, Withdraw 1307.000000 
User 3, Acc 6 Balance 5178.000000, Withdraw 647.000000 
User 3, Acc 7 Balance 5591.000000, Withdraw 593.000000 
User 2, Acc 3 Balance 2753.000000, Transfer 1200.000000 to Acc 8
User 3, Acc 8 Balance 5117.000000, Withdraw 449.000000 
User 1, Acc 1 Balance 723.000000, Transfer 89.000000 to Acc 8
User 3, Acc 9 Balance 15231.000000, Withdraw 163.000000 
User 1, Acc 1 Balance 634.000000, Transfer 163.000000 to Acc 9
User 3, Acc 9 Balance 15068.000000, Deposit 617.000000 
User 4, Acc 9 Balance 15231.000000, Deposit 617.000000 
User 4, Acc 9 Balance 16465.000000, Transfer 617.000000 to Acc 9
User 4, Acc 8 Balance 5957.000000, Deposit 619.000000 
User 4, Acc 8 Balance 6576.000000, Transfer 619.000000 to Acc 2
User 4, Acc 7 Balance 4998.000000, Deposit 631.000000 
User 4, Acc 7 Balance 5629.000000, Transfer 631.000000 to Acc 3
User 4, Acc 6 Balance 4531.000000, Deposit 641.000000 
User 4, Acc 6 Balance 5172.000000, Transfer 641.000000 to Acc 4
User 4, Acc 5 Balance 1134.000000, Deposit 643.000000 
User 4, Acc 5 Balance 1777.000000, Transfer 1200.000000 to Acc 6
User 4, Acc 4 Balance 860.000000, Deposit 647.000000 
User 0, Acc 0 Balance 530.000000, Withdraw 50.000000 
User 4, Acc 4 Balance 1507.000000, Transfer 1200.000000 to Acc 7
User 4, Acc 3 Balance 2184.000000, Deposit 653.000000 
[22;32mUser 0, Acc 1 Balance 471.000000, 				Withdraw 500.000000 --insufficient funds[0m
User 4, Acc 3 Balance 2837.000000, Transfer 1200.000000 to Acc 8
User 0, Acc 2 Balance 1691.000000, Withdraw 500.000000 
User 4, Acc 2 Balance 1691.000000, Deposit 659.000000 
User 0, Acc 3 Balance 1637.000000, Withdraw 500.000000 
User 1, Acc 1 Balance 471.000000, Withdraw 41.000000 
[22;32mUser 0, Acc 4 Balance 307.000000, 				Withdraw 500.000000 --insufficient funds[0m
User 0, Acc 5 Balance 577.000000, Withdraw 500.000000 
User 4, Acc 2 Balance 1850.000000, Transfer 1200.000000 to Acc 9
User 3, Acc 9 Balance 15848.000000, Transfer 617.000000 to Acc 1
User 4, Acc 1 Balance 430.000000, Deposit 661.000000 
User 1, Acc 2 Balance 1850.000000, Withdraw 71.000000 
User 4, Acc 1 Balance 1708.000000, Transfer 1200.000000 to Acc 9
User 2, Acc 2 Balance 1072.000000, Deposit 659.000000 
User 4, Acc 0 Balance 480.000000, Deposit 673.000000 
User 3, Acc 8 Balance 7157.000000, Deposit 619.000000 
User 4, Acc 1 Balance 508.000000, Withdraw 50.000000 
User 2, Acc 2 Balance 1238.000000, Transfer 1200.000000 to Acc 9
User 1, Acc 3 Balance 1137.000000, Withdraw 1127.000000 
User 1, Acc 6 Balance 5731.000000, Withdraw 647.000000 
User 3, Acc 8 Balance 7776.000000, Transfer 619.000000 to Acc 2
User 0, Acc 6 Balance 5731.000000, Withdraw 500.000000 
User 3, Acc 7 Balance 6198.000000, Deposit 631.000000 
User 0, Acc 7 Balance 6198.000000, Withdraw 500.000000 
User 0, Acc 8 Balance 7157.000000, Withdraw 500.000000 
User 1, Acc 6 Balance 5084.000000, Deposit 953.000000 
User 0, Acc 9 Balance 19448.000000, Withdraw 500.000000 
User 1, Acc 7 Balance 6329.000000, Deposit 967.000000 
User 0, Acc 0 Balance 1153.000000, Withdraw 500.000000 
User 3, Acc 7 Balance 6329.000000, Transfer 631.000000 to Acc 3
[22;32mUser 0, Acc 1 Balance 458.000000, 				Withdraw 500.000000 --insufficient funds[0m
User 3, Acc 6 Balance 5537.000000, Deposit 641.000000 
User 0, Acc 2 Balance 657.000000, Withdraw 500.000000 
User 2, Acc 1 Balance 458.000000, Deposit 661.000000 
User 0, Acc 3 Balance 641.000000, Withdraw 500.000000 
User 3, Acc 6 Balance 6178.000000, Transfer 641.000000 to Acc 4
User 4, Acc 2 Balance 1238.000000, Withdraw 50.000000 
User 2, Acc 0 Balance 653.000000, Deposit 673.000000 
User 3, Acc 5 Balance 77.000000, Deposit 643.000000 
User 1, Acc 1 Balance 458.000000, Transfer 19.000000 to Acc 7
[22;32mUser 0, Acc 4 Balance 307.000000, 				Withdraw 500.000000 --insufficient funds[0m
User 0, Acc 5 Balance 720.000000, Withdraw 500.000000 
User 3, Acc 4 Balance 948.000000, Deposit 647.000000 
User 0, Acc 6 Balance 5537.000000, Withdraw 500.000000 
User 3, Acc 4 Balance 1595.000000, Transfer 1200.000000 to Acc 7
User 0, Acc 7 Balance 6684.000000, Withdraw 500.000000 
User 4, Acc 3 Balance 141.000000, Withdraw 50.000000 
User 0, Acc 8 Balance 6657.000000, Withdraw 500.000000 
User 0, Acc 9 Balance 18948.000000, Withdraw 500.000000 
User 2, Acc 0 Balance 1326.000000, Transfer 1200.000000 to Acc 9
User 3, Acc 3 Balance 141.000000, Deposit 653.000000 
User 2, Acc 1 Balance 1100.000000, Withdraw 50.000000 
User 2, Acc 2 Balance 107.000000, Withdraw 50.000000 
User 4, Acc 4 Balance 395.000000, Withdraw 50.000000 
User 0, Acc 0 Balance 1326.000000, Withdraw 500.000000 
User 3, Acc 2 Balance 107.000000, Deposit 659.000000 
User 0, Acc 1 Balance 1050.000000, Withdraw 500.000000 
User 2, Acc 3 Balance 744.000000, Withdraw 50.000000 
User 0, Acc 2 Balance 716.000000, Withdraw 500.000000 
User 4, Acc 5 Balance 220.000000, Withdraw 50.000000 
User 0, Acc 3 Balance 694.000000, Withdraw 500.000000 
User 4, Acc 6 Balance 5037.000000, Withdraw 50.000000 
User 1, Acc 2 Balance 107.000000, Transfer 23.000000 to Acc 7
User 3, Acc 1 Balance 1050.000000, Deposit 661.000000 
User 1, Acc 6 Balance 4987.000000, Transfer 1167.000000 to Acc 5
[22;32mUser 0, Acc 4 Balance 345.000000, 				Withdraw 500.000000 --insufficient funds[0m
User 4, Acc 7 Balance 7384.000000, Withdraw 50.000000 
User 0, Acc 5 Balance 1337.000000, Withdraw 500.000000 
User 4, Acc 8 Balance 6157.000000, Withdraw 50.000000 
User 1, Acc 4 Balance 345.000000, Transfer 53.000000 to Acc 5
User 4, Acc 9 Balance 19648.000000, Withdraw 50.000000 
User 1, Acc 7 Balance 7357.000000, Withdraw 1593.000000 
User 0, Acc 6 Balance 3820.000000, Withdraw 500.000000 
User 1, Acc 8 Balance 6107.000000, Withdraw 449.000000 
User 0, Acc 7 Balance 5764.000000, Withdraw 500.000000 
User 1, Acc 9 Balance 19598.000000, Withdraw 163.000000 
User 0, Acc 8 Balance 5658.000000, Withdraw 500.000000 
User 1, Acc 0 Balance -374.000000, Deposit 907.000000 
[22;32mUser 4, Acc 0 Balance -374.000000, 				Withdraw 50.000000 --insufficient funds[0m
User 0, Acc 9 Balance 19435.000000, Withdraw 500.000000 
User 4, Acc 0 Balance 533.000000, Deposit 907.000000 
User 0, Acc 0 Balance 533.000000, Withdraw 500.000000 
User 2, Acc 4 Balance 345.000000, Withdraw 50.000000 
User 0, Acc 0 Balance 940.000000, Deposit 7.000000 
User 2, Acc 5 Balance 890.000000, Withdraw 50.000000 
User 2, Acc 6 Balance 3320.000000, Withdraw 50.000000 
User 0, Acc 1 Balance 1211.000000, Deposit 11.000000 
User 3, Acc 1 Balance 1211.000000, Transfer 1200.000000 to Acc 9
User 3, Acc 0 Balance 947.000000, Deposit 673.000000 
User 3, Acc 0 Balance 1620.000000, Transfer 1200.000000 to Acc 9
[22;32mUser 3, Acc 1 Balance 22.000000, 				Withdraw 50.000000 --insufficient funds[0m
User 4, Acc 1 Balance 1211.000000, Deposit 911.000000 
User 4, Acc 2 Balance 193.000000, Deposit 919.000000 
User 4, Acc 3 Balance 194.000000, Deposit 929.000000 
User 4, Acc 4 Balance 242.000000, Deposit 937.000000 
User 4, Acc 5 Balance 840.000000, Deposit 941.000000 
User 4, Acc 6 Balance 3270.000000, Deposit 953.000000 
User 4, Acc 7 Balance 5264.000000, Deposit 967.000000 
User 3, Acc 2 Balance 193.000000, Withdraw 50.000000 
User 3, Acc 3 Balance 1123.000000, Withdraw 50.000000 
User 2, Acc 7 Balance 5264.000000, Withdraw 50.000000 
User 3, Acc 4 Balance 1179.000000, Withdraw 50.000000 
User 0, Acc 2 Balance 193.000000, Deposit 9.000000 
User 1, Acc 1 Balance 1211.000000, Deposit 911.000000 
User 0, Acc 3 Balance 1073.000000, Transfer 29.000000 to Acc 7
User 1, Acc 2 Balance 1071.000000, Deposit 919.000000 
User 3, Acc 5 Balance 1781.000000, Withdraw 50.000000 
User 1, Acc 3 Balance 1044.000000, Deposit 929.000000 
User 4, Acc 1 Balance 933.000000, Transfer 19.000000 to Acc 7
User 0, Acc 7 Balance 6210.000000, Transfer 31.000000 to Acc 6
User 2, Acc 8 Balance 5158.000000, Withdraw 50.000000 
User 0, Acc 7 Balance 6198.000000, Transfer 137.000000 to Acc 5
User 2, Acc 9 Balance 21335.000000, Withdraw 50.000000 
User 0, Acc 7 Balance 6061.000000, Transfer 3.000000 to Acc 4
User 0, Acc 7 Balance 6058.000000, Transfer 5.000000 to Acc 4
User 1, Acc 4 Balance 1129.000000, Deposit 937.000000 
User 4, Acc 2 Balance 1990.000000, Transfer 23.000000 to Acc 7
User 1, Acc 5 Balance 1868.000000, Deposit 941.000000 
User 1, Acc 6 Balance 4254.000000, Deposit 953.000000 
User 0, Acc 3 Balance 1973.000000, Deposit 929.000000 
User 1, Acc 7 Balance 6076.000000, Deposit 967.000000 
User 0, Acc 4 Balance 2074.000000, Deposit 937.000000 
User 0, Acc 5 Balance 2809.000000, Deposit 941.000000 
User 4, Acc 3 Balance 1973.000000, Transfer 29.000000 to Acc 7
User 4, Acc 7 Balance 7072.000000, Transfer 31.000000 to Acc 6
User 4, Acc 7 Balance 7041.000000, Transfer 37.000000 to Acc 5
User 4, Acc 7 Balance 7004.000000, Transfer 3.000000 to Acc 4
User 4, Acc 7 Balance 7001.000000, Transfer 5.000000 to Acc 4
User 0, Acc 4 Balance 3011.000000, Withdraw 1167.000000 
User 0, Acc 5 Balance 3787.000000, Withdraw 1307.000000 
User 0, Acc 1 Balance 1825.000000, Transfer 89.000000 to Acc 8
User 0, Acc 1 Balance 1736.000000, Transfer 163.000000 to Acc 9
User 1, Acc 1 Balance 1825.000000, Transfer 19.000000 to Acc 7
User 0, Acc 1 Balance 1573.000000, Withdraw 41.000000 
User 1, Acc 2 Balance 1967.000000, Transfer 23.000000 to Acc 7
User 0, Acc 2 Balance 1967.000000, Withdraw 71.000000 
User 1, Acc 3 Balance 2873.000000, Transfer 29.000000 to Acc 7
User 0, Acc 3 Balance 2873.000000, Withdraw 1127.000000 
User 1, Acc 7 Balance 7067.000000, Transfer 31.000000 to Acc 6
User 1, Acc 7 Balance 7036.000000, Transfer 37.000000 to Acc 5
User 3, Acc 6 Balance 4223.000000, Withdraw 50.000000 
User 1, Acc 7 Balance 6999.000000, Transfer 3.000000 to Acc 4
User 1, Acc 7 Balance 6996.000000, Transfer 5.000000 to Acc 4
User 4, Acc 6 Balance 5238.000000, Transfer 67.000000 to Acc 5
User 4, Acc 4 Balance 1860.000000, Transfer 53.000000 to Acc 5
User 4, Acc 1 Balance 1513.000000, Transfer 89.000000 to Acc 8
User 4, Acc 1 Balance 1424.000000, Transfer 163.000000 to Acc 9
User 4, Acc 1 Balance 1261.000000, Withdraw 41.000000 
User 4, Acc 2 Balance 1873.000000, Withdraw 71.000000 
User 4, Acc 3 Balance 1717.000000, Withdraw 127.000000 
User 2, Acc 0 Balance 420.000000, Withdraw 50.000000 
User 1, Acc 6 Balance 5219.000000, Transfer 67.000000 to Acc 5
User 2, Acc 9 Balance 21611.000000, Deposit 617.000000 
User 2, Acc 9 Balance 22228.000000, Transfer 617.000000 to Acc 1
User 2, Acc 8 Balance 5286.000000, Deposit 619.000000 
User 2, Acc 8 Balance 5905.000000, Transfer 619.000000 to Acc 2
User 2, Acc 7 Balance 6991.000000, Deposit 631.000000 
User 2, Acc 7 Balance 7622.000000, Transfer 631.000000 to Acc 3
User 2, Acc 6 Balance 5085.000000, Deposit 641.000000 
User 2, Acc 6 Balance 5726.000000, Transfer 641.000000 to Acc 4
User 2, Acc 5 Balance 2704.000000, Deposit 643.000000 
User 2, Acc 5 Balance 3347.000000, Transfer 1200.000000 to Acc 6
User 2, Acc 4 Balance 2448.000000, Deposit 647.000000 
User 2, Acc 4 Balance 3095.000000, Transfer 1200.000000 to Acc 7
User 2, Acc 3 Balance 2221.000000, Deposit 653.000000 
User 2, Acc 3 Balance 2874.000000, Transfer 1200.000000 to Acc 8
User 2, Acc 2 Balance 2421.000000, Deposit 659.000000 
User 4, Acc 4 Balance 1807.000000, Withdraw 167.000000 
User 4, Acc 5 Balance 2147.000000, Withdraw 307.000000 
User 1, Acc 4 Balance 1807.000000, Transfer 53.000000 to Acc 5
User 0, Acc 6 Balance 5269.000000, Withdraw 647.000000 
User 3, Acc 7 Balance 6996.000000, Withdraw 50.000000 
User 0, Acc 6 Balance 5638.000000, Deposit 953.000000 
User 2, Acc 2 Balance 3080.000000, Transfer 1200.000000 to Acc 9
User 1, Acc 1 Balance 1837.000000, Transfer 89.000000 to Acc 8
User 2, Acc 1 Balance 1837.000000, Deposit 661.000000 
User 1, Acc 1 Balance 1748.000000, Transfer 163.000000 to Acc 9
User 4, Acc 6 Balance 6285.000000, Withdraw 647.000000 
User 2, Acc 1 Balance 2246.000000, Transfer 1200.000000 to Acc 9
User 3, Acc 8 Balance 6486.000000, Withdraw 50.000000 
User 2, Acc 0 Balance 370.000000, Deposit 673.000000 
User 1, Acc 1 Balance 1585.000000, Withdraw 41.000000 
User 2, Acc 1 Balance 1046.000000, Withdraw 50.000000 
User 1, Acc 2 Balance 1880.000000, Withdraw 71.000000 
User 2, Acc 2 Balance 1880.000000, Withdraw 50.000000 
User 1, Acc 3 Balance 1674.000000, Withdraw 127.000000 
User 2, Acc 3 Balance 1674.000000, Withdraw 50.000000 
User 1, Acc 4 Balance 1675.000000, Withdraw 167.000000 
User 1, Acc 5 Balance 1893.000000, Withdraw 307.000000 
User 3, Acc 9 Balance 24174.000000, Withdraw 50.000000 
User 3, Acc 0 Balance 1043.000000, Withdraw 50.000000 
User 0, Acc 7 Balance 8141.000000, Deposit 967.000000 
User 0, Acc 1 Balance 955.000000, Transfer 19.000000 to Acc 7
User 0, Acc 2 Balance 1759.000000, Transfer 23.000000 to Acc 7
User 0, Acc 6 Balance 5944.000000, Transfer 1167.000000 to Acc 5
User 0, Acc 4 Balance 1508.000000, Transfer 53.000000 to Acc 5
User 0, Acc 7 Balance 9150.000000, Withdraw 1593.000000 
User 0, Acc 8 Balance 6525.000000, Withdraw 449.000000 
User 1, Acc 6 Balance 5944.000000, Withdraw 647.000000 
User 0, Acc 9 Balance 24124.000000, Withdraw 163.000000 
User 1, Acc 7 Balance 7557.000000, Withdraw 593.000000 
User 1, Acc 8 Balance 6076.000000, Withdraw 449.000000 
User 4, Acc 7 Balance 8141.000000, Withdraw 593.000000 
User 1, Acc 9 Balance 23961.000000, Withdraw 163.000000 
User 4, Acc 8 Balance 5627.000000, Withdraw 449.000000 
User 4, Acc 9 Balance 23961.000000, Withdraw 163.000000 
User 2, Acc 4 Balance 1675.000000, Withdraw 50.000000 
User 2, Acc 5 Balance 2806.000000, Withdraw 50.000000 
User 2, Acc 6 Balance 4130.000000, Withdraw 50.000000 
User 2, Acc 7 Balance 6371.000000, Withdraw 50.000000 
User 2, Acc 8 Balance 5178.000000, Withdraw 50.000000 
User 2, Acc 9 Balance 23635.000000, Withdraw 50.000000 
User 2, Acc 0 Balance 993.000000, Withdraw 50.000000 
User 3, Acc 0 Balance 993.000000, Deposit 907.000000 
User 3, Acc 1 Balance 936.000000, Deposit 911.000000 
User 3, Acc 2 Balance 1736.000000, Deposit 919.000000 
User 3, Acc 3 Balance 1497.000000, Deposit 929.000000 
User 3, Acc 4 Balance 1405.000000, Deposit 937.000000 
User 3, Acc 5 Balance 2756.000000, Deposit 941.000000 
User 3, Acc 6 Balance 4080.000000, Deposit 953.000000 
User 3, Acc 7 Balance 6321.000000, Deposit 967.000000 
User 3, Acc 1 Balance 1847.000000, Transfer 19.000000 to Acc 7
User 3, Acc 2 Balance 2655.000000, Transfer 23.000000 to Acc 7
User 3, Acc 3 Balance 2426.000000, Transfer 29.000000 to Acc 7
User 3, Acc 7 Balance 7359.000000, Transfer 31.000000 to Acc 6
User 3, Acc 7 Balance 7328.000000, Transfer 37.000000 to Acc 5
User 3, Acc 7 Balance 7291.000000, Transfer 3.000000 to Acc 4
User 3, Acc 7 Balance 7288.000000, Transfer 5.000000 to Acc 4
User 3, Acc 6 Balance 5064.000000, Transfer 67.000000 to Acc 5
User 3, Acc 4 Balance 2350.000000, Transfer 53.000000 to Acc 5
User 3, Acc 1 Balance 1828.000000, Transfer 89.000000 to Acc 8
User 3, Acc 1 Balance 1739.000000, Transfer 163.000000 to Acc 9
User 3, Acc 1 Balance 1576.000000, Withdraw 41.000000 
User 3, Acc 2 Balance 2632.000000, Withdraw 71.000000 
User 3, Acc 3 Balance 2397.000000, Withdraw 127.000000 
User 3, Acc 4 Balance 2297.000000, Withdraw 167.000000 
User 3, Acc 5 Balance 3854.000000, Withdraw 307.000000 
User 3, Acc 6 Balance 4997.000000, Withdraw 647.000000 
User 3, Acc 7 Balance 7283.000000, Withdraw 593.000000 
User 3, Acc 8 Balance 5217.000000, Withdraw 449.000000 
User 3, Acc 9 Balance 23748.000000, Withdraw 163.000000 
User 0, Acc 1 Balance 936.000000, Withdraw 500.000000 
User 0, Acc 2 Balance 2561.000000, Withdraw 500.000000 
User 0, Acc 3 Balance 2270.000000, Withdraw 500.000000 
User 0, Acc 4 Balance 2130.000000, Withdraw 500.000000 
User 1, Acc 1 Balance 936.000000, Withdraw 500.000000 
User 1, Acc 2 Balance 2061.000000, Withdraw 500.000000 
User 4, Acc 1 Balance 936.000000, Withdraw 500.000000 
User 1, Acc 3 Balance 1770.000000, Withdraw 500.000000 
User 1, Acc 4 Balance 1630.000000, Withdraw 500.000000 
User 1, Acc 5 Balance 3547.000000, Withdraw 500.000000 
User 0, Acc 5 Balance 3547.000000, Withdraw 500.000000 
User 0, Acc 6 Balance 4350.000000, Withdraw 500.000000 
User 4, Acc 2 Balance 1561.000000, Withdraw 500.000000 
User 0, Acc 7 Balance 6690.000000, Withdraw 500.000000 
User 0, Acc 8 Balance 4768.000000, Withdraw 500.000000 
User 0, Acc 9 Balance 23585.000000, Withdraw 500.000000 
User 1, Acc 6 Balance 4350.000000, Withdraw 500.000000 
User 0, Acc 0 Balance 1850.000000, Withdraw 500.000000 
[22;32mUser 0, Acc 1 Balance 35.000000, 				Withdraw 500.000000 --insufficient funds[0m
User 1, Acc 7 Balance 6190.000000, Withdraw 500.000000 
User 0, Acc 2 Balance 1061.000000, Withdraw 500.000000 
User 0, Acc 3 Balance 1270.000000, Withdraw 500.000000 
User 0, Acc 4 Balance 1130.000000, Withdraw 500.000000 
User 0, Acc 5 Balance 2547.000000, Withdraw 500.000000 
User 0, Acc 6 Balance 3350.000000, Withdraw 500.000000 
User 4, Acc 3 Balance 1270.000000, Withdraw 500.000000 
User 0, Acc 7 Balance 5690.000000, Withdraw 500.000000 
User 0, Acc 8 Balance 4268.000000, Withdraw 500.000000 
User 0, Acc 9 Balance 23085.000000, Withdraw 500.000000 
User 1, Acc 8 Balance 4268.000000, Withdraw 500.000000 
User 0, Acc 0 Balance 1350.000000, Withdraw 500.000000 
[22;32mUser 0, Acc 1 Balance 35.000000, 				Withdraw 500.000000 --insufficient funds[0m
User 0, Acc 2 Balance 561.000000, Withdraw 500.000000 
[22;32mUser 0, Acc 3 Balance 270.000000, 				Withdraw 500.000000 --insufficient funds[0m
User 4, Acc 4 Balance 630.000000, Withdraw 500.000000 
User 0, Acc 4 Balance 630.000000, Withdraw 500.000000 
User 0, Acc 5 Balance 2047.000000, Withdraw 500.000000 
User 0, Acc 6 Balance 2850.000000, Withdraw 500.000000 
User 1, Acc 9 Balance 22585.000000, Withdraw 500.000000 
User 0, Acc 7 Balance 5190.000000, Withdraw 500.000000 
User 0, Acc 8 Balance 3268.000000, Withdraw 500.000000 
User 0, Acc 9 Balance 22085.000000, Withdraw 500.000000 
User 0, Acc 0 Balance 850.000000, Withdraw 500.000000 
User 1, Acc 0 Balance 850.000000, Withdraw 500.000000 
[22;32mUser 1, Acc 1 Balance 35.000000, 				Withdraw 500.000000 --insufficient funds[0m
[22;32mUser 1, Acc 2 Balance 61.000000, 				Withdraw 500.000000 --insufficient funds[0m
[22;32mUser 1, Acc 3 Balance 270.000000, 				Withdraw 500.000000 --insufficient funds[0m
[22;32mUser 1, Acc 4 Balance -370.000000, 				Withdraw 500.000000 --insufficient funds[0m
User 1, Acc 5 Balance 1547.000000, Withdraw 500.000000 
User 1, Acc 6 Balance 2350.000000, Withdraw 500.000000 
User 4, Acc 5 Balance 2047.000000, Withdraw 500.000000 
User 4, Acc 6 Balance 1850.000000, Withdraw 500.000000 
User 4, Acc 7 Balance 4690.000000, Withdraw 500.000000 
User 4, Acc 8 Balance 2768.000000, Withdraw 500.000000 
User 1, Acc 7 Balance 4690.000000, Withdraw 500.000000 
User 1, Acc 8 Balance 2268.000000, Withdraw 500.000000 
User 1, Acc 9 Balance 21585.000000, Withdraw 500.000000 
[22;32mUser 1, Acc 0 Balance -150.000000, 				Withdraw 500.000000 --insufficient funds[0m
[22;32mUser 1, Acc 1 Balance 35.000000, 				Withdraw 500.000000 --insufficient funds[0m
User 4, Acc 9 Balance 21585.000000, Withdraw 500.000000 
[22;32mUser 4, Acc 0 Balance -150.000000, 				Withdraw 500.000000 --insufficient funds[0m
[22;32mUser 4, Acc 1 Balance 35.000000, 				Withdraw 500.000000 --insufficient funds[0m
[22;32mUser 4, Acc 2 Balance 61.000000, 				Withdraw 500.000000 --insufficient funds[0m
[22;32mUser 1, Acc 2 Balance 61.000000, 				Withdraw 500.000000 --insufficient funds[0m
[22;32mUser 1, Acc 3 Balance 270.000000, 				Withdraw 500.000000 --insufficient funds[0m
[22;32mUser 4, Acc 3 Balance 270.000000, 				Withdraw 500.000000 --insufficient funds[0m
[22;32mUser 4, Acc 4 Balance -370.000000, 				Withdraw 500.000000 --insufficient funds[0m
User 4, Acc 5 Balance 547.000000, Withdraw 500.000000 
User 4, Acc 6 Balance 1350.000000, Withdraw 500.000000 
[22;32mUser 1, Acc 4 Balance -370.000000, 				Withdraw 500.000000 --insufficient funds[0m
[22;32mUser 1, Acc 5 Balance 47.000000, 				Withdraw 500.000000 --insufficient funds[0m
User 4, Acc 7 Balance 3690.000000, Withdraw 500.000000 
User 4, Acc 8 Balance 1768.000000, Withdraw 500.000000 
User 4, Acc 9 Balance 20585.000000, Withdraw 500.000000 
[22;32mUser 4, Acc 0 Balance -150.000000, 				Withdraw 500.000000 --insufficient funds[0m
[22;32mUser 4, Acc 1 Balance 35.000000, 				Withdraw 500.000000 --insufficient funds[0m
[22;32mUser 4, Acc 2 Balance 61.000000, 				Withdraw 500.000000 --insufficient funds[0m
[22;32mUser 4, Acc 3 Balance 270.000000, 				Withdraw 500.000000 --insufficient funds[0m
[22;32mUser 4, Acc 4 Balance -370.000000, 				Withdraw 500.000000 --insufficient funds[0m
[22;32mUser 4, Acc 5 Balance 47.000000, 				Withdraw 500.000000 --insufficient funds[0m
User 1, Acc 6 Balance 850.000000, Withdraw 500.000000 
User 1, Acc 7 Balance 3190.000000, Withdraw 500.000000 
User 4, Acc 6 Balance 850.000000, Withdraw 500.000000 
User 4, Acc 7 Balance 2690.000000, Withdraw 500.000000 
User 4, Acc 8 Balance 1268.000000, Withdraw 500.000000 
User 4, Acc 9 Balance 20085.000000, Withdraw 500.000000 
[22;32mUser 4, Acc 0 Balance -150.000000, 				Withdraw 500.000000 --insufficient funds[0m
User 1, Acc 8 Balance 1268.000000, Withdraw 500.000000 
User 1, Acc 9 Balance 19585.000000, Withdraw 500.000000 
[22;32mUser 1, Acc 0 Balance -150.000000, 				Withdraw 500.000000 --insufficient funds[0m
  ***     End of transaction batch    ***  
Account 0 balance after completion of transaction batch: -150.000000
Account 1 balance after completion of transaction batch: 35.000000
Account 2 balance after completion of transaction batch: 61.000000
Account 3 balance after completion of transaction batch: 270.000000
Account 4 balance after completion of transaction batch: -370.000000
Account 5 balance after completion of transaction batch: 47.000000
Account 6 balance after completion of transaction batch: -150.000000
Account 7 balance after completion of transaction batch: 2190.000000
Account 8 balance after completion of transaction batch: 268.000000
Account 9 balance after completion of transaction batch: 19085.000000
