# Output generated by:
# ./my_executable 5 data/transactions11.txt data/transactions4.txt data/transactions10.txt data/transactions5.txt data/transactions1.txt

********************************************
   Reading and parsing a transaction file   
********************************************
Parsed transaction: deposit 9 617.000000 
Loaded deposit transaction
Parsed transaction: transfer 9 9 617.000000 
Loaded transfer transaction
Parsed transaction: deposit 8 619.000000 
Loaded deposit transaction
Parsed transaction: transfer 8 2 619.000000 
Loaded transfer transaction
Parsed transaction: deposit 7 631.000000 
Loaded deposit transaction
Parsed transaction: transfer 7 3 631.000000 
Loaded transfer transaction
Parsed transaction: deposit 6 641.000000 
Loaded deposit transaction
Parsed transaction: transfer 6 4 641.000000 
Loaded transfer transaction
Parsed transaction: deposit 5 643.000000 
Loaded deposit transaction
Parsed transaction: transfer 5 6 1200.000000 
Loaded transfer transaction
Parsed transaction: deposit 4 647.000000 
Loaded deposit transaction
Parsed transaction: transfer 4 7 1200.000000 
Loaded transfer transaction
Parsed transaction: deposit 3 653.000000 
Loaded deposit transaction
Parsed transaction: transfer 3 8 1200.000000 
Loaded transfer transaction
Parsed transaction: deposit 2 659.000000 
Loaded deposit transaction
Parsed transaction: transfer 2 9 1200.000000 
Loaded transfer transaction
Parsed transaction: deposit 1 661.000000 
Loaded deposit transaction
Parsed transaction: transfer 1 9 1200.000000 
Loaded transfer transaction
Parsed transaction: deposit 0 673.000000 
Loaded deposit transaction
Parsed transaction: transfer 0 9 1200.000000 
Loaded transfer transaction
Parsed transaction: withdraw 1 50.000000 
Loaded withdrawal transaction
Parsed transaction: withdraw 2 50.000000 
Loaded withdrawal transaction
Parsed transaction: withdraw 3 50.000000 
Loaded withdrawal transaction
Parsed transaction: withdraw 4 50.000000 
Loaded withdrawal transaction
Parsed transaction: withdraw 5 50.000000 
Loaded withdrawal transaction
Parsed transaction: withdraw 6 50.000000 
Loaded withdrawal transaction
Parsed transaction: withdraw 7 50.000000 
Loaded withdrawal transaction
Parsed transaction: withdraw 8 50.000000 
Loaded withdrawal transaction
Parsed transaction: withdraw 9 50.000000 
Loaded withdrawal transaction
Parsed transaction: withdraw 0 50.000000 
Loaded withdrawal transaction
********************************************
********************************************
   Reading and parsing a transaction file   
********************************************
Parsed transaction: deposit 0 907.000000 
Loaded deposit transaction
Parsed transaction: deposit 1 911.000000 
Loaded deposit transaction
Parsed transaction: deposit 2 919.000000 
Loaded deposit transaction
Parsed transaction: deposit 3 929.000000 
Loaded deposit transaction
Parsed transaction: deposit 4 937.000000 
Loaded deposit transaction
Parsed transaction: deposit 5 941.000000 
Loaded deposit transaction
Parsed transaction: deposit 6 953.000000 
Loaded deposit transaction
Parsed transaction: deposit 7 967.000000 
Loaded deposit transaction
Parsed transaction: transfer 1 7 19.000000 
Loaded transfer transaction
Parsed transaction: transfer 2 7 23.000000 
Loaded transfer transaction
Parsed transaction: transfer 3 7 29.000000 
Loaded transfer transaction
Parsed transaction: transfer 7 6 31.000000 
Loaded transfer transaction
Parsed transaction: transfer 7 5 37.000000 
Loaded transfer transaction
Parsed transaction: transfer 7 4 3.000000 
Loaded transfer transaction
Parsed transaction: transfer 7 4 5.000000 
Loaded transfer transaction
Parsed transaction: transfer 6 5 67.000000 
Loaded transfer transaction
Parsed transaction: transfer 4 5 53.000000 
Loaded transfer transaction
Parsed transaction: transfer 1 8 89.000000 
Loaded transfer transaction
Parsed transaction: transfer 1 9 163.000000 
Loaded transfer transaction
Parsed transaction: withdraw 1 41.000000 
Loaded withdrawal transaction
Parsed transaction: withdraw 2 71.000000 
Loaded withdrawal transaction
Parsed transaction: withdraw 3 127.000000 
Loaded withdrawal transaction
Parsed transaction: withdraw 4 167.000000 
Loaded withdrawal transaction
Parsed transaction: withdraw 5 307.000000 
Loaded withdrawal transaction
Parsed transaction: withdraw 6 647.000000 
Loaded withdrawal transaction
Parsed transaction: withdraw 7 593.000000 
Loaded withdrawal transaction
Parsed transaction: withdraw 8 449.000000 
Loaded withdrawal transaction
Parsed transaction: withdraw 9 163.000000 
Loaded withdrawal transaction
********************************************
********************************************
   Reading and parsing a transaction file   
********************************************
Parsed transaction: withdraw 1 500.000000 
Loaded withdrawal transaction
Parsed transaction: withdraw 2 500.000000 
Loaded withdrawal transaction
Parsed transaction: withdraw 3 500.000000 
Loaded withdrawal transaction
Parsed transaction: withdraw 4 500.000000 
Loaded withdrawal transaction
Parsed transaction: withdraw 5 500.000000 
Loaded withdrawal transaction
Parsed transaction: withdraw 6 500.000000 
Loaded withdrawal transaction
Parsed transaction: withdraw 7 500.000000 
Loaded withdrawal transaction
Parsed transaction: withdraw 8 500.000000 
Loaded withdrawal transaction
Parsed transaction: withdraw 9 500.000000 
Loaded withdrawal transaction
Parsed transaction: withdraw 0 500.000000 
Loaded withdrawal transaction
Parsed transaction: withdraw 1 500.000000 
Loaded withdrawal transaction
Parsed transaction: withdraw 2 500.000000 
Loaded withdrawal transaction
Parsed transaction: withdraw 3 500.000000 
Loaded withdrawal transaction
Parsed transaction: withdraw 4 500.000000 
Loaded withdrawal transaction
Parsed transaction: withdraw 5 500.000000 
Loaded withdrawal transaction
Parsed transaction: withdraw 6 500.000000 
Loaded withdrawal transaction
Parsed transaction: withdraw 7 500.000000 
Loaded withdrawal transaction
Parsed transaction: withdraw 8 500.000000 
Loaded withdrawal transaction
Parsed transaction: withdraw 9 500.000000 
Loaded withdrawal transaction
Parsed transaction: withdraw 0 500.000000 
Loaded withdrawal transaction
Parsed transaction: withdraw 1 500.000000 
Loaded withdrawal transaction
Parsed transaction: withdraw 2 500.000000 
Loaded withdrawal transaction
Parsed transaction: withdraw 3 500.000000 
Loaded withdrawal transaction
Parsed transaction: withdraw 4 500.000000 
Loaded withdrawal transaction
Parsed transaction: withdraw 5 500.000000 
Loaded withdrawal transaction
Parsed transaction: withdraw 6 500.000000 
Loaded withdrawal transaction
Parsed transaction: withdraw 7 500.000000 
Loaded withdrawal transaction
Parsed transaction: withdraw 8 500.000000 
Loaded withdrawal transaction
Parsed transaction: withdraw 9 500.000000 
Loaded withdrawal transaction
Parsed transaction: withdraw 0 500.000000 
Loaded withdrawal transaction
********************************************
********************************************
   Reading and parsing a transaction file   
********************************************
Parsed transaction: deposit 0 907.000000 
Loaded deposit transaction
Parsed transaction: deposit 1 911.000000 
Loaded deposit transaction
Parsed transaction: deposit 2 919.000000 
Loaded deposit transaction
Parsed transaction: transfer 3 7 29.000000 
Loaded transfer transaction
Parsed transaction: transfer 7 6 31.000000 
Loaded transfer transaction
Parsed transaction: transfer 7 5 37.000000 
Loaded transfer transaction
Parsed transaction: transfer 7 4 3.000000 
Loaded transfer transaction
Parsed transaction: transfer 7 4 5.000000 
Loaded transfer transaction
Parsed transaction: deposit 3 929.000000 
Loaded deposit transaction
Parsed transaction: deposit 4 937.000000 
Loaded deposit transaction
Parsed transaction: deposit 5 941.000000 
Loaded deposit transaction
Parsed transaction: withdraw 4 167.000000 
Loaded withdrawal transaction
Parsed transaction: withdraw 5 307.000000 
Loaded withdrawal transaction
Parsed transaction: transfer 1 8 89.000000 
Loaded transfer transaction
Parsed transaction: transfer 1 9 163.000000 
Loaded transfer transaction
Parsed transaction: withdraw 1 41.000000 
Loaded withdrawal transaction
Parsed transaction: withdraw 2 71.000000 
Loaded withdrawal transaction
Parsed transaction: withdraw 3 127.000000 
Loaded withdrawal transaction
Parsed transaction: withdraw 6 647.000000 
Loaded withdrawal transaction
Parsed transaction: deposit 6 953.000000 
Loaded deposit transaction
Parsed transaction: deposit 7 967.000000 
Loaded deposit transaction
Parsed transaction: transfer 1 7 19.000000 
Loaded transfer transaction
Parsed transaction: transfer 2 7 23.000000 
Loaded transfer transaction
Parsed transaction: transfer 6 5 67.000000 
Loaded transfer transaction
Parsed transaction: transfer 4 5 53.000000 
Loaded transfer transaction
Parsed transaction: withdraw 7 593.000000 
Loaded withdrawal transaction
Parsed transaction: withdraw 8 449.000000 
Loaded withdrawal transaction
Parsed transaction: withdraw 9 163.000000 
Loaded withdrawal transaction
********************************************
********************************************
   Reading and parsing a transaction file   
********************************************
Parsed transaction: deposit 0 100.000000 
Loaded deposit transaction
Parsed transaction: deposit 0 200.000000 
Loaded deposit transaction
Parsed transaction: deposit 0 300.000000 
Loaded deposit transaction
Parsed transaction: withdraw 0 200.000000 
Loaded withdrawal transaction
Parsed transaction: withdraw 0 100.000000 
Loaded withdrawal transaction
Parsed transaction: withdraw 0 50.000000 
Loaded withdrawal transaction
Parsed transaction: transfer 1 0 200.000000 
Loaded transfer transaction
Parsed transaction: balance 0 
Loaded balance transaction
********************************************
  ***    Start of transaction batch    ***  
User 0, Acc 9 Balance 0.000000, Deposit 617.000000 
User 0, Acc 9 Balance 617.000000, Transfer 617.000000 to Acc 9
User 0, Acc 8 Balance 0.000000, Deposit 619.000000 
User 0, Acc 8 Balance 619.000000, Transfer 619.000000 to Acc 2
User 0, Acc 7 Balance 0.000000, Deposit 631.000000 
User 0, Acc 7 Balance 631.000000, Transfer 631.000000 to Acc 3
User 0, Acc 6 Balance 0.000000, Deposit 641.000000 
User 0, Acc 6 Balance 641.000000, Transfer 641.000000 to Acc 4
User 0, Acc 5 Balance 0.000000, Deposit 643.000000 
User 0, Acc 4 Balance 641.000000, Deposit 647.000000 
User 0, Acc 4 Balance 1288.000000, Transfer 1200.000000 to Acc 7
User 0, Acc 3 Balance 631.000000, Deposit 653.000000 
User 0, Acc 3 Balance 1284.000000, Transfer 1200.000000 to Acc 8
User 0, Acc 2 Balance 619.000000, Deposit 659.000000 
User 0, Acc 2 Balance 1278.000000, Transfer 1200.000000 to Acc 9
User 0, Acc 1 Balance 0.000000, Deposit 661.000000 
User 0, Acc 0 Balance 0.000000, Deposit 673.000000 
User 0, Acc 1 Balance 661.000000, Withdraw 50.000000 
User 0, Acc 2 Balance 78.000000, Withdraw 50.000000 
User 0, Acc 3 Balance 84.000000, Withdraw 50.000000 
User 0, Acc 4 Balance 88.000000, Withdraw 50.000000 
User 0, Acc 5 Balance 643.000000, Withdraw 50.000000 
[22;32mUser 0, Acc 6 Balance 0.000000, 				Withdraw 50.000000 --insufficient funds[0m
User 0, Acc 7 Balance 1200.000000, Withdraw 50.000000 
User 0, Acc 8 Balance 1200.000000, Withdraw 50.000000 
User 0, Acc 9 Balance 1817.000000, Withdraw 50.000000 
User 0, Acc 0 Balance 673.000000, Withdraw 50.000000 
User 0, Acc 0 Balance 623.000000, Deposit 907.000000 
User 3, Acc 1 Balance 611.000000, Withdraw 500.000000 
User 4, Acc 9 Balance 1767.000000, Deposit 617.000000 
User 0, Acc 1 Balance 611.000000, Deposit 911.000000 
User 4, Acc 9 Balance 2384.000000, Transfer 617.000000 to Acc 9
User 0, Acc 2 Balance 28.000000, Deposit 919.000000 
User 0, Acc 3 Balance 34.000000, Deposit 929.000000 
User 1, Acc 0 Balance 1530.000000, Deposit 100.000000 
User 2, Acc 0 Balance 1530.000000, Deposit 907.000000 
User 4, Acc 8 Balance 1150.000000, Deposit 619.000000 
[22;32mUser 3, Acc 2 Balance 28.000000, 				Withdraw 500.000000 --insufficient funds[0m
User 0, Acc 4 Balance 38.000000, Deposit 937.000000 
User 3, Acc 3 Balance 963.000000, Withdraw 500.000000 
User 0, Acc 5 Balance 593.000000, Deposit 941.000000 
User 3, Acc 4 Balance 975.000000, Withdraw 500.000000 
User 0, Acc 6 Balance 0.000000, Deposit 953.000000 
User 0, Acc 7 Balance 1150.000000, Deposit 967.000000 
User 0, Acc 1 Balance 1022.000000, Transfer 19.000000 to Acc 7
User 3, Acc 5 Balance 1534.000000, Withdraw 500.000000 
User 0, Acc 2 Balance 947.000000, Transfer 23.000000 to Acc 7
User 3, Acc 6 Balance 953.000000, Withdraw 500.000000 
User 0, Acc 3 Balance 463.000000, Transfer 29.000000 to Acc 7
User 4, Acc 8 Balance 1769.000000, Transfer 619.000000 to Acc 2
User 1, Acc 0 Balance 1630.000000, Deposit 200.000000 
User 4, Acc 7 Balance 2188.000000, Deposit 631.000000 
User 3, Acc 7 Balance 2159.000000, Withdraw 500.000000 
User 0, Acc 7 Balance 2188.000000, Transfer 31.000000 to Acc 6
User 3, Acc 8 Balance 1150.000000, Withdraw 500.000000 
User 0, Acc 7 Balance 2288.000000, Transfer 37.000000 to Acc 5
User 4, Acc 7 Balance 2819.000000, Transfer 631.000000 to Acc 3
User 0, Acc 7 Balance 2251.000000, Transfer 3.000000 to Acc 4
User 1, Acc 0 Balance 2737.000000, Deposit 300.000000 
User 0, Acc 7 Balance 1617.000000, Transfer 5.000000 to Acc 4
User 0, Acc 6 Balance 484.000000, Transfer 67.000000 to Acc 5
User 0, Acc 4 Balance 483.000000, Transfer 53.000000 to Acc 5
User 3, Acc 9 Balance 2384.000000, Withdraw 500.000000 
User 0, Acc 1 Balance 1003.000000, Transfer 89.000000 to Acc 8
User 3, Acc 0 Balance 3037.000000, Withdraw 500.000000 
User 0, Acc 1 Balance 914.000000, Transfer 163.000000 to Acc 9
User 3, Acc 1 Balance 914.000000, Withdraw 500.000000 
User 1, Acc 0 Balance 3037.000000, Withdraw 200.000000 
User 4, Acc 6 Balance 484.000000, Deposit 641.000000 
User 1, Acc 0 Balance 2337.000000, Withdraw 100.000000 
User 4, Acc 6 Balance 1058.000000, Transfer 641.000000 to Acc 4
User 1, Acc 0 Balance 2237.000000, Withdraw 50.000000 
User 1, Acc 1 Balance 251.000000, Transfer 200.000000 to Acc 0
User 2, Acc 1 Balance 1022.000000, Deposit 911.000000 
Balance in 0: 2387.000000
User 3, Acc 2 Balance 1543.000000, Withdraw 500.000000 
User 0, Acc 1 Balance 251.000000, Withdraw 41.000000 
User 3, Acc 3 Balance 1065.000000, Withdraw 500.000000 
User 4, Acc 5 Balance 1191.000000, Deposit 643.000000 
User 3, Acc 4 Balance 1071.000000, Withdraw 500.000000 
User 1, Acc 9 Balance 2047.000000, Deposit 617.000000 
User 0, Acc 2 Balance 1043.000000, Withdraw 71.000000 
User 1, Acc 9 Balance 2664.000000, Transfer 617.000000 to Acc 9
User 3, Acc 5 Balance 1834.000000, Withdraw 500.000000 
User 2, Acc 2 Balance 1543.000000, Deposit 919.000000 
User 4, Acc 5 Balance 1834.000000, Transfer 1200.000000 to Acc 6
User 0, Acc 3 Balance 565.000000, Withdraw 127.000000 
User 4, Acc 4 Balance 571.000000, Deposit 647.000000 
[22;32mUser 3, Acc 6 Balance 417.000000, 				Withdraw 500.000000 --insufficient funds[0m
User 4, Acc 4 Balance 1218.000000, Transfer 1200.000000 to Acc 7
User 3, Acc 7 Balance 1612.000000, Withdraw 500.000000 
User 1, Acc 8 Balance 739.000000, Deposit 619.000000 
User 0, Acc 4 Balance 571.000000, Withdraw 167.000000 
User 1, Acc 8 Balance 1358.000000, Transfer 619.000000 to Acc 2
User 3, Acc 8 Balance 739.000000, Withdraw 500.000000 
User 1, Acc 7 Balance 2312.000000, Deposit 631.000000 
[22;32mUser 0, Acc 5 Balance 134.000000, 				Withdraw 307.000000 --insufficient funds[0m
User 4, Acc 3 Balance 438.000000, Deposit 653.000000 
User 3, Acc 9 Balance 2664.000000, Withdraw 500.000000 
User 2, Acc 3 Balance 565.000000, Transfer 29.000000 to Acc 7
User 2, Acc 7 Balance 2972.000000, Transfer 31.000000 to Acc 6
User 0, Acc 6 Balance 1617.000000, Withdraw 647.000000 
User 2, Acc 7 Balance 2941.000000, Transfer 37.000000 to Acc 5
User 0, Acc 7 Balance 2941.000000, Withdraw 593.000000 
User 3, Acc 0 Balance 2387.000000, Withdraw 500.000000 
[22;32mUser 0, Acc 8 Balance 239.000000, 				Withdraw 449.000000 --insufficient funds[0m
User 4, Acc 2 Balance 2510.000000, Deposit 659.000000 
User 2, Acc 7 Balance 2904.000000, Transfer 3.000000 to Acc 4
User 1, Acc 7 Balance 2943.000000, Transfer 631.000000 to Acc 3
User 0, Acc 9 Balance 2164.000000, Withdraw 163.000000 
User 4, Acc 2 Balance 3169.000000, Transfer 1200.000000 to Acc 9
User 2, Acc 7 Balance 2308.000000, Transfer 5.000000 to Acc 4
User 2, Acc 3 Balance 1693.000000, Deposit 929.000000 
User 1, Acc 6 Balance 1001.000000, Deposit 641.000000 
User 2, Acc 4 Balance -141.000000, Deposit 937.000000 
User 1, Acc 6 Balance 1642.000000, Transfer 641.000000 to Acc 4
User 3, Acc 1 Balance 921.000000, Withdraw 500.000000 
User 1, Acc 5 Balance 171.000000, Deposit 643.000000 
User 1, Acc 4 Balance 1437.000000, Deposit 647.000000 
User 3, Acc 2 Balance 1969.000000, Withdraw 500.000000 
User 1, Acc 4 Balance 2084.000000, Transfer 1200.000000 to Acc 7
User 0, Acc 0 Balance 1887.000000, Deposit 907.000000 
User 4, Acc 1 Balance 921.000000, Deposit 661.000000 
User 2, Acc 5 Balance 171.000000, Deposit 941.000000 
User 3, Acc 3 Balance 2622.000000, Withdraw 500.000000 
User 1, Acc 3 Balance 2622.000000, Deposit 653.000000 
User 0, Acc 1 Balance 421.000000, Deposit 911.000000 
User 4, Acc 0 Balance 2794.000000, Deposit 673.000000 
User 2, Acc 4 Balance 884.000000, Withdraw 167.000000 
User 4, Acc 0 Balance 3467.000000, Transfer 1200.000000 to Acc 9
User 3, Acc 4 Balance 884.000000, Withdraw 500.000000 
User 1, Acc 3 Balance 2775.000000, Transfer 1200.000000 to Acc 8
User 0, Acc 2 Balance 1469.000000, Deposit 919.000000 
User 4, Acc 1 Balance 1993.000000, Withdraw 50.000000 
User 2, Acc 5 Balance 1755.000000, Withdraw 307.000000 
User 4, Acc 2 Balance 2388.000000, Withdraw 50.000000 
User 2, Acc 1 Balance 1943.000000, Transfer 89.000000 to Acc 8
User 2, Acc 1 Balance 1854.000000, Transfer 163.000000 to Acc 9
User 4, Acc 3 Balance 1575.000000, Withdraw 50.000000 
User 3, Acc 5 Balance 1755.000000, Withdraw 500.000000 
User 1, Acc 2 Balance 1469.000000, Deposit 659.000000 
User 3, Acc 6 Balance 1001.000000, Withdraw 500.000000 
User 1, Acc 2 Balance 2997.000000, Transfer 1200.000000 to Acc 9
User 3, Acc 7 Balance 2872.000000, Withdraw 500.000000 
User 4, Acc 4 Balance 217.000000, Withdraw 50.000000 
User 3, Acc 8 Balance 1528.000000, Withdraw 500.000000 
User 4, Acc 5 Balance 948.000000, Withdraw 50.000000 
User 0, Acc 3 Balance 1575.000000, Deposit 929.000000 
User 2, Acc 1 Balance 1691.000000, Withdraw 41.000000 
User 0, Acc 4 Balance 167.000000, Deposit 937.000000 
User 0, Acc 5 Balance 898.000000, Deposit 941.000000 
User 3, Acc 9 Balance 5764.000000, Withdraw 500.000000 
User 4, Acc 6 Balance 501.000000, Withdraw 50.000000 
User 3, Acc 0 Balance 2267.000000, Withdraw 500.000000 
User 1, Acc 1 Balance 1691.000000, Deposit 661.000000 
User 0, Acc 6 Balance 501.000000, Deposit 953.000000 
User 4, Acc 7 Balance 2372.000000, Withdraw 50.000000 
User 2, Acc 2 Balance 1797.000000, Withdraw 71.000000 
User 4, Acc 8 Balance 1028.000000, Withdraw 50.000000 
User 4, Acc 9 Balance 5264.000000, Withdraw 50.000000 
User 1, Acc 1 Balance 2311.000000, Transfer 1200.000000 to Acc 9
User 4, Acc 0 Balance 1767.000000, Withdraw 50.000000 
User 1, Acc 0 Balance 1767.000000, Deposit 673.000000 
User 4, Acc 9 Balance 6414.000000, Deposit 617.000000 
User 1, Acc 0 Balance 2390.000000, Transfer 1200.000000 to Acc 9
User 0, Acc 7 Balance 2372.000000, Deposit 967.000000 
User 2, Acc 3 Balance 2454.000000, Withdraw 127.000000 
User 3, Acc 9 Balance 5264.000000, Deposit 617.000000 
User 3, Acc 9 Balance 8848.000000, Transfer 617.000000 to Acc 9
User 3, Acc 8 Balance 978.000000, Deposit 619.000000 
User 3, Acc 8 Balance 1597.000000, Transfer 619.000000 to Acc 2
User 3, Acc 7 Balance 3289.000000, Deposit 631.000000 
User 4, Acc 9 Balance 7031.000000, Transfer 617.000000 to Acc 9
User 1, Acc 1 Balance 1111.000000, Withdraw 50.000000 
User 4, Acc 8 Balance 978.000000, Deposit 619.000000 
User 1, Acc 2 Balance 2345.000000, Withdraw 50.000000 
User 4, Acc 8 Balance 1597.000000, Transfer 619.000000 to Acc 2
User 1, Acc 3 Balance 2327.000000, Withdraw 50.000000 
User 1, Acc 4 Balance 1104.000000, Withdraw 50.000000 
User 2, Acc 6 Balance 1404.000000, Withdraw 647.000000 
User 1, Acc 5 Balance 1839.000000, Withdraw 50.000000 
User 2, Acc 6 Balance 757.000000, Deposit 953.000000 
User 0, Acc 1 Balance 1111.000000, Transfer 19.000000 to Acc 7
User 4, Acc 7 Balance 3920.000000, Deposit 631.000000 
User 1, Acc 6 Balance 757.000000, Withdraw 50.000000 
User 1, Acc 7 Balance 4570.000000, Withdraw 50.000000 
User 1, Acc 8 Balance 978.000000, Withdraw 50.000000 
User 1, Acc 9 Balance 8848.000000, Withdraw 50.000000 
User 1, Acc 0 Balance 1190.000000, Withdraw 50.000000 
User 1, Acc 0 Balance 1140.000000, Deposit 907.000000 
User 1, Acc 1 Balance 1042.000000, Deposit 911.000000 
User 1, Acc 2 Balance 2914.000000, Deposit 919.000000 
User 1, Acc 3 Balance 2277.000000, Deposit 929.000000 
User 1, Acc 4 Balance 1054.000000, Deposit 937.000000 
User 1, Acc 5 Balance 1789.000000, Deposit 941.000000 
User 4, Acc 7 Balance 4570.000000, Transfer 631.000000 to Acc 3
User 1, Acc 6 Balance 1660.000000, Deposit 953.000000 
User 4, Acc 6 Balance 1660.000000, Deposit 641.000000 
User 1, Acc 7 Balance 3889.000000, Deposit 967.000000 
User 4, Acc 6 Balance 3254.000000, Transfer 641.000000 to Acc 4
User 1, Acc 1 Balance 1953.000000, Transfer 19.000000 to Acc 7
User 4, Acc 5 Balance 2730.000000, Deposit 643.000000 
User 1, Acc 2 Balance 3833.000000, Transfer 23.000000 to Acc 7
User 3, Acc 7 Balance 3920.000000, Transfer 631.000000 to Acc 3
User 3, Acc 6 Balance 2613.000000, Deposit 641.000000 
User 3, Acc 6 Balance 3254.000000, Transfer 641.000000 to Acc 4
User 1, Acc 3 Balance 3837.000000, Transfer 29.000000 to Acc 7
User 2, Acc 7 Balance 3920.000000, Deposit 967.000000 
User 0, Acc 2 Balance 2914.000000, Transfer 23.000000 to Acc 7
User 4, Acc 5 Balance 3373.000000, Transfer 1200.000000 to Acc 6
User 0, Acc 3 Balance 4439.000000, Transfer 29.000000 to Acc 7
User 1, Acc 7 Balance 4296.000000, Transfer 31.000000 to Acc 6
User 2, Acc 1 Balance 1934.000000, Transfer 19.000000 to Acc 7
User 1, Acc 7 Balance 5284.000000, Transfer 37.000000 to Acc 5
User 2, Acc 2 Balance 3787.000000, Transfer 23.000000 to Acc 7
User 2, Acc 6 Balance 3844.000000, Transfer 67.000000 to Acc 5
User 4, Acc 4 Balance 3273.000000, Deposit 647.000000 
User 4, Acc 4 Balance 3920.000000, Transfer 1200.000000 to Acc 7
User 3, Acc 5 Balance 3373.000000, Deposit 643.000000 
User 4, Acc 3 Balance 4410.000000, Deposit 653.000000 
User 2, Acc 4 Balance 3273.000000, Transfer 53.000000 to Acc 5
User 4, Acc 3 Balance 5063.000000, Transfer 1200.000000 to Acc 8
User 3, Acc 5 Balance 2920.000000, Transfer 1200.000000 to Acc 6
User 1, Acc 7 Balance 5289.000000, Transfer 3.000000 to Acc 4
User 2, Acc 7 Balance 6489.000000, Withdraw 593.000000 
User 1, Acc 7 Balance 6486.000000, Transfer 5.000000 to Acc 4
User 1, Acc 6 Balance 4977.000000, Transfer 67.000000 to Acc 5
User 4, Acc 2 Balance 3764.000000, Deposit 659.000000 
User 1, Acc 4 Balance 2675.000000, Transfer 53.000000 to Acc 5
User 4, Acc 2 Balance 4423.000000, Transfer 1200.000000 to Acc 9
User 1, Acc 1 Balance 1915.000000, Transfer 89.000000 to Acc 8
User 4, Acc 1 Balance 1915.000000, Deposit 661.000000 
User 1, Acc 1 Balance 1826.000000, Transfer 163.000000 to Acc 9
User 0, Acc 7 Balance 5315.000000, Transfer 31.000000 to Acc 6
User 1, Acc 1 Balance 2324.000000, Withdraw 41.000000 
User 3, Acc 4 Balance 2667.000000, Deposit 647.000000 
User 4, Acc 1 Balance 2487.000000, Transfer 1200.000000 to Acc 9
User 3, Acc 4 Balance 3269.000000, Transfer 1200.000000 to Acc 7
User 1, Acc 2 Balance 3223.000000, Withdraw 71.000000 
User 3, Acc 3 Balance 3863.000000, Deposit 653.000000 
User 1, Acc 3 Balance 3863.000000, Withdraw 127.000000 
User 1, Acc 4 Balance 2069.000000, Withdraw 167.000000 
User 3, Acc 3 Balance 4389.000000, Transfer 1200.000000 to Acc 8
User 1, Acc 5 Balance 1893.000000, Withdraw 307.000000 
User 3, Acc 2 Balance 3152.000000, Deposit 659.000000 
User 1, Acc 6 Balance 4941.000000, Withdraw 647.000000 
User 3, Acc 2 Balance 3811.000000, Transfer 1200.000000 to Acc 9
User 1, Acc 7 Balance 7057.000000, Withdraw 593.000000 
User 1, Acc 8 Balance 3417.000000, Withdraw 449.000000 
User 4, Acc 0 Balance 2047.000000, Deposit 673.000000 
User 2, Acc 8 Balance 2128.000000, Withdraw 449.000000 
User 4, Acc 0 Balance 2720.000000, Transfer 1200.000000 to Acc 9
User 0, Acc 7 Balance 5857.000000, Transfer 37.000000 to Acc 5
User 1, Acc 9 Balance 12561.000000, Withdraw 163.000000 
User 1, Acc 1 Balance 1083.000000, Withdraw 500.000000 
User 1, Acc 2 Balance 2611.000000, Withdraw 500.000000 
User 1, Acc 3 Balance 3189.000000, Withdraw 500.000000 
User 1, Acc 4 Balance 1902.000000, Withdraw 500.000000 
User 1, Acc 5 Balance 1623.000000, Withdraw 500.000000 
User 1, Acc 6 Balance 4294.000000, Withdraw 500.000000 
User 1, Acc 7 Balance 6427.000000, Withdraw 500.000000 
User 1, Acc 8 Balance 2519.000000, Withdraw 500.000000 
User 1, Acc 9 Balance 13598.000000, Withdraw 500.000000 
User 1, Acc 0 Balance 1520.000000, Withdraw 500.000000 
User 4, Acc 1 Balance 1083.000000, Withdraw 50.000000 
User 4, Acc 2 Balance 2111.000000, Withdraw 50.000000 
User 4, Acc 3 Balance 2689.000000, Withdraw 50.000000 
User 4, Acc 4 Balance 1402.000000, Withdraw 50.000000 
User 4, Acc 5 Balance 1123.000000, Withdraw 50.000000 
User 1, Acc 1 Balance 583.000000, Withdraw 500.000000 
User 4, Acc 6 Balance 3794.000000, Withdraw 50.000000 
User 0, Acc 7 Balance 6427.000000, Transfer 3.000000 to Acc 4
User 4, Acc 7 Balance 5927.000000, Withdraw 50.000000 
User 3, Acc 1 Balance 1083.000000, Deposit 661.000000 
User 2, Acc 9 Balance 12561.000000, Withdraw 163.000000 
User 0, Acc 7 Balance 5924.000000, Transfer 5.000000 to Acc 4
User 2, Acc 0 Balance 1020.000000, Deposit 907.000000 
User 0, Acc 6 Balance 3744.000000, Transfer 67.000000 to Acc 5
User 2, Acc 1 Balance 694.000000, Deposit 911.000000 
User 3, Acc 0 Balance 1020.000000, Deposit 673.000000 
User 4, Acc 8 Balance 2019.000000, Withdraw 50.000000 
User 0, Acc 4 Balance 1360.000000, Transfer 53.000000 to Acc 5
User 2, Acc 2 Balance 2061.000000, Deposit 919.000000 
User 2, Acc 3 Balance 2639.000000, Deposit 929.000000 
User 2, Acc 4 Balance 1307.000000, Deposit 937.000000 
User 2, Acc 5 Balance 1193.000000, Deposit 941.000000 
User 2, Acc 6 Balance 3677.000000, Deposit 953.000000 
User 2, Acc 7 Balance 5869.000000, Deposit 967.000000 
User 3, Acc 0 Balance 2600.000000, Transfer 1200.000000 to Acc 9
User 2, Acc 1 Balance 1605.000000, Transfer 19.000000 to Acc 7
User 3, Acc 1 Balance 1605.000000, Withdraw 50.000000 
User 2, Acc 2 Balance 2980.000000, Transfer 23.000000 to Acc 7
User 3, Acc 2 Balance 2980.000000, Withdraw 50.000000 
User 3, Acc 3 Balance 3568.000000, Withdraw 50.000000 
User 0, Acc 1 Balance 1605.000000, Transfer 89.000000 to Acc 8
User 1, Acc 2 Balance 2061.000000, Withdraw 500.000000 
User 0, Acc 1 Balance 1447.000000, Transfer 163.000000 to Acc 9
User 0, Acc 1 Balance 1284.000000, Withdraw 41.000000 
User 2, Acc 3 Balance 3568.000000, Transfer 29.000000 to Acc 7
User 3, Acc 4 Balance 2244.000000, Withdraw 50.000000 
User 2, Acc 7 Balance 6907.000000, Transfer 31.000000 to Acc 6
User 3, Acc 5 Balance 2134.000000, Withdraw 50.000000 
User 1, Acc 3 Balance 3518.000000, Withdraw 500.000000 
User 0, Acc 2 Balance 2407.000000, Withdraw 71.000000 
User 2, Acc 7 Balance 6876.000000, Transfer 37.000000 to Acc 5
User 3, Acc 6 Balance 4661.000000, Withdraw 50.000000 
User 2, Acc 7 Balance 6839.000000, Transfer 3.000000 to Acc 4
User 3, Acc 7 Balance 6839.000000, Withdraw 50.000000 
User 3, Acc 8 Balance 2058.000000, Withdraw 50.000000 
User 2, Acc 7 Balance 6786.000000, Transfer 5.000000 to Acc 4
User 2, Acc 6 Balance 4611.000000, Transfer 67.000000 to Acc 5
User 1, Acc 4 Balance 2194.000000, Withdraw 500.000000 
User 2, Acc 4 Balance 2202.000000, Transfer 53.000000 to Acc 5
User 2, Acc 1 Balance 1243.000000, Transfer 89.000000 to Acc 8
User 0, Acc 3 Balance 2989.000000, Withdraw 127.000000 
User 0, Acc 4 Balance 1649.000000, Withdraw 167.000000 
User 2, Acc 1 Balance 1154.000000, Transfer 163.000000 to Acc 9
User 2, Acc 1 Balance 991.000000, Withdraw 41.000000 
User 2, Acc 2 Balance 2336.000000, Withdraw 71.000000 
User 2, Acc 3 Balance 2862.000000, Withdraw 127.000000 
User 0, Acc 5 Balance 2241.000000, Withdraw 307.000000 
User 2, Acc 4 Balance 1482.000000, Withdraw 167.000000 
User 4, Acc 9 Balance 12935.000000, Withdraw 50.000000 
User 2, Acc 5 Balance 1934.000000, Withdraw 307.000000 
User 1, Acc 5 Balance 2241.000000, Withdraw 500.000000 
User 1, Acc 6 Balance 4544.000000, Withdraw 500.000000 
User 1, Acc 7 Balance 6781.000000, Withdraw 500.000000 
User 1, Acc 8 Balance 2097.000000, Withdraw 500.000000 
User 2, Acc 6 Balance 4544.000000, Withdraw 647.000000 
User 2, Acc 7 Balance 6281.000000, Withdraw 593.000000 
User 2, Acc 8 Balance 1597.000000, Withdraw 449.000000 
User 2, Acc 9 Balance 14411.000000, Withdraw 163.000000 
User 2, Acc 0 Balance 1400.000000, Deposit 907.000000 
User 2, Acc 1 Balance 950.000000, Deposit 911.000000 
User 0, Acc 6 Balance 4544.000000, Withdraw 647.000000 
User 3, Acc 9 Balance 14298.000000, Withdraw 50.000000 
User 4, Acc 0 Balance 1400.000000, Withdraw 50.000000 
User 3, Acc 0 Balance 2307.000000, Withdraw 50.000000 
User 1, Acc 9 Balance 14411.000000, Withdraw 500.000000 
User 2, Acc 2 Balance 2265.000000, Deposit 919.000000 
User 0, Acc 7 Balance 5688.000000, Withdraw 593.000000 
User 2, Acc 3 Balance 2735.000000, Deposit 929.000000 
User 2, Acc 4 Balance 1315.000000, Deposit 937.000000 
User 2, Acc 5 Balance 1127.000000, Deposit 941.000000 
User 2, Acc 6 Balance 2750.000000, Deposit 953.000000 
User 2, Acc 7 Balance 5095.000000, Deposit 967.000000 
User 3, Acc 1 Balance 1861.000000, Withdraw 500.000000 
User 2, Acc 1 Balance 1861.000000, Transfer 19.000000 to Acc 7
User 0, Acc 8 Balance 1148.000000, Withdraw 449.000000 
User 1, Acc 0 Balance 2207.000000, Withdraw 500.000000 
User 4, Acc 0 Balance 2207.000000, Deposit 907.000000 
User 4, Acc 1 Balance 1342.000000, Deposit 911.000000 
User 4, Acc 2 Balance 3184.000000, Deposit 919.000000 
User 4, Acc 3 Balance 3664.000000, Transfer 29.000000 to Acc 7
User 4, Acc 7 Balance 6110.000000, Transfer 31.000000 to Acc 6
User 4, Acc 7 Balance 6079.000000, Transfer 37.000000 to Acc 5
User 4, Acc 7 Balance 6042.000000, Transfer 3.000000 to Acc 4
User 4, Acc 7 Balance 6039.000000, Transfer 5.000000 to Acc 4
User 4, Acc 3 Balance 3635.000000, Deposit 929.000000 
User 4, Acc 4 Balance 2260.000000, Deposit 937.000000 
User 4, Acc 5 Balance 2105.000000, Deposit 941.000000 
User 2, Acc 2 Balance 3184.000000, Transfer 23.000000 to Acc 7
User 2, Acc 3 Balance 4564.000000, Transfer 29.000000 to Acc 7
User 3, Acc 2 Balance 3184.000000, Withdraw 500.000000 
User 0, Acc 9 Balance 13698.000000, Withdraw 163.000000 
User 1, Acc 1 Balance 1342.000000, Withdraw 500.000000 
User 0, Acc 0 Balance 2614.000000, Deposit 907.000000 
User 4, Acc 4 Balance 3197.000000, Withdraw 167.000000 
User 2, Acc 7 Balance 6086.000000, Transfer 31.000000 to Acc 6
User 4, Acc 5 Balance 3046.000000, Withdraw 307.000000 
User 1, Acc 2 Balance 3580.000000, Withdraw 500.000000 
User 0, Acc 1 Balance 1753.000000, Deposit 911.000000 
User 3, Acc 3 Balance 4535.000000, Withdraw 500.000000 
User 4, Acc 1 Balance 1753.000000, Transfer 89.000000 to Acc 8
User 3, Acc 4 Balance 3030.000000, Withdraw 500.000000 
User 4, Acc 1 Balance 2575.000000, Transfer 163.000000 to Acc 9
User 3, Acc 5 Balance 2739.000000, Withdraw 500.000000 
User 0, Acc 2 Balance 3080.000000, Deposit 919.000000 
User 3, Acc 6 Balance 3765.000000, Withdraw 500.000000 
User 0, Acc 3 Balance 4035.000000, Transfer 29.000000 to Acc 7
User 4, Acc 1 Balance 2412.000000, Withdraw 41.000000 
User 0, Acc 7 Balance 6084.000000, Transfer 31.000000 to Acc 6
User 3, Acc 7 Balance 6055.000000, Withdraw 500.000000 
User 2, Acc 7 Balance 6055.000000, Transfer 37.000000 to Acc 5
User 3, Acc 8 Balance 788.000000, Withdraw 500.000000 
User 2, Acc 7 Balance 5516.000000, Transfer 3.000000 to Acc 4
User 3, Acc 9 Balance 13698.000000, Withdraw 500.000000 
User 0, Acc 7 Balance 6053.000000, Transfer 37.000000 to Acc 5
User 3, Acc 0 Balance 3521.000000, Withdraw 500.000000 
User 0, Acc 7 Balance 5476.000000, Transfer 3.000000 to Acc 4
User 3, Acc 1 Balance 2371.000000, Withdraw 500.000000 
User 0, Acc 7 Balance 5473.000000, Transfer 5.000000 to Acc 4
User 3, Acc 2 Balance 3999.000000, Withdraw 500.000000 
User 2, Acc 7 Balance 5513.000000, Transfer 5.000000 to Acc 4
User 4, Acc 2 Balance 3999.000000, Withdraw 71.000000 
User 1, Acc 3 Balance 4535.000000, Withdraw 500.000000 
User 1, Acc 4 Balance 2546.000000, Withdraw 500.000000 
User 2, Acc 6 Balance 3296.000000, Transfer 67.000000 to Acc 5
User 1, Acc 5 Balance 2313.000000, Withdraw 500.000000 
User 4, Acc 3 Balance 4006.000000, Withdraw 127.000000 
User 1, Acc 6 Balance 3229.000000, Withdraw 500.000000 
User 3, Acc 3 Balance 4006.000000, Withdraw 500.000000 
User 0, Acc 3 Balance 4006.000000, Deposit 929.000000 
User 4, Acc 6 Balance 3229.000000, Withdraw 647.000000 
User 0, Acc 4 Balance 2046.000000, Deposit 937.000000 
User 2, Acc 4 Balance 2046.000000, Transfer 53.000000 to Acc 5
User 0, Acc 5 Balance 1880.000000, Deposit 941.000000 
User 4, Acc 6 Balance 2082.000000, Deposit 953.000000 
User 0, Acc 4 Balance 2930.000000, Withdraw 167.000000 
User 3, Acc 4 Balance 2046.000000, Withdraw 500.000000 
User 2, Acc 1 Balance 1871.000000, Transfer 89.000000 to Acc 8
User 3, Acc 5 Balance 2874.000000, Withdraw 500.000000 
User 2, Acc 1 Balance 1782.000000, Transfer 163.000000 to Acc 9
User 4, Acc 7 Balance 5463.000000, Deposit 967.000000 
User 2, Acc 1 Balance 1619.000000, Withdraw 41.000000 
User 4, Acc 1 Balance 1619.000000, Transfer 19.000000 to Acc 7
User 2, Acc 2 Balance 3428.000000, Withdraw 71.000000 
User 3, Acc 6 Balance 3035.000000, Withdraw 500.000000 
User 0, Acc 5 Balance 2874.000000, Withdraw 307.000000 
User 3, Acc 7 Balance 6449.000000, Withdraw 500.000000 
User 0, Acc 1 Balance 1559.000000, Transfer 89.000000 to Acc 8
[22;32mUser 3, Acc 8 Balance 377.000000, 				Withdraw 500.000000 --insufficient funds[0m
User 3, Acc 9 Balance 13361.000000, Withdraw 500.000000 
User 4, Acc 2 Balance 3428.000000, Transfer 23.000000 to Acc 7
User 3, Acc 0 Balance 3021.000000, Withdraw 500.000000 
User 2, Acc 3 Balance 3808.000000, Withdraw 127.000000 
User 3, Acc 1 Balance 1470.000000, Withdraw 500.000000 
User 2, Acc 4 Balance 2263.000000, Withdraw 167.000000 
User 3, Acc 2 Balance 3334.000000, Withdraw 500.000000 
User 0, Acc 1 Balance 1470.000000, Transfer 163.000000 to Acc 9
User 4, Acc 6 Balance 2535.000000, Transfer 67.000000 to Acc 5
User 0, Acc 1 Balance 807.000000, Withdraw 41.000000 
User 4, Acc 4 Balance 2096.000000, Transfer 53.000000 to Acc 5
User 0, Acc 2 Balance 2834.000000, Withdraw 71.000000 
User 2, Acc 5 Balance 2067.000000, Withdraw 307.000000 
User 0, Acc 3 Balance 3681.000000, Withdraw 127.000000 
User 4, Acc 7 Balance 5972.000000, Withdraw 593.000000 
User 0, Acc 6 Balance 2468.000000, Withdraw 647.000000 
User 4, Acc 8 Balance 466.000000, Withdraw 449.000000 
User 2, Acc 6 Balance 2468.000000, Withdraw 647.000000 
User 4, Acc 9 Balance 13024.000000, Withdraw 163.000000 
User 2, Acc 7 Balance 5379.000000, Withdraw 593.000000 
User 0, Acc 6 Balance 1821.000000, Deposit 953.000000 
User 3, Acc 3 Balance 3681.000000, Withdraw 500.000000 
User 0, Acc 7 Balance 4786.000000, Deposit 967.000000 
User 3, Acc 4 Balance 2043.000000, Withdraw 500.000000 
User 0, Acc 1 Balance 766.000000, Transfer 19.000000 to Acc 7
[22;32mUser 2, Acc 8 Balance 17.000000, 				Withdraw 449.000000 --insufficient funds[0m
User 1, Acc 7 Balance 5463.000000, Withdraw 500.000000 
[22;32mUser 1, Acc 8 Balance 17.000000, 				Withdraw 500.000000 --insufficient funds[0m
User 0, Acc 2 Balance 2763.000000, Transfer 23.000000 to Acc 7
User 0, Acc 6 Balance 2127.000000, Transfer 67.000000 to Acc 5
User 0, Acc 4 Balance 1543.000000, Transfer 53.000000 to Acc 5
User 0, Acc 7 Balance 5295.000000, Withdraw 593.000000 
User 3, Acc 5 Balance 1880.000000, Withdraw 500.000000 
[22;32mUser 0, Acc 8 Balance 17.000000, 				Withdraw 449.000000 --insufficient funds[0m
User 3, Acc 6 Balance 2060.000000, Withdraw 500.000000 
User 0, Acc 9 Balance 12861.000000, Withdraw 163.000000 
User 4, Acc 1 Balance 766.000000, Withdraw 500.000000 
User 1, Acc 9 Balance 12861.000000, Withdraw 500.000000 
User 4, Acc 2 Balance 2740.000000, Withdraw 500.000000 
User 4, Acc 3 Balance 3054.000000, Withdraw 500.000000 
User 1, Acc 0 Balance 2521.000000, Withdraw 500.000000 
User 3, Acc 7 Balance 4702.000000, Withdraw 500.000000 
User 0, Acc 1 Balance 747.000000, Withdraw 500.000000 
User 0, Acc 2 Balance 2240.000000, Withdraw 500.000000 
User 0, Acc 3 Balance 2554.000000, Withdraw 500.000000 
User 0, Acc 4 Balance 1490.000000, Withdraw 500.000000 
User 4, Acc 4 Balance 1490.000000, Withdraw 500.000000 
User 4, Acc 5 Balance 1500.000000, Withdraw 500.000000 
User 4, Acc 6 Balance 1560.000000, Withdraw 500.000000 
User 4, Acc 7 Balance 4202.000000, Withdraw 500.000000 
[22;32mUser 4, Acc 8 Balance 17.000000, 				Withdraw 500.000000 --insufficient funds[0m
User 4, Acc 9 Balance 12198.000000, Withdraw 500.000000 
User 4, Acc 0 Balance 2021.000000, Withdraw 500.000000 
[22;32mUser 4, Acc 1 Balance -253.000000, 				Withdraw 500.000000 --insufficient funds[0m
User 4, Acc 2 Balance 1740.000000, Withdraw 500.000000 
User 4, Acc 3 Balance 2054.000000, Withdraw 500.000000 
[22;32mUser 4, Acc 4 Balance 490.000000, 				Withdraw 500.000000 --insufficient funds[0m
User 4, Acc 5 Balance 1000.000000, Withdraw 500.000000 
User 4, Acc 6 Balance 1060.000000, Withdraw 500.000000 
User 4, Acc 7 Balance 3702.000000, Withdraw 500.000000 
[22;32mUser 4, Acc 8 Balance 17.000000, 				Withdraw 500.000000 --insufficient funds[0m
User 4, Acc 9 Balance 11698.000000, Withdraw 500.000000 
User 4, Acc 0 Balance 1521.000000, Withdraw 500.000000 
[22;32mUser 4, Acc 1 Balance -253.000000, 				Withdraw 500.000000 --insufficient funds[0m
User 4, Acc 2 Balance 1240.000000, Withdraw 500.000000 
User 4, Acc 3 Balance 1554.000000, Withdraw 500.000000 
[22;32mUser 4, Acc 4 Balance 490.000000, 				Withdraw 500.000000 --insufficient funds[0m
User 4, Acc 5 Balance 500.000000, Withdraw 500.000000 
User 4, Acc 6 Balance 560.000000, Withdraw 500.000000 
User 4, Acc 7 Balance 3202.000000, Withdraw 500.000000 
[22;32mUser 4, Acc 8 Balance 17.000000, 				Withdraw 500.000000 --insufficient funds[0m
User 4, Acc 9 Balance 11198.000000, Withdraw 500.000000 
User 4, Acc 0 Balance 1021.000000, Withdraw 500.000000 
User 4, Acc 0 Balance 521.000000, Deposit 907.000000 
User 2, Acc 9 Balance 12861.000000, Withdraw 163.000000 
User 1, Acc 0 Balance 2021.000000, Deposit 907.000000 
User 2, Acc 0 Balance 1428.000000, Deposit 100.000000 
User 1, Acc 1 Balance -253.000000, Deposit 911.000000 
User 1, Acc 2 Balance 740.000000, Deposit 919.000000 
User 4, Acc 1 Balance -253.000000, Deposit 911.000000 
User 0, Acc 5 Balance 1500.000000, Withdraw 500.000000 
User 4, Acc 2 Balance 1659.000000, Deposit 919.000000 
User 4, Acc 3 Balance 1054.000000, Transfer 29.000000 to Acc 7
[22;32mUser 3, Acc 8 Balance 17.000000, 				Withdraw 500.000000 --insufficient funds[0m
User 1, Acc 3 Balance 1054.000000, Transfer 29.000000 to Acc 7
User 3, Acc 9 Balance 10535.000000, Withdraw 500.000000 
User 1, Acc 7 Balance 2760.000000, Transfer 31.000000 to Acc 6
User 3, Acc 0 Balance 2435.000000, Withdraw 500.000000 
User 2, Acc 0 Balance 2435.000000, Deposit 200.000000 
User 3, Acc 0 Balance 1935.000000, Deposit 100.000000 
User 3, Acc 0 Balance 2235.000000, Deposit 200.000000 
User 3, Acc 0 Balance 2435.000000, Deposit 300.000000 
User 3, Acc 0 Balance 2735.000000, Withdraw 200.000000 
User 3, Acc 0 Balance 2535.000000, Withdraw 100.000000 
[22;32mUser 0, Acc 6 Balance 60.000000, 				Withdraw 500.000000 --insufficient funds[0m
User 0, Acc 7 Balance 2729.000000, Withdraw 500.000000 
User 1, Acc 7 Balance 2729.000000, Transfer 37.000000 to Acc 5
[22;32mUser 0, Acc 8 Balance 17.000000, 				Withdraw 500.000000 --insufficient funds[0m
User 1, Acc 7 Balance 2192.000000, Transfer 3.000000 to Acc 4
User 0, Acc 9 Balance 10035.000000, Withdraw 500.000000 
User 3, Acc 0 Balance 2435.000000, Withdraw 50.000000 
User 0, Acc 0 Balance 2435.000000, Withdraw 500.000000 
User 3, Acc 1 Balance 1569.000000, Transfer 200.000000 to Acc 0
User 0, Acc 1 Balance 1569.000000, Withdraw 500.000000 
Balance in 0: 2085.000000
User 4, Acc 7 Balance 2731.000000, Transfer 31.000000 to Acc 6
User 1, Acc 7 Balance 2189.000000, Transfer 5.000000 to Acc 4
User 4, Acc 7 Balance 2158.000000, Transfer 37.000000 to Acc 5
User 1, Acc 3 Balance 996.000000, Deposit 929.000000 
User 0, Acc 2 Balance 2578.000000, Withdraw 500.000000 
User 0, Acc 3 Balance 1925.000000, Withdraw 500.000000 
User 4, Acc 7 Balance 2116.000000, Transfer 3.000000 to Acc 4
[22;32mUser 0, Acc 4 Balance 498.000000, 				Withdraw 500.000000 --insufficient funds[0m
User 4, Acc 7 Balance 2113.000000, Transfer 5.000000 to Acc 4
User 4, Acc 3 Balance 1425.000000, Deposit 929.000000 
User 3, Acc 0 Balance 2085.000000, Deposit 100.000000 
User 3, Acc 0 Balance 2185.000000, Deposit 200.000000 
User 2, Acc 0 Balance 2135.000000, Deposit 300.000000 
[22;32mUser 0, Acc 5 Balance -426.000000, 				Withdraw 500.000000 --insufficient funds[0m
[22;32mUser 0, Acc 6 Balance 122.000000, 				Withdraw 500.000000 --insufficient funds[0m
User 0, Acc 7 Balance 2108.000000, Withdraw 500.000000 
[22;32mUser 0, Acc 8 Balance 17.000000, 				Withdraw 500.000000 --insufficient funds[0m
User 0, Acc 9 Balance 9535.000000, Withdraw 500.000000 
User 0, Acc 0 Balance 2685.000000, Withdraw 500.000000 
User 2, Acc 0 Balance 2685.000000, Withdraw 200.000000 
User 0, Acc 1 Balance 869.000000, Withdraw 500.000000 
User 4, Acc 4 Balance 506.000000, Deposit 937.000000 
User 1, Acc 4 Balance 498.000000, Deposit 937.000000 
User 4, Acc 5 Balance -426.000000, Deposit 941.000000 
User 2, Acc 0 Balance 1985.000000, Withdraw 100.000000 
User 4, Acc 4 Balance 2380.000000, Withdraw 167.000000 
User 2, Acc 0 Balance 1885.000000, Withdraw 50.000000 
User 1, Acc 5 Balance -426.000000, Deposit 941.000000 
User 1, Acc 4 Balance 2213.000000, Withdraw 167.000000 
User 4, Acc 5 Balance 515.000000, Withdraw 307.000000 
User 1, Acc 5 Balance 1456.000000, Withdraw 307.000000 
User 1, Acc 1 Balance 369.000000, Transfer 89.000000 to Acc 8
User 2, Acc 1 Balance 369.000000, Transfer 200.000000 to Acc 0
User 0, Acc 2 Balance 2078.000000, Withdraw 500.000000 
User 3, Acc 0 Balance 2385.000000, Deposit 300.000000 
User 0, Acc 3 Balance 2354.000000, Withdraw 500.000000 
User 3, Acc 0 Balance 2335.000000, Withdraw 200.000000 
User 0, Acc 4 Balance 2046.000000, Withdraw 500.000000 
Balance in 0: 2035.000000
User 4, Acc 1 Balance 369.000000, Transfer 89.000000 to Acc 8
User 1, Acc 1 Balance 280.000000, Transfer 163.000000 to Acc 9
User 3, Acc 0 Balance 2135.000000, Withdraw 100.000000 
User 2, Acc 0 Balance 2135.000000, Deposit 100.000000 
User 3, Acc 0 Balance 2035.000000, Withdraw 50.000000 
[22;32mUser 1, Acc 1 Balance -172.000000, 				Withdraw 41.000000 --insufficient funds[0m
Balance in 0: 2085.000000
User 1, Acc 2 Balance 1578.000000, Withdraw 71.000000 
User 1, Acc 3 Balance 1854.000000, Withdraw 127.000000 
[22;32mUser 1, Acc 6 Balance 122.000000, 				Withdraw 647.000000 --insufficient funds[0m
User 0, Acc 5 Balance 842.000000, Withdraw 500.000000 
User 2, Acc 0 Balance 2135.000000, Deposit 200.000000 
[22;32mUser 0, Acc 6 Balance 122.000000, 				Withdraw 500.000000 --insufficient funds[0m
User 1, Acc 6 Balance 122.000000, Deposit 953.000000 
User 0, Acc 7 Balance 1608.000000, Withdraw 500.000000 
User 1, Acc 7 Balance 1608.000000, Deposit 967.000000 
User 1, Acc 2 Balance 1507.000000, Transfer 23.000000 to Acc 7
User 1, Acc 6 Balance 1075.000000, Transfer 67.000000 to Acc 5
User 1, Acc 4 Balance 1546.000000, Transfer 53.000000 to Acc 5
User 1, Acc 7 Balance 2098.000000, Withdraw 593.000000 
[22;32mUser 0, Acc 8 Balance 195.000000, 				Withdraw 500.000000 --insufficient funds[0m
User 0, Acc 9 Balance 9198.000000, Withdraw 500.000000 
User 0, Acc 0 Balance 2285.000000, Withdraw 500.000000 
[22;32mUser 1, Acc 8 Balance 195.000000, 				Withdraw 449.000000 --insufficient funds[0m
User 1, Acc 9 Balance 8698.000000, Withdraw 163.000000 
[22;32mUser 4, Acc 1 Balance -9.000000, 				Withdraw 41.000000 --insufficient funds[0m
User 4, Acc 2 Balance 1484.000000, Withdraw 71.000000 
User 4, Acc 3 Balance 1727.000000, Withdraw 127.000000 
User 2, Acc 0 Balance 2285.000000, Deposit 300.000000 
User 2, Acc 0 Balance 2085.000000, Withdraw 200.000000 
User 2, Acc 0 Balance 1885.000000, Withdraw 100.000000 
User 2, Acc 0 Balance 1785.000000, Withdraw 50.000000 
Balance in 0: 1735.000000
User 4, Acc 6 Balance 1008.000000, Withdraw 647.000000 
User 4, Acc 6 Balance 361.000000, Deposit 953.000000 
User 4, Acc 7 Balance 1505.000000, Deposit 967.000000 
User 4, Acc 2 Balance 1413.000000, Transfer 23.000000 to Acc 7
User 4, Acc 6 Balance 1314.000000, Transfer 67.000000 to Acc 5
User 4, Acc 4 Balance 1493.000000, Transfer 53.000000 to Acc 5
User 4, Acc 7 Balance 2495.000000, Withdraw 593.000000 
[22;32mUser 4, Acc 8 Balance 195.000000, 				Withdraw 449.000000 --insufficient funds[0m
User 4, Acc 9 Balance 8535.000000, Withdraw 163.000000 
  ***     End of transaction batch    ***  
Account 0 balance after completion of transaction batch: 1735.000000
Account 1 balance after completion of transaction batch: -172.000000
Account 2 balance after completion of transaction batch: 1390.000000
Account 3 balance after completion of transaction batch: 1600.000000
Account 4 balance after completion of transaction batch: 1440.000000
Account 5 balance after completion of transaction batch: 582.000000
Account 6 balance after completion of transaction batch: 1247.000000
Account 7 balance after completion of transaction batch: 1902.000000
Account 8 balance after completion of transaction batch: 195.000000
Account 9 balance after completion of transaction batch: 8372.000000
