# Output generated by:
# ./my_executable 5 data/transactions7.txt data/transactions9.txt data/transactions2.txt data/transactions10.txt data/transactions5.txt

********************************************
   Reading and parsing a transaction file   
********************************************
Parsed transaction: deposit 7 9929.000000 
Loaded deposit transaction
Parsed transaction: deposit 4 937.000000 
Loaded deposit transaction
Parsed transaction: deposit 5 941.000000 
Loaded deposit transaction
Parsed transaction: deposit 0 7.000000 
Loaded deposit transaction
Parsed transaction: deposit 3 29.000000 
Loaded deposit transaction
Parsed transaction: deposit 7 9.000000 
Loaded deposit transaction
Parsed transaction: deposit 9 129.000000 
Loaded deposit transaction
Parsed transaction: transfer 3 7 29.000000 
Loaded transfer transaction
Parsed transaction: transfer 7 6 31.000000 
Loaded transfer transaction
Parsed transaction: transfer 7 5 137.000000 
Loaded transfer transaction
Parsed transaction: transfer 7 4 3.000000 
Loaded transfer transaction
Parsed transaction: transfer 7 4 5.000000 
Loaded transfer transaction
Parsed transaction: withdraw 4 1167.000000 
Loaded withdrawal transaction
Parsed transaction: withdraw 5 1307.000000 
Loaded withdrawal transaction
Parsed transaction: transfer 1 8 89.000000 
Loaded transfer transaction
Parsed transaction: transfer 1 9 163.000000 
Loaded transfer transaction
Parsed transaction: withdraw 1 41.000000 
Loaded withdrawal transaction
Parsed transaction: withdraw 2 71.000000 
Loaded withdrawal transaction
Parsed transaction: withdraw 3 1127.000000 
Loaded withdrawal transaction
Parsed transaction: withdraw 6 647.000000 
Loaded withdrawal transaction
Parsed transaction: deposit 6 1953.000000 
Loaded deposit transaction
Parsed transaction: deposit 7 967.000000 
Loaded deposit transaction
Parsed transaction: transfer 1 7 19.000000 
Loaded transfer transaction
Parsed transaction: transfer 2 7 23.000000 
Loaded transfer transaction
Parsed transaction: transfer 6 5 1167.000000 
Loaded transfer transaction
Parsed transaction: transfer 4 5 53.000000 
Loaded transfer transaction
Parsed transaction: withdraw 7 1593.000000 
Loaded withdrawal transaction
Parsed transaction: withdraw 8 449.000000 
Loaded withdrawal transaction
Parsed transaction: withdraw 9 163.000000 
Loaded withdrawal transaction
********************************************
********************************************
   Reading and parsing a transaction file   
********************************************
Parsed transaction: deposit 9 617.000000 
Loaded deposit transaction
Parsed transaction: transfer 9 1 617.000000 
Loaded transfer transaction
Parsed transaction: deposit 8 619.000000 
Loaded deposit transaction
Parsed transaction: transfer 8 2 619.000000 
Loaded transfer transaction
Parsed transaction: deposit 7 631.000000 
Loaded deposit transaction
Parsed transaction: transfer 7 3 631.000000 
Loaded transfer transaction
Parsed transaction: deposit 6 641.000000 
Loaded deposit transaction
Parsed transaction: transfer 6 4 641.000000 
Loaded transfer transaction
Parsed transaction: deposit 5 643.000000 
Loaded deposit transaction
Parsed transaction: transfer 5 6 1200.000000 
Loaded transfer transaction
Parsed transaction: deposit 4 647.000000 
Loaded deposit transaction
Parsed transaction: transfer 4 7 1200.000000 
Loaded transfer transaction
Parsed transaction: deposit 3 653.000000 
Loaded deposit transaction
Parsed transaction: transfer 3 8 1200.000000 
Loaded transfer transaction
Parsed transaction: deposit 2 659.000000 
Loaded deposit transaction
Parsed transaction: transfer 2 9 1200.000000 
Loaded transfer transaction
Parsed transaction: deposit 1 661.000000 
Loaded deposit transaction
Parsed transaction: transfer 1 9 1200.000000 
Loaded transfer transaction
Parsed transaction: deposit 0 673.000000 
Loaded deposit transaction
Parsed transaction: transfer 0 9 1200.000000 
Loaded transfer transaction
Parsed transaction: withdraw 1 50.000000 
Loaded withdrawal transaction
Parsed transaction: withdraw 2 50.000000 
Loaded withdrawal transaction
Parsed transaction: withdraw 3 50.000000 
Loaded withdrawal transaction
Parsed transaction: withdraw 4 50.000000 
Loaded withdrawal transaction
Parsed transaction: withdraw 5 50.000000 
Loaded withdrawal transaction
Parsed transaction: withdraw 6 50.000000 
Loaded withdrawal transaction
Parsed transaction: withdraw 7 50.000000 
Loaded withdrawal transaction
Parsed transaction: withdraw 8 50.000000 
Loaded withdrawal transaction
Parsed transaction: withdraw 9 50.000000 
Loaded withdrawal transaction
Parsed transaction: withdraw 0 50.000000 
Loaded withdrawal transaction
********************************************
********************************************
   Reading and parsing a transaction file   
********************************************
Parsed transaction: deposit 0 400.000000 
Loaded deposit transaction
Parsed transaction: withdraw 0 200.000000 
Loaded withdrawal transaction
Parsed transaction: deposit 0 100.000000 
Loaded deposit transaction
Parsed transaction: withdraw 0 50.000000 
Loaded withdrawal transaction
Parsed transaction: withdraw 0 150.000000 
Loaded withdrawal transaction
Parsed transaction: deposit 0 300.000000 
Loaded deposit transaction
Parsed transaction: transfer 0 1 300.000000 
Loaded transfer transaction
Parsed transaction: balance 1 
Loaded balance transaction
********************************************
********************************************
   Reading and parsing a transaction file   
********************************************
Parsed transaction: withdraw 1 500.000000 
Loaded withdrawal transaction
Parsed transaction: withdraw 2 500.000000 
Loaded withdrawal transaction
Parsed transaction: withdraw 3 500.000000 
Loaded withdrawal transaction
Parsed transaction: withdraw 4 500.000000 
Loaded withdrawal transaction
Parsed transaction: withdraw 5 500.000000 
Loaded withdrawal transaction
Parsed transaction: withdraw 6 500.000000 
Loaded withdrawal transaction
Parsed transaction: withdraw 7 500.000000 
Loaded withdrawal transaction
Parsed transaction: withdraw 8 500.000000 
Loaded withdrawal transaction
Parsed transaction: withdraw 9 500.000000 
Loaded withdrawal transaction
Parsed transaction: withdraw 0 500.000000 
Loaded withdrawal transaction
Parsed transaction: withdraw 1 500.000000 
Loaded withdrawal transaction
Parsed transaction: withdraw 2 500.000000 
Loaded withdrawal transaction
Parsed transaction: withdraw 3 500.000000 
Loaded withdrawal transaction
Parsed transaction: withdraw 4 500.000000 
Loaded withdrawal transaction
Parsed transaction: withdraw 5 500.000000 
Loaded withdrawal transaction
Parsed transaction: withdraw 6 500.000000 
Loaded withdrawal transaction
Parsed transaction: withdraw 7 500.000000 
Loaded withdrawal transaction
Parsed transaction: withdraw 8 500.000000 
Loaded withdrawal transaction
Parsed transaction: withdraw 9 500.000000 
Loaded withdrawal transaction
Parsed transaction: withdraw 0 500.000000 
Loaded withdrawal transaction
Parsed transaction: withdraw 1 500.000000 
Loaded withdrawal transaction
Parsed transaction: withdraw 2 500.000000 
Loaded withdrawal transaction
Parsed transaction: withdraw 3 500.000000 
Loaded withdrawal transaction
Parsed transaction: withdraw 4 500.000000 
Loaded withdrawal transaction
Parsed transaction: withdraw 5 500.000000 
Loaded withdrawal transaction
Parsed transaction: withdraw 6 500.000000 
Loaded withdrawal transaction
Parsed transaction: withdraw 7 500.000000 
Loaded withdrawal transaction
Parsed transaction: withdraw 8 500.000000 
Loaded withdrawal transaction
Parsed transaction: withdraw 9 500.000000 
Loaded withdrawal transaction
Parsed transaction: withdraw 0 500.000000 
Loaded withdrawal transaction
********************************************
********************************************
   Reading and parsing a transaction file   
********************************************
Parsed transaction: deposit 0 907.000000 
Loaded deposit transaction
Parsed transaction: deposit 1 911.000000 
Loaded deposit transaction
Parsed transaction: deposit 2 919.000000 
Loaded deposit transaction
Parsed transaction: transfer 3 7 29.000000 
Loaded transfer transaction
Parsed transaction: transfer 7 6 31.000000 
Loaded transfer transaction
Parsed transaction: transfer 7 5 37.000000 
Loaded transfer transaction
Parsed transaction: transfer 7 4 3.000000 
Loaded transfer transaction
Parsed transaction: transfer 7 4 5.000000 
Loaded transfer transaction
Parsed transaction: deposit 3 929.000000 
Loaded deposit transaction
Parsed transaction: deposit 4 937.000000 
Loaded deposit transaction
Parsed transaction: deposit 5 941.000000 
Loaded deposit transaction
Parsed transaction: withdraw 4 167.000000 
Loaded withdrawal transaction
Parsed transaction: withdraw 5 307.000000 
Loaded withdrawal transaction
Parsed transaction: transfer 1 8 89.000000 
Loaded transfer transaction
Parsed transaction: transfer 1 9 163.000000 
Loaded transfer transaction
Parsed transaction: withdraw 1 41.000000 
Loaded withdrawal transaction
Parsed transaction: withdraw 2 71.000000 
Loaded withdrawal transaction
Parsed transaction: withdraw 3 127.000000 
Loaded withdrawal transaction
Parsed transaction: withdraw 6 647.000000 
Loaded withdrawal transaction
Parsed transaction: deposit 6 953.000000 
Loaded deposit transaction
Parsed transaction: deposit 7 967.000000 
Loaded deposit transaction
Parsed transaction: transfer 1 7 19.000000 
Loaded transfer transaction
Parsed transaction: transfer 2 7 23.000000 
Loaded transfer transaction
Parsed transaction: transfer 6 5 67.000000 
Loaded transfer transaction
Parsed transaction: transfer 4 5 53.000000 
Loaded transfer transaction
Parsed transaction: withdraw 7 593.000000 
Loaded withdrawal transaction
Parsed transaction: withdraw 8 449.000000 
Loaded withdrawal transaction
Parsed transaction: withdraw 9 163.000000 
Loaded withdrawal transaction
********************************************
  ***    Start of transaction batch    ***  
User 0, Acc 7 Balance 0.000000, Deposit 9929.000000 
User 0, Acc 4 Balance 0.000000, Deposit 937.000000 
User 0, Acc 5 Balance 0.000000, Deposit 941.000000 
User 0, Acc 0 Balance 0.000000, Deposit 7.000000 
User 0, Acc 3 Balance 0.000000, Deposit 29.000000 
User 0, Acc 7 Balance 9929.000000, Deposit 9.000000 
User 0, Acc 9 Balance 0.000000, Deposit 129.000000 
User 0, Acc 3 Balance 29.000000, Transfer 29.000000 to Acc 7
User 0, Acc 7 Balance 9967.000000, Transfer 31.000000 to Acc 6
User 0, Acc 7 Balance 9936.000000, Transfer 137.000000 to Acc 5
User 0, Acc 7 Balance 9799.000000, Transfer 3.000000 to Acc 4
User 0, Acc 7 Balance 9796.000000, Transfer 5.000000 to Acc 4
[22;32mUser 0, Acc 4 Balance 945.000000, 				Withdraw 1167.000000 --insufficient funds[0m
[22;32mUser 0, Acc 5 Balance 1078.000000, 				Withdraw 1307.000000 --insufficient funds[0m
[22;32mUser 0, Acc 1 Balance 0.000000, 				Withdraw 41.000000 --insufficient funds[0m
[22;32mUser 0, Acc 2 Balance 0.000000, 				Withdraw 71.000000 --insufficient funds[0m
[22;32mUser 0, Acc 3 Balance 0.000000, 				Withdraw 1127.000000 --insufficient funds[0m
[22;32mUser 0, Acc 6 Balance 31.000000, 				Withdraw 647.000000 --insufficient funds[0m
User 0, Acc 6 Balance 31.000000, Deposit 1953.000000 
User 0, Acc 7 Balance 9791.000000, Deposit 967.000000 
User 0, Acc 6 Balance 1984.000000, Transfer 1167.000000 to Acc 5
User 0, Acc 4 Balance 945.000000, Transfer 53.000000 to Acc 5
User 0, Acc 7 Balance 10758.000000, Withdraw 1593.000000 
[22;32mUser 0, Acc 8 Balance 0.000000, 				Withdraw 449.000000 --insufficient funds[0m
[22;32mUser 0, Acc 9 Balance 129.000000, 				Withdraw 163.000000 --insufficient funds[0m
User 3, Acc 9 Balance 129.000000, Deposit 617.000000 
User 4, Acc 7 Balance 9165.000000, Deposit 9929.000000 
User 2, Acc 0 Balance 7.000000, Deposit 400.000000 
[22;32mUser 0, Acc 1 Balance 0.000000, 				Withdraw 500.000000 --insufficient funds[0m
[22;32mUser 0, Acc 2 Balance 0.000000, 				Withdraw 500.000000 --insufficient funds[0m
[22;32mUser 0, Acc 3 Balance 0.000000, 				Withdraw 500.000000 --insufficient funds[0m
User 0, Acc 4 Balance 892.000000, Withdraw 500.000000 
User 0, Acc 5 Balance 2298.000000, Withdraw 500.000000 
User 0, Acc 6 Balance 817.000000, Withdraw 500.000000 
User 2, Acc 0 Balance 407.000000, Withdraw 200.000000 
User 3, Acc 9 Balance 746.000000, Transfer 617.000000 to Acc 1
User 3, Acc 8 Balance 0.000000, Deposit 619.000000 
User 0, Acc 7 Balance 19094.000000, Withdraw 500.000000 
User 0, Acc 8 Balance 619.000000, Withdraw 500.000000 
[22;32mUser 0, Acc 9 Balance 129.000000, 				Withdraw 500.000000 --insufficient funds[0m
[22;32mUser 0, Acc 0 Balance 207.000000, 				Withdraw 500.000000 --insufficient funds[0m
User 4, Acc 4 Balance 892.000000, Deposit 937.000000 
User 0, Acc 1 Balance 617.000000, Withdraw 500.000000 
User 4, Acc 5 Balance 1798.000000, Deposit 941.000000 
[22;32mUser 0, Acc 2 Balance 0.000000, 				Withdraw 500.000000 --insufficient funds[0m
User 1, Acc 0 Balance 7.000000, Deposit 907.000000 
User 1, Acc 1 Balance 117.000000, Deposit 911.000000 
User 1, Acc 2 Balance 0.000000, Deposit 919.000000 
User 1, Acc 7 Balance 18594.000000, Transfer 31.000000 to Acc 6
User 1, Acc 7 Balance 18563.000000, Transfer 37.000000 to Acc 5
User 1, Acc 7 Balance 18526.000000, Transfer 3.000000 to Acc 4
User 1, Acc 7 Balance 18523.000000, Transfer 5.000000 to Acc 4
User 1, Acc 3 Balance 0.000000, Deposit 929.000000 
User 1, Acc 4 Balance 1337.000000, Deposit 937.000000 
User 1, Acc 5 Balance 2776.000000, Deposit 941.000000 
User 1, Acc 4 Balance 2274.000000, Withdraw 167.000000 
User 1, Acc 5 Balance 3717.000000, Withdraw 307.000000 
User 1, Acc 1 Balance 1028.000000, Transfer 89.000000 to Acc 8
User 1, Acc 1 Balance 939.000000, Transfer 163.000000 to Acc 9
User 1, Acc 1 Balance 776.000000, Withdraw 41.000000 
User 1, Acc 2 Balance 919.000000, Withdraw 71.000000 
User 1, Acc 3 Balance 929.000000, Withdraw 127.000000 
[22;32mUser 1, Acc 6 Balance 348.000000, 				Withdraw 647.000000 --insufficient funds[0m
User 1, Acc 6 Balance 348.000000, Deposit 953.000000 
User 1, Acc 7 Balance 18518.000000, Deposit 967.000000 
User 1, Acc 1 Balance 735.000000, Transfer 19.000000 to Acc 7
User 1, Acc 2 Balance 848.000000, Transfer 23.000000 to Acc 7
User 1, Acc 6 Balance 1301.000000, Transfer 67.000000 to Acc 5
User 1, Acc 4 Balance 2107.000000, Transfer 53.000000 to Acc 5
User 1, Acc 7 Balance 19527.000000, Withdraw 593.000000 
[22;32mUser 1, Acc 8 Balance 208.000000, 				Withdraw 449.000000 --insufficient funds[0m
User 1, Acc 9 Balance 292.000000, Withdraw 163.000000 
User 4, Acc 0 Balance 207.000000, Deposit 7.000000 
User 4, Acc 3 Balance 802.000000, Deposit 29.000000 
User 4, Acc 7 Balance 18934.000000, Deposit 9.000000 
User 4, Acc 9 Balance 129.000000, Deposit 129.000000 
User 4, Acc 3 Balance 831.000000, Transfer 29.000000 to Acc 7
User 4, Acc 7 Balance 18972.000000, Transfer 31.000000 to Acc 6
User 4, Acc 7 Balance 18941.000000, Transfer 137.000000 to Acc 5
User 4, Acc 7 Balance 18804.000000, Transfer 3.000000 to Acc 4
User 4, Acc 7 Balance 18801.000000, Transfer 5.000000 to Acc 4
User 4, Acc 4 Balance 2062.000000, Withdraw 1167.000000 
User 4, Acc 5 Balance 3667.000000, Withdraw 1307.000000 
User 4, Acc 1 Balance 716.000000, Transfer 89.000000 to Acc 8
User 4, Acc 1 Balance 627.000000, Transfer 163.000000 to Acc 9
User 4, Acc 1 Balance 464.000000, Withdraw 41.000000 
User 4, Acc 2 Balance 825.000000, Withdraw 71.000000 
[22;32mUser 0, Acc 3 Balance 0.000000, 				Withdraw 500.000000 --insufficient funds[0m
[22;32mUser 4, Acc 3 Balance 802.000000, 				Withdraw 1127.000000 --insufficient funds[0m
User 0, Acc 4 Balance 895.000000, Withdraw 500.000000 
User 4, Acc 6 Balance 1265.000000, Withdraw 647.000000 
User 0, Acc 5 Balance 2360.000000, Withdraw 500.000000 
User 4, Acc 6 Balance 618.000000, Deposit 1953.000000 
User 0, Acc 6 Balance 618.000000, Withdraw 500.000000 
User 4, Acc 7 Balance 18796.000000, Deposit 967.000000 
User 0, Acc 7 Balance 18796.000000, Withdraw 500.000000 
User 4, Acc 1 Balance 423.000000, Transfer 19.000000 to Acc 7
[22;32mUser 0, Acc 8 Balance 297.000000, 				Withdraw 500.000000 --insufficient funds[0m
User 4, Acc 2 Balance 754.000000, Transfer 23.000000 to Acc 7
[22;32mUser 0, Acc 9 Balance 421.000000, 				Withdraw 500.000000 --insufficient funds[0m
User 1, Acc 7 Balance 18934.000000, Deposit 9929.000000 
User 0, Acc 0 Balance 1121.000000, Withdraw 500.000000 
[22;32mUser 0, Acc 1 Balance 404.000000, 				Withdraw 500.000000 --insufficient funds[0m
User 2, Acc 0 Balance 207.000000, Deposit 100.000000 
User 2, Acc 0 Balance 721.000000, Withdraw 50.000000 
User 2, Acc 0 Balance 671.000000, Withdraw 150.000000 
User 2, Acc 0 Balance 521.000000, Deposit 300.000000 
User 2, Acc 0 Balance 821.000000, Transfer 300.000000 to Acc 1
Balance in 1: 704.000000
User 2, Acc 7 Balance 29234.000000, Deposit 9929.000000 
User 2, Acc 4 Balance 395.000000, Deposit 937.000000 
User 2, Acc 5 Balance 1860.000000, Deposit 941.000000 
User 2, Acc 0 Balance 521.000000, Deposit 7.000000 
User 2, Acc 3 Balance 802.000000, Deposit 29.000000 
User 2, Acc 7 Balance 39163.000000, Deposit 9.000000 
User 2, Acc 9 Balance 421.000000, Deposit 129.000000 
User 2, Acc 3 Balance 831.000000, Transfer 29.000000 to Acc 7
User 2, Acc 7 Balance 39201.000000, Transfer 31.000000 to Acc 6
User 2, Acc 7 Balance 39170.000000, Transfer 137.000000 to Acc 5
User 2, Acc 7 Balance 39033.000000, Transfer 3.000000 to Acc 4
User 2, Acc 7 Balance 39030.000000, Transfer 5.000000 to Acc 4
User 2, Acc 4 Balance 1340.000000, Withdraw 1167.000000 
User 2, Acc 5 Balance 2938.000000, Withdraw 1307.000000 
User 2, Acc 1 Balance 704.000000, Transfer 89.000000 to Acc 8
User 2, Acc 1 Balance 615.000000, Transfer 163.000000 to Acc 9
User 2, Acc 1 Balance 452.000000, Withdraw 41.000000 
User 2, Acc 2 Balance 731.000000, Withdraw 71.000000 
[22;32mUser 2, Acc 3 Balance 802.000000, 				Withdraw 1127.000000 --insufficient funds[0m
User 2, Acc 6 Balance 2102.000000, Withdraw 647.000000 
User 2, Acc 6 Balance 1455.000000, Deposit 1953.000000 
User 2, Acc 7 Balance 39025.000000, Deposit 967.000000 
User 2, Acc 1 Balance 411.000000, Transfer 19.000000 to Acc 7
User 2, Acc 2 Balance 660.000000, Transfer 23.000000 to Acc 7
User 2, Acc 6 Balance 3408.000000, Transfer 1167.000000 to Acc 5
User 2, Acc 4 Balance 173.000000, Transfer 53.000000 to Acc 5
User 2, Acc 7 Balance 40034.000000, Withdraw 1593.000000 
[22;32mUser 2, Acc 8 Balance 386.000000, 				Withdraw 449.000000 --insufficient funds[0m
User 2, Acc 9 Balance 713.000000, Withdraw 163.000000 
User 2, Acc 9 Balance 550.000000, Deposit 617.000000 
User 2, Acc 9 Balance 1167.000000, Transfer 617.000000 to Acc 1
User 2, Acc 8 Balance 386.000000, Deposit 619.000000 
User 2, Acc 8 Balance 1005.000000, Transfer 619.000000 to Acc 2
User 2, Acc 7 Balance 38441.000000, Deposit 631.000000 
User 2, Acc 7 Balance 39072.000000, Transfer 631.000000 to Acc 3
User 2, Acc 6 Balance 2241.000000, Deposit 641.000000 
User 2, Acc 6 Balance 2882.000000, Transfer 641.000000 to Acc 4
User 2, Acc 5 Balance 2851.000000, Deposit 643.000000 
User 2, Acc 5 Balance 3494.000000, Transfer 1200.000000 to Acc 6
User 2, Acc 4 Balance 761.000000, Deposit 647.000000 
User 2, Acc 4 Balance 1408.000000, Transfer 1200.000000 to Acc 7
User 2, Acc 3 Balance 1433.000000, Deposit 653.000000 
User 2, Acc 3 Balance 2086.000000, Transfer 1200.000000 to Acc 8
User 2, Acc 2 Balance 1256.000000, Deposit 659.000000 
User 2, Acc 2 Balance 1915.000000, Transfer 1200.000000 to Acc 9
User 2, Acc 1 Balance 1009.000000, Deposit 661.000000 
User 2, Acc 1 Balance 1670.000000, Transfer 1200.000000 to Acc 9
User 2, Acc 0 Balance 528.000000, Deposit 673.000000 
User 2, Acc 0 Balance 1201.000000, Transfer 1200.000000 to Acc 9
User 2, Acc 1 Balance 470.000000, Withdraw 50.000000 
User 2, Acc 2 Balance 715.000000, Withdraw 50.000000 
User 2, Acc 3 Balance 886.000000, Withdraw 50.000000 
User 2, Acc 4 Balance 208.000000, Withdraw 50.000000 
User 2, Acc 5 Balance 2294.000000, Withdraw 50.000000 
User 2, Acc 6 Balance 3441.000000, Withdraw 50.000000 
User 2, Acc 7 Balance 39641.000000, Withdraw 50.000000 
User 2, Acc 8 Balance 1586.000000, Withdraw 50.000000 
User 2, Acc 9 Balance 4150.000000, Withdraw 50.000000 
[22;32mUser 2, Acc 0 Balance 1.000000, 				Withdraw 50.000000 --insufficient funds[0m
User 2, Acc 9 Balance 4100.000000, Deposit 617.000000 
User 2, Acc 9 Balance 4717.000000, Transfer 617.000000 to Acc 1
User 2, Acc 8 Balance 1536.000000, Deposit 619.000000 
User 2, Acc 8 Balance 2155.000000, Transfer 619.000000 to Acc 2
User 3, Acc 8 Balance 619.000000, Transfer 619.000000 to Acc 2
User 4, Acc 6 Balance 2071.000000, Transfer 1167.000000 to Acc 5
User 0, Acc 2 Balance 731.000000, Withdraw 500.000000 
User 4, Acc 4 Balance 158.000000, Transfer 53.000000 to Acc 5
User 0, Acc 3 Balance 836.000000, Withdraw 500.000000 
User 2, Acc 7 Balance 39591.000000, Deposit 631.000000 
User 3, Acc 7 Balance 39591.000000, Deposit 631.000000 
User 3, Acc 7 Balance 40853.000000, Transfer 631.000000 to Acc 3
User 4, Acc 7 Balance 39591.000000, Withdraw 1593.000000 
User 2, Acc 7 Balance 40222.000000, Transfer 631.000000 to Acc 3
User 4, Acc 8 Balance 917.000000, Withdraw 449.000000 
User 2, Acc 6 Balance 2224.000000, Deposit 641.000000 
User 2, Acc 6 Balance 2865.000000, Transfer 641.000000 to Acc 4
User 4, Acc 9 Balance 4100.000000, Withdraw 163.000000 
User 1, Acc 4 Balance 395.000000, Deposit 937.000000 
User 4, Acc 0 Balance 1.000000, Deposit 400.000000 
User 3, Acc 6 Balance 2224.000000, Deposit 641.000000 
User 4, Acc 0 Balance 401.000000, Withdraw 200.000000 
User 3, Acc 6 Balance 2865.000000, Transfer 641.000000 to Acc 4
[22;32mUser 0, Acc 4 Balance 105.000000, 				Withdraw 500.000000 --insufficient funds[0m
User 1, Acc 5 Balance 3464.000000, Deposit 941.000000 
User 4, Acc 0 Balance 201.000000, Deposit 100.000000 
User 4, Acc 0 Balance 301.000000, Withdraw 50.000000 
User 4, Acc 0 Balance 251.000000, Withdraw 150.000000 
User 4, Acc 0 Balance 101.000000, Deposit 300.000000 
User 0, Acc 5 Balance 3464.000000, Withdraw 500.000000 
User 4, Acc 0 Balance 401.000000, Transfer 300.000000 to Acc 1
User 0, Acc 6 Balance 2224.000000, Withdraw 500.000000 
Balance in 1: 1337.000000
User 0, Acc 7 Balance 37998.000000, Withdraw 500.000000 
User 4, Acc 9 Balance 3937.000000, Deposit 617.000000 
[22;32mUser 0, Acc 8 Balance 468.000000, 				Withdraw 500.000000 --insufficient funds[0m
User 4, Acc 9 Balance 4554.000000, Transfer 617.000000 to Acc 1
User 0, Acc 9 Balance 4554.000000, Withdraw 500.000000 
User 4, Acc 8 Balance 468.000000, Deposit 619.000000 
[22;32mUser 0, Acc 0 Balance 101.000000, 				Withdraw 500.000000 --insufficient funds[0m
User 4, Acc 8 Balance 1087.000000, Transfer 619.000000 to Acc 2
User 0, Acc 0 Balance 101.000000, Deposit 400.000000 
User 4, Acc 7 Balance 37498.000000, Deposit 631.000000 
User 0, Acc 0 Balance 501.000000, Withdraw 200.000000 
User 3, Acc 5 Balance 3464.000000, Deposit 643.000000 
User 2, Acc 5 Balance 3464.000000, Deposit 643.000000 
User 1, Acc 0 Balance 201.000000, Deposit 7.000000 
User 4, Acc 7 Balance 38129.000000, Transfer 631.000000 to Acc 3
User 4, Acc 6 Balance 1724.000000, Deposit 641.000000 
User 4, Acc 6 Balance 2365.000000, Transfer 641.000000 to Acc 4
User 4, Acc 5 Balance 5191.000000, Deposit 643.000000 
User 4, Acc 5 Balance 5834.000000, Transfer 1200.000000 to Acc 6
User 4, Acc 4 Balance 2965.000000, Deposit 647.000000 
User 4, Acc 4 Balance 3612.000000, Transfer 1200.000000 to Acc 7
User 4, Acc 3 Balance 2229.000000, Deposit 653.000000 
User 4, Acc 3 Balance 2882.000000, Transfer 1200.000000 to Acc 8
User 4, Acc 2 Balance 2022.000000, Deposit 659.000000 
User 4, Acc 2 Balance 2681.000000, Transfer 1200.000000 to Acc 9
User 0, Acc 0 Balance 301.000000, Deposit 100.000000 
User 4, Acc 1 Balance 1954.000000, Deposit 661.000000 
User 0, Acc 0 Balance 408.000000, Withdraw 50.000000 
User 4, Acc 1 Balance 2615.000000, Transfer 1200.000000 to Acc 9
User 0, Acc 0 Balance 358.000000, Withdraw 150.000000 
User 4, Acc 0 Balance 358.000000, Deposit 673.000000 
User 0, Acc 0 Balance 208.000000, Deposit 300.000000 
User 4, Acc 1 Balance 1415.000000, Withdraw 50.000000 
User 0, Acc 0 Balance 1181.000000, Transfer 300.000000 to Acc 1
User 4, Acc 2 Balance 1481.000000, Withdraw 50.000000 
Balance in 1: 1665.000000
User 3, Acc 5 Balance 4548.000000, Transfer 1200.000000 to Acc 6
User 2, Acc 5 Balance 5191.000000, Transfer 1200.000000 to Acc 6
User 3, Acc 4 Balance 2412.000000, Deposit 647.000000 
User 2, Acc 4 Balance 2412.000000, Deposit 647.000000 
User 2, Acc 4 Balance 3706.000000, Transfer 1200.000000 to Acc 7
User 1, Acc 3 Balance 1598.000000, Deposit 29.000000 
User 2, Acc 3 Balance 1682.000000, Deposit 653.000000 
User 1, Acc 7 Balance 39898.000000, Deposit 9.000000 
User 1, Acc 9 Balance 5837.000000, Deposit 129.000000 
User 4, Acc 3 Balance 1682.000000, Withdraw 50.000000 
User 3, Acc 4 Balance 3059.000000, Transfer 1200.000000 to Acc 7
User 0, Acc 7 Balance 38698.000000, Deposit 9929.000000 
User 0, Acc 4 Balance 1306.000000, Deposit 937.000000 
User 1, Acc 3 Balance 2364.000000, Transfer 29.000000 to Acc 7
User 1, Acc 7 Balance 51065.000000, Transfer 31.000000 to Acc 6
User 1, Acc 7 Balance 51034.000000, Transfer 137.000000 to Acc 5
User 1, Acc 7 Balance 50897.000000, Transfer 3.000000 to Acc 4
User 1, Acc 7 Balance 50894.000000, Transfer 5.000000 to Acc 4
User 1, Acc 4 Balance 2251.000000, Withdraw 1167.000000 
User 1, Acc 5 Balance 2371.000000, Withdraw 1307.000000 
User 1, Acc 1 Balance 1665.000000, Transfer 89.000000 to Acc 8
User 1, Acc 1 Balance 1576.000000, Transfer 163.000000 to Acc 9
User 1, Acc 1 Balance 1413.000000, Withdraw 41.000000 
User 1, Acc 2 Balance 1431.000000, Withdraw 71.000000 
User 1, Acc 3 Balance 2285.000000, Withdraw 1127.000000 
User 1, Acc 6 Balance 5355.000000, Withdraw 647.000000 
User 1, Acc 6 Balance 4708.000000, Deposit 1953.000000 
User 1, Acc 7 Balance 50889.000000, Deposit 967.000000 
User 1, Acc 1 Balance 1372.000000, Transfer 19.000000 to Acc 7
User 1, Acc 2 Balance 1360.000000, Transfer 23.000000 to Acc 7
User 1, Acc 6 Balance 6661.000000, Transfer 1167.000000 to Acc 5
User 1, Acc 4 Balance 1084.000000, Transfer 53.000000 to Acc 5
User 1, Acc 7 Balance 51898.000000, Withdraw 1593.000000 
User 1, Acc 8 Balance 1757.000000, Withdraw 449.000000 
User 1, Acc 9 Balance 6129.000000, Withdraw 163.000000 
User 2, Acc 3 Balance 2364.000000, Transfer 1200.000000 to Acc 8
User 2, Acc 2 Balance 1337.000000, Deposit 659.000000 
User 2, Acc 2 Balance 1996.000000, Transfer 1200.000000 to Acc 9
User 2, Acc 1 Balance 1353.000000, Deposit 661.000000 
User 2, Acc 1 Balance 2014.000000, Transfer 1200.000000 to Acc 9
User 2, Acc 0 Balance 881.000000, Deposit 673.000000 
User 2, Acc 0 Balance 1554.000000, Transfer 1200.000000 to Acc 9
User 2, Acc 1 Balance 814.000000, Withdraw 50.000000 
User 2, Acc 2 Balance 796.000000, Withdraw 50.000000 
[22;32mUser 2, Acc 3 Balance -42.000000, 				Withdraw 50.000000 --insufficient funds[0m
User 2, Acc 4 Balance 1031.000000, Withdraw 50.000000 
User 2, Acc 5 Balance 2284.000000, Withdraw 50.000000 
User 2, Acc 6 Balance 5494.000000, Withdraw 50.000000 
User 2, Acc 7 Balance 50305.000000, Withdraw 50.000000 
User 2, Acc 8 Balance 2508.000000, Withdraw 50.000000 
User 2, Acc 9 Balance 9566.000000, Withdraw 50.000000 
User 2, Acc 0 Balance 354.000000, Withdraw 50.000000 
User 2, Acc 1 Balance 764.000000, Withdraw 500.000000 
User 0, Acc 5 Balance 2234.000000, Deposit 941.000000 
User 4, Acc 4 Balance 2506.000000, Withdraw 50.000000 
User 3, Acc 3 Balance 2314.000000, Deposit 653.000000 
User 4, Acc 5 Balance 3175.000000, Withdraw 50.000000 
User 2, Acc 2 Balance 746.000000, Withdraw 500.000000 
User 0, Acc 0 Balance 304.000000, Deposit 7.000000 
User 1, Acc 1 Balance 1353.000000, Withdraw 500.000000 
User 0, Acc 3 Balance 611.000000, Deposit 29.000000 
User 0, Acc 7 Balance 50255.000000, Deposit 9.000000 
User 4, Acc 6 Balance 5444.000000, Withdraw 50.000000 
User 0, Acc 9 Balance 9516.000000, Deposit 129.000000 
User 4, Acc 7 Balance 50264.000000, Withdraw 50.000000 
User 0, Acc 3 Balance 640.000000, Transfer 29.000000 to Acc 7
User 4, Acc 8 Balance 2458.000000, Withdraw 50.000000 
User 0, Acc 7 Balance 50243.000000, Transfer 31.000000 to Acc 6
User 4, Acc 9 Balance 9645.000000, Withdraw 50.000000 
[22;32mUser 1, Acc 2 Balance 246.000000, 				Withdraw 500.000000 --insufficient funds[0m
User 2, Acc 3 Balance 611.000000, Withdraw 500.000000 
User 3, Acc 2 Balance 746.000000, Deposit 659.000000 
User 0, Acc 7 Balance 50212.000000, Transfer 137.000000 to Acc 5
User 1, Acc 3 Balance 611.000000, Withdraw 500.000000 
User 1, Acc 4 Balance 931.000000, Withdraw 500.000000 
User 3, Acc 1 Balance -236.000000, Deposit 661.000000 
User 4, Acc 0 Balance 311.000000, Withdraw 50.000000 
User 0, Acc 7 Balance 50075.000000, Transfer 3.000000 to Acc 4
User 4, Acc 0 Balance 261.000000, Deposit 400.000000 
User 0, Acc 7 Balance 50072.000000, Transfer 5.000000 to Acc 4
User 1, Acc 5 Balance 3262.000000, Withdraw 500.000000 
[22;32mUser 0, Acc 4 Balance 439.000000, 				Withdraw 1167.000000 --insufficient funds[0m
User 4, Acc 0 Balance 661.000000, Withdraw 200.000000 
User 3, Acc 0 Balance 311.000000, Deposit 673.000000 
User 4, Acc 0 Balance 461.000000, Deposit 100.000000 
User 3, Acc 1 Balance 425.000000, Withdraw 50.000000 
User 2, Acc 4 Balance 931.000000, Withdraw 500.000000 
User 0, Acc 5 Balance 2762.000000, Withdraw 1307.000000 
User 4, Acc 0 Balance 1234.000000, Withdraw 50.000000 
User 0, Acc 1 Balance 375.000000, Transfer 89.000000 to Acc 8
User 4, Acc 0 Balance 1184.000000, Withdraw 150.000000 
User 0, Acc 1 Balance 286.000000, Transfer 163.000000 to Acc 9
User 4, Acc 0 Balance 1034.000000, Deposit 300.000000 
User 0, Acc 1 Balance 123.000000, Withdraw 41.000000 
User 4, Acc 0 Balance 1334.000000, Transfer 300.000000 to Acc 1
User 0, Acc 2 Balance 905.000000, Withdraw 71.000000 
User 3, Acc 2 Balance 905.000000, Withdraw 50.000000 
User 2, Acc 5 Balance 2762.000000, Withdraw 500.000000 
User 1, Acc 6 Balance 5425.000000, Withdraw 500.000000 
Balance in 1: 382.000000
[22;32mUser 0, Acc 3 Balance -389.000000, 				Withdraw 1127.000000 --insufficient funds[0m
User 4, Acc 9 Balance 9758.000000, Deposit 617.000000 
User 0, Acc 6 Balance 4925.000000, Withdraw 647.000000 
User 4, Acc 9 Balance 10375.000000, Transfer 617.000000 to Acc 1
User 0, Acc 6 Balance 4278.000000, Deposit 1953.000000 
User 4, Acc 8 Balance 2497.000000, Deposit 619.000000 
User 0, Acc 7 Balance 50067.000000, Deposit 967.000000 
User 4, Acc 8 Balance 3116.000000, Transfer 619.000000 to Acc 2
User 0, Acc 1 Balance 999.000000, Transfer 19.000000 to Acc 7
User 4, Acc 7 Balance 51034.000000, Deposit 631.000000 
User 0, Acc 2 Balance 1403.000000, Transfer 23.000000 to Acc 7
User 4, Acc 7 Balance 51684.000000, Transfer 631.000000 to Acc 3
User 0, Acc 6 Balance 6231.000000, Transfer 1167.000000 to Acc 5
User 0, Acc 7 Balance 51076.000000, Withdraw 1593.000000 
User 1, Acc 7 Balance 50067.000000, Withdraw 500.000000 
User 1, Acc 8 Balance 2497.000000, Withdraw 500.000000 
User 1, Acc 9 Balance 9758.000000, Withdraw 500.000000 
User 1, Acc 0 Balance 1034.000000, Withdraw 500.000000 
User 1, Acc 1 Balance 980.000000, Withdraw 500.000000 
User 1, Acc 2 Balance 1380.000000, Withdraw 500.000000 
[22;32mUser 1, Acc 3 Balance 242.000000, 				Withdraw 500.000000 --insufficient funds[0m
[22;32mUser 1, Acc 4 Balance -61.000000, 				Withdraw 500.000000 --insufficient funds[0m
User 1, Acc 5 Balance 2122.000000, Withdraw 500.000000 
User 1, Acc 6 Balance 5064.000000, Withdraw 500.000000 
User 1, Acc 7 Balance 48983.000000, Withdraw 500.000000 
User 1, Acc 8 Balance 1997.000000, Withdraw 500.000000 
User 1, Acc 9 Balance 9258.000000, Withdraw 500.000000 
User 1, Acc 0 Balance 534.000000, Withdraw 500.000000 
[22;32mUser 1, Acc 1 Balance 480.000000, 				Withdraw 500.000000 --insufficient funds[0m
User 1, Acc 2 Balance 880.000000, Withdraw 500.000000 
[22;32mUser 1, Acc 3 Balance 242.000000, 				Withdraw 500.000000 --insufficient funds[0m
[22;32mUser 1, Acc 4 Balance -61.000000, 				Withdraw 500.000000 --insufficient funds[0m
User 1, Acc 5 Balance 1622.000000, Withdraw 500.000000 
User 1, Acc 6 Balance 4564.000000, Withdraw 500.000000 
User 1, Acc 7 Balance 48483.000000, Withdraw 500.000000 
User 1, Acc 8 Balance 1497.000000, Withdraw 500.000000 
User 1, Acc 9 Balance 8758.000000, Withdraw 500.000000 
[22;32mUser 1, Acc 0 Balance 34.000000, 				Withdraw 500.000000 --insufficient funds[0m
[22;32mUser 1, Acc 1 Balance 480.000000, 				Withdraw 500.000000 --insufficient funds[0m
[22;32mUser 1, Acc 2 Balance 380.000000, 				Withdraw 500.000000 --insufficient funds[0m
[22;32mUser 1, Acc 3 Balance 242.000000, 				Withdraw 500.000000 --insufficient funds[0m
User 4, Acc 6 Balance 6231.000000, Deposit 641.000000 
[22;32mUser 1, Acc 4 Balance -61.000000, 				Withdraw 500.000000 --insufficient funds[0m
User 4, Acc 6 Balance 4705.000000, Transfer 641.000000 to Acc 4
[22;32mUser 3, Acc 3 Balance -389.000000, 				Withdraw 50.000000 --insufficient funds[0m
User 3, Acc 4 Balance 580.000000, Withdraw 50.000000 
User 1, Acc 5 Balance 1122.000000, Withdraw 500.000000 
User 3, Acc 5 Balance 1122.000000, Withdraw 50.000000 
User 1, Acc 6 Balance 4064.000000, Withdraw 500.000000 
User 1, Acc 7 Balance 47983.000000, Withdraw 500.000000 
User 3, Acc 6 Balance 3564.000000, Withdraw 50.000000 
User 1, Acc 8 Balance 997.000000, Withdraw 500.000000 
User 0, Acc 8 Balance 2497.000000, Withdraw 449.000000 
User 2, Acc 6 Balance 5425.000000, Withdraw 500.000000 
User 0, Acc 9 Balance 8258.000000, Withdraw 163.000000 
User 2, Acc 7 Balance 47483.000000, Withdraw 500.000000 
User 1, Acc 9 Balance 8258.000000, Withdraw 500.000000 
User 4, Acc 5 Balance 1122.000000, Deposit 643.000000 
User 0, Acc 0 Balance 34.000000, Deposit 400.000000 
[22;32mUser 2, Acc 8 Balance 48.000000, 				Withdraw 500.000000 --insufficient funds[0m
User 0, Acc 0 Balance 434.000000, Withdraw 200.000000 
[22;32mUser 1, Acc 0 Balance 34.000000, 				Withdraw 500.000000 --insufficient funds[0m
User 4, Acc 5 Balance 1215.000000, Transfer 1200.000000 to Acc 6
User 2, Acc 9 Balance 7595.000000, Withdraw 500.000000 
User 4, Acc 4 Balance 530.000000, Deposit 647.000000 
[22;32mUser 2, Acc 0 Balance 234.000000, 				Withdraw 500.000000 --insufficient funds[0m
User 0, Acc 0 Balance 234.000000, Deposit 100.000000 
[22;32mUser 1, Acc 1 Balance 480.000000, 				Withdraw 500.000000 --insufficient funds[0m
User 0, Acc 0 Balance 334.000000, Withdraw 50.000000 
User 4, Acc 3 Balance 242.000000, Deposit 653.000000 
User 3, Acc 7 Balance 47483.000000, Withdraw 50.000000 
User 4, Acc 2 Balance 380.000000, Deposit 659.000000 
[22;32mUser 1, Acc 2 Balance 380.000000, 				Withdraw 500.000000 --insufficient funds[0m
User 4, Acc 1 Balance 480.000000, Deposit 661.000000 
User 1, Acc 3 Balance 895.000000, Withdraw 500.000000 
[22;32mUser 3, Acc 8 Balance 48.000000, 				Withdraw 50.000000 --insufficient funds[0m
User 4, Acc 0 Balance 284.000000, Deposit 673.000000 
User 0, Acc 0 Balance 284.000000, Withdraw 150.000000 
User 3, Acc 9 Balance 7095.000000, Withdraw 50.000000 
User 0, Acc 0 Balance 807.000000, Deposit 300.000000 
User 3, Acc 0 Balance 807.000000, Withdraw 50.000000 
User 0, Acc 0 Balance 1107.000000, Transfer 300.000000 to Acc 1
User 3, Acc 0 Balance 1057.000000, Deposit 907.000000 
Balance in 1: 1441.000000
User 4, Acc 1 Balance 1141.000000, Withdraw 50.000000 
[22;32mUser 2, Acc 1 Balance 480.000000, 				Withdraw 500.000000 --insufficient funds[0m
User 4, Acc 2 Balance 1039.000000, Withdraw 50.000000 
User 1, Acc 4 Balance 1177.000000, Withdraw 500.000000 
User 4, Acc 3 Balance 395.000000, Withdraw 50.000000 
User 2, Acc 2 Balance 1039.000000, Withdraw 500.000000 
User 4, Acc 4 Balance 677.000000, Withdraw 50.000000 
[22;32mUser 2, Acc 3 Balance 345.000000, 				Withdraw 500.000000 --insufficient funds[0m
User 0, Acc 0 Balance 1664.000000, Deposit 907.000000 
[22;32mUser 1, Acc 5 Balance 15.000000, 				Withdraw 500.000000 --insufficient funds[0m
[22;32mUser 4, Acc 5 Balance 15.000000, 				Withdraw 50.000000 --insufficient funds[0m
User 4, Acc 6 Balance 4214.000000, Withdraw 50.000000 
User 4, Acc 7 Balance 46933.000000, Withdraw 50.000000 
[22;32mUser 4, Acc 8 Balance 48.000000, 				Withdraw 50.000000 --insufficient funds[0m
User 0, Acc 1 Balance 1391.000000, Deposit 911.000000 
User 0, Acc 2 Balance 489.000000, Deposit 919.000000 
User 0, Acc 3 Balance 345.000000, Transfer 29.000000 to Acc 7
User 0, Acc 7 Balance 46912.000000, Transfer 31.000000 to Acc 6
User 0, Acc 7 Balance 46881.000000, Transfer 37.000000 to Acc 5
User 0, Acc 7 Balance 46844.000000, Transfer 3.000000 to Acc 4
User 0, Acc 7 Balance 46841.000000, Transfer 5.000000 to Acc 4
User 0, Acc 3 Balance 316.000000, Deposit 929.000000 
User 4, Acc 9 Balance 7045.000000, Withdraw 50.000000 
User 0, Acc 4 Balance 635.000000, Deposit 937.000000 
User 4, Acc 0 Balance 2571.000000, Withdraw 50.000000 
User 0, Acc 5 Balance 52.000000, Deposit 941.000000 
User 4, Acc 1 Balance 2302.000000, Withdraw 500.000000 
User 0, Acc 4 Balance 1572.000000, Withdraw 167.000000 
User 4, Acc 2 Balance 1408.000000, Withdraw 500.000000 
User 0, Acc 5 Balance 993.000000, Withdraw 307.000000 
User 4, Acc 3 Balance 1245.000000, Withdraw 500.000000 
User 0, Acc 1 Balance 1802.000000, Transfer 89.000000 to Acc 8
User 4, Acc 4 Balance 1405.000000, Withdraw 500.000000 
User 1, Acc 6 Balance 4214.000000, Withdraw 500.000000 
User 2, Acc 4 Balance 627.000000, Withdraw 500.000000 
User 3, Acc 1 Balance 1441.000000, Deposit 911.000000 
User 0, Acc 1 Balance 1713.000000, Transfer 163.000000 to Acc 9
User 0, Acc 1 Balance 2461.000000, Withdraw 41.000000 
User 2, Acc 5 Balance 686.000000, Withdraw 500.000000 
User 0, Acc 2 Balance 908.000000, Withdraw 71.000000 
User 0, Acc 3 Balance 745.000000, Withdraw 127.000000 
User 4, Acc 5 Balance 686.000000, Withdraw 500.000000 
User 1, Acc 7 Balance 46836.000000, Withdraw 500.000000 
User 4, Acc 6 Balance 3695.000000, Withdraw 500.000000 
User 2, Acc 6 Balance 3695.000000, Withdraw 500.000000 
User 4, Acc 7 Balance 46336.000000, Withdraw 500.000000 
[22;32mUser 1, Acc 8 Balance 137.000000, 				Withdraw 500.000000 --insufficient funds[0m
[22;32mUser 4, Acc 8 Balance 137.000000, 				Withdraw 500.000000 --insufficient funds[0m
User 0, Acc 6 Balance 3695.000000, Withdraw 647.000000 
User 2, Acc 7 Balance 46336.000000, Withdraw 500.000000 
User 0, Acc 6 Balance 2048.000000, Deposit 953.000000 
[22;32mUser 2, Acc 8 Balance 137.000000, 				Withdraw 500.000000 --insufficient funds[0m
User 0, Acc 7 Balance 45336.000000, Deposit 967.000000 
User 3, Acc 2 Balance 908.000000, Deposit 919.000000 
User 0, Acc 1 Balance 2420.000000, Transfer 19.000000 to Acc 7
User 3, Acc 3 Balance 618.000000, Transfer 29.000000 to Acc 7
User 0, Acc 2 Balance 1756.000000, Transfer 23.000000 to Acc 7
User 4, Acc 9 Balance 7158.000000, Withdraw 500.000000 
User 0, Acc 6 Balance 3001.000000, Transfer 67.000000 to Acc 5
User 4, Acc 0 Balance 2521.000000, Withdraw 500.000000 
User 0, Acc 4 Balance 405.000000, Transfer 53.000000 to Acc 5
User 4, Acc 1 Balance 2401.000000, Withdraw 500.000000 
User 0, Acc 7 Balance 46374.000000, Withdraw 593.000000 
User 4, Acc 2 Balance 1733.000000, Withdraw 500.000000 
[22;32mUser 0, Acc 8 Balance 137.000000, 				Withdraw 449.000000 --insufficient funds[0m
User 4, Acc 3 Balance 589.000000, Withdraw 500.000000 
User 0, Acc 9 Balance 6658.000000, Withdraw 163.000000 
[22;32mUser 4, Acc 4 Balance 352.000000, 				Withdraw 500.000000 --insufficient funds[0m
User 0, Acc 0 Balance 2021.000000, Deposit 907.000000 
[22;32mUser 4, Acc 5 Balance -194.000000, 				Withdraw 500.000000 --insufficient funds[0m
User 0, Acc 1 Balance 1901.000000, Deposit 911.000000 
User 4, Acc 6 Balance 2934.000000, Withdraw 500.000000 
User 0, Acc 2 Balance 1233.000000, Deposit 919.000000 
User 4, Acc 7 Balance 45781.000000, Withdraw 500.000000 
User 0, Acc 3 Balance 89.000000, Transfer 29.000000 to Acc 7
[22;32mUser 4, Acc 8 Balance 137.000000, 				Withdraw 500.000000 --insufficient funds[0m
User 0, Acc 7 Balance 45310.000000, Transfer 31.000000 to Acc 6
User 4, Acc 9 Balance 6495.000000, Withdraw 500.000000 
User 0, Acc 7 Balance 45279.000000, Transfer 37.000000 to Acc 5
User 1, Acc 9 Balance 7158.000000, Withdraw 500.000000 
User 2, Acc 9 Balance 7158.000000, Withdraw 500.000000 
User 2, Acc 0 Balance 2928.000000, Withdraw 500.000000 
User 0, Acc 7 Balance 45242.000000, Transfer 3.000000 to Acc 4
User 4, Acc 0 Balance 2928.000000, Withdraw 500.000000 
User 1, Acc 0 Balance 2928.000000, Withdraw 500.000000 
User 4, Acc 1 Balance 2812.000000, Withdraw 500.000000 
User 1, Acc 1 Balance 2812.000000, Withdraw 500.000000 
User 1, Acc 2 Balance 2152.000000, Withdraw 500.000000 
[22;32mUser 1, Acc 3 Balance 60.000000, 				Withdraw 500.000000 --insufficient funds[0m
[22;32mUser 1, Acc 4 Balance 355.000000, 				Withdraw 500.000000 --insufficient funds[0m
[22;32mUser 1, Acc 5 Balance -157.000000, 				Withdraw 500.000000 --insufficient funds[0m
User 1, Acc 6 Balance 2465.000000, Withdraw 500.000000 
User 1, Acc 7 Balance 45239.000000, Withdraw 500.000000 
[22;32mUser 1, Acc 8 Balance 137.000000, 				Withdraw 500.000000 --insufficient funds[0m
User 1, Acc 9 Balance 4995.000000, Withdraw 500.000000 
User 1, Acc 0 Balance 1428.000000, Withdraw 500.000000 
User 1, Acc 0 Balance 928.000000, Deposit 907.000000 
User 1, Acc 1 Balance 1812.000000, Deposit 911.000000 
User 1, Acc 2 Balance 1652.000000, Deposit 919.000000 
User 1, Acc 3 Balance 60.000000, Transfer 29.000000 to Acc 7
User 1, Acc 7 Balance 44768.000000, Transfer 31.000000 to Acc 6
User 3, Acc 7 Balance 46351.000000, Transfer 31.000000 to Acc 6
User 2, Acc 1 Balance 2812.000000, Withdraw 500.000000 
User 4, Acc 2 Balance 2152.000000, Withdraw 500.000000 
[22;32mUser 4, Acc 3 Balance 31.000000, 				Withdraw 500.000000 --insufficient funds[0m
User 1, Acc 7 Balance 44737.000000, Transfer 37.000000 to Acc 5
[22;32mUser 4, Acc 4 Balance 355.000000, 				Withdraw 500.000000 --insufficient funds[0m
[22;32mUser 4, Acc 5 Balance -157.000000, 				Withdraw 500.000000 --insufficient funds[0m
User 1, Acc 7 Balance 44669.000000, Transfer 3.000000 to Acc 4
User 2, Acc 2 Balance 2071.000000, Withdraw 500.000000 
User 1, Acc 7 Balance 44666.000000, Transfer 5.000000 to Acc 4
[22;32mUser 2, Acc 3 Balance 31.000000, 				Withdraw 500.000000 --insufficient funds[0m
User 4, Acc 6 Balance 2027.000000, Withdraw 500.000000 
User 0, Acc 7 Balance 45239.000000, Transfer 5.000000 to Acc 4
User 4, Acc 7 Balance 44661.000000, Withdraw 500.000000 
User 0, Acc 3 Balance 31.000000, Deposit 929.000000 
User 1, Acc 3 Balance 31.000000, Deposit 929.000000 
[22;32mUser 4, Acc 8 Balance 137.000000, 				Withdraw 500.000000 --insufficient funds[0m
User 0, Acc 4 Balance 368.000000, Deposit 937.000000 
User 4, Acc 9 Balance 4495.000000, Withdraw 500.000000 
[22;32mUser 2, Acc 4 Balance 363.000000, 				Withdraw 500.000000 --insufficient funds[0m
[22;32mUser 2, Acc 5 Balance -120.000000, 				Withdraw 500.000000 --insufficient funds[0m
User 2, Acc 6 Balance 1527.000000, Withdraw 500.000000 
User 2, Acc 7 Balance 44156.000000, Withdraw 500.000000 
[22;32mUser 2, Acc 8 Balance 137.000000, 				Withdraw 500.000000 --insufficient funds[0m
User 4, Acc 0 Balance 1835.000000, Withdraw 500.000000 
User 2, Acc 9 Balance 3995.000000, Withdraw 500.000000 
User 3, Acc 7 Balance 44706.000000, Transfer 37.000000 to Acc 5
User 3, Acc 7 Balance 43619.000000, Transfer 3.000000 to Acc 4
User 3, Acc 7 Balance 43616.000000, Transfer 5.000000 to Acc 4
User 3, Acc 3 Balance 1889.000000, Deposit 929.000000 
User 3, Acc 4 Balance 1313.000000, Deposit 937.000000 
User 3, Acc 5 Balance -83.000000, Deposit 941.000000 
User 3, Acc 4 Balance 2250.000000, Withdraw 167.000000 
User 3, Acc 5 Balance 858.000000, Withdraw 307.000000 
User 3, Acc 1 Balance 2223.000000, Transfer 89.000000 to Acc 8
User 3, Acc 1 Balance 2134.000000, Transfer 163.000000 to Acc 9
User 3, Acc 1 Balance 1971.000000, Withdraw 41.000000 
User 3, Acc 2 Balance 1571.000000, Withdraw 71.000000 
User 3, Acc 3 Balance 2818.000000, Withdraw 127.000000 
User 3, Acc 6 Balance 1027.000000, Withdraw 647.000000 
User 3, Acc 6 Balance 380.000000, Deposit 953.000000 
User 3, Acc 7 Balance 43611.000000, Deposit 967.000000 
User 0, Acc 5 Balance -120.000000, Deposit 941.000000 
User 1, Acc 4 Balance 368.000000, Deposit 937.000000 
User 0, Acc 4 Balance 2083.000000, Withdraw 167.000000 
User 1, Acc 5 Balance 1492.000000, Deposit 941.000000 
User 1, Acc 4 Balance 3020.000000, Withdraw 167.000000 
User 0, Acc 5 Balance 2433.000000, Withdraw 307.000000 
User 3, Acc 1 Balance 1930.000000, Transfer 19.000000 to Acc 7
User 2, Acc 0 Balance 1335.000000, Withdraw 500.000000 
User 3, Acc 2 Balance 1500.000000, Transfer 23.000000 to Acc 7
User 3, Acc 6 Balance 1333.000000, Transfer 67.000000 to Acc 5
User 3, Acc 4 Balance 2686.000000, Transfer 53.000000 to Acc 5
User 3, Acc 7 Balance 44620.000000, Withdraw 593.000000 
[22;32mUser 3, Acc 8 Balance 226.000000, 				Withdraw 449.000000 --insufficient funds[0m
User 3, Acc 9 Balance 3658.000000, Withdraw 163.000000 
User 0, Acc 1 Balance 1930.000000, Transfer 89.000000 to Acc 8
User 1, Acc 5 Balance 2433.000000, Withdraw 307.000000 
User 1, Acc 1 Balance 1822.000000, Transfer 89.000000 to Acc 8
User 1, Acc 1 Balance 1733.000000, Transfer 163.000000 to Acc 9
User 1, Acc 1 Balance 1570.000000, Withdraw 41.000000 
User 1, Acc 2 Balance 1477.000000, Withdraw 71.000000 
User 1, Acc 3 Balance 2691.000000, Withdraw 127.000000 
User 1, Acc 6 Balance 1266.000000, Withdraw 647.000000 
User 1, Acc 6 Balance 619.000000, Deposit 953.000000 
User 1, Acc 7 Balance 44027.000000, Deposit 967.000000 
User 1, Acc 1 Balance 1529.000000, Transfer 19.000000 to Acc 7
User 0, Acc 1 Balance 1822.000000, Transfer 163.000000 to Acc 9
User 0, Acc 1 Balance 1347.000000, Withdraw 41.000000 
User 0, Acc 2 Balance 1406.000000, Withdraw 71.000000 
User 0, Acc 3 Balance 2564.000000, Withdraw 127.000000 
User 0, Acc 6 Balance 1572.000000, Withdraw 647.000000 
User 0, Acc 6 Balance 925.000000, Deposit 953.000000 
User 0, Acc 7 Balance 45013.000000, Deposit 967.000000 
User 0, Acc 1 Balance 1306.000000, Transfer 19.000000 to Acc 7
User 0, Acc 2 Balance 1335.000000, Transfer 23.000000 to Acc 7
User 1, Acc 2 Balance 1406.000000, Transfer 23.000000 to Acc 7
User 1, Acc 6 Balance 1878.000000, Transfer 67.000000 to Acc 5
User 1, Acc 4 Balance 2633.000000, Transfer 53.000000 to Acc 5
User 0, Acc 6 Balance 1878.000000, Transfer 67.000000 to Acc 5
User 0, Acc 4 Balance 2580.000000, Transfer 53.000000 to Acc 5
User 0, Acc 7 Balance 46045.000000, Withdraw 593.000000 
User 1, Acc 7 Balance 46045.000000, Withdraw 593.000000 
[22;32mUser 1, Acc 8 Balance 404.000000, 				Withdraw 449.000000 --insufficient funds[0m
User 1, Acc 9 Balance 3821.000000, Withdraw 163.000000 
[22;32mUser 0, Acc 8 Balance 404.000000, 				Withdraw 449.000000 --insufficient funds[0m
User 0, Acc 9 Balance 3658.000000, Withdraw 163.000000 
  ***     End of transaction batch    ***  
Account 0 balance after completion of transaction batch: 835.000000
Account 1 balance after completion of transaction batch: 1287.000000
Account 2 balance after completion of transaction batch: 1289.000000
Account 3 balance after completion of transaction batch: 2437.000000
Account 4 balance after completion of transaction batch: 2527.000000
Account 5 balance after completion of transaction batch: 2179.000000
Account 6 balance after completion of transaction batch: 1744.000000
Account 7 balance after completion of transaction batch: 44859.000000
Account 8 balance after completion of transaction batch: 404.000000
Account 9 balance after completion of transaction batch: 3495.000000
