# Output generated by:
# ./my_executable 5 data/transactions6.txt data/transactions3.txt data/transactions4.txt data/transactions5.txt data/transactions1.txt

********************************************
   Reading and parsing a transaction file   
********************************************
Parsed transaction: deposit 0 7.000000 
Loaded deposit transaction
Parsed transaction: deposit 1 11.000000 
Loaded deposit transaction
Parsed transaction: deposit 2 9.000000 
Loaded deposit transaction
Parsed transaction: transfer 3 7 29.000000 
Loaded transfer transaction
Parsed transaction: transfer 7 6 31.000000 
Loaded transfer transaction
Parsed transaction: transfer 7 5 137.000000 
Loaded transfer transaction
Parsed transaction: transfer 7 4 3.000000 
Loaded transfer transaction
Parsed transaction: transfer 7 4 5.000000 
Loaded transfer transaction
Parsed transaction: deposit 3 929.000000 
Loaded deposit transaction
Parsed transaction: deposit 4 937.000000 
Loaded deposit transaction
Parsed transaction: deposit 5 941.000000 
Loaded deposit transaction
Parsed transaction: withdraw 4 1167.000000 
Loaded withdrawal transaction
Parsed transaction: withdraw 5 1307.000000 
Loaded withdrawal transaction
Parsed transaction: transfer 1 8 89.000000 
Loaded transfer transaction
Parsed transaction: transfer 1 9 163.000000 
Loaded transfer transaction
Parsed transaction: withdraw 1 41.000000 
Loaded withdrawal transaction
Parsed transaction: withdraw 2 71.000000 
Loaded withdrawal transaction
Parsed transaction: withdraw 3 1127.000000 
Loaded withdrawal transaction
Parsed transaction: withdraw 6 647.000000 
Loaded withdrawal transaction
Parsed transaction: deposit 6 953.000000 
Loaded deposit transaction
Parsed transaction: deposit 7 967.000000 
Loaded deposit transaction
Parsed transaction: transfer 1 7 19.000000 
Loaded transfer transaction
Parsed transaction: transfer 2 7 23.000000 
Loaded transfer transaction
Parsed transaction: transfer 6 5 1167.000000 
Loaded transfer transaction
Parsed transaction: transfer 4 5 53.000000 
Loaded transfer transaction
Parsed transaction: withdraw 7 1593.000000 
Loaded withdrawal transaction
Parsed transaction: withdraw 8 449.000000 
Loaded withdrawal transaction
Parsed transaction: withdraw 9 163.000000 
Loaded withdrawal transaction
********************************************
********************************************
   Reading and parsing a transaction file   
********************************************
Parsed transaction: deposit 0 400.000000 
Loaded deposit transaction
Parsed transaction: withdraw 0 200.000000 
Loaded withdrawal transaction
Parsed transaction: deposit 1 100.000000 
Loaded deposit transaction
Parsed transaction: deposit 2 900.000000 
Loaded deposit transaction
Parsed transaction: withdraw 1 50.000000 
Loaded withdrawal transaction
Parsed transaction: withdraw 2 150.000000 
Loaded withdrawal transaction
Parsed transaction: deposit 3 500.000000 
Loaded deposit transaction
Parsed transaction: transfer 2 1 300.000000 
Loaded transfer transaction
Parsed transaction: transfer 3 1 300.000000 
Loaded transfer transaction
Parsed transaction: deposit 0 400.000000 
Loaded deposit transaction
Parsed transaction: withdraw 3 200.000000 
Loaded withdrawal transaction
Parsed transaction: balance 1 
Loaded balance transaction
********************************************
********************************************
   Reading and parsing a transaction file   
********************************************
Parsed transaction: deposit 0 907.000000 
Loaded deposit transaction
Parsed transaction: deposit 1 911.000000 
Loaded deposit transaction
Parsed transaction: deposit 2 919.000000 
Loaded deposit transaction
Parsed transaction: deposit 3 929.000000 
Loaded deposit transaction
Parsed transaction: deposit 4 937.000000 
Loaded deposit transaction
Parsed transaction: deposit 5 941.000000 
Loaded deposit transaction
Parsed transaction: deposit 6 953.000000 
Loaded deposit transaction
Parsed transaction: deposit 7 967.000000 
Loaded deposit transaction
Parsed transaction: transfer 1 7 19.000000 
Loaded transfer transaction
Parsed transaction: transfer 2 7 23.000000 
Loaded transfer transaction
Parsed transaction: transfer 3 7 29.000000 
Loaded transfer transaction
Parsed transaction: transfer 7 6 31.000000 
Loaded transfer transaction
Parsed transaction: transfer 7 5 37.000000 
Loaded transfer transaction
Parsed transaction: transfer 7 4 3.000000 
Loaded transfer transaction
Parsed transaction: transfer 7 4 5.000000 
Loaded transfer transaction
Parsed transaction: transfer 6 5 67.000000 
Loaded transfer transaction
Parsed transaction: transfer 4 5 53.000000 
Loaded transfer transaction
Parsed transaction: transfer 1 8 89.000000 
Loaded transfer transaction
Parsed transaction: transfer 1 9 163.000000 
Loaded transfer transaction
Parsed transaction: withdraw 1 41.000000 
Loaded withdrawal transaction
Parsed transaction: withdraw 2 71.000000 
Loaded withdrawal transaction
Parsed transaction: withdraw 3 127.000000 
Loaded withdrawal transaction
Parsed transaction: withdraw 4 167.000000 
Loaded withdrawal transaction
Parsed transaction: withdraw 5 307.000000 
Loaded withdrawal transaction
Parsed transaction: withdraw 6 647.000000 
Loaded withdrawal transaction
Parsed transaction: withdraw 7 593.000000 
Loaded withdrawal transaction
Parsed transaction: withdraw 8 449.000000 
Loaded withdrawal transaction
Parsed transaction: withdraw 9 163.000000 
Loaded withdrawal transaction
********************************************
********************************************
   Reading and parsing a transaction file   
********************************************
Parsed transaction: deposit 0 907.000000 
Loaded deposit transaction
Parsed transaction: deposit 1 911.000000 
Loaded deposit transaction
Parsed transaction: deposit 2 919.000000 
Loaded deposit transaction
Parsed transaction: transfer 3 7 29.000000 
Loaded transfer transaction
Parsed transaction: transfer 7 6 31.000000 
Loaded transfer transaction
Parsed transaction: transfer 7 5 37.000000 
Loaded transfer transaction
Parsed transaction: transfer 7 4 3.000000 
Loaded transfer transaction
Parsed transaction: transfer 7 4 5.000000 
Loaded transfer transaction
Parsed transaction: deposit 3 929.000000 
Loaded deposit transaction
Parsed transaction: deposit 4 937.000000 
Loaded deposit transaction
Parsed transaction: deposit 5 941.000000 
Loaded deposit transaction
Parsed transaction: withdraw 4 167.000000 
Loaded withdrawal transaction
Parsed transaction: withdraw 5 307.000000 
Loaded withdrawal transaction
Parsed transaction: transfer 1 8 89.000000 
Loaded transfer transaction
Parsed transaction: transfer 1 9 163.000000 
Loaded transfer transaction
Parsed transaction: withdraw 1 41.000000 
Loaded withdrawal transaction
Parsed transaction: withdraw 2 71.000000 
Loaded withdrawal transaction
Parsed transaction: withdraw 3 127.000000 
Loaded withdrawal transaction
Parsed transaction: withdraw 6 647.000000 
Loaded withdrawal transaction
Parsed transaction: deposit 6 953.000000 
Loaded deposit transaction
Parsed transaction: deposit 7 967.000000 
Loaded deposit transaction
Parsed transaction: transfer 1 7 19.000000 
Loaded transfer transaction
Parsed transaction: transfer 2 7 23.000000 
Loaded transfer transaction
Parsed transaction: transfer 6 5 67.000000 
Loaded transfer transaction
Parsed transaction: transfer 4 5 53.000000 
Loaded transfer transaction
Parsed transaction: withdraw 7 593.000000 
Loaded withdrawal transaction
Parsed transaction: withdraw 8 449.000000 
Loaded withdrawal transaction
Parsed transaction: withdraw 9 163.000000 
Loaded withdrawal transaction
********************************************
********************************************
   Reading and parsing a transaction file   
********************************************
Parsed transaction: deposit 0 100.000000 
Loaded deposit transaction
Parsed transaction: deposit 0 200.000000 
Loaded deposit transaction
Parsed transaction: deposit 0 300.000000 
Loaded deposit transaction
Parsed transaction: withdraw 0 200.000000 
Loaded withdrawal transaction
Parsed transaction: withdraw 0 100.000000 
Loaded withdrawal transaction
Parsed transaction: withdraw 0 50.000000 
Loaded withdrawal transaction
Parsed transaction: transfer 1 0 200.000000 
Loaded transfer transaction
Parsed transaction: balance 0 
Loaded balance transaction
********************************************
  ***    Start of transaction batch    ***  
User 0, Acc 0 Balance 0.000000, Deposit 7.000000 
User 0, Acc 1 Balance 0.000000, Deposit 11.000000 
User 0, Acc 2 Balance 0.000000, Deposit 9.000000 
User 0, Acc 3 Balance 0.000000, Deposit 929.000000 
User 0, Acc 4 Balance 0.000000, Deposit 937.000000 
User 0, Acc 5 Balance 0.000000, Deposit 941.000000 
[22;32mUser 0, Acc 4 Balance 937.000000, 				Withdraw 1167.000000 --insufficient funds[0m
[22;32mUser 0, Acc 5 Balance 941.000000, 				Withdraw 1307.000000 --insufficient funds[0m
[22;32mUser 0, Acc 1 Balance 11.000000, 				Withdraw 41.000000 --insufficient funds[0m
[22;32mUser 0, Acc 2 Balance 9.000000, 				Withdraw 71.000000 --insufficient funds[0m
[22;32mUser 0, Acc 3 Balance 929.000000, 				Withdraw 1127.000000 --insufficient funds[0m
[22;32mUser 0, Acc 6 Balance 0.000000, 				Withdraw 647.000000 --insufficient funds[0m
User 0, Acc 6 Balance 0.000000, Deposit 953.000000 
User 0, Acc 7 Balance 0.000000, Deposit 967.000000 
User 0, Acc 4 Balance 937.000000, Transfer 53.000000 to Acc 5
[22;32mUser 0, Acc 7 Balance 967.000000, 				Withdraw 1593.000000 --insufficient funds[0m
[22;32mUser 0, Acc 8 Balance 0.000000, 				Withdraw 449.000000 --insufficient funds[0m
[22;32mUser 0, Acc 9 Balance 0.000000, 				Withdraw 163.000000 --insufficient funds[0m
User 0, Acc 0 Balance 7.000000, Deposit 400.000000 
User 0, Acc 0 Balance 407.000000, Withdraw 200.000000 
User 0, Acc 1 Balance 11.000000, Deposit 100.000000 
User 0, Acc 2 Balance 9.000000, Deposit 900.000000 
User 0, Acc 1 Balance 111.000000, Withdraw 50.000000 
User 0, Acc 2 Balance 909.000000, Withdraw 150.000000 
User 0, Acc 3 Balance 929.000000, Deposit 500.000000 
User 0, Acc 2 Balance 759.000000, Transfer 300.000000 to Acc 1
User 0, Acc 3 Balance 1429.000000, Transfer 300.000000 to Acc 1
User 0, Acc 0 Balance 207.000000, Deposit 400.000000 
User 0, Acc 3 Balance 1129.000000, Withdraw 200.000000 
Balance in 1: 661.000000
User 0, Acc 0 Balance 607.000000, Deposit 907.000000 
User 0, Acc 1 Balance 661.000000, Deposit 911.000000 
User 0, Acc 2 Balance 459.000000, Deposit 919.000000 
User 0, Acc 3 Balance 929.000000, Transfer 29.000000 to Acc 7
User 0, Acc 7 Balance 996.000000, Transfer 31.000000 to Acc 6
User 0, Acc 7 Balance 965.000000, Transfer 37.000000 to Acc 5
User 0, Acc 7 Balance 928.000000, Transfer 3.000000 to Acc 4
User 0, Acc 7 Balance 925.000000, Transfer 5.000000 to Acc 4
User 2, Acc 0 Balance 207.000000, Deposit 907.000000 
User 3, Acc 0 Balance 1514.000000, Deposit 100.000000 
User 3, Acc 0 Balance 2521.000000, Deposit 200.000000 
User 3, Acc 0 Balance 2721.000000, Deposit 300.000000 
User 3, Acc 0 Balance 3021.000000, Withdraw 200.000000 
User 3, Acc 0 Balance 2821.000000, Withdraw 100.000000 
User 2, Acc 1 Balance 1572.000000, Deposit 911.000000 
User 0, Acc 3 Balance 900.000000, Deposit 929.000000 
User 3, Acc 0 Balance 2721.000000, Withdraw 50.000000 
User 3, Acc 1 Balance 2483.000000, Transfer 200.000000 to Acc 0
User 1, Acc 0 Balance 2671.000000, Deposit 7.000000 
User 0, Acc 4 Balance 892.000000, Deposit 937.000000 
User 1, Acc 1 Balance 2283.000000, Deposit 11.000000 
User 0, Acc 5 Balance 1031.000000, Deposit 941.000000 
Balance in 0: 2871.000000
User 3, Acc 0 Balance 2878.000000, Deposit 400.000000 
User 4, Acc 0 Balance 2878.000000, Deposit 907.000000 
User 4, Acc 1 Balance 2294.000000, Deposit 911.000000 
User 4, Acc 2 Balance 1378.000000, Deposit 919.000000 
User 0, Acc 4 Balance 1829.000000, Withdraw 167.000000 
User 0, Acc 5 Balance 1972.000000, Withdraw 307.000000 
User 0, Acc 1 Balance 3205.000000, Transfer 89.000000 to Acc 8
User 0, Acc 1 Balance 3116.000000, Transfer 163.000000 to Acc 9
User 0, Acc 1 Balance 2953.000000, Withdraw 41.000000 
User 0, Acc 2 Balance 2297.000000, Withdraw 71.000000 
User 1, Acc 2 Balance 1378.000000, Deposit 9.000000 
User 3, Acc 0 Balance 3278.000000, Withdraw 200.000000 
User 1, Acc 3 Balance 1829.000000, Transfer 29.000000 to Acc 7
User 3, Acc 1 Balance 2912.000000, Deposit 100.000000 
User 3, Acc 2 Balance 2235.000000, Deposit 900.000000 
User 2, Acc 2 Balance 1378.000000, Deposit 919.000000 
User 2, Acc 3 Balance 1800.000000, Deposit 929.000000 
User 4, Acc 3 Balance 1829.000000, Deposit 929.000000 
User 4, Acc 4 Balance 1662.000000, Deposit 937.000000 
User 4, Acc 5 Balance 1665.000000, Deposit 941.000000 
User 4, Acc 6 Balance 984.000000, Deposit 953.000000 
User 4, Acc 7 Balance 949.000000, Deposit 967.000000 
User 1, Acc 7 Balance 949.000000, Transfer 31.000000 to Acc 6
User 0, Acc 3 Balance 1829.000000, Withdraw 127.000000 
User 1, Acc 7 Balance 1885.000000, Transfer 137.000000 to Acc 5
User 0, Acc 6 Balance 1968.000000, Withdraw 647.000000 
User 1, Acc 7 Balance 1748.000000, Transfer 3.000000 to Acc 4
User 4, Acc 1 Balance 3012.000000, Transfer 19.000000 to Acc 7
User 2, Acc 4 Balance 1662.000000, Deposit 937.000000 
User 4, Acc 2 Balance 4054.000000, Transfer 23.000000 to Acc 7
User 2, Acc 5 Balance 2743.000000, Deposit 941.000000 
User 1, Acc 7 Balance 1745.000000, Transfer 5.000000 to Acc 4
User 3, Acc 1 Balance 3012.000000, Withdraw 50.000000 
User 0, Acc 6 Balance 1321.000000, Deposit 953.000000 
User 4, Acc 3 Balance 3531.000000, Transfer 29.000000 to Acc 7
User 0, Acc 7 Balance 1782.000000, Deposit 967.000000 
User 4, Acc 7 Balance 1811.000000, Transfer 31.000000 to Acc 6
User 0, Acc 1 Balance 2943.000000, Transfer 19.000000 to Acc 7
User 4, Acc 7 Balance 2747.000000, Transfer 37.000000 to Acc 5
User 0, Acc 2 Balance 4031.000000, Transfer 23.000000 to Acc 7
User 4, Acc 7 Balance 2729.000000, Transfer 3.000000 to Acc 4
User 0, Acc 6 Balance 2305.000000, Transfer 67.000000 to Acc 5
User 1, Acc 3 Balance 3531.000000, Deposit 929.000000 
User 0, Acc 4 Balance 3547.000000, Transfer 53.000000 to Acc 5
User 4, Acc 7 Balance 2749.000000, Transfer 5.000000 to Acc 4
User 3, Acc 2 Balance 4031.000000, Withdraw 150.000000 
User 4, Acc 6 Balance 2238.000000, Transfer 67.000000 to Acc 5
User 2, Acc 6 Balance 1321.000000, Deposit 953.000000 
User 4, Acc 4 Balance 3499.000000, Transfer 53.000000 to Acc 5
User 3, Acc 3 Balance 4431.000000, Deposit 500.000000 
User 4, Acc 1 Balance 2924.000000, Transfer 89.000000 to Acc 8
User 0, Acc 7 Balance 2749.000000, Withdraw 593.000000 
User 2, Acc 7 Balance 2744.000000, Deposit 967.000000 
[22;32mUser 0, Acc 8 Balance 178.000000, 				Withdraw 449.000000 --insufficient funds[0m
User 2, Acc 1 Balance 2835.000000, Transfer 19.000000 to Acc 7
User 0, Acc 9 Balance 163.000000, Withdraw 163.000000 
User 1, Acc 4 Balance 3547.000000, Deposit 937.000000 
User 0, Acc 0 Balance 3985.000000, Deposit 907.000000 
User 1, Acc 5 Balance 3961.000000, Deposit 941.000000 
User 0, Acc 1 Balance 2816.000000, Deposit 911.000000 
User 4, Acc 1 Balance 2835.000000, Transfer 163.000000 to Acc 9
User 0, Acc 2 Balance 3858.000000, Deposit 919.000000 
User 4, Acc 1 Balance 3564.000000, Withdraw 41.000000 
User 0, Acc 3 Balance 4931.000000, Transfer 29.000000 to Acc 7
User 4, Acc 2 Balance 4777.000000, Withdraw 71.000000 
User 0, Acc 7 Balance 3166.000000, Transfer 31.000000 to Acc 6
User 4, Acc 3 Balance 4902.000000, Withdraw 127.000000 
User 0, Acc 7 Balance 3135.000000, Transfer 37.000000 to Acc 5
User 4, Acc 4 Balance 4383.000000, Withdraw 167.000000 
User 0, Acc 7 Balance 3098.000000, Transfer 3.000000 to Acc 4
User 3, Acc 2 Balance 3858.000000, Transfer 300.000000 to Acc 1
User 2, Acc 2 Balance 3858.000000, Transfer 23.000000 to Acc 7
User 1, Acc 4 Balance 4383.000000, Withdraw 1167.000000 
User 4, Acc 5 Balance 4939.000000, Withdraw 307.000000 
User 0, Acc 7 Balance 3095.000000, Transfer 5.000000 to Acc 4
User 4, Acc 6 Balance 3155.000000, Withdraw 647.000000 
User 0, Acc 3 Balance 4775.000000, Deposit 929.000000 
User 4, Acc 7 Balance 3113.000000, Withdraw 593.000000 
User 0, Acc 4 Balance 3057.000000, Deposit 937.000000 
[22;32mUser 4, Acc 8 Balance 178.000000, 				Withdraw 449.000000 --insufficient funds[0m
User 0, Acc 5 Balance 4632.000000, Deposit 941.000000 
User 4, Acc 9 Balance 163.000000, Withdraw 163.000000 
User 0, Acc 4 Balance 3994.000000, Withdraw 167.000000 
User 0, Acc 5 Balance 5573.000000, Withdraw 307.000000 
User 0, Acc 1 Balance 3823.000000, Transfer 89.000000 to Acc 8
User 0, Acc 1 Balance 3734.000000, Transfer 163.000000 to Acc 9
User 0, Acc 1 Balance 3571.000000, Withdraw 41.000000 
User 0, Acc 2 Balance 4383.000000, Withdraw 71.000000 
User 0, Acc 3 Balance 5704.000000, Withdraw 127.000000 
User 0, Acc 6 Balance 2508.000000, Withdraw 647.000000 
User 0, Acc 6 Balance 1861.000000, Deposit 953.000000 
User 0, Acc 7 Balance 2520.000000, Deposit 967.000000 
User 0, Acc 1 Balance 3530.000000, Transfer 19.000000 to Acc 7
User 0, Acc 2 Balance 4312.000000, Transfer 23.000000 to Acc 7
User 0, Acc 6 Balance 2814.000000, Transfer 67.000000 to Acc 5
User 0, Acc 4 Balance 3827.000000, Transfer 53.000000 to Acc 5
User 0, Acc 7 Balance 3529.000000, Withdraw 593.000000 
[22;32mUser 0, Acc 8 Balance 267.000000, 				Withdraw 449.000000 --insufficient funds[0m
User 0, Acc 9 Balance 163.000000, Withdraw 163.000000 
User 0, Acc 0 Balance 4892.000000, Deposit 7.000000 
User 0, Acc 1 Balance 3511.000000, Deposit 11.000000 
User 0, Acc 2 Balance 4289.000000, Deposit 9.000000 
User 0, Acc 3 Balance 5577.000000, Transfer 29.000000 to Acc 7
User 0, Acc 7 Balance 2965.000000, Transfer 31.000000 to Acc 6
User 2, Acc 3 Balance 4775.000000, Transfer 29.000000 to Acc 7
User 1, Acc 5 Balance 4939.000000, Withdraw 1307.000000 
User 2, Acc 7 Balance 2963.000000, Transfer 31.000000 to Acc 6
User 4, Acc 0 Balance 4892.000000, Deposit 100.000000 
User 2, Acc 7 Balance 2932.000000, Transfer 37.000000 to Acc 5
User 2, Acc 7 Balance 2895.000000, Transfer 3.000000 to Acc 4
User 2, Acc 7 Balance 2892.000000, Transfer 5.000000 to Acc 4
User 1, Acc 1 Balance 3522.000000, Transfer 89.000000 to Acc 8
User 3, Acc 3 Balance 4775.000000, Transfer 300.000000 to Acc 1
User 0, Acc 7 Balance 2934.000000, Transfer 137.000000 to Acc 5
User 4, Acc 0 Balance 4999.000000, Deposit 200.000000 
User 0, Acc 7 Balance 2750.000000, Transfer 3.000000 to Acc 4
User 4, Acc 0 Balance 5199.000000, Deposit 300.000000 
User 0, Acc 7 Balance 2747.000000, Transfer 5.000000 to Acc 4
User 4, Acc 0 Balance 5499.000000, Withdraw 200.000000 
User 0, Acc 3 Balance 5219.000000, Deposit 929.000000 
User 1, Acc 1 Balance 3433.000000, Transfer 163.000000 to Acc 9
User 1, Acc 1 Balance 3570.000000, Withdraw 41.000000 
User 3, Acc 0 Balance 4999.000000, Deposit 400.000000 
User 1, Acc 2 Balance 4298.000000, Withdraw 71.000000 
User 1, Acc 3 Balance 6148.000000, Withdraw 1127.000000 
User 3, Acc 3 Balance 6148.000000, Withdraw 200.000000 
User 1, Acc 6 Balance 2809.000000, Withdraw 647.000000 
Balance in 1: 3529.000000
User 0, Acc 4 Balance 3790.000000, Deposit 937.000000 
User 0, Acc 5 Balance 4253.000000, Deposit 941.000000 
User 0, Acc 4 Balance 4727.000000, Withdraw 1167.000000 
User 4, Acc 0 Balance 5299.000000, Withdraw 100.000000 
User 0, Acc 5 Balance 5194.000000, Withdraw 1307.000000 
User 2, Acc 6 Balance 2809.000000, Transfer 67.000000 to Acc 5
User 0, Acc 1 Balance 3529.000000, Transfer 89.000000 to Acc 8
User 2, Acc 4 Balance 3560.000000, Transfer 53.000000 to Acc 5
User 2, Acc 1 Balance 3529.000000, Transfer 89.000000 to Acc 8
User 0, Acc 1 Balance 3440.000000, Transfer 163.000000 to Acc 9
User 1, Acc 6 Balance 2162.000000, Deposit 953.000000 
User 0, Acc 1 Balance 3188.000000, Withdraw 41.000000 
User 1, Acc 7 Balance 2742.000000, Deposit 967.000000 
User 1, Acc 1 Balance 3188.000000, Transfer 19.000000 to Acc 7
User 0, Acc 2 Balance 4227.000000, Withdraw 71.000000 
User 3, Acc 0 Balance 5699.000000, Deposit 400.000000 
User 0, Acc 3 Balance 4821.000000, Withdraw 1127.000000 
User 1, Acc 2 Balance 4227.000000, Transfer 23.000000 to Acc 7
User 1, Acc 6 Balance 3048.000000, Transfer 1167.000000 to Acc 5
User 3, Acc 0 Balance 5999.000000, Withdraw 200.000000 
User 1, Acc 4 Balance 3507.000000, Transfer 53.000000 to Acc 5
User 3, Acc 1 Balance 3128.000000, Deposit 100.000000 
User 4, Acc 0 Balance 5599.000000, Withdraw 50.000000 
User 0, Acc 6 Balance 3048.000000, Withdraw 647.000000 
User 4, Acc 1 Balance 3228.000000, Transfer 200.000000 to Acc 0
Balance in 0: 5949.000000
User 4, Acc 0 Balance 5949.000000, Deposit 907.000000 
User 4, Acc 1 Balance 3028.000000, Deposit 911.000000 
User 4, Acc 2 Balance 4133.000000, Deposit 919.000000 
User 4, Acc 3 Balance 3694.000000, Deposit 929.000000 
User 4, Acc 4 Balance 3454.000000, Deposit 937.000000 
User 4, Acc 5 Balance 5227.000000, Deposit 941.000000 
User 4, Acc 6 Balance 1234.000000, Deposit 953.000000 
User 4, Acc 7 Balance 3751.000000, Deposit 967.000000 
User 4, Acc 1 Balance 3939.000000, Transfer 19.000000 to Acc 7
User 4, Acc 2 Balance 5052.000000, Transfer 23.000000 to Acc 7
User 4, Acc 3 Balance 4623.000000, Transfer 29.000000 to Acc 7
User 4, Acc 7 Balance 4789.000000, Transfer 31.000000 to Acc 6
User 4, Acc 7 Balance 4758.000000, Transfer 37.000000 to Acc 5
User 4, Acc 7 Balance 4721.000000, Transfer 3.000000 to Acc 4
User 4, Acc 7 Balance 4718.000000, Transfer 5.000000 to Acc 4
User 4, Acc 6 Balance 2218.000000, Transfer 67.000000 to Acc 5
User 4, Acc 4 Balance 4399.000000, Transfer 53.000000 to Acc 5
User 0, Acc 6 Balance 1234.000000, Deposit 953.000000 
User 0, Acc 7 Balance 4713.000000, Deposit 967.000000 
User 0, Acc 1 Balance 3920.000000, Transfer 19.000000 to Acc 7
User 0, Acc 2 Balance 5029.000000, Transfer 23.000000 to Acc 7
User 0, Acc 6 Balance 3104.000000, Transfer 1167.000000 to Acc 5
User 0, Acc 4 Balance 4346.000000, Transfer 53.000000 to Acc 5
User 0, Acc 7 Balance 5722.000000, Withdraw 1593.000000 
User 4, Acc 1 Balance 3920.000000, Transfer 89.000000 to Acc 8
User 3, Acc 2 Balance 4133.000000, Deposit 900.000000 
User 4, Acc 1 Balance 3812.000000, Transfer 163.000000 to Acc 9
User 3, Acc 1 Balance 3812.000000, Withdraw 50.000000 
User 3, Acc 2 Balance 5906.000000, Withdraw 150.000000 
User 0, Acc 8 Balance 534.000000, Withdraw 449.000000 
User 2, Acc 1 Balance 3351.000000, Transfer 163.000000 to Acc 9
User 1, Acc 7 Balance 3751.000000, Withdraw 1593.000000 
User 2, Acc 1 Balance 3436.000000, Withdraw 41.000000 
User 4, Acc 1 Balance 3599.000000, Withdraw 41.000000 
User 3, Acc 3 Balance 4594.000000, Deposit 500.000000 
User 4, Acc 2 Balance 5756.000000, Withdraw 71.000000 
User 2, Acc 2 Balance 5756.000000, Withdraw 71.000000 
User 4, Acc 3 Balance 5094.000000, Withdraw 127.000000 
User 2, Acc 3 Balance 5094.000000, Withdraw 127.000000 
User 4, Acc 4 Balance 4293.000000, Withdraw 167.000000 
User 0, Acc 9 Balance 489.000000, Withdraw 163.000000 
User 4, Acc 5 Balance 7545.000000, Withdraw 307.000000 
User 0, Acc 0 Balance 6856.000000, Deposit 907.000000 
[22;32mUser 1, Acc 8 Balance 174.000000, 				Withdraw 449.000000 --insufficient funds[0m
User 0, Acc 1 Balance 3354.000000, Deposit 911.000000 
User 1, Acc 9 Balance 489.000000, Withdraw 163.000000 
User 0, Acc 2 Balance 5614.000000, Deposit 919.000000 
User 1, Acc 0 Balance 7763.000000, Deposit 7.000000 
User 1, Acc 1 Balance 4265.000000, Deposit 11.000000 
User 2, Acc 4 Balance 4293.000000, Withdraw 167.000000 
User 4, Acc 6 Balance 1937.000000, Withdraw 647.000000 
User 0, Acc 3 Balance 4840.000000, Transfer 29.000000 to Acc 7
User 4, Acc 7 Balance 2536.000000, Withdraw 593.000000 
User 0, Acc 7 Balance 2565.000000, Transfer 31.000000 to Acc 6
[22;32mUser 4, Acc 8 Balance 174.000000, 				Withdraw 449.000000 --insufficient funds[0m
User 0, Acc 7 Balance 1941.000000, Transfer 37.000000 to Acc 5
User 4, Acc 9 Balance 326.000000, Withdraw 163.000000 
User 0, Acc 7 Balance 1904.000000, Transfer 3.000000 to Acc 4
User 2, Acc 5 Balance 7238.000000, Withdraw 307.000000 
User 1, Acc 2 Balance 6533.000000, Deposit 9.000000 
User 3, Acc 2 Balance 5756.000000, Transfer 300.000000 to Acc 1
User 4, Acc 0 Balance 7770.000000, Deposit 400.000000 
User 2, Acc 6 Balance 1321.000000, Withdraw 647.000000 
User 4, Acc 0 Balance 8170.000000, Withdraw 200.000000 
User 3, Acc 3 Balance 4811.000000, Transfer 300.000000 to Acc 1
User 4, Acc 1 Balance 4576.000000, Deposit 100.000000 
User 0, Acc 7 Balance 1901.000000, Transfer 5.000000 to Acc 4
User 4, Acc 2 Balance 6242.000000, Deposit 900.000000 
User 0, Acc 3 Balance 4511.000000, Deposit 929.000000 
User 0, Acc 4 Balance 3967.000000, Deposit 937.000000 
User 1, Acc 3 Balance 4811.000000, Transfer 29.000000 to Acc 7
User 1, Acc 7 Balance 1925.000000, Transfer 31.000000 to Acc 6
User 1, Acc 7 Balance 1894.000000, Transfer 137.000000 to Acc 5
User 4, Acc 1 Balance 4976.000000, Withdraw 50.000000 
User 2, Acc 7 Balance 1901.000000, Withdraw 593.000000 
User 0, Acc 5 Balance 6968.000000, Deposit 941.000000 
User 1, Acc 7 Balance 1757.000000, Transfer 3.000000 to Acc 4
User 0, Acc 4 Balance 4904.000000, Withdraw 167.000000 
[22;32mUser 2, Acc 8 Balance 174.000000, 				Withdraw 449.000000 --insufficient funds[0m
User 1, Acc 7 Balance 1161.000000, Transfer 5.000000 to Acc 4
User 2, Acc 9 Balance 163.000000, Withdraw 163.000000 
User 1, Acc 3 Balance 5411.000000, Deposit 929.000000 
User 2, Acc 0 Balance 7970.000000, Deposit 907.000000 
User 2, Acc 1 Balance 4926.000000, Deposit 911.000000 
User 3, Acc 0 Balance 7970.000000, Deposit 400.000000 
User 3, Acc 3 Balance 6340.000000, Withdraw 200.000000 
Balance in 1: 5837.000000
User 4, Acc 2 Balance 7142.000000, Withdraw 150.000000 
User 4, Acc 3 Balance 6140.000000, Deposit 500.000000 
User 4, Acc 2 Balance 6992.000000, Transfer 300.000000 to Acc 1
User 4, Acc 3 Balance 6640.000000, Transfer 300.000000 to Acc 1
User 0, Acc 5 Balance 8046.000000, Withdraw 307.000000 
User 4, Acc 0 Balance 9277.000000, Deposit 400.000000 
User 0, Acc 1 Balance 6437.000000, Transfer 89.000000 to Acc 8
User 0, Acc 1 Balance 6348.000000, Transfer 163.000000 to Acc 9
User 0, Acc 1 Balance 6185.000000, Withdraw 41.000000 
User 1, Acc 4 Balance 4745.000000, Deposit 937.000000 
User 0, Acc 2 Balance 6692.000000, Withdraw 71.000000 
User 4, Acc 3 Balance 6340.000000, Withdraw 200.000000 
User 1, Acc 5 Balance 7739.000000, Deposit 941.000000 
Balance in 1: 6144.000000
User 0, Acc 3 Balance 6340.000000, Withdraw 127.000000 
User 4, Acc 0 Balance 9677.000000, Deposit 100.000000 
User 3, Acc 0 Balance 9277.000000, Deposit 907.000000 
User 3, Acc 1 Balance 6144.000000, Deposit 911.000000 
User 3, Acc 2 Balance 6621.000000, Deposit 919.000000 
User 3, Acc 3 Balance 6013.000000, Transfer 29.000000 to Acc 7
User 3, Acc 7 Balance 1185.000000, Transfer 31.000000 to Acc 6
User 3, Acc 7 Balance 1154.000000, Transfer 37.000000 to Acc 5
User 3, Acc 7 Balance 1117.000000, Transfer 3.000000 to Acc 4
User 3, Acc 7 Balance 1114.000000, Transfer 5.000000 to Acc 4
User 3, Acc 3 Balance 5984.000000, Deposit 929.000000 
User 3, Acc 4 Balance 5690.000000, Deposit 937.000000 
User 3, Acc 5 Balance 8717.000000, Deposit 941.000000 
User 3, Acc 4 Balance 6627.000000, Withdraw 167.000000 
User 3, Acc 5 Balance 9658.000000, Withdraw 307.000000 
User 3, Acc 1 Balance 7055.000000, Transfer 89.000000 to Acc 8
User 3, Acc 1 Balance 6966.000000, Transfer 163.000000 to Acc 9
User 3, Acc 1 Balance 6803.000000, Withdraw 41.000000 
User 3, Acc 2 Balance 7540.000000, Withdraw 71.000000 
User 3, Acc 3 Balance 6913.000000, Withdraw 127.000000 
User 3, Acc 6 Balance 736.000000, Withdraw 647.000000 
User 3, Acc 6 Balance 89.000000, Deposit 953.000000 
User 3, Acc 7 Balance 1109.000000, Deposit 967.000000 
User 3, Acc 1 Balance 6762.000000, Transfer 19.000000 to Acc 7
User 3, Acc 2 Balance 7469.000000, Transfer 23.000000 to Acc 7
User 3, Acc 6 Balance 1042.000000, Transfer 67.000000 to Acc 5
User 3, Acc 4 Balance 6460.000000, Transfer 53.000000 to Acc 5
User 3, Acc 7 Balance 2118.000000, Withdraw 593.000000 
[22;32mUser 3, Acc 8 Balance 352.000000, 				Withdraw 449.000000 --insufficient funds[0m
User 3, Acc 9 Balance 326.000000, Withdraw 163.000000 
User 3, Acc 0 Balance 10684.000000, Deposit 100.000000 
User 3, Acc 0 Balance 10784.000000, Deposit 200.000000 
User 3, Acc 0 Balance 10984.000000, Deposit 300.000000 
User 3, Acc 0 Balance 11284.000000, Withdraw 200.000000 
User 3, Acc 0 Balance 11084.000000, Withdraw 100.000000 
User 3, Acc 0 Balance 10984.000000, Withdraw 50.000000 
User 3, Acc 1 Balance 6743.000000, Transfer 200.000000 to Acc 0
Balance in 0: 11134.000000
User 3, Acc 0 Balance 11134.000000, Deposit 7.000000 
User 3, Acc 1 Balance 6543.000000, Deposit 11.000000 
User 1, Acc 4 Balance 5682.000000, Withdraw 1167.000000 
User 3, Acc 2 Balance 7446.000000, Deposit 9.000000 
User 1, Acc 5 Balance 9471.000000, Withdraw 1307.000000 
User 2, Acc 2 Balance 7142.000000, Deposit 919.000000 
User 4, Acc 0 Balance 9777.000000, Deposit 200.000000 
User 2, Acc 3 Balance 6786.000000, Deposit 929.000000 
User 0, Acc 6 Balance 705.000000, Withdraw 647.000000 
User 1, Acc 1 Balance 6554.000000, Transfer 89.000000 to Acc 8
User 3, Acc 3 Balance 6786.000000, Transfer 29.000000 to Acc 7
User 1, Acc 1 Balance 6465.000000, Transfer 163.000000 to Acc 9
User 2, Acc 4 Balance 5240.000000, Deposit 937.000000 
User 3, Acc 7 Balance 1554.000000, Transfer 31.000000 to Acc 6
User 0, Acc 6 Balance 328.000000, Deposit 953.000000 
User 2, Acc 5 Balance 8164.000000, Deposit 941.000000 
User 0, Acc 7 Balance 1523.000000, Deposit 967.000000 
User 0, Acc 1 Balance 6302.000000, Transfer 19.000000 to Acc 7
User 3, Acc 7 Balance 1523.000000, Transfer 137.000000 to Acc 5
User 3, Acc 7 Balance 2372.000000, Transfer 3.000000 to Acc 4
User 3, Acc 7 Balance 2369.000000, Transfer 5.000000 to Acc 4
User 3, Acc 3 Balance 7686.000000, Deposit 929.000000 
User 3, Acc 4 Balance 6185.000000, Deposit 937.000000 
User 3, Acc 5 Balance 9242.000000, Deposit 941.000000 
User 3, Acc 4 Balance 7122.000000, Withdraw 1167.000000 
User 3, Acc 5 Balance 10183.000000, Withdraw 1307.000000 
User 3, Acc 1 Balance 6283.000000, Transfer 89.000000 to Acc 8
User 3, Acc 1 Balance 6194.000000, Transfer 163.000000 to Acc 9
User 3, Acc 1 Balance 6031.000000, Withdraw 41.000000 
User 3, Acc 2 Balance 8374.000000, Withdraw 71.000000 
User 3, Acc 3 Balance 8615.000000, Withdraw 1127.000000 
User 3, Acc 6 Balance 1312.000000, Withdraw 647.000000 
User 3, Acc 6 Balance 665.000000, Deposit 953.000000 
User 3, Acc 7 Balance 2364.000000, Deposit 967.000000 
User 3, Acc 1 Balance 5990.000000, Transfer 19.000000 to Acc 7
User 3, Acc 2 Balance 8303.000000, Transfer 23.000000 to Acc 7
User 3, Acc 6 Balance 1618.000000, Transfer 1167.000000 to Acc 5
User 3, Acc 4 Balance 5955.000000, Transfer 53.000000 to Acc 5
User 3, Acc 7 Balance 3373.000000, Withdraw 1593.000000 
User 3, Acc 8 Balance 530.000000, Withdraw 449.000000 
User 3, Acc 9 Balance 489.000000, Withdraw 163.000000 
User 3, Acc 0 Balance 11341.000000, Deposit 400.000000 
User 2, Acc 6 Balance 1312.000000, Deposit 953.000000 
User 3, Acc 0 Balance 11741.000000, Withdraw 200.000000 
User 2, Acc 7 Balance 1780.000000, Deposit 967.000000 
User 2, Acc 1 Balance 5971.000000, Transfer 19.000000 to Acc 7
User 0, Acc 2 Balance 8374.000000, Transfer 23.000000 to Acc 7
User 4, Acc 0 Balance 11341.000000, Deposit 300.000000 
User 3, Acc 1 Balance 5971.000000, Deposit 100.000000 
User 4, Acc 0 Balance 11841.000000, Withdraw 200.000000 
User 3, Acc 2 Balance 8257.000000, Deposit 900.000000 
User 2, Acc 2 Balance 8280.000000, Transfer 23.000000 to Acc 7
User 0, Acc 6 Balance 1404.000000, Transfer 67.000000 to Acc 5
User 1, Acc 1 Balance 6302.000000, Withdraw 41.000000 
User 0, Acc 4 Balance 5902.000000, Transfer 53.000000 to Acc 5
User 0, Acc 7 Balance 2812.000000, Withdraw 593.000000 
User 4, Acc 0 Balance 11641.000000, Withdraw 100.000000 
User 2, Acc 3 Balance 7488.000000, Transfer 29.000000 to Acc 7
User 4, Acc 0 Balance 11541.000000, Withdraw 50.000000 
User 1, Acc 2 Balance 9134.000000, Withdraw 71.000000 
[22;32mUser 0, Acc 8 Balance 81.000000, 				Withdraw 449.000000 --insufficient funds[0m
User 2, Acc 7 Balance 2248.000000, Transfer 31.000000 to Acc 6
User 0, Acc 9 Balance 326.000000, Withdraw 163.000000 
User 3, Acc 1 Balance 6052.000000, Withdraw 50.000000 
User 4, Acc 1 Balance 6011.000000, Transfer 200.000000 to Acc 0
User 1, Acc 3 Balance 7459.000000, Withdraw 1127.000000 
Balance in 0: 11691.000000
User 4, Acc 0 Balance 11691.000000, Deposit 907.000000 
User 0, Acc 0 Balance 11491.000000, Deposit 907.000000 
User 3, Acc 2 Balance 9063.000000, Withdraw 150.000000 
User 0, Acc 1 Balance 5761.000000, Deposit 911.000000 
User 1, Acc 6 Balance 1368.000000, Withdraw 647.000000 
User 1, Acc 6 Balance 721.000000, Deposit 953.000000 
User 3, Acc 3 Balance 6332.000000, Deposit 500.000000 
User 1, Acc 7 Balance 2217.000000, Deposit 967.000000 
User 3, Acc 2 Balance 8913.000000, Transfer 300.000000 to Acc 1
User 0, Acc 2 Balance 8913.000000, Deposit 919.000000 
User 4, Acc 1 Balance 5761.000000, Deposit 911.000000 
User 0, Acc 3 Balance 6832.000000, Deposit 929.000000 
User 4, Acc 2 Balance 9532.000000, Deposit 919.000000 
User 0, Acc 4 Balance 5849.000000, Deposit 937.000000 
User 4, Acc 3 Balance 7761.000000, Transfer 29.000000 to Acc 7
User 0, Acc 5 Balance 10216.000000, Deposit 941.000000 
User 4, Acc 7 Balance 3213.000000, Transfer 31.000000 to Acc 6
User 0, Acc 6 Balance 1674.000000, Deposit 953.000000 
User 4, Acc 7 Balance 3182.000000, Transfer 37.000000 to Acc 5
User 0, Acc 7 Balance 3182.000000, Deposit 967.000000 
User 1, Acc 1 Balance 6972.000000, Transfer 19.000000 to Acc 7
User 2, Acc 7 Balance 2217.000000, Transfer 37.000000 to Acc 5
User 3, Acc 3 Balance 6832.000000, Transfer 300.000000 to Acc 1
User 4, Acc 7 Balance 3145.000000, Transfer 3.000000 to Acc 4
User 0, Acc 1 Balance 7883.000000, Transfer 19.000000 to Acc 7
User 4, Acc 7 Balance 4091.000000, Transfer 5.000000 to Acc 4
User 2, Acc 7 Balance 4094.000000, Transfer 3.000000 to Acc 4
User 3, Acc 0 Balance 13505.000000, Deposit 400.000000 
User 1, Acc 2 Balance 10451.000000, Transfer 23.000000 to Acc 7
User 0, Acc 2 Balance 10451.000000, Transfer 23.000000 to Acc 7
User 4, Acc 3 Balance 7432.000000, Deposit 929.000000 
User 0, Acc 3 Balance 7432.000000, Transfer 29.000000 to Acc 7
User 4, Acc 4 Balance 6797.000000, Deposit 937.000000 
User 0, Acc 7 Balance 4177.000000, Transfer 31.000000 to Acc 6
User 4, Acc 5 Balance 11231.000000, Deposit 941.000000 
User 0, Acc 7 Balance 4146.000000, Transfer 37.000000 to Acc 5
User 4, Acc 4 Balance 7734.000000, Withdraw 167.000000 
User 0, Acc 7 Balance 4109.000000, Transfer 3.000000 to Acc 4
User 3, Acc 3 Balance 7432.000000, Withdraw 200.000000 
User 1, Acc 6 Balance 2658.000000, Transfer 1167.000000 to Acc 5
User 2, Acc 7 Balance 4102.000000, Transfer 5.000000 to Acc 4
User 4, Acc 5 Balance 12209.000000, Withdraw 307.000000 
Balance in 1: 8145.000000
User 4, Acc 1 Balance 8145.000000, Transfer 89.000000 to Acc 8
User 2, Acc 6 Balance 1522.000000, Transfer 67.000000 to Acc 5
User 4, Acc 1 Balance 8056.000000, Transfer 163.000000 to Acc 9
User 3, Acc 0 Balance 13905.000000, Deposit 100.000000 
User 4, Acc 1 Balance 7893.000000, Withdraw 41.000000 
User 2, Acc 4 Balance 7575.000000, Transfer 53.000000 to Acc 5
User 4, Acc 2 Balance 10405.000000, Withdraw 71.000000 
User 3, Acc 0 Balance 14005.000000, Deposit 200.000000 
User 4, Acc 3 Balance 8132.000000, Withdraw 127.000000 
User 2, Acc 1 Balance 7852.000000, Transfer 89.000000 to Acc 8
User 4, Acc 6 Balance 1455.000000, Withdraw 647.000000 
User 0, Acc 7 Balance 4106.000000, Transfer 5.000000 to Acc 4
User 4, Acc 6 Balance 808.000000, Deposit 953.000000 
User 0, Acc 6 Balance 808.000000, Transfer 67.000000 to Acc 5
User 4, Acc 7 Balance 4096.000000, Deposit 967.000000 
User 4, Acc 1 Balance 7763.000000, Transfer 19.000000 to Acc 7
User 3, Acc 0 Balance 14205.000000, Deposit 300.000000 
User 4, Acc 2 Balance 10334.000000, Transfer 23.000000 to Acc 7
User 4, Acc 6 Balance 1694.000000, Transfer 67.000000 to Acc 5
User 0, Acc 4 Balance 7527.000000, Transfer 53.000000 to Acc 5
User 4, Acc 4 Balance 7527.000000, Transfer 53.000000 to Acc 5
User 0, Acc 1 Balance 7744.000000, Transfer 89.000000 to Acc 8
User 2, Acc 1 Balance 7763.000000, Transfer 163.000000 to Acc 9
User 4, Acc 7 Balance 5105.000000, Withdraw 593.000000 
[22;32mUser 4, Acc 8 Balance 348.000000, 				Withdraw 449.000000 --insufficient funds[0m
User 4, Acc 9 Balance 489.000000, Withdraw 163.000000 
User 3, Acc 0 Balance 14505.000000, Withdraw 200.000000 
User 3, Acc 0 Balance 14305.000000, Withdraw 100.000000 
User 3, Acc 0 Balance 14205.000000, Withdraw 50.000000 
User 3, Acc 1 Balance 7492.000000, Transfer 200.000000 to Acc 0
Balance in 0: 14355.000000
User 0, Acc 1 Balance 7655.000000, Transfer 163.000000 to Acc 9
User 0, Acc 1 Balance 7129.000000, Withdraw 41.000000 
User 0, Acc 2 Balance 10311.000000, Withdraw 71.000000 
User 0, Acc 3 Balance 8005.000000, Withdraw 127.000000 
User 0, Acc 4 Balance 7421.000000, Withdraw 167.000000 
User 0, Acc 5 Balance 13429.000000, Withdraw 307.000000 
User 0, Acc 6 Balance 1627.000000, Withdraw 647.000000 
User 0, Acc 7 Balance 4512.000000, Withdraw 593.000000 
[22;32mUser 0, Acc 8 Balance 348.000000, 				Withdraw 449.000000 --insufficient funds[0m
User 0, Acc 9 Balance 489.000000, Withdraw 163.000000 
User 2, Acc 1 Balance 7492.000000, Withdraw 41.000000 
User 2, Acc 2 Balance 10240.000000, Withdraw 71.000000 
User 2, Acc 3 Balance 7878.000000, Withdraw 127.000000 
User 2, Acc 4 Balance 7254.000000, Withdraw 167.000000 
User 2, Acc 5 Balance 13122.000000, Withdraw 307.000000 
User 2, Acc 6 Balance 980.000000, Withdraw 647.000000 
User 2, Acc 7 Balance 3919.000000, Withdraw 593.000000 
[22;32mUser 2, Acc 8 Balance 348.000000, 				Withdraw 449.000000 --insufficient funds[0m
User 2, Acc 9 Balance 326.000000, Withdraw 163.000000 
User 1, Acc 4 Balance 7570.000000, Transfer 53.000000 to Acc 5
User 1, Acc 7 Balance 3326.000000, Withdraw 1593.000000 
[22;32mUser 1, Acc 8 Balance 348.000000, 				Withdraw 449.000000 --insufficient funds[0m
User 1, Acc 9 Balance 163.000000, Withdraw 163.000000 
  ***     End of transaction batch    ***  
Account 0 balance after completion of transaction batch: 14355.000000
Account 1 balance after completion of transaction batch: 7047.000000
Account 2 balance after completion of transaction batch: 10169.000000
Account 3 balance after completion of transaction batch: 7751.000000
Account 4 balance after completion of transaction batch: 7034.000000
Account 5 balance after completion of transaction batch: 12868.000000
Account 6 balance after completion of transaction batch: 333.000000
Account 7 balance after completion of transaction batch: 1733.000000
Account 8 balance after completion of transaction batch: 348.000000
Account 9 balance after completion of transaction batch: 0.000000
