# Output generated by:
# ./my_executable 5 data/transactions7.txt data/transactions3.txt data/transactions2.txt data/transactions10.txt data/transactions5.txt

********************************************
   Reading and parsing a transaction file   
********************************************
Parsed transaction: deposit 7 9929.000000 
Loaded deposit transaction
Parsed transaction: deposit 4 937.000000 
Loaded deposit transaction
Parsed transaction: deposit 5 941.000000 
Loaded deposit transaction
Parsed transaction: deposit 0 7.000000 
Loaded deposit transaction
Parsed transaction: deposit 3 29.000000 
Loaded deposit transaction
Parsed transaction: deposit 7 9.000000 
Loaded deposit transaction
Parsed transaction: deposit 9 129.000000 
Loaded deposit transaction
Parsed transaction: transfer 3 7 29.000000 
Loaded transfer transaction
Parsed transaction: transfer 7 6 31.000000 
Loaded transfer transaction
Parsed transaction: transfer 7 5 137.000000 
Loaded transfer transaction
Parsed transaction: transfer 7 4 3.000000 
Loaded transfer transaction
Parsed transaction: transfer 7 4 5.000000 
Loaded transfer transaction
Parsed transaction: withdraw 4 1167.000000 
Loaded withdrawal transaction
Parsed transaction: withdraw 5 1307.000000 
Loaded withdrawal transaction
Parsed transaction: transfer 1 8 89.000000 
Loaded transfer transaction
Parsed transaction: transfer 1 9 163.000000 
Loaded transfer transaction
Parsed transaction: withdraw 1 41.000000 
Loaded withdrawal transaction
Parsed transaction: withdraw 2 71.000000 
Loaded withdrawal transaction
Parsed transaction: withdraw 3 1127.000000 
Loaded withdrawal transaction
Parsed transaction: withdraw 6 647.000000 
Loaded withdrawal transaction
Parsed transaction: deposit 6 1953.000000 
Loaded deposit transaction
Parsed transaction: deposit 7 967.000000 
Loaded deposit transaction
Parsed transaction: transfer 1 7 19.000000 
Loaded transfer transaction
Parsed transaction: transfer 2 7 23.000000 
Loaded transfer transaction
Parsed transaction: transfer 6 5 1167.000000 
Loaded transfer transaction
Parsed transaction: transfer 4 5 53.000000 
Loaded transfer transaction
Parsed transaction: withdraw 7 1593.000000 
Loaded withdrawal transaction
Parsed transaction: withdraw 8 449.000000 
Loaded withdrawal transaction
Parsed transaction: withdraw 9 163.000000 
Loaded withdrawal transaction
********************************************
********************************************
   Reading and parsing a transaction file   
********************************************
Parsed transaction: deposit 0 400.000000 
Loaded deposit transaction
Parsed transaction: withdraw 0 200.000000 
Loaded withdrawal transaction
Parsed transaction: deposit 1 100.000000 
Loaded deposit transaction
Parsed transaction: deposit 2 900.000000 
Loaded deposit transaction
Parsed transaction: withdraw 1 50.000000 
Loaded withdrawal transaction
Parsed transaction: withdraw 2 150.000000 
Loaded withdrawal transaction
Parsed transaction: deposit 3 500.000000 
Loaded deposit transaction
Parsed transaction: transfer 2 1 300.000000 
Loaded transfer transaction
Parsed transaction: transfer 3 1 300.000000 
Loaded transfer transaction
Parsed transaction: deposit 0 400.000000 
Loaded deposit transaction
Parsed transaction: withdraw 3 200.000000 
Loaded withdrawal transaction
Parsed transaction: balance 1 
Loaded balance transaction
********************************************
********************************************
   Reading and parsing a transaction file   
********************************************
Parsed transaction: deposit 0 400.000000 
Loaded deposit transaction
Parsed transaction: withdraw 0 200.000000 
Loaded withdrawal transaction
Parsed transaction: deposit 0 100.000000 
Loaded deposit transaction
Parsed transaction: withdraw 0 50.000000 
Loaded withdrawal transaction
Parsed transaction: withdraw 0 150.000000 
Loaded withdrawal transaction
Parsed transaction: deposit 0 300.000000 
Loaded deposit transaction
Parsed transaction: transfer 0 1 300.000000 
Loaded transfer transaction
Parsed transaction: balance 1 
Loaded balance transaction
********************************************
********************************************
   Reading and parsing a transaction file   
********************************************
Parsed transaction: withdraw 1 500.000000 
Loaded withdrawal transaction
Parsed transaction: withdraw 2 500.000000 
Loaded withdrawal transaction
Parsed transaction: withdraw 3 500.000000 
Loaded withdrawal transaction
Parsed transaction: withdraw 4 500.000000 
Loaded withdrawal transaction
Parsed transaction: withdraw 5 500.000000 
Loaded withdrawal transaction
Parsed transaction: withdraw 6 500.000000 
Loaded withdrawal transaction
Parsed transaction: withdraw 7 500.000000 
Loaded withdrawal transaction
Parsed transaction: withdraw 8 500.000000 
Loaded withdrawal transaction
Parsed transaction: withdraw 9 500.000000 
Loaded withdrawal transaction
Parsed transaction: withdraw 0 500.000000 
Loaded withdrawal transaction
Parsed transaction: withdraw 1 500.000000 
Loaded withdrawal transaction
Parsed transaction: withdraw 2 500.000000 
Loaded withdrawal transaction
Parsed transaction: withdraw 3 500.000000 
Loaded withdrawal transaction
Parsed transaction: withdraw 4 500.000000 
Loaded withdrawal transaction
Parsed transaction: withdraw 5 500.000000 
Loaded withdrawal transaction
Parsed transaction: withdraw 6 500.000000 
Loaded withdrawal transaction
Parsed transaction: withdraw 7 500.000000 
Loaded withdrawal transaction
Parsed transaction: withdraw 8 500.000000 
Loaded withdrawal transaction
Parsed transaction: withdraw 9 500.000000 
Loaded withdrawal transaction
Parsed transaction: withdraw 0 500.000000 
Loaded withdrawal transaction
Parsed transaction: withdraw 1 500.000000 
Loaded withdrawal transaction
Parsed transaction: withdraw 2 500.000000 
Loaded withdrawal transaction
Parsed transaction: withdraw 3 500.000000 
Loaded withdrawal transaction
Parsed transaction: withdraw 4 500.000000 
Loaded withdrawal transaction
Parsed transaction: withdraw 5 500.000000 
Loaded withdrawal transaction
Parsed transaction: withdraw 6 500.000000 
Loaded withdrawal transaction
Parsed transaction: withdraw 7 500.000000 
Loaded withdrawal transaction
Parsed transaction: withdraw 8 500.000000 
Loaded withdrawal transaction
Parsed transaction: withdraw 9 500.000000 
Loaded withdrawal transaction
Parsed transaction: withdraw 0 500.000000 
Loaded withdrawal transaction
********************************************
********************************************
   Reading and parsing a transaction file   
********************************************
Parsed transaction: deposit 0 907.000000 
Loaded deposit transaction
Parsed transaction: deposit 1 911.000000 
Loaded deposit transaction
Parsed transaction: deposit 2 919.000000 
Loaded deposit transaction
Parsed transaction: transfer 3 7 29.000000 
Loaded transfer transaction
Parsed transaction: transfer 7 6 31.000000 
Loaded transfer transaction
Parsed transaction: transfer 7 5 37.000000 
Loaded transfer transaction
Parsed transaction: transfer 7 4 3.000000 
Loaded transfer transaction
Parsed transaction: transfer 7 4 5.000000 
Loaded transfer transaction
Parsed transaction: deposit 3 929.000000 
Loaded deposit transaction
Parsed transaction: deposit 4 937.000000 
Loaded deposit transaction
Parsed transaction: deposit 5 941.000000 
Loaded deposit transaction
Parsed transaction: withdraw 4 167.000000 
Loaded withdrawal transaction
Parsed transaction: withdraw 5 307.000000 
Loaded withdrawal transaction
Parsed transaction: transfer 1 8 89.000000 
Loaded transfer transaction
Parsed transaction: transfer 1 9 163.000000 
Loaded transfer transaction
Parsed transaction: withdraw 1 41.000000 
Loaded withdrawal transaction
Parsed transaction: withdraw 2 71.000000 
Loaded withdrawal transaction
Parsed transaction: withdraw 3 127.000000 
Loaded withdrawal transaction
Parsed transaction: withdraw 6 647.000000 
Loaded withdrawal transaction
Parsed transaction: deposit 6 953.000000 
Loaded deposit transaction
Parsed transaction: deposit 7 967.000000 
Loaded deposit transaction
Parsed transaction: transfer 1 7 19.000000 
Loaded transfer transaction
Parsed transaction: transfer 2 7 23.000000 
Loaded transfer transaction
Parsed transaction: transfer 6 5 67.000000 
Loaded transfer transaction
Parsed transaction: transfer 4 5 53.000000 
Loaded transfer transaction
Parsed transaction: withdraw 7 593.000000 
Loaded withdrawal transaction
Parsed transaction: withdraw 8 449.000000 
Loaded withdrawal transaction
Parsed transaction: withdraw 9 163.000000 
Loaded withdrawal transaction
********************************************
  ***    Start of transaction batch    ***  
User 0, Acc 7 Balance 0.000000, Deposit 9929.000000 
User 0, Acc 4 Balance 0.000000, Deposit 937.000000 
User 0, Acc 5 Balance 0.000000, Deposit 941.000000 
User 0, Acc 0 Balance 0.000000, Deposit 7.000000 
User 0, Acc 3 Balance 0.000000, Deposit 29.000000 
User 0, Acc 7 Balance 9929.000000, Deposit 9.000000 
User 0, Acc 9 Balance 0.000000, Deposit 129.000000 
User 0, Acc 3 Balance 29.000000, Transfer 29.000000 to Acc 7
User 0, Acc 7 Balance 9967.000000, Transfer 31.000000 to Acc 6
User 0, Acc 7 Balance 9936.000000, Transfer 137.000000 to Acc 5
User 0, Acc 7 Balance 9799.000000, Transfer 3.000000 to Acc 4
User 0, Acc 7 Balance 9796.000000, Transfer 5.000000 to Acc 4
[22;32mUser 0, Acc 4 Balance 945.000000, 				Withdraw 1167.000000 --insufficient funds[0m
[22;32mUser 0, Acc 5 Balance 1078.000000, 				Withdraw 1307.000000 --insufficient funds[0m
[22;32mUser 0, Acc 1 Balance 0.000000, 				Withdraw 41.000000 --insufficient funds[0m
[22;32mUser 0, Acc 2 Balance 0.000000, 				Withdraw 71.000000 --insufficient funds[0m
[22;32mUser 0, Acc 3 Balance 0.000000, 				Withdraw 1127.000000 --insufficient funds[0m
[22;32mUser 0, Acc 6 Balance 31.000000, 				Withdraw 647.000000 --insufficient funds[0m
User 0, Acc 6 Balance 31.000000, Deposit 1953.000000 
User 0, Acc 7 Balance 9791.000000, Deposit 967.000000 
User 0, Acc 6 Balance 1984.000000, Transfer 1167.000000 to Acc 5
User 0, Acc 4 Balance 945.000000, Transfer 53.000000 to Acc 5
[22;32mUser 3, Acc 1 Balance 0.000000, 				Withdraw 500.000000 --insufficient funds[0m
User 2, Acc 0 Balance 7.000000, Deposit 400.000000 
[22;32mUser 3, Acc 2 Balance 0.000000, 				Withdraw 500.000000 --insufficient funds[0m
User 1, Acc 0 Balance 7.000000, Deposit 400.000000 
User 0, Acc 7 Balance 10758.000000, Withdraw 1593.000000 
User 2, Acc 0 Balance 407.000000, Withdraw 200.000000 
[22;32mUser 0, Acc 8 Balance 0.000000, 				Withdraw 449.000000 --insufficient funds[0m
[22;32mUser 0, Acc 9 Balance 129.000000, 				Withdraw 163.000000 --insufficient funds[0m
User 0, Acc 7 Balance 9165.000000, Deposit 9929.000000 
User 0, Acc 4 Balance 892.000000, Deposit 937.000000 
User 2, Acc 0 Balance 607.000000, Deposit 100.000000 
User 0, Acc 5 Balance 2298.000000, Deposit 941.000000 
[22;32mUser 3, Acc 3 Balance 0.000000, 				Withdraw 500.000000 --insufficient funds[0m
User 1, Acc 0 Balance 807.000000, Withdraw 200.000000 
User 3, Acc 4 Balance 1829.000000, Withdraw 500.000000 
User 1, Acc 1 Balance 0.000000, Deposit 100.000000 
User 1, Acc 2 Balance 0.000000, Deposit 900.000000 
User 3, Acc 5 Balance 3239.000000, Withdraw 500.000000 
User 4, Acc 0 Balance 7.000000, Deposit 907.000000 
User 0, Acc 0 Balance 707.000000, Deposit 7.000000 
User 4, Acc 1 Balance 100.000000, Deposit 911.000000 
User 0, Acc 3 Balance 0.000000, Deposit 29.000000 
User 4, Acc 2 Balance 900.000000, Deposit 919.000000 
User 3, Acc 6 Balance 817.000000, Withdraw 500.000000 
User 2, Acc 0 Balance 707.000000, Withdraw 50.000000 
User 3, Acc 7 Balance 19094.000000, Withdraw 500.000000 
User 2, Acc 0 Balance 1371.000000, Withdraw 150.000000 
[22;32mUser 3, Acc 8 Balance 0.000000, 				Withdraw 500.000000 --insufficient funds[0m
User 2, Acc 0 Balance 1221.000000, Deposit 300.000000 
User 2, Acc 0 Balance 1521.000000, Transfer 300.000000 to Acc 1
User 0, Acc 7 Balance 19094.000000, Deposit 9.000000 
Balance in 1: 1311.000000
User 0, Acc 9 Balance 129.000000, Deposit 129.000000 
User 0, Acc 3 Balance 29.000000, Transfer 29.000000 to Acc 7
[22;32mUser 3, Acc 9 Balance 129.000000, 				Withdraw 500.000000 --insufficient funds[0m
User 1, Acc 1 Balance 100.000000, Withdraw 50.000000 
User 3, Acc 0 Balance 1221.000000, Withdraw 500.000000 
User 3, Acc 1 Balance 1261.000000, Withdraw 500.000000 
User 3, Acc 2 Balance 1819.000000, Withdraw 500.000000 
[22;32mUser 3, Acc 3 Balance 0.000000, 				Withdraw 500.000000 --insufficient funds[0m
User 1, Acc 2 Balance 1819.000000, Withdraw 150.000000 
User 1, Acc 3 Balance 0.000000, Deposit 500.000000 
User 1, Acc 2 Balance 1169.000000, Transfer 300.000000 to Acc 1
User 1, Acc 3 Balance 500.000000, Transfer 300.000000 to Acc 1
User 1, Acc 0 Balance 721.000000, Deposit 400.000000 
User 1, Acc 3 Balance 200.000000, Withdraw 200.000000 
Balance in 1: 1361.000000
User 1, Acc 7 Balance 18632.000000, Deposit 9929.000000 
User 1, Acc 4 Balance 1329.000000, Deposit 937.000000 
User 1, Acc 5 Balance 2739.000000, Deposit 941.000000 
User 1, Acc 0 Balance 1121.000000, Deposit 7.000000 
User 3, Acc 4 Balance 1329.000000, Withdraw 500.000000 
User 4, Acc 3 Balance 29.000000, Transfer 29.000000 to Acc 7
User 0, Acc 7 Balance 18632.000000, Transfer 31.000000 to Acc 6
User 4, Acc 7 Balance 28590.000000, Transfer 31.000000 to Acc 6
User 2, Acc 0 Balance 1221.000000, Deposit 400.000000 
User 4, Acc 7 Balance 28528.000000, Transfer 37.000000 to Acc 5
User 2, Acc 0 Balance 1528.000000, Withdraw 200.000000 
User 4, Acc 7 Balance 28491.000000, Transfer 3.000000 to Acc 4
User 2, Acc 1 Balance 1361.000000, Deposit 100.000000 
User 4, Acc 7 Balance 28488.000000, Transfer 5.000000 to Acc 4
User 0, Acc 7 Balance 28559.000000, Transfer 137.000000 to Acc 5
User 3, Acc 5 Balance 3680.000000, Withdraw 500.000000 
User 0, Acc 7 Balance 28346.000000, Transfer 3.000000 to Acc 4
[22;32mUser 3, Acc 6 Balance 379.000000, 				Withdraw 500.000000 --insufficient funds[0m
User 3, Acc 7 Balance 28346.000000, Withdraw 500.000000 
User 0, Acc 7 Balance 28343.000000, Transfer 5.000000 to Acc 4
User 4, Acc 3 Balance -29.000000, Deposit 929.000000 
User 2, Acc 2 Balance 869.000000, Deposit 900.000000 
User 4, Acc 4 Balance 1782.000000, Deposit 937.000000 
User 1, Acc 3 Balance 0.000000, Deposit 29.000000 
User 4, Acc 5 Balance 3354.000000, Deposit 941.000000 
User 0, Acc 4 Balance 1782.000000, Withdraw 1167.000000 
[22;32mUser 3, Acc 8 Balance 0.000000, 				Withdraw 500.000000 --insufficient funds[0m
User 1, Acc 7 Balance 27838.000000, Deposit 9.000000 
[22;32mUser 3, Acc 9 Balance 258.000000, 				Withdraw 500.000000 --insufficient funds[0m
User 4, Acc 4 Balance 2719.000000, Withdraw 167.000000 
User 3, Acc 0 Balance 1328.000000, Withdraw 500.000000 
User 4, Acc 5 Balance 4295.000000, Withdraw 307.000000 
User 4, Acc 1 Balance 1461.000000, Transfer 89.000000 to Acc 8
User 4, Acc 1 Balance 1372.000000, Transfer 163.000000 to Acc 9
User 4, Acc 1 Balance 1209.000000, Withdraw 41.000000 
User 4, Acc 2 Balance 1769.000000, Withdraw 71.000000 
User 4, Acc 3 Balance 929.000000, Withdraw 127.000000 
[22;32mUser 4, Acc 6 Balance 379.000000, 				Withdraw 647.000000 --insufficient funds[0m
User 4, Acc 6 Balance 379.000000, Deposit 953.000000 
User 4, Acc 7 Balance 27847.000000, Deposit 967.000000 
User 4, Acc 1 Balance 1168.000000, Transfer 19.000000 to Acc 7
User 0, Acc 5 Balance 4295.000000, Withdraw 1307.000000 
User 3, Acc 1 Balance 1461.000000, Withdraw 500.000000 
User 1, Acc 9 Balance 258.000000, Deposit 129.000000 
User 2, Acc 1 Balance 1461.000000, Withdraw 50.000000 
User 4, Acc 2 Balance 1698.000000, Transfer 23.000000 to Acc 7
User 0, Acc 1 Balance 1149.000000, Transfer 89.000000 to Acc 8
User 3, Acc 2 Balance 1698.000000, Withdraw 500.000000 
User 0, Acc 1 Balance 510.000000, Transfer 163.000000 to Acc 9
User 3, Acc 3 Balance 802.000000, Withdraw 500.000000 
User 0, Acc 1 Balance 347.000000, Withdraw 41.000000 
User 1, Acc 3 Balance 802.000000, Transfer 29.000000 to Acc 7
User 0, Acc 2 Balance 1175.000000, Withdraw 71.000000 
User 3, Acc 4 Balance 1385.000000, Withdraw 500.000000 
[22;32mUser 0, Acc 3 Balance 273.000000, 				Withdraw 1127.000000 --insufficient funds[0m
User 1, Acc 7 Balance 28885.000000, Transfer 31.000000 to Acc 6
User 0, Acc 6 Balance 1332.000000, Withdraw 647.000000 
User 3, Acc 5 Balance 2681.000000, Withdraw 500.000000 
User 0, Acc 6 Balance 716.000000, Deposit 1953.000000 
User 0, Acc 7 Balance 28854.000000, Deposit 967.000000 
User 1, Acc 7 Balance 28854.000000, Transfer 137.000000 to Acc 5
User 3, Acc 6 Balance 716.000000, Withdraw 500.000000 
User 4, Acc 6 Balance 1332.000000, Transfer 67.000000 to Acc 5
User 2, Acc 2 Balance 1698.000000, Withdraw 150.000000 
User 0, Acc 1 Balance 306.000000, Transfer 19.000000 to Acc 7
User 2, Acc 3 Balance 273.000000, Deposit 500.000000 
User 0, Acc 2 Balance 954.000000, Transfer 23.000000 to Acc 7
User 2, Acc 2 Balance 954.000000, Transfer 300.000000 to Acc 1
User 0, Acc 6 Balance 2102.000000, Transfer 1167.000000 to Acc 5
User 2, Acc 3 Balance 773.000000, Transfer 300.000000 to Acc 1
User 0, Acc 4 Balance 885.000000, Transfer 53.000000 to Acc 5
User 2, Acc 0 Balance 828.000000, Deposit 400.000000 
User 0, Acc 7 Balance 29726.000000, Withdraw 1593.000000 
User 2, Acc 3 Balance 473.000000, Withdraw 200.000000 
[22;32mUser 0, Acc 8 Balance 178.000000, 				Withdraw 449.000000 --insufficient funds[0m
Balance in 1: 887.000000
User 3, Acc 7 Balance 29684.000000, Withdraw 500.000000 
User 4, Acc 4 Balance 885.000000, Transfer 53.000000 to Acc 5
User 1, Acc 7 Balance 29684.000000, Transfer 3.000000 to Acc 4
User 2, Acc 0 Balance 1228.000000, Deposit 400.000000 
User 0, Acc 9 Balance 713.000000, Withdraw 163.000000 
User 2, Acc 0 Balance 1628.000000, Withdraw 200.000000 
User 0, Acc 1 Balance 887.000000, Withdraw 500.000000 
User 1, Acc 7 Balance 27630.000000, Transfer 5.000000 to Acc 4
User 0, Acc 2 Balance 631.000000, Withdraw 500.000000 
[22;32mUser 1, Acc 4 Balance 787.000000, 				Withdraw 1167.000000 --insufficient funds[0m
User 4, Acc 7 Balance 27633.000000, Withdraw 593.000000 
[22;32mUser 3, Acc 8 Balance 178.000000, 				Withdraw 500.000000 --insufficient funds[0m
User 3, Acc 9 Balance 550.000000, Withdraw 500.000000 
User 1, Acc 5 Balance 3658.000000, Withdraw 1307.000000 
User 3, Acc 0 Balance 1428.000000, Withdraw 500.000000 
User 2, Acc 0 Balance 1428.000000, Deposit 100.000000 
User 3, Acc 0 Balance 928.000000, Deposit 400.000000 
User 3, Acc 0 Balance 1328.000000, Withdraw 200.000000 
User 2, Acc 0 Balance 1428.000000, Withdraw 50.000000 
[22;32mUser 4, Acc 8 Balance 178.000000, 				Withdraw 449.000000 --insufficient funds[0m
User 2, Acc 0 Balance 1178.000000, Withdraw 150.000000 
User 3, Acc 1 Balance 387.000000, Deposit 100.000000 
User 2, Acc 0 Balance 1028.000000, Deposit 300.000000 
[22;32mUser 0, Acc 3 Balance 273.000000, 				Withdraw 500.000000 --insufficient funds[0m
User 2, Acc 0 Balance 1328.000000, Transfer 300.000000 to Acc 1
User 0, Acc 4 Balance 787.000000, Withdraw 500.000000 
Balance in 1: 787.000000
User 2, Acc 0 Balance 1028.000000, Deposit 400.000000 
[22;32mUser 4, Acc 9 Balance 50.000000, 				Withdraw 163.000000 --insufficient funds[0m
User 2, Acc 0 Balance 1428.000000, Withdraw 200.000000 
User 4, Acc 1 Balance 787.000000, Withdraw 500.000000 
User 2, Acc 0 Balance 1228.000000, Deposit 100.000000 
User 0, Acc 5 Balance 2351.000000, Withdraw 500.000000 
User 2, Acc 0 Balance 1328.000000, Withdraw 50.000000 
User 0, Acc 6 Balance 935.000000, Withdraw 500.000000 
User 2, Acc 0 Balance 1278.000000, Withdraw 150.000000 
User 0, Acc 7 Balance 27032.000000, Withdraw 500.000000 
User 2, Acc 0 Balance 1128.000000, Deposit 300.000000 
[22;32mUser 0, Acc 8 Balance 178.000000, 				Withdraw 500.000000 --insufficient funds[0m
User 2, Acc 0 Balance 1428.000000, Transfer 300.000000 to Acc 1
[22;32mUser 0, Acc 9 Balance 50.000000, 				Withdraw 500.000000 --insufficient funds[0m
Balance in 1: 587.000000
User 3, Acc 2 Balance 131.000000, Deposit 900.000000 
User 0, Acc 0 Balance 1128.000000, Withdraw 500.000000 
User 3, Acc 1 Balance 587.000000, Withdraw 50.000000 
User 0, Acc 1 Balance 587.000000, Withdraw 500.000000 
User 1, Acc 1 Balance 387.000000, Transfer 89.000000 to Acc 8
User 0, Acc 2 Balance 1031.000000, Withdraw 500.000000 
[22;32mUser 1, Acc 1 Balance -52.000000, 				Withdraw 41.000000 --insufficient funds[0m
[22;32mUser 0, Acc 3 Balance 273.000000, 				Withdraw 500.000000 --insufficient funds[0m
[22;32mUser 0, Acc 4 Balance 287.000000, 				Withdraw 500.000000 --insufficient funds[0m
User 0, Acc 5 Balance 1851.000000, Withdraw 500.000000 
[22;32mUser 0, Acc 6 Balance 435.000000, 				Withdraw 500.000000 --insufficient funds[0m
User 0, Acc 7 Balance 26532.000000, Withdraw 500.000000 
[22;32mUser 0, Acc 8 Balance 267.000000, 				Withdraw 500.000000 --insufficient funds[0m
[22;32mUser 0, Acc 9 Balance 50.000000, 				Withdraw 500.000000 --insufficient funds[0m
User 0, Acc 0 Balance 628.000000, Withdraw 500.000000 
[22;32mUser 0, Acc 1 Balance -52.000000, 				Withdraw 500.000000 --insufficient funds[0m
User 0, Acc 2 Balance 531.000000, Withdraw 500.000000 
[22;32mUser 0, Acc 3 Balance 273.000000, 				Withdraw 500.000000 --insufficient funds[0m
[22;32mUser 0, Acc 4 Balance 287.000000, 				Withdraw 500.000000 --insufficient funds[0m
User 0, Acc 5 Balance 1351.000000, Withdraw 500.000000 
[22;32mUser 0, Acc 6 Balance 435.000000, 				Withdraw 500.000000 --insufficient funds[0m
User 0, Acc 7 Balance 26032.000000, Withdraw 500.000000 
[22;32mUser 0, Acc 8 Balance 267.000000, 				Withdraw 500.000000 --insufficient funds[0m
[22;32mUser 0, Acc 9 Balance 50.000000, 				Withdraw 500.000000 --insufficient funds[0m
[22;32mUser 0, Acc 0 Balance 128.000000, 				Withdraw 500.000000 --insufficient funds[0m
User 0, Acc 7 Balance 25532.000000, Deposit 9929.000000 
User 0, Acc 4 Balance 287.000000, Deposit 937.000000 
User 0, Acc 5 Balance 851.000000, Deposit 941.000000 
User 0, Acc 0 Balance 128.000000, Deposit 7.000000 
User 0, Acc 3 Balance 273.000000, Deposit 29.000000 
User 0, Acc 7 Balance 35461.000000, Deposit 9.000000 
User 0, Acc 9 Balance 50.000000, Deposit 129.000000 
User 0, Acc 3 Balance 302.000000, Transfer 29.000000 to Acc 7
User 0, Acc 7 Balance 35499.000000, Transfer 31.000000 to Acc 6
User 0, Acc 7 Balance 35468.000000, Transfer 137.000000 to Acc 5
User 0, Acc 7 Balance 35331.000000, Transfer 3.000000 to Acc 4
User 3, Acc 2 Balance 1031.000000, Withdraw 150.000000 
User 3, Acc 3 Balance 273.000000, Deposit 500.000000 
User 3, Acc 3 Balance 773.000000, Transfer 300.000000 to Acc 1
[22;32mUser 4, Acc 2 Balance 131.000000, 				Withdraw 500.000000 --insufficient funds[0m
[22;32mUser 4, Acc 3 Balance 473.000000, 				Withdraw 500.000000 --insufficient funds[0m
User 4, Acc 4 Balance 1227.000000, Withdraw 500.000000 
User 4, Acc 5 Balance 1929.000000, Withdraw 500.000000 
[22;32mUser 4, Acc 6 Balance 466.000000, 				Withdraw 500.000000 --insufficient funds[0m
User 4, Acc 7 Balance 35328.000000, Withdraw 500.000000 
[22;32mUser 4, Acc 8 Balance 267.000000, 				Withdraw 500.000000 --insufficient funds[0m
[22;32mUser 4, Acc 9 Balance 179.000000, 				Withdraw 500.000000 --insufficient funds[0m
[22;32mUser 4, Acc 0 Balance 135.000000, 				Withdraw 500.000000 --insufficient funds[0m
[22;32mUser 4, Acc 1 Balance 248.000000, 				Withdraw 500.000000 --insufficient funds[0m
[22;32mUser 4, Acc 2 Balance -119.000000, 				Withdraw 500.000000 --insufficient funds[0m
[22;32mUser 4, Acc 3 Balance 473.000000, 				Withdraw 500.000000 --insufficient funds[0m
User 4, Acc 4 Balance 727.000000, Withdraw 500.000000 
User 4, Acc 5 Balance 1429.000000, Withdraw 500.000000 
[22;32mUser 4, Acc 6 Balance 466.000000, 				Withdraw 500.000000 --insufficient funds[0m
User 4, Acc 7 Balance 34828.000000, Withdraw 500.000000 
[22;32mUser 4, Acc 8 Balance 267.000000, 				Withdraw 500.000000 --insufficient funds[0m
[22;32mUser 4, Acc 9 Balance 179.000000, 				Withdraw 500.000000 --insufficient funds[0m
[22;32mUser 4, Acc 0 Balance 135.000000, 				Withdraw 500.000000 --insufficient funds[0m
[22;32mUser 4, Acc 1 Balance 248.000000, 				Withdraw 500.000000 --insufficient funds[0m
[22;32mUser 4, Acc 2 Balance -119.000000, 				Withdraw 500.000000 --insufficient funds[0m
[22;32mUser 4, Acc 3 Balance 473.000000, 				Withdraw 500.000000 --insufficient funds[0m
[22;32mUser 4, Acc 4 Balance 227.000000, 				Withdraw 500.000000 --insufficient funds[0m
User 4, Acc 5 Balance 929.000000, Withdraw 500.000000 
[22;32mUser 4, Acc 6 Balance 466.000000, 				Withdraw 500.000000 --insufficient funds[0m
User 4, Acc 7 Balance 34328.000000, Withdraw 500.000000 
[22;32mUser 4, Acc 8 Balance 267.000000, 				Withdraw 500.000000 --insufficient funds[0m
[22;32mUser 4, Acc 9 Balance 179.000000, 				Withdraw 500.000000 --insufficient funds[0m
[22;32mUser 4, Acc 0 Balance 135.000000, 				Withdraw 500.000000 --insufficient funds[0m
User 2, Acc 0 Balance 1128.000000, Deposit 907.000000 
User 2, Acc 1 Balance 248.000000, Deposit 911.000000 
User 2, Acc 2 Balance -119.000000, Deposit 919.000000 
User 2, Acc 3 Balance 473.000000, Transfer 29.000000 to Acc 7
User 2, Acc 7 Balance 33857.000000, Transfer 31.000000 to Acc 6
User 2, Acc 7 Balance 33826.000000, Transfer 37.000000 to Acc 5
User 2, Acc 7 Balance 33789.000000, Transfer 3.000000 to Acc 4
User 2, Acc 7 Balance 33786.000000, Transfer 5.000000 to Acc 4
User 2, Acc 3 Balance 444.000000, Deposit 929.000000 
User 2, Acc 4 Balance 235.000000, Deposit 937.000000 
User 2, Acc 5 Balance 466.000000, Deposit 941.000000 
User 2, Acc 4 Balance 1172.000000, Withdraw 167.000000 
User 2, Acc 5 Balance 1407.000000, Withdraw 307.000000 
User 2, Acc 1 Balance 1159.000000, Transfer 89.000000 to Acc 8
User 2, Acc 1 Balance 1070.000000, Transfer 163.000000 to Acc 9
User 2, Acc 1 Balance 907.000000, Withdraw 41.000000 
User 2, Acc 2 Balance 800.000000, Withdraw 71.000000 
User 0, Acc 7 Balance 35328.000000, Transfer 5.000000 to Acc 4
User 2, Acc 3 Balance 1373.000000, Withdraw 127.000000 
[22;32mUser 0, Acc 4 Balance 1010.000000, 				Withdraw 1167.000000 --insufficient funds[0m
[22;32mUser 2, Acc 6 Balance 497.000000, 				Withdraw 647.000000 --insufficient funds[0m
[22;32mUser 0, Acc 5 Balance 1100.000000, 				Withdraw 1307.000000 --insufficient funds[0m
User 2, Acc 6 Balance 497.000000, Deposit 953.000000 
User 1, Acc 2 Balance 531.000000, Withdraw 71.000000 
User 4, Acc 7 Balance 33828.000000, Deposit 9929.000000 
User 0, Acc 1 Balance 866.000000, Transfer 89.000000 to Acc 8
User 3, Acc 0 Balance 135.000000, Deposit 400.000000 
User 3, Acc 3 Balance 1246.000000, Withdraw 200.000000 
Balance in 1: 777.000000
User 2, Acc 7 Balance 33776.000000, Deposit 967.000000 
User 2, Acc 1 Balance 777.000000, Transfer 19.000000 to Acc 7
User 2, Acc 2 Balance 658.000000, Transfer 23.000000 to Acc 7
User 1, Acc 3 Balance 1246.000000, Withdraw 1127.000000 
User 1, Acc 6 Balance 1450.000000, Withdraw 647.000000 
User 4, Acc 4 Balance 1010.000000, Deposit 937.000000 
User 4, Acc 5 Balance 1100.000000, Deposit 941.000000 
User 4, Acc 0 Balance 1442.000000, Deposit 7.000000 
User 4, Acc 3 Balance -81.000000, Deposit 29.000000 
User 4, Acc 7 Balance 44714.000000, Deposit 9.000000 
User 4, Acc 9 Balance 342.000000, Deposit 129.000000 
User 4, Acc 7 Balance 44723.000000, Transfer 31.000000 to Acc 6
User 4, Acc 7 Balance 44692.000000, Transfer 137.000000 to Acc 5
User 4, Acc 7 Balance 44555.000000, Transfer 3.000000 to Acc 4
User 4, Acc 7 Balance 44552.000000, Transfer 5.000000 to Acc 4
User 4, Acc 4 Balance 1955.000000, Withdraw 1167.000000 
User 4, Acc 5 Balance 2178.000000, Withdraw 1307.000000 
User 4, Acc 1 Balance 758.000000, Transfer 89.000000 to Acc 8
User 4, Acc 1 Balance 669.000000, Transfer 163.000000 to Acc 9
User 4, Acc 1 Balance 506.000000, Withdraw 41.000000 
User 4, Acc 2 Balance 635.000000, Withdraw 71.000000 
User 3, Acc 0 Balance 1442.000000, Deposit 400.000000 
User 0, Acc 1 Balance 777.000000, Transfer 163.000000 to Acc 9
User 3, Acc 0 Balance 1849.000000, Withdraw 200.000000 
User 3, Acc 1 Balance 465.000000, Deposit 100.000000 
User 2, Acc 6 Balance 1450.000000, Transfer 67.000000 to Acc 5
[22;32mUser 4, Acc 3 Balance -52.000000, 				Withdraw 1127.000000 --insufficient funds[0m
User 2, Acc 4 Balance 788.000000, Transfer 53.000000 to Acc 5
User 1, Acc 6 Balance 803.000000, Deposit 1953.000000 
User 2, Acc 7 Balance 44547.000000, Withdraw 593.000000 
User 1, Acc 7 Balance 44547.000000, Deposit 967.000000 
User 0, Acc 1 Balance 302.000000, Withdraw 41.000000 
User 4, Acc 6 Balance 767.000000, Withdraw 647.000000 
User 4, Acc 6 Balance 2073.000000, Deposit 1953.000000 
User 1, Acc 1 Balance 402.000000, Transfer 19.000000 to Acc 7
User 4, Acc 7 Balance 44921.000000, Deposit 967.000000 
User 1, Acc 2 Balance 564.000000, Transfer 23.000000 to Acc 7
User 1, Acc 6 Balance 4026.000000, Transfer 1167.000000 to Acc 5
User 2, Acc 8 Balance 534.000000, Withdraw 449.000000 
User 3, Acc 2 Balance 564.000000, Deposit 900.000000 
User 2, Acc 9 Balance 797.000000, Withdraw 163.000000 
User 3, Acc 1 Balance 342.000000, Withdraw 50.000000 
User 4, Acc 1 Balance 342.000000, Transfer 19.000000 to Acc 7
User 2, Acc 0 Balance 1649.000000, Deposit 400.000000 
User 4, Acc 2 Balance 1441.000000, Transfer 23.000000 to Acc 7
User 4, Acc 6 Balance 2859.000000, Transfer 1167.000000 to Acc 5
User 2, Acc 0 Balance 2049.000000, Withdraw 200.000000 
User 1, Acc 4 Balance 735.000000, Transfer 53.000000 to Acc 5
User 2, Acc 0 Balance 1849.000000, Deposit 100.000000 
User 3, Acc 2 Balance 1441.000000, Withdraw 150.000000 
User 2, Acc 0 Balance 1949.000000, Withdraw 50.000000 
User 3, Acc 3 Balance -52.000000, Deposit 500.000000 
User 3, Acc 2 Balance 1268.000000, Transfer 300.000000 to Acc 1
User 2, Acc 0 Balance 1899.000000, Withdraw 150.000000 
User 3, Acc 3 Balance 448.000000, Transfer 300.000000 to Acc 1
User 2, Acc 0 Balance 1749.000000, Deposit 300.000000 
User 1, Acc 7 Balance 45972.000000, Withdraw 1593.000000 
User 2, Acc 0 Balance 2049.000000, Transfer 300.000000 to Acc 1
[22;32mUser 1, Acc 8 Balance 85.000000, 				Withdraw 449.000000 --insufficient funds[0m
Balance in 1: 1173.000000
User 1, Acc 9 Balance 634.000000, Withdraw 163.000000 
User 4, Acc 4 Balance 735.000000, Transfer 53.000000 to Acc 5
User 1, Acc 1 Balance 1173.000000, Withdraw 500.000000 
User 3, Acc 0 Balance 1749.000000, Deposit 400.000000 
User 1, Acc 2 Balance 968.000000, Withdraw 500.000000 
User 2, Acc 0 Balance 1749.000000, Deposit 400.000000 
User 0, Acc 2 Balance 564.000000, Withdraw 71.000000 
[22;32mUser 3, Acc 3 Balance 148.000000, 				Withdraw 200.000000 --insufficient funds[0m
[22;32mUser 0, Acc 3 Balance 148.000000, 				Withdraw 1127.000000 --insufficient funds[0m
User 4, Acc 7 Balance 44379.000000, Withdraw 1593.000000 
User 2, Acc 0 Balance 2549.000000, Withdraw 200.000000 
User 2, Acc 1 Balance 673.000000, Deposit 100.000000 
User 2, Acc 2 Balance 397.000000, Deposit 900.000000 
User 2, Acc 1 Balance 773.000000, Withdraw 50.000000 
User 0, Acc 6 Balance 1692.000000, Withdraw 647.000000 
User 2, Acc 2 Balance 1297.000000, Withdraw 150.000000 
User 0, Acc 6 Balance 1045.000000, Deposit 1953.000000 
User 2, Acc 3 Balance 148.000000, Deposit 500.000000 
User 0, Acc 7 Balance 42786.000000, Deposit 967.000000 
User 2, Acc 2 Balance 1147.000000, Transfer 300.000000 to Acc 1
User 0, Acc 1 Balance 723.000000, Transfer 19.000000 to Acc 7
User 2, Acc 3 Balance 648.000000, Transfer 300.000000 to Acc 1
User 0, Acc 2 Balance 847.000000, Transfer 23.000000 to Acc 7
User 2, Acc 0 Balance 2349.000000, Deposit 400.000000 
User 0, Acc 6 Balance 2998.000000, Transfer 1167.000000 to Acc 5
User 2, Acc 3 Balance 348.000000, Withdraw 200.000000 
User 0, Acc 4 Balance 629.000000, Transfer 53.000000 to Acc 5
[22;32mUser 1, Acc 3 Balance 148.000000, 				Withdraw 500.000000 --insufficient funds[0m
[22;32mUser 4, Acc 8 Balance 85.000000, 				Withdraw 449.000000 --insufficient funds[0m
Balance in 1: 673.000000
Balance in 1: 1304.000000
User 3, Acc 0 Balance 2749.000000, Deposit 400.000000 
User 3, Acc 0 Balance 3149.000000, Withdraw 200.000000 
User 4, Acc 9 Balance 471.000000, Withdraw 163.000000 
User 3, Acc 0 Balance 2949.000000, Deposit 100.000000 
User 1, Acc 4 Balance 576.000000, Withdraw 500.000000 
User 1, Acc 5 Balance 4651.000000, Withdraw 500.000000 
User 0, Acc 7 Balance 43795.000000, Withdraw 1593.000000 
User 4, Acc 0 Balance 3049.000000, Deposit 907.000000 
[22;32mUser 0, Acc 8 Balance 85.000000, 				Withdraw 449.000000 --insufficient funds[0m
User 3, Acc 0 Balance 3049.000000, Withdraw 50.000000 
User 0, Acc 9 Balance 308.000000, Withdraw 163.000000 
User 0, Acc 0 Balance 3906.000000, Deposit 907.000000 
User 0, Acc 1 Balance 1304.000000, Deposit 911.000000 
User 0, Acc 2 Balance 824.000000, Deposit 919.000000 
User 0, Acc 3 Balance 148.000000, Transfer 29.000000 to Acc 7
User 0, Acc 7 Balance 42231.000000, Transfer 31.000000 to Acc 6
User 0, Acc 7 Balance 42200.000000, Transfer 37.000000 to Acc 5
User 2, Acc 1 Balance 1304.000000, Withdraw 500.000000 
User 4, Acc 1 Balance 1304.000000, Deposit 911.000000 
User 2, Acc 2 Balance 1743.000000, Withdraw 500.000000 
User 3, Acc 0 Balance 3906.000000, Withdraw 150.000000 
[22;32mUser 2, Acc 3 Balance 119.000000, 				Withdraw 500.000000 --insufficient funds[0m
User 1, Acc 6 Balance 1831.000000, Withdraw 500.000000 
[22;32mUser 2, Acc 4 Balance 76.000000, 				Withdraw 500.000000 --insufficient funds[0m
User 1, Acc 7 Balance 42163.000000, Withdraw 500.000000 
User 2, Acc 5 Balance 4188.000000, Withdraw 500.000000 
User 0, Acc 7 Balance 42163.000000, Transfer 3.000000 to Acc 4
User 2, Acc 6 Balance 1362.000000, Withdraw 500.000000 
User 0, Acc 7 Balance 41660.000000, Transfer 5.000000 to Acc 4
User 2, Acc 7 Balance 41660.000000, Withdraw 500.000000 
User 0, Acc 3 Balance 119.000000, Deposit 929.000000 
[22;32mUser 2, Acc 8 Balance 85.000000, 				Withdraw 500.000000 --insufficient funds[0m
User 0, Acc 4 Balance 84.000000, Deposit 937.000000 
User 4, Acc 2 Balance 1743.000000, Deposit 919.000000 
User 3, Acc 0 Balance 4663.000000, Deposit 300.000000 
[22;32mUser 1, Acc 8 Balance 85.000000, 				Withdraw 500.000000 --insufficient funds[0m
[22;32mUser 2, Acc 9 Balance 145.000000, 				Withdraw 500.000000 --insufficient funds[0m
User 4, Acc 3 Balance 1048.000000, Transfer 29.000000 to Acc 7
User 2, Acc 0 Balance 4963.000000, Withdraw 500.000000 
User 4, Acc 7 Balance 41184.000000, Transfer 31.000000 to Acc 6
User 2, Acc 1 Balance 2626.000000, Withdraw 500.000000 
User 0, Acc 5 Balance 3688.000000, Deposit 941.000000 
User 2, Acc 2 Balance 2162.000000, Withdraw 500.000000 
User 0, Acc 4 Balance 1021.000000, Withdraw 167.000000 
User 2, Acc 3 Balance 1019.000000, Withdraw 500.000000 
User 3, Acc 0 Balance 4963.000000, Transfer 300.000000 to Acc 1
[22;32mUser 1, Acc 9 Balance 145.000000, 				Withdraw 500.000000 --insufficient funds[0m
User 4, Acc 7 Balance 41153.000000, Transfer 37.000000 to Acc 5
User 0, Acc 5 Balance 4629.000000, Withdraw 307.000000 
Balance in 1: 2426.000000
User 0, Acc 1 Balance 2426.000000, Transfer 89.000000 to Acc 8
User 2, Acc 4 Balance 854.000000, Withdraw 500.000000 
User 0, Acc 1 Balance 2337.000000, Transfer 163.000000 to Acc 9
User 2, Acc 5 Balance 4359.000000, Withdraw 500.000000 
User 0, Acc 1 Balance 2174.000000, Withdraw 41.000000 
User 2, Acc 6 Balance 893.000000, Withdraw 500.000000 
User 0, Acc 2 Balance 1662.000000, Withdraw 71.000000 
User 2, Acc 7 Balance 41116.000000, Withdraw 500.000000 
User 3, Acc 0 Balance 4163.000000, Deposit 907.000000 
User 4, Acc 7 Balance 41116.000000, Transfer 3.000000 to Acc 4
User 3, Acc 1 Balance 2133.000000, Deposit 911.000000 
User 4, Acc 7 Balance 40613.000000, Transfer 5.000000 to Acc 4
User 3, Acc 2 Balance 1591.000000, Deposit 919.000000 
User 4, Acc 3 Balance 519.000000, Deposit 929.000000 
User 1, Acc 0 Balance 4163.000000, Withdraw 500.000000 
User 1, Acc 1 Balance 3044.000000, Withdraw 500.000000 
User 1, Acc 2 Balance 2510.000000, Withdraw 500.000000 
User 4, Acc 4 Balance 362.000000, Deposit 937.000000 
User 1, Acc 3 Balance 1448.000000, Withdraw 500.000000 
[22;32mUser 1, Acc 4 Balance 362.000000, 				Withdraw 500.000000 --insufficient funds[0m
[22;32mUser 2, Acc 8 Balance 174.000000, 				Withdraw 500.000000 --insufficient funds[0m
User 3, Acc 3 Balance 519.000000, Transfer 29.000000 to Acc 7
[22;32mUser 2, Acc 9 Balance 308.000000, 				Withdraw 500.000000 --insufficient funds[0m
User 3, Acc 7 Balance 40637.000000, Transfer 31.000000 to Acc 6
User 1, Acc 5 Balance 3859.000000, Withdraw 500.000000 
User 3, Acc 7 Balance 40606.000000, Transfer 37.000000 to Acc 5
User 4, Acc 5 Balance 3859.000000, Deposit 941.000000 
User 2, Acc 0 Balance 4570.000000, Withdraw 500.000000 
User 2, Acc 1 Balance 2544.000000, Withdraw 500.000000 
User 2, Acc 2 Balance 2010.000000, Withdraw 500.000000 
User 2, Acc 3 Balance 919.000000, Withdraw 500.000000 
User 2, Acc 4 Balance 1299.000000, Withdraw 500.000000 
User 2, Acc 5 Balance 4337.000000, Withdraw 500.000000 
[22;32mUser 2, Acc 6 Balance 424.000000, 				Withdraw 500.000000 --insufficient funds[0m
User 2, Acc 7 Balance 40569.000000, Withdraw 500.000000 
[22;32mUser 2, Acc 8 Balance 174.000000, 				Withdraw 500.000000 --insufficient funds[0m
[22;32mUser 2, Acc 9 Balance 308.000000, 				Withdraw 500.000000 --insufficient funds[0m
User 2, Acc 0 Balance 4070.000000, Withdraw 500.000000 
User 3, Acc 7 Balance 40569.000000, Transfer 3.000000 to Acc 4
User 3, Acc 7 Balance 40066.000000, Transfer 5.000000 to Acc 4
User 3, Acc 3 Balance 419.000000, Deposit 929.000000 
User 0, Acc 3 Balance 519.000000, Withdraw 127.000000 
[22;32mUser 0, Acc 6 Balance 424.000000, 				Withdraw 647.000000 --insufficient funds[0m
User 4, Acc 4 Balance 1299.000000, Withdraw 167.000000 
User 0, Acc 6 Balance 424.000000, Deposit 953.000000 
User 4, Acc 5 Balance 3837.000000, Withdraw 307.000000 
User 3, Acc 4 Balance 807.000000, Deposit 937.000000 
[22;32mUser 1, Acc 6 Balance 424.000000, 				Withdraw 500.000000 --insufficient funds[0m
User 3, Acc 5 Balance 3530.000000, Deposit 941.000000 
User 3, Acc 4 Balance 1577.000000, Withdraw 167.000000 
User 4, Acc 1 Balance 2044.000000, Transfer 89.000000 to Acc 8
User 0, Acc 7 Balance 40061.000000, Deposit 967.000000 
User 3, Acc 5 Balance 4471.000000, Withdraw 307.000000 
User 0, Acc 1 Balance 1955.000000, Transfer 19.000000 to Acc 7
User 0, Acc 2 Balance 1510.000000, Transfer 23.000000 to Acc 7
User 1, Acc 7 Balance 40061.000000, Withdraw 500.000000 
User 0, Acc 6 Balance 1377.000000, Transfer 67.000000 to Acc 5
User 4, Acc 1 Balance 1955.000000, Transfer 163.000000 to Acc 9
User 4, Acc 1 Balance 1773.000000, Withdraw 41.000000 
User 4, Acc 2 Balance 1487.000000, Withdraw 71.000000 
User 4, Acc 3 Balance 1221.000000, Withdraw 127.000000 
User 4, Acc 6 Balance 1310.000000, Withdraw 647.000000 
User 4, Acc 6 Balance 663.000000, Deposit 953.000000 
User 4, Acc 7 Balance 40570.000000, Deposit 967.000000 
User 4, Acc 1 Balance 1732.000000, Transfer 19.000000 to Acc 7
User 4, Acc 2 Balance 1416.000000, Transfer 23.000000 to Acc 7
User 4, Acc 6 Balance 1616.000000, Transfer 67.000000 to Acc 5
User 4, Acc 4 Balance 1410.000000, Transfer 53.000000 to Acc 5
User 4, Acc 7 Balance 41579.000000, Withdraw 593.000000 
User 0, Acc 4 Balance 1410.000000, Transfer 53.000000 to Acc 5
User 3, Acc 1 Balance 1936.000000, Transfer 89.000000 to Acc 8
User 0, Acc 7 Balance 40986.000000, Withdraw 593.000000 
User 3, Acc 1 Balance 1624.000000, Transfer 163.000000 to Acc 9
[22;32mUser 4, Acc 8 Balance 263.000000, 				Withdraw 449.000000 --insufficient funds[0m
User 4, Acc 9 Balance 634.000000, Withdraw 163.000000 
[22;32mUser 0, Acc 8 Balance 352.000000, 				Withdraw 449.000000 --insufficient funds[0m
User 0, Acc 9 Balance 471.000000, Withdraw 163.000000 
User 3, Acc 1 Balance 1461.000000, Withdraw 41.000000 
User 3, Acc 2 Balance 1393.000000, Withdraw 71.000000 
User 3, Acc 3 Balance 1094.000000, Withdraw 127.000000 
User 3, Acc 6 Balance 1549.000000, Withdraw 647.000000 
User 3, Acc 6 Balance 902.000000, Deposit 953.000000 
User 3, Acc 7 Balance 40393.000000, Deposit 967.000000 
User 3, Acc 1 Balance 1420.000000, Transfer 19.000000 to Acc 7
User 3, Acc 2 Balance 1322.000000, Transfer 23.000000 to Acc 7
User 3, Acc 6 Balance 1855.000000, Transfer 67.000000 to Acc 5
User 3, Acc 4 Balance 1304.000000, Transfer 53.000000 to Acc 5
User 3, Acc 7 Balance 41402.000000, Withdraw 593.000000 
[22;32mUser 1, Acc 8 Balance 263.000000, 				Withdraw 500.000000 --insufficient funds[0m
[22;32mUser 1, Acc 9 Balance 308.000000, 				Withdraw 500.000000 --insufficient funds[0m
User 1, Acc 0 Balance 3570.000000, Withdraw 500.000000 
User 1, Acc 1 Balance 1401.000000, Withdraw 500.000000 
User 1, Acc 2 Balance 1299.000000, Withdraw 500.000000 
User 1, Acc 3 Balance 967.000000, Withdraw 500.000000 
User 1, Acc 4 Balance 1251.000000, Withdraw 500.000000 
User 1, Acc 5 Balance 4524.000000, Withdraw 500.000000 
User 1, Acc 6 Balance 1788.000000, Withdraw 500.000000 
User 1, Acc 7 Balance 40809.000000, Withdraw 500.000000 
[22;32mUser 1, Acc 8 Balance 352.000000, 				Withdraw 500.000000 --insufficient funds[0m
[22;32mUser 1, Acc 9 Balance 308.000000, 				Withdraw 500.000000 --insufficient funds[0m
User 1, Acc 0 Balance 3070.000000, Withdraw 500.000000 
[22;32mUser 3, Acc 8 Balance 352.000000, 				Withdraw 449.000000 --insufficient funds[0m
User 3, Acc 9 Balance 308.000000, Withdraw 163.000000 
  ***     End of transaction batch    ***  
Account 0 balance after completion of transaction batch: 2570.000000
Account 1 balance after completion of transaction batch: 901.000000
Account 2 balance after completion of transaction batch: 799.000000
Account 3 balance after completion of transaction batch: 467.000000
Account 4 balance after completion of transaction batch: 751.000000
Account 5 balance after completion of transaction batch: 4024.000000
Account 6 balance after completion of transaction batch: 1288.000000
Account 7 balance after completion of transaction batch: 40309.000000
Account 8 balance after completion of transaction batch: 352.000000
Account 9 balance after completion of transaction batch: 145.000000
