# Output generated by:
# ./my_executable 5 data/transactions6.txt data/transactions9.txt data/transactions2.txt data/transactions10.txt data/transactions5.txt

********************************************
   Reading and parsing a transaction file   
********************************************
Parsed transaction: deposit 0 7.000000 
Loaded deposit transaction
Parsed transaction: deposit 1 11.000000 
Loaded deposit transaction
Parsed transaction: deposit 2 9.000000 
Loaded deposit transaction
Parsed transaction: transfer 3 7 29.000000 
Loaded transfer transaction
Parsed transaction: transfer 7 6 31.000000 
Loaded transfer transaction
Parsed transaction: transfer 7 5 137.000000 
Loaded transfer transaction
Parsed transaction: transfer 7 4 3.000000 
Loaded transfer transaction
Parsed transaction: transfer 7 4 5.000000 
Loaded transfer transaction
Parsed transaction: deposit 3 929.000000 
Loaded deposit transaction
Parsed transaction: deposit 4 937.000000 
Loaded deposit transaction
Parsed transaction: deposit 5 941.000000 
Loaded deposit transaction
Parsed transaction: withdraw 4 1167.000000 
Loaded withdrawal transaction
Parsed transaction: withdraw 5 1307.000000 
Loaded withdrawal transaction
Parsed transaction: transfer 1 8 89.000000 
Loaded transfer transaction
Parsed transaction: transfer 1 9 163.000000 
Loaded transfer transaction
Parsed transaction: withdraw 1 41.000000 
Loaded withdrawal transaction
Parsed transaction: withdraw 2 71.000000 
Loaded withdrawal transaction
Parsed transaction: withdraw 3 1127.000000 
Loaded withdrawal transaction
Parsed transaction: withdraw 6 647.000000 
Loaded withdrawal transaction
Parsed transaction: deposit 6 953.000000 
Loaded deposit transaction
Parsed transaction: deposit 7 967.000000 
Loaded deposit transaction
Parsed transaction: transfer 1 7 19.000000 
Loaded transfer transaction
Parsed transaction: transfer 2 7 23.000000 
Loaded transfer transaction
Parsed transaction: transfer 6 5 1167.000000 
Loaded transfer transaction
Parsed transaction: transfer 4 5 53.000000 
Loaded transfer transaction
Parsed transaction: withdraw 7 1593.000000 
Loaded withdrawal transaction
Parsed transaction: withdraw 8 449.000000 
Loaded withdrawal transaction
Parsed transaction: withdraw 9 163.000000 
Loaded withdrawal transaction
********************************************
********************************************
   Reading and parsing a transaction file   
********************************************
Parsed transaction: deposit 9 617.000000 
Loaded deposit transaction
Parsed transaction: transfer 9 1 617.000000 
Loaded transfer transaction
Parsed transaction: deposit 8 619.000000 
Loaded deposit transaction
Parsed transaction: transfer 8 2 619.000000 
Loaded transfer transaction
Parsed transaction: deposit 7 631.000000 
Loaded deposit transaction
Parsed transaction: transfer 7 3 631.000000 
Loaded transfer transaction
Parsed transaction: deposit 6 641.000000 
Loaded deposit transaction
Parsed transaction: transfer 6 4 641.000000 
Loaded transfer transaction
Parsed transaction: deposit 5 643.000000 
Loaded deposit transaction
Parsed transaction: transfer 5 6 1200.000000 
Loaded transfer transaction
Parsed transaction: deposit 4 647.000000 
Loaded deposit transaction
Parsed transaction: transfer 4 7 1200.000000 
Loaded transfer transaction
Parsed transaction: deposit 3 653.000000 
Loaded deposit transaction
Parsed transaction: transfer 3 8 1200.000000 
Loaded transfer transaction
Parsed transaction: deposit 2 659.000000 
Loaded deposit transaction
Parsed transaction: transfer 2 9 1200.000000 
Loaded transfer transaction
Parsed transaction: deposit 1 661.000000 
Loaded deposit transaction
Parsed transaction: transfer 1 9 1200.000000 
Loaded transfer transaction
Parsed transaction: deposit 0 673.000000 
Loaded deposit transaction
Parsed transaction: transfer 0 9 1200.000000 
Loaded transfer transaction
Parsed transaction: withdraw 1 50.000000 
Loaded withdrawal transaction
Parsed transaction: withdraw 2 50.000000 
Loaded withdrawal transaction
Parsed transaction: withdraw 3 50.000000 
Loaded withdrawal transaction
Parsed transaction: withdraw 4 50.000000 
Loaded withdrawal transaction
Parsed transaction: withdraw 5 50.000000 
Loaded withdrawal transaction
Parsed transaction: withdraw 6 50.000000 
Loaded withdrawal transaction
Parsed transaction: withdraw 7 50.000000 
Loaded withdrawal transaction
Parsed transaction: withdraw 8 50.000000 
Loaded withdrawal transaction
Parsed transaction: withdraw 9 50.000000 
Loaded withdrawal transaction
Parsed transaction: withdraw 0 50.000000 
Loaded withdrawal transaction
********************************************
********************************************
   Reading and parsing a transaction file   
********************************************
Parsed transaction: deposit 0 400.000000 
Loaded deposit transaction
Parsed transaction: withdraw 0 200.000000 
Loaded withdrawal transaction
Parsed transaction: deposit 0 100.000000 
Loaded deposit transaction
Parsed transaction: withdraw 0 50.000000 
Loaded withdrawal transaction
Parsed transaction: withdraw 0 150.000000 
Loaded withdrawal transaction
Parsed transaction: deposit 0 300.000000 
Loaded deposit transaction
Parsed transaction: transfer 0 1 300.000000 
Loaded transfer transaction
Parsed transaction: balance 1 
Loaded balance transaction
********************************************
********************************************
   Reading and parsing a transaction file   
********************************************
Parsed transaction: withdraw 1 500.000000 
Loaded withdrawal transaction
Parsed transaction: withdraw 2 500.000000 
Loaded withdrawal transaction
Parsed transaction: withdraw 3 500.000000 
Loaded withdrawal transaction
Parsed transaction: withdraw 4 500.000000 
Loaded withdrawal transaction
Parsed transaction: withdraw 5 500.000000 
Loaded withdrawal transaction
Parsed transaction: withdraw 6 500.000000 
Loaded withdrawal transaction
Parsed transaction: withdraw 7 500.000000 
Loaded withdrawal transaction
Parsed transaction: withdraw 8 500.000000 
Loaded withdrawal transaction
Parsed transaction: withdraw 9 500.000000 
Loaded withdrawal transaction
Parsed transaction: withdraw 0 500.000000 
Loaded withdrawal transaction
Parsed transaction: withdraw 1 500.000000 
Loaded withdrawal transaction
Parsed transaction: withdraw 2 500.000000 
Loaded withdrawal transaction
Parsed transaction: withdraw 3 500.000000 
Loaded withdrawal transaction
Parsed transaction: withdraw 4 500.000000 
Loaded withdrawal transaction
Parsed transaction: withdraw 5 500.000000 
Loaded withdrawal transaction
Parsed transaction: withdraw 6 500.000000 
Loaded withdrawal transaction
Parsed transaction: withdraw 7 500.000000 
Loaded withdrawal transaction
Parsed transaction: withdraw 8 500.000000 
Loaded withdrawal transaction
Parsed transaction: withdraw 9 500.000000 
Loaded withdrawal transaction
Parsed transaction: withdraw 0 500.000000 
Loaded withdrawal transaction
Parsed transaction: withdraw 1 500.000000 
Loaded withdrawal transaction
Parsed transaction: withdraw 2 500.000000 
Loaded withdrawal transaction
Parsed transaction: withdraw 3 500.000000 
Loaded withdrawal transaction
Parsed transaction: withdraw 4 500.000000 
Loaded withdrawal transaction
Parsed transaction: withdraw 5 500.000000 
Loaded withdrawal transaction
Parsed transaction: withdraw 6 500.000000 
Loaded withdrawal transaction
Parsed transaction: withdraw 7 500.000000 
Loaded withdrawal transaction
Parsed transaction: withdraw 8 500.000000 
Loaded withdrawal transaction
Parsed transaction: withdraw 9 500.000000 
Loaded withdrawal transaction
Parsed transaction: withdraw 0 500.000000 
Loaded withdrawal transaction
********************************************
********************************************
   Reading and parsing a transaction file   
********************************************
Parsed transaction: deposit 0 907.000000 
Loaded deposit transaction
Parsed transaction: deposit 1 911.000000 
Loaded deposit transaction
Parsed transaction: deposit 2 919.000000 
Loaded deposit transaction
Parsed transaction: transfer 3 7 29.000000 
Loaded transfer transaction
Parsed transaction: transfer 7 6 31.000000 
Loaded transfer transaction
Parsed transaction: transfer 7 5 37.000000 
Loaded transfer transaction
Parsed transaction: transfer 7 4 3.000000 
Loaded transfer transaction
Parsed transaction: transfer 7 4 5.000000 
Loaded transfer transaction
Parsed transaction: deposit 3 929.000000 
Loaded deposit transaction
Parsed transaction: deposit 4 937.000000 
Loaded deposit transaction
Parsed transaction: deposit 5 941.000000 
Loaded deposit transaction
Parsed transaction: withdraw 4 167.000000 
Loaded withdrawal transaction
Parsed transaction: withdraw 5 307.000000 
Loaded withdrawal transaction
Parsed transaction: transfer 1 8 89.000000 
Loaded transfer transaction
Parsed transaction: transfer 1 9 163.000000 
Loaded transfer transaction
Parsed transaction: withdraw 1 41.000000 
Loaded withdrawal transaction
Parsed transaction: withdraw 2 71.000000 
Loaded withdrawal transaction
Parsed transaction: withdraw 3 127.000000 
Loaded withdrawal transaction
Parsed transaction: withdraw 6 647.000000 
Loaded withdrawal transaction
Parsed transaction: deposit 6 953.000000 
Loaded deposit transaction
Parsed transaction: deposit 7 967.000000 
Loaded deposit transaction
Parsed transaction: transfer 1 7 19.000000 
Loaded transfer transaction
Parsed transaction: transfer 2 7 23.000000 
Loaded transfer transaction
Parsed transaction: transfer 6 5 67.000000 
Loaded transfer transaction
Parsed transaction: transfer 4 5 53.000000 
Loaded transfer transaction
Parsed transaction: withdraw 7 593.000000 
Loaded withdrawal transaction
Parsed transaction: withdraw 8 449.000000 
Loaded withdrawal transaction
Parsed transaction: withdraw 9 163.000000 
Loaded withdrawal transaction
********************************************
  ***    Start of transaction batch    ***  
User 0, Acc 0 Balance 0.000000, Deposit 7.000000 
User 0, Acc 1 Balance 0.000000, Deposit 11.000000 
User 0, Acc 2 Balance 0.000000, Deposit 9.000000 
User 0, Acc 3 Balance 0.000000, Deposit 929.000000 
User 0, Acc 4 Balance 0.000000, Deposit 937.000000 
User 0, Acc 5 Balance 0.000000, Deposit 941.000000 
[22;32mUser 0, Acc 4 Balance 937.000000, 				Withdraw 1167.000000 --insufficient funds[0m
[22;32mUser 0, Acc 5 Balance 941.000000, 				Withdraw 1307.000000 --insufficient funds[0m
[22;32mUser 0, Acc 1 Balance 11.000000, 				Withdraw 41.000000 --insufficient funds[0m
[22;32mUser 0, Acc 2 Balance 9.000000, 				Withdraw 71.000000 --insufficient funds[0m
[22;32mUser 0, Acc 3 Balance 929.000000, 				Withdraw 1127.000000 --insufficient funds[0m
[22;32mUser 0, Acc 6 Balance 0.000000, 				Withdraw 647.000000 --insufficient funds[0m
User 0, Acc 6 Balance 0.000000, Deposit 953.000000 
User 0, Acc 7 Balance 0.000000, Deposit 967.000000 
User 0, Acc 4 Balance 937.000000, Transfer 53.000000 to Acc 5
[22;32mUser 0, Acc 7 Balance 967.000000, 				Withdraw 1593.000000 --insufficient funds[0m
[22;32mUser 0, Acc 8 Balance 0.000000, 				Withdraw 449.000000 --insufficient funds[0m
[22;32mUser 0, Acc 9 Balance 0.000000, 				Withdraw 163.000000 --insufficient funds[0m
User 0, Acc 9 Balance 0.000000, Deposit 617.000000 
User 0, Acc 9 Balance 617.000000, Transfer 617.000000 to Acc 1
User 0, Acc 8 Balance 0.000000, Deposit 619.000000 
User 0, Acc 8 Balance 619.000000, Transfer 619.000000 to Acc 2
User 0, Acc 7 Balance 967.000000, Deposit 631.000000 
User 0, Acc 7 Balance 1598.000000, Transfer 631.000000 to Acc 3
User 0, Acc 6 Balance 953.000000, Deposit 641.000000 
User 0, Acc 6 Balance 1594.000000, Transfer 641.000000 to Acc 4
User 0, Acc 5 Balance 994.000000, Deposit 643.000000 
User 0, Acc 5 Balance 1637.000000, Transfer 1200.000000 to Acc 6
User 1, Acc 1 Balance 628.000000, Withdraw 500.000000 
User 1, Acc 2 Balance 628.000000, Withdraw 500.000000 
User 1, Acc 3 Balance 1560.000000, Withdraw 500.000000 
User 1, Acc 4 Balance 1525.000000, Withdraw 500.000000 
[22;32mUser 1, Acc 5 Balance 437.000000, 				Withdraw 500.000000 --insufficient funds[0m
User 1, Acc 6 Balance 2153.000000, Withdraw 500.000000 
User 1, Acc 7 Balance 967.000000, Withdraw 500.000000 
[22;32mUser 1, Acc 8 Balance 0.000000, 				Withdraw 500.000000 --insufficient funds[0m
[22;32mUser 1, Acc 9 Balance 0.000000, 				Withdraw 500.000000 --insufficient funds[0m
[22;32mUser 1, Acc 0 Balance 7.000000, 				Withdraw 500.000000 --insufficient funds[0m
User 3, Acc 0 Balance 7.000000, Deposit 907.000000 
User 4, Acc 0 Balance 7.000000, Deposit 7.000000 
User 0, Acc 4 Balance 1525.000000, Deposit 647.000000 
User 4, Acc 1 Balance 128.000000, Deposit 11.000000 
User 0, Acc 4 Balance 1672.000000, Transfer 1200.000000 to Acc 7
User 0, Acc 3 Balance 1060.000000, Deposit 653.000000 
[22;32mUser 1, Acc 1 Balance 128.000000, 				Withdraw 500.000000 --insufficient funds[0m
User 0, Acc 3 Balance 1713.000000, Transfer 1200.000000 to Acc 8
[22;32mUser 1, Acc 2 Balance 128.000000, 				Withdraw 500.000000 --insufficient funds[0m
User 3, Acc 1 Balance 128.000000, Deposit 911.000000 
User 2, Acc 0 Balance 7.000000, Deposit 400.000000 
User 4, Acc 2 Balance 128.000000, Deposit 9.000000 
User 2, Acc 0 Balance 1321.000000, Withdraw 200.000000 
User 1, Acc 3 Balance 513.000000, Withdraw 500.000000 
User 3, Acc 2 Balance 128.000000, Deposit 919.000000 
[22;32mUser 1, Acc 4 Balance 472.000000, 				Withdraw 500.000000 --insufficient funds[0m
[22;32mUser 1, Acc 5 Balance 437.000000, 				Withdraw 500.000000 --insufficient funds[0m
User 3, Acc 7 Balance 1667.000000, Transfer 31.000000 to Acc 6
User 1, Acc 6 Balance 1653.000000, Withdraw 500.000000 
User 3, Acc 7 Balance 1636.000000, Transfer 37.000000 to Acc 5
User 4, Acc 3 Balance 513.000000, Transfer 29.000000 to Acc 7
User 3, Acc 7 Balance 1599.000000, Transfer 3.000000 to Acc 4
User 4, Acc 7 Balance 1628.000000, Transfer 31.000000 to Acc 6
User 4, Acc 7 Balance 1597.000000, Transfer 137.000000 to Acc 5
User 1, Acc 7 Balance 1636.000000, Withdraw 500.000000 
User 4, Acc 7 Balance 1457.000000, Transfer 3.000000 to Acc 4
User 1, Acc 8 Balance 1200.000000, Withdraw 500.000000 
User 4, Acc 7 Balance 954.000000, Transfer 5.000000 to Acc 4
[22;32mUser 1, Acc 9 Balance 0.000000, 				Withdraw 500.000000 --insufficient funds[0m
User 2, Acc 0 Balance 1121.000000, Deposit 100.000000 
User 1, Acc 0 Balance 1121.000000, Withdraw 500.000000 
User 0, Acc 2 Balance 128.000000, Deposit 659.000000 
User 4, Acc 3 Balance -16.000000, Deposit 929.000000 
User 0, Acc 2 Balance 1715.000000, Transfer 1200.000000 to Acc 9
User 1, Acc 1 Balance 1050.000000, Withdraw 500.000000 
User 3, Acc 7 Balance 1594.000000, Transfer 5.000000 to Acc 4
User 2, Acc 0 Balance 1221.000000, Withdraw 50.000000 
User 3, Acc 3 Balance 913.000000, Deposit 929.000000 
User 2, Acc 0 Balance 671.000000, Withdraw 150.000000 
User 2, Acc 0 Balance 521.000000, Deposit 300.000000 
User 0, Acc 1 Balance 1050.000000, Deposit 661.000000 
User 0, Acc 1 Balance 1211.000000, Transfer 1200.000000 to Acc 9
User 4, Acc 4 Balance 483.000000, Deposit 937.000000 
User 0, Acc 0 Balance 821.000000, Deposit 673.000000 
User 4, Acc 5 Balance 611.000000, Deposit 941.000000 
User 4, Acc 4 Balance 1425.000000, Withdraw 1167.000000 
User 1, Acc 2 Balance 515.000000, Withdraw 500.000000 
User 2, Acc 0 Balance 821.000000, Transfer 300.000000 to Acc 1
User 1, Acc 3 Balance 1842.000000, Withdraw 500.000000 
User 0, Acc 0 Balance 1494.000000, Transfer 1200.000000 to Acc 9
User 4, Acc 5 Balance 1552.000000, Withdraw 1307.000000 
Balance in 1: 311.000000
User 4, Acc 1 Balance 311.000000, Transfer 89.000000 to Acc 8
User 3, Acc 4 Balance 488.000000, Deposit 937.000000 
[22;32mUser 1, Acc 4 Balance 258.000000, 				Withdraw 500.000000 --insufficient funds[0m
User 0, Acc 1 Balance 311.000000, Withdraw 50.000000 
User 4, Acc 1 Balance 222.000000, Transfer 163.000000 to Acc 9
User 2, Acc 9 Balance 3600.000000, Deposit 617.000000 
[22;32mUser 4, Acc 1 Balance 9.000000, 				Withdraw 41.000000 --insufficient funds[0m
[22;32mUser 4, Acc 2 Balance 15.000000, 				Withdraw 71.000000 --insufficient funds[0m
[22;32mUser 1, Acc 5 Balance 245.000000, 				Withdraw 500.000000 --insufficient funds[0m
[22;32mUser 0, Acc 2 Balance 15.000000, 				Withdraw 50.000000 --insufficient funds[0m
User 1, Acc 6 Balance 1215.000000, Withdraw 500.000000 
User 3, Acc 5 Balance 245.000000, Deposit 941.000000 
User 4, Acc 3 Balance 1342.000000, Withdraw 1127.000000 
User 4, Acc 6 Balance 715.000000, Withdraw 647.000000 
User 2, Acc 9 Balance 4380.000000, Transfer 617.000000 to Acc 1
User 4, Acc 6 Balance 68.000000, Deposit 953.000000 
User 3, Acc 4 Balance 1195.000000, Withdraw 167.000000 
User 4, Acc 7 Balance 944.000000, Deposit 967.000000 
User 4, Acc 1 Balance 626.000000, Transfer 19.000000 to Acc 7
User 3, Acc 5 Balance 1186.000000, Withdraw 307.000000 
User 1, Acc 7 Balance 944.000000, Withdraw 500.000000 
User 0, Acc 3 Balance 1342.000000, Withdraw 50.000000 
User 1, Acc 8 Balance 789.000000, Withdraw 500.000000 
User 0, Acc 4 Balance 1028.000000, Withdraw 50.000000 
User 0, Acc 5 Balance 879.000000, Withdraw 50.000000 
User 1, Acc 9 Balance 3763.000000, Withdraw 500.000000 
User 0, Acc 6 Balance 1021.000000, Withdraw 50.000000 
[22;32mUser 1, Acc 0 Balance -6.000000, 				Withdraw 500.000000 --insufficient funds[0m
User 0, Acc 7 Balance 1430.000000, Withdraw 50.000000 
User 1, Acc 0 Balance -6.000000, Deposit 400.000000 
User 0, Acc 8 Balance 289.000000, Withdraw 50.000000 
User 0, Acc 9 Balance 3263.000000, Withdraw 50.000000 
User 3, Acc 1 Balance 607.000000, Transfer 89.000000 to Acc 8
User 2, Acc 8 Balance 789.000000, Deposit 619.000000 
User 3, Acc 1 Balance 518.000000, Transfer 163.000000 to Acc 9
User 2, Acc 8 Balance 947.000000, Transfer 619.000000 to Acc 2
User 4, Acc 4 Balance 1028.000000, Transfer 53.000000 to Acc 5
User 1, Acc 0 Balance 394.000000, Withdraw 200.000000 
User 3, Acc 1 Balance 355.000000, Withdraw 41.000000 
User 1, Acc 0 Balance 194.000000, Deposit 100.000000 
User 0, Acc 0 Balance 394.000000, Withdraw 50.000000 
[22;32mUser 4, Acc 7 Balance 1380.000000, 				Withdraw 1593.000000 --insufficient funds[0m
[22;32mUser 0, Acc 1 Balance 314.000000, 				Withdraw 500.000000 --insufficient funds[0m
[22;32mUser 4, Acc 8 Balance 328.000000, 				Withdraw 449.000000 --insufficient funds[0m
User 4, Acc 9 Balance 3376.000000, Withdraw 163.000000 
User 1, Acc 0 Balance 294.000000, Withdraw 50.000000 
User 4, Acc 0 Balance 244.000000, Deposit 7.000000 
User 1, Acc 0 Balance 194.000000, Withdraw 150.000000 
User 4, Acc 1 Balance 314.000000, Deposit 11.000000 
User 4, Acc 2 Balance 634.000000, Deposit 9.000000 
User 2, Acc 7 Balance 1380.000000, Deposit 631.000000 
User 4, Acc 3 Balance 165.000000, Transfer 29.000000 to Acc 7
User 3, Acc 2 Balance 634.000000, Withdraw 71.000000 
User 1, Acc 0 Balance 51.000000, Deposit 300.000000 
User 0, Acc 2 Balance 634.000000, Withdraw 500.000000 
User 2, Acc 7 Balance 2011.000000, Transfer 631.000000 to Acc 3
[22;32mUser 0, Acc 3 Balance 136.000000, 				Withdraw 500.000000 --insufficient funds[0m
User 2, Acc 6 Balance 971.000000, Deposit 641.000000 
User 3, Acc 3 Balance 136.000000, Withdraw 127.000000 
User 1, Acc 0 Balance 351.000000, Transfer 300.000000 to Acc 1
User 3, Acc 6 Balance 1612.000000, Withdraw 647.000000 
User 2, Acc 6 Balance 1612.000000, Transfer 641.000000 to Acc 4
User 3, Acc 6 Balance 965.000000, Deposit 953.000000 
User 2, Acc 5 Balance 882.000000, Deposit 643.000000 
User 0, Acc 4 Balance 925.000000, Withdraw 500.000000 
Balance in 1: 625.000000
User 3, Acc 7 Balance 1409.000000, Deposit 967.000000 
User 3, Acc 1 Balance 625.000000, Transfer 19.000000 to Acc 7
User 3, Acc 2 Balance 72.000000, Transfer 23.000000 to Acc 7
User 0, Acc 5 Balance 1525.000000, Withdraw 500.000000 
User 3, Acc 6 Balance 1277.000000, Transfer 67.000000 to Acc 5
User 0, Acc 6 Balance 1277.000000, Withdraw 500.000000 
User 3, Acc 4 Balance 1066.000000, Transfer 53.000000 to Acc 5
User 0, Acc 7 Balance 2418.000000, Withdraw 500.000000 
[22;32mUser 0, Acc 8 Balance 328.000000, 				Withdraw 500.000000 --insufficient funds[0m
User 2, Acc 5 Balance 1525.000000, Transfer 1200.000000 to Acc 6
User 0, Acc 9 Balance 3213.000000, Withdraw 500.000000 
User 1, Acc 0 Balance 51.000000, Deposit 7.000000 
User 3, Acc 7 Balance 1918.000000, Withdraw 593.000000 
User 2, Acc 4 Balance 1013.000000, Deposit 647.000000 
[22;32mUser 3, Acc 8 Balance 328.000000, 				Withdraw 449.000000 --insufficient funds[0m
User 2, Acc 4 Balance 1660.000000, Transfer 1200.000000 to Acc 7
User 2, Acc 3 Balance 640.000000, Deposit 653.000000 
User 4, Acc 7 Balance 2040.000000, Transfer 31.000000 to Acc 6
User 4, Acc 7 Balance 2494.000000, Transfer 137.000000 to Acc 5
User 4, Acc 7 Balance 2357.000000, Transfer 3.000000 to Acc 4
User 4, Acc 7 Balance 2354.000000, Transfer 5.000000 to Acc 4
User 4, Acc 3 Balance 1293.000000, Deposit 929.000000 
User 4, Acc 4 Balance 468.000000, Deposit 937.000000 
User 1, Acc 1 Balance 606.000000, Deposit 11.000000 
User 4, Acc 5 Balance 82.000000, Deposit 941.000000 
User 2, Acc 3 Balance 1293.000000, Transfer 1200.000000 to Acc 8
[22;32mUser 0, Acc 0 Balance 51.000000, 				Withdraw 500.000000 --insufficient funds[0m
User 3, Acc 9 Balance 2713.000000, Withdraw 163.000000 
User 4, Acc 4 Balance 1405.000000, Withdraw 1167.000000 
User 3, Acc 0 Balance 58.000000, Deposit 7.000000 
User 3, Acc 1 Balance 617.000000, Deposit 11.000000 
User 2, Acc 2 Balance 49.000000, Deposit 659.000000 
User 3, Acc 2 Balance 49.000000, Deposit 9.000000 
User 2, Acc 1 Balance 628.000000, Deposit 661.000000 
User 3, Acc 3 Balance 1022.000000, Transfer 29.000000 to Acc 7
User 0, Acc 1 Balance 617.000000, Withdraw 500.000000 
User 3, Acc 7 Balance 2378.000000, Transfer 31.000000 to Acc 6
User 0, Acc 2 Balance 717.000000, Withdraw 500.000000 
User 3, Acc 7 Balance 2347.000000, Transfer 137.000000 to Acc 5
User 0, Acc 3 Balance 993.000000, Withdraw 500.000000 
[22;32mUser 0, Acc 4 Balance 238.000000, 				Withdraw 500.000000 --insufficient funds[0m
User 2, Acc 1 Balance 1289.000000, Transfer 1200.000000 to Acc 9
User 0, Acc 5 Balance 1160.000000, Withdraw 500.000000 
User 2, Acc 0 Balance 65.000000, Deposit 673.000000 
User 0, Acc 6 Balance 1972.000000, Withdraw 500.000000 
User 3, Acc 7 Balance 2210.000000, Transfer 3.000000 to Acc 4
User 0, Acc 7 Balance 2210.000000, Withdraw 500.000000 
User 1, Acc 2 Balance 49.000000, Deposit 9.000000 
[22;32mUser 2, Acc 1 Balance -411.000000, 				Withdraw 50.000000 --insufficient funds[0m
User 1, Acc 3 Balance 493.000000, Transfer 29.000000 to Acc 7
User 3, Acc 7 Balance 2207.000000, Transfer 5.000000 to Acc 4
User 0, Acc 8 Balance 1528.000000, Withdraw 500.000000 
User 3, Acc 3 Balance 464.000000, Deposit 929.000000 
User 0, Acc 9 Balance 3750.000000, Withdraw 500.000000 
User 3, Acc 4 Balance 246.000000, Deposit 937.000000 
User 0, Acc 0 Balance 738.000000, Withdraw 500.000000 
[22;32mUser 0, Acc 1 Balance -411.000000, 				Withdraw 500.000000 --insufficient funds[0m
User 1, Acc 7 Balance 1736.000000, Transfer 31.000000 to Acc 6
[22;32mUser 0, Acc 2 Balance 226.000000, 				Withdraw 500.000000 --insufficient funds[0m
User 1, Acc 7 Balance 1700.000000, Transfer 137.000000 to Acc 5
User 3, Acc 5 Balance 660.000000, Deposit 941.000000 
User 2, Acc 2 Balance 226.000000, Withdraw 50.000000 
User 3, Acc 4 Balance 1183.000000, Withdraw 1167.000000 
User 2, Acc 3 Balance 1393.000000, Withdraw 50.000000 
User 3, Acc 5 Balance 1738.000000, Withdraw 1307.000000 
User 1, Acc 7 Balance 1563.000000, Transfer 3.000000 to Acc 4
[22;32mUser 3, Acc 1 Balance -411.000000, 				Withdraw 41.000000 --insufficient funds[0m
[22;32mUser 4, Acc 5 Balance 1023.000000, 				Withdraw 1307.000000 --insufficient funds[0m
User 0, Acc 3 Balance 1393.000000, Withdraw 500.000000 
User 1, Acc 7 Balance 1560.000000, Transfer 5.000000 to Acc 4
[22;32mUser 2, Acc 4 Balance 16.000000, 				Withdraw 50.000000 --insufficient funds[0m
User 1, Acc 3 Balance 843.000000, Deposit 929.000000 
User 2, Acc 5 Balance 431.000000, Withdraw 50.000000 
[22;32mUser 4, Acc 1 Balance -411.000000, 				Withdraw 41.000000 --insufficient funds[0m
[22;32mUser 0, Acc 4 Balance 19.000000, 				Withdraw 500.000000 --insufficient funds[0m
User 4, Acc 2 Balance 176.000000, Withdraw 71.000000 
User 2, Acc 6 Balance 1503.000000, Withdraw 50.000000 
User 4, Acc 3 Balance 1772.000000, Withdraw 1127.000000 
User 3, Acc 2 Balance 176.000000, Withdraw 71.000000 
User 2, Acc 7 Balance 1555.000000, Withdraw 50.000000 
[22;32mUser 3, Acc 3 Balance 645.000000, 				Withdraw 1127.000000 --insufficient funds[0m
User 3, Acc 6 Balance 1453.000000, Withdraw 647.000000 
User 3, Acc 6 Balance 806.000000, Deposit 953.000000 
User 3, Acc 7 Balance 1505.000000, Deposit 967.000000 
User 3, Acc 2 Balance 34.000000, Transfer 23.000000 to Acc 7
User 3, Acc 6 Balance 1759.000000, Transfer 1167.000000 to Acc 5
User 3, Acc 7 Balance 2495.000000, Withdraw 1593.000000 
User 3, Acc 8 Balance 1028.000000, Withdraw 449.000000 
User 3, Acc 9 Balance 3250.000000, Withdraw 163.000000 
User 3, Acc 9 Balance 3087.000000, Deposit 617.000000 
User 3, Acc 9 Balance 3704.000000, Transfer 617.000000 to Acc 1
User 3, Acc 8 Balance 579.000000, Deposit 619.000000 
User 3, Acc 8 Balance 1198.000000, Transfer 619.000000 to Acc 2
User 3, Acc 7 Balance 902.000000, Deposit 631.000000 
User 2, Acc 8 Balance 1028.000000, Withdraw 50.000000 
User 3, Acc 7 Balance 1533.000000, Transfer 631.000000 to Acc 3
User 4, Acc 6 Balance 1453.000000, Withdraw 647.000000 
User 4, Acc 6 Balance -55.000000, Deposit 953.000000 
User 4, Acc 7 Balance 902.000000, Deposit 967.000000 
User 4, Acc 1 Balance 206.000000, Transfer 19.000000 to Acc 7
User 4, Acc 2 Balance 630.000000, Transfer 23.000000 to Acc 7
User 4, Acc 7 Balance 1911.000000, Withdraw 1593.000000 
User 4, Acc 8 Balance 529.000000, Withdraw 449.000000 
User 4, Acc 9 Balance 3087.000000, Withdraw 163.000000 
User 4, Acc 9 Balance 2924.000000, Deposit 617.000000 
User 4, Acc 9 Balance 3541.000000, Transfer 617.000000 to Acc 1
User 4, Acc 8 Balance 80.000000, Deposit 619.000000 
User 4, Acc 8 Balance 699.000000, Transfer 619.000000 to Acc 2
User 4, Acc 7 Balance 318.000000, Deposit 631.000000 
User 4, Acc 7 Balance 949.000000, Transfer 631.000000 to Acc 3
User 3, Acc 6 Balance 592.000000, Deposit 641.000000 
User 4, Acc 6 Balance 898.000000, Deposit 641.000000 
[22;32mUser 0, Acc 5 Balance 381.000000, 				Withdraw 500.000000 --insufficient funds[0m
User 2, Acc 9 Balance 3087.000000, Withdraw 50.000000 
User 0, Acc 6 Balance 2180.000000, Withdraw 500.000000 
User 1, Acc 4 Balance 24.000000, Deposit 937.000000 
User 3, Acc 6 Balance 1539.000000, Transfer 641.000000 to Acc 4
User 4, Acc 6 Balance 2180.000000, Transfer 641.000000 to Acc 4
[22;32mUser 0, Acc 7 Balance 318.000000, 				Withdraw 500.000000 --insufficient funds[0m
User 4, Acc 5 Balance 1548.000000, Deposit 643.000000 
User 2, Acc 0 Balance 238.000000, Withdraw 50.000000 
User 4, Acc 5 Balance 2191.000000, Transfer 1200.000000 to Acc 6
User 2, Acc 0 Balance 188.000000, Deposit 907.000000 
[22;32mUser 0, Acc 8 Balance 80.000000, 				Withdraw 500.000000 --insufficient funds[0m
User 2, Acc 1 Balance 804.000000, Deposit 911.000000 
User 2, Acc 2 Balance 1226.000000, Deposit 919.000000 
User 1, Acc 5 Balance 1548.000000, Deposit 941.000000 
User 2, Acc 3 Balance 1907.000000, Transfer 29.000000 to Acc 7
User 1, Acc 4 Balance 2243.000000, Withdraw 1167.000000 
User 2, Acc 7 Balance 347.000000, Transfer 31.000000 to Acc 6
User 2, Acc 7 Balance 316.000000, Transfer 37.000000 to Acc 5
User 4, Acc 4 Balance 2243.000000, Deposit 647.000000 
User 2, Acc 7 Balance 279.000000, Transfer 3.000000 to Acc 4
User 4, Acc 4 Balance 1723.000000, Transfer 1200.000000 to Acc 7
User 2, Acc 7 Balance 276.000000, Transfer 5.000000 to Acc 4
User 2, Acc 3 Balance 1878.000000, Deposit 929.000000 
User 2, Acc 4 Balance 531.000000, Deposit 937.000000 
User 2, Acc 5 Balance 1969.000000, Deposit 941.000000 
User 3, Acc 5 Balance 1548.000000, Deposit 643.000000 
User 3, Acc 5 Balance 3553.000000, Transfer 1200.000000 to Acc 6
User 3, Acc 4 Balance 1468.000000, Deposit 647.000000 
User 3, Acc 4 Balance 2115.000000, Transfer 1200.000000 to Acc 7
User 3, Acc 3 Balance 2807.000000, Deposit 653.000000 
User 3, Acc 3 Balance 3460.000000, Transfer 1200.000000 to Acc 8
User 3, Acc 2 Balance 2145.000000, Deposit 659.000000 
User 3, Acc 2 Balance 2804.000000, Transfer 1200.000000 to Acc 9
User 3, Acc 1 Balance 1715.000000, Deposit 661.000000 
User 3, Acc 1 Balance 2376.000000, Transfer 1200.000000 to Acc 9
User 3, Acc 0 Balance 1095.000000, Deposit 673.000000 
User 3, Acc 0 Balance 1768.000000, Transfer 1200.000000 to Acc 9
User 3, Acc 1 Balance 1176.000000, Withdraw 50.000000 
User 3, Acc 2 Balance 1604.000000, Withdraw 50.000000 
User 3, Acc 3 Balance 2260.000000, Withdraw 50.000000 
User 3, Acc 4 Balance 915.000000, Withdraw 50.000000 
User 3, Acc 5 Balance 2353.000000, Withdraw 50.000000 
User 3, Acc 6 Balance 2829.000000, Withdraw 50.000000 
User 3, Acc 7 Balance 2671.000000, Withdraw 50.000000 
User 3, Acc 8 Balance 1280.000000, Withdraw 50.000000 
User 3, Acc 9 Balance 6474.000000, Withdraw 50.000000 
User 3, Acc 0 Balance 568.000000, Withdraw 50.000000 
User 0, Acc 9 Balance 2874.000000, Withdraw 500.000000 
User 4, Acc 3 Balance 1878.000000, Deposit 653.000000 
User 0, Acc 0 Balance 518.000000, Withdraw 500.000000 
User 1, Acc 5 Balance 1932.000000, Withdraw 1307.000000 
User 3, Acc 9 Balance 6424.000000, Deposit 617.000000 
User 1, Acc 1 Balance 1126.000000, Transfer 89.000000 to Acc 8
User 4, Acc 3 Balance 2863.000000, Transfer 1200.000000 to Acc 8
User 1, Acc 1 Balance 1037.000000, Transfer 163.000000 to Acc 9
User 2, Acc 4 Balance 1468.000000, Withdraw 167.000000 
User 3, Acc 9 Balance 6541.000000, Transfer 617.000000 to Acc 1
User 2, Acc 5 Balance 996.000000, Withdraw 307.000000 
User 3, Acc 8 Balance 2519.000000, Deposit 619.000000 
User 3, Acc 8 Balance 3138.000000, Transfer 619.000000 to Acc 2
User 1, Acc 1 Balance 874.000000, Withdraw 41.000000 
User 2, Acc 1 Balance 1491.000000, Transfer 89.000000 to Acc 8
User 0, Acc 0 Balance 18.000000, Deposit 400.000000 
User 2, Acc 1 Balance 1361.000000, Transfer 163.000000 to Acc 9
User 3, Acc 7 Balance 2621.000000, Deposit 631.000000 
User 1, Acc 2 Balance 2173.000000, Withdraw 71.000000 
User 0, Acc 0 Balance 418.000000, Withdraw 200.000000 
User 4, Acc 2 Balance 1554.000000, Deposit 659.000000 
User 0, Acc 0 Balance 218.000000, Deposit 100.000000 
User 2, Acc 1 Balance 1198.000000, Withdraw 41.000000 
User 3, Acc 7 Balance 3252.000000, Transfer 631.000000 to Acc 3
User 1, Acc 3 Balance 1663.000000, Withdraw 1127.000000 
User 0, Acc 0 Balance 318.000000, Withdraw 50.000000 
User 4, Acc 2 Balance 2761.000000, Transfer 1200.000000 to Acc 9
User 0, Acc 0 Balance 268.000000, Withdraw 150.000000 
User 0, Acc 0 Balance 118.000000, Deposit 300.000000 
User 3, Acc 6 Balance 2779.000000, Deposit 641.000000 
User 1, Acc 6 Balance 2779.000000, Withdraw 647.000000 
User 3, Acc 6 Balance 3420.000000, Transfer 641.000000 to Acc 4
User 3, Acc 5 Balance 689.000000, Deposit 643.000000 
User 4, Acc 1 Balance 1157.000000, Deposit 661.000000 
User 3, Acc 5 Balance 1332.000000, Transfer 1200.000000 to Acc 6
User 4, Acc 1 Balance 1818.000000, Transfer 1200.000000 to Acc 9
User 4, Acc 0 Balance 418.000000, Deposit 673.000000 
User 2, Acc 2 Balance 2761.000000, Withdraw 71.000000 
User 0, Acc 0 Balance 418.000000, Transfer 300.000000 to Acc 1
User 2, Acc 3 Balance 1167.000000, Withdraw 127.000000 
User 4, Acc 1 Balance 618.000000, Withdraw 50.000000 
User 2, Acc 6 Balance 3332.000000, Withdraw 647.000000 
Balance in 1: 918.000000
User 2, Acc 6 Balance 2685.000000, Deposit 953.000000 
User 3, Acc 4 Balance 1339.000000, Deposit 647.000000 
User 2, Acc 7 Balance 2621.000000, Deposit 967.000000 
User 3, Acc 4 Balance 1986.000000, Transfer 1200.000000 to Acc 7
User 1, Acc 6 Balance 2773.000000, Deposit 953.000000 
User 4, Acc 2 Balance 1490.000000, Withdraw 50.000000 
User 1, Acc 7 Balance 4788.000000, Deposit 967.000000 
User 4, Acc 3 Balance 1040.000000, Withdraw 50.000000 
User 4, Acc 4 Balance 786.000000, Withdraw 50.000000 
User 1, Acc 1 Balance 868.000000, Transfer 19.000000 to Acc 7
User 1, Acc 2 Balance 1440.000000, Transfer 23.000000 to Acc 7
User 1, Acc 6 Balance 4591.000000, Transfer 1167.000000 to Acc 5
User 3, Acc 3 Balance 1040.000000, Deposit 653.000000 
User 0, Acc 0 Balance 791.000000, Deposit 400.000000 
User 2, Acc 1 Balance 868.000000, Transfer 19.000000 to Acc 7
User 0, Acc 0 Balance 1191.000000, Withdraw 200.000000 
User 2, Acc 2 Balance 1417.000000, Transfer 23.000000 to Acc 7
User 3, Acc 3 Balance 1643.000000, Transfer 1200.000000 to Acc 8
User 3, Acc 2 Balance 1394.000000, Deposit 659.000000 
User 3, Acc 2 Balance 2053.000000, Transfer 1200.000000 to Acc 9
User 3, Acc 1 Balance 830.000000, Deposit 661.000000 
User 3, Acc 1 Balance 1491.000000, Transfer 1200.000000 to Acc 9
User 3, Acc 0 Balance 991.000000, Deposit 673.000000 
User 3, Acc 0 Balance 1664.000000, Transfer 1200.000000 to Acc 9
User 3, Acc 1 Balance 291.000000, Withdraw 50.000000 
User 3, Acc 2 Balance 853.000000, Withdraw 50.000000 
User 3, Acc 3 Balance 443.000000, Withdraw 50.000000 
User 3, Acc 4 Balance 736.000000, Withdraw 50.000000 
User 3, Acc 5 Balance 1299.000000, Withdraw 50.000000 
User 3, Acc 6 Balance 3424.000000, Withdraw 50.000000 
User 3, Acc 7 Balance 5839.000000, Withdraw 50.000000 
User 3, Acc 8 Balance 3808.000000, Withdraw 50.000000 
User 3, Acc 9 Balance 12250.000000, Withdraw 50.000000 
User 3, Acc 0 Balance 464.000000, Withdraw 50.000000 
User 3, Acc 0 Balance 414.000000, Deposit 400.000000 
User 3, Acc 0 Balance 814.000000, Withdraw 200.000000 
User 3, Acc 0 Balance 614.000000, Deposit 100.000000 
User 3, Acc 0 Balance 714.000000, Withdraw 50.000000 
User 3, Acc 0 Balance 664.000000, Withdraw 150.000000 
User 3, Acc 0 Balance 514.000000, Deposit 300.000000 
User 3, Acc 0 Balance 814.000000, Transfer 300.000000 to Acc 1
Balance in 1: 541.000000
User 3, Acc 1 Balance 541.000000, Withdraw 500.000000 
User 3, Acc 2 Balance 803.000000, Withdraw 500.000000 
[22;32mUser 3, Acc 3 Balance 393.000000, 				Withdraw 500.000000 --insufficient funds[0m
User 3, Acc 4 Balance 686.000000, Withdraw 500.000000 
User 3, Acc 5 Balance 1249.000000, Withdraw 500.000000 
User 3, Acc 6 Balance 3374.000000, Withdraw 500.000000 
User 3, Acc 7 Balance 5789.000000, Withdraw 500.000000 
User 3, Acc 8 Balance 3758.000000, Withdraw 500.000000 
User 3, Acc 9 Balance 12200.000000, Withdraw 500.000000 
User 3, Acc 0 Balance 514.000000, Withdraw 500.000000 
[22;32mUser 3, Acc 1 Balance 41.000000, 				Withdraw 500.000000 --insufficient funds[0m
[22;32mUser 3, Acc 2 Balance 303.000000, 				Withdraw 500.000000 --insufficient funds[0m
[22;32mUser 3, Acc 3 Balance 393.000000, 				Withdraw 500.000000 --insufficient funds[0m
[22;32mUser 3, Acc 4 Balance 186.000000, 				Withdraw 500.000000 --insufficient funds[0m
User 3, Acc 5 Balance 749.000000, Withdraw 500.000000 
User 3, Acc 6 Balance 2874.000000, Withdraw 500.000000 
User 3, Acc 7 Balance 5289.000000, Withdraw 500.000000 
User 3, Acc 8 Balance 3258.000000, Withdraw 500.000000 
User 3, Acc 9 Balance 11700.000000, Withdraw 500.000000 
[22;32mUser 3, Acc 0 Balance 14.000000, 				Withdraw 500.000000 --insufficient funds[0m
[22;32mUser 3, Acc 1 Balance 41.000000, 				Withdraw 500.000000 --insufficient funds[0m
[22;32mUser 3, Acc 2 Balance 303.000000, 				Withdraw 500.000000 --insufficient funds[0m
User 1, Acc 4 Balance 736.000000, Transfer 53.000000 to Acc 5
User 2, Acc 6 Balance 3424.000000, Transfer 67.000000 to Acc 5
User 1, Acc 7 Balance 4789.000000, Withdraw 1593.000000 
User 2, Acc 4 Balance 133.000000, Transfer 53.000000 to Acc 5
User 1, Acc 8 Balance 2758.000000, Withdraw 449.000000 
User 2, Acc 7 Balance 3196.000000, Withdraw 593.000000 
User 1, Acc 9 Balance 11200.000000, Withdraw 163.000000 
User 2, Acc 8 Balance 2309.000000, Withdraw 449.000000 
User 2, Acc 9 Balance 11200.000000, Withdraw 163.000000 
User 4, Acc 5 Balance 132.000000, Withdraw 50.000000 
[22;32mUser 2, Acc 1 Balance 41.000000, 				Withdraw 500.000000 --insufficient funds[0m
[22;32mUser 3, Acc 3 Balance 393.000000, 				Withdraw 500.000000 --insufficient funds[0m
[22;32mUser 1, Acc 1 Balance 41.000000, 				Withdraw 500.000000 --insufficient funds[0m
User 4, Acc 6 Balance 2307.000000, Withdraw 50.000000 
[22;32mUser 1, Acc 2 Balance 303.000000, 				Withdraw 500.000000 --insufficient funds[0m
[22;32mUser 1, Acc 3 Balance 393.000000, 				Withdraw 500.000000 --insufficient funds[0m
[22;32mUser 2, Acc 2 Balance 303.000000, 				Withdraw 500.000000 --insufficient funds[0m
[22;32mUser 3, Acc 4 Balance 80.000000, 				Withdraw 500.000000 --insufficient funds[0m
[22;32mUser 3, Acc 5 Balance 372.000000, 				Withdraw 500.000000 --insufficient funds[0m
User 3, Acc 6 Balance 2257.000000, Withdraw 500.000000 
User 3, Acc 7 Balance 2603.000000, Withdraw 500.000000 
User 3, Acc 8 Balance 1860.000000, Withdraw 500.000000 
User 3, Acc 9 Balance 10874.000000, Withdraw 500.000000 
[22;32mUser 3, Acc 0 Balance 14.000000, 				Withdraw 500.000000 --insufficient funds[0m
User 0, Acc 0 Balance 991.000000, Deposit 100.000000 
User 0, Acc 0 Balance 114.000000, Withdraw 50.000000 
[22;32mUser 0, Acc 0 Balance 64.000000, 				Withdraw 150.000000 --insufficient funds[0m
User 0, Acc 0 Balance 64.000000, Deposit 300.000000 
User 0, Acc 0 Balance 364.000000, Transfer 300.000000 to Acc 1
Balance in 1: 341.000000
[22;32mUser 2, Acc 3 Balance 393.000000, 				Withdraw 500.000000 --insufficient funds[0m
User 0, Acc 0 Balance 64.000000, Deposit 907.000000 
[22;32mUser 2, Acc 4 Balance 80.000000, 				Withdraw 500.000000 --insufficient funds[0m
User 0, Acc 1 Balance 341.000000, Deposit 911.000000 
[22;32mUser 1, Acc 4 Balance 80.000000, 				Withdraw 500.000000 --insufficient funds[0m
User 0, Acc 2 Balance 303.000000, Deposit 919.000000 
[22;32mUser 2, Acc 5 Balance 372.000000, 				Withdraw 500.000000 --insufficient funds[0m
User 3, Acc 0 Balance 14.000000, Deposit 907.000000 
User 4, Acc 7 Balance 2603.000000, Withdraw 50.000000 
User 3, Acc 1 Balance 1252.000000, Deposit 911.000000 
User 3, Acc 2 Balance 1222.000000, Deposit 919.000000 
User 0, Acc 3 Balance 393.000000, Transfer 29.000000 to Acc 7
User 2, Acc 6 Balance 1757.000000, Withdraw 500.000000 
User 0, Acc 7 Balance 2082.000000, Transfer 31.000000 to Acc 6
[22;32mUser 1, Acc 5 Balance 372.000000, 				Withdraw 500.000000 --insufficient funds[0m
User 3, Acc 3 Balance 393.000000, Transfer 29.000000 to Acc 7
User 2, Acc 7 Balance 2082.000000, Withdraw 500.000000 
User 4, Acc 8 Balance 1360.000000, Withdraw 50.000000 
User 2, Acc 8 Balance 1360.000000, Withdraw 500.000000 
User 0, Acc 7 Balance 2051.000000, Transfer 37.000000 to Acc 5
User 1, Acc 6 Balance 1288.000000, Withdraw 500.000000 
User 3, Acc 7 Balance 2080.000000, Transfer 31.000000 to Acc 6
User 4, Acc 9 Balance 10374.000000, Withdraw 50.000000 
User 3, Acc 7 Balance 1512.000000, Transfer 37.000000 to Acc 5
User 4, Acc 0 Balance 1878.000000, Withdraw 50.000000 
User 4, Acc 0 Balance 1828.000000, Deposit 907.000000 
User 3, Acc 7 Balance 1475.000000, Transfer 3.000000 to Acc 4
User 2, Acc 9 Balance 10374.000000, Withdraw 500.000000 
User 0, Acc 7 Balance 1543.000000, Transfer 3.000000 to Acc 4
User 1, Acc 7 Balance 1543.000000, Withdraw 500.000000 
User 4, Acc 1 Balance 2163.000000, Deposit 911.000000 
User 1, Acc 8 Balance 810.000000, Withdraw 500.000000 
User 3, Acc 7 Balance 1472.000000, Transfer 5.000000 to Acc 4
User 2, Acc 0 Balance 2735.000000, Withdraw 500.000000 
User 0, Acc 7 Balance 1469.000000, Transfer 5.000000 to Acc 4
User 4, Acc 2 Balance 2141.000000, Deposit 919.000000 
User 0, Acc 3 Balance 335.000000, Deposit 929.000000 
User 1, Acc 9 Balance 9824.000000, Withdraw 500.000000 
User 3, Acc 3 Balance 335.000000, Deposit 929.000000 
User 2, Acc 1 Balance 3074.000000, Withdraw 500.000000 
User 0, Acc 4 Balance 96.000000, Deposit 937.000000 
User 4, Acc 3 Balance 1264.000000, Transfer 29.000000 to Acc 7
User 0, Acc 5 Balance 446.000000, Deposit 941.000000 
User 1, Acc 0 Balance 2235.000000, Withdraw 500.000000 
User 3, Acc 4 Balance 96.000000, Deposit 937.000000 
User 2, Acc 2 Balance 3060.000000, Withdraw 500.000000 
User 0, Acc 4 Balance 1033.000000, Withdraw 167.000000 
User 4, Acc 7 Balance 988.000000, Transfer 31.000000 to Acc 6
User 0, Acc 5 Balance 1387.000000, Withdraw 307.000000 
User 4, Acc 7 Balance 957.000000, Transfer 37.000000 to Acc 5
User 4, Acc 7 Balance 920.000000, Transfer 3.000000 to Acc 4
User 4, Acc 7 Balance 917.000000, Transfer 5.000000 to Acc 4
User 2, Acc 3 Balance 2164.000000, Withdraw 500.000000 
User 1, Acc 1 Balance 2574.000000, Withdraw 500.000000 
User 3, Acc 5 Balance 1387.000000, Deposit 941.000000 
User 1, Acc 2 Balance 2560.000000, Withdraw 500.000000 
User 1, Acc 3 Balance 1664.000000, Withdraw 500.000000 
User 2, Acc 4 Balance 1811.000000, Withdraw 500.000000 
User 2, Acc 5 Balance 2058.000000, Withdraw 500.000000 
User 0, Acc 1 Balance 2574.000000, Transfer 89.000000 to Acc 8
User 3, Acc 4 Balance 1811.000000, Withdraw 167.000000 
User 4, Acc 3 Balance 2164.000000, Deposit 929.000000 
User 3, Acc 5 Balance 1558.000000, Withdraw 307.000000 
User 1, Acc 4 Balance 1811.000000, Withdraw 500.000000 
User 0, Acc 1 Balance 1985.000000, Transfer 163.000000 to Acc 9
User 1, Acc 5 Balance 1251.000000, Withdraw 500.000000 
User 1, Acc 6 Balance 850.000000, Withdraw 500.000000 
User 2, Acc 6 Balance 850.000000, Withdraw 500.000000 
User 1, Acc 7 Balance 912.000000, Withdraw 500.000000 
User 2, Acc 7 Balance 912.000000, Withdraw 500.000000 
[22;32mUser 1, Acc 8 Balance 399.000000, 				Withdraw 500.000000 --insufficient funds[0m
User 1, Acc 9 Balance 9487.000000, Withdraw 500.000000 
User 4, Acc 4 Balance 1144.000000, Deposit 937.000000 
User 1, Acc 0 Balance 1735.000000, Withdraw 500.000000 
[22;32mUser 2, Acc 8 Balance 399.000000, 				Withdraw 500.000000 --insufficient funds[0m
User 1, Acc 1 Balance 1822.000000, Withdraw 500.000000 
User 2, Acc 9 Balance 8987.000000, Withdraw 500.000000 
User 1, Acc 2 Balance 2060.000000, Withdraw 500.000000 
User 2, Acc 0 Balance 1235.000000, Withdraw 500.000000 
User 3, Acc 1 Balance 1985.000000, Transfer 89.000000 to Acc 8
User 4, Acc 5 Balance 751.000000, Deposit 941.000000 
User 3, Acc 1 Balance 1233.000000, Transfer 163.000000 to Acc 9
User 2, Acc 1 Balance 1322.000000, Withdraw 500.000000 
User 3, Acc 1 Balance 1070.000000, Withdraw 41.000000 
User 3, Acc 2 Balance 1560.000000, Withdraw 71.000000 
User 2, Acc 2 Balance 1560.000000, Withdraw 500.000000 
User 0, Acc 1 Balance 1822.000000, Withdraw 41.000000 
User 1, Acc 3 Balance 2093.000000, Withdraw 500.000000 
User 4, Acc 4 Balance 1581.000000, Withdraw 167.000000 
User 1, Acc 4 Balance 1581.000000, Withdraw 500.000000 
User 1, Acc 5 Balance 1692.000000, Withdraw 500.000000 
User 2, Acc 3 Balance 2093.000000, Withdraw 500.000000 
[22;32mUser 1, Acc 6 Balance -150.000000, 				Withdraw 500.000000 --insufficient funds[0m
User 2, Acc 4 Balance 914.000000, Withdraw 500.000000 
[22;32mUser 1, Acc 7 Balance -88.000000, 				Withdraw 500.000000 --insufficient funds[0m
User 4, Acc 5 Balance 1692.000000, Withdraw 307.000000 
User 0, Acc 2 Balance 989.000000, Withdraw 71.000000 
User 3, Acc 3 Balance 2093.000000, Withdraw 127.000000 
User 2, Acc 5 Balance 1192.000000, Withdraw 500.000000 
[22;32mUser 1, Acc 8 Balance 488.000000, 				Withdraw 500.000000 --insufficient funds[0m
User 4, Acc 1 Balance 488.000000, Transfer 89.000000 to Acc 8
User 0, Acc 3 Balance 1093.000000, Withdraw 127.000000 
[22;32mUser 3, Acc 6 Balance -150.000000, 				Withdraw 647.000000 --insufficient funds[0m
[22;32mUser 0, Acc 6 Balance -150.000000, 				Withdraw 647.000000 --insufficient funds[0m
User 0, Acc 6 Balance -150.000000, Deposit 953.000000 
User 4, Acc 1 Balance 399.000000, Transfer 163.000000 to Acc 9
User 0, Acc 7 Balance -88.000000, Deposit 967.000000 
[22;32mUser 2, Acc 6 Balance -150.000000, 				Withdraw 500.000000 --insufficient funds[0m
User 0, Acc 1 Balance 236.000000, Transfer 19.000000 to Acc 7
User 2, Acc 7 Balance 879.000000, Withdraw 500.000000 
User 0, Acc 2 Balance 918.000000, Transfer 23.000000 to Acc 7
User 1, Acc 9 Balance 8650.000000, Withdraw 500.000000 
User 2, Acc 8 Balance 577.000000, Withdraw 500.000000 
User 3, Acc 6 Balance -150.000000, Deposit 953.000000 
User 2, Acc 9 Balance 8313.000000, Withdraw 500.000000 
User 2, Acc 0 Balance 735.000000, Withdraw 500.000000 
User 1, Acc 0 Balance 735.000000, Withdraw 500.000000 
User 4, Acc 1 Balance 236.000000, Withdraw 41.000000 
User 3, Acc 7 Balance 421.000000, Deposit 967.000000 
User 0, Acc 6 Balance 803.000000, Transfer 67.000000 to Acc 5
User 3, Acc 1 Balance 176.000000, Transfer 19.000000 to Acc 7
User 3, Acc 2 Balance 895.000000, Transfer 23.000000 to Acc 7
User 3, Acc 6 Balance 1689.000000, Transfer 67.000000 to Acc 5
User 3, Acc 4 Balance 414.000000, Transfer 53.000000 to Acc 5
User 3, Acc 7 Balance 1430.000000, Withdraw 593.000000 
[22;32mUser 3, Acc 8 Balance 77.000000, 				Withdraw 449.000000 --insufficient funds[0m
User 0, Acc 4 Balance 414.000000, Transfer 53.000000 to Acc 5
User 4, Acc 2 Balance 895.000000, Withdraw 71.000000 
User 4, Acc 3 Balance 839.000000, Withdraw 127.000000 
User 4, Acc 6 Balance 1622.000000, Withdraw 647.000000 
User 4, Acc 6 Balance 975.000000, Deposit 953.000000 
User 0, Acc 7 Balance 837.000000, Withdraw 593.000000 
User 4, Acc 7 Balance 837.000000, Deposit 967.000000 
User 4, Acc 1 Balance 157.000000, Transfer 19.000000 to Acc 7
User 4, Acc 2 Balance 801.000000, Transfer 23.000000 to Acc 7
User 4, Acc 6 Balance 1928.000000, Transfer 67.000000 to Acc 5
User 4, Acc 4 Balance 308.000000, Transfer 53.000000 to Acc 5
[22;32mUser 0, Acc 8 Balance 77.000000, 				Withdraw 449.000000 --insufficient funds[0m
User 4, Acc 7 Balance 1253.000000, Withdraw 593.000000 
[22;32mUser 4, Acc 8 Balance 77.000000, 				Withdraw 449.000000 --insufficient funds[0m
User 4, Acc 9 Balance 7813.000000, Withdraw 163.000000 
User 3, Acc 9 Balance 7813.000000, Withdraw 163.000000 
User 0, Acc 9 Balance 7813.000000, Withdraw 163.000000 
  ***     End of transaction batch    ***  
Account 0 balance after completion of transaction batch: -265.000000
Account 1 balance after completion of transaction batch: 138.000000
Account 2 balance after completion of transaction batch: 778.000000
Account 3 balance after completion of transaction batch: 712.000000
Account 4 balance after completion of transaction batch: 255.000000
Account 5 balance after completion of transaction batch: 745.000000
Account 6 balance after completion of transaction batch: 1861.000000
Account 7 balance after completion of transaction batch: 660.000000
Account 8 balance after completion of transaction batch: 77.000000
Account 9 balance after completion of transaction batch: 7324.000000
