# Output generated by:
# ./my_executable 6 data/transactions7.txt data/transactions11.txt data/transactions6.txt data/transactions9.txt data/transactions2.txt data/transactions5.txt

********************************************
   Reading and parsing a transaction file   
********************************************
Parsed transaction: deposit 7 9929.000000 
Loaded deposit transaction
Parsed transaction: deposit 4 937.000000 
Loaded deposit transaction
Parsed transaction: deposit 5 941.000000 
Loaded deposit transaction
Parsed transaction: deposit 0 7.000000 
Loaded deposit transaction
Parsed transaction: deposit 3 29.000000 
Loaded deposit transaction
Parsed transaction: deposit 7 9.000000 
Loaded deposit transaction
Parsed transaction: deposit 9 129.000000 
Loaded deposit transaction
Parsed transaction: transfer 3 7 29.000000 
Loaded transfer transaction
Parsed transaction: transfer 7 6 31.000000 
Loaded transfer transaction
Parsed transaction: transfer 7 5 137.000000 
Loaded transfer transaction
Parsed transaction: transfer 7 4 3.000000 
Loaded transfer transaction
Parsed transaction: transfer 7 4 5.000000 
Loaded transfer transaction
Parsed transaction: withdraw 4 1167.000000 
Loaded withdrawal transaction
Parsed transaction: withdraw 5 1307.000000 
Loaded withdrawal transaction
Parsed transaction: transfer 1 8 89.000000 
Loaded transfer transaction
Parsed transaction: transfer 1 9 163.000000 
Loaded transfer transaction
Parsed transaction: withdraw 1 41.000000 
Loaded withdrawal transaction
Parsed transaction: withdraw 2 71.000000 
Loaded withdrawal transaction
Parsed transaction: withdraw 3 1127.000000 
Loaded withdrawal transaction
Parsed transaction: withdraw 6 647.000000 
Loaded withdrawal transaction
Parsed transaction: deposit 6 1953.000000 
Loaded deposit transaction
Parsed transaction: deposit 7 967.000000 
Loaded deposit transaction
Parsed transaction: transfer 1 7 19.000000 
Loaded transfer transaction
Parsed transaction: transfer 2 7 23.000000 
Loaded transfer transaction
Parsed transaction: transfer 6 5 1167.000000 
Loaded transfer transaction
Parsed transaction: transfer 4 5 53.000000 
Loaded transfer transaction
Parsed transaction: withdraw 7 1593.000000 
Loaded withdrawal transaction
Parsed transaction: withdraw 8 449.000000 
Loaded withdrawal transaction
Parsed transaction: withdraw 9 163.000000 
Loaded withdrawal transaction
********************************************
********************************************
   Reading and parsing a transaction file   
********************************************
Parsed transaction: deposit 9 617.000000 
Loaded deposit transaction
Parsed transaction: transfer 9 9 617.000000 
Loaded transfer transaction
Parsed transaction: deposit 8 619.000000 
Loaded deposit transaction
Parsed transaction: transfer 8 2 619.000000 
Loaded transfer transaction
Parsed transaction: deposit 7 631.000000 
Loaded deposit transaction
Parsed transaction: transfer 7 3 631.000000 
Loaded transfer transaction
Parsed transaction: deposit 6 641.000000 
Loaded deposit transaction
Parsed transaction: transfer 6 4 641.000000 
Loaded transfer transaction
Parsed transaction: deposit 5 643.000000 
Loaded deposit transaction
Parsed transaction: transfer 5 6 1200.000000 
Loaded transfer transaction
Parsed transaction: deposit 4 647.000000 
Loaded deposit transaction
Parsed transaction: transfer 4 7 1200.000000 
Loaded transfer transaction
Parsed transaction: deposit 3 653.000000 
Loaded deposit transaction
Parsed transaction: transfer 3 8 1200.000000 
Loaded transfer transaction
Parsed transaction: deposit 2 659.000000 
Loaded deposit transaction
Parsed transaction: transfer 2 9 1200.000000 
Loaded transfer transaction
Parsed transaction: deposit 1 661.000000 
Loaded deposit transaction
Parsed transaction: transfer 1 9 1200.000000 
Loaded transfer transaction
Parsed transaction: deposit 0 673.000000 
Loaded deposit transaction
Parsed transaction: transfer 0 9 1200.000000 
Loaded transfer transaction
Parsed transaction: withdraw 1 50.000000 
Loaded withdrawal transaction
Parsed transaction: withdraw 2 50.000000 
Loaded withdrawal transaction
Parsed transaction: withdraw 3 50.000000 
Loaded withdrawal transaction
Parsed transaction: withdraw 4 50.000000 
Loaded withdrawal transaction
Parsed transaction: withdraw 5 50.000000 
Loaded withdrawal transaction
Parsed transaction: withdraw 6 50.000000 
Loaded withdrawal transaction
Parsed transaction: withdraw 7 50.000000 
Loaded withdrawal transaction
Parsed transaction: withdraw 8 50.000000 
Loaded withdrawal transaction
Parsed transaction: withdraw 9 50.000000 
Loaded withdrawal transaction
Parsed transaction: withdraw 0 50.000000 
Loaded withdrawal transaction
********************************************
********************************************
   Reading and parsing a transaction file   
********************************************
Parsed transaction: deposit 0 7.000000 
Loaded deposit transaction
Parsed transaction: deposit 1 11.000000 
Loaded deposit transaction
Parsed transaction: deposit 2 9.000000 
Loaded deposit transaction
Parsed transaction: transfer 3 7 29.000000 
Loaded transfer transaction
Parsed transaction: transfer 7 6 31.000000 
Loaded transfer transaction
Parsed transaction: transfer 7 5 137.000000 
Loaded transfer transaction
Parsed transaction: transfer 7 4 3.000000 
Loaded transfer transaction
Parsed transaction: transfer 7 4 5.000000 
Loaded transfer transaction
Parsed transaction: deposit 3 929.000000 
Loaded deposit transaction
Parsed transaction: deposit 4 937.000000 
Loaded deposit transaction
Parsed transaction: deposit 5 941.000000 
Loaded deposit transaction
Parsed transaction: withdraw 4 1167.000000 
Loaded withdrawal transaction
Parsed transaction: withdraw 5 1307.000000 
Loaded withdrawal transaction
Parsed transaction: transfer 1 8 89.000000 
Loaded transfer transaction
Parsed transaction: transfer 1 9 163.000000 
Loaded transfer transaction
Parsed transaction: withdraw 1 41.000000 
Loaded withdrawal transaction
Parsed transaction: withdraw 2 71.000000 
Loaded withdrawal transaction
Parsed transaction: withdraw 3 1127.000000 
Loaded withdrawal transaction
Parsed transaction: withdraw 6 647.000000 
Loaded withdrawal transaction
Parsed transaction: deposit 6 953.000000 
Loaded deposit transaction
Parsed transaction: deposit 7 967.000000 
Loaded deposit transaction
Parsed transaction: transfer 1 7 19.000000 
Loaded transfer transaction
Parsed transaction: transfer 2 7 23.000000 
Loaded transfer transaction
Parsed transaction: transfer 6 5 1167.000000 
Loaded transfer transaction
Parsed transaction: transfer 4 5 53.000000 
Loaded transfer transaction
Parsed transaction: withdraw 7 1593.000000 
Loaded withdrawal transaction
Parsed transaction: withdraw 8 449.000000 
Loaded withdrawal transaction
Parsed transaction: withdraw 9 163.000000 
Loaded withdrawal transaction
********************************************
********************************************
   Reading and parsing a transaction file   
********************************************
Parsed transaction: deposit 9 617.000000 
Loaded deposit transaction
Parsed transaction: transfer 9 1 617.000000 
Loaded transfer transaction
Parsed transaction: deposit 8 619.000000 
Loaded deposit transaction
Parsed transaction: transfer 8 2 619.000000 
Loaded transfer transaction
Parsed transaction: deposit 7 631.000000 
Loaded deposit transaction
Parsed transaction: transfer 7 3 631.000000 
Loaded transfer transaction
Parsed transaction: deposit 6 641.000000 
Loaded deposit transaction
Parsed transaction: transfer 6 4 641.000000 
Loaded transfer transaction
Parsed transaction: deposit 5 643.000000 
Loaded deposit transaction
Parsed transaction: transfer 5 6 1200.000000 
Loaded transfer transaction
Parsed transaction: deposit 4 647.000000 
Loaded deposit transaction
Parsed transaction: transfer 4 7 1200.000000 
Loaded transfer transaction
Parsed transaction: deposit 3 653.000000 
Loaded deposit transaction
Parsed transaction: transfer 3 8 1200.000000 
Loaded transfer transaction
Parsed transaction: deposit 2 659.000000 
Loaded deposit transaction
Parsed transaction: transfer 2 9 1200.000000 
Loaded transfer transaction
Parsed transaction: deposit 1 661.000000 
Loaded deposit transaction
Parsed transaction: transfer 1 9 1200.000000 
Loaded transfer transaction
Parsed transaction: deposit 0 673.000000 
Loaded deposit transaction
Parsed transaction: transfer 0 9 1200.000000 
Loaded transfer transaction
Parsed transaction: withdraw 1 50.000000 
Loaded withdrawal transaction
Parsed transaction: withdraw 2 50.000000 
Loaded withdrawal transaction
Parsed transaction: withdraw 3 50.000000 
Loaded withdrawal transaction
Parsed transaction: withdraw 4 50.000000 
Loaded withdrawal transaction
Parsed transaction: withdraw 5 50.000000 
Loaded withdrawal transaction
Parsed transaction: withdraw 6 50.000000 
Loaded withdrawal transaction
Parsed transaction: withdraw 7 50.000000 
Loaded withdrawal transaction
Parsed transaction: withdraw 8 50.000000 
Loaded withdrawal transaction
Parsed transaction: withdraw 9 50.000000 
Loaded withdrawal transaction
Parsed transaction: withdraw 0 50.000000 
Loaded withdrawal transaction
********************************************
********************************************
   Reading and parsing a transaction file   
********************************************
Parsed transaction: deposit 0 400.000000 
Loaded deposit transaction
Parsed transaction: withdraw 0 200.000000 
Loaded withdrawal transaction
Parsed transaction: deposit 0 100.000000 
Loaded deposit transaction
Parsed transaction: withdraw 0 50.000000 
Loaded withdrawal transaction
Parsed transaction: withdraw 0 150.000000 
Loaded withdrawal transaction
Parsed transaction: deposit 0 300.000000 
Loaded deposit transaction
Parsed transaction: transfer 0 1 300.000000 
Loaded transfer transaction
Parsed transaction: balance 1 
Loaded balance transaction
********************************************
********************************************
   Reading and parsing a transaction file   
********************************************
Parsed transaction: deposit 0 907.000000 
Loaded deposit transaction
Parsed transaction: deposit 1 911.000000 
Loaded deposit transaction
Parsed transaction: deposit 2 919.000000 
Loaded deposit transaction
Parsed transaction: transfer 3 7 29.000000 
Loaded transfer transaction
Parsed transaction: transfer 7 6 31.000000 
Loaded transfer transaction
Parsed transaction: transfer 7 5 37.000000 
Loaded transfer transaction
Parsed transaction: transfer 7 4 3.000000 
Loaded transfer transaction
Parsed transaction: transfer 7 4 5.000000 
Loaded transfer transaction
Parsed transaction: deposit 3 929.000000 
Loaded deposit transaction
Parsed transaction: deposit 4 937.000000 
Loaded deposit transaction
Parsed transaction: deposit 5 941.000000 
Loaded deposit transaction
Parsed transaction: withdraw 4 167.000000 
Loaded withdrawal transaction
Parsed transaction: withdraw 5 307.000000 
Loaded withdrawal transaction
Parsed transaction: transfer 1 8 89.000000 
Loaded transfer transaction
Parsed transaction: transfer 1 9 163.000000 
Loaded transfer transaction
Parsed transaction: withdraw 1 41.000000 
Loaded withdrawal transaction
Parsed transaction: withdraw 2 71.000000 
Loaded withdrawal transaction
Parsed transaction: withdraw 3 127.000000 
Loaded withdrawal transaction
Parsed transaction: withdraw 6 647.000000 
Loaded withdrawal transaction
Parsed transaction: deposit 6 953.000000 
Loaded deposit transaction
Parsed transaction: deposit 7 967.000000 
Loaded deposit transaction
Parsed transaction: transfer 1 7 19.000000 
Loaded transfer transaction
Parsed transaction: transfer 2 7 23.000000 
Loaded transfer transaction
Parsed transaction: transfer 6 5 67.000000 
Loaded transfer transaction
Parsed transaction: transfer 4 5 53.000000 
Loaded transfer transaction
Parsed transaction: withdraw 7 593.000000 
Loaded withdrawal transaction
Parsed transaction: withdraw 8 449.000000 
Loaded withdrawal transaction
Parsed transaction: withdraw 9 163.000000 
Loaded withdrawal transaction
********************************************
  ***    Start of transaction batch    ***  
User 0, Acc 7 Balance 0.000000, Deposit 9929.000000 
User 0, Acc 4 Balance 0.000000, Deposit 937.000000 
User 0, Acc 5 Balance 0.000000, Deposit 941.000000 
User 0, Acc 0 Balance 0.000000, Deposit 7.000000 
User 0, Acc 3 Balance 0.000000, Deposit 29.000000 
User 0, Acc 7 Balance 9929.000000, Deposit 9.000000 
User 0, Acc 9 Balance 0.000000, Deposit 129.000000 
User 0, Acc 3 Balance 29.000000, Transfer 29.000000 to Acc 7
User 0, Acc 7 Balance 9967.000000, Transfer 31.000000 to Acc 6
User 0, Acc 7 Balance 9936.000000, Transfer 137.000000 to Acc 5
User 0, Acc 7 Balance 9799.000000, Transfer 3.000000 to Acc 4
User 0, Acc 7 Balance 9796.000000, Transfer 5.000000 to Acc 4
[22;32mUser 0, Acc 4 Balance 945.000000, 				Withdraw 1167.000000 --insufficient funds[0m
[22;32mUser 0, Acc 5 Balance 1078.000000, 				Withdraw 1307.000000 --insufficient funds[0m
[22;32mUser 0, Acc 1 Balance 0.000000, 				Withdraw 41.000000 --insufficient funds[0m
[22;32mUser 0, Acc 2 Balance 0.000000, 				Withdraw 71.000000 --insufficient funds[0m
[22;32mUser 0, Acc 3 Balance 0.000000, 				Withdraw 1127.000000 --insufficient funds[0m
[22;32mUser 0, Acc 6 Balance 31.000000, 				Withdraw 647.000000 --insufficient funds[0m
User 0, Acc 6 Balance 31.000000, Deposit 1953.000000 
User 0, Acc 7 Balance 9791.000000, Deposit 967.000000 
User 0, Acc 6 Balance 1984.000000, Transfer 1167.000000 to Acc 5
User 0, Acc 4 Balance 945.000000, Transfer 53.000000 to Acc 5
User 0, Acc 7 Balance 10758.000000, Withdraw 1593.000000 
[22;32mUser 0, Acc 8 Balance 0.000000, 				Withdraw 449.000000 --insufficient funds[0m
[22;32mUser 0, Acc 9 Balance 129.000000, 				Withdraw 163.000000 --insufficient funds[0m
User 0, Acc 0 Balance 7.000000, Deposit 7.000000 
User 0, Acc 1 Balance 0.000000, Deposit 11.000000 
User 0, Acc 2 Balance 0.000000, Deposit 9.000000 
User 5, Acc 0 Balance 14.000000, Deposit 400.000000 
User 3, Acc 9 Balance 129.000000, Deposit 617.000000 
User 1, Acc 7 Balance 9165.000000, Deposit 9929.000000 
User 4, Acc 0 Balance 14.000000, Deposit 907.000000 
User 0, Acc 7 Balance 9165.000000, Transfer 31.000000 to Acc 6
User 0, Acc 7 Balance 19063.000000, Transfer 137.000000 to Acc 5
User 5, Acc 0 Balance 414.000000, Withdraw 200.000000 
User 0, Acc 7 Balance 18926.000000, Transfer 3.000000 to Acc 4
User 3, Acc 9 Balance 746.000000, Transfer 617.000000 to Acc 1
User 4, Acc 1 Balance 11.000000, Deposit 911.000000 
User 4, Acc 2 Balance 9.000000, Deposit 919.000000 
User 4, Acc 7 Balance 18923.000000, Transfer 31.000000 to Acc 6
User 4, Acc 7 Balance 18892.000000, Transfer 37.000000 to Acc 5
User 4, Acc 7 Balance 18855.000000, Transfer 3.000000 to Acc 4
User 4, Acc 7 Balance 18852.000000, Transfer 5.000000 to Acc 4
User 0, Acc 7 Balance 18923.000000, Transfer 5.000000 to Acc 4
User 0, Acc 3 Balance 0.000000, Deposit 929.000000 
User 0, Acc 4 Balance 908.000000, Deposit 937.000000 
User 0, Acc 5 Balance 2472.000000, Deposit 941.000000 
User 0, Acc 4 Balance 1845.000000, Withdraw 1167.000000 
User 5, Acc 0 Balance 1121.000000, Deposit 100.000000 
User 0, Acc 5 Balance 3413.000000, Withdraw 1307.000000 
User 0, Acc 1 Balance 1539.000000, Transfer 89.000000 to Acc 8
User 5, Acc 0 Balance 1221.000000, Withdraw 50.000000 
User 4, Acc 3 Balance 0.000000, Deposit 929.000000 
User 3, Acc 8 Balance 0.000000, Deposit 619.000000 
User 4, Acc 4 Balance 678.000000, Deposit 937.000000 
User 3, Acc 8 Balance 708.000000, Transfer 619.000000 to Acc 2
User 4, Acc 5 Balance 2106.000000, Deposit 941.000000 
User 3, Acc 7 Balance 18842.000000, Deposit 631.000000 
User 1, Acc 4 Balance 892.000000, Deposit 937.000000 
User 3, Acc 7 Balance 19473.000000, Transfer 631.000000 to Acc 3
User 5, Acc 0 Balance 1171.000000, Withdraw 150.000000 
User 2, Acc 9 Balance 129.000000, Deposit 617.000000 
User 4, Acc 4 Balance 1615.000000, Withdraw 167.000000 
User 0, Acc 1 Balance 1450.000000, Transfer 163.000000 to Acc 9
User 4, Acc 5 Balance 3047.000000, Withdraw 307.000000 
User 3, Acc 6 Balance 879.000000, Deposit 641.000000 
User 4, Acc 1 Balance 1287.000000, Transfer 89.000000 to Acc 8
User 3, Acc 6 Balance 1520.000000, Transfer 641.000000 to Acc 4
User 2, Acc 9 Balance 746.000000, Transfer 617.000000 to Acc 9
User 1, Acc 5 Balance 3047.000000, Deposit 941.000000 
User 5, Acc 0 Balance 1021.000000, Deposit 300.000000 
User 4, Acc 1 Balance 1198.000000, Transfer 163.000000 to Acc 9
User 4, Acc 1 Balance 1035.000000, Withdraw 41.000000 
User 4, Acc 2 Balance 1547.000000, Withdraw 71.000000 
User 4, Acc 3 Balance 2489.000000, Withdraw 127.000000 
User 4, Acc 6 Balance 879.000000, Withdraw 647.000000 
User 4, Acc 6 Balance 232.000000, Deposit 953.000000 
User 3, Acc 5 Balance 2740.000000, Deposit 643.000000 
User 4, Acc 7 Balance 18842.000000, Deposit 967.000000 
User 4, Acc 1 Balance 994.000000, Transfer 19.000000 to Acc 7
User 2, Acc 8 Balance 178.000000, Deposit 619.000000 
User 4, Acc 2 Balance 1476.000000, Transfer 23.000000 to Acc 7
User 5, Acc 0 Balance 1321.000000, Transfer 300.000000 to Acc 1
User 0, Acc 1 Balance 1287.000000, Withdraw 41.000000 
User 3, Acc 5 Balance 4324.000000, Transfer 1200.000000 to Acc 6
User 2, Acc 8 Balance 797.000000, Transfer 619.000000 to Acc 2
User 3, Acc 4 Balance 3026.000000, Deposit 647.000000 
User 1, Acc 0 Balance 1021.000000, Deposit 7.000000 
User 3, Acc 4 Balance 3673.000000, Transfer 1200.000000 to Acc 7
Balance in 1: 1275.000000
User 3, Acc 3 Balance 2362.000000, Deposit 653.000000 
User 5, Acc 9 Balance 1072.000000, Deposit 617.000000 
User 5, Acc 9 Balance 1689.000000, Transfer 617.000000 to Acc 9
User 1, Acc 3 Balance 2362.000000, Deposit 29.000000 
User 0, Acc 2 Balance 1453.000000, Withdraw 71.000000 
User 1, Acc 7 Balance 21051.000000, Deposit 9.000000 
User 0, Acc 3 Balance 3044.000000, Withdraw 1127.000000 
User 0, Acc 6 Balance 2385.000000, Withdraw 647.000000 
User 3, Acc 3 Balance 3015.000000, Transfer 1200.000000 to Acc 8
User 5, Acc 8 Balance 178.000000, Deposit 619.000000 
User 3, Acc 2 Balance 2001.000000, Deposit 659.000000 
User 5, Acc 8 Balance 1997.000000, Transfer 619.000000 to Acc 2
User 4, Acc 6 Balance 1185.000000, Transfer 67.000000 to Acc 5
User 4, Acc 4 Balance 2473.000000, Transfer 53.000000 to Acc 5
User 4, Acc 7 Balance 21060.000000, Withdraw 593.000000 
User 4, Acc 8 Balance 1378.000000, Withdraw 449.000000 
User 4, Acc 9 Balance 1689.000000, Withdraw 163.000000 
User 4, Acc 0 Balance 1028.000000, Deposit 7.000000 
User 4, Acc 1 Balance 1234.000000, Deposit 11.000000 
User 4, Acc 2 Balance 3279.000000, Deposit 9.000000 
User 1, Acc 9 Balance 1689.000000, Deposit 129.000000 
User 4, Acc 3 Balance 717.000000, Transfer 29.000000 to Acc 7
User 5, Acc 7 Balance 21060.000000, Deposit 631.000000 
User 4, Acc 7 Balance 20496.000000, Transfer 31.000000 to Acc 6
User 2, Acc 7 Balance 19851.000000, Deposit 631.000000 
User 4, Acc 7 Balance 21096.000000, Transfer 137.000000 to Acc 5
User 3, Acc 2 Balance 2660.000000, Transfer 1200.000000 to Acc 9
User 4, Acc 7 Balance 21590.000000, Transfer 3.000000 to Acc 4
User 4, Acc 7 Balance 21587.000000, Transfer 5.000000 to Acc 4
User 3, Acc 1 Balance 1245.000000, Deposit 661.000000 
User 4, Acc 3 Balance 688.000000, Deposit 929.000000 
User 2, Acc 7 Balance 21727.000000, Transfer 631.000000 to Acc 3
User 4, Acc 4 Balance 2428.000000, Deposit 937.000000 
User 2, Acc 6 Balance 1702.000000, Deposit 641.000000 
User 4, Acc 5 Balance 3381.000000, Deposit 941.000000 
User 3, Acc 1 Balance 1906.000000, Transfer 1200.000000 to Acc 9
User 4, Acc 4 Balance 3365.000000, Withdraw 1167.000000 
User 5, Acc 7 Balance 21127.000000, Transfer 631.000000 to Acc 3
User 4, Acc 5 Balance 4322.000000, Withdraw 1307.000000 
User 1, Acc 3 Balance 717.000000, Transfer 29.000000 to Acc 7
User 4, Acc 1 Balance 706.000000, Transfer 89.000000 to Acc 8
User 1, Acc 7 Balance 20349.000000, Transfer 31.000000 to Acc 6
User 0, Acc 6 Balance 1738.000000, Deposit 953.000000 
User 1, Acc 7 Balance 20318.000000, Transfer 137.000000 to Acc 5
User 0, Acc 7 Balance 20318.000000, Deposit 967.000000 
User 1, Acc 7 Balance 20181.000000, Transfer 3.000000 to Acc 4
User 1, Acc 7 Balance 20178.000000, Transfer 5.000000 to Acc 4
User 0, Acc 1 Balance 617.000000, Transfer 19.000000 to Acc 7
User 1, Acc 4 Balance 2206.000000, Withdraw 1167.000000 
User 3, Acc 0 Balance 1035.000000, Deposit 673.000000 
User 4, Acc 1 Balance 617.000000, Transfer 163.000000 to Acc 9
User 4, Acc 1 Balance 435.000000, Withdraw 41.000000 
User 4, Acc 2 Balance 2088.000000, Withdraw 71.000000 
User 4, Acc 3 Balance 2850.000000, Withdraw 1127.000000 
User 4, Acc 6 Balance 3327.000000, Withdraw 647.000000 
User 4, Acc 6 Balance 2680.000000, Deposit 953.000000 
User 4, Acc 7 Balance 21159.000000, Deposit 967.000000 
User 4, Acc 1 Balance 394.000000, Transfer 19.000000 to Acc 7
User 4, Acc 2 Balance 2017.000000, Transfer 23.000000 to Acc 7
User 4, Acc 6 Balance 3633.000000, Transfer 1167.000000 to Acc 5
User 4, Acc 4 Balance 1039.000000, Transfer 53.000000 to Acc 5
User 4, Acc 7 Balance 22168.000000, Withdraw 1593.000000 
User 4, Acc 8 Balance 1018.000000, Withdraw 449.000000 
User 4, Acc 9 Balance 4218.000000, Withdraw 163.000000 
User 4, Acc 7 Balance 20575.000000, Deposit 9929.000000 
User 4, Acc 4 Balance 986.000000, Deposit 937.000000 
User 4, Acc 5 Balance 4372.000000, Deposit 941.000000 
User 4, Acc 0 Balance 1708.000000, Deposit 7.000000 
User 4, Acc 3 Balance 1723.000000, Deposit 29.000000 
User 4, Acc 7 Balance 30504.000000, Deposit 9.000000 
User 4, Acc 9 Balance 4055.000000, Deposit 129.000000 
User 4, Acc 3 Balance 1752.000000, Transfer 29.000000 to Acc 7
User 4, Acc 7 Balance 30542.000000, Transfer 31.000000 to Acc 6
User 4, Acc 7 Balance 30511.000000, Transfer 137.000000 to Acc 5
User 4, Acc 7 Balance 30374.000000, Transfer 3.000000 to Acc 4
User 4, Acc 7 Balance 30371.000000, Transfer 5.000000 to Acc 4
User 2, Acc 6 Balance 2343.000000, Transfer 641.000000 to Acc 4
User 4, Acc 4 Balance 1931.000000, Withdraw 1167.000000 
User 0, Acc 2 Balance 2088.000000, Transfer 23.000000 to Acc 7
User 4, Acc 5 Balance 5450.000000, Withdraw 1307.000000 
User 0, Acc 6 Balance 1856.000000, Transfer 1167.000000 to Acc 5
User 4, Acc 1 Balance 375.000000, Transfer 89.000000 to Acc 8
User 0, Acc 4 Balance 1405.000000, Transfer 53.000000 to Acc 5
User 0, Acc 7 Balance 30389.000000, Withdraw 1593.000000 
User 1, Acc 5 Balance 3152.000000, Withdraw 1307.000000 
User 0, Acc 8 Balance 658.000000, Withdraw 449.000000 
User 2, Acc 5 Balance 5450.000000, Deposit 643.000000 
User 5, Acc 6 Balance 2343.000000, Deposit 641.000000 
User 2, Acc 5 Balance 4699.000000, Transfer 1200.000000 to Acc 6
User 2, Acc 4 Balance 1352.000000, Deposit 647.000000 
User 4, Acc 1 Balance 286.000000, Transfer 163.000000 to Acc 9
User 1, Acc 1 Balance 286.000000, Transfer 89.000000 to Acc 8
User 4, Acc 1 Balance 123.000000, Withdraw 41.000000 
User 5, Acc 6 Balance 2530.000000, Transfer 641.000000 to Acc 4
User 4, Acc 2 Balance 1971.000000, Withdraw 71.000000 
User 2, Acc 4 Balance 1999.000000, Transfer 1200.000000 to Acc 7
User 4, Acc 3 Balance 1723.000000, Withdraw 1127.000000 
[22;32mUser 1, Acc 1 Balance 34.000000, 				Withdraw 41.000000 --insufficient funds[0m
User 4, Acc 6 Balance 1889.000000, Withdraw 647.000000 
User 1, Acc 2 Balance 1900.000000, Withdraw 71.000000 
User 4, Acc 6 Balance 1242.000000, Deposit 1953.000000 
User 2, Acc 3 Balance 1723.000000, Deposit 653.000000 
User 4, Acc 7 Balance 29996.000000, Deposit 967.000000 
User 2, Acc 3 Balance 1249.000000, Transfer 1200.000000 to Acc 8
User 5, Acc 5 Balance 3499.000000, Deposit 643.000000 
User 4, Acc 2 Balance 1829.000000, Transfer 23.000000 to Acc 7
User 5, Acc 5 Balance 4142.000000, Transfer 1200.000000 to Acc 6
User 4, Acc 6 Balance 3195.000000, Transfer 1167.000000 to Acc 5
User 4, Acc 4 Balance 1440.000000, Transfer 53.000000 to Acc 5
User 4, Acc 7 Balance 30986.000000, Withdraw 1593.000000 
User 4, Acc 8 Balance 1498.000000, Withdraw 449.000000 
User 4, Acc 9 Balance 4347.000000, Withdraw 163.000000 
User 4, Acc 9 Balance 4184.000000, Deposit 617.000000 
User 4, Acc 9 Balance 4801.000000, Transfer 617.000000 to Acc 1
User 4, Acc 8 Balance 1049.000000, Deposit 619.000000 
User 4, Acc 8 Balance 1668.000000, Transfer 619.000000 to Acc 2
User 4, Acc 7 Balance 29393.000000, Deposit 631.000000 
User 4, Acc 7 Balance 30024.000000, Transfer 631.000000 to Acc 3
User 4, Acc 6 Balance 3228.000000, Deposit 641.000000 
User 4, Acc 6 Balance 3869.000000, Transfer 641.000000 to Acc 4
User 4, Acc 5 Balance 4162.000000, Deposit 643.000000 
User 4, Acc 5 Balance 4805.000000, Transfer 1200.000000 to Acc 6
User 4, Acc 4 Balance 2028.000000, Deposit 647.000000 
User 4, Acc 4 Balance 2675.000000, Transfer 1200.000000 to Acc 7
User 4, Acc 3 Balance 680.000000, Deposit 653.000000 
User 4, Acc 3 Balance 1333.000000, Transfer 1200.000000 to Acc 8
User 4, Acc 2 Balance 2425.000000, Deposit 659.000000 
User 4, Acc 2 Balance 3084.000000, Transfer 1200.000000 to Acc 9
User 4, Acc 1 Balance 610.000000, Deposit 661.000000 
User 4, Acc 1 Balance 1271.000000, Transfer 1200.000000 to Acc 9
User 4, Acc 0 Balance 1715.000000, Deposit 673.000000 
User 4, Acc 0 Balance 2388.000000, Transfer 1200.000000 to Acc 9
User 4, Acc 1 Balance 71.000000, Withdraw 50.000000 
User 4, Acc 2 Balance 1884.000000, Withdraw 50.000000 
User 4, Acc 3 Balance 133.000000, Withdraw 50.000000 
User 4, Acc 4 Balance 1475.000000, Withdraw 50.000000 
User 4, Acc 5 Balance 3605.000000, Withdraw 50.000000 
User 4, Acc 6 Balance 4428.000000, Withdraw 50.000000 
User 4, Acc 7 Balance 30593.000000, Withdraw 50.000000 
User 4, Acc 8 Balance 2249.000000, Withdraw 50.000000 
User 4, Acc 9 Balance 7784.000000, Withdraw 50.000000 
User 4, Acc 0 Balance 1188.000000, Withdraw 50.000000 
User 4, Acc 9 Balance 7734.000000, Deposit 617.000000 
User 4, Acc 9 Balance 8351.000000, Transfer 617.000000 to Acc 9
User 4, Acc 8 Balance 2199.000000, Deposit 619.000000 
User 4, Acc 8 Balance 2818.000000, Transfer 619.000000 to Acc 2
User 4, Acc 7 Balance 30543.000000, Deposit 631.000000 
User 4, Acc 7 Balance 31174.000000, Transfer 631.000000 to Acc 3
User 4, Acc 6 Balance 4378.000000, Deposit 641.000000 
[22;32mUser 1, Acc 3 Balance 596.000000, 				Withdraw 1127.000000 --insufficient funds[0m
User 4, Acc 6 Balance 5019.000000, Transfer 641.000000 to Acc 4
User 5, Acc 4 Balance 1440.000000, Deposit 647.000000 
User 4, Acc 5 Balance 3555.000000, Deposit 643.000000 
User 2, Acc 2 Balance 1829.000000, Deposit 659.000000 
User 4, Acc 5 Balance 4198.000000, Transfer 1200.000000 to Acc 6
User 1, Acc 6 Balance 5019.000000, Withdraw 647.000000 
User 3, Acc 0 Balance 1708.000000, Transfer 1200.000000 to Acc 9
User 5, Acc 4 Balance 2713.000000, Transfer 1200.000000 to Acc 7
[22;32mUser 3, Acc 1 Balance 21.000000, 				Withdraw 50.000000 --insufficient funds[0m
User 2, Acc 2 Balance 3112.000000, Transfer 1200.000000 to Acc 9
User 3, Acc 2 Balance 3112.000000, Withdraw 50.000000 
User 3, Acc 3 Balance 714.000000, Withdraw 50.000000 
User 4, Acc 4 Balance 2713.000000, Deposit 647.000000 
User 0, Acc 9 Balance 4184.000000, Withdraw 163.000000 
User 4, Acc 4 Balance 2160.000000, Transfer 1200.000000 to Acc 7
User 2, Acc 1 Balance 21.000000, Deposit 661.000000 
User 4, Acc 3 Balance 664.000000, Deposit 653.000000 
User 1, Acc 6 Balance 4931.000000, Deposit 1953.000000 
User 4, Acc 3 Balance 1317.000000, Transfer 1200.000000 to Acc 8
User 1, Acc 7 Balance 32943.000000, Deposit 967.000000 
User 4, Acc 2 Balance 1862.000000, Deposit 659.000000 
User 2, Acc 0 Balance -62.000000, Deposit 673.000000 
User 4, Acc 2 Balance 2521.000000, Transfer 1200.000000 to Acc 9
User 2, Acc 1 Balance 682.000000, Withdraw 50.000000 
User 4, Acc 1 Balance 682.000000, Deposit 661.000000 
User 1, Acc 1 Balance 682.000000, Transfer 19.000000 to Acc 7
User 4, Acc 1 Balance 1293.000000, Transfer 1200.000000 to Acc 9
User 1, Acc 2 Balance 1321.000000, Transfer 23.000000 to Acc 7
User 0, Acc 7 Balance 31743.000000, Deposit 9929.000000 
User 2, Acc 2 Balance 1321.000000, Withdraw 50.000000 
User 0, Acc 4 Balance 960.000000, Deposit 937.000000 
User 2, Acc 3 Balance 117.000000, Withdraw 50.000000 
User 0, Acc 5 Balance 2998.000000, Deposit 941.000000 
User 1, Acc 6 Balance 6884.000000, Transfer 1167.000000 to Acc 5
User 3, Acc 4 Balance 1513.000000, Withdraw 50.000000 
User 1, Acc 4 Balance 1897.000000, Transfer 53.000000 to Acc 5
User 1, Acc 7 Balance 43881.000000, Withdraw 1593.000000 
User 2, Acc 4 Balance 1897.000000, Withdraw 50.000000 
User 1, Acc 8 Balance 3399.000000, Withdraw 449.000000 
User 2, Acc 5 Balance 5159.000000, Withdraw 50.000000 
User 2, Acc 6 Balance 5717.000000, Withdraw 50.000000 
User 2, Acc 7 Balance 42288.000000, Withdraw 50.000000 
User 2, Acc 8 Balance 2950.000000, Withdraw 50.000000 
User 2, Acc 9 Balance 12988.000000, Withdraw 50.000000 
User 2, Acc 0 Balance 611.000000, Withdraw 50.000000 
User 2, Acc 7 Balance 42238.000000, Deposit 9929.000000 
User 2, Acc 4 Balance 1744.000000, Deposit 937.000000 
User 2, Acc 5 Balance 5109.000000, Deposit 941.000000 
User 2, Acc 0 Balance 561.000000, Deposit 7.000000 
User 3, Acc 5 Balance 5159.000000, Withdraw 50.000000 
User 3, Acc 6 Balance 5667.000000, Withdraw 50.000000 
User 3, Acc 7 Balance 52167.000000, Withdraw 50.000000 
User 3, Acc 8 Balance 2900.000000, Withdraw 50.000000 
User 3, Acc 9 Balance 12938.000000, Withdraw 50.000000 
User 3, Acc 0 Balance 568.000000, Withdraw 50.000000 
User 3, Acc 7 Balance 52117.000000, Deposit 9929.000000 
User 3, Acc 4 Balance 2681.000000, Deposit 937.000000 
User 3, Acc 5 Balance 6000.000000, Deposit 941.000000 
User 3, Acc 0 Balance 518.000000, Deposit 7.000000 
User 3, Acc 3 Balance 67.000000, Deposit 29.000000 
User 0, Acc 0 Balance 611.000000, Deposit 7.000000 
User 3, Acc 7 Balance 62046.000000, Deposit 9.000000 
User 0, Acc 3 Balance 96.000000, Deposit 29.000000 
User 3, Acc 9 Balance 12888.000000, Deposit 129.000000 
User 3, Acc 3 Balance 96.000000, Transfer 29.000000 to Acc 7
User 4, Acc 0 Balance 611.000000, Deposit 673.000000 
User 4, Acc 0 Balance 1205.000000, Transfer 1200.000000 to Acc 9
User 4, Acc 1 Balance 74.000000, Withdraw 50.000000 
User 2, Acc 3 Balance 67.000000, Deposit 29.000000 
User 4, Acc 2 Balance 1248.000000, Withdraw 50.000000 
User 0, Acc 7 Balance 62055.000000, Deposit 9.000000 
User 4, Acc 3 Balance 125.000000, Withdraw 50.000000 
User 0, Acc 9 Balance 14217.000000, Deposit 129.000000 
User 1, Acc 9 Balance 12988.000000, Withdraw 163.000000 
User 3, Acc 7 Balance 62084.000000, Transfer 31.000000 to Acc 6
User 1, Acc 0 Balance 5.000000, Deposit 7.000000 
User 3, Acc 7 Balance 62062.000000, Transfer 137.000000 to Acc 5
User 4, Acc 4 Balance 3618.000000, Withdraw 50.000000 
User 2, Acc 7 Balance 62084.000000, Deposit 9.000000 
User 4, Acc 5 Balance 7078.000000, Withdraw 50.000000 
User 1, Acc 1 Balance 24.000000, Deposit 11.000000 
User 4, Acc 6 Balance 5648.000000, Withdraw 50.000000 
User 1, Acc 2 Balance 1198.000000, Deposit 9.000000 
User 1, Acc 3 Balance 75.000000, Transfer 29.000000 to Acc 7
User 3, Acc 7 Balance 61925.000000, Transfer 3.000000 to Acc 4
User 5, Acc 3 Balance 714.000000, Deposit 653.000000 
User 3, Acc 7 Balance 61960.000000, Transfer 5.000000 to Acc 4
User 4, Acc 7 Balance 61934.000000, Withdraw 50.000000 
User 1, Acc 7 Balance 61963.000000, Transfer 31.000000 to Acc 6
User 4, Acc 8 Balance 2850.000000, Withdraw 50.000000 
User 2, Acc 9 Balance 14183.000000, Deposit 129.000000 
User 4, Acc 9 Balance 14183.000000, Withdraw 50.000000 
User 2, Acc 3 Balance 699.000000, Transfer 29.000000 to Acc 7
[22;32mUser 4, Acc 0 Balance 12.000000, 				Withdraw 50.000000 --insufficient funds[0m
User 0, Acc 3 Balance 75.000000, Transfer 29.000000 to Acc 7
User 4, Acc 0 Balance 12.000000, Deposit 400.000000 
User 3, Acc 4 Balance 3576.000000, Withdraw 1167.000000 
User 2, Acc 7 Balance 61903.000000, Transfer 31.000000 to Acc 6
User 1, Acc 7 Balance 61874.000000, Transfer 137.000000 to Acc 5
User 5, Acc 2 Balance 1207.000000, Deposit 659.000000 
User 1, Acc 7 Balance 61764.000000, Transfer 3.000000 to Acc 4
User 0, Acc 7 Balance 61932.000000, Transfer 31.000000 to Acc 6
User 3, Acc 5 Balance 7028.000000, Withdraw 1307.000000 
User 2, Acc 7 Balance 61901.000000, Transfer 137.000000 to Acc 5
[22;32mUser 3, Acc 1 Balance 35.000000, 				Withdraw 41.000000 --insufficient funds[0m
User 2, Acc 7 Balance 61593.000000, Transfer 3.000000 to Acc 4
User 4, Acc 0 Balance 412.000000, Withdraw 200.000000 
User 4, Acc 0 Balance 212.000000, Deposit 100.000000 
User 4, Acc 0 Balance 312.000000, Withdraw 50.000000 
User 1, Acc 7 Balance 61761.000000, Transfer 5.000000 to Acc 4
User 4, Acc 0 Balance 262.000000, Withdraw 150.000000 
User 1, Acc 3 Balance 641.000000, Deposit 929.000000 
User 1, Acc 4 Balance 2420.000000, Deposit 937.000000 
User 5, Acc 2 Balance 1866.000000, Transfer 1200.000000 to Acc 9
User 1, Acc 5 Balance 5995.000000, Deposit 941.000000 
User 5, Acc 1 Balance 35.000000, Deposit 661.000000 
User 5, Acc 0 Balance 112.000000, Deposit 673.000000 
User 5, Acc 1 Balance 696.000000, Withdraw 50.000000 
User 4, Acc 0 Balance 112.000000, Deposit 300.000000 
User 4, Acc 0 Balance 1085.000000, Transfer 300.000000 to Acc 1
Balance in 1: 946.000000
User 1, Acc 4 Balance 3357.000000, Withdraw 1167.000000 
User 1, Acc 5 Balance 6936.000000, Withdraw 1307.000000 
User 2, Acc 7 Balance 61590.000000, Transfer 5.000000 to Acc 4
User 1, Acc 1 Balance 946.000000, Transfer 89.000000 to Acc 8
User 2, Acc 4 Balance 2195.000000, Withdraw 1167.000000 
User 1, Acc 1 Balance 857.000000, Transfer 163.000000 to Acc 9
User 2, Acc 5 Balance 5629.000000, Withdraw 1307.000000 
User 2, Acc 1 Balance 857.000000, Transfer 89.000000 to Acc 8
User 5, Acc 2 Balance 666.000000, Withdraw 50.000000 
User 2, Acc 1 Balance 605.000000, Transfer 163.000000 to Acc 9
User 0, Acc 7 Balance 61730.000000, Transfer 137.000000 to Acc 5
User 1, Acc 1 Balance 694.000000, Withdraw 41.000000 
User 0, Acc 7 Balance 61443.000000, Transfer 3.000000 to Acc 4
User 0, Acc 7 Balance 61440.000000, Transfer 5.000000 to Acc 4
[22;32mUser 0, Acc 4 Balance 1036.000000, 				Withdraw 1167.000000 --insufficient funds[0m
User 0, Acc 5 Balance 4459.000000, Withdraw 1307.000000 
User 0, Acc 1 Balance 401.000000, Transfer 89.000000 to Acc 8
User 0, Acc 1 Balance 312.000000, Transfer 163.000000 to Acc 9
User 0, Acc 1 Balance 149.000000, Withdraw 41.000000 
User 0, Acc 2 Balance 616.000000, Withdraw 71.000000 
User 0, Acc 3 Balance 1570.000000, Withdraw 1127.000000 
User 0, Acc 6 Balance 5691.000000, Withdraw 647.000000 
User 0, Acc 6 Balance 5044.000000, Deposit 1953.000000 
User 0, Acc 7 Balance 61435.000000, Deposit 967.000000 
User 0, Acc 1 Balance 108.000000, Transfer 19.000000 to Acc 7
User 3, Acc 2 Balance 1866.000000, Withdraw 71.000000 
User 0, Acc 2 Balance 545.000000, Transfer 23.000000 to Acc 7
[22;32mUser 3, Acc 3 Balance 443.000000, 				Withdraw 1127.000000 --insufficient funds[0m
User 0, Acc 6 Balance 6997.000000, Transfer 1167.000000 to Acc 5
User 4, Acc 9 Balance 15462.000000, Deposit 617.000000 
User 4, Acc 9 Balance 16568.000000, Transfer 617.000000 to Acc 9
User 4, Acc 8 Balance 3067.000000, Deposit 619.000000 
User 4, Acc 8 Balance 3686.000000, Transfer 619.000000 to Acc 2
User 4, Acc 7 Balance 62444.000000, Deposit 631.000000 
User 4, Acc 7 Balance 63075.000000, Transfer 631.000000 to Acc 3
User 2, Acc 1 Balance 442.000000, Withdraw 41.000000 
User 1, Acc 2 Balance 616.000000, Withdraw 71.000000 
[22;32mUser 1, Acc 3 Balance 1074.000000, 				Withdraw 1127.000000 --insufficient funds[0m
User 4, Acc 6 Balance 5830.000000, Deposit 641.000000 
User 5, Acc 3 Balance 1570.000000, Withdraw 50.000000 
User 4, Acc 6 Balance 6471.000000, Transfer 641.000000 to Acc 4
User 1, Acc 6 Balance 5830.000000, Withdraw 647.000000 
User 4, Acc 5 Balance 4319.000000, Deposit 643.000000 
User 4, Acc 5 Balance 4962.000000, Transfer 1200.000000 to Acc 6
User 4, Acc 4 Balance 1677.000000, Deposit 647.000000 
User 4, Acc 4 Balance 2324.000000, Transfer 1200.000000 to Acc 7
User 4, Acc 3 Balance 1024.000000, Deposit 653.000000 
User 4, Acc 3 Balance 1677.000000, Transfer 1200.000000 to Acc 8
User 4, Acc 2 Balance 999.000000, Deposit 659.000000 
User 4, Acc 2 Balance 1658.000000, Transfer 1200.000000 to Acc 9
User 4, Acc 1 Balance 48.000000, Deposit 661.000000 
User 4, Acc 0 Balance 785.000000, Deposit 673.000000 
User 4, Acc 0 Balance 1458.000000, Transfer 1200.000000 to Acc 9
User 4, Acc 1 Balance 709.000000, Withdraw 50.000000 
User 0, Acc 4 Balance 1036.000000, Transfer 53.000000 to Acc 5
User 4, Acc 2 Balance 458.000000, Withdraw 50.000000 
User 0, Acc 7 Balance 63644.000000, Withdraw 1593.000000 
User 2, Acc 2 Balance 999.000000, Withdraw 71.000000 
User 1, Acc 6 Balance 5183.000000, Deposit 953.000000 
User 3, Acc 6 Balance 6997.000000, Withdraw 647.000000 
User 3, Acc 6 Balance 6689.000000, Deposit 1953.000000 
User 3, Acc 7 Balance 62051.000000, Deposit 967.000000 
User 3, Acc 1 Balance 659.000000, Transfer 19.000000 to Acc 7
User 3, Acc 2 Balance 337.000000, Transfer 23.000000 to Acc 7
User 3, Acc 6 Balance 8642.000000, Transfer 1167.000000 to Acc 5
User 3, Acc 4 Balance 1071.000000, Transfer 53.000000 to Acc 5
[22;32mUser 2, Acc 3 Balance 477.000000, 				Withdraw 1127.000000 --insufficient funds[0m
User 1, Acc 7 Balance 62051.000000, Deposit 967.000000 
User 5, Acc 4 Balance 1036.000000, Withdraw 50.000000 
User 1, Acc 1 Balance 640.000000, Transfer 19.000000 to Acc 7
User 0, Acc 8 Balance 4267.000000, Withdraw 449.000000 
User 3, Acc 7 Balance 63060.000000, Withdraw 1593.000000 
User 2, Acc 6 Balance 7475.000000, Withdraw 647.000000 
User 3, Acc 8 Balance 3818.000000, Withdraw 449.000000 
User 2, Acc 6 Balance 6828.000000, Deposit 1953.000000 
User 4, Acc 3 Balance 477.000000, Withdraw 50.000000 
User 1, Acc 2 Balance 314.000000, Transfer 23.000000 to Acc 7
User 4, Acc 4 Balance 968.000000, Withdraw 50.000000 
User 4, Acc 5 Balance 5035.000000, Withdraw 50.000000 
User 5, Acc 5 Balance 5035.000000, Withdraw 50.000000 
User 4, Acc 6 Balance 8781.000000, Withdraw 50.000000 
User 4, Acc 7 Balance 62476.000000, Withdraw 50.000000 
User 5, Acc 6 Balance 8731.000000, Withdraw 50.000000 
User 4, Acc 8 Balance 3369.000000, Withdraw 50.000000 
User 4, Acc 9 Balance 18968.000000, Withdraw 50.000000 
User 0, Acc 9 Balance 18968.000000, Withdraw 163.000000 
User 2, Acc 7 Balance 62453.000000, Deposit 967.000000 
User 3, Acc 9 Balance 18968.000000, Withdraw 163.000000 
User 5, Acc 7 Balance 62426.000000, Withdraw 50.000000 
User 3, Acc 0 Balance 258.000000, Deposit 907.000000 
User 5, Acc 8 Balance 3319.000000, Withdraw 50.000000 
User 5, Acc 9 Balance 18592.000000, Withdraw 50.000000 
User 0, Acc 9 Balance 18755.000000, Deposit 617.000000 
User 2, Acc 1 Balance 621.000000, Transfer 19.000000 to Acc 7
User 0, Acc 9 Balance 19159.000000, Transfer 617.000000 to Acc 1
User 0, Acc 8 Balance 3269.000000, Deposit 619.000000 
User 2, Acc 2 Balance 291.000000, Transfer 23.000000 to Acc 7
User 3, Acc 1 Balance 621.000000, Deposit 911.000000 
User 5, Acc 0 Balance 1165.000000, Withdraw 50.000000 
User 3, Acc 2 Balance 268.000000, Deposit 919.000000 
User 3, Acc 3 Balance 427.000000, Transfer 29.000000 to Acc 7
User 3, Acc 7 Balance 63414.000000, Transfer 31.000000 to Acc 6
User 4, Acc 0 Balance 258.000000, Withdraw 50.000000 
User 3, Acc 7 Balance 63383.000000, Transfer 37.000000 to Acc 5
User 4, Acc 9 Balance 18542.000000, Deposit 617.000000 
User 5, Acc 9 Balance 18542.000000, Deposit 617.000000 
User 4, Acc 9 Balance 19159.000000, Transfer 617.000000 to Acc 9
User 4, Acc 8 Balance 3888.000000, Deposit 619.000000 
User 2, Acc 6 Balance 8681.000000, Transfer 1167.000000 to Acc 5
User 4, Acc 8 Balance 4507.000000, Transfer 619.000000 to Acc 2
User 2, Acc 4 Balance 918.000000, Transfer 53.000000 to Acc 5
User 0, Acc 8 Balance 3888.000000, Transfer 619.000000 to Acc 2
User 2, Acc 7 Balance 63346.000000, Withdraw 1593.000000 
User 0, Acc 7 Balance 63346.000000, Deposit 631.000000 
User 0, Acc 7 Balance 62384.000000, Transfer 631.000000 to Acc 3
User 0, Acc 6 Balance 7545.000000, Deposit 641.000000 
User 0, Acc 6 Balance 8186.000000, Transfer 641.000000 to Acc 4
User 0, Acc 5 Balance 6192.000000, Deposit 643.000000 
User 3, Acc 7 Balance 63346.000000, Transfer 3.000000 to Acc 4
User 3, Acc 7 Balance 61750.000000, Transfer 5.000000 to Acc 4
User 2, Acc 8 Balance 3269.000000, Withdraw 449.000000 
User 3, Acc 3 Balance 1029.000000, Deposit 929.000000 
User 4, Acc 7 Balance 63346.000000, Deposit 631.000000 
User 5, Acc 9 Balance 19776.000000, Transfer 617.000000 to Acc 9
User 4, Acc 7 Balance 62376.000000, Transfer 631.000000 to Acc 3
User 0, Acc 5 Balance 6835.000000, Transfer 1200.000000 to Acc 6
User 2, Acc 9 Balance 19776.000000, Withdraw 163.000000 
User 0, Acc 4 Balance 1514.000000, Deposit 647.000000 
User 2, Acc 0 Balance 1065.000000, Deposit 7.000000 
User 2, Acc 1 Balance 2130.000000, Deposit 11.000000 
User 5, Acc 8 Balance 2820.000000, Deposit 619.000000 
User 2, Acc 2 Balance 2425.000000, Deposit 9.000000 
User 3, Acc 4 Balance 1514.000000, Deposit 937.000000 
User 2, Acc 3 Balance 2589.000000, Transfer 29.000000 to Acc 7
User 0, Acc 4 Balance 2161.000000, Transfer 1200.000000 to Acc 7
User 5, Acc 8 Balance 3439.000000, Transfer 619.000000 to Acc 2
User 0, Acc 3 Balance 2560.000000, Deposit 653.000000 
User 5, Acc 7 Balance 62974.000000, Deposit 631.000000 
User 3, Acc 5 Balance 5635.000000, Deposit 941.000000 
User 2, Acc 7 Balance 61774.000000, Transfer 31.000000 to Acc 6
User 3, Acc 4 Balance 1898.000000, Withdraw 167.000000 
User 1, Acc 6 Balance 8781.000000, Transfer 1167.000000 to Acc 5
User 5, Acc 7 Balance 63605.000000, Transfer 631.000000 to Acc 3
User 1, Acc 4 Balance 1731.000000, Transfer 53.000000 to Acc 5
User 2, Acc 7 Balance 63574.000000, Transfer 137.000000 to Acc 5
User 2, Acc 7 Balance 62806.000000, Transfer 3.000000 to Acc 4
User 0, Acc 3 Balance 3213.000000, Transfer 1200.000000 to Acc 8
User 4, Acc 6 Balance 7545.000000, Deposit 641.000000 
User 5, Acc 6 Balance 7609.000000, Deposit 641.000000 
User 1, Acc 7 Balance 62943.000000, Withdraw 1593.000000 
User 3, Acc 5 Balance 6576.000000, Withdraw 307.000000 
User 1, Acc 8 Balance 4020.000000, Withdraw 449.000000 
User 0, Acc 2 Balance 3053.000000, Deposit 659.000000 
User 4, Acc 6 Balance 8250.000000, Transfer 641.000000 to Acc 4
User 0, Acc 2 Balance 3712.000000, Transfer 1200.000000 to Acc 9
User 4, Acc 5 Balance 7626.000000, Deposit 643.000000 
User 0, Acc 1 Balance 2141.000000, Deposit 661.000000 
User 3, Acc 1 Balance 2141.000000, Transfer 89.000000 to Acc 8
User 1, Acc 9 Balance 19613.000000, Withdraw 163.000000 
User 3, Acc 1 Balance 2713.000000, Transfer 163.000000 to Acc 9
User 1, Acc 0 Balance 1072.000000, Deposit 7.000000 
User 3, Acc 1 Balance 2550.000000, Withdraw 41.000000 
User 3, Acc 2 Balance 2512.000000, Withdraw 71.000000 
User 2, Acc 7 Balance 62803.000000, Transfer 5.000000 to Acc 4
User 3, Acc 3 Balance 2644.000000, Withdraw 127.000000 
User 3, Acc 6 Balance 8250.000000, Withdraw 647.000000 
User 3, Acc 6 Balance 7603.000000, Deposit 953.000000 
User 3, Acc 7 Balance 61205.000000, Deposit 967.000000 
User 3, Acc 1 Balance 2509.000000, Transfer 19.000000 to Acc 7
User 3, Acc 2 Balance 2441.000000, Transfer 23.000000 to Acc 7
User 3, Acc 6 Balance 8556.000000, Transfer 67.000000 to Acc 5
User 3, Acc 4 Balance 2327.000000, Transfer 53.000000 to Acc 5
User 3, Acc 7 Balance 62214.000000, Withdraw 593.000000 
User 3, Acc 8 Balance 3660.000000, Withdraw 449.000000 
User 3, Acc 9 Balance 20813.000000, Withdraw 163.000000 
User 3, Acc 9 Balance 20650.000000, Deposit 617.000000 
User 3, Acc 9 Balance 21267.000000, Transfer 617.000000 to Acc 1
User 3, Acc 8 Balance 3211.000000, Deposit 619.000000 
User 3, Acc 8 Balance 3830.000000, Transfer 619.000000 to Acc 2
User 3, Acc 7 Balance 61621.000000, Deposit 631.000000 
User 3, Acc 7 Balance 62252.000000, Transfer 631.000000 to Acc 3
User 3, Acc 6 Balance 8489.000000, Deposit 641.000000 
User 3, Acc 6 Balance 9130.000000, Transfer 641.000000 to Acc 4
User 3, Acc 5 Balance 8389.000000, Deposit 643.000000 
User 3, Acc 5 Balance 9032.000000, Transfer 1200.000000 to Acc 6
User 4, Acc 5 Balance 8269.000000, Transfer 1200.000000 to Acc 6
User 4, Acc 4 Balance 2915.000000, Deposit 647.000000 
User 4, Acc 4 Balance 3562.000000, Transfer 1200.000000 to Acc 7
User 4, Acc 3 Balance 3148.000000, Deposit 653.000000 
User 4, Acc 3 Balance 3801.000000, Transfer 1200.000000 to Acc 8
User 4, Acc 2 Balance 3037.000000, Deposit 659.000000 
User 4, Acc 2 Balance 3696.000000, Transfer 1200.000000 to Acc 9
User 4, Acc 1 Balance 3107.000000, Deposit 661.000000 
User 2, Acc 3 Balance 2644.000000, Deposit 929.000000 
User 1, Acc 1 Balance 2509.000000, Deposit 11.000000 
User 2, Acc 4 Balance 2362.000000, Deposit 937.000000 
User 0, Acc 1 Balance 2802.000000, Transfer 1200.000000 to Acc 9
User 5, Acc 6 Balance 8891.000000, Transfer 641.000000 to Acc 4
User 5, Acc 5 Balance 6632.000000, Deposit 643.000000 
User 1, Acc 2 Balance 2496.000000, Deposit 9.000000 
User 1, Acc 3 Balance 3530.000000, Transfer 29.000000 to Acc 7
User 1, Acc 7 Balance 62850.000000, Transfer 31.000000 to Acc 6
User 1, Acc 7 Balance 62819.000000, Transfer 137.000000 to Acc 5
User 1, Acc 7 Balance 62682.000000, Transfer 3.000000 to Acc 4
User 3, Acc 4 Balance 2915.000000, Deposit 647.000000 
User 2, Acc 5 Balance 6632.000000, Deposit 941.000000 
User 0, Acc 0 Balance 1079.000000, Deposit 673.000000 
User 2, Acc 4 Balance 4590.000000, Withdraw 1167.000000 
User 4, Acc 1 Balance 3768.000000, Transfer 1200.000000 to Acc 9
User 1, Acc 7 Balance 62679.000000, Transfer 5.000000 to Acc 4
User 4, Acc 0 Balance 1752.000000, Deposit 673.000000 
User 3, Acc 4 Balance 4590.000000, Transfer 1200.000000 to Acc 7
User 5, Acc 5 Balance 7275.000000, Transfer 1200.000000 to Acc 6
User 3, Acc 3 Balance 3501.000000, Deposit 653.000000 
User 3, Acc 3 Balance 4154.000000, Transfer 1200.000000 to Acc 8
User 1, Acc 3 Balance 3501.000000, Deposit 929.000000 
User 3, Acc 2 Balance 2505.000000, Deposit 659.000000 
User 0, Acc 0 Balance 1752.000000, Transfer 1200.000000 to Acc 9
User 2, Acc 5 Balance 8353.000000, Withdraw 1307.000000 
User 5, Acc 4 Balance 2228.000000, Deposit 647.000000 
User 2, Acc 1 Balance 1379.000000, Transfer 89.000000 to Acc 8
User 5, Acc 4 Balance 2875.000000, Transfer 1200.000000 to Acc 7
User 4, Acc 0 Balance 2425.000000, Transfer 1200.000000 to Acc 9
User 5, Acc 3 Balance 3883.000000, Deposit 653.000000 
User 3, Acc 2 Balance 3164.000000, Transfer 1200.000000 to Acc 9
User 5, Acc 3 Balance 4536.000000, Transfer 1200.000000 to Acc 8
User 5, Acc 2 Balance 3164.000000, Deposit 659.000000 
User 0, Acc 1 Balance 1379.000000, Withdraw 50.000000 
User 5, Acc 2 Balance 2623.000000, Transfer 1200.000000 to Acc 9
User 0, Acc 2 Balance 2623.000000, Withdraw 50.000000 
User 2, Acc 1 Balance 1290.000000, Transfer 163.000000 to Acc 9
User 2, Acc 1 Balance 1077.000000, Withdraw 41.000000 
User 4, Acc 1 Balance 1290.000000, Withdraw 50.000000 
User 1, Acc 4 Balance 2228.000000, Deposit 937.000000 
User 4, Acc 2 Balance 1373.000000, Withdraw 50.000000 
User 0, Acc 3 Balance 3336.000000, Withdraw 50.000000 
User 4, Acc 3 Balance 3336.000000, Withdraw 50.000000 
User 0, Acc 4 Balance 2612.000000, Withdraw 50.000000 
User 4, Acc 4 Balance 2612.000000, Withdraw 50.000000 
User 0, Acc 5 Balance 5846.000000, Withdraw 50.000000 
User 3, Acc 1 Balance 1290.000000, Deposit 661.000000 
User 2, Acc 2 Balance 1373.000000, Withdraw 71.000000 
User 4, Acc 5 Balance 5846.000000, Withdraw 50.000000 
User 2, Acc 3 Balance 3236.000000, Withdraw 1127.000000 
User 2, Acc 6 Balance 11479.000000, Withdraw 647.000000 
User 2, Acc 6 Balance 10832.000000, Deposit 953.000000 
User 3, Acc 1 Balance 1647.000000, Transfer 1200.000000 to Acc 9
User 2, Acc 7 Balance 65074.000000, Deposit 967.000000 
User 3, Acc 0 Balance 25.000000, Deposit 673.000000 
User 2, Acc 1 Balance 447.000000, Transfer 19.000000 to Acc 7
User 3, Acc 1 Balance 447.000000, Withdraw 50.000000 
User 3, Acc 2 Balance 1252.000000, Withdraw 50.000000 
User 2, Acc 2 Balance 1252.000000, Transfer 23.000000 to Acc 7
User 3, Acc 3 Balance 2109.000000, Withdraw 50.000000 
User 1, Acc 5 Balance 5846.000000, Deposit 941.000000 
User 3, Acc 4 Balance 2512.000000, Withdraw 50.000000 
User 3, Acc 5 Balance 5746.000000, Withdraw 50.000000 
User 1, Acc 4 Balance 2462.000000, Withdraw 1167.000000 
User 5, Acc 1 Balance 1240.000000, Deposit 661.000000 
User 2, Acc 6 Balance 11785.000000, Transfer 1167.000000 to Acc 5
User 5, Acc 0 Balance 698.000000, Deposit 673.000000 
User 2, Acc 4 Balance 1295.000000, Transfer 53.000000 to Acc 5
User 5, Acc 0 Balance 1371.000000, Transfer 1200.000000 to Acc 9
User 2, Acc 7 Balance 66083.000000, Withdraw 1593.000000 
User 5, Acc 1 Balance 1039.000000, Withdraw 50.000000 
User 4, Acc 6 Balance 11479.000000, Withdraw 50.000000 
User 5, Acc 2 Balance 1179.000000, Withdraw 50.000000 
User 4, Acc 7 Balance 64490.000000, Withdraw 50.000000 
User 5, Acc 3 Balance 2059.000000, Withdraw 50.000000 
User 5, Acc 4 Balance 1242.000000, Withdraw 50.000000 
User 3, Acc 6 Balance 11785.000000, Withdraw 50.000000 
User 5, Acc 5 Balance 7857.000000, Withdraw 50.000000 
User 3, Acc 7 Balance 64440.000000, Withdraw 50.000000 
User 5, Acc 6 Balance 10518.000000, Withdraw 50.000000 
User 3, Acc 8 Balance 6900.000000, Withdraw 50.000000 
User 0, Acc 6 Balance 11479.000000, Withdraw 50.000000 
User 4, Acc 8 Balance 6900.000000, Withdraw 50.000000 
User 0, Acc 7 Balance 64390.000000, Withdraw 50.000000 
User 5, Acc 7 Balance 64390.000000, Withdraw 50.000000 
User 3, Acc 9 Balance 31613.000000, Withdraw 50.000000 
User 5, Acc 8 Balance 6800.000000, Withdraw 50.000000 
User 3, Acc 0 Balance 171.000000, Withdraw 50.000000 
User 5, Acc 9 Balance 31563.000000, Withdraw 50.000000 
User 3, Acc 0 Balance 121.000000, Deposit 7.000000 
User 1, Acc 5 Balance 6637.000000, Withdraw 1307.000000 
User 2, Acc 8 Balance 6900.000000, Withdraw 449.000000 
User 1, Acc 1 Balance 989.000000, Transfer 89.000000 to Acc 8
User 2, Acc 9 Balance 31513.000000, Withdraw 163.000000 
User 2, Acc 9 Balance 31350.000000, Deposit 617.000000 
User 1, Acc 1 Balance 900.000000, Transfer 163.000000 to Acc 9
User 3, Acc 1 Balance 989.000000, Deposit 11.000000 
User 4, Acc 9 Balance 31613.000000, Withdraw 50.000000 
User 3, Acc 2 Balance 1129.000000, Deposit 9.000000 
User 3, Acc 3 Balance 2009.000000, Transfer 29.000000 to Acc 7
User 5, Acc 0 Balance 121.000000, Withdraw 50.000000 
User 3, Acc 7 Balance 64319.000000, Transfer 31.000000 to Acc 6
User 5, Acc 9 Balance 32080.000000, Deposit 617.000000 
User 3, Acc 7 Balance 64288.000000, Transfer 137.000000 to Acc 5
User 5, Acc 9 Balance 32697.000000, Transfer 617.000000 to Acc 1
User 3, Acc 7 Balance 64151.000000, Transfer 3.000000 to Acc 4
User 5, Acc 8 Balance 6390.000000, Deposit 619.000000 
User 3, Acc 7 Balance 64148.000000, Transfer 5.000000 to Acc 4
User 5, Acc 8 Balance 7009.000000, Transfer 619.000000 to Acc 2
User 3, Acc 3 Balance 1980.000000, Deposit 929.000000 
User 5, Acc 7 Balance 64143.000000, Deposit 631.000000 
User 3, Acc 4 Balance 1200.000000, Deposit 937.000000 
User 3, Acc 5 Balance 6637.000000, Deposit 941.000000 
User 3, Acc 4 Balance 2137.000000, Withdraw 1167.000000 
User 3, Acc 5 Balance 7578.000000, Withdraw 1307.000000 
User 3, Acc 1 Balance 1365.000000, Transfer 89.000000 to Acc 8
User 3, Acc 1 Balance 1276.000000, Transfer 163.000000 to Acc 9
User 5, Acc 7 Balance 64774.000000, Transfer 631.000000 to Acc 3
User 0, Acc 8 Balance 6800.000000, Withdraw 50.000000 
User 5, Acc 6 Balance 10449.000000, Deposit 641.000000 
User 0, Acc 9 Balance 32243.000000, Withdraw 50.000000 
User 5, Acc 6 Balance 11090.000000, Transfer 641.000000 to Acc 4
User 5, Acc 5 Balance 6271.000000, Deposit 643.000000 
User 0, Acc 0 Balance 78.000000, Withdraw 50.000000 
User 3, Acc 1 Balance 1113.000000, Withdraw 41.000000 
User 0, Acc 0 Balance 28.000000, Deposit 400.000000 
User 3, Acc 2 Balance 1757.000000, Withdraw 71.000000 
User 0, Acc 0 Balance 428.000000, Withdraw 200.000000 
User 5, Acc 5 Balance 6914.000000, Transfer 1200.000000 to Acc 6
User 0, Acc 0 Balance 228.000000, Deposit 100.000000 
User 4, Acc 0 Balance 128.000000, Withdraw 50.000000 
User 2, Acc 9 Balance 31967.000000, Transfer 617.000000 to Acc 1
User 3, Acc 3 Balance 3540.000000, Withdraw 1127.000000 
User 2, Acc 8 Balance 6429.000000, Deposit 619.000000 
User 5, Acc 4 Balance 1611.000000, Deposit 647.000000 
User 4, Acc 0 Balance 278.000000, Deposit 907.000000 
User 5, Acc 4 Balance 2258.000000, Transfer 1200.000000 to Acc 7
User 3, Acc 6 Balance 11649.000000, Withdraw 647.000000 
User 2, Acc 8 Balance 7048.000000, Transfer 619.000000 to Acc 2
User 3, Acc 6 Balance 11002.000000, Deposit 953.000000 
User 2, Acc 7 Balance 65343.000000, Deposit 631.000000 
User 4, Acc 1 Balance 1689.000000, Deposit 911.000000 
User 1, Acc 1 Balance 737.000000, Withdraw 41.000000 
User 4, Acc 2 Balance 2305.000000, Deposit 919.000000 
User 4, Acc 3 Balance 2413.000000, Transfer 29.000000 to Acc 7
User 1, Acc 2 Balance 3224.000000, Withdraw 71.000000 
User 1, Acc 3 Balance 2384.000000, Withdraw 1127.000000 
User 3, Acc 7 Balance 65974.000000, Deposit 967.000000 
User 5, Acc 3 Balance 2413.000000, Deposit 653.000000 
User 0, Acc 0 Balance 328.000000, Withdraw 50.000000 
User 5, Acc 3 Balance 1910.000000, Transfer 1200.000000 to Acc 8
User 0, Acc 0 Balance 1135.000000, Withdraw 150.000000 
User 5, Acc 2 Balance 3153.000000, Deposit 659.000000 
User 0, Acc 0 Balance 985.000000, Deposit 300.000000 
User 3, Acc 1 Balance 2559.000000, Transfer 19.000000 to Acc 7
User 0, Acc 0 Balance 1285.000000, Transfer 300.000000 to Acc 1
User 3, Acc 2 Balance 3812.000000, Transfer 23.000000 to Acc 7
User 3, Acc 6 Balance 11955.000000, Transfer 1167.000000 to Acc 5
User 5, Acc 2 Balance 3812.000000, Transfer 1200.000000 to Acc 9
User 3, Acc 4 Balance 1058.000000, Transfer 53.000000 to Acc 5
User 5, Acc 1 Balance 2840.000000, Deposit 661.000000 
User 3, Acc 7 Balance 67012.000000, Withdraw 1593.000000 
User 5, Acc 1 Balance 3501.000000, Transfer 1200.000000 to Acc 9
User 5, Acc 0 Balance 985.000000, Deposit 673.000000 
User 4, Acc 7 Balance 66003.000000, Transfer 31.000000 to Acc 6
User 5, Acc 0 Balance 1658.000000, Transfer 1200.000000 to Acc 9
Balance in 1: 2840.000000
User 1, Acc 6 Balance 11955.000000, Withdraw 647.000000 
User 3, Acc 8 Balance 7629.000000, Withdraw 449.000000 
User 1, Acc 6 Balance 10172.000000, Deposit 953.000000 
User 4, Acc 7 Balance 65388.000000, Transfer 37.000000 to Acc 5
User 1, Acc 7 Balance 65388.000000, Deposit 967.000000 
User 4, Acc 7 Balance 65351.000000, Transfer 3.000000 to Acc 4
User 4, Acc 7 Balance 65348.000000, Transfer 5.000000 to Acc 4
User 1, Acc 1 Balance 2301.000000, Transfer 19.000000 to Acc 7
User 3, Acc 9 Balance 35176.000000, Withdraw 163.000000 
User 1, Acc 2 Balance 2589.000000, Transfer 23.000000 to Acc 7
User 1, Acc 6 Balance 11125.000000, Transfer 1167.000000 to Acc 5
User 3, Acc 0 Balance 458.000000, Deposit 400.000000 
User 1, Acc 4 Balance 1013.000000, Transfer 53.000000 to Acc 5
User 3, Acc 0 Balance 858.000000, Withdraw 200.000000 
User 4, Acc 3 Balance 710.000000, Deposit 929.000000 
User 3, Acc 0 Balance 658.000000, Deposit 100.000000 
User 2, Acc 7 Balance 65974.000000, Transfer 631.000000 to Acc 3
User 3, Acc 0 Balance 758.000000, Withdraw 50.000000 
User 5, Acc 1 Balance 2301.000000, Withdraw 50.000000 
User 4, Acc 4 Balance 960.000000, Deposit 937.000000 
User 5, Acc 2 Balance 2566.000000, Withdraw 50.000000 
User 4, Acc 5 Balance 8191.000000, Deposit 941.000000 
User 5, Acc 3 Balance 2270.000000, Withdraw 50.000000 
User 5, Acc 4 Balance 1897.000000, Withdraw 50.000000 
User 3, Acc 0 Balance 708.000000, Withdraw 150.000000 
User 0, Acc 0 Balance 458.000000, Deposit 400.000000 
User 3, Acc 0 Balance 558.000000, Deposit 300.000000 
User 0, Acc 0 Balance 958.000000, Withdraw 200.000000 
User 3, Acc 0 Balance 1258.000000, Transfer 300.000000 to Acc 1
User 0, Acc 0 Balance 1058.000000, Deposit 100.000000 
User 5, Acc 5 Balance 9132.000000, Withdraw 50.000000 
User 1, Acc 7 Balance 66352.000000, Withdraw 1593.000000 
User 4, Acc 4 Balance 1897.000000, Withdraw 167.000000 
User 1, Acc 8 Balance 7180.000000, Withdraw 449.000000 
User 1, Acc 9 Balance 35013.000000, Withdraw 163.000000 
User 2, Acc 6 Balance 9958.000000, Deposit 641.000000 
User 1, Acc 0 Balance 858.000000, Deposit 400.000000 
User 5, Acc 6 Balance 9958.000000, Withdraw 50.000000 
User 1, Acc 0 Balance 1258.000000, Withdraw 200.000000 
User 1, Acc 0 Balance 1058.000000, Deposit 100.000000 
Balance in 1: 2532.000000
User 1, Acc 0 Balance 1158.000000, Withdraw 50.000000 
User 3, Acc 0 Balance 1158.000000, Deposit 907.000000 
User 1, Acc 0 Balance 1108.000000, Withdraw 150.000000 
User 1, Acc 0 Balance 958.000000, Deposit 300.000000 
User 3, Acc 1 Balance 2532.000000, Deposit 911.000000 
User 0, Acc 0 Balance 858.000000, Withdraw 50.000000 
User 2, Acc 6 Balance 10599.000000, Transfer 641.000000 to Acc 4
User 0, Acc 0 Balance 2115.000000, Withdraw 150.000000 
User 2, Acc 5 Balance 9082.000000, Deposit 643.000000 
User 0, Acc 0 Balance 1965.000000, Deposit 300.000000 
User 0, Acc 0 Balance 2265.000000, Transfer 300.000000 to Acc 1
User 3, Acc 2 Balance 2516.000000, Deposit 919.000000 
User 5, Acc 7 Balance 64128.000000, Withdraw 50.000000 
User 4, Acc 5 Balance 9082.000000, Withdraw 307.000000 
User 5, Acc 8 Balance 6731.000000, Withdraw 50.000000 
User 1, Acc 0 Balance 2165.000000, Transfer 300.000000 to Acc 1
Balance in 1: 3743.000000
Balance in 1: 4043.000000
User 3, Acc 3 Balance 2220.000000, Transfer 29.000000 to Acc 7
User 4, Acc 1 Balance 3743.000000, Transfer 89.000000 to Acc 8
User 3, Acc 7 Balance 64107.000000, Transfer 31.000000 to Acc 6
User 4, Acc 1 Balance 3954.000000, Transfer 163.000000 to Acc 9
User 4, Acc 1 Balance 3791.000000, Withdraw 41.000000 
User 3, Acc 7 Balance 64076.000000, Transfer 37.000000 to Acc 5
User 0, Acc 0 Balance 1665.000000, Deposit 907.000000 
User 2, Acc 5 Balance 9725.000000, Transfer 1200.000000 to Acc 6
User 0, Acc 1 Balance 3750.000000, Deposit 911.000000 
User 0, Acc 2 Balance 3435.000000, Deposit 919.000000 
User 4, Acc 2 Balance 3435.000000, Withdraw 71.000000 
User 0, Acc 3 Balance 2191.000000, Transfer 29.000000 to Acc 7
User 3, Acc 7 Balance 64039.000000, Transfer 3.000000 to Acc 4
User 0, Acc 7 Balance 64068.000000, Transfer 31.000000 to Acc 6
User 5, Acc 9 Balance 34850.000000, Withdraw 50.000000 
User 1, Acc 0 Balance 1665.000000, Deposit 907.000000 
User 5, Acc 0 Balance 2572.000000, Withdraw 50.000000 
User 1, Acc 1 Balance 4661.000000, Deposit 911.000000 
User 1, Acc 2 Balance 4283.000000, Deposit 919.000000 
User 0, Acc 7 Balance 64034.000000, Transfer 37.000000 to Acc 5
User 2, Acc 4 Balance 2321.000000, Deposit 647.000000 
User 0, Acc 7 Balance 63997.000000, Transfer 3.000000 to Acc 4
User 3, Acc 7 Balance 64065.000000, Transfer 5.000000 to Acc 4
User 1, Acc 3 Balance 2162.000000, Transfer 29.000000 to Acc 7
User 3, Acc 3 Balance 2162.000000, Deposit 929.000000 
User 1, Acc 7 Balance 64018.000000, Transfer 31.000000 to Acc 6
User 3, Acc 4 Balance 2979.000000, Deposit 937.000000 
User 2, Acc 4 Balance 2971.000000, Transfer 1200.000000 to Acc 7
User 3, Acc 5 Balance 8292.000000, Deposit 941.000000 
User 1, Acc 7 Balance 63987.000000, Transfer 37.000000 to Acc 5
User 0, Acc 7 Balance 63994.000000, Transfer 5.000000 to Acc 4
User 4, Acc 3 Balance 2191.000000, Withdraw 127.000000 
User 0, Acc 3 Balance 3062.000000, Deposit 929.000000 
User 3, Acc 4 Balance 2716.000000, Withdraw 167.000000 
User 1, Acc 7 Balance 65150.000000, Transfer 3.000000 to Acc 4
User 3, Acc 5 Balance 9270.000000, Withdraw 307.000000 
User 1, Acc 7 Balance 65142.000000, Transfer 5.000000 to Acc 4
User 3, Acc 1 Balance 5572.000000, Transfer 89.000000 to Acc 8
User 0, Acc 4 Balance 2721.000000, Deposit 937.000000 
User 4, Acc 6 Balance 11201.000000, Withdraw 647.000000 
User 0, Acc 5 Balance 8963.000000, Deposit 941.000000 
User 2, Acc 3 Balance 3062.000000, Deposit 653.000000 
User 2, Acc 3 Balance 4517.000000, Transfer 1200.000000 to Acc 8
User 1, Acc 3 Balance 3864.000000, Deposit 929.000000 
User 4, Acc 6 Balance 10554.000000, Deposit 953.000000 
User 0, Acc 4 Balance 3499.000000, Withdraw 167.000000 
User 4, Acc 7 Balance 65137.000000, Deposit 967.000000 
User 3, Acc 1 Balance 5483.000000, Transfer 163.000000 to Acc 9
User 4, Acc 1 Balance 5483.000000, Transfer 19.000000 to Acc 7
User 3, Acc 1 Balance 5320.000000, Withdraw 41.000000 
User 0, Acc 5 Balance 9904.000000, Withdraw 307.000000 
User 3, Acc 2 Balance 5202.000000, Withdraw 71.000000 
User 3, Acc 3 Balance 4246.000000, Withdraw 127.000000 
User 4, Acc 2 Balance 5202.000000, Transfer 23.000000 to Acc 7
User 3, Acc 6 Balance 11507.000000, Withdraw 647.000000 
User 4, Acc 6 Balance 11507.000000, Transfer 67.000000 to Acc 5
User 1, Acc 4 Balance 3499.000000, Deposit 937.000000 
User 2, Acc 2 Balance 5202.000000, Deposit 659.000000 
User 1, Acc 5 Balance 9664.000000, Deposit 941.000000 
User 4, Acc 4 Balance 3332.000000, Transfer 53.000000 to Acc 5
User 1, Acc 4 Balance 4269.000000, Withdraw 167.000000 
User 2, Acc 2 Balance 5767.000000, Transfer 1200.000000 to Acc 9
User 1, Acc 5 Balance 10658.000000, Withdraw 307.000000 
User 1, Acc 1 Balance 5260.000000, Transfer 89.000000 to Acc 8
User 1, Acc 1 Balance 5171.000000, Transfer 163.000000 to Acc 9
User 1, Acc 1 Balance 5008.000000, Withdraw 41.000000 
User 1, Acc 2 Balance 4567.000000, Withdraw 71.000000 
User 3, Acc 6 Balance 10860.000000, Deposit 953.000000 
User 4, Acc 7 Balance 66146.000000, Withdraw 593.000000 
User 3, Acc 7 Balance 66146.000000, Deposit 967.000000 
User 0, Acc 1 Balance 5260.000000, Transfer 89.000000 to Acc 8
User 1, Acc 3 Balance 4119.000000, Withdraw 127.000000 
User 4, Acc 8 Balance 8148.000000, Withdraw 449.000000 
User 1, Acc 6 Balance 11746.000000, Withdraw 647.000000 
User 3, Acc 1 Balance 4967.000000, Transfer 19.000000 to Acc 7
User 0, Acc 1 Balance 4878.000000, Transfer 163.000000 to Acc 9
User 3, Acc 2 Balance 4496.000000, Transfer 23.000000 to Acc 7
User 0, Acc 1 Balance 4696.000000, Withdraw 41.000000 
User 0, Acc 2 Balance 4496.000000, Withdraw 71.000000 
User 3, Acc 6 Balance 11099.000000, Transfer 67.000000 to Acc 5
User 3, Acc 4 Balance 4049.000000, Transfer 53.000000 to Acc 5
User 4, Acc 9 Balance 36489.000000, Withdraw 163.000000 
User 3, Acc 7 Balance 66562.000000, Withdraw 593.000000 
User 1, Acc 6 Balance 11099.000000, Deposit 953.000000 
User 0, Acc 3 Balance 3992.000000, Withdraw 127.000000 
User 2, Acc 1 Balance 5260.000000, Deposit 661.000000 
User 0, Acc 6 Balance 11985.000000, Withdraw 647.000000 
User 1, Acc 7 Balance 65969.000000, Deposit 967.000000 
User 2, Acc 1 Balance 5316.000000, Transfer 1200.000000 to Acc 9
User 1, Acc 1 Balance 5316.000000, Transfer 19.000000 to Acc 7
User 1, Acc 2 Balance 4402.000000, Transfer 23.000000 to Acc 7
User 1, Acc 6 Balance 11338.000000, Transfer 67.000000 to Acc 5
User 1, Acc 4 Balance 3996.000000, Transfer 53.000000 to Acc 5
User 1, Acc 7 Balance 66978.000000, Withdraw 593.000000 
User 1, Acc 8 Balance 7788.000000, Withdraw 449.000000 
User 1, Acc 9 Balance 37689.000000, Withdraw 163.000000 
User 3, Acc 8 Balance 7788.000000, Withdraw 449.000000 
User 3, Acc 9 Balance 37526.000000, Withdraw 163.000000 
User 0, Acc 6 Balance 11338.000000, Deposit 953.000000 
User 0, Acc 7 Balance 66385.000000, Deposit 967.000000 
User 0, Acc 1 Balance 4097.000000, Transfer 19.000000 to Acc 7
User 0, Acc 2 Balance 4379.000000, Transfer 23.000000 to Acc 7
User 0, Acc 6 Balance 12224.000000, Transfer 67.000000 to Acc 5
User 0, Acc 4 Balance 3943.000000, Transfer 53.000000 to Acc 5
User 2, Acc 0 Balance 3429.000000, Deposit 673.000000 
User 2, Acc 0 Balance 4102.000000, Transfer 1200.000000 to Acc 9
User 2, Acc 1 Balance 4078.000000, Withdraw 50.000000 
User 0, Acc 7 Balance 67394.000000, Withdraw 593.000000 
User 0, Acc 8 Balance 6890.000000, Withdraw 449.000000 
User 0, Acc 9 Balance 38563.000000, Withdraw 163.000000 
User 2, Acc 2 Balance 4356.000000, Withdraw 50.000000 
User 2, Acc 3 Balance 3865.000000, Withdraw 50.000000 
User 2, Acc 4 Balance 3890.000000, Withdraw 50.000000 
User 2, Acc 5 Balance 10711.000000, Withdraw 50.000000 
User 2, Acc 6 Balance 12157.000000, Withdraw 50.000000 
User 2, Acc 7 Balance 66801.000000, Withdraw 50.000000 
User 2, Acc 8 Balance 6441.000000, Withdraw 50.000000 
User 2, Acc 9 Balance 38400.000000, Withdraw 50.000000 
User 2, Acc 0 Balance 2902.000000, Withdraw 50.000000 
  ***     End of transaction batch    ***  
Account 0 balance after completion of transaction batch: 2852.000000
Account 1 balance after completion of transaction batch: 4028.000000
Account 2 balance after completion of transaction batch: 4306.000000
Account 3 balance after completion of transaction batch: 3815.000000
Account 4 balance after completion of transaction batch: 3840.000000
Account 5 balance after completion of transaction batch: 10661.000000
Account 6 balance after completion of transaction batch: 12107.000000
Account 7 balance after completion of transaction batch: 66751.000000
Account 8 balance after completion of transaction batch: 6391.000000
Account 9 balance after completion of transaction batch: 38350.000000
