# Output generated by:
# ./my_executable 6 data/transactions7.txt data/transactions11.txt data/transactions8.txt data/transactions4.txt data/transactions10.txt data/transactions1.txt

********************************************
   Reading and parsing a transaction file   
********************************************
Parsed transaction: deposit 7 9929.000000 
Loaded deposit transaction
Parsed transaction: deposit 4 937.000000 
Loaded deposit transaction
Parsed transaction: deposit 5 941.000000 
Loaded deposit transaction
Parsed transaction: deposit 0 7.000000 
Loaded deposit transaction
Parsed transaction: deposit 3 29.000000 
Loaded deposit transaction
Parsed transaction: deposit 7 9.000000 
Loaded deposit transaction
Parsed transaction: deposit 9 129.000000 
Loaded deposit transaction
Parsed transaction: transfer 3 7 29.000000 
Loaded transfer transaction
Parsed transaction: transfer 7 6 31.000000 
Loaded transfer transaction
Parsed transaction: transfer 7 5 137.000000 
Loaded transfer transaction
Parsed transaction: transfer 7 4 3.000000 
Loaded transfer transaction
Parsed transaction: transfer 7 4 5.000000 
Loaded transfer transaction
Parsed transaction: withdraw 4 1167.000000 
Loaded withdrawal transaction
Parsed transaction: withdraw 5 1307.000000 
Loaded withdrawal transaction
Parsed transaction: transfer 1 8 89.000000 
Loaded transfer transaction
Parsed transaction: transfer 1 9 163.000000 
Loaded transfer transaction
Parsed transaction: withdraw 1 41.000000 
Loaded withdrawal transaction
Parsed transaction: withdraw 2 71.000000 
Loaded withdrawal transaction
Parsed transaction: withdraw 3 1127.000000 
Loaded withdrawal transaction
Parsed transaction: withdraw 6 647.000000 
Loaded withdrawal transaction
Parsed transaction: deposit 6 1953.000000 
Loaded deposit transaction
Parsed transaction: deposit 7 967.000000 
Loaded deposit transaction
Parsed transaction: transfer 1 7 19.000000 
Loaded transfer transaction
Parsed transaction: transfer 2 7 23.000000 
Loaded transfer transaction
Parsed transaction: transfer 6 5 1167.000000 
Loaded transfer transaction
Parsed transaction: transfer 4 5 53.000000 
Loaded transfer transaction
Parsed transaction: withdraw 7 1593.000000 
Loaded withdrawal transaction
Parsed transaction: withdraw 8 449.000000 
Loaded withdrawal transaction
Parsed transaction: withdraw 9 163.000000 
Loaded withdrawal transaction
********************************************
********************************************
   Reading and parsing a transaction file   
********************************************
Parsed transaction: deposit 9 617.000000 
Loaded deposit transaction
Parsed transaction: transfer 9 9 617.000000 
Loaded transfer transaction
Parsed transaction: deposit 8 619.000000 
Loaded deposit transaction
Parsed transaction: transfer 8 2 619.000000 
Loaded transfer transaction
Parsed transaction: deposit 7 631.000000 
Loaded deposit transaction
Parsed transaction: transfer 7 3 631.000000 
Loaded transfer transaction
Parsed transaction: deposit 6 641.000000 
Loaded deposit transaction
Parsed transaction: transfer 6 4 641.000000 
Loaded transfer transaction
Parsed transaction: deposit 5 643.000000 
Loaded deposit transaction
Parsed transaction: transfer 5 6 1200.000000 
Loaded transfer transaction
Parsed transaction: deposit 4 647.000000 
Loaded deposit transaction
Parsed transaction: transfer 4 7 1200.000000 
Loaded transfer transaction
Parsed transaction: deposit 3 653.000000 
Loaded deposit transaction
Parsed transaction: transfer 3 8 1200.000000 
Loaded transfer transaction
Parsed transaction: deposit 2 659.000000 
Loaded deposit transaction
Parsed transaction: transfer 2 9 1200.000000 
Loaded transfer transaction
Parsed transaction: deposit 1 661.000000 
Loaded deposit transaction
Parsed transaction: transfer 1 9 1200.000000 
Loaded transfer transaction
Parsed transaction: deposit 0 673.000000 
Loaded deposit transaction
Parsed transaction: transfer 0 9 1200.000000 
Loaded transfer transaction
Parsed transaction: withdraw 1 50.000000 
Loaded withdrawal transaction
Parsed transaction: withdraw 2 50.000000 
Loaded withdrawal transaction
Parsed transaction: withdraw 3 50.000000 
Loaded withdrawal transaction
Parsed transaction: withdraw 4 50.000000 
Loaded withdrawal transaction
Parsed transaction: withdraw 5 50.000000 
Loaded withdrawal transaction
Parsed transaction: withdraw 6 50.000000 
Loaded withdrawal transaction
Parsed transaction: withdraw 7 50.000000 
Loaded withdrawal transaction
Parsed transaction: withdraw 8 50.000000 
Loaded withdrawal transaction
Parsed transaction: withdraw 9 50.000000 
Loaded withdrawal transaction
Parsed transaction: withdraw 0 50.000000 
Loaded withdrawal transaction
********************************************
********************************************
   Reading and parsing a transaction file   
********************************************
Parsed transaction: deposit 9 617.000000 
Loaded deposit transaction
Parsed transaction: transfer 9 1 617.000000 
Loaded transfer transaction
Parsed transaction: deposit 8 619.000000 
Loaded deposit transaction
Parsed transaction: transfer 8 2 619.000000 
Loaded transfer transaction
Parsed transaction: deposit 7 631.000000 
Loaded deposit transaction
Parsed transaction: transfer 7 3 631.000000 
Loaded transfer transaction
Parsed transaction: deposit 6 641.000000 
Loaded deposit transaction
Parsed transaction: transfer 6 4 641.000000 
Loaded transfer transaction
Parsed transaction: deposit 5 643.000000 
Loaded deposit transaction
Parsed transaction: transfer 5 6 1200.000000 
Loaded transfer transaction
Parsed transaction: deposit 4 647.000000 
Loaded deposit transaction
Parsed transaction: transfer 4 7 1200.000000 
Loaded transfer transaction
Parsed transaction: deposit 3 653.000000 
Loaded deposit transaction
Parsed transaction: transfer 3 8 1200.000000 
Loaded transfer transaction
Parsed transaction: deposit 2 659.000000 
Loaded deposit transaction
Parsed transaction: transfer 2 9 1200.000000 
Loaded transfer transaction
Parsed transaction: deposit 1 661.000000 
Loaded deposit transaction
Parsed transaction: transfer 1 9 1200.000000 
Loaded transfer transaction
Parsed transaction: deposit 0 673.000000 
Loaded deposit transaction
Parsed transaction: transfer 0 9 1200.000000 
Loaded transfer transaction
********************************************
********************************************
   Reading and parsing a transaction file   
********************************************
Parsed transaction: deposit 0 907.000000 
Loaded deposit transaction
Parsed transaction: deposit 1 911.000000 
Loaded deposit transaction
Parsed transaction: deposit 2 919.000000 
Loaded deposit transaction
Parsed transaction: deposit 3 929.000000 
Loaded deposit transaction
Parsed transaction: deposit 4 937.000000 
Loaded deposit transaction
Parsed transaction: deposit 5 941.000000 
Loaded deposit transaction
Parsed transaction: deposit 6 953.000000 
Loaded deposit transaction
Parsed transaction: deposit 7 967.000000 
Loaded deposit transaction
Parsed transaction: transfer 1 7 19.000000 
Loaded transfer transaction
Parsed transaction: transfer 2 7 23.000000 
Loaded transfer transaction
Parsed transaction: transfer 3 7 29.000000 
Loaded transfer transaction
Parsed transaction: transfer 7 6 31.000000 
Loaded transfer transaction
Parsed transaction: transfer 7 5 37.000000 
Loaded transfer transaction
Parsed transaction: transfer 7 4 3.000000 
Loaded transfer transaction
Parsed transaction: transfer 7 4 5.000000 
Loaded transfer transaction
Parsed transaction: transfer 6 5 67.000000 
Loaded transfer transaction
Parsed transaction: transfer 4 5 53.000000 
Loaded transfer transaction
Parsed transaction: transfer 1 8 89.000000 
Loaded transfer transaction
Parsed transaction: transfer 1 9 163.000000 
Loaded transfer transaction
Parsed transaction: withdraw 1 41.000000 
Loaded withdrawal transaction
Parsed transaction: withdraw 2 71.000000 
Loaded withdrawal transaction
Parsed transaction: withdraw 3 127.000000 
Loaded withdrawal transaction
Parsed transaction: withdraw 4 167.000000 
Loaded withdrawal transaction
Parsed transaction: withdraw 5 307.000000 
Loaded withdrawal transaction
Parsed transaction: withdraw 6 647.000000 
Loaded withdrawal transaction
Parsed transaction: withdraw 7 593.000000 
Loaded withdrawal transaction
Parsed transaction: withdraw 8 449.000000 
Loaded withdrawal transaction
Parsed transaction: withdraw 9 163.000000 
Loaded withdrawal transaction
********************************************
********************************************
   Reading and parsing a transaction file   
********************************************
Parsed transaction: withdraw 1 500.000000 
Loaded withdrawal transaction
Parsed transaction: withdraw 2 500.000000 
Loaded withdrawal transaction
Parsed transaction: withdraw 3 500.000000 
Loaded withdrawal transaction
Parsed transaction: withdraw 4 500.000000 
Loaded withdrawal transaction
Parsed transaction: withdraw 5 500.000000 
Loaded withdrawal transaction
Parsed transaction: withdraw 6 500.000000 
Loaded withdrawal transaction
Parsed transaction: withdraw 7 500.000000 
Loaded withdrawal transaction
Parsed transaction: withdraw 8 500.000000 
Loaded withdrawal transaction
Parsed transaction: withdraw 9 500.000000 
Loaded withdrawal transaction
Parsed transaction: withdraw 0 500.000000 
Loaded withdrawal transaction
Parsed transaction: withdraw 1 500.000000 
Loaded withdrawal transaction
Parsed transaction: withdraw 2 500.000000 
Loaded withdrawal transaction
Parsed transaction: withdraw 3 500.000000 
Loaded withdrawal transaction
Parsed transaction: withdraw 4 500.000000 
Loaded withdrawal transaction
Parsed transaction: withdraw 5 500.000000 
Loaded withdrawal transaction
Parsed transaction: withdraw 6 500.000000 
Loaded withdrawal transaction
Parsed transaction: withdraw 7 500.000000 
Loaded withdrawal transaction
Parsed transaction: withdraw 8 500.000000 
Loaded withdrawal transaction
Parsed transaction: withdraw 9 500.000000 
Loaded withdrawal transaction
Parsed transaction: withdraw 0 500.000000 
Loaded withdrawal transaction
Parsed transaction: withdraw 1 500.000000 
Loaded withdrawal transaction
Parsed transaction: withdraw 2 500.000000 
Loaded withdrawal transaction
Parsed transaction: withdraw 3 500.000000 
Loaded withdrawal transaction
Parsed transaction: withdraw 4 500.000000 
Loaded withdrawal transaction
Parsed transaction: withdraw 5 500.000000 
Loaded withdrawal transaction
Parsed transaction: withdraw 6 500.000000 
Loaded withdrawal transaction
Parsed transaction: withdraw 7 500.000000 
Loaded withdrawal transaction
Parsed transaction: withdraw 8 500.000000 
Loaded withdrawal transaction
Parsed transaction: withdraw 9 500.000000 
Loaded withdrawal transaction
Parsed transaction: withdraw 0 500.000000 
Loaded withdrawal transaction
********************************************
********************************************
   Reading and parsing a transaction file   
********************************************
Parsed transaction: deposit 0 100.000000 
Loaded deposit transaction
Parsed transaction: deposit 0 200.000000 
Loaded deposit transaction
Parsed transaction: deposit 0 300.000000 
Loaded deposit transaction
Parsed transaction: withdraw 0 200.000000 
Loaded withdrawal transaction
Parsed transaction: withdraw 0 100.000000 
Loaded withdrawal transaction
Parsed transaction: withdraw 0 50.000000 
Loaded withdrawal transaction
Parsed transaction: transfer 1 0 200.000000 
Loaded transfer transaction
Parsed transaction: balance 0 
Loaded balance transaction
********************************************
  ***    Start of transaction batch    ***  
User 0, Acc 7 Balance 0.000000, Deposit 9929.000000 
User 0, Acc 4 Balance 0.000000, Deposit 937.000000 
User 0, Acc 5 Balance 0.000000, Deposit 941.000000 
User 0, Acc 0 Balance 0.000000, Deposit 7.000000 
User 0, Acc 3 Balance 0.000000, Deposit 29.000000 
User 0, Acc 7 Balance 9929.000000, Deposit 9.000000 
User 0, Acc 9 Balance 0.000000, Deposit 129.000000 
User 0, Acc 3 Balance 29.000000, Transfer 29.000000 to Acc 7
User 0, Acc 7 Balance 9967.000000, Transfer 31.000000 to Acc 6
User 0, Acc 7 Balance 9936.000000, Transfer 137.000000 to Acc 5
User 0, Acc 7 Balance 9799.000000, Transfer 3.000000 to Acc 4
User 0, Acc 7 Balance 9796.000000, Transfer 5.000000 to Acc 4
[22;32mUser 0, Acc 4 Balance 945.000000, 				Withdraw 1167.000000 --insufficient funds[0m
[22;32mUser 0, Acc 5 Balance 1078.000000, 				Withdraw 1307.000000 --insufficient funds[0m
[22;32mUser 0, Acc 1 Balance 0.000000, 				Withdraw 41.000000 --insufficient funds[0m
[22;32mUser 0, Acc 2 Balance 0.000000, 				Withdraw 71.000000 --insufficient funds[0m
[22;32mUser 0, Acc 3 Balance 0.000000, 				Withdraw 1127.000000 --insufficient funds[0m
[22;32mUser 0, Acc 6 Balance 31.000000, 				Withdraw 647.000000 --insufficient funds[0m
User 0, Acc 6 Balance 31.000000, Deposit 1953.000000 
User 0, Acc 7 Balance 9791.000000, Deposit 967.000000 
User 0, Acc 6 Balance 1984.000000, Transfer 1167.000000 to Acc 5
User 0, Acc 4 Balance 945.000000, Transfer 53.000000 to Acc 5
User 0, Acc 7 Balance 10758.000000, Withdraw 1593.000000 
[22;32mUser 0, Acc 8 Balance 0.000000, 				Withdraw 449.000000 --insufficient funds[0m
[22;32mUser 0, Acc 9 Balance 129.000000, 				Withdraw 163.000000 --insufficient funds[0m
User 3, Acc 9 Balance 129.000000, Deposit 617.000000 
User 1, Acc 7 Balance 9165.000000, Deposit 9929.000000 
User 0, Acc 9 Balance 129.000000, Deposit 617.000000 
User 1, Acc 4 Balance 892.000000, Deposit 937.000000 
User 2, Acc 0 Balance 7.000000, Deposit 907.000000 
User 5, Acc 0 Balance 7.000000, Deposit 100.000000 
User 2, Acc 1 Balance 0.000000, Deposit 911.000000 
User 2, Acc 2 Balance 0.000000, Deposit 919.000000 
User 2, Acc 3 Balance 0.000000, Deposit 929.000000 
User 0, Acc 9 Balance 1363.000000, Transfer 617.000000 to Acc 1
User 2, Acc 4 Balance 1829.000000, Deposit 937.000000 
User 2, Acc 5 Balance 2298.000000, Deposit 941.000000 
User 2, Acc 6 Balance 817.000000, Deposit 953.000000 
User 0, Acc 8 Balance 0.000000, Deposit 619.000000 
User 3, Acc 9 Balance 746.000000, Transfer 617.000000 to Acc 9
User 0, Acc 8 Balance 619.000000, Transfer 619.000000 to Acc 2
User 0, Acc 7 Balance 19094.000000, Deposit 631.000000 
[22;32mUser 4, Acc 1 Balance 0.000000, 				Withdraw 500.000000 --insufficient funds[0m
User 2, Acc 7 Balance 19094.000000, Deposit 967.000000 
User 4, Acc 2 Balance 1538.000000, Withdraw 500.000000 
User 2, Acc 1 Balance 1528.000000, Transfer 19.000000 to Acc 7
User 1, Acc 5 Balance 2298.000000, Deposit 941.000000 
User 0, Acc 7 Balance 19725.000000, Transfer 631.000000 to Acc 3
User 0, Acc 6 Balance 1770.000000, Deposit 641.000000 
User 0, Acc 6 Balance 2411.000000, Transfer 641.000000 to Acc 4
User 0, Acc 5 Balance 4180.000000, Deposit 643.000000 
User 0, Acc 5 Balance 4823.000000, Transfer 1200.000000 to Acc 6
User 0, Acc 4 Balance 3407.000000, Deposit 647.000000 
User 0, Acc 4 Balance 4054.000000, Transfer 1200.000000 to Acc 7
User 4, Acc 3 Balance 929.000000, Withdraw 500.000000 
User 0, Acc 3 Balance 1560.000000, Deposit 653.000000 
User 4, Acc 4 Balance 2854.000000, Withdraw 500.000000 
User 0, Acc 3 Balance 1713.000000, Transfer 1200.000000 to Acc 8
User 4, Acc 5 Balance 3623.000000, Withdraw 500.000000 
User 5, Acc 0 Balance 1014.000000, Deposit 200.000000 
User 2, Acc 2 Balance 1038.000000, Transfer 23.000000 to Acc 7
User 5, Acc 0 Balance 1214.000000, Deposit 300.000000 
User 0, Acc 2 Balance 1038.000000, Deposit 659.000000 
User 4, Acc 6 Balance 2970.000000, Withdraw 500.000000 
User 0, Acc 2 Balance 1674.000000, Transfer 1200.000000 to Acc 9
User 4, Acc 7 Balance 21303.000000, Withdraw 500.000000 
User 0, Acc 1 Balance 1509.000000, Deposit 661.000000 
User 4, Acc 8 Balance 1200.000000, Withdraw 500.000000 
User 5, Acc 0 Balance 1514.000000, Withdraw 200.000000 
User 4, Acc 9 Balance 1946.000000, Withdraw 500.000000 
User 1, Acc 0 Balance 1014.000000, Deposit 7.000000 
User 4, Acc 0 Balance 1314.000000, Withdraw 500.000000 
User 0, Acc 1 Balance 2170.000000, Transfer 1200.000000 to Acc 9
User 3, Acc 8 Balance 0.000000, Deposit 619.000000 
User 0, Acc 0 Balance 821.000000, Deposit 673.000000 
User 3, Acc 8 Balance 1319.000000, Transfer 619.000000 to Acc 2
User 0, Acc 0 Balance 1494.000000, Transfer 1200.000000 to Acc 9
User 4, Acc 1 Balance 2170.000000, Withdraw 500.000000 
User 0, Acc 7 Balance 20803.000000, Deposit 9929.000000 
User 1, Acc 3 Balance 513.000000, Deposit 29.000000 
User 0, Acc 4 Balance 2354.000000, Deposit 937.000000 
User 0, Acc 5 Balance 3123.000000, Deposit 941.000000 
User 0, Acc 0 Balance 294.000000, Deposit 7.000000 
User 4, Acc 2 Balance 1093.000000, Withdraw 500.000000 
User 0, Acc 3 Balance 542.000000, Deposit 29.000000 
User 0, Acc 7 Balance 30732.000000, Deposit 9.000000 
User 1, Acc 7 Balance 30732.000000, Deposit 9.000000 
User 0, Acc 9 Balance 3846.000000, Deposit 129.000000 
User 0, Acc 3 Balance 571.000000, Transfer 29.000000 to Acc 7
User 2, Acc 3 Balance 513.000000, Transfer 29.000000 to Acc 7
User 0, Acc 7 Balance 30779.000000, Transfer 31.000000 to Acc 6
User 2, Acc 7 Balance 30808.000000, Transfer 31.000000 to Acc 6
User 0, Acc 7 Balance 30777.000000, Transfer 137.000000 to Acc 5
User 1, Acc 9 Balance 3975.000000, Deposit 129.000000 
User 4, Acc 3 Balance 571.000000, Withdraw 500.000000 
User 1, Acc 3 Balance 513.000000, Transfer 29.000000 to Acc 7
User 1, Acc 7 Balance 30638.000000, Transfer 31.000000 to Acc 6
User 4, Acc 4 Balance 3291.000000, Withdraw 500.000000 
User 5, Acc 0 Balance 1314.000000, Withdraw 100.000000 
User 0, Acc 7 Balance 30609.000000, Transfer 3.000000 to Acc 4
User 0, Acc 7 Balance 30604.000000, Transfer 5.000000 to Acc 4
User 0, Acc 4 Balance 2799.000000, Withdraw 1167.000000 
User 0, Acc 5 Balance 4201.000000, Withdraw 1307.000000 
User 0, Acc 1 Balance 470.000000, Transfer 89.000000 to Acc 8
User 0, Acc 1 Balance 381.000000, Transfer 163.000000 to Acc 9
User 3, Acc 7 Balance 20803.000000, Deposit 631.000000 
User 0, Acc 1 Balance 218.000000, Withdraw 41.000000 
User 3, Acc 7 Balance 31230.000000, Transfer 631.000000 to Acc 3
User 1, Acc 7 Balance 30607.000000, Transfer 137.000000 to Acc 5
User 4, Acc 5 Balance 4201.000000, Withdraw 500.000000 
User 5, Acc 0 Balance 201.000000, Withdraw 50.000000 
User 2, Acc 7 Balance 30746.000000, Transfer 37.000000 to Acc 5
Balance in 0: 151.000000
User 3, Acc 6 Balance 2563.000000, Deposit 641.000000 
User 5, Acc 9 Balance 4267.000000, Deposit 617.000000 
User 4, Acc 6 Balance 2563.000000, Withdraw 500.000000 
User 2, Acc 7 Balance 30425.000000, Transfer 3.000000 to Acc 4
User 4, Acc 7 Balance 30425.000000, Withdraw 500.000000 
User 4, Acc 8 Balance 789.000000, Withdraw 500.000000 
User 1, Acc 7 Balance 30462.000000, Transfer 3.000000 to Acc 4
User 3, Acc 6 Balance 3204.000000, Transfer 641.000000 to Acc 4
User 5, Acc 9 Balance 4884.000000, Transfer 617.000000 to Acc 9
User 2, Acc 7 Balance 29922.000000, Transfer 5.000000 to Acc 4
User 5, Acc 8 Balance 289.000000, Deposit 619.000000 
User 2, Acc 6 Balance 2063.000000, Transfer 67.000000 to Acc 5
User 4, Acc 9 Balance 4884.000000, Withdraw 500.000000 
User 1, Acc 7 Balance 29919.000000, Transfer 5.000000 to Acc 4
[22;32mUser 4, Acc 0 Balance 151.000000, 				Withdraw 500.000000 --insufficient funds[0m
User 0, Acc 2 Balance 593.000000, Withdraw 71.000000 
User 2, Acc 4 Balance 2284.000000, Transfer 53.000000 to Acc 5
[22;32mUser 0, Acc 3 Balance 615.000000, 				Withdraw 1127.000000 --insufficient funds[0m
User 0, Acc 6 Balance 1996.000000, Withdraw 647.000000 
User 0, Acc 6 Balance 1349.000000, Deposit 1953.000000 
User 0, Acc 7 Balance 29909.000000, Deposit 967.000000 
User 0, Acc 1 Balance 177.000000, Transfer 19.000000 to Acc 7
User 0, Acc 2 Balance 522.000000, Transfer 23.000000 to Acc 7
User 0, Acc 6 Balance 3302.000000, Transfer 1167.000000 to Acc 5
User 0, Acc 4 Balance 2236.000000, Transfer 53.000000 to Acc 5
User 0, Acc 7 Balance 30918.000000, Withdraw 1593.000000 
User 0, Acc 8 Balance 908.000000, Withdraw 449.000000 
User 0, Acc 9 Balance 4384.000000, Withdraw 163.000000 
User 0, Acc 7 Balance 29325.000000, Deposit 9929.000000 
User 0, Acc 4 Balance 2183.000000, Deposit 937.000000 
User 0, Acc 5 Balance 3908.000000, Deposit 941.000000 
User 0, Acc 0 Balance 151.000000, Deposit 7.000000 
User 3, Acc 5 Balance 2568.000000, Deposit 643.000000 
User 0, Acc 3 Balance 615.000000, Deposit 29.000000 
User 3, Acc 5 Balance 5492.000000, Transfer 1200.000000 to Acc 6
User 3, Acc 4 Balance 3120.000000, Deposit 647.000000 
[22;32mUser 4, Acc 1 Balance 177.000000, 				Withdraw 500.000000 --insufficient funds[0m
[22;32mUser 4, Acc 2 Balance 499.000000, 				Withdraw 500.000000 --insufficient funds[0m
User 1, Acc 4 Balance 2289.000000, Withdraw 1167.000000 
User 5, Acc 8 Balance 908.000000, Transfer 619.000000 to Acc 2
User 0, Acc 7 Balance 39254.000000, Deposit 9.000000 
User 3, Acc 4 Balance 3767.000000, Transfer 1200.000000 to Acc 7
User 0, Acc 9 Balance 4221.000000, Deposit 129.000000 
User 4, Acc 3 Balance 644.000000, Withdraw 500.000000 
User 1, Acc 5 Balance 4292.000000, Withdraw 1307.000000 
User 5, Acc 7 Balance 39254.000000, Deposit 631.000000 
User 2, Acc 1 Balance 177.000000, Transfer 89.000000 to Acc 8
User 5, Acc 7 Balance 41094.000000, Transfer 631.000000 to Acc 3
User 0, Acc 3 Balance 644.000000, Transfer 29.000000 to Acc 7
User 4, Acc 4 Balance 1400.000000, Withdraw 500.000000 
User 0, Acc 7 Balance 40492.000000, Transfer 31.000000 to Acc 6
User 2, Acc 1 Balance 69.000000, Withdraw 41.000000 
User 0, Acc 7 Balance 40461.000000, Transfer 137.000000 to Acc 5
User 5, Acc 6 Balance 3335.000000, Deposit 641.000000 
User 0, Acc 7 Balance 40324.000000, Transfer 3.000000 to Acc 4
User 5, Acc 6 Balance 4007.000000, Transfer 641.000000 to Acc 4
User 0, Acc 7 Balance 40321.000000, Transfer 5.000000 to Acc 4
User 5, Acc 5 Balance 3122.000000, Deposit 643.000000 
User 0, Acc 4 Balance 1549.000000, Withdraw 1167.000000 
User 4, Acc 5 Balance 2985.000000, Withdraw 500.000000 
User 0, Acc 5 Balance 3765.000000, Withdraw 1307.000000 
User 3, Acc 3 Balance 644.000000, Deposit 653.000000 
User 5, Acc 5 Balance 3765.000000, Transfer 1200.000000 to Acc 6
User 1, Acc 1 Balance 158.000000, Transfer 89.000000 to Acc 8
User 4, Acc 6 Balance 3366.000000, Withdraw 500.000000 
[22;32mUser 1, Acc 1 Balance -61.000000, 				Withdraw 41.000000 --insufficient funds[0m
[22;32mUser 0, Acc 1 Balance 28.000000, 				Withdraw 41.000000 --insufficient funds[0m
User 3, Acc 3 Balance 1399.000000, Transfer 1200.000000 to Acc 8
User 0, Acc 2 Balance 1118.000000, Withdraw 71.000000 
User 2, Acc 2 Balance 1118.000000, Withdraw 71.000000 
[22;32mUser 0, Acc 3 Balance 199.000000, 				Withdraw 1127.000000 --insufficient funds[0m
User 2, Acc 3 Balance 199.000000, Withdraw 127.000000 
User 2, Acc 4 Balance 382.000000, Withdraw 167.000000 
User 0, Acc 6 Balance 4066.000000, Withdraw 647.000000 
User 2, Acc 5 Balance 758.000000, Withdraw 307.000000 
User 4, Acc 7 Balance 40316.000000, Withdraw 500.000000 
User 1, Acc 2 Balance 1118.000000, Withdraw 71.000000 
User 3, Acc 2 Balance 1118.000000, Deposit 659.000000 
[22;32mUser 1, Acc 3 Balance 72.000000, 				Withdraw 1127.000000 --insufficient funds[0m
User 3, Acc 2 Balance 1564.000000, Transfer 1200.000000 to Acc 9
User 2, Acc 6 Balance 3419.000000, Withdraw 647.000000 
User 5, Acc 4 Balance 382.000000, Deposit 647.000000 
User 0, Acc 6 Balance 3419.000000, Deposit 1953.000000 
User 0, Acc 7 Balance 39816.000000, Deposit 967.000000 
User 0, Acc 2 Balance 364.000000, Transfer 23.000000 to Acc 7
User 0, Acc 6 Balance 4725.000000, Transfer 1167.000000 to Acc 5
User 0, Acc 4 Balance 862.000000, Transfer 53.000000 to Acc 5
User 5, Acc 3 Balance 72.000000, Deposit 653.000000 
User 5, Acc 2 Balance 341.000000, Deposit 659.000000 
User 5, Acc 1 Balance -61.000000, Deposit 661.000000 
User 5, Acc 0 Balance 158.000000, Deposit 673.000000 
User 5, Acc 1 Balance 600.000000, Withdraw 50.000000 
User 5, Acc 2 Balance 1000.000000, Withdraw 50.000000 
User 5, Acc 3 Balance 725.000000, Withdraw 50.000000 
User 5, Acc 4 Balance 809.000000, Withdraw 50.000000 
User 5, Acc 5 Balance 1671.000000, Withdraw 50.000000 
User 5, Acc 6 Balance 3558.000000, Withdraw 50.000000 
User 0, Acc 7 Balance 40806.000000, Withdraw 1593.000000 
User 1, Acc 6 Balance 3419.000000, Withdraw 647.000000 
User 0, Acc 8 Balance 1218.000000, Withdraw 449.000000 
User 4, Acc 8 Balance 1218.000000, Withdraw 500.000000 
User 2, Acc 7 Balance 39816.000000, Withdraw 593.000000 
User 4, Acc 9 Balance 5550.000000, Withdraw 500.000000 
[22;32mUser 2, Acc 8 Balance 269.000000, 				Withdraw 449.000000 --insufficient funds[0m
User 2, Acc 9 Balance 5050.000000, Withdraw 163.000000 
User 2, Acc 7 Balance 38620.000000, Deposit 9929.000000 
User 2, Acc 4 Balance 759.000000, Deposit 937.000000 
User 2, Acc 5 Balance 1621.000000, Deposit 941.000000 
User 2, Acc 0 Balance 831.000000, Deposit 7.000000 
User 2, Acc 3 Balance 675.000000, Deposit 29.000000 
User 2, Acc 7 Balance 48549.000000, Deposit 9.000000 
User 2, Acc 9 Balance 4887.000000, Deposit 129.000000 
User 2, Acc 3 Balance 704.000000, Transfer 29.000000 to Acc 7
User 2, Acc 7 Balance 48587.000000, Transfer 31.000000 to Acc 6
User 2, Acc 7 Balance 48556.000000, Transfer 137.000000 to Acc 5
User 2, Acc 7 Balance 48419.000000, Transfer 3.000000 to Acc 4
User 0, Acc 9 Balance 5550.000000, Withdraw 163.000000 
User 5, Acc 7 Balance 40806.000000, Withdraw 50.000000 
User 0, Acc 7 Balance 48416.000000, Deposit 9929.000000 
User 4, Acc 0 Balance 831.000000, Withdraw 500.000000 
User 0, Acc 4 Balance 1699.000000, Deposit 937.000000 
User 4, Acc 9 Balance 4853.000000, Deposit 617.000000 
User 0, Acc 5 Balance 2699.000000, Deposit 941.000000 
User 3, Acc 1 Balance -61.000000, Deposit 661.000000 
User 1, Acc 6 Balance 2861.000000, Deposit 1953.000000 
User 3, Acc 1 Balance 1211.000000, Transfer 1200.000000 to Acc 9
User 2, Acc 7 Balance 48416.000000, Transfer 5.000000 to Acc 4
User 5, Acc 8 Balance 269.000000, Withdraw 50.000000 
User 0, Acc 0 Balance 338.000000, Deposit 7.000000 
User 1, Acc 7 Balance 58295.000000, Deposit 967.000000 
User 0, Acc 3 Balance 675.000000, Deposit 29.000000 
User 1, Acc 2 Balance 950.000000, Transfer 23.000000 to Acc 7
User 4, Acc 9 Balance 5470.000000, Transfer 617.000000 to Acc 1
User 2, Acc 4 Balance 2641.000000, Withdraw 1167.000000 
User 4, Acc 8 Balance 219.000000, Deposit 619.000000 
User 0, Acc 7 Balance 59257.000000, Deposit 9.000000 
User 1, Acc 6 Balance 4845.000000, Transfer 1167.000000 to Acc 5
User 0, Acc 9 Balance 6053.000000, Deposit 129.000000 
User 1, Acc 4 Balance 1474.000000, Transfer 53.000000 to Acc 5
User 0, Acc 3 Balance 704.000000, Transfer 29.000000 to Acc 7
User 1, Acc 7 Balance 59289.000000, Withdraw 1593.000000 
User 0, Acc 7 Balance 59318.000000, Transfer 31.000000 to Acc 6
User 5, Acc 9 Balance 6670.000000, Withdraw 50.000000 
User 0, Acc 7 Balance 57694.000000, Transfer 137.000000 to Acc 5
User 5, Acc 0 Balance 345.000000, Withdraw 50.000000 
User 4, Acc 8 Balance 838.000000, Transfer 619.000000 to Acc 2
User 1, Acc 8 Balance 838.000000, Withdraw 449.000000 
User 2, Acc 5 Balance 3640.000000, Withdraw 1307.000000 
User 1, Acc 9 Balance 6132.000000, Withdraw 163.000000 
User 0, Acc 7 Balance 57557.000000, Transfer 3.000000 to Acc 4
User 1, Acc 9 Balance 5969.000000, Deposit 617.000000 
User 0, Acc 7 Balance 57554.000000, Transfer 5.000000 to Acc 4
User 1, Acc 9 Balance 6586.000000, Transfer 617.000000 to Acc 9
User 0, Acc 4 Balance 1429.000000, Withdraw 1167.000000 
User 5, Acc 9 Balance 6132.000000, Deposit 617.000000 
User 0, Acc 5 Balance 3690.000000, Withdraw 1307.000000 
User 5, Acc 9 Balance 7203.000000, Transfer 617.000000 to Acc 9
User 0, Acc 1 Balance 628.000000, Transfer 89.000000 to Acc 8
User 1, Acc 8 Balance -230.000000, Deposit 619.000000 
User 4, Acc 7 Balance 57557.000000, Deposit 631.000000 
User 2, Acc 1 Balance 628.000000, Transfer 89.000000 to Acc 8
User 4, Acc 7 Balance 58180.000000, Transfer 631.000000 to Acc 3
User 4, Acc 6 Balance 3709.000000, Deposit 641.000000 
User 3, Acc 0 Balance 338.000000, Deposit 673.000000 
User 4, Acc 6 Balance 4350.000000, Transfer 641.000000 to Acc 4
User 3, Acc 1 Balance 450.000000, Withdraw 50.000000 
User 4, Acc 5 Balance 2383.000000, Deposit 643.000000 
User 4, Acc 5 Balance 3026.000000, Transfer 1200.000000 to Acc 6
User 4, Acc 4 Balance 903.000000, Deposit 647.000000 
User 4, Acc 4 Balance 1550.000000, Transfer 1200.000000 to Acc 7
User 4, Acc 3 Balance 1306.000000, Deposit 653.000000 
User 4, Acc 3 Balance 1959.000000, Transfer 1200.000000 to Acc 8
User 4, Acc 2 Balance 1546.000000, Deposit 659.000000 
User 3, Acc 2 Balance 1546.000000, Withdraw 50.000000 
User 4, Acc 2 Balance 2205.000000, Transfer 1200.000000 to Acc 9
User 4, Acc 1 Balance 400.000000, Deposit 661.000000 
User 4, Acc 0 Balance 968.000000, Deposit 673.000000 
User 0, Acc 1 Balance 539.000000, Transfer 163.000000 to Acc 9
User 1, Acc 7 Balance 57549.000000, Deposit 631.000000 
User 0, Acc 1 Balance 898.000000, Withdraw 41.000000 
User 0, Acc 2 Balance 955.000000, Withdraw 71.000000 
User 3, Acc 3 Balance 759.000000, Withdraw 50.000000 
[22;32mUser 0, Acc 3 Balance 759.000000, 				Withdraw 1127.000000 --insufficient funds[0m
User 3, Acc 4 Balance 350.000000, Withdraw 50.000000 
User 0, Acc 6 Balance 4909.000000, Withdraw 647.000000 
User 3, Acc 5 Balance 1826.000000, Withdraw 50.000000 
User 0, Acc 6 Balance 4262.000000, Deposit 1953.000000 
User 0, Acc 7 Balance 59380.000000, Deposit 967.000000 
User 0, Acc 1 Balance 857.000000, Transfer 19.000000 to Acc 7
User 5, Acc 8 Balance -230.000000, Deposit 619.000000 
User 0, Acc 2 Balance 884.000000, Transfer 23.000000 to Acc 7
User 3, Acc 6 Balance 4262.000000, Withdraw 50.000000 
User 0, Acc 6 Balance 6215.000000, Transfer 1167.000000 to Acc 5
User 3, Acc 7 Balance 60389.000000, Withdraw 50.000000 
User 0, Acc 4 Balance 300.000000, Transfer 53.000000 to Acc 5
User 3, Acc 8 Balance 2386.000000, Withdraw 50.000000 
User 3, Acc 9 Balance 8566.000000, Withdraw 50.000000 
User 2, Acc 1 Balance 450.000000, Transfer 163.000000 to Acc 9
User 4, Acc 0 Balance 1641.000000, Transfer 1200.000000 to Acc 9
User 4, Acc 0 Balance 441.000000, Deposit 907.000000 
User 4, Acc 1 Balance 675.000000, Deposit 911.000000 
User 4, Acc 2 Balance 861.000000, Deposit 919.000000 
User 4, Acc 3 Balance 709.000000, Deposit 929.000000 
User 0, Acc 7 Balance 60339.000000, Withdraw 1593.000000 
User 3, Acc 0 Balance 1641.000000, Withdraw 50.000000 
User 0, Acc 8 Balance 2336.000000, Withdraw 449.000000 
User 5, Acc 8 Balance 2386.000000, Transfer 619.000000 to Acc 2
User 0, Acc 9 Balance 9879.000000, Withdraw 163.000000 
User 1, Acc 7 Balance 59380.000000, Transfer 631.000000 to Acc 3
User 1, Acc 6 Balance 4998.000000, Deposit 641.000000 
User 2, Acc 1 Balance 675.000000, Withdraw 41.000000 
User 1, Acc 6 Balance 5639.000000, Transfer 641.000000 to Acc 4
User 2, Acc 2 Balance 2399.000000, Withdraw 71.000000 
User 2, Acc 3 Balance 2269.000000, Withdraw 1127.000000 
User 1, Acc 5 Balance 2996.000000, Deposit 643.000000 
User 0, Acc 9 Balance 9716.000000, Deposit 617.000000 
User 3, Acc 9 Balance 9879.000000, Deposit 617.000000 
User 0, Acc 9 Balance 10333.000000, Transfer 617.000000 to Acc 9
User 3, Acc 9 Balance 10950.000000, Transfer 617.000000 to Acc 9
User 0, Acc 8 Balance 1268.000000, Deposit 619.000000 
User 1, Acc 5 Balance 3639.000000, Transfer 1200.000000 to Acc 6
User 0, Acc 8 Balance 1887.000000, Transfer 619.000000 to Acc 2
User 1, Acc 4 Balance 888.000000, Deposit 647.000000 
User 0, Acc 7 Balance 58115.000000, Deposit 631.000000 
User 1, Acc 4 Balance 1535.000000, Transfer 1200.000000 to Acc 7
User 0, Acc 7 Balance 58746.000000, Transfer 631.000000 to Acc 3
User 0, Acc 6 Balance 6198.000000, Deposit 641.000000 
User 0, Acc 6 Balance 6839.000000, Transfer 641.000000 to Acc 4
User 0, Acc 5 Balance 2439.000000, Deposit 643.000000 
User 0, Acc 5 Balance 3082.000000, Transfer 1200.000000 to Acc 6
User 0, Acc 4 Balance 976.000000, Deposit 647.000000 
User 0, Acc 4 Balance 1623.000000, Transfer 1200.000000 to Acc 7
User 0, Acc 3 Balance 1773.000000, Deposit 653.000000 
User 0, Acc 3 Balance 2426.000000, Transfer 1200.000000 to Acc 8
User 0, Acc 2 Balance 2947.000000, Deposit 659.000000 
User 0, Acc 2 Balance 3606.000000, Transfer 1200.000000 to Acc 9
User 0, Acc 1 Balance 1545.000000, Deposit 661.000000 
User 0, Acc 1 Balance 2206.000000, Transfer 1200.000000 to Acc 9
User 0, Acc 0 Balance 1298.000000, Deposit 673.000000 
User 0, Acc 0 Balance 1971.000000, Transfer 1200.000000 to Acc 9
User 0, Acc 1 Balance 1006.000000, Withdraw 50.000000 
User 0, Acc 2 Balance 2406.000000, Withdraw 50.000000 
User 0, Acc 3 Balance 1226.000000, Withdraw 50.000000 
User 0, Acc 4 Balance 423.000000, Withdraw 50.000000 
User 0, Acc 5 Balance 1882.000000, Withdraw 50.000000 
User 0, Acc 6 Balance 7398.000000, Withdraw 50.000000 
User 0, Acc 7 Balance 60515.000000, Withdraw 50.000000 
User 0, Acc 8 Balance 2468.000000, Withdraw 50.000000 
User 3, Acc 8 Balance 1268.000000, Deposit 619.000000 
User 0, Acc 9 Balance 14550.000000, Withdraw 50.000000 
User 0, Acc 0 Balance 771.000000, Withdraw 50.000000 
User 1, Acc 3 Balance 1773.000000, Deposit 653.000000 
User 0, Acc 9 Balance 14500.000000, Deposit 617.000000 
User 2, Acc 6 Balance 4998.000000, Withdraw 647.000000 
User 0, Acc 9 Balance 15117.000000, Transfer 617.000000 to Acc 1
User 3, Acc 8 Balance 3037.000000, Transfer 619.000000 to Acc 2
User 5, Acc 7 Balance 58746.000000, Deposit 631.000000 
User 3, Acc 7 Balance 60465.000000, Deposit 631.000000 
User 3, Acc 7 Balance 61096.000000, Transfer 631.000000 to Acc 3
User 1, Acc 3 Balance 1829.000000, Transfer 1200.000000 to Acc 8
User 4, Acc 4 Balance 247.000000, Deposit 937.000000 
User 1, Acc 2 Balance 2975.000000, Deposit 659.000000 
User 1, Acc 2 Balance 3634.000000, Transfer 1200.000000 to Acc 9
User 5, Acc 7 Balance 61727.000000, Transfer 631.000000 to Acc 3
User 1, Acc 1 Balance 1573.000000, Deposit 661.000000 
User 5, Acc 6 Balance 6701.000000, Deposit 641.000000 
User 1, Acc 1 Balance 2234.000000, Transfer 1200.000000 to Acc 9
User 1, Acc 0 Balance 721.000000, Deposit 673.000000 
User 0, Acc 8 Balance 3037.000000, Deposit 619.000000 
User 2, Acc 6 Balance 6701.000000, Deposit 1953.000000 
User 0, Acc 8 Balance 4237.000000, Transfer 619.000000 to Acc 2
User 4, Acc 5 Balance 1832.000000, Deposit 941.000000 
User 0, Acc 7 Balance 60465.000000, Deposit 631.000000 
User 4, Acc 6 Balance 9295.000000, Deposit 953.000000 
User 1, Acc 0 Balance 1394.000000, Transfer 1200.000000 to Acc 9
User 2, Acc 7 Balance 60465.000000, Deposit 967.000000 
User 1, Acc 1 Balance 1034.000000, Withdraw 50.000000 
User 0, Acc 7 Balance 61096.000000, Transfer 631.000000 to Acc 3
User 4, Acc 7 Balance 61096.000000, Deposit 967.000000 
User 0, Acc 6 Balance 10248.000000, Deposit 641.000000 
User 3, Acc 6 Balance 6701.000000, Deposit 641.000000 
User 2, Acc 1 Balance 1034.000000, Transfer 19.000000 to Acc 7
User 3, Acc 6 Balance 11530.000000, Transfer 641.000000 to Acc 4
User 2, Acc 2 Balance 3053.000000, Transfer 23.000000 to Acc 7
User 2, Acc 6 Balance 11530.000000, Transfer 1167.000000 to Acc 5
User 4, Acc 1 Balance 984.000000, Transfer 19.000000 to Acc 7
User 0, Acc 6 Balance 10889.000000, Transfer 641.000000 to Acc 4
User 1, Acc 2 Balance 3053.000000, Withdraw 50.000000 
User 0, Acc 5 Balance 3940.000000, Deposit 643.000000 
User 5, Acc 6 Balance 7342.000000, Transfer 641.000000 to Acc 4
User 2, Acc 4 Balance 1951.000000, Transfer 53.000000 to Acc 5
User 5, Acc 5 Balance 4583.000000, Deposit 643.000000 
User 5, Acc 5 Balance 5226.000000, Transfer 1200.000000 to Acc 6
User 3, Acc 5 Balance 2773.000000, Deposit 643.000000 
User 1, Acc 3 Balance 2522.000000, Withdraw 50.000000 
User 0, Acc 5 Balance 4583.000000, Transfer 1200.000000 to Acc 6
User 0, Acc 4 Balance 3180.000000, Deposit 647.000000 
User 0, Acc 4 Balance 3827.000000, Transfer 1200.000000 to Acc 7
User 0, Acc 3 Balance 2472.000000, Deposit 653.000000 
User 0, Acc 3 Balance 3125.000000, Transfer 1200.000000 to Acc 8
User 0, Acc 2 Balance 2980.000000, Deposit 659.000000 
User 0, Acc 2 Balance 3639.000000, Transfer 1200.000000 to Acc 9
User 0, Acc 1 Balance 946.000000, Deposit 661.000000 
User 0, Acc 1 Balance 1607.000000, Transfer 1200.000000 to Acc 9
User 0, Acc 0 Balance 194.000000, Deposit 673.000000 
User 0, Acc 9 Balance 20500.000000, Deposit 617.000000 
User 0, Acc 9 Balance 21117.000000, Transfer 617.000000 to Acc 1
User 0, Acc 8 Balance 4818.000000, Deposit 619.000000 
User 0, Acc 8 Balance 5437.000000, Transfer 619.000000 to Acc 2
User 0, Acc 7 Balance 63660.000000, Deposit 631.000000 
User 0, Acc 7 Balance 64291.000000, Transfer 631.000000 to Acc 3
User 0, Acc 6 Balance 10840.000000, Deposit 641.000000 
User 0, Acc 6 Balance 11481.000000, Transfer 641.000000 to Acc 4
User 0, Acc 5 Balance 3522.000000, Deposit 643.000000 
User 0, Acc 5 Balance 4165.000000, Transfer 1200.000000 to Acc 6
User 0, Acc 4 Balance 3268.000000, Deposit 647.000000 
User 0, Acc 4 Balance 3915.000000, Transfer 1200.000000 to Acc 7
User 0, Acc 3 Balance 2556.000000, Deposit 653.000000 
User 0, Acc 3 Balance 3209.000000, Transfer 1200.000000 to Acc 8
User 0, Acc 2 Balance 3058.000000, Deposit 659.000000 
User 0, Acc 2 Balance 3717.000000, Transfer 1200.000000 to Acc 9
User 0, Acc 1 Balance 1024.000000, Deposit 661.000000 
User 0, Acc 1 Balance 1685.000000, Transfer 1200.000000 to Acc 9
User 0, Acc 0 Balance 867.000000, Deposit 673.000000 
User 0, Acc 0 Balance 1540.000000, Transfer 1200.000000 to Acc 9
User 0, Acc 9 Balance 24100.000000, Deposit 617.000000 
User 0, Acc 9 Balance 24717.000000, Transfer 617.000000 to Acc 1
User 0, Acc 8 Balance 6018.000000, Deposit 619.000000 
User 0, Acc 8 Balance 6637.000000, Transfer 619.000000 to Acc 2
User 0, Acc 7 Balance 64860.000000, Deposit 631.000000 
User 0, Acc 7 Balance 65491.000000, Transfer 631.000000 to Acc 3
User 0, Acc 6 Balance 12040.000000, Deposit 641.000000 
User 0, Acc 6 Balance 12681.000000, Transfer 641.000000 to Acc 4
User 0, Acc 5 Balance 2965.000000, Deposit 643.000000 
User 0, Acc 5 Balance 3608.000000, Transfer 1200.000000 to Acc 6
User 0, Acc 4 Balance 3356.000000, Deposit 647.000000 
User 0, Acc 4 Balance 4003.000000, Transfer 1200.000000 to Acc 7
User 0, Acc 3 Balance 2640.000000, Deposit 653.000000 
User 0, Acc 3 Balance 3293.000000, Transfer 1200.000000 to Acc 8
User 0, Acc 2 Balance 3136.000000, Deposit 659.000000 
User 0, Acc 2 Balance 3795.000000, Transfer 1200.000000 to Acc 9
User 0, Acc 1 Balance 1102.000000, Deposit 661.000000 
User 0, Acc 1 Balance 1763.000000, Transfer 1200.000000 to Acc 9
User 0, Acc 0 Balance 340.000000, Deposit 673.000000 
User 0, Acc 9 Balance 26500.000000, Deposit 617.000000 
User 0, Acc 9 Balance 27117.000000, Transfer 617.000000 to Acc 1
User 0, Acc 8 Balance 7218.000000, Deposit 619.000000 
User 0, Acc 8 Balance 7837.000000, Transfer 619.000000 to Acc 2
User 0, Acc 7 Balance 66060.000000, Deposit 631.000000 
User 0, Acc 7 Balance 66691.000000, Transfer 631.000000 to Acc 3
User 0, Acc 6 Balance 13240.000000, Deposit 641.000000 
User 0, Acc 6 Balance 13881.000000, Transfer 641.000000 to Acc 4
User 0, Acc 5 Balance 2408.000000, Deposit 643.000000 
User 0, Acc 5 Balance 3051.000000, Transfer 1200.000000 to Acc 6
User 0, Acc 4 Balance 3444.000000, Deposit 647.000000 
User 0, Acc 4 Balance 4091.000000, Transfer 1200.000000 to Acc 7
User 0, Acc 3 Balance 2724.000000, Deposit 653.000000 
User 0, Acc 3 Balance 3377.000000, Transfer 1200.000000 to Acc 8
User 0, Acc 2 Balance 3214.000000, Deposit 659.000000 
User 0, Acc 2 Balance 3873.000000, Transfer 1200.000000 to Acc 9
User 0, Acc 1 Balance 1180.000000, Deposit 661.000000 
User 0, Acc 1 Balance 1841.000000, Transfer 1200.000000 to Acc 9
User 0, Acc 0 Balance 1013.000000, Deposit 673.000000 
User 0, Acc 0 Balance 1686.000000, Transfer 1200.000000 to Acc 9
User 0, Acc 0 Balance 486.000000, Deposit 907.000000 
User 0, Acc 1 Balance 641.000000, Deposit 911.000000 
User 0, Acc 2 Balance 2673.000000, Deposit 919.000000 
User 0, Acc 3 Balance 2177.000000, Deposit 929.000000 
User 0, Acc 4 Balance 2891.000000, Deposit 937.000000 
User 0, Acc 5 Balance 1851.000000, Deposit 941.000000 
User 0, Acc 6 Balance 14440.000000, Deposit 953.000000 
User 0, Acc 7 Balance 67260.000000, Deposit 967.000000 
User 0, Acc 1 Balance 1552.000000, Transfer 19.000000 to Acc 7
User 0, Acc 2 Balance 3592.000000, Transfer 23.000000 to Acc 7
User 0, Acc 3 Balance 3106.000000, Transfer 29.000000 to Acc 7
User 0, Acc 7 Balance 68298.000000, Transfer 31.000000 to Acc 6
User 0, Acc 7 Balance 68267.000000, Transfer 37.000000 to Acc 5
User 0, Acc 7 Balance 68230.000000, Transfer 3.000000 to Acc 4
User 0, Acc 7 Balance 68227.000000, Transfer 5.000000 to Acc 4
User 0, Acc 6 Balance 15424.000000, Transfer 67.000000 to Acc 5
User 0, Acc 4 Balance 3836.000000, Transfer 53.000000 to Acc 5
User 0, Acc 1 Balance 1533.000000, Transfer 89.000000 to Acc 8
User 0, Acc 1 Balance 1444.000000, Transfer 163.000000 to Acc 9
User 0, Acc 1 Balance 1281.000000, Withdraw 41.000000 
User 0, Acc 2 Balance 3569.000000, Withdraw 71.000000 
User 0, Acc 3 Balance 3077.000000, Withdraw 127.000000 
User 0, Acc 4 Balance 3783.000000, Withdraw 167.000000 
User 0, Acc 5 Balance 2949.000000, Withdraw 307.000000 
User 0, Acc 6 Balance 15357.000000, Withdraw 647.000000 
User 0, Acc 7 Balance 68222.000000, Withdraw 593.000000 
User 0, Acc 8 Balance 8507.000000, Withdraw 449.000000 
User 0, Acc 9 Balance 30263.000000, Withdraw 163.000000 
User 4, Acc 2 Balance 3030.000000, Transfer 23.000000 to Acc 7
User 4, Acc 3 Balance 2950.000000, Transfer 29.000000 to Acc 7
User 2, Acc 7 Balance 62460.000000, Withdraw 1593.000000 
User 5, Acc 4 Balance 3180.000000, Deposit 647.000000 
User 5, Acc 4 Balance 4263.000000, Transfer 1200.000000 to Acc 7
User 3, Acc 5 Balance 4722.000000, Transfer 1200.000000 to Acc 6
User 0, Acc 0 Balance 1393.000000, Deposit 907.000000 
User 0, Acc 1 Balance 1240.000000, Deposit 911.000000 
User 0, Acc 2 Balance 3475.000000, Deposit 919.000000 
User 2, Acc 8 Balance 8058.000000, Withdraw 449.000000 
User 2, Acc 9 Balance 30100.000000, Withdraw 163.000000 
User 2, Acc 1 Balance 2151.000000, Withdraw 500.000000 
User 2, Acc 2 Balance 4394.000000, Withdraw 500.000000 
User 2, Acc 3 Balance 2921.000000, Withdraw 500.000000 
User 2, Acc 4 Balance 3063.000000, Withdraw 500.000000 
User 2, Acc 5 Balance 1442.000000, Withdraw 500.000000 
User 2, Acc 6 Balance 15910.000000, Withdraw 500.000000 
User 2, Acc 7 Balance 67288.000000, Withdraw 500.000000 
User 2, Acc 8 Balance 7609.000000, Withdraw 500.000000 
User 2, Acc 9 Balance 29937.000000, Withdraw 500.000000 
User 4, Acc 7 Balance 67681.000000, Transfer 31.000000 to Acc 6
User 4, Acc 7 Balance 66757.000000, Transfer 37.000000 to Acc 5
User 4, Acc 7 Balance 66720.000000, Transfer 3.000000 to Acc 4
User 0, Acc 3 Balance 2921.000000, Deposit 929.000000 
User 1, Acc 4 Balance 3180.000000, Withdraw 50.000000 
User 0, Acc 4 Balance 2566.000000, Deposit 937.000000 
User 5, Acc 3 Balance 2921.000000, Deposit 653.000000 
User 0, Acc 5 Balance 979.000000, Deposit 941.000000 
User 5, Acc 3 Balance 4003.000000, Transfer 1200.000000 to Acc 8
User 0, Acc 6 Balance 15441.000000, Deposit 953.000000 
User 1, Acc 5 Balance 979.000000, Withdraw 50.000000 
User 0, Acc 7 Balance 66717.000000, Deposit 967.000000 
User 1, Acc 6 Balance 16394.000000, Withdraw 50.000000 
User 4, Acc 7 Balance 66717.000000, Transfer 5.000000 to Acc 4
User 1, Acc 7 Balance 67684.000000, Withdraw 50.000000 
User 4, Acc 6 Balance 16344.000000, Transfer 67.000000 to Acc 5
User 1, Acc 8 Balance 8309.000000, Withdraw 50.000000 
User 0, Acc 1 Balance 1651.000000, Transfer 19.000000 to Acc 7
User 1, Acc 9 Balance 29437.000000, Withdraw 50.000000 
User 0, Acc 2 Balance 3894.000000, Transfer 23.000000 to Acc 7
User 4, Acc 4 Balance 3458.000000, Transfer 53.000000 to Acc 5
User 0, Acc 3 Balance 2803.000000, Transfer 29.000000 to Acc 7
User 4, Acc 1 Balance 1632.000000, Transfer 89.000000 to Acc 8
User 0, Acc 7 Balance 67700.000000, Transfer 31.000000 to Acc 6
User 4, Acc 1 Balance 1543.000000, Transfer 163.000000 to Acc 9
User 0, Acc 7 Balance 67669.000000, Transfer 37.000000 to Acc 5
User 5, Acc 2 Balance 3894.000000, Deposit 659.000000 
User 0, Acc 7 Balance 67632.000000, Transfer 3.000000 to Acc 4
User 5, Acc 2 Balance 4530.000000, Transfer 1200.000000 to Acc 9
User 0, Acc 7 Balance 67629.000000, Transfer 5.000000 to Acc 4
User 5, Acc 1 Balance 1380.000000, Deposit 661.000000 
User 5, Acc 1 Balance 2041.000000, Transfer 1200.000000 to Acc 9
User 0, Acc 6 Balance 16308.000000, Transfer 67.000000 to Acc 5
User 1, Acc 0 Balance 2300.000000, Withdraw 50.000000 
User 4, Acc 1 Balance 1380.000000, Withdraw 41.000000 
User 1, Acc 0 Balance 2250.000000, Deposit 907.000000 
User 1, Acc 1 Balance 841.000000, Deposit 911.000000 
User 4, Acc 2 Balance 3330.000000, Withdraw 71.000000 
User 5, Acc 0 Balance 2300.000000, Deposit 673.000000 
User 0, Acc 4 Balance 3413.000000, Transfer 53.000000 to Acc 5
User 0, Acc 1 Balance 1711.000000, Transfer 89.000000 to Acc 8
User 0, Acc 1 Balance 1622.000000, Transfer 163.000000 to Acc 9
User 0, Acc 1 Balance 1459.000000, Withdraw 41.000000 
User 0, Acc 2 Balance 3259.000000, Withdraw 71.000000 
User 0, Acc 3 Balance 2774.000000, Withdraw 127.000000 
User 0, Acc 4 Balance 3360.000000, Withdraw 167.000000 
User 0, Acc 5 Balance 2147.000000, Withdraw 307.000000 
User 1, Acc 2 Balance 3330.000000, Deposit 919.000000 
User 0, Acc 6 Balance 16241.000000, Withdraw 647.000000 
User 1, Acc 3 Balance 2647.000000, Deposit 929.000000 
User 0, Acc 7 Balance 67624.000000, Withdraw 593.000000 
User 1, Acc 4 Balance 3193.000000, Deposit 937.000000 
User 0, Acc 8 Balance 8437.000000, Withdraw 449.000000 
User 5, Acc 0 Balance 3830.000000, Transfer 1200.000000 to Acc 9
User 2, Acc 0 Balance 2300.000000, Withdraw 500.000000 
User 5, Acc 1 Balance 1418.000000, Withdraw 50.000000 
User 5, Acc 2 Balance 4107.000000, Withdraw 50.000000 
User 1, Acc 5 Balance 1840.000000, Deposit 941.000000 
User 4, Acc 3 Balance 2774.000000, Withdraw 127.000000 
User 1, Acc 6 Balance 15594.000000, Deposit 953.000000 
User 0, Acc 9 Balance 32113.000000, Withdraw 163.000000 
User 2, Acc 1 Balance 1368.000000, Withdraw 500.000000 
User 0, Acc 0 Balance 2130.000000, Deposit 907.000000 
User 0, Acc 1 Balance 868.000000, Deposit 911.000000 
User 0, Acc 2 Balance 4057.000000, Deposit 919.000000 
User 0, Acc 3 Balance 3449.000000, Deposit 929.000000 
User 2, Acc 2 Balance 4057.000000, Withdraw 500.000000 
User 0, Acc 4 Balance 4130.000000, Deposit 937.000000 
User 4, Acc 4 Balance 4130.000000, Withdraw 167.000000 
User 3, Acc 4 Balance 3063.000000, Deposit 647.000000 
User 4, Acc 5 Balance 2781.000000, Withdraw 307.000000 
User 1, Acc 7 Balance 67031.000000, Deposit 967.000000 
User 5, Acc 3 Balance 3576.000000, Withdraw 50.000000 
User 1, Acc 1 Balance 1779.000000, Transfer 19.000000 to Acc 7
User 5, Acc 4 Balance 5547.000000, Withdraw 50.000000 
User 5, Acc 5 Balance 2474.000000, Withdraw 50.000000 
User 4, Acc 6 Balance 16547.000000, Withdraw 647.000000 
User 5, Acc 6 Balance 16547.000000, Withdraw 50.000000 
User 3, Acc 4 Balance 5547.000000, Transfer 1200.000000 to Acc 7
User 5, Acc 7 Balance 68017.000000, Withdraw 50.000000 
User 0, Acc 5 Balance 2781.000000, Deposit 941.000000 
User 0, Acc 6 Balance 15850.000000, Deposit 953.000000 
User 0, Acc 7 Balance 69167.000000, Deposit 967.000000 
User 0, Acc 1 Balance 1760.000000, Transfer 19.000000 to Acc 7
User 0, Acc 2 Balance 4476.000000, Transfer 23.000000 to Acc 7
User 0, Acc 3 Balance 4328.000000, Transfer 29.000000 to Acc 7
User 0, Acc 7 Balance 70205.000000, Transfer 31.000000 to Acc 6
User 0, Acc 7 Balance 70174.000000, Transfer 37.000000 to Acc 5
User 0, Acc 7 Balance 70137.000000, Transfer 3.000000 to Acc 4
User 0, Acc 7 Balance 70134.000000, Transfer 5.000000 to Acc 4
User 5, Acc 8 Balance 7988.000000, Withdraw 50.000000 
User 0, Acc 6 Balance 16834.000000, Transfer 67.000000 to Acc 5
User 2, Acc 3 Balance 4378.000000, Withdraw 500.000000 
User 1, Acc 2 Balance 4476.000000, Transfer 23.000000 to Acc 7
User 2, Acc 4 Balance 4305.000000, Withdraw 500.000000 
User 2, Acc 5 Balance 3469.000000, Withdraw 500.000000 
User 5, Acc 9 Balance 33150.000000, Withdraw 50.000000 
User 4, Acc 7 Balance 68017.000000, Withdraw 593.000000 
User 0, Acc 4 Balance 4305.000000, Transfer 53.000000 to Acc 5
User 0, Acc 1 Balance 1741.000000, Transfer 89.000000 to Acc 8
User 0, Acc 1 Balance 1652.000000, Transfer 163.000000 to Acc 9
User 0, Acc 1 Balance 1489.000000, Withdraw 41.000000 
User 0, Acc 2 Balance 4430.000000, Withdraw 71.000000 
User 0, Acc 3 Balance 3799.000000, Withdraw 127.000000 
User 0, Acc 4 Balance 3752.000000, Withdraw 167.000000 
User 0, Acc 5 Balance 3022.000000, Withdraw 307.000000 
User 0, Acc 6 Balance 16767.000000, Withdraw 647.000000 
User 0, Acc 7 Balance 69559.000000, Withdraw 593.000000 
User 0, Acc 8 Balance 8027.000000, Withdraw 449.000000 
User 0, Acc 9 Balance 33263.000000, Withdraw 163.000000 
User 0, Acc 0 Balance 3037.000000, Deposit 100.000000 
User 0, Acc 0 Balance 3137.000000, Deposit 200.000000 
User 0, Acc 0 Balance 3337.000000, Deposit 300.000000 
User 0, Acc 0 Balance 3637.000000, Withdraw 200.000000 
User 0, Acc 0 Balance 3437.000000, Withdraw 100.000000 
User 0, Acc 0 Balance 3337.000000, Withdraw 50.000000 
User 0, Acc 1 Balance 1448.000000, Transfer 200.000000 to Acc 0
Balance in 0: 3487.000000
User 4, Acc 8 Balance 7938.000000, Withdraw 449.000000 
User 4, Acc 9 Balance 33100.000000, Withdraw 163.000000 
User 3, Acc 3 Balance 4328.000000, Deposit 653.000000 
User 3, Acc 3 Balance 4325.000000, Transfer 1200.000000 to Acc 8
User 3, Acc 2 Balance 4359.000000, Deposit 659.000000 
User 3, Acc 2 Balance 5018.000000, Transfer 1200.000000 to Acc 9
User 3, Acc 1 Balance 1248.000000, Deposit 661.000000 
User 3, Acc 1 Balance 1909.000000, Transfer 1200.000000 to Acc 9
User 3, Acc 0 Balance 3487.000000, Deposit 673.000000 
User 3, Acc 0 Balance 4160.000000, Transfer 1200.000000 to Acc 9
User 3, Acc 1 Balance 709.000000, Withdraw 50.000000 
User 3, Acc 2 Balance 3818.000000, Withdraw 50.000000 
User 3, Acc 3 Balance 3125.000000, Withdraw 50.000000 
User 3, Acc 4 Balance 3585.000000, Withdraw 50.000000 
User 3, Acc 5 Balance 2715.000000, Withdraw 50.000000 
User 3, Acc 6 Balance 16120.000000, Withdraw 50.000000 
User 3, Acc 7 Balance 68966.000000, Withdraw 50.000000 
User 3, Acc 8 Balance 8329.000000, Withdraw 50.000000 
User 3, Acc 9 Balance 36537.000000, Withdraw 50.000000 
User 3, Acc 0 Balance 2960.000000, Withdraw 50.000000 
User 3, Acc 0 Balance 2910.000000, Deposit 100.000000 
User 3, Acc 0 Balance 3010.000000, Deposit 200.000000 
User 3, Acc 0 Balance 3210.000000, Deposit 300.000000 
User 3, Acc 0 Balance 3510.000000, Withdraw 200.000000 
User 3, Acc 0 Balance 3310.000000, Withdraw 100.000000 
User 1, Acc 3 Balance 3799.000000, Transfer 29.000000 to Acc 7
User 2, Acc 6 Balance 16767.000000, Withdraw 500.000000 
User 5, Acc 0 Balance 3037.000000, Withdraw 50.000000 
User 0, Acc 1 Balance 1248.000000, Withdraw 500.000000 
User 4, Acc 1 Balance 1248.000000, Withdraw 500.000000 
User 0, Acc 2 Balance 3768.000000, Withdraw 500.000000 
User 1, Acc 7 Balance 68945.000000, Transfer 31.000000 to Acc 6
User 0, Acc 3 Balance 3046.000000, Withdraw 500.000000 
User 1, Acc 7 Balance 68914.000000, Transfer 37.000000 to Acc 5
User 3, Acc 0 Balance 3210.000000, Withdraw 50.000000 
User 1, Acc 7 Balance 68877.000000, Transfer 3.000000 to Acc 4
Balance in 0: 3110.000000
User 1, Acc 7 Balance 68874.000000, Transfer 5.000000 to Acc 4
User 5, Acc 1 Balance 659.000000, Withdraw 500.000000 
User 1, Acc 6 Balance 15601.000000, Transfer 67.000000 to Acc 5
User 5, Acc 2 Balance 3268.000000, Withdraw 500.000000 
User 1, Acc 4 Balance 3543.000000, Transfer 53.000000 to Acc 5
User 5, Acc 3 Balance 2546.000000, Withdraw 500.000000 
User 0, Acc 4 Balance 3535.000000, Withdraw 500.000000 
User 0, Acc 5 Balance 2822.000000, Withdraw 500.000000 
User 0, Acc 6 Balance 15534.000000, Withdraw 500.000000 
User 0, Acc 7 Balance 68869.000000, Withdraw 500.000000 
User 0, Acc 8 Balance 8279.000000, Withdraw 500.000000 
User 0, Acc 9 Balance 36487.000000, Withdraw 500.000000 
User 0, Acc 0 Balance 3110.000000, Withdraw 500.000000 
[22;32mUser 0, Acc 1 Balance -841.000000, 				Withdraw 500.000000 --insufficient funds[0m
User 0, Acc 2 Balance 2768.000000, Withdraw 500.000000 
User 0, Acc 3 Balance 2046.000000, Withdraw 500.000000 
User 0, Acc 4 Balance 2990.000000, Withdraw 500.000000 
User 0, Acc 5 Balance 2322.000000, Withdraw 500.000000 
User 0, Acc 6 Balance 15034.000000, Withdraw 500.000000 
User 0, Acc 7 Balance 68369.000000, Withdraw 500.000000 
User 0, Acc 8 Balance 7779.000000, Withdraw 500.000000 
User 0, Acc 9 Balance 35987.000000, Withdraw 500.000000 
User 0, Acc 0 Balance 2610.000000, Withdraw 500.000000 
User 2, Acc 7 Balance 68945.000000, Withdraw 500.000000 
[22;32mUser 0, Acc 1 Balance -841.000000, 				Withdraw 500.000000 --insufficient funds[0m
User 2, Acc 8 Balance 7279.000000, Withdraw 500.000000 
[22;32mUser 1, Acc 1 Balance -841.000000, 				Withdraw 41.000000 --insufficient funds[0m
User 1, Acc 2 Balance 2268.000000, Withdraw 71.000000 
User 1, Acc 3 Balance 1546.000000, Withdraw 127.000000 
User 1, Acc 4 Balance 2490.000000, Withdraw 167.000000 
User 1, Acc 5 Balance 1822.000000, Withdraw 307.000000 
User 1, Acc 6 Balance 14534.000000, Withdraw 647.000000 
User 1, Acc 7 Balance 67369.000000, Withdraw 593.000000 
User 1, Acc 8 Balance 6779.000000, Withdraw 449.000000 
User 0, Acc 2 Balance 2268.000000, Withdraw 500.000000 
User 5, Acc 4 Balance 3490.000000, Withdraw 500.000000 
User 4, Acc 2 Balance 3768.000000, Withdraw 500.000000 
User 5, Acc 5 Balance 1515.000000, Withdraw 500.000000 
User 4, Acc 3 Balance 1419.000000, Withdraw 500.000000 
User 1, Acc 9 Balance 35487.000000, Withdraw 163.000000 
User 0, Acc 3 Balance 1419.000000, Withdraw 500.000000 
[22;32mUser 3, Acc 1 Balance -341.000000, 				Withdraw 500.000000 --insufficient funds[0m
User 0, Acc 4 Balance 1823.000000, Withdraw 500.000000 
User 5, Acc 6 Balance 13887.000000, Withdraw 500.000000 
User 0, Acc 5 Balance 1015.000000, Withdraw 500.000000 
User 5, Acc 7 Balance 66776.000000, Withdraw 500.000000 
User 0, Acc 6 Balance 13387.000000, Withdraw 500.000000 
User 5, Acc 8 Balance 6330.000000, Withdraw 500.000000 
User 3, Acc 2 Balance 1197.000000, Withdraw 500.000000 
User 5, Acc 9 Balance 35324.000000, Withdraw 500.000000 
[22;32mUser 3, Acc 3 Balance 419.000000, 				Withdraw 500.000000 --insufficient funds[0m
User 2, Acc 9 Balance 35487.000000, Withdraw 500.000000 
User 0, Acc 7 Balance 66276.000000, Withdraw 500.000000 
User 2, Acc 0 Balance 2110.000000, Withdraw 500.000000 
User 0, Acc 8 Balance 5830.000000, Withdraw 500.000000 
User 5, Acc 0 Balance 2110.000000, Withdraw 500.000000 
User 0, Acc 9 Balance 34324.000000, Withdraw 500.000000 
[22;32mUser 5, Acc 1 Balance -841.000000, 				Withdraw 500.000000 --insufficient funds[0m
User 0, Acc 0 Balance 1110.000000, Withdraw 500.000000 
User 5, Acc 2 Balance 697.000000, Withdraw 500.000000 
User 0, Acc 0 Balance 610.000000, Deposit 100.000000 
User 1, Acc 0 Balance 2110.000000, Deposit 100.000000 
[22;32mUser 2, Acc 1 Balance -841.000000, 				Withdraw 500.000000 --insufficient funds[0m
User 3, Acc 4 Balance 1323.000000, Withdraw 500.000000 
User 3, Acc 5 Balance 515.000000, Withdraw 500.000000 
User 3, Acc 6 Balance 12887.000000, Withdraw 500.000000 
User 3, Acc 7 Balance 65776.000000, Withdraw 500.000000 
User 3, Acc 8 Balance 5330.000000, Withdraw 500.000000 
User 3, Acc 9 Balance 33824.000000, Withdraw 500.000000 
User 3, Acc 0 Balance 810.000000, Withdraw 500.000000 
[22;32mUser 3, Acc 1 Balance -841.000000, 				Withdraw 500.000000 --insufficient funds[0m
[22;32mUser 3, Acc 2 Balance 197.000000, 				Withdraw 500.000000 --insufficient funds[0m
[22;32mUser 3, Acc 3 Balance 419.000000, 				Withdraw 500.000000 --insufficient funds[0m
User 3, Acc 4 Balance 823.000000, Withdraw 500.000000 
[22;32mUser 3, Acc 5 Balance 15.000000, 				Withdraw 500.000000 --insufficient funds[0m
User 3, Acc 6 Balance 12387.000000, Withdraw 500.000000 
User 3, Acc 7 Balance 65276.000000, Withdraw 500.000000 
User 3, Acc 8 Balance 4830.000000, Withdraw 500.000000 
User 3, Acc 9 Balance 33324.000000, Withdraw 500.000000 
[22;32mUser 3, Acc 0 Balance 310.000000, 				Withdraw 500.000000 --insufficient funds[0m
[22;32mUser 3, Acc 1 Balance -841.000000, 				Withdraw 500.000000 --insufficient funds[0m
[22;32mUser 3, Acc 2 Balance 197.000000, 				Withdraw 500.000000 --insufficient funds[0m
[22;32mUser 3, Acc 3 Balance 419.000000, 				Withdraw 500.000000 --insufficient funds[0m
[22;32mUser 3, Acc 4 Balance 323.000000, 				Withdraw 500.000000 --insufficient funds[0m
[22;32mUser 3, Acc 5 Balance 15.000000, 				Withdraw 500.000000 --insufficient funds[0m
User 3, Acc 6 Balance 11887.000000, Withdraw 500.000000 
User 3, Acc 7 Balance 64776.000000, Withdraw 500.000000 
User 3, Acc 8 Balance 4330.000000, Withdraw 500.000000 
User 3, Acc 9 Balance 32824.000000, Withdraw 500.000000 
[22;32mUser 3, Acc 0 Balance 310.000000, 				Withdraw 500.000000 --insufficient funds[0m
User 0, Acc 0 Balance 710.000000, Deposit 200.000000 
User 0, Acc 0 Balance 510.000000, Deposit 300.000000 
User 0, Acc 0 Balance 810.000000, Withdraw 200.000000 
User 0, Acc 0 Balance 610.000000, Withdraw 100.000000 
User 0, Acc 0 Balance 510.000000, Withdraw 50.000000 
Balance in 0: 460.000000
User 4, Acc 4 Balance 1823.000000, Withdraw 500.000000 
[22;32mUser 4, Acc 5 Balance 15.000000, 				Withdraw 500.000000 --insufficient funds[0m
User 4, Acc 6 Balance 11387.000000, Withdraw 500.000000 
User 4, Acc 7 Balance 64276.000000, Withdraw 500.000000 
User 4, Acc 8 Balance 3830.000000, Withdraw 500.000000 
User 4, Acc 9 Balance 32324.000000, Withdraw 500.000000 
[22;32mUser 4, Acc 0 Balance 460.000000, 				Withdraw 500.000000 --insufficient funds[0m
[22;32mUser 4, Acc 1 Balance -841.000000, 				Withdraw 500.000000 --insufficient funds[0m
[22;32mUser 4, Acc 2 Balance 197.000000, 				Withdraw 500.000000 --insufficient funds[0m
[22;32mUser 4, Acc 3 Balance 419.000000, 				Withdraw 500.000000 --insufficient funds[0m
[22;32mUser 4, Acc 4 Balance -177.000000, 				Withdraw 500.000000 --insufficient funds[0m
[22;32mUser 4, Acc 5 Balance 15.000000, 				Withdraw 500.000000 --insufficient funds[0m
User 4, Acc 6 Balance 10887.000000, Withdraw 500.000000 
User 4, Acc 7 Balance 63776.000000, Withdraw 500.000000 
[22;32mUser 5, Acc 3 Balance 419.000000, 				Withdraw 500.000000 --insufficient funds[0m
User 4, Acc 8 Balance 3330.000000, Withdraw 500.000000 
[22;32mUser 5, Acc 4 Balance -177.000000, 				Withdraw 500.000000 --insufficient funds[0m
[22;32mUser 2, Acc 2 Balance 197.000000, 				Withdraw 500.000000 --insufficient funds[0m
[22;32mUser 5, Acc 5 Balance 15.000000, 				Withdraw 500.000000 --insufficient funds[0m
[22;32mUser 2, Acc 3 Balance 419.000000, 				Withdraw 500.000000 --insufficient funds[0m
User 1, Acc 0 Balance 810.000000, Deposit 200.000000 
[22;32mUser 2, Acc 4 Balance -177.000000, 				Withdraw 500.000000 --insufficient funds[0m
User 1, Acc 0 Balance 660.000000, Deposit 300.000000 
User 4, Acc 9 Balance 31824.000000, Withdraw 500.000000 
User 3, Acc 0 Balance 310.000000, Deposit 100.000000 
User 4, Acc 0 Balance 960.000000, Withdraw 500.000000 
[22;32mUser 4, Acc 1 Balance -841.000000, 				Withdraw 500.000000 --insufficient funds[0m
[22;32mUser 2, Acc 5 Balance 15.000000, 				Withdraw 500.000000 --insufficient funds[0m
[22;32mUser 4, Acc 2 Balance 197.000000, 				Withdraw 500.000000 --insufficient funds[0m
User 2, Acc 6 Balance 10387.000000, Withdraw 500.000000 
[22;32mUser 4, Acc 3 Balance 419.000000, 				Withdraw 500.000000 --insufficient funds[0m
User 3, Acc 0 Balance 560.000000, Deposit 200.000000 
User 1, Acc 0 Balance 960.000000, Withdraw 200.000000 
User 5, Acc 6 Balance 10387.000000, Withdraw 500.000000 
User 1, Acc 0 Balance 560.000000, Withdraw 100.000000 
User 1, Acc 0 Balance 460.000000, Withdraw 50.000000 
User 3, Acc 0 Balance 760.000000, Deposit 300.000000 
Balance in 0: 410.000000
User 3, Acc 0 Balance 710.000000, Withdraw 200.000000 
User 5, Acc 7 Balance 63276.000000, Withdraw 500.000000 
[22;32mUser 4, Acc 4 Balance -177.000000, 				Withdraw 500.000000 --insufficient funds[0m
[22;32mUser 4, Acc 5 Balance 15.000000, 				Withdraw 500.000000 --insufficient funds[0m
User 5, Acc 8 Balance 2830.000000, Withdraw 500.000000 
User 4, Acc 6 Balance 9387.000000, Withdraw 500.000000 
User 5, Acc 9 Balance 31324.000000, Withdraw 500.000000 
User 3, Acc 0 Balance 510.000000, Withdraw 100.000000 
User 3, Acc 0 Balance 410.000000, Withdraw 50.000000 
User 4, Acc 7 Balance 62776.000000, Withdraw 500.000000 
Balance in 0: 360.000000
User 5, Acc 0 Balance 510.000000, Withdraw 500.000000 
User 2, Acc 7 Balance 63276.000000, Withdraw 500.000000 
User 4, Acc 8 Balance 2330.000000, Withdraw 500.000000 
User 4, Acc 9 Balance 30824.000000, Withdraw 500.000000 
User 2, Acc 8 Balance 2330.000000, Withdraw 500.000000 
[22;32mUser 5, Acc 1 Balance -841.000000, 				Withdraw 500.000000 --insufficient funds[0m
[22;32mUser 4, Acc 0 Balance -140.000000, 				Withdraw 500.000000 --insufficient funds[0m
User 2, Acc 9 Balance 30324.000000, Withdraw 500.000000 
[22;32mUser 2, Acc 0 Balance -140.000000, 				Withdraw 500.000000 --insufficient funds[0m
[22;32mUser 5, Acc 2 Balance 197.000000, 				Withdraw 500.000000 --insufficient funds[0m
[22;32mUser 5, Acc 3 Balance 419.000000, 				Withdraw 500.000000 --insufficient funds[0m
[22;32mUser 5, Acc 4 Balance -177.000000, 				Withdraw 500.000000 --insufficient funds[0m
[22;32mUser 5, Acc 5 Balance 15.000000, 				Withdraw 500.000000 --insufficient funds[0m
User 5, Acc 6 Balance 8887.000000, Withdraw 500.000000 
User 5, Acc 7 Balance 61776.000000, Withdraw 500.000000 
User 5, Acc 8 Balance 1330.000000, Withdraw 500.000000 
User 5, Acc 9 Balance 29824.000000, Withdraw 500.000000 
[22;32mUser 5, Acc 0 Balance -140.000000, 				Withdraw 500.000000 --insufficient funds[0m
  ***     End of transaction batch    ***  
Account 0 balance after completion of transaction batch: -140.000000
Account 1 balance after completion of transaction batch: -841.000000
Account 2 balance after completion of transaction batch: 197.000000
Account 3 balance after completion of transaction batch: 419.000000
Account 4 balance after completion of transaction batch: -177.000000
Account 5 balance after completion of transaction batch: 15.000000
Account 6 balance after completion of transaction batch: 8387.000000
Account 7 balance after completion of transaction batch: 61276.000000
Account 8 balance after completion of transaction batch: 830.000000
Account 9 balance after completion of transaction batch: 29324.000000
