# Output generated by:
# ./my_executable 6 data/transactions7.txt data/transactions11.txt data/transactions6.txt data/transactions2.txt data/transactions4.txt data/transactions1.txt

********************************************
   Reading and parsing a transaction file   
********************************************
Parsed transaction: deposit 7 9929.000000 
Loaded deposit transaction
Parsed transaction: deposit 4 937.000000 
Loaded deposit transaction
Parsed transaction: deposit 5 941.000000 
Loaded deposit transaction
Parsed transaction: deposit 0 7.000000 
Loaded deposit transaction
Parsed transaction: deposit 3 29.000000 
Loaded deposit transaction
Parsed transaction: deposit 7 9.000000 
Loaded deposit transaction
Parsed transaction: deposit 9 129.000000 
Loaded deposit transaction
Parsed transaction: transfer 3 7 29.000000 
Loaded transfer transaction
Parsed transaction: transfer 7 6 31.000000 
Loaded transfer transaction
Parsed transaction: transfer 7 5 137.000000 
Loaded transfer transaction
Parsed transaction: transfer 7 4 3.000000 
Loaded transfer transaction
Parsed transaction: transfer 7 4 5.000000 
Loaded transfer transaction
Parsed transaction: withdraw 4 1167.000000 
Loaded withdrawal transaction
Parsed transaction: withdraw 5 1307.000000 
Loaded withdrawal transaction
Parsed transaction: transfer 1 8 89.000000 
Loaded transfer transaction
Parsed transaction: transfer 1 9 163.000000 
Loaded transfer transaction
Parsed transaction: withdraw 1 41.000000 
Loaded withdrawal transaction
Parsed transaction: withdraw 2 71.000000 
Loaded withdrawal transaction
Parsed transaction: withdraw 3 1127.000000 
Loaded withdrawal transaction
Parsed transaction: withdraw 6 647.000000 
Loaded withdrawal transaction
Parsed transaction: deposit 6 1953.000000 
Loaded deposit transaction
Parsed transaction: deposit 7 967.000000 
Loaded deposit transaction
Parsed transaction: transfer 1 7 19.000000 
Loaded transfer transaction
Parsed transaction: transfer 2 7 23.000000 
Loaded transfer transaction
Parsed transaction: transfer 6 5 1167.000000 
Loaded transfer transaction
Parsed transaction: transfer 4 5 53.000000 
Loaded transfer transaction
Parsed transaction: withdraw 7 1593.000000 
Loaded withdrawal transaction
Parsed transaction: withdraw 8 449.000000 
Loaded withdrawal transaction
Parsed transaction: withdraw 9 163.000000 
Loaded withdrawal transaction
********************************************
********************************************
   Reading and parsing a transaction file   
********************************************
Parsed transaction: deposit 9 617.000000 
Loaded deposit transaction
Parsed transaction: transfer 9 9 617.000000 
Loaded transfer transaction
Parsed transaction: deposit 8 619.000000 
Loaded deposit transaction
Parsed transaction: transfer 8 2 619.000000 
Loaded transfer transaction
Parsed transaction: deposit 7 631.000000 
Loaded deposit transaction
Parsed transaction: transfer 7 3 631.000000 
Loaded transfer transaction
Parsed transaction: deposit 6 641.000000 
Loaded deposit transaction
Parsed transaction: transfer 6 4 641.000000 
Loaded transfer transaction
Parsed transaction: deposit 5 643.000000 
Loaded deposit transaction
Parsed transaction: transfer 5 6 1200.000000 
Loaded transfer transaction
Parsed transaction: deposit 4 647.000000 
Loaded deposit transaction
Parsed transaction: transfer 4 7 1200.000000 
Loaded transfer transaction
Parsed transaction: deposit 3 653.000000 
Loaded deposit transaction
Parsed transaction: transfer 3 8 1200.000000 
Loaded transfer transaction
Parsed transaction: deposit 2 659.000000 
Loaded deposit transaction
Parsed transaction: transfer 2 9 1200.000000 
Loaded transfer transaction
Parsed transaction: deposit 1 661.000000 
Loaded deposit transaction
Parsed transaction: transfer 1 9 1200.000000 
Loaded transfer transaction
Parsed transaction: deposit 0 673.000000 
Loaded deposit transaction
Parsed transaction: transfer 0 9 1200.000000 
Loaded transfer transaction
Parsed transaction: withdraw 1 50.000000 
Loaded withdrawal transaction
Parsed transaction: withdraw 2 50.000000 
Loaded withdrawal transaction
Parsed transaction: withdraw 3 50.000000 
Loaded withdrawal transaction
Parsed transaction: withdraw 4 50.000000 
Loaded withdrawal transaction
Parsed transaction: withdraw 5 50.000000 
Loaded withdrawal transaction
Parsed transaction: withdraw 6 50.000000 
Loaded withdrawal transaction
Parsed transaction: withdraw 7 50.000000 
Loaded withdrawal transaction
Parsed transaction: withdraw 8 50.000000 
Loaded withdrawal transaction
Parsed transaction: withdraw 9 50.000000 
Loaded withdrawal transaction
Parsed transaction: withdraw 0 50.000000 
Loaded withdrawal transaction
********************************************
********************************************
   Reading and parsing a transaction file   
********************************************
Parsed transaction: deposit 0 7.000000 
Loaded deposit transaction
Parsed transaction: deposit 1 11.000000 
Loaded deposit transaction
Parsed transaction: deposit 2 9.000000 
Loaded deposit transaction
Parsed transaction: transfer 3 7 29.000000 
Loaded transfer transaction
Parsed transaction: transfer 7 6 31.000000 
Loaded transfer transaction
Parsed transaction: transfer 7 5 137.000000 
Loaded transfer transaction
Parsed transaction: transfer 7 4 3.000000 
Loaded transfer transaction
Parsed transaction: transfer 7 4 5.000000 
Loaded transfer transaction
Parsed transaction: deposit 3 929.000000 
Loaded deposit transaction
Parsed transaction: deposit 4 937.000000 
Loaded deposit transaction
Parsed transaction: deposit 5 941.000000 
Loaded deposit transaction
Parsed transaction: withdraw 4 1167.000000 
Loaded withdrawal transaction
Parsed transaction: withdraw 5 1307.000000 
Loaded withdrawal transaction
Parsed transaction: transfer 1 8 89.000000 
Loaded transfer transaction
Parsed transaction: transfer 1 9 163.000000 
Loaded transfer transaction
Parsed transaction: withdraw 1 41.000000 
Loaded withdrawal transaction
Parsed transaction: withdraw 2 71.000000 
Loaded withdrawal transaction
Parsed transaction: withdraw 3 1127.000000 
Loaded withdrawal transaction
Parsed transaction: withdraw 6 647.000000 
Loaded withdrawal transaction
Parsed transaction: deposit 6 953.000000 
Loaded deposit transaction
Parsed transaction: deposit 7 967.000000 
Loaded deposit transaction
Parsed transaction: transfer 1 7 19.000000 
Loaded transfer transaction
Parsed transaction: transfer 2 7 23.000000 
Loaded transfer transaction
Parsed transaction: transfer 6 5 1167.000000 
Loaded transfer transaction
Parsed transaction: transfer 4 5 53.000000 
Loaded transfer transaction
Parsed transaction: withdraw 7 1593.000000 
Loaded withdrawal transaction
Parsed transaction: withdraw 8 449.000000 
Loaded withdrawal transaction
Parsed transaction: withdraw 9 163.000000 
Loaded withdrawal transaction
********************************************
********************************************
   Reading and parsing a transaction file   
********************************************
Parsed transaction: deposit 0 400.000000 
Loaded deposit transaction
Parsed transaction: withdraw 0 200.000000 
Loaded withdrawal transaction
Parsed transaction: deposit 0 100.000000 
Loaded deposit transaction
Parsed transaction: withdraw 0 50.000000 
Loaded withdrawal transaction
Parsed transaction: withdraw 0 150.000000 
Loaded withdrawal transaction
Parsed transaction: deposit 0 300.000000 
Loaded deposit transaction
Parsed transaction: transfer 0 1 300.000000 
Loaded transfer transaction
Parsed transaction: balance 1 
Loaded balance transaction
********************************************
********************************************
   Reading and parsing a transaction file   
********************************************
Parsed transaction: deposit 0 907.000000 
Loaded deposit transaction
Parsed transaction: deposit 1 911.000000 
Loaded deposit transaction
Parsed transaction: deposit 2 919.000000 
Loaded deposit transaction
Parsed transaction: deposit 3 929.000000 
Loaded deposit transaction
Parsed transaction: deposit 4 937.000000 
Loaded deposit transaction
Parsed transaction: deposit 5 941.000000 
Loaded deposit transaction
Parsed transaction: deposit 6 953.000000 
Loaded deposit transaction
Parsed transaction: deposit 7 967.000000 
Loaded deposit transaction
Parsed transaction: transfer 1 7 19.000000 
Loaded transfer transaction
Parsed transaction: transfer 2 7 23.000000 
Loaded transfer transaction
Parsed transaction: transfer 3 7 29.000000 
Loaded transfer transaction
Parsed transaction: transfer 7 6 31.000000 
Loaded transfer transaction
Parsed transaction: transfer 7 5 37.000000 
Loaded transfer transaction
Parsed transaction: transfer 7 4 3.000000 
Loaded transfer transaction
Parsed transaction: transfer 7 4 5.000000 
Loaded transfer transaction
Parsed transaction: transfer 6 5 67.000000 
Loaded transfer transaction
Parsed transaction: transfer 4 5 53.000000 
Loaded transfer transaction
Parsed transaction: transfer 1 8 89.000000 
Loaded transfer transaction
Parsed transaction: transfer 1 9 163.000000 
Loaded transfer transaction
Parsed transaction: withdraw 1 41.000000 
Loaded withdrawal transaction
Parsed transaction: withdraw 2 71.000000 
Loaded withdrawal transaction
Parsed transaction: withdraw 3 127.000000 
Loaded withdrawal transaction
Parsed transaction: withdraw 4 167.000000 
Loaded withdrawal transaction
Parsed transaction: withdraw 5 307.000000 
Loaded withdrawal transaction
Parsed transaction: withdraw 6 647.000000 
Loaded withdrawal transaction
Parsed transaction: withdraw 7 593.000000 
Loaded withdrawal transaction
Parsed transaction: withdraw 8 449.000000 
Loaded withdrawal transaction
Parsed transaction: withdraw 9 163.000000 
Loaded withdrawal transaction
********************************************
********************************************
   Reading and parsing a transaction file   
********************************************
Parsed transaction: deposit 0 100.000000 
Loaded deposit transaction
Parsed transaction: deposit 0 200.000000 
Loaded deposit transaction
Parsed transaction: deposit 0 300.000000 
Loaded deposit transaction
Parsed transaction: withdraw 0 200.000000 
Loaded withdrawal transaction
Parsed transaction: withdraw 0 100.000000 
Loaded withdrawal transaction
Parsed transaction: withdraw 0 50.000000 
Loaded withdrawal transaction
Parsed transaction: transfer 1 0 200.000000 
Loaded transfer transaction
Parsed transaction: balance 0 
Loaded balance transaction
********************************************
  ***    Start of transaction batch    ***  
User 0, Acc 7 Balance 0.000000, Deposit 9929.000000 
User 0, Acc 4 Balance 0.000000, Deposit 937.000000 
User 0, Acc 5 Balance 0.000000, Deposit 941.000000 
User 0, Acc 0 Balance 0.000000, Deposit 7.000000 
User 0, Acc 3 Balance 0.000000, Deposit 29.000000 
User 0, Acc 7 Balance 9929.000000, Deposit 9.000000 
User 0, Acc 9 Balance 0.000000, Deposit 129.000000 
User 0, Acc 3 Balance 29.000000, Transfer 29.000000 to Acc 7
User 0, Acc 7 Balance 9967.000000, Transfer 31.000000 to Acc 6
User 0, Acc 7 Balance 9936.000000, Transfer 137.000000 to Acc 5
User 0, Acc 7 Balance 9799.000000, Transfer 3.000000 to Acc 4
User 0, Acc 7 Balance 9796.000000, Transfer 5.000000 to Acc 4
[22;32mUser 0, Acc 4 Balance 945.000000, 				Withdraw 1167.000000 --insufficient funds[0m
[22;32mUser 0, Acc 5 Balance 1078.000000, 				Withdraw 1307.000000 --insufficient funds[0m
[22;32mUser 0, Acc 1 Balance 0.000000, 				Withdraw 41.000000 --insufficient funds[0m
[22;32mUser 0, Acc 2 Balance 0.000000, 				Withdraw 71.000000 --insufficient funds[0m
[22;32mUser 0, Acc 3 Balance 0.000000, 				Withdraw 1127.000000 --insufficient funds[0m
[22;32mUser 0, Acc 6 Balance 31.000000, 				Withdraw 647.000000 --insufficient funds[0m
User 0, Acc 6 Balance 31.000000, Deposit 1953.000000 
User 0, Acc 7 Balance 9791.000000, Deposit 967.000000 
User 0, Acc 6 Balance 1984.000000, Transfer 1167.000000 to Acc 5
User 0, Acc 4 Balance 945.000000, Transfer 53.000000 to Acc 5
User 0, Acc 7 Balance 10758.000000, Withdraw 1593.000000 
[22;32mUser 0, Acc 8 Balance 0.000000, 				Withdraw 449.000000 --insufficient funds[0m
[22;32mUser 0, Acc 9 Balance 129.000000, 				Withdraw 163.000000 --insufficient funds[0m
User 3, Acc 9 Balance 129.000000, Deposit 617.000000 
User 3, Acc 9 Balance 746.000000, Transfer 617.000000 to Acc 9
User 3, Acc 8 Balance 0.000000, Deposit 619.000000 
User 3, Acc 8 Balance 619.000000, Transfer 619.000000 to Acc 2
User 3, Acc 7 Balance 9165.000000, Deposit 631.000000 
User 4, Acc 0 Balance 7.000000, Deposit 400.000000 
User 4, Acc 0 Balance 407.000000, Withdraw 200.000000 
User 0, Acc 0 Balance 7.000000, Deposit 7.000000 
User 1, Acc 0 Balance 407.000000, Deposit 907.000000 
User 0, Acc 1 Balance 0.000000, Deposit 11.000000 
User 0, Acc 2 Balance 619.000000, Deposit 9.000000 
User 5, Acc 0 Balance 1121.000000, Deposit 100.000000 
User 1, Acc 1 Balance 11.000000, Deposit 911.000000 
User 5, Acc 0 Balance 1221.000000, Deposit 200.000000 
User 3, Acc 7 Balance 9796.000000, Transfer 631.000000 to Acc 3
User 1, Acc 2 Balance 628.000000, Deposit 919.000000 
User 5, Acc 0 Balance 1421.000000, Deposit 300.000000 
User 1, Acc 3 Balance 631.000000, Deposit 929.000000 
User 2, Acc 7 Balance 9796.000000, Deposit 9929.000000 
User 1, Acc 4 Balance 892.000000, Deposit 937.000000 
User 0, Acc 7 Balance 9796.000000, Transfer 31.000000 to Acc 6
User 0, Acc 7 Balance 19063.000000, Transfer 137.000000 to Acc 5
User 2, Acc 4 Balance 892.000000, Deposit 937.000000 
User 0, Acc 7 Balance 18926.000000, Transfer 3.000000 to Acc 4
User 0, Acc 7 Balance 18923.000000, Transfer 5.000000 to Acc 4
User 5, Acc 0 Balance 1721.000000, Withdraw 200.000000 
User 0, Acc 3 Balance 1560.000000, Deposit 929.000000 
User 0, Acc 4 Balance 2774.000000, Deposit 937.000000 
User 1, Acc 5 Balance 2298.000000, Deposit 941.000000 
User 2, Acc 5 Balance 2435.000000, Deposit 941.000000 
User 1, Acc 6 Balance 848.000000, Deposit 953.000000 
User 3, Acc 6 Balance 817.000000, Deposit 641.000000 
User 1, Acc 7 Balance 18918.000000, Deposit 967.000000 
User 3, Acc 6 Balance 2442.000000, Transfer 641.000000 to Acc 4
User 2, Acc 0 Balance 1521.000000, Deposit 7.000000 
User 3, Acc 5 Balance 4317.000000, Deposit 643.000000 
User 2, Acc 3 Balance 2489.000000, Deposit 29.000000 
User 3, Acc 5 Balance 4960.000000, Transfer 1200.000000 to Acc 6
User 2, Acc 7 Balance 19885.000000, Deposit 9.000000 
User 3, Acc 4 Balance 4352.000000, Deposit 647.000000 
User 4, Acc 0 Balance 207.000000, Deposit 100.000000 
User 5, Acc 0 Balance 1521.000000, Withdraw 100.000000 
User 1, Acc 1 Balance 922.000000, Transfer 19.000000 to Acc 7
User 2, Acc 9 Balance 746.000000, Deposit 129.000000 
User 1, Acc 2 Balance 1547.000000, Transfer 23.000000 to Acc 7
User 1, Acc 3 Balance 2518.000000, Transfer 29.000000 to Acc 7
User 2, Acc 3 Balance 2518.000000, Transfer 29.000000 to Acc 7
User 4, Acc 0 Balance 1628.000000, Withdraw 50.000000 
User 5, Acc 0 Balance 1528.000000, Withdraw 50.000000 
User 4, Acc 0 Balance 1478.000000, Withdraw 150.000000 
User 4, Acc 0 Balance 1328.000000, Deposit 300.000000 
User 3, Acc 4 Balance 4999.000000, Transfer 1200.000000 to Acc 7
User 1, Acc 7 Balance 19965.000000, Transfer 31.000000 to Acc 6
User 3, Acc 3 Balance 2460.000000, Deposit 653.000000 
User 1, Acc 7 Balance 21163.000000, Transfer 37.000000 to Acc 5
User 3, Acc 3 Balance 3113.000000, Transfer 1200.000000 to Acc 8
User 4, Acc 0 Balance 1578.000000, Transfer 300.000000 to Acc 1
User 3, Acc 2 Balance 1524.000000, Deposit 659.000000 
Balance in 1: 1203.000000
User 3, Acc 2 Balance 2183.000000, Transfer 1200.000000 to Acc 9
User 3, Acc 1 Balance 1203.000000, Deposit 661.000000 
User 3, Acc 1 Balance 1864.000000, Transfer 1200.000000 to Acc 9
User 3, Acc 0 Balance 1278.000000, Deposit 673.000000 
User 3, Acc 0 Balance 1951.000000, Transfer 1200.000000 to Acc 9
User 3, Acc 1 Balance 664.000000, Withdraw 50.000000 
User 3, Acc 2 Balance 983.000000, Withdraw 50.000000 
User 3, Acc 3 Balance 1913.000000, Withdraw 50.000000 
User 3, Acc 4 Balance 3799.000000, Withdraw 50.000000 
User 5, Acc 1 Balance 903.000000, Transfer 200.000000 to Acc 0
User 3, Acc 5 Balance 3797.000000, Withdraw 50.000000 
Balance in 0: 951.000000
User 2, Acc 7 Balance 19994.000000, Transfer 31.000000 to Acc 6
User 4, Acc 9 Balance 875.000000, Deposit 617.000000 
User 2, Acc 7 Balance 21095.000000, Transfer 137.000000 to Acc 5
User 1, Acc 7 Balance 21126.000000, Transfer 3.000000 to Acc 4
User 1, Acc 7 Balance 20955.000000, Transfer 5.000000 to Acc 4
User 3, Acc 6 Balance 3032.000000, Withdraw 50.000000 
User 1, Acc 6 Balance 3063.000000, Transfer 67.000000 to Acc 5
User 0, Acc 5 Balance 2435.000000, Deposit 941.000000 
User 1, Acc 4 Balance 3757.000000, Transfer 53.000000 to Acc 5
User 2, Acc 7 Balance 20958.000000, Transfer 3.000000 to Acc 4
User 1, Acc 1 Balance 414.000000, Transfer 89.000000 to Acc 8
User 2, Acc 7 Balance 20947.000000, Transfer 5.000000 to Acc 4
User 2, Acc 4 Balance 3712.000000, Withdraw 1167.000000 
User 1, Acc 1 Balance 325.000000, Transfer 163.000000 to Acc 9
User 0, Acc 4 Balance 3757.000000, Withdraw 1167.000000 
User 3, Acc 7 Balance 20950.000000, Withdraw 50.000000 
User 4, Acc 9 Balance 5092.000000, Transfer 617.000000 to Acc 9
User 2, Acc 5 Balance 4945.000000, Withdraw 1307.000000 
User 5, Acc 0 Balance 951.000000, Deposit 7.000000 
User 1, Acc 1 Balance 162.000000, Withdraw 41.000000 
User 0, Acc 5 Balance 4945.000000, Withdraw 1307.000000 
User 3, Acc 8 Balance 1289.000000, Withdraw 50.000000 
User 4, Acc 8 Balance 1289.000000, Deposit 619.000000 
User 2, Acc 1 Balance 162.000000, Transfer 89.000000 to Acc 8
User 4, Acc 8 Balance 1858.000000, Transfer 619.000000 to Acc 2
[22;32mUser 2, Acc 1 Balance 32.000000, 				Withdraw 41.000000 --insufficient funds[0m
User 2, Acc 2 Balance 933.000000, Withdraw 71.000000 
User 4, Acc 7 Balance 20892.000000, Deposit 631.000000 
User 2, Acc 3 Balance 1863.000000, Withdraw 1127.000000 
User 4, Acc 7 Balance 21523.000000, Transfer 631.000000 to Acc 3
User 4, Acc 6 Balance 2946.000000, Deposit 641.000000 
User 1, Acc 2 Balance 933.000000, Withdraw 71.000000 
User 4, Acc 6 Balance 3587.000000, Transfer 641.000000 to Acc 4
User 1, Acc 3 Balance 1367.000000, Withdraw 127.000000 
User 4, Acc 5 Balance 2331.000000, Deposit 643.000000 
User 4, Acc 5 Balance 2974.000000, Transfer 1200.000000 to Acc 6
User 4, Acc 4 Balance 2019.000000, Deposit 647.000000 
User 0, Acc 1 Balance 121.000000, Transfer 89.000000 to Acc 8
User 4, Acc 4 Balance 2666.000000, Transfer 1200.000000 to Acc 7
[22;32mUser 0, Acc 1 Balance -57.000000, 				Withdraw 41.000000 --insufficient funds[0m
User 4, Acc 3 Balance 1240.000000, Deposit 653.000000 
User 2, Acc 6 Balance 2946.000000, Withdraw 647.000000 
User 4, Acc 3 Balance 1893.000000, Transfer 1200.000000 to Acc 8
User 2, Acc 6 Balance 3499.000000, Deposit 1953.000000 
User 2, Acc 7 Balance 22092.000000, Deposit 967.000000 
User 0, Acc 2 Balance 1410.000000, Withdraw 71.000000 
User 2, Acc 2 Balance 1410.000000, Transfer 23.000000 to Acc 7
[22;32mUser 0, Acc 3 Balance 693.000000, 				Withdraw 1127.000000 --insufficient funds[0m
User 2, Acc 6 Balance 5452.000000, Transfer 1167.000000 to Acc 5
User 0, Acc 6 Balance 5452.000000, Withdraw 647.000000 
User 2, Acc 4 Balance 1466.000000, Transfer 53.000000 to Acc 5
User 0, Acc 6 Balance 3638.000000, Deposit 953.000000 
User 2, Acc 7 Balance 23082.000000, Withdraw 1593.000000 
User 0, Acc 7 Balance 23082.000000, Deposit 967.000000 
User 2, Acc 8 Balance 2617.000000, Withdraw 449.000000 
User 0, Acc 2 Balance 1316.000000, Transfer 23.000000 to Acc 7
User 2, Acc 9 Balance 5255.000000, Withdraw 163.000000 
User 0, Acc 6 Balance 4591.000000, Transfer 1167.000000 to Acc 5
User 2, Acc 0 Balance 958.000000, Deposit 400.000000 
User 0, Acc 4 Balance 1413.000000, Transfer 53.000000 to Acc 5
User 2, Acc 0 Balance 1358.000000, Withdraw 200.000000 
User 0, Acc 7 Balance 22479.000000, Withdraw 1593.000000 
User 2, Acc 0 Balance 1158.000000, Deposit 100.000000 
User 0, Acc 8 Balance 2168.000000, Withdraw 449.000000 
User 2, Acc 0 Balance 1258.000000, Withdraw 50.000000 
User 0, Acc 9 Balance 5092.000000, Withdraw 163.000000 
User 2, Acc 0 Balance 1208.000000, Withdraw 150.000000 
User 0, Acc 0 Balance 1208.000000, Deposit 907.000000 
User 2, Acc 0 Balance 1058.000000, Deposit 300.000000 
User 0, Acc 1 Balance -57.000000, Deposit 911.000000 
User 5, Acc 1 Balance 162.000000, Deposit 11.000000 
User 1, Acc 4 Balance 2019.000000, Withdraw 167.000000 
User 3, Acc 9 Balance 5255.000000, Withdraw 50.000000 
User 3, Acc 0 Balance 2265.000000, Withdraw 50.000000 
User 0, Acc 2 Balance 1293.000000, Deposit 919.000000 
User 3, Acc 7 Balance 20886.000000, Deposit 9929.000000 
User 1, Acc 5 Balance 4214.000000, Withdraw 307.000000 
User 3, Acc 4 Balance 1193.000000, Deposit 937.000000 
User 3, Acc 5 Balance 4214.000000, Deposit 941.000000 
User 2, Acc 0 Balance 2265.000000, Transfer 300.000000 to Acc 1
User 5, Acc 2 Balance 1293.000000, Deposit 9.000000 
User 0, Acc 3 Balance 693.000000, Deposit 929.000000 
User 5, Acc 3 Balance 693.000000, Transfer 29.000000 to Acc 7
User 0, Acc 4 Balance 2130.000000, Deposit 937.000000 
User 1, Acc 6 Balance 3424.000000, Withdraw 647.000000 
User 3, Acc 0 Balance 2215.000000, Deposit 7.000000 
User 4, Acc 2 Balance 1410.000000, Deposit 659.000000 
User 5, Acc 7 Balance 30844.000000, Transfer 31.000000 to Acc 6
User 0, Acc 5 Balance 4848.000000, Deposit 941.000000 
Balance in 1: 1165.000000
User 0, Acc 6 Balance 2808.000000, Deposit 953.000000 
User 2, Acc 0 Balance 1922.000000, Deposit 100.000000 
User 0, Acc 7 Balance 30813.000000, Deposit 967.000000 
User 2, Acc 0 Balance 2022.000000, Deposit 200.000000 
User 5, Acc 7 Balance 30813.000000, Transfer 137.000000 to Acc 5
User 1, Acc 7 Balance 30844.000000, Withdraw 593.000000 
User 3, Acc 3 Balance 1593.000000, Deposit 29.000000 
User 1, Acc 8 Balance 1719.000000, Withdraw 449.000000 
User 3, Acc 7 Balance 31050.000000, Deposit 9.000000 
User 3, Acc 9 Balance 4879.000000, Deposit 129.000000 
User 5, Acc 7 Balance 31643.000000, Transfer 3.000000 to Acc 4
User 4, Acc 2 Balance 2880.000000, Transfer 1200.000000 to Acc 9
User 5, Acc 7 Balance 31056.000000, Transfer 5.000000 to Acc 4
User 4, Acc 1 Balance 1165.000000, Deposit 661.000000 
User 4, Acc 1 Balance 1826.000000, Transfer 1200.000000 to Acc 9
User 1, Acc 9 Balance 4879.000000, Withdraw 163.000000 
User 4, Acc 0 Balance 2222.000000, Deposit 673.000000 
User 1, Acc 9 Balance 7245.000000, Deposit 617.000000 
User 4, Acc 0 Balance 2895.000000, Transfer 1200.000000 to Acc 9
User 1, Acc 9 Balance 7862.000000, Transfer 617.000000 to Acc 9
User 4, Acc 1 Balance 626.000000, Withdraw 50.000000 
User 3, Acc 3 Balance 1622.000000, Transfer 29.000000 to Acc 7
User 0, Acc 1 Balance 1165.000000, Transfer 19.000000 to Acc 7
User 5, Acc 3 Balance 1622.000000, Deposit 929.000000 
User 1, Acc 8 Balance 1270.000000, Deposit 619.000000 
User 5, Acc 4 Balance 3075.000000, Deposit 937.000000 
User 5, Acc 5 Balance 5926.000000, Deposit 941.000000 
User 1, Acc 8 Balance 1889.000000, Transfer 619.000000 to Acc 2
User 5, Acc 4 Balance 4012.000000, Withdraw 1167.000000 
User 2, Acc 0 Balance 2222.000000, Deposit 300.000000 
User 4, Acc 2 Balance 1680.000000, Withdraw 50.000000 
User 2, Acc 0 Balance 1995.000000, Withdraw 200.000000 
User 3, Acc 7 Balance 31080.000000, Transfer 31.000000 to Acc 6
User 0, Acc 2 Balance 1680.000000, Transfer 23.000000 to Acc 7
User 1, Acc 7 Balance 31099.000000, Deposit 631.000000 
User 0, Acc 3 Balance 2522.000000, Transfer 29.000000 to Acc 7
User 0, Acc 7 Balance 31120.000000, Transfer 31.000000 to Acc 6
User 2, Acc 0 Balance 1795.000000, Withdraw 100.000000 
User 0, Acc 7 Balance 31720.000000, Transfer 37.000000 to Acc 5
User 2, Acc 0 Balance 1695.000000, Withdraw 50.000000 
User 0, Acc 7 Balance 31683.000000, Transfer 3.000000 to Acc 4
User 0, Acc 7 Balance 31680.000000, Transfer 5.000000 to Acc 4
User 1, Acc 7 Balance 31751.000000, Transfer 631.000000 to Acc 3
User 0, Acc 6 Balance 3823.000000, Transfer 67.000000 to Acc 5
User 0, Acc 4 Balance 2853.000000, Transfer 53.000000 to Acc 5
User 4, Acc 3 Balance 2522.000000, Withdraw 50.000000 
User 5, Acc 5 Balance 6867.000000, Withdraw 1307.000000 
User 2, Acc 1 Balance 557.000000, Transfer 200.000000 to Acc 0
User 1, Acc 6 Balance 3756.000000, Deposit 641.000000 
User 3, Acc 7 Balance 31068.000000, Transfer 137.000000 to Acc 5
User 0, Acc 1 Balance 557.000000, Transfer 89.000000 to Acc 8
User 4, Acc 4 Balance 2800.000000, Withdraw 50.000000 
User 5, Acc 1 Balance 557.000000, Transfer 89.000000 to Acc 8
Balance in 0: 1845.000000
User 2, Acc 0 Balance 1845.000000, Deposit 7.000000 
User 3, Acc 7 Balance 30907.000000, Transfer 3.000000 to Acc 4
User 2, Acc 1 Balance 179.000000, Deposit 11.000000 
User 3, Acc 7 Balance 30904.000000, Transfer 5.000000 to Acc 4
User 4, Acc 5 Balance 5854.000000, Withdraw 50.000000 
User 3, Acc 4 Balance 2758.000000, Withdraw 1167.000000 
User 4, Acc 6 Balance 4397.000000, Withdraw 50.000000 
User 3, Acc 5 Balance 5804.000000, Withdraw 1307.000000 
User 4, Acc 7 Balance 30899.000000, Withdraw 50.000000 
User 0, Acc 1 Balance 268.000000, Transfer 163.000000 to Acc 9
User 1, Acc 6 Balance 4397.000000, Transfer 641.000000 to Acc 4
User 2, Acc 2 Balance 2226.000000, Deposit 9.000000 
User 1, Acc 5 Balance 4497.000000, Deposit 643.000000 
User 2, Acc 3 Balance 3074.000000, Transfer 29.000000 to Acc 7
User 1, Acc 5 Balance 5140.000000, Transfer 1200.000000 to Acc 6
[22;32mUser 0, Acc 1 Balance 27.000000, 				Withdraw 41.000000 --insufficient funds[0m
User 1, Acc 4 Balance 2232.000000, Deposit 647.000000 
User 0, Acc 2 Balance 2235.000000, Withdraw 71.000000 
User 5, Acc 1 Balance 179.000000, Transfer 163.000000 to Acc 9
User 0, Acc 3 Balance 3045.000000, Withdraw 127.000000 
User 3, Acc 1 Balance 190.000000, Transfer 89.000000 to Acc 8
User 1, Acc 4 Balance 2879.000000, Transfer 1200.000000 to Acc 7
[22;32mUser 3, Acc 1 Balance -225.000000, 				Withdraw 41.000000 --insufficient funds[0m
User 2, Acc 7 Balance 30878.000000, Transfer 31.000000 to Acc 6
User 4, Acc 8 Balance 1448.000000, Withdraw 50.000000 
[22;32mUser 5, Acc 1 Balance -136.000000, 				Withdraw 41.000000 --insufficient funds[0m
User 4, Acc 9 Balance 9388.000000, Withdraw 50.000000 
User 5, Acc 2 Balance 2164.000000, Withdraw 71.000000 
User 1, Acc 3 Balance 2918.000000, Deposit 653.000000 
User 5, Acc 3 Balance 2918.000000, Withdraw 1127.000000 
User 1, Acc 3 Balance 3571.000000, Transfer 1200.000000 to Acc 8
User 1, Acc 2 Balance 2093.000000, Deposit 659.000000 
User 4, Acc 0 Balance 1852.000000, Withdraw 50.000000 
User 1, Acc 2 Balance 2752.000000, Transfer 1200.000000 to Acc 9
User 4, Acc 0 Balance 1802.000000, Deposit 400.000000 
User 1, Acc 1 Balance -225.000000, Deposit 661.000000 
User 4, Acc 0 Balance 2202.000000, Withdraw 200.000000 
User 1, Acc 0 Balance 2202.000000, Deposit 673.000000 
User 4, Acc 0 Balance 2002.000000, Deposit 100.000000 
User 1, Acc 0 Balance 2675.000000, Transfer 1200.000000 to Acc 9
User 4, Acc 0 Balance 2775.000000, Withdraw 50.000000 
User 1, Acc 1 Balance 436.000000, Withdraw 50.000000 
User 3, Acc 2 Balance 2164.000000, Withdraw 71.000000 
User 2, Acc 7 Balance 32047.000000, Transfer 137.000000 to Acc 5
User 5, Acc 6 Balance 4937.000000, Withdraw 647.000000 
User 0, Acc 4 Balance 2879.000000, Withdraw 167.000000 
User 1, Acc 2 Balance 1552.000000, Withdraw 50.000000 
User 3, Acc 3 Balance 1244.000000, Withdraw 1127.000000 
User 2, Acc 7 Balance 31910.000000, Transfer 3.000000 to Acc 4
User 4, Acc 0 Balance 1525.000000, Withdraw 150.000000 
User 5, Acc 6 Balance 4290.000000, Deposit 953.000000 
User 0, Acc 5 Balance 4077.000000, Withdraw 307.000000 
User 1, Acc 3 Balance 1244.000000, Withdraw 50.000000 
User 3, Acc 6 Balance 4290.000000, Withdraw 647.000000 
User 2, Acc 7 Balance 31907.000000, Transfer 5.000000 to Acc 4
User 4, Acc 0 Balance 1375.000000, Deposit 300.000000 
User 5, Acc 7 Balance 31907.000000, Deposit 967.000000 
User 0, Acc 6 Balance 5243.000000, Withdraw 647.000000 
User 5, Acc 1 Balance 386.000000, Transfer 19.000000 to Acc 7
User 0, Acc 7 Balance 32869.000000, Withdraw 593.000000 
User 0, Acc 8 Balance 2687.000000, Withdraw 449.000000 
User 2, Acc 3 Balance 67.000000, Deposit 929.000000 
User 4, Acc 0 Balance 1675.000000, Transfer 300.000000 to Acc 1
User 2, Acc 4 Balance 1520.000000, Deposit 937.000000 
User 2, Acc 5 Balance 3770.000000, Deposit 941.000000 
User 3, Acc 6 Balance 4596.000000, Deposit 1953.000000 
User 5, Acc 2 Balance 1431.000000, Transfer 23.000000 to Acc 7
User 0, Acc 9 Balance 11738.000000, Withdraw 163.000000 
User 5, Acc 6 Balance 5902.000000, Transfer 1167.000000 to Acc 5
User 5, Acc 4 Balance 2457.000000, Transfer 53.000000 to Acc 5
User 5, Acc 7 Balance 32318.000000, Withdraw 1593.000000 
User 5, Acc 8 Balance 2238.000000, Withdraw 449.000000 
User 5, Acc 9 Balance 11575.000000, Withdraw 163.000000 
User 5, Acc 9 Balance 11412.000000, Deposit 617.000000 
User 5, Acc 9 Balance 12029.000000, Transfer 617.000000 to Acc 9
User 5, Acc 8 Balance 1789.000000, Deposit 619.000000 
User 2, Acc 4 Balance 2457.000000, Withdraw 1167.000000 
User 3, Acc 7 Balance 32295.000000, Deposit 967.000000 
User 3, Acc 1 Balance 667.000000, Transfer 19.000000 to Acc 7
User 3, Acc 2 Balance 1408.000000, Transfer 23.000000 to Acc 7
User 3, Acc 6 Balance 4735.000000, Transfer 1167.000000 to Acc 5
User 3, Acc 4 Balance 1237.000000, Transfer 53.000000 to Acc 5
User 3, Acc 7 Balance 31734.000000, Withdraw 1593.000000 
User 3, Acc 8 Balance 2408.000000, Withdraw 449.000000 
User 3, Acc 9 Balance 12029.000000, Withdraw 163.000000 
User 1, Acc 4 Balance 1515.000000, Withdraw 50.000000 
User 1, Acc 5 Balance 7151.000000, Withdraw 50.000000 
User 1, Acc 6 Balance 3568.000000, Withdraw 50.000000 
User 1, Acc 7 Balance 30141.000000, Withdraw 50.000000 
Balance in 1: 667.000000
User 4, Acc 0 Balance 1375.000000, Deposit 400.000000 
User 4, Acc 0 Balance 1775.000000, Withdraw 200.000000 
User 4, Acc 0 Balance 1575.000000, Deposit 100.000000 
User 4, Acc 0 Balance 1675.000000, Withdraw 50.000000 
User 4, Acc 0 Balance 1625.000000, Withdraw 150.000000 
User 4, Acc 0 Balance 1475.000000, Deposit 300.000000 
User 4, Acc 0 Balance 1775.000000, Transfer 300.000000 to Acc 1
Balance in 1: 948.000000
User 4, Acc 0 Balance 1475.000000, Deposit 907.000000 
User 4, Acc 1 Balance 948.000000, Deposit 911.000000 
User 5, Acc 8 Balance 2408.000000, Transfer 619.000000 to Acc 2
User 4, Acc 2 Balance 1385.000000, Deposit 919.000000 
User 5, Acc 7 Balance 30091.000000, Deposit 631.000000 
User 0, Acc 7 Balance 32318.000000, Deposit 9929.000000 
User 5, Acc 7 Balance 30722.000000, Transfer 631.000000 to Acc 3
User 0, Acc 4 Balance 1134.000000, Deposit 937.000000 
User 4, Acc 3 Balance 996.000000, Deposit 929.000000 
User 0, Acc 5 Balance 7101.000000, Deposit 941.000000 
User 4, Acc 4 Balance 2071.000000, Deposit 937.000000 
User 2, Acc 5 Balance 5931.000000, Withdraw 1307.000000 
User 5, Acc 6 Balance 3518.000000, Deposit 641.000000 
User 2, Acc 1 Balance 1859.000000, Transfer 89.000000 to Acc 8
User 2, Acc 1 Balance 1770.000000, Transfer 163.000000 to Acc 9
User 5, Acc 6 Balance 4159.000000, Transfer 641.000000 to Acc 4
User 0, Acc 0 Balance 2382.000000, Deposit 7.000000 
User 4, Acc 5 Balance 8042.000000, Deposit 941.000000 
User 0, Acc 3 Balance 2556.000000, Deposit 29.000000 
User 0, Acc 7 Balance 40020.000000, Deposit 9.000000 
User 1, Acc 8 Balance 1959.000000, Withdraw 50.000000 
User 2, Acc 1 Balance 1607.000000, Withdraw 41.000000 
User 1, Acc 9 Balance 12029.000000, Withdraw 50.000000 
User 2, Acc 2 Balance 2923.000000, Withdraw 71.000000 
User 1, Acc 0 Balance 2389.000000, Withdraw 50.000000 
User 0, Acc 9 Balance 12029.000000, Deposit 129.000000 
User 1, Acc 0 Balance 2339.000000, Deposit 100.000000 
User 0, Acc 3 Balance 2585.000000, Transfer 29.000000 to Acc 7
User 3, Acc 0 Balance 1375.000000, Deposit 7.000000 
User 2, Acc 3 Balance 2585.000000, Withdraw 1127.000000 
User 4, Acc 6 Balance 3518.000000, Deposit 953.000000 
User 2, Acc 6 Balance 3518.000000, Withdraw 647.000000 
User 2, Acc 6 Balance 2871.000000, Deposit 953.000000 
User 0, Acc 7 Balance 40058.000000, Transfer 31.000000 to Acc 6
User 2, Acc 7 Balance 40058.000000, Deposit 967.000000 
User 0, Acc 7 Balance 40027.000000, Transfer 137.000000 to Acc 5
User 5, Acc 5 Balance 6735.000000, Deposit 643.000000 
User 0, Acc 7 Balance 40857.000000, Transfer 3.000000 to Acc 4
User 1, Acc 0 Balance 2439.000000, Deposit 200.000000 
User 0, Acc 7 Balance 40854.000000, Transfer 5.000000 to Acc 4
User 4, Acc 7 Balance 40058.000000, Deposit 967.000000 
User 5, Acc 5 Balance 8456.000000, Transfer 1200.000000 to Acc 6
User 4, Acc 1 Balance 1566.000000, Transfer 19.000000 to Acc 7
User 4, Acc 2 Balance 2852.000000, Transfer 23.000000 to Acc 7
User 1, Acc 0 Balance 2646.000000, Deposit 300.000000 
User 4, Acc 3 Balance 1429.000000, Transfer 29.000000 to Acc 7
User 1, Acc 0 Balance 2946.000000, Withdraw 200.000000 
User 4, Acc 7 Balance 41887.000000, Transfer 31.000000 to Acc 6
User 1, Acc 0 Balance 2746.000000, Withdraw 100.000000 
User 4, Acc 7 Balance 41856.000000, Transfer 37.000000 to Acc 5
User 1, Acc 0 Balance 2646.000000, Withdraw 50.000000 
User 4, Acc 7 Balance 41819.000000, Transfer 3.000000 to Acc 4
User 4, Acc 7 Balance 41816.000000, Transfer 5.000000 to Acc 4
User 2, Acc 1 Balance 1566.000000, Transfer 19.000000 to Acc 7
User 4, Acc 6 Balance 6039.000000, Transfer 67.000000 to Acc 5
User 4, Acc 4 Balance 3665.000000, Transfer 53.000000 to Acc 5
User 2, Acc 2 Balance 2829.000000, Transfer 23.000000 to Acc 7
User 4, Acc 1 Balance 1528.000000, Transfer 89.000000 to Acc 8
User 4, Acc 1 Balance 1439.000000, Transfer 163.000000 to Acc 9
User 1, Acc 1 Balance 1547.000000, Transfer 200.000000 to Acc 0
User 0, Acc 4 Balance 3657.000000, Withdraw 1167.000000 
Balance in 0: 2796.000000
User 0, Acc 5 Balance 7413.000000, Withdraw 1307.000000 
User 1, Acc 0 Balance 2796.000000, Deposit 907.000000 
User 0, Acc 1 Balance 1076.000000, Transfer 89.000000 to Acc 8
User 1, Acc 1 Balance 1076.000000, Deposit 911.000000 
User 2, Acc 6 Balance 5972.000000, Transfer 1167.000000 to Acc 5
User 5, Acc 4 Balance 3657.000000, Deposit 647.000000 
User 2, Acc 4 Balance 2445.000000, Transfer 53.000000 to Acc 5
User 2, Acc 7 Balance 41853.000000, Withdraw 1593.000000 
User 3, Acc 1 Balance 1566.000000, Deposit 11.000000 
User 0, Acc 1 Balance 987.000000, Transfer 163.000000 to Acc 9
User 1, Acc 2 Balance 2806.000000, Deposit 919.000000 
User 4, Acc 1 Balance 1276.000000, Withdraw 41.000000 
User 5, Acc 4 Balance 3039.000000, Transfer 1200.000000 to Acc 7
User 4, Acc 2 Balance 3725.000000, Withdraw 71.000000 
User 5, Acc 3 Balance 1400.000000, Deposit 653.000000 
User 0, Acc 1 Balance 1746.000000, Withdraw 41.000000 
User 5, Acc 3 Balance 2053.000000, Transfer 1200.000000 to Acc 8
User 1, Acc 3 Balance 1400.000000, Deposit 929.000000 
User 5, Acc 2 Balance 3654.000000, Deposit 659.000000 
User 4, Acc 3 Balance 1400.000000, Withdraw 127.000000 
User 5, Acc 2 Balance 4313.000000, Transfer 1200.000000 to Acc 9
User 4, Acc 4 Balance 1839.000000, Withdraw 167.000000 
User 5, Acc 1 Balance 1664.000000, Deposit 661.000000 
User 5, Acc 1 Balance 2325.000000, Transfer 1200.000000 to Acc 9
User 5, Acc 0 Balance 3703.000000, Deposit 673.000000 
User 5, Acc 0 Balance 4376.000000, Transfer 1200.000000 to Acc 9
User 5, Acc 1 Balance 1125.000000, Withdraw 50.000000 
User 5, Acc 2 Balance 3113.000000, Withdraw 50.000000 
User 5, Acc 3 Balance 1655.000000, Withdraw 50.000000 
User 5, Acc 4 Balance 1672.000000, Withdraw 50.000000 
User 5, Acc 5 Balance 7326.000000, Withdraw 50.000000 
User 5, Acc 6 Balance 4805.000000, Withdraw 50.000000 
User 5, Acc 7 Balance 41460.000000, Withdraw 50.000000 
User 1, Acc 4 Balance 1839.000000, Deposit 937.000000 
User 5, Acc 8 Balance 2757.000000, Withdraw 50.000000 
User 1, Acc 5 Balance 7276.000000, Deposit 941.000000 
User 2, Acc 8 Balance 1557.000000, Withdraw 449.000000 
User 1, Acc 6 Balance 4755.000000, Deposit 953.000000 
User 2, Acc 9 Balance 16034.000000, Withdraw 163.000000 
User 5, Acc 9 Balance 16034.000000, Withdraw 50.000000 
User 2, Acc 0 Balance 3176.000000, Deposit 100.000000 
User 5, Acc 0 Balance 3176.000000, Withdraw 50.000000 
User 0, Acc 2 Balance 3654.000000, Withdraw 71.000000 
User 5, Acc 7 Balance 41410.000000, Deposit 9929.000000 
User 0, Acc 3 Balance 1605.000000, Withdraw 1127.000000 
User 0, Acc 6 Balance 5708.000000, Withdraw 647.000000 
User 3, Acc 2 Balance 2806.000000, Deposit 9.000000 
User 2, Acc 0 Balance 3276.000000, Deposit 200.000000 
User 1, Acc 7 Balance 41410.000000, Deposit 967.000000 
User 2, Acc 0 Balance 3426.000000, Deposit 300.000000 
User 4, Acc 5 Balance 7326.000000, Withdraw 307.000000 
User 5, Acc 4 Balance 2559.000000, Deposit 937.000000 
User 4, Acc 6 Balance 5061.000000, Withdraw 647.000000 
User 4, Acc 7 Balance 52306.000000, Withdraw 593.000000 
User 4, Acc 8 Balance 2258.000000, Withdraw 449.000000 
User 4, Acc 9 Balance 15821.000000, Withdraw 163.000000 
User 0, Acc 6 Balance 5061.000000, Deposit 1953.000000 
User 0, Acc 7 Balance 51713.000000, Deposit 967.000000 
User 5, Acc 5 Balance 7910.000000, Deposit 941.000000 
User 5, Acc 0 Balance 3726.000000, Deposit 7.000000 
User 3, Acc 3 Balance 478.000000, Transfer 29.000000 to Acc 7
User 5, Acc 3 Balance 478.000000, Deposit 29.000000 
User 3, Acc 7 Balance 52709.000000, Transfer 31.000000 to Acc 6
User 5, Acc 7 Balance 52709.000000, Deposit 9.000000 
User 4, Acc 9 Balance 15658.000000, Deposit 617.000000 
User 5, Acc 9 Balance 15658.000000, Deposit 129.000000 
User 1, Acc 1 Balance 1075.000000, Transfer 19.000000 to Acc 7
User 3, Acc 7 Balance 52678.000000, Transfer 137.000000 to Acc 5
User 0, Acc 1 Balance 1075.000000, Transfer 19.000000 to Acc 7
User 3, Acc 7 Balance 52569.000000, Transfer 3.000000 to Acc 4
User 3, Acc 7 Balance 52566.000000, Transfer 5.000000 to Acc 4
User 0, Acc 2 Balance 3001.000000, Transfer 23.000000 to Acc 7
User 5, Acc 3 Balance 478.000000, Transfer 29.000000 to Acc 7
User 0, Acc 6 Balance 6398.000000, Transfer 1167.000000 to Acc 5
User 5, Acc 7 Balance 52632.000000, Transfer 31.000000 to Acc 6
User 0, Acc 4 Balance 3504.000000, Transfer 53.000000 to Acc 5
User 3, Acc 3 Balance 478.000000, Deposit 929.000000 
User 0, Acc 7 Balance 52601.000000, Withdraw 1593.000000 
User 3, Acc 4 Balance 3451.000000, Deposit 937.000000 
User 3, Acc 5 Balance 10208.000000, Deposit 941.000000 
User 5, Acc 7 Balance 52601.000000, Transfer 137.000000 to Acc 5
User 2, Acc 0 Balance 3726.000000, Withdraw 200.000000 
User 5, Acc 7 Balance 50871.000000, Transfer 3.000000 to Acc 4
User 2, Acc 0 Balance 3533.000000, Withdraw 100.000000 
User 5, Acc 7 Balance 50868.000000, Transfer 5.000000 to Acc 4
User 2, Acc 0 Balance 3433.000000, Withdraw 50.000000 
User 5, Acc 4 Balance 4396.000000, Withdraw 1167.000000 
User 0, Acc 8 Balance 1809.000000, Withdraw 449.000000 
User 4, Acc 9 Balance 16275.000000, Transfer 617.000000 to Acc 9
User 1, Acc 2 Balance 3001.000000, Transfer 23.000000 to Acc 7
User 3, Acc 4 Balance 4388.000000, Withdraw 1167.000000 
User 1, Acc 3 Balance 1378.000000, Transfer 29.000000 to Acc 7
User 3, Acc 5 Balance 11286.000000, Withdraw 1307.000000 
User 0, Acc 9 Balance 16404.000000, Withdraw 163.000000 
User 3, Acc 1 Balance 1037.000000, Transfer 89.000000 to Acc 8
User 0, Acc 0 Balance 3383.000000, Deposit 7.000000 
User 5, Acc 5 Balance 11286.000000, Withdraw 1307.000000 
User 1, Acc 7 Balance 50915.000000, Transfer 31.000000 to Acc 6
User 4, Acc 8 Balance 1360.000000, Deposit 619.000000 
User 2, Acc 1 Balance 1037.000000, Transfer 200.000000 to Acc 0
User 4, Acc 8 Balance 2068.000000, Transfer 619.000000 to Acc 2
User 0, Acc 1 Balance 948.000000, Deposit 11.000000 
User 5, Acc 1 Balance 948.000000, Transfer 89.000000 to Acc 8
User 0, Acc 2 Balance 3574.000000, Deposit 9.000000 
User 0, Acc 3 Balance 1349.000000, Transfer 29.000000 to Acc 7
Balance in 0: 3590.000000
User 0, Acc 7 Balance 50913.000000, Transfer 31.000000 to Acc 6
User 2, Acc 0 Balance 3590.000000, Deposit 400.000000 
User 0, Acc 7 Balance 50882.000000, Transfer 137.000000 to Acc 5
User 1, Acc 7 Balance 50884.000000, Transfer 37.000000 to Acc 5
User 0, Acc 7 Balance 50745.000000, Transfer 3.000000 to Acc 4
User 1, Acc 7 Balance 50708.000000, Transfer 3.000000 to Acc 4
User 2, Acc 0 Balance 3990.000000, Withdraw 200.000000 
User 5, Acc 1 Balance 670.000000, Transfer 163.000000 to Acc 9
User 3, Acc 1 Balance 948.000000, Transfer 163.000000 to Acc 9
User 4, Acc 7 Balance 50884.000000, Deposit 631.000000 
User 3, Acc 1 Balance 344.000000, Withdraw 41.000000 
User 0, Acc 7 Balance 50705.000000, Transfer 5.000000 to Acc 4
User 2, Acc 0 Balance 3790.000000, Deposit 100.000000 
User 5, Acc 1 Balance 507.000000, Withdraw 41.000000 
User 2, Acc 0 Balance 3890.000000, Withdraw 50.000000 
User 4, Acc 7 Balance 51333.000000, Transfer 631.000000 to Acc 3
User 4, Acc 6 Balance 5324.000000, Deposit 641.000000 
User 0, Acc 3 Balance 1320.000000, Deposit 929.000000 
User 4, Acc 6 Balance 5965.000000, Transfer 641.000000 to Acc 4
User 0, Acc 4 Balance 2073.000000, Deposit 937.000000 
User 1, Acc 7 Balance 50702.000000, Transfer 5.000000 to Acc 4
User 2, Acc 0 Balance 3840.000000, Withdraw 150.000000 
User 1, Acc 6 Balance 5324.000000, Transfer 67.000000 to Acc 5
User 2, Acc 0 Balance 3690.000000, Deposit 300.000000 
User 2, Acc 0 Balance 3990.000000, Transfer 300.000000 to Acc 1
User 1, Acc 4 Balance 3656.000000, Transfer 53.000000 to Acc 5
Balance in 1: 562.000000
User 3, Acc 2 Balance 3583.000000, Withdraw 71.000000 
User 2, Acc 0 Balance 3690.000000, Deposit 907.000000 
User 4, Acc 5 Balance 8846.000000, Deposit 643.000000 
User 2, Acc 1 Balance 562.000000, Deposit 911.000000 
User 4, Acc 5 Balance 9609.000000, Transfer 1200.000000 to Acc 6
User 2, Acc 2 Balance 3512.000000, Deposit 919.000000 
User 4, Acc 4 Balance 3603.000000, Deposit 647.000000 
User 4, Acc 4 Balance 4250.000000, Transfer 1200.000000 to Acc 7
User 1, Acc 1 Balance 562.000000, Transfer 89.000000 to Acc 8
User 5, Acc 2 Balance 3583.000000, Withdraw 71.000000 
User 1, Acc 1 Balance 1384.000000, Transfer 163.000000 to Acc 9
User 1, Acc 1 Balance 1221.000000, Withdraw 41.000000 
User 0, Acc 5 Balance 8846.000000, Deposit 941.000000 
User 1, Acc 2 Balance 4360.000000, Withdraw 71.000000 
User 1, Acc 3 Balance 2880.000000, Withdraw 127.000000 
User 1, Acc 4 Balance 3050.000000, Withdraw 167.000000 
User 4, Acc 3 Balance 2880.000000, Deposit 653.000000 
User 3, Acc 3 Balance 2880.000000, Withdraw 1127.000000 
User 4, Acc 3 Balance 3406.000000, Transfer 1200.000000 to Acc 8
User 5, Acc 3 Balance 2880.000000, Withdraw 1127.000000 
User 5, Acc 6 Balance 6457.000000, Withdraw 647.000000 
User 0, Acc 4 Balance 3050.000000, Withdraw 1167.000000 
User 5, Acc 6 Balance 5810.000000, Deposit 1953.000000 
User 0, Acc 5 Balance 9350.000000, Withdraw 1307.000000 
User 5, Acc 7 Balance 51892.000000, Deposit 967.000000 
User 2, Acc 3 Balance 2880.000000, Deposit 929.000000 
User 5, Acc 1 Balance 1180.000000, Transfer 19.000000 to Acc 7
User 2, Acc 4 Balance 1716.000000, Deposit 937.000000 
User 4, Acc 2 Balance 4289.000000, Deposit 659.000000 
User 0, Acc 1 Balance 1180.000000, Transfer 89.000000 to Acc 8
User 1, Acc 5 Balance 9350.000000, Withdraw 307.000000 
User 5, Acc 2 Balance 4289.000000, Transfer 23.000000 to Acc 7
User 1, Acc 6 Balance 7763.000000, Withdraw 647.000000 
User 5, Acc 6 Balance 7763.000000, Transfer 1167.000000 to Acc 5
User 4, Acc 2 Balance 4948.000000, Transfer 1200.000000 to Acc 9
User 0, Acc 1 Balance 1072.000000, Transfer 163.000000 to Acc 9
User 2, Acc 5 Balance 8043.000000, Deposit 941.000000 
User 1, Acc 7 Balance 52901.000000, Withdraw 593.000000 
User 2, Acc 6 Balance 5949.000000, Deposit 953.000000 
User 3, Acc 6 Balance 6457.000000, Withdraw 647.000000 
User 4, Acc 1 Balance 1072.000000, Deposit 661.000000 
User 3, Acc 6 Balance 6255.000000, Deposit 953.000000 
User 0, Acc 1 Balance 909.000000, Withdraw 41.000000 
User 3, Acc 7 Balance 52308.000000, Deposit 967.000000 
User 2, Acc 7 Balance 52308.000000, Deposit 967.000000 
User 3, Acc 1 Balance 1529.000000, Transfer 19.000000 to Acc 7
User 2, Acc 1 Balance 1529.000000, Transfer 19.000000 to Acc 7
User 3, Acc 2 Balance 3725.000000, Transfer 23.000000 to Acc 7
User 3, Acc 6 Balance 7208.000000, Transfer 1167.000000 to Acc 5
User 3, Acc 4 Balance 2653.000000, Transfer 53.000000 to Acc 5
User 3, Acc 7 Balance 54303.000000, Withdraw 1593.000000 
User 3, Acc 8 Balance 2916.000000, Withdraw 449.000000 
User 3, Acc 9 Balance 18093.000000, Withdraw 163.000000 
User 3, Acc 0 Balance 4597.000000, Deposit 100.000000 
User 1, Acc 8 Balance 2916.000000, Withdraw 449.000000 
User 5, Acc 4 Balance 2653.000000, Transfer 53.000000 to Acc 5
User 5, Acc 7 Balance 52710.000000, Withdraw 1593.000000 
User 5, Acc 8 Balance 2018.000000, Withdraw 449.000000 
User 5, Acc 9 Balance 17930.000000, Withdraw 163.000000 
User 2, Acc 2 Balance 3725.000000, Transfer 23.000000 to Acc 7
User 2, Acc 3 Balance 881.000000, Transfer 29.000000 to Acc 7
User 2, Acc 7 Balance 51169.000000, Transfer 31.000000 to Acc 6
User 2, Acc 7 Balance 51138.000000, Transfer 37.000000 to Acc 5
User 2, Acc 7 Balance 51101.000000, Transfer 3.000000 to Acc 4
User 2, Acc 7 Balance 51098.000000, Transfer 5.000000 to Acc 4
User 2, Acc 6 Balance 6072.000000, Transfer 67.000000 to Acc 5
User 2, Acc 4 Balance 2555.000000, Transfer 53.000000 to Acc 5
User 4, Acc 1 Balance 1570.000000, Transfer 1200.000000 to Acc 9
User 2, Acc 1 Balance 1491.000000, Transfer 89.000000 to Acc 8
User 4, Acc 0 Balance 4697.000000, Deposit 673.000000 
User 3, Acc 0 Balance 4697.000000, Deposit 200.000000 
User 1, Acc 9 Balance 17930.000000, Withdraw 163.000000 
User 5, Acc 7 Balance 51117.000000, Deposit 9929.000000 
User 1, Acc 9 Balance 18804.000000, Deposit 617.000000 
User 5, Acc 4 Balance 2502.000000, Deposit 937.000000 
User 5, Acc 5 Balance 11274.000000, Deposit 941.000000 
User 1, Acc 9 Balance 19421.000000, Transfer 617.000000 to Acc 9
User 5, Acc 0 Balance 5570.000000, Deposit 7.000000 
User 2, Acc 1 Balance 202.000000, Transfer 163.000000 to Acc 9
User 4, Acc 0 Balance 5370.000000, Transfer 1200.000000 to Acc 9
[22;32mUser 2, Acc 1 Balance 39.000000, 				Withdraw 41.000000 --insufficient funds[0m
User 2, Acc 2 Balance 3679.000000, Withdraw 71.000000 
User 0, Acc 2 Balance 3725.000000, Withdraw 71.000000 
User 1, Acc 8 Balance 1658.000000, Deposit 619.000000 
[22;32mUser 0, Acc 3 Balance 852.000000, 				Withdraw 1127.000000 --insufficient funds[0m
User 3, Acc 0 Balance 5570.000000, Deposit 300.000000 
[22;32mUser 4, Acc 1 Balance 39.000000, 				Withdraw 50.000000 --insufficient funds[0m
User 3, Acc 0 Balance 4677.000000, Withdraw 200.000000 
User 3, Acc 0 Balance 4477.000000, Withdraw 100.000000 
User 1, Acc 8 Balance 2277.000000, Transfer 619.000000 to Acc 2
User 5, Acc 3 Balance 852.000000, Deposit 29.000000 
User 1, Acc 7 Balance 61022.000000, Deposit 631.000000 
User 5, Acc 7 Balance 61022.000000, Deposit 9.000000 
User 5, Acc 9 Balance 20784.000000, Deposit 129.000000 
User 4, Acc 2 Balance 3537.000000, Withdraw 50.000000 
User 4, Acc 3 Balance 881.000000, Withdraw 50.000000 
User 3, Acc 0 Balance 4377.000000, Withdraw 50.000000 
User 4, Acc 4 Balance 3439.000000, Withdraw 50.000000 
Balance in 0: 4327.000000
User 5, Acc 3 Balance 881.000000, Transfer 29.000000 to Acc 7
User 3, Acc 0 Balance 4327.000000, Deposit 7.000000 
User 5, Acc 7 Balance 61691.000000, Transfer 31.000000 to Acc 6
User 0, Acc 6 Balance 6005.000000, Withdraw 647.000000 
User 5, Acc 7 Balance 61660.000000, Transfer 137.000000 to Acc 5
User 1, Acc 7 Balance 61662.000000, Transfer 631.000000 to Acc 3
User 5, Acc 7 Balance 61523.000000, Transfer 3.000000 to Acc 4
User 4, Acc 5 Balance 12215.000000, Withdraw 50.000000 
User 0, Acc 6 Balance 5389.000000, Deposit 953.000000 
User 2, Acc 3 Balance 852.000000, Withdraw 127.000000 
User 3, Acc 1 Balance 39.000000, Deposit 11.000000 
User 2, Acc 4 Balance 3392.000000, Withdraw 167.000000 
User 5, Acc 7 Balance 60889.000000, Transfer 5.000000 to Acc 4
User 4, Acc 6 Balance 5389.000000, Withdraw 50.000000 
User 5, Acc 4 Balance 3230.000000, Withdraw 1167.000000 
User 5, Acc 5 Balance 12302.000000, Withdraw 1307.000000 
User 3, Acc 2 Balance 4106.000000, Deposit 9.000000 
User 5, Acc 1 Balance 50.000000, Withdraw 41.000000 
User 3, Acc 3 Balance 1306.000000, Transfer 29.000000 to Acc 7
User 5, Acc 2 Balance 4115.000000, Withdraw 71.000000 
User 3, Acc 7 Balance 60913.000000, Transfer 31.000000 to Acc 6
User 5, Acc 3 Balance 1277.000000, Withdraw 1127.000000 
User 3, Acc 7 Balance 60882.000000, Transfer 137.000000 to Acc 5
User 3, Acc 7 Balance 60745.000000, Transfer 3.000000 to Acc 4
User 0, Acc 7 Balance 60889.000000, Deposit 967.000000 
User 4, Acc 7 Balance 60884.000000, Withdraw 50.000000 
User 1, Acc 6 Balance 5389.000000, Deposit 641.000000 
User 5, Acc 6 Balance 6323.000000, Withdraw 647.000000 
User 1, Acc 6 Balance 6964.000000, Transfer 641.000000 to Acc 4
User 5, Acc 6 Balance 6317.000000, Deposit 1953.000000 
User 5, Acc 7 Balance 61659.000000, Deposit 967.000000 
User 4, Acc 8 Balance 1658.000000, Withdraw 50.000000 
User 5, Acc 2 Balance 4044.000000, Transfer 23.000000 to Acc 7
User 3, Acc 7 Balance 60742.000000, Transfer 5.000000 to Acc 4
User 2, Acc 5 Balance 12302.000000, Withdraw 307.000000 
User 3, Acc 3 Balance 150.000000, Deposit 929.000000 
User 3, Acc 4 Balance 2712.000000, Deposit 937.000000 
User 4, Acc 9 Balance 20913.000000, Withdraw 50.000000 
User 3, Acc 5 Balance 10825.000000, Deposit 941.000000 
User 1, Acc 5 Balance 11132.000000, Deposit 643.000000 
User 3, Acc 4 Balance 3649.000000, Withdraw 1167.000000 
User 1, Acc 5 Balance 12409.000000, Transfer 1200.000000 to Acc 6
User 0, Acc 2 Balance 4044.000000, Transfer 23.000000 to Acc 7
User 4, Acc 0 Balance 4334.000000, Withdraw 50.000000 
User 2, Acc 6 Balance 7629.000000, Withdraw 647.000000 
User 3, Acc 5 Balance 12409.000000, Withdraw 1307.000000 
User 2, Acc 7 Balance 62667.000000, Withdraw 593.000000 
User 2, Acc 8 Balance 1608.000000, Withdraw 449.000000 
User 5, Acc 6 Balance 7629.000000, Transfer 1167.000000 to Acc 5
User 5, Acc 4 Balance 2482.000000, Transfer 53.000000 to Acc 5
User 5, Acc 7 Balance 62074.000000, Withdraw 1593.000000 
User 5, Acc 8 Balance 1159.000000, Withdraw 449.000000 
User 5, Acc 9 Balance 20863.000000, Withdraw 163.000000 
User 5, Acc 0 Balance 4284.000000, Deposit 907.000000 
User 5, Acc 1 Balance 9.000000, Deposit 911.000000 
User 2, Acc 9 Balance 20863.000000, Withdraw 163.000000 
User 2, Acc 0 Balance 5191.000000, Deposit 100.000000 
User 2, Acc 0 Balance 5291.000000, Deposit 200.000000 
User 4, Acc 0 Balance 4284.000000, Deposit 400.000000 
User 1, Acc 4 Balance 2482.000000, Deposit 647.000000 
[22;32mUser 3, Acc 1 Balance 9.000000, 				Withdraw 41.000000 --insufficient funds[0m
User 1, Acc 4 Balance 3076.000000, Transfer 1200.000000 to Acc 7
User 3, Acc 2 Balance 3998.000000, Withdraw 71.000000 
User 2, Acc 0 Balance 5491.000000, Deposit 300.000000 
User 4, Acc 0 Balance 5891.000000, Withdraw 200.000000 
User 2, Acc 0 Balance 6191.000000, Withdraw 200.000000 
User 4, Acc 0 Balance 5991.000000, Deposit 100.000000 
User 4, Acc 0 Balance 6091.000000, Withdraw 50.000000 
User 0, Acc 6 Balance 8829.000000, Transfer 1167.000000 to Acc 5
[22;32mUser 3, Acc 3 Balance 1079.000000, 				Withdraw 1127.000000 --insufficient funds[0m
User 5, Acc 2 Balance 3998.000000, Deposit 919.000000 
User 2, Acc 0 Balance 5891.000000, Withdraw 100.000000 
User 5, Acc 3 Balance 1079.000000, Deposit 929.000000 
User 1, Acc 3 Balance 1079.000000, Deposit 653.000000 
User 0, Acc 4 Balance 1876.000000, Transfer 53.000000 to Acc 5
User 1, Acc 3 Balance 2661.000000, Transfer 1200.000000 to Acc 8
User 0, Acc 7 Balance 61681.000000, Withdraw 1593.000000 
User 4, Acc 0 Balance 5841.000000, Withdraw 150.000000 
User 0, Acc 8 Balance 1910.000000, Withdraw 449.000000 
User 4, Acc 0 Balance 5591.000000, Deposit 300.000000 
User 4, Acc 0 Balance 5891.000000, Transfer 300.000000 to Acc 1
User 2, Acc 0 Balance 5741.000000, Withdraw 50.000000 
User 1, Acc 2 Balance 4846.000000, Deposit 659.000000 
User 5, Acc 4 Balance 1876.000000, Deposit 937.000000 
User 1, Acc 2 Balance 5505.000000, Transfer 1200.000000 to Acc 9
User 0, Acc 9 Balance 20537.000000, Withdraw 163.000000 
User 3, Acc 6 Balance 5848.000000, Withdraw 647.000000 
Balance in 1: 1220.000000
User 3, Acc 6 Balance 5201.000000, Deposit 953.000000 
User 3, Acc 7 Balance 60088.000000, Deposit 967.000000 
User 1, Acc 1 Balance 1220.000000, Deposit 661.000000 
User 5, Acc 5 Balance 12342.000000, Deposit 941.000000 
User 1, Acc 1 Balance 1881.000000, Transfer 1200.000000 to Acc 9
User 5, Acc 6 Balance 6154.000000, Deposit 953.000000 
User 5, Acc 7 Balance 61055.000000, Deposit 967.000000 
User 2, Acc 1 Balance 1220.000000, Transfer 200.000000 to Acc 0
User 3, Acc 1 Balance 1220.000000, Transfer 19.000000 to Acc 7
User 1, Acc 0 Balance 5541.000000, Deposit 673.000000 
User 5, Acc 1 Balance 681.000000, Transfer 19.000000 to Acc 7
User 1, Acc 0 Balance 6414.000000, Transfer 1200.000000 to Acc 9
User 1, Acc 1 Balance 443.000000, Withdraw 50.000000 
User 1, Acc 2 Balance 4305.000000, Withdraw 50.000000 
User 1, Acc 3 Balance 1461.000000, Withdraw 50.000000 
User 1, Acc 4 Balance 2760.000000, Withdraw 50.000000 
User 3, Acc 2 Balance 4305.000000, Transfer 23.000000 to Acc 7
User 1, Acc 5 Balance 13283.000000, Withdraw 50.000000 
User 1, Acc 6 Balance 7107.000000, Withdraw 50.000000 
Balance in 0: 5741.000000
User 3, Acc 6 Balance 7107.000000, Transfer 1167.000000 to Acc 5
User 5, Acc 2 Balance 4305.000000, Transfer 23.000000 to Acc 7
User 5, Acc 3 Balance 1411.000000, Transfer 29.000000 to Acc 7
User 5, Acc 7 Balance 62135.000000, Transfer 31.000000 to Acc 6
User 5, Acc 7 Balance 62104.000000, Transfer 37.000000 to Acc 5
User 5, Acc 7 Balance 62067.000000, Transfer 3.000000 to Acc 4
User 5, Acc 7 Balance 62064.000000, Transfer 5.000000 to Acc 4
User 5, Acc 6 Balance 5921.000000, Transfer 67.000000 to Acc 5
User 5, Acc 4 Balance 2718.000000, Transfer 53.000000 to Acc 5
User 5, Acc 1 Balance 393.000000, Transfer 89.000000 to Acc 8
User 5, Acc 1 Balance 304.000000, Transfer 163.000000 to Acc 9
User 5, Acc 1 Balance 141.000000, Withdraw 41.000000 
User 5, Acc 2 Balance 4209.000000, Withdraw 71.000000 
User 5, Acc 3 Balance 1382.000000, Withdraw 127.000000 
User 5, Acc 4 Balance 2665.000000, Withdraw 167.000000 
User 5, Acc 5 Balance 14557.000000, Withdraw 307.000000 
User 5, Acc 6 Balance 5854.000000, Withdraw 647.000000 
User 5, Acc 7 Balance 62059.000000, Withdraw 593.000000 
User 5, Acc 8 Balance 1550.000000, Withdraw 449.000000 
User 3, Acc 4 Balance 2710.000000, Transfer 53.000000 to Acc 5
User 5, Acc 9 Balance 24137.000000, Withdraw 163.000000 
User 3, Acc 7 Balance 61466.000000, Withdraw 1593.000000 
User 3, Acc 8 Balance 1101.000000, Withdraw 449.000000 
User 3, Acc 9 Balance 23974.000000, Withdraw 163.000000 
User 1, Acc 7 Balance 62083.000000, Withdraw 50.000000 
User 1, Acc 8 Balance 652.000000, Withdraw 50.000000 
User 1, Acc 9 Balance 23811.000000, Withdraw 50.000000 
User 1, Acc 0 Balance 5214.000000, Withdraw 50.000000 
  ***     End of transaction batch    ***  
Account 0 balance after completion of transaction batch: 5164.000000
Account 1 balance after completion of transaction batch: 100.000000
Account 2 balance after completion of transaction batch: 4138.000000
Account 3 balance after completion of transaction batch: 1255.000000
Account 4 balance after completion of transaction batch: 2445.000000
Account 5 balance after completion of transaction batch: 14303.000000
Account 6 balance after completion of transaction batch: 5207.000000
Account 7 balance after completion of transaction batch: 59823.000000
Account 8 balance after completion of transaction batch: 602.000000
Account 9 balance after completion of transaction batch: 23761.000000
