# Output generated by:
# ./my_executable 6 data/transactions7.txt data/transactions6.txt data/transactions9.txt data/transactions3.txt data/transactions4.txt data/transactions10.txt

********************************************
   Reading and parsing a transaction file   
********************************************
Parsed transaction: deposit 7 9929.000000 
Loaded deposit transaction
Parsed transaction: deposit 4 937.000000 
Loaded deposit transaction
Parsed transaction: deposit 5 941.000000 
Loaded deposit transaction
Parsed transaction: deposit 0 7.000000 
Loaded deposit transaction
Parsed transaction: deposit 3 29.000000 
Loaded deposit transaction
Parsed transaction: deposit 7 9.000000 
Loaded deposit transaction
Parsed transaction: deposit 9 129.000000 
Loaded deposit transaction
Parsed transaction: transfer 3 7 29.000000 
Loaded transfer transaction
Parsed transaction: transfer 7 6 31.000000 
Loaded transfer transaction
Parsed transaction: transfer 7 5 137.000000 
Loaded transfer transaction
Parsed transaction: transfer 7 4 3.000000 
Loaded transfer transaction
Parsed transaction: transfer 7 4 5.000000 
Loaded transfer transaction
Parsed transaction: withdraw 4 1167.000000 
Loaded withdrawal transaction
Parsed transaction: withdraw 5 1307.000000 
Loaded withdrawal transaction
Parsed transaction: transfer 1 8 89.000000 
Loaded transfer transaction
Parsed transaction: transfer 1 9 163.000000 
Loaded transfer transaction
Parsed transaction: withdraw 1 41.000000 
Loaded withdrawal transaction
Parsed transaction: withdraw 2 71.000000 
Loaded withdrawal transaction
Parsed transaction: withdraw 3 1127.000000 
Loaded withdrawal transaction
Parsed transaction: withdraw 6 647.000000 
Loaded withdrawal transaction
Parsed transaction: deposit 6 1953.000000 
Loaded deposit transaction
Parsed transaction: deposit 7 967.000000 
Loaded deposit transaction
Parsed transaction: transfer 1 7 19.000000 
Loaded transfer transaction
Parsed transaction: transfer 2 7 23.000000 
Loaded transfer transaction
Parsed transaction: transfer 6 5 1167.000000 
Loaded transfer transaction
Parsed transaction: transfer 4 5 53.000000 
Loaded transfer transaction
Parsed transaction: withdraw 7 1593.000000 
Loaded withdrawal transaction
Parsed transaction: withdraw 8 449.000000 
Loaded withdrawal transaction
Parsed transaction: withdraw 9 163.000000 
Loaded withdrawal transaction
********************************************
********************************************
   Reading and parsing a transaction file   
********************************************
Parsed transaction: deposit 0 7.000000 
Loaded deposit transaction
Parsed transaction: deposit 1 11.000000 
Loaded deposit transaction
Parsed transaction: deposit 2 9.000000 
Loaded deposit transaction
Parsed transaction: transfer 3 7 29.000000 
Loaded transfer transaction
Parsed transaction: transfer 7 6 31.000000 
Loaded transfer transaction
Parsed transaction: transfer 7 5 137.000000 
Loaded transfer transaction
Parsed transaction: transfer 7 4 3.000000 
Loaded transfer transaction
Parsed transaction: transfer 7 4 5.000000 
Loaded transfer transaction
Parsed transaction: deposit 3 929.000000 
Loaded deposit transaction
Parsed transaction: deposit 4 937.000000 
Loaded deposit transaction
Parsed transaction: deposit 5 941.000000 
Loaded deposit transaction
Parsed transaction: withdraw 4 1167.000000 
Loaded withdrawal transaction
Parsed transaction: withdraw 5 1307.000000 
Loaded withdrawal transaction
Parsed transaction: transfer 1 8 89.000000 
Loaded transfer transaction
Parsed transaction: transfer 1 9 163.000000 
Loaded transfer transaction
Parsed transaction: withdraw 1 41.000000 
Loaded withdrawal transaction
Parsed transaction: withdraw 2 71.000000 
Loaded withdrawal transaction
Parsed transaction: withdraw 3 1127.000000 
Loaded withdrawal transaction
Parsed transaction: withdraw 6 647.000000 
Loaded withdrawal transaction
Parsed transaction: deposit 6 953.000000 
Loaded deposit transaction
Parsed transaction: deposit 7 967.000000 
Loaded deposit transaction
Parsed transaction: transfer 1 7 19.000000 
Loaded transfer transaction
Parsed transaction: transfer 2 7 23.000000 
Loaded transfer transaction
Parsed transaction: transfer 6 5 1167.000000 
Loaded transfer transaction
Parsed transaction: transfer 4 5 53.000000 
Loaded transfer transaction
Parsed transaction: withdraw 7 1593.000000 
Loaded withdrawal transaction
Parsed transaction: withdraw 8 449.000000 
Loaded withdrawal transaction
Parsed transaction: withdraw 9 163.000000 
Loaded withdrawal transaction
********************************************
********************************************
   Reading and parsing a transaction file   
********************************************
Parsed transaction: deposit 9 617.000000 
Loaded deposit transaction
Parsed transaction: transfer 9 1 617.000000 
Loaded transfer transaction
Parsed transaction: deposit 8 619.000000 
Loaded deposit transaction
Parsed transaction: transfer 8 2 619.000000 
Loaded transfer transaction
Parsed transaction: deposit 7 631.000000 
Loaded deposit transaction
Parsed transaction: transfer 7 3 631.000000 
Loaded transfer transaction
Parsed transaction: deposit 6 641.000000 
Loaded deposit transaction
Parsed transaction: transfer 6 4 641.000000 
Loaded transfer transaction
Parsed transaction: deposit 5 643.000000 
Loaded deposit transaction
Parsed transaction: transfer 5 6 1200.000000 
Loaded transfer transaction
Parsed transaction: deposit 4 647.000000 
Loaded deposit transaction
Parsed transaction: transfer 4 7 1200.000000 
Loaded transfer transaction
Parsed transaction: deposit 3 653.000000 
Loaded deposit transaction
Parsed transaction: transfer 3 8 1200.000000 
Loaded transfer transaction
Parsed transaction: deposit 2 659.000000 
Loaded deposit transaction
Parsed transaction: transfer 2 9 1200.000000 
Loaded transfer transaction
Parsed transaction: deposit 1 661.000000 
Loaded deposit transaction
Parsed transaction: transfer 1 9 1200.000000 
Loaded transfer transaction
Parsed transaction: deposit 0 673.000000 
Loaded deposit transaction
Parsed transaction: transfer 0 9 1200.000000 
Loaded transfer transaction
Parsed transaction: withdraw 1 50.000000 
Loaded withdrawal transaction
Parsed transaction: withdraw 2 50.000000 
Loaded withdrawal transaction
Parsed transaction: withdraw 3 50.000000 
Loaded withdrawal transaction
Parsed transaction: withdraw 4 50.000000 
Loaded withdrawal transaction
Parsed transaction: withdraw 5 50.000000 
Loaded withdrawal transaction
Parsed transaction: withdraw 6 50.000000 
Loaded withdrawal transaction
Parsed transaction: withdraw 7 50.000000 
Loaded withdrawal transaction
Parsed transaction: withdraw 8 50.000000 
Loaded withdrawal transaction
Parsed transaction: withdraw 9 50.000000 
Loaded withdrawal transaction
Parsed transaction: withdraw 0 50.000000 
Loaded withdrawal transaction
********************************************
********************************************
   Reading and parsing a transaction file   
********************************************
Parsed transaction: deposit 0 400.000000 
Loaded deposit transaction
Parsed transaction: withdraw 0 200.000000 
Loaded withdrawal transaction
Parsed transaction: deposit 1 100.000000 
Loaded deposit transaction
Parsed transaction: deposit 2 900.000000 
Loaded deposit transaction
Parsed transaction: withdraw 1 50.000000 
Loaded withdrawal transaction
Parsed transaction: withdraw 2 150.000000 
Loaded withdrawal transaction
Parsed transaction: deposit 3 500.000000 
Loaded deposit transaction
Parsed transaction: transfer 2 1 300.000000 
Loaded transfer transaction
Parsed transaction: transfer 3 1 300.000000 
Loaded transfer transaction
Parsed transaction: deposit 0 400.000000 
Loaded deposit transaction
Parsed transaction: withdraw 3 200.000000 
Loaded withdrawal transaction
Parsed transaction: balance 1 
Loaded balance transaction
********************************************
********************************************
   Reading and parsing a transaction file   
********************************************
Parsed transaction: deposit 0 907.000000 
Loaded deposit transaction
Parsed transaction: deposit 1 911.000000 
Loaded deposit transaction
Parsed transaction: deposit 2 919.000000 
Loaded deposit transaction
Parsed transaction: deposit 3 929.000000 
Loaded deposit transaction
Parsed transaction: deposit 4 937.000000 
Loaded deposit transaction
Parsed transaction: deposit 5 941.000000 
Loaded deposit transaction
Parsed transaction: deposit 6 953.000000 
Loaded deposit transaction
Parsed transaction: deposit 7 967.000000 
Loaded deposit transaction
Parsed transaction: transfer 1 7 19.000000 
Loaded transfer transaction
Parsed transaction: transfer 2 7 23.000000 
Loaded transfer transaction
Parsed transaction: transfer 3 7 29.000000 
Loaded transfer transaction
Parsed transaction: transfer 7 6 31.000000 
Loaded transfer transaction
Parsed transaction: transfer 7 5 37.000000 
Loaded transfer transaction
Parsed transaction: transfer 7 4 3.000000 
Loaded transfer transaction
Parsed transaction: transfer 7 4 5.000000 
Loaded transfer transaction
Parsed transaction: transfer 6 5 67.000000 
Loaded transfer transaction
Parsed transaction: transfer 4 5 53.000000 
Loaded transfer transaction
Parsed transaction: transfer 1 8 89.000000 
Loaded transfer transaction
Parsed transaction: transfer 1 9 163.000000 
Loaded transfer transaction
Parsed transaction: withdraw 1 41.000000 
Loaded withdrawal transaction
Parsed transaction: withdraw 2 71.000000 
Loaded withdrawal transaction
Parsed transaction: withdraw 3 127.000000 
Loaded withdrawal transaction
Parsed transaction: withdraw 4 167.000000 
Loaded withdrawal transaction
Parsed transaction: withdraw 5 307.000000 
Loaded withdrawal transaction
Parsed transaction: withdraw 6 647.000000 
Loaded withdrawal transaction
Parsed transaction: withdraw 7 593.000000 
Loaded withdrawal transaction
Parsed transaction: withdraw 8 449.000000 
Loaded withdrawal transaction
Parsed transaction: withdraw 9 163.000000 
Loaded withdrawal transaction
********************************************
********************************************
   Reading and parsing a transaction file   
********************************************
Parsed transaction: withdraw 1 500.000000 
Loaded withdrawal transaction
Parsed transaction: withdraw 2 500.000000 
Loaded withdrawal transaction
Parsed transaction: withdraw 3 500.000000 
Loaded withdrawal transaction
Parsed transaction: withdraw 4 500.000000 
Loaded withdrawal transaction
Parsed transaction: withdraw 5 500.000000 
Loaded withdrawal transaction
Parsed transaction: withdraw 6 500.000000 
Loaded withdrawal transaction
Parsed transaction: withdraw 7 500.000000 
Loaded withdrawal transaction
Parsed transaction: withdraw 8 500.000000 
Loaded withdrawal transaction
Parsed transaction: withdraw 9 500.000000 
Loaded withdrawal transaction
Parsed transaction: withdraw 0 500.000000 
Loaded withdrawal transaction
Parsed transaction: withdraw 1 500.000000 
Loaded withdrawal transaction
Parsed transaction: withdraw 2 500.000000 
Loaded withdrawal transaction
Parsed transaction: withdraw 3 500.000000 
Loaded withdrawal transaction
Parsed transaction: withdraw 4 500.000000 
Loaded withdrawal transaction
Parsed transaction: withdraw 5 500.000000 
Loaded withdrawal transaction
Parsed transaction: withdraw 6 500.000000 
Loaded withdrawal transaction
Parsed transaction: withdraw 7 500.000000 
Loaded withdrawal transaction
Parsed transaction: withdraw 8 500.000000 
Loaded withdrawal transaction
Parsed transaction: withdraw 9 500.000000 
Loaded withdrawal transaction
Parsed transaction: withdraw 0 500.000000 
Loaded withdrawal transaction
Parsed transaction: withdraw 1 500.000000 
Loaded withdrawal transaction
Parsed transaction: withdraw 2 500.000000 
Loaded withdrawal transaction
Parsed transaction: withdraw 3 500.000000 
Loaded withdrawal transaction
Parsed transaction: withdraw 4 500.000000 
Loaded withdrawal transaction
Parsed transaction: withdraw 5 500.000000 
Loaded withdrawal transaction
Parsed transaction: withdraw 6 500.000000 
Loaded withdrawal transaction
Parsed transaction: withdraw 7 500.000000 
Loaded withdrawal transaction
Parsed transaction: withdraw 8 500.000000 
Loaded withdrawal transaction
Parsed transaction: withdraw 9 500.000000 
Loaded withdrawal transaction
Parsed transaction: withdraw 0 500.000000 
Loaded withdrawal transaction
********************************************
  ***    Start of transaction batch    ***  
User 0, Acc 7 Balance 0.000000, Deposit 9929.000000 
User 0, Acc 4 Balance 0.000000, Deposit 937.000000 
User 0, Acc 5 Balance 0.000000, Deposit 941.000000 
User 0, Acc 0 Balance 0.000000, Deposit 7.000000 
User 0, Acc 3 Balance 0.000000, Deposit 29.000000 
User 0, Acc 7 Balance 9929.000000, Deposit 9.000000 
User 0, Acc 9 Balance 0.000000, Deposit 129.000000 
User 0, Acc 3 Balance 29.000000, Transfer 29.000000 to Acc 7
User 0, Acc 7 Balance 9967.000000, Transfer 31.000000 to Acc 6
User 0, Acc 7 Balance 9936.000000, Transfer 137.000000 to Acc 5
User 0, Acc 7 Balance 9799.000000, Transfer 3.000000 to Acc 4
User 0, Acc 7 Balance 9796.000000, Transfer 5.000000 to Acc 4
[22;32mUser 0, Acc 4 Balance 945.000000, 				Withdraw 1167.000000 --insufficient funds[0m
[22;32mUser 0, Acc 5 Balance 1078.000000, 				Withdraw 1307.000000 --insufficient funds[0m
[22;32mUser 0, Acc 1 Balance 0.000000, 				Withdraw 41.000000 --insufficient funds[0m
[22;32mUser 0, Acc 2 Balance 0.000000, 				Withdraw 71.000000 --insufficient funds[0m
[22;32mUser 0, Acc 3 Balance 0.000000, 				Withdraw 1127.000000 --insufficient funds[0m
[22;32mUser 0, Acc 6 Balance 31.000000, 				Withdraw 647.000000 --insufficient funds[0m
User 0, Acc 6 Balance 31.000000, Deposit 1953.000000 
User 0, Acc 7 Balance 9791.000000, Deposit 967.000000 
User 0, Acc 6 Balance 1984.000000, Transfer 1167.000000 to Acc 5
User 0, Acc 4 Balance 945.000000, Transfer 53.000000 to Acc 5
User 0, Acc 7 Balance 10758.000000, Withdraw 1593.000000 
[22;32mUser 0, Acc 8 Balance 0.000000, 				Withdraw 449.000000 --insufficient funds[0m
User 2, Acc 9 Balance 129.000000, Deposit 617.000000 
[22;32mUser 1, Acc 1 Balance 0.000000, 				Withdraw 500.000000 --insufficient funds[0m
[22;32mUser 0, Acc 9 Balance 129.000000, 				Withdraw 163.000000 --insufficient funds[0m
User 4, Acc 0 Balance 7.000000, Deposit 400.000000 
User 0, Acc 7 Balance 9165.000000, Deposit 9929.000000 
User 4, Acc 0 Balance 407.000000, Withdraw 200.000000 
User 0, Acc 4 Balance 892.000000, Deposit 937.000000 
User 3, Acc 0 Balance 7.000000, Deposit 7.000000 
[22;32mUser 1, Acc 2 Balance 0.000000, 				Withdraw 500.000000 --insufficient funds[0m
User 3, Acc 1 Balance 0.000000, Deposit 11.000000 
User 3, Acc 2 Balance 0.000000, Deposit 9.000000 
User 5, Acc 0 Balance 7.000000, Deposit 907.000000 
User 0, Acc 5 Balance 2298.000000, Deposit 941.000000 
User 5, Acc 1 Balance 11.000000, Deposit 911.000000 
User 5, Acc 2 Balance 9.000000, Deposit 919.000000 
[22;32mUser 1, Acc 3 Balance 0.000000, 				Withdraw 500.000000 --insufficient funds[0m
User 5, Acc 3 Balance 0.000000, Deposit 929.000000 
User 1, Acc 4 Balance 1829.000000, Withdraw 500.000000 
User 5, Acc 4 Balance 1829.000000, Deposit 937.000000 
User 1, Acc 5 Balance 3239.000000, Withdraw 500.000000 
User 0, Acc 0 Balance 1121.000000, Deposit 7.000000 
User 2, Acc 9 Balance 746.000000, Transfer 617.000000 to Acc 1
User 0, Acc 3 Balance 929.000000, Deposit 29.000000 
User 0, Acc 7 Balance 19094.000000, Deposit 9.000000 
User 2, Acc 8 Balance 0.000000, Deposit 619.000000 
User 2, Acc 8 Balance 619.000000, Transfer 619.000000 to Acc 2
User 4, Acc 1 Balance 0.000000, Deposit 100.000000 
User 5, Acc 5 Balance 2739.000000, Deposit 941.000000 
User 3, Acc 7 Balance 19094.000000, Transfer 31.000000 to Acc 6
User 0, Acc 9 Balance 129.000000, Deposit 129.000000 
User 3, Acc 7 Balance 19072.000000, Transfer 137.000000 to Acc 5
User 1, Acc 6 Balance 817.000000, Withdraw 500.000000 
User 3, Acc 7 Balance 18935.000000, Transfer 3.000000 to Acc 4
User 4, Acc 2 Balance 1547.000000, Deposit 900.000000 
User 0, Acc 3 Balance 958.000000, Transfer 29.000000 to Acc 7
User 2, Acc 7 Balance 19103.000000, Deposit 631.000000 
User 0, Acc 7 Balance 18961.000000, Transfer 31.000000 to Acc 6
User 2, Acc 7 Balance 19592.000000, Transfer 631.000000 to Acc 3
User 3, Acc 7 Balance 18932.000000, Transfer 5.000000 to Acc 4
User 2, Acc 6 Balance 379.000000, Deposit 641.000000 
User 4, Acc 1 Balance 1639.000000, Withdraw 50.000000 
User 4, Acc 2 Balance 2447.000000, Withdraw 150.000000 
User 5, Acc 6 Balance 817.000000, Deposit 953.000000 
User 4, Acc 3 Balance 1560.000000, Deposit 500.000000 
User 5, Acc 7 Balance 18925.000000, Deposit 967.000000 
User 4, Acc 2 Balance 2297.000000, Transfer 300.000000 to Acc 1
User 1, Acc 7 Balance 18935.000000, Withdraw 500.000000 
User 4, Acc 3 Balance 2060.000000, Transfer 300.000000 to Acc 1
[22;32mUser 1, Acc 8 Balance 0.000000, 				Withdraw 500.000000 --insufficient funds[0m
User 4, Acc 0 Balance 1128.000000, Deposit 400.000000 
[22;32mUser 1, Acc 9 Balance 258.000000, 				Withdraw 500.000000 --insufficient funds[0m
User 1, Acc 0 Balance 1528.000000, Withdraw 500.000000 
User 0, Acc 7 Balance 19561.000000, Transfer 137.000000 to Acc 5
User 2, Acc 6 Balance 1020.000000, Transfer 641.000000 to Acc 4
User 0, Acc 7 Balance 19255.000000, Transfer 3.000000 to Acc 4
User 5, Acc 1 Balance 1589.000000, Transfer 19.000000 to Acc 7
User 0, Acc 7 Balance 19252.000000, Transfer 5.000000 to Acc 4
User 5, Acc 2 Balance 1997.000000, Transfer 23.000000 to Acc 7
User 4, Acc 3 Balance 1760.000000, Withdraw 200.000000 
User 2, Acc 5 Balance 3954.000000, Deposit 643.000000 
Balance in 1: 2170.000000
User 3, Acc 3 Balance 1560.000000, Deposit 929.000000 
User 0, Acc 4 Balance 2923.000000, Withdraw 1167.000000 
User 1, Acc 1 Balance 2189.000000, Withdraw 500.000000 
User 0, Acc 5 Balance 4597.000000, Withdraw 1307.000000 
User 0, Acc 1 Balance 2170.000000, Transfer 89.000000 to Acc 8
User 5, Acc 3 Balance 1760.000000, Transfer 29.000000 to Acc 7
User 4, Acc 7 Balance 19289.000000, Deposit 9929.000000 
User 3, Acc 4 Balance 2923.000000, Deposit 937.000000 
User 4, Acc 4 Balance 1756.000000, Deposit 937.000000 
User 1, Acc 2 Balance 1974.000000, Withdraw 500.000000 
User 4, Acc 5 Balance 3290.000000, Deposit 941.000000 
User 1, Acc 3 Balance 2460.000000, Withdraw 500.000000 
User 4, Acc 0 Balance 1028.000000, Deposit 7.000000 
User 1, Acc 4 Balance 3630.000000, Withdraw 500.000000 
User 4, Acc 3 Balance 1960.000000, Deposit 29.000000 
User 5, Acc 7 Balance 19318.000000, Transfer 31.000000 to Acc 6
User 3, Acc 5 Balance 3290.000000, Deposit 941.000000 
User 5, Acc 7 Balance 29216.000000, Transfer 37.000000 to Acc 5
User 3, Acc 4 Balance 3130.000000, Withdraw 1167.000000 
User 5, Acc 7 Balance 29179.000000, Transfer 3.000000 to Acc 4
User 4, Acc 7 Balance 29247.000000, Deposit 9.000000 
User 5, Acc 7 Balance 29176.000000, Transfer 5.000000 to Acc 4
User 4, Acc 9 Balance 258.000000, Deposit 129.000000 
User 3, Acc 5 Balance 5209.000000, Withdraw 1307.000000 
User 4, Acc 3 Balance 1989.000000, Transfer 29.000000 to Acc 7
User 3, Acc 1 Balance 1581.000000, Transfer 89.000000 to Acc 8
User 4, Acc 7 Balance 29209.000000, Transfer 31.000000 to Acc 6
User 0, Acc 1 Balance 1581.000000, Transfer 163.000000 to Acc 9
User 4, Acc 7 Balance 29178.000000, Transfer 137.000000 to Acc 5
User 1, Acc 5 Balance 4231.000000, Withdraw 500.000000 
User 2, Acc 5 Balance 4597.000000, Transfer 1200.000000 to Acc 6
User 3, Acc 1 Balance 1492.000000, Transfer 163.000000 to Acc 9
User 2, Acc 4 Balance 1971.000000, Deposit 647.000000 
User 3, Acc 1 Balance 1166.000000, Withdraw 41.000000 
User 3, Acc 2 Balance 1474.000000, Withdraw 71.000000 
User 4, Acc 7 Balance 29041.000000, Transfer 3.000000 to Acc 4
User 4, Acc 7 Balance 29038.000000, Transfer 5.000000 to Acc 4
User 4, Acc 4 Balance 2626.000000, Withdraw 1167.000000 
User 4, Acc 5 Balance 2339.000000, Withdraw 1307.000000 
User 4, Acc 1 Balance 1125.000000, Transfer 89.000000 to Acc 8
User 4, Acc 1 Balance 1036.000000, Transfer 163.000000 to Acc 9
User 4, Acc 1 Balance 873.000000, Withdraw 41.000000 
User 4, Acc 2 Balance 1403.000000, Withdraw 71.000000 
User 4, Acc 3 Balance 1960.000000, Withdraw 1127.000000 
User 4, Acc 6 Balance 2594.000000, Withdraw 647.000000 
User 0, Acc 1 Balance 1329.000000, Withdraw 41.000000 
User 0, Acc 2 Balance 1332.000000, Withdraw 71.000000 
User 2, Acc 4 Balance 2618.000000, Transfer 1200.000000 to Acc 7
[22;32mUser 0, Acc 3 Balance 833.000000, 				Withdraw 1127.000000 --insufficient funds[0m
User 0, Acc 6 Balance 1947.000000, Withdraw 647.000000 
User 5, Acc 6 Balance 1363.000000, Transfer 67.000000 to Acc 5
User 5, Acc 4 Balance 259.000000, Transfer 53.000000 to Acc 5
User 5, Acc 1 Balance 791.000000, Transfer 89.000000 to Acc 8
User 5, Acc 1 Balance 702.000000, Transfer 163.000000 to Acc 9
User 1, Acc 6 Balance 1394.000000, Withdraw 500.000000 
User 5, Acc 1 Balance 539.000000, Withdraw 41.000000 
User 2, Acc 3 Balance 833.000000, Deposit 653.000000 
User 3, Acc 3 Balance 1960.000000, Withdraw 1127.000000 
User 2, Acc 3 Balance 1486.000000, Transfer 1200.000000 to Acc 8
User 3, Acc 6 Balance 733.000000, Withdraw 647.000000 
User 2, Acc 2 Balance 1261.000000, Deposit 659.000000 
User 3, Acc 6 Balance 86.000000, Deposit 953.000000 
User 2, Acc 2 Balance 1920.000000, Transfer 1200.000000 to Acc 9
User 3, Acc 7 Balance 30233.000000, Deposit 967.000000 
User 2, Acc 1 Balance 498.000000, Deposit 661.000000 
User 3, Acc 1 Balance 498.000000, Transfer 19.000000 to Acc 7
User 2, Acc 0 Balance 1035.000000, Deposit 673.000000 
User 3, Acc 2 Balance 720.000000, Transfer 23.000000 to Acc 7
User 2, Acc 0 Balance 1708.000000, Transfer 1200.000000 to Acc 9
User 3, Acc 4 Balance 206.000000, Transfer 53.000000 to Acc 5
User 3, Acc 7 Balance 31242.000000, Withdraw 1593.000000 
User 4, Acc 6 Balance 1947.000000, Deposit 1953.000000 
User 4, Acc 7 Balance 29649.000000, Deposit 967.000000 
User 5, Acc 2 Balance 1261.000000, Withdraw 71.000000 
User 2, Acc 1 Balance 1140.000000, Withdraw 50.000000 
User 0, Acc 6 Balance 1300.000000, Deposit 1953.000000 
User 3, Acc 8 Balance 1556.000000, Withdraw 449.000000 
User 0, Acc 7 Balance 30616.000000, Deposit 967.000000 
User 3, Acc 9 Balance 3439.000000, Withdraw 163.000000 
User 4, Acc 1 Balance 1140.000000, Transfer 19.000000 to Acc 7
[22;32mUser 5, Acc 3 Balance -841.000000, 				Withdraw 127.000000 --insufficient funds[0m
User 4, Acc 2 Balance 626.000000, Transfer 23.000000 to Acc 7
User 4, Acc 6 Balance 4945.000000, Transfer 1167.000000 to Acc 5
User 0, Acc 1 Balance 1090.000000, Transfer 19.000000 to Acc 7
User 3, Acc 0 Balance 508.000000, Deposit 7.000000 
User 0, Acc 2 Balance 603.000000, Transfer 23.000000 to Acc 7
User 3, Acc 1 Balance 1052.000000, Deposit 11.000000 
User 3, Acc 2 Balance 603.000000, Deposit 9.000000 
User 0, Acc 6 Balance 3778.000000, Transfer 1167.000000 to Acc 5
User 3, Acc 7 Balance 31667.000000, Transfer 31.000000 to Acc 6
User 0, Acc 4 Balance 153.000000, Transfer 53.000000 to Acc 5
[22;32mUser 5, Acc 4 Balance 153.000000, 				Withdraw 167.000000 --insufficient funds[0m
User 0, Acc 7 Balance 31636.000000, Withdraw 1593.000000 
User 0, Acc 8 Balance 1107.000000, Withdraw 449.000000 
User 4, Acc 4 Balance 153.000000, Transfer 53.000000 to Acc 5
User 0, Acc 9 Balance 3276.000000, Withdraw 163.000000 
User 4, Acc 7 Balance 30043.000000, Withdraw 1593.000000 
User 0, Acc 7 Balance 30043.000000, Deposit 9929.000000 
User 4, Acc 8 Balance 658.000000, Withdraw 449.000000 
User 0, Acc 4 Balance 47.000000, Deposit 937.000000 
User 4, Acc 9 Balance 3113.000000, Withdraw 163.000000 
User 0, Acc 5 Balance 3645.000000, Deposit 941.000000 
User 4, Acc 7 Balance 38379.000000, Deposit 9929.000000 
User 0, Acc 0 Balance 515.000000, Deposit 7.000000 
User 0, Acc 3 Balance -841.000000, Deposit 29.000000 
User 3, Acc 7 Balance 31636.000000, Transfer 137.000000 to Acc 5
User 0, Acc 7 Balance 48308.000000, Deposit 9.000000 
User 3, Acc 7 Balance 48171.000000, Transfer 3.000000 to Acc 4
User 1, Acc 7 Balance 30233.000000, Withdraw 500.000000 
User 2, Acc 2 Balance 626.000000, Withdraw 50.000000 
User 4, Acc 4 Balance 984.000000, Deposit 937.000000 
User 5, Acc 5 Balance 3592.000000, Withdraw 307.000000 
User 5, Acc 6 Balance 2642.000000, Withdraw 647.000000 
User 3, Acc 7 Balance 48177.000000, Transfer 5.000000 to Acc 4
User 5, Acc 7 Balance 47677.000000, Withdraw 593.000000 
[22;32mUser 5, Acc 8 Balance 209.000000, 				Withdraw 449.000000 --insufficient funds[0m
[22;32mUser 2, Acc 3 Balance -812.000000, 				Withdraw 50.000000 --insufficient funds[0m
User 2, Acc 4 Balance 1929.000000, Withdraw 50.000000 
User 2, Acc 5 Balance 4416.000000, Withdraw 50.000000 
User 2, Acc 6 Balance 1995.000000, Withdraw 50.000000 
User 2, Acc 7 Balance 47079.000000, Withdraw 50.000000 
User 2, Acc 8 Balance 209.000000, Withdraw 50.000000 
User 2, Acc 9 Balance 2950.000000, Withdraw 50.000000 
User 2, Acc 0 Balance 522.000000, Withdraw 50.000000 
User 2, Acc 9 Balance 2900.000000, Deposit 617.000000 
User 2, Acc 9 Balance 3517.000000, Transfer 617.000000 to Acc 1
User 2, Acc 8 Balance 159.000000, Deposit 619.000000 
User 2, Acc 8 Balance 778.000000, Transfer 619.000000 to Acc 2
User 2, Acc 7 Balance 47029.000000, Deposit 631.000000 
User 2, Acc 7 Balance 47660.000000, Transfer 631.000000 to Acc 3
User 2, Acc 6 Balance 1945.000000, Deposit 641.000000 
User 2, Acc 6 Balance 2586.000000, Transfer 641.000000 to Acc 4
User 5, Acc 9 Balance 2950.000000, Withdraw 163.000000 
User 2, Acc 5 Balance 4366.000000, Deposit 643.000000 
User 5, Acc 0 Balance 472.000000, Deposit 7.000000 
User 2, Acc 5 Balance 5009.000000, Transfer 1200.000000 to Acc 6
User 5, Acc 1 Balance 1680.000000, Deposit 11.000000 
User 2, Acc 4 Balance 2520.000000, Deposit 647.000000 
User 5, Acc 2 Balance 1158.000000, Deposit 9.000000 
User 5, Acc 7 Balance 47029.000000, Transfer 31.000000 to Acc 6
[22;32mUser 1, Acc 8 Balance 209.000000, 				Withdraw 500.000000 --insufficient funds[0m
User 5, Acc 7 Balance 46998.000000, Transfer 137.000000 to Acc 5
User 4, Acc 5 Balance 4723.000000, Deposit 941.000000 
User 0, Acc 9 Balance 2950.000000, Deposit 129.000000 
User 4, Acc 0 Balance 479.000000, Deposit 7.000000 
User 0, Acc 7 Balance 46861.000000, Transfer 31.000000 to Acc 6
User 4, Acc 3 Balance -181.000000, Deposit 29.000000 
User 0, Acc 7 Balance 46830.000000, Transfer 137.000000 to Acc 5
User 4, Acc 7 Balance 46830.000000, Deposit 9.000000 
User 0, Acc 7 Balance 46693.000000, Transfer 3.000000 to Acc 4
User 3, Acc 3 Balance -812.000000, Deposit 929.000000 
User 1, Acc 9 Balance 2737.000000, Withdraw 500.000000 
User 3, Acc 4 Balance 3170.000000, Deposit 937.000000 
[22;32mUser 1, Acc 0 Balance 486.000000, 				Withdraw 500.000000 --insufficient funds[0m
User 4, Acc 9 Balance 2866.000000, Deposit 129.000000 
User 5, Acc 7 Balance 46861.000000, Transfer 3.000000 to Acc 4
User 4, Acc 3 Balance 777.000000, Transfer 29.000000 to Acc 7
User 4, Acc 7 Balance 46728.000000, Transfer 31.000000 to Acc 6
User 5, Acc 7 Balance 46725.000000, Transfer 5.000000 to Acc 4
User 1, Acc 1 Balance 1691.000000, Withdraw 500.000000 
User 5, Acc 3 Balance 748.000000, Deposit 929.000000 
User 1, Acc 2 Balance 1167.000000, Withdraw 500.000000 
User 1, Acc 3 Balance 748.000000, Withdraw 500.000000 
User 5, Acc 4 Balance 4115.000000, Deposit 937.000000 
User 4, Acc 7 Balance 46694.000000, Transfer 137.000000 to Acc 5
User 5, Acc 5 Balance 5024.000000, Deposit 941.000000 
User 5, Acc 4 Balance 5052.000000, Withdraw 1167.000000 
User 2, Acc 4 Balance 3167.000000, Transfer 1200.000000 to Acc 7
User 2, Acc 3 Balance 1177.000000, Deposit 653.000000 
User 1, Acc 4 Balance 4115.000000, Withdraw 500.000000 
User 2, Acc 3 Balance 1830.000000, Transfer 1200.000000 to Acc 8
User 2, Acc 2 Balance 667.000000, Deposit 659.000000 
User 1, Acc 5 Balance 6102.000000, Withdraw 500.000000 
User 2, Acc 2 Balance 1326.000000, Transfer 1200.000000 to Acc 9
User 5, Acc 5 Balance 6102.000000, Withdraw 1307.000000 
User 2, Acc 1 Balance 1191.000000, Deposit 661.000000 
User 5, Acc 1 Balance 1191.000000, Transfer 89.000000 to Acc 8
User 4, Acc 7 Balance 46552.000000, Transfer 3.000000 to Acc 4
User 1, Acc 6 Balance 3238.000000, Withdraw 500.000000 
User 4, Acc 7 Balance 47749.000000, Transfer 5.000000 to Acc 4
User 3, Acc 5 Balance 5024.000000, Deposit 941.000000 
User 0, Acc 7 Balance 46699.000000, Transfer 5.000000 to Acc 4
User 5, Acc 1 Balance 1102.000000, Transfer 163.000000 to Acc 9
User 0, Acc 4 Balance 2198.000000, Withdraw 1167.000000 
User 0, Acc 5 Balance 5236.000000, Withdraw 1307.000000 
User 5, Acc 1 Balance 1600.000000, Withdraw 41.000000 
User 4, Acc 4 Balance 2193.000000, Withdraw 1167.000000 
User 4, Acc 5 Balance 3929.000000, Withdraw 1307.000000 
User 3, Acc 4 Balance 2193.000000, Withdraw 1167.000000 
User 3, Acc 5 Balance 2622.000000, Withdraw 1307.000000 
User 3, Acc 1 Balance 1559.000000, Transfer 89.000000 to Acc 8
User 3, Acc 1 Balance 1470.000000, Transfer 163.000000 to Acc 9
User 3, Acc 1 Balance 1307.000000, Withdraw 41.000000 
User 3, Acc 2 Balance 126.000000, Withdraw 71.000000 
[22;32mUser 3, Acc 3 Balance 630.000000, 				Withdraw 1127.000000 --insufficient funds[0m
User 3, Acc 6 Balance 2738.000000, Withdraw 647.000000 
User 3, Acc 6 Balance 2091.000000, Deposit 953.000000 
User 3, Acc 7 Balance 47739.000000, Deposit 967.000000 
User 3, Acc 1 Balance 1266.000000, Transfer 19.000000 to Acc 7
User 3, Acc 2 Balance 55.000000, Transfer 23.000000 to Acc 7
User 3, Acc 6 Balance 3044.000000, Transfer 1167.000000 to Acc 5
User 3, Acc 7 Balance 48748.000000, Withdraw 1593.000000 
User 3, Acc 8 Balance 1537.000000, Withdraw 449.000000 
User 3, Acc 9 Balance 4021.000000, Withdraw 163.000000 
User 0, Acc 1 Balance 1559.000000, Transfer 89.000000 to Acc 8
User 0, Acc 1 Balance 1158.000000, Transfer 163.000000 to Acc 9
User 1, Acc 7 Balance 47744.000000, Withdraw 500.000000 
User 4, Acc 1 Balance 1559.000000, Transfer 89.000000 to Acc 8
User 4, Acc 1 Balance 906.000000, Transfer 163.000000 to Acc 9
User 4, Acc 1 Balance 743.000000, Withdraw 41.000000 
[22;32mUser 4, Acc 2 Balance 32.000000, 				Withdraw 71.000000 --insufficient funds[0m
[22;32mUser 4, Acc 3 Balance 630.000000, 				Withdraw 1127.000000 --insufficient funds[0m
User 4, Acc 6 Balance 1877.000000, Withdraw 647.000000 
User 0, Acc 1 Balance 995.000000, Withdraw 41.000000 
User 4, Acc 6 Balance 1230.000000, Deposit 1953.000000 
[22;32mUser 0, Acc 2 Balance 32.000000, 				Withdraw 71.000000 --insufficient funds[0m
User 4, Acc 7 Balance 46655.000000, Deposit 967.000000 
User 4, Acc 1 Balance 661.000000, Transfer 19.000000 to Acc 7
User 3, Acc 7 Balance 47155.000000, Deposit 9929.000000 
User 4, Acc 2 Balance 32.000000, Transfer 23.000000 to Acc 7
User 3, Acc 4 Balance -1303.000000, Deposit 937.000000 
User 4, Acc 6 Balance 3183.000000, Transfer 1167.000000 to Acc 5
User 5, Acc 2 Balance 126.000000, Withdraw 71.000000 
User 4, Acc 7 Balance 57593.000000, Withdraw 1593.000000 
User 2, Acc 1 Balance 1763.000000, Transfer 1200.000000 to Acc 9
User 3, Acc 5 Balance 2482.000000, Deposit 941.000000 
User 2, Acc 0 Balance 486.000000, Deposit 673.000000 
[22;32mUser 2, Acc 1 Balance -558.000000, 				Withdraw 50.000000 --insufficient funds[0m
User 1, Acc 8 Balance 1177.000000, Withdraw 500.000000 
[22;32mUser 2, Acc 2 Balance -62.000000, 				Withdraw 50.000000 --insufficient funds[0m
User 1, Acc 9 Balance 5384.000000, Withdraw 500.000000 
User 4, Acc 8 Balance 1266.000000, Withdraw 449.000000 
User 3, Acc 0 Balance 1159.000000, Deposit 7.000000 
User 4, Acc 9 Balance 4884.000000, Withdraw 163.000000 
User 2, Acc 3 Balance 630.000000, Withdraw 50.000000 
User 1, Acc 0 Balance 1159.000000, Withdraw 500.000000 
[22;32mUser 2, Acc 4 Balance -366.000000, 				Withdraw 50.000000 --insufficient funds[0m
User 2, Acc 5 Balance 4590.000000, Withdraw 50.000000 
User 1, Acc 0 Balance 666.000000, Deposit 7.000000 
User 2, Acc 6 Balance 2016.000000, Withdraw 50.000000 
[22;32mUser 5, Acc 3 Balance 630.000000, 				Withdraw 1127.000000 --insufficient funds[0m
User 2, Acc 7 Balance 56000.000000, Withdraw 50.000000 
User 5, Acc 6 Balance 1966.000000, Withdraw 647.000000 
User 2, Acc 8 Balance 317.000000, Withdraw 50.000000 
User 1, Acc 1 Balance -558.000000, Deposit 11.000000 
User 4, Acc 0 Balance 1166.000000, Deposit 400.000000 
[22;32mUser 0, Acc 3 Balance 630.000000, 				Withdraw 1127.000000 --insufficient funds[0m
User 4, Acc 0 Balance 1073.000000, Withdraw 200.000000 
User 0, Acc 6 Balance 1319.000000, Withdraw 647.000000 
User 0, Acc 6 Balance 672.000000, Deposit 1953.000000 
User 1, Acc 2 Balance -62.000000, Deposit 9.000000 
User 0, Acc 7 Balance 55950.000000, Deposit 967.000000 
User 5, Acc 6 Balance 1319.000000, Deposit 953.000000 
User 5, Acc 7 Balance 56917.000000, Deposit 967.000000 
User 4, Acc 1 Balance -547.000000, Deposit 100.000000 
User 5, Acc 6 Balance 3578.000000, Transfer 1167.000000 to Acc 5
User 4, Acc 2 Balance -53.000000, Deposit 900.000000 
[22;32mUser 4, Acc 1 Balance -447.000000, 				Withdraw 50.000000 --insufficient funds[0m
User 0, Acc 6 Balance 2625.000000, Transfer 1167.000000 to Acc 5
User 2, Acc 9 Balance 4721.000000, Withdraw 50.000000 
User 0, Acc 7 Balance 57884.000000, Withdraw 1593.000000 
User 2, Acc 0 Balance 873.000000, Withdraw 50.000000 
[22;32mUser 0, Acc 8 Balance 267.000000, 				Withdraw 449.000000 --insufficient funds[0m
User 0, Acc 9 Balance 4671.000000, Withdraw 163.000000 
User 2, Acc 0 Balance 823.000000, Deposit 7.000000 
User 0, Acc 9 Balance 4508.000000, Deposit 617.000000 
User 3, Acc 3 Balance 630.000000, Deposit 29.000000 
User 0, Acc 9 Balance 5125.000000, Transfer 617.000000 to Acc 1
User 3, Acc 7 Balance 56291.000000, Deposit 9.000000 
User 4, Acc 2 Balance 847.000000, Withdraw 150.000000 
User 2, Acc 1 Balance -447.000000, Deposit 11.000000 
User 4, Acc 3 Balance 609.000000, Deposit 500.000000 
User 4, Acc 2 Balance 697.000000, Transfer 300.000000 to Acc 1
User 0, Acc 8 Balance 267.000000, Deposit 619.000000 
User 4, Acc 3 Balance 1109.000000, Transfer 300.000000 to Acc 1
User 0, Acc 8 Balance 886.000000, Transfer 619.000000 to Acc 2
User 4, Acc 0 Balance 830.000000, Deposit 400.000000 
User 5, Acc 7 Balance 57884.000000, Withdraw 1593.000000 
User 2, Acc 2 Balance 697.000000, Deposit 9.000000 
[22;32mUser 5, Acc 8 Balance 267.000000, 				Withdraw 449.000000 --insufficient funds[0m
User 2, Acc 3 Balance 809.000000, Transfer 29.000000 to Acc 7
User 5, Acc 9 Balance 4508.000000, Withdraw 163.000000 
User 4, Acc 3 Balance 809.000000, Withdraw 200.000000 
User 3, Acc 9 Balance 4508.000000, Deposit 129.000000 
User 1, Acc 3 Balance 580.000000, Transfer 29.000000 to Acc 7
User 0, Acc 7 Balance 56300.000000, Deposit 631.000000 
User 2, Acc 7 Balance 54736.000000, Transfer 31.000000 to Acc 6
Balance in 1: 781.000000
User 2, Acc 7 Balance 55365.000000, Transfer 137.000000 to Acc 5
User 4, Acc 9 Balance 4474.000000, Deposit 617.000000 
User 2, Acc 7 Balance 55228.000000, Transfer 3.000000 to Acc 4
User 0, Acc 7 Balance 55396.000000, Transfer 631.000000 to Acc 3
User 3, Acc 3 Balance 580.000000, Transfer 29.000000 to Acc 7
User 0, Acc 6 Balance 1275.000000, Deposit 641.000000 
User 3, Acc 7 Balance 54623.000000, Transfer 31.000000 to Acc 6
User 4, Acc 9 Balance 5091.000000, Transfer 617.000000 to Acc 1
User 2, Acc 7 Balance 55225.000000, Transfer 5.000000 to Acc 4
User 4, Acc 8 Balance 267.000000, Deposit 619.000000 
User 2, Acc 3 Balance 1153.000000, Deposit 929.000000 
User 2, Acc 4 Balance -358.000000, Deposit 937.000000 
User 3, Acc 7 Balance 54592.000000, Transfer 137.000000 to Acc 5
User 5, Acc 0 Balance 1230.000000, Deposit 7.000000 
User 1, Acc 7 Balance 54765.000000, Transfer 31.000000 to Acc 6
User 5, Acc 1 Balance 1398.000000, Deposit 11.000000 
User 5, Acc 2 Balance 1025.000000, Deposit 9.000000 
User 1, Acc 7 Balance 54419.000000, Transfer 137.000000 to Acc 5
User 0, Acc 6 Balance 1916.000000, Transfer 641.000000 to Acc 4
User 1, Acc 7 Balance 54282.000000, Transfer 3.000000 to Acc 4
User 1, Acc 7 Balance 54279.000000, Transfer 5.000000 to Acc 4
User 0, Acc 5 Balance 7285.000000, Deposit 643.000000 
User 5, Acc 3 Balance 2082.000000, Transfer 29.000000 to Acc 7
User 2, Acc 5 Balance 7011.000000, Deposit 941.000000 
User 3, Acc 7 Balance 54450.000000, Transfer 3.000000 to Acc 4
User 2, Acc 4 Balance 1228.000000, Withdraw 1167.000000 
User 1, Acc 3 Balance 2082.000000, Deposit 929.000000 
User 2, Acc 5 Balance 8869.000000, Withdraw 1307.000000 
User 1, Acc 4 Balance 64.000000, Deposit 937.000000 
User 1, Acc 5 Balance 8869.000000, Deposit 941.000000 
[22;32mUser 1, Acc 4 Balance 1001.000000, 				Withdraw 1167.000000 --insufficient funds[0m
User 3, Acc 7 Balance 54300.000000, Transfer 5.000000 to Acc 4
User 1, Acc 5 Balance 8503.000000, Withdraw 1307.000000 
User 1, Acc 1 Balance 1409.000000, Transfer 89.000000 to Acc 8
User 2, Acc 1 Balance 1409.000000, Transfer 89.000000 to Acc 8
User 5, Acc 7 Balance 54303.000000, Transfer 31.000000 to Acc 6
User 4, Acc 8 Balance 886.000000, Transfer 619.000000 to Acc 2
User 5, Acc 7 Balance 54264.000000, Transfer 137.000000 to Acc 5
User 0, Acc 5 Balance 7928.000000, Transfer 1200.000000 to Acc 6
User 1, Acc 1 Balance 1320.000000, Transfer 163.000000 to Acc 9
User 0, Acc 4 Balance 1006.000000, Deposit 647.000000 
[22;32mUser 3, Acc 4 Balance 1006.000000, 				Withdraw 1167.000000 --insufficient funds[0m
User 2, Acc 1 Balance 1231.000000, Transfer 163.000000 to Acc 9
User 5, Acc 7 Balance 54127.000000, Transfer 3.000000 to Acc 4
User 2, Acc 1 Balance 905.000000, Withdraw 41.000000 
User 0, Acc 4 Balance 1653.000000, Transfer 1200.000000 to Acc 7
User 4, Acc 7 Balance 54264.000000, Deposit 631.000000 
User 0, Acc 3 Balance 2982.000000, Deposit 653.000000 
User 0, Acc 3 Balance 3635.000000, Transfer 1200.000000 to Acc 8
User 5, Acc 7 Balance 54124.000000, Transfer 5.000000 to Acc 4
User 0, Acc 2 Balance 1653.000000, Deposit 659.000000 
User 5, Acc 3 Balance 2435.000000, Deposit 929.000000 
User 0, Acc 2 Balance 2312.000000, Transfer 1200.000000 to Acc 9
User 0, Acc 1 Balance 864.000000, Deposit 661.000000 
User 4, Acc 7 Balance 55955.000000, Transfer 631.000000 to Acc 3
User 0, Acc 1 Balance 1525.000000, Transfer 1200.000000 to Acc 9
User 1, Acc 1 Balance 1068.000000, Withdraw 41.000000 
User 0, Acc 0 Balance 1237.000000, Deposit 673.000000 
User 0, Acc 0 Balance 1910.000000, Transfer 1200.000000 to Acc 9
User 5, Acc 4 Balance 461.000000, Deposit 937.000000 
User 4, Acc 6 Balance 2568.000000, Deposit 641.000000 
User 5, Acc 5 Balance 6133.000000, Deposit 941.000000 
User 4, Acc 6 Balance 3209.000000, Transfer 641.000000 to Acc 4
User 5, Acc 4 Balance 1398.000000, Withdraw 1167.000000 
User 4, Acc 5 Balance 7074.000000, Deposit 643.000000 
User 0, Acc 1 Balance 284.000000, Withdraw 50.000000 
User 2, Acc 2 Balance 1653.000000, Withdraw 71.000000 
User 0, Acc 2 Balance 1112.000000, Withdraw 50.000000 
User 0, Acc 3 Balance 3995.000000, Withdraw 50.000000 
User 2, Acc 3 Balance 3995.000000, Withdraw 1127.000000 
User 5, Acc 5 Balance 7074.000000, Withdraw 1307.000000 
User 4, Acc 5 Balance 7717.000000, Transfer 1200.000000 to Acc 6
User 5, Acc 1 Balance 234.000000, Transfer 89.000000 to Acc 8
User 1, Acc 2 Balance 1112.000000, Withdraw 71.000000 
User 3, Acc 5 Balance 6133.000000, Withdraw 1307.000000 
User 2, Acc 6 Balance 2568.000000, Withdraw 647.000000 
User 4, Acc 4 Balance 872.000000, Deposit 647.000000 
User 2, Acc 6 Balance 3121.000000, Deposit 953.000000 
User 0, Acc 4 Balance 872.000000, Withdraw 50.000000 
User 1, Acc 3 Balance 2818.000000, Withdraw 1127.000000 
User 0, Acc 5 Balance 3903.000000, Withdraw 50.000000 
User 0, Acc 6 Balance 4074.000000, Withdraw 50.000000 
User 4, Acc 4 Balance 1519.000000, Transfer 1200.000000 to Acc 7
User 5, Acc 1 Balance 145.000000, Withdraw 41.000000 
User 2, Acc 7 Balance 55319.000000, Deposit 967.000000 
User 5, Acc 2 Balance 920.000000, Withdraw 71.000000 
User 3, Acc 1 Balance 145.000000, Transfer 89.000000 to Acc 8
User 1, Acc 6 Balance 4074.000000, Withdraw 647.000000 
[22;32mUser 3, Acc 1 Balance 15.000000, 				Withdraw 41.000000 --insufficient funds[0m
User 2, Acc 1 Balance 104.000000, Transfer 19.000000 to Acc 7
User 5, Acc 3 Balance 1691.000000, Withdraw 1127.000000 
User 2, Acc 2 Balance 849.000000, Transfer 23.000000 to Acc 7
User 2, Acc 6 Balance 3377.000000, Transfer 1167.000000 to Acc 5
User 4, Acc 3 Balance 1691.000000, Deposit 653.000000 
User 2, Acc 4 Balance 269.000000, Transfer 53.000000 to Acc 5
User 2, Acc 7 Balance 57528.000000, Withdraw 1593.000000 
User 3, Acc 2 Balance 849.000000, Withdraw 71.000000 
User 2, Acc 8 Balance 1823.000000, Withdraw 449.000000 
User 3, Acc 3 Balance 1217.000000, Withdraw 1127.000000 
User 5, Acc 6 Balance 3377.000000, Withdraw 647.000000 
User 3, Acc 6 Balance 2210.000000, Withdraw 647.000000 
User 0, Acc 7 Balance 55319.000000, Withdraw 50.000000 
User 0, Acc 8 Balance 1374.000000, Withdraw 50.000000 
User 1, Acc 6 Balance 3377.000000, Deposit 953.000000 
User 0, Acc 9 Balance 8400.000000, Withdraw 50.000000 
User 1, Acc 7 Balance 55885.000000, Deposit 967.000000 
User 1, Acc 2 Balance 755.000000, Transfer 23.000000 to Acc 7
User 0, Acc 0 Balance 710.000000, Withdraw 50.000000 
User 0, Acc 0 Balance 660.000000, Deposit 400.000000 
User 0, Acc 0 Balance 1060.000000, Withdraw 200.000000 
User 0, Acc 1 Balance -4.000000, Deposit 100.000000 
User 0, Acc 2 Balance 732.000000, Deposit 900.000000 
User 0, Acc 1 Balance 96.000000, Withdraw 50.000000 
User 0, Acc 2 Balance 1632.000000, Withdraw 150.000000 
User 5, Acc 6 Balance 1563.000000, Deposit 953.000000 
User 5, Acc 7 Balance 56875.000000, Deposit 967.000000 
User 5, Acc 1 Balance 46.000000, Transfer 19.000000 to Acc 7
User 5, Acc 2 Balance 1482.000000, Transfer 23.000000 to Acc 7
User 5, Acc 6 Balance 2822.000000, Transfer 1167.000000 to Acc 5
User 5, Acc 4 Balance 216.000000, Transfer 53.000000 to Acc 5
User 5, Acc 7 Balance 57884.000000, Withdraw 1593.000000 
User 5, Acc 8 Balance 1324.000000, Withdraw 449.000000 
User 5, Acc 9 Balance 8350.000000, Withdraw 163.000000 
User 5, Acc 9 Balance 8187.000000, Deposit 617.000000 
User 5, Acc 9 Balance 8804.000000, Transfer 617.000000 to Acc 1
User 5, Acc 8 Balance 875.000000, Deposit 619.000000 
User 5, Acc 8 Balance 1494.000000, Transfer 619.000000 to Acc 2
User 5, Acc 7 Balance 56291.000000, Deposit 631.000000 
User 3, Acc 6 Balance 916.000000, Deposit 1953.000000 
User 2, Acc 9 Balance 8400.000000, Withdraw 163.000000 
User 3, Acc 7 Balance 56922.000000, Deposit 967.000000 
User 2, Acc 9 Balance 8024.000000, Deposit 617.000000 
User 0, Acc 3 Balance 90.000000, Deposit 500.000000 
User 2, Acc 9 Balance 8641.000000, Transfer 617.000000 to Acc 1
User 5, Acc 7 Balance 56922.000000, Transfer 631.000000 to Acc 3
User 1, Acc 6 Balance 1869.000000, Transfer 1167.000000 to Acc 5
User 5, Acc 6 Balance 3608.000000, Deposit 641.000000 
User 1, Acc 4 Balance 163.000000, Transfer 53.000000 to Acc 5
User 1, Acc 7 Balance 57258.000000, Withdraw 1593.000000 
User 5, Acc 6 Balance 3082.000000, Transfer 641.000000 to Acc 4
User 4, Acc 3 Balance 1217.000000, Transfer 1200.000000 to Acc 8
User 5, Acc 5 Balance 7513.000000, Deposit 643.000000 
User 4, Acc 2 Balance 2078.000000, Deposit 659.000000 
User 4, Acc 2 Balance 2737.000000, Transfer 1200.000000 to Acc 9
User 5, Acc 5 Balance 8156.000000, Transfer 1200.000000 to Acc 6
User 1, Acc 8 Balance 875.000000, Withdraw 449.000000 
User 5, Acc 4 Balance 751.000000, Deposit 647.000000 
User 3, Acc 1 Balance 644.000000, Transfer 19.000000 to Acc 7
User 5, Acc 4 Balance 1398.000000, Transfer 1200.000000 to Acc 7
User 3, Acc 2 Balance 1537.000000, Transfer 23.000000 to Acc 7
User 1, Acc 9 Balance 9224.000000, Withdraw 163.000000 
User 3, Acc 6 Balance 3641.000000, Transfer 1167.000000 to Acc 5
User 1, Acc 0 Balance 860.000000, Deposit 907.000000 
User 1, Acc 1 Balance 1242.000000, Deposit 911.000000 
User 4, Acc 1 Balance 1261.000000, Deposit 661.000000 
User 5, Acc 3 Balance 21.000000, Deposit 653.000000 
User 0, Acc 2 Balance 2078.000000, Transfer 300.000000 to Acc 1
User 5, Acc 2 Balance 1514.000000, Deposit 659.000000 
User 0, Acc 3 Balance 674.000000, Transfer 300.000000 to Acc 1
User 5, Acc 2 Balance 1873.000000, Transfer 1200.000000 to Acc 9
User 0, Acc 0 Balance 1767.000000, Deposit 400.000000 
User 4, Acc 1 Balance 2814.000000, Transfer 1200.000000 to Acc 9
User 2, Acc 8 Balance 875.000000, Deposit 619.000000 
User 1, Acc 2 Balance 1514.000000, Deposit 919.000000 
User 2, Acc 8 Balance 2245.000000, Transfer 619.000000 to Acc 2
User 0, Acc 3 Balance 374.000000, Withdraw 200.000000 
User 4, Acc 0 Balance 2167.000000, Deposit 673.000000 
Balance in 1: 2214.000000
User 0, Acc 0 Balance 2167.000000, Deposit 400.000000 
User 1, Acc 3 Balance 374.000000, Deposit 929.000000 
User 0, Acc 0 Balance 3240.000000, Withdraw 200.000000 
User 2, Acc 7 Balance 56907.000000, Deposit 631.000000 
User 0, Acc 1 Balance 2214.000000, Deposit 100.000000 
User 0, Acc 2 Balance 2211.000000, Deposit 900.000000 
User 0, Acc 1 Balance 2314.000000, Withdraw 50.000000 
User 0, Acc 2 Balance 3111.000000, Withdraw 150.000000 
User 0, Acc 3 Balance 1103.000000, Deposit 500.000000 
User 0, Acc 2 Balance 2961.000000, Transfer 300.000000 to Acc 1
User 0, Acc 3 Balance 1603.000000, Transfer 300.000000 to Acc 1
User 0, Acc 0 Balance 3040.000000, Deposit 400.000000 
User 0, Acc 3 Balance 1303.000000, Withdraw 200.000000 
Balance in 1: 2864.000000
User 0, Acc 0 Balance 3440.000000, Deposit 400.000000 
User 0, Acc 0 Balance 3840.000000, Withdraw 200.000000 
User 1, Acc 4 Balance 198.000000, Deposit 937.000000 
User 0, Acc 1 Balance 2864.000000, Deposit 100.000000 
User 1, Acc 5 Balance 8123.000000, Deposit 941.000000 
User 0, Acc 2 Balance 2661.000000, Deposit 900.000000 
User 4, Acc 0 Balance 2840.000000, Transfer 1200.000000 to Acc 9
User 0, Acc 1 Balance 2964.000000, Withdraw 50.000000 
User 2, Acc 7 Balance 57538.000000, Transfer 631.000000 to Acc 3
User 1, Acc 6 Balance 2474.000000, Deposit 953.000000 
User 2, Acc 6 Balance 2474.000000, Deposit 641.000000 
User 2, Acc 6 Balance 3115.000000, Transfer 641.000000 to Acc 4
User 3, Acc 4 Balance 198.000000, Transfer 53.000000 to Acc 5
User 2, Acc 5 Balance 9064.000000, Deposit 643.000000 
User 3, Acc 7 Balance 56907.000000, Withdraw 1593.000000 
User 2, Acc 5 Balance 9760.000000, Transfer 1200.000000 to Acc 6
User 3, Acc 8 Balance 1626.000000, Withdraw 449.000000 
User 2, Acc 4 Balance 1723.000000, Deposit 647.000000 
User 3, Acc 9 Balance 12661.000000, Withdraw 163.000000 
User 2, Acc 4 Balance 2370.000000, Transfer 1200.000000 to Acc 7
User 2, Acc 3 Balance 1734.000000, Deposit 653.000000 
User 1, Acc 7 Balance 56907.000000, Deposit 967.000000 
User 2, Acc 3 Balance 2387.000000, Transfer 1200.000000 to Acc 8
User 1, Acc 1 Balance 2914.000000, Transfer 19.000000 to Acc 7
User 5, Acc 1 Balance 3414.000000, Deposit 661.000000 
User 3, Acc 0 Balance 2440.000000, Deposit 400.000000 
User 5, Acc 1 Balance 3556.000000, Transfer 1200.000000 to Acc 9
User 3, Acc 0 Balance 2840.000000, Withdraw 200.000000 
User 0, Acc 2 Balance 3561.000000, Withdraw 150.000000 
User 1, Acc 2 Balance 3561.000000, Transfer 23.000000 to Acc 7
User 0, Acc 3 Balance 1187.000000, Deposit 500.000000 
User 0, Acc 2 Balance 3411.000000, Transfer 300.000000 to Acc 1
User 5, Acc 0 Balance 2840.000000, Deposit 673.000000 
User 2, Acc 2 Balance 3561.000000, Deposit 659.000000 
User 5, Acc 0 Balance 3313.000000, Transfer 1200.000000 to Acc 9
User 5, Acc 1 Balance 2656.000000, Withdraw 50.000000 
User 4, Acc 1 Balance 2964.000000, Withdraw 50.000000 
User 5, Acc 2 Balance 3747.000000, Withdraw 50.000000 
User 5, Acc 3 Balance 1687.000000, Withdraw 50.000000 
User 0, Acc 3 Balance 1687.000000, Transfer 300.000000 to Acc 1
User 2, Acc 2 Balance 3747.000000, Transfer 1200.000000 to Acc 9
User 0, Acc 0 Balance 2113.000000, Deposit 400.000000 
User 0, Acc 3 Balance 1337.000000, Withdraw 200.000000 
User 1, Acc 3 Balance 1687.000000, Transfer 29.000000 to Acc 7
Balance in 1: 2856.000000
User 4, Acc 2 Balance 3697.000000, Withdraw 50.000000 
User 0, Acc 1 Balance 2856.000000, Withdraw 500.000000 
User 2, Acc 1 Balance 2856.000000, Deposit 661.000000 
User 0, Acc 2 Balance 2447.000000, Withdraw 500.000000 
User 1, Acc 7 Balance 57552.000000, Transfer 31.000000 to Acc 6
User 0, Acc 3 Balance 1108.000000, Withdraw 500.000000 
User 3, Acc 1 Balance 2356.000000, Deposit 100.000000 
User 0, Acc 4 Balance 1170.000000, Withdraw 500.000000 
User 0, Acc 5 Balance 8560.000000, Withdraw 500.000000 
User 3, Acc 2 Balance 1947.000000, Deposit 900.000000 
User 0, Acc 6 Balance 4658.000000, Withdraw 500.000000 
User 3, Acc 1 Balance 3117.000000, Withdraw 50.000000 
User 1, Acc 7 Balance 57521.000000, Transfer 37.000000 to Acc 5
User 3, Acc 2 Balance 2847.000000, Withdraw 150.000000 
User 4, Acc 3 Balance 1108.000000, Withdraw 50.000000 
User 3, Acc 3 Balance 608.000000, Deposit 500.000000 
User 2, Acc 1 Balance 3017.000000, Transfer 1200.000000 to Acc 9
User 1, Acc 7 Balance 57484.000000, Transfer 3.000000 to Acc 4
User 1, Acc 7 Balance 57481.000000, Transfer 5.000000 to Acc 4
User 1, Acc 6 Balance 4158.000000, Transfer 67.000000 to Acc 5
User 1, Acc 4 Balance 678.000000, Transfer 53.000000 to Acc 5
User 1, Acc 1 Balance 1867.000000, Transfer 89.000000 to Acc 8
User 1, Acc 1 Balance 1778.000000, Transfer 163.000000 to Acc 9
User 1, Acc 1 Balance 1615.000000, Withdraw 41.000000 
User 1, Acc 2 Balance 2697.000000, Withdraw 71.000000 
User 1, Acc 3 Balance 1058.000000, Withdraw 127.000000 
User 1, Acc 4 Balance 625.000000, Withdraw 167.000000 
User 1, Acc 5 Balance 8217.000000, Withdraw 307.000000 
User 1, Acc 6 Balance 4091.000000, Withdraw 647.000000 
User 1, Acc 7 Balance 57476.000000, Withdraw 593.000000 
User 1, Acc 8 Balance 2466.000000, Withdraw 449.000000 
User 1, Acc 9 Balance 17461.000000, Withdraw 163.000000 
User 1, Acc 0 Balance 2513.000000, Deposit 907.000000 
User 3, Acc 2 Balance 2697.000000, Transfer 300.000000 to Acc 1
User 1, Acc 1 Balance 1574.000000, Deposit 911.000000 
User 5, Acc 4 Balance 1170.000000, Withdraw 50.000000 
User 1, Acc 2 Balance 2326.000000, Deposit 919.000000 
User 0, Acc 7 Balance 57521.000000, Withdraw 500.000000 
User 2, Acc 0 Balance 2513.000000, Deposit 673.000000 
User 3, Acc 3 Balance 931.000000, Transfer 300.000000 to Acc 1
User 2, Acc 0 Balance 4093.000000, Transfer 1200.000000 to Acc 9
User 3, Acc 0 Balance 4093.000000, Deposit 400.000000 
User 5, Acc 5 Balance 7910.000000, Withdraw 50.000000 
User 3, Acc 3 Balance 631.000000, Withdraw 200.000000 
User 5, Acc 6 Balance 3444.000000, Withdraw 50.000000 
Balance in 1: 3085.000000
User 5, Acc 7 Balance 56383.000000, Withdraw 50.000000 
User 5, Acc 8 Balance 2017.000000, Withdraw 50.000000 
User 0, Acc 8 Balance 2017.000000, Withdraw 500.000000 
User 4, Acc 4 Balance 670.000000, Withdraw 50.000000 
User 0, Acc 9 Balance 18498.000000, Withdraw 500.000000 
User 4, Acc 5 Balance 7860.000000, Withdraw 50.000000 
User 0, Acc 0 Balance 3293.000000, Withdraw 500.000000 
User 4, Acc 6 Balance 3394.000000, Withdraw 50.000000 
User 0, Acc 1 Balance 3085.000000, Withdraw 500.000000 
User 1, Acc 3 Balance 931.000000, Deposit 929.000000 
User 3, Acc 1 Balance 3085.000000, Withdraw 500.000000 
User 1, Acc 4 Balance 358.000000, Deposit 937.000000 
User 1, Acc 5 Balance 7810.000000, Deposit 941.000000 
User 1, Acc 6 Balance 3344.000000, Deposit 953.000000 
User 1, Acc 7 Balance 56333.000000, Deposit 967.000000 
User 1, Acc 1 Balance 2085.000000, Transfer 19.000000 to Acc 7
User 1, Acc 2 Balance 3245.000000, Transfer 23.000000 to Acc 7
User 1, Acc 3 Balance 1360.000000, Transfer 29.000000 to Acc 7
User 1, Acc 7 Balance 57371.000000, Transfer 31.000000 to Acc 6
User 1, Acc 7 Balance 57340.000000, Transfer 37.000000 to Acc 5
User 1, Acc 7 Balance 57303.000000, Transfer 3.000000 to Acc 4
User 1, Acc 7 Balance 57300.000000, Transfer 5.000000 to Acc 4
User 1, Acc 6 Balance 4328.000000, Transfer 67.000000 to Acc 5
User 1, Acc 4 Balance 1303.000000, Transfer 53.000000 to Acc 5
User 1, Acc 1 Balance 2066.000000, Transfer 89.000000 to Acc 8
User 1, Acc 1 Balance 1977.000000, Transfer 163.000000 to Acc 9
User 1, Acc 1 Balance 1814.000000, Withdraw 41.000000 
User 5, Acc 9 Balance 18498.000000, Withdraw 50.000000 
User 1, Acc 2 Balance 3222.000000, Withdraw 71.000000 
User 5, Acc 0 Balance 2793.000000, Withdraw 50.000000 
User 2, Acc 1 Balance 3085.000000, Withdraw 50.000000 
User 0, Acc 2 Balance 3245.000000, Withdraw 500.000000 
User 3, Acc 2 Balance 3245.000000, Withdraw 500.000000 
User 4, Acc 7 Balance 56333.000000, Withdraw 50.000000 
User 3, Acc 3 Balance 1331.000000, Withdraw 500.000000 
User 3, Acc 4 Balance 1250.000000, Withdraw 500.000000 
User 5, Acc 0 Balance 2743.000000, Deposit 907.000000 
User 2, Acc 2 Balance 3151.000000, Withdraw 50.000000 
User 0, Acc 3 Balance 1331.000000, Withdraw 500.000000 
User 1, Acc 3 Balance 1331.000000, Withdraw 127.000000 
User 0, Acc 4 Balance 750.000000, Withdraw 500.000000 
User 0, Acc 5 Balance 8908.000000, Withdraw 500.000000 
User 3, Acc 5 Balance 8908.000000, Withdraw 500.000000 
User 5, Acc 1 Balance 1723.000000, Deposit 911.000000 
User 5, Acc 2 Balance 2101.000000, Deposit 919.000000 
User 4, Acc 8 Balance 1556.000000, Withdraw 50.000000 
User 5, Acc 3 Balance 204.000000, Deposit 929.000000 
User 1, Acc 4 Balance 250.000000, Withdraw 167.000000 
User 5, Acc 4 Balance 250.000000, Deposit 937.000000 
User 2, Acc 3 Balance 831.000000, Withdraw 50.000000 
User 5, Acc 5 Balance 7908.000000, Deposit 941.000000 
User 2, Acc 4 Balance 1020.000000, Withdraw 50.000000 
User 2, Acc 5 Balance 7908.000000, Withdraw 50.000000 
User 2, Acc 6 Balance 4261.000000, Withdraw 50.000000 
User 1, Acc 5 Balance 7908.000000, Withdraw 307.000000 
User 3, Acc 6 Balance 4261.000000, Withdraw 500.000000 
User 4, Acc 9 Balance 18111.000000, Withdraw 50.000000 
User 3, Acc 7 Balance 57245.000000, Withdraw 500.000000 
User 3, Acc 8 Balance 1506.000000, Withdraw 500.000000 
User 5, Acc 6 Balance 4261.000000, Deposit 953.000000 
User 2, Acc 7 Balance 57245.000000, Withdraw 50.000000 
User 1, Acc 6 Balance 4211.000000, Withdraw 647.000000 
User 2, Acc 8 Balance 1006.000000, Withdraw 50.000000 
User 1, Acc 7 Balance 56695.000000, Withdraw 593.000000 
User 4, Acc 0 Balance 3650.000000, Withdraw 50.000000 
User 1, Acc 8 Balance 956.000000, Withdraw 449.000000 
User 5, Acc 7 Balance 56745.000000, Deposit 967.000000 
User 2, Acc 9 Balance 18061.000000, Withdraw 50.000000 
User 5, Acc 1 Balance 2634.000000, Transfer 19.000000 to Acc 7
User 3, Acc 9 Balance 18061.000000, Withdraw 500.000000 
User 1, Acc 9 Balance 18061.000000, Withdraw 163.000000 
User 3, Acc 0 Balance 3600.000000, Withdraw 500.000000 
User 1, Acc 0 Balance 3600.000000, Deposit 907.000000 
User 1, Acc 1 Balance 2615.000000, Deposit 911.000000 
User 3, Acc 1 Balance 2615.000000, Withdraw 500.000000 
User 1, Acc 2 Balance 3020.000000, Deposit 919.000000 
User 3, Acc 2 Balance 3020.000000, Withdraw 500.000000 
User 0, Acc 6 Balance 4261.000000, Withdraw 500.000000 
User 2, Acc 0 Balance 3600.000000, Withdraw 50.000000 
User 0, Acc 7 Balance 57088.000000, Withdraw 500.000000 
User 2, Acc 1 Balance 3026.000000, Withdraw 500.000000 
User 0, Acc 8 Balance 507.000000, Withdraw 500.000000 
User 0, Acc 9 Balance 17348.000000, Withdraw 500.000000 
User 4, Acc 0 Balance 3600.000000, Deposit 907.000000 
User 0, Acc 0 Balance 3957.000000, Withdraw 500.000000 
User 1, Acc 3 Balance 1083.000000, Deposit 929.000000 
User 0, Acc 1 Balance 2526.000000, Withdraw 500.000000 
User 2, Acc 2 Balance 3439.000000, Withdraw 500.000000 
User 3, Acc 3 Balance 1083.000000, Withdraw 500.000000 
User 2, Acc 3 Balance 2012.000000, Withdraw 500.000000 
User 3, Acc 4 Balance 970.000000, Withdraw 500.000000 
User 4, Acc 1 Balance 2526.000000, Deposit 911.000000 
User 1, Acc 4 Balance 970.000000, Deposit 937.000000 
User 4, Acc 2 Balance 2939.000000, Deposit 919.000000 
User 1, Acc 5 Balance 8492.000000, Deposit 941.000000 
User 4, Acc 3 Balance 1012.000000, Deposit 929.000000 
User 1, Acc 6 Balance 3517.000000, Deposit 953.000000 
User 4, Acc 4 Balance 1407.000000, Deposit 937.000000 
User 1, Acc 7 Balance 56588.000000, Deposit 967.000000 
User 4, Acc 5 Balance 9433.000000, Deposit 941.000000 
User 1, Acc 1 Balance 2937.000000, Transfer 19.000000 to Acc 7
User 4, Acc 6 Balance 4470.000000, Deposit 953.000000 
User 1, Acc 2 Balance 3858.000000, Transfer 23.000000 to Acc 7
User 4, Acc 7 Balance 57574.000000, Deposit 967.000000 
User 1, Acc 3 Balance 1941.000000, Transfer 29.000000 to Acc 7
User 4, Acc 1 Balance 2918.000000, Transfer 19.000000 to Acc 7
User 1, Acc 7 Balance 58593.000000, Transfer 31.000000 to Acc 6
User 4, Acc 2 Balance 3835.000000, Transfer 23.000000 to Acc 7
User 1, Acc 7 Balance 58581.000000, Transfer 37.000000 to Acc 5
User 4, Acc 3 Balance 1912.000000, Transfer 29.000000 to Acc 7
User 1, Acc 7 Balance 58567.000000, Transfer 3.000000 to Acc 4
User 4, Acc 7 Balance 58596.000000, Transfer 31.000000 to Acc 6
User 1, Acc 7 Balance 58593.000000, Transfer 5.000000 to Acc 4
User 4, Acc 7 Balance 58562.000000, Transfer 37.000000 to Acc 5
User 1, Acc 6 Balance 5485.000000, Transfer 67.000000 to Acc 5
User 4, Acc 7 Balance 58520.000000, Transfer 3.000000 to Acc 4
User 4, Acc 7 Balance 58517.000000, Transfer 5.000000 to Acc 4
User 4, Acc 6 Balance 5418.000000, Transfer 67.000000 to Acc 5
User 4, Acc 4 Balance 2360.000000, Transfer 53.000000 to Acc 5
User 4, Acc 1 Balance 2899.000000, Transfer 89.000000 to Acc 8
User 4, Acc 1 Balance 2810.000000, Transfer 163.000000 to Acc 9
User 4, Acc 1 Balance 2647.000000, Withdraw 41.000000 
User 4, Acc 2 Balance 3812.000000, Withdraw 71.000000 
User 4, Acc 3 Balance 1883.000000, Withdraw 127.000000 
User 3, Acc 5 Balance 8492.000000, Withdraw 500.000000 
User 0, Acc 2 Balance 3439.000000, Withdraw 500.000000 
User 5, Acc 2 Balance 3020.000000, Transfer 23.000000 to Acc 7
User 2, Acc 4 Balance 970.000000, Withdraw 500.000000 
User 1, Acc 4 Balance 2352.000000, Transfer 53.000000 to Acc 5
User 2, Acc 5 Balance 10135.000000, Withdraw 500.000000 
User 2, Acc 6 Balance 5351.000000, Withdraw 500.000000 
User 3, Acc 6 Balance 5351.000000, Withdraw 500.000000 
User 3, Acc 7 Balance 58535.000000, Withdraw 500.000000 
[22;32mUser 3, Acc 8 Balance 96.000000, 				Withdraw 500.000000 --insufficient funds[0m
User 3, Acc 9 Balance 17011.000000, Withdraw 500.000000 
User 0, Acc 3 Balance 1756.000000, Withdraw 500.000000 
User 0, Acc 4 Balance 1754.000000, Withdraw 500.000000 
User 0, Acc 5 Balance 9688.000000, Withdraw 500.000000 
User 0, Acc 6 Balance 4351.000000, Withdraw 500.000000 
User 0, Acc 7 Balance 58035.000000, Withdraw 500.000000 
[22;32mUser 0, Acc 8 Balance 96.000000, 				Withdraw 500.000000 --insufficient funds[0m
User 0, Acc 9 Balance 16511.000000, Withdraw 500.000000 
User 2, Acc 7 Balance 58535.000000, Withdraw 500.000000 
User 5, Acc 3 Balance 1756.000000, Transfer 29.000000 to Acc 7
User 5, Acc 7 Balance 57064.000000, Transfer 31.000000 to Acc 6
User 4, Acc 4 Balance 2307.000000, Withdraw 167.000000 
User 5, Acc 7 Balance 57033.000000, Transfer 37.000000 to Acc 5
User 1, Acc 1 Balance 2606.000000, Transfer 89.000000 to Acc 8
User 1, Acc 1 Balance 2517.000000, Transfer 163.000000 to Acc 9
User 1, Acc 1 Balance 2354.000000, Withdraw 41.000000 
User 1, Acc 2 Balance 3218.000000, Withdraw 71.000000 
User 1, Acc 3 Balance 1227.000000, Withdraw 127.000000 
User 1, Acc 4 Balance 1087.000000, Withdraw 167.000000 
User 1, Acc 5 Balance 9225.000000, Withdraw 307.000000 
User 1, Acc 6 Balance 3882.000000, Withdraw 647.000000 
User 1, Acc 7 Balance 56996.000000, Withdraw 593.000000 
[22;32mUser 1, Acc 8 Balance 185.000000, 				Withdraw 449.000000 --insufficient funds[0m
User 1, Acc 9 Balance 16174.000000, Withdraw 163.000000 
User 1, Acc 1 Balance 2313.000000, Withdraw 500.000000 
User 1, Acc 2 Balance 3147.000000, Withdraw 500.000000 
User 1, Acc 3 Balance 1100.000000, Withdraw 500.000000 
User 1, Acc 4 Balance 920.000000, Withdraw 500.000000 
User 1, Acc 5 Balance 8918.000000, Withdraw 500.000000 
User 1, Acc 6 Balance 3235.000000, Withdraw 500.000000 
User 1, Acc 7 Balance 56403.000000, Withdraw 500.000000 
[22;32mUser 1, Acc 8 Balance 185.000000, 				Withdraw 500.000000 --insufficient funds[0m
User 1, Acc 9 Balance 16011.000000, Withdraw 500.000000 
User 1, Acc 0 Balance 4364.000000, Withdraw 500.000000 
User 1, Acc 1 Balance 1813.000000, Withdraw 500.000000 
User 1, Acc 2 Balance 2647.000000, Withdraw 500.000000 
User 1, Acc 3 Balance 600.000000, Withdraw 500.000000 
[22;32mUser 1, Acc 4 Balance 420.000000, 				Withdraw 500.000000 --insufficient funds[0m
User 1, Acc 5 Balance 8418.000000, Withdraw 500.000000 
User 1, Acc 6 Balance 2735.000000, Withdraw 500.000000 
User 1, Acc 7 Balance 55903.000000, Withdraw 500.000000 
User 3, Acc 0 Balance 4364.000000, Withdraw 500.000000 
User 3, Acc 1 Balance 1313.000000, Withdraw 500.000000 
User 3, Acc 2 Balance 2147.000000, Withdraw 500.000000 
[22;32mUser 3, Acc 3 Balance 100.000000, 				Withdraw 500.000000 --insufficient funds[0m
[22;32mUser 3, Acc 4 Balance 420.000000, 				Withdraw 500.000000 --insufficient funds[0m
User 3, Acc 5 Balance 7918.000000, Withdraw 500.000000 
User 3, Acc 6 Balance 2235.000000, Withdraw 500.000000 
User 3, Acc 7 Balance 55403.000000, Withdraw 500.000000 
[22;32mUser 3, Acc 8 Balance 185.000000, 				Withdraw 500.000000 --insufficient funds[0m
User 3, Acc 9 Balance 15511.000000, Withdraw 500.000000 
User 3, Acc 0 Balance 3364.000000, Withdraw 500.000000 
User 3, Acc 1 Balance 813.000000, Withdraw 500.000000 
User 3, Acc 2 Balance 1647.000000, Withdraw 500.000000 
[22;32mUser 3, Acc 3 Balance 100.000000, 				Withdraw 500.000000 --insufficient funds[0m
[22;32mUser 3, Acc 4 Balance 420.000000, 				Withdraw 500.000000 --insufficient funds[0m
User 3, Acc 5 Balance 7418.000000, Withdraw 500.000000 
User 3, Acc 6 Balance 1735.000000, Withdraw 500.000000 
User 3, Acc 7 Balance 54903.000000, Withdraw 500.000000 
[22;32mUser 3, Acc 8 Balance 185.000000, 				Withdraw 500.000000 --insufficient funds[0m
User 3, Acc 9 Balance 15011.000000, Withdraw 500.000000 
User 3, Acc 0 Balance 2864.000000, Withdraw 500.000000 
[22;32mUser 3, Acc 1 Balance 313.000000, 				Withdraw 500.000000 --insufficient funds[0m
User 3, Acc 2 Balance 1147.000000, Withdraw 500.000000 
[22;32mUser 3, Acc 3 Balance 100.000000, 				Withdraw 500.000000 --insufficient funds[0m
[22;32mUser 3, Acc 4 Balance 420.000000, 				Withdraw 500.000000 --insufficient funds[0m
User 3, Acc 5 Balance 6918.000000, Withdraw 500.000000 
User 3, Acc 6 Balance 1235.000000, Withdraw 500.000000 
User 3, Acc 7 Balance 54403.000000, Withdraw 500.000000 
[22;32mUser 3, Acc 8 Balance 185.000000, 				Withdraw 500.000000 --insufficient funds[0m
User 3, Acc 9 Balance 14511.000000, Withdraw 500.000000 
User 3, Acc 0 Balance 2364.000000, Withdraw 500.000000 
[22;32mUser 3, Acc 1 Balance 313.000000, 				Withdraw 500.000000 --insufficient funds[0m
User 3, Acc 2 Balance 647.000000, Withdraw 500.000000 
[22;32mUser 3, Acc 3 Balance 100.000000, 				Withdraw 500.000000 --insufficient funds[0m
[22;32mUser 3, Acc 4 Balance 420.000000, 				Withdraw 500.000000 --insufficient funds[0m
User 3, Acc 5 Balance 6418.000000, Withdraw 500.000000 
User 3, Acc 6 Balance 735.000000, Withdraw 500.000000 
User 3, Acc 7 Balance 53903.000000, Withdraw 500.000000 
[22;32mUser 3, Acc 8 Balance 185.000000, 				Withdraw 500.000000 --insufficient funds[0m
User 5, Acc 7 Balance 56996.000000, Transfer 3.000000 to Acc 4
User 0, Acc 0 Balance 4364.000000, Withdraw 500.000000 
User 5, Acc 7 Balance 53400.000000, Transfer 5.000000 to Acc 4
User 5, Acc 6 Balance 235.000000, Transfer 67.000000 to Acc 5
[22;32mUser 1, Acc 8 Balance 185.000000, 				Withdraw 500.000000 --insufficient funds[0m
User 5, Acc 4 Balance 428.000000, Transfer 53.000000 to Acc 5
User 3, Acc 9 Balance 14011.000000, Withdraw 500.000000 
[22;32mUser 2, Acc 8 Balance 96.000000, 				Withdraw 500.000000 --insufficient funds[0m
User 3, Acc 0 Balance 1364.000000, Withdraw 500.000000 
User 2, Acc 9 Balance 13511.000000, Withdraw 500.000000 
User 2, Acc 0 Balance 864.000000, Withdraw 500.000000 
[22;32mUser 2, Acc 1 Balance 313.000000, 				Withdraw 500.000000 --insufficient funds[0m
[22;32mUser 2, Acc 2 Balance 147.000000, 				Withdraw 500.000000 --insufficient funds[0m
[22;32mUser 2, Acc 3 Balance 100.000000, 				Withdraw 500.000000 --insufficient funds[0m
[22;32mUser 2, Acc 4 Balance 375.000000, 				Withdraw 500.000000 --insufficient funds[0m
User 1, Acc 9 Balance 14011.000000, Withdraw 500.000000 
User 2, Acc 5 Balance 6038.000000, Withdraw 500.000000 
[22;32mUser 2, Acc 6 Balance 168.000000, 				Withdraw 500.000000 --insufficient funds[0m
User 4, Acc 5 Balance 9225.000000, Withdraw 307.000000 
[22;32mUser 1, Acc 0 Balance 364.000000, 				Withdraw 500.000000 --insufficient funds[0m
[22;32mUser 4, Acc 6 Balance 168.000000, 				Withdraw 647.000000 --insufficient funds[0m
[22;32mUser 1, Acc 1 Balance 313.000000, 				Withdraw 500.000000 --insufficient funds[0m
[22;32mUser 1, Acc 2 Balance 147.000000, 				Withdraw 500.000000 --insufficient funds[0m
User 4, Acc 7 Balance 53395.000000, Withdraw 593.000000 
User 5, Acc 1 Balance 313.000000, Transfer 89.000000 to Acc 8
User 2, Acc 7 Balance 53395.000000, Withdraw 500.000000 
User 5, Acc 1 Balance 224.000000, Transfer 163.000000 to Acc 9
User 5, Acc 1 Balance 61.000000, Withdraw 41.000000 
User 5, Acc 2 Balance 147.000000, Withdraw 71.000000 
[22;32mUser 5, Acc 3 Balance 100.000000, 				Withdraw 127.000000 --insufficient funds[0m
User 5, Acc 4 Balance 375.000000, Withdraw 167.000000 
User 5, Acc 5 Balance 5231.000000, Withdraw 307.000000 
[22;32mUser 5, Acc 6 Balance 168.000000, 				Withdraw 647.000000 --insufficient funds[0m
User 5, Acc 7 Balance 52302.000000, Withdraw 593.000000 
[22;32mUser 5, Acc 8 Balance 274.000000, 				Withdraw 449.000000 --insufficient funds[0m
[22;32mUser 4, Acc 8 Balance 185.000000, 				Withdraw 449.000000 --insufficient funds[0m
User 5, Acc 9 Balance 12674.000000, Withdraw 163.000000 
[22;32mUser 2, Acc 8 Balance 274.000000, 				Withdraw 500.000000 --insufficient funds[0m
[22;32mUser 1, Acc 3 Balance 100.000000, 				Withdraw 500.000000 --insufficient funds[0m
User 2, Acc 9 Balance 12511.000000, Withdraw 500.000000 
[22;32mUser 2, Acc 0 Balance 364.000000, 				Withdraw 500.000000 --insufficient funds[0m
[22;32mUser 1, Acc 4 Balance 208.000000, 				Withdraw 500.000000 --insufficient funds[0m
[22;32mUser 2, Acc 1 Balance 20.000000, 				Withdraw 500.000000 --insufficient funds[0m
User 4, Acc 9 Balance 12674.000000, Withdraw 163.000000 
[22;32mUser 2, Acc 2 Balance 76.000000, 				Withdraw 500.000000 --insufficient funds[0m
User 1, Acc 5 Balance 4924.000000, Withdraw 500.000000 
[22;32mUser 1, Acc 6 Balance 168.000000, 				Withdraw 500.000000 --insufficient funds[0m
User 1, Acc 7 Balance 51709.000000, Withdraw 500.000000 
[22;32mUser 1, Acc 8 Balance 274.000000, 				Withdraw 500.000000 --insufficient funds[0m
User 1, Acc 9 Balance 11848.000000, Withdraw 500.000000 
[22;32mUser 1, Acc 0 Balance 364.000000, 				Withdraw 500.000000 --insufficient funds[0m
[22;32mUser 2, Acc 3 Balance 100.000000, 				Withdraw 500.000000 --insufficient funds[0m
[22;32mUser 2, Acc 4 Balance 208.000000, 				Withdraw 500.000000 --insufficient funds[0m
User 2, Acc 5 Balance 4424.000000, Withdraw 500.000000 
[22;32mUser 2, Acc 6 Balance 168.000000, 				Withdraw 500.000000 --insufficient funds[0m
User 2, Acc 7 Balance 51209.000000, Withdraw 500.000000 
[22;32mUser 2, Acc 8 Balance 274.000000, 				Withdraw 500.000000 --insufficient funds[0m
User 2, Acc 9 Balance 11348.000000, Withdraw 500.000000 
[22;32mUser 2, Acc 0 Balance 364.000000, 				Withdraw 500.000000 --insufficient funds[0m
  ***     End of transaction batch    ***  
Account 0 balance after completion of transaction batch: 364.000000
Account 1 balance after completion of transaction batch: 20.000000
Account 2 balance after completion of transaction batch: 76.000000
Account 3 balance after completion of transaction batch: 100.000000
Account 4 balance after completion of transaction batch: 208.000000
Account 5 balance after completion of transaction batch: 3924.000000
Account 6 balance after completion of transaction batch: 168.000000
Account 7 balance after completion of transaction batch: 50709.000000
Account 8 balance after completion of transaction batch: 274.000000
Account 9 balance after completion of transaction batch: 10848.000000
