# Output generated by:
# ./my_executable 6 data/transactions11.txt data/transactions6.txt data/transactions8.txt data/transactions2.txt data/transactions10.txt data/transactions5.txt

********************************************
   Reading and parsing a transaction file   
********************************************
Parsed transaction: deposit 9 617.000000 
Loaded deposit transaction
Parsed transaction: transfer 9 9 617.000000 
Loaded transfer transaction
Parsed transaction: deposit 8 619.000000 
Loaded deposit transaction
Parsed transaction: transfer 8 2 619.000000 
Loaded transfer transaction
Parsed transaction: deposit 7 631.000000 
Loaded deposit transaction
Parsed transaction: transfer 7 3 631.000000 
Loaded transfer transaction
Parsed transaction: deposit 6 641.000000 
Loaded deposit transaction
Parsed transaction: transfer 6 4 641.000000 
Loaded transfer transaction
Parsed transaction: deposit 5 643.000000 
Loaded deposit transaction
Parsed transaction: transfer 5 6 1200.000000 
Loaded transfer transaction
Parsed transaction: deposit 4 647.000000 
Loaded deposit transaction
Parsed transaction: transfer 4 7 1200.000000 
Loaded transfer transaction
Parsed transaction: deposit 3 653.000000 
Loaded deposit transaction
Parsed transaction: transfer 3 8 1200.000000 
Loaded transfer transaction
Parsed transaction: deposit 2 659.000000 
Loaded deposit transaction
Parsed transaction: transfer 2 9 1200.000000 
Loaded transfer transaction
Parsed transaction: deposit 1 661.000000 
Loaded deposit transaction
Parsed transaction: transfer 1 9 1200.000000 
Loaded transfer transaction
Parsed transaction: deposit 0 673.000000 
Loaded deposit transaction
Parsed transaction: transfer 0 9 1200.000000 
Loaded transfer transaction
Parsed transaction: withdraw 1 50.000000 
Loaded withdrawal transaction
Parsed transaction: withdraw 2 50.000000 
Loaded withdrawal transaction
Parsed transaction: withdraw 3 50.000000 
Loaded withdrawal transaction
Parsed transaction: withdraw 4 50.000000 
Loaded withdrawal transaction
Parsed transaction: withdraw 5 50.000000 
Loaded withdrawal transaction
Parsed transaction: withdraw 6 50.000000 
Loaded withdrawal transaction
Parsed transaction: withdraw 7 50.000000 
Loaded withdrawal transaction
Parsed transaction: withdraw 8 50.000000 
Loaded withdrawal transaction
Parsed transaction: withdraw 9 50.000000 
Loaded withdrawal transaction
Parsed transaction: withdraw 0 50.000000 
Loaded withdrawal transaction
********************************************
********************************************
   Reading and parsing a transaction file   
********************************************
Parsed transaction: deposit 0 7.000000 
Loaded deposit transaction
Parsed transaction: deposit 1 11.000000 
Loaded deposit transaction
Parsed transaction: deposit 2 9.000000 
Loaded deposit transaction
Parsed transaction: transfer 3 7 29.000000 
Loaded transfer transaction
Parsed transaction: transfer 7 6 31.000000 
Loaded transfer transaction
Parsed transaction: transfer 7 5 137.000000 
Loaded transfer transaction
Parsed transaction: transfer 7 4 3.000000 
Loaded transfer transaction
Parsed transaction: transfer 7 4 5.000000 
Loaded transfer transaction
Parsed transaction: deposit 3 929.000000 
Loaded deposit transaction
Parsed transaction: deposit 4 937.000000 
Loaded deposit transaction
Parsed transaction: deposit 5 941.000000 
Loaded deposit transaction
Parsed transaction: withdraw 4 1167.000000 
Loaded withdrawal transaction
Parsed transaction: withdraw 5 1307.000000 
Loaded withdrawal transaction
Parsed transaction: transfer 1 8 89.000000 
Loaded transfer transaction
Parsed transaction: transfer 1 9 163.000000 
Loaded transfer transaction
Parsed transaction: withdraw 1 41.000000 
Loaded withdrawal transaction
Parsed transaction: withdraw 2 71.000000 
Loaded withdrawal transaction
Parsed transaction: withdraw 3 1127.000000 
Loaded withdrawal transaction
Parsed transaction: withdraw 6 647.000000 
Loaded withdrawal transaction
Parsed transaction: deposit 6 953.000000 
Loaded deposit transaction
Parsed transaction: deposit 7 967.000000 
Loaded deposit transaction
Parsed transaction: transfer 1 7 19.000000 
Loaded transfer transaction
Parsed transaction: transfer 2 7 23.000000 
Loaded transfer transaction
Parsed transaction: transfer 6 5 1167.000000 
Loaded transfer transaction
Parsed transaction: transfer 4 5 53.000000 
Loaded transfer transaction
Parsed transaction: withdraw 7 1593.000000 
Loaded withdrawal transaction
Parsed transaction: withdraw 8 449.000000 
Loaded withdrawal transaction
Parsed transaction: withdraw 9 163.000000 
Loaded withdrawal transaction
********************************************
********************************************
   Reading and parsing a transaction file   
********************************************
Parsed transaction: deposit 9 617.000000 
Loaded deposit transaction
Parsed transaction: transfer 9 1 617.000000 
Loaded transfer transaction
Parsed transaction: deposit 8 619.000000 
Loaded deposit transaction
Parsed transaction: transfer 8 2 619.000000 
Loaded transfer transaction
Parsed transaction: deposit 7 631.000000 
Loaded deposit transaction
Parsed transaction: transfer 7 3 631.000000 
Loaded transfer transaction
Parsed transaction: deposit 6 641.000000 
Loaded deposit transaction
Parsed transaction: transfer 6 4 641.000000 
Loaded transfer transaction
Parsed transaction: deposit 5 643.000000 
Loaded deposit transaction
Parsed transaction: transfer 5 6 1200.000000 
Loaded transfer transaction
Parsed transaction: deposit 4 647.000000 
Loaded deposit transaction
Parsed transaction: transfer 4 7 1200.000000 
Loaded transfer transaction
Parsed transaction: deposit 3 653.000000 
Loaded deposit transaction
Parsed transaction: transfer 3 8 1200.000000 
Loaded transfer transaction
Parsed transaction: deposit 2 659.000000 
Loaded deposit transaction
Parsed transaction: transfer 2 9 1200.000000 
Loaded transfer transaction
Parsed transaction: deposit 1 661.000000 
Loaded deposit transaction
Parsed transaction: transfer 1 9 1200.000000 
Loaded transfer transaction
Parsed transaction: deposit 0 673.000000 
Loaded deposit transaction
Parsed transaction: transfer 0 9 1200.000000 
Loaded transfer transaction
********************************************
********************************************
   Reading and parsing a transaction file   
********************************************
Parsed transaction: deposit 0 400.000000 
Loaded deposit transaction
Parsed transaction: withdraw 0 200.000000 
Loaded withdrawal transaction
Parsed transaction: deposit 0 100.000000 
Loaded deposit transaction
Parsed transaction: withdraw 0 50.000000 
Loaded withdrawal transaction
Parsed transaction: withdraw 0 150.000000 
Loaded withdrawal transaction
Parsed transaction: deposit 0 300.000000 
Loaded deposit transaction
Parsed transaction: transfer 0 1 300.000000 
Loaded transfer transaction
Parsed transaction: balance 1 
Loaded balance transaction
********************************************
********************************************
   Reading and parsing a transaction file   
********************************************
Parsed transaction: withdraw 1 500.000000 
Loaded withdrawal transaction
Parsed transaction: withdraw 2 500.000000 
Loaded withdrawal transaction
Parsed transaction: withdraw 3 500.000000 
Loaded withdrawal transaction
Parsed transaction: withdraw 4 500.000000 
Loaded withdrawal transaction
Parsed transaction: withdraw 5 500.000000 
Loaded withdrawal transaction
Parsed transaction: withdraw 6 500.000000 
Loaded withdrawal transaction
Parsed transaction: withdraw 7 500.000000 
Loaded withdrawal transaction
Parsed transaction: withdraw 8 500.000000 
Loaded withdrawal transaction
Parsed transaction: withdraw 9 500.000000 
Loaded withdrawal transaction
Parsed transaction: withdraw 0 500.000000 
Loaded withdrawal transaction
Parsed transaction: withdraw 1 500.000000 
Loaded withdrawal transaction
Parsed transaction: withdraw 2 500.000000 
Loaded withdrawal transaction
Parsed transaction: withdraw 3 500.000000 
Loaded withdrawal transaction
Parsed transaction: withdraw 4 500.000000 
Loaded withdrawal transaction
Parsed transaction: withdraw 5 500.000000 
Loaded withdrawal transaction
Parsed transaction: withdraw 6 500.000000 
Loaded withdrawal transaction
Parsed transaction: withdraw 7 500.000000 
Loaded withdrawal transaction
Parsed transaction: withdraw 8 500.000000 
Loaded withdrawal transaction
Parsed transaction: withdraw 9 500.000000 
Loaded withdrawal transaction
Parsed transaction: withdraw 0 500.000000 
Loaded withdrawal transaction
Parsed transaction: withdraw 1 500.000000 
Loaded withdrawal transaction
Parsed transaction: withdraw 2 500.000000 
Loaded withdrawal transaction
Parsed transaction: withdraw 3 500.000000 
Loaded withdrawal transaction
Parsed transaction: withdraw 4 500.000000 
Loaded withdrawal transaction
Parsed transaction: withdraw 5 500.000000 
Loaded withdrawal transaction
Parsed transaction: withdraw 6 500.000000 
Loaded withdrawal transaction
Parsed transaction: withdraw 7 500.000000 
Loaded withdrawal transaction
Parsed transaction: withdraw 8 500.000000 
Loaded withdrawal transaction
Parsed transaction: withdraw 9 500.000000 
Loaded withdrawal transaction
Parsed transaction: withdraw 0 500.000000 
Loaded withdrawal transaction
********************************************
********************************************
   Reading and parsing a transaction file   
********************************************
Parsed transaction: deposit 0 907.000000 
Loaded deposit transaction
Parsed transaction: deposit 1 911.000000 
Loaded deposit transaction
Parsed transaction: deposit 2 919.000000 
Loaded deposit transaction
Parsed transaction: transfer 3 7 29.000000 
Loaded transfer transaction
Parsed transaction: transfer 7 6 31.000000 
Loaded transfer transaction
Parsed transaction: transfer 7 5 37.000000 
Loaded transfer transaction
Parsed transaction: transfer 7 4 3.000000 
Loaded transfer transaction
Parsed transaction: transfer 7 4 5.000000 
Loaded transfer transaction
Parsed transaction: deposit 3 929.000000 
Loaded deposit transaction
Parsed transaction: deposit 4 937.000000 
Loaded deposit transaction
Parsed transaction: deposit 5 941.000000 
Loaded deposit transaction
Parsed transaction: withdraw 4 167.000000 
Loaded withdrawal transaction
Parsed transaction: withdraw 5 307.000000 
Loaded withdrawal transaction
Parsed transaction: transfer 1 8 89.000000 
Loaded transfer transaction
Parsed transaction: transfer 1 9 163.000000 
Loaded transfer transaction
Parsed transaction: withdraw 1 41.000000 
Loaded withdrawal transaction
Parsed transaction: withdraw 2 71.000000 
Loaded withdrawal transaction
Parsed transaction: withdraw 3 127.000000 
Loaded withdrawal transaction
Parsed transaction: withdraw 6 647.000000 
Loaded withdrawal transaction
Parsed transaction: deposit 6 953.000000 
Loaded deposit transaction
Parsed transaction: deposit 7 967.000000 
Loaded deposit transaction
Parsed transaction: transfer 1 7 19.000000 
Loaded transfer transaction
Parsed transaction: transfer 2 7 23.000000 
Loaded transfer transaction
Parsed transaction: transfer 6 5 67.000000 
Loaded transfer transaction
Parsed transaction: transfer 4 5 53.000000 
Loaded transfer transaction
Parsed transaction: withdraw 7 593.000000 
Loaded withdrawal transaction
Parsed transaction: withdraw 8 449.000000 
Loaded withdrawal transaction
Parsed transaction: withdraw 9 163.000000 
Loaded withdrawal transaction
********************************************
  ***    Start of transaction batch    ***  
User 0, Acc 9 Balance 0.000000, Deposit 617.000000 
User 0, Acc 9 Balance 617.000000, Transfer 617.000000 to Acc 9
User 0, Acc 8 Balance 0.000000, Deposit 619.000000 
User 0, Acc 8 Balance 619.000000, Transfer 619.000000 to Acc 2
User 0, Acc 7 Balance 0.000000, Deposit 631.000000 
User 0, Acc 7 Balance 631.000000, Transfer 631.000000 to Acc 3
User 0, Acc 6 Balance 0.000000, Deposit 641.000000 
User 0, Acc 6 Balance 641.000000, Transfer 641.000000 to Acc 4
User 0, Acc 5 Balance 0.000000, Deposit 643.000000 
User 0, Acc 4 Balance 641.000000, Deposit 647.000000 
User 0, Acc 4 Balance 1288.000000, Transfer 1200.000000 to Acc 7
User 0, Acc 3 Balance 631.000000, Deposit 653.000000 
User 0, Acc 3 Balance 1284.000000, Transfer 1200.000000 to Acc 8
User 0, Acc 2 Balance 619.000000, Deposit 659.000000 
User 0, Acc 2 Balance 1278.000000, Transfer 1200.000000 to Acc 9
User 0, Acc 1 Balance 0.000000, Deposit 661.000000 
User 0, Acc 0 Balance 0.000000, Deposit 673.000000 
User 0, Acc 1 Balance 661.000000, Withdraw 50.000000 
User 0, Acc 2 Balance 78.000000, Withdraw 50.000000 
User 0, Acc 3 Balance 84.000000, Withdraw 50.000000 
User 0, Acc 4 Balance 88.000000, Withdraw 50.000000 
User 0, Acc 5 Balance 643.000000, Withdraw 50.000000 
[22;32mUser 0, Acc 6 Balance 0.000000, 				Withdraw 50.000000 --insufficient funds[0m
User 0, Acc 7 Balance 1200.000000, Withdraw 50.000000 
User 0, Acc 8 Balance 1200.000000, Withdraw 50.000000 
User 3, Acc 9 Balance 1817.000000, Deposit 617.000000 
User 2, Acc 0 Balance 673.000000, Deposit 7.000000 
User 2, Acc 1 Balance 611.000000, Deposit 11.000000 
User 4, Acc 0 Balance 673.000000, Deposit 400.000000 
User 1, Acc 1 Balance 611.000000, Withdraw 500.000000 
User 5, Acc 0 Balance 673.000000, Deposit 907.000000 
User 3, Acc 9 Balance 2434.000000, Transfer 617.000000 to Acc 1
User 5, Acc 1 Balance 122.000000, Deposit 911.000000 
User 3, Acc 8 Balance 1150.000000, Deposit 619.000000 
User 5, Acc 2 Balance 28.000000, Deposit 919.000000 
User 5, Acc 3 Balance 34.000000, Transfer 29.000000 to Acc 7
[22;32mUser 1, Acc 2 Balance 28.000000, 				Withdraw 500.000000 --insufficient funds[0m
User 0, Acc 9 Balance 1817.000000, Withdraw 50.000000 
[22;32mUser 1, Acc 3 Balance 5.000000, 				Withdraw 500.000000 --insufficient funds[0m
User 0, Acc 0 Balance 1987.000000, Withdraw 50.000000 
User 3, Acc 8 Balance 1769.000000, Transfer 619.000000 to Acc 2
User 4, Acc 0 Balance 1080.000000, Withdraw 200.000000 
User 2, Acc 2 Balance 28.000000, Deposit 9.000000 
User 4, Acc 0 Balance 1737.000000, Deposit 100.000000 
User 0, Acc 9 Balance 1767.000000, Deposit 617.000000 
User 4, Acc 0 Balance 1837.000000, Withdraw 50.000000 
User 3, Acc 7 Balance 1179.000000, Deposit 631.000000 
User 5, Acc 7 Balance 1179.000000, Transfer 31.000000 to Acc 6
[22;32mUser 1, Acc 4 Balance 38.000000, 				Withdraw 500.000000 --insufficient funds[0m
User 5, Acc 7 Balance 1779.000000, Transfer 37.000000 to Acc 5
User 1, Acc 5 Balance 593.000000, Withdraw 500.000000 
User 4, Acc 0 Balance 1787.000000, Withdraw 150.000000 
User 2, Acc 7 Balance 1179.000000, Transfer 31.000000 to Acc 6
User 4, Acc 0 Balance 1637.000000, Deposit 300.000000 
User 4, Acc 0 Balance 1937.000000, Transfer 300.000000 to Acc 1
User 0, Acc 9 Balance 2384.000000, Transfer 617.000000 to Acc 9
[22;32mUser 1, Acc 6 Balance 31.000000, 				Withdraw 500.000000 --insufficient funds[0m
User 0, Acc 8 Balance 1150.000000, Deposit 619.000000 
User 0, Acc 8 Balance 1769.000000, Transfer 619.000000 to Acc 2
User 3, Acc 7 Balance 1810.000000, Transfer 631.000000 to Acc 3
User 0, Acc 7 Balance 1711.000000, Deposit 631.000000 
User 3, Acc 6 Balance 62.000000, Deposit 641.000000 
User 3, Acc 6 Balance 703.000000, Transfer 641.000000 to Acc 4
User 0, Acc 7 Balance 1711.000000, Transfer 631.000000 to Acc 3
User 5, Acc 7 Balance 1742.000000, Transfer 3.000000 to Acc 4
User 2, Acc 7 Balance 1711.000000, Transfer 137.000000 to Acc 5
User 1, Acc 7 Balance 1711.000000, Withdraw 500.000000 
Balance in 1: 1950.000000
User 1, Acc 8 Balance 1150.000000, Withdraw 500.000000 
User 3, Acc 5 Balance 130.000000, Deposit 643.000000 
User 0, Acc 6 Balance 62.000000, Deposit 641.000000 
User 2, Acc 7 Balance 940.000000, Transfer 3.000000 to Acc 4
User 0, Acc 6 Balance 703.000000, Transfer 641.000000 to Acc 4
User 1, Acc 9 Balance 2384.000000, Withdraw 500.000000 
User 0, Acc 5 Balance 910.000000, Deposit 643.000000 
User 5, Acc 7 Balance 1077.000000, Transfer 5.000000 to Acc 4
User 4, Acc 0 Balance 1637.000000, Deposit 7.000000 
User 2, Acc 7 Balance 437.000000, Transfer 5.000000 to Acc 4
User 4, Acc 1 Balance 1950.000000, Deposit 11.000000 
User 4, Acc 2 Balance 2194.000000, Deposit 9.000000 
User 0, Acc 5 Balance 1553.000000, Transfer 1200.000000 to Acc 6
User 3, Acc 4 Balance 682.000000, Deposit 647.000000 
User 0, Acc 4 Balance 1336.000000, Deposit 647.000000 
User 1, Acc 0 Balance 1637.000000, Withdraw 500.000000 
User 2, Acc 3 Balance 1267.000000, Deposit 929.000000 
User 2, Acc 4 Balance 2630.000000, Deposit 937.000000 
User 3, Acc 4 Balance 1983.000000, Transfer 1200.000000 to Acc 7
User 5, Acc 3 Balance 1267.000000, Deposit 929.000000 
User 0, Acc 4 Balance 2630.000000, Transfer 1200.000000 to Acc 7
User 5, Acc 4 Balance 2367.000000, Deposit 937.000000 
User 4, Acc 3 Balance 1267.000000, Transfer 29.000000 to Acc 7
User 2, Acc 5 Balance 353.000000, Deposit 941.000000 
User 4, Acc 7 Balance 2856.000000, Transfer 31.000000 to Acc 6
User 3, Acc 3 Balance 2196.000000, Deposit 653.000000 
User 1, Acc 1 Balance 1961.000000, Withdraw 500.000000 
User 3, Acc 3 Balance 3749.000000, Transfer 1200.000000 to Acc 8
User 0, Acc 3 Balance 3125.000000, Deposit 653.000000 
User 5, Acc 5 Balance 353.000000, Deposit 941.000000 
User 4, Acc 7 Balance 2825.000000, Transfer 137.000000 to Acc 5
User 2, Acc 4 Balance 2104.000000, Withdraw 1167.000000 
User 4, Acc 7 Balance 2688.000000, Transfer 3.000000 to Acc 4
User 4, Acc 7 Balance 2685.000000, Transfer 5.000000 to Acc 4
User 1, Acc 2 Balance 2203.000000, Withdraw 500.000000 
User 0, Acc 3 Balance 3202.000000, Transfer 1200.000000 to Acc 8
User 5, Acc 4 Balance 2104.000000, Withdraw 167.000000 
User 3, Acc 2 Balance 2203.000000, Deposit 659.000000 
User 5, Acc 5 Balance 2372.000000, Withdraw 307.000000 
User 3, Acc 2 Balance 2362.000000, Transfer 1200.000000 to Acc 9
User 5, Acc 1 Balance 1461.000000, Transfer 89.000000 to Acc 8
User 1, Acc 3 Balance 3202.000000, Withdraw 500.000000 
User 5, Acc 1 Balance 1372.000000, Transfer 163.000000 to Acc 9
User 1, Acc 4 Balance 778.000000, Withdraw 500.000000 
User 5, Acc 1 Balance 1209.000000, Withdraw 41.000000 
User 3, Acc 1 Balance 1461.000000, Deposit 661.000000 
User 4, Acc 3 Balance 3202.000000, Deposit 929.000000 
User 0, Acc 2 Balance 1703.000000, Deposit 659.000000 
User 4, Acc 4 Balance 278.000000, Deposit 937.000000 
User 0, Acc 2 Balance 1821.000000, Transfer 1200.000000 to Acc 9
User 0, Acc 1 Balance 1829.000000, Deposit 661.000000 
User 3, Acc 1 Balance 1829.000000, Transfer 1200.000000 to Acc 9
User 0, Acc 1 Balance 2490.000000, Transfer 1200.000000 to Acc 9
User 1, Acc 5 Balance 2065.000000, Withdraw 500.000000 
User 5, Acc 2 Balance 1162.000000, Withdraw 71.000000 
User 4, Acc 5 Balance 2065.000000, Deposit 941.000000 
User 5, Acc 3 Balance 2431.000000, Withdraw 127.000000 
User 4, Acc 4 Balance 1215.000000, Withdraw 1167.000000 
User 2, Acc 5 Balance 2372.000000, Withdraw 1307.000000 
User 4, Acc 5 Balance 2506.000000, Withdraw 1307.000000 
User 3, Acc 0 Balance 1144.000000, Deposit 673.000000 
User 4, Acc 1 Balance 90.000000, Transfer 89.000000 to Acc 8
User 0, Acc 0 Balance 1144.000000, Deposit 673.000000 
User 2, Acc 1 Balance 90.000000, Transfer 89.000000 to Acc 8
User 0, Acc 0 Balance 2490.000000, Transfer 1200.000000 to Acc 9
User 1, Acc 6 Balance 1293.000000, Withdraw 500.000000 
User 3, Acc 0 Balance 1817.000000, Transfer 1200.000000 to Acc 9
User 1, Acc 7 Balance 2680.000000, Withdraw 500.000000 
[22;32mUser 4, Acc 1 Balance 1.000000, 				Withdraw 41.000000 --insufficient funds[0m
User 1, Acc 8 Balance 3317.000000, Withdraw 500.000000 
[22;32mUser 0, Acc 1 Balance -88.000000, 				Withdraw 50.000000 --insufficient funds[0m
User 3, Acc 9 Balance 9247.000000, Deposit 617.000000 
[22;32mUser 2, Acc 1 Balance -88.000000, 				Withdraw 41.000000 --insufficient funds[0m
User 3, Acc 9 Balance 9864.000000, Transfer 617.000000 to Acc 9
User 2, Acc 2 Balance 550.000000, Withdraw 71.000000 
User 2, Acc 3 Balance 2304.000000, Withdraw 1127.000000 
User 1, Acc 9 Balance 9247.000000, Withdraw 500.000000 
User 0, Acc 2 Balance 550.000000, Withdraw 50.000000 
User 5, Acc 6 Balance 1293.000000, Withdraw 647.000000 
User 4, Acc 2 Balance 550.000000, Withdraw 71.000000 
User 5, Acc 6 Balance 146.000000, Deposit 953.000000 
User 4, Acc 3 Balance 1177.000000, Withdraw 1127.000000 
User 2, Acc 6 Balance 793.000000, Withdraw 647.000000 
User 4, Acc 6 Balance 1099.000000, Withdraw 647.000000 
User 0, Acc 3 Balance 1177.000000, Withdraw 50.000000 
User 4, Acc 6 Balance -195.000000, Deposit 953.000000 
User 4, Acc 7 Balance 2180.000000, Deposit 967.000000 
User 2, Acc 6 Balance 452.000000, Deposit 953.000000 
User 4, Acc 2 Balance 358.000000, Transfer 23.000000 to Acc 7
User 2, Acc 7 Balance 3147.000000, Deposit 967.000000 
User 5, Acc 7 Balance 2180.000000, Deposit 967.000000 
[22;32mUser 0, Acc 4 Balance 48.000000, 				Withdraw 50.000000 --insufficient funds[0m
[22;32mUser 1, Acc 0 Balance 90.000000, 				Withdraw 500.000000 --insufficient funds[0m
User 3, Acc 8 Balance 2817.000000, Deposit 619.000000 
[22;32mUser 1, Acc 1 Balance -88.000000, 				Withdraw 500.000000 --insufficient funds[0m
User 3, Acc 8 Balance 3436.000000, Transfer 619.000000 to Acc 2
User 3, Acc 7 Balance 5104.000000, Deposit 631.000000 
User 5, Acc 2 Balance 335.000000, Transfer 23.000000 to Acc 7
[22;32mUser 0, Acc 5 Balance -108.000000, 				Withdraw 50.000000 --insufficient funds[0m
User 5, Acc 6 Balance 1711.000000, Transfer 67.000000 to Acc 5
User 2, Acc 2 Balance 358.000000, Transfer 23.000000 to Acc 7
User 4, Acc 6 Balance 1711.000000, Transfer 1167.000000 to Acc 5
[22;32mUser 1, Acc 2 Balance 335.000000, 				Withdraw 500.000000 --insufficient funds[0m
User 4, Acc 7 Balance 5781.000000, Withdraw 1593.000000 
User 4, Acc 8 Balance 2817.000000, Withdraw 449.000000 
User 5, Acc 7 Balance 5758.000000, Withdraw 593.000000 
User 0, Acc 6 Balance 1644.000000, Withdraw 50.000000 
User 2, Acc 6 Balance 1644.000000, Transfer 1167.000000 to Acc 5
User 3, Acc 7 Balance 5735.000000, Transfer 631.000000 to Acc 3
[22;32mUser 1, Acc 3 Balance 0.000000, 				Withdraw 500.000000 --insufficient funds[0m
User 4, Acc 9 Balance 9364.000000, Withdraw 163.000000 
User 5, Acc 8 Balance 2368.000000, Withdraw 449.000000 
User 0, Acc 7 Balance 3595.000000, Withdraw 50.000000 
User 2, Acc 7 Balance 3595.000000, Withdraw 1593.000000 
User 0, Acc 8 Balance 1919.000000, Withdraw 50.000000 
User 2, Acc 8 Balance 1919.000000, Withdraw 449.000000 
[22;32mUser 1, Acc 4 Balance 48.000000, 				Withdraw 500.000000 --insufficient funds[0m
User 2, Acc 9 Balance 9201.000000, Withdraw 163.000000 
User 5, Acc 9 Balance 9201.000000, Withdraw 163.000000 
User 0, Acc 9 Balance 9201.000000, Withdraw 50.000000 
User 5, Acc 0 Balance 90.000000, Deposit 7.000000 
User 5, Acc 1 Balance -88.000000, Deposit 11.000000 
User 1, Acc 5 Balance 2293.000000, Withdraw 500.000000 
User 5, Acc 2 Balance 908.000000, Deposit 9.000000 
[22;32mUser 1, Acc 6 Balance -740.000000, 				Withdraw 500.000000 --insufficient funds[0m
User 5, Acc 3 Balance 631.000000, Transfer 29.000000 to Acc 7
User 1, Acc 7 Balance 1321.000000, Withdraw 500.000000 
User 1, Acc 8 Balance 1420.000000, Withdraw 500.000000 
User 2, Acc 9 Balance 9038.000000, Deposit 617.000000 
User 1, Acc 9 Balance 8825.000000, Withdraw 500.000000 
User 4, Acc 9 Balance 9201.000000, Deposit 617.000000 
User 0, Acc 0 Balance 97.000000, Withdraw 50.000000 
User 4, Acc 9 Balance 9559.000000, Transfer 617.000000 to Acc 1
User 0, Acc 0 Balance 47.000000, Deposit 400.000000 
User 4, Acc 8 Balance 920.000000, Deposit 619.000000 
User 0, Acc 0 Balance 447.000000, Withdraw 200.000000 
User 4, Acc 8 Balance 1539.000000, Transfer 619.000000 to Acc 2
User 4, Acc 7 Balance 850.000000, Deposit 631.000000 
User 2, Acc 9 Balance 9442.000000, Transfer 617.000000 to Acc 9
User 4, Acc 7 Balance 1481.000000, Transfer 631.000000 to Acc 3
User 2, Acc 8 Balance 920.000000, Deposit 619.000000 
User 4, Acc 6 Balance -740.000000, Deposit 641.000000 
User 0, Acc 0 Balance 247.000000, Deposit 100.000000 
User 4, Acc 5 Balance 1793.000000, Deposit 643.000000 
User 0, Acc 0 Balance 347.000000, Withdraw 50.000000 
User 4, Acc 5 Balance 2436.000000, Transfer 1200.000000 to Acc 6
User 0, Acc 0 Balance 297.000000, Withdraw 150.000000 
User 4, Acc 4 Balance 48.000000, Deposit 647.000000 
User 0, Acc 0 Balance 147.000000, Deposit 300.000000 
[22;32mUser 1, Acc 0 Balance 97.000000, 				Withdraw 500.000000 --insufficient funds[0m
User 2, Acc 8 Balance 1539.000000, Transfer 619.000000 to Acc 2
User 5, Acc 7 Balance 850.000000, Transfer 31.000000 to Acc 6
User 5, Acc 7 Balance 819.000000, Transfer 137.000000 to Acc 5
User 5, Acc 7 Balance 682.000000, Transfer 3.000000 to Acc 4
User 5, Acc 7 Balance 679.000000, Transfer 5.000000 to Acc 4
User 5, Acc 3 Balance 1233.000000, Deposit 929.000000 
User 2, Acc 7 Balance 850.000000, Deposit 631.000000 
User 5, Acc 4 Balance 703.000000, Deposit 937.000000 
User 5, Acc 5 Balance 1373.000000, Deposit 941.000000 
User 4, Acc 3 Balance 1233.000000, Deposit 653.000000 
User 0, Acc 0 Balance 447.000000, Transfer 300.000000 to Acc 1
User 4, Acc 3 Balance 2815.000000, Transfer 1200.000000 to Acc 8
Balance in 1: 840.000000
User 3, Acc 6 Balance -740.000000, Deposit 641.000000 
User 2, Acc 7 Balance 1305.000000, Transfer 631.000000 to Acc 3
User 3, Acc 6 Balance 1773.000000, Transfer 641.000000 to Acc 4
User 2, Acc 6 Balance 1773.000000, Deposit 641.000000 
User 2, Acc 6 Balance 2414.000000, Transfer 641.000000 to Acc 4
User 1, Acc 9 Balance 8942.000000, Deposit 617.000000 
User 4, Acc 2 Balance 2155.000000, Deposit 659.000000 
User 5, Acc 4 Balance 1640.000000, Withdraw 1167.000000 
User 3, Acc 5 Balance 2314.000000, Deposit 643.000000 
User 5, Acc 5 Balance 2314.000000, Withdraw 1307.000000 
User 0, Acc 0 Balance 147.000000, Deposit 7.000000 
User 2, Acc 5 Balance 2314.000000, Deposit 643.000000 
User 0, Acc 1 Balance 840.000000, Deposit 11.000000 
User 0, Acc 2 Balance 2814.000000, Deposit 9.000000 
User 4, Acc 2 Balance 2814.000000, Transfer 1200.000000 to Acc 9
User 5, Acc 1 Balance 840.000000, Transfer 89.000000 to Acc 8
User 4, Acc 1 Balance 851.000000, Deposit 661.000000 
User 1, Acc 9 Balance 9559.000000, Transfer 617.000000 to Acc 1
User 2, Acc 5 Balance 2293.000000, Transfer 1200.000000 to Acc 6
User 1, Acc 8 Balance 2209.000000, Deposit 619.000000 
User 1, Acc 8 Balance 2828.000000, Transfer 619.000000 to Acc 2
User 5, Acc 1 Balance 762.000000, Transfer 163.000000 to Acc 9
User 3, Acc 5 Balance 1650.000000, Transfer 1200.000000 to Acc 6
User 5, Acc 1 Balance 1877.000000, Withdraw 41.000000 
User 3, Acc 4 Balance 1755.000000, Deposit 647.000000 
User 5, Acc 2 Balance 2242.000000, Withdraw 71.000000 
User 2, Acc 4 Balance 1755.000000, Deposit 647.000000 
User 5, Acc 3 Balance 2246.000000, Withdraw 1127.000000 
User 0, Acc 3 Balance 2246.000000, Transfer 29.000000 to Acc 7
User 3, Acc 4 Balance 2402.000000, Transfer 1200.000000 to Acc 7
User 0, Acc 7 Balance 703.000000, Transfer 31.000000 to Acc 6
User 1, Acc 7 Balance 674.000000, Deposit 631.000000 
User 4, Acc 1 Balance 1423.000000, Transfer 1200.000000 to Acc 9
User 2, Acc 4 Balance 3049.000000, Transfer 1200.000000 to Acc 7
User 4, Acc 0 Balance 154.000000, Deposit 673.000000 
User 5, Acc 6 Balance 3532.000000, Withdraw 647.000000 
User 0, Acc 7 Balance 672.000000, Transfer 137.000000 to Acc 5
User 3, Acc 3 Balance 1090.000000, Deposit 653.000000 
User 0, Acc 7 Balance 3566.000000, Transfer 3.000000 to Acc 4
User 0, Acc 7 Balance 3563.000000, Transfer 5.000000 to Acc 4
User 4, Acc 0 Balance 827.000000, Deposit 400.000000 
User 0, Acc 3 Balance 1743.000000, Deposit 929.000000 
User 4, Acc 0 Balance 1227.000000, Withdraw 200.000000 
User 0, Acc 4 Balance 657.000000, Deposit 937.000000 
User 0, Acc 5 Balance 30.000000, Deposit 941.000000 
User 3, Acc 3 Balance 1743.000000, Transfer 1200.000000 to Acc 8
User 0, Acc 4 Balance 1594.000000, Withdraw 1167.000000 
User 5, Acc 6 Balance 2916.000000, Deposit 953.000000 
User 1, Acc 7 Balance 2503.000000, Transfer 631.000000 to Acc 3
User 4, Acc 0 Balance 1027.000000, Deposit 100.000000 
User 1, Acc 6 Balance 3869.000000, Deposit 641.000000 
User 4, Acc 0 Balance 1127.000000, Withdraw 50.000000 
User 1, Acc 6 Balance 4510.000000, Transfer 641.000000 to Acc 4
User 1, Acc 5 Balance 971.000000, Deposit 643.000000 
User 4, Acc 0 Balance 1077.000000, Withdraw 150.000000 
User 1, Acc 5 Balance 1614.000000, Transfer 1200.000000 to Acc 6
User 3, Acc 2 Balance 2171.000000, Deposit 659.000000 
User 1, Acc 4 Balance 1068.000000, Deposit 647.000000 
User 3, Acc 2 Balance 2830.000000, Transfer 1200.000000 to Acc 9
User 3, Acc 1 Balance 636.000000, Deposit 661.000000 
User 3, Acc 1 Balance 1297.000000, Transfer 1200.000000 to Acc 9
User 4, Acc 0 Balance 927.000000, Deposit 300.000000 
[22;32mUser 0, Acc 5 Balance 971.000000, 				Withdraw 1307.000000 --insufficient funds[0m
User 5, Acc 7 Balance 3558.000000, Deposit 967.000000 
User 0, Acc 1 Balance 97.000000, Transfer 89.000000 to Acc 8
[22;32mUser 0, Acc 1 Balance 8.000000, 				Withdraw 41.000000 --insufficient funds[0m
User 2, Acc 3 Balance 1090.000000, Deposit 653.000000 
User 0, Acc 2 Balance 1630.000000, Withdraw 71.000000 
User 2, Acc 3 Balance 2756.000000, Transfer 1200.000000 to Acc 8
User 0, Acc 3 Balance 2756.000000, Withdraw 1127.000000 
User 1, Acc 4 Balance 1715.000000, Transfer 1200.000000 to Acc 7
User 3, Acc 0 Balance 927.000000, Deposit 673.000000 
User 1, Acc 3 Balance 429.000000, Deposit 653.000000 
User 1, Acc 2 Balance 1559.000000, Deposit 659.000000 
User 2, Acc 2 Balance 1559.000000, Deposit 659.000000 
User 2, Acc 2 Balance 2877.000000, Transfer 1200.000000 to Acc 9
User 0, Acc 6 Balance 5069.000000, Withdraw 647.000000 
User 4, Acc 0 Balance 1227.000000, Transfer 300.000000 to Acc 1
User 3, Acc 0 Balance 1900.000000, Transfer 1200.000000 to Acc 9
Balance in 1: 308.000000
User 1, Acc 2 Balance 2218.000000, Transfer 1200.000000 to Acc 9
User 1, Acc 1 Balance 308.000000, Deposit 661.000000 
User 1, Acc 0 Balance 400.000000, Deposit 673.000000 
User 1, Acc 9 Balance 17505.000000, Deposit 617.000000 
User 1, Acc 9 Balance 18122.000000, Transfer 617.000000 to Acc 9
User 1, Acc 8 Balance 4698.000000, Deposit 619.000000 
User 1, Acc 8 Balance 5317.000000, Transfer 619.000000 to Acc 2
User 1, Acc 7 Balance 5094.000000, Deposit 631.000000 
User 1, Acc 7 Balance 5725.000000, Transfer 631.000000 to Acc 3
User 1, Acc 6 Balance 4422.000000, Deposit 641.000000 
User 1, Acc 6 Balance 5063.000000, Transfer 641.000000 to Acc 4
User 1, Acc 5 Balance 414.000000, Deposit 643.000000 
User 1, Acc 4 Balance 1156.000000, Deposit 647.000000 
User 1, Acc 4 Balance 1803.000000, Transfer 1200.000000 to Acc 7
User 1, Acc 3 Balance 1713.000000, Deposit 653.000000 
User 1, Acc 3 Balance 2366.000000, Transfer 1200.000000 to Acc 8
User 1, Acc 2 Balance 1096.000000, Deposit 659.000000 
User 5, Acc 2 Balance 1630.000000, Transfer 23.000000 to Acc 7
User 1, Acc 2 Balance 1755.000000, Transfer 1200.000000 to Acc 9
User 5, Acc 6 Balance 4422.000000, Transfer 1167.000000 to Acc 5
User 1, Acc 1 Balance 969.000000, Deposit 661.000000 
User 5, Acc 4 Balance 603.000000, Transfer 53.000000 to Acc 5
User 1, Acc 1 Balance 1630.000000, Transfer 1200.000000 to Acc 9
User 5, Acc 7 Balance 6317.000000, Withdraw 1593.000000 
User 1, Acc 0 Balance 1073.000000, Deposit 673.000000 
User 5, Acc 8 Balance 5898.000000, Withdraw 449.000000 
User 1, Acc 0 Balance 1746.000000, Transfer 1200.000000 to Acc 9
User 5, Acc 9 Balance 20522.000000, Withdraw 163.000000 
User 1, Acc 1 Balance 430.000000, Withdraw 50.000000 
User 3, Acc 1 Balance 308.000000, Withdraw 50.000000 
User 4, Acc 9 Balance 16305.000000, Deposit 617.000000 
User 0, Acc 6 Balance 4422.000000, Deposit 953.000000 
User 5, Acc 9 Balance 21559.000000, Deposit 617.000000 
User 0, Acc 7 Balance 4724.000000, Deposit 967.000000 
User 0, Acc 1 Balance 330.000000, Transfer 19.000000 to Acc 7
User 2, Acc 1 Balance 8.000000, Deposit 661.000000 
User 0, Acc 2 Balance 532.000000, Transfer 23.000000 to Acc 7
User 0, Acc 6 Balance 4208.000000, Transfer 1167.000000 to Acc 5
User 4, Acc 9 Balance 22176.000000, Transfer 617.000000 to Acc 9
User 1, Acc 2 Balance 532.000000, Withdraw 50.000000 
User 4, Acc 8 Balance 5449.000000, Deposit 619.000000 
User 4, Acc 8 Balance 6068.000000, Transfer 619.000000 to Acc 2
User 3, Acc 2 Balance 532.000000, Withdraw 50.000000 
User 4, Acc 7 Balance 5733.000000, Deposit 631.000000 
User 3, Acc 3 Balance 1166.000000, Withdraw 50.000000 
User 0, Acc 4 Balance 550.000000, Transfer 53.000000 to Acc 5
User 1, Acc 3 Balance 1166.000000, Withdraw 50.000000 
User 0, Acc 7 Balance 6364.000000, Withdraw 1593.000000 
User 1, Acc 4 Balance 497.000000, Withdraw 50.000000 
User 1, Acc 5 Balance 3497.000000, Withdraw 50.000000 
User 1, Acc 6 Balance 3041.000000, Withdraw 50.000000 
User 1, Acc 7 Balance 4771.000000, Withdraw 50.000000 
User 1, Acc 8 Balance 5449.000000, Withdraw 50.000000 
User 1, Acc 9 Balance 22793.000000, Withdraw 50.000000 
User 1, Acc 0 Balance 546.000000, Withdraw 50.000000 
User 1, Acc 1 Balance 972.000000, Withdraw 500.000000 
User 3, Acc 4 Balance 550.000000, Withdraw 50.000000 
User 1, Acc 2 Balance 1028.000000, Withdraw 500.000000 
User 2, Acc 0 Balance 546.000000, Deposit 673.000000 
User 1, Acc 3 Balance 1066.000000, Withdraw 500.000000 
User 2, Acc 1 Balance 472.000000, Withdraw 50.000000 
[22;32mUser 1, Acc 4 Balance 397.000000, 				Withdraw 500.000000 --insufficient funds[0m
User 3, Acc 5 Balance 3447.000000, Withdraw 50.000000 
User 1, Acc 5 Balance 3447.000000, Withdraw 500.000000 
User 4, Acc 7 Balance 6364.000000, Transfer 631.000000 to Acc 3
User 2, Acc 2 Balance 528.000000, Withdraw 50.000000 
User 4, Acc 6 Balance 2991.000000, Deposit 641.000000 
User 5, Acc 9 Balance 22793.000000, Transfer 617.000000 to Acc 1
User 1, Acc 6 Balance 2991.000000, Withdraw 500.000000 
User 5, Acc 8 Balance 5399.000000, Deposit 619.000000 
User 1, Acc 7 Balance 4090.000000, Withdraw 500.000000 
User 2, Acc 3 Balance 1197.000000, Withdraw 50.000000 
User 3, Acc 6 Balance 2991.000000, Withdraw 50.000000 
User 2, Acc 4 Balance 397.000000, Withdraw 50.000000 
User 3, Acc 7 Balance 3590.000000, Withdraw 50.000000 
User 2, Acc 5 Balance 2897.000000, Withdraw 50.000000 
User 3, Acc 8 Balance 6018.000000, Withdraw 50.000000 
User 2, Acc 6 Balance 3082.000000, Withdraw 50.000000 
User 3, Acc 9 Balance 22126.000000, Withdraw 50.000000 
User 2, Acc 7 Balance 3540.000000, Withdraw 50.000000 
User 5, Acc 8 Balance 6018.000000, Transfer 619.000000 to Acc 2
User 0, Acc 8 Balance 5449.000000, Withdraw 449.000000 
User 3, Acc 0 Balance 1169.000000, Withdraw 50.000000 
User 0, Acc 9 Balance 22076.000000, Withdraw 163.000000 
User 1, Acc 8 Balance 6018.000000, Withdraw 500.000000 
User 2, Acc 8 Balance 5968.000000, Withdraw 50.000000 
User 1, Acc 9 Balance 21913.000000, Withdraw 500.000000 
User 1, Acc 0 Balance 1119.000000, Withdraw 500.000000 
User 5, Acc 7 Balance 3490.000000, Deposit 631.000000 
User 1, Acc 1 Balance 1039.000000, Withdraw 500.000000 
User 5, Acc 7 Balance 4121.000000, Transfer 631.000000 to Acc 3
User 1, Acc 2 Balance 1097.000000, Withdraw 500.000000 
User 4, Acc 6 Balance 3632.000000, Transfer 641.000000 to Acc 4
User 1, Acc 3 Balance 1778.000000, Withdraw 500.000000 
User 4, Acc 5 Balance 2847.000000, Deposit 643.000000 
User 5, Acc 6 Balance 3032.000000, Deposit 641.000000 
User 2, Acc 9 Balance 21413.000000, Withdraw 50.000000 
User 5, Acc 6 Balance 3032.000000, Transfer 641.000000 to Acc 4
User 2, Acc 0 Balance 619.000000, Withdraw 50.000000 
User 0, Acc 0 Balance 1119.000000, Deposit 400.000000 
User 1, Acc 4 Balance 988.000000, Withdraw 500.000000 
User 4, Acc 5 Balance 3490.000000, Transfer 1200.000000 to Acc 6
User 4, Acc 4 Balance 1129.000000, Deposit 647.000000 
User 4, Acc 4 Balance 1776.000000, Transfer 1200.000000 to Acc 7
User 4, Acc 3 Balance 1278.000000, Deposit 653.000000 
User 4, Acc 3 Balance 1931.000000, Transfer 1200.000000 to Acc 8
User 4, Acc 2 Balance 597.000000, Deposit 659.000000 
User 0, Acc 0 Balance 969.000000, Withdraw 200.000000 
User 4, Acc 2 Balance 1256.000000, Transfer 1200.000000 to Acc 9
User 0, Acc 0 Balance 769.000000, Deposit 100.000000 
User 4, Acc 1 Balance 539.000000, Deposit 661.000000 
User 0, Acc 0 Balance 869.000000, Withdraw 50.000000 
User 2, Acc 0 Balance 569.000000, Deposit 907.000000 
User 1, Acc 5 Balance 3490.000000, Withdraw 500.000000 
User 2, Acc 1 Balance 1200.000000, Deposit 911.000000 
User 5, Acc 5 Balance 3490.000000, Deposit 643.000000 
User 4, Acc 1 Balance 1200.000000, Transfer 1200.000000 to Acc 9
User 5, Acc 5 Balance 2433.000000, Transfer 1200.000000 to Acc 6
User 4, Acc 0 Balance 1726.000000, Deposit 673.000000 
User 4, Acc 0 Balance 2399.000000, Transfer 1200.000000 to Acc 9
User 2, Acc 2 Balance 56.000000, Deposit 919.000000 
User 2, Acc 3 Balance 731.000000, Transfer 29.000000 to Acc 7
User 3, Acc 0 Balance 1119.000000, Deposit 7.000000 
User 2, Acc 7 Balance 4719.000000, Transfer 31.000000 to Acc 6
User 3, Acc 1 Balance 911.000000, Deposit 11.000000 
User 3, Acc 2 Balance 975.000000, Deposit 9.000000 
User 4, Acc 1 Balance 911.000000, Withdraw 50.000000 
User 0, Acc 0 Balance 819.000000, Withdraw 150.000000 
User 5, Acc 4 Balance 576.000000, Deposit 647.000000 
User 0, Acc 0 Balance 1056.000000, Deposit 300.000000 
User 2, Acc 7 Balance 4688.000000, Transfer 37.000000 to Acc 5
User 0, Acc 0 Balance 1356.000000, Transfer 300.000000 to Acc 1
User 2, Acc 7 Balance 4651.000000, Transfer 3.000000 to Acc 4
User 2, Acc 7 Balance 4648.000000, Transfer 5.000000 to Acc 4
User 4, Acc 2 Balance 984.000000, Withdraw 50.000000 
User 4, Acc 3 Balance 702.000000, Withdraw 50.000000 
User 1, Acc 6 Balance 3591.000000, Withdraw 500.000000 
User 3, Acc 3 Balance 702.000000, Transfer 29.000000 to Acc 7
User 2, Acc 3 Balance 702.000000, Deposit 929.000000 
User 3, Acc 7 Balance 4672.000000, Transfer 31.000000 to Acc 6
User 2, Acc 4 Balance 1231.000000, Deposit 937.000000 
User 2, Acc 5 Balance 1270.000000, Deposit 941.000000 
User 4, Acc 4 Balance 1231.000000, Withdraw 50.000000 
User 1, Acc 7 Balance 4643.000000, Withdraw 500.000000 
User 4, Acc 5 Balance 2211.000000, Withdraw 50.000000 
User 5, Acc 4 Balance 1223.000000, Transfer 1200.000000 to Acc 7
User 3, Acc 7 Balance 4641.000000, Transfer 137.000000 to Acc 5
User 5, Acc 3 Balance 1552.000000, Deposit 653.000000 
User 2, Acc 4 Balance 2168.000000, Withdraw 167.000000 
Balance in 1: 1172.000000
User 2, Acc 5 Balance 2298.000000, Withdraw 307.000000 
User 2, Acc 1 Balance 1172.000000, Transfer 89.000000 to Acc 8
User 0, Acc 0 Balance 1056.000000, Deposit 7.000000 
User 5, Acc 3 Balance 2205.000000, Transfer 1200.000000 to Acc 8
User 0, Acc 1 Balance 1083.000000, Deposit 11.000000 
User 5, Acc 2 Balance 934.000000, Deposit 659.000000 
User 0, Acc 2 Balance 934.000000, Deposit 9.000000 
User 5, Acc 2 Balance 1593.000000, Transfer 1200.000000 to Acc 9
User 0, Acc 3 Balance 1005.000000, Transfer 29.000000 to Acc 7
User 1, Acc 8 Balance 5550.000000, Withdraw 500.000000 
User 4, Acc 6 Balance 4353.000000, Withdraw 50.000000 
User 2, Acc 1 Balance 1083.000000, Transfer 163.000000 to Acc 9
User 3, Acc 7 Balance 5204.000000, Transfer 3.000000 to Acc 4
User 5, Acc 1 Balance 1094.000000, Deposit 661.000000 
User 0, Acc 7 Balance 5233.000000, Transfer 31.000000 to Acc 6
User 1, Acc 9 Balance 26163.000000, Withdraw 500.000000 
User 4, Acc 7 Balance 5233.000000, Withdraw 50.000000 
User 1, Acc 0 Balance 1063.000000, Withdraw 500.000000 
User 4, Acc 8 Balance 6339.000000, Withdraw 50.000000 
User 1, Acc 1 Balance 1592.000000, Withdraw 500.000000 
User 0, Acc 7 Balance 5199.000000, Transfer 137.000000 to Acc 5
User 2, Acc 1 Balance 931.000000, Withdraw 41.000000 
User 0, Acc 7 Balance 5012.000000, Transfer 3.000000 to Acc 4
User 0, Acc 7 Balance 5009.000000, Transfer 5.000000 to Acc 4
User 3, Acc 7 Balance 5230.000000, Transfer 5.000000 to Acc 4
User 0, Acc 3 Balance 976.000000, Deposit 929.000000 
User 3, Acc 3 Balance 976.000000, Deposit 929.000000 
User 2, Acc 2 Balance 402.000000, Withdraw 71.000000 
User 3, Acc 4 Balance 767.000000, Deposit 937.000000 
User 5, Acc 1 Balance 1592.000000, Transfer 1200.000000 to Acc 9
User 3, Acc 5 Balance 2128.000000, Deposit 941.000000 
[22;32mUser 1, Acc 2 Balance 402.000000, 				Withdraw 500.000000 --insufficient funds[0m
User 3, Acc 4 Balance 1704.000000, Withdraw 1167.000000 
User 1, Acc 3 Balance 2834.000000, Withdraw 500.000000 
User 4, Acc 9 Balance 25826.000000, Withdraw 50.000000 
User 1, Acc 4 Balance 537.000000, Withdraw 500.000000 
User 0, Acc 4 Balance 767.000000, Deposit 937.000000 
User 1, Acc 5 Balance 3069.000000, Withdraw 500.000000 
User 1, Acc 6 Balance 4334.000000, Withdraw 500.000000 
User 0, Acc 5 Balance 2569.000000, Deposit 941.000000 
User 5, Acc 0 Balance 563.000000, Deposit 673.000000 
User 4, Acc 0 Balance 563.000000, Withdraw 50.000000 
[22;32mUser 4, Acc 1 Balance -149.000000, 				Withdraw 500.000000 --insufficient funds[0m
[22;32mUser 4, Acc 2 Balance 331.000000, 				Withdraw 500.000000 --insufficient funds[0m
User 4, Acc 3 Balance 2334.000000, Withdraw 500.000000 
User 4, Acc 4 Balance 974.000000, Withdraw 500.000000 
User 2, Acc 3 Balance 2834.000000, Withdraw 127.000000 
User 4, Acc 5 Balance 3510.000000, Withdraw 500.000000 
User 2, Acc 6 Balance 3834.000000, Withdraw 647.000000 
User 3, Acc 5 Balance 3069.000000, Withdraw 1307.000000 
User 1, Acc 7 Balance 4999.000000, Withdraw 500.000000 
[22;32mUser 3, Acc 1 Balance -149.000000, 				Withdraw 41.000000 --insufficient funds[0m
User 1, Acc 8 Balance 6289.000000, Withdraw 500.000000 
User 4, Acc 6 Balance 3834.000000, Withdraw 500.000000 
User 1, Acc 9 Balance 26976.000000, Withdraw 500.000000 
User 4, Acc 7 Balance 4499.000000, Withdraw 500.000000 
User 3, Acc 2 Balance 331.000000, Withdraw 71.000000 
User 4, Acc 8 Balance 5789.000000, Withdraw 500.000000 
User 3, Acc 3 Balance 1707.000000, Withdraw 1127.000000 
User 3, Acc 6 Balance 2687.000000, Withdraw 647.000000 
[22;32mUser 0, Acc 4 Balance 974.000000, 				Withdraw 1167.000000 --insufficient funds[0m
User 1, Acc 0 Balance 1186.000000, Withdraw 500.000000 
User 5, Acc 0 Balance 1236.000000, Transfer 1200.000000 to Acc 9
User 2, Acc 6 Balance 3187.000000, Deposit 953.000000 
User 5, Acc 0 Balance -514.000000, Deposit 907.000000 
User 3, Acc 6 Balance 2040.000000, Deposit 953.000000 
User 5, Acc 1 Balance -149.000000, Deposit 911.000000 
User 3, Acc 7 Balance 3999.000000, Deposit 967.000000 
User 3, Acc 2 Balance 260.000000, Transfer 23.000000 to Acc 7
User 3, Acc 6 Balance 3946.000000, Transfer 1167.000000 to Acc 5
User 4, Acc 9 Balance 26476.000000, Withdraw 500.000000 
User 3, Acc 4 Balance 474.000000, Transfer 53.000000 to Acc 5
[22;32mUser 4, Acc 0 Balance 393.000000, 				Withdraw 500.000000 --insufficient funds[0m
User 1, Acc 9 Balance 26476.000000, Deposit 617.000000 
User 4, Acc 1 Balance 762.000000, Withdraw 500.000000 
[22;32mUser 4, Acc 2 Balance 237.000000, 				Withdraw 500.000000 --insufficient funds[0m
User 1, Acc 9 Balance 27793.000000, Transfer 617.000000 to Acc 1
User 3, Acc 7 Balance 4989.000000, Withdraw 1593.000000 
User 1, Acc 8 Balance 5289.000000, Deposit 619.000000 
User 3, Acc 8 Balance 5289.000000, Withdraw 449.000000 
User 5, Acc 2 Balance 237.000000, Deposit 919.000000 
User 4, Acc 3 Balance 580.000000, Withdraw 500.000000 
User 5, Acc 3 Balance 580.000000, Transfer 29.000000 to Acc 7
User 5, Acc 7 Balance 3425.000000, Transfer 31.000000 to Acc 6
User 1, Acc 8 Balance 5908.000000, Transfer 619.000000 to Acc 2
User 3, Acc 9 Balance 27176.000000, Withdraw 163.000000 
User 1, Acc 7 Balance 3394.000000, Deposit 631.000000 
User 3, Acc 9 Balance 27013.000000, Deposit 617.000000 
User 1, Acc 7 Balance 4025.000000, Transfer 631.000000 to Acc 3
User 3, Acc 9 Balance 27630.000000, Transfer 617.000000 to Acc 1
User 5, Acc 7 Balance 3394.000000, Transfer 37.000000 to Acc 5
User 0, Acc 5 Balance 1703.000000, Withdraw 1307.000000 
User 5, Acc 7 Balance 3357.000000, Transfer 3.000000 to Acc 4
User 5, Acc 7 Balance 3354.000000, Transfer 5.000000 to Acc 4
User 0, Acc 1 Balance 1496.000000, Transfer 89.000000 to Acc 8
User 5, Acc 3 Balance 682.000000, Deposit 929.000000 
User 0, Acc 1 Balance 1407.000000, Transfer 163.000000 to Acc 9
User 5, Acc 4 Balance 429.000000, Deposit 937.000000 
User 5, Acc 5 Balance 1653.000000, Deposit 941.000000 
User 1, Acc 6 Balance 2810.000000, Deposit 641.000000 
User 5, Acc 4 Balance 1366.000000, Withdraw 167.000000 
User 5, Acc 5 Balance 2594.000000, Withdraw 307.000000 
User 2, Acc 7 Balance 3999.000000, Deposit 967.000000 
User 5, Acc 1 Balance 1244.000000, Transfer 89.000000 to Acc 8
[22;32mUser 4, Acc 4 Balance 421.000000, 				Withdraw 500.000000 --insufficient funds[0m
User 3, Acc 8 Balance 4840.000000, Deposit 619.000000 
User 1, Acc 6 Balance 3451.000000, Transfer 641.000000 to Acc 4
User 3, Acc 8 Balance 5637.000000, Transfer 619.000000 to Acc 2
User 3, Acc 7 Balance 4316.000000, Deposit 631.000000 
User 3, Acc 7 Balance 4947.000000, Transfer 631.000000 to Acc 3
User 4, Acc 5 Balance 2287.000000, Withdraw 500.000000 
User 3, Acc 6 Balance 2810.000000, Deposit 641.000000 
User 4, Acc 6 Balance 2810.000000, Withdraw 500.000000 
User 4, Acc 7 Balance 4316.000000, Withdraw 500.000000 
User 0, Acc 1 Balance 1244.000000, Withdraw 41.000000 
User 5, Acc 1 Balance 1155.000000, Transfer 163.000000 to Acc 9
User 0, Acc 2 Balance 2394.000000, Withdraw 71.000000 
User 1, Acc 5 Balance 2287.000000, Deposit 643.000000 
User 3, Acc 6 Balance 2951.000000, Transfer 641.000000 to Acc 4
User 1, Acc 5 Balance 2430.000000, Transfer 1200.000000 to Acc 6
User 5, Acc 1 Balance 951.000000, Withdraw 41.000000 
User 0, Acc 3 Balance 2242.000000, Withdraw 1127.000000 
User 5, Acc 2 Balance 2323.000000, Withdraw 71.000000 
User 4, Acc 8 Balance 5018.000000, Withdraw 500.000000 
User 3, Acc 5 Balance 2430.000000, Deposit 643.000000 
User 4, Acc 9 Balance 27339.000000, Withdraw 500.000000 
[22;32mUser 4, Acc 0 Balance 393.000000, 				Withdraw 500.000000 --insufficient funds[0m
User 2, Acc 1 Balance 1244.000000, Transfer 19.000000 to Acc 7
User 0, Acc 6 Balance 3510.000000, Withdraw 647.000000 
User 0, Acc 6 Balance 2863.000000, Deposit 953.000000 
User 0, Acc 7 Balance 3835.000000, Deposit 967.000000 
User 0, Acc 1 Balance 891.000000, Transfer 19.000000 to Acc 7
User 0, Acc 2 Balance 2252.000000, Transfer 23.000000 to Acc 7
User 0, Acc 6 Balance 3816.000000, Transfer 1167.000000 to Acc 5
User 0, Acc 4 Balance 2481.000000, Transfer 53.000000 to Acc 5
User 2, Acc 2 Balance 2252.000000, Transfer 23.000000 to Acc 7
User 0, Acc 7 Balance 4844.000000, Withdraw 1593.000000 
User 0, Acc 8 Balance 4518.000000, Withdraw 449.000000 
User 1, Acc 4 Balance 2481.000000, Deposit 647.000000 
User 3, Acc 5 Balance 1873.000000, Transfer 1200.000000 to Acc 6
User 1, Acc 4 Balance 3075.000000, Transfer 1200.000000 to Acc 7
User 1, Acc 3 Balance 1115.000000, Deposit 653.000000 
User 5, Acc 3 Balance 1115.000000, Withdraw 127.000000 
User 1, Acc 3 Balance 1768.000000, Transfer 1200.000000 to Acc 8
User 5, Acc 6 Balance 3849.000000, Withdraw 647.000000 
User 1, Acc 2 Balance 2206.000000, Deposit 659.000000 
User 1, Acc 2 Balance 2865.000000, Transfer 1200.000000 to Acc 9
User 3, Acc 4 Balance 1875.000000, Deposit 647.000000 
User 1, Acc 1 Balance 872.000000, Deposit 661.000000 
User 2, Acc 6 Balance 2649.000000, Transfer 67.000000 to Acc 5
User 1, Acc 1 Balance 1533.000000, Transfer 1200.000000 to Acc 9
User 2, Acc 4 Balance 2522.000000, Transfer 53.000000 to Acc 5
User 5, Acc 6 Balance 3202.000000, Deposit 953.000000 
User 0, Acc 9 Balance 26839.000000, Withdraw 163.000000 
User 5, Acc 7 Balance 4474.000000, Deposit 967.000000 
User 5, Acc 1 Balance 333.000000, Transfer 19.000000 to Acc 7
User 1, Acc 0 Balance 393.000000, Deposit 673.000000 
User 5, Acc 2 Balance 1665.000000, Transfer 23.000000 to Acc 7
User 1, Acc 0 Balance 1066.000000, Deposit 400.000000 
User 5, Acc 6 Balance 4088.000000, Transfer 67.000000 to Acc 5
User 1, Acc 0 Balance 1466.000000, Withdraw 200.000000 
User 1, Acc 0 Balance 1266.000000, Deposit 100.000000 
User 2, Acc 7 Balance 4474.000000, Withdraw 593.000000 
User 1, Acc 0 Balance 1366.000000, Withdraw 50.000000 
User 2, Acc 8 Balance 5269.000000, Withdraw 449.000000 
User 1, Acc 0 Balance 1316.000000, Withdraw 150.000000 
User 0, Acc 0 Balance 393.000000, Deposit 400.000000 
User 1, Acc 0 Balance 1166.000000, Deposit 300.000000 
User 0, Acc 0 Balance 1566.000000, Withdraw 200.000000 
User 2, Acc 9 Balance 29076.000000, Withdraw 163.000000 
User 0, Acc 0 Balance 1666.000000, Deposit 100.000000 
User 5, Acc 4 Balance 2469.000000, Transfer 53.000000 to Acc 5
User 4, Acc 1 Balance 910.000000, Withdraw 500.000000 
User 1, Acc 0 Balance 1866.000000, Transfer 300.000000 to Acc 1
User 4, Acc 2 Balance 1642.000000, Withdraw 500.000000 
Balance in 1: 114.000000
User 1, Acc 0 Balance 1466.000000, Deposit 907.000000 
User 0, Acc 0 Balance 1766.000000, Withdraw 50.000000 
User 5, Acc 7 Balance 4890.000000, Withdraw 593.000000 
User 5, Acc 8 Balance 4820.000000, Withdraw 449.000000 
User 3, Acc 4 Balance 2522.000000, Transfer 1200.000000 to Acc 7
User 5, Acc 9 Balance 28913.000000, Withdraw 163.000000 
User 3, Acc 3 Balance 441.000000, Deposit 653.000000 
User 3, Acc 2 Balance 1142.000000, Deposit 659.000000 
User 3, Acc 2 Balance 1801.000000, Transfer 1200.000000 to Acc 9
User 0, Acc 0 Balance 2323.000000, Withdraw 150.000000 
[22;32mUser 2, Acc 1 Balance 314.000000, 				Withdraw 500.000000 --insufficient funds[0m
[22;32mUser 4, Acc 3 Balance 441.000000, 				Withdraw 500.000000 --insufficient funds[0m
[22;32mUser 5, Acc 1 Balance 114.000000, 				Withdraw 500.000000 --insufficient funds[0m
User 4, Acc 4 Balance 1216.000000, Withdraw 500.000000 
User 4, Acc 5 Balance 2133.000000, Withdraw 500.000000 
User 1, Acc 1 Balance 114.000000, Deposit 911.000000 
User 0, Acc 0 Balance 2173.000000, Deposit 300.000000 
User 1, Acc 2 Balance 601.000000, Deposit 919.000000 
User 2, Acc 2 Balance 601.000000, Withdraw 500.000000 
User 1, Acc 3 Balance 1094.000000, Transfer 29.000000 to Acc 7
User 1, Acc 7 Balance 5526.000000, Transfer 31.000000 to Acc 6
User 0, Acc 0 Balance 2473.000000, Transfer 300.000000 to Acc 1
User 5, Acc 2 Balance 601.000000, Withdraw 500.000000 
User 5, Acc 3 Balance 1065.000000, Withdraw 500.000000 
User 5, Acc 4 Balance 716.000000, Withdraw 500.000000 
User 5, Acc 5 Balance 1633.000000, Withdraw 500.000000 
User 5, Acc 6 Balance 4052.000000, Withdraw 500.000000 
User 5, Acc 7 Balance 5495.000000, Withdraw 500.000000 
User 5, Acc 8 Balance 4371.000000, Withdraw 500.000000 
User 5, Acc 9 Balance 29950.000000, Withdraw 500.000000 
Balance in 1: 1325.000000
User 5, Acc 0 Balance 2173.000000, Withdraw 500.000000 
User 5, Acc 1 Balance 1325.000000, Withdraw 500.000000 
User 0, Acc 1 Balance 1325.000000, Withdraw 500.000000 
User 3, Acc 1 Balance 114.000000, Deposit 661.000000 
User 1, Acc 7 Balance 5495.000000, Transfer 37.000000 to Acc 5
User 3, Acc 0 Balance 1673.000000, Deposit 673.000000 
User 4, Acc 6 Balance 4021.000000, Withdraw 500.000000 
User 3, Acc 0 Balance 2346.000000, Transfer 1200.000000 to Acc 9
User 0, Acc 2 Balance 520.000000, Withdraw 500.000000 
User 3, Acc 0 Balance 1146.000000, Deposit 907.000000 
User 1, Acc 7 Balance 4958.000000, Transfer 3.000000 to Acc 4
User 3, Acc 1 Balance 986.000000, Deposit 911.000000 
User 5, Acc 2 Balance 520.000000, Withdraw 500.000000 
User 2, Acc 3 Balance 1094.000000, Withdraw 500.000000 
User 5, Acc 3 Balance 565.000000, Withdraw 500.000000 
User 1, Acc 7 Balance 4955.000000, Transfer 5.000000 to Acc 4
User 3, Acc 2 Balance 20.000000, Deposit 919.000000 
User 1, Acc 3 Balance -435.000000, Deposit 929.000000 
User 3, Acc 7 Balance 4950.000000, Transfer 31.000000 to Acc 6
User 1, Acc 4 Balance 224.000000, Deposit 937.000000 
User 0, Acc 3 Balance 565.000000, Withdraw 500.000000 
[22;32mUser 5, Acc 4 Balance 219.000000, 				Withdraw 500.000000 --insufficient funds[0m
User 4, Acc 7 Balance 4958.000000, Withdraw 500.000000 
User 5, Acc 5 Balance 1170.000000, Withdraw 500.000000 
User 4, Acc 8 Balance 3871.000000, Withdraw 500.000000 
User 4, Acc 9 Balance 30650.000000, Withdraw 500.000000 
User 0, Acc 4 Balance 1161.000000, Withdraw 500.000000 
User 4, Acc 0 Balance 2053.000000, Withdraw 500.000000 
[22;32mUser 2, Acc 4 Balance 219.000000, 				Withdraw 500.000000 --insufficient funds[0m
User 3, Acc 7 Balance 4919.000000, Transfer 37.000000 to Acc 5
User 2, Acc 5 Balance 670.000000, Withdraw 500.000000 
User 1, Acc 5 Balance 1170.000000, Deposit 941.000000 
User 0, Acc 5 Balance 670.000000, Withdraw 500.000000 
User 5, Acc 6 Balance 3083.000000, Withdraw 500.000000 
User 0, Acc 6 Balance 3083.000000, Withdraw 500.000000 
User 3, Acc 7 Balance 4382.000000, Transfer 3.000000 to Acc 4
User 0, Acc 7 Balance 4382.000000, Withdraw 500.000000 
User 3, Acc 7 Balance 4379.000000, Transfer 5.000000 to Acc 4
User 1, Acc 4 Balance 661.000000, Withdraw 167.000000 
User 5, Acc 7 Balance 4382.000000, Withdraw 500.000000 
User 1, Acc 5 Balance 648.000000, Withdraw 307.000000 
User 5, Acc 8 Balance 3371.000000, Withdraw 500.000000 
User 5, Acc 9 Balance 30150.000000, Withdraw 500.000000 
User 2, Acc 6 Balance 3083.000000, Withdraw 500.000000 
User 4, Acc 0 Balance 1553.000000, Deposit 907.000000 
User 0, Acc 8 Balance 3371.000000, Withdraw 500.000000 
User 4, Acc 1 Balance 1897.000000, Deposit 911.000000 
User 0, Acc 9 Balance 29650.000000, Withdraw 500.000000 
User 4, Acc 2 Balance 439.000000, Deposit 919.000000 
User 0, Acc 0 Balance 2460.000000, Withdraw 500.000000 
User 2, Acc 7 Balance 3374.000000, Withdraw 500.000000 
User 1, Acc 1 Balance 1897.000000, Transfer 89.000000 to Acc 8
User 5, Acc 0 Balance 1553.000000, Withdraw 500.000000 
User 4, Acc 7 Balance 3374.000000, Transfer 31.000000 to Acc 6
User 5, Acc 1 Balance 2719.000000, Withdraw 500.000000 
User 5, Acc 2 Balance 1358.000000, Withdraw 500.000000 
User 4, Acc 7 Balance 2843.000000, Transfer 37.000000 to Acc 5
User 2, Acc 8 Balance 2371.000000, Withdraw 500.000000 
User 4, Acc 7 Balance 2806.000000, Transfer 3.000000 to Acc 4
User 1, Acc 1 Balance 2719.000000, Transfer 163.000000 to Acc 9
User 0, Acc 1 Balance 2808.000000, Withdraw 500.000000 
User 3, Acc 3 Balance -6.000000, Deposit 929.000000 
User 0, Acc 2 Balance 858.000000, Withdraw 500.000000 
[22;32mUser 0, Acc 3 Balance -6.000000, 				Withdraw 500.000000 --insufficient funds[0m
User 4, Acc 7 Balance 2803.000000, Transfer 5.000000 to Acc 4
User 2, Acc 9 Balance 29150.000000, Withdraw 500.000000 
User 4, Acc 3 Balance 923.000000, Deposit 929.000000 
User 1, Acc 1 Balance 2056.000000, Withdraw 41.000000 
User 3, Acc 4 Balance 505.000000, Deposit 937.000000 
User 1, Acc 2 Balance 358.000000, Withdraw 71.000000 
User 0, Acc 4 Balance 505.000000, Withdraw 500.000000 
User 1, Acc 3 Balance 1852.000000, Withdraw 127.000000 
User 4, Acc 4 Balance 510.000000, Deposit 937.000000 
User 1, Acc 6 Balance 1614.000000, Withdraw 647.000000 
User 3, Acc 5 Balance 378.000000, Deposit 941.000000 
User 1, Acc 6 Balance 967.000000, Deposit 953.000000 
[22;32mUser 0, Acc 5 Balance 378.000000, 				Withdraw 500.000000 --insufficient funds[0m
User 1, Acc 7 Balance 2798.000000, Deposit 967.000000 
User 1, Acc 1 Balance 1515.000000, Transfer 19.000000 to Acc 7
User 2, Acc 0 Balance 1460.000000, Withdraw 500.000000 
[22;32mUser 5, Acc 3 Balance -6.000000, 				Withdraw 500.000000 --insufficient funds[0m
User 3, Acc 4 Balance 1884.000000, Withdraw 167.000000 
User 5, Acc 4 Balance 1884.000000, Withdraw 500.000000 
User 5, Acc 5 Balance 1319.000000, Withdraw 500.000000 
User 5, Acc 6 Balance 1920.000000, Withdraw 500.000000 
User 1, Acc 2 Balance 287.000000, Transfer 23.000000 to Acc 7
User 5, Acc 7 Balance 3784.000000, Withdraw 500.000000 
User 2, Acc 1 Balance 1496.000000, Withdraw 500.000000 
User 0, Acc 6 Balance 1920.000000, Withdraw 500.000000 
[22;32mUser 2, Acc 2 Balance 264.000000, 				Withdraw 500.000000 --insufficient funds[0m
User 4, Acc 5 Balance 378.000000, Deposit 941.000000 
User 1, Acc 6 Balance 1420.000000, Transfer 67.000000 to Acc 5
User 4, Acc 4 Balance 1217.000000, Withdraw 167.000000 
User 1, Acc 4 Balance 1217.000000, Transfer 53.000000 to Acc 5
User 4, Acc 5 Balance 1827.000000, Withdraw 307.000000 
User 4, Acc 1 Balance 996.000000, Transfer 89.000000 to Acc 8
User 5, Acc 8 Balance 1960.000000, Withdraw 500.000000 
User 4, Acc 1 Balance 907.000000, Transfer 163.000000 to Acc 9
User 5, Acc 9 Balance 28813.000000, Withdraw 500.000000 
User 4, Acc 1 Balance 744.000000, Withdraw 41.000000 
User 5, Acc 0 Balance 960.000000, Withdraw 500.000000 
User 4, Acc 2 Balance 264.000000, Withdraw 71.000000 
User 3, Acc 5 Balance 1319.000000, Withdraw 307.000000 
User 4, Acc 3 Balance 1725.000000, Withdraw 127.000000 
User 2, Acc 3 Balance 1725.000000, Withdraw 500.000000 
User 4, Acc 6 Balance 853.000000, Withdraw 647.000000 
User 1, Acc 7 Balance 3307.000000, Withdraw 593.000000 
User 4, Acc 6 Balance 206.000000, Deposit 953.000000 
User 1, Acc 8 Balance 1549.000000, Withdraw 449.000000 
User 4, Acc 7 Balance 2714.000000, Deposit 967.000000 
User 1, Acc 9 Balance 28476.000000, Withdraw 163.000000 
User 0, Acc 7 Balance 3307.000000, Withdraw 500.000000 
User 0, Acc 8 Balance 1100.000000, Withdraw 500.000000 
User 0, Acc 9 Balance 28313.000000, Withdraw 500.000000 
[22;32mUser 0, Acc 0 Balance 460.000000, 				Withdraw 500.000000 --insufficient funds[0m
User 0, Acc 1 Balance 703.000000, Withdraw 500.000000 
[22;32mUser 0, Acc 2 Balance 193.000000, 				Withdraw 500.000000 --insufficient funds[0m
User 2, Acc 4 Balance 997.000000, Withdraw 500.000000 
User 0, Acc 3 Balance 1098.000000, Withdraw 500.000000 
User 2, Acc 5 Balance 1266.000000, Withdraw 500.000000 
[22;32mUser 0, Acc 4 Balance 497.000000, 				Withdraw 500.000000 --insufficient funds[0m
User 0, Acc 5 Balance 766.000000, Withdraw 500.000000 
User 2, Acc 6 Balance 1159.000000, Withdraw 500.000000 
User 4, Acc 1 Balance 703.000000, Transfer 19.000000 to Acc 7
User 4, Acc 2 Balance 193.000000, Transfer 23.000000 to Acc 7
User 4, Acc 6 Balance 659.000000, Transfer 67.000000 to Acc 5
User 2, Acc 7 Balance 3181.000000, Withdraw 500.000000 
User 4, Acc 4 Balance 497.000000, Transfer 53.000000 to Acc 5
User 4, Acc 7 Balance 3223.000000, Withdraw 593.000000 
User 0, Acc 6 Balance 1159.000000, Withdraw 500.000000 
User 3, Acc 1 Balance 703.000000, Transfer 89.000000 to Acc 8
User 0, Acc 7 Balance 2130.000000, Withdraw 500.000000 
User 4, Acc 8 Balance 600.000000, Withdraw 449.000000 
User 2, Acc 8 Balance 600.000000, Withdraw 500.000000 
User 4, Acc 9 Balance 27813.000000, Withdraw 163.000000 
User 0, Acc 8 Balance 689.000000, Withdraw 500.000000 
User 2, Acc 9 Balance 27813.000000, Withdraw 500.000000 
User 0, Acc 9 Balance 27650.000000, Withdraw 500.000000 
[22;32mUser 0, Acc 0 Balance 460.000000, 				Withdraw 500.000000 --insufficient funds[0m
User 3, Acc 1 Balance 95.000000, Withdraw 41.000000 
User 3, Acc 2 Balance 170.000000, Withdraw 71.000000 
User 3, Acc 3 Balance 598.000000, Withdraw 127.000000 
[22;32mUser 3, Acc 6 Balance 92.000000, 				Withdraw 647.000000 --insufficient funds[0m
User 3, Acc 6 Balance 92.000000, Deposit 953.000000 
User 3, Acc 7 Balance 1630.000000, Deposit 967.000000 
User 3, Acc 1 Balance 54.000000, Transfer 19.000000 to Acc 7
User 3, Acc 2 Balance 99.000000, Transfer 23.000000 to Acc 7
User 3, Acc 6 Balance 1045.000000, Transfer 67.000000 to Acc 5
User 3, Acc 4 Balance 444.000000, Transfer 53.000000 to Acc 5
User 3, Acc 7 Balance 2639.000000, Withdraw 593.000000 
[22;32mUser 3, Acc 8 Balance -760.000000, 				Withdraw 449.000000 --insufficient funds[0m
[22;32mUser 2, Acc 0 Balance 460.000000, 				Withdraw 500.000000 --insufficient funds[0m
[22;32mUser 2, Acc 1 Balance 35.000000, 				Withdraw 500.000000 --insufficient funds[0m
[22;32mUser 2, Acc 2 Balance 76.000000, 				Withdraw 500.000000 --insufficient funds[0m
[22;32mUser 2, Acc 3 Balance 471.000000, 				Withdraw 500.000000 --insufficient funds[0m
[22;32mUser 2, Acc 4 Balance 391.000000, 				Withdraw 500.000000 --insufficient funds[0m
User 3, Acc 9 Balance 26650.000000, Withdraw 163.000000 
User 2, Acc 5 Balance 506.000000, Withdraw 500.000000 
User 2, Acc 6 Balance 978.000000, Withdraw 500.000000 
User 2, Acc 7 Balance 2046.000000, Withdraw 500.000000 
[22;32mUser 2, Acc 8 Balance -760.000000, 				Withdraw 500.000000 --insufficient funds[0m
User 2, Acc 9 Balance 26487.000000, Withdraw 500.000000 
[22;32mUser 2, Acc 0 Balance 460.000000, 				Withdraw 500.000000 --insufficient funds[0m
  ***     End of transaction batch    ***  
Account 0 balance after completion of transaction batch: 460.000000
Account 1 balance after completion of transaction batch: 35.000000
Account 2 balance after completion of transaction batch: 76.000000
Account 3 balance after completion of transaction batch: 471.000000
Account 4 balance after completion of transaction batch: 391.000000
Account 5 balance after completion of transaction batch: 6.000000
Account 6 balance after completion of transaction batch: 478.000000
Account 7 balance after completion of transaction batch: 1546.000000
Account 8 balance after completion of transaction batch: -760.000000
Account 9 balance after completion of transaction batch: 25987.000000
