# Output generated by:
# ./my_executable 6 data/transactions9.txt data/transactions3.txt data/transactions8.txt data/transactions4.txt data/transactions5.txt data/transactions1.txt

********************************************
   Reading and parsing a transaction file   
********************************************
Parsed transaction: deposit 9 617.000000 
Loaded deposit transaction
Parsed transaction: transfer 9 1 617.000000 
Loaded transfer transaction
Parsed transaction: deposit 8 619.000000 
Loaded deposit transaction
Parsed transaction: transfer 8 2 619.000000 
Loaded transfer transaction
Parsed transaction: deposit 7 631.000000 
Loaded deposit transaction
Parsed transaction: transfer 7 3 631.000000 
Loaded transfer transaction
Parsed transaction: deposit 6 641.000000 
Loaded deposit transaction
Parsed transaction: transfer 6 4 641.000000 
Loaded transfer transaction
Parsed transaction: deposit 5 643.000000 
Loaded deposit transaction
Parsed transaction: transfer 5 6 1200.000000 
Loaded transfer transaction
Parsed transaction: deposit 4 647.000000 
Loaded deposit transaction
Parsed transaction: transfer 4 7 1200.000000 
Loaded transfer transaction
Parsed transaction: deposit 3 653.000000 
Loaded deposit transaction
Parsed transaction: transfer 3 8 1200.000000 
Loaded transfer transaction
Parsed transaction: deposit 2 659.000000 
Loaded deposit transaction
Parsed transaction: transfer 2 9 1200.000000 
Loaded transfer transaction
Parsed transaction: deposit 1 661.000000 
Loaded deposit transaction
Parsed transaction: transfer 1 9 1200.000000 
Loaded transfer transaction
Parsed transaction: deposit 0 673.000000 
Loaded deposit transaction
Parsed transaction: transfer 0 9 1200.000000 
Loaded transfer transaction
Parsed transaction: withdraw 1 50.000000 
Loaded withdrawal transaction
Parsed transaction: withdraw 2 50.000000 
Loaded withdrawal transaction
Parsed transaction: withdraw 3 50.000000 
Loaded withdrawal transaction
Parsed transaction: withdraw 4 50.000000 
Loaded withdrawal transaction
Parsed transaction: withdraw 5 50.000000 
Loaded withdrawal transaction
Parsed transaction: withdraw 6 50.000000 
Loaded withdrawal transaction
Parsed transaction: withdraw 7 50.000000 
Loaded withdrawal transaction
Parsed transaction: withdraw 8 50.000000 
Loaded withdrawal transaction
Parsed transaction: withdraw 9 50.000000 
Loaded withdrawal transaction
Parsed transaction: withdraw 0 50.000000 
Loaded withdrawal transaction
********************************************
********************************************
   Reading and parsing a transaction file   
********************************************
Parsed transaction: deposit 0 400.000000 
Loaded deposit transaction
Parsed transaction: withdraw 0 200.000000 
Loaded withdrawal transaction
Parsed transaction: deposit 1 100.000000 
Loaded deposit transaction
Parsed transaction: deposit 2 900.000000 
Loaded deposit transaction
Parsed transaction: withdraw 1 50.000000 
Loaded withdrawal transaction
Parsed transaction: withdraw 2 150.000000 
Loaded withdrawal transaction
Parsed transaction: deposit 3 500.000000 
Loaded deposit transaction
Parsed transaction: transfer 2 1 300.000000 
Loaded transfer transaction
Parsed transaction: transfer 3 1 300.000000 
Loaded transfer transaction
Parsed transaction: deposit 0 400.000000 
Loaded deposit transaction
Parsed transaction: withdraw 3 200.000000 
Loaded withdrawal transaction
Parsed transaction: balance 1 
Loaded balance transaction
********************************************
********************************************
   Reading and parsing a transaction file   
********************************************
Parsed transaction: deposit 9 617.000000 
Loaded deposit transaction
Parsed transaction: transfer 9 1 617.000000 
Loaded transfer transaction
Parsed transaction: deposit 8 619.000000 
Loaded deposit transaction
Parsed transaction: transfer 8 2 619.000000 
Loaded transfer transaction
Parsed transaction: deposit 7 631.000000 
Loaded deposit transaction
Parsed transaction: transfer 7 3 631.000000 
Loaded transfer transaction
Parsed transaction: deposit 6 641.000000 
Loaded deposit transaction
Parsed transaction: transfer 6 4 641.000000 
Loaded transfer transaction
Parsed transaction: deposit 5 643.000000 
Loaded deposit transaction
Parsed transaction: transfer 5 6 1200.000000 
Loaded transfer transaction
Parsed transaction: deposit 4 647.000000 
Loaded deposit transaction
Parsed transaction: transfer 4 7 1200.000000 
Loaded transfer transaction
Parsed transaction: deposit 3 653.000000 
Loaded deposit transaction
Parsed transaction: transfer 3 8 1200.000000 
Loaded transfer transaction
Parsed transaction: deposit 2 659.000000 
Loaded deposit transaction
Parsed transaction: transfer 2 9 1200.000000 
Loaded transfer transaction
Parsed transaction: deposit 1 661.000000 
Loaded deposit transaction
Parsed transaction: transfer 1 9 1200.000000 
Loaded transfer transaction
Parsed transaction: deposit 0 673.000000 
Loaded deposit transaction
Parsed transaction: transfer 0 9 1200.000000 
Loaded transfer transaction
********************************************
********************************************
   Reading and parsing a transaction file   
********************************************
Parsed transaction: deposit 0 907.000000 
Loaded deposit transaction
Parsed transaction: deposit 1 911.000000 
Loaded deposit transaction
Parsed transaction: deposit 2 919.000000 
Loaded deposit transaction
Parsed transaction: deposit 3 929.000000 
Loaded deposit transaction
Parsed transaction: deposit 4 937.000000 
Loaded deposit transaction
Parsed transaction: deposit 5 941.000000 
Loaded deposit transaction
Parsed transaction: deposit 6 953.000000 
Loaded deposit transaction
Parsed transaction: deposit 7 967.000000 
Loaded deposit transaction
Parsed transaction: transfer 1 7 19.000000 
Loaded transfer transaction
Parsed transaction: transfer 2 7 23.000000 
Loaded transfer transaction
Parsed transaction: transfer 3 7 29.000000 
Loaded transfer transaction
Parsed transaction: transfer 7 6 31.000000 
Loaded transfer transaction
Parsed transaction: transfer 7 5 37.000000 
Loaded transfer transaction
Parsed transaction: transfer 7 4 3.000000 
Loaded transfer transaction
Parsed transaction: transfer 7 4 5.000000 
Loaded transfer transaction
Parsed transaction: transfer 6 5 67.000000 
Loaded transfer transaction
Parsed transaction: transfer 4 5 53.000000 
Loaded transfer transaction
Parsed transaction: transfer 1 8 89.000000 
Loaded transfer transaction
Parsed transaction: transfer 1 9 163.000000 
Loaded transfer transaction
Parsed transaction: withdraw 1 41.000000 
Loaded withdrawal transaction
Parsed transaction: withdraw 2 71.000000 
Loaded withdrawal transaction
Parsed transaction: withdraw 3 127.000000 
Loaded withdrawal transaction
Parsed transaction: withdraw 4 167.000000 
Loaded withdrawal transaction
Parsed transaction: withdraw 5 307.000000 
Loaded withdrawal transaction
Parsed transaction: withdraw 6 647.000000 
Loaded withdrawal transaction
Parsed transaction: withdraw 7 593.000000 
Loaded withdrawal transaction
Parsed transaction: withdraw 8 449.000000 
Loaded withdrawal transaction
Parsed transaction: withdraw 9 163.000000 
Loaded withdrawal transaction
********************************************
********************************************
   Reading and parsing a transaction file   
********************************************
Parsed transaction: deposit 0 907.000000 
Loaded deposit transaction
Parsed transaction: deposit 1 911.000000 
Loaded deposit transaction
Parsed transaction: deposit 2 919.000000 
Loaded deposit transaction
Parsed transaction: transfer 3 7 29.000000 
Loaded transfer transaction
Parsed transaction: transfer 7 6 31.000000 
Loaded transfer transaction
Parsed transaction: transfer 7 5 37.000000 
Loaded transfer transaction
Parsed transaction: transfer 7 4 3.000000 
Loaded transfer transaction
Parsed transaction: transfer 7 4 5.000000 
Loaded transfer transaction
Parsed transaction: deposit 3 929.000000 
Loaded deposit transaction
Parsed transaction: deposit 4 937.000000 
Loaded deposit transaction
Parsed transaction: deposit 5 941.000000 
Loaded deposit transaction
Parsed transaction: withdraw 4 167.000000 
Loaded withdrawal transaction
Parsed transaction: withdraw 5 307.000000 
Loaded withdrawal transaction
Parsed transaction: transfer 1 8 89.000000 
Loaded transfer transaction
Parsed transaction: transfer 1 9 163.000000 
Loaded transfer transaction
Parsed transaction: withdraw 1 41.000000 
Loaded withdrawal transaction
Parsed transaction: withdraw 2 71.000000 
Loaded withdrawal transaction
Parsed transaction: withdraw 3 127.000000 
Loaded withdrawal transaction
Parsed transaction: withdraw 6 647.000000 
Loaded withdrawal transaction
Parsed transaction: deposit 6 953.000000 
Loaded deposit transaction
Parsed transaction: deposit 7 967.000000 
Loaded deposit transaction
Parsed transaction: transfer 1 7 19.000000 
Loaded transfer transaction
Parsed transaction: transfer 2 7 23.000000 
Loaded transfer transaction
Parsed transaction: transfer 6 5 67.000000 
Loaded transfer transaction
Parsed transaction: transfer 4 5 53.000000 
Loaded transfer transaction
Parsed transaction: withdraw 7 593.000000 
Loaded withdrawal transaction
Parsed transaction: withdraw 8 449.000000 
Loaded withdrawal transaction
Parsed transaction: withdraw 9 163.000000 
Loaded withdrawal transaction
********************************************
********************************************
   Reading and parsing a transaction file   
********************************************
Parsed transaction: deposit 0 100.000000 
Loaded deposit transaction
Parsed transaction: deposit 0 200.000000 
Loaded deposit transaction
Parsed transaction: deposit 0 300.000000 
Loaded deposit transaction
Parsed transaction: withdraw 0 200.000000 
Loaded withdrawal transaction
Parsed transaction: withdraw 0 100.000000 
Loaded withdrawal transaction
Parsed transaction: withdraw 0 50.000000 
Loaded withdrawal transaction
Parsed transaction: transfer 1 0 200.000000 
Loaded transfer transaction
Parsed transaction: balance 0 
Loaded balance transaction
********************************************
  ***    Start of transaction batch    ***  
User 0, Acc 9 Balance 0.000000, Deposit 617.000000 
User 0, Acc 9 Balance 617.000000, Transfer 617.000000 to Acc 1
User 0, Acc 8 Balance 0.000000, Deposit 619.000000 
User 0, Acc 8 Balance 619.000000, Transfer 619.000000 to Acc 2
User 0, Acc 7 Balance 0.000000, Deposit 631.000000 
User 0, Acc 7 Balance 631.000000, Transfer 631.000000 to Acc 3
User 0, Acc 6 Balance 0.000000, Deposit 641.000000 
User 0, Acc 6 Balance 641.000000, Transfer 641.000000 to Acc 4
User 0, Acc 5 Balance 0.000000, Deposit 643.000000 
User 0, Acc 4 Balance 641.000000, Deposit 647.000000 
User 0, Acc 4 Balance 1288.000000, Transfer 1200.000000 to Acc 7
User 0, Acc 3 Balance 631.000000, Deposit 653.000000 
User 0, Acc 3 Balance 1284.000000, Transfer 1200.000000 to Acc 8
User 0, Acc 2 Balance 619.000000, Deposit 659.000000 
User 0, Acc 2 Balance 1278.000000, Transfer 1200.000000 to Acc 9
User 0, Acc 1 Balance 617.000000, Deposit 661.000000 
User 0, Acc 1 Balance 1278.000000, Transfer 1200.000000 to Acc 9
User 0, Acc 0 Balance 0.000000, Deposit 673.000000 
User 0, Acc 1 Balance 78.000000, Withdraw 50.000000 
User 0, Acc 2 Balance 78.000000, Withdraw 50.000000 
User 0, Acc 3 Balance 84.000000, Withdraw 50.000000 
User 0, Acc 4 Balance 88.000000, Withdraw 50.000000 
User 3, Acc 0 Balance 673.000000, Deposit 400.000000 
User 3, Acc 0 Balance 1073.000000, Withdraw 200.000000 
User 3, Acc 1 Balance 28.000000, Deposit 100.000000 
User 3, Acc 2 Balance 28.000000, Deposit 900.000000 
User 3, Acc 1 Balance 128.000000, Withdraw 50.000000 
User 3, Acc 2 Balance 928.000000, Withdraw 150.000000 
User 3, Acc 3 Balance 34.000000, Deposit 500.000000 
User 3, Acc 2 Balance 778.000000, Transfer 300.000000 to Acc 1
User 3, Acc 3 Balance 534.000000, Transfer 300.000000 to Acc 1
User 3, Acc 0 Balance 873.000000, Deposit 400.000000 
User 3, Acc 3 Balance 234.000000, Withdraw 200.000000 
Balance in 1: 678.000000
User 3, Acc 9 Balance 2400.000000, Deposit 617.000000 
User 3, Acc 9 Balance 3017.000000, Transfer 617.000000 to Acc 1
User 3, Acc 8 Balance 1200.000000, Deposit 619.000000 
User 3, Acc 8 Balance 1819.000000, Transfer 619.000000 to Acc 2
User 3, Acc 7 Balance 1200.000000, Deposit 631.000000 
User 3, Acc 7 Balance 1831.000000, Transfer 631.000000 to Acc 3
User 3, Acc 6 Balance 0.000000, Deposit 641.000000 
User 3, Acc 6 Balance 641.000000, Transfer 641.000000 to Acc 4
User 3, Acc 5 Balance 643.000000, Deposit 643.000000 
User 3, Acc 5 Balance 1286.000000, Transfer 1200.000000 to Acc 6
User 3, Acc 4 Balance 679.000000, Deposit 647.000000 
User 3, Acc 4 Balance 1326.000000, Transfer 1200.000000 to Acc 7
User 3, Acc 3 Balance 665.000000, Deposit 653.000000 
User 3, Acc 3 Balance 1318.000000, Transfer 1200.000000 to Acc 8
User 3, Acc 2 Balance 1097.000000, Deposit 659.000000 
User 3, Acc 2 Balance 1756.000000, Transfer 1200.000000 to Acc 9
User 3, Acc 1 Balance 1295.000000, Deposit 661.000000 
User 3, Acc 1 Balance 1956.000000, Transfer 1200.000000 to Acc 9
User 3, Acc 0 Balance 1273.000000, Deposit 673.000000 
User 3, Acc 0 Balance 1946.000000, Transfer 1200.000000 to Acc 9
User 3, Acc 1 Balance 756.000000, Withdraw 50.000000 
User 3, Acc 2 Balance 556.000000, Withdraw 50.000000 
User 3, Acc 3 Balance 118.000000, Withdraw 50.000000 
User 3, Acc 4 Balance 126.000000, Withdraw 50.000000 
User 3, Acc 5 Balance 86.000000, Withdraw 50.000000 
User 3, Acc 6 Balance 1200.000000, Withdraw 50.000000 
User 3, Acc 7 Balance 2400.000000, Withdraw 50.000000 
User 3, Acc 8 Balance 2400.000000, Withdraw 50.000000 
User 3, Acc 9 Balance 6000.000000, Withdraw 50.000000 
User 3, Acc 0 Balance 746.000000, Withdraw 50.000000 
User 3, Acc 9 Balance 5950.000000, Deposit 617.000000 
User 3, Acc 9 Balance 6567.000000, Transfer 617.000000 to Acc 1
User 3, Acc 8 Balance 2350.000000, Deposit 619.000000 
User 3, Acc 8 Balance 2969.000000, Transfer 619.000000 to Acc 2
User 3, Acc 7 Balance 2350.000000, Deposit 631.000000 
User 3, Acc 7 Balance 2981.000000, Transfer 631.000000 to Acc 3
User 3, Acc 6 Balance 1150.000000, Deposit 641.000000 
User 3, Acc 6 Balance 1791.000000, Transfer 641.000000 to Acc 4
User 3, Acc 5 Balance 36.000000, Deposit 643.000000 
User 3, Acc 4 Balance 717.000000, Deposit 647.000000 
User 3, Acc 4 Balance 1364.000000, Transfer 1200.000000 to Acc 7
User 3, Acc 3 Balance 699.000000, Deposit 653.000000 
User 3, Acc 3 Balance 1352.000000, Transfer 1200.000000 to Acc 8
User 3, Acc 2 Balance 1125.000000, Deposit 659.000000 
User 3, Acc 2 Balance 1784.000000, Transfer 1200.000000 to Acc 9
User 3, Acc 1 Balance 1323.000000, Deposit 661.000000 
User 3, Acc 1 Balance 1984.000000, Transfer 1200.000000 to Acc 9
User 3, Acc 0 Balance 696.000000, Deposit 673.000000 
User 3, Acc 0 Balance 1369.000000, Transfer 1200.000000 to Acc 9
User 3, Acc 1 Balance 784.000000, Withdraw 50.000000 
User 3, Acc 2 Balance 584.000000, Withdraw 50.000000 
User 3, Acc 3 Balance 152.000000, Withdraw 50.000000 
User 3, Acc 4 Balance 164.000000, Withdraw 50.000000 
User 3, Acc 5 Balance 679.000000, Withdraw 50.000000 
User 3, Acc 6 Balance 1150.000000, Withdraw 50.000000 
User 3, Acc 7 Balance 3550.000000, Withdraw 50.000000 
User 3, Acc 8 Balance 3550.000000, Withdraw 50.000000 
User 3, Acc 9 Balance 9550.000000, Withdraw 50.000000 
User 3, Acc 0 Balance 169.000000, Withdraw 50.000000 
User 3, Acc 0 Balance 119.000000, Deposit 400.000000 
User 3, Acc 0 Balance 519.000000, Withdraw 200.000000 
User 3, Acc 1 Balance 734.000000, Deposit 100.000000 
User 3, Acc 2 Balance 534.000000, Deposit 900.000000 
User 3, Acc 1 Balance 834.000000, Withdraw 50.000000 
User 3, Acc 2 Balance 1434.000000, Withdraw 150.000000 
User 3, Acc 3 Balance 102.000000, Deposit 500.000000 
User 4, Acc 0 Balance 673.000000, Deposit 100.000000 
User 4, Acc 0 Balance 419.000000, Deposit 200.000000 
User 4, Acc 0 Balance 619.000000, Deposit 300.000000 
User 4, Acc 0 Balance 919.000000, Withdraw 200.000000 
User 4, Acc 0 Balance 719.000000, Withdraw 100.000000 
User 4, Acc 0 Balance 619.000000, Withdraw 50.000000 
User 4, Acc 1 Balance 784.000000, Transfer 200.000000 to Acc 0
Balance in 0: 769.000000
User 4, Acc 0 Balance 769.000000, Deposit 400.000000 
User 4, Acc 0 Balance 1169.000000, Withdraw 200.000000 
User 4, Acc 1 Balance 584.000000, Deposit 100.000000 
User 4, Acc 2 Balance 1284.000000, Deposit 900.000000 
User 4, Acc 1 Balance 684.000000, Withdraw 50.000000 
User 4, Acc 2 Balance 2184.000000, Withdraw 150.000000 
User 4, Acc 3 Balance 602.000000, Deposit 500.000000 
User 4, Acc 2 Balance 2034.000000, Transfer 300.000000 to Acc 1
User 4, Acc 3 Balance 1102.000000, Transfer 300.000000 to Acc 1
User 4, Acc 0 Balance 969.000000, Deposit 400.000000 
User 4, Acc 3 Balance 802.000000, Withdraw 200.000000 
Balance in 1: 1234.000000
User 4, Acc 9 Balance 9500.000000, Deposit 617.000000 
User 4, Acc 9 Balance 10117.000000, Transfer 617.000000 to Acc 1
User 4, Acc 8 Balance 3500.000000, Deposit 619.000000 
User 4, Acc 8 Balance 4119.000000, Transfer 619.000000 to Acc 2
User 4, Acc 7 Balance 3500.000000, Deposit 631.000000 
User 4, Acc 7 Balance 4131.000000, Transfer 631.000000 to Acc 3
User 4, Acc 6 Balance 1100.000000, Deposit 641.000000 
User 4, Acc 6 Balance 1741.000000, Transfer 641.000000 to Acc 4
User 4, Acc 5 Balance 629.000000, Deposit 643.000000 
User 4, Acc 5 Balance 1272.000000, Transfer 1200.000000 to Acc 6
User 4, Acc 4 Balance 755.000000, Deposit 647.000000 
User 0, Acc 5 Balance 643.000000, Withdraw 50.000000 
User 2, Acc 9 Balance 2400.000000, Deposit 617.000000 
User 2, Acc 9 Balance 10117.000000, Transfer 617.000000 to Acc 1
User 2, Acc 8 Balance 3500.000000, Deposit 619.000000 
User 2, Acc 8 Balance 4119.000000, Transfer 619.000000 to Acc 2
User 2, Acc 7 Balance 3500.000000, Deposit 631.000000 
User 2, Acc 7 Balance 4131.000000, Transfer 631.000000 to Acc 3
User 2, Acc 6 Balance 2300.000000, Deposit 641.000000 
User 2, Acc 6 Balance 2941.000000, Transfer 641.000000 to Acc 4
User 2, Acc 5 Balance 22.000000, Deposit 643.000000 
User 2, Acc 4 Balance 2043.000000, Deposit 647.000000 
User 2, Acc 4 Balance 2690.000000, Transfer 1200.000000 to Acc 7
User 5, Acc 0 Balance 673.000000, Deposit 907.000000 
User 5, Acc 1 Balance 2468.000000, Deposit 911.000000 
User 5, Acc 2 Balance 2972.000000, Deposit 919.000000 
User 5, Acc 3 Balance 1864.000000, Transfer 29.000000 to Acc 7
User 5, Acc 7 Balance 4729.000000, Transfer 31.000000 to Acc 6
User 5, Acc 7 Balance 4698.000000, Transfer 37.000000 to Acc 5
User 5, Acc 7 Balance 4661.000000, Transfer 3.000000 to Acc 4
User 5, Acc 7 Balance 4658.000000, Transfer 5.000000 to Acc 4
User 5, Acc 3 Balance 1835.000000, Deposit 929.000000 
User 5, Acc 4 Balance 1498.000000, Deposit 937.000000 
User 5, Acc 5 Balance 702.000000, Deposit 941.000000 
User 5, Acc 4 Balance 2435.000000, Withdraw 167.000000 
User 5, Acc 5 Balance 1643.000000, Withdraw 307.000000 
User 5, Acc 1 Balance 3379.000000, Transfer 89.000000 to Acc 8
User 5, Acc 1 Balance 3290.000000, Transfer 163.000000 to Acc 9
User 5, Acc 1 Balance 3127.000000, Withdraw 41.000000 
User 5, Acc 2 Balance 3891.000000, Withdraw 71.000000 
User 5, Acc 3 Balance 2764.000000, Withdraw 127.000000 
User 5, Acc 6 Balance 2331.000000, Withdraw 647.000000 
User 5, Acc 6 Balance 1684.000000, Deposit 953.000000 
User 5, Acc 7 Balance 4653.000000, Deposit 967.000000 
User 5, Acc 1 Balance 3086.000000, Transfer 19.000000 to Acc 7
User 5, Acc 2 Balance 3820.000000, Transfer 23.000000 to Acc 7
User 4, Acc 4 Balance 1402.000000, Transfer 1200.000000 to Acc 7
User 0, Acc 6 Balance 2300.000000, Withdraw 50.000000 
User 4, Acc 3 Balance 2637.000000, Deposit 653.000000 
User 0, Acc 7 Balance 6862.000000, Withdraw 50.000000 
User 4, Acc 3 Balance 3290.000000, Transfer 1200.000000 to Acc 8
User 0, Acc 8 Balance 3589.000000, Withdraw 50.000000 
User 4, Acc 2 Balance 3797.000000, Deposit 659.000000 
User 4, Acc 2 Balance 4456.000000, Transfer 1200.000000 to Acc 9
User 4, Acc 1 Balance 3067.000000, Deposit 661.000000 
User 4, Acc 1 Balance 3728.000000, Transfer 1200.000000 to Acc 9
User 4, Acc 0 Balance 2276.000000, Deposit 673.000000 
User 4, Acc 0 Balance 2949.000000, Transfer 1200.000000 to Acc 9
User 4, Acc 9 Balance 13263.000000, Deposit 617.000000 
User 4, Acc 9 Balance 13880.000000, Transfer 617.000000 to Acc 1
User 2, Acc 3 Balance 1864.000000, Deposit 653.000000 
User 3, Acc 2 Balance 1284.000000, Transfer 300.000000 to Acc 1
User 5, Acc 6 Balance 2637.000000, Transfer 67.000000 to Acc 5
User 5, Acc 4 Balance 1068.000000, Transfer 53.000000 to Acc 5
User 1, Acc 0 Balance 673.000000, Deposit 907.000000 
User 4, Acc 8 Balance 4739.000000, Deposit 619.000000 
User 1, Acc 1 Balance 3445.000000, Deposit 911.000000 
User 3, Acc 3 Balance 2743.000000, Transfer 300.000000 to Acc 1
User 1, Acc 2 Balance 2956.000000, Deposit 919.000000 
User 1, Acc 3 Balance 2743.000000, Deposit 929.000000 
User 5, Acc 7 Balance 6812.000000, Withdraw 593.000000 
User 4, Acc 8 Balance 5358.000000, Transfer 619.000000 to Acc 2
User 5, Acc 8 Balance 5358.000000, Withdraw 449.000000 
User 4, Acc 7 Balance 6219.000000, Deposit 631.000000 
User 3, Acc 0 Balance 2656.000000, Deposit 400.000000 
User 4, Acc 7 Balance 6850.000000, Transfer 631.000000 to Acc 3
User 3, Acc 3 Balance 3372.000000, Withdraw 200.000000 
User 4, Acc 6 Balance 2520.000000, Deposit 641.000000 
User 0, Acc 9 Balance 9663.000000, Withdraw 50.000000 
User 1, Acc 4 Balance 1015.000000, Deposit 937.000000 
User 0, Acc 0 Balance 3056.000000, Withdraw 50.000000 
User 1, Acc 5 Balance 1456.000000, Deposit 941.000000 
User 0, Acc 0 Balance 3006.000000, Deposit 907.000000 
User 0, Acc 1 Balance 4656.000000, Deposit 911.000000 
User 4, Acc 6 Balance 3161.000000, Transfer 641.000000 to Acc 4
User 2, Acc 3 Balance 2743.000000, Transfer 1200.000000 to Acc 8
User 4, Acc 5 Balance 2397.000000, Deposit 643.000000 
User 2, Acc 2 Balance 4494.000000, Deposit 659.000000 
User 5, Acc 9 Balance 13263.000000, Withdraw 163.000000 
User 1, Acc 6 Balance 3161.000000, Deposit 953.000000 
User 5, Acc 0 Balance 3913.000000, Deposit 907.000000 
Balance in 1: 4656.000000
User 5, Acc 1 Balance 5567.000000, Deposit 911.000000 
User 3, Acc 9 Balance 13050.000000, Deposit 617.000000 
User 5, Acc 2 Balance 5153.000000, Deposit 919.000000 
User 5, Acc 3 Balance 2603.000000, Deposit 929.000000 
User 1, Acc 7 Balance 6219.000000, Deposit 967.000000 
User 5, Acc 4 Balance 2593.000000, Deposit 937.000000 
User 1, Acc 1 Balance 6478.000000, Transfer 19.000000 to Acc 7
User 5, Acc 5 Balance 3040.000000, Deposit 941.000000 
User 1, Acc 2 Balance 6072.000000, Transfer 23.000000 to Acc 7
User 5, Acc 6 Balance 3473.000000, Deposit 953.000000 
User 1, Acc 3 Balance 3532.000000, Transfer 29.000000 to Acc 7
User 5, Acc 7 Balance 7228.000000, Deposit 967.000000 
User 1, Acc 7 Balance 7257.000000, Transfer 31.000000 to Acc 6
User 5, Acc 1 Balance 6459.000000, Transfer 19.000000 to Acc 7
User 1, Acc 7 Balance 8193.000000, Transfer 37.000000 to Acc 5
User 5, Acc 2 Balance 6049.000000, Transfer 23.000000 to Acc 7
User 1, Acc 7 Balance 8175.000000, Transfer 3.000000 to Acc 4
User 0, Acc 2 Balance 4494.000000, Deposit 919.000000 
User 1, Acc 7 Balance 8195.000000, Transfer 5.000000 to Acc 4
User 4, Acc 5 Balance 3040.000000, Transfer 1200.000000 to Acc 6
User 4, Acc 4 Balance 3538.000000, Deposit 647.000000 
User 5, Acc 3 Balance 3503.000000, Transfer 29.000000 to Acc 7
User 4, Acc 4 Balance 4185.000000, Transfer 1200.000000 to Acc 7
User 5, Acc 7 Balance 8219.000000, Transfer 31.000000 to Acc 6
User 1, Acc 6 Balance 4457.000000, Transfer 67.000000 to Acc 5
User 5, Acc 7 Balance 9388.000000, Transfer 37.000000 to Acc 5
User 1, Acc 4 Balance 2985.000000, Transfer 53.000000 to Acc 5
User 5, Acc 7 Balance 9351.000000, Transfer 3.000000 to Acc 4
User 1, Acc 1 Balance 6440.000000, Transfer 89.000000 to Acc 8
User 1, Acc 1 Balance 6351.000000, Transfer 163.000000 to Acc 9
User 3, Acc 9 Balance 13667.000000, Transfer 617.000000 to Acc 1
User 1, Acc 1 Balance 6188.000000, Withdraw 41.000000 
User 3, Acc 8 Balance 5579.000000, Deposit 619.000000 
User 1, Acc 2 Balance 6945.000000, Withdraw 71.000000 
User 1, Acc 3 Balance 3474.000000, Withdraw 127.000000 
User 5, Acc 7 Balance 9348.000000, Transfer 5.000000 to Acc 4
User 2, Acc 2 Balance 5153.000000, Transfer 1200.000000 to Acc 9
User 5, Acc 6 Balance 5621.000000, Transfer 67.000000 to Acc 5
User 5, Acc 4 Balance 2940.000000, Transfer 53.000000 to Acc 5
User 0, Acc 3 Balance 3503.000000, Deposit 929.000000 
User 1, Acc 4 Balance 2935.000000, Withdraw 167.000000 
User 1, Acc 5 Balance 3095.000000, Withdraw 307.000000 
User 2, Acc 1 Balance 6764.000000, Deposit 661.000000 
User 1, Acc 6 Balance 5554.000000, Withdraw 647.000000 
User 1, Acc 7 Balance 9343.000000, Withdraw 593.000000 
User 5, Acc 1 Balance 6764.000000, Transfer 89.000000 to Acc 8
User 0, Acc 4 Balance 2887.000000, Deposit 937.000000 
User 5, Acc 1 Balance 7336.000000, Transfer 163.000000 to Acc 9
User 4, Acc 3 Balance 3474.000000, Deposit 653.000000 
User 2, Acc 1 Balance 7425.000000, Transfer 1200.000000 to Acc 9
User 4, Acc 3 Balance 4929.000000, Transfer 1200.000000 to Acc 8
User 2, Acc 0 Balance 4820.000000, Deposit 673.000000 
User 2, Acc 0 Balance 5493.000000, Transfer 1200.000000 to Acc 9
User 4, Acc 2 Balance 5674.000000, Deposit 659.000000 
User 2, Acc 9 Balance 16976.000000, Deposit 617.000000 
User 4, Acc 2 Balance 6333.000000, Transfer 1200.000000 to Acc 9
User 0, Acc 5 Balance 2788.000000, Deposit 941.000000 
User 3, Acc 8 Balance 6198.000000, Transfer 619.000000 to Acc 2
User 0, Acc 6 Balance 4907.000000, Deposit 953.000000 
User 3, Acc 7 Balance 8750.000000, Deposit 631.000000 
User 3, Acc 7 Balance 9381.000000, Transfer 631.000000 to Acc 3
User 1, Acc 8 Balance 6198.000000, Withdraw 449.000000 
User 4, Acc 1 Balance 5973.000000, Deposit 661.000000 
User 5, Acc 1 Balance 7173.000000, Withdraw 41.000000 
User 0, Acc 7 Balance 9381.000000, Deposit 967.000000 
User 2, Acc 9 Balance 17593.000000, Transfer 617.000000 to Acc 1
User 2, Acc 8 Balance 6419.000000, Deposit 619.000000 
User 2, Acc 8 Balance 7038.000000, Transfer 619.000000 to Acc 2
User 2, Acc 7 Balance 9717.000000, Deposit 631.000000 
User 5, Acc 2 Balance 5752.000000, Withdraw 71.000000 
User 2, Acc 7 Balance 10348.000000, Transfer 631.000000 to Acc 3
User 3, Acc 6 Balance 5860.000000, Deposit 641.000000 
User 2, Acc 6 Balance 5860.000000, Deposit 641.000000 
User 4, Acc 1 Balance 6634.000000, Transfer 1200.000000 to Acc 9
User 2, Acc 6 Balance 7142.000000, Transfer 641.000000 to Acc 4
User 0, Acc 1 Balance 6593.000000, Transfer 19.000000 to Acc 7
User 1, Acc 9 Balance 18793.000000, Withdraw 163.000000 
User 0, Acc 2 Balance 6300.000000, Transfer 23.000000 to Acc 7
User 3, Acc 6 Balance 6501.000000, Transfer 641.000000 to Acc 4
User 5, Acc 3 Balance 4360.000000, Withdraw 127.000000 
User 2, Acc 5 Balance 3729.000000, Deposit 643.000000 
User 5, Acc 4 Balance 4939.000000, Withdraw 167.000000 
User 0, Acc 3 Balance 4991.000000, Transfer 29.000000 to Acc 7
User 5, Acc 5 Balance 4372.000000, Withdraw 307.000000 
User 5, Acc 6 Balance 5860.000000, Withdraw 647.000000 
User 0, Acc 7 Balance 9788.000000, Transfer 31.000000 to Acc 6
User 1, Acc 9 Balance 19213.000000, Deposit 617.000000 
User 2, Acc 5 Balance 4372.000000, Transfer 1200.000000 to Acc 6
User 1, Acc 9 Balance 19830.000000, Transfer 617.000000 to Acc 1
User 2, Acc 4 Balance 4772.000000, Deposit 647.000000 
User 3, Acc 5 Balance 3729.000000, Deposit 643.000000 
User 2, Acc 4 Balance 5419.000000, Transfer 1200.000000 to Acc 7
User 0, Acc 7 Balance 9757.000000, Transfer 37.000000 to Acc 5
User 1, Acc 8 Balance 6419.000000, Deposit 619.000000 
User 0, Acc 7 Balance 10920.000000, Transfer 3.000000 to Acc 4
User 0, Acc 7 Balance 10917.000000, Transfer 5.000000 to Acc 4
User 3, Acc 5 Balance 3508.000000, Transfer 1200.000000 to Acc 6
User 0, Acc 6 Balance 6444.000000, Transfer 67.000000 to Acc 5
User 0, Acc 4 Balance 4227.000000, Transfer 53.000000 to Acc 5
User 4, Acc 0 Balance 4293.000000, Deposit 673.000000 
User 0, Acc 1 Balance 6608.000000, Transfer 89.000000 to Acc 8
User 4, Acc 0 Balance 4966.000000, Transfer 1200.000000 to Acc 9
User 0, Acc 1 Balance 6519.000000, Transfer 163.000000 to Acc 9
User 4, Acc 0 Balance 3766.000000, Deposit 400.000000 
User 0, Acc 1 Balance 6356.000000, Withdraw 41.000000 
User 4, Acc 0 Balance 4166.000000, Withdraw 200.000000 
User 1, Acc 8 Balance 7038.000000, Transfer 619.000000 to Acc 2
User 2, Acc 3 Balance 4835.000000, Deposit 653.000000 
User 1, Acc 7 Balance 10912.000000, Deposit 631.000000 
User 2, Acc 3 Balance 5488.000000, Transfer 1200.000000 to Acc 8
User 2, Acc 2 Balance 6896.000000, Deposit 659.000000 
User 0, Acc 2 Balance 6277.000000, Withdraw 71.000000 
User 0, Acc 3 Balance 4288.000000, Withdraw 127.000000 
User 3, Acc 4 Balance 4227.000000, Deposit 647.000000 
User 3, Acc 4 Balance 4821.000000, Transfer 1200.000000 to Acc 7
User 3, Acc 3 Balance 4161.000000, Deposit 653.000000 
User 3, Acc 3 Balance 4814.000000, Transfer 1200.000000 to Acc 8
User 3, Acc 2 Balance 7484.000000, Deposit 659.000000 
User 3, Acc 2 Balance 8143.000000, Transfer 1200.000000 to Acc 9
User 3, Acc 1 Balance 6315.000000, Deposit 661.000000 
User 3, Acc 1 Balance 6976.000000, Transfer 1200.000000 to Acc 9
User 3, Acc 0 Balance 3966.000000, Deposit 673.000000 
User 3, Acc 0 Balance 4639.000000, Transfer 1200.000000 to Acc 9
User 3, Acc 1 Balance 5776.000000, Withdraw 50.000000 
User 3, Acc 2 Balance 6943.000000, Withdraw 50.000000 
User 3, Acc 3 Balance 3614.000000, Withdraw 50.000000 
User 3, Acc 4 Balance 3621.000000, Withdraw 50.000000 
User 3, Acc 5 Balance 2465.000000, Withdraw 50.000000 
User 3, Acc 6 Balance 7577.000000, Withdraw 50.000000 
User 3, Acc 7 Balance 12743.000000, Withdraw 50.000000 
User 3, Acc 8 Balance 8908.000000, Withdraw 50.000000 
User 3, Acc 9 Balance 24176.000000, Withdraw 50.000000 
User 3, Acc 0 Balance 3439.000000, Withdraw 50.000000 
User 3, Acc 0 Balance 3389.000000, Deposit 907.000000 
User 3, Acc 1 Balance 5726.000000, Deposit 911.000000 
User 3, Acc 2 Balance 6893.000000, Deposit 919.000000 
User 3, Acc 3 Balance 3564.000000, Transfer 29.000000 to Acc 7
User 3, Acc 7 Balance 12722.000000, Transfer 31.000000 to Acc 6
User 3, Acc 7 Balance 12691.000000, Transfer 37.000000 to Acc 5
User 3, Acc 7 Balance 12654.000000, Transfer 3.000000 to Acc 4
User 3, Acc 7 Balance 12651.000000, Transfer 5.000000 to Acc 4
User 3, Acc 3 Balance 3535.000000, Deposit 929.000000 
User 3, Acc 4 Balance 3579.000000, Deposit 937.000000 
User 3, Acc 5 Balance 2452.000000, Deposit 941.000000 
User 3, Acc 4 Balance 4516.000000, Withdraw 167.000000 
User 3, Acc 5 Balance 3393.000000, Withdraw 307.000000 
User 3, Acc 1 Balance 6637.000000, Transfer 89.000000 to Acc 8
User 3, Acc 1 Balance 6548.000000, Transfer 163.000000 to Acc 9
User 3, Acc 1 Balance 6385.000000, Withdraw 41.000000 
User 3, Acc 2 Balance 7812.000000, Withdraw 71.000000 
User 3, Acc 3 Balance 4464.000000, Withdraw 127.000000 
User 3, Acc 6 Balance 7558.000000, Withdraw 647.000000 
User 3, Acc 6 Balance 6911.000000, Deposit 953.000000 
User 3, Acc 7 Balance 12646.000000, Deposit 967.000000 
User 3, Acc 1 Balance 6344.000000, Transfer 19.000000 to Acc 7
User 3, Acc 2 Balance 7741.000000, Transfer 23.000000 to Acc 7
User 3, Acc 6 Balance 7864.000000, Transfer 67.000000 to Acc 5
User 3, Acc 4 Balance 4349.000000, Transfer 53.000000 to Acc 5
User 3, Acc 7 Balance 13655.000000, Withdraw 593.000000 
User 3, Acc 8 Balance 8947.000000, Withdraw 449.000000 
User 3, Acc 9 Balance 24289.000000, Withdraw 163.000000 
User 3, Acc 0 Balance 4296.000000, Deposit 907.000000 
User 3, Acc 1 Balance 6325.000000, Deposit 911.000000 
User 3, Acc 2 Balance 7718.000000, Deposit 919.000000 
User 3, Acc 3 Balance 4337.000000, Transfer 29.000000 to Acc 7
User 3, Acc 7 Balance 13091.000000, Transfer 31.000000 to Acc 6
User 3, Acc 7 Balance 13060.000000, Transfer 37.000000 to Acc 5
User 3, Acc 7 Balance 13023.000000, Transfer 3.000000 to Acc 4
User 3, Acc 7 Balance 13020.000000, Transfer 5.000000 to Acc 4
User 3, Acc 3 Balance 4308.000000, Deposit 929.000000 
User 3, Acc 4 Balance 4304.000000, Deposit 937.000000 
User 3, Acc 5 Balance 3243.000000, Deposit 941.000000 
User 3, Acc 4 Balance 5241.000000, Withdraw 167.000000 
User 3, Acc 5 Balance 4184.000000, Withdraw 307.000000 
User 3, Acc 1 Balance 7236.000000, Transfer 89.000000 to Acc 8
User 3, Acc 1 Balance 7147.000000, Transfer 163.000000 to Acc 9
User 3, Acc 1 Balance 6984.000000, Withdraw 41.000000 
User 3, Acc 2 Balance 8637.000000, Withdraw 71.000000 
User 3, Acc 3 Balance 5237.000000, Withdraw 127.000000 
User 3, Acc 6 Balance 7828.000000, Withdraw 647.000000 
User 3, Acc 6 Balance 7181.000000, Deposit 953.000000 
User 2, Acc 2 Balance 7555.000000, Transfer 1200.000000 to Acc 9
User 3, Acc 7 Balance 13015.000000, Deposit 967.000000 
User 2, Acc 1 Balance 6943.000000, Deposit 661.000000 
User 5, Acc 7 Balance 9788.000000, Withdraw 593.000000 
User 4, Acc 1 Balance 6356.000000, Deposit 100.000000 
User 5, Acc 8 Balance 8587.000000, Withdraw 449.000000 
User 5, Acc 9 Balance 25489.000000, Withdraw 163.000000 
User 3, Acc 1 Balance 6943.000000, Transfer 19.000000 to Acc 7
User 5, Acc 0 Balance 5203.000000, Deposit 400.000000 
User 2, Acc 1 Balance 7604.000000, Transfer 1200.000000 to Acc 9
User 5, Acc 0 Balance 5603.000000, Withdraw 200.000000 
User 4, Acc 2 Balance 7366.000000, Deposit 900.000000 
User 3, Acc 2 Balance 7366.000000, Transfer 23.000000 to Acc 7
User 4, Acc 1 Balance 6485.000000, Withdraw 50.000000 
User 4, Acc 2 Balance 8266.000000, Withdraw 150.000000 
User 0, Acc 4 Balance 4174.000000, Withdraw 167.000000 
User 2, Acc 0 Balance 5603.000000, Deposit 673.000000 
User 0, Acc 5 Balance 3877.000000, Withdraw 307.000000 
User 2, Acc 0 Balance 6076.000000, Transfer 1200.000000 to Acc 9
User 2, Acc 1 Balance 6435.000000, Withdraw 50.000000 
User 0, Acc 6 Balance 8134.000000, Withdraw 647.000000 
User 2, Acc 2 Balance 8093.000000, Withdraw 50.000000 
User 2, Acc 3 Balance 5110.000000, Withdraw 50.000000 
User 2, Acc 4 Balance 4907.000000, Withdraw 50.000000 
User 5, Acc 1 Balance 6485.000000, Deposit 100.000000 
User 1, Acc 7 Balance 11543.000000, Transfer 631.000000 to Acc 3
User 3, Acc 6 Balance 8134.000000, Transfer 67.000000 to Acc 5
User 1, Acc 6 Balance 7487.000000, Deposit 641.000000 
User 3, Acc 4 Balance 4857.000000, Transfer 53.000000 to Acc 5
User 4, Acc 3 Balance 5110.000000, Deposit 500.000000 
User 5, Acc 2 Balance 8043.000000, Deposit 900.000000 
User 0, Acc 7 Balance 13431.000000, Withdraw 593.000000 
User 1, Acc 6 Balance 8061.000000, Transfer 641.000000 to Acc 4
User 3, Acc 7 Balance 12800.000000, Withdraw 593.000000 
User 1, Acc 5 Balance 3690.000000, Deposit 643.000000 
User 1, Acc 5 Balance 4333.000000, Transfer 1200.000000 to Acc 6
User 4, Acc 2 Balance 8043.000000, Transfer 300.000000 to Acc 1
User 5, Acc 1 Balance 6485.000000, Withdraw 50.000000 
User 0, Acc 8 Balance 8138.000000, Withdraw 449.000000 
User 2, Acc 5 Balance 3570.000000, Withdraw 50.000000 
User 0, Acc 9 Balance 27726.000000, Withdraw 163.000000 
User 2, Acc 6 Balance 8620.000000, Withdraw 50.000000 
User 1, Acc 4 Balance 5445.000000, Deposit 647.000000 
User 4, Acc 3 Balance 6191.000000, Transfer 300.000000 to Acc 1
User 1, Acc 4 Balance 6092.000000, Transfer 1200.000000 to Acc 7
User 4, Acc 0 Balance 4876.000000, Deposit 400.000000 
User 2, Acc 7 Balance 11614.000000, Withdraw 50.000000 
User 4, Acc 3 Balance 5891.000000, Withdraw 200.000000 
User 2, Acc 8 Balance 7689.000000, Withdraw 50.000000 
User 3, Acc 8 Balance 8138.000000, Withdraw 449.000000 
User 2, Acc 9 Balance 27563.000000, Withdraw 50.000000 
User 1, Acc 3 Balance 5891.000000, Deposit 653.000000 
User 5, Acc 2 Balance 8643.000000, Withdraw 150.000000 
User 1, Acc 3 Balance 6344.000000, Transfer 1200.000000 to Acc 8
User 5, Acc 3 Balance 6344.000000, Deposit 500.000000 
User 3, Acc 9 Balance 27563.000000, Withdraw 163.000000 
User 2, Acc 0 Balance 5276.000000, Withdraw 50.000000 
Balance in 1: 7035.000000
User 2, Acc 0 Balance 5226.000000, Deposit 100.000000 
User 1, Acc 2 Balance 8493.000000, Deposit 659.000000 
User 5, Acc 2 Balance 8493.000000, Transfer 300.000000 to Acc 1
User 1, Acc 2 Balance 9152.000000, Transfer 1200.000000 to Acc 9
User 5, Acc 3 Balance 5644.000000, Transfer 300.000000 to Acc 1
User 5, Acc 0 Balance 5326.000000, Deposit 400.000000 
User 2, Acc 0 Balance 5326.000000, Deposit 200.000000 
User 5, Acc 3 Balance 5344.000000, Withdraw 200.000000 
User 2, Acc 0 Balance 5926.000000, Deposit 300.000000 
Balance in 1: 7635.000000
User 5, Acc 9 Balance 28550.000000, Deposit 617.000000 
User 1, Acc 1 Balance 7635.000000, Deposit 661.000000 
User 3, Acc 0 Balance 5276.000000, Deposit 100.000000 
User 1, Acc 1 Balance 8296.000000, Transfer 1200.000000 to Acc 9
User 1, Acc 0 Balance 6326.000000, Deposit 673.000000 
User 4, Acc 0 Balance 5226.000000, Deposit 400.000000 
User 5, Acc 9 Balance 29167.000000, Transfer 617.000000 to Acc 1
User 5, Acc 8 Balance 8390.000000, Deposit 619.000000 
User 3, Acc 0 Balance 6326.000000, Deposit 200.000000 
User 3, Acc 0 Balance 7599.000000, Deposit 300.000000 
User 2, Acc 0 Balance 6226.000000, Withdraw 200.000000 
User 2, Acc 0 Balance 7699.000000, Withdraw 100.000000 
User 2, Acc 0 Balance 7599.000000, Withdraw 50.000000 
User 2, Acc 1 Balance 7713.000000, Transfer 200.000000 to Acc 0
Balance in 0: 7749.000000
User 2, Acc 0 Balance 7749.000000, Deposit 907.000000 
User 0, Acc 9 Balance 27563.000000, Deposit 617.000000 
User 5, Acc 8 Balance 9009.000000, Transfer 619.000000 to Acc 2
User 3, Acc 0 Balance 7899.000000, Withdraw 200.000000 
User 5, Acc 7 Balance 12764.000000, Deposit 631.000000 
User 4, Acc 0 Balance 7399.000000, Withdraw 200.000000 
User 5, Acc 7 Balance 13395.000000, Transfer 631.000000 to Acc 3
User 4, Acc 1 Balance 7513.000000, Deposit 100.000000 
User 1, Acc 0 Balance 6999.000000, Transfer 1200.000000 to Acc 9
User 3, Acc 0 Balance 8456.000000, Withdraw 100.000000 
User 1, Acc 1 Balance 7613.000000, Withdraw 50.000000 
User 2, Acc 1 Balance 7513.000000, Deposit 911.000000 
User 0, Acc 9 Balance 30367.000000, Transfer 617.000000 to Acc 1
User 5, Acc 6 Balance 8570.000000, Deposit 641.000000 
User 4, Acc 2 Balance 8271.000000, Deposit 900.000000 
User 1, Acc 2 Balance 8271.000000, Withdraw 50.000000 
User 3, Acc 0 Balance 6956.000000, Withdraw 50.000000 
User 1, Acc 3 Balance 5775.000000, Withdraw 50.000000 
User 2, Acc 2 Balance 8271.000000, Deposit 919.000000 
User 1, Acc 4 Balance 4892.000000, Withdraw 50.000000 
User 5, Acc 6 Balance 9211.000000, Transfer 641.000000 to Acc 4
User 1, Acc 5 Balance 3083.000000, Withdraw 50.000000 
User 5, Acc 5 Balance 3083.000000, Deposit 643.000000 
User 1, Acc 6 Balance 8570.000000, Withdraw 50.000000 
User 2, Acc 3 Balance 5725.000000, Deposit 929.000000 
User 4, Acc 1 Balance 9091.000000, Withdraw 50.000000 
User 3, Acc 1 Balance 9091.000000, Transfer 200.000000 to Acc 0
User 4, Acc 2 Balance 10040.000000, Withdraw 150.000000 
User 1, Acc 7 Balance 12764.000000, Withdraw 50.000000 
User 2, Acc 4 Balance 5483.000000, Deposit 937.000000 
User 1, Acc 8 Balance 8390.000000, Withdraw 50.000000 
User 1, Acc 9 Balance 30950.000000, Withdraw 50.000000 
Balance in 0: 7106.000000
User 1, Acc 0 Balance 7106.000000, Withdraw 50.000000 
User 3, Acc 9 Balance 30900.000000, Deposit 617.000000 
User 1, Acc 0 Balance 7056.000000, Deposit 907.000000 
User 2, Acc 5 Balance 3676.000000, Deposit 941.000000 
User 1, Acc 1 Balance 8841.000000, Deposit 911.000000 
User 4, Acc 3 Balance 6654.000000, Deposit 500.000000 
User 1, Acc 2 Balance 9890.000000, Deposit 919.000000 
User 3, Acc 9 Balance 31517.000000, Transfer 617.000000 to Acc 1
User 5, Acc 5 Balance 3676.000000, Transfer 1200.000000 to Acc 6
User 5, Acc 4 Balance 6420.000000, Deposit 647.000000 
User 5, Acc 4 Balance 7067.000000, Transfer 1200.000000 to Acc 7
User 5, Acc 3 Balance 7154.000000, Deposit 653.000000 
User 5, Acc 3 Balance 7807.000000, Transfer 1200.000000 to Acc 8
User 5, Acc 2 Balance 10809.000000, Deposit 659.000000 
User 1, Acc 3 Balance 7154.000000, Deposit 929.000000 
User 5, Acc 2 Balance 11468.000000, Transfer 1200.000000 to Acc 9
User 1, Acc 4 Balance 5867.000000, Deposit 937.000000 
User 5, Acc 1 Balance 10369.000000, Deposit 661.000000 
User 1, Acc 5 Balance 3417.000000, Deposit 941.000000 
User 1, Acc 6 Balance 9720.000000, Deposit 953.000000 
User 3, Acc 8 Balance 8340.000000, Deposit 619.000000 
User 1, Acc 7 Balance 13914.000000, Deposit 967.000000 
User 4, Acc 2 Balance 9890.000000, Transfer 300.000000 to Acc 1
User 0, Acc 8 Balance 8390.000000, Deposit 619.000000 
User 5, Acc 1 Balance 11030.000000, Transfer 1200.000000 to Acc 9
User 0, Acc 8 Balance 10778.000000, Transfer 619.000000 to Acc 2
User 5, Acc 0 Balance 7963.000000, Deposit 673.000000 
User 0, Acc 7 Balance 14881.000000, Deposit 631.000000 
User 0, Acc 7 Balance 15512.000000, Transfer 631.000000 to Acc 3
User 0, Acc 6 Balance 10673.000000, Deposit 641.000000 
User 0, Acc 6 Balance 11314.000000, Transfer 641.000000 to Acc 4
User 0, Acc 5 Balance 4358.000000, Deposit 643.000000 
User 0, Acc 5 Balance 5001.000000, Transfer 1200.000000 to Acc 6
User 0, Acc 4 Balance 7445.000000, Deposit 647.000000 
User 0, Acc 4 Balance 8092.000000, Transfer 1200.000000 to Acc 7
User 0, Acc 3 Balance 8167.000000, Deposit 653.000000 
User 0, Acc 3 Balance 8820.000000, Transfer 1200.000000 to Acc 8
User 0, Acc 2 Balance 10587.000000, Deposit 659.000000 
User 3, Acc 8 Balance 10159.000000, Transfer 619.000000 to Acc 2
User 0, Acc 2 Balance 11246.000000, Transfer 1200.000000 to Acc 9
User 3, Acc 7 Balance 16081.000000, Deposit 631.000000 
User 3, Acc 7 Balance 16712.000000, Transfer 631.000000 to Acc 3
User 1, Acc 1 Balance 11030.000000, Transfer 19.000000 to Acc 7
User 4, Acc 3 Balance 7536.000000, Transfer 300.000000 to Acc 1
User 1, Acc 2 Balance 10665.000000, Transfer 23.000000 to Acc 7
User 4, Acc 0 Balance 8636.000000, Deposit 400.000000 
User 5, Acc 0 Balance 8636.000000, Transfer 1200.000000 to Acc 9
User 4, Acc 3 Balance 7951.000000, Withdraw 200.000000 
User 5, Acc 0 Balance 7836.000000, Deposit 907.000000 
Balance in 1: 10411.000000
User 1, Acc 3 Balance 7951.000000, Transfer 29.000000 to Acc 7
User 3, Acc 6 Balance 11873.000000, Deposit 641.000000 
User 1, Acc 7 Balance 16152.000000, Transfer 31.000000 to Acc 6
User 5, Acc 1 Balance 10411.000000, Deposit 911.000000 
User 4, Acc 0 Balance 8743.000000, Deposit 907.000000 
User 5, Acc 2 Balance 10642.000000, Deposit 919.000000 
User 4, Acc 1 Balance 11322.000000, Deposit 911.000000 
User 3, Acc 6 Balance 12514.000000, Transfer 641.000000 to Acc 4
User 4, Acc 2 Balance 11561.000000, Deposit 919.000000 
User 3, Acc 5 Balance 3801.000000, Deposit 643.000000 
User 0, Acc 1 Balance 10130.000000, Deposit 661.000000 
User 5, Acc 3 Balance 7722.000000, Deposit 929.000000 
User 0, Acc 1 Balance 12894.000000, Transfer 1200.000000 to Acc 9
User 0, Acc 0 Balance 9650.000000, Deposit 673.000000 
User 4, Acc 3 Balance 7722.000000, Transfer 29.000000 to Acc 7
User 3, Acc 5 Balance 4444.000000, Transfer 1200.000000 to Acc 6
User 4, Acc 7 Balance 16150.000000, Transfer 31.000000 to Acc 6
User 3, Acc 4 Balance 7533.000000, Deposit 647.000000 
User 3, Acc 4 Balance 8180.000000, Transfer 1200.000000 to Acc 7
User 5, Acc 4 Balance 7533.000000, Deposit 937.000000 
User 0, Acc 0 Balance 10323.000000, Transfer 1200.000000 to Acc 9
User 5, Acc 5 Balance 3244.000000, Deposit 941.000000 
User 2, Acc 6 Balance 8520.000000, Deposit 953.000000 
User 1, Acc 7 Balance 16121.000000, Transfer 37.000000 to Acc 5
User 3, Acc 3 Balance 8622.000000, Deposit 653.000000 
User 1, Acc 7 Balance 17282.000000, Transfer 3.000000 to Acc 4
User 3, Acc 3 Balance 9275.000000, Transfer 1200.000000 to Acc 8
User 5, Acc 6 Balance 13135.000000, Deposit 953.000000 
User 4, Acc 7 Balance 16119.000000, Transfer 37.000000 to Acc 5
User 5, Acc 7 Balance 17279.000000, Deposit 967.000000 
User 5, Acc 1 Balance 11694.000000, Transfer 19.000000 to Acc 7
User 1, Acc 7 Balance 17279.000000, Transfer 5.000000 to Acc 4
User 3, Acc 2 Balance 12480.000000, Deposit 659.000000 
User 1, Acc 6 Balance 15041.000000, Transfer 67.000000 to Acc 5
User 3, Acc 2 Balance 13139.000000, Transfer 1200.000000 to Acc 9
User 1, Acc 4 Balance 7925.000000, Transfer 53.000000 to Acc 5
User 1, Acc 1 Balance 11675.000000, Transfer 89.000000 to Acc 8
User 5, Acc 2 Balance 12480.000000, Transfer 23.000000 to Acc 7
User 2, Acc 7 Balance 17319.000000, Deposit 967.000000 
User 5, Acc 3 Balance 8075.000000, Transfer 29.000000 to Acc 7
User 2, Acc 1 Balance 11586.000000, Transfer 19.000000 to Acc 7
User 3, Acc 1 Balance 11675.000000, Deposit 661.000000 
User 4, Acc 7 Balance 18209.000000, Transfer 3.000000 to Acc 4
User 3, Acc 1 Balance 12228.000000, Transfer 1200.000000 to Acc 9
User 3, Acc 0 Balance 9123.000000, Deposit 673.000000 
User 0, Acc 0 Balance 9123.000000, Deposit 907.000000 
User 0, Acc 1 Balance 11028.000000, Deposit 911.000000 
User 0, Acc 2 Balance 11916.000000, Deposit 919.000000 
User 0, Acc 3 Balance 8046.000000, Transfer 29.000000 to Acc 7
User 0, Acc 7 Balance 19287.000000, Transfer 31.000000 to Acc 6
User 0, Acc 7 Balance 19256.000000, Transfer 37.000000 to Acc 5
User 0, Acc 7 Balance 19219.000000, Transfer 3.000000 to Acc 4
User 3, Acc 0 Balance 9796.000000, Transfer 1200.000000 to Acc 9
User 2, Acc 2 Balance 11916.000000, Transfer 23.000000 to Acc 7
User 5, Acc 7 Balance 19261.000000, Transfer 31.000000 to Acc 6
User 1, Acc 1 Balance 11586.000000, Transfer 163.000000 to Acc 9
User 4, Acc 7 Balance 19258.000000, Transfer 5.000000 to Acc 4
User 1, Acc 1 Balance 11776.000000, Withdraw 41.000000 
User 1, Acc 2 Balance 12812.000000, Withdraw 71.000000 
User 4, Acc 3 Balance 8017.000000, Deposit 929.000000 
User 2, Acc 3 Balance 8017.000000, Transfer 29.000000 to Acc 7
User 4, Acc 4 Balance 7883.000000, Deposit 937.000000 
User 2, Acc 7 Balance 19232.000000, Transfer 31.000000 to Acc 6
User 2, Acc 7 Balance 19201.000000, Transfer 37.000000 to Acc 5
User 0, Acc 7 Balance 19216.000000, Transfer 5.000000 to Acc 4
User 1, Acc 3 Balance 8017.000000, Withdraw 127.000000 
User 0, Acc 3 Balance 8917.000000, Deposit 929.000000 
User 0, Acc 4 Balance 8825.000000, Deposit 937.000000 
User 4, Acc 5 Balance 4416.000000, Deposit 941.000000 
User 0, Acc 5 Balance 4453.000000, Deposit 941.000000 
User 4, Acc 4 Balance 9762.000000, Withdraw 167.000000 
User 0, Acc 4 Balance 9762.000000, Withdraw 167.000000 
User 4, Acc 5 Balance 6335.000000, Withdraw 307.000000 
User 4, Acc 1 Balance 11735.000000, Transfer 89.000000 to Acc 8
User 4, Acc 1 Balance 11646.000000, Transfer 163.000000 to Acc 9
User 4, Acc 1 Balance 11483.000000, Withdraw 41.000000 
User 4, Acc 2 Balance 12741.000000, Withdraw 71.000000 
User 4, Acc 3 Balance 9719.000000, Withdraw 127.000000 
User 4, Acc 6 Balance 15067.000000, Withdraw 647.000000 
User 4, Acc 6 Balance 14420.000000, Deposit 953.000000 
User 0, Acc 5 Balance 6028.000000, Withdraw 307.000000 
User 4, Acc 7 Balance 19159.000000, Deposit 967.000000 
User 0, Acc 1 Balance 11442.000000, Transfer 89.000000 to Acc 8
User 4, Acc 1 Balance 11442.000000, Transfer 19.000000 to Acc 7
User 0, Acc 1 Balance 11353.000000, Transfer 163.000000 to Acc 9
User 5, Acc 7 Balance 19208.000000, Transfer 37.000000 to Acc 5
User 5, Acc 7 Balance 20108.000000, Transfer 3.000000 to Acc 4
User 5, Acc 7 Balance 20105.000000, Transfer 5.000000 to Acc 4
User 5, Acc 6 Balance 15373.000000, Transfer 67.000000 to Acc 5
User 1, Acc 4 Balance 8825.000000, Withdraw 167.000000 
User 5, Acc 4 Balance 9436.000000, Transfer 53.000000 to Acc 5
User 1, Acc 5 Balance 5825.000000, Withdraw 307.000000 
User 1, Acc 6 Balance 15306.000000, Withdraw 647.000000 
User 3, Acc 0 Balance 9503.000000, Deposit 100.000000 
User 1, Acc 7 Balance 20100.000000, Withdraw 593.000000 
User 3, Acc 0 Balance 9603.000000, Deposit 200.000000 
User 3, Acc 0 Balance 9803.000000, Deposit 300.000000 
User 0, Acc 1 Balance 11171.000000, Withdraw 41.000000 
User 5, Acc 1 Balance 11171.000000, Transfer 89.000000 to Acc 8
User 0, Acc 2 Balance 12670.000000, Withdraw 71.000000 
User 5, Acc 1 Balance 11041.000000, Transfer 163.000000 to Acc 9
User 4, Acc 2 Balance 12670.000000, Transfer 23.000000 to Acc 7
User 3, Acc 0 Balance 10103.000000, Withdraw 200.000000 
User 4, Acc 6 Balance 14659.000000, Transfer 67.000000 to Acc 5
User 0, Acc 3 Balance 9592.000000, Withdraw 127.000000 
User 5, Acc 1 Balance 10878.000000, Withdraw 41.000000 
User 0, Acc 6 Balance 14592.000000, Withdraw 647.000000 
User 0, Acc 6 Balance 13945.000000, Deposit 953.000000 
User 2, Acc 7 Balance 19164.000000, Transfer 3.000000 to Acc 4
User 0, Acc 7 Balance 19530.000000, Deposit 967.000000 
User 2, Acc 7 Balance 19527.000000, Transfer 5.000000 to Acc 4
User 2, Acc 6 Balance 14898.000000, Transfer 67.000000 to Acc 5
User 0, Acc 1 Balance 10837.000000, Transfer 19.000000 to Acc 7
User 5, Acc 2 Balance 12576.000000, Withdraw 71.000000 
User 3, Acc 0 Balance 9903.000000, Withdraw 100.000000 
User 3, Acc 0 Balance 9803.000000, Withdraw 50.000000 
User 3, Acc 1 Balance 10818.000000, Transfer 200.000000 to Acc 0
Balance in 0: 9953.000000
User 3, Acc 0 Balance 9953.000000, Deposit 907.000000 
User 3, Acc 1 Balance 10618.000000, Deposit 911.000000 
User 3, Acc 2 Balance 12505.000000, Deposit 919.000000 
User 3, Acc 3 Balance 9465.000000, Transfer 29.000000 to Acc 7
User 3, Acc 7 Balance 20537.000000, Transfer 31.000000 to Acc 6
User 3, Acc 7 Balance 20506.000000, Transfer 37.000000 to Acc 5
User 3, Acc 7 Balance 20469.000000, Transfer 3.000000 to Acc 4
User 3, Acc 7 Balance 20466.000000, Transfer 5.000000 to Acc 4
User 3, Acc 3 Balance 9436.000000, Deposit 929.000000 
User 3, Acc 4 Balance 9232.000000, Deposit 937.000000 
User 3, Acc 5 Balance 5742.000000, Deposit 941.000000 
User 3, Acc 4 Balance 10169.000000, Withdraw 167.000000 
User 3, Acc 5 Balance 6683.000000, Withdraw 307.000000 
User 3, Acc 1 Balance 11529.000000, Transfer 89.000000 to Acc 8
User 3, Acc 1 Balance 11440.000000, Transfer 163.000000 to Acc 9
User 3, Acc 1 Balance 11277.000000, Withdraw 41.000000 
User 3, Acc 2 Balance 13424.000000, Withdraw 71.000000 
User 3, Acc 3 Balance 10365.000000, Withdraw 127.000000 
User 3, Acc 6 Balance 14862.000000, Withdraw 647.000000 
User 3, Acc 6 Balance 14215.000000, Deposit 953.000000 
User 3, Acc 7 Balance 20461.000000, Deposit 967.000000 
User 3, Acc 1 Balance 11236.000000, Transfer 19.000000 to Acc 7
User 3, Acc 2 Balance 13353.000000, Transfer 23.000000 to Acc 7
User 3, Acc 6 Balance 15168.000000, Transfer 67.000000 to Acc 5
User 3, Acc 4 Balance 10002.000000, Transfer 53.000000 to Acc 5
User 3, Acc 7 Balance 21470.000000, Withdraw 593.000000 
User 3, Acc 8 Balance 12385.000000, Withdraw 449.000000 
User 3, Acc 9 Balance 42515.000000, Withdraw 163.000000 
User 3, Acc 0 Balance 10860.000000, Deposit 100.000000 
User 3, Acc 0 Balance 10960.000000, Deposit 200.000000 
User 3, Acc 0 Balance 11160.000000, Deposit 300.000000 
User 3, Acc 0 Balance 11460.000000, Withdraw 200.000000 
User 3, Acc 0 Balance 11260.000000, Withdraw 100.000000 
User 3, Acc 0 Balance 11160.000000, Withdraw 50.000000 
User 3, Acc 1 Balance 11217.000000, Transfer 200.000000 to Acc 0
Balance in 0: 11310.000000
User 3, Acc 0 Balance 11310.000000, Deposit 100.000000 
User 3, Acc 0 Balance 11410.000000, Deposit 200.000000 
User 3, Acc 0 Balance 11610.000000, Deposit 300.000000 
User 3, Acc 0 Balance 11910.000000, Withdraw 200.000000 
User 3, Acc 0 Balance 11710.000000, Withdraw 100.000000 
User 3, Acc 0 Balance 11610.000000, Withdraw 50.000000 
User 3, Acc 1 Balance 11017.000000, Transfer 200.000000 to Acc 0
Balance in 0: 11760.000000
User 5, Acc 3 Balance 9465.000000, Withdraw 127.000000 
User 5, Acc 4 Balance 9949.000000, Withdraw 167.000000 
User 5, Acc 5 Balance 6496.000000, Withdraw 307.000000 
User 5, Acc 6 Balance 15101.000000, Withdraw 647.000000 
User 1, Acc 8 Balance 12207.000000, Withdraw 449.000000 
User 5, Acc 7 Balance 20877.000000, Withdraw 593.000000 
User 1, Acc 9 Balance 42352.000000, Withdraw 163.000000 
User 5, Acc 8 Balance 11487.000000, Withdraw 449.000000 
User 5, Acc 9 Balance 42352.000000, Withdraw 163.000000 
User 2, Acc 4 Balance 9224.000000, Transfer 53.000000 to Acc 5
User 0, Acc 2 Balance 12576.000000, Transfer 23.000000 to Acc 7
User 0, Acc 6 Balance 14454.000000, Transfer 67.000000 to Acc 5
User 0, Acc 4 Balance 9729.000000, Transfer 53.000000 to Acc 5
User 4, Acc 4 Balance 9216.000000, Transfer 53.000000 to Acc 5
User 0, Acc 7 Balance 20307.000000, Withdraw 593.000000 
User 0, Acc 8 Balance 11038.000000, Withdraw 449.000000 
User 0, Acc 9 Balance 42026.000000, Withdraw 163.000000 
User 4, Acc 7 Balance 20307.000000, Withdraw 593.000000 
User 4, Acc 8 Balance 10589.000000, Withdraw 449.000000 
User 4, Acc 9 Balance 41863.000000, Withdraw 163.000000 
User 2, Acc 1 Balance 10817.000000, Transfer 89.000000 to Acc 8
User 2, Acc 1 Balance 10728.000000, Transfer 163.000000 to Acc 9
User 2, Acc 1 Balance 10565.000000, Withdraw 41.000000 
User 2, Acc 2 Balance 13307.000000, Withdraw 71.000000 
User 2, Acc 3 Balance 10111.000000, Withdraw 127.000000 
User 2, Acc 4 Balance 9623.000000, Withdraw 167.000000 
User 2, Acc 5 Balance 6415.000000, Withdraw 307.000000 
User 2, Acc 6 Balance 14387.000000, Withdraw 647.000000 
User 2, Acc 7 Balance 19121.000000, Withdraw 593.000000 
User 2, Acc 8 Balance 10229.000000, Withdraw 449.000000 
User 2, Acc 9 Balance 41863.000000, Withdraw 163.000000 
  ***     End of transaction batch    ***  
Account 0 balance after completion of transaction batch: 11760.000000
Account 1 balance after completion of transaction batch: 10524.000000
Account 2 balance after completion of transaction batch: 13236.000000
Account 3 balance after completion of transaction batch: 9984.000000
Account 4 balance after completion of transaction batch: 9456.000000
Account 5 balance after completion of transaction batch: 6108.000000
Account 6 balance after completion of transaction batch: 13740.000000
Account 7 balance after completion of transaction batch: 18528.000000
Account 8 balance after completion of transaction batch: 9780.000000
Account 9 balance after completion of transaction batch: 41700.000000
