# Output generated by:
# ./my_executable 6 data/transactions7.txt data/transactions9.txt data/transactions4.txt data/transactions10.txt data/transactions5.txt data/transactions1.txt

********************************************
   Reading and parsing a transaction file   
********************************************
Parsed transaction: deposit 7 9929.000000 
Loaded deposit transaction
Parsed transaction: deposit 4 937.000000 
Loaded deposit transaction
Parsed transaction: deposit 5 941.000000 
Loaded deposit transaction
Parsed transaction: deposit 0 7.000000 
Loaded deposit transaction
Parsed transaction: deposit 3 29.000000 
Loaded deposit transaction
Parsed transaction: deposit 7 9.000000 
Loaded deposit transaction
Parsed transaction: deposit 9 129.000000 
Loaded deposit transaction
Parsed transaction: transfer 3 7 29.000000 
Loaded transfer transaction
Parsed transaction: transfer 7 6 31.000000 
Loaded transfer transaction
Parsed transaction: transfer 7 5 137.000000 
Loaded transfer transaction
Parsed transaction: transfer 7 4 3.000000 
Loaded transfer transaction
Parsed transaction: transfer 7 4 5.000000 
Loaded transfer transaction
Parsed transaction: withdraw 4 1167.000000 
Loaded withdrawal transaction
Parsed transaction: withdraw 5 1307.000000 
Loaded withdrawal transaction
Parsed transaction: transfer 1 8 89.000000 
Loaded transfer transaction
Parsed transaction: transfer 1 9 163.000000 
Loaded transfer transaction
Parsed transaction: withdraw 1 41.000000 
Loaded withdrawal transaction
Parsed transaction: withdraw 2 71.000000 
Loaded withdrawal transaction
Parsed transaction: withdraw 3 1127.000000 
Loaded withdrawal transaction
Parsed transaction: withdraw 6 647.000000 
Loaded withdrawal transaction
Parsed transaction: deposit 6 1953.000000 
Loaded deposit transaction
Parsed transaction: deposit 7 967.000000 
Loaded deposit transaction
Parsed transaction: transfer 1 7 19.000000 
Loaded transfer transaction
Parsed transaction: transfer 2 7 23.000000 
Loaded transfer transaction
Parsed transaction: transfer 6 5 1167.000000 
Loaded transfer transaction
Parsed transaction: transfer 4 5 53.000000 
Loaded transfer transaction
Parsed transaction: withdraw 7 1593.000000 
Loaded withdrawal transaction
Parsed transaction: withdraw 8 449.000000 
Loaded withdrawal transaction
Parsed transaction: withdraw 9 163.000000 
Loaded withdrawal transaction
********************************************
********************************************
   Reading and parsing a transaction file   
********************************************
Parsed transaction: deposit 9 617.000000 
Loaded deposit transaction
Parsed transaction: transfer 9 1 617.000000 
Loaded transfer transaction
Parsed transaction: deposit 8 619.000000 
Loaded deposit transaction
Parsed transaction: transfer 8 2 619.000000 
Loaded transfer transaction
Parsed transaction: deposit 7 631.000000 
Loaded deposit transaction
Parsed transaction: transfer 7 3 631.000000 
Loaded transfer transaction
Parsed transaction: deposit 6 641.000000 
Loaded deposit transaction
Parsed transaction: transfer 6 4 641.000000 
Loaded transfer transaction
Parsed transaction: deposit 5 643.000000 
Loaded deposit transaction
Parsed transaction: transfer 5 6 1200.000000 
Loaded transfer transaction
Parsed transaction: deposit 4 647.000000 
Loaded deposit transaction
Parsed transaction: transfer 4 7 1200.000000 
Loaded transfer transaction
Parsed transaction: deposit 3 653.000000 
Loaded deposit transaction
Parsed transaction: transfer 3 8 1200.000000 
Loaded transfer transaction
Parsed transaction: deposit 2 659.000000 
Loaded deposit transaction
Parsed transaction: transfer 2 9 1200.000000 
Loaded transfer transaction
Parsed transaction: deposit 1 661.000000 
Loaded deposit transaction
Parsed transaction: transfer 1 9 1200.000000 
Loaded transfer transaction
Parsed transaction: deposit 0 673.000000 
Loaded deposit transaction
Parsed transaction: transfer 0 9 1200.000000 
Loaded transfer transaction
Parsed transaction: withdraw 1 50.000000 
Loaded withdrawal transaction
Parsed transaction: withdraw 2 50.000000 
Loaded withdrawal transaction
Parsed transaction: withdraw 3 50.000000 
Loaded withdrawal transaction
Parsed transaction: withdraw 4 50.000000 
Loaded withdrawal transaction
Parsed transaction: withdraw 5 50.000000 
Loaded withdrawal transaction
Parsed transaction: withdraw 6 50.000000 
Loaded withdrawal transaction
Parsed transaction: withdraw 7 50.000000 
Loaded withdrawal transaction
Parsed transaction: withdraw 8 50.000000 
Loaded withdrawal transaction
Parsed transaction: withdraw 9 50.000000 
Loaded withdrawal transaction
Parsed transaction: withdraw 0 50.000000 
Loaded withdrawal transaction
********************************************
********************************************
   Reading and parsing a transaction file   
********************************************
Parsed transaction: deposit 0 907.000000 
Loaded deposit transaction
Parsed transaction: deposit 1 911.000000 
Loaded deposit transaction
Parsed transaction: deposit 2 919.000000 
Loaded deposit transaction
Parsed transaction: deposit 3 929.000000 
Loaded deposit transaction
Parsed transaction: deposit 4 937.000000 
Loaded deposit transaction
Parsed transaction: deposit 5 941.000000 
Loaded deposit transaction
Parsed transaction: deposit 6 953.000000 
Loaded deposit transaction
Parsed transaction: deposit 7 967.000000 
Loaded deposit transaction
Parsed transaction: transfer 1 7 19.000000 
Loaded transfer transaction
Parsed transaction: transfer 2 7 23.000000 
Loaded transfer transaction
Parsed transaction: transfer 3 7 29.000000 
Loaded transfer transaction
Parsed transaction: transfer 7 6 31.000000 
Loaded transfer transaction
Parsed transaction: transfer 7 5 37.000000 
Loaded transfer transaction
Parsed transaction: transfer 7 4 3.000000 
Loaded transfer transaction
Parsed transaction: transfer 7 4 5.000000 
Loaded transfer transaction
Parsed transaction: transfer 6 5 67.000000 
Loaded transfer transaction
Parsed transaction: transfer 4 5 53.000000 
Loaded transfer transaction
Parsed transaction: transfer 1 8 89.000000 
Loaded transfer transaction
Parsed transaction: transfer 1 9 163.000000 
Loaded transfer transaction
Parsed transaction: withdraw 1 41.000000 
Loaded withdrawal transaction
Parsed transaction: withdraw 2 71.000000 
Loaded withdrawal transaction
Parsed transaction: withdraw 3 127.000000 
Loaded withdrawal transaction
Parsed transaction: withdraw 4 167.000000 
Loaded withdrawal transaction
Parsed transaction: withdraw 5 307.000000 
Loaded withdrawal transaction
Parsed transaction: withdraw 6 647.000000 
Loaded withdrawal transaction
Parsed transaction: withdraw 7 593.000000 
Loaded withdrawal transaction
Parsed transaction: withdraw 8 449.000000 
Loaded withdrawal transaction
Parsed transaction: withdraw 9 163.000000 
Loaded withdrawal transaction
********************************************
********************************************
   Reading and parsing a transaction file   
********************************************
Parsed transaction: withdraw 1 500.000000 
Loaded withdrawal transaction
Parsed transaction: withdraw 2 500.000000 
Loaded withdrawal transaction
Parsed transaction: withdraw 3 500.000000 
Loaded withdrawal transaction
Parsed transaction: withdraw 4 500.000000 
Loaded withdrawal transaction
Parsed transaction: withdraw 5 500.000000 
Loaded withdrawal transaction
Parsed transaction: withdraw 6 500.000000 
Loaded withdrawal transaction
Parsed transaction: withdraw 7 500.000000 
Loaded withdrawal transaction
Parsed transaction: withdraw 8 500.000000 
Loaded withdrawal transaction
Parsed transaction: withdraw 9 500.000000 
Loaded withdrawal transaction
Parsed transaction: withdraw 0 500.000000 
Loaded withdrawal transaction
Parsed transaction: withdraw 1 500.000000 
Loaded withdrawal transaction
Parsed transaction: withdraw 2 500.000000 
Loaded withdrawal transaction
Parsed transaction: withdraw 3 500.000000 
Loaded withdrawal transaction
Parsed transaction: withdraw 4 500.000000 
Loaded withdrawal transaction
Parsed transaction: withdraw 5 500.000000 
Loaded withdrawal transaction
Parsed transaction: withdraw 6 500.000000 
Loaded withdrawal transaction
Parsed transaction: withdraw 7 500.000000 
Loaded withdrawal transaction
Parsed transaction: withdraw 8 500.000000 
Loaded withdrawal transaction
Parsed transaction: withdraw 9 500.000000 
Loaded withdrawal transaction
Parsed transaction: withdraw 0 500.000000 
Loaded withdrawal transaction
Parsed transaction: withdraw 1 500.000000 
Loaded withdrawal transaction
Parsed transaction: withdraw 2 500.000000 
Loaded withdrawal transaction
Parsed transaction: withdraw 3 500.000000 
Loaded withdrawal transaction
Parsed transaction: withdraw 4 500.000000 
Loaded withdrawal transaction
Parsed transaction: withdraw 5 500.000000 
Loaded withdrawal transaction
Parsed transaction: withdraw 6 500.000000 
Loaded withdrawal transaction
Parsed transaction: withdraw 7 500.000000 
Loaded withdrawal transaction
Parsed transaction: withdraw 8 500.000000 
Loaded withdrawal transaction
Parsed transaction: withdraw 9 500.000000 
Loaded withdrawal transaction
Parsed transaction: withdraw 0 500.000000 
Loaded withdrawal transaction
********************************************
********************************************
   Reading and parsing a transaction file   
********************************************
Parsed transaction: deposit 0 907.000000 
Loaded deposit transaction
Parsed transaction: deposit 1 911.000000 
Loaded deposit transaction
Parsed transaction: deposit 2 919.000000 
Loaded deposit transaction
Parsed transaction: transfer 3 7 29.000000 
Loaded transfer transaction
Parsed transaction: transfer 7 6 31.000000 
Loaded transfer transaction
Parsed transaction: transfer 7 5 37.000000 
Loaded transfer transaction
Parsed transaction: transfer 7 4 3.000000 
Loaded transfer transaction
Parsed transaction: transfer 7 4 5.000000 
Loaded transfer transaction
Parsed transaction: deposit 3 929.000000 
Loaded deposit transaction
Parsed transaction: deposit 4 937.000000 
Loaded deposit transaction
Parsed transaction: deposit 5 941.000000 
Loaded deposit transaction
Parsed transaction: withdraw 4 167.000000 
Loaded withdrawal transaction
Parsed transaction: withdraw 5 307.000000 
Loaded withdrawal transaction
Parsed transaction: transfer 1 8 89.000000 
Loaded transfer transaction
Parsed transaction: transfer 1 9 163.000000 
Loaded transfer transaction
Parsed transaction: withdraw 1 41.000000 
Loaded withdrawal transaction
Parsed transaction: withdraw 2 71.000000 
Loaded withdrawal transaction
Parsed transaction: withdraw 3 127.000000 
Loaded withdrawal transaction
Parsed transaction: withdraw 6 647.000000 
Loaded withdrawal transaction
Parsed transaction: deposit 6 953.000000 
Loaded deposit transaction
Parsed transaction: deposit 7 967.000000 
Loaded deposit transaction
Parsed transaction: transfer 1 7 19.000000 
Loaded transfer transaction
Parsed transaction: transfer 2 7 23.000000 
Loaded transfer transaction
Parsed transaction: transfer 6 5 67.000000 
Loaded transfer transaction
Parsed transaction: transfer 4 5 53.000000 
Loaded transfer transaction
Parsed transaction: withdraw 7 593.000000 
Loaded withdrawal transaction
Parsed transaction: withdraw 8 449.000000 
Loaded withdrawal transaction
Parsed transaction: withdraw 9 163.000000 
Loaded withdrawal transaction
********************************************
********************************************
   Reading and parsing a transaction file   
********************************************
Parsed transaction: deposit 0 100.000000 
Loaded deposit transaction
Parsed transaction: deposit 0 200.000000 
Loaded deposit transaction
Parsed transaction: deposit 0 300.000000 
Loaded deposit transaction
Parsed transaction: withdraw 0 200.000000 
Loaded withdrawal transaction
Parsed transaction: withdraw 0 100.000000 
Loaded withdrawal transaction
Parsed transaction: withdraw 0 50.000000 
Loaded withdrawal transaction
Parsed transaction: transfer 1 0 200.000000 
Loaded transfer transaction
Parsed transaction: balance 0 
Loaded balance transaction
********************************************
  ***    Start of transaction batch    ***  
User 0, Acc 7 Balance 0.000000, Deposit 9929.000000 
User 0, Acc 4 Balance 0.000000, Deposit 937.000000 
User 0, Acc 5 Balance 0.000000, Deposit 941.000000 
User 0, Acc 0 Balance 0.000000, Deposit 7.000000 
User 0, Acc 3 Balance 0.000000, Deposit 29.000000 
User 0, Acc 7 Balance 9929.000000, Deposit 9.000000 
User 0, Acc 9 Balance 0.000000, Deposit 129.000000 
User 0, Acc 3 Balance 29.000000, Transfer 29.000000 to Acc 7
User 0, Acc 7 Balance 9967.000000, Transfer 31.000000 to Acc 6
User 0, Acc 7 Balance 9936.000000, Transfer 137.000000 to Acc 5
User 0, Acc 7 Balance 9799.000000, Transfer 3.000000 to Acc 4
User 0, Acc 7 Balance 9796.000000, Transfer 5.000000 to Acc 4
[22;32mUser 0, Acc 4 Balance 945.000000, 				Withdraw 1167.000000 --insufficient funds[0m
[22;32mUser 0, Acc 5 Balance 1078.000000, 				Withdraw 1307.000000 --insufficient funds[0m
[22;32mUser 0, Acc 1 Balance 0.000000, 				Withdraw 41.000000 --insufficient funds[0m
[22;32mUser 0, Acc 2 Balance 0.000000, 				Withdraw 71.000000 --insufficient funds[0m
[22;32mUser 0, Acc 3 Balance 0.000000, 				Withdraw 1127.000000 --insufficient funds[0m
[22;32mUser 0, Acc 6 Balance 31.000000, 				Withdraw 647.000000 --insufficient funds[0m
User 0, Acc 6 Balance 31.000000, Deposit 1953.000000 
User 0, Acc 7 Balance 9791.000000, Deposit 967.000000 
User 0, Acc 6 Balance 1984.000000, Transfer 1167.000000 to Acc 5
User 0, Acc 4 Balance 945.000000, Transfer 53.000000 to Acc 5
User 0, Acc 7 Balance 10758.000000, Withdraw 1593.000000 
[22;32mUser 0, Acc 8 Balance 0.000000, 				Withdraw 449.000000 --insufficient funds[0m
[22;32mUser 0, Acc 9 Balance 129.000000, 				Withdraw 163.000000 --insufficient funds[0m
[22;32mUser 4, Acc 1 Balance 0.000000, 				Withdraw 500.000000 --insufficient funds[0m
User 5, Acc 0 Balance 7.000000, Deposit 100.000000 
[22;32mUser 4, Acc 2 Balance 0.000000, 				Withdraw 500.000000 --insufficient funds[0m
User 5, Acc 0 Balance 107.000000, Deposit 200.000000 
User 1, Acc 7 Balance 9165.000000, Deposit 9929.000000 
User 3, Acc 9 Balance 129.000000, Deposit 617.000000 
User 1, Acc 4 Balance 892.000000, Deposit 937.000000 
User 3, Acc 9 Balance 746.000000, Transfer 617.000000 to Acc 1
[22;32mUser 4, Acc 3 Balance 0.000000, 				Withdraw 500.000000 --insufficient funds[0m
User 5, Acc 0 Balance 307.000000, Deposit 300.000000 
User 0, Acc 0 Balance 7.000000, Deposit 907.000000 
User 1, Acc 5 Balance 2298.000000, Deposit 941.000000 
User 3, Acc 8 Balance 0.000000, Deposit 619.000000 
User 1, Acc 0 Balance 1514.000000, Deposit 7.000000 
User 1, Acc 3 Balance 0.000000, Deposit 29.000000 
User 2, Acc 0 Balance 7.000000, Deposit 907.000000 
User 2, Acc 1 Balance 617.000000, Deposit 911.000000 
User 0, Acc 1 Balance 617.000000, Deposit 911.000000 
User 4, Acc 4 Balance 1829.000000, Withdraw 500.000000 
User 3, Acc 8 Balance 619.000000, Transfer 619.000000 to Acc 2
User 4, Acc 5 Balance 3239.000000, Withdraw 500.000000 
User 1, Acc 7 Balance 19094.000000, Deposit 9.000000 
User 2, Acc 2 Balance 0.000000, Deposit 919.000000 
User 1, Acc 9 Balance 129.000000, Deposit 129.000000 
User 0, Acc 2 Balance 0.000000, Deposit 919.000000 
User 1, Acc 3 Balance 29.000000, Transfer 29.000000 to Acc 7
User 4, Acc 6 Balance 817.000000, Withdraw 500.000000 
User 1, Acc 7 Balance 19132.000000, Transfer 31.000000 to Acc 6
User 4, Acc 7 Balance 19132.000000, Withdraw 500.000000 
User 1, Acc 7 Balance 19101.000000, Transfer 137.000000 to Acc 5
User 0, Acc 3 Balance 29.000000, Transfer 29.000000 to Acc 7
User 2, Acc 3 Balance 29.000000, Deposit 929.000000 
User 0, Acc 7 Balance 18493.000000, Transfer 31.000000 to Acc 6
User 3, Acc 7 Balance 19094.000000, Deposit 631.000000 
User 0, Acc 7 Balance 18462.000000, Transfer 37.000000 to Acc 5
User 1, Acc 7 Balance 18464.000000, Transfer 3.000000 to Acc 4
User 2, Acc 4 Balance 1329.000000, Deposit 937.000000 
User 1, Acc 7 Balance 19053.000000, Transfer 5.000000 to Acc 4
User 1, Acc 4 Balance 1337.000000, Withdraw 1167.000000 
User 5, Acc 0 Balance 607.000000, Withdraw 200.000000 
User 1, Acc 5 Balance 2913.000000, Withdraw 1307.000000 
User 5, Acc 0 Balance 2228.000000, Withdraw 100.000000 
User 1, Acc 1 Balance 2439.000000, Transfer 89.000000 to Acc 8
User 5, Acc 0 Balance 2128.000000, Withdraw 50.000000 
User 1, Acc 1 Balance 2350.000000, Transfer 163.000000 to Acc 9
User 1, Acc 1 Balance 2187.000000, Withdraw 41.000000 
[22;32mUser 4, Acc 8 Balance 0.000000, 				Withdraw 500.000000 --insufficient funds[0m
[22;32mUser 4, Acc 9 Balance 421.000000, 				Withdraw 500.000000 --insufficient funds[0m
User 4, Acc 0 Balance 2078.000000, Withdraw 500.000000 
User 4, Acc 1 Balance 2146.000000, Withdraw 500.000000 
User 4, Acc 2 Balance 2457.000000, Withdraw 500.000000 
User 4, Acc 3 Balance 900.000000, Withdraw 500.000000 
User 4, Acc 4 Balance 1107.000000, Withdraw 500.000000 
User 4, Acc 5 Balance 1606.000000, Withdraw 500.000000 
[22;32mUser 4, Acc 6 Balance 379.000000, 				Withdraw 500.000000 --insufficient funds[0m
User 4, Acc 7 Balance 19048.000000, Withdraw 500.000000 
User 1, Acc 2 Balance 2457.000000, Withdraw 71.000000 
[22;32mUser 4, Acc 8 Balance 89.000000, 				Withdraw 500.000000 --insufficient funds[0m
[22;32mUser 4, Acc 9 Balance 421.000000, 				Withdraw 500.000000 --insufficient funds[0m
User 5, Acc 1 Balance 2350.000000, Transfer 200.000000 to Acc 0
Balance in 0: 1778.000000
User 5, Acc 7 Balance 18548.000000, Deposit 9929.000000 
User 5, Acc 4 Balance 607.000000, Deposit 937.000000 
User 5, Acc 5 Balance 1106.000000, Deposit 941.000000 
User 5, Acc 0 Balance 1778.000000, Deposit 7.000000 
User 5, Acc 3 Balance 400.000000, Deposit 29.000000 
User 5, Acc 7 Balance 28477.000000, Deposit 9.000000 
User 4, Acc 0 Balance 1578.000000, Withdraw 500.000000 
User 5, Acc 9 Balance 421.000000, Deposit 129.000000 
User 4, Acc 1 Balance 1446.000000, Withdraw 500.000000 
User 0, Acc 7 Balance 19056.000000, Transfer 3.000000 to Acc 4
User 4, Acc 2 Balance 1886.000000, Withdraw 500.000000 
User 0, Acc 7 Balance 28483.000000, Transfer 5.000000 to Acc 4
[22;32mUser 4, Acc 3 Balance 429.000000, 				Withdraw 500.000000 --insufficient funds[0m
User 5, Acc 3 Balance 429.000000, Transfer 29.000000 to Acc 7
User 4, Acc 4 Balance 1552.000000, Withdraw 500.000000 
User 4, Acc 5 Balance 2047.000000, Withdraw 500.000000 
User 3, Acc 7 Balance 19093.000000, Transfer 631.000000 to Acc 3
User 0, Acc 3 Balance 429.000000, Deposit 929.000000 
User 0, Acc 4 Balance 1052.000000, Deposit 937.000000 
User 0, Acc 5 Balance 1547.000000, Deposit 941.000000 
User 0, Acc 4 Balance 1989.000000, Withdraw 167.000000 
User 0, Acc 5 Balance 2488.000000, Withdraw 307.000000 
User 0, Acc 1 Balance 946.000000, Transfer 89.000000 to Acc 8
[22;32mUser 4, Acc 6 Balance 379.000000, 				Withdraw 500.000000 --insufficient funds[0m
User 0, Acc 1 Balance 857.000000, Transfer 163.000000 to Acc 9
User 4, Acc 7 Balance 27876.000000, Withdraw 500.000000 
User 0, Acc 1 Balance 694.000000, Withdraw 41.000000 
[22;32mUser 4, Acc 8 Balance 178.000000, 				Withdraw 500.000000 --insufficient funds[0m
User 0, Acc 2 Balance 1386.000000, Withdraw 71.000000 
User 3, Acc 6 Balance 379.000000, Deposit 641.000000 
User 0, Acc 3 Balance 1960.000000, Withdraw 127.000000 
User 5, Acc 7 Balance 28507.000000, Transfer 31.000000 to Acc 6
User 4, Acc 9 Balance 713.000000, Withdraw 500.000000 
User 5, Acc 7 Balance 27345.000000, Transfer 137.000000 to Acc 5
User 4, Acc 0 Balance 1285.000000, Withdraw 500.000000 
User 3, Acc 6 Balance 1020.000000, Transfer 641.000000 to Acc 4
[22;32mUser 1, Acc 3 Balance 400.000000, 				Withdraw 1127.000000 --insufficient funds[0m
User 0, Acc 6 Balance 1020.000000, Withdraw 647.000000 
User 2, Acc 5 Balance 2913.000000, Deposit 941.000000 
User 0, Acc 6 Balance -237.000000, Deposit 953.000000 
User 5, Acc 7 Balance 27208.000000, Transfer 3.000000 to Acc 4
User 0, Acc 7 Balance 27208.000000, Deposit 967.000000 
[22;32mUser 1, Acc 6 Balance 410.000000, 				Withdraw 647.000000 --insufficient funds[0m
User 0, Acc 1 Balance 653.000000, Transfer 19.000000 to Acc 7
User 1, Acc 6 Balance 716.000000, Deposit 1953.000000 
User 1, Acc 7 Balance 28172.000000, Deposit 967.000000 
User 0, Acc 2 Balance 1315.000000, Transfer 23.000000 to Acc 7
User 5, Acc 7 Balance 27205.000000, Transfer 5.000000 to Acc 4
User 2, Acc 6 Balance -237.000000, Deposit 953.000000 
User 5, Acc 4 Balance 2471.000000, Withdraw 1167.000000 
User 5, Acc 5 Balance 3259.000000, Withdraw 1307.000000 
User 1, Acc 1 Balance 634.000000, Transfer 19.000000 to Acc 7
User 0, Acc 6 Balance 2669.000000, Transfer 67.000000 to Acc 5
User 1, Acc 2 Balance 1292.000000, Transfer 23.000000 to Acc 7
User 1, Acc 6 Balance 3622.000000, Transfer 1167.000000 to Acc 5
User 0, Acc 4 Balance 1304.000000, Transfer 53.000000 to Acc 5
User 3, Acc 5 Balance 2318.000000, Deposit 643.000000 
User 5, Acc 1 Balance 634.000000, Transfer 89.000000 to Acc 8
User 4, Acc 7 Balance 27208.000000, Deposit 9929.000000 
User 5, Acc 1 Balance 526.000000, Transfer 163.000000 to Acc 9
User 2, Acc 7 Balance 29176.000000, Deposit 967.000000 
User 5, Acc 1 Balance 363.000000, Withdraw 41.000000 
User 2, Acc 1 Balance 363.000000, Transfer 19.000000 to Acc 7
User 5, Acc 2 Balance 1269.000000, Withdraw 71.000000 
User 1, Acc 4 Balance 1304.000000, Transfer 53.000000 to Acc 5
User 0, Acc 7 Balance 29218.000000, Withdraw 593.000000 
User 1, Acc 7 Balance 40133.000000, Withdraw 1593.000000 
[22;32mUser 0, Acc 8 Balance 267.000000, 				Withdraw 449.000000 --insufficient funds[0m
User 0, Acc 9 Balance 376.000000, Withdraw 163.000000 
User 4, Acc 4 Balance 1251.000000, Deposit 937.000000 
User 0, Acc 9 Balance 213.000000, Deposit 617.000000 
User 4, Acc 5 Balance 3935.000000, Deposit 941.000000 
User 0, Acc 9 Balance 830.000000, Transfer 617.000000 to Acc 1
User 4, Acc 0 Balance 785.000000, Deposit 7.000000 
User 4, Acc 3 Balance 1833.000000, Deposit 29.000000 
User 5, Acc 3 Balance 1833.000000, Withdraw 1127.000000 
User 3, Acc 5 Balance 3882.000000, Transfer 1200.000000 to Acc 6
User 2, Acc 2 Balance 1269.000000, Transfer 23.000000 to Acc 7
[22;32mUser 1, Acc 8 Balance 267.000000, 				Withdraw 449.000000 --insufficient funds[0m
User 0, Acc 8 Balance 267.000000, Deposit 619.000000 
User 4, Acc 7 Balance 37947.000000, Deposit 9.000000 
User 0, Acc 8 Balance 886.000000, Transfer 619.000000 to Acc 2
User 4, Acc 9 Balance 213.000000, Deposit 129.000000 
User 0, Acc 7 Balance 37979.000000, Deposit 631.000000 
User 4, Acc 3 Balance 735.000000, Transfer 29.000000 to Acc 7
User 0, Acc 7 Balance 38610.000000, Transfer 631.000000 to Acc 3
User 5, Acc 6 Balance 2388.000000, Withdraw 647.000000 
User 5, Acc 6 Balance 2941.000000, Deposit 1953.000000 
User 2, Acc 3 Balance 735.000000, Transfer 29.000000 to Acc 7
User 1, Acc 9 Balance 213.000000, Withdraw 163.000000 
User 4, Acc 7 Balance 38008.000000, Transfer 31.000000 to Acc 6
User 1, Acc 9 Balance 179.000000, Deposit 617.000000 
User 1, Acc 9 Balance 796.000000, Transfer 617.000000 to Acc 1
User 4, Acc 7 Balance 38006.000000, Transfer 137.000000 to Acc 5
User 5, Acc 7 Balance 38008.000000, Deposit 967.000000 
User 2, Acc 7 Balance 38037.000000, Transfer 31.000000 to Acc 6
User 5, Acc 1 Balance 1537.000000, Transfer 19.000000 to Acc 7
User 5, Acc 2 Balance 1794.000000, Transfer 23.000000 to Acc 7
User 3, Acc 4 Balance 2135.000000, Deposit 647.000000 
User 5, Acc 6 Balance 4956.000000, Transfer 1167.000000 to Acc 5
User 4, Acc 7 Balance 37869.000000, Transfer 3.000000 to Acc 4
User 5, Acc 4 Balance 2782.000000, Transfer 53.000000 to Acc 5
User 5, Acc 7 Balance 38847.000000, Withdraw 1593.000000 
User 2, Acc 7 Balance 38824.000000, Transfer 37.000000 to Acc 5
User 1, Acc 8 Balance 267.000000, Deposit 619.000000 
User 3, Acc 4 Balance 2782.000000, Transfer 1200.000000 to Acc 7
User 1, Acc 8 Balance 886.000000, Transfer 619.000000 to Acc 2
User 0, Acc 6 Balance 3588.000000, Deposit 641.000000 
User 4, Acc 7 Balance 38844.000000, Transfer 5.000000 to Acc 4
User 0, Acc 6 Balance 4430.000000, Transfer 641.000000 to Acc 4
User 4, Acc 4 Balance 1537.000000, Withdraw 1167.000000 
User 0, Acc 5 Balance 5070.000000, Deposit 643.000000 
User 4, Acc 5 Balance 5070.000000, Withdraw 1307.000000 
User 0, Acc 5 Balance 5713.000000, Transfer 1200.000000 to Acc 6
User 4, Acc 1 Balance 1518.000000, Transfer 89.000000 to Acc 8
User 0, Acc 4 Balance 1011.000000, Deposit 647.000000 
User 4, Acc 1 Balance 1429.000000, Transfer 163.000000 to Acc 9
User 0, Acc 4 Balance 1658.000000, Transfer 1200.000000 to Acc 7
User 0, Acc 3 Balance 1308.000000, Deposit 653.000000 
User 1, Acc 7 Balance 37214.000000, Deposit 631.000000 
User 1, Acc 7 Balance 40240.000000, Transfer 631.000000 to Acc 3
User 3, Acc 3 Balance 1308.000000, Deposit 653.000000 
[22;32mUser 5, Acc 8 Balance 267.000000, 				Withdraw 449.000000 --insufficient funds[0m
User 4, Acc 1 Balance 1266.000000, Withdraw 41.000000 
User 5, Acc 9 Balance 342.000000, Withdraw 163.000000 
User 2, Acc 7 Balance 37214.000000, Transfer 3.000000 to Acc 4
User 0, Acc 3 Balance 1961.000000, Transfer 1200.000000 to Acc 8
User 1, Acc 6 Balance 4989.000000, Deposit 641.000000 
User 0, Acc 2 Balance 2390.000000, Deposit 659.000000 
User 0, Acc 2 Balance 3049.000000, Transfer 1200.000000 to Acc 9
User 5, Acc 0 Balance 792.000000, Deposit 907.000000 
User 4, Acc 2 Balance 2390.000000, Withdraw 71.000000 
User 2, Acc 7 Balance 39606.000000, Transfer 5.000000 to Acc 4
User 4, Acc 3 Balance 2045.000000, Withdraw 1127.000000 
User 3, Acc 3 Balance 3245.000000, Transfer 1200.000000 to Acc 8
User 1, Acc 6 Balance 5630.000000, Transfer 641.000000 to Acc 4
User 3, Acc 2 Balance 1778.000000, Deposit 659.000000 
User 1, Acc 5 Balance 3206.000000, Deposit 643.000000 
User 4, Acc 6 Balance 5630.000000, Withdraw 647.000000 
User 1, Acc 5 Balance 3849.000000, Transfer 1200.000000 to Acc 6
User 4, Acc 6 Balance 4342.000000, Deposit 1953.000000 
User 1, Acc 4 Balance 1107.000000, Deposit 647.000000 
User 4, Acc 7 Balance 39601.000000, Deposit 967.000000 
User 5, Acc 1 Balance 1225.000000, Deposit 911.000000 
User 0, Acc 1 Balance 1225.000000, Deposit 661.000000 
User 3, Acc 2 Balance 2437.000000, Transfer 1200.000000 to Acc 9
User 0, Acc 1 Balance 2797.000000, Transfer 1200.000000 to Acc 9
User 0, Acc 0 Balance 1699.000000, Deposit 673.000000 
User 2, Acc 6 Balance 5630.000000, Transfer 67.000000 to Acc 5
User 4, Acc 1 Balance 1225.000000, Transfer 19.000000 to Acc 7
User 5, Acc 2 Balance 2437.000000, Deposit 919.000000 
User 4, Acc 2 Balance 1237.000000, Transfer 23.000000 to Acc 7
User 4, Acc 6 Balance 7428.000000, Transfer 1167.000000 to Acc 5
User 1, Acc 4 Balance 1754.000000, Transfer 1200.000000 to Acc 7
User 0, Acc 0 Balance 2372.000000, Transfer 1200.000000 to Acc 9
User 1, Acc 3 Balance -282.000000, Deposit 653.000000 
User 0, Acc 1 Balance 1578.000000, Withdraw 50.000000 
User 0, Acc 2 Balance 2133.000000, Withdraw 50.000000 
User 5, Acc 3 Balance -282.000000, Deposit 929.000000 
User 5, Acc 4 Balance 554.000000, Deposit 937.000000 
User 4, Acc 4 Balance 1754.000000, Transfer 53.000000 to Acc 5
User 2, Acc 4 Balance 1754.000000, Transfer 53.000000 to Acc 5
[22;32mUser 0, Acc 3 Balance -282.000000, 				Withdraw 50.000000 --insufficient funds[0m
User 1, Acc 2 Balance 2083.000000, Deposit 659.000000 
User 0, Acc 4 Balance 1385.000000, Withdraw 50.000000 
User 0, Acc 5 Balance 3989.000000, Withdraw 50.000000 
User 5, Acc 5 Balance 3883.000000, Deposit 941.000000 
User 4, Acc 7 Balance 41810.000000, Withdraw 1593.000000 
User 2, Acc 1 Balance 1528.000000, Transfer 89.000000 to Acc 8
User 4, Acc 8 Balance 2756.000000, Withdraw 449.000000 
User 2, Acc 1 Balance 1439.000000, Transfer 163.000000 to Acc 9
User 1, Acc 2 Balance 2742.000000, Transfer 1200.000000 to Acc 9
User 0, Acc 6 Balance 6261.000000, Withdraw 50.000000 
User 5, Acc 6 Balance 6261.000000, Deposit 953.000000 
User 4, Acc 9 Balance 4979.000000, Withdraw 163.000000 
User 2, Acc 1 Balance 1276.000000, Withdraw 41.000000 
User 4, Acc 0 Balance 1172.000000, Deposit 907.000000 
User 2, Acc 2 Balance 1542.000000, Withdraw 71.000000 
User 3, Acc 1 Balance 1597.000000, Deposit 661.000000 
User 0, Acc 7 Balance 40217.000000, Withdraw 50.000000 
User 5, Acc 7 Balance 40217.000000, Deposit 967.000000 
User 1, Acc 1 Balance 1276.000000, Deposit 661.000000 
User 2, Acc 3 Balance 1300.000000, Withdraw 127.000000 
User 1, Acc 1 Balance 2557.000000, Transfer 1200.000000 to Acc 9
User 4, Acc 1 Balance 1235.000000, Deposit 911.000000 
User 0, Acc 8 Balance 2396.000000, Withdraw 50.000000 
User 5, Acc 1 Balance 1896.000000, Transfer 19.000000 to Acc 7
User 5, Acc 2 Balance 1471.000000, Transfer 23.000000 to Acc 7
User 3, Acc 1 Balance 1896.000000, Transfer 1200.000000 to Acc 9
User 5, Acc 3 Balance 1173.000000, Transfer 29.000000 to Acc 7
User 4, Acc 2 Balance 1471.000000, Deposit 919.000000 
User 5, Acc 7 Balance 41205.000000, Transfer 31.000000 to Acc 6
User 0, Acc 9 Balance 7379.000000, Withdraw 50.000000 
User 0, Acc 0 Balance 2079.000000, Withdraw 50.000000 
User 3, Acc 0 Balance 2079.000000, Deposit 673.000000 
User 0, Acc 9 Balance 8529.000000, Deposit 617.000000 
User 0, Acc 9 Balance 9146.000000, Transfer 617.000000 to Acc 1
User 5, Acc 7 Balance 41174.000000, Transfer 37.000000 to Acc 5
User 4, Acc 3 Balance 1144.000000, Deposit 929.000000 
User 5, Acc 7 Balance 41137.000000, Transfer 3.000000 to Acc 4
User 4, Acc 4 Balance 1335.000000, Deposit 937.000000 
User 4, Acc 5 Balance 4917.000000, Deposit 941.000000 
User 1, Acc 0 Balance 2079.000000, Deposit 673.000000 
User 0, Acc 8 Balance 2346.000000, Deposit 619.000000 
User 2, Acc 4 Balance 1335.000000, Withdraw 167.000000 
User 0, Acc 8 Balance 2965.000000, Transfer 619.000000 to Acc 2
User 5, Acc 7 Balance 41134.000000, Transfer 5.000000 to Acc 4
User 3, Acc 0 Balance 2702.000000, Transfer 1200.000000 to Acc 9
User 5, Acc 6 Balance 7195.000000, Transfer 67.000000 to Acc 5
User 3, Acc 1 Balance 1666.000000, Withdraw 50.000000 
User 3, Acc 2 Balance 2986.000000, Withdraw 50.000000 
User 5, Acc 4 Balance 2113.000000, Transfer 53.000000 to Acc 5
User 2, Acc 5 Balance 5858.000000, Withdraw 307.000000 
User 5, Acc 1 Balance 1616.000000, Transfer 89.000000 to Acc 8
User 2, Acc 6 Balance 7128.000000, Withdraw 647.000000 
User 1, Acc 0 Balance 3375.000000, Transfer 1200.000000 to Acc 9
User 3, Acc 3 Balance 2073.000000, Withdraw 50.000000 
User 1, Acc 1 Balance 1527.000000, Withdraw 50.000000 
User 5, Acc 1 Balance 1527.000000, Transfer 163.000000 to Acc 9
User 2, Acc 7 Balance 41129.000000, Withdraw 593.000000 
User 5, Acc 1 Balance 1314.000000, Withdraw 41.000000 
User 0, Acc 7 Balance 41134.000000, Deposit 631.000000 
User 3, Acc 4 Balance 2060.000000, Withdraw 50.000000 
User 0, Acc 7 Balance 41167.000000, Transfer 631.000000 to Acc 3
User 2, Acc 8 Balance 2435.000000, Withdraw 449.000000 
User 4, Acc 6 Balance 7195.000000, Deposit 953.000000 
User 4, Acc 7 Balance 40536.000000, Deposit 967.000000 
User 3, Acc 5 Balance 5671.000000, Withdraw 50.000000 
User 3, Acc 6 Balance 7434.000000, Withdraw 50.000000 
User 3, Acc 7 Balance 41503.000000, Withdraw 50.000000 
User 3, Acc 8 Balance 1986.000000, Withdraw 50.000000 
User 3, Acc 9 Balance 11092.000000, Withdraw 50.000000 
User 3, Acc 0 Balance 975.000000, Withdraw 50.000000 
User 2, Acc 9 Balance 11092.000000, Withdraw 163.000000 
User 2, Acc 1 Balance 1273.000000, Withdraw 500.000000 
User 2, Acc 2 Balance 2936.000000, Withdraw 500.000000 
User 2, Acc 3 Balance 2654.000000, Withdraw 500.000000 
User 2, Acc 4 Balance 2010.000000, Withdraw 500.000000 
User 2, Acc 5 Balance 5621.000000, Withdraw 500.000000 
User 2, Acc 6 Balance 7384.000000, Withdraw 500.000000 
User 2, Acc 7 Balance 41453.000000, Withdraw 500.000000 
User 2, Acc 8 Balance 1936.000000, Withdraw 500.000000 
User 2, Acc 9 Balance 10879.000000, Withdraw 500.000000 
User 2, Acc 0 Balance 925.000000, Withdraw 500.000000 
User 2, Acc 1 Balance 773.000000, Withdraw 500.000000 
User 2, Acc 2 Balance 2436.000000, Withdraw 500.000000 
User 2, Acc 3 Balance 2154.000000, Withdraw 500.000000 
User 2, Acc 4 Balance 1510.000000, Withdraw 500.000000 
User 2, Acc 5 Balance 5121.000000, Withdraw 500.000000 
User 2, Acc 6 Balance 6884.000000, Withdraw 500.000000 
User 2, Acc 7 Balance 40953.000000, Withdraw 500.000000 
User 2, Acc 8 Balance 1436.000000, Withdraw 500.000000 
User 2, Acc 9 Balance 10379.000000, Withdraw 500.000000 
[22;32mUser 2, Acc 0 Balance 425.000000, 				Withdraw 500.000000 --insufficient funds[0m
[22;32mUser 2, Acc 1 Balance 273.000000, 				Withdraw 500.000000 --insufficient funds[0m
User 2, Acc 2 Balance 1936.000000, Withdraw 500.000000 
User 2, Acc 3 Balance 1654.000000, Withdraw 500.000000 
User 2, Acc 4 Balance 1010.000000, Withdraw 500.000000 
User 2, Acc 5 Balance 4621.000000, Withdraw 500.000000 
User 2, Acc 6 Balance 6384.000000, Withdraw 500.000000 
User 2, Acc 7 Balance 40453.000000, Withdraw 500.000000 
User 2, Acc 8 Balance 936.000000, Withdraw 500.000000 
User 2, Acc 9 Balance 9879.000000, Withdraw 500.000000 
[22;32mUser 2, Acc 0 Balance 425.000000, 				Withdraw 500.000000 --insufficient funds[0m
[22;32mUser 2, Acc 1 Balance 273.000000, 				Withdraw 500.000000 --insufficient funds[0m
User 2, Acc 2 Balance 1436.000000, Withdraw 500.000000 
User 2, Acc 3 Balance 1154.000000, Withdraw 500.000000 
User 2, Acc 4 Balance 510.000000, Withdraw 500.000000 
User 2, Acc 5 Balance 4121.000000, Withdraw 500.000000 
User 2, Acc 6 Balance 5884.000000, Withdraw 500.000000 
User 2, Acc 7 Balance 39953.000000, Withdraw 500.000000 
[22;32mUser 2, Acc 8 Balance 436.000000, 				Withdraw 500.000000 --insufficient funds[0m
User 2, Acc 9 Balance 9379.000000, Withdraw 500.000000 
[22;32mUser 2, Acc 0 Balance 425.000000, 				Withdraw 500.000000 --insufficient funds[0m
[22;32mUser 2, Acc 1 Balance 273.000000, 				Withdraw 500.000000 --insufficient funds[0m
User 2, Acc 2 Balance 936.000000, Withdraw 500.000000 
User 2, Acc 3 Balance 654.000000, Withdraw 500.000000 
[22;32mUser 2, Acc 4 Balance 10.000000, 				Withdraw 500.000000 --insufficient funds[0m
User 2, Acc 5 Balance 3621.000000, Withdraw 500.000000 
User 2, Acc 6 Balance 5384.000000, Withdraw 500.000000 
User 2, Acc 7 Balance 39453.000000, Withdraw 500.000000 
[22;32mUser 2, Acc 8 Balance 436.000000, 				Withdraw 500.000000 --insufficient funds[0m
User 2, Acc 9 Balance 8879.000000, Withdraw 500.000000 
[22;32mUser 2, Acc 0 Balance 425.000000, 				Withdraw 500.000000 --insufficient funds[0m
[22;32mUser 2, Acc 1 Balance 273.000000, 				Withdraw 500.000000 --insufficient funds[0m
[22;32mUser 2, Acc 2 Balance 436.000000, 				Withdraw 500.000000 --insufficient funds[0m
[22;32mUser 2, Acc 3 Balance 154.000000, 				Withdraw 500.000000 --insufficient funds[0m
[22;32mUser 2, Acc 4 Balance 10.000000, 				Withdraw 500.000000 --insufficient funds[0m
User 2, Acc 5 Balance 3121.000000, Withdraw 500.000000 
User 2, Acc 6 Balance 4884.000000, Withdraw 500.000000 
User 2, Acc 7 Balance 38953.000000, Withdraw 500.000000 
[22;32mUser 2, Acc 8 Balance 436.000000, 				Withdraw 500.000000 --insufficient funds[0m
User 2, Acc 9 Balance 8379.000000, Withdraw 500.000000 
[22;32mUser 2, Acc 0 Balance 425.000000, 				Withdraw 500.000000 --insufficient funds[0m
User 2, Acc 7 Balance 38453.000000, Deposit 9929.000000 
User 2, Acc 4 Balance 10.000000, Deposit 937.000000 
User 2, Acc 5 Balance 2621.000000, Deposit 941.000000 
User 2, Acc 0 Balance 425.000000, Deposit 7.000000 
User 2, Acc 3 Balance 154.000000, Deposit 29.000000 
User 2, Acc 7 Balance 48382.000000, Deposit 9.000000 
User 2, Acc 9 Balance 7879.000000, Deposit 129.000000 
User 2, Acc 3 Balance 183.000000, Transfer 29.000000 to Acc 7
User 2, Acc 7 Balance 48420.000000, Transfer 31.000000 to Acc 6
User 2, Acc 7 Balance 48389.000000, Transfer 137.000000 to Acc 5
User 2, Acc 7 Balance 48252.000000, Transfer 3.000000 to Acc 4
User 2, Acc 7 Balance 48249.000000, Transfer 5.000000 to Acc 4
[22;32mUser 2, Acc 4 Balance 955.000000, 				Withdraw 1167.000000 --insufficient funds[0m
User 2, Acc 5 Balance 3699.000000, Withdraw 1307.000000 
User 2, Acc 1 Balance 273.000000, Transfer 89.000000 to Acc 8
User 2, Acc 1 Balance 184.000000, Transfer 163.000000 to Acc 9
[22;32mUser 2, Acc 1 Balance 21.000000, 				Withdraw 41.000000 --insufficient funds[0m
User 2, Acc 2 Balance 436.000000, Withdraw 71.000000 
[22;32mUser 2, Acc 3 Balance 154.000000, 				Withdraw 1127.000000 --insufficient funds[0m
User 2, Acc 6 Balance 4415.000000, Withdraw 647.000000 
User 2, Acc 6 Balance 3768.000000, Deposit 1953.000000 
User 2, Acc 7 Balance 48244.000000, Deposit 967.000000 
User 2, Acc 1 Balance 21.000000, Transfer 19.000000 to Acc 7
User 2, Acc 2 Balance 365.000000, Transfer 23.000000 to Acc 7
User 2, Acc 6 Balance 5721.000000, Transfer 1167.000000 to Acc 5
User 2, Acc 4 Balance 955.000000, Transfer 53.000000 to Acc 5
User 2, Acc 7 Balance 49253.000000, Withdraw 1593.000000 
User 2, Acc 8 Balance 525.000000, Withdraw 449.000000 
User 2, Acc 9 Balance 8171.000000, Withdraw 163.000000 
User 2, Acc 0 Balance 432.000000, Deposit 907.000000 
User 4, Acc 1 Balance 1273.000000, Transfer 19.000000 to Acc 7
User 1, Acc 2 Balance 2936.000000, Withdraw 50.000000 
User 0, Acc 6 Balance 6481.000000, Deposit 641.000000 
User 3, Acc 7 Balance 41453.000000, Deposit 9929.000000 
User 0, Acc 6 Balance 5195.000000, Transfer 641.000000 to Acc 4
User 3, Acc 4 Balance 902.000000, Deposit 937.000000 
User 3, Acc 5 Balance 3612.000000, Deposit 941.000000 
User 4, Acc 2 Balance 342.000000, Transfer 23.000000 to Acc 7
User 1, Acc 3 Balance 154.000000, Withdraw 50.000000 
User 4, Acc 3 Balance 154.000000, Transfer 29.000000 to Acc 7
User 4, Acc 7 Balance 57660.000000, Transfer 31.000000 to Acc 6
User 5, Acc 2 Balance 2936.000000, Withdraw 71.000000 
User 0, Acc 5 Balance 3612.000000, Deposit 643.000000 
User 3, Acc 0 Balance 1339.000000, Deposit 7.000000 
User 0, Acc 5 Balance 5196.000000, Transfer 1200.000000 to Acc 6
User 0, Acc 4 Balance 2480.000000, Deposit 647.000000 
User 2, Acc 1 Balance 2.000000, Deposit 911.000000 
User 4, Acc 7 Balance 57629.000000, Transfer 37.000000 to Acc 5
[22;32mUser 5, Acc 3 Balance 75.000000, 				Withdraw 127.000000 --insufficient funds[0m
User 4, Acc 7 Balance 57592.000000, Transfer 3.000000 to Acc 4
User 4, Acc 7 Balance 57589.000000, Transfer 5.000000 to Acc 4
User 5, Acc 4 Balance 3130.000000, Withdraw 167.000000 
User 0, Acc 4 Balance 3127.000000, Transfer 1200.000000 to Acc 7
User 2, Acc 2 Balance 198.000000, Deposit 919.000000 
User 1, Acc 4 Balance 2480.000000, Withdraw 50.000000 
User 4, Acc 6 Balance 5785.000000, Transfer 67.000000 to Acc 5
User 3, Acc 3 Balance 75.000000, Deposit 29.000000 
User 4, Acc 4 Balance 1718.000000, Transfer 53.000000 to Acc 5
User 3, Acc 7 Balance 58784.000000, Deposit 9.000000 
User 3, Acc 9 Balance 8008.000000, Deposit 129.000000 
User 4, Acc 1 Balance 894.000000, Transfer 89.000000 to Acc 8
User 1, Acc 5 Balance 4033.000000, Withdraw 50.000000 
User 4, Acc 1 Balance 805.000000, Transfer 163.000000 to Acc 9
User 4, Acc 1 Balance 642.000000, Withdraw 41.000000 
User 1, Acc 6 Balance 5718.000000, Withdraw 50.000000 
User 4, Acc 2 Balance 1117.000000, Withdraw 71.000000 
User 1, Acc 7 Balance 58793.000000, Withdraw 50.000000 
[22;32mUser 4, Acc 3 Balance 104.000000, 				Withdraw 127.000000 --insufficient funds[0m
User 1, Acc 8 Balance 165.000000, Withdraw 50.000000 
User 0, Acc 3 Balance 75.000000, Deposit 653.000000 
User 2, Acc 3 Balance 75.000000, Deposit 929.000000 
User 3, Acc 3 Balance 104.000000, Transfer 29.000000 to Acc 7
User 2, Acc 4 Balance 1665.000000, Deposit 937.000000 
User 2, Acc 5 Balance 4103.000000, Deposit 941.000000 
User 2, Acc 6 Balance 5668.000000, Deposit 953.000000 
User 0, Acc 2 Balance 1046.000000, Deposit 659.000000 
User 4, Acc 4 Balance 1665.000000, Withdraw 167.000000 
User 3, Acc 7 Balance 58772.000000, Transfer 31.000000 to Acc 6
User 4, Acc 5 Balance 5044.000000, Withdraw 307.000000 
User 5, Acc 5 Balance 4033.000000, Withdraw 307.000000 
User 0, Acc 2 Balance 1705.000000, Transfer 1200.000000 to Acc 9
User 0, Acc 1 Balance 601.000000, Deposit 661.000000 
User 2, Acc 7 Balance 58772.000000, Deposit 967.000000 
User 4, Acc 6 Balance 6652.000000, Withdraw 647.000000 
User 2, Acc 1 Balance 1262.000000, Transfer 19.000000 to Acc 7
User 4, Acc 7 Balance 59708.000000, Withdraw 593.000000 
[22;32mUser 4, Acc 8 Balance 115.000000, 				Withdraw 449.000000 --insufficient funds[0m
User 1, Acc 9 Balance 9500.000000, Withdraw 50.000000 
User 0, Acc 1 Balance 1262.000000, Transfer 1200.000000 to Acc 9
User 5, Acc 6 Balance 6652.000000, Withdraw 647.000000 
User 2, Acc 2 Balance 505.000000, Transfer 23.000000 to Acc 7
User 3, Acc 7 Balance 58741.000000, Transfer 137.000000 to Acc 5
User 3, Acc 7 Balance 59020.000000, Transfer 3.000000 to Acc 4
User 3, Acc 7 Balance 59017.000000, Transfer 5.000000 to Acc 4
User 0, Acc 0 Balance 1346.000000, Deposit 673.000000 
User 3, Acc 4 Balance 2443.000000, Withdraw 1167.000000 
User 0, Acc 0 Balance 2019.000000, Transfer 1200.000000 to Acc 9
User 2, Acc 3 Balance 1657.000000, Transfer 29.000000 to Acc 7
User 1, Acc 0 Balance 1346.000000, Withdraw 50.000000 
User 2, Acc 7 Balance 59041.000000, Transfer 31.000000 to Acc 6
User 2, Acc 7 Balance 59010.000000, Transfer 37.000000 to Acc 5
User 1, Acc 9 Balance 11850.000000, Deposit 617.000000 
User 2, Acc 7 Balance 58973.000000, Transfer 3.000000 to Acc 4
User 4, Acc 9 Balance 9500.000000, Withdraw 163.000000 
User 5, Acc 7 Balance 59134.000000, Withdraw 593.000000 
User 3, Acc 5 Balance 4567.000000, Withdraw 1307.000000 
[22;32mUser 5, Acc 8 Balance 115.000000, 				Withdraw 449.000000 --insufficient funds[0m
User 1, Acc 9 Balance 12467.000000, Transfer 617.000000 to Acc 1
User 2, Acc 7 Balance 58970.000000, Transfer 5.000000 to Acc 4
User 1, Acc 8 Balance 115.000000, Deposit 619.000000 
User 4, Acc 9 Balance 12304.000000, Deposit 617.000000 
User 3, Acc 1 Balance 43.000000, Withdraw 41.000000 
User 4, Acc 9 Balance 12304.000000, Transfer 617.000000 to Acc 1
User 5, Acc 9 Balance 12304.000000, Withdraw 163.000000 
[22;32mUser 0, Acc 1 Balance 43.000000, 				Withdraw 50.000000 --insufficient funds[0m
User 1, Acc 8 Balance 734.000000, Transfer 619.000000 to Acc 2
User 3, Acc 2 Balance 482.000000, Withdraw 71.000000 
User 2, Acc 6 Balance 5389.000000, Transfer 67.000000 to Acc 5
User 4, Acc 8 Balance 734.000000, Deposit 619.000000 
User 2, Acc 4 Balance 1284.000000, Transfer 53.000000 to Acc 5
User 4, Acc 8 Balance 734.000000, Transfer 619.000000 to Acc 2
User 1, Acc 7 Balance 58372.000000, Deposit 631.000000 
User 4, Acc 7 Balance 58372.000000, Deposit 631.000000 
User 1, Acc 7 Balance 59003.000000, Transfer 631.000000 to Acc 3
User 0, Acc 2 Balance 482.000000, Withdraw 50.000000 
User 2, Acc 1 Balance 1236.000000, Transfer 89.000000 to Acc 8
User 3, Acc 3 Balance 1628.000000, Withdraw 1127.000000 
User 4, Acc 7 Balance 59634.000000, Transfer 631.000000 to Acc 3
User 3, Acc 6 Balance 5322.000000, Withdraw 647.000000 
User 4, Acc 6 Balance 5322.000000, Deposit 641.000000 
User 3, Acc 6 Balance 4675.000000, Deposit 1953.000000 
User 0, Acc 3 Balance 2259.000000, Withdraw 50.000000 
User 2, Acc 1 Balance 1147.000000, Transfer 163.000000 to Acc 9
User 0, Acc 4 Balance 1231.000000, Withdraw 50.000000 
User 1, Acc 6 Balance 5322.000000, Deposit 641.000000 
User 4, Acc 6 Balance 5316.000000, Transfer 641.000000 to Acc 4
User 3, Acc 7 Balance 58372.000000, Deposit 967.000000 
User 4, Acc 5 Balance 3417.000000, Deposit 643.000000 
User 5, Acc 1 Balance 1236.000000, Withdraw 500.000000 
User 0, Acc 5 Balance 3417.000000, Withdraw 50.000000 
User 2, Acc 1 Balance 984.000000, Withdraw 41.000000 
User 0, Acc 6 Balance 7269.000000, Withdraw 50.000000 
User 1, Acc 6 Balance 7910.000000, Transfer 641.000000 to Acc 4
User 0, Acc 7 Balance 59339.000000, Withdraw 50.000000 
User 5, Acc 2 Balance 1599.000000, Withdraw 500.000000 
User 2, Acc 2 Balance 1599.000000, Withdraw 71.000000 
User 5, Acc 3 Balance 1713.000000, Withdraw 500.000000 
User 4, Acc 5 Balance 4060.000000, Transfer 1200.000000 to Acc 6
User 5, Acc 4 Balance 2463.000000, Withdraw 500.000000 
User 0, Acc 8 Balance 204.000000, Withdraw 50.000000 
User 2, Acc 3 Balance 1713.000000, Withdraw 127.000000 
User 0, Acc 9 Balance 11687.000000, Withdraw 50.000000 
User 2, Acc 4 Balance 1963.000000, Withdraw 167.000000 
User 2, Acc 5 Balance 2810.000000, Withdraw 307.000000 
User 0, Acc 0 Balance 769.000000, Withdraw 50.000000 
User 3, Acc 1 Balance 984.000000, Transfer 19.000000 to Acc 7
User 0, Acc 0 Balance 719.000000, Deposit 907.000000 
User 1, Acc 5 Balance 4010.000000, Deposit 643.000000 
User 4, Acc 4 Balance 2463.000000, Deposit 647.000000 
User 1, Acc 5 Balance 3146.000000, Transfer 1200.000000 to Acc 6
User 2, Acc 6 Balance 7778.000000, Withdraw 647.000000 
User 5, Acc 5 Balance 2810.000000, Withdraw 500.000000 
User 0, Acc 1 Balance 443.000000, Deposit 911.000000 
User 0, Acc 2 Balance 1028.000000, Deposit 919.000000 
User 1, Acc 4 Balance 1796.000000, Deposit 647.000000 
User 1, Acc 4 Balance 3090.000000, Transfer 1200.000000 to Acc 7
User 1, Acc 3 Balance 1086.000000, Deposit 653.000000 
User 1, Acc 3 Balance 1739.000000, Transfer 1200.000000 to Acc 8
User 1, Acc 2 Balance 1947.000000, Deposit 659.000000 
User 1, Acc 2 Balance 2606.000000, Transfer 1200.000000 to Acc 9
User 5, Acc 6 Balance 8331.000000, Withdraw 500.000000 
User 1, Acc 1 Balance 1335.000000, Deposit 661.000000 
User 3, Acc 2 Balance 1028.000000, Transfer 23.000000 to Acc 7
User 0, Acc 3 Balance 1086.000000, Deposit 929.000000 
User 2, Acc 7 Balance 59308.000000, Withdraw 593.000000 
User 0, Acc 4 Balance 1890.000000, Deposit 937.000000 
User 2, Acc 8 Balance 1354.000000, Withdraw 449.000000 
User 2, Acc 9 Balance 12837.000000, Withdraw 163.000000 
User 3, Acc 6 Balance 7831.000000, Transfer 1167.000000 to Acc 5
User 2, Acc 0 Balance 1626.000000, Deposit 907.000000 
User 3, Acc 4 Balance 2827.000000, Transfer 53.000000 to Acc 5
User 2, Acc 1 Balance 1996.000000, Deposit 911.000000 
User 2, Acc 2 Balance 1383.000000, Deposit 919.000000 
User 0, Acc 5 Balance 1446.000000, Deposit 941.000000 
User 2, Acc 3 Balance 1468.000000, Transfer 29.000000 to Acc 7
User 0, Acc 6 Balance 6664.000000, Deposit 953.000000 
User 0, Acc 7 Balance 59967.000000, Deposit 967.000000 
User 0, Acc 1 Balance 2907.000000, Transfer 19.000000 to Acc 7
User 0, Acc 2 Balance 2302.000000, Transfer 23.000000 to Acc 7
User 0, Acc 3 Balance 1439.000000, Transfer 29.000000 to Acc 7
User 0, Acc 7 Balance 61005.000000, Transfer 31.000000 to Acc 6
User 0, Acc 7 Balance 60974.000000, Transfer 37.000000 to Acc 5
User 0, Acc 7 Balance 60937.000000, Transfer 3.000000 to Acc 4
User 5, Acc 7 Balance 60508.000000, Withdraw 500.000000 
User 1, Acc 1 Balance 1996.000000, Transfer 1200.000000 to Acc 9
User 3, Acc 7 Balance 59938.000000, Withdraw 1593.000000 
User 1, Acc 0 Balance 2533.000000, Deposit 673.000000 
User 1, Acc 0 Balance 3206.000000, Transfer 1200.000000 to Acc 9
User 3, Acc 8 Balance 905.000000, Withdraw 449.000000 
User 0, Acc 7 Balance 60934.000000, Transfer 5.000000 to Acc 4
User 5, Acc 8 Balance 905.000000, Withdraw 500.000000 
User 0, Acc 6 Balance 7648.000000, Transfer 67.000000 to Acc 5
User 5, Acc 9 Balance 15074.000000, Withdraw 500.000000 
User 5, Acc 0 Balance 2006.000000, Withdraw 500.000000 
User 1, Acc 1 Balance 1688.000000, Withdraw 50.000000 
User 3, Acc 9 Balance 15074.000000, Withdraw 163.000000 
User 1, Acc 2 Balance 2279.000000, Withdraw 50.000000 
User 1, Acc 3 Balance 1410.000000, Withdraw 50.000000 
User 3, Acc 0 Balance 1506.000000, Deposit 907.000000 
User 4, Acc 4 Balance 2443.000000, Transfer 1200.000000 to Acc 7
User 5, Acc 1 Balance 1688.000000, Withdraw 500.000000 
User 4, Acc 3 Balance 1360.000000, Deposit 653.000000 
User 4, Acc 3 Balance 2013.000000, Transfer 1200.000000 to Acc 8
User 0, Acc 4 Balance 2782.000000, Transfer 53.000000 to Acc 5
User 1, Acc 4 Balance 2782.000000, Withdraw 50.000000 
User 0, Acc 1 Balance 1138.000000, Transfer 89.000000 to Acc 8
User 1, Acc 5 Balance 3764.000000, Withdraw 50.000000 
User 2, Acc 7 Balance 59967.000000, Transfer 31.000000 to Acc 6
User 1, Acc 6 Balance 7581.000000, Withdraw 50.000000 
User 2, Acc 7 Balance 60005.000000, Transfer 37.000000 to Acc 5
User 0, Acc 1 Balance 1049.000000, Transfer 163.000000 to Acc 9
User 2, Acc 7 Balance 59968.000000, Transfer 3.000000 to Acc 4
User 0, Acc 1 Balance 886.000000, Withdraw 41.000000 
User 2, Acc 7 Balance 59965.000000, Transfer 5.000000 to Acc 4
User 0, Acc 2 Balance 2229.000000, Withdraw 71.000000 
User 2, Acc 3 Balance 813.000000, Deposit 929.000000 
User 5, Acc 2 Balance 2229.000000, Withdraw 500.000000 
User 2, Acc 4 Balance 1487.000000, Deposit 937.000000 
User 1, Acc 7 Balance 60005.000000, Withdraw 50.000000 
User 0, Acc 3 Balance 813.000000, Withdraw 127.000000 
User 4, Acc 2 Balance 2229.000000, Deposit 659.000000 
User 3, Acc 1 Balance 1638.000000, Deposit 911.000000 
User 4, Acc 2 Balance 2317.000000, Transfer 1200.000000 to Acc 9
User 4, Acc 1 Balance 1756.000000, Deposit 661.000000 
User 4, Acc 1 Balance 2417.000000, Transfer 1200.000000 to Acc 9
User 4, Acc 0 Balance 2413.000000, Deposit 673.000000 
User 4, Acc 0 Balance 3086.000000, Transfer 1200.000000 to Acc 9
User 4, Acc 1 Balance 1217.000000, Withdraw 50.000000 
User 5, Acc 3 Balance 1742.000000, Withdraw 500.000000 
User 4, Acc 2 Balance 1117.000000, Withdraw 50.000000 
User 5, Acc 4 Balance 2424.000000, Withdraw 500.000000 
User 4, Acc 3 Balance 1115.000000, Withdraw 50.000000 
User 1, Acc 8 Balance 1245.000000, Withdraw 50.000000 
User 0, Acc 4 Balance 2424.000000, Withdraw 167.000000 
User 2, Acc 5 Balance 3751.000000, Deposit 941.000000 
User 5, Acc 5 Balance 3751.000000, Withdraw 500.000000 
User 4, Acc 4 Balance 1924.000000, Withdraw 50.000000 
User 3, Acc 2 Balance 2317.000000, Deposit 919.000000 
User 1, Acc 9 Balance 18174.000000, Withdraw 50.000000 
User 0, Acc 5 Balance 3751.000000, Withdraw 307.000000 
User 2, Acc 4 Balance 1757.000000, Withdraw 167.000000 
User 5, Acc 6 Balance 7562.000000, Withdraw 500.000000 
User 4, Acc 5 Balance 4192.000000, Withdraw 50.000000 
User 3, Acc 3 Balance 1065.000000, Deposit 929.000000 
User 1, Acc 0 Balance 1886.000000, Withdraw 50.000000 
User 0, Acc 6 Balance 7562.000000, Withdraw 647.000000 
User 2, Acc 5 Balance 3885.000000, Withdraw 307.000000 
User 5, Acc 7 Balance 59910.000000, Withdraw 500.000000 
User 4, Acc 6 Balance 7062.000000, Withdraw 50.000000 
User 5, Acc 8 Balance 1195.000000, Withdraw 500.000000 
User 4, Acc 7 Balance 59410.000000, Withdraw 50.000000 
User 4, Acc 8 Balance 1195.000000, Withdraw 50.000000 
User 5, Acc 9 Balance 18124.000000, Withdraw 500.000000 
User 4, Acc 9 Balance 18124.000000, Withdraw 50.000000 
User 5, Acc 0 Balance 1836.000000, Withdraw 500.000000 
User 5, Acc 1 Balance 1167.000000, Withdraw 500.000000 
User 1, Acc 0 Balance 1836.000000, Deposit 907.000000 
User 0, Acc 7 Balance 59910.000000, Withdraw 593.000000 
User 1, Acc 1 Balance 667.000000, Deposit 911.000000 
User 0, Acc 8 Balance 645.000000, Withdraw 449.000000 
User 3, Acc 4 Balance 1540.000000, Deposit 937.000000 
User 0, Acc 9 Balance 17574.000000, Withdraw 163.000000 
User 5, Acc 2 Balance 1986.000000, Withdraw 500.000000 
User 0, Acc 0 Balance 2243.000000, Deposit 100.000000 
User 1, Acc 2 Balance 1986.000000, Deposit 919.000000 
User 3, Acc 5 Balance 3528.000000, Deposit 941.000000 
User 2, Acc 1 Balance 1167.000000, Transfer 89.000000 to Acc 8
User 4, Acc 0 Balance 1336.000000, Withdraw 50.000000 
User 2, Acc 1 Balance 1489.000000, Transfer 163.000000 to Acc 9
User 4, Acc 1 Balance 1489.000000, Withdraw 500.000000 
User 1, Acc 3 Balance 1994.000000, Transfer 29.000000 to Acc 7
User 4, Acc 2 Balance 2405.000000, Withdraw 500.000000 
User 1, Acc 7 Balance 58796.000000, Transfer 31.000000 to Acc 6
User 0, Acc 0 Balance 2343.000000, Deposit 200.000000 
User 1, Acc 7 Balance 58765.000000, Transfer 37.000000 to Acc 5
User 0, Acc 0 Balance 2493.000000, Deposit 300.000000 
User 0, Acc 0 Balance 2793.000000, Withdraw 200.000000 
User 4, Acc 3 Balance 1965.000000, Withdraw 500.000000 
User 0, Acc 0 Balance 2593.000000, Withdraw 100.000000 
User 5, Acc 3 Balance 1994.000000, Withdraw 500.000000 
User 2, Acc 1 Balance 1326.000000, Withdraw 41.000000 
User 1, Acc 7 Balance 58728.000000, Transfer 3.000000 to Acc 4
User 4, Acc 4 Balance 2477.000000, Withdraw 500.000000 
User 1, Acc 7 Balance 58725.000000, Transfer 5.000000 to Acc 4
User 1, Acc 3 Balance 965.000000, Deposit 929.000000 
User 5, Acc 4 Balance 2477.000000, Withdraw 500.000000 
User 2, Acc 2 Balance 1905.000000, Withdraw 71.000000 
User 5, Acc 5 Balance 4506.000000, Withdraw 500.000000 
User 5, Acc 6 Balance 6396.000000, Withdraw 500.000000 
User 0, Acc 0 Balance 2493.000000, Withdraw 50.000000 
User 4, Acc 5 Balance 4506.000000, Withdraw 500.000000 
User 1, Acc 4 Balance 1985.000000, Deposit 937.000000 
User 4, Acc 6 Balance 5896.000000, Withdraw 500.000000 
User 2, Acc 3 Balance 1894.000000, Withdraw 127.000000 
User 5, Acc 7 Balance 58720.000000, Withdraw 500.000000 
[22;32mUser 5, Acc 8 Balance 285.000000, 				Withdraw 500.000000 --insufficient funds[0m
User 1, Acc 5 Balance 3506.000000, Deposit 941.000000 
User 5, Acc 9 Balance 17574.000000, Withdraw 500.000000 
User 1, Acc 4 Balance 2422.000000, Withdraw 167.000000 
User 5, Acc 0 Balance 2443.000000, Withdraw 500.000000 
User 1, Acc 5 Balance 4447.000000, Withdraw 307.000000 
User 5, Acc 1 Balance 785.000000, Withdraw 500.000000 
User 1, Acc 1 Balance 785.000000, Transfer 89.000000 to Acc 8
User 5, Acc 2 Balance 1834.000000, Withdraw 500.000000 
User 1, Acc 1 Balance 196.000000, Transfer 163.000000 to Acc 9
User 5, Acc 3 Balance 1767.000000, Withdraw 500.000000 
[22;32mUser 1, Acc 1 Balance 33.000000, 				Withdraw 41.000000 --insufficient funds[0m
User 4, Acc 7 Balance 58720.000000, Withdraw 500.000000 
User 2, Acc 6 Balance 5396.000000, Withdraw 647.000000 
User 0, Acc 1 Balance 785.000000, Transfer 200.000000 to Acc 0
User 5, Acc 4 Balance 2255.000000, Withdraw 500.000000 
Balance in 0: 2143.000000
User 0, Acc 0 Balance 2143.000000, Deposit 100.000000 
User 5, Acc 5 Balance 4140.000000, Withdraw 500.000000 
[22;32mUser 4, Acc 8 Balance 374.000000, 				Withdraw 500.000000 --insufficient funds[0m
User 4, Acc 9 Balance 17237.000000, Withdraw 500.000000 
User 4, Acc 0 Balance 2243.000000, Withdraw 500.000000 
[22;32mUser 4, Acc 1 Balance -167.000000, 				Withdraw 500.000000 --insufficient funds[0m
User 4, Acc 2 Balance 1334.000000, Withdraw 500.000000 
User 4, Acc 3 Balance 1267.000000, Withdraw 500.000000 
User 4, Acc 4 Balance 1755.000000, Withdraw 500.000000 
User 4, Acc 5 Balance 3640.000000, Withdraw 500.000000 
User 4, Acc 6 Balance 4749.000000, Withdraw 500.000000 
User 3, Acc 6 Balance 6365.000000, Deposit 953.000000 
User 2, Acc 6 Balance 4749.000000, Deposit 953.000000 
User 1, Acc 2 Balance 1334.000000, Withdraw 71.000000 
User 2, Acc 7 Balance 57720.000000, Deposit 967.000000 
User 2, Acc 2 Balance 834.000000, Transfer 23.000000 to Acc 7
User 1, Acc 3 Balance 767.000000, Withdraw 127.000000 
User 4, Acc 7 Balance 57720.000000, Withdraw 500.000000 
User 3, Acc 7 Balance 57720.000000, Deposit 967.000000 
[22;32mUser 4, Acc 8 Balance 374.000000, 				Withdraw 500.000000 --insufficient funds[0m
User 4, Acc 9 Balance 16737.000000, Withdraw 500.000000 
User 0, Acc 0 Balance 2243.000000, Deposit 200.000000 
User 2, Acc 6 Balance 6155.000000, Transfer 67.000000 to Acc 5
User 0, Acc 0 Balance 1943.000000, Deposit 300.000000 
User 2, Acc 4 Balance 1255.000000, Transfer 53.000000 to Acc 5
User 2, Acc 7 Balance 59177.000000, Withdraw 593.000000 
User 3, Acc 2 Balance 740.000000, Transfer 23.000000 to Acc 7
User 4, Acc 0 Balance 1743.000000, Withdraw 500.000000 
User 3, Acc 3 Balance 640.000000, Transfer 29.000000 to Acc 7
[22;32mUser 4, Acc 1 Balance -167.000000, 				Withdraw 500.000000 --insufficient funds[0m
User 3, Acc 7 Balance 58636.000000, Transfer 31.000000 to Acc 6
User 5, Acc 6 Balance 4749.000000, Withdraw 500.000000 
User 3, Acc 7 Balance 58605.000000, Transfer 37.000000 to Acc 5
User 5, Acc 7 Balance 58605.000000, Withdraw 500.000000 
User 3, Acc 7 Balance 58568.000000, Transfer 3.000000 to Acc 4
User 3, Acc 7 Balance 58565.000000, Transfer 5.000000 to Acc 4
[22;32mUser 2, Acc 8 Balance 374.000000, 				Withdraw 449.000000 --insufficient funds[0m
User 1, Acc 6 Balance 6155.000000, Withdraw 647.000000 
User 2, Acc 9 Balance 16237.000000, Withdraw 163.000000 
User 0, Acc 0 Balance 2243.000000, Withdraw 200.000000 
[22;32mUser 5, Acc 8 Balance 374.000000, 				Withdraw 500.000000 --insufficient funds[0m
User 0, Acc 0 Balance 1543.000000, Withdraw 100.000000 
User 5, Acc 9 Balance 16074.000000, Withdraw 500.000000 
User 4, Acc 2 Balance 717.000000, Withdraw 500.000000 
User 2, Acc 0 Balance 1743.000000, Deposit 907.000000 
User 4, Acc 3 Balance 611.000000, Withdraw 500.000000 
User 3, Acc 6 Balance 5619.000000, Transfer 67.000000 to Acc 5
User 1, Acc 6 Balance 4972.000000, Deposit 953.000000 
User 3, Acc 4 Balance 1210.000000, Transfer 53.000000 to Acc 5
[22;32mUser 3, Acc 1 Balance -167.000000, 				Withdraw 41.000000 --insufficient funds[0m
User 3, Acc 2 Balance 217.000000, Withdraw 71.000000 
User 4, Acc 4 Balance 1210.000000, Withdraw 500.000000 
User 4, Acc 5 Balance 3417.000000, Withdraw 500.000000 
User 0, Acc 0 Balance 1443.000000, Withdraw 50.000000 
User 4, Acc 6 Balance 5858.000000, Withdraw 500.000000 
User 1, Acc 7 Balance 58060.000000, Deposit 967.000000 
User 5, Acc 0 Balance 1443.000000, Withdraw 500.000000 
User 1, Acc 2 Balance 146.000000, Transfer 23.000000 to Acc 7
[22;32mUser 5, Acc 1 Balance -167.000000, 				Withdraw 500.000000 --insufficient funds[0m
User 1, Acc 6 Balance 5358.000000, Transfer 67.000000 to Acc 5
User 4, Acc 7 Balance 58060.000000, Withdraw 500.000000 
User 1, Acc 4 Balance 657.000000, Transfer 53.000000 to Acc 5
[22;32mUser 3, Acc 3 Balance 111.000000, 				Withdraw 127.000000 --insufficient funds[0m
User 1, Acc 7 Balance 58550.000000, Withdraw 593.000000 
User 3, Acc 4 Balance 604.000000, Withdraw 167.000000 
[22;32mUser 1, Acc 8 Balance 374.000000, 				Withdraw 449.000000 --insufficient funds[0m
User 3, Acc 5 Balance 3037.000000, Withdraw 307.000000 
Balance in 0: 2300.000000
User 3, Acc 6 Balance 5291.000000, Withdraw 647.000000 
User 0, Acc 0 Balance 1800.000000, Deposit 100.000000 
User 3, Acc 7 Balance 57957.000000, Withdraw 593.000000 
User 0, Acc 0 Balance 1900.000000, Deposit 200.000000 
User 0, Acc 0 Balance 2100.000000, Deposit 300.000000 
User 2, Acc 1 Balance -167.000000, Deposit 911.000000 
[22;32mUser 4, Acc 8 Balance 374.000000, 				Withdraw 500.000000 --insufficient funds[0m
User 1, Acc 9 Balance 15574.000000, Withdraw 163.000000 
[22;32mUser 3, Acc 8 Balance 374.000000, 				Withdraw 449.000000 --insufficient funds[0m
[22;32mUser 5, Acc 2 Balance 123.000000, 				Withdraw 500.000000 --insufficient funds[0m
User 0, Acc 0 Balance 2400.000000, Withdraw 200.000000 
[22;32mUser 5, Acc 3 Balance 111.000000, 				Withdraw 500.000000 --insufficient funds[0m
[22;32mUser 5, Acc 4 Balance 437.000000, 				Withdraw 500.000000 --insufficient funds[0m
User 0, Acc 0 Balance 2200.000000, Withdraw 100.000000 
User 1, Acc 0 Balance 2400.000000, Deposit 907.000000 
User 3, Acc 9 Balance 15411.000000, Withdraw 163.000000 
User 2, Acc 2 Balance 123.000000, Deposit 919.000000 
User 3, Acc 0 Balance 3007.000000, Deposit 907.000000 
User 2, Acc 3 Balance 111.000000, Transfer 29.000000 to Acc 7
User 5, Acc 5 Balance 2730.000000, Withdraw 500.000000 
User 0, Acc 0 Balance 2100.000000, Withdraw 50.000000 
User 5, Acc 6 Balance 4644.000000, Withdraw 500.000000 
User 0, Acc 1 Balance 744.000000, Transfer 200.000000 to Acc 0
User 5, Acc 7 Balance 57393.000000, Withdraw 500.000000 
[22;32mUser 5, Acc 8 Balance 374.000000, 				Withdraw 500.000000 --insufficient funds[0m
User 1, Acc 1 Balance 744.000000, Deposit 911.000000 
User 4, Acc 9 Balance 15574.000000, Withdraw 500.000000 
User 1, Acc 2 Balance 1042.000000, Deposit 919.000000 
User 3, Acc 1 Balance 744.000000, Deposit 911.000000 
Balance in 0: 4064.000000
User 3, Acc 2 Balance 1961.000000, Deposit 919.000000 
User 0, Acc 0 Balance 4064.000000, Deposit 100.000000 
User 2, Acc 7 Balance 57393.000000, Transfer 31.000000 to Acc 6
User 1, Acc 3 Balance 82.000000, Transfer 29.000000 to Acc 7
User 2, Acc 7 Balance 56862.000000, Transfer 37.000000 to Acc 5
User 2, Acc 7 Balance 56825.000000, Transfer 3.000000 to Acc 4
User 2, Acc 7 Balance 56822.000000, Transfer 5.000000 to Acc 4
User 4, Acc 0 Balance 4064.000000, Withdraw 500.000000 
User 2, Acc 3 Balance 53.000000, Deposit 929.000000 
User 4, Acc 0 Balance 3664.000000, Deposit 100.000000 
User 2, Acc 4 Balance 445.000000, Deposit 937.000000 
User 5, Acc 9 Balance 15248.000000, Withdraw 500.000000 
User 1, Acc 7 Balance 56851.000000, Transfer 31.000000 to Acc 6
User 5, Acc 0 Balance 3764.000000, Withdraw 500.000000 
User 1, Acc 7 Balance 56815.000000, Transfer 37.000000 to Acc 5
User 5, Acc 1 Balance 2366.000000, Withdraw 500.000000 
User 1, Acc 7 Balance 56778.000000, Transfer 3.000000 to Acc 4
User 3, Acc 3 Balance 82.000000, Transfer 29.000000 to Acc 7
User 3, Acc 7 Balance 56804.000000, Transfer 31.000000 to Acc 6
User 3, Acc 7 Balance 56773.000000, Transfer 37.000000 to Acc 5
User 5, Acc 2 Balance 2880.000000, Withdraw 500.000000 
User 3, Acc 7 Balance 56736.000000, Transfer 3.000000 to Acc 4
User 3, Acc 7 Balance 56733.000000, Transfer 5.000000 to Acc 4
User 1, Acc 7 Balance 56775.000000, Transfer 5.000000 to Acc 4
User 1, Acc 3 Balance 953.000000, Deposit 929.000000 
User 1, Acc 4 Balance 1398.000000, Deposit 937.000000 
User 1, Acc 5 Balance 2341.000000, Deposit 941.000000 
User 1, Acc 4 Balance 2335.000000, Withdraw 167.000000 
User 1, Acc 5 Balance 3282.000000, Withdraw 307.000000 
User 5, Acc 3 Balance 953.000000, Withdraw 500.000000 
User 1, Acc 1 Balance 1866.000000, Transfer 89.000000 to Acc 8
User 5, Acc 4 Balance 2168.000000, Withdraw 500.000000 
User 1, Acc 1 Balance 1777.000000, Transfer 163.000000 to Acc 9
User 5, Acc 5 Balance 2975.000000, Withdraw 500.000000 
User 0, Acc 0 Balance 4164.000000, Deposit 200.000000 
User 3, Acc 3 Balance 953.000000, Deposit 929.000000 
User 4, Acc 0 Balance 3764.000000, Deposit 200.000000 
User 3, Acc 4 Balance 1668.000000, Deposit 937.000000 
User 4, Acc 0 Balance 3664.000000, Deposit 300.000000 
User 4, Acc 0 Balance 3964.000000, Withdraw 200.000000 
User 0, Acc 0 Balance 3464.000000, Deposit 300.000000 
User 2, Acc 5 Balance 2267.000000, Deposit 941.000000 
User 0, Acc 0 Balance 4064.000000, Withdraw 200.000000 
User 2, Acc 4 Balance 2605.000000, Withdraw 167.000000 
User 2, Acc 5 Balance 3416.000000, Withdraw 307.000000 
User 3, Acc 5 Balance 2475.000000, Deposit 941.000000 
User 4, Acc 0 Balance 3764.000000, Withdraw 100.000000 
User 3, Acc 4 Balance 2438.000000, Withdraw 167.000000 
User 4, Acc 0 Balance 3764.000000, Withdraw 50.000000 
User 3, Acc 5 Balance 4050.000000, Withdraw 307.000000 
User 3, Acc 1 Balance 1614.000000, Transfer 89.000000 to Acc 8
User 4, Acc 1 Balance 1614.000000, Transfer 200.000000 to Acc 0
Balance in 0: 3914.000000
User 3, Acc 1 Balance 1325.000000, Transfer 163.000000 to Acc 9
User 0, Acc 0 Balance 3864.000000, Withdraw 100.000000 
User 5, Acc 6 Balance 4237.000000, Withdraw 500.000000 
User 0, Acc 0 Balance 3814.000000, Withdraw 50.000000 
User 5, Acc 7 Balance 56723.000000, Withdraw 500.000000 
User 3, Acc 1 Balance 1162.000000, Withdraw 41.000000 
User 5, Acc 8 Balance 552.000000, Withdraw 500.000000 
User 5, Acc 9 Balance 14574.000000, Withdraw 500.000000 
User 3, Acc 2 Balance 2380.000000, Withdraw 71.000000 
User 5, Acc 0 Balance 3764.000000, Withdraw 500.000000 
User 0, Acc 1 Balance 1162.000000, Transfer 200.000000 to Acc 0
User 1, Acc 1 Balance 1614.000000, Withdraw 41.000000 
User 1, Acc 2 Balance 2380.000000, Withdraw 71.000000 
Balance in 0: 3464.000000
User 2, Acc 1 Balance 1614.000000, Transfer 89.000000 to Acc 8
User 1, Acc 3 Balance 2311.000000, Withdraw 127.000000 
User 1, Acc 6 Balance 3737.000000, Withdraw 647.000000 
User 1, Acc 6 Balance 3090.000000, Deposit 953.000000 
User 2, Acc 1 Balance 791.000000, Transfer 163.000000 to Acc 9
User 3, Acc 3 Balance 2184.000000, Withdraw 127.000000 
User 1, Acc 7 Balance 56223.000000, Deposit 967.000000 
User 3, Acc 6 Balance 4043.000000, Withdraw 647.000000 
User 3, Acc 6 Balance 3396.000000, Deposit 953.000000 
User 3, Acc 7 Balance 57190.000000, Deposit 967.000000 
User 3, Acc 1 Balance 628.000000, Transfer 19.000000 to Acc 7
User 3, Acc 2 Balance 2238.000000, Transfer 23.000000 to Acc 7
User 1, Acc 1 Balance 628.000000, Transfer 19.000000 to Acc 7
User 1, Acc 2 Balance 2215.000000, Transfer 23.000000 to Acc 7
User 1, Acc 6 Balance 4349.000000, Transfer 67.000000 to Acc 5
User 3, Acc 6 Balance 4349.000000, Transfer 67.000000 to Acc 5
User 1, Acc 4 Balance 2271.000000, Transfer 53.000000 to Acc 5
User 2, Acc 1 Balance 628.000000, Withdraw 41.000000 
User 3, Acc 4 Balance 2271.000000, Transfer 53.000000 to Acc 5
User 1, Acc 7 Balance 58241.000000, Withdraw 593.000000 
User 2, Acc 2 Balance 2192.000000, Withdraw 71.000000 
User 3, Acc 7 Balance 58241.000000, Withdraw 593.000000 
[22;32mUser 1, Acc 8 Balance 141.000000, 				Withdraw 449.000000 --insufficient funds[0m
User 1, Acc 9 Balance 14237.000000, Withdraw 163.000000 
User 2, Acc 3 Balance 2057.000000, Withdraw 127.000000 
User 2, Acc 6 Balance 4215.000000, Withdraw 647.000000 
User 2, Acc 6 Balance 3568.000000, Deposit 953.000000 
User 2, Acc 7 Balance 57055.000000, Deposit 967.000000 
[22;32mUser 3, Acc 8 Balance 141.000000, 				Withdraw 449.000000 --insufficient funds[0m
User 3, Acc 9 Balance 14074.000000, Withdraw 163.000000 
User 2, Acc 1 Balance 549.000000, Transfer 19.000000 to Acc 7
User 2, Acc 2 Balance 2121.000000, Transfer 23.000000 to Acc 7
User 2, Acc 6 Balance 4521.000000, Transfer 67.000000 to Acc 5
User 2, Acc 4 Balance 2165.000000, Transfer 53.000000 to Acc 5
User 2, Acc 7 Balance 58064.000000, Withdraw 593.000000 
[22;32mUser 2, Acc 8 Balance 141.000000, 				Withdraw 449.000000 --insufficient funds[0m
User 2, Acc 9 Balance 13911.000000, Withdraw 163.000000 
  ***     End of transaction batch    ***  
Account 0 balance after completion of transaction batch: 3464.000000
Account 1 balance after completion of transaction batch: 530.000000
Account 2 balance after completion of transaction batch: 2098.000000
Account 3 balance after completion of transaction batch: 1930.000000
Account 4 balance after completion of transaction batch: 2112.000000
Account 5 balance after completion of transaction batch: 4103.000000
Account 6 balance after completion of transaction batch: 4454.000000
Account 7 balance after completion of transaction batch: 57471.000000
Account 8 balance after completion of transaction batch: 141.000000
Account 9 balance after completion of transaction batch: 13748.000000
