# Output generated by:
# ./my_executable 6 data/transactions7.txt data/transactions6.txt data/transactions9.txt data/transactions2.txt data/transactions10.txt data/transactions5.txt

********************************************
   Reading and parsing a transaction file   
********************************************
Parsed transaction: deposit 7 9929.000000 
Loaded deposit transaction
Parsed transaction: deposit 4 937.000000 
Loaded deposit transaction
Parsed transaction: deposit 5 941.000000 
Loaded deposit transaction
Parsed transaction: deposit 0 7.000000 
Loaded deposit transaction
Parsed transaction: deposit 3 29.000000 
Loaded deposit transaction
Parsed transaction: deposit 7 9.000000 
Loaded deposit transaction
Parsed transaction: deposit 9 129.000000 
Loaded deposit transaction
Parsed transaction: transfer 3 7 29.000000 
Loaded transfer transaction
Parsed transaction: transfer 7 6 31.000000 
Loaded transfer transaction
Parsed transaction: transfer 7 5 137.000000 
Loaded transfer transaction
Parsed transaction: transfer 7 4 3.000000 
Loaded transfer transaction
Parsed transaction: transfer 7 4 5.000000 
Loaded transfer transaction
Parsed transaction: withdraw 4 1167.000000 
Loaded withdrawal transaction
Parsed transaction: withdraw 5 1307.000000 
Loaded withdrawal transaction
Parsed transaction: transfer 1 8 89.000000 
Loaded transfer transaction
Parsed transaction: transfer 1 9 163.000000 
Loaded transfer transaction
Parsed transaction: withdraw 1 41.000000 
Loaded withdrawal transaction
Parsed transaction: withdraw 2 71.000000 
Loaded withdrawal transaction
Parsed transaction: withdraw 3 1127.000000 
Loaded withdrawal transaction
Parsed transaction: withdraw 6 647.000000 
Loaded withdrawal transaction
Parsed transaction: deposit 6 1953.000000 
Loaded deposit transaction
Parsed transaction: deposit 7 967.000000 
Loaded deposit transaction
Parsed transaction: transfer 1 7 19.000000 
Loaded transfer transaction
Parsed transaction: transfer 2 7 23.000000 
Loaded transfer transaction
Parsed transaction: transfer 6 5 1167.000000 
Loaded transfer transaction
Parsed transaction: transfer 4 5 53.000000 
Loaded transfer transaction
Parsed transaction: withdraw 7 1593.000000 
Loaded withdrawal transaction
Parsed transaction: withdraw 8 449.000000 
Loaded withdrawal transaction
Parsed transaction: withdraw 9 163.000000 
Loaded withdrawal transaction
********************************************
********************************************
   Reading and parsing a transaction file   
********************************************
Parsed transaction: deposit 0 7.000000 
Loaded deposit transaction
Parsed transaction: deposit 1 11.000000 
Loaded deposit transaction
Parsed transaction: deposit 2 9.000000 
Loaded deposit transaction
Parsed transaction: transfer 3 7 29.000000 
Loaded transfer transaction
Parsed transaction: transfer 7 6 31.000000 
Loaded transfer transaction
Parsed transaction: transfer 7 5 137.000000 
Loaded transfer transaction
Parsed transaction: transfer 7 4 3.000000 
Loaded transfer transaction
Parsed transaction: transfer 7 4 5.000000 
Loaded transfer transaction
Parsed transaction: deposit 3 929.000000 
Loaded deposit transaction
Parsed transaction: deposit 4 937.000000 
Loaded deposit transaction
Parsed transaction: deposit 5 941.000000 
Loaded deposit transaction
Parsed transaction: withdraw 4 1167.000000 
Loaded withdrawal transaction
Parsed transaction: withdraw 5 1307.000000 
Loaded withdrawal transaction
Parsed transaction: transfer 1 8 89.000000 
Loaded transfer transaction
Parsed transaction: transfer 1 9 163.000000 
Loaded transfer transaction
Parsed transaction: withdraw 1 41.000000 
Loaded withdrawal transaction
Parsed transaction: withdraw 2 71.000000 
Loaded withdrawal transaction
Parsed transaction: withdraw 3 1127.000000 
Loaded withdrawal transaction
Parsed transaction: withdraw 6 647.000000 
Loaded withdrawal transaction
Parsed transaction: deposit 6 953.000000 
Loaded deposit transaction
Parsed transaction: deposit 7 967.000000 
Loaded deposit transaction
Parsed transaction: transfer 1 7 19.000000 
Loaded transfer transaction
Parsed transaction: transfer 2 7 23.000000 
Loaded transfer transaction
Parsed transaction: transfer 6 5 1167.000000 
Loaded transfer transaction
Parsed transaction: transfer 4 5 53.000000 
Loaded transfer transaction
Parsed transaction: withdraw 7 1593.000000 
Loaded withdrawal transaction
Parsed transaction: withdraw 8 449.000000 
Loaded withdrawal transaction
Parsed transaction: withdraw 9 163.000000 
Loaded withdrawal transaction
********************************************
********************************************
   Reading and parsing a transaction file   
********************************************
Parsed transaction: deposit 9 617.000000 
Loaded deposit transaction
Parsed transaction: transfer 9 1 617.000000 
Loaded transfer transaction
Parsed transaction: deposit 8 619.000000 
Loaded deposit transaction
Parsed transaction: transfer 8 2 619.000000 
Loaded transfer transaction
Parsed transaction: deposit 7 631.000000 
Loaded deposit transaction
Parsed transaction: transfer 7 3 631.000000 
Loaded transfer transaction
Parsed transaction: deposit 6 641.000000 
Loaded deposit transaction
Parsed transaction: transfer 6 4 641.000000 
Loaded transfer transaction
Parsed transaction: deposit 5 643.000000 
Loaded deposit transaction
Parsed transaction: transfer 5 6 1200.000000 
Loaded transfer transaction
Parsed transaction: deposit 4 647.000000 
Loaded deposit transaction
Parsed transaction: transfer 4 7 1200.000000 
Loaded transfer transaction
Parsed transaction: deposit 3 653.000000 
Loaded deposit transaction
Parsed transaction: transfer 3 8 1200.000000 
Loaded transfer transaction
Parsed transaction: deposit 2 659.000000 
Loaded deposit transaction
Parsed transaction: transfer 2 9 1200.000000 
Loaded transfer transaction
Parsed transaction: deposit 1 661.000000 
Loaded deposit transaction
Parsed transaction: transfer 1 9 1200.000000 
Loaded transfer transaction
Parsed transaction: deposit 0 673.000000 
Loaded deposit transaction
Parsed transaction: transfer 0 9 1200.000000 
Loaded transfer transaction
Parsed transaction: withdraw 1 50.000000 
Loaded withdrawal transaction
Parsed transaction: withdraw 2 50.000000 
Loaded withdrawal transaction
Parsed transaction: withdraw 3 50.000000 
Loaded withdrawal transaction
Parsed transaction: withdraw 4 50.000000 
Loaded withdrawal transaction
Parsed transaction: withdraw 5 50.000000 
Loaded withdrawal transaction
Parsed transaction: withdraw 6 50.000000 
Loaded withdrawal transaction
Parsed transaction: withdraw 7 50.000000 
Loaded withdrawal transaction
Parsed transaction: withdraw 8 50.000000 
Loaded withdrawal transaction
Parsed transaction: withdraw 9 50.000000 
Loaded withdrawal transaction
Parsed transaction: withdraw 0 50.000000 
Loaded withdrawal transaction
********************************************
********************************************
   Reading and parsing a transaction file   
********************************************
Parsed transaction: deposit 0 400.000000 
Loaded deposit transaction
Parsed transaction: withdraw 0 200.000000 
Loaded withdrawal transaction
Parsed transaction: deposit 0 100.000000 
Loaded deposit transaction
Parsed transaction: withdraw 0 50.000000 
Loaded withdrawal transaction
Parsed transaction: withdraw 0 150.000000 
Loaded withdrawal transaction
Parsed transaction: deposit 0 300.000000 
Loaded deposit transaction
Parsed transaction: transfer 0 1 300.000000 
Loaded transfer transaction
Parsed transaction: balance 1 
Loaded balance transaction
********************************************
********************************************
   Reading and parsing a transaction file   
********************************************
Parsed transaction: withdraw 1 500.000000 
Loaded withdrawal transaction
Parsed transaction: withdraw 2 500.000000 
Loaded withdrawal transaction
Parsed transaction: withdraw 3 500.000000 
Loaded withdrawal transaction
Parsed transaction: withdraw 4 500.000000 
Loaded withdrawal transaction
Parsed transaction: withdraw 5 500.000000 
Loaded withdrawal transaction
Parsed transaction: withdraw 6 500.000000 
Loaded withdrawal transaction
Parsed transaction: withdraw 7 500.000000 
Loaded withdrawal transaction
Parsed transaction: withdraw 8 500.000000 
Loaded withdrawal transaction
Parsed transaction: withdraw 9 500.000000 
Loaded withdrawal transaction
Parsed transaction: withdraw 0 500.000000 
Loaded withdrawal transaction
Parsed transaction: withdraw 1 500.000000 
Loaded withdrawal transaction
Parsed transaction: withdraw 2 500.000000 
Loaded withdrawal transaction
Parsed transaction: withdraw 3 500.000000 
Loaded withdrawal transaction
Parsed transaction: withdraw 4 500.000000 
Loaded withdrawal transaction
Parsed transaction: withdraw 5 500.000000 
Loaded withdrawal transaction
Parsed transaction: withdraw 6 500.000000 
Loaded withdrawal transaction
Parsed transaction: withdraw 7 500.000000 
Loaded withdrawal transaction
Parsed transaction: withdraw 8 500.000000 
Loaded withdrawal transaction
Parsed transaction: withdraw 9 500.000000 
Loaded withdrawal transaction
Parsed transaction: withdraw 0 500.000000 
Loaded withdrawal transaction
Parsed transaction: withdraw 1 500.000000 
Loaded withdrawal transaction
Parsed transaction: withdraw 2 500.000000 
Loaded withdrawal transaction
Parsed transaction: withdraw 3 500.000000 
Loaded withdrawal transaction
Parsed transaction: withdraw 4 500.000000 
Loaded withdrawal transaction
Parsed transaction: withdraw 5 500.000000 
Loaded withdrawal transaction
Parsed transaction: withdraw 6 500.000000 
Loaded withdrawal transaction
Parsed transaction: withdraw 7 500.000000 
Loaded withdrawal transaction
Parsed transaction: withdraw 8 500.000000 
Loaded withdrawal transaction
Parsed transaction: withdraw 9 500.000000 
Loaded withdrawal transaction
Parsed transaction: withdraw 0 500.000000 
Loaded withdrawal transaction
********************************************
********************************************
   Reading and parsing a transaction file   
********************************************
Parsed transaction: deposit 0 907.000000 
Loaded deposit transaction
Parsed transaction: deposit 1 911.000000 
Loaded deposit transaction
Parsed transaction: deposit 2 919.000000 
Loaded deposit transaction
Parsed transaction: transfer 3 7 29.000000 
Loaded transfer transaction
Parsed transaction: transfer 7 6 31.000000 
Loaded transfer transaction
Parsed transaction: transfer 7 5 37.000000 
Loaded transfer transaction
Parsed transaction: transfer 7 4 3.000000 
Loaded transfer transaction
Parsed transaction: transfer 7 4 5.000000 
Loaded transfer transaction
Parsed transaction: deposit 3 929.000000 
Loaded deposit transaction
Parsed transaction: deposit 4 937.000000 
Loaded deposit transaction
Parsed transaction: deposit 5 941.000000 
Loaded deposit transaction
Parsed transaction: withdraw 4 167.000000 
Loaded withdrawal transaction
Parsed transaction: withdraw 5 307.000000 
Loaded withdrawal transaction
Parsed transaction: transfer 1 8 89.000000 
Loaded transfer transaction
Parsed transaction: transfer 1 9 163.000000 
Loaded transfer transaction
Parsed transaction: withdraw 1 41.000000 
Loaded withdrawal transaction
Parsed transaction: withdraw 2 71.000000 
Loaded withdrawal transaction
Parsed transaction: withdraw 3 127.000000 
Loaded withdrawal transaction
Parsed transaction: withdraw 6 647.000000 
Loaded withdrawal transaction
Parsed transaction: deposit 6 953.000000 
Loaded deposit transaction
Parsed transaction: deposit 7 967.000000 
Loaded deposit transaction
Parsed transaction: transfer 1 7 19.000000 
Loaded transfer transaction
Parsed transaction: transfer 2 7 23.000000 
Loaded transfer transaction
Parsed transaction: transfer 6 5 67.000000 
Loaded transfer transaction
Parsed transaction: transfer 4 5 53.000000 
Loaded transfer transaction
Parsed transaction: withdraw 7 593.000000 
Loaded withdrawal transaction
Parsed transaction: withdraw 8 449.000000 
Loaded withdrawal transaction
Parsed transaction: withdraw 9 163.000000 
Loaded withdrawal transaction
********************************************
  ***    Start of transaction batch    ***  
User 0, Acc 7 Balance 0.000000, Deposit 9929.000000 
User 0, Acc 4 Balance 0.000000, Deposit 937.000000 
User 0, Acc 5 Balance 0.000000, Deposit 941.000000 
User 0, Acc 0 Balance 0.000000, Deposit 7.000000 
User 0, Acc 3 Balance 0.000000, Deposit 29.000000 
User 0, Acc 7 Balance 9929.000000, Deposit 9.000000 
User 0, Acc 9 Balance 0.000000, Deposit 129.000000 
User 0, Acc 3 Balance 29.000000, Transfer 29.000000 to Acc 7
User 0, Acc 7 Balance 9967.000000, Transfer 31.000000 to Acc 6
User 0, Acc 7 Balance 9936.000000, Transfer 137.000000 to Acc 5
User 0, Acc 7 Balance 9799.000000, Transfer 3.000000 to Acc 4
User 0, Acc 7 Balance 9796.000000, Transfer 5.000000 to Acc 4
[22;32mUser 0, Acc 4 Balance 945.000000, 				Withdraw 1167.000000 --insufficient funds[0m
[22;32mUser 0, Acc 5 Balance 1078.000000, 				Withdraw 1307.000000 --insufficient funds[0m
[22;32mUser 0, Acc 1 Balance 0.000000, 				Withdraw 41.000000 --insufficient funds[0m
[22;32mUser 0, Acc 2 Balance 0.000000, 				Withdraw 71.000000 --insufficient funds[0m
[22;32mUser 0, Acc 3 Balance 0.000000, 				Withdraw 1127.000000 --insufficient funds[0m
[22;32mUser 0, Acc 6 Balance 31.000000, 				Withdraw 647.000000 --insufficient funds[0m
User 0, Acc 6 Balance 31.000000, Deposit 1953.000000 
User 0, Acc 7 Balance 9791.000000, Deposit 967.000000 
User 0, Acc 6 Balance 1984.000000, Transfer 1167.000000 to Acc 5
User 0, Acc 4 Balance 945.000000, Transfer 53.000000 to Acc 5
User 0, Acc 7 Balance 10758.000000, Withdraw 1593.000000 
[22;32mUser 0, Acc 8 Balance 0.000000, 				Withdraw 449.000000 --insufficient funds[0m
[22;32mUser 0, Acc 9 Balance 129.000000, 				Withdraw 163.000000 --insufficient funds[0m
User 0, Acc 0 Balance 7.000000, Deposit 7.000000 
User 0, Acc 1 Balance 0.000000, Deposit 11.000000 
User 0, Acc 2 Balance 0.000000, Deposit 9.000000 
User 3, Acc 9 Balance 129.000000, Deposit 617.000000 
[22;32mUser 4, Acc 1 Balance 11.000000, 				Withdraw 500.000000 --insufficient funds[0m
[22;32mUser 4, Acc 2 Balance 9.000000, 				Withdraw 500.000000 --insufficient funds[0m
[22;32mUser 4, Acc 3 Balance 0.000000, 				Withdraw 500.000000 --insufficient funds[0m
User 4, Acc 4 Balance 892.000000, Withdraw 500.000000 
User 4, Acc 5 Balance 2298.000000, Withdraw 500.000000 
User 4, Acc 6 Balance 817.000000, Withdraw 500.000000 
User 4, Acc 7 Balance 9165.000000, Withdraw 500.000000 
[22;32mUser 4, Acc 8 Balance 0.000000, 				Withdraw 500.000000 --insufficient funds[0m
User 5, Acc 0 Balance 14.000000, Deposit 907.000000 
User 5, Acc 1 Balance 11.000000, Deposit 911.000000 
User 5, Acc 2 Balance 9.000000, Deposit 919.000000 
User 5, Acc 7 Balance 8665.000000, Transfer 31.000000 to Acc 6
User 1, Acc 7 Balance 9165.000000, Deposit 9929.000000 
User 4, Acc 9 Balance 746.000000, Withdraw 500.000000 
User 1, Acc 4 Balance 392.000000, Deposit 937.000000 
User 0, Acc 7 Balance 9165.000000, Transfer 31.000000 to Acc 6
User 0, Acc 7 Balance 18532.000000, Transfer 137.000000 to Acc 5
User 5, Acc 7 Balance 8634.000000, Transfer 37.000000 to Acc 5
User 2, Acc 0 Balance 14.000000, Deposit 400.000000 
User 2, Acc 0 Balance 1321.000000, Withdraw 200.000000 
User 1, Acc 5 Balance 1798.000000, Deposit 941.000000 
User 2, Acc 0 Balance 1121.000000, Deposit 100.000000 
User 1, Acc 0 Balance 1121.000000, Deposit 7.000000 
User 5, Acc 7 Balance 18358.000000, Transfer 3.000000 to Acc 4
User 5, Acc 7 Balance 18355.000000, Transfer 5.000000 to Acc 4
User 5, Acc 3 Balance 0.000000, Deposit 929.000000 
User 5, Acc 4 Balance 1337.000000, Deposit 937.000000 
User 5, Acc 5 Balance 2913.000000, Deposit 941.000000 
User 5, Acc 4 Balance 2274.000000, Withdraw 167.000000 
User 5, Acc 5 Balance 3854.000000, Withdraw 307.000000 
User 1, Acc 3 Balance 0.000000, Deposit 29.000000 
User 5, Acc 1 Balance 922.000000, Transfer 89.000000 to Acc 8
User 1, Acc 7 Balance 18350.000000, Deposit 9.000000 
User 5, Acc 1 Balance 833.000000, Transfer 163.000000 to Acc 9
User 1, Acc 9 Balance 246.000000, Deposit 129.000000 
User 3, Acc 9 Balance 746.000000, Transfer 617.000000 to Acc 1
User 1, Acc 3 Balance 958.000000, Transfer 29.000000 to Acc 7
User 3, Acc 8 Balance 89.000000, Deposit 619.000000 
User 4, Acc 0 Balance 921.000000, Withdraw 500.000000 
User 1, Acc 7 Balance 18388.000000, Transfer 31.000000 to Acc 6
User 1, Acc 7 Balance 18357.000000, Transfer 137.000000 to Acc 5
User 3, Acc 8 Balance 708.000000, Transfer 619.000000 to Acc 2
User 3, Acc 7 Balance 18220.000000, Deposit 631.000000 
User 3, Acc 7 Balance 18851.000000, Transfer 631.000000 to Acc 3
User 0, Acc 7 Balance 18395.000000, Transfer 3.000000 to Acc 4
User 0, Acc 7 Balance 18217.000000, Transfer 5.000000 to Acc 4
User 0, Acc 3 Balance 1560.000000, Deposit 929.000000 
User 0, Acc 4 Balance 2115.000000, Deposit 937.000000 
User 2, Acc 0 Balance 1221.000000, Withdraw 50.000000 
User 1, Acc 7 Balance 18220.000000, Transfer 3.000000 to Acc 4
User 2, Acc 0 Balance 678.000000, Withdraw 150.000000 
User 3, Acc 6 Balance 410.000000, Deposit 641.000000 
User 4, Acc 1 Balance 1287.000000, Withdraw 500.000000 
User 3, Acc 6 Balance 1051.000000, Transfer 641.000000 to Acc 4
User 5, Acc 1 Balance 670.000000, Withdraw 41.000000 
User 3, Acc 5 Balance 3684.000000, Deposit 643.000000 
User 3, Acc 5 Balance 4327.000000, Transfer 1200.000000 to Acc 6
User 2, Acc 0 Balance 528.000000, Deposit 300.000000 
User 4, Acc 2 Balance 1547.000000, Withdraw 500.000000 
User 2, Acc 0 Balance 828.000000, Transfer 300.000000 to Acc 1
User 4, Acc 3 Balance 2489.000000, Withdraw 500.000000 
User 4, Acc 4 Balance 3696.000000, Withdraw 500.000000 
User 5, Acc 2 Balance 1547.000000, Withdraw 71.000000 
User 4, Acc 5 Balance 3127.000000, Withdraw 500.000000 
User 5, Acc 3 Balance 1989.000000, Withdraw 127.000000 
User 4, Acc 6 Balance 1610.000000, Withdraw 500.000000 
User 1, Acc 7 Balance 18209.000000, Transfer 5.000000 to Acc 4
User 4, Acc 7 Balance 18209.000000, Withdraw 500.000000 
[22;32mUser 4, Acc 8 Balance 89.000000, 				Withdraw 500.000000 --insufficient funds[0m
User 3, Acc 4 Balance 3696.000000, Deposit 647.000000 
User 5, Acc 6 Balance 1610.000000, Withdraw 647.000000 
User 5, Acc 6 Balance 463.000000, Deposit 953.000000 
User 1, Acc 4 Balance 3201.000000, Withdraw 1167.000000 
User 5, Acc 7 Balance 17704.000000, Deposit 967.000000 
User 5, Acc 1 Balance 1046.000000, Transfer 19.000000 to Acc 7
[22;32mUser 4, Acc 9 Balance -79.000000, 				Withdraw 500.000000 --insufficient funds[0m
User 0, Acc 5 Balance 3684.000000, Deposit 941.000000 
User 3, Acc 4 Balance 3848.000000, Transfer 1200.000000 to Acc 7
User 0, Acc 4 Balance 2681.000000, Withdraw 1167.000000 
User 3, Acc 3 Balance 1862.000000, Deposit 653.000000 
User 5, Acc 2 Balance 976.000000, Transfer 23.000000 to Acc 7
User 3, Acc 3 Balance 2515.000000, Transfer 1200.000000 to Acc 8
User 1, Acc 5 Balance 2627.000000, Withdraw 1307.000000 
User 3, Acc 2 Balance 953.000000, Deposit 659.000000 
User 1, Acc 1 Balance 1027.000000, Transfer 89.000000 to Acc 8
User 1, Acc 1 Balance 938.000000, Transfer 163.000000 to Acc 9
User 3, Acc 2 Balance 1612.000000, Transfer 1200.000000 to Acc 9
User 5, Acc 6 Balance 1416.000000, Transfer 67.000000 to Acc 5
User 3, Acc 1 Balance 775.000000, Deposit 661.000000 
User 5, Acc 4 Balance 314.000000, Transfer 53.000000 to Acc 5
Balance in 1: 1046.000000
User 5, Acc 7 Balance 19913.000000, Withdraw 593.000000 
User 5, Acc 8 Balance 1378.000000, Withdraw 449.000000 
User 3, Acc 1 Balance 1436.000000, Transfer 1200.000000 to Acc 9
User 3, Acc 0 Balance 528.000000, Deposit 673.000000 
User 3, Acc 0 Balance 1201.000000, Transfer 1200.000000 to Acc 9
User 3, Acc 1 Balance 236.000000, Withdraw 50.000000 
User 2, Acc 0 Balance 528.000000, Deposit 7.000000 
User 3, Acc 2 Balance 412.000000, Withdraw 50.000000 
User 2, Acc 1 Balance 186.000000, Deposit 11.000000 
User 5, Acc 9 Balance 1284.000000, Withdraw 163.000000 
User 4, Acc 0 Balance 528.000000, Withdraw 500.000000 
User 5, Acc 7 Balance 19320.000000, Deposit 9929.000000 
[22;32mUser 4, Acc 1 Balance 197.000000, 				Withdraw 500.000000 --insufficient funds[0m
User 2, Acc 2 Balance 362.000000, Deposit 9.000000 
User 1, Acc 1 Balance 775.000000, Withdraw 41.000000 
User 2, Acc 3 Balance 1315.000000, Transfer 29.000000 to Acc 7
User 0, Acc 5 Balance 3568.000000, Withdraw 1307.000000 
User 0, Acc 1 Balance 156.000000, Transfer 89.000000 to Acc 8
User 3, Acc 3 Balance 1315.000000, Withdraw 50.000000 
User 3, Acc 4 Balance 261.000000, Withdraw 50.000000 
User 3, Acc 5 Balance 1074.000000, Withdraw 50.000000 
User 3, Acc 6 Balance 1349.000000, Withdraw 50.000000 
User 2, Acc 7 Balance 29278.000000, Transfer 31.000000 to Acc 6
User 2, Acc 7 Balance 29247.000000, Transfer 137.000000 to Acc 5
User 2, Acc 7 Balance 29110.000000, Transfer 3.000000 to Acc 4
User 2, Acc 7 Balance 29107.000000, Transfer 5.000000 to Acc 4
User 2, Acc 3 Balance 1236.000000, Deposit 929.000000 
User 2, Acc 4 Balance 219.000000, Deposit 937.000000 
User 2, Acc 5 Balance 1161.000000, Deposit 941.000000 
[22;32mUser 2, Acc 4 Balance 1156.000000, 				Withdraw 1167.000000 --insufficient funds[0m
User 2, Acc 5 Balance 2102.000000, Withdraw 1307.000000 
User 3, Acc 7 Balance 29278.000000, Withdraw 50.000000 
User 2, Acc 1 Balance 67.000000, Withdraw 41.000000 
User 3, Acc 8 Balance 1018.000000, Withdraw 50.000000 
User 2, Acc 2 Balance 371.000000, Withdraw 71.000000 
User 0, Acc 1 Balance 67.000000, Withdraw 41.000000 
User 2, Acc 3 Balance 2165.000000, Withdraw 1127.000000 
User 0, Acc 2 Balance 300.000000, Withdraw 71.000000 
User 2, Acc 6 Balance 1330.000000, Withdraw 647.000000 
[22;32mUser 4, Acc 2 Balance 362.000000, 				Withdraw 500.000000 --insufficient funds[0m
User 1, Acc 2 Balance 371.000000, Withdraw 71.000000 
User 4, Acc 3 Balance 1038.000000, Withdraw 500.000000 
User 5, Acc 4 Balance 261.000000, Deposit 937.000000 
User 3, Acc 9 Balance 3521.000000, Withdraw 50.000000 
User 5, Acc 5 Balance 795.000000, Deposit 941.000000 
User 5, Acc 0 Balance -492.000000, Deposit 7.000000 
[22;32mUser 3, Acc 0 Balance -492.000000, 				Withdraw 50.000000 --insufficient funds[0m
User 4, Acc 4 Balance 1156.000000, Withdraw 500.000000 
User 3, Acc 7 Balance 29052.000000, Deposit 9929.000000 
[22;32mUser 0, Acc 3 Balance 1038.000000, 				Withdraw 1127.000000 --insufficient funds[0m
User 2, Acc 6 Balance 683.000000, Deposit 953.000000 
User 5, Acc 3 Balance 538.000000, Deposit 29.000000 
User 2, Acc 7 Balance 38981.000000, Deposit 967.000000 
User 4, Acc 5 Balance 1736.000000, Withdraw 500.000000 
[22;32mUser 1, Acc 3 Balance 538.000000, 				Withdraw 1127.000000 --insufficient funds[0m
User 4, Acc 6 Balance 1636.000000, Withdraw 500.000000 
User 1, Acc 6 Balance 1636.000000, Withdraw 647.000000 
User 1, Acc 6 Balance 989.000000, Deposit 1953.000000 
User 2, Acc 2 Balance 158.000000, Transfer 23.000000 to Acc 7
User 5, Acc 7 Balance 39948.000000, Deposit 9.000000 
User 3, Acc 4 Balance 1593.000000, Deposit 937.000000 
User 3, Acc 5 Balance 1236.000000, Deposit 941.000000 
User 3, Acc 0 Balance -485.000000, Deposit 7.000000 
User 3, Acc 3 Balance 567.000000, Deposit 29.000000 
User 3, Acc 7 Balance 39980.000000, Deposit 9.000000 
User 3, Acc 9 Balance 3471.000000, Deposit 129.000000 
User 2, Acc 6 Balance 2442.000000, Transfer 1167.000000 to Acc 5
User 3, Acc 3 Balance 596.000000, Transfer 29.000000 to Acc 7
User 2, Acc 4 Balance 2530.000000, Transfer 53.000000 to Acc 5
User 3, Acc 7 Balance 40018.000000, Transfer 31.000000 to Acc 6
User 3, Acc 7 Balance 39987.000000, Transfer 137.000000 to Acc 5
User 1, Acc 7 Balance 39948.000000, Deposit 967.000000 
User 3, Acc 7 Balance 39850.000000, Transfer 3.000000 to Acc 4
User 1, Acc 2 Balance 135.000000, Transfer 23.000000 to Acc 7
User 3, Acc 7 Balance 40814.000000, Transfer 5.000000 to Acc 4
User 1, Acc 6 Balance 1306.000000, Transfer 1167.000000 to Acc 5
User 2, Acc 7 Balance 39987.000000, Withdraw 1593.000000 
User 4, Acc 7 Balance 39948.000000, Withdraw 500.000000 
User 2, Acc 8 Balance 968.000000, Withdraw 449.000000 
User 0, Acc 6 Balance 683.000000, Withdraw 647.000000 
User 2, Acc 9 Balance 3600.000000, Withdraw 163.000000 
User 0, Acc 6 Balance -508.000000, Deposit 953.000000 
User 2, Acc 9 Balance 3437.000000, Deposit 617.000000 
User 2, Acc 9 Balance 4054.000000, Transfer 617.000000 to Acc 1
User 3, Acc 4 Balance 2485.000000, Withdraw 1167.000000 
User 3, Acc 5 Balance 4701.000000, Withdraw 1307.000000 
User 3, Acc 1 Balance 602.000000, Transfer 89.000000 to Acc 8
User 3, Acc 1 Balance 513.000000, Transfer 163.000000 to Acc 9
User 0, Acc 7 Balance 38739.000000, Deposit 967.000000 
User 3, Acc 1 Balance 350.000000, Withdraw 41.000000 
User 2, Acc 8 Balance 519.000000, Deposit 619.000000 
User 3, Acc 2 Balance 112.000000, Withdraw 71.000000 
User 5, Acc 9 Balance 3471.000000, Deposit 129.000000 
User 4, Acc 8 Balance 968.000000, Withdraw 500.000000 
User 1, Acc 4 Balance 2485.000000, Transfer 53.000000 to Acc 5
User 4, Acc 9 Balance 3729.000000, Withdraw 500.000000 
[22;32mUser 3, Acc 3 Balance 567.000000, 				Withdraw 1127.000000 --insufficient funds[0m
[22;32mUser 3, Acc 6 Balance 445.000000, 				Withdraw 647.000000 --insufficient funds[0m
User 3, Acc 6 Balance 445.000000, Deposit 1953.000000 
User 3, Acc 7 Balance 39706.000000, Deposit 967.000000 
User 3, Acc 1 Balance 309.000000, Transfer 19.000000 to Acc 7
User 3, Acc 2 Balance 41.000000, Transfer 23.000000 to Acc 7
User 2, Acc 8 Balance 1227.000000, Transfer 619.000000 to Acc 2
User 3, Acc 6 Balance 2398.000000, Transfer 1167.000000 to Acc 5
User 2, Acc 7 Balance 40715.000000, Deposit 631.000000 
User 3, Acc 4 Balance 1265.000000, Transfer 53.000000 to Acc 5
User 2, Acc 7 Balance 41346.000000, Transfer 631.000000 to Acc 3
User 3, Acc 7 Balance 41346.000000, Withdraw 1593.000000 
User 2, Acc 6 Balance 1231.000000, Deposit 641.000000 
[22;32mUser 3, Acc 8 Balance 108.000000, 				Withdraw 449.000000 --insufficient funds[0m
User 2, Acc 6 Balance 1872.000000, Transfer 641.000000 to Acc 4
User 3, Acc 9 Balance 3229.000000, Withdraw 163.000000 
User 2, Acc 5 Balance 4667.000000, Deposit 643.000000 
User 3, Acc 0 Balance -478.000000, Deposit 7.000000 
User 2, Acc 5 Balance 5310.000000, Transfer 1200.000000 to Acc 6
User 3, Acc 1 Balance 290.000000, Deposit 11.000000 
User 2, Acc 4 Balance 1853.000000, Deposit 647.000000 
User 3, Acc 2 Balance 637.000000, Deposit 9.000000 
User 0, Acc 1 Balance 350.000000, Transfer 19.000000 to Acc 7
User 3, Acc 3 Balance 1198.000000, Transfer 29.000000 to Acc 7
[22;32mUser 4, Acc 0 Balance -478.000000, 				Withdraw 500.000000 --insufficient funds[0m
User 4, Acc 0 Balance -471.000000, Deposit 400.000000 
[22;32mUser 4, Acc 0 Balance -71.000000, 				Withdraw 200.000000 --insufficient funds[0m
User 4, Acc 0 Balance -71.000000, Deposit 100.000000 
[22;32mUser 4, Acc 0 Balance 29.000000, 				Withdraw 50.000000 --insufficient funds[0m
[22;32mUser 4, Acc 0 Balance 29.000000, 				Withdraw 150.000000 --insufficient funds[0m
User 4, Acc 0 Balance 29.000000, Deposit 300.000000 
User 4, Acc 0 Balance 329.000000, Transfer 300.000000 to Acc 1
Balance in 1: 582.000000
User 5, Acc 3 Balance 567.000000, Transfer 29.000000 to Acc 7
User 5, Acc 7 Balance 39199.000000, Transfer 31.000000 to Acc 6
User 2, Acc 4 Balance 2500.000000, Transfer 1200.000000 to Acc 7
User 2, Acc 3 Balance 1140.000000, Deposit 653.000000 
User 2, Acc 3 Balance 1793.000000, Transfer 1200.000000 to Acc 8
User 2, Acc 2 Balance 646.000000, Deposit 659.000000 
User 3, Acc 7 Balance 39151.000000, Transfer 31.000000 to Acc 6
User 3, Acc 7 Balance 40337.000000, Transfer 137.000000 to Acc 5
User 0, Acc 2 Balance 646.000000, Transfer 23.000000 to Acc 7
User 4, Acc 0 Balance 29.000000, Deposit 7.000000 
User 0, Acc 6 Balance 2493.000000, Transfer 1167.000000 to Acc 5
User 4, Acc 1 Balance 582.000000, Deposit 11.000000 
User 0, Acc 4 Balance 1300.000000, Transfer 53.000000 to Acc 5
User 2, Acc 2 Balance 1305.000000, Transfer 1200.000000 to Acc 9
User 0, Acc 7 Balance 40223.000000, Withdraw 1593.000000 
User 2, Acc 1 Balance 593.000000, Deposit 661.000000 
User 0, Acc 8 Balance 1308.000000, Withdraw 449.000000 
User 3, Acc 7 Balance 40200.000000, Transfer 3.000000 to Acc 4
User 5, Acc 7 Balance 39168.000000, Transfer 137.000000 to Acc 5
User 3, Acc 7 Balance 38627.000000, Transfer 5.000000 to Acc 4
User 5, Acc 7 Balance 38490.000000, Transfer 3.000000 to Acc 4
User 3, Acc 3 Balance 593.000000, Deposit 929.000000 
User 5, Acc 7 Balance 38482.000000, Transfer 5.000000 to Acc 4
User 4, Acc 2 Balance 1282.000000, Deposit 9.000000 
User 5, Acc 4 Balance 1263.000000, Withdraw 1167.000000 
User 5, Acc 5 Balance 5604.000000, Withdraw 1307.000000 
User 3, Acc 4 Balance 1258.000000, Deposit 937.000000 
User 3, Acc 5 Balance 4297.000000, Deposit 941.000000 
[22;32mUser 3, Acc 4 Balance 1033.000000, 				Withdraw 1167.000000 --insufficient funds[0m
User 1, Acc 7 Balance 39706.000000, Withdraw 1593.000000 
User 4, Acc 3 Balance 1522.000000, Transfer 29.000000 to Acc 7
User 1, Acc 8 Balance 859.000000, Withdraw 449.000000 
User 1, Acc 9 Balance 4266.000000, Withdraw 163.000000 
User 5, Acc 1 Balance 1254.000000, Transfer 89.000000 to Acc 8
User 1, Acc 9 Balance 4103.000000, Deposit 617.000000 
User 5, Acc 1 Balance 1165.000000, Transfer 163.000000 to Acc 9
User 1, Acc 9 Balance 4720.000000, Transfer 617.000000 to Acc 1
User 4, Acc 7 Balance 36913.000000, Transfer 31.000000 to Acc 6
User 0, Acc 9 Balance 4266.000000, Withdraw 163.000000 
User 4, Acc 7 Balance 36882.000000, Transfer 137.000000 to Acc 5
User 0, Acc 7 Balance 36882.000000, Deposit 9929.000000 
User 1, Acc 8 Balance 499.000000, Deposit 619.000000 
User 0, Acc 4 Balance 1033.000000, Deposit 937.000000 
User 1, Acc 8 Balance 1118.000000, Transfer 619.000000 to Acc 2
User 1, Acc 7 Balance 46674.000000, Deposit 631.000000 
User 5, Acc 1 Balance 1002.000000, Withdraw 41.000000 
User 1, Acc 7 Balance 47305.000000, Transfer 631.000000 to Acc 3
User 5, Acc 2 Balance 710.000000, Withdraw 71.000000 
User 1, Acc 6 Balance 1357.000000, Deposit 641.000000 
User 5, Acc 3 Balance 2124.000000, Withdraw 1127.000000 
User 1, Acc 6 Balance 1998.000000, Transfer 641.000000 to Acc 4
User 5, Acc 6 Balance 1998.000000, Withdraw 647.000000 
User 1, Acc 5 Balance 5375.000000, Deposit 643.000000 
User 5, Acc 6 Balance 710.000000, Deposit 1953.000000 
User 1, Acc 5 Balance 6018.000000, Transfer 1200.000000 to Acc 6
User 5, Acc 7 Balance 46674.000000, Deposit 967.000000 
User 1, Acc 4 Balance 2611.000000, Deposit 647.000000 
User 5, Acc 1 Balance 1578.000000, Transfer 19.000000 to Acc 7
User 1, Acc 4 Balance 3258.000000, Transfer 1200.000000 to Acc 7
User 5, Acc 2 Balance 639.000000, Transfer 23.000000 to Acc 7
User 1, Acc 3 Balance 997.000000, Deposit 653.000000 
User 5, Acc 6 Balance 3863.000000, Transfer 1167.000000 to Acc 5
User 1, Acc 3 Balance 1650.000000, Transfer 1200.000000 to Acc 8
User 5, Acc 4 Balance 2058.000000, Transfer 53.000000 to Acc 5
User 1, Acc 2 Balance 616.000000, Deposit 659.000000 
User 5, Acc 7 Balance 48883.000000, Withdraw 1593.000000 
User 1, Acc 2 Balance 1275.000000, Transfer 1200.000000 to Acc 9
User 5, Acc 8 Balance 1699.000000, Withdraw 449.000000 
User 1, Acc 1 Balance 1559.000000, Deposit 661.000000 
User 5, Acc 9 Balance 5303.000000, Withdraw 163.000000 
User 1, Acc 1 Balance 2220.000000, Transfer 1200.000000 to Acc 9
User 5, Acc 7 Balance 47290.000000, Deposit 9929.000000 
User 1, Acc 0 Balance 36.000000, Deposit 673.000000 
User 0, Acc 5 Balance 5375.000000, Deposit 941.000000 
User 1, Acc 1 Balance 1020.000000, Withdraw 50.000000 
User 4, Acc 7 Balance 36745.000000, Transfer 3.000000 to Acc 4
User 5, Acc 4 Balance 2005.000000, Deposit 937.000000 
User 3, Acc 5 Balance 5238.000000, Withdraw 1307.000000 
User 5, Acc 5 Balance 6979.000000, Deposit 941.000000 
User 0, Acc 0 Balance 709.000000, Deposit 7.000000 
User 2, Acc 1 Balance 1254.000000, Transfer 1200.000000 to Acc 9
User 1, Acc 2 Balance 75.000000, Withdraw 50.000000 
User 2, Acc 0 Balance 716.000000, Deposit 673.000000 
User 2, Acc 0 Balance 1389.000000, Transfer 1200.000000 to Acc 9
User 5, Acc 0 Balance 709.000000, Deposit 7.000000 
User 3, Acc 1 Balance 970.000000, Transfer 89.000000 to Acc 8
User 5, Acc 3 Balance 450.000000, Deposit 29.000000 
[22;32mUser 3, Acc 1 Balance -319.000000, 				Withdraw 41.000000 --insufficient funds[0m
User 5, Acc 7 Balance 57216.000000, Deposit 9.000000 
User 1, Acc 3 Balance 450.000000, Withdraw 50.000000 
User 5, Acc 9 Balance 8740.000000, Deposit 129.000000 
[22;32mUser 2, Acc 1 Balance -230.000000, 				Withdraw 50.000000 --insufficient funds[0m
User 0, Acc 3 Balance 450.000000, Deposit 29.000000 
User 0, Acc 7 Balance 57225.000000, Deposit 9.000000 
User 0, Acc 9 Balance 8869.000000, Deposit 129.000000 
User 0, Acc 3 Balance 458.000000, Transfer 29.000000 to Acc 7
User 0, Acc 7 Balance 57263.000000, Transfer 31.000000 to Acc 6
User 0, Acc 7 Balance 57232.000000, Transfer 137.000000 to Acc 5
User 0, Acc 7 Balance 57095.000000, Transfer 3.000000 to Acc 4
User 0, Acc 7 Balance 57092.000000, Transfer 5.000000 to Acc 4
User 0, Acc 4 Balance 2953.000000, Withdraw 1167.000000 
User 4, Acc 7 Balance 57216.000000, Transfer 5.000000 to Acc 4
User 0, Acc 5 Balance 6750.000000, Withdraw 1307.000000 
User 4, Acc 3 Balance 429.000000, Deposit 929.000000 
[22;32mUser 0, Acc 1 Balance -319.000000, 				Withdraw 41.000000 --insufficient funds[0m
User 4, Acc 4 Balance 1791.000000, Deposit 937.000000 
User 4, Acc 5 Balance 5443.000000, Deposit 941.000000 
User 4, Acc 4 Balance 2728.000000, Withdraw 1167.000000 
User 4, Acc 5 Balance 6384.000000, Withdraw 1307.000000 
[22;32mUser 4, Acc 1 Balance -319.000000, 				Withdraw 41.000000 --insufficient funds[0m
[22;32mUser 4, Acc 2 Balance 25.000000, 				Withdraw 71.000000 --insufficient funds[0m
User 4, Acc 3 Balance 1358.000000, Withdraw 1127.000000 
User 4, Acc 6 Balance 2727.000000, Withdraw 647.000000 
User 4, Acc 6 Balance 2080.000000, Deposit 953.000000 
User 4, Acc 7 Balance 57082.000000, Deposit 967.000000 
User 4, Acc 2 Balance 25.000000, Transfer 23.000000 to Acc 7
User 4, Acc 6 Balance 3033.000000, Transfer 1167.000000 to Acc 5
User 4, Acc 4 Balance 1561.000000, Transfer 53.000000 to Acc 5
User 4, Acc 7 Balance 58072.000000, Withdraw 1593.000000 
User 4, Acc 8 Balance 1339.000000, Withdraw 449.000000 
User 4, Acc 9 Balance 8998.000000, Withdraw 163.000000 
User 4, Acc 9 Balance 8835.000000, Deposit 617.000000 
User 4, Acc 9 Balance 9452.000000, Transfer 617.000000 to Acc 1
User 4, Acc 8 Balance 890.000000, Deposit 619.000000 
User 4, Acc 8 Balance 1509.000000, Transfer 619.000000 to Acc 2
User 4, Acc 7 Balance 56479.000000, Deposit 631.000000 
User 4, Acc 7 Balance 57110.000000, Transfer 631.000000 to Acc 3
User 4, Acc 6 Balance 1866.000000, Deposit 641.000000 
User 4, Acc 6 Balance 2507.000000, Transfer 641.000000 to Acc 4
User 4, Acc 5 Balance 6297.000000, Deposit 643.000000 
[22;32mUser 0, Acc 2 Balance 25.000000, 				Withdraw 71.000000 --insufficient funds[0m
User 4, Acc 5 Balance 6940.000000, Transfer 1200.000000 to Acc 6
[22;32mUser 0, Acc 3 Balance 862.000000, 				Withdraw 1127.000000 --insufficient funds[0m
User 5, Acc 3 Balance 429.000000, Transfer 29.000000 to Acc 7
User 0, Acc 6 Balance 3066.000000, Withdraw 647.000000 
[22;32mUser 3, Acc 2 Balance 25.000000, 				Withdraw 71.000000 --insufficient funds[0m
User 0, Acc 6 Balance 2419.000000, Deposit 1953.000000 
User 4, Acc 4 Balance 2149.000000, Deposit 647.000000 
User 0, Acc 7 Balance 56508.000000, Deposit 967.000000 
User 4, Acc 4 Balance 2796.000000, Transfer 1200.000000 to Acc 7
User 0, Acc 1 Balance 298.000000, Transfer 19.000000 to Acc 7
User 4, Acc 3 Balance 833.000000, Deposit 653.000000 
User 4, Acc 3 Balance 1486.000000, Transfer 1200.000000 to Acc 8
User 5, Acc 7 Balance 56508.000000, Transfer 31.000000 to Acc 6
User 4, Acc 2 Balance 621.000000, Deposit 659.000000 
User 4, Acc 2 Balance 1280.000000, Transfer 1200.000000 to Acc 9
[22;32mUser 3, Acc 3 Balance 833.000000, 				Withdraw 1127.000000 --insufficient funds[0m
[22;32mUser 2, Acc 2 Balance 25.000000, 				Withdraw 50.000000 --insufficient funds[0m
User 3, Acc 6 Balance 4403.000000, Withdraw 647.000000 
User 2, Acc 3 Balance 286.000000, Withdraw 50.000000 
User 5, Acc 7 Balance 58663.000000, Transfer 137.000000 to Acc 5
User 2, Acc 4 Balance 1596.000000, Withdraw 50.000000 
User 5, Acc 7 Balance 58526.000000, Transfer 3.000000 to Acc 4
User 0, Acc 2 Balance 621.000000, Transfer 23.000000 to Acc 7
User 5, Acc 7 Balance 58523.000000, Transfer 5.000000 to Acc 4
User 0, Acc 6 Balance 3756.000000, Transfer 1167.000000 to Acc 5
User 5, Acc 4 Balance 1554.000000, Withdraw 1167.000000 
User 0, Acc 4 Balance 1554.000000, Transfer 53.000000 to Acc 5
User 0, Acc 7 Balance 58541.000000, Withdraw 1593.000000 
User 0, Acc 8 Balance 2090.000000, Withdraw 449.000000 
User 0, Acc 9 Balance 10035.000000, Withdraw 163.000000 
User 5, Acc 5 Balance 7044.000000, Withdraw 1307.000000 
User 5, Acc 1 Balance 279.000000, Transfer 89.000000 to Acc 8
User 5, Acc 1 Balance 190.000000, Transfer 163.000000 to Acc 9
[22;32mUser 5, Acc 1 Balance 27.000000, 				Withdraw 41.000000 --insufficient funds[0m
User 1, Acc 4 Balance 2945.000000, Withdraw 50.000000 
User 1, Acc 5 Balance 5790.000000, Withdraw 50.000000 
User 4, Acc 1 Balance 279.000000, Deposit 661.000000 
User 2, Acc 5 Balance 5877.000000, Withdraw 50.000000 
User 0, Acc 0 Balance 196.000000, Deposit 400.000000 
User 3, Acc 6 Balance 3756.000000, Deposit 953.000000 
[22;32mUser 5, Acc 2 Balance 57.000000, 				Withdraw 71.000000 --insufficient funds[0m
User 1, Acc 6 Balance 2589.000000, Withdraw 50.000000 
[22;32mUser 5, Acc 3 Balance 236.000000, 				Withdraw 1127.000000 --insufficient funds[0m
User 1, Acc 7 Balance 56948.000000, Withdraw 50.000000 
User 5, Acc 6 Balance 3492.000000, Withdraw 647.000000 
User 1, Acc 8 Balance 1730.000000, Withdraw 50.000000 
User 5, Acc 6 Balance 2845.000000, Deposit 1953.000000 
User 1, Acc 9 Balance 10035.000000, Withdraw 50.000000 
User 5, Acc 7 Balance 56898.000000, Deposit 967.000000 
User 1, Acc 0 Balance 596.000000, Withdraw 50.000000 
User 5, Acc 1 Balance 688.000000, Transfer 19.000000 to Acc 7
User 1, Acc 1 Balance 688.000000, Withdraw 500.000000 
User 5, Acc 2 Balance 57.000000, Transfer 23.000000 to Acc 7
[22;32mUser 1, Acc 2 Balance 57.000000, 				Withdraw 500.000000 --insufficient funds[0m
User 3, Acc 7 Balance 56948.000000, Deposit 967.000000 
User 4, Acc 0 Balance 196.000000, Deposit 673.000000 
User 2, Acc 6 Balance 2589.000000, Withdraw 50.000000 
User 4, Acc 0 Balance 1219.000000, Transfer 1200.000000 to Acc 9
User 2, Acc 7 Balance 58874.000000, Withdraw 50.000000 
[22;32mUser 1, Acc 3 Balance 236.000000, 				Withdraw 500.000000 --insufficient funds[0m
User 2, Acc 8 Balance 1680.000000, Withdraw 50.000000 
User 0, Acc 0 Balance 596.000000, Withdraw 200.000000 
User 2, Acc 9 Balance 11185.000000, Withdraw 50.000000 
[22;32mUser 2, Acc 0 Balance 19.000000, 				Withdraw 50.000000 --insufficient funds[0m
User 3, Acc 1 Balance 169.000000, Transfer 19.000000 to Acc 7
User 2, Acc 0 Balance -181.000000, Deposit 7.000000 
User 3, Acc 2 Balance 34.000000, Transfer 23.000000 to Acc 7
User 5, Acc 6 Balance 4798.000000, Transfer 1167.000000 to Acc 5
User 3, Acc 6 Balance 4748.000000, Transfer 1167.000000 to Acc 5
User 0, Acc 0 Balance -181.000000, Deposit 100.000000 
User 3, Acc 4 Balance 284.000000, Transfer 53.000000 to Acc 5
[22;32mUser 0, Acc 0 Balance -74.000000, 				Withdraw 50.000000 --insufficient funds[0m
User 3, Acc 7 Balance 58866.000000, Withdraw 1593.000000 
[22;32mUser 0, Acc 0 Balance -74.000000, 				Withdraw 150.000000 --insufficient funds[0m
[22;32mUser 1, Acc 4 Balance 284.000000, 				Withdraw 500.000000 --insufficient funds[0m
User 0, Acc 0 Balance -74.000000, Deposit 300.000000 
User 5, Acc 4 Balance 284.000000, Transfer 53.000000 to Acc 5
User 3, Acc 8 Balance 1630.000000, Withdraw 449.000000 
User 5, Acc 7 Balance 57273.000000, Withdraw 1593.000000 
User 2, Acc 1 Balance 150.000000, Deposit 11.000000 
User 1, Acc 5 Balance 8077.000000, Withdraw 500.000000 
User 2, Acc 2 Balance 11.000000, Deposit 9.000000 
Balance in 1: 150.000000
User 3, Acc 9 Balance 11135.000000, Withdraw 163.000000 
User 5, Acc 8 Balance 1181.000000, Withdraw 449.000000 
User 3, Acc 0 Balance 226.000000, Deposit 400.000000 
User 5, Acc 9 Balance 10972.000000, Withdraw 163.000000 
User 5, Acc 0 Balance 226.000000, Deposit 907.000000 
User 1, Acc 6 Balance 2414.000000, Withdraw 500.000000 
User 0, Acc 0 Balance 226.000000, Deposit 7.000000 
User 1, Acc 7 Balance 55680.000000, Withdraw 500.000000 
User 1, Acc 8 Balance 732.000000, Withdraw 500.000000 
User 2, Acc 3 Balance 236.000000, Transfer 29.000000 to Acc 7
User 3, Acc 0 Balance 626.000000, Withdraw 200.000000 
User 5, Acc 1 Balance 161.000000, Deposit 911.000000 
User 5, Acc 2 Balance 20.000000, Deposit 919.000000 
User 5, Acc 3 Balance 207.000000, Transfer 29.000000 to Acc 7
User 5, Acc 7 Balance 55238.000000, Transfer 31.000000 to Acc 6
User 1, Acc 9 Balance 10809.000000, Withdraw 500.000000 
User 1, Acc 0 Balance 1340.000000, Withdraw 500.000000 
User 2, Acc 7 Balance 55209.000000, Transfer 31.000000 to Acc 6
User 3, Acc 0 Balance 1340.000000, Deposit 100.000000 
User 0, Acc 1 Balance 161.000000, Deposit 11.000000 
User 3, Acc 0 Balance 940.000000, Withdraw 50.000000 
User 0, Acc 2 Balance 939.000000, Deposit 9.000000 
User 1, Acc 1 Balance 1072.000000, Withdraw 500.000000 
User 2, Acc 7 Balance 55176.000000, Transfer 137.000000 to Acc 5
User 4, Acc 1 Balance 169.000000, Withdraw 50.000000 
User 5, Acc 7 Balance 55207.000000, Transfer 37.000000 to Acc 5
User 3, Acc 0 Balance 890.000000, Withdraw 150.000000 
User 5, Acc 7 Balance 55002.000000, Transfer 3.000000 to Acc 4
User 0, Acc 3 Balance 178.000000, Transfer 29.000000 to Acc 7
User 1, Acc 2 Balance 948.000000, Withdraw 500.000000 
User 4, Acc 2 Balance 948.000000, Withdraw 50.000000 
[22;32mUser 1, Acc 3 Balance 149.000000, 				Withdraw 500.000000 --insufficient funds[0m
User 4, Acc 3 Balance 149.000000, Withdraw 50.000000 
User 4, Acc 4 Balance 181.000000, Withdraw 50.000000 
User 5, Acc 7 Balance 54999.000000, Transfer 5.000000 to Acc 4
User 0, Acc 7 Balance 55028.000000, Transfer 31.000000 to Acc 6
User 5, Acc 3 Balance 99.000000, Deposit 929.000000 
User 2, Acc 7 Balance 55039.000000, Transfer 3.000000 to Acc 4
User 3, Acc 0 Balance 740.000000, Deposit 300.000000 
User 2, Acc 7 Balance 54989.000000, Transfer 5.000000 to Acc 4
[22;32mUser 1, Acc 4 Balance 131.000000, 				Withdraw 500.000000 --insufficient funds[0m
User 0, Acc 7 Balance 54992.000000, Transfer 137.000000 to Acc 5
User 1, Acc 5 Balance 7804.000000, Withdraw 500.000000 
User 4, Acc 5 Balance 7804.000000, Withdraw 50.000000 
User 2, Acc 3 Balance 1028.000000, Deposit 929.000000 
User 5, Acc 4 Balance 136.000000, Deposit 937.000000 
User 0, Acc 7 Balance 54847.000000, Transfer 3.000000 to Acc 4
User 3, Acc 0 Balance 1040.000000, Transfer 300.000000 to Acc 1
User 1, Acc 6 Balance 2007.000000, Withdraw 500.000000 
User 4, Acc 6 Balance 2007.000000, Withdraw 50.000000 
User 2, Acc 4 Balance 144.000000, Deposit 937.000000 
User 5, Acc 5 Balance 7391.000000, Deposit 941.000000 
User 0, Acc 7 Balance 54844.000000, Transfer 5.000000 to Acc 4
Balance in 1: 833.000000
User 0, Acc 3 Balance 1957.000000, Deposit 929.000000 
User 0, Acc 4 Balance 2026.000000, Deposit 937.000000 
User 4, Acc 7 Balance 54844.000000, Withdraw 50.000000 
User 0, Acc 5 Balance 8332.000000, Deposit 941.000000 
User 2, Acc 5 Balance 7391.000000, Deposit 941.000000 
User 5, Acc 4 Balance 2021.000000, Withdraw 167.000000 
User 1, Acc 7 Balance 54844.000000, Withdraw 500.000000 
User 5, Acc 5 Balance 10214.000000, Withdraw 307.000000 
[22;32mUser 1, Acc 8 Balance 232.000000, 				Withdraw 500.000000 --insufficient funds[0m
User 0, Acc 4 Balance 2963.000000, Withdraw 1167.000000 
User 2, Acc 4 Balance 2963.000000, Withdraw 1167.000000 
User 3, Acc 9 Balance 10309.000000, Deposit 617.000000 
User 4, Acc 8 Balance 232.000000, Withdraw 50.000000 
User 3, Acc 9 Balance 10926.000000, Transfer 617.000000 to Acc 1
User 1, Acc 9 Balance 10309.000000, Withdraw 500.000000 
User 0, Acc 5 Balance 9907.000000, Withdraw 1307.000000 
User 1, Acc 0 Balance 740.000000, Withdraw 500.000000 
User 2, Acc 5 Balance 9907.000000, Withdraw 1307.000000 
User 1, Acc 1 Balance 1450.000000, Withdraw 500.000000 
User 3, Acc 8 Balance 182.000000, Deposit 619.000000 
User 0, Acc 1 Balance 1450.000000, Transfer 89.000000 to Acc 8
User 4, Acc 9 Balance 10926.000000, Withdraw 50.000000 
User 0, Acc 1 Balance 861.000000, Transfer 163.000000 to Acc 9
User 4, Acc 0 Balance 240.000000, Withdraw 50.000000 
User 2, Acc 1 Balance 1450.000000, Transfer 89.000000 to Acc 8
[22;32mUser 1, Acc 2 Balance 398.000000, 				Withdraw 500.000000 --insufficient funds[0m
User 3, Acc 8 Balance 801.000000, Transfer 619.000000 to Acc 2
User 3, Acc 7 Balance 54289.000000, Deposit 631.000000 
User 4, Acc 9 Balance 9922.000000, Deposit 617.000000 
User 2, Acc 1 Balance 609.000000, Transfer 163.000000 to Acc 9
User 2, Acc 1 Balance 446.000000, Withdraw 41.000000 
User 2, Acc 2 Balance 1017.000000, Withdraw 71.000000 
User 2, Acc 3 Balance 2886.000000, Withdraw 1127.000000 
User 2, Acc 6 Balance 1457.000000, Withdraw 647.000000 
User 2, Acc 6 Balance 810.000000, Deposit 953.000000 
User 2, Acc 7 Balance 54920.000000, Deposit 967.000000 
User 2, Acc 1 Balance 405.000000, Transfer 19.000000 to Acc 7
User 4, Acc 9 Balance 10539.000000, Transfer 617.000000 to Acc 1
User 5, Acc 1 Balance 833.000000, Transfer 89.000000 to Acc 8
User 1, Acc 3 Balance 2886.000000, Withdraw 500.000000 
User 5, Acc 1 Balance 914.000000, Transfer 163.000000 to Acc 9
[22;32mUser 1, Acc 4 Balance 462.000000, 				Withdraw 500.000000 --insufficient funds[0m
User 5, Acc 1 Balance 751.000000, Withdraw 41.000000 
User 5, Acc 2 Balance 946.000000, Withdraw 71.000000 
User 4, Acc 8 Balance 360.000000, Deposit 619.000000 
User 5, Acc 3 Balance 1259.000000, Withdraw 127.000000 
User 5, Acc 6 Balance 1763.000000, Withdraw 647.000000 
User 4, Acc 8 Balance 1068.000000, Transfer 619.000000 to Acc 2
User 2, Acc 2 Balance 946.000000, Transfer 23.000000 to Acc 7
User 1, Acc 5 Balance 7293.000000, Withdraw 500.000000 
User 2, Acc 4 Balance 462.000000, Transfer 53.000000 to Acc 5
User 1, Acc 6 Balance 1116.000000, Withdraw 500.000000 
User 1, Acc 7 Balance 55929.000000, Withdraw 500.000000 
User 3, Acc 7 Balance 54920.000000, Transfer 631.000000 to Acc 3
User 4, Acc 7 Balance 55906.000000, Deposit 631.000000 
User 0, Acc 1 Balance 698.000000, Withdraw 41.000000 
User 4, Acc 7 Balance 55429.000000, Transfer 631.000000 to Acc 3
User 0, Acc 2 Balance 1471.000000, Withdraw 71.000000 
User 4, Acc 6 Balance 616.000000, Deposit 641.000000 
User 4, Acc 6 Balance 1257.000000, Transfer 641.000000 to Acc 4
User 4, Acc 5 Balance 6846.000000, Deposit 643.000000 
User 2, Acc 7 Balance 55929.000000, Withdraw 1593.000000 
User 5, Acc 6 Balance 1116.000000, Deposit 953.000000 
[22;32mUser 1, Acc 8 Balance 449.000000, 				Withdraw 500.000000 --insufficient funds[0m
User 5, Acc 7 Balance 53205.000000, Deposit 967.000000 
User 1, Acc 9 Balance 10248.000000, Withdraw 500.000000 
User 5, Acc 1 Balance 669.000000, Transfer 19.000000 to Acc 7
[22;32mUser 1, Acc 0 Balance 190.000000, 				Withdraw 500.000000 --insufficient funds[0m
User 2, Acc 8 Balance 449.000000, Withdraw 449.000000 
User 0, Acc 3 Balance 2394.000000, Withdraw 1127.000000 
User 2, Acc 9 Balance 9748.000000, Withdraw 163.000000 
User 4, Acc 5 Balance 7489.000000, Transfer 1200.000000 to Acc 6
User 2, Acc 0 Balance 190.000000, Deposit 400.000000 
User 4, Acc 4 Balance 1050.000000, Deposit 647.000000 
User 4, Acc 4 Balance 1697.000000, Transfer 1200.000000 to Acc 7
User 0, Acc 6 Balance 1569.000000, Withdraw 647.000000 
User 4, Acc 3 Balance 1267.000000, Deposit 653.000000 
User 0, Acc 6 Balance 2122.000000, Deposit 953.000000 
User 4, Acc 3 Balance 1920.000000, Transfer 1200.000000 to Acc 8
User 0, Acc 7 Balance 55391.000000, Deposit 967.000000 
User 0, Acc 1 Balance 650.000000, Transfer 19.000000 to Acc 7
User 0, Acc 2 Balance 1400.000000, Transfer 23.000000 to Acc 7
User 1, Acc 1 Balance 650.000000, Withdraw 500.000000 
User 0, Acc 6 Balance 3075.000000, Transfer 1167.000000 to Acc 5
User 1, Acc 2 Balance 1377.000000, Withdraw 500.000000 
User 1, Acc 3 Balance 720.000000, Withdraw 500.000000 
User 3, Acc 6 Balance 616.000000, Deposit 641.000000 
User 5, Acc 2 Balance 1400.000000, Transfer 23.000000 to Acc 7
User 2, Acc 0 Balance 590.000000, Withdraw 200.000000 
User 5, Acc 6 Balance 2549.000000, Transfer 67.000000 to Acc 5
User 2, Acc 0 Balance 390.000000, Deposit 100.000000 
User 5, Acc 4 Balance 497.000000, Transfer 53.000000 to Acc 5
User 3, Acc 6 Balance 2549.000000, Transfer 641.000000 to Acc 4
User 0, Acc 4 Balance 497.000000, Transfer 53.000000 to Acc 5
User 4, Acc 2 Balance 1400.000000, Deposit 659.000000 
User 2, Acc 0 Balance 490.000000, Withdraw 50.000000 
User 2, Acc 0 Balance 440.000000, Withdraw 150.000000 
User 5, Acc 7 Balance 56423.000000, Withdraw 593.000000 
User 5, Acc 8 Balance 1200.000000, Withdraw 449.000000 
User 5, Acc 9 Balance 9585.000000, Withdraw 163.000000 
User 5, Acc 0 Balance 290.000000, Deposit 400.000000 
User 5, Acc 0 Balance 690.000000, Withdraw 200.000000 
User 5, Acc 0 Balance 490.000000, Deposit 100.000000 
User 5, Acc 0 Balance 590.000000, Withdraw 50.000000 
User 5, Acc 0 Balance 540.000000, Withdraw 150.000000 
[22;32mUser 1, Acc 4 Balance 497.000000, 				Withdraw 500.000000 --insufficient funds[0m
User 1, Acc 5 Balance 7629.000000, Withdraw 500.000000 
User 2, Acc 0 Balance 290.000000, Deposit 300.000000 
User 2, Acc 0 Balance 690.000000, Transfer 300.000000 to Acc 1
Balance in 1: 431.000000
User 2, Acc 0 Balance 390.000000, Deposit 907.000000 
User 2, Acc 1 Balance 431.000000, Deposit 911.000000 
User 2, Acc 2 Balance 1513.000000, Deposit 919.000000 
User 2, Acc 3 Balance 220.000000, Transfer 29.000000 to Acc 7
User 4, Acc 2 Balance 1513.000000, Transfer 1200.000000 to Acc 9
User 4, Acc 1 Balance 1342.000000, Deposit 661.000000 
User 4, Acc 1 Balance 2003.000000, Transfer 1200.000000 to Acc 9
User 4, Acc 0 Balance 1297.000000, Deposit 673.000000 
User 4, Acc 0 Balance 1970.000000, Transfer 1200.000000 to Acc 9
User 4, Acc 1 Balance 803.000000, Withdraw 50.000000 
User 4, Acc 2 Balance 1232.000000, Withdraw 50.000000 
User 4, Acc 3 Balance 191.000000, Withdraw 50.000000 
User 4, Acc 4 Balance 1032.000000, Withdraw 50.000000 
User 4, Acc 5 Balance 7129.000000, Withdraw 50.000000 
User 4, Acc 6 Balance 1841.000000, Withdraw 50.000000 
User 4, Acc 7 Balance 55859.000000, Withdraw 50.000000 
User 4, Acc 8 Balance 751.000000, Withdraw 50.000000 
User 1, Acc 6 Balance 1841.000000, Withdraw 500.000000 
User 4, Acc 9 Balance 13022.000000, Withdraw 50.000000 
User 1, Acc 7 Balance 55809.000000, Withdraw 500.000000 
User 2, Acc 7 Balance 55859.000000, Transfer 31.000000 to Acc 6
User 1, Acc 8 Balance 701.000000, Withdraw 500.000000 
User 5, Acc 0 Balance 390.000000, Deposit 300.000000 
User 1, Acc 9 Balance 12972.000000, Withdraw 500.000000 
User 5, Acc 0 Balance 1070.000000, Transfer 300.000000 to Acc 1
User 1, Acc 0 Balance 1070.000000, Withdraw 500.000000 
User 3, Acc 5 Balance 7576.000000, Deposit 643.000000 
User 2, Acc 7 Balance 55278.000000, Transfer 37.000000 to Acc 5
User 3, Acc 5 Balance 7722.000000, Transfer 1200.000000 to Acc 6
User 3, Acc 4 Balance 982.000000, Deposit 647.000000 
Balance in 1: 1053.000000
User 3, Acc 4 Balance 1629.000000, Transfer 1200.000000 to Acc 7
User 5, Acc 1 Balance 1053.000000, Withdraw 500.000000 
User 3, Acc 3 Balance 141.000000, Deposit 653.000000 
User 5, Acc 2 Balance 1182.000000, Withdraw 500.000000 
[22;32mUser 5, Acc 3 Balance 141.000000, 				Withdraw 500.000000 --insufficient funds[0m
User 1, Acc 1 Balance 1053.000000, Withdraw 500.000000 
[22;32mUser 5, Acc 4 Balance 429.000000, 				Withdraw 500.000000 --insufficient funds[0m
User 1, Acc 2 Balance 682.000000, Withdraw 500.000000 
User 0, Acc 7 Balance 56423.000000, Withdraw 1593.000000 
[22;32mUser 0, Acc 8 Balance 201.000000, 				Withdraw 449.000000 --insufficient funds[0m
User 0, Acc 9 Balance 12472.000000, Withdraw 163.000000 
User 0, Acc 0 Balance 270.000000, Deposit 907.000000 
User 0, Acc 1 Balance 53.000000, Deposit 911.000000 
User 1, Acc 3 Balance 794.000000, Withdraw 500.000000 
User 0, Acc 2 Balance 182.000000, Deposit 919.000000 
[22;32mUser 1, Acc 4 Balance 429.000000, 				Withdraw 500.000000 --insufficient funds[0m
User 0, Acc 3 Balance 294.000000, Transfer 29.000000 to Acc 7
User 2, Acc 7 Balance 55241.000000, Transfer 3.000000 to Acc 4
User 0, Acc 7 Balance 54877.000000, Transfer 31.000000 to Acc 6
User 2, Acc 7 Balance 54874.000000, Transfer 5.000000 to Acc 4
User 0, Acc 7 Balance 54843.000000, Transfer 37.000000 to Acc 5
User 1, Acc 5 Balance 6559.000000, Withdraw 500.000000 
User 0, Acc 7 Balance 54801.000000, Transfer 3.000000 to Acc 4
User 1, Acc 6 Balance 2553.000000, Withdraw 500.000000 
User 1, Acc 7 Balance 54798.000000, Withdraw 500.000000 
User 5, Acc 5 Balance 6559.000000, Withdraw 500.000000 
User 3, Acc 2 Balance 682.000000, Deposit 659.000000 
User 4, Acc 0 Balance 770.000000, Withdraw 50.000000 
User 3, Acc 2 Balance 1760.000000, Transfer 1200.000000 to Acc 9
User 3, Acc 1 Balance 964.000000, Deposit 661.000000 
User 2, Acc 3 Balance 265.000000, Deposit 929.000000 
[22;32mUser 1, Acc 8 Balance 201.000000, 				Withdraw 500.000000 --insufficient funds[0m
User 5, Acc 6 Balance 2053.000000, Withdraw 500.000000 
User 1, Acc 9 Balance 13509.000000, Withdraw 500.000000 
User 0, Acc 7 Balance 54798.000000, Transfer 5.000000 to Acc 4
User 0, Acc 3 Balance 1194.000000, Deposit 929.000000 
User 0, Acc 4 Balance 445.000000, Deposit 937.000000 
User 0, Acc 5 Balance 5596.000000, Deposit 941.000000 
User 0, Acc 4 Balance 1382.000000, Withdraw 167.000000 
User 0, Acc 5 Balance 6537.000000, Withdraw 307.000000 
User 0, Acc 1 Balance 1625.000000, Transfer 89.000000 to Acc 8
User 0, Acc 1 Balance 1536.000000, Transfer 163.000000 to Acc 9
User 0, Acc 1 Balance 1373.000000, Withdraw 41.000000 
User 0, Acc 2 Balance 560.000000, Withdraw 71.000000 
User 1, Acc 0 Balance 1127.000000, Withdraw 500.000000 
User 0, Acc 3 Balance 2123.000000, Withdraw 127.000000 
User 2, Acc 4 Balance 440.000000, Deposit 937.000000 
User 5, Acc 7 Balance 54298.000000, Withdraw 500.000000 
User 2, Acc 5 Balance 6230.000000, Deposit 941.000000 
User 4, Acc 1 Balance 964.000000, Withdraw 500.000000 
User 3, Acc 1 Balance 1625.000000, Transfer 1200.000000 to Acc 9
User 1, Acc 1 Balance 1332.000000, Withdraw 500.000000 
User 3, Acc 0 Balance 627.000000, Deposit 673.000000 
User 3, Acc 0 Balance 1300.000000, Transfer 1200.000000 to Acc 9
[22;32mUser 1, Acc 2 Balance 489.000000, 				Withdraw 500.000000 --insufficient funds[0m
[22;32mUser 5, Acc 8 Balance 290.000000, 				Withdraw 500.000000 --insufficient funds[0m
User 1, Acc 3 Balance 1996.000000, Withdraw 500.000000 
User 5, Acc 9 Balance 15572.000000, Withdraw 500.000000 
[22;32mUser 5, Acc 0 Balance 100.000000, 				Withdraw 500.000000 --insufficient funds[0m
User 0, Acc 6 Balance 1553.000000, Withdraw 647.000000 
[22;32mUser 3, Acc 1 Balance -868.000000, 				Withdraw 50.000000 --insufficient funds[0m
User 0, Acc 6 Balance 906.000000, Deposit 953.000000 
User 1, Acc 4 Balance 2152.000000, Withdraw 500.000000 
User 0, Acc 7 Balance 53793.000000, Deposit 967.000000 
User 2, Acc 4 Balance 2152.000000, Withdraw 167.000000 
User 2, Acc 5 Balance 7171.000000, Withdraw 307.000000 
[22;32mUser 4, Acc 2 Balance 489.000000, 				Withdraw 500.000000 --insufficient funds[0m
[22;32mUser 2, Acc 1 Balance -868.000000, 				Withdraw 41.000000 --insufficient funds[0m
User 2, Acc 2 Balance 489.000000, Withdraw 71.000000 
User 1, Acc 5 Balance 7171.000000, Withdraw 500.000000 
User 0, Acc 2 Balance 489.000000, Transfer 23.000000 to Acc 7
[22;32mUser 5, Acc 1 Balance -868.000000, 				Withdraw 500.000000 --insufficient funds[0m
User 0, Acc 6 Balance 1859.000000, Transfer 67.000000 to Acc 5
[22;32mUser 5, Acc 2 Balance 395.000000, 				Withdraw 500.000000 --insufficient funds[0m
User 0, Acc 4 Balance 1485.000000, Transfer 53.000000 to Acc 5
User 5, Acc 3 Balance 1496.000000, Withdraw 500.000000 
User 1, Acc 6 Balance 1859.000000, Withdraw 500.000000 
User 5, Acc 4 Balance 1432.000000, Withdraw 500.000000 
User 2, Acc 3 Balance 1496.000000, Withdraw 127.000000 
User 0, Acc 7 Balance 54783.000000, Withdraw 593.000000 
[22;32mUser 0, Acc 8 Balance 290.000000, 				Withdraw 449.000000 --insufficient funds[0m
User 0, Acc 9 Balance 15072.000000, Withdraw 163.000000 
[22;32mUser 0, Acc 1 Balance -868.000000, 				Withdraw 500.000000 --insufficient funds[0m
[22;32mUser 0, Acc 2 Balance 395.000000, 				Withdraw 500.000000 --insufficient funds[0m
User 0, Acc 3 Balance 869.000000, Withdraw 500.000000 
User 0, Acc 4 Balance 932.000000, Withdraw 500.000000 
User 0, Acc 5 Balance 6484.000000, Withdraw 500.000000 
User 0, Acc 6 Balance 1292.000000, Withdraw 500.000000 
User 0, Acc 7 Balance 54190.000000, Withdraw 500.000000 
[22;32mUser 0, Acc 8 Balance 290.000000, 				Withdraw 500.000000 --insufficient funds[0m
User 0, Acc 9 Balance 14909.000000, Withdraw 500.000000 
[22;32mUser 0, Acc 0 Balance 100.000000, 				Withdraw 500.000000 --insufficient funds[0m
[22;32mUser 0, Acc 1 Balance -868.000000, 				Withdraw 500.000000 --insufficient funds[0m
[22;32mUser 0, Acc 2 Balance 395.000000, 				Withdraw 500.000000 --insufficient funds[0m
[22;32mUser 0, Acc 3 Balance 369.000000, 				Withdraw 500.000000 --insufficient funds[0m
[22;32mUser 0, Acc 4 Balance 432.000000, 				Withdraw 500.000000 --insufficient funds[0m
User 0, Acc 5 Balance 5984.000000, Withdraw 500.000000 
User 0, Acc 6 Balance 792.000000, Withdraw 500.000000 
User 0, Acc 7 Balance 53690.000000, Withdraw 500.000000 
[22;32mUser 0, Acc 8 Balance 290.000000, 				Withdraw 500.000000 --insufficient funds[0m
User 0, Acc 9 Balance 14409.000000, Withdraw 500.000000 
[22;32mUser 0, Acc 0 Balance 100.000000, 				Withdraw 500.000000 --insufficient funds[0m
[22;32mUser 0, Acc 1 Balance -868.000000, 				Withdraw 500.000000 --insufficient funds[0m
[22;32mUser 0, Acc 2 Balance 395.000000, 				Withdraw 500.000000 --insufficient funds[0m
[22;32mUser 0, Acc 3 Balance 369.000000, 				Withdraw 500.000000 --insufficient funds[0m
[22;32mUser 0, Acc 4 Balance 432.000000, 				Withdraw 500.000000 --insufficient funds[0m
User 0, Acc 5 Balance 5484.000000, Withdraw 500.000000 
[22;32mUser 0, Acc 6 Balance 292.000000, 				Withdraw 500.000000 --insufficient funds[0m
User 0, Acc 7 Balance 53190.000000, Withdraw 500.000000 
[22;32mUser 0, Acc 8 Balance 290.000000, 				Withdraw 500.000000 --insufficient funds[0m
User 0, Acc 9 Balance 13909.000000, Withdraw 500.000000 
[22;32mUser 0, Acc 0 Balance 100.000000, 				Withdraw 500.000000 --insufficient funds[0m
User 1, Acc 7 Balance 54783.000000, Withdraw 500.000000 
User 0, Acc 0 Balance 100.000000, Deposit 907.000000 
User 2, Acc 6 Balance 1292.000000, Withdraw 647.000000 
User 3, Acc 2 Balance 489.000000, Withdraw 50.000000 
User 2, Acc 6 Balance -355.000000, Deposit 953.000000 
User 4, Acc 3 Balance 1496.000000, Withdraw 500.000000 
User 5, Acc 5 Balance 6484.000000, Withdraw 500.000000 
User 0, Acc 1 Balance -868.000000, Deposit 911.000000 
User 0, Acc 2 Balance 345.000000, Deposit 919.000000 
User 0, Acc 7 Balance 52190.000000, Transfer 31.000000 to Acc 6
User 0, Acc 7 Balance 52159.000000, Transfer 37.000000 to Acc 5
User 0, Acc 7 Balance 52122.000000, Transfer 3.000000 to Acc 4
User 0, Acc 7 Balance 52119.000000, Transfer 5.000000 to Acc 4
User 0, Acc 3 Balance -131.000000, Deposit 929.000000 
User 0, Acc 4 Balance 440.000000, Deposit 937.000000 
User 0, Acc 5 Balance 4521.000000, Deposit 941.000000 
User 0, Acc 4 Balance 1377.000000, Withdraw 167.000000 
User 0, Acc 5 Balance 5462.000000, Withdraw 307.000000 
User 0, Acc 1 Balance 43.000000, Withdraw 41.000000 
User 0, Acc 2 Balance 1264.000000, Withdraw 71.000000 
User 0, Acc 3 Balance 798.000000, Withdraw 127.000000 
[22;32mUser 0, Acc 6 Balance 629.000000, 				Withdraw 647.000000 --insufficient funds[0m
User 0, Acc 6 Balance 629.000000, Deposit 953.000000 
User 0, Acc 7 Balance 52114.000000, Deposit 967.000000 
User 0, Acc 2 Balance 1193.000000, Transfer 23.000000 to Acc 7
User 0, Acc 6 Balance 1582.000000, Transfer 67.000000 to Acc 5
User 0, Acc 4 Balance 1210.000000, Transfer 53.000000 to Acc 5
User 0, Acc 7 Balance 53104.000000, Withdraw 593.000000 
[22;32mUser 0, Acc 8 Balance 290.000000, 				Withdraw 449.000000 --insufficient funds[0m
User 0, Acc 9 Balance 13409.000000, Withdraw 163.000000 
User 0, Acc 0 Balance 1007.000000, Deposit 907.000000 
User 0, Acc 1 Balance 2.000000, Deposit 911.000000 
User 5, Acc 6 Balance 598.000000, Withdraw 500.000000 
User 0, Acc 2 Balance 1170.000000, Deposit 919.000000 
User 0, Acc 3 Balance 671.000000, Transfer 29.000000 to Acc 7
User 0, Acc 7 Balance 52540.000000, Transfer 31.000000 to Acc 6
User 0, Acc 7 Balance 52509.000000, Transfer 37.000000 to Acc 5
User 0, Acc 7 Balance 52472.000000, Transfer 3.000000 to Acc 4
User 0, Acc 7 Balance 52469.000000, Transfer 5.000000 to Acc 4
User 0, Acc 3 Balance 642.000000, Deposit 929.000000 
User 0, Acc 4 Balance 1165.000000, Deposit 937.000000 
User 0, Acc 5 Balance 5312.000000, Deposit 941.000000 
User 0, Acc 4 Balance 2102.000000, Withdraw 167.000000 
User 0, Acc 5 Balance 6253.000000, Withdraw 307.000000 
User 0, Acc 1 Balance 913.000000, Transfer 89.000000 to Acc 8
User 0, Acc 1 Balance 824.000000, Transfer 163.000000 to Acc 9
User 0, Acc 1 Balance 661.000000, Withdraw 41.000000 
User 0, Acc 2 Balance 2089.000000, Withdraw 71.000000 
User 0, Acc 3 Balance 1571.000000, Withdraw 127.000000 
User 0, Acc 6 Balance 1046.000000, Withdraw 647.000000 
User 0, Acc 6 Balance 399.000000, Deposit 953.000000 
User 0, Acc 7 Balance 52464.000000, Deposit 967.000000 
User 0, Acc 1 Balance 620.000000, Transfer 19.000000 to Acc 7
User 0, Acc 2 Balance 2018.000000, Transfer 23.000000 to Acc 7
User 0, Acc 6 Balance 1352.000000, Transfer 67.000000 to Acc 5
User 0, Acc 4 Balance 1935.000000, Transfer 53.000000 to Acc 5
User 0, Acc 7 Balance 53473.000000, Withdraw 593.000000 
[22;32mUser 0, Acc 8 Balance 379.000000, 				Withdraw 449.000000 --insufficient funds[0m
User 0, Acc 9 Balance 13409.000000, Withdraw 163.000000 
User 2, Acc 7 Balance 52190.000000, Deposit 967.000000 
User 2, Acc 1 Balance 601.000000, Transfer 19.000000 to Acc 7
[22;32mUser 1, Acc 8 Balance 290.000000, 				Withdraw 500.000000 --insufficient funds[0m
User 2, Acc 2 Balance 1995.000000, Transfer 23.000000 to Acc 7
User 1, Acc 9 Balance 13246.000000, Withdraw 500.000000 
User 2, Acc 6 Balance 1285.000000, Transfer 67.000000 to Acc 5
User 1, Acc 0 Balance 1914.000000, Withdraw 500.000000 
User 2, Acc 4 Balance 1882.000000, Transfer 53.000000 to Acc 5
User 3, Acc 3 Balance 369.000000, Withdraw 50.000000 
[22;32mUser 4, Acc 4 Balance 432.000000, 				Withdraw 500.000000 --insufficient funds[0m
User 3, Acc 4 Balance 1829.000000, Withdraw 50.000000 
User 2, Acc 7 Balance 53889.000000, Withdraw 593.000000 
User 5, Acc 7 Balance 52511.000000, Withdraw 500.000000 
User 4, Acc 5 Balance 6186.000000, Withdraw 500.000000 
[22;32mUser 5, Acc 8 Balance 379.000000, 				Withdraw 500.000000 --insufficient funds[0m
User 4, Acc 6 Balance 1218.000000, Withdraw 500.000000 
[22;32mUser 2, Acc 8 Balance 379.000000, 				Withdraw 449.000000 --insufficient funds[0m
User 3, Acc 5 Balance 6186.000000, Withdraw 50.000000 
User 4, Acc 7 Balance 52796.000000, Withdraw 500.000000 
User 3, Acc 6 Balance 718.000000, Withdraw 50.000000 
User 2, Acc 9 Balance 12746.000000, Withdraw 163.000000 
User 3, Acc 7 Balance 52296.000000, Withdraw 50.000000 
User 3, Acc 8 Balance 379.000000, Withdraw 50.000000 
User 3, Acc 9 Balance 12583.000000, Withdraw 50.000000 
User 5, Acc 9 Balance 12746.000000, Withdraw 500.000000 
User 5, Acc 0 Balance 1414.000000, Withdraw 500.000000 
User 5, Acc 1 Balance 582.000000, Withdraw 500.000000 
User 5, Acc 2 Balance 1972.000000, Withdraw 500.000000 
User 3, Acc 0 Balance 1414.000000, Withdraw 50.000000 
User 5, Acc 3 Balance 1394.000000, Withdraw 500.000000 
User 5, Acc 4 Balance 1779.000000, Withdraw 500.000000 
User 5, Acc 5 Balance 5636.000000, Withdraw 500.000000 
User 5, Acc 6 Balance 668.000000, Withdraw 500.000000 
User 5, Acc 7 Balance 52246.000000, Withdraw 500.000000 
[22;32mUser 5, Acc 8 Balance 329.000000, 				Withdraw 500.000000 --insufficient funds[0m
[22;32mUser 4, Acc 8 Balance 379.000000, 				Withdraw 500.000000 --insufficient funds[0m
User 4, Acc 9 Balance 12033.000000, Withdraw 500.000000 
User 4, Acc 0 Balance 864.000000, Withdraw 500.000000 
User 5, Acc 9 Balance 12033.000000, Withdraw 500.000000 
[22;32mUser 5, Acc 0 Balance 364.000000, 				Withdraw 500.000000 --insufficient funds[0m
[22;32mUser 4, Acc 1 Balance 82.000000, 				Withdraw 500.000000 --insufficient funds[0m
User 4, Acc 2 Balance 1472.000000, Withdraw 500.000000 
User 4, Acc 3 Balance 894.000000, Withdraw 500.000000 
User 4, Acc 4 Balance 1279.000000, Withdraw 500.000000 
User 4, Acc 5 Balance 5136.000000, Withdraw 500.000000 
[22;32mUser 4, Acc 6 Balance 168.000000, 				Withdraw 500.000000 --insufficient funds[0m
User 4, Acc 7 Balance 51746.000000, Withdraw 500.000000 
[22;32mUser 4, Acc 8 Balance 329.000000, 				Withdraw 500.000000 --insufficient funds[0m
User 4, Acc 9 Balance 11033.000000, Withdraw 500.000000 
[22;32mUser 4, Acc 0 Balance 364.000000, 				Withdraw 500.000000 --insufficient funds[0m
[22;32mUser 4, Acc 1 Balance 82.000000, 				Withdraw 500.000000 --insufficient funds[0m
User 4, Acc 2 Balance 972.000000, Withdraw 500.000000 
[22;32mUser 4, Acc 3 Balance 394.000000, 				Withdraw 500.000000 --insufficient funds[0m
User 4, Acc 4 Balance 779.000000, Withdraw 500.000000 
User 4, Acc 5 Balance 4636.000000, Withdraw 500.000000 
[22;32mUser 4, Acc 6 Balance 168.000000, 				Withdraw 500.000000 --insufficient funds[0m
User 4, Acc 7 Balance 51246.000000, Withdraw 500.000000 
[22;32mUser 4, Acc 8 Balance 329.000000, 				Withdraw 500.000000 --insufficient funds[0m
User 4, Acc 9 Balance 10533.000000, Withdraw 500.000000 
[22;32mUser 4, Acc 0 Balance 364.000000, 				Withdraw 500.000000 --insufficient funds[0m
  ***     End of transaction batch    ***  
Account 0 balance after completion of transaction batch: 364.000000
Account 1 balance after completion of transaction batch: 82.000000
Account 2 balance after completion of transaction batch: 472.000000
Account 3 balance after completion of transaction batch: 394.000000
Account 4 balance after completion of transaction batch: 279.000000
Account 5 balance after completion of transaction batch: 4136.000000
Account 6 balance after completion of transaction batch: 168.000000
Account 7 balance after completion of transaction batch: 50746.000000
Account 8 balance after completion of transaction batch: 329.000000
Account 9 balance after completion of transaction batch: 10033.000000
