# Output generated by:
# ./my_executable 6 data/transactions7.txt data/transactions11.txt data/transactions2.txt data/transactions4.txt data/transactions5.txt data/transactions1.txt

********************************************
   Reading and parsing a transaction file   
********************************************
Parsed transaction: deposit 7 9929.000000 
Loaded deposit transaction
Parsed transaction: deposit 4 937.000000 
Loaded deposit transaction
Parsed transaction: deposit 5 941.000000 
Loaded deposit transaction
Parsed transaction: deposit 0 7.000000 
Loaded deposit transaction
Parsed transaction: deposit 3 29.000000 
Loaded deposit transaction
Parsed transaction: deposit 7 9.000000 
Loaded deposit transaction
Parsed transaction: deposit 9 129.000000 
Loaded deposit transaction
Parsed transaction: transfer 3 7 29.000000 
Loaded transfer transaction
Parsed transaction: transfer 7 6 31.000000 
Loaded transfer transaction
Parsed transaction: transfer 7 5 137.000000 
Loaded transfer transaction
Parsed transaction: transfer 7 4 3.000000 
Loaded transfer transaction
Parsed transaction: transfer 7 4 5.000000 
Loaded transfer transaction
Parsed transaction: withdraw 4 1167.000000 
Loaded withdrawal transaction
Parsed transaction: withdraw 5 1307.000000 
Loaded withdrawal transaction
Parsed transaction: transfer 1 8 89.000000 
Loaded transfer transaction
Parsed transaction: transfer 1 9 163.000000 
Loaded transfer transaction
Parsed transaction: withdraw 1 41.000000 
Loaded withdrawal transaction
Parsed transaction: withdraw 2 71.000000 
Loaded withdrawal transaction
Parsed transaction: withdraw 3 1127.000000 
Loaded withdrawal transaction
Parsed transaction: withdraw 6 647.000000 
Loaded withdrawal transaction
Parsed transaction: deposit 6 1953.000000 
Loaded deposit transaction
Parsed transaction: deposit 7 967.000000 
Loaded deposit transaction
Parsed transaction: transfer 1 7 19.000000 
Loaded transfer transaction
Parsed transaction: transfer 2 7 23.000000 
Loaded transfer transaction
Parsed transaction: transfer 6 5 1167.000000 
Loaded transfer transaction
Parsed transaction: transfer 4 5 53.000000 
Loaded transfer transaction
Parsed transaction: withdraw 7 1593.000000 
Loaded withdrawal transaction
Parsed transaction: withdraw 8 449.000000 
Loaded withdrawal transaction
Parsed transaction: withdraw 9 163.000000 
Loaded withdrawal transaction
********************************************
********************************************
   Reading and parsing a transaction file   
********************************************
Parsed transaction: deposit 9 617.000000 
Loaded deposit transaction
Parsed transaction: transfer 9 9 617.000000 
Loaded transfer transaction
Parsed transaction: deposit 8 619.000000 
Loaded deposit transaction
Parsed transaction: transfer 8 2 619.000000 
Loaded transfer transaction
Parsed transaction: deposit 7 631.000000 
Loaded deposit transaction
Parsed transaction: transfer 7 3 631.000000 
Loaded transfer transaction
Parsed transaction: deposit 6 641.000000 
Loaded deposit transaction
Parsed transaction: transfer 6 4 641.000000 
Loaded transfer transaction
Parsed transaction: deposit 5 643.000000 
Loaded deposit transaction
Parsed transaction: transfer 5 6 1200.000000 
Loaded transfer transaction
Parsed transaction: deposit 4 647.000000 
Loaded deposit transaction
Parsed transaction: transfer 4 7 1200.000000 
Loaded transfer transaction
Parsed transaction: deposit 3 653.000000 
Loaded deposit transaction
Parsed transaction: transfer 3 8 1200.000000 
Loaded transfer transaction
Parsed transaction: deposit 2 659.000000 
Loaded deposit transaction
Parsed transaction: transfer 2 9 1200.000000 
Loaded transfer transaction
Parsed transaction: deposit 1 661.000000 
Loaded deposit transaction
Parsed transaction: transfer 1 9 1200.000000 
Loaded transfer transaction
Parsed transaction: deposit 0 673.000000 
Loaded deposit transaction
Parsed transaction: transfer 0 9 1200.000000 
Loaded transfer transaction
Parsed transaction: withdraw 1 50.000000 
Loaded withdrawal transaction
Parsed transaction: withdraw 2 50.000000 
Loaded withdrawal transaction
Parsed transaction: withdraw 3 50.000000 
Loaded withdrawal transaction
Parsed transaction: withdraw 4 50.000000 
Loaded withdrawal transaction
Parsed transaction: withdraw 5 50.000000 
Loaded withdrawal transaction
Parsed transaction: withdraw 6 50.000000 
Loaded withdrawal transaction
Parsed transaction: withdraw 7 50.000000 
Loaded withdrawal transaction
Parsed transaction: withdraw 8 50.000000 
Loaded withdrawal transaction
Parsed transaction: withdraw 9 50.000000 
Loaded withdrawal transaction
Parsed transaction: withdraw 0 50.000000 
Loaded withdrawal transaction
********************************************
********************************************
   Reading and parsing a transaction file   
********************************************
Parsed transaction: deposit 0 400.000000 
Loaded deposit transaction
Parsed transaction: withdraw 0 200.000000 
Loaded withdrawal transaction
Parsed transaction: deposit 0 100.000000 
Loaded deposit transaction
Parsed transaction: withdraw 0 50.000000 
Loaded withdrawal transaction
Parsed transaction: withdraw 0 150.000000 
Loaded withdrawal transaction
Parsed transaction: deposit 0 300.000000 
Loaded deposit transaction
Parsed transaction: transfer 0 1 300.000000 
Loaded transfer transaction
Parsed transaction: balance 1 
Loaded balance transaction
********************************************
********************************************
   Reading and parsing a transaction file   
********************************************
Parsed transaction: deposit 0 907.000000 
Loaded deposit transaction
Parsed transaction: deposit 1 911.000000 
Loaded deposit transaction
Parsed transaction: deposit 2 919.000000 
Loaded deposit transaction
Parsed transaction: deposit 3 929.000000 
Loaded deposit transaction
Parsed transaction: deposit 4 937.000000 
Loaded deposit transaction
Parsed transaction: deposit 5 941.000000 
Loaded deposit transaction
Parsed transaction: deposit 6 953.000000 
Loaded deposit transaction
Parsed transaction: deposit 7 967.000000 
Loaded deposit transaction
Parsed transaction: transfer 1 7 19.000000 
Loaded transfer transaction
Parsed transaction: transfer 2 7 23.000000 
Loaded transfer transaction
Parsed transaction: transfer 3 7 29.000000 
Loaded transfer transaction
Parsed transaction: transfer 7 6 31.000000 
Loaded transfer transaction
Parsed transaction: transfer 7 5 37.000000 
Loaded transfer transaction
Parsed transaction: transfer 7 4 3.000000 
Loaded transfer transaction
Parsed transaction: transfer 7 4 5.000000 
Loaded transfer transaction
Parsed transaction: transfer 6 5 67.000000 
Loaded transfer transaction
Parsed transaction: transfer 4 5 53.000000 
Loaded transfer transaction
Parsed transaction: transfer 1 8 89.000000 
Loaded transfer transaction
Parsed transaction: transfer 1 9 163.000000 
Loaded transfer transaction
Parsed transaction: withdraw 1 41.000000 
Loaded withdrawal transaction
Parsed transaction: withdraw 2 71.000000 
Loaded withdrawal transaction
Parsed transaction: withdraw 3 127.000000 
Loaded withdrawal transaction
Parsed transaction: withdraw 4 167.000000 
Loaded withdrawal transaction
Parsed transaction: withdraw 5 307.000000 
Loaded withdrawal transaction
Parsed transaction: withdraw 6 647.000000 
Loaded withdrawal transaction
Parsed transaction: withdraw 7 593.000000 
Loaded withdrawal transaction
Parsed transaction: withdraw 8 449.000000 
Loaded withdrawal transaction
Parsed transaction: withdraw 9 163.000000 
Loaded withdrawal transaction
********************************************
********************************************
   Reading and parsing a transaction file   
********************************************
Parsed transaction: deposit 0 907.000000 
Loaded deposit transaction
Parsed transaction: deposit 1 911.000000 
Loaded deposit transaction
Parsed transaction: deposit 2 919.000000 
Loaded deposit transaction
Parsed transaction: transfer 3 7 29.000000 
Loaded transfer transaction
Parsed transaction: transfer 7 6 31.000000 
Loaded transfer transaction
Parsed transaction: transfer 7 5 37.000000 
Loaded transfer transaction
Parsed transaction: transfer 7 4 3.000000 
Loaded transfer transaction
Parsed transaction: transfer 7 4 5.000000 
Loaded transfer transaction
Parsed transaction: deposit 3 929.000000 
Loaded deposit transaction
Parsed transaction: deposit 4 937.000000 
Loaded deposit transaction
Parsed transaction: deposit 5 941.000000 
Loaded deposit transaction
Parsed transaction: withdraw 4 167.000000 
Loaded withdrawal transaction
Parsed transaction: withdraw 5 307.000000 
Loaded withdrawal transaction
Parsed transaction: transfer 1 8 89.000000 
Loaded transfer transaction
Parsed transaction: transfer 1 9 163.000000 
Loaded transfer transaction
Parsed transaction: withdraw 1 41.000000 
Loaded withdrawal transaction
Parsed transaction: withdraw 2 71.000000 
Loaded withdrawal transaction
Parsed transaction: withdraw 3 127.000000 
Loaded withdrawal transaction
Parsed transaction: withdraw 6 647.000000 
Loaded withdrawal transaction
Parsed transaction: deposit 6 953.000000 
Loaded deposit transaction
Parsed transaction: deposit 7 967.000000 
Loaded deposit transaction
Parsed transaction: transfer 1 7 19.000000 
Loaded transfer transaction
Parsed transaction: transfer 2 7 23.000000 
Loaded transfer transaction
Parsed transaction: transfer 6 5 67.000000 
Loaded transfer transaction
Parsed transaction: transfer 4 5 53.000000 
Loaded transfer transaction
Parsed transaction: withdraw 7 593.000000 
Loaded withdrawal transaction
Parsed transaction: withdraw 8 449.000000 
Loaded withdrawal transaction
Parsed transaction: withdraw 9 163.000000 
Loaded withdrawal transaction
********************************************
********************************************
   Reading and parsing a transaction file   
********************************************
Parsed transaction: deposit 0 100.000000 
Loaded deposit transaction
Parsed transaction: deposit 0 200.000000 
Loaded deposit transaction
Parsed transaction: deposit 0 300.000000 
Loaded deposit transaction
Parsed transaction: withdraw 0 200.000000 
Loaded withdrawal transaction
Parsed transaction: withdraw 0 100.000000 
Loaded withdrawal transaction
Parsed transaction: withdraw 0 50.000000 
Loaded withdrawal transaction
Parsed transaction: transfer 1 0 200.000000 
Loaded transfer transaction
Parsed transaction: balance 0 
Loaded balance transaction
********************************************
  ***    Start of transaction batch    ***  
User 0, Acc 7 Balance 0.000000, Deposit 9929.000000 
User 0, Acc 4 Balance 0.000000, Deposit 937.000000 
User 0, Acc 5 Balance 0.000000, Deposit 941.000000 
User 0, Acc 0 Balance 0.000000, Deposit 7.000000 
User 0, Acc 3 Balance 0.000000, Deposit 29.000000 
User 0, Acc 7 Balance 9929.000000, Deposit 9.000000 
User 0, Acc 9 Balance 0.000000, Deposit 129.000000 
User 0, Acc 3 Balance 29.000000, Transfer 29.000000 to Acc 7
User 0, Acc 7 Balance 9967.000000, Transfer 31.000000 to Acc 6
User 0, Acc 7 Balance 9936.000000, Transfer 137.000000 to Acc 5
User 0, Acc 7 Balance 9799.000000, Transfer 3.000000 to Acc 4
User 0, Acc 7 Balance 9796.000000, Transfer 5.000000 to Acc 4
[22;32mUser 0, Acc 4 Balance 945.000000, 				Withdraw 1167.000000 --insufficient funds[0m
[22;32mUser 0, Acc 5 Balance 1078.000000, 				Withdraw 1307.000000 --insufficient funds[0m
[22;32mUser 0, Acc 1 Balance 0.000000, 				Withdraw 41.000000 --insufficient funds[0m
[22;32mUser 0, Acc 2 Balance 0.000000, 				Withdraw 71.000000 --insufficient funds[0m
[22;32mUser 0, Acc 3 Balance 0.000000, 				Withdraw 1127.000000 --insufficient funds[0m
[22;32mUser 0, Acc 6 Balance 31.000000, 				Withdraw 647.000000 --insufficient funds[0m
User 0, Acc 6 Balance 31.000000, Deposit 1953.000000 
User 0, Acc 7 Balance 9791.000000, Deposit 967.000000 
User 0, Acc 6 Balance 1984.000000, Transfer 1167.000000 to Acc 5
User 0, Acc 4 Balance 945.000000, Transfer 53.000000 to Acc 5
User 0, Acc 7 Balance 10758.000000, Withdraw 1593.000000 
[22;32mUser 0, Acc 8 Balance 0.000000, 				Withdraw 449.000000 --insufficient funds[0m
[22;32mUser 0, Acc 9 Balance 129.000000, 				Withdraw 163.000000 --insufficient funds[0m
User 0, Acc 9 Balance 129.000000, Deposit 617.000000 
User 0, Acc 9 Balance 746.000000, Transfer 617.000000 to Acc 9
User 0, Acc 8 Balance 0.000000, Deposit 619.000000 
User 0, Acc 8 Balance 619.000000, Transfer 619.000000 to Acc 2
User 3, Acc 0 Balance 7.000000, Deposit 400.000000 
User 3, Acc 0 Balance 407.000000, Withdraw 200.000000 
User 3, Acc 0 Balance 207.000000, Deposit 100.000000 
User 3, Acc 0 Balance 307.000000, Withdraw 50.000000 
User 3, Acc 0 Balance 257.000000, Withdraw 150.000000 
User 3, Acc 0 Balance 107.000000, Deposit 300.000000 
User 3, Acc 0 Balance 407.000000, Transfer 300.000000 to Acc 1
Balance in 1: 300.000000
User 3, Acc 7 Balance 9165.000000, Deposit 9929.000000 
User 3, Acc 4 Balance 892.000000, Deposit 937.000000 
User 3, Acc 5 Balance 2298.000000, Deposit 941.000000 
User 3, Acc 0 Balance 107.000000, Deposit 7.000000 
User 3, Acc 3 Balance 0.000000, Deposit 29.000000 
User 3, Acc 7 Balance 19094.000000, Deposit 9.000000 
User 3, Acc 9 Balance 746.000000, Deposit 129.000000 
User 2, Acc 0 Balance 7.000000, Deposit 907.000000 
User 1, Acc 0 Balance 7.000000, Deposit 100.000000 
User 2, Acc 1 Balance 300.000000, Deposit 911.000000 
User 1, Acc 0 Balance 1121.000000, Deposit 200.000000 
User 1, Acc 0 Balance 1321.000000, Deposit 300.000000 
User 5, Acc 7 Balance 9165.000000, Deposit 9929.000000 
User 3, Acc 3 Balance 29.000000, Transfer 29.000000 to Acc 7
User 3, Acc 7 Balance 19132.000000, Transfer 31.000000 to Acc 6
User 3, Acc 7 Balance 29030.000000, Transfer 137.000000 to Acc 5
User 3, Acc 7 Balance 28893.000000, Transfer 3.000000 to Acc 4
User 4, Acc 0 Balance 7.000000, Deposit 907.000000 
User 1, Acc 0 Balance 1621.000000, Withdraw 200.000000 
User 4, Acc 1 Balance 1211.000000, Deposit 911.000000 
User 5, Acc 4 Balance 1829.000000, Deposit 937.000000 
User 3, Acc 7 Balance 28890.000000, Transfer 5.000000 to Acc 4
User 5, Acc 5 Balance 3376.000000, Deposit 941.000000 
User 5, Acc 0 Balance 2328.000000, Deposit 7.000000 
User 1, Acc 0 Balance 2328.000000, Withdraw 100.000000 
User 4, Acc 2 Balance 619.000000, Deposit 919.000000 
User 1, Acc 0 Balance 2235.000000, Withdraw 50.000000 
User 4, Acc 7 Balance 28885.000000, Transfer 31.000000 to Acc 6
User 5, Acc 3 Balance 0.000000, Deposit 29.000000 
User 4, Acc 7 Balance 28854.000000, Transfer 37.000000 to Acc 5
User 4, Acc 7 Balance 28817.000000, Transfer 3.000000 to Acc 4
User 3, Acc 4 Balance 2774.000000, Withdraw 1167.000000 
User 4, Acc 7 Balance 28814.000000, Transfer 5.000000 to Acc 4
User 4, Acc 3 Balance 29.000000, Deposit 929.000000 
User 0, Acc 7 Balance 9165.000000, Deposit 631.000000 
User 5, Acc 7 Balance 28854.000000, Deposit 9.000000 
User 0, Acc 7 Balance 29440.000000, Transfer 631.000000 to Acc 3
User 0, Acc 6 Balance 879.000000, Deposit 641.000000 
User 0, Acc 6 Balance 1520.000000, Transfer 641.000000 to Acc 4
User 0, Acc 5 Balance 4354.000000, Deposit 643.000000 
User 0, Acc 5 Balance 4997.000000, Transfer 1200.000000 to Acc 6
User 0, Acc 4 Balance 2256.000000, Deposit 647.000000 
User 0, Acc 4 Balance 2903.000000, Transfer 1200.000000 to Acc 7
User 0, Acc 3 Balance 1589.000000, Deposit 653.000000 
User 0, Acc 3 Balance 2242.000000, Transfer 1200.000000 to Acc 8
User 0, Acc 2 Balance 1538.000000, Deposit 659.000000 
User 2, Acc 2 Balance 619.000000, Deposit 919.000000 
User 2, Acc 3 Balance 1042.000000, Deposit 929.000000 
User 2, Acc 4 Balance 1703.000000, Deposit 937.000000 
User 2, Acc 5 Balance 3797.000000, Deposit 941.000000 
User 2, Acc 6 Balance 2079.000000, Deposit 953.000000 
User 2, Acc 7 Balance 30018.000000, Deposit 967.000000 
User 2, Acc 1 Balance 2122.000000, Transfer 19.000000 to Acc 7
User 2, Acc 2 Balance 3116.000000, Transfer 23.000000 to Acc 7
User 2, Acc 3 Balance 1971.000000, Transfer 29.000000 to Acc 7
User 2, Acc 7 Balance 31056.000000, Transfer 31.000000 to Acc 6
User 2, Acc 7 Balance 31025.000000, Transfer 37.000000 to Acc 5
User 2, Acc 7 Balance 30988.000000, Transfer 3.000000 to Acc 4
User 2, Acc 7 Balance 30985.000000, Transfer 5.000000 to Acc 4
User 2, Acc 6 Balance 3063.000000, Transfer 67.000000 to Acc 5
User 2, Acc 4 Balance 2648.000000, Transfer 53.000000 to Acc 5
User 2, Acc 1 Balance 2103.000000, Transfer 89.000000 to Acc 8
User 2, Acc 1 Balance 2014.000000, Transfer 163.000000 to Acc 9
User 2, Acc 1 Balance 1851.000000, Withdraw 41.000000 
User 4, Acc 4 Balance 1615.000000, Deposit 937.000000 
User 4, Acc 5 Balance 4895.000000, Deposit 941.000000 
User 5, Acc 9 Balance 875.000000, Deposit 129.000000 
User 1, Acc 1 Balance 2122.000000, Transfer 200.000000 to Acc 0
User 3, Acc 5 Balance 4354.000000, Withdraw 1307.000000 
Balance in 0: 2385.000000
User 0, Acc 2 Balance 2197.000000, Transfer 1200.000000 to Acc 9
User 1, Acc 9 Balance 1167.000000, Deposit 617.000000 
User 1, Acc 9 Balance 1784.000000, Transfer 617.000000 to Acc 9
User 5, Acc 3 Balance 1942.000000, Transfer 29.000000 to Acc 7
User 3, Acc 1 Balance 1610.000000, Transfer 89.000000 to Acc 8
User 5, Acc 7 Balance 31009.000000, Transfer 31.000000 to Acc 6
User 0, Acc 1 Balance 1610.000000, Deposit 661.000000 
User 1, Acc 8 Balance 1289.000000, Deposit 619.000000 
User 0, Acc 1 Balance 2182.000000, Transfer 1200.000000 to Acc 9
User 1, Acc 8 Balance 1997.000000, Transfer 619.000000 to Acc 2
User 1, Acc 7 Balance 30978.000000, Deposit 631.000000 
User 5, Acc 7 Balance 30978.000000, Transfer 137.000000 to Acc 5
User 3, Acc 1 Balance 1521.000000, Transfer 163.000000 to Acc 9
User 5, Acc 7 Balance 31472.000000, Transfer 3.000000 to Acc 4
User 4, Acc 4 Balance 3532.000000, Withdraw 167.000000 
User 2, Acc 2 Balance 3093.000000, Withdraw 71.000000 
User 2, Acc 3 Balance 1913.000000, Withdraw 127.000000 
User 2, Acc 4 Balance 3368.000000, Withdraw 167.000000 
User 2, Acc 5 Balance 4666.000000, Withdraw 307.000000 
User 2, Acc 6 Balance 3027.000000, Withdraw 647.000000 
User 2, Acc 7 Balance 31469.000000, Withdraw 593.000000 
User 2, Acc 8 Balance 1378.000000, Withdraw 449.000000 
User 2, Acc 9 Balance 4347.000000, Withdraw 163.000000 
User 2, Acc 7 Balance 30876.000000, Deposit 9929.000000 
User 2, Acc 4 Balance 3201.000000, Deposit 937.000000 
User 2, Acc 5 Balance 4359.000000, Deposit 941.000000 
User 2, Acc 0 Balance 2385.000000, Deposit 7.000000 
User 2, Acc 3 Balance 1786.000000, Deposit 29.000000 
User 2, Acc 7 Balance 40805.000000, Deposit 9.000000 
User 2, Acc 9 Balance 4184.000000, Deposit 129.000000 
User 2, Acc 3 Balance 1815.000000, Transfer 29.000000 to Acc 7
User 2, Acc 7 Balance 40843.000000, Transfer 31.000000 to Acc 6
User 2, Acc 7 Balance 40812.000000, Transfer 137.000000 to Acc 5
User 2, Acc 7 Balance 40675.000000, Transfer 3.000000 to Acc 4
User 2, Acc 7 Balance 40672.000000, Transfer 5.000000 to Acc 4
User 2, Acc 4 Balance 4146.000000, Withdraw 1167.000000 
User 2, Acc 5 Balance 5437.000000, Withdraw 1307.000000 
User 2, Acc 1 Balance 819.000000, Transfer 89.000000 to Acc 8
User 2, Acc 1 Balance 730.000000, Transfer 163.000000 to Acc 9
User 2, Acc 1 Balance 567.000000, Withdraw 41.000000 
User 2, Acc 2 Balance 2441.000000, Withdraw 71.000000 
User 2, Acc 3 Balance 1786.000000, Withdraw 1127.000000 
User 2, Acc 6 Balance 2411.000000, Withdraw 647.000000 
User 2, Acc 6 Balance 1764.000000, Deposit 1953.000000 
User 2, Acc 7 Balance 40667.000000, Deposit 967.000000 
User 2, Acc 1 Balance 526.000000, Transfer 19.000000 to Acc 7
User 2, Acc 2 Balance 2370.000000, Transfer 23.000000 to Acc 7
User 2, Acc 6 Balance 3717.000000, Transfer 1167.000000 to Acc 5
User 2, Acc 4 Balance 2979.000000, Transfer 53.000000 to Acc 5
User 2, Acc 7 Balance 41676.000000, Withdraw 1593.000000 
User 2, Acc 8 Balance 1018.000000, Withdraw 449.000000 
User 2, Acc 9 Balance 4476.000000, Withdraw 163.000000 
User 2, Acc 7 Balance 40083.000000, Deposit 9929.000000 
User 1, Acc 7 Balance 31609.000000, Transfer 631.000000 to Acc 3
User 3, Acc 1 Balance 819.000000, Withdraw 41.000000 
User 0, Acc 0 Balance 2385.000000, Deposit 673.000000 
User 5, Acc 7 Balance 31469.000000, Transfer 5.000000 to Acc 4
User 4, Acc 5 Balance 4666.000000, Withdraw 307.000000 
User 2, Acc 4 Balance 2926.000000, Deposit 937.000000 
User 4, Acc 1 Balance 466.000000, Transfer 89.000000 to Acc 8
User 1, Acc 6 Balance 2550.000000, Deposit 641.000000 
User 3, Acc 2 Balance 2347.000000, Withdraw 71.000000 
User 1, Acc 6 Balance 3191.000000, Transfer 641.000000 to Acc 4
User 1, Acc 5 Balance 5043.000000, Deposit 643.000000 
User 4, Acc 1 Balance 377.000000, Transfer 163.000000 to Acc 9
User 1, Acc 5 Balance 5686.000000, Transfer 1200.000000 to Acc 6
User 4, Acc 1 Balance 214.000000, Withdraw 41.000000 
User 1, Acc 4 Balance 4509.000000, Deposit 647.000000 
User 4, Acc 2 Balance 2276.000000, Withdraw 71.000000 
User 5, Acc 4 Balance 2931.000000, Withdraw 1167.000000 
User 0, Acc 0 Balance 3065.000000, Transfer 1200.000000 to Acc 9
User 3, Acc 3 Balance 1290.000000, Withdraw 1127.000000 
User 0, Acc 1 Balance 173.000000, Withdraw 50.000000 
User 3, Acc 6 Balance 3750.000000, Withdraw 647.000000 
User 0, Acc 2 Balance 2205.000000, Withdraw 50.000000 
User 4, Acc 3 Balance 1290.000000, Withdraw 127.000000 
User 0, Acc 3 Balance 163.000000, Withdraw 50.000000 
User 0, Acc 4 Balance 3989.000000, Withdraw 50.000000 
User 2, Acc 5 Balance 5043.000000, Deposit 941.000000 
User 0, Acc 5 Balance 4486.000000, Withdraw 50.000000 
User 2, Acc 0 Balance 1865.000000, Deposit 7.000000 
User 0, Acc 6 Balance 3103.000000, Withdraw 50.000000 
User 0, Acc 7 Balance 49376.000000, Withdraw 50.000000 
User 4, Acc 6 Balance 3103.000000, Withdraw 647.000000 
User 3, Acc 6 Balance 3103.000000, Deposit 1953.000000 
User 4, Acc 6 Balance 2406.000000, Deposit 953.000000 
User 3, Acc 7 Balance 49326.000000, Deposit 967.000000 
User 2, Acc 3 Balance -14.000000, Deposit 29.000000 
User 3, Acc 1 Balance 123.000000, Transfer 19.000000 to Acc 7
User 0, Acc 8 Balance 658.000000, Withdraw 50.000000 
User 5, Acc 5 Balance 4486.000000, Withdraw 1307.000000 
User 0, Acc 9 Balance 5676.000000, Withdraw 50.000000 
User 1, Acc 4 Balance 5156.000000, Transfer 1200.000000 to Acc 7
User 1, Acc 3 Balance 15.000000, Deposit 653.000000 
User 3, Acc 2 Balance 2155.000000, Transfer 23.000000 to Acc 7
User 1, Acc 2 Balance 2155.000000, Deposit 659.000000 
User 3, Acc 6 Balance 5312.000000, Transfer 1167.000000 to Acc 5
User 3, Acc 4 Balance 2739.000000, Transfer 53.000000 to Acc 5
User 5, Acc 1 Balance 104.000000, Transfer 89.000000 to Acc 8
User 2, Acc 7 Balance 50293.000000, Deposit 9.000000 
[22;32mUser 5, Acc 1 Balance 15.000000, 				Withdraw 41.000000 --insufficient funds[0m
User 4, Acc 7 Balance 49326.000000, Deposit 967.000000 
User 1, Acc 2 Balance 2791.000000, Transfer 1200.000000 to Acc 9
User 0, Acc 0 Balance 1872.000000, Withdraw 50.000000 
User 3, Acc 7 Balance 51535.000000, Withdraw 1593.000000 
User 0, Acc 7 Balance 52511.000000, Deposit 9929.000000 
User 3, Acc 8 Balance 697.000000, Withdraw 449.000000 
User 3, Acc 9 Balance 6826.000000, Withdraw 163.000000 
User 4, Acc 2 Balance 2791.000000, Transfer 23.000000 to Acc 7
User 4, Acc 6 Balance 4145.000000, Transfer 67.000000 to Acc 5
User 4, Acc 4 Balance 2686.000000, Transfer 53.000000 to Acc 5
User 4, Acc 7 Balance 60870.000000, Withdraw 593.000000 
[22;32mUser 4, Acc 8 Balance 248.000000, 				Withdraw 449.000000 --insufficient funds[0m
User 4, Acc 9 Balance 6663.000000, Withdraw 163.000000 
User 4, Acc 0 Balance 1822.000000, Deposit 400.000000 
User 4, Acc 0 Balance 2222.000000, Withdraw 200.000000 
User 4, Acc 0 Balance 2022.000000, Deposit 100.000000 
User 4, Acc 0 Balance 2122.000000, Withdraw 50.000000 
User 4, Acc 0 Balance 2072.000000, Withdraw 150.000000 
User 4, Acc 0 Balance 1922.000000, Deposit 300.000000 
User 4, Acc 0 Balance 2222.000000, Transfer 300.000000 to Acc 1
Balance in 1: 315.000000
User 4, Acc 9 Balance 6500.000000, Deposit 617.000000 
User 4, Acc 9 Balance 7117.000000, Transfer 617.000000 to Acc 9
User 3, Acc 9 Balance 6663.000000, Deposit 617.000000 
User 4, Acc 8 Balance 248.000000, Deposit 619.000000 
User 3, Acc 9 Balance 7734.000000, Transfer 617.000000 to Acc 9
User 5, Acc 2 Balance 2791.000000, Withdraw 71.000000 
User 0, Acc 4 Balance 2686.000000, Deposit 937.000000 
User 1, Acc 1 Balance 15.000000, Deposit 661.000000 
User 4, Acc 8 Balance 867.000000, Transfer 619.000000 to Acc 2
User 2, Acc 9 Balance 5626.000000, Deposit 129.000000 
User 4, Acc 7 Balance 60277.000000, Deposit 631.000000 
User 3, Acc 8 Balance 867.000000, Deposit 619.000000 
User 3, Acc 8 Balance 867.000000, Transfer 619.000000 to Acc 2
User 0, Acc 5 Balance 5410.000000, Deposit 941.000000 
User 0, Acc 0 Balance 1922.000000, Deposit 7.000000 
User 0, Acc 3 Balance 668.000000, Deposit 29.000000 
User 0, Acc 7 Balance 60908.000000, Deposit 9.000000 
User 4, Acc 7 Balance 60908.000000, Transfer 631.000000 to Acc 3
User 4, Acc 6 Balance 4078.000000, Deposit 641.000000 
User 2, Acc 3 Balance 668.000000, Transfer 29.000000 to Acc 7
User 4, Acc 6 Balance 4719.000000, Transfer 641.000000 to Acc 4
User 4, Acc 5 Balance 6351.000000, Deposit 643.000000 
User 3, Acc 7 Balance 60908.000000, Deposit 631.000000 
User 1, Acc 0 Balance 1922.000000, Deposit 673.000000 
User 3, Acc 7 Balance 60946.000000, Transfer 631.000000 to Acc 3
User 3, Acc 6 Balance 4078.000000, Deposit 641.000000 
[22;32mUser 5, Acc 3 Balance 668.000000, 				Withdraw 1127.000000 --insufficient funds[0m
User 2, Acc 7 Balance 60315.000000, Transfer 31.000000 to Acc 6
User 4, Acc 5 Balance 6994.000000, Transfer 1200.000000 to Acc 6
User 2, Acc 7 Balance 60284.000000, Transfer 137.000000 to Acc 5
User 4, Acc 4 Balance 4211.000000, Deposit 647.000000 
User 2, Acc 7 Balance 60147.000000, Transfer 3.000000 to Acc 4
User 4, Acc 4 Balance 4858.000000, Transfer 1200.000000 to Acc 7
User 2, Acc 7 Balance 60144.000000, Transfer 5.000000 to Acc 4
User 2, Acc 4 Balance 4866.000000, Withdraw 1167.000000 
User 2, Acc 5 Balance 5931.000000, Withdraw 1307.000000 
User 2, Acc 1 Balance 976.000000, Transfer 89.000000 to Acc 8
User 2, Acc 1 Balance 887.000000, Transfer 163.000000 to Acc 9
User 2, Acc 1 Balance 724.000000, Withdraw 41.000000 
User 2, Acc 2 Balance 2735.000000, Withdraw 71.000000 
User 2, Acc 3 Balance 1930.000000, Withdraw 1127.000000 
User 2, Acc 6 Balance 5950.000000, Withdraw 647.000000 
User 2, Acc 6 Balance 5303.000000, Deposit 1953.000000 
User 2, Acc 7 Balance 61339.000000, Deposit 967.000000 
User 2, Acc 1 Balance 683.000000, Transfer 19.000000 to Acc 7
User 2, Acc 2 Balance 2664.000000, Transfer 23.000000 to Acc 7
User 2, Acc 6 Balance 7256.000000, Transfer 1167.000000 to Acc 5
User 2, Acc 4 Balance 2499.000000, Transfer 53.000000 to Acc 5
User 2, Acc 7 Balance 62348.000000, Withdraw 1593.000000 
[22;32mUser 2, Acc 8 Balance 337.000000, 				Withdraw 449.000000 --insufficient funds[0m
User 2, Acc 9 Balance 8026.000000, Withdraw 163.000000 
User 2, Acc 9 Balance 7863.000000, Deposit 617.000000 
User 0, Acc 9 Balance 7863.000000, Deposit 129.000000 
User 1, Acc 0 Balance 2602.000000, Transfer 1200.000000 to Acc 9
User 3, Acc 6 Balance 4719.000000, Transfer 641.000000 to Acc 4
User 1, Acc 1 Balance 664.000000, Withdraw 50.000000 
User 4, Acc 3 Balance 1930.000000, Deposit 653.000000 
User 1, Acc 2 Balance 2641.000000, Withdraw 50.000000 
User 4, Acc 3 Balance 1456.000000, Transfer 1200.000000 to Acc 8
User 5, Acc 6 Balance 4719.000000, Withdraw 647.000000 
User 4, Acc 2 Balance 2591.000000, Deposit 659.000000 
User 5, Acc 6 Balance 4801.000000, Deposit 1953.000000 
User 4, Acc 2 Balance 3250.000000, Transfer 1200.000000 to Acc 9
User 1, Acc 3 Balance 1456.000000, Withdraw 50.000000 
User 3, Acc 5 Balance 5844.000000, Deposit 643.000000 
User 1, Acc 4 Balance 3087.000000, Withdraw 50.000000 
User 5, Acc 7 Balance 60755.000000, Deposit 967.000000 
User 4, Acc 1 Balance 614.000000, Deposit 661.000000 
User 5, Acc 1 Balance 614.000000, Transfer 19.000000 to Acc 7
User 5, Acc 2 Balance 2050.000000, Transfer 23.000000 to Acc 7
User 4, Acc 1 Balance 1256.000000, Transfer 1200.000000 to Acc 9
User 2, Acc 9 Balance 8480.000000, Transfer 617.000000 to Acc 9
User 4, Acc 0 Balance 1402.000000, Deposit 673.000000 
User 2, Acc 8 Balance 1537.000000, Deposit 619.000000 
User 2, Acc 8 Balance 2156.000000, Transfer 619.000000 to Acc 2
User 0, Acc 3 Balance 803.000000, Transfer 29.000000 to Acc 7
User 5, Acc 6 Balance 6754.000000, Transfer 1167.000000 to Acc 5
User 0, Acc 7 Balance 61793.000000, Transfer 31.000000 to Acc 6
User 0, Acc 7 Balance 61762.000000, Transfer 137.000000 to Acc 5
User 4, Acc 0 Balance 2075.000000, Transfer 1200.000000 to Acc 9
User 4, Acc 1 Balance 56.000000, Withdraw 50.000000 
User 4, Acc 2 Balance 2646.000000, Withdraw 50.000000 
User 4, Acc 3 Balance 177.000000, Withdraw 50.000000 
User 4, Acc 4 Balance 3037.000000, Withdraw 50.000000 
User 4, Acc 5 Balance 7791.000000, Withdraw 50.000000 
User 4, Acc 6 Balance 5618.000000, Withdraw 50.000000 
User 4, Acc 7 Balance 61625.000000, Withdraw 50.000000 
User 4, Acc 8 Balance 1537.000000, Withdraw 50.000000 
User 4, Acc 9 Balance 13409.000000, Withdraw 50.000000 
User 3, Acc 5 Balance 6487.000000, Transfer 1200.000000 to Acc 6
User 4, Acc 0 Balance 875.000000, Withdraw 50.000000 
User 3, Acc 4 Balance 2987.000000, Deposit 647.000000 
User 3, Acc 4 Balance 3634.000000, Transfer 1200.000000 to Acc 7
User 5, Acc 4 Balance 3037.000000, Transfer 53.000000 to Acc 5
User 0, Acc 7 Balance 61625.000000, Transfer 3.000000 to Acc 4
User 5, Acc 7 Balance 62775.000000, Withdraw 1593.000000 
User 2, Acc 7 Balance 61764.000000, Deposit 631.000000 
User 5, Acc 8 Balance 1487.000000, Withdraw 449.000000 
User 3, Acc 3 Balance 127.000000, Deposit 653.000000 
User 5, Acc 9 Balance 13359.000000, Withdraw 163.000000 
User 1, Acc 5 Balance 6487.000000, Withdraw 50.000000 
User 5, Acc 9 Balance 13196.000000, Deposit 617.000000 
User 1, Acc 6 Balance 6768.000000, Withdraw 50.000000 
User 5, Acc 9 Balance 13813.000000, Transfer 617.000000 to Acc 9
User 0, Acc 7 Balance 62772.000000, Transfer 5.000000 to Acc 4
User 3, Acc 2 Balance 2596.000000, Deposit 659.000000 
User 0, Acc 4 Balance 2389.000000, Withdraw 1167.000000 
User 2, Acc 7 Balance 61810.000000, Transfer 631.000000 to Acc 3
User 0, Acc 5 Balance 6544.000000, Withdraw 1307.000000 
User 1, Acc 7 Balance 61810.000000, Withdraw 50.000000 
User 3, Acc 2 Balance 3255.000000, Transfer 1200.000000 to Acc 9
User 1, Acc 8 Balance 1038.000000, Withdraw 50.000000 
User 1, Acc 9 Balance 13813.000000, Withdraw 50.000000 
User 5, Acc 8 Balance 1038.000000, Deposit 619.000000 
User 2, Acc 6 Balance 6718.000000, Deposit 641.000000 
User 5, Acc 8 Balance 1607.000000, Transfer 619.000000 to Acc 2
User 2, Acc 6 Balance 7359.000000, Transfer 641.000000 to Acc 4
User 2, Acc 5 Balance 5237.000000, Deposit 643.000000 
User 4, Acc 0 Balance 825.000000, Deposit 400.000000 
User 1, Acc 0 Balance 825.000000, Withdraw 50.000000 
[22;32mUser 0, Acc 1 Balance 6.000000, 				Withdraw 41.000000 --insufficient funds[0m
User 1, Acc 0 Balance 1175.000000, Deposit 907.000000 
User 3, Acc 1 Balance 6.000000, Deposit 661.000000 
User 1, Acc 1 Balance 6.000000, Deposit 911.000000 
User 2, Acc 5 Balance 5880.000000, Transfer 1200.000000 to Acc 6
User 4, Acc 0 Balance 1225.000000, Withdraw 200.000000 
User 2, Acc 4 Balance 1863.000000, Deposit 647.000000 
User 2, Acc 4 Balance 2510.000000, Transfer 1200.000000 to Acc 7
User 0, Acc 2 Balance 2674.000000, Withdraw 71.000000 
User 1, Acc 2 Balance 2674.000000, Deposit 919.000000 
User 0, Acc 3 Balance 1411.000000, Withdraw 1127.000000 
User 3, Acc 1 Balance 1578.000000, Transfer 1200.000000 to Acc 9
User 5, Acc 7 Balance 61124.000000, Deposit 631.000000 
User 4, Acc 0 Balance 1882.000000, Deposit 100.000000 
User 5, Acc 7 Balance 62955.000000, Transfer 631.000000 to Acc 3
User 4, Acc 0 Balance 1982.000000, Withdraw 50.000000 
User 1, Acc 3 Balance 284.000000, Deposit 929.000000 
User 4, Acc 0 Balance 1932.000000, Withdraw 150.000000 
User 1, Acc 4 Balance 1310.000000, Deposit 937.000000 
User 2, Acc 3 Balance 1411.000000, Deposit 653.000000 
User 5, Acc 6 Balance 7918.000000, Deposit 641.000000 
User 3, Acc 0 Balance 1882.000000, Deposit 673.000000 
User 5, Acc 6 Balance 8559.000000, Transfer 641.000000 to Acc 4
User 1, Acc 5 Balance 4680.000000, Deposit 941.000000 
User 2, Acc 3 Balance 2497.000000, Transfer 1200.000000 to Acc 8
User 1, Acc 6 Balance 7918.000000, Deposit 953.000000 
User 2, Acc 2 Balance 3522.000000, Deposit 659.000000 
User 2, Acc 2 Balance 4181.000000, Transfer 1200.000000 to Acc 9
User 4, Acc 0 Balance 1782.000000, Deposit 300.000000 
User 5, Acc 5 Balance 4680.000000, Deposit 643.000000 
User 0, Acc 6 Balance 7918.000000, Withdraw 647.000000 
User 0, Acc 6 Balance 8224.000000, Deposit 1953.000000 
User 1, Acc 7 Balance 62324.000000, Deposit 967.000000 
User 2, Acc 1 Balance 378.000000, Deposit 661.000000 
User 4, Acc 0 Balance 2755.000000, Transfer 300.000000 to Acc 1
User 5, Acc 5 Balance 6264.000000, Transfer 1200.000000 to Acc 6
Balance in 1: 1339.000000
User 3, Acc 0 Balance 2455.000000, Transfer 1200.000000 to Acc 9
User 0, Acc 7 Balance 62324.000000, Deposit 967.000000 
User 1, Acc 1 Balance 378.000000, Transfer 19.000000 to Acc 7
User 0, Acc 1 Balance 1339.000000, Transfer 19.000000 to Acc 7
User 2, Acc 0 Balance 2755.000000, Deposit 673.000000 
User 4, Acc 0 Balance 2455.000000, Deposit 400.000000 
User 5, Acc 4 Balance 2888.000000, Deposit 647.000000 
User 4, Acc 0 Balance 2328.000000, Withdraw 200.000000 
User 5, Acc 4 Balance 3535.000000, Transfer 1200.000000 to Acc 7
User 0, Acc 2 Balance 2981.000000, Transfer 23.000000 to Acc 7
User 2, Acc 0 Balance 1928.000000, Transfer 1200.000000 to Acc 9
User 0, Acc 6 Balance 11377.000000, Transfer 1167.000000 to Acc 5
User 4, Acc 0 Balance 2128.000000, Deposit 100.000000 
User 5, Acc 3 Balance 1297.000000, Deposit 653.000000 
User 4, Acc 0 Balance 1028.000000, Withdraw 50.000000 
User 4, Acc 0 Balance 978.000000, Withdraw 150.000000 
User 5, Acc 3 Balance 1950.000000, Transfer 1200.000000 to Acc 8
User 4, Acc 0 Balance 828.000000, Deposit 300.000000 
User 2, Acc 1 Balance 1301.000000, Withdraw 50.000000 
User 4, Acc 0 Balance 1128.000000, Transfer 300.000000 to Acc 1
User 3, Acc 1 Balance 1339.000000, Withdraw 50.000000 
Balance in 1: 1551.000000
User 3, Acc 2 Balance 2958.000000, Withdraw 50.000000 
User 0, Acc 4 Balance 2335.000000, Transfer 53.000000 to Acc 5
User 2, Acc 2 Balance 2958.000000, Withdraw 50.000000 
User 0, Acc 7 Balance 65519.000000, Withdraw 1593.000000 
User 4, Acc 0 Balance 828.000000, Deposit 907.000000 
User 0, Acc 8 Balance 3388.000000, Withdraw 449.000000 
User 4, Acc 1 Balance 1501.000000, Deposit 911.000000 
User 0, Acc 9 Balance 19763.000000, Withdraw 163.000000 
User 4, Acc 2 Balance 2858.000000, Deposit 919.000000 
User 0, Acc 0 Balance 1735.000000, Deposit 400.000000 
User 4, Acc 3 Balance 750.000000, Deposit 929.000000 
User 0, Acc 0 Balance 2135.000000, Withdraw 200.000000 
User 4, Acc 4 Balance 2282.000000, Deposit 937.000000 
User 0, Acc 0 Balance 1935.000000, Deposit 100.000000 
User 4, Acc 5 Balance 6284.000000, Deposit 941.000000 
User 0, Acc 0 Balance 2035.000000, Withdraw 50.000000 
User 2, Acc 3 Balance 750.000000, Withdraw 50.000000 
User 5, Acc 2 Balance 2958.000000, Deposit 659.000000 
User 2, Acc 4 Balance 3219.000000, Withdraw 50.000000 
User 1, Acc 2 Balance 2981.000000, Transfer 23.000000 to Acc 7
User 4, Acc 6 Balance 10210.000000, Deposit 953.000000 
User 1, Acc 3 Balance 1629.000000, Transfer 29.000000 to Acc 7
User 4, Acc 7 Balance 63949.000000, Deposit 967.000000 
User 1, Acc 7 Balance 63978.000000, Transfer 31.000000 to Acc 6
User 0, Acc 0 Balance 1985.000000, Withdraw 150.000000 
User 1, Acc 7 Balance 64914.000000, Transfer 37.000000 to Acc 5
User 0, Acc 0 Balance 1835.000000, Deposit 300.000000 
User 0, Acc 0 Balance 2135.000000, Transfer 300.000000 to Acc 1
User 5, Acc 2 Balance 4436.000000, Transfer 1200.000000 to Acc 9
User 4, Acc 1 Balance 2412.000000, Transfer 19.000000 to Acc 7
User 3, Acc 3 Balance 750.000000, Withdraw 50.000000 
User 4, Acc 2 Balance 3213.000000, Transfer 23.000000 to Acc 7
User 2, Acc 5 Balance 7225.000000, Withdraw 50.000000 
User 1, Acc 7 Balance 64877.000000, Transfer 3.000000 to Acc 4
User 2, Acc 6 Balance 11194.000000, Withdraw 50.000000 
User 2, Acc 7 Balance 64919.000000, Withdraw 50.000000 
User 1, Acc 7 Balance 64916.000000, Transfer 5.000000 to Acc 4
User 4, Acc 3 Balance 1600.000000, Transfer 29.000000 to Acc 7
User 1, Acc 6 Balance 11144.000000, Transfer 67.000000 to Acc 5
User 4, Acc 7 Balance 64890.000000, Transfer 31.000000 to Acc 6
User 5, Acc 1 Balance 2712.000000, Deposit 661.000000 
User 4, Acc 7 Balance 64859.000000, Transfer 37.000000 to Acc 5
User 5, Acc 1 Balance 3354.000000, Transfer 1200.000000 to Acc 9
User 5, Acc 0 Balance 1835.000000, Deposit 673.000000 
User 1, Acc 4 Balance 3177.000000, Transfer 53.000000 to Acc 5
User 5, Acc 0 Balance 2508.000000, Transfer 1200.000000 to Acc 9
User 1, Acc 1 Balance 2154.000000, Transfer 89.000000 to Acc 8
User 4, Acc 7 Balance 64822.000000, Transfer 3.000000 to Acc 4
Balance in 1: 2712.000000
User 4, Acc 7 Balance 64819.000000, Transfer 5.000000 to Acc 4
User 0, Acc 0 Balance 1308.000000, Deposit 400.000000 
User 4, Acc 6 Balance 11108.000000, Transfer 67.000000 to Acc 5
User 0, Acc 0 Balance 1708.000000, Withdraw 200.000000 
User 0, Acc 0 Balance 1508.000000, Deposit 100.000000 
User 2, Acc 8 Balance 2939.000000, Withdraw 50.000000 
User 0, Acc 0 Balance 1608.000000, Withdraw 50.000000 
User 3, Acc 4 Balance 3169.000000, Withdraw 50.000000 
User 0, Acc 0 Balance 1558.000000, Withdraw 150.000000 
User 1, Acc 1 Balance 2065.000000, Transfer 163.000000 to Acc 9
User 4, Acc 4 Balance 3132.000000, Transfer 53.000000 to Acc 5
User 5, Acc 1 Balance 2154.000000, Withdraw 50.000000 
User 4, Acc 1 Balance 1902.000000, Transfer 89.000000 to Acc 8
User 5, Acc 2 Balance 3190.000000, Withdraw 50.000000 
User 5, Acc 3 Balance 1521.000000, Withdraw 50.000000 
User 4, Acc 1 Balance 1763.000000, Transfer 163.000000 to Acc 9
User 1, Acc 1 Balance 1902.000000, Withdraw 41.000000 
User 3, Acc 5 Balance 7436.000000, Withdraw 50.000000 
User 1, Acc 2 Balance 3140.000000, Withdraw 71.000000 
User 3, Acc 6 Balance 11041.000000, Withdraw 50.000000 
User 3, Acc 7 Balance 64814.000000, Withdraw 50.000000 
User 3, Acc 8 Balance 3067.000000, Withdraw 50.000000 
User 2, Acc 9 Balance 23200.000000, Withdraw 50.000000 
User 4, Acc 1 Balance 1600.000000, Withdraw 41.000000 
User 0, Acc 0 Balance 1408.000000, Deposit 300.000000 
User 4, Acc 2 Balance 3069.000000, Withdraw 71.000000 
User 0, Acc 0 Balance 1708.000000, Transfer 300.000000 to Acc 1
User 4, Acc 3 Balance 1471.000000, Withdraw 127.000000 
Balance in 1: 1818.000000
User 2, Acc 0 Balance 1408.000000, Withdraw 50.000000 
User 5, Acc 4 Balance 3029.000000, Withdraw 50.000000 
User 1, Acc 3 Balance 1471.000000, Withdraw 127.000000 
User 3, Acc 9 Balance 23526.000000, Withdraw 50.000000 
User 1, Acc 4 Balance 2979.000000, Withdraw 167.000000 
User 3, Acc 0 Balance 1358.000000, Withdraw 50.000000 
User 4, Acc 4 Balance 3029.000000, Withdraw 167.000000 
User 3, Acc 0 Balance 1308.000000, Deposit 907.000000 
User 3, Acc 1 Balance 1818.000000, Deposit 911.000000 
User 4, Acc 5 Balance 7439.000000, Withdraw 307.000000 
User 1, Acc 5 Balance 7439.000000, Withdraw 307.000000 
User 4, Acc 6 Balance 10991.000000, Withdraw 647.000000 
User 1, Acc 6 Balance 10991.000000, Withdraw 647.000000 
User 0, Acc 0 Balance 1408.000000, Deposit 907.000000 
User 1, Acc 7 Balance 64764.000000, Withdraw 593.000000 
User 0, Acc 1 Balance 2729.000000, Deposit 911.000000 
User 2, Acc 0 Balance 1358.000000, Deposit 907.000000 
User 5, Acc 5 Balance 7439.000000, Withdraw 50.000000 
User 4, Acc 7 Balance 64764.000000, Withdraw 593.000000 
User 1, Acc 8 Balance 3017.000000, Withdraw 449.000000 
User 0, Acc 2 Balance 2998.000000, Deposit 919.000000 
User 2, Acc 1 Balance 3640.000000, Deposit 911.000000 
User 0, Acc 3 Balance 1217.000000, Deposit 929.000000 
User 3, Acc 2 Balance 2998.000000, Deposit 919.000000 
User 5, Acc 6 Balance 9697.000000, Withdraw 50.000000 
User 3, Acc 3 Balance 2146.000000, Deposit 929.000000 
User 3, Acc 4 Balance 2645.000000, Deposit 937.000000 
User 1, Acc 9 Balance 23426.000000, Withdraw 163.000000 
User 0, Acc 4 Balance 2645.000000, Deposit 937.000000 
User 1, Acc 0 Balance 4029.000000, Deposit 907.000000 
User 0, Acc 5 Balance 6775.000000, Deposit 941.000000 
User 5, Acc 7 Balance 63578.000000, Withdraw 50.000000 
User 3, Acc 5 Balance 6775.000000, Deposit 941.000000 
User 5, Acc 8 Balance 2568.000000, Withdraw 50.000000 
User 3, Acc 6 Balance 9647.000000, Deposit 953.000000 
User 4, Acc 8 Balance 3017.000000, Withdraw 449.000000 
User 3, Acc 7 Balance 63528.000000, Deposit 967.000000 
User 0, Acc 6 Balance 9647.000000, Deposit 953.000000 
User 0, Acc 7 Balance 64495.000000, Deposit 967.000000 
User 1, Acc 1 Balance 4551.000000, Deposit 911.000000 
User 0, Acc 1 Balance 4551.000000, Transfer 19.000000 to Acc 7
User 1, Acc 2 Balance 4836.000000, Deposit 919.000000 
User 0, Acc 2 Balance 4836.000000, Transfer 23.000000 to Acc 7
User 5, Acc 9 Balance 23263.000000, Withdraw 50.000000 
User 4, Acc 9 Balance 23263.000000, Withdraw 163.000000 
User 3, Acc 1 Balance 4551.000000, Transfer 19.000000 to Acc 7
User 4, Acc 0 Balance 4936.000000, Deposit 907.000000 
User 3, Acc 2 Balance 5732.000000, Transfer 23.000000 to Acc 7
User 4, Acc 1 Balance 5424.000000, Deposit 911.000000 
User 0, Acc 3 Balance 3075.000000, Transfer 29.000000 to Acc 7
User 4, Acc 2 Balance 5709.000000, Deposit 919.000000 
User 0, Acc 7 Balance 65575.000000, Transfer 31.000000 to Acc 6
User 4, Acc 3 Balance 3046.000000, Transfer 29.000000 to Acc 7
User 0, Acc 7 Balance 65544.000000, Transfer 37.000000 to Acc 5
User 4, Acc 7 Balance 65573.000000, Transfer 31.000000 to Acc 6
User 1, Acc 3 Balance 3075.000000, Transfer 29.000000 to Acc 7
User 1, Acc 7 Balance 65534.000000, Transfer 31.000000 to Acc 6
User 3, Acc 3 Balance 3075.000000, Transfer 29.000000 to Acc 7
User 5, Acc 0 Balance 4936.000000, Withdraw 50.000000 
User 0, Acc 7 Balance 65536.000000, Transfer 3.000000 to Acc 4
User 5, Acc 0 Balance 5793.000000, Deposit 100.000000 
User 5, Acc 0 Balance 5893.000000, Deposit 200.000000 
User 0, Acc 7 Balance 65529.000000, Transfer 5.000000 to Acc 4
User 1, Acc 7 Balance 65503.000000, Transfer 37.000000 to Acc 5
User 3, Acc 7 Balance 65532.000000, Transfer 31.000000 to Acc 6
User 1, Acc 7 Balance 65487.000000, Transfer 3.000000 to Acc 4
User 1, Acc 7 Balance 65484.000000, Transfer 5.000000 to Acc 4
User 2, Acc 2 Balance 3917.000000, Deposit 919.000000 
User 5, Acc 0 Balance 6093.000000, Deposit 300.000000 
User 0, Acc 6 Balance 11646.000000, Transfer 67.000000 to Acc 5
User 4, Acc 7 Balance 65505.000000, Transfer 37.000000 to Acc 5
User 3, Acc 7 Balance 65453.000000, Transfer 37.000000 to Acc 5
User 4, Acc 7 Balance 65411.000000, Transfer 3.000000 to Acc 4
User 1, Acc 3 Balance 2959.000000, Deposit 929.000000 
User 5, Acc 0 Balance 6393.000000, Withdraw 200.000000 
User 0, Acc 4 Balance 4535.000000, Transfer 53.000000 to Acc 5
User 5, Acc 0 Balance 6193.000000, Withdraw 100.000000 
User 0, Acc 1 Balance 6335.000000, Transfer 89.000000 to Acc 8
User 5, Acc 0 Balance 6093.000000, Withdraw 50.000000 
User 0, Acc 1 Balance 6246.000000, Transfer 163.000000 to Acc 9
User 3, Acc 7 Balance 65374.000000, Transfer 3.000000 to Acc 4
User 0, Acc 1 Balance 6083.000000, Withdraw 41.000000 
User 3, Acc 7 Balance 65368.000000, Transfer 5.000000 to Acc 4
User 3, Acc 6 Balance 11610.000000, Transfer 67.000000 to Acc 5
User 4, Acc 7 Balance 65371.000000, Transfer 5.000000 to Acc 4
User 4, Acc 3 Balance 3888.000000, Deposit 929.000000 
User 4, Acc 4 Balance 4498.000000, Deposit 937.000000 
User 4, Acc 5 Balance 8992.000000, Deposit 941.000000 
User 4, Acc 4 Balance 5435.000000, Withdraw 167.000000 
User 4, Acc 5 Balance 9933.000000, Withdraw 307.000000 
User 4, Acc 1 Balance 6042.000000, Transfer 89.000000 to Acc 8
User 0, Acc 2 Balance 7547.000000, Withdraw 71.000000 
User 4, Acc 1 Balance 5953.000000, Transfer 163.000000 to Acc 9
User 0, Acc 3 Balance 4817.000000, Withdraw 127.000000 
User 1, Acc 4 Balance 4538.000000, Deposit 937.000000 
User 1, Acc 5 Balance 9626.000000, Deposit 941.000000 
User 3, Acc 4 Balance 4493.000000, Transfer 53.000000 to Acc 5
User 3, Acc 1 Balance 5790.000000, Transfer 89.000000 to Acc 8
User 3, Acc 1 Balance 5701.000000, Transfer 163.000000 to Acc 9
User 3, Acc 1 Balance 5538.000000, Withdraw 41.000000 
User 3, Acc 2 Balance 7476.000000, Withdraw 71.000000 
User 3, Acc 3 Balance 4690.000000, Withdraw 127.000000 
User 3, Acc 4 Balance 6152.000000, Withdraw 167.000000 
User 3, Acc 5 Balance 10620.000000, Withdraw 307.000000 
User 3, Acc 6 Balance 11543.000000, Withdraw 647.000000 
User 3, Acc 7 Balance 65358.000000, Withdraw 593.000000 
User 3, Acc 8 Balance 2336.000000, Withdraw 449.000000 
User 3, Acc 9 Balance 23539.000000, Withdraw 163.000000 
User 5, Acc 1 Balance 6246.000000, Transfer 200.000000 to Acc 0
Balance in 0: 6243.000000
User 5, Acc 0 Balance 6243.000000, Deposit 100.000000 
User 5, Acc 0 Balance 6343.000000, Deposit 200.000000 
User 5, Acc 0 Balance 6543.000000, Deposit 300.000000 
User 5, Acc 0 Balance 6843.000000, Withdraw 200.000000 
User 5, Acc 0 Balance 6643.000000, Withdraw 100.000000 
User 5, Acc 0 Balance 6543.000000, Withdraw 50.000000 
User 5, Acc 1 Balance 5297.000000, Transfer 200.000000 to Acc 0
Balance in 0: 6693.000000
User 5, Acc 0 Balance 6693.000000, Deposit 907.000000 
User 5, Acc 1 Balance 5097.000000, Deposit 911.000000 
User 5, Acc 2 Balance 7405.000000, Deposit 919.000000 
User 5, Acc 3 Balance 4563.000000, Transfer 29.000000 to Acc 7
User 5, Acc 7 Balance 64794.000000, Transfer 31.000000 to Acc 6
User 5, Acc 7 Balance 64763.000000, Transfer 37.000000 to Acc 5
User 5, Acc 7 Balance 64726.000000, Transfer 3.000000 to Acc 4
User 5, Acc 7 Balance 64723.000000, Transfer 5.000000 to Acc 4
User 5, Acc 3 Balance 4534.000000, Deposit 929.000000 
User 5, Acc 4 Balance 5993.000000, Deposit 937.000000 
User 3, Acc 0 Balance 6043.000000, Deposit 907.000000 
User 5, Acc 5 Balance 10350.000000, Deposit 941.000000 
User 3, Acc 1 Balance 6008.000000, Deposit 911.000000 
User 3, Acc 2 Balance 8324.000000, Deposit 919.000000 
User 2, Acc 3 Balance 2959.000000, Deposit 929.000000 
User 3, Acc 3 Balance 5463.000000, Transfer 29.000000 to Acc 7
User 3, Acc 7 Balance 64747.000000, Transfer 31.000000 to Acc 6
User 0, Acc 4 Balance 5268.000000, Withdraw 167.000000 
User 3, Acc 7 Balance 64716.000000, Transfer 37.000000 to Acc 5
User 0, Acc 5 Balance 11291.000000, Withdraw 307.000000 
User 1, Acc 4 Balance 6205.000000, Withdraw 167.000000 
User 0, Acc 6 Balance 10958.000000, Withdraw 647.000000 
User 1, Acc 5 Balance 11021.000000, Withdraw 307.000000 
User 3, Acc 7 Balance 64679.000000, Transfer 3.000000 to Acc 4
User 1, Acc 1 Balance 6919.000000, Transfer 89.000000 to Acc 8
User 3, Acc 7 Balance 64676.000000, Transfer 5.000000 to Acc 4
User 2, Acc 4 Balance 6930.000000, Deposit 937.000000 
User 3, Acc 3 Balance 6363.000000, Deposit 929.000000 
User 0, Acc 7 Balance 64679.000000, Withdraw 593.000000 
User 1, Acc 1 Balance 6830.000000, Transfer 163.000000 to Acc 9
User 0, Acc 8 Balance 1976.000000, Withdraw 449.000000 
User 5, Acc 4 Balance 6930.000000, Withdraw 167.000000 
User 5, Acc 5 Balance 10714.000000, Withdraw 307.000000 
User 3, Acc 4 Balance 7541.000000, Deposit 937.000000 
User 5, Acc 1 Balance 6667.000000, Transfer 89.000000 to Acc 8
User 3, Acc 5 Balance 10407.000000, Deposit 941.000000 
User 5, Acc 1 Balance 6578.000000, Transfer 163.000000 to Acc 9
User 1, Acc 1 Balance 6667.000000, Withdraw 41.000000 
User 5, Acc 1 Balance 6415.000000, Withdraw 41.000000 
User 4, Acc 1 Balance 5790.000000, Withdraw 41.000000 
User 0, Acc 9 Balance 23376.000000, Withdraw 163.000000 
User 4, Acc 2 Balance 9243.000000, Withdraw 71.000000 
User 4, Acc 3 Balance 7292.000000, Withdraw 127.000000 
User 1, Acc 2 Balance 9243.000000, Withdraw 71.000000 
User 4, Acc 6 Balance 10311.000000, Withdraw 647.000000 
User 4, Acc 6 Balance 9664.000000, Deposit 953.000000 
User 3, Acc 4 Balance 8311.000000, Withdraw 167.000000 
User 4, Acc 7 Balance 64078.000000, Deposit 967.000000 
User 4, Acc 1 Balance 6292.000000, Transfer 19.000000 to Acc 7
User 0, Acc 0 Balance 8507.000000, Deposit 907.000000 
User 5, Acc 2 Balance 9243.000000, Withdraw 71.000000 
User 0, Acc 1 Balance 6273.000000, Deposit 911.000000 
User 0, Acc 2 Balance 9101.000000, Deposit 919.000000 
User 5, Acc 3 Balance 7165.000000, Withdraw 127.000000 
User 3, Acc 5 Balance 11348.000000, Withdraw 307.000000 
User 5, Acc 6 Balance 10617.000000, Withdraw 647.000000 
User 3, Acc 1 Balance 7184.000000, Transfer 89.000000 to Acc 8
User 1, Acc 3 Balance 7165.000000, Withdraw 127.000000 
User 0, Acc 3 Balance 7165.000000, Transfer 29.000000 to Acc 7
User 1, Acc 6 Balance 9970.000000, Withdraw 647.000000 
User 1, Acc 6 Balance 9323.000000, Deposit 953.000000 
User 1, Acc 7 Balance 65093.000000, Deposit 967.000000 
User 3, Acc 1 Balance 7095.000000, Transfer 163.000000 to Acc 9
User 1, Acc 1 Balance 7095.000000, Transfer 19.000000 to Acc 7
User 3, Acc 1 Balance 6932.000000, Withdraw 41.000000 
User 3, Acc 2 Balance 9949.000000, Withdraw 71.000000 
User 3, Acc 3 Balance 6882.000000, Withdraw 127.000000 
User 5, Acc 6 Balance 9970.000000, Deposit 953.000000 
User 2, Acc 5 Balance 10714.000000, Deposit 941.000000 
User 5, Acc 7 Balance 66079.000000, Deposit 967.000000 
User 2, Acc 6 Balance 11229.000000, Deposit 953.000000 
User 2, Acc 7 Balance 66079.000000, Deposit 967.000000 
User 5, Acc 1 Balance 6872.000000, Transfer 19.000000 to Acc 7
User 3, Acc 6 Balance 10276.000000, Withdraw 647.000000 
User 5, Acc 2 Balance 9878.000000, Transfer 23.000000 to Acc 7
User 3, Acc 6 Balance 11535.000000, Deposit 953.000000 
User 3, Acc 7 Balance 68032.000000, Deposit 967.000000 
User 5, Acc 6 Balance 12488.000000, Transfer 67.000000 to Acc 5
User 2, Acc 1 Balance 6872.000000, Transfer 19.000000 to Acc 7
User 4, Acc 2 Balance 9101.000000, Transfer 23.000000 to Acc 7
User 1, Acc 2 Balance 9949.000000, Transfer 23.000000 to Acc 7
User 0, Acc 7 Balance 65093.000000, Transfer 31.000000 to Acc 6
User 3, Acc 1 Balance 6853.000000, Transfer 19.000000 to Acc 7
User 0, Acc 7 Balance 69056.000000, Transfer 37.000000 to Acc 5
User 0, Acc 7 Balance 69019.000000, Transfer 3.000000 to Acc 4
User 2, Acc 2 Balance 9855.000000, Transfer 23.000000 to Acc 7
User 0, Acc 7 Balance 69035.000000, Transfer 5.000000 to Acc 4
User 1, Acc 6 Balance 12421.000000, Transfer 67.000000 to Acc 5
User 0, Acc 3 Balance 6755.000000, Deposit 929.000000 
User 1, Acc 4 Balance 8152.000000, Transfer 53.000000 to Acc 5
User 4, Acc 6 Balance 12421.000000, Transfer 67.000000 to Acc 5
User 2, Acc 3 Balance 6755.000000, Transfer 29.000000 to Acc 7
User 4, Acc 4 Balance 8099.000000, Transfer 53.000000 to Acc 5
User 4, Acc 7 Balance 69053.000000, Withdraw 593.000000 
User 0, Acc 4 Balance 8152.000000, Deposit 937.000000 
User 3, Acc 2 Balance 9809.000000, Transfer 23.000000 to Acc 7
User 0, Acc 5 Balance 12326.000000, Deposit 941.000000 
User 3, Acc 6 Balance 12318.000000, Transfer 67.000000 to Acc 5
User 3, Acc 4 Balance 8983.000000, Transfer 53.000000 to Acc 5
User 2, Acc 7 Balance 69082.000000, Transfer 31.000000 to Acc 6
User 4, Acc 8 Balance 1705.000000, Withdraw 449.000000 
User 1, Acc 7 Balance 69053.000000, Withdraw 593.000000 
User 4, Acc 9 Balance 23702.000000, Withdraw 163.000000 
User 5, Acc 4 Balance 8144.000000, Transfer 53.000000 to Acc 5
User 3, Acc 7 Balance 68512.000000, Withdraw 593.000000 
User 5, Acc 7 Balance 67888.000000, Withdraw 593.000000 
User 3, Acc 8 Balance 1256.000000, Withdraw 449.000000 
User 5, Acc 8 Balance 1256.000000, Withdraw 449.000000 
User 3, Acc 9 Balance 23539.000000, Withdraw 163.000000 
User 4, Acc 0 Balance 9414.000000, Deposit 100.000000 
User 0, Acc 4 Balance 8983.000000, Withdraw 167.000000 
User 1, Acc 8 Balance 1256.000000, Withdraw 449.000000 
User 0, Acc 5 Balance 13440.000000, Withdraw 307.000000 
User 1, Acc 9 Balance 23376.000000, Withdraw 163.000000 
User 3, Acc 0 Balance 9414.000000, Deposit 100.000000 
User 1, Acc 0 Balance 9514.000000, Deposit 100.000000 
User 3, Acc 0 Balance 9614.000000, Deposit 200.000000 
User 3, Acc 0 Balance 9814.000000, Deposit 300.000000 
User 1, Acc 0 Balance 9914.000000, Deposit 200.000000 
User 0, Acc 1 Balance 6815.000000, Transfer 89.000000 to Acc 8
User 1, Acc 0 Balance 10414.000000, Deposit 300.000000 
User 1, Acc 0 Balance 10714.000000, Withdraw 200.000000 
User 0, Acc 1 Balance 6726.000000, Transfer 163.000000 to Acc 9
User 1, Acc 0 Balance 10514.000000, Withdraw 100.000000 
User 3, Acc 0 Balance 10214.000000, Withdraw 200.000000 
User 4, Acc 0 Balance 9514.000000, Deposit 200.000000 
User 5, Acc 9 Balance 23539.000000, Withdraw 163.000000 
User 2, Acc 7 Balance 68481.000000, Transfer 37.000000 to Acc 5
User 0, Acc 1 Balance 6563.000000, Withdraw 41.000000 
User 1, Acc 0 Balance 10414.000000, Withdraw 50.000000 
User 3, Acc 0 Balance 10214.000000, Withdraw 100.000000 
User 3, Acc 0 Balance 10264.000000, Withdraw 50.000000 
User 3, Acc 1 Balance 6522.000000, Transfer 200.000000 to Acc 0
Balance in 0: 10414.000000
User 0, Acc 2 Balance 9763.000000, Withdraw 71.000000 
User 0, Acc 3 Balance 7655.000000, Withdraw 127.000000 
User 0, Acc 6 Balance 12282.000000, Withdraw 647.000000 
User 1, Acc 1 Balance 6522.000000, Transfer 200.000000 to Acc 0
User 4, Acc 0 Balance 10414.000000, Deposit 300.000000 
User 2, Acc 7 Balance 66665.000000, Transfer 3.000000 to Acc 4
User 4, Acc 0 Balance 10914.000000, Withdraw 200.000000 
User 4, Acc 0 Balance 10714.000000, Withdraw 100.000000 
User 0, Acc 6 Balance 11635.000000, Deposit 953.000000 
User 2, Acc 7 Balance 66662.000000, Transfer 5.000000 to Acc 4
User 0, Acc 7 Balance 66662.000000, Deposit 967.000000 
User 4, Acc 0 Balance 10614.000000, Withdraw 50.000000 
User 0, Acc 1 Balance 6122.000000, Transfer 19.000000 to Acc 7
User 4, Acc 1 Balance 6122.000000, Transfer 200.000000 to Acc 0
User 0, Acc 2 Balance 9692.000000, Transfer 23.000000 to Acc 7
Balance in 0: 10614.000000
User 2, Acc 6 Balance 12588.000000, Transfer 67.000000 to Acc 5
Balance in 0: 10764.000000
User 0, Acc 6 Balance 12588.000000, Transfer 67.000000 to Acc 5
User 0, Acc 4 Balance 8718.000000, Transfer 53.000000 to Acc 5
User 0, Acc 7 Balance 67666.000000, Withdraw 593.000000 
[22;32mUser 0, Acc 8 Balance -2.000000, 				Withdraw 449.000000 --insufficient funds[0m
User 0, Acc 9 Balance 23213.000000, Withdraw 163.000000 
User 2, Acc 4 Balance 8718.000000, Transfer 53.000000 to Acc 5
User 2, Acc 1 Balance 5903.000000, Transfer 89.000000 to Acc 8
User 2, Acc 1 Balance 5814.000000, Transfer 163.000000 to Acc 9
User 2, Acc 1 Balance 5651.000000, Withdraw 41.000000 
User 2, Acc 2 Balance 9669.000000, Withdraw 71.000000 
User 2, Acc 3 Balance 7528.000000, Withdraw 127.000000 
User 2, Acc 4 Balance 8612.000000, Withdraw 167.000000 
User 2, Acc 5 Balance 13410.000000, Withdraw 307.000000 
User 2, Acc 6 Balance 12454.000000, Withdraw 647.000000 
User 2, Acc 7 Balance 67073.000000, Withdraw 593.000000 
[22;32mUser 2, Acc 8 Balance 87.000000, 				Withdraw 449.000000 --insufficient funds[0m
User 2, Acc 9 Balance 23213.000000, Withdraw 163.000000 
  ***     End of transaction batch    ***  
Account 0 balance after completion of transaction batch: 10764.000000
Account 1 balance after completion of transaction batch: 5610.000000
Account 2 balance after completion of transaction batch: 9598.000000
Account 3 balance after completion of transaction batch: 7401.000000
Account 4 balance after completion of transaction batch: 8445.000000
Account 5 balance after completion of transaction batch: 13103.000000
Account 6 balance after completion of transaction batch: 11807.000000
Account 7 balance after completion of transaction batch: 66480.000000
Account 8 balance after completion of transaction batch: 87.000000
Account 9 balance after completion of transaction batch: 23050.000000
