# Output generated by:
# ./my_executable 6 data/transactions7.txt data/transactions11.txt data/transactions6.txt data/transactions9.txt data/transactions8.txt data/transactions10.txt

********************************************
   Reading and parsing a transaction file   
********************************************
Parsed transaction: deposit 7 9929.000000 
Loaded deposit transaction
Parsed transaction: deposit 4 937.000000 
Loaded deposit transaction
Parsed transaction: deposit 5 941.000000 
Loaded deposit transaction
Parsed transaction: deposit 0 7.000000 
Loaded deposit transaction
Parsed transaction: deposit 3 29.000000 
Loaded deposit transaction
Parsed transaction: deposit 7 9.000000 
Loaded deposit transaction
Parsed transaction: deposit 9 129.000000 
Loaded deposit transaction
Parsed transaction: transfer 3 7 29.000000 
Loaded transfer transaction
Parsed transaction: transfer 7 6 31.000000 
Loaded transfer transaction
Parsed transaction: transfer 7 5 137.000000 
Loaded transfer transaction
Parsed transaction: transfer 7 4 3.000000 
Loaded transfer transaction
Parsed transaction: transfer 7 4 5.000000 
Loaded transfer transaction
Parsed transaction: withdraw 4 1167.000000 
Loaded withdrawal transaction
Parsed transaction: withdraw 5 1307.000000 
Loaded withdrawal transaction
Parsed transaction: transfer 1 8 89.000000 
Loaded transfer transaction
Parsed transaction: transfer 1 9 163.000000 
Loaded transfer transaction
Parsed transaction: withdraw 1 41.000000 
Loaded withdrawal transaction
Parsed transaction: withdraw 2 71.000000 
Loaded withdrawal transaction
Parsed transaction: withdraw 3 1127.000000 
Loaded withdrawal transaction
Parsed transaction: withdraw 6 647.000000 
Loaded withdrawal transaction
Parsed transaction: deposit 6 1953.000000 
Loaded deposit transaction
Parsed transaction: deposit 7 967.000000 
Loaded deposit transaction
Parsed transaction: transfer 1 7 19.000000 
Loaded transfer transaction
Parsed transaction: transfer 2 7 23.000000 
Loaded transfer transaction
Parsed transaction: transfer 6 5 1167.000000 
Loaded transfer transaction
Parsed transaction: transfer 4 5 53.000000 
Loaded transfer transaction
Parsed transaction: withdraw 7 1593.000000 
Loaded withdrawal transaction
Parsed transaction: withdraw 8 449.000000 
Loaded withdrawal transaction
Parsed transaction: withdraw 9 163.000000 
Loaded withdrawal transaction
********************************************
********************************************
   Reading and parsing a transaction file   
********************************************
Parsed transaction: deposit 9 617.000000 
Loaded deposit transaction
Parsed transaction: transfer 9 9 617.000000 
Loaded transfer transaction
Parsed transaction: deposit 8 619.000000 
Loaded deposit transaction
Parsed transaction: transfer 8 2 619.000000 
Loaded transfer transaction
Parsed transaction: deposit 7 631.000000 
Loaded deposit transaction
Parsed transaction: transfer 7 3 631.000000 
Loaded transfer transaction
Parsed transaction: deposit 6 641.000000 
Loaded deposit transaction
Parsed transaction: transfer 6 4 641.000000 
Loaded transfer transaction
Parsed transaction: deposit 5 643.000000 
Loaded deposit transaction
Parsed transaction: transfer 5 6 1200.000000 
Loaded transfer transaction
Parsed transaction: deposit 4 647.000000 
Loaded deposit transaction
Parsed transaction: transfer 4 7 1200.000000 
Loaded transfer transaction
Parsed transaction: deposit 3 653.000000 
Loaded deposit transaction
Parsed transaction: transfer 3 8 1200.000000 
Loaded transfer transaction
Parsed transaction: deposit 2 659.000000 
Loaded deposit transaction
Parsed transaction: transfer 2 9 1200.000000 
Loaded transfer transaction
Parsed transaction: deposit 1 661.000000 
Loaded deposit transaction
Parsed transaction: transfer 1 9 1200.000000 
Loaded transfer transaction
Parsed transaction: deposit 0 673.000000 
Loaded deposit transaction
Parsed transaction: transfer 0 9 1200.000000 
Loaded transfer transaction
Parsed transaction: withdraw 1 50.000000 
Loaded withdrawal transaction
Parsed transaction: withdraw 2 50.000000 
Loaded withdrawal transaction
Parsed transaction: withdraw 3 50.000000 
Loaded withdrawal transaction
Parsed transaction: withdraw 4 50.000000 
Loaded withdrawal transaction
Parsed transaction: withdraw 5 50.000000 
Loaded withdrawal transaction
Parsed transaction: withdraw 6 50.000000 
Loaded withdrawal transaction
Parsed transaction: withdraw 7 50.000000 
Loaded withdrawal transaction
Parsed transaction: withdraw 8 50.000000 
Loaded withdrawal transaction
Parsed transaction: withdraw 9 50.000000 
Loaded withdrawal transaction
Parsed transaction: withdraw 0 50.000000 
Loaded withdrawal transaction
********************************************
********************************************
   Reading and parsing a transaction file   
********************************************
Parsed transaction: deposit 0 7.000000 
Loaded deposit transaction
Parsed transaction: deposit 1 11.000000 
Loaded deposit transaction
Parsed transaction: deposit 2 9.000000 
Loaded deposit transaction
Parsed transaction: transfer 3 7 29.000000 
Loaded transfer transaction
Parsed transaction: transfer 7 6 31.000000 
Loaded transfer transaction
Parsed transaction: transfer 7 5 137.000000 
Loaded transfer transaction
Parsed transaction: transfer 7 4 3.000000 
Loaded transfer transaction
Parsed transaction: transfer 7 4 5.000000 
Loaded transfer transaction
Parsed transaction: deposit 3 929.000000 
Loaded deposit transaction
Parsed transaction: deposit 4 937.000000 
Loaded deposit transaction
Parsed transaction: deposit 5 941.000000 
Loaded deposit transaction
Parsed transaction: withdraw 4 1167.000000 
Loaded withdrawal transaction
Parsed transaction: withdraw 5 1307.000000 
Loaded withdrawal transaction
Parsed transaction: transfer 1 8 89.000000 
Loaded transfer transaction
Parsed transaction: transfer 1 9 163.000000 
Loaded transfer transaction
Parsed transaction: withdraw 1 41.000000 
Loaded withdrawal transaction
Parsed transaction: withdraw 2 71.000000 
Loaded withdrawal transaction
Parsed transaction: withdraw 3 1127.000000 
Loaded withdrawal transaction
Parsed transaction: withdraw 6 647.000000 
Loaded withdrawal transaction
Parsed transaction: deposit 6 953.000000 
Loaded deposit transaction
Parsed transaction: deposit 7 967.000000 
Loaded deposit transaction
Parsed transaction: transfer 1 7 19.000000 
Loaded transfer transaction
Parsed transaction: transfer 2 7 23.000000 
Loaded transfer transaction
Parsed transaction: transfer 6 5 1167.000000 
Loaded transfer transaction
Parsed transaction: transfer 4 5 53.000000 
Loaded transfer transaction
Parsed transaction: withdraw 7 1593.000000 
Loaded withdrawal transaction
Parsed transaction: withdraw 8 449.000000 
Loaded withdrawal transaction
Parsed transaction: withdraw 9 163.000000 
Loaded withdrawal transaction
********************************************
********************************************
   Reading and parsing a transaction file   
********************************************
Parsed transaction: deposit 9 617.000000 
Loaded deposit transaction
Parsed transaction: transfer 9 1 617.000000 
Loaded transfer transaction
Parsed transaction: deposit 8 619.000000 
Loaded deposit transaction
Parsed transaction: transfer 8 2 619.000000 
Loaded transfer transaction
Parsed transaction: deposit 7 631.000000 
Loaded deposit transaction
Parsed transaction: transfer 7 3 631.000000 
Loaded transfer transaction
Parsed transaction: deposit 6 641.000000 
Loaded deposit transaction
Parsed transaction: transfer 6 4 641.000000 
Loaded transfer transaction
Parsed transaction: deposit 5 643.000000 
Loaded deposit transaction
Parsed transaction: transfer 5 6 1200.000000 
Loaded transfer transaction
Parsed transaction: deposit 4 647.000000 
Loaded deposit transaction
Parsed transaction: transfer 4 7 1200.000000 
Loaded transfer transaction
Parsed transaction: deposit 3 653.000000 
Loaded deposit transaction
Parsed transaction: transfer 3 8 1200.000000 
Loaded transfer transaction
Parsed transaction: deposit 2 659.000000 
Loaded deposit transaction
Parsed transaction: transfer 2 9 1200.000000 
Loaded transfer transaction
Parsed transaction: deposit 1 661.000000 
Loaded deposit transaction
Parsed transaction: transfer 1 9 1200.000000 
Loaded transfer transaction
Parsed transaction: deposit 0 673.000000 
Loaded deposit transaction
Parsed transaction: transfer 0 9 1200.000000 
Loaded transfer transaction
Parsed transaction: withdraw 1 50.000000 
Loaded withdrawal transaction
Parsed transaction: withdraw 2 50.000000 
Loaded withdrawal transaction
Parsed transaction: withdraw 3 50.000000 
Loaded withdrawal transaction
Parsed transaction: withdraw 4 50.000000 
Loaded withdrawal transaction
Parsed transaction: withdraw 5 50.000000 
Loaded withdrawal transaction
Parsed transaction: withdraw 6 50.000000 
Loaded withdrawal transaction
Parsed transaction: withdraw 7 50.000000 
Loaded withdrawal transaction
Parsed transaction: withdraw 8 50.000000 
Loaded withdrawal transaction
Parsed transaction: withdraw 9 50.000000 
Loaded withdrawal transaction
Parsed transaction: withdraw 0 50.000000 
Loaded withdrawal transaction
********************************************
********************************************
   Reading and parsing a transaction file   
********************************************
Parsed transaction: deposit 9 617.000000 
Loaded deposit transaction
Parsed transaction: transfer 9 1 617.000000 
Loaded transfer transaction
Parsed transaction: deposit 8 619.000000 
Loaded deposit transaction
Parsed transaction: transfer 8 2 619.000000 
Loaded transfer transaction
Parsed transaction: deposit 7 631.000000 
Loaded deposit transaction
Parsed transaction: transfer 7 3 631.000000 
Loaded transfer transaction
Parsed transaction: deposit 6 641.000000 
Loaded deposit transaction
Parsed transaction: transfer 6 4 641.000000 
Loaded transfer transaction
Parsed transaction: deposit 5 643.000000 
Loaded deposit transaction
Parsed transaction: transfer 5 6 1200.000000 
Loaded transfer transaction
Parsed transaction: deposit 4 647.000000 
Loaded deposit transaction
Parsed transaction: transfer 4 7 1200.000000 
Loaded transfer transaction
Parsed transaction: deposit 3 653.000000 
Loaded deposit transaction
Parsed transaction: transfer 3 8 1200.000000 
Loaded transfer transaction
Parsed transaction: deposit 2 659.000000 
Loaded deposit transaction
Parsed transaction: transfer 2 9 1200.000000 
Loaded transfer transaction
Parsed transaction: deposit 1 661.000000 
Loaded deposit transaction
Parsed transaction: transfer 1 9 1200.000000 
Loaded transfer transaction
Parsed transaction: deposit 0 673.000000 
Loaded deposit transaction
Parsed transaction: transfer 0 9 1200.000000 
Loaded transfer transaction
********************************************
********************************************
   Reading and parsing a transaction file   
********************************************
Parsed transaction: withdraw 1 500.000000 
Loaded withdrawal transaction
Parsed transaction: withdraw 2 500.000000 
Loaded withdrawal transaction
Parsed transaction: withdraw 3 500.000000 
Loaded withdrawal transaction
Parsed transaction: withdraw 4 500.000000 
Loaded withdrawal transaction
Parsed transaction: withdraw 5 500.000000 
Loaded withdrawal transaction
Parsed transaction: withdraw 6 500.000000 
Loaded withdrawal transaction
Parsed transaction: withdraw 7 500.000000 
Loaded withdrawal transaction
Parsed transaction: withdraw 8 500.000000 
Loaded withdrawal transaction
Parsed transaction: withdraw 9 500.000000 
Loaded withdrawal transaction
Parsed transaction: withdraw 0 500.000000 
Loaded withdrawal transaction
Parsed transaction: withdraw 1 500.000000 
Loaded withdrawal transaction
Parsed transaction: withdraw 2 500.000000 
Loaded withdrawal transaction
Parsed transaction: withdraw 3 500.000000 
Loaded withdrawal transaction
Parsed transaction: withdraw 4 500.000000 
Loaded withdrawal transaction
Parsed transaction: withdraw 5 500.000000 
Loaded withdrawal transaction
Parsed transaction: withdraw 6 500.000000 
Loaded withdrawal transaction
Parsed transaction: withdraw 7 500.000000 
Loaded withdrawal transaction
Parsed transaction: withdraw 8 500.000000 
Loaded withdrawal transaction
Parsed transaction: withdraw 9 500.000000 
Loaded withdrawal transaction
Parsed transaction: withdraw 0 500.000000 
Loaded withdrawal transaction
Parsed transaction: withdraw 1 500.000000 
Loaded withdrawal transaction
Parsed transaction: withdraw 2 500.000000 
Loaded withdrawal transaction
Parsed transaction: withdraw 3 500.000000 
Loaded withdrawal transaction
Parsed transaction: withdraw 4 500.000000 
Loaded withdrawal transaction
Parsed transaction: withdraw 5 500.000000 
Loaded withdrawal transaction
Parsed transaction: withdraw 6 500.000000 
Loaded withdrawal transaction
Parsed transaction: withdraw 7 500.000000 
Loaded withdrawal transaction
Parsed transaction: withdraw 8 500.000000 
Loaded withdrawal transaction
Parsed transaction: withdraw 9 500.000000 
Loaded withdrawal transaction
Parsed transaction: withdraw 0 500.000000 
Loaded withdrawal transaction
********************************************
  ***    Start of transaction batch    ***  
User 0, Acc 7 Balance 0.000000, Deposit 9929.000000 
User 0, Acc 4 Balance 0.000000, Deposit 937.000000 
User 0, Acc 5 Balance 0.000000, Deposit 941.000000 
User 0, Acc 0 Balance 0.000000, Deposit 7.000000 
User 0, Acc 3 Balance 0.000000, Deposit 29.000000 
User 0, Acc 7 Balance 9929.000000, Deposit 9.000000 
User 0, Acc 9 Balance 0.000000, Deposit 129.000000 
User 0, Acc 3 Balance 29.000000, Transfer 29.000000 to Acc 7
User 0, Acc 7 Balance 9967.000000, Transfer 31.000000 to Acc 6
User 0, Acc 7 Balance 9936.000000, Transfer 137.000000 to Acc 5
User 0, Acc 7 Balance 9799.000000, Transfer 3.000000 to Acc 4
User 0, Acc 7 Balance 9796.000000, Transfer 5.000000 to Acc 4
[22;32mUser 0, Acc 4 Balance 945.000000, 				Withdraw 1167.000000 --insufficient funds[0m
[22;32mUser 0, Acc 5 Balance 1078.000000, 				Withdraw 1307.000000 --insufficient funds[0m
[22;32mUser 0, Acc 1 Balance 0.000000, 				Withdraw 41.000000 --insufficient funds[0m
[22;32mUser 0, Acc 2 Balance 0.000000, 				Withdraw 71.000000 --insufficient funds[0m
[22;32mUser 0, Acc 3 Balance 0.000000, 				Withdraw 1127.000000 --insufficient funds[0m
[22;32mUser 0, Acc 6 Balance 31.000000, 				Withdraw 647.000000 --insufficient funds[0m
User 0, Acc 6 Balance 31.000000, Deposit 1953.000000 
User 0, Acc 7 Balance 9791.000000, Deposit 967.000000 
User 0, Acc 6 Balance 1984.000000, Transfer 1167.000000 to Acc 5
User 0, Acc 4 Balance 945.000000, Transfer 53.000000 to Acc 5
User 0, Acc 7 Balance 10758.000000, Withdraw 1593.000000 
[22;32mUser 0, Acc 8 Balance 0.000000, 				Withdraw 449.000000 --insufficient funds[0m
[22;32mUser 0, Acc 9 Balance 129.000000, 				Withdraw 163.000000 --insufficient funds[0m
User 0, Acc 9 Balance 129.000000, Deposit 617.000000 
User 0, Acc 9 Balance 746.000000, Transfer 617.000000 to Acc 9
User 0, Acc 8 Balance 0.000000, Deposit 619.000000 
User 0, Acc 8 Balance 619.000000, Transfer 619.000000 to Acc 2
User 0, Acc 7 Balance 9165.000000, Deposit 631.000000 
User 0, Acc 7 Balance 9796.000000, Transfer 631.000000 to Acc 3
User 0, Acc 6 Balance 817.000000, Deposit 641.000000 
User 0, Acc 6 Balance 1458.000000, Transfer 641.000000 to Acc 4
User 0, Acc 5 Balance 2298.000000, Deposit 643.000000 
User 2, Acc 9 Balance 746.000000, Deposit 617.000000 
User 5, Acc 0 Balance 7.000000, Deposit 7.000000 
User 5, Acc 1 Balance 0.000000, Deposit 11.000000 
User 1, Acc 9 Balance 746.000000, Deposit 617.000000 
[22;32mUser 4, Acc 1 Balance 0.000000, 				Withdraw 500.000000 --insufficient funds[0m
User 1, Acc 9 Balance 1980.000000, Transfer 617.000000 to Acc 1
User 4, Acc 2 Balance 619.000000, Withdraw 500.000000 
User 2, Acc 9 Balance 1363.000000, Transfer 617.000000 to Acc 1
User 0, Acc 5 Balance 2941.000000, Transfer 1200.000000 to Acc 6
User 2, Acc 8 Balance 0.000000, Deposit 619.000000 
User 2, Acc 8 Balance 619.000000, Transfer 619.000000 to Acc 2
User 0, Acc 4 Balance 1533.000000, Deposit 647.000000 
User 4, Acc 3 Balance 631.000000, Withdraw 500.000000 
User 0, Acc 4 Balance 2180.000000, Transfer 1200.000000 to Acc 7
User 0, Acc 3 Balance 631.000000, Deposit 653.000000 
User 5, Acc 2 Balance 619.000000, Deposit 9.000000 
User 3, Acc 7 Balance 9165.000000, Deposit 9929.000000 
User 3, Acc 4 Balance 980.000000, Deposit 937.000000 
User 4, Acc 4 Balance 980.000000, Withdraw 500.000000 
User 4, Acc 5 Balance 1741.000000, Withdraw 500.000000 
User 0, Acc 2 Balance 738.000000, Deposit 659.000000 
User 0, Acc 2 Balance 1406.000000, Transfer 1200.000000 to Acc 9
User 5, Acc 3 Balance 784.000000, Transfer 29.000000 to Acc 7
User 0, Acc 1 Balance 1245.000000, Deposit 661.000000 
User 5, Acc 7 Balance 20323.000000, Transfer 31.000000 to Acc 6
User 5, Acc 7 Balance 20292.000000, Transfer 137.000000 to Acc 5
User 1, Acc 8 Balance 0.000000, Deposit 619.000000 
User 4, Acc 6 Balance 2017.000000, Withdraw 500.000000 
User 1, Acc 8 Balance 619.000000, Transfer 619.000000 to Acc 2
User 4, Acc 7 Balance 20155.000000, Withdraw 500.000000 
User 1, Acc 7 Balance 20155.000000, Deposit 631.000000 
User 1, Acc 7 Balance 20786.000000, Transfer 631.000000 to Acc 3
User 5, Acc 7 Balance 20155.000000, Transfer 3.000000 to Acc 4
User 1, Acc 6 Balance 1548.000000, Deposit 641.000000 
User 2, Acc 7 Balance 9165.000000, Deposit 631.000000 
User 1, Acc 6 Balance 2189.000000, Transfer 641.000000 to Acc 4
User 3, Acc 5 Balance 1741.000000, Deposit 941.000000 
[22;32mUser 4, Acc 8 Balance 0.000000, 				Withdraw 500.000000 --insufficient funds[0m
User 0, Acc 1 Balance 1906.000000, Transfer 1200.000000 to Acc 9
User 2, Acc 7 Balance 20283.000000, Transfer 631.000000 to Acc 3
User 0, Acc 0 Balance 14.000000, Deposit 673.000000 
User 0, Acc 1 Balance 706.000000, Withdraw 50.000000 
User 5, Acc 7 Balance 19652.000000, Transfer 5.000000 to Acc 4
User 3, Acc 0 Balance 14.000000, Deposit 7.000000 
User 4, Acc 9 Balance 1946.000000, Withdraw 500.000000 
User 3, Acc 3 Balance 2017.000000, Deposit 29.000000 
User 3, Acc 7 Balance 19647.000000, Deposit 9.000000 
User 1, Acc 5 Balance 1378.000000, Deposit 643.000000 
User 0, Acc 2 Balance 825.000000, Withdraw 50.000000 
User 5, Acc 3 Balance 2017.000000, Deposit 929.000000 
User 0, Acc 3 Balance 2046.000000, Withdraw 50.000000 
User 0, Acc 4 Balance 2066.000000, Withdraw 50.000000 
User 2, Acc 6 Balance 1548.000000, Deposit 641.000000 
User 3, Acc 9 Balance 2646.000000, Deposit 129.000000 
User 1, Acc 5 Balance 2962.000000, Transfer 1200.000000 to Acc 6
User 3, Acc 3 Balance 2925.000000, Transfer 29.000000 to Acc 7
User 4, Acc 0 Balance 694.000000, Withdraw 500.000000 
User 5, Acc 4 Balance 2066.000000, Deposit 937.000000 
User 4, Acc 1 Balance 656.000000, Withdraw 500.000000 
User 1, Acc 4 Balance 2016.000000, Deposit 647.000000 
User 3, Acc 7 Balance 19685.000000, Transfer 31.000000 to Acc 6
User 1, Acc 4 Balance 3600.000000, Transfer 1200.000000 to Acc 7
User 1, Acc 3 Balance 2896.000000, Deposit 653.000000 
User 3, Acc 7 Balance 20854.000000, Transfer 137.000000 to Acc 5
User 2, Acc 6 Balance 2189.000000, Transfer 641.000000 to Acc 4
User 3, Acc 7 Balance 20717.000000, Transfer 3.000000 to Acc 4
User 3, Acc 7 Balance 20714.000000, Transfer 5.000000 to Acc 4
User 0, Acc 5 Balance 2962.000000, Withdraw 50.000000 
User 5, Acc 5 Balance 1762.000000, Deposit 941.000000 
User 0, Acc 6 Balance 2779.000000, Withdraw 50.000000 
User 5, Acc 4 Balance 3049.000000, Withdraw 1167.000000 
User 4, Acc 2 Balance 775.000000, Withdraw 500.000000 
User 3, Acc 4 Balance 3049.000000, Withdraw 1167.000000 
User 1, Acc 3 Balance 3549.000000, Transfer 1200.000000 to Acc 8
User 0, Acc 7 Balance 20709.000000, Withdraw 50.000000 
User 5, Acc 5 Balance 2790.000000, Withdraw 1307.000000 
User 0, Acc 8 Balance 1200.000000, Withdraw 50.000000 
User 0, Acc 9 Balance 2775.000000, Withdraw 50.000000 
User 5, Acc 1 Balance 156.000000, Transfer 89.000000 to Acc 8
User 0, Acc 0 Balance 194.000000, Withdraw 50.000000 
User 5, Acc 1 Balance 67.000000, Withdraw 41.000000 
User 0, Acc 7 Balance 20659.000000, Deposit 9929.000000 
User 4, Acc 3 Balance 3549.000000, Withdraw 500.000000 
User 0, Acc 4 Balance 715.000000, Deposit 937.000000 
User 4, Acc 4 Balance 715.000000, Withdraw 500.000000 
User 0, Acc 5 Balance 1483.000000, Deposit 941.000000 
User 4, Acc 5 Balance 1483.000000, Withdraw 500.000000 
User 0, Acc 0 Balance 144.000000, Deposit 7.000000 
User 4, Acc 6 Balance 2729.000000, Withdraw 500.000000 
User 4, Acc 7 Balance 30588.000000, Withdraw 500.000000 
User 2, Acc 5 Balance 1899.000000, Deposit 643.000000 
User 4, Acc 8 Balance 1239.000000, Withdraw 500.000000 
User 2, Acc 5 Balance 2567.000000, Transfer 1200.000000 to Acc 6
User 2, Acc 4 Balance 1152.000000, Deposit 647.000000 
User 1, Acc 2 Balance 275.000000, Deposit 659.000000 
User 5, Acc 2 Balance 275.000000, Withdraw 71.000000 
User 1, Acc 1 Balance 26.000000, Deposit 661.000000 
User 4, Acc 9 Balance 2725.000000, Withdraw 500.000000 
User 0, Acc 3 Balance 1849.000000, Deposit 29.000000 
[22;32mUser 4, Acc 0 Balance 151.000000, 				Withdraw 500.000000 --insufficient funds[0m
User 0, Acc 7 Balance 30088.000000, Deposit 9.000000 
User 5, Acc 3 Balance 1849.000000, Withdraw 1127.000000 
User 0, Acc 9 Balance 2225.000000, Deposit 129.000000 
User 5, Acc 6 Balance 3429.000000, Withdraw 647.000000 
User 0, Acc 3 Balance 751.000000, Transfer 29.000000 to Acc 7
User 3, Acc 5 Balance 2790.000000, Withdraw 1307.000000 
User 0, Acc 7 Balance 30126.000000, Transfer 31.000000 to Acc 6
User 3, Acc 1 Balance 687.000000, Transfer 89.000000 to Acc 8
User 0, Acc 7 Balance 30095.000000, Transfer 137.000000 to Acc 5
User 3, Acc 1 Balance 598.000000, Transfer 163.000000 to Acc 9
User 0, Acc 7 Balance 29958.000000, Transfer 3.000000 to Acc 4
User 0, Acc 7 Balance 29955.000000, Transfer 5.000000 to Acc 4
User 2, Acc 4 Balance 1799.000000, Transfer 1200.000000 to Acc 7
User 0, Acc 4 Balance 1807.000000, Withdraw 1167.000000 
User 4, Acc 1 Balance 687.000000, Withdraw 500.000000 
User 1, Acc 0 Balance 151.000000, Deposit 673.000000 
User 3, Acc 1 Balance 435.000000, Withdraw 41.000000 
User 1, Acc 9 Balance 2517.000000, Deposit 617.000000 
User 2, Acc 3 Balance 722.000000, Deposit 653.000000 
User 1, Acc 9 Balance 3134.000000, Transfer 617.000000 to Acc 9
User 2, Acc 3 Balance 1375.000000, Transfer 1200.000000 to Acc 8
User 2, Acc 2 Balance 863.000000, Deposit 659.000000 
User 4, Acc 2 Balance 863.000000, Withdraw 500.000000 
[22;32mUser 4, Acc 3 Balance 175.000000, 				Withdraw 500.000000 --insufficient funds[0m
User 3, Acc 2 Balance 863.000000, Withdraw 71.000000 
[22;32mUser 4, Acc 4 Balance -560.000000, 				Withdraw 500.000000 --insufficient funds[0m
[22;32mUser 4, Acc 5 Balance 197.000000, 				Withdraw 500.000000 --insufficient funds[0m
User 4, Acc 6 Balance 2813.000000, Withdraw 500.000000 
User 2, Acc 2 Balance 1522.000000, Transfer 1200.000000 to Acc 9
User 4, Acc 7 Balance 31150.000000, Withdraw 500.000000 
User 5, Acc 6 Balance 2782.000000, Deposit 953.000000 
User 4, Acc 8 Balance 2028.000000, Withdraw 500.000000 
User 5, Acc 7 Balance 30650.000000, Deposit 967.000000 
User 4, Acc 9 Balance 4334.000000, Withdraw 500.000000 
User 2, Acc 1 Balance -106.000000, Deposit 661.000000 
User 4, Acc 0 Balance 824.000000, Withdraw 500.000000 
User 2, Acc 0 Balance 824.000000, Deposit 673.000000 
[22;32mUser 3, Acc 3 Balance 175.000000, 				Withdraw 1127.000000 --insufficient funds[0m
User 1, Acc 8 Balance 2028.000000, Deposit 619.000000 
[22;32mUser 0, Acc 5 Balance 197.000000, 				Withdraw 1307.000000 --insufficient funds[0m
User 4, Acc 7 Balance 31617.000000, Deposit 9929.000000 
User 2, Acc 1 Balance 555.000000, Withdraw 50.000000 
User 5, Acc 6 Balance 3266.000000, Transfer 1167.000000 to Acc 5
[22;32mUser 2, Acc 2 Balance -249.000000, 				Withdraw 50.000000 --insufficient funds[0m
User 2, Acc 3 Balance 175.000000, Withdraw 50.000000 
User 1, Acc 8 Balance 2147.000000, Transfer 619.000000 to Acc 2
User 0, Acc 1 Balance 555.000000, Transfer 89.000000 to Acc 8
User 4, Acc 4 Balance -560.000000, Deposit 937.000000 
User 3, Acc 6 Balance 3266.000000, Withdraw 647.000000 
User 5, Acc 7 Balance 41546.000000, Withdraw 1593.000000 
User 3, Acc 6 Balance 1452.000000, Deposit 1953.000000 
User 5, Acc 8 Balance 1617.000000, Withdraw 449.000000 
User 5, Acc 9 Balance 3834.000000, Withdraw 163.000000 
User 0, Acc 1 Balance 416.000000, Transfer 163.000000 to Acc 9
User 4, Acc 5 Balance 1364.000000, Deposit 941.000000 
User 0, Acc 1 Balance 253.000000, Withdraw 41.000000 
User 0, Acc 2 Balance 370.000000, Withdraw 71.000000 
User 3, Acc 7 Balance 39953.000000, Deposit 967.000000 
User 5, Acc 7 Balance 39953.000000, Deposit 9929.000000 
User 3, Acc 1 Balance 212.000000, Transfer 19.000000 to Acc 7
User 5, Acc 4 Balance 377.000000, Deposit 937.000000 
User 5, Acc 5 Balance 2305.000000, Deposit 941.000000 
User 3, Acc 2 Balance 299.000000, Transfer 23.000000 to Acc 7
User 1, Acc 7 Balance 41546.000000, Deposit 631.000000 
[22;32mUser 0, Acc 3 Balance 125.000000, 				Withdraw 1127.000000 --insufficient funds[0m
User 4, Acc 0 Balance 997.000000, Deposit 7.000000 
User 0, Acc 6 Balance 3405.000000, Withdraw 647.000000 
User 4, Acc 3 Balance 125.000000, Deposit 29.000000 
User 4, Acc 7 Balance 51522.000000, Deposit 9.000000 
User 0, Acc 6 Balance 2758.000000, Deposit 1953.000000 
User 0, Acc 7 Balance 51531.000000, Deposit 967.000000 
User 1, Acc 7 Balance 51522.000000, Transfer 631.000000 to Acc 3
User 5, Acc 0 Balance 997.000000, Deposit 7.000000 
User 1, Acc 6 Balance 4711.000000, Deposit 641.000000 
User 5, Acc 3 Balance 785.000000, Deposit 29.000000 
User 4, Acc 9 Balance 3834.000000, Deposit 129.000000 
User 4, Acc 3 Balance 814.000000, Transfer 29.000000 to Acc 7
User 4, Acc 7 Balance 51896.000000, Transfer 31.000000 to Acc 6
User 4, Acc 7 Balance 51865.000000, Transfer 137.000000 to Acc 5
User 4, Acc 7 Balance 51728.000000, Transfer 3.000000 to Acc 4
User 4, Acc 7 Balance 51725.000000, Transfer 5.000000 to Acc 4
User 4, Acc 4 Balance 1322.000000, Withdraw 1167.000000 
User 4, Acc 5 Balance 3383.000000, Withdraw 1307.000000 
User 4, Acc 1 Balance 193.000000, Transfer 89.000000 to Acc 8
User 4, Acc 1 Balance 104.000000, Withdraw 41.000000 
User 4, Acc 2 Balance 276.000000, Withdraw 71.000000 
User 1, Acc 6 Balance 5352.000000, Transfer 641.000000 to Acc 4
[22;32mUser 4, Acc 3 Balance 785.000000, 				Withdraw 1127.000000 --insufficient funds[0m
User 1, Acc 5 Balance 2076.000000, Deposit 643.000000 
User 4, Acc 6 Balance 4742.000000, Withdraw 647.000000 
User 1, Acc 5 Balance 2719.000000, Transfer 1200.000000 to Acc 6
User 3, Acc 6 Balance 3405.000000, Transfer 1167.000000 to Acc 5
User 1, Acc 4 Balance 796.000000, Deposit 647.000000 
User 0, Acc 1 Balance 193.000000, Transfer 19.000000 to Acc 7
User 4, Acc 6 Balance 4095.000000, Deposit 1953.000000 
User 5, Acc 7 Balance 51867.000000, Deposit 9.000000 
User 4, Acc 7 Balance 51739.000000, Deposit 967.000000 
User 5, Acc 9 Balance 3963.000000, Deposit 129.000000 
User 4, Acc 1 Balance 44.000000, Transfer 19.000000 to Acc 7
User 1, Acc 4 Balance 1443.000000, Transfer 1200.000000 to Acc 7
User 4, Acc 2 Balance 205.000000, Transfer 23.000000 to Acc 7
User 1, Acc 3 Balance 785.000000, Deposit 653.000000 
User 4, Acc 6 Balance 6081.000000, Transfer 1167.000000 to Acc 5
User 1, Acc 3 Balance 1438.000000, Transfer 1200.000000 to Acc 8
User 4, Acc 4 Balance 243.000000, Transfer 53.000000 to Acc 5
User 1, Acc 2 Balance 182.000000, Deposit 659.000000 
User 4, Acc 7 Balance 53957.000000, Withdraw 1593.000000 
User 1, Acc 1 Balance 25.000000, Deposit 661.000000 
User 4, Acc 8 Balance 2457.000000, Withdraw 449.000000 
User 1, Acc 0 Balance 1011.000000, Deposit 673.000000 
User 4, Acc 9 Balance 4092.000000, Withdraw 163.000000 
User 1, Acc 0 Balance 1684.000000, Transfer 1200.000000 to Acc 9
User 4, Acc 0 Balance 1684.000000, Deposit 7.000000 
User 1, Acc 1 Balance 686.000000, Withdraw 50.000000 
User 4, Acc 1 Balance 686.000000, Deposit 11.000000 
User 1, Acc 2 Balance 841.000000, Withdraw 50.000000 
User 0, Acc 2 Balance 205.000000, Transfer 23.000000 to Acc 7
[22;32mUser 2, Acc 4 Balance -560.000000, 				Withdraw 50.000000 --insufficient funds[0m
User 3, Acc 4 Balance 796.000000, Transfer 53.000000 to Acc 5
User 4, Acc 2 Balance 841.000000, Deposit 9.000000 
User 3, Acc 7 Balance 52387.000000, Withdraw 1593.000000 
User 3, Acc 8 Balance 2008.000000, Withdraw 449.000000 
User 0, Acc 6 Balance 4914.000000, Transfer 1167.000000 to Acc 5
User 3, Acc 9 Balance 5129.000000, Withdraw 163.000000 
User 0, Acc 4 Balance 137.000000, Transfer 53.000000 to Acc 5
User 0, Acc 7 Balance 50794.000000, Withdraw 1593.000000 
User 0, Acc 8 Balance 1559.000000, Withdraw 449.000000 
User 0, Acc 9 Balance 4966.000000, Withdraw 163.000000 
User 0, Acc 9 Balance 4803.000000, Deposit 617.000000 
User 2, Acc 5 Balance 3906.000000, Withdraw 50.000000 
User 0, Acc 9 Balance 5420.000000, Transfer 617.000000 to Acc 1
User 4, Acc 3 Balance 238.000000, Transfer 29.000000 to Acc 7
User 0, Acc 8 Balance 1110.000000, Deposit 619.000000 
User 0, Acc 8 Balance 1729.000000, Transfer 619.000000 to Acc 2
User 5, Acc 3 Balance 785.000000, Transfer 29.000000 to Acc 7
User 0, Acc 7 Balance 49230.000000, Deposit 631.000000 
User 2, Acc 6 Balance 3747.000000, Withdraw 50.000000 
User 3, Acc 9 Balance 4966.000000, Deposit 617.000000 
User 4, Acc 7 Balance 49230.000000, Transfer 31.000000 to Acc 6
User 3, Acc 9 Balance 5420.000000, Transfer 617.000000 to Acc 9
User 1, Acc 3 Balance 238.000000, Withdraw 50.000000 
User 3, Acc 8 Balance 1110.000000, Deposit 619.000000 
User 1, Acc 4 Balance 84.000000, Withdraw 50.000000 
User 2, Acc 7 Balance 49890.000000, Withdraw 50.000000 
User 1, Acc 5 Balance 5129.000000, Withdraw 50.000000 
User 0, Acc 7 Balance 49861.000000, Transfer 631.000000 to Acc 3
User 1, Acc 6 Balance 3728.000000, Withdraw 50.000000 
User 1, Acc 7 Balance 49809.000000, Withdraw 50.000000 
User 0, Acc 6 Balance 3678.000000, Deposit 641.000000 
User 1, Acc 8 Balance 1729.000000, Withdraw 50.000000 
User 2, Acc 8 Balance 1729.000000, Withdraw 50.000000 
User 1, Acc 9 Balance 5420.000000, Withdraw 50.000000 
User 2, Acc 9 Balance 5420.000000, Withdraw 50.000000 
User 1, Acc 0 Balance 491.000000, Withdraw 50.000000 
User 0, Acc 6 Balance 4319.000000, Transfer 641.000000 to Acc 4
User 1, Acc 9 Balance 5320.000000, Deposit 617.000000 
User 3, Acc 8 Balance 1729.000000, Transfer 619.000000 to Acc 2
User 3, Acc 7 Balance 49128.000000, Deposit 631.000000 
User 4, Acc 7 Balance 49859.000000, Transfer 137.000000 to Acc 5
User 3, Acc 7 Balance 49759.000000, Transfer 631.000000 to Acc 3
User 4, Acc 7 Balance 49622.000000, Transfer 3.000000 to Acc 4
User 0, Acc 5 Balance 5079.000000, Deposit 643.000000 
User 2, Acc 0 Balance 491.000000, Withdraw 50.000000 
User 0, Acc 5 Balance 5859.000000, Transfer 1200.000000 to Acc 6
User 5, Acc 7 Balance 49890.000000, Transfer 31.000000 to Acc 6
User 1, Acc 9 Balance 5937.000000, Transfer 617.000000 to Acc 9
User 4, Acc 7 Balance 48988.000000, Transfer 5.000000 to Acc 4
User 2, Acc 0 Balance 391.000000, Deposit 7.000000 
User 4, Acc 3 Balance 1392.000000, Deposit 929.000000 
User 2, Acc 1 Balance 1264.000000, Deposit 11.000000 
User 0, Acc 4 Balance 678.000000, Deposit 647.000000 
User 5, Acc 7 Balance 48957.000000, Transfer 137.000000 to Acc 5
User 0, Acc 4 Balance 1330.000000, Transfer 1200.000000 to Acc 7
User 4, Acc 4 Balance 683.000000, Deposit 937.000000 
User 0, Acc 3 Balance 2321.000000, Deposit 653.000000 
User 2, Acc 2 Balance 2015.000000, Deposit 9.000000 
User 0, Acc 3 Balance 2974.000000, Transfer 1200.000000 to Acc 8
User 5, Acc 7 Balance 48815.000000, Transfer 3.000000 to Acc 4
User 0, Acc 2 Balance 2024.000000, Deposit 659.000000 
User 5, Acc 7 Balance 50012.000000, Transfer 5.000000 to Acc 4
[22;32mUser 5, Acc 4 Balance 1075.000000, 				Withdraw 1167.000000 --insufficient funds[0m
User 3, Acc 6 Balance 3678.000000, Deposit 641.000000 
User 2, Acc 3 Balance 2974.000000, Transfer 29.000000 to Acc 7
User 3, Acc 6 Balance 5550.000000, Transfer 641.000000 to Acc 4
User 2, Acc 7 Balance 50036.000000, Transfer 31.000000 to Acc 6
User 0, Acc 2 Balance 2683.000000, Transfer 1200.000000 to Acc 9
User 0, Acc 1 Balance 1275.000000, Deposit 661.000000 
User 4, Acc 5 Balance 4796.000000, Deposit 941.000000 
User 3, Acc 5 Balance 4796.000000, Deposit 643.000000 
User 3, Acc 5 Balance 6380.000000, Transfer 1200.000000 to Acc 6
User 3, Acc 4 Balance 1716.000000, Deposit 647.000000 
User 3, Acc 4 Balance 2363.000000, Transfer 1200.000000 to Acc 7
User 3, Acc 3 Balance 1745.000000, Deposit 653.000000 
User 3, Acc 3 Balance 2398.000000, Transfer 1200.000000 to Acc 8
User 0, Acc 1 Balance 1936.000000, Transfer 1200.000000 to Acc 9
User 0, Acc 0 Balance 398.000000, Deposit 673.000000 
User 2, Acc 7 Balance 50005.000000, Transfer 137.000000 to Acc 5
User 2, Acc 7 Balance 51068.000000, Transfer 3.000000 to Acc 4
User 2, Acc 7 Balance 51065.000000, Transfer 5.000000 to Acc 4
User 2, Acc 3 Balance 1198.000000, Deposit 929.000000 
User 2, Acc 4 Balance 1171.000000, Deposit 937.000000 
User 2, Acc 5 Balance 5317.000000, Deposit 941.000000 
User 2, Acc 4 Balance 2108.000000, Withdraw 1167.000000 
User 2, Acc 5 Balance 6258.000000, Withdraw 1307.000000 
User 2, Acc 1 Balance 736.000000, Transfer 89.000000 to Acc 8
User 2, Acc 1 Balance 647.000000, Transfer 163.000000 to Acc 9
User 2, Acc 1 Balance 484.000000, Withdraw 41.000000 
User 2, Acc 2 Balance 1483.000000, Withdraw 71.000000 
User 2, Acc 3 Balance 2127.000000, Withdraw 1127.000000 
User 2, Acc 6 Balance 6140.000000, Withdraw 647.000000 
User 2, Acc 6 Balance 5493.000000, Deposit 953.000000 
User 2, Acc 7 Balance 51060.000000, Deposit 967.000000 
User 2, Acc 1 Balance 443.000000, Transfer 19.000000 to Acc 7
User 2, Acc 2 Balance 1412.000000, Transfer 23.000000 to Acc 7
User 2, Acc 6 Balance 6446.000000, Transfer 1167.000000 to Acc 5
User 2, Acc 4 Balance 941.000000, Transfer 53.000000 to Acc 5
User 2, Acc 7 Balance 52069.000000, Withdraw 1593.000000 
User 2, Acc 8 Balance 3499.000000, Withdraw 449.000000 
User 2, Acc 9 Balance 8500.000000, Withdraw 163.000000 
User 2, Acc 7 Balance 50476.000000, Deposit 9929.000000 
User 2, Acc 4 Balance 888.000000, Deposit 937.000000 
User 2, Acc 5 Balance 6171.000000, Deposit 941.000000 
User 2, Acc 0 Balance 1071.000000, Deposit 7.000000 
User 2, Acc 3 Balance 1000.000000, Deposit 29.000000 
User 2, Acc 7 Balance 60405.000000, Deposit 9.000000 
User 2, Acc 9 Balance 8337.000000, Deposit 129.000000 
User 2, Acc 3 Balance 1029.000000, Transfer 29.000000 to Acc 7
User 2, Acc 7 Balance 60443.000000, Transfer 31.000000 to Acc 6
User 2, Acc 7 Balance 60412.000000, Transfer 137.000000 to Acc 5
User 2, Acc 7 Balance 60275.000000, Transfer 3.000000 to Acc 4
User 2, Acc 7 Balance 60272.000000, Transfer 5.000000 to Acc 4
User 2, Acc 4 Balance 1833.000000, Withdraw 1167.000000 
User 2, Acc 5 Balance 7249.000000, Withdraw 1307.000000 
User 2, Acc 1 Balance 424.000000, Transfer 89.000000 to Acc 8
User 2, Acc 1 Balance 335.000000, Transfer 163.000000 to Acc 9
User 2, Acc 1 Balance 172.000000, Withdraw 41.000000 
User 2, Acc 2 Balance 1389.000000, Withdraw 71.000000 
[22;32mUser 2, Acc 3 Balance 1000.000000, 				Withdraw 1127.000000 --insufficient funds[0m
User 2, Acc 6 Balance 5310.000000, Withdraw 647.000000 
User 2, Acc 6 Balance 4663.000000, Deposit 1953.000000 
User 2, Acc 7 Balance 60267.000000, Deposit 967.000000 
User 2, Acc 1 Balance 131.000000, Transfer 19.000000 to Acc 7
User 2, Acc 2 Balance 1318.000000, Transfer 23.000000 to Acc 7
User 2, Acc 6 Balance 6616.000000, Transfer 1167.000000 to Acc 5
User 2, Acc 4 Balance 666.000000, Transfer 53.000000 to Acc 5
User 2, Acc 7 Balance 61276.000000, Withdraw 1593.000000 
User 2, Acc 8 Balance 3139.000000, Withdraw 449.000000 
User 2, Acc 9 Balance 8629.000000, Withdraw 163.000000 
User 2, Acc 9 Balance 8466.000000, Deposit 617.000000 
User 2, Acc 9 Balance 9083.000000, Transfer 617.000000 to Acc 9
User 2, Acc 8 Balance 2690.000000, Deposit 619.000000 
User 2, Acc 8 Balance 3309.000000, Transfer 619.000000 to Acc 2
User 2, Acc 7 Balance 59683.000000, Deposit 631.000000 
User 2, Acc 7 Balance 60314.000000, Transfer 631.000000 to Acc 3
User 2, Acc 6 Balance 5449.000000, Deposit 641.000000 
User 2, Acc 6 Balance 6090.000000, Transfer 641.000000 to Acc 4
User 2, Acc 5 Balance 7162.000000, Deposit 643.000000 
User 2, Acc 5 Balance 7805.000000, Transfer 1200.000000 to Acc 6
User 2, Acc 4 Balance 1254.000000, Deposit 647.000000 
User 2, Acc 4 Balance 1901.000000, Transfer 1200.000000 to Acc 7
User 2, Acc 3 Balance 1631.000000, Deposit 653.000000 
User 2, Acc 3 Balance 2284.000000, Transfer 1200.000000 to Acc 8
User 2, Acc 2 Balance 1914.000000, Deposit 659.000000 
User 2, Acc 2 Balance 2573.000000, Transfer 1200.000000 to Acc 9
User 2, Acc 1 Balance 112.000000, Deposit 661.000000 
User 2, Acc 0 Balance 1078.000000, Deposit 673.000000 
User 2, Acc 0 Balance 1751.000000, Transfer 1200.000000 to Acc 9
User 2, Acc 1 Balance 773.000000, Withdraw 50.000000 
User 2, Acc 2 Balance 1373.000000, Withdraw 50.000000 
User 2, Acc 3 Balance 1084.000000, Withdraw 50.000000 
User 2, Acc 4 Balance 701.000000, Withdraw 50.000000 
User 2, Acc 5 Balance 6605.000000, Withdraw 50.000000 
User 2, Acc 6 Balance 6649.000000, Withdraw 50.000000 
User 2, Acc 7 Balance 60883.000000, Withdraw 50.000000 
User 2, Acc 8 Balance 3890.000000, Withdraw 50.000000 
User 2, Acc 9 Balance 11483.000000, Withdraw 50.000000 
User 2, Acc 0 Balance 551.000000, Withdraw 50.000000 
User 2, Acc 0 Balance 501.000000, Deposit 7.000000 
User 2, Acc 1 Balance 723.000000, Deposit 11.000000 
User 2, Acc 2 Balance 1323.000000, Deposit 9.000000 
User 2, Acc 3 Balance 1034.000000, Transfer 29.000000 to Acc 7
User 2, Acc 7 Balance 60862.000000, Transfer 31.000000 to Acc 6
User 2, Acc 7 Balance 60831.000000, Transfer 137.000000 to Acc 5
User 2, Acc 7 Balance 60694.000000, Transfer 3.000000 to Acc 4
User 2, Acc 7 Balance 60691.000000, Transfer 5.000000 to Acc 4
User 2, Acc 3 Balance 1005.000000, Deposit 929.000000 
User 2, Acc 4 Balance 659.000000, Deposit 937.000000 
User 2, Acc 5 Balance 6692.000000, Deposit 941.000000 
User 2, Acc 4 Balance 1596.000000, Withdraw 1167.000000 
User 2, Acc 5 Balance 7633.000000, Withdraw 1307.000000 
User 2, Acc 1 Balance 734.000000, Transfer 89.000000 to Acc 8
User 2, Acc 1 Balance 645.000000, Transfer 163.000000 to Acc 9
User 2, Acc 1 Balance 482.000000, Withdraw 41.000000 
User 2, Acc 2 Balance 1332.000000, Withdraw 71.000000 
User 2, Acc 3 Balance 1934.000000, Withdraw 1127.000000 
User 2, Acc 6 Balance 6630.000000, Withdraw 647.000000 
User 2, Acc 6 Balance 5983.000000, Deposit 953.000000 
User 2, Acc 7 Balance 60686.000000, Deposit 967.000000 
User 2, Acc 1 Balance 441.000000, Transfer 19.000000 to Acc 7
User 2, Acc 2 Balance 1261.000000, Transfer 23.000000 to Acc 7
User 2, Acc 6 Balance 6936.000000, Transfer 1167.000000 to Acc 5
User 2, Acc 4 Balance 429.000000, Transfer 53.000000 to Acc 5
User 2, Acc 7 Balance 61695.000000, Withdraw 1593.000000 
User 2, Acc 8 Balance 3929.000000, Withdraw 449.000000 
User 2, Acc 9 Balance 11596.000000, Withdraw 163.000000 
User 2, Acc 9 Balance 11433.000000, Deposit 617.000000 
User 2, Acc 9 Balance 12050.000000, Transfer 617.000000 to Acc 1
User 2, Acc 8 Balance 3480.000000, Deposit 619.000000 
User 2, Acc 8 Balance 4099.000000, Transfer 619.000000 to Acc 2
User 2, Acc 7 Balance 60102.000000, Deposit 631.000000 
User 2, Acc 7 Balance 60733.000000, Transfer 631.000000 to Acc 3
User 2, Acc 6 Balance 5769.000000, Deposit 641.000000 
User 2, Acc 6 Balance 6410.000000, Transfer 641.000000 to Acc 4
User 2, Acc 5 Balance 7546.000000, Deposit 643.000000 
User 2, Acc 5 Balance 8189.000000, Transfer 1200.000000 to Acc 6
User 2, Acc 4 Balance 1017.000000, Deposit 647.000000 
User 2, Acc 4 Balance 1664.000000, Transfer 1200.000000 to Acc 7
User 2, Acc 3 Balance 1438.000000, Deposit 653.000000 
User 2, Acc 3 Balance 2091.000000, Transfer 1200.000000 to Acc 8
User 2, Acc 2 Balance 1857.000000, Deposit 659.000000 
User 2, Acc 2 Balance 2516.000000, Transfer 1200.000000 to Acc 9
User 2, Acc 1 Balance 1039.000000, Deposit 661.000000 
User 2, Acc 1 Balance 1700.000000, Transfer 1200.000000 to Acc 9
User 2, Acc 0 Balance 508.000000, Deposit 673.000000 
User 2, Acc 1 Balance 500.000000, Withdraw 50.000000 
User 2, Acc 2 Balance 1316.000000, Withdraw 50.000000 
User 2, Acc 3 Balance 891.000000, Withdraw 50.000000 
User 2, Acc 4 Balance 464.000000, Withdraw 50.000000 
User 2, Acc 5 Balance 6989.000000, Withdraw 50.000000 
User 2, Acc 6 Balance 6969.000000, Withdraw 50.000000 
User 2, Acc 7 Balance 61302.000000, Withdraw 50.000000 
User 2, Acc 8 Balance 4680.000000, Withdraw 50.000000 
User 2, Acc 9 Balance 13833.000000, Withdraw 50.000000 
User 2, Acc 0 Balance 1181.000000, Withdraw 50.000000 
User 2, Acc 9 Balance 13783.000000, Deposit 617.000000 
User 2, Acc 9 Balance 14400.000000, Transfer 617.000000 to Acc 9
User 2, Acc 8 Balance 4630.000000, Deposit 619.000000 
User 2, Acc 8 Balance 5249.000000, Transfer 619.000000 to Acc 2
User 2, Acc 7 Balance 61252.000000, Deposit 631.000000 
User 2, Acc 7 Balance 61883.000000, Transfer 631.000000 to Acc 3
User 2, Acc 6 Balance 6919.000000, Deposit 641.000000 
User 2, Acc 6 Balance 7560.000000, Transfer 641.000000 to Acc 4
User 2, Acc 5 Balance 6939.000000, Deposit 643.000000 
User 2, Acc 5 Balance 7582.000000, Transfer 1200.000000 to Acc 6
User 2, Acc 4 Balance 1055.000000, Deposit 647.000000 
User 2, Acc 4 Balance 1702.000000, Transfer 1200.000000 to Acc 7
User 2, Acc 3 Balance 1472.000000, Deposit 653.000000 
User 2, Acc 3 Balance 2125.000000, Transfer 1200.000000 to Acc 8
User 2, Acc 2 Balance 1885.000000, Deposit 659.000000 
User 2, Acc 2 Balance 2544.000000, Transfer 1200.000000 to Acc 9
User 2, Acc 1 Balance 450.000000, Deposit 661.000000 
User 2, Acc 0 Balance 1131.000000, Deposit 673.000000 
User 2, Acc 0 Balance 1804.000000, Transfer 1200.000000 to Acc 9
User 2, Acc 1 Balance 1111.000000, Withdraw 50.000000 
User 2, Acc 2 Balance 1344.000000, Withdraw 50.000000 
User 2, Acc 3 Balance 925.000000, Withdraw 50.000000 
User 2, Acc 4 Balance 502.000000, Withdraw 50.000000 
User 2, Acc 5 Balance 6382.000000, Withdraw 50.000000 
User 2, Acc 6 Balance 8119.000000, Withdraw 50.000000 
User 2, Acc 7 Balance 62452.000000, Withdraw 50.000000 
User 2, Acc 8 Balance 5830.000000, Withdraw 50.000000 
User 2, Acc 9 Balance 16800.000000, Withdraw 50.000000 
User 2, Acc 0 Balance 604.000000, Withdraw 50.000000 
User 2, Acc 0 Balance 554.000000, Deposit 7.000000 
User 2, Acc 1 Balance 1061.000000, Deposit 11.000000 
User 2, Acc 2 Balance 1294.000000, Deposit 9.000000 
User 2, Acc 3 Balance 875.000000, Transfer 29.000000 to Acc 7
User 2, Acc 7 Balance 62431.000000, Transfer 31.000000 to Acc 6
User 2, Acc 7 Balance 62400.000000, Transfer 137.000000 to Acc 5
User 2, Acc 7 Balance 62263.000000, Transfer 3.000000 to Acc 4
User 2, Acc 7 Balance 62260.000000, Transfer 5.000000 to Acc 4
User 2, Acc 3 Balance 846.000000, Deposit 929.000000 
User 2, Acc 4 Balance 460.000000, Deposit 937.000000 
User 2, Acc 5 Balance 6469.000000, Deposit 941.000000 
User 2, Acc 4 Balance 1397.000000, Withdraw 1167.000000 
User 2, Acc 5 Balance 7410.000000, Withdraw 1307.000000 
User 2, Acc 1 Balance 1072.000000, Transfer 89.000000 to Acc 8
User 2, Acc 1 Balance 983.000000, Transfer 163.000000 to Acc 9
User 2, Acc 1 Balance 820.000000, Withdraw 41.000000 
User 2, Acc 2 Balance 1303.000000, Withdraw 71.000000 
User 2, Acc 3 Balance 1775.000000, Withdraw 1127.000000 
User 2, Acc 6 Balance 8100.000000, Withdraw 647.000000 
User 2, Acc 6 Balance 7453.000000, Deposit 953.000000 
User 2, Acc 7 Balance 62255.000000, Deposit 967.000000 
User 2, Acc 1 Balance 779.000000, Transfer 19.000000 to Acc 7
User 2, Acc 2 Balance 1232.000000, Transfer 23.000000 to Acc 7
User 2, Acc 6 Balance 8406.000000, Transfer 1167.000000 to Acc 5
User 2, Acc 4 Balance 230.000000, Transfer 53.000000 to Acc 5
User 2, Acc 7 Balance 63264.000000, Withdraw 1593.000000 
User 2, Acc 8 Balance 5869.000000, Withdraw 449.000000 
User 2, Acc 9 Balance 16913.000000, Withdraw 163.000000 
User 2, Acc 9 Balance 16750.000000, Deposit 617.000000 
User 4, Acc 4 Balance 1716.000000, Withdraw 1167.000000 
User 0, Acc 1 Balance 736.000000, Withdraw 50.000000 
User 1, Acc 8 Balance 1010.000000, Deposit 619.000000 
User 5, Acc 5 Balance 4796.000000, Withdraw 1307.000000 
User 1, Acc 8 Balance 6039.000000, Transfer 619.000000 to Acc 2
User 1, Acc 7 Balance 61671.000000, Deposit 631.000000 
User 2, Acc 9 Balance 17367.000000, Transfer 617.000000 to Acc 1
User 4, Acc 5 Balance 7323.000000, Withdraw 1307.000000 
User 0, Acc 2 Balance 1209.000000, Withdraw 50.000000 
User 4, Acc 1 Balance 1327.000000, Transfer 89.000000 to Acc 8
User 4, Acc 1 Balance 1238.000000, Transfer 163.000000 to Acc 9
User 0, Acc 3 Balance 648.000000, Withdraw 50.000000 
User 1, Acc 7 Balance 62302.000000, Transfer 631.000000 to Acc 3
User 1, Acc 6 Balance 7239.000000, Deposit 641.000000 
User 3, Acc 2 Balance 1483.000000, Deposit 659.000000 
User 3, Acc 2 Balance 2437.000000, Transfer 1200.000000 to Acc 9
User 5, Acc 1 Balance 710.000000, Transfer 89.000000 to Acc 8
User 4, Acc 1 Balance 1075.000000, Withdraw 41.000000 
[22;32mUser 0, Acc 4 Balance -990.000000, 				Withdraw 50.000000 --insufficient funds[0m
User 4, Acc 2 Balance 1237.000000, Withdraw 71.000000 
User 0, Acc 5 Balance 4709.000000, Withdraw 50.000000 
User 0, Acc 6 Balance 7880.000000, Withdraw 50.000000 
User 1, Acc 6 Balance 7880.000000, Transfer 641.000000 to Acc 4
User 5, Acc 1 Balance 986.000000, Transfer 163.000000 to Acc 9
User 1, Acc 5 Balance 4659.000000, Deposit 643.000000 
User 5, Acc 1 Balance 782.000000, Withdraw 41.000000 
User 5, Acc 2 Balance 1166.000000, Withdraw 71.000000 
User 4, Acc 3 Balance 1229.000000, Withdraw 1127.000000 
User 4, Acc 6 Balance 7189.000000, Withdraw 647.000000 
User 0, Acc 7 Balance 61671.000000, Withdraw 50.000000 
User 2, Acc 8 Balance 5420.000000, Deposit 619.000000 
User 5, Acc 3 Balance 1229.000000, Withdraw 1127.000000 
User 2, Acc 8 Balance 6217.000000, Transfer 619.000000 to Acc 2
User 5, Acc 6 Balance 6542.000000, Withdraw 647.000000 
User 5, Acc 6 Balance 5895.000000, Deposit 1953.000000 
User 4, Acc 6 Balance 6542.000000, Deposit 953.000000 
User 0, Acc 8 Balance 5598.000000, Withdraw 50.000000 
User 4, Acc 7 Balance 61621.000000, Deposit 967.000000 
User 3, Acc 1 Balance 1075.000000, Deposit 661.000000 
User 4, Acc 1 Balance 741.000000, Transfer 19.000000 to Acc 7
User 3, Acc 1 Balance 1402.000000, Transfer 1200.000000 to Acc 9
User 4, Acc 2 Balance 1714.000000, Transfer 23.000000 to Acc 7
User 0, Acc 9 Balance 18276.000000, Withdraw 50.000000 
User 2, Acc 7 Balance 61621.000000, Deposit 631.000000 
User 0, Acc 0 Balance 561.000000, Withdraw 50.000000 
User 5, Acc 7 Balance 61621.000000, Deposit 967.000000 
User 3, Acc 0 Balance 561.000000, Deposit 673.000000 
User 1, Acc 5 Balance 5302.000000, Transfer 1200.000000 to Acc 6
User 3, Acc 1 Balance 183.000000, Withdraw 50.000000 
User 4, Acc 6 Balance 8801.000000, Transfer 1167.000000 to Acc 5
User 2, Acc 7 Balance 63261.000000, Transfer 631.000000 to Acc 3
User 4, Acc 7 Balance 64228.000000, Withdraw 1593.000000 
User 1, Acc 4 Balance -349.000000, Deposit 647.000000 
User 3, Acc 2 Balance 1691.000000, Withdraw 50.000000 
User 1, Acc 3 Balance -394.000000, Deposit 653.000000 
[22;32mUser 3, Acc 3 Balance -394.000000, 				Withdraw 50.000000 --insufficient funds[0m
User 2, Acc 6 Balance 8834.000000, Deposit 641.000000 
User 3, Acc 4 Balance 298.000000, Withdraw 50.000000 
User 3, Acc 5 Balance 5269.000000, Withdraw 50.000000 
User 0, Acc 9 Balance 19426.000000, Deposit 617.000000 
User 5, Acc 1 Balance 183.000000, Transfer 19.000000 to Acc 7
User 0, Acc 9 Balance 20043.000000, Transfer 617.000000 to Acc 1
User 4, Acc 8 Balance 5548.000000, Withdraw 449.000000 
User 2, Acc 6 Balance 9475.000000, Transfer 641.000000 to Acc 4
User 3, Acc 6 Balance 9475.000000, Withdraw 50.000000 
User 2, Acc 5 Balance 5219.000000, Deposit 643.000000 
User 0, Acc 8 Balance 5548.000000, Deposit 619.000000 
User 2, Acc 5 Balance 5862.000000, Transfer 1200.000000 to Acc 6
User 4, Acc 9 Balance 19426.000000, Withdraw 163.000000 
User 2, Acc 4 Balance 889.000000, Deposit 647.000000 
User 4, Acc 0 Balance 1184.000000, Deposit 7.000000 
User 2, Acc 4 Balance 1536.000000, Transfer 1200.000000 to Acc 7
User 4, Acc 1 Balance 731.000000, Deposit 11.000000 
User 2, Acc 3 Balance 259.000000, Deposit 653.000000 
User 2, Acc 2 Balance 1641.000000, Deposit 659.000000 
User 2, Acc 2 Balance 2300.000000, Transfer 1200.000000 to Acc 9
User 3, Acc 7 Balance 62023.000000, Withdraw 50.000000 
User 2, Acc 1 Balance 742.000000, Deposit 661.000000 
User 2, Acc 1 Balance 1403.000000, Transfer 1200.000000 to Acc 9
User 0, Acc 8 Balance 5718.000000, Transfer 619.000000 to Acc 2
User 4, Acc 2 Balance 1641.000000, Deposit 9.000000 
User 0, Acc 7 Balance 63173.000000, Deposit 631.000000 
User 0, Acc 7 Balance 63804.000000, Transfer 631.000000 to Acc 3
User 0, Acc 6 Balance 9984.000000, Deposit 641.000000 
User 0, Acc 6 Balance 10625.000000, Transfer 641.000000 to Acc 4
User 0, Acc 5 Balance 4662.000000, Deposit 643.000000 
User 0, Acc 5 Balance 5305.000000, Transfer 1200.000000 to Acc 6
User 0, Acc 4 Balance 977.000000, Deposit 647.000000 
User 0, Acc 4 Balance 1624.000000, Transfer 1200.000000 to Acc 7
User 0, Acc 3 Balance 1543.000000, Deposit 653.000000 
User 0, Acc 3 Balance 2196.000000, Transfer 1200.000000 to Acc 8
User 3, Acc 8 Balance 5718.000000, Withdraw 50.000000 
User 0, Acc 2 Balance 1728.000000, Deposit 659.000000 
User 3, Acc 9 Balance 21663.000000, Withdraw 50.000000 
User 0, Acc 2 Balance 2387.000000, Transfer 1200.000000 to Acc 9
User 3, Acc 0 Balance 1191.000000, Withdraw 50.000000 
User 5, Acc 2 Balance 1641.000000, Transfer 23.000000 to Acc 7
User 2, Acc 0 Balance 1191.000000, Deposit 673.000000 
User 1, Acc 2 Balance 1641.000000, Deposit 659.000000 
User 4, Acc 3 Balance 912.000000, Transfer 29.000000 to Acc 7
User 1, Acc 2 Balance 1823.000000, Transfer 1200.000000 to Acc 9
[22;32mUser 3, Acc 1 Balance 203.000000, 				Withdraw 500.000000 --insufficient funds[0m
User 1, Acc 1 Balance 203.000000, Deposit 661.000000 
User 0, Acc 1 Balance 203.000000, Deposit 661.000000 
User 4, Acc 7 Balance 64425.000000, Transfer 31.000000 to Acc 6
User 5, Acc 6 Balance 11184.000000, Transfer 1167.000000 to Acc 5
User 4, Acc 7 Balance 64394.000000, Transfer 137.000000 to Acc 5
User 5, Acc 4 Balance 424.000000, Transfer 53.000000 to Acc 5
User 5, Acc 7 Balance 64394.000000, Withdraw 1593.000000 
User 1, Acc 0 Balance 1814.000000, Deposit 673.000000 
User 0, Acc 1 Balance 1525.000000, Transfer 1200.000000 to Acc 9
User 1, Acc 0 Balance 2487.000000, Transfer 1200.000000 to Acc 9
User 0, Acc 0 Balance 2487.000000, Deposit 673.000000 
User 4, Acc 7 Balance 64257.000000, Transfer 3.000000 to Acc 4
User 0, Acc 0 Balance 1960.000000, Transfer 1200.000000 to Acc 9
User 4, Acc 7 Balance 62661.000000, Transfer 5.000000 to Acc 4
User 4, Acc 3 Balance 967.000000, Deposit 929.000000 
User 1, Acc 1 Balance 325.000000, Withdraw 50.000000 
User 4, Acc 4 Balance 379.000000, Deposit 937.000000 
User 1, Acc 2 Balance 623.000000, Withdraw 50.000000 
User 4, Acc 5 Balance 5462.000000, Deposit 941.000000 
User 1, Acc 3 Balance 1896.000000, Withdraw 50.000000 
User 4, Acc 4 Balance 1316.000000, Withdraw 1167.000000 
User 1, Acc 4 Balance 1316.000000, Withdraw 50.000000 
User 4, Acc 5 Balance 6403.000000, Withdraw 1307.000000 
User 1, Acc 5 Balance 6403.000000, Withdraw 50.000000 
User 4, Acc 1 Balance 275.000000, Transfer 89.000000 to Acc 8
User 3, Acc 2 Balance 623.000000, Withdraw 500.000000 
User 3, Acc 3 Balance 1846.000000, Withdraw 500.000000 
User 2, Acc 0 Balance 1814.000000, Transfer 1200.000000 to Acc 9
User 0, Acc 9 Balance 27613.000000, Deposit 617.000000 
User 0, Acc 9 Balance 29430.000000, Transfer 617.000000 to Acc 1
User 4, Acc 1 Balance 186.000000, Transfer 163.000000 to Acc 9
User 5, Acc 8 Balance 6249.000000, Withdraw 449.000000 
[22;32mUser 3, Acc 4 Balance 99.000000, 				Withdraw 500.000000 --insufficient funds[0m
User 2, Acc 1 Balance 186.000000, Withdraw 50.000000 
User 3, Acc 5 Balance 5046.000000, Withdraw 500.000000 
User 3, Acc 6 Balance 10048.000000, Withdraw 500.000000 
User 0, Acc 8 Balance 6338.000000, Deposit 619.000000 
User 4, Acc 1 Balance 640.000000, Withdraw 41.000000 
User 0, Acc 8 Balance 6508.000000, Transfer 619.000000 to Acc 2
User 1, Acc 6 Balance 10048.000000, Withdraw 50.000000 
User 2, Acc 2 Balance 73.000000, Withdraw 50.000000 
User 1, Acc 7 Balance 62656.000000, Withdraw 50.000000 
User 1, Acc 8 Balance 5889.000000, Withdraw 50.000000 
User 5, Acc 9 Balance 28976.000000, Withdraw 163.000000 
User 4, Acc 2 Balance 73.000000, Withdraw 71.000000 
User 0, Acc 7 Balance 62656.000000, Deposit 631.000000 
User 3, Acc 7 Balance 62656.000000, Withdraw 500.000000 
User 2, Acc 3 Balance 1346.000000, Withdraw 50.000000 
User 3, Acc 8 Balance 5839.000000, Withdraw 500.000000 
User 5, Acc 9 Balance 28813.000000, Deposit 617.000000 
User 5, Acc 9 Balance 29430.000000, Transfer 617.000000 to Acc 1
User 0, Acc 7 Balance 63237.000000, Transfer 631.000000 to Acc 3
User 2, Acc 4 Balance 99.000000, Withdraw 50.000000 
User 1, Acc 9 Balance 28976.000000, Withdraw 50.000000 
User 3, Acc 9 Balance 28813.000000, Withdraw 500.000000 
[22;32mUser 1, Acc 0 Balance -440.000000, 				Withdraw 50.000000 --insufficient funds[0m
User 5, Acc 8 Balance 5339.000000, Deposit 619.000000 
User 1, Acc 9 Balance 28263.000000, Deposit 617.000000 
User 5, Acc 8 Balance 5958.000000, Transfer 619.000000 to Acc 2
User 2, Acc 5 Balance 4546.000000, Withdraw 50.000000 
User 4, Acc 3 Balance 1346.000000, Withdraw 1127.000000 
[22;32mUser 3, Acc 0 Balance -440.000000, 				Withdraw 500.000000 --insufficient funds[0m
User 4, Acc 6 Balance 9498.000000, Withdraw 647.000000 
User 4, Acc 6 Balance 8851.000000, Deposit 953.000000 
User 3, Acc 1 Balance 1166.000000, Withdraw 500.000000 
User 1, Acc 9 Balance 28880.000000, Transfer 617.000000 to Acc 1
User 2, Acc 6 Balance 9498.000000, Withdraw 50.000000 
User 1, Acc 8 Balance 5339.000000, Deposit 619.000000 
User 1, Acc 8 Balance 5958.000000, Transfer 619.000000 to Acc 2
User 5, Acc 7 Balance 62106.000000, Deposit 631.000000 
User 4, Acc 7 Balance 62106.000000, Deposit 967.000000 
User 3, Acc 2 Balance 1190.000000, Withdraw 500.000000 
User 0, Acc 6 Balance 9498.000000, Deposit 641.000000 
User 0, Acc 6 Balance 10395.000000, Transfer 641.000000 to Acc 4
User 1, Acc 7 Balance 62106.000000, Deposit 631.000000 
User 0, Acc 5 Balance 4496.000000, Deposit 643.000000 
User 1, Acc 7 Balance 64335.000000, Transfer 631.000000 to Acc 3
User 3, Acc 3 Balance 800.000000, Withdraw 500.000000 
User 1, Acc 6 Balance 9754.000000, Deposit 641.000000 
User 3, Acc 4 Balance 690.000000, Withdraw 500.000000 
User 5, Acc 7 Balance 62737.000000, Transfer 631.000000 to Acc 3
User 0, Acc 5 Balance 5139.000000, Transfer 1200.000000 to Acc 6
User 4, Acc 1 Balance 1283.000000, Transfer 19.000000 to Acc 7
User 0, Acc 4 Balance 190.000000, Deposit 647.000000 
User 2, Acc 7 Balance 62106.000000, Withdraw 50.000000 
User 3, Acc 5 Balance 5139.000000, Withdraw 500.000000 
User 1, Acc 6 Balance 10395.000000, Transfer 641.000000 to Acc 4
User 3, Acc 6 Balance 11595.000000, Withdraw 500.000000 
User 1, Acc 5 Balance 3439.000000, Deposit 643.000000 
User 3, Acc 7 Balance 63042.000000, Withdraw 500.000000 
User 4, Acc 2 Balance 1309.000000, Transfer 23.000000 to Acc 7
User 3, Acc 8 Balance 5339.000000, Withdraw 500.000000 
User 4, Acc 6 Balance 10454.000000, Transfer 1167.000000 to Acc 5
User 3, Acc 9 Balance 28263.000000, Withdraw 500.000000 
User 4, Acc 4 Balance 1478.000000, Transfer 53.000000 to Acc 5
User 5, Acc 6 Balance 10395.000000, Deposit 641.000000 
User 5, Acc 6 Balance 9928.000000, Transfer 641.000000 to Acc 4
User 5, Acc 5 Balance 5302.000000, Deposit 643.000000 
User 1, Acc 5 Balance 4082.000000, Transfer 1200.000000 to Acc 6
User 1, Acc 4 Balance 2066.000000, Deposit 647.000000 
User 1, Acc 4 Balance 2713.000000, Transfer 1200.000000 to Acc 7
User 1, Acc 3 Balance 1562.000000, Deposit 653.000000 
User 1, Acc 3 Balance 2215.000000, Transfer 1200.000000 to Acc 8
User 1, Acc 2 Balance 1286.000000, Deposit 659.000000 
User 1, Acc 2 Balance 1945.000000, Transfer 1200.000000 to Acc 9
User 5, Acc 5 Balance 5945.000000, Transfer 1200.000000 to Acc 6
User 1, Acc 1 Balance 1264.000000, Deposit 661.000000 
User 5, Acc 4 Balance 1513.000000, Deposit 647.000000 
User 1, Acc 1 Balance 1925.000000, Transfer 1200.000000 to Acc 9
User 5, Acc 4 Balance 2160.000000, Transfer 1200.000000 to Acc 7
User 1, Acc 0 Balance -440.000000, Deposit 673.000000 
User 5, Acc 3 Balance 1015.000000, Deposit 653.000000 
User 1, Acc 1 Balance 725.000000, Withdraw 50.000000 
User 5, Acc 3 Balance 1668.000000, Transfer 1200.000000 to Acc 8
User 1, Acc 2 Balance 745.000000, Withdraw 50.000000 
User 4, Acc 7 Balance 62565.000000, Withdraw 1593.000000 
User 1, Acc 3 Balance 468.000000, Withdraw 50.000000 
User 4, Acc 8 Balance 7239.000000, Withdraw 449.000000 
User 4, Acc 9 Balance 30163.000000, Withdraw 163.000000 
User 4, Acc 1 Balance 675.000000, Withdraw 500.000000 
User 2, Acc 8 Balance 5339.000000, Withdraw 50.000000 
[22;32mUser 3, Acc 0 Balance -440.000000, 				Withdraw 500.000000 --insufficient funds[0m
User 2, Acc 9 Balance 30000.000000, Withdraw 50.000000 
[22;32mUser 3, Acc 1 Balance 175.000000, 				Withdraw 500.000000 --insufficient funds[0m
User 3, Acc 2 Balance 695.000000, Withdraw 500.000000 
User 0, Acc 3 Balance 1562.000000, Deposit 653.000000 
User 4, Acc 2 Balance 695.000000, Withdraw 500.000000 
User 0, Acc 2 Balance 195.000000, Deposit 659.000000 
User 4, Acc 3 Balance 1071.000000, Withdraw 500.000000 
User 0, Acc 1 Balance 175.000000, Deposit 661.000000 
User 4, Acc 4 Balance 960.000000, Withdraw 500.000000 
[22;32mUser 3, Acc 3 Balance 418.000000, 				Withdraw 500.000000 --insufficient funds[0m
User 1, Acc 4 Balance 960.000000, Withdraw 50.000000 
[22;32mUser 3, Acc 4 Balance 460.000000, 				Withdraw 500.000000 --insufficient funds[0m
User 3, Acc 5 Balance 3545.000000, Withdraw 500.000000 
User 1, Acc 5 Balance 3545.000000, Withdraw 50.000000 
User 0, Acc 0 Balance 233.000000, Deposit 673.000000 
User 1, Acc 6 Balance 11687.000000, Withdraw 50.000000 
User 0, Acc 1 Balance 836.000000, Withdraw 50.000000 
User 2, Acc 0 Balance 233.000000, Withdraw 50.000000 
User 5, Acc 2 Balance 745.000000, Deposit 659.000000 
User 2, Acc 9 Balance 29950.000000, Deposit 617.000000 
User 5, Acc 1 Balance 786.000000, Deposit 661.000000 
User 0, Acc 2 Balance 354.000000, Withdraw 50.000000 
User 5, Acc 1 Balance 1447.000000, Transfer 1200.000000 to Acc 9
User 5, Acc 0 Balance 856.000000, Deposit 673.000000 
User 4, Acc 5 Balance 3545.000000, Withdraw 500.000000 
User 2, Acc 9 Balance 30567.000000, Transfer 617.000000 to Acc 1
User 1, Acc 7 Balance 63372.000000, Withdraw 50.000000 
User 3, Acc 6 Balance 11687.000000, Withdraw 500.000000 
User 0, Acc 3 Balance 571.000000, Withdraw 50.000000 
User 3, Acc 7 Balance 63322.000000, Withdraw 500.000000 
User 0, Acc 4 Balance 410.000000, Withdraw 50.000000 
User 4, Acc 6 Balance 11637.000000, Withdraw 500.000000 
User 2, Acc 8 Balance 6740.000000, Deposit 619.000000 
User 4, Acc 7 Balance 62822.000000, Withdraw 500.000000 
User 2, Acc 8 Balance 7359.000000, Transfer 619.000000 to Acc 2
User 4, Acc 8 Balance 7359.000000, Withdraw 500.000000 
User 2, Acc 7 Balance 62322.000000, Deposit 631.000000 
User 4, Acc 9 Balance 31150.000000, Withdraw 500.000000 
User 2, Acc 7 Balance 62953.000000, Transfer 631.000000 to Acc 3
User 4, Acc 0 Balance 1529.000000, Withdraw 500.000000 
User 2, Acc 6 Balance 10637.000000, Deposit 641.000000 
User 4, Acc 1 Balance 864.000000, Withdraw 500.000000 
User 2, Acc 6 Balance 11278.000000, Transfer 641.000000 to Acc 4
User 4, Acc 2 Balance 1582.000000, Withdraw 500.000000 
User 2, Acc 5 Balance 2495.000000, Deposit 643.000000 
User 4, Acc 3 Balance 1152.000000, Withdraw 500.000000 
User 2, Acc 5 Balance 3138.000000, Transfer 1200.000000 to Acc 6
User 4, Acc 4 Balance 1001.000000, Withdraw 500.000000 
User 2, Acc 4 Balance 1001.000000, Deposit 647.000000 
User 4, Acc 5 Balance 1938.000000, Withdraw 500.000000 
User 2, Acc 3 Balance 652.000000, Deposit 653.000000 
User 4, Acc 6 Balance 11837.000000, Withdraw 500.000000 
User 2, Acc 3 Balance 1305.000000, Transfer 1200.000000 to Acc 8
User 1, Acc 8 Balance 6740.000000, Withdraw 50.000000 
User 3, Acc 8 Balance 6740.000000, Withdraw 500.000000 
User 1, Acc 9 Balance 30650.000000, Withdraw 50.000000 
User 0, Acc 5 Balance 2495.000000, Withdraw 50.000000 
User 2, Acc 2 Balance 1082.000000, Deposit 659.000000 
User 0, Acc 6 Balance 11337.000000, Withdraw 50.000000 
User 5, Acc 0 Balance 1529.000000, Transfer 1200.000000 to Acc 9
User 4, Acc 7 Balance 62322.000000, Withdraw 500.000000 
User 5, Acc 9 Balance 31800.000000, Deposit 617.000000 
User 2, Acc 2 Balance 1741.000000, Transfer 1200.000000 to Acc 9
User 5, Acc 9 Balance 32417.000000, Transfer 617.000000 to Acc 1
User 3, Acc 9 Balance 30650.000000, Withdraw 500.000000 
User 1, Acc 0 Balance 1029.000000, Withdraw 50.000000 
User 1, Acc 1 Balance 981.000000, Withdraw 500.000000 
User 1, Acc 2 Balance 541.000000, Withdraw 500.000000 
[22;32mUser 1, Acc 3 Balance 105.000000, 				Withdraw 500.000000 --insufficient funds[0m
User 1, Acc 4 Balance 1148.000000, Withdraw 500.000000 
User 1, Acc 5 Balance 1388.000000, Withdraw 500.000000 
User 1, Acc 6 Balance 11287.000000, Withdraw 500.000000 
User 1, Acc 7 Balance 61822.000000, Withdraw 500.000000 
User 1, Acc 8 Balance 6890.000000, Withdraw 500.000000 
User 1, Acc 9 Balance 32500.000000, Withdraw 500.000000 
[22;32mUser 1, Acc 0 Balance -221.000000, 				Withdraw 500.000000 --insufficient funds[0m
[22;32mUser 1, Acc 1 Balance 481.000000, 				Withdraw 500.000000 --insufficient funds[0m
[22;32mUser 1, Acc 2 Balance 41.000000, 				Withdraw 500.000000 --insufficient funds[0m
[22;32mUser 1, Acc 3 Balance 105.000000, 				Withdraw 500.000000 --insufficient funds[0m
User 1, Acc 4 Balance 648.000000, Withdraw 500.000000 
User 1, Acc 5 Balance 888.000000, Withdraw 500.000000 
User 1, Acc 6 Balance 10787.000000, Withdraw 500.000000 
User 1, Acc 7 Balance 61322.000000, Withdraw 500.000000 
User 1, Acc 8 Balance 6390.000000, Withdraw 500.000000 
User 1, Acc 9 Balance 32000.000000, Withdraw 500.000000 
[22;32mUser 1, Acc 0 Balance -221.000000, 				Withdraw 500.000000 --insufficient funds[0m
[22;32mUser 1, Acc 1 Balance 481.000000, 				Withdraw 500.000000 --insufficient funds[0m
[22;32mUser 1, Acc 2 Balance 41.000000, 				Withdraw 500.000000 --insufficient funds[0m
[22;32mUser 1, Acc 3 Balance 105.000000, 				Withdraw 500.000000 --insufficient funds[0m
[22;32mUser 1, Acc 4 Balance 148.000000, 				Withdraw 500.000000 --insufficient funds[0m
[22;32mUser 1, Acc 5 Balance 388.000000, 				Withdraw 500.000000 --insufficient funds[0m
User 1, Acc 6 Balance 10287.000000, Withdraw 500.000000 
User 1, Acc 7 Balance 60822.000000, Withdraw 500.000000 
User 1, Acc 8 Balance 5890.000000, Withdraw 500.000000 
User 0, Acc 7 Balance 62322.000000, Withdraw 50.000000 
User 0, Acc 8 Balance 5390.000000, Withdraw 50.000000 
User 0, Acc 9 Balance 31500.000000, Withdraw 50.000000 
[22;32mUser 0, Acc 0 Balance -221.000000, 				Withdraw 50.000000 --insufficient funds[0m
User 0, Acc 9 Balance 31450.000000, Deposit 617.000000 
User 0, Acc 9 Balance 32067.000000, Transfer 617.000000 to Acc 1
User 0, Acc 8 Balance 5340.000000, Deposit 619.000000 
User 0, Acc 8 Balance 5959.000000, Transfer 619.000000 to Acc 2
User 0, Acc 7 Balance 60272.000000, Deposit 631.000000 
User 0, Acc 7 Balance 60903.000000, Transfer 631.000000 to Acc 3
User 0, Acc 6 Balance 9787.000000, Deposit 641.000000 
[22;32mUser 3, Acc 0 Balance -171.000000, 				Withdraw 500.000000 --insufficient funds[0m
User 4, Acc 8 Balance 6890.000000, Withdraw 500.000000 
User 4, Acc 9 Balance 31450.000000, Withdraw 500.000000 
User 3, Acc 1 Balance 1098.000000, Withdraw 500.000000 
User 5, Acc 8 Balance 6890.000000, Deposit 619.000000 
User 0, Acc 6 Balance 10428.000000, Transfer 641.000000 to Acc 4
User 0, Acc 5 Balance 388.000000, Deposit 643.000000 
User 0, Acc 4 Balance 789.000000, Deposit 647.000000 
User 0, Acc 4 Balance 1436.000000, Transfer 1200.000000 to Acc 7
User 0, Acc 3 Balance 736.000000, Deposit 653.000000 
User 0, Acc 3 Balance 1389.000000, Transfer 1200.000000 to Acc 8
User 0, Acc 2 Balance 660.000000, Deposit 659.000000 
User 0, Acc 2 Balance 1319.000000, Transfer 1200.000000 to Acc 9
User 0, Acc 1 Balance 598.000000, Deposit 661.000000 
User 0, Acc 1 Balance 1259.000000, Transfer 1200.000000 to Acc 9
User 0, Acc 0 Balance -221.000000, Deposit 673.000000 
[22;32mUser 0, Acc 1 Balance 59.000000, 				Withdraw 500.000000 --insufficient funds[0m
[22;32mUser 0, Acc 2 Balance 119.000000, 				Withdraw 500.000000 --insufficient funds[0m
[22;32mUser 0, Acc 3 Balance 189.000000, 				Withdraw 500.000000 --insufficient funds[0m
[22;32mUser 0, Acc 4 Balance 236.000000, 				Withdraw 500.000000 --insufficient funds[0m
User 0, Acc 5 Balance 1031.000000, Withdraw 500.000000 
User 0, Acc 6 Balance 9787.000000, Withdraw 500.000000 
User 0, Acc 7 Balance 61472.000000, Withdraw 500.000000 
User 0, Acc 8 Balance 6659.000000, Withdraw 500.000000 
User 0, Acc 9 Balance 33350.000000, Withdraw 500.000000 
[22;32mUser 0, Acc 0 Balance 452.000000, 				Withdraw 500.000000 --insufficient funds[0m
[22;32mUser 0, Acc 1 Balance 59.000000, 				Withdraw 500.000000 --insufficient funds[0m
[22;32mUser 0, Acc 2 Balance 119.000000, 				Withdraw 500.000000 --insufficient funds[0m
[22;32mUser 0, Acc 3 Balance 189.000000, 				Withdraw 500.000000 --insufficient funds[0m
[22;32mUser 0, Acc 4 Balance 236.000000, 				Withdraw 500.000000 --insufficient funds[0m
User 5, Acc 8 Balance 5459.000000, Transfer 619.000000 to Acc 2
User 0, Acc 5 Balance 531.000000, Withdraw 500.000000 
User 2, Acc 1 Balance 364.000000, Deposit 661.000000 
User 1, Acc 9 Balance 31500.000000, Withdraw 500.000000 
[22;32mUser 4, Acc 0 Balance -221.000000, 				Withdraw 500.000000 --insufficient funds[0m
[22;32mUser 1, Acc 0 Balance 452.000000, 				Withdraw 500.000000 --insufficient funds[0m
User 4, Acc 1 Balance 720.000000, Withdraw 500.000000 
User 4, Acc 2 Balance 738.000000, Withdraw 500.000000 
[22;32mUser 4, Acc 3 Balance 189.000000, 				Withdraw 500.000000 --insufficient funds[0m
[22;32mUser 4, Acc 4 Balance 236.000000, 				Withdraw 500.000000 --insufficient funds[0m
[22;32mUser 4, Acc 5 Balance 31.000000, 				Withdraw 500.000000 --insufficient funds[0m
User 4, Acc 6 Balance 9287.000000, Withdraw 500.000000 
User 4, Acc 7 Balance 60972.000000, Withdraw 500.000000 
User 3, Acc 2 Balance 660.000000, Withdraw 500.000000 
User 5, Acc 7 Balance 60972.000000, Deposit 631.000000 
[22;32mUser 3, Acc 3 Balance 189.000000, 				Withdraw 500.000000 --insufficient funds[0m
User 0, Acc 6 Balance 9287.000000, Withdraw 500.000000 
User 0, Acc 7 Balance 61103.000000, Withdraw 500.000000 
User 0, Acc 8 Balance 5540.000000, Withdraw 500.000000 
User 0, Acc 9 Balance 32350.000000, Withdraw 500.000000 
User 5, Acc 7 Balance 61103.000000, Transfer 631.000000 to Acc 3
[22;32mUser 3, Acc 4 Balance 236.000000, 				Withdraw 500.000000 --insufficient funds[0m
User 4, Acc 8 Balance 5540.000000, Withdraw 500.000000 
[22;32mUser 3, Acc 5 Balance 31.000000, 				Withdraw 500.000000 --insufficient funds[0m
[22;32mUser 0, Acc 0 Balance 452.000000, 				Withdraw 500.000000 --insufficient funds[0m
[22;32mUser 0, Acc 1 Balance 220.000000, 				Withdraw 500.000000 --insufficient funds[0m
[22;32mUser 0, Acc 2 Balance -262.000000, 				Withdraw 500.000000 --insufficient funds[0m
User 0, Acc 3 Balance 820.000000, Withdraw 500.000000 
[22;32mUser 0, Acc 4 Balance 236.000000, 				Withdraw 500.000000 --insufficient funds[0m
[22;32mUser 0, Acc 5 Balance 31.000000, 				Withdraw 500.000000 --insufficient funds[0m
User 0, Acc 6 Balance 8287.000000, Withdraw 500.000000 
User 5, Acc 6 Balance 8287.000000, Deposit 641.000000 
User 4, Acc 9 Balance 31850.000000, Withdraw 500.000000 
User 5, Acc 6 Balance 8428.000000, Transfer 641.000000 to Acc 4
User 3, Acc 6 Balance 8287.000000, Withdraw 500.000000 
User 0, Acc 7 Balance 59972.000000, Withdraw 500.000000 
User 0, Acc 8 Balance 4540.000000, Withdraw 500.000000 
[22;32mUser 4, Acc 0 Balance 452.000000, 				Withdraw 500.000000 --insufficient funds[0m
User 0, Acc 9 Balance 31350.000000, Withdraw 500.000000 
User 5, Acc 5 Balance 31.000000, Deposit 643.000000 
User 2, Acc 0 Balance 452.000000, Deposit 673.000000 
User 3, Acc 7 Balance 59972.000000, Withdraw 500.000000 
User 3, Acc 8 Balance 4040.000000, Withdraw 500.000000 
User 3, Acc 9 Balance 30850.000000, Withdraw 500.000000 
User 3, Acc 0 Balance 1125.000000, Withdraw 500.000000 
[22;32mUser 0, Acc 0 Balance 452.000000, 				Withdraw 500.000000 --insufficient funds[0m
[22;32mUser 3, Acc 1 Balance 220.000000, 				Withdraw 500.000000 --insufficient funds[0m
User 5, Acc 4 Balance 877.000000, Deposit 647.000000 
User 5, Acc 4 Balance 1524.000000, Transfer 1200.000000 to Acc 7
[22;32mUser 3, Acc 2 Balance -262.000000, 				Withdraw 500.000000 --insufficient funds[0m
[22;32mUser 3, Acc 3 Balance 320.000000, 				Withdraw 500.000000 --insufficient funds[0m
[22;32mUser 3, Acc 4 Balance 324.000000, 				Withdraw 500.000000 --insufficient funds[0m
User 3, Acc 5 Balance 674.000000, Withdraw 500.000000 
User 3, Acc 6 Balance 7287.000000, Withdraw 500.000000 
User 3, Acc 7 Balance 60172.000000, Withdraw 500.000000 
User 3, Acc 8 Balance 3540.000000, Withdraw 500.000000 
User 3, Acc 9 Balance 30350.000000, Withdraw 500.000000 
User 3, Acc 0 Balance 625.000000, Withdraw 500.000000 
[22;32mUser 3, Acc 1 Balance 220.000000, 				Withdraw 500.000000 --insufficient funds[0m
[22;32mUser 3, Acc 2 Balance -262.000000, 				Withdraw 500.000000 --insufficient funds[0m
[22;32mUser 3, Acc 3 Balance 320.000000, 				Withdraw 500.000000 --insufficient funds[0m
[22;32mUser 3, Acc 4 Balance 324.000000, 				Withdraw 500.000000 --insufficient funds[0m
[22;32mUser 3, Acc 5 Balance 174.000000, 				Withdraw 500.000000 --insufficient funds[0m
User 3, Acc 6 Balance 6787.000000, Withdraw 500.000000 
User 3, Acc 7 Balance 59672.000000, Withdraw 500.000000 
User 3, Acc 8 Balance 3040.000000, Withdraw 500.000000 
User 3, Acc 9 Balance 29850.000000, Withdraw 500.000000 
[22;32mUser 3, Acc 0 Balance 125.000000, 				Withdraw 500.000000 --insufficient funds[0m
User 5, Acc 3 Balance 320.000000, Deposit 653.000000 
User 5, Acc 2 Balance -262.000000, Deposit 659.000000 
User 5, Acc 1 Balance 220.000000, Deposit 661.000000 
User 5, Acc 0 Balance 125.000000, Deposit 673.000000 
  ***     End of transaction batch    ***  
Account 0 balance after completion of transaction batch: 798.000000
Account 1 balance after completion of transaction batch: 881.000000
Account 2 balance after completion of transaction batch: 397.000000
Account 3 balance after completion of transaction batch: 973.000000
Account 4 balance after completion of transaction batch: 324.000000
Account 5 balance after completion of transaction batch: 174.000000
Account 6 balance after completion of transaction batch: 6287.000000
Account 7 balance after completion of transaction batch: 59172.000000
Account 8 balance after completion of transaction batch: 2540.000000
Account 9 balance after completion of transaction batch: 29350.000000
