# Output generated by:
# ./my_executable 6 data/transactions7.txt data/transactions11.txt data/transactions6.txt data/transactions3.txt data/transactions2.txt data/transactions5.txt

********************************************
   Reading and parsing a transaction file   
********************************************
Parsed transaction: deposit 7 9929.000000 
Loaded deposit transaction
Parsed transaction: deposit 4 937.000000 
Loaded deposit transaction
Parsed transaction: deposit 5 941.000000 
Loaded deposit transaction
Parsed transaction: deposit 0 7.000000 
Loaded deposit transaction
Parsed transaction: deposit 3 29.000000 
Loaded deposit transaction
Parsed transaction: deposit 7 9.000000 
Loaded deposit transaction
Parsed transaction: deposit 9 129.000000 
Loaded deposit transaction
Parsed transaction: transfer 3 7 29.000000 
Loaded transfer transaction
Parsed transaction: transfer 7 6 31.000000 
Loaded transfer transaction
Parsed transaction: transfer 7 5 137.000000 
Loaded transfer transaction
Parsed transaction: transfer 7 4 3.000000 
Loaded transfer transaction
Parsed transaction: transfer 7 4 5.000000 
Loaded transfer transaction
Parsed transaction: withdraw 4 1167.000000 
Loaded withdrawal transaction
Parsed transaction: withdraw 5 1307.000000 
Loaded withdrawal transaction
Parsed transaction: transfer 1 8 89.000000 
Loaded transfer transaction
Parsed transaction: transfer 1 9 163.000000 
Loaded transfer transaction
Parsed transaction: withdraw 1 41.000000 
Loaded withdrawal transaction
Parsed transaction: withdraw 2 71.000000 
Loaded withdrawal transaction
Parsed transaction: withdraw 3 1127.000000 
Loaded withdrawal transaction
Parsed transaction: withdraw 6 647.000000 
Loaded withdrawal transaction
Parsed transaction: deposit 6 1953.000000 
Loaded deposit transaction
Parsed transaction: deposit 7 967.000000 
Loaded deposit transaction
Parsed transaction: transfer 1 7 19.000000 
Loaded transfer transaction
Parsed transaction: transfer 2 7 23.000000 
Loaded transfer transaction
Parsed transaction: transfer 6 5 1167.000000 
Loaded transfer transaction
Parsed transaction: transfer 4 5 53.000000 
Loaded transfer transaction
Parsed transaction: withdraw 7 1593.000000 
Loaded withdrawal transaction
Parsed transaction: withdraw 8 449.000000 
Loaded withdrawal transaction
Parsed transaction: withdraw 9 163.000000 
Loaded withdrawal transaction
********************************************
********************************************
   Reading and parsing a transaction file   
********************************************
Parsed transaction: deposit 9 617.000000 
Loaded deposit transaction
Parsed transaction: transfer 9 9 617.000000 
Loaded transfer transaction
Parsed transaction: deposit 8 619.000000 
Loaded deposit transaction
Parsed transaction: transfer 8 2 619.000000 
Loaded transfer transaction
Parsed transaction: deposit 7 631.000000 
Loaded deposit transaction
Parsed transaction: transfer 7 3 631.000000 
Loaded transfer transaction
Parsed transaction: deposit 6 641.000000 
Loaded deposit transaction
Parsed transaction: transfer 6 4 641.000000 
Loaded transfer transaction
Parsed transaction: deposit 5 643.000000 
Loaded deposit transaction
Parsed transaction: transfer 5 6 1200.000000 
Loaded transfer transaction
Parsed transaction: deposit 4 647.000000 
Loaded deposit transaction
Parsed transaction: transfer 4 7 1200.000000 
Loaded transfer transaction
Parsed transaction: deposit 3 653.000000 
Loaded deposit transaction
Parsed transaction: transfer 3 8 1200.000000 
Loaded transfer transaction
Parsed transaction: deposit 2 659.000000 
Loaded deposit transaction
Parsed transaction: transfer 2 9 1200.000000 
Loaded transfer transaction
Parsed transaction: deposit 1 661.000000 
Loaded deposit transaction
Parsed transaction: transfer 1 9 1200.000000 
Loaded transfer transaction
Parsed transaction: deposit 0 673.000000 
Loaded deposit transaction
Parsed transaction: transfer 0 9 1200.000000 
Loaded transfer transaction
Parsed transaction: withdraw 1 50.000000 
Loaded withdrawal transaction
Parsed transaction: withdraw 2 50.000000 
Loaded withdrawal transaction
Parsed transaction: withdraw 3 50.000000 
Loaded withdrawal transaction
Parsed transaction: withdraw 4 50.000000 
Loaded withdrawal transaction
Parsed transaction: withdraw 5 50.000000 
Loaded withdrawal transaction
Parsed transaction: withdraw 6 50.000000 
Loaded withdrawal transaction
Parsed transaction: withdraw 7 50.000000 
Loaded withdrawal transaction
Parsed transaction: withdraw 8 50.000000 
Loaded withdrawal transaction
Parsed transaction: withdraw 9 50.000000 
Loaded withdrawal transaction
Parsed transaction: withdraw 0 50.000000 
Loaded withdrawal transaction
********************************************
********************************************
   Reading and parsing a transaction file   
********************************************
Parsed transaction: deposit 0 7.000000 
Loaded deposit transaction
Parsed transaction: deposit 1 11.000000 
Loaded deposit transaction
Parsed transaction: deposit 2 9.000000 
Loaded deposit transaction
Parsed transaction: transfer 3 7 29.000000 
Loaded transfer transaction
Parsed transaction: transfer 7 6 31.000000 
Loaded transfer transaction
Parsed transaction: transfer 7 5 137.000000 
Loaded transfer transaction
Parsed transaction: transfer 7 4 3.000000 
Loaded transfer transaction
Parsed transaction: transfer 7 4 5.000000 
Loaded transfer transaction
Parsed transaction: deposit 3 929.000000 
Loaded deposit transaction
Parsed transaction: deposit 4 937.000000 
Loaded deposit transaction
Parsed transaction: deposit 5 941.000000 
Loaded deposit transaction
Parsed transaction: withdraw 4 1167.000000 
Loaded withdrawal transaction
Parsed transaction: withdraw 5 1307.000000 
Loaded withdrawal transaction
Parsed transaction: transfer 1 8 89.000000 
Loaded transfer transaction
Parsed transaction: transfer 1 9 163.000000 
Loaded transfer transaction
Parsed transaction: withdraw 1 41.000000 
Loaded withdrawal transaction
Parsed transaction: withdraw 2 71.000000 
Loaded withdrawal transaction
Parsed transaction: withdraw 3 1127.000000 
Loaded withdrawal transaction
Parsed transaction: withdraw 6 647.000000 
Loaded withdrawal transaction
Parsed transaction: deposit 6 953.000000 
Loaded deposit transaction
Parsed transaction: deposit 7 967.000000 
Loaded deposit transaction
Parsed transaction: transfer 1 7 19.000000 
Loaded transfer transaction
Parsed transaction: transfer 2 7 23.000000 
Loaded transfer transaction
Parsed transaction: transfer 6 5 1167.000000 
Loaded transfer transaction
Parsed transaction: transfer 4 5 53.000000 
Loaded transfer transaction
Parsed transaction: withdraw 7 1593.000000 
Loaded withdrawal transaction
Parsed transaction: withdraw 8 449.000000 
Loaded withdrawal transaction
Parsed transaction: withdraw 9 163.000000 
Loaded withdrawal transaction
********************************************
********************************************
   Reading and parsing a transaction file   
********************************************
Parsed transaction: deposit 0 400.000000 
Loaded deposit transaction
Parsed transaction: withdraw 0 200.000000 
Loaded withdrawal transaction
Parsed transaction: deposit 1 100.000000 
Loaded deposit transaction
Parsed transaction: deposit 2 900.000000 
Loaded deposit transaction
Parsed transaction: withdraw 1 50.000000 
Loaded withdrawal transaction
Parsed transaction: withdraw 2 150.000000 
Loaded withdrawal transaction
Parsed transaction: deposit 3 500.000000 
Loaded deposit transaction
Parsed transaction: transfer 2 1 300.000000 
Loaded transfer transaction
Parsed transaction: transfer 3 1 300.000000 
Loaded transfer transaction
Parsed transaction: deposit 0 400.000000 
Loaded deposit transaction
Parsed transaction: withdraw 3 200.000000 
Loaded withdrawal transaction
Parsed transaction: balance 1 
Loaded balance transaction
********************************************
********************************************
   Reading and parsing a transaction file   
********************************************
Parsed transaction: deposit 0 400.000000 
Loaded deposit transaction
Parsed transaction: withdraw 0 200.000000 
Loaded withdrawal transaction
Parsed transaction: deposit 0 100.000000 
Loaded deposit transaction
Parsed transaction: withdraw 0 50.000000 
Loaded withdrawal transaction
Parsed transaction: withdraw 0 150.000000 
Loaded withdrawal transaction
Parsed transaction: deposit 0 300.000000 
Loaded deposit transaction
Parsed transaction: transfer 0 1 300.000000 
Loaded transfer transaction
Parsed transaction: balance 1 
Loaded balance transaction
********************************************
********************************************
   Reading and parsing a transaction file   
********************************************
Parsed transaction: deposit 0 907.000000 
Loaded deposit transaction
Parsed transaction: deposit 1 911.000000 
Loaded deposit transaction
Parsed transaction: deposit 2 919.000000 
Loaded deposit transaction
Parsed transaction: transfer 3 7 29.000000 
Loaded transfer transaction
Parsed transaction: transfer 7 6 31.000000 
Loaded transfer transaction
Parsed transaction: transfer 7 5 37.000000 
Loaded transfer transaction
Parsed transaction: transfer 7 4 3.000000 
Loaded transfer transaction
Parsed transaction: transfer 7 4 5.000000 
Loaded transfer transaction
Parsed transaction: deposit 3 929.000000 
Loaded deposit transaction
Parsed transaction: deposit 4 937.000000 
Loaded deposit transaction
Parsed transaction: deposit 5 941.000000 
Loaded deposit transaction
Parsed transaction: withdraw 4 167.000000 
Loaded withdrawal transaction
Parsed transaction: withdraw 5 307.000000 
Loaded withdrawal transaction
Parsed transaction: transfer 1 8 89.000000 
Loaded transfer transaction
Parsed transaction: transfer 1 9 163.000000 
Loaded transfer transaction
Parsed transaction: withdraw 1 41.000000 
Loaded withdrawal transaction
Parsed transaction: withdraw 2 71.000000 
Loaded withdrawal transaction
Parsed transaction: withdraw 3 127.000000 
Loaded withdrawal transaction
Parsed transaction: withdraw 6 647.000000 
Loaded withdrawal transaction
Parsed transaction: deposit 6 953.000000 
Loaded deposit transaction
Parsed transaction: deposit 7 967.000000 
Loaded deposit transaction
Parsed transaction: transfer 1 7 19.000000 
Loaded transfer transaction
Parsed transaction: transfer 2 7 23.000000 
Loaded transfer transaction
Parsed transaction: transfer 6 5 67.000000 
Loaded transfer transaction
Parsed transaction: transfer 4 5 53.000000 
Loaded transfer transaction
Parsed transaction: withdraw 7 593.000000 
Loaded withdrawal transaction
Parsed transaction: withdraw 8 449.000000 
Loaded withdrawal transaction
Parsed transaction: withdraw 9 163.000000 
Loaded withdrawal transaction
********************************************
  ***    Start of transaction batch    ***  
User 0, Acc 7 Balance 0.000000, Deposit 9929.000000 
User 0, Acc 4 Balance 0.000000, Deposit 937.000000 
User 0, Acc 5 Balance 0.000000, Deposit 941.000000 
User 0, Acc 0 Balance 0.000000, Deposit 7.000000 
User 0, Acc 3 Balance 0.000000, Deposit 29.000000 
User 0, Acc 7 Balance 9929.000000, Deposit 9.000000 
User 0, Acc 9 Balance 0.000000, Deposit 129.000000 
User 0, Acc 3 Balance 29.000000, Transfer 29.000000 to Acc 7
User 0, Acc 7 Balance 9967.000000, Transfer 31.000000 to Acc 6
User 0, Acc 7 Balance 9936.000000, Transfer 137.000000 to Acc 5
User 0, Acc 7 Balance 9799.000000, Transfer 3.000000 to Acc 4
User 0, Acc 7 Balance 9796.000000, Transfer 5.000000 to Acc 4
[22;32mUser 0, Acc 4 Balance 945.000000, 				Withdraw 1167.000000 --insufficient funds[0m
[22;32mUser 0, Acc 5 Balance 1078.000000, 				Withdraw 1307.000000 --insufficient funds[0m
[22;32mUser 0, Acc 1 Balance 0.000000, 				Withdraw 41.000000 --insufficient funds[0m
[22;32mUser 0, Acc 2 Balance 0.000000, 				Withdraw 71.000000 --insufficient funds[0m
[22;32mUser 0, Acc 3 Balance 0.000000, 				Withdraw 1127.000000 --insufficient funds[0m
[22;32mUser 0, Acc 6 Balance 31.000000, 				Withdraw 647.000000 --insufficient funds[0m
User 0, Acc 6 Balance 31.000000, Deposit 1953.000000 
User 0, Acc 7 Balance 9791.000000, Deposit 967.000000 
User 0, Acc 6 Balance 1984.000000, Transfer 1167.000000 to Acc 5
User 0, Acc 4 Balance 945.000000, Transfer 53.000000 to Acc 5
User 0, Acc 7 Balance 10758.000000, Withdraw 1593.000000 
[22;32mUser 0, Acc 8 Balance 0.000000, 				Withdraw 449.000000 --insufficient funds[0m
User 4, Acc 0 Balance 7.000000, Deposit 400.000000 
[22;32mUser 0, Acc 9 Balance 129.000000, 				Withdraw 163.000000 --insufficient funds[0m
User 4, Acc 0 Balance 407.000000, Withdraw 200.000000 
User 0, Acc 7 Balance 9165.000000, Deposit 9929.000000 
User 1, Acc 0 Balance 7.000000, Deposit 907.000000 
User 1, Acc 1 Balance 0.000000, Deposit 911.000000 
User 2, Acc 0 Balance 7.000000, Deposit 7.000000 
User 5, Acc 0 Balance 7.000000, Deposit 400.000000 
User 2, Acc 1 Balance 911.000000, Deposit 11.000000 
User 5, Acc 0 Balance 1521.000000, Withdraw 200.000000 
User 5, Acc 0 Balance 1321.000000, Deposit 100.000000 
User 0, Acc 4 Balance 892.000000, Deposit 937.000000 
User 1, Acc 2 Balance 0.000000, Deposit 919.000000 
User 4, Acc 1 Balance 0.000000, Deposit 100.000000 
User 2, Acc 2 Balance 0.000000, Deposit 9.000000 
User 4, Acc 2 Balance 919.000000, Deposit 900.000000 
User 3, Acc 9 Balance 129.000000, Deposit 617.000000 
User 0, Acc 5 Balance 2298.000000, Deposit 941.000000 
User 3, Acc 9 Balance 746.000000, Transfer 617.000000 to Acc 9
User 1, Acc 7 Balance 19094.000000, Transfer 31.000000 to Acc 6
User 2, Acc 7 Balance 19094.000000, Transfer 31.000000 to Acc 6
User 4, Acc 1 Balance 1022.000000, Withdraw 50.000000 
User 2, Acc 7 Balance 19032.000000, Transfer 137.000000 to Acc 5
User 0, Acc 0 Balance 1421.000000, Deposit 7.000000 
User 3, Acc 8 Balance 0.000000, Deposit 619.000000 
User 0, Acc 3 Balance 0.000000, Deposit 29.000000 
User 5, Acc 0 Balance 1421.000000, Withdraw 50.000000 
User 4, Acc 2 Balance 1828.000000, Withdraw 150.000000 
User 1, Acc 7 Balance 19063.000000, Transfer 37.000000 to Acc 5
User 3, Acc 8 Balance 619.000000, Transfer 619.000000 to Acc 2
User 1, Acc 7 Balance 18858.000000, Transfer 3.000000 to Acc 4
User 0, Acc 7 Balance 18895.000000, Deposit 9.000000 
User 5, Acc 0 Balance 1378.000000, Withdraw 150.000000 
User 2, Acc 7 Balance 18895.000000, Transfer 3.000000 to Acc 4
User 5, Acc 0 Balance 1228.000000, Deposit 300.000000 
User 4, Acc 3 Balance 29.000000, Deposit 500.000000 
User 1, Acc 7 Balance 18855.000000, Transfer 5.000000 to Acc 4
User 3, Acc 7 Balance 18855.000000, Deposit 631.000000 
User 1, Acc 3 Balance 529.000000, Deposit 929.000000 
User 0, Acc 9 Balance 746.000000, Deposit 129.000000 
User 1, Acc 4 Balance 1840.000000, Deposit 937.000000 
User 4, Acc 2 Balance 2297.000000, Transfer 300.000000 to Acc 1
User 3, Acc 7 Balance 19487.000000, Transfer 631.000000 to Acc 3
User 4, Acc 3 Balance 1458.000000, Transfer 300.000000 to Acc 1
User 3, Acc 6 Balance 879.000000, Deposit 641.000000 
User 3, Acc 6 Balance 1520.000000, Transfer 641.000000 to Acc 4
User 0, Acc 3 Balance 1458.000000, Transfer 29.000000 to Acc 7
User 1, Acc 5 Balance 3413.000000, Deposit 941.000000 
User 0, Acc 7 Balance 18885.000000, Transfer 31.000000 to Acc 6
User 1, Acc 4 Balance 3418.000000, Withdraw 167.000000 
User 1, Acc 5 Balance 4354.000000, Withdraw 307.000000 
User 0, Acc 7 Balance 18854.000000, Transfer 137.000000 to Acc 5
User 1, Acc 1 Balance 1572.000000, Transfer 89.000000 to Acc 8
User 0, Acc 7 Balance 18717.000000, Transfer 3.000000 to Acc 4
User 1, Acc 1 Balance 1483.000000, Transfer 163.000000 to Acc 9
User 4, Acc 0 Balance 1528.000000, Deposit 400.000000 
User 1, Acc 1 Balance 1320.000000, Withdraw 41.000000 
User 4, Acc 3 Balance 1760.000000, Withdraw 200.000000 
User 1, Acc 2 Balance 1997.000000, Withdraw 71.000000 
User 1, Acc 3 Balance 1760.000000, Withdraw 127.000000 
Balance in 1: 1279.000000
User 5, Acc 0 Balance 1528.000000, Transfer 300.000000 to Acc 1
User 4, Acc 9 Balance 1038.000000, Deposit 617.000000 
Balance in 1: 1579.000000
User 5, Acc 0 Balance 1628.000000, Deposit 7.000000 
User 1, Acc 6 Balance 910.000000, Withdraw 647.000000 
User 5, Acc 1 Balance 1579.000000, Deposit 11.000000 
User 1, Acc 6 Balance 263.000000, Deposit 953.000000 
User 5, Acc 2 Balance 1926.000000, Deposit 9.000000 
User 4, Acc 9 Balance 1655.000000, Transfer 617.000000 to Acc 9
User 0, Acc 7 Balance 18714.000000, Transfer 5.000000 to Acc 4
User 4, Acc 8 Balance 89.000000, Deposit 619.000000 
User 4, Acc 8 Balance 708.000000, Transfer 619.000000 to Acc 2
User 5, Acc 3 Balance 1433.000000, Transfer 29.000000 to Acc 7
User 1, Acc 7 Balance 18714.000000, Deposit 967.000000 
User 3, Acc 5 Balance 3413.000000, Deposit 643.000000 
User 1, Acc 1 Balance 1590.000000, Transfer 19.000000 to Acc 7
User 0, Acc 4 Balance 3259.000000, Withdraw 1167.000000 
User 4, Acc 7 Balance 18709.000000, Deposit 631.000000 
User 5, Acc 7 Balance 18738.000000, Transfer 31.000000 to Acc 6
User 4, Acc 7 Balance 20355.000000, Transfer 631.000000 to Acc 3
User 2, Acc 7 Balance 18861.000000, Transfer 5.000000 to Acc 4
User 4, Acc 6 Balance 1247.000000, Deposit 641.000000 
User 2, Acc 3 Balance 2035.000000, Deposit 929.000000 
User 2, Acc 4 Balance 2097.000000, Deposit 937.000000 
User 4, Acc 6 Balance 1888.000000, Transfer 641.000000 to Acc 4
User 4, Acc 5 Balance 4827.000000, Deposit 643.000000 
User 5, Acc 7 Balance 20324.000000, Transfer 137.000000 to Acc 5
User 1, Acc 2 Balance 2554.000000, Transfer 23.000000 to Acc 7
User 2, Acc 5 Balance 4827.000000, Deposit 941.000000 
User 1, Acc 6 Balance 1247.000000, Transfer 67.000000 to Acc 5
User 3, Acc 5 Balance 4827.000000, Transfer 1200.000000 to Acc 6
User 1, Acc 4 Balance 3675.000000, Transfer 53.000000 to Acc 5
User 3, Acc 4 Balance 3675.000000, Deposit 647.000000 
User 3, Acc 4 Balance 4322.000000, Transfer 1200.000000 to Acc 7
User 1, Acc 7 Balance 19574.000000, Withdraw 593.000000 
User 0, Acc 5 Balance 4827.000000, Withdraw 1307.000000 
User 4, Acc 5 Balance 5470.000000, Transfer 1200.000000 to Acc 6
User 5, Acc 7 Balance 19551.000000, Transfer 3.000000 to Acc 4
User 4, Acc 4 Balance 3069.000000, Deposit 647.000000 
User 5, Acc 7 Balance 20178.000000, Transfer 5.000000 to Acc 4
User 4, Acc 4 Balance 3719.000000, Transfer 1200.000000 to Acc 7
User 4, Acc 3 Balance 2964.000000, Deposit 653.000000 
User 0, Acc 1 Balance 1571.000000, Transfer 89.000000 to Acc 8
User 2, Acc 4 Balance 3675.000000, Withdraw 1167.000000 
User 0, Acc 1 Balance 1482.000000, Transfer 163.000000 to Acc 9
User 5, Acc 3 Balance 2964.000000, Deposit 929.000000 
[22;32mUser 1, Acc 8 Balance 89.000000, 				Withdraw 449.000000 --insufficient funds[0m
User 5, Acc 4 Balance 1357.000000, Deposit 937.000000 
User 1, Acc 9 Balance 1818.000000, Withdraw 163.000000 
User 5, Acc 5 Balance 2961.000000, Deposit 941.000000 
User 1, Acc 7 Balance 21373.000000, Deposit 9929.000000 
User 4, Acc 3 Balance 3617.000000, Transfer 1200.000000 to Acc 8
User 3, Acc 3 Balance 2964.000000, Deposit 653.000000 
User 4, Acc 2 Balance 2531.000000, Deposit 659.000000 
User 2, Acc 5 Balance 2961.000000, Withdraw 1307.000000 
User 0, Acc 1 Balance 1319.000000, Withdraw 41.000000 
User 5, Acc 4 Balance 2294.000000, Withdraw 1167.000000 
User 1, Acc 4 Balance 2294.000000, Deposit 937.000000 
User 4, Acc 2 Balance 3190.000000, Transfer 1200.000000 to Acc 9
User 1, Acc 5 Balance 2595.000000, Deposit 941.000000 
User 2, Acc 1 Balance 1319.000000, Transfer 89.000000 to Acc 8
User 0, Acc 2 Balance 3190.000000, Withdraw 71.000000 
User 5, Acc 5 Balance 2595.000000, Withdraw 1307.000000 
User 3, Acc 3 Balance 3999.000000, Transfer 1200.000000 to Acc 8
User 4, Acc 1 Balance 1278.000000, Deposit 661.000000 
User 1, Acc 0 Balance 1635.000000, Deposit 7.000000 
User 4, Acc 1 Balance 1850.000000, Transfer 1200.000000 to Acc 9
User 1, Acc 3 Balance 2799.000000, Deposit 29.000000 
User 1, Acc 7 Balance 31302.000000, Deposit 9.000000 
User 4, Acc 0 Balance 1642.000000, Deposit 673.000000 
User 5, Acc 1 Balance 1189.000000, Transfer 89.000000 to Acc 8
User 4, Acc 0 Balance 2315.000000, Transfer 1200.000000 to Acc 9
User 5, Acc 1 Balance 561.000000, Transfer 163.000000 to Acc 9
User 5, Acc 1 Balance 398.000000, Withdraw 41.000000 
User 1, Acc 9 Balance 4055.000000, Deposit 129.000000 
User 3, Acc 2 Balance 1919.000000, Deposit 659.000000 
User 1, Acc 3 Balance 2828.000000, Transfer 29.000000 to Acc 7
User 0, Acc 3 Balance 3999.000000, Withdraw 1127.000000 
User 0, Acc 6 Balance 3580.000000, Withdraw 647.000000 
User 0, Acc 6 Balance 2933.000000, Deposit 1953.000000 
User 0, Acc 7 Balance 31340.000000, Deposit 967.000000 
User 3, Acc 2 Balance 2578.000000, Transfer 1200.000000 to Acc 9
User 0, Acc 1 Balance 357.000000, Transfer 19.000000 to Acc 7
User 3, Acc 1 Balance 357.000000, Deposit 661.000000 
User 0, Acc 2 Balance 1378.000000, Transfer 23.000000 to Acc 7
User 2, Acc 1 Balance 1189.000000, Transfer 163.000000 to Acc 9
User 0, Acc 6 Balance 4886.000000, Transfer 1167.000000 to Acc 5
User 5, Acc 2 Balance 1919.000000, Withdraw 71.000000 
User 3, Acc 0 Balance 1115.000000, Deposit 673.000000 
User 5, Acc 3 Balance 1672.000000, Withdraw 1127.000000 
User 5, Acc 6 Balance 3719.000000, Withdraw 647.000000 
User 2, Acc 1 Balance 836.000000, Withdraw 41.000000 
User 1, Acc 7 Balance 31340.000000, Transfer 31.000000 to Acc 6
User 1, Acc 7 Balance 32318.000000, Transfer 137.000000 to Acc 5
User 1, Acc 7 Balance 32181.000000, Transfer 3.000000 to Acc 4
User 1, Acc 7 Balance 32178.000000, Transfer 5.000000 to Acc 4
User 1, Acc 4 Balance 2072.000000, Withdraw 1167.000000 
User 1, Acc 5 Balance 3533.000000, Withdraw 1307.000000 
User 5, Acc 6 Balance 3072.000000, Deposit 953.000000 
User 1, Acc 1 Balance 795.000000, Transfer 89.000000 to Acc 8
User 5, Acc 7 Balance 32173.000000, Deposit 967.000000 
User 1, Acc 1 Balance 706.000000, Transfer 163.000000 to Acc 9
User 1, Acc 1 Balance 543.000000, Withdraw 41.000000 
User 3, Acc 0 Balance 1788.000000, Transfer 1200.000000 to Acc 9
User 1, Acc 2 Balance 1284.000000, Withdraw 71.000000 
User 0, Acc 4 Balance 2064.000000, Transfer 53.000000 to Acc 5
User 4, Acc 1 Balance 398.000000, Withdraw 50.000000 
User 5, Acc 1 Balance 543.000000, Transfer 19.000000 to Acc 7
User 4, Acc 2 Balance 1213.000000, Withdraw 50.000000 
User 5, Acc 2 Balance 1213.000000, Transfer 23.000000 to Acc 7
User 3, Acc 1 Balance 502.000000, Withdraw 50.000000 
[22;32mUser 1, Acc 3 Balance 545.000000, 				Withdraw 1127.000000 --insufficient funds[0m
User 0, Acc 7 Balance 33140.000000, Withdraw 1593.000000 
User 1, Acc 6 Balance 4056.000000, Withdraw 647.000000 
User 1, Acc 6 Balance 3409.000000, Deposit 1953.000000 
User 5, Acc 6 Balance 4056.000000, Transfer 1167.000000 to Acc 5
User 4, Acc 3 Balance 545.000000, Withdraw 50.000000 
User 5, Acc 4 Balance 852.000000, Transfer 53.000000 to Acc 5
User 2, Acc 2 Balance 1284.000000, Withdraw 71.000000 
User 0, Acc 8 Balance 2845.000000, Withdraw 449.000000 
User 1, Acc 7 Balance 31589.000000, Deposit 967.000000 
User 0, Acc 9 Balance 8273.000000, Withdraw 163.000000 
User 1, Acc 1 Balance 383.000000, Transfer 19.000000 to Acc 7
User 1, Acc 2 Balance 1069.000000, Transfer 23.000000 to Acc 7
User 0, Acc 0 Balance 588.000000, Deposit 400.000000 
User 5, Acc 7 Balance 31589.000000, Withdraw 1593.000000 
User 3, Acc 2 Balance 1140.000000, Withdraw 50.000000 
User 5, Acc 8 Balance 2396.000000, Withdraw 449.000000 
User 3, Acc 3 Balance 495.000000, Withdraw 50.000000 
User 1, Acc 6 Balance 4195.000000, Transfer 1167.000000 to Acc 5
User 0, Acc 0 Balance 988.000000, Withdraw 200.000000 
User 1, Acc 4 Balance 799.000000, Transfer 53.000000 to Acc 5
User 4, Acc 4 Balance 852.000000, Withdraw 50.000000 
User 1, Acc 7 Balance 31005.000000, Withdraw 1593.000000 
User 4, Acc 5 Balance 4719.000000, Withdraw 50.000000 
[22;32mUser 2, Acc 3 Balance 495.000000, 				Withdraw 1127.000000 --insufficient funds[0m
User 4, Acc 6 Balance 3028.000000, Withdraw 50.000000 
User 5, Acc 9 Balance 8110.000000, Withdraw 163.000000 
User 4, Acc 7 Balance 29412.000000, Withdraw 50.000000 
User 4, Acc 8 Balance 1947.000000, Withdraw 50.000000 
User 0, Acc 1 Balance 364.000000, Deposit 100.000000 
User 4, Acc 9 Balance 7947.000000, Withdraw 50.000000 
User 0, Acc 2 Balance 996.000000, Deposit 900.000000 
User 4, Acc 0 Balance 788.000000, Withdraw 50.000000 
User 0, Acc 1 Balance 464.000000, Withdraw 50.000000 
User 0, Acc 2 Balance 1896.000000, Withdraw 150.000000 
User 2, Acc 6 Balance 3028.000000, Withdraw 647.000000 
User 0, Acc 3 Balance 445.000000, Deposit 500.000000 
User 2, Acc 6 Balance 2331.000000, Deposit 953.000000 
User 0, Acc 2 Balance 1746.000000, Transfer 300.000000 to Acc 1
User 0, Acc 3 Balance 945.000000, Transfer 300.000000 to Acc 1
User 3, Acc 4 Balance 799.000000, Withdraw 50.000000 
User 3, Acc 5 Balance 4669.000000, Withdraw 50.000000 
User 3, Acc 6 Balance 3284.000000, Withdraw 50.000000 
User 3, Acc 7 Balance 29362.000000, Withdraw 50.000000 
User 3, Acc 8 Balance 1897.000000, Withdraw 50.000000 
User 3, Acc 9 Balance 7897.000000, Withdraw 50.000000 
User 3, Acc 0 Balance 738.000000, Withdraw 50.000000 
User 3, Acc 0 Balance 688.000000, Deposit 7.000000 
User 3, Acc 1 Balance 1014.000000, Deposit 11.000000 
User 3, Acc 2 Balance 1446.000000, Deposit 9.000000 
User 3, Acc 3 Balance 645.000000, Transfer 29.000000 to Acc 7
User 3, Acc 7 Balance 29341.000000, Transfer 31.000000 to Acc 6
User 3, Acc 7 Balance 29310.000000, Transfer 137.000000 to Acc 5
User 3, Acc 7 Balance 29173.000000, Transfer 3.000000 to Acc 4
User 3, Acc 7 Balance 29170.000000, Transfer 5.000000 to Acc 4
User 3, Acc 3 Balance 616.000000, Deposit 929.000000 
User 3, Acc 4 Balance 654.000000, Deposit 937.000000 
User 3, Acc 5 Balance 4756.000000, Deposit 941.000000 
User 3, Acc 4 Balance 1591.000000, Withdraw 1167.000000 
User 3, Acc 5 Balance 5697.000000, Withdraw 1307.000000 
User 3, Acc 1 Balance 1025.000000, Transfer 89.000000 to Acc 8
User 3, Acc 1 Balance 936.000000, Transfer 163.000000 to Acc 9
User 3, Acc 1 Balance 773.000000, Withdraw 41.000000 
User 3, Acc 2 Balance 1455.000000, Withdraw 71.000000 
User 3, Acc 3 Balance 1545.000000, Withdraw 1127.000000 
User 3, Acc 6 Balance 3265.000000, Withdraw 647.000000 
User 3, Acc 6 Balance 2618.000000, Deposit 953.000000 
User 3, Acc 7 Balance 29165.000000, Deposit 967.000000 
User 3, Acc 1 Balance 732.000000, Transfer 19.000000 to Acc 7
User 3, Acc 2 Balance 1384.000000, Transfer 23.000000 to Acc 7
User 3, Acc 6 Balance 3571.000000, Transfer 1167.000000 to Acc 5
User 3, Acc 4 Balance 424.000000, Transfer 53.000000 to Acc 5
User 3, Acc 7 Balance 30174.000000, Withdraw 1593.000000 
User 3, Acc 8 Balance 1936.000000, Withdraw 449.000000 
User 3, Acc 9 Balance 8010.000000, Withdraw 163.000000 
User 3, Acc 7 Balance 28581.000000, Deposit 9929.000000 
User 5, Acc 7 Balance 29362.000000, Deposit 9929.000000 
User 4, Acc 9 Balance 7897.000000, Deposit 617.000000 
User 0, Acc 0 Balance 738.000000, Deposit 400.000000 
User 4, Acc 9 Balance 8464.000000, Transfer 617.000000 to Acc 9
User 0, Acc 3 Balance 418.000000, Withdraw 200.000000 
User 4, Acc 8 Balance 1487.000000, Deposit 619.000000 
Balance in 1: 713.000000
User 5, Acc 4 Balance 371.000000, Deposit 937.000000 
User 1, Acc 8 Balance 1947.000000, Withdraw 449.000000 
User 5, Acc 5 Balance 5610.000000, Deposit 941.000000 
User 1, Acc 9 Balance 8464.000000, Withdraw 163.000000 
User 5, Acc 0 Balance 1095.000000, Deposit 7.000000 
User 5, Acc 3 Balance 218.000000, Deposit 29.000000 
User 1, Acc 0 Balance 1102.000000, Deposit 400.000000 
User 5, Acc 7 Balance 48439.000000, Deposit 9.000000 
User 1, Acc 0 Balance 1502.000000, Withdraw 200.000000 
User 5, Acc 9 Balance 8301.000000, Deposit 129.000000 
User 1, Acc 1 Balance 713.000000, Deposit 100.000000 
User 1, Acc 2 Balance 1361.000000, Deposit 900.000000 
User 2, Acc 7 Balance 29362.000000, Deposit 967.000000 
User 1, Acc 1 Balance 813.000000, Withdraw 50.000000 
User 2, Acc 1 Balance 813.000000, Transfer 19.000000 to Acc 7
User 0, Acc 9 Balance 8464.000000, Deposit 617.000000 
User 5, Acc 3 Balance 247.000000, Transfer 29.000000 to Acc 7
User 0, Acc 9 Balance 9047.000000, Transfer 617.000000 to Acc 9
User 5, Acc 7 Balance 49463.000000, Transfer 31.000000 to Acc 6
User 0, Acc 8 Balance 1657.000000, Deposit 619.000000 
User 5, Acc 7 Balance 49432.000000, Transfer 137.000000 to Acc 5
User 4, Acc 8 Balance 2106.000000, Transfer 619.000000 to Acc 2
User 1, Acc 2 Balance 2261.000000, Withdraw 150.000000 
User 2, Acc 2 Balance 2261.000000, Transfer 23.000000 to Acc 7
User 1, Acc 3 Balance 218.000000, Deposit 500.000000 
User 2, Acc 6 Balance 2435.000000, Transfer 1167.000000 to Acc 5
User 1, Acc 2 Balance 2707.000000, Transfer 300.000000 to Acc 1
User 1, Acc 3 Balance 718.000000, Transfer 300.000000 to Acc 1
User 0, Acc 8 Balance 2276.000000, Transfer 619.000000 to Acc 2
User 3, Acc 4 Balance 371.000000, Deposit 937.000000 
User 2, Acc 4 Balance 1308.000000, Transfer 53.000000 to Acc 5
User 5, Acc 7 Balance 49295.000000, Transfer 3.000000 to Acc 4
User 4, Acc 7 Balance 49295.000000, Deposit 631.000000 
User 5, Acc 7 Balance 49315.000000, Transfer 5.000000 to Acc 4
User 4, Acc 7 Balance 49946.000000, Transfer 631.000000 to Acc 3
User 5, Acc 4 Balance 2200.000000, Withdraw 1167.000000 
User 4, Acc 6 Balance 1268.000000, Deposit 641.000000 
User 5, Acc 5 Balance 7908.000000, Withdraw 1307.000000 
User 4, Acc 6 Balance 1909.000000, Transfer 641.000000 to Acc 4
User 5, Acc 1 Balance 1344.000000, Transfer 89.000000 to Acc 8
User 4, Acc 5 Balance 6601.000000, Deposit 643.000000 
User 2, Acc 7 Balance 49318.000000, Withdraw 1593.000000 
User 0, Acc 7 Balance 49318.000000, Deposit 631.000000 
User 0, Acc 7 Balance 48348.000000, Transfer 631.000000 to Acc 3
User 5, Acc 1 Balance 1255.000000, Transfer 163.000000 to Acc 9
User 1, Acc 0 Balance 1302.000000, Deposit 400.000000 
User 4, Acc 5 Balance 7244.000000, Transfer 1200.000000 to Acc 6
User 1, Acc 3 Balance 1680.000000, Withdraw 200.000000 
User 4, Acc 4 Balance 1674.000000, Deposit 647.000000 
Balance in 1: 1092.000000
User 1, Acc 0 Balance 1702.000000, Deposit 400.000000 
User 0, Acc 6 Balance 1268.000000, Deposit 641.000000 
User 5, Acc 1 Balance 1092.000000, Withdraw 41.000000 
User 0, Acc 6 Balance 3109.000000, Transfer 641.000000 to Acc 4
User 5, Acc 2 Balance 3026.000000, Withdraw 71.000000 
User 5, Acc 3 Balance 1480.000000, Withdraw 1127.000000 
User 1, Acc 0 Balance 2102.000000, Withdraw 200.000000 
User 4, Acc 4 Balance 2321.000000, Transfer 1200.000000 to Acc 7
User 1, Acc 0 Balance 1902.000000, Deposit 100.000000 
User 4, Acc 3 Balance 353.000000, Deposit 653.000000 
User 3, Acc 5 Balance 7855.000000, Deposit 941.000000 
User 0, Acc 5 Balance 6044.000000, Deposit 643.000000 
User 5, Acc 6 Balance 2468.000000, Withdraw 647.000000 
User 0, Acc 5 Balance 7628.000000, Transfer 1200.000000 to Acc 6
User 2, Acc 8 Balance 1127.000000, Withdraw 449.000000 
User 4, Acc 2 Balance 2955.000000, Deposit 659.000000 
User 1, Acc 0 Balance 2002.000000, Withdraw 50.000000 
User 4, Acc 2 Balance 3614.000000, Transfer 1200.000000 to Acc 9
User 3, Acc 0 Balance 2002.000000, Deposit 7.000000 
User 0, Acc 4 Balance 1762.000000, Deposit 647.000000 
User 5, Acc 6 Balance 3021.000000, Deposit 1953.000000 
User 0, Acc 4 Balance 2409.000000, Transfer 1200.000000 to Acc 7
User 2, Acc 9 Balance 9210.000000, Withdraw 163.000000 
User 4, Acc 1 Balance 1051.000000, Deposit 661.000000 
User 2, Acc 7 Balance 50117.000000, Deposit 9929.000000 
User 4, Acc 1 Balance 1712.000000, Transfer 1200.000000 to Acc 9
User 2, Acc 4 Balance 1209.000000, Deposit 937.000000 
User 0, Acc 3 Balance 1006.000000, Deposit 653.000000 
User 5, Acc 7 Balance 50117.000000, Deposit 967.000000 
User 0, Acc 3 Balance 1659.000000, Transfer 1200.000000 to Acc 8
User 5, Acc 1 Balance 512.000000, Transfer 19.000000 to Acc 7
User 5, Acc 2 Balance 2414.000000, Transfer 23.000000 to Acc 7
User 2, Acc 5 Balance 6428.000000, Deposit 941.000000 
User 5, Acc 6 Balance 4974.000000, Transfer 1167.000000 to Acc 5
User 3, Acc 3 Balance 1006.000000, Deposit 29.000000 
User 5, Acc 4 Balance 2146.000000, Transfer 53.000000 to Acc 5
User 0, Acc 2 Balance 2414.000000, Deposit 659.000000 
User 1, Acc 0 Balance 1952.000000, Withdraw 150.000000 
User 0, Acc 2 Balance 3050.000000, Transfer 1200.000000 to Acc 9
User 1, Acc 0 Balance 1809.000000, Deposit 300.000000 
User 3, Acc 7 Balance 61055.000000, Deposit 9.000000 
User 5, Acc 7 Balance 61055.000000, Withdraw 1593.000000 
User 4, Acc 0 Balance 1959.000000, Deposit 673.000000 
User 5, Acc 8 Balance 1878.000000, Withdraw 449.000000 
User 2, Acc 0 Balance 1959.000000, Deposit 7.000000 
User 1, Acc 0 Balance 2109.000000, Transfer 300.000000 to Acc 1
User 0, Acc 1 Balance 493.000000, Deposit 661.000000 
Balance in 1: 793.000000
User 1, Acc 9 Balance 12647.000000, Deposit 617.000000 
User 1, Acc 9 Balance 13264.000000, Transfer 617.000000 to Acc 9
User 1, Acc 8 Balance 1429.000000, Deposit 619.000000 
User 1, Acc 8 Balance 2048.000000, Transfer 619.000000 to Acc 2
User 1, Acc 7 Balance 59471.000000, Deposit 631.000000 
User 1, Acc 7 Balance 60102.000000, Transfer 631.000000 to Acc 3
User 1, Acc 6 Balance 3807.000000, Deposit 641.000000 
User 1, Acc 6 Balance 4448.000000, Transfer 641.000000 to Acc 4
User 5, Acc 9 Balance 12647.000000, Withdraw 163.000000 
User 5, Acc 0 Balance 2489.000000, Deposit 907.000000 
User 5, Acc 1 Balance 1454.000000, Deposit 911.000000 
User 5, Acc 2 Balance 2469.000000, Deposit 919.000000 
User 5, Acc 3 Balance 1119.000000, Transfer 29.000000 to Acc 7
User 5, Acc 7 Balance 59500.000000, Transfer 31.000000 to Acc 6
User 5, Acc 7 Balance 59469.000000, Transfer 37.000000 to Acc 5
User 5, Acc 7 Balance 59432.000000, Transfer 3.000000 to Acc 4
User 5, Acc 7 Balance 59429.000000, Transfer 5.000000 to Acc 4
User 5, Acc 3 Balance 1090.000000, Deposit 929.000000 
User 5, Acc 4 Balance 2742.000000, Deposit 937.000000 
User 4, Acc 0 Balance 2782.000000, Transfer 1200.000000 to Acc 9
User 2, Acc 3 Balance 488.000000, Deposit 29.000000 
User 3, Acc 9 Balance 12647.000000, Deposit 129.000000 
User 0, Acc 1 Balance 1454.000000, Transfer 1200.000000 to Acc 9
User 1, Acc 5 Balance 8589.000000, Deposit 643.000000 
User 5, Acc 5 Balance 8626.000000, Deposit 941.000000 
User 4, Acc 1 Balance 2365.000000, Withdraw 50.000000 
User 5, Acc 4 Balance 3679.000000, Withdraw 167.000000 
User 4, Acc 2 Balance 3388.000000, Withdraw 50.000000 
User 5, Acc 5 Balance 10210.000000, Withdraw 307.000000 
User 5, Acc 1 Balance 1115.000000, Transfer 89.000000 to Acc 8
User 1, Acc 5 Balance 9269.000000, Transfer 1200.000000 to Acc 6
User 2, Acc 7 Balance 59424.000000, Deposit 9.000000 
User 1, Acc 4 Balance 3512.000000, Deposit 647.000000 
User 2, Acc 9 Balance 15630.000000, Deposit 129.000000 
User 1, Acc 4 Balance 4159.000000, Transfer 1200.000000 to Acc 7
User 1, Acc 3 Balance 2048.000000, Deposit 653.000000 
User 5, Acc 1 Balance 1026.000000, Transfer 163.000000 to Acc 9
User 3, Acc 3 Balance 2048.000000, Transfer 29.000000 to Acc 7
User 5, Acc 1 Balance 863.000000, Withdraw 41.000000 
User 3, Acc 7 Balance 60662.000000, Transfer 31.000000 to Acc 6
User 2, Acc 3 Balance 2048.000000, Transfer 29.000000 to Acc 7
User 0, Acc 0 Balance 2196.000000, Deposit 673.000000 
User 2, Acc 7 Balance 60660.000000, Transfer 31.000000 to Acc 6
User 0, Acc 0 Balance 2869.000000, Transfer 1200.000000 to Acc 9
User 3, Acc 7 Balance 60631.000000, Transfer 137.000000 to Acc 5
User 0, Acc 1 Balance 822.000000, Withdraw 50.000000 
User 3, Acc 7 Balance 60492.000000, Transfer 3.000000 to Acc 4
User 0, Acc 2 Balance 3338.000000, Withdraw 50.000000 
User 3, Acc 7 Balance 60489.000000, Transfer 5.000000 to Acc 4
User 2, Acc 7 Balance 60629.000000, Transfer 137.000000 to Acc 5
User 3, Acc 4 Balance 2967.000000, Withdraw 1167.000000 
User 1, Acc 3 Balance 2701.000000, Transfer 1200.000000 to Acc 8
User 0, Acc 3 Balance 2643.000000, Withdraw 50.000000 
User 5, Acc 2 Balance 3338.000000, Withdraw 71.000000 
User 2, Acc 7 Balance 60347.000000, Transfer 3.000000 to Acc 4
User 5, Acc 3 Balance 1393.000000, Withdraw 127.000000 
User 5, Acc 6 Balance 5100.000000, Withdraw 647.000000 
User 4, Acc 3 Balance 2048.000000, Withdraw 50.000000 
User 1, Acc 2 Balance 3288.000000, Deposit 659.000000 
User 0, Acc 4 Balance 1800.000000, Withdraw 50.000000 
User 3, Acc 5 Balance 8977.000000, Withdraw 1307.000000 
User 0, Acc 5 Balance 8977.000000, Withdraw 50.000000 
User 3, Acc 1 Balance 772.000000, Transfer 89.000000 to Acc 8
User 5, Acc 6 Balance 4453.000000, Deposit 953.000000 
User 4, Acc 4 Balance 1803.000000, Withdraw 50.000000 
User 1, Acc 2 Balance 3876.000000, Transfer 1200.000000 to Acc 9
User 2, Acc 7 Balance 60344.000000, Transfer 5.000000 to Acc 4
User 1, Acc 1 Balance 683.000000, Deposit 661.000000 
User 1, Acc 1 Balance 1344.000000, Transfer 1200.000000 to Acc 9
User 3, Acc 1 Balance 683.000000, Transfer 163.000000 to Acc 9
[22;32mUser 3, Acc 1 Balance -19.000000, 				Withdraw 41.000000 --insufficient funds[0m
User 3, Acc 2 Balance 2676.000000, Withdraw 71.000000 
User 3, Acc 3 Balance 1216.000000, Withdraw 1127.000000 
User 3, Acc 6 Balance 5406.000000, Withdraw 647.000000 
User 3, Acc 6 Balance 4759.000000, Deposit 1953.000000 
User 3, Acc 7 Balance 60339.000000, Deposit 967.000000 
User 3, Acc 2 Balance 2605.000000, Transfer 23.000000 to Acc 7
User 3, Acc 6 Balance 6712.000000, Transfer 1167.000000 to Acc 5
User 3, Acc 4 Balance 1708.000000, Transfer 53.000000 to Acc 5
User 3, Acc 7 Balance 61329.000000, Withdraw 1593.000000 
User 3, Acc 8 Balance 2807.000000, Withdraw 449.000000 
User 3, Acc 9 Balance 19685.000000, Withdraw 163.000000 
User 3, Acc 0 Balance 1669.000000, Deposit 7.000000 
User 0, Acc 6 Balance 4453.000000, Withdraw 50.000000 
User 0, Acc 7 Balance 59736.000000, Withdraw 50.000000 
User 0, Acc 8 Balance 2358.000000, Withdraw 50.000000 
User 0, Acc 9 Balance 19522.000000, Withdraw 50.000000 
User 0, Acc 0 Balance 1676.000000, Withdraw 50.000000 
User 0, Acc 0 Balance 1626.000000, Deposit 7.000000 
User 0, Acc 1 Balance -19.000000, Deposit 11.000000 
User 0, Acc 2 Balance 2582.000000, Deposit 9.000000 
User 0, Acc 3 Balance 89.000000, Transfer 29.000000 to Acc 7
User 0, Acc 7 Balance 59715.000000, Transfer 31.000000 to Acc 6
User 3, Acc 1 Balance -19.000000, Deposit 11.000000 
User 0, Acc 7 Balance 59684.000000, Transfer 137.000000 to Acc 5
User 0, Acc 7 Balance 59547.000000, Transfer 3.000000 to Acc 4
User 1, Acc 0 Balance 1669.000000, Deposit 673.000000 
User 5, Acc 7 Balance 60344.000000, Deposit 967.000000 
User 1, Acc 0 Balance 2306.000000, Transfer 1200.000000 to Acc 9
User 5, Acc 2 Balance 2591.000000, Transfer 23.000000 to Acc 7
[22;32mUser 1, Acc 1 Balance 3.000000, 				Withdraw 50.000000 --insufficient funds[0m
User 1, Acc 2 Balance 2591.000000, Withdraw 50.000000 
User 0, Acc 7 Balance 59544.000000, Transfer 5.000000 to Acc 4
User 1, Acc 3 Balance 60.000000, Withdraw 50.000000 
User 1, Acc 4 Balance 1658.000000, Withdraw 50.000000 
User 0, Acc 3 Balance 10.000000, Deposit 929.000000 
User 1, Acc 5 Balance 8977.000000, Withdraw 50.000000 
User 1, Acc 6 Balance 5526.000000, Withdraw 50.000000 
User 0, Acc 4 Balance 1613.000000, Deposit 937.000000 
User 0, Acc 5 Balance 8927.000000, Deposit 941.000000 
User 4, Acc 5 Balance 7620.000000, Withdraw 50.000000 
User 2, Acc 4 Balance 1708.000000, Withdraw 1167.000000 
User 4, Acc 6 Balance 5476.000000, Withdraw 50.000000 
User 5, Acc 6 Balance 5526.000000, Transfer 67.000000 to Acc 5
User 1, Acc 7 Balance 60529.000000, Withdraw 50.000000 
User 5, Acc 4 Balance 1383.000000, Transfer 53.000000 to Acc 5
User 1, Acc 8 Balance 2308.000000, Withdraw 50.000000 
User 5, Acc 7 Balance 60479.000000, Withdraw 593.000000 
User 1, Acc 9 Balance 20672.000000, Withdraw 50.000000 
User 5, Acc 8 Balance 2258.000000, Withdraw 449.000000 
User 5, Acc 9 Balance 20672.000000, Withdraw 163.000000 
User 3, Acc 2 Balance 2591.000000, Deposit 9.000000 
User 5, Acc 9 Balance 20459.000000, Deposit 617.000000 
User 4, Acc 7 Balance 60529.000000, Withdraw 50.000000 
User 0, Acc 4 Balance 2550.000000, Withdraw 1167.000000 
User 1, Acc 0 Balance 1106.000000, Withdraw 50.000000 
User 0, Acc 5 Balance 9938.000000, Withdraw 1307.000000 
User 1, Acc 0 Balance 1056.000000, Deposit 400.000000 
[22;32mUser 0, Acc 1 Balance 3.000000, 				Withdraw 41.000000 --insufficient funds[0m
User 0, Acc 2 Balance 2527.000000, Withdraw 71.000000 
[22;32mUser 0, Acc 3 Balance 939.000000, 				Withdraw 1127.000000 --insufficient funds[0m
User 4, Acc 8 Balance 1809.000000, Withdraw 50.000000 
User 0, Acc 6 Balance 5359.000000, Withdraw 647.000000 
User 4, Acc 9 Balance 21076.000000, Withdraw 50.000000 
User 0, Acc 6 Balance 4712.000000, Deposit 953.000000 
User 4, Acc 0 Balance 1456.000000, Withdraw 50.000000 
User 1, Acc 0 Balance 1456.000000, Withdraw 200.000000 
User 3, Acc 3 Balance 939.000000, Transfer 29.000000 to Acc 7
User 1, Acc 1 Balance 3.000000, Deposit 100.000000 
User 1, Acc 2 Balance 2456.000000, Deposit 900.000000 
User 1, Acc 1 Balance 103.000000, Withdraw 50.000000 
User 1, Acc 2 Balance 3356.000000, Withdraw 150.000000 
User 1, Acc 3 Balance 910.000000, Deposit 500.000000 
User 1, Acc 2 Balance 3206.000000, Transfer 300.000000 to Acc 1
User 1, Acc 3 Balance 1410.000000, Transfer 300.000000 to Acc 1
User 1, Acc 0 Balance 1206.000000, Deposit 400.000000 
User 1, Acc 3 Balance 1110.000000, Withdraw 200.000000 
User 5, Acc 9 Balance 21076.000000, Transfer 617.000000 to Acc 9
User 5, Acc 8 Balance 1759.000000, Deposit 619.000000 
User 5, Acc 8 Balance 2378.000000, Transfer 619.000000 to Acc 2
User 5, Acc 7 Balance 59865.000000, Deposit 631.000000 
User 5, Acc 7 Balance 60496.000000, Transfer 631.000000 to Acc 3
User 5, Acc 6 Balance 5665.000000, Deposit 641.000000 
User 5, Acc 6 Balance 6306.000000, Transfer 641.000000 to Acc 4
User 5, Acc 5 Balance 8631.000000, Deposit 643.000000 
User 5, Acc 5 Balance 9274.000000, Transfer 1200.000000 to Acc 6
Balance in 1: 653.000000
User 5, Acc 4 Balance 804.000000, Deposit 647.000000 
User 1, Acc 0 Balance 1606.000000, Deposit 400.000000 
User 5, Acc 4 Balance 1451.000000, Transfer 1200.000000 to Acc 7
User 1, Acc 0 Balance 2006.000000, Withdraw 200.000000 
User 3, Acc 7 Balance 59865.000000, Transfer 31.000000 to Acc 6
User 1, Acc 1 Balance 653.000000, Deposit 100.000000 
User 4, Acc 0 Balance 1406.000000, Deposit 400.000000 
User 1, Acc 2 Balance 3525.000000, Deposit 900.000000 
User 0, Acc 7 Balance 59836.000000, Deposit 967.000000 
User 3, Acc 7 Balance 61034.000000, Transfer 137.000000 to Acc 5
User 0, Acc 1 Balance 753.000000, Transfer 19.000000 to Acc 7
User 3, Acc 7 Balance 61864.000000, Transfer 3.000000 to Acc 4
User 0, Acc 2 Balance 4425.000000, Transfer 23.000000 to Acc 7
User 4, Acc 0 Balance 2206.000000, Withdraw 200.000000 
User 0, Acc 6 Balance 6896.000000, Transfer 1167.000000 to Acc 5
User 4, Acc 0 Balance 2006.000000, Deposit 100.000000 
User 0, Acc 4 Balance 254.000000, Transfer 53.000000 to Acc 5
User 3, Acc 7 Balance 61880.000000, Transfer 5.000000 to Acc 4
User 1, Acc 1 Balance 753.000000, Withdraw 50.000000 
User 3, Acc 3 Balance 1541.000000, Deposit 929.000000 
User 5, Acc 3 Balance 1541.000000, Deposit 653.000000 
User 4, Acc 0 Balance 2106.000000, Withdraw 50.000000 
User 5, Acc 3 Balance 3123.000000, Transfer 1200.000000 to Acc 8
User 4, Acc 0 Balance 2056.000000, Withdraw 150.000000 
User 5, Acc 2 Balance 4402.000000, Deposit 659.000000 
User 5, Acc 2 Balance 5061.000000, Transfer 1200.000000 to Acc 9
User 0, Acc 7 Balance 61903.000000, Withdraw 1593.000000 
User 2, Acc 5 Balance 9818.000000, Withdraw 1307.000000 
User 4, Acc 0 Balance 1906.000000, Deposit 300.000000 
User 1, Acc 2 Balance 4402.000000, Withdraw 150.000000 
User 4, Acc 0 Balance 2206.000000, Transfer 300.000000 to Acc 1
User 3, Acc 4 Balance 206.000000, Deposit 937.000000 
User 5, Acc 1 Balance 684.000000, Deposit 661.000000 
User 0, Acc 8 Balance 2959.000000, Withdraw 449.000000 
User 5, Acc 1 Balance 1645.000000, Transfer 1200.000000 to Acc 9
User 0, Acc 9 Balance 22226.000000, Withdraw 163.000000 
Balance in 1: 984.000000
User 0, Acc 0 Balance 1906.000000, Deposit 7.000000 
User 4, Acc 0 Balance 1906.000000, Deposit 907.000000 
User 0, Acc 1 Balance 445.000000, Deposit 11.000000 
User 4, Acc 1 Balance 445.000000, Deposit 911.000000 
User 1, Acc 3 Balance 1923.000000, Deposit 500.000000 
User 4, Acc 2 Balance 3711.000000, Deposit 919.000000 
User 1, Acc 2 Balance 3711.000000, Transfer 300.000000 to Acc 1
User 0, Acc 2 Balance 3711.000000, Deposit 9.000000 
User 3, Acc 5 Balance 8124.000000, Deposit 941.000000 
User 0, Acc 3 Balance 2423.000000, Transfer 29.000000 to Acc 7
[22;32mUser 3, Acc 4 Balance 1143.000000, 				Withdraw 1167.000000 --insufficient funds[0m
User 3, Acc 5 Balance 9065.000000, Withdraw 1307.000000 
User 4, Acc 3 Balance 2423.000000, Transfer 29.000000 to Acc 7
User 1, Acc 3 Balance 2423.000000, Transfer 300.000000 to Acc 1
User 4, Acc 7 Balance 60363.000000, Transfer 31.000000 to Acc 6
User 1, Acc 0 Balance 2820.000000, Deposit 400.000000 
User 1, Acc 3 Balance 2065.000000, Withdraw 200.000000 
User 3, Acc 1 Balance 1667.000000, Transfer 89.000000 to Acc 8
User 3, Acc 1 Balance 1878.000000, Transfer 163.000000 to Acc 9
User 2, Acc 1 Balance 684.000000, Transfer 89.000000 to Acc 8
User 2, Acc 1 Balance 1626.000000, Transfer 163.000000 to Acc 9
User 2, Acc 1 Balance 1463.000000, Withdraw 41.000000 
User 2, Acc 2 Balance 4339.000000, Withdraw 71.000000 
User 2, Acc 3 Balance 1865.000000, Withdraw 1127.000000 
User 2, Acc 6 Balance 5760.000000, Withdraw 647.000000 
User 2, Acc 6 Balance 5113.000000, Deposit 1953.000000 
User 2, Acc 7 Balance 60332.000000, Deposit 967.000000 
User 2, Acc 1 Balance 1422.000000, Transfer 19.000000 to Acc 7
User 2, Acc 2 Balance 4268.000000, Transfer 23.000000 to Acc 7
User 2, Acc 6 Balance 7066.000000, Transfer 1167.000000 to Acc 5
User 2, Acc 4 Balance 1143.000000, Transfer 53.000000 to Acc 5
User 2, Acc 7 Balance 61341.000000, Withdraw 1593.000000 
User 2, Acc 8 Balance 2688.000000, Withdraw 449.000000 
User 2, Acc 9 Balance 23589.000000, Withdraw 163.000000 
User 2, Acc 0 Balance 3220.000000, Deposit 400.000000 
User 0, Acc 7 Balance 60334.000000, Transfer 31.000000 to Acc 6
Balance in 1: 1967.000000
User 0, Acc 7 Balance 59717.000000, Transfer 137.000000 to Acc 5
User 3, Acc 1 Balance 1715.000000, Withdraw 41.000000 
User 0, Acc 7 Balance 59580.000000, Transfer 3.000000 to Acc 4
User 5, Acc 0 Balance 1906.000000, Deposit 673.000000 
User 0, Acc 7 Balance 59577.000000, Transfer 5.000000 to Acc 4
User 0, Acc 3 Balance 738.000000, Deposit 929.000000 
User 4, Acc 7 Balance 60332.000000, Transfer 37.000000 to Acc 5
User 3, Acc 2 Balance 4245.000000, Withdraw 71.000000 
User 4, Acc 7 Balance 59535.000000, Transfer 3.000000 to Acc 4
User 3, Acc 3 Balance 1667.000000, Withdraw 1127.000000 
User 5, Acc 0 Balance 4293.000000, Transfer 1200.000000 to Acc 9
User 1, Acc 0 Balance 3620.000000, Deposit 400.000000 
User 5, Acc 1 Balance 1362.000000, Withdraw 50.000000 
User 1, Acc 0 Balance 3493.000000, Withdraw 200.000000 
User 5, Acc 2 Balance 4174.000000, Withdraw 50.000000 
User 3, Acc 6 Balance 5930.000000, Withdraw 647.000000 
User 0, Acc 4 Balance 1098.000000, Deposit 937.000000 
User 3, Acc 6 Balance 5283.000000, Deposit 953.000000 
User 4, Acc 7 Balance 59532.000000, Transfer 5.000000 to Acc 4
User 1, Acc 0 Balance 3293.000000, Deposit 100.000000 
User 4, Acc 3 Balance 540.000000, Deposit 929.000000 
User 1, Acc 0 Balance 3393.000000, Withdraw 50.000000 
User 1, Acc 0 Balance 3343.000000, Withdraw 150.000000 
User 3, Acc 7 Balance 59532.000000, Deposit 967.000000 
User 1, Acc 0 Balance 3193.000000, Deposit 300.000000 
User 2, Acc 0 Balance 3620.000000, Withdraw 200.000000 
User 1, Acc 0 Balance 3493.000000, Transfer 300.000000 to Acc 1
User 4, Acc 4 Balance 2043.000000, Deposit 937.000000 
User 5, Acc 3 Balance 540.000000, Withdraw 50.000000 
User 4, Acc 5 Balance 9152.000000, Deposit 941.000000 
User 5, Acc 4 Balance 2980.000000, Withdraw 50.000000 
User 5, Acc 5 Balance 10093.000000, Withdraw 50.000000 
User 0, Acc 5 Balance 9152.000000, Deposit 941.000000 
Balance in 1: 1612.000000
User 0, Acc 4 Balance 2930.000000, Withdraw 1167.000000 
User 2, Acc 1 Balance 1312.000000, Deposit 100.000000 
User 0, Acc 5 Balance 10984.000000, Withdraw 1307.000000 
User 4, Acc 4 Balance 2930.000000, Withdraw 167.000000 
User 0, Acc 1 Balance 1712.000000, Transfer 89.000000 to Acc 8
User 4, Acc 5 Balance 9677.000000, Withdraw 307.000000 
User 1, Acc 0 Balance 2993.000000, Deposit 400.000000 
User 4, Acc 1 Balance 1623.000000, Transfer 89.000000 to Acc 8
User 1, Acc 0 Balance 3393.000000, Withdraw 200.000000 
User 4, Acc 1 Balance 1534.000000, Transfer 163.000000 to Acc 9
User 1, Acc 0 Balance 3193.000000, Deposit 100.000000 
User 3, Acc 1 Balance 1312.000000, Transfer 19.000000 to Acc 7
User 0, Acc 1 Balance 1623.000000, Transfer 163.000000 to Acc 9
User 2, Acc 2 Balance 4124.000000, Deposit 900.000000 
User 0, Acc 1 Balance 1208.000000, Withdraw 41.000000 
User 2, Acc 1 Balance 1208.000000, Withdraw 50.000000 
User 5, Acc 6 Balance 6236.000000, Withdraw 50.000000 
User 5, Acc 7 Balance 60513.000000, Withdraw 50.000000 
User 0, Acc 2 Balance 5024.000000, Withdraw 71.000000 
User 5, Acc 8 Balance 2417.000000, Withdraw 50.000000 
User 2, Acc 2 Balance 5024.000000, Withdraw 150.000000 
User 5, Acc 9 Balance 24952.000000, Withdraw 50.000000 
User 2, Acc 3 Balance 1419.000000, Deposit 500.000000 
User 5, Acc 0 Balance 3293.000000, Withdraw 50.000000 
User 2, Acc 2 Balance 4803.000000, Transfer 300.000000 to Acc 1
User 5, Acc 0 Balance 3243.000000, Deposit 907.000000 
User 5, Acc 1 Balance 1398.000000, Deposit 911.000000 
User 4, Acc 1 Balance 1371.000000, Withdraw 41.000000 
User 0, Acc 3 Balance 1419.000000, Withdraw 1127.000000 
User 4, Acc 2 Balance 4503.000000, Withdraw 71.000000 
User 0, Acc 6 Balance 6186.000000, Withdraw 647.000000 
User 0, Acc 6 Balance 5539.000000, Deposit 953.000000 
User 3, Acc 2 Balance 5024.000000, Transfer 23.000000 to Acc 7
User 0, Acc 7 Balance 60463.000000, Deposit 967.000000 
User 3, Acc 6 Balance 6492.000000, Transfer 1167.000000 to Acc 5
User 0, Acc 1 Balance 2268.000000, Transfer 19.000000 to Acc 7
User 4, Acc 3 Balance 792.000000, Withdraw 127.000000 
User 5, Acc 2 Balance 4503.000000, Deposit 919.000000 
User 4, Acc 6 Balance 5325.000000, Withdraw 647.000000 
User 1, Acc 0 Balance 3293.000000, Withdraw 50.000000 
User 0, Acc 2 Balance 4409.000000, Transfer 23.000000 to Acc 7
User 1, Acc 0 Balance 4100.000000, Withdraw 150.000000 
User 5, Acc 3 Balance 665.000000, Transfer 29.000000 to Acc 7
User 3, Acc 4 Balance 1596.000000, Transfer 53.000000 to Acc 5
User 5, Acc 7 Balance 61524.000000, Transfer 31.000000 to Acc 6
User 4, Acc 6 Balance 4678.000000, Deposit 953.000000 
User 0, Acc 6 Balance 4678.000000, Transfer 1167.000000 to Acc 5
User 4, Acc 7 Balance 61493.000000, Deposit 967.000000 
User 1, Acc 0 Balance 3950.000000, Deposit 300.000000 
User 4, Acc 1 Balance 2249.000000, Transfer 19.000000 to Acc 7
User 5, Acc 7 Balance 61493.000000, Transfer 37.000000 to Acc 5
User 0, Acc 4 Balance 1543.000000, Transfer 53.000000 to Acc 5
User 5, Acc 7 Balance 62442.000000, Transfer 3.000000 to Acc 4
User 5, Acc 7 Balance 62439.000000, Transfer 5.000000 to Acc 4
User 0, Acc 7 Balance 62439.000000, Withdraw 1593.000000 
User 5, Acc 3 Balance 636.000000, Deposit 929.000000 
User 0, Acc 8 Balance 2367.000000, Withdraw 449.000000 
User 5, Acc 4 Balance 1498.000000, Deposit 937.000000 
User 2, Acc 3 Balance 1919.000000, Transfer 300.000000 to Acc 1
User 1, Acc 0 Balance 4250.000000, Transfer 300.000000 to Acc 1
User 4, Acc 2 Balance 5305.000000, Transfer 23.000000 to Acc 7
Balance in 1: 2830.000000
User 0, Acc 9 Balance 24902.000000, Withdraw 163.000000 
User 1, Acc 0 Balance 3950.000000, Deposit 400.000000 
User 0, Acc 0 Balance 3950.000000, Deposit 907.000000 
User 1, Acc 0 Balance 4350.000000, Withdraw 200.000000 
User 4, Acc 6 Balance 4495.000000, Transfer 67.000000 to Acc 5
User 1, Acc 0 Balance 5057.000000, Deposit 100.000000 
User 2, Acc 0 Balance 4250.000000, Deposit 400.000000 
User 0, Acc 1 Balance 2830.000000, Deposit 911.000000 
User 2, Acc 3 Balance 1265.000000, Withdraw 200.000000 
User 0, Acc 2 Balance 5282.000000, Deposit 919.000000 
Balance in 1: 3741.000000
User 4, Acc 4 Balance 2435.000000, Transfer 53.000000 to Acc 5
User 2, Acc 0 Balance 5557.000000, Deposit 907.000000 
User 4, Acc 7 Balance 60864.000000, Withdraw 593.000000 
User 2, Acc 1 Balance 3741.000000, Deposit 911.000000 
User 4, Acc 8 Balance 1918.000000, Withdraw 449.000000 
User 2, Acc 2 Balance 6201.000000, Deposit 919.000000 
User 4, Acc 9 Balance 24739.000000, Withdraw 163.000000 
User 2, Acc 3 Balance 1065.000000, Transfer 29.000000 to Acc 7
User 5, Acc 5 Balance 11847.000000, Deposit 941.000000 
User 1, Acc 0 Balance 5157.000000, Withdraw 50.000000 
User 5, Acc 4 Balance 2382.000000, Withdraw 167.000000 
User 1, Acc 0 Balance 6414.000000, Withdraw 150.000000 
User 5, Acc 5 Balance 12908.000000, Withdraw 307.000000 
User 2, Acc 7 Balance 60300.000000, Transfer 31.000000 to Acc 6
User 5, Acc 1 Balance 4652.000000, Transfer 89.000000 to Acc 8
User 5, Acc 1 Balance 4563.000000, Transfer 163.000000 to Acc 9
User 5, Acc 1 Balance 4400.000000, Withdraw 41.000000 
User 5, Acc 2 Balance 7120.000000, Withdraw 71.000000 
User 5, Acc 3 Balance 1036.000000, Withdraw 127.000000 
User 5, Acc 6 Balance 4459.000000, Withdraw 647.000000 
User 2, Acc 7 Balance 60269.000000, Transfer 37.000000 to Acc 5
User 1, Acc 0 Balance 6264.000000, Deposit 300.000000 
User 3, Acc 7 Balance 61524.000000, Withdraw 1593.000000 
User 1, Acc 0 Balance 6564.000000, Transfer 300.000000 to Acc 1
User 3, Acc 8 Balance 1558.000000, Withdraw 449.000000 
User 5, Acc 6 Balance 3812.000000, Deposit 953.000000 
User 2, Acc 7 Balance 60232.000000, Transfer 3.000000 to Acc 4
User 5, Acc 7 Balance 58639.000000, Deposit 967.000000 
User 3, Acc 9 Balance 24739.000000, Withdraw 163.000000 
User 5, Acc 1 Balance 4659.000000, Transfer 19.000000 to Acc 7
Balance in 1: 4659.000000
User 5, Acc 2 Balance 7049.000000, Transfer 23.000000 to Acc 7
User 5, Acc 6 Balance 4765.000000, Transfer 67.000000 to Acc 5
User 2, Acc 7 Balance 58636.000000, Transfer 5.000000 to Acc 4
User 0, Acc 3 Balance 1065.000000, Transfer 29.000000 to Acc 7
User 2, Acc 3 Balance 909.000000, Deposit 929.000000 
User 5, Acc 4 Balance 2218.000000, Transfer 53.000000 to Acc 5
User 2, Acc 4 Balance 2223.000000, Deposit 937.000000 
User 2, Acc 5 Balance 12758.000000, Deposit 941.000000 
User 2, Acc 4 Balance 3107.000000, Withdraw 167.000000 
User 2, Acc 5 Balance 13699.000000, Withdraw 307.000000 
User 2, Acc 1 Balance 4640.000000, Transfer 89.000000 to Acc 8
User 2, Acc 1 Balance 4551.000000, Transfer 163.000000 to Acc 9
User 2, Acc 1 Balance 4388.000000, Withdraw 41.000000 
User 2, Acc 2 Balance 7026.000000, Withdraw 71.000000 
User 2, Acc 3 Balance 1809.000000, Withdraw 127.000000 
User 2, Acc 6 Balance 4698.000000, Withdraw 647.000000 
User 0, Acc 7 Balance 59669.000000, Transfer 31.000000 to Acc 6
User 2, Acc 6 Balance 4051.000000, Deposit 953.000000 
User 5, Acc 7 Balance 59669.000000, Withdraw 593.000000 
User 2, Acc 7 Balance 59638.000000, Deposit 967.000000 
User 2, Acc 1 Balance 4347.000000, Transfer 19.000000 to Acc 7
User 2, Acc 2 Balance 6955.000000, Transfer 23.000000 to Acc 7
User 2, Acc 6 Balance 5035.000000, Transfer 67.000000 to Acc 5
User 2, Acc 4 Balance 2940.000000, Transfer 53.000000 to Acc 5
User 2, Acc 7 Balance 60054.000000, Withdraw 593.000000 
User 2, Acc 8 Balance 1198.000000, Withdraw 449.000000 
User 2, Acc 9 Balance 24739.000000, Withdraw 163.000000 
User 5, Acc 8 Balance 1198.000000, Withdraw 449.000000 
User 5, Acc 9 Balance 24576.000000, Withdraw 163.000000 
User 0, Acc 7 Balance 59638.000000, Transfer 37.000000 to Acc 5
User 0, Acc 7 Balance 59424.000000, Transfer 3.000000 to Acc 4
User 0, Acc 7 Balance 59421.000000, Transfer 5.000000 to Acc 4
User 0, Acc 3 Balance 1682.000000, Deposit 929.000000 
User 0, Acc 4 Balance 2895.000000, Deposit 937.000000 
User 0, Acc 5 Balance 13549.000000, Deposit 941.000000 
User 0, Acc 4 Balance 3832.000000, Withdraw 167.000000 
User 0, Acc 5 Balance 14490.000000, Withdraw 307.000000 
User 0, Acc 1 Balance 4328.000000, Transfer 89.000000 to Acc 8
User 0, Acc 1 Balance 4239.000000, Transfer 163.000000 to Acc 9
User 0, Acc 1 Balance 4076.000000, Withdraw 41.000000 
User 0, Acc 2 Balance 6932.000000, Withdraw 71.000000 
User 0, Acc 3 Balance 2611.000000, Withdraw 127.000000 
User 0, Acc 6 Balance 4968.000000, Withdraw 647.000000 
User 0, Acc 6 Balance 4321.000000, Deposit 953.000000 
User 0, Acc 7 Balance 59416.000000, Deposit 967.000000 
User 0, Acc 1 Balance 4035.000000, Transfer 19.000000 to Acc 7
User 0, Acc 2 Balance 6861.000000, Transfer 23.000000 to Acc 7
User 0, Acc 6 Balance 5274.000000, Transfer 67.000000 to Acc 5
User 0, Acc 4 Balance 3665.000000, Transfer 53.000000 to Acc 5
User 0, Acc 7 Balance 60425.000000, Withdraw 593.000000 
[22;32mUser 0, Acc 8 Balance 389.000000, 				Withdraw 449.000000 --insufficient funds[0m
User 0, Acc 9 Balance 24576.000000, Withdraw 163.000000 
  ***     End of transaction batch    ***  
Account 0 balance after completion of transaction batch: 6264.000000
Account 1 balance after completion of transaction batch: 4016.000000
Account 2 balance after completion of transaction batch: 6838.000000
Account 3 balance after completion of transaction batch: 2484.000000
Account 4 balance after completion of transaction batch: 3612.000000
Account 5 balance after completion of transaction batch: 14303.000000
Account 6 balance after completion of transaction batch: 5207.000000
Account 7 balance after completion of transaction batch: 59832.000000
Account 8 balance after completion of transaction batch: 389.000000
Account 9 balance after completion of transaction batch: 24413.000000
