# Output generated by:
# ./my_executable 6 data/transactions6.txt data/transactions3.txt data/transactions8.txt data/transactions4.txt data/transactions10.txt data/transactions1.txt

********************************************
   Reading and parsing a transaction file   
********************************************
Parsed transaction: deposit 0 7.000000 
Loaded deposit transaction
Parsed transaction: deposit 1 11.000000 
Loaded deposit transaction
Parsed transaction: deposit 2 9.000000 
Loaded deposit transaction
Parsed transaction: transfer 3 7 29.000000 
Loaded transfer transaction
Parsed transaction: transfer 7 6 31.000000 
Loaded transfer transaction
Parsed transaction: transfer 7 5 137.000000 
Loaded transfer transaction
Parsed transaction: transfer 7 4 3.000000 
Loaded transfer transaction
Parsed transaction: transfer 7 4 5.000000 
Loaded transfer transaction
Parsed transaction: deposit 3 929.000000 
Loaded deposit transaction
Parsed transaction: deposit 4 937.000000 
Loaded deposit transaction
Parsed transaction: deposit 5 941.000000 
Loaded deposit transaction
Parsed transaction: withdraw 4 1167.000000 
Loaded withdrawal transaction
Parsed transaction: withdraw 5 1307.000000 
Loaded withdrawal transaction
Parsed transaction: transfer 1 8 89.000000 
Loaded transfer transaction
Parsed transaction: transfer 1 9 163.000000 
Loaded transfer transaction
Parsed transaction: withdraw 1 41.000000 
Loaded withdrawal transaction
Parsed transaction: withdraw 2 71.000000 
Loaded withdrawal transaction
Parsed transaction: withdraw 3 1127.000000 
Loaded withdrawal transaction
Parsed transaction: withdraw 6 647.000000 
Loaded withdrawal transaction
Parsed transaction: deposit 6 953.000000 
Loaded deposit transaction
Parsed transaction: deposit 7 967.000000 
Loaded deposit transaction
Parsed transaction: transfer 1 7 19.000000 
Loaded transfer transaction
Parsed transaction: transfer 2 7 23.000000 
Loaded transfer transaction
Parsed transaction: transfer 6 5 1167.000000 
Loaded transfer transaction
Parsed transaction: transfer 4 5 53.000000 
Loaded transfer transaction
Parsed transaction: withdraw 7 1593.000000 
Loaded withdrawal transaction
Parsed transaction: withdraw 8 449.000000 
Loaded withdrawal transaction
Parsed transaction: withdraw 9 163.000000 
Loaded withdrawal transaction
********************************************
********************************************
   Reading and parsing a transaction file   
********************************************
Parsed transaction: deposit 0 400.000000 
Loaded deposit transaction
Parsed transaction: withdraw 0 200.000000 
Loaded withdrawal transaction
Parsed transaction: deposit 1 100.000000 
Loaded deposit transaction
Parsed transaction: deposit 2 900.000000 
Loaded deposit transaction
Parsed transaction: withdraw 1 50.000000 
Loaded withdrawal transaction
Parsed transaction: withdraw 2 150.000000 
Loaded withdrawal transaction
Parsed transaction: deposit 3 500.000000 
Loaded deposit transaction
Parsed transaction: transfer 2 1 300.000000 
Loaded transfer transaction
Parsed transaction: transfer 3 1 300.000000 
Loaded transfer transaction
Parsed transaction: deposit 0 400.000000 
Loaded deposit transaction
Parsed transaction: withdraw 3 200.000000 
Loaded withdrawal transaction
Parsed transaction: balance 1 
Loaded balance transaction
********************************************
********************************************
   Reading and parsing a transaction file   
********************************************
Parsed transaction: deposit 9 617.000000 
Loaded deposit transaction
Parsed transaction: transfer 9 1 617.000000 
Loaded transfer transaction
Parsed transaction: deposit 8 619.000000 
Loaded deposit transaction
Parsed transaction: transfer 8 2 619.000000 
Loaded transfer transaction
Parsed transaction: deposit 7 631.000000 
Loaded deposit transaction
Parsed transaction: transfer 7 3 631.000000 
Loaded transfer transaction
Parsed transaction: deposit 6 641.000000 
Loaded deposit transaction
Parsed transaction: transfer 6 4 641.000000 
Loaded transfer transaction
Parsed transaction: deposit 5 643.000000 
Loaded deposit transaction
Parsed transaction: transfer 5 6 1200.000000 
Loaded transfer transaction
Parsed transaction: deposit 4 647.000000 
Loaded deposit transaction
Parsed transaction: transfer 4 7 1200.000000 
Loaded transfer transaction
Parsed transaction: deposit 3 653.000000 
Loaded deposit transaction
Parsed transaction: transfer 3 8 1200.000000 
Loaded transfer transaction
Parsed transaction: deposit 2 659.000000 
Loaded deposit transaction
Parsed transaction: transfer 2 9 1200.000000 
Loaded transfer transaction
Parsed transaction: deposit 1 661.000000 
Loaded deposit transaction
Parsed transaction: transfer 1 9 1200.000000 
Loaded transfer transaction
Parsed transaction: deposit 0 673.000000 
Loaded deposit transaction
Parsed transaction: transfer 0 9 1200.000000 
Loaded transfer transaction
********************************************
********************************************
   Reading and parsing a transaction file   
********************************************
Parsed transaction: deposit 0 907.000000 
Loaded deposit transaction
Parsed transaction: deposit 1 911.000000 
Loaded deposit transaction
Parsed transaction: deposit 2 919.000000 
Loaded deposit transaction
Parsed transaction: deposit 3 929.000000 
Loaded deposit transaction
Parsed transaction: deposit 4 937.000000 
Loaded deposit transaction
Parsed transaction: deposit 5 941.000000 
Loaded deposit transaction
Parsed transaction: deposit 6 953.000000 
Loaded deposit transaction
Parsed transaction: deposit 7 967.000000 
Loaded deposit transaction
Parsed transaction: transfer 1 7 19.000000 
Loaded transfer transaction
Parsed transaction: transfer 2 7 23.000000 
Loaded transfer transaction
Parsed transaction: transfer 3 7 29.000000 
Loaded transfer transaction
Parsed transaction: transfer 7 6 31.000000 
Loaded transfer transaction
Parsed transaction: transfer 7 5 37.000000 
Loaded transfer transaction
Parsed transaction: transfer 7 4 3.000000 
Loaded transfer transaction
Parsed transaction: transfer 7 4 5.000000 
Loaded transfer transaction
Parsed transaction: transfer 6 5 67.000000 
Loaded transfer transaction
Parsed transaction: transfer 4 5 53.000000 
Loaded transfer transaction
Parsed transaction: transfer 1 8 89.000000 
Loaded transfer transaction
Parsed transaction: transfer 1 9 163.000000 
Loaded transfer transaction
Parsed transaction: withdraw 1 41.000000 
Loaded withdrawal transaction
Parsed transaction: withdraw 2 71.000000 
Loaded withdrawal transaction
Parsed transaction: withdraw 3 127.000000 
Loaded withdrawal transaction
Parsed transaction: withdraw 4 167.000000 
Loaded withdrawal transaction
Parsed transaction: withdraw 5 307.000000 
Loaded withdrawal transaction
Parsed transaction: withdraw 6 647.000000 
Loaded withdrawal transaction
Parsed transaction: withdraw 7 593.000000 
Loaded withdrawal transaction
Parsed transaction: withdraw 8 449.000000 
Loaded withdrawal transaction
Parsed transaction: withdraw 9 163.000000 
Loaded withdrawal transaction
********************************************
********************************************
   Reading and parsing a transaction file   
********************************************
Parsed transaction: withdraw 1 500.000000 
Loaded withdrawal transaction
Parsed transaction: withdraw 2 500.000000 
Loaded withdrawal transaction
Parsed transaction: withdraw 3 500.000000 
Loaded withdrawal transaction
Parsed transaction: withdraw 4 500.000000 
Loaded withdrawal transaction
Parsed transaction: withdraw 5 500.000000 
Loaded withdrawal transaction
Parsed transaction: withdraw 6 500.000000 
Loaded withdrawal transaction
Parsed transaction: withdraw 7 500.000000 
Loaded withdrawal transaction
Parsed transaction: withdraw 8 500.000000 
Loaded withdrawal transaction
Parsed transaction: withdraw 9 500.000000 
Loaded withdrawal transaction
Parsed transaction: withdraw 0 500.000000 
Loaded withdrawal transaction
Parsed transaction: withdraw 1 500.000000 
Loaded withdrawal transaction
Parsed transaction: withdraw 2 500.000000 
Loaded withdrawal transaction
Parsed transaction: withdraw 3 500.000000 
Loaded withdrawal transaction
Parsed transaction: withdraw 4 500.000000 
Loaded withdrawal transaction
Parsed transaction: withdraw 5 500.000000 
Loaded withdrawal transaction
Parsed transaction: withdraw 6 500.000000 
Loaded withdrawal transaction
Parsed transaction: withdraw 7 500.000000 
Loaded withdrawal transaction
Parsed transaction: withdraw 8 500.000000 
Loaded withdrawal transaction
Parsed transaction: withdraw 9 500.000000 
Loaded withdrawal transaction
Parsed transaction: withdraw 0 500.000000 
Loaded withdrawal transaction
Parsed transaction: withdraw 1 500.000000 
Loaded withdrawal transaction
Parsed transaction: withdraw 2 500.000000 
Loaded withdrawal transaction
Parsed transaction: withdraw 3 500.000000 
Loaded withdrawal transaction
Parsed transaction: withdraw 4 500.000000 
Loaded withdrawal transaction
Parsed transaction: withdraw 5 500.000000 
Loaded withdrawal transaction
Parsed transaction: withdraw 6 500.000000 
Loaded withdrawal transaction
Parsed transaction: withdraw 7 500.000000 
Loaded withdrawal transaction
Parsed transaction: withdraw 8 500.000000 
Loaded withdrawal transaction
Parsed transaction: withdraw 9 500.000000 
Loaded withdrawal transaction
Parsed transaction: withdraw 0 500.000000 
Loaded withdrawal transaction
********************************************
********************************************
   Reading and parsing a transaction file   
********************************************
Parsed transaction: deposit 0 100.000000 
Loaded deposit transaction
Parsed transaction: deposit 0 200.000000 
Loaded deposit transaction
Parsed transaction: deposit 0 300.000000 
Loaded deposit transaction
Parsed transaction: withdraw 0 200.000000 
Loaded withdrawal transaction
Parsed transaction: withdraw 0 100.000000 
Loaded withdrawal transaction
Parsed transaction: withdraw 0 50.000000 
Loaded withdrawal transaction
Parsed transaction: transfer 1 0 200.000000 
Loaded transfer transaction
Parsed transaction: balance 0 
Loaded balance transaction
********************************************
  ***    Start of transaction batch    ***  
User 0, Acc 0 Balance 0.000000, Deposit 7.000000 
User 0, Acc 1 Balance 0.000000, Deposit 11.000000 
User 0, Acc 2 Balance 0.000000, Deposit 9.000000 
User 0, Acc 3 Balance 0.000000, Deposit 929.000000 
User 0, Acc 4 Balance 0.000000, Deposit 937.000000 
User 0, Acc 5 Balance 0.000000, Deposit 941.000000 
[22;32mUser 0, Acc 4 Balance 937.000000, 				Withdraw 1167.000000 --insufficient funds[0m
[22;32mUser 0, Acc 5 Balance 941.000000, 				Withdraw 1307.000000 --insufficient funds[0m
[22;32mUser 0, Acc 1 Balance 11.000000, 				Withdraw 41.000000 --insufficient funds[0m
[22;32mUser 0, Acc 2 Balance 9.000000, 				Withdraw 71.000000 --insufficient funds[0m
[22;32mUser 0, Acc 3 Balance 929.000000, 				Withdraw 1127.000000 --insufficient funds[0m
[22;32mUser 0, Acc 6 Balance 0.000000, 				Withdraw 647.000000 --insufficient funds[0m
User 0, Acc 6 Balance 0.000000, Deposit 953.000000 
User 0, Acc 7 Balance 0.000000, Deposit 967.000000 
User 0, Acc 4 Balance 937.000000, Transfer 53.000000 to Acc 5
[22;32mUser 0, Acc 7 Balance 967.000000, 				Withdraw 1593.000000 --insufficient funds[0m
[22;32mUser 0, Acc 8 Balance 0.000000, 				Withdraw 449.000000 --insufficient funds[0m
[22;32mUser 0, Acc 9 Balance 0.000000, 				Withdraw 163.000000 --insufficient funds[0m
User 0, Acc 0 Balance 7.000000, Deposit 400.000000 
User 0, Acc 0 Balance 407.000000, Withdraw 200.000000 
User 0, Acc 1 Balance 11.000000, Deposit 100.000000 
User 0, Acc 2 Balance 9.000000, Deposit 900.000000 
User 0, Acc 1 Balance 111.000000, Withdraw 50.000000 
User 0, Acc 2 Balance 909.000000, Withdraw 150.000000 
User 0, Acc 3 Balance 929.000000, Deposit 500.000000 
User 0, Acc 2 Balance 759.000000, Transfer 300.000000 to Acc 1
User 0, Acc 3 Balance 1429.000000, Transfer 300.000000 to Acc 1
User 0, Acc 0 Balance 207.000000, Deposit 400.000000 
User 0, Acc 3 Balance 1129.000000, Withdraw 200.000000 
Balance in 1: 661.000000
User 0, Acc 9 Balance 0.000000, Deposit 617.000000 
User 0, Acc 9 Balance 617.000000, Transfer 617.000000 to Acc 1
User 0, Acc 8 Balance 0.000000, Deposit 619.000000 
User 0, Acc 8 Balance 619.000000, Transfer 619.000000 to Acc 2
User 0, Acc 7 Balance 967.000000, Deposit 631.000000 
User 0, Acc 7 Balance 1598.000000, Transfer 631.000000 to Acc 3
User 0, Acc 6 Balance 953.000000, Deposit 641.000000 
User 0, Acc 6 Balance 1594.000000, Transfer 641.000000 to Acc 4
User 0, Acc 5 Balance 994.000000, Deposit 643.000000 
User 0, Acc 5 Balance 1637.000000, Transfer 1200.000000 to Acc 6
User 0, Acc 4 Balance 1525.000000, Deposit 647.000000 
User 0, Acc 4 Balance 2172.000000, Transfer 1200.000000 to Acc 7
User 0, Acc 3 Balance 1560.000000, Deposit 653.000000 
User 0, Acc 3 Balance 2213.000000, Transfer 1200.000000 to Acc 8
User 0, Acc 2 Balance 1078.000000, Deposit 659.000000 
User 0, Acc 2 Balance 1737.000000, Transfer 1200.000000 to Acc 9
User 3, Acc 0 Balance 607.000000, Deposit 907.000000 
User 2, Acc 0 Balance 607.000000, Deposit 400.000000 
User 0, Acc 1 Balance 1278.000000, Deposit 661.000000 
User 2, Acc 0 Balance 1914.000000, Withdraw 200.000000 
User 5, Acc 1 Balance 1278.000000, Withdraw 500.000000 
User 1, Acc 0 Balance 607.000000, Deposit 100.000000 
User 5, Acc 2 Balance 537.000000, Withdraw 500.000000 
User 5, Acc 3 Balance 1013.000000, Withdraw 500.000000 
User 0, Acc 1 Balance 1939.000000, Transfer 1200.000000 to Acc 9
User 4, Acc 0 Balance 607.000000, Deposit 7.000000 
User 2, Acc 1 Balance 1939.000000, Deposit 100.000000 
User 4, Acc 1 Balance 239.000000, Deposit 11.000000 
User 2, Acc 2 Balance 37.000000, Deposit 900.000000 
User 4, Acc 2 Balance 37.000000, Deposit 9.000000 
User 2, Acc 1 Balance 350.000000, Withdraw 50.000000 
User 2, Acc 2 Balance 937.000000, Withdraw 150.000000 
User 1, Acc 0 Balance 1814.000000, Deposit 200.000000 
User 1, Acc 0 Balance 2021.000000, Deposit 300.000000 
User 0, Acc 0 Balance 1814.000000, Deposit 673.000000 
User 1, Acc 0 Balance 2321.000000, Withdraw 200.000000 
User 1, Acc 0 Balance 2794.000000, Withdraw 100.000000 
User 4, Acc 3 Balance 513.000000, Transfer 29.000000 to Acc 7
User 0, Acc 0 Balance 2994.000000, Transfer 1200.000000 to Acc 9
User 5, Acc 4 Balance 972.000000, Withdraw 500.000000 
User 3, Acc 1 Balance 1278.000000, Deposit 911.000000 
User 1, Acc 0 Balance 2694.000000, Withdraw 50.000000 
User 3, Acc 2 Balance 796.000000, Deposit 919.000000 
User 4, Acc 7 Balance 2196.000000, Transfer 31.000000 to Acc 6
User 3, Acc 3 Balance 484.000000, Deposit 929.000000 
User 4, Acc 7 Balance 2165.000000, Transfer 137.000000 to Acc 5
User 4, Acc 7 Balance 2028.000000, Transfer 3.000000 to Acc 4
User 4, Acc 7 Balance 2025.000000, Transfer 5.000000 to Acc 4
User 4, Acc 3 Balance 1413.000000, Deposit 929.000000 
User 4, Acc 4 Balance 480.000000, Deposit 937.000000 
User 4, Acc 5 Balance 574.000000, Deposit 941.000000 
User 4, Acc 4 Balance 1417.000000, Withdraw 1167.000000 
[22;32mUser 5, Acc 5 Balance 437.000000, 				Withdraw 500.000000 --insufficient funds[0m
User 5, Acc 6 Balance 2184.000000, Withdraw 500.000000 
User 5, Acc 7 Balance 2020.000000, Withdraw 500.000000 
User 5, Acc 8 Balance 1200.000000, Withdraw 500.000000 
User 5, Acc 9 Balance 3600.000000, Withdraw 500.000000 
User 5, Acc 0 Balance 1444.000000, Withdraw 500.000000 
User 5, Acc 1 Balance 1211.000000, Withdraw 500.000000 
User 5, Acc 2 Balance 1715.000000, Withdraw 500.000000 
User 5, Acc 3 Balance 2342.000000, Withdraw 500.000000 
[22;32mUser 5, Acc 4 Balance 250.000000, 				Withdraw 500.000000 --insufficient funds[0m
User 5, Acc 5 Balance 1515.000000, Withdraw 500.000000 
User 5, Acc 6 Balance 1684.000000, Withdraw 500.000000 
User 5, Acc 7 Balance 1520.000000, Withdraw 500.000000 
User 5, Acc 8 Balance 700.000000, Withdraw 500.000000 
User 5, Acc 9 Balance 3100.000000, Withdraw 500.000000 
User 5, Acc 0 Balance 944.000000, Withdraw 500.000000 
User 5, Acc 1 Balance 711.000000, Withdraw 500.000000 
User 5, Acc 2 Balance 1215.000000, Withdraw 500.000000 
User 4, Acc 5 Balance 1515.000000, Withdraw 1307.000000 
User 1, Acc 1 Balance 1211.000000, Transfer 200.000000 to Acc 0
User 0, Acc 0 Balance 1494.000000, Deposit 7.000000 
Balance in 0: 644.000000
User 3, Acc 4 Balance 472.000000, Deposit 937.000000 
User 1, Acc 0 Balance 651.000000, Deposit 7.000000 
User 1, Acc 1 Balance 11.000000, Deposit 11.000000 
User 0, Acc 1 Balance 11.000000, Deposit 11.000000 
User 1, Acc 2 Balance 715.000000, Deposit 9.000000 
User 1, Acc 3 Balance 1842.000000, Transfer 29.000000 to Acc 7
User 1, Acc 7 Balance 1049.000000, Transfer 31.000000 to Acc 6
User 3, Acc 5 Balance -292.000000, Deposit 941.000000 
User 4, Acc 1 Balance 211.000000, Transfer 89.000000 to Acc 8
[22;32mUser 4, Acc 1 Balance -56.000000, 				Withdraw 41.000000 --insufficient funds[0m
User 0, Acc 2 Balance 724.000000, Deposit 9.000000 
User 0, Acc 3 Balance 1813.000000, Transfer 29.000000 to Acc 7
User 0, Acc 7 Balance 1047.000000, Transfer 31.000000 to Acc 6
User 0, Acc 7 Balance 1016.000000, Transfer 137.000000 to Acc 5
User 0, Acc 7 Balance 879.000000, Transfer 3.000000 to Acc 4
User 0, Acc 7 Balance 876.000000, Transfer 5.000000 to Acc 4
User 0, Acc 3 Balance 1784.000000, Deposit 929.000000 
User 0, Acc 4 Balance 1195.000000, Deposit 937.000000 
User 0, Acc 5 Balance 786.000000, Deposit 941.000000 
User 0, Acc 4 Balance 2132.000000, Withdraw 1167.000000 
User 0, Acc 5 Balance 1727.000000, Withdraw 1307.000000 
[22;32mUser 0, Acc 1 Balance -56.000000, 				Withdraw 41.000000 --insufficient funds[0m
User 0, Acc 2 Balance 733.000000, Withdraw 71.000000 
User 0, Acc 3 Balance 2713.000000, Withdraw 1127.000000 
User 0, Acc 6 Balance 1246.000000, Withdraw 647.000000 
User 0, Acc 6 Balance 599.000000, Deposit 953.000000 
User 0, Acc 7 Balance 871.000000, Deposit 967.000000 
User 0, Acc 2 Balance 662.000000, Transfer 23.000000 to Acc 7
User 0, Acc 6 Balance 1552.000000, Transfer 1167.000000 to Acc 5
User 0, Acc 4 Balance 965.000000, Transfer 53.000000 to Acc 5
User 0, Acc 7 Balance 1861.000000, Withdraw 1593.000000 
[22;32mUser 0, Acc 8 Balance 289.000000, 				Withdraw 449.000000 --insufficient funds[0m
User 0, Acc 9 Balance 2600.000000, Withdraw 163.000000 
User 0, Acc 0 Balance 658.000000, Deposit 7.000000 
User 0, Acc 1 Balance -56.000000, Deposit 11.000000 
User 0, Acc 2 Balance 639.000000, Deposit 9.000000 
User 0, Acc 3 Balance 1586.000000, Transfer 29.000000 to Acc 7
User 0, Acc 7 Balance 297.000000, Transfer 31.000000 to Acc 6
User 0, Acc 7 Balance 266.000000, Transfer 137.000000 to Acc 5
User 0, Acc 7 Balance 129.000000, Transfer 3.000000 to Acc 4
User 0, Acc 7 Balance 126.000000, Transfer 5.000000 to Acc 4
User 4, Acc 2 Balance 724.000000, Withdraw 71.000000 
User 0, Acc 3 Balance 1557.000000, Deposit 929.000000 
User 4, Acc 3 Balance 1557.000000, Withdraw 1127.000000 
User 3, Acc 6 Balance 1215.000000, Deposit 953.000000 
[22;32mUser 4, Acc 6 Balance 416.000000, 				Withdraw 647.000000 --insufficient funds[0m
User 2, Acc 3 Balance 513.000000, Deposit 500.000000 
User 2, Acc 2 Balance 577.000000, Transfer 300.000000 to Acc 1
User 2, Acc 3 Balance 1859.000000, Transfer 300.000000 to Acc 1
User 2, Acc 0 Balance 665.000000, Deposit 400.000000 
User 2, Acc 3 Balance 1559.000000, Withdraw 200.000000 
Balance in 1: 555.000000
User 4, Acc 6 Balance 1369.000000, Deposit 953.000000 
User 2, Acc 9 Balance 2437.000000, Deposit 617.000000 
User 0, Acc 4 Balance 920.000000, Deposit 937.000000 
User 2, Acc 9 Balance 3054.000000, Transfer 617.000000 to Acc 1
User 0, Acc 5 Balance 1777.000000, Deposit 941.000000 
User 2, Acc 8 Balance 289.000000, Deposit 619.000000 
User 4, Acc 7 Balance 121.000000, Deposit 967.000000 
User 2, Acc 8 Balance 908.000000, Transfer 619.000000 to Acc 2
User 4, Acc 1 Balance 1172.000000, Transfer 19.000000 to Acc 7
User 0, Acc 4 Balance 1857.000000, Withdraw 1167.000000 
User 4, Acc 2 Balance 896.000000, Transfer 23.000000 to Acc 7
User 0, Acc 5 Balance 2718.000000, Withdraw 1307.000000 
User 1, Acc 7 Balance 1018.000000, Transfer 137.000000 to Acc 5
User 2, Acc 7 Balance 1088.000000, Deposit 631.000000 
User 1, Acc 7 Balance 993.000000, Transfer 3.000000 to Acc 4
User 1, Acc 7 Balance 990.000000, Transfer 5.000000 to Acc 4
User 2, Acc 7 Balance 1621.000000, Transfer 631.000000 to Acc 3
User 1, Acc 3 Balance 1359.000000, Deposit 929.000000 
User 2, Acc 6 Balance 2322.000000, Deposit 641.000000 
User 2, Acc 6 Balance 2963.000000, Transfer 641.000000 to Acc 4
User 4, Acc 6 Balance 2322.000000, Transfer 1167.000000 to Acc 5
User 0, Acc 1 Balance 1153.000000, Transfer 89.000000 to Acc 8
User 3, Acc 7 Balance 121.000000, Deposit 967.000000 
User 1, Acc 4 Balance 698.000000, Deposit 937.000000 
User 5, Acc 3 Balance 1842.000000, Withdraw 500.000000 
User 2, Acc 5 Balance 1548.000000, Deposit 643.000000 
User 5, Acc 4 Balance 2276.000000, Withdraw 500.000000 
User 2, Acc 5 Balance 3358.000000, Transfer 1200.000000 to Acc 6
User 5, Acc 5 Balance 3358.000000, Withdraw 500.000000 
User 2, Acc 4 Balance 1776.000000, Deposit 647.000000 
User 5, Acc 6 Balance 2355.000000, Withdraw 500.000000 
User 5, Acc 7 Balance 1952.000000, Withdraw 500.000000 
User 0, Acc 1 Balance 1064.000000, Transfer 163.000000 to Acc 9
[22;32mUser 5, Acc 8 Balance 378.000000, 				Withdraw 500.000000 --insufficient funds[0m
User 1, Acc 5 Balance 2715.000000, Deposit 941.000000 
User 4, Acc 4 Balance 1339.000000, Transfer 53.000000 to Acc 5
User 2, Acc 4 Balance 2423.000000, Transfer 1200.000000 to Acc 7
[22;32mUser 4, Acc 7 Balance 1452.000000, 				Withdraw 1593.000000 --insufficient funds[0m
User 3, Acc 1 Balance 1064.000000, Transfer 19.000000 to Acc 7
User 5, Acc 9 Balance 2600.000000, Withdraw 500.000000 
User 1, Acc 4 Balance 2423.000000, Withdraw 1167.000000 
User 0, Acc 1 Balance 901.000000, Withdraw 41.000000 
User 1, Acc 5 Balance 2652.000000, Withdraw 1307.000000 
User 2, Acc 3 Balance 2419.000000, Deposit 653.000000 
User 1, Acc 1 Balance 841.000000, Transfer 89.000000 to Acc 8
User 5, Acc 0 Balance 1065.000000, Withdraw 500.000000 
User 0, Acc 2 Balance 873.000000, Withdraw 71.000000 
User 5, Acc 0 Balance 565.000000, Deposit 7.000000 
User 0, Acc 3 Balance 3072.000000, Withdraw 1127.000000 
User 5, Acc 1 Balance 752.000000, Deposit 11.000000 
User 2, Acc 3 Balance 3072.000000, Transfer 1200.000000 to Acc 8
User 5, Acc 2 Balance 802.000000, Deposit 9.000000 
User 5, Acc 3 Balance 1945.000000, Transfer 29.000000 to Acc 7
User 3, Acc 2 Balance 873.000000, Transfer 23.000000 to Acc 7
User 5, Acc 7 Balance 2700.000000, Transfer 31.000000 to Acc 6
User 1, Acc 1 Balance 752.000000, Transfer 163.000000 to Acc 9
[22;32mUser 4, Acc 8 Balance 378.000000, 				Withdraw 449.000000 --insufficient funds[0m
User 2, Acc 2 Balance 811.000000, Deposit 659.000000 
User 4, Acc 9 Balance 2263.000000, Withdraw 163.000000 
User 0, Acc 6 Balance 1855.000000, Withdraw 647.000000 
User 4, Acc 0 Balance 572.000000, Deposit 400.000000 
User 4, Acc 0 Balance 972.000000, Withdraw 200.000000 
User 1, Acc 1 Balance 600.000000, Withdraw 41.000000 
User 3, Acc 3 Balance 716.000000, Transfer 29.000000 to Acc 7
User 1, Acc 2 Balance 1447.000000, Withdraw 71.000000 
User 3, Acc 7 Balance 2721.000000, Transfer 31.000000 to Acc 6
User 5, Acc 7 Balance 2692.000000, Transfer 137.000000 to Acc 5
User 4, Acc 1 Balance 600.000000, Deposit 100.000000 
User 2, Acc 2 Balance 1447.000000, Transfer 1200.000000 to Acc 9
[22;32mUser 1, Acc 3 Balance 687.000000, 				Withdraw 1127.000000 --insufficient funds[0m
User 2, Acc 1 Balance 659.000000, Deposit 661.000000 
User 1, Acc 6 Balance 1270.000000, Withdraw 647.000000 
User 3, Acc 7 Balance 2690.000000, Transfer 37.000000 to Acc 5
User 1, Acc 6 Balance 623.000000, Deposit 953.000000 
User 3, Acc 7 Balance 2516.000000, Transfer 3.000000 to Acc 4
User 0, Acc 6 Balance 1239.000000, Deposit 953.000000 
User 3, Acc 7 Balance 2513.000000, Transfer 5.000000 to Acc 4
User 0, Acc 7 Balance 2513.000000, Deposit 967.000000 
User 3, Acc 6 Balance 2529.000000, Transfer 67.000000 to Acc 5
User 1, Acc 7 Balance 2516.000000, Deposit 967.000000 
User 2, Acc 1 Balance 1320.000000, Transfer 1200.000000 to Acc 9
User 4, Acc 2 Balance 1376.000000, Deposit 900.000000 
User 2, Acc 0 Balance 772.000000, Deposit 673.000000 
User 0, Acc 1 Balance 1320.000000, Transfer 19.000000 to Acc 7
User 3, Acc 1 Balance 1320.000000, Transfer 89.000000 to Acc 8
User 0, Acc 2 Balance 1076.000000, Transfer 23.000000 to Acc 7
User 1, Acc 1 Balance 1320.000000, Transfer 19.000000 to Acc 7
User 1, Acc 2 Balance 1053.000000, Transfer 23.000000 to Acc 7
User 5, Acc 7 Balance 2553.000000, Transfer 3.000000 to Acc 4
User 1, Acc 6 Balance 2462.000000, Transfer 1167.000000 to Acc 5
User 5, Acc 7 Balance 4523.000000, Transfer 5.000000 to Acc 4
User 5, Acc 3 Balance 687.000000, Deposit 929.000000 
User 4, Acc 1 Balance 120.000000, Withdraw 50.000000 
User 2, Acc 0 Balance 1445.000000, Transfer 1200.000000 to Acc 9
[22;32mUser 3, Acc 1 Balance 12.000000, 				Withdraw 41.000000 --insufficient funds[0m
User 2, Acc 0 Balance 245.000000, Deposit 907.000000 
User 0, Acc 6 Balance 2462.000000, Transfer 1167.000000 to Acc 5
User 1, Acc 7 Balance 4518.000000, Withdraw 1593.000000 
User 4, Acc 2 Balance 1030.000000, Withdraw 150.000000 
User 3, Acc 2 Balance 1030.000000, Withdraw 71.000000 
User 4, Acc 3 Balance 1616.000000, Deposit 500.000000 
User 2, Acc 1 Balance -57.000000, Deposit 911.000000 
User 0, Acc 7 Balance 4518.000000, Withdraw 1593.000000 
User 2, Acc 2 Balance 809.000000, Deposit 919.000000 
User 0, Acc 8 Balance 1756.000000, Withdraw 449.000000 
User 3, Acc 3 Balance 1616.000000, Withdraw 127.000000 
User 0, Acc 9 Balance 5700.000000, Withdraw 163.000000 
User 4, Acc 2 Balance 809.000000, Transfer 300.000000 to Acc 1
User 2, Acc 3 Balance 2116.000000, Deposit 929.000000 
User 4, Acc 3 Balance 1989.000000, Transfer 300.000000 to Acc 1
User 4, Acc 0 Balance 1152.000000, Deposit 400.000000 
[22;32mUser 3, Acc 4 Balance 19.000000, 				Withdraw 167.000000 --insufficient funds[0m
User 4, Acc 3 Balance 2618.000000, Withdraw 200.000000 
Balance in 1: 1454.000000
User 1, Acc 8 Balance 1756.000000, Withdraw 449.000000 
User 5, Acc 4 Balance 19.000000, Deposit 937.000000 
User 1, Acc 9 Balance 5537.000000, Withdraw 163.000000 
User 1, Acc 0 Balance 1552.000000, Deposit 400.000000 
User 0, Acc 0 Balance 1152.000000, Deposit 400.000000 
User 1, Acc 0 Balance 1952.000000, Withdraw 200.000000 
User 3, Acc 5 Balance 3920.000000, Withdraw 307.000000 
User 4, Acc 0 Balance 1552.000000, Deposit 400.000000 
User 5, Acc 5 Balance 3920.000000, Deposit 941.000000 
User 4, Acc 0 Balance 2552.000000, Withdraw 200.000000 
User 2, Acc 4 Balance 19.000000, Deposit 937.000000 
User 1, Acc 1 Balance 1454.000000, Deposit 100.000000 
User 2, Acc 5 Balance 4554.000000, Deposit 941.000000 
User 1, Acc 2 Balance 1428.000000, Deposit 900.000000 
[22;32mUser 5, Acc 4 Balance 956.000000, 				Withdraw 1167.000000 --insufficient funds[0m
User 0, Acc 0 Balance 2152.000000, Withdraw 200.000000 
User 5, Acc 5 Balance 5495.000000, Withdraw 1307.000000 
User 2, Acc 6 Balance 128.000000, Deposit 953.000000 
User 1, Acc 1 Balance 1554.000000, Withdraw 50.000000 
User 2, Acc 7 Balance 1332.000000, Deposit 967.000000 
User 2, Acc 1 Balance 1554.000000, Transfer 19.000000 to Acc 7
[22;32mUser 3, Acc 6 Balance 128.000000, 				Withdraw 647.000000 --insufficient funds[0m
User 0, Acc 1 Balance 1554.000000, Deposit 100.000000 
User 5, Acc 1 Balance 1554.000000, Transfer 89.000000 to Acc 8
User 4, Acc 1 Balance 1454.000000, Deposit 100.000000 
User 5, Acc 1 Balance 1496.000000, Transfer 163.000000 to Acc 9
User 1, Acc 2 Balance 2328.000000, Withdraw 150.000000 
User 5, Acc 1 Balance 1433.000000, Withdraw 41.000000 
User 1, Acc 3 Balance 2418.000000, Deposit 500.000000 
User 5, Acc 2 Balance 2178.000000, Withdraw 71.000000 
User 5, Acc 3 Balance 2418.000000, Withdraw 1127.000000 
User 2, Acc 2 Balance 2328.000000, Transfer 23.000000 to Acc 7
User 5, Acc 6 Balance 1081.000000, Withdraw 647.000000 
User 2, Acc 3 Balance 1791.000000, Transfer 29.000000 to Acc 7
User 5, Acc 6 Balance 434.000000, Deposit 953.000000 
User 2, Acc 7 Balance 2370.000000, Transfer 31.000000 to Acc 6
User 5, Acc 7 Balance 2370.000000, Deposit 967.000000 
User 2, Acc 7 Balance 2339.000000, Transfer 37.000000 to Acc 5
User 5, Acc 1 Balance 1392.000000, Transfer 19.000000 to Acc 7
User 2, Acc 7 Balance 3269.000000, Transfer 3.000000 to Acc 4
User 3, Acc 7 Balance 2318.000000, Withdraw 593.000000 
User 0, Acc 2 Balance 2328.000000, Deposit 900.000000 
User 3, Acc 8 Balance 947.000000, Withdraw 449.000000 
User 3, Acc 9 Balance 5537.000000, Withdraw 163.000000 
User 2, Acc 7 Balance 3285.000000, Transfer 5.000000 to Acc 4
User 2, Acc 6 Balance 1418.000000, Transfer 67.000000 to Acc 5
User 2, Acc 4 Balance 1901.000000, Transfer 53.000000 to Acc 5
User 2, Acc 1 Balance 1373.000000, Transfer 89.000000 to Acc 8
User 2, Acc 1 Balance 1284.000000, Transfer 163.000000 to Acc 9
User 2, Acc 1 Balance 1121.000000, Withdraw 41.000000 
User 2, Acc 2 Balance 2984.000000, Withdraw 71.000000 
User 2, Acc 3 Balance 1762.000000, Withdraw 127.000000 
User 5, Acc 2 Balance 2084.000000, Transfer 23.000000 to Acc 7
User 2, Acc 4 Balance 1848.000000, Withdraw 167.000000 
User 3, Acc 9 Balance 5374.000000, Deposit 617.000000 
User 2, Acc 5 Balance 4345.000000, Withdraw 307.000000 
User 1, Acc 2 Balance 2107.000000, Transfer 300.000000 to Acc 1
User 5, Acc 6 Balance 1351.000000, Transfer 1167.000000 to Acc 5
User 4, Acc 2 Balance 2328.000000, Deposit 900.000000 
User 0, Acc 1 Balance 1373.000000, Withdraw 50.000000 
User 4, Acc 1 Balance 1380.000000, Withdraw 50.000000 
User 4, Acc 2 Balance 3490.000000, Withdraw 150.000000 
User 2, Acc 6 Balance 1351.000000, Withdraw 647.000000 
User 1, Acc 3 Balance 1635.000000, Transfer 300.000000 to Acc 1
User 5, Acc 4 Balance 1681.000000, Transfer 53.000000 to Acc 5
User 3, Acc 9 Balance 6154.000000, Transfer 617.000000 to Acc 1
User 5, Acc 7 Balance 2710.000000, Withdraw 1593.000000 
User 3, Acc 8 Balance 587.000000, Deposit 619.000000 
User 3, Acc 8 Balance 1206.000000, Transfer 619.000000 to Acc 2
User 2, Acc 7 Balance 2710.000000, Withdraw 593.000000 
User 1, Acc 0 Balance 2152.000000, Deposit 400.000000 
User 2, Acc 8 Balance 587.000000, Withdraw 449.000000 
User 0, Acc 2 Balance 3490.000000, Withdraw 150.000000 
User 4, Acc 3 Balance 1635.000000, Deposit 500.000000 
User 5, Acc 8 Balance 1206.000000, Withdraw 449.000000 
User 4, Acc 2 Balance 3809.000000, Transfer 300.000000 to Acc 1
User 4, Acc 3 Balance 1835.000000, Transfer 300.000000 to Acc 1
User 2, Acc 9 Balance 5537.000000, Withdraw 163.000000 
User 1, Acc 3 Balance 1335.000000, Withdraw 200.000000 
User 2, Acc 9 Balance 5374.000000, Deposit 617.000000 
User 0, Acc 3 Balance 1335.000000, Deposit 500.000000 
User 3, Acc 7 Balance 1117.000000, Deposit 631.000000 
User 0, Acc 2 Balance 3509.000000, Transfer 300.000000 to Acc 1
User 4, Acc 0 Balance 2552.000000, Deposit 400.000000 
Balance in 1: 2797.000000
User 4, Acc 3 Balance 1835.000000, Withdraw 200.000000 
User 1, Acc 9 Balance 5991.000000, Deposit 617.000000 
Balance in 1: 3097.000000
User 4, Acc 9 Balance 5991.000000, Deposit 617.000000 
User 2, Acc 9 Balance 5991.000000, Transfer 617.000000 to Acc 1
User 4, Acc 9 Balance 7225.000000, Transfer 617.000000 to Acc 1
User 2, Acc 8 Balance -311.000000, Deposit 619.000000 
User 0, Acc 3 Balance 1835.000000, Transfer 300.000000 to Acc 1
User 2, Acc 7 Balance 1155.000000, Deposit 631.000000 
User 5, Acc 9 Balance 5537.000000, Withdraw 163.000000 
User 3, Acc 7 Balance 1155.000000, Transfer 631.000000 to Acc 3
User 5, Acc 0 Balance 2952.000000, Deposit 907.000000 
User 0, Acc 0 Balance 2952.000000, Deposit 400.000000 
User 5, Acc 1 Balance 4631.000000, Deposit 911.000000 
User 5, Acc 2 Balance 3209.000000, Deposit 919.000000 
User 2, Acc 7 Balance 1786.000000, Transfer 631.000000 to Acc 3
User 3, Acc 6 Balance -463.000000, Deposit 641.000000 
User 2, Acc 6 Balance -463.000000, Deposit 641.000000 
User 3, Acc 5 Balance 5258.000000, Deposit 643.000000 
User 3, Acc 5 Balance 5901.000000, Transfer 1200.000000 to Acc 6
User 1, Acc 9 Balance 6608.000000, Transfer 617.000000 to Acc 1
User 5, Acc 3 Balance 1966.000000, Deposit 929.000000 
User 4, Acc 8 Balance -311.000000, Deposit 619.000000 
User 2, Acc 6 Balance 819.000000, Transfer 641.000000 to Acc 4
User 0, Acc 3 Balance 1966.000000, Withdraw 200.000000 
User 2, Acc 5 Balance 4701.000000, Deposit 643.000000 
User 2, Acc 5 Balance 5344.000000, Transfer 1200.000000 to Acc 6
Balance in 1: 6159.000000
User 1, Acc 8 Balance 308.000000, Deposit 619.000000 
User 5, Acc 4 Balance 1628.000000, Deposit 937.000000 
User 5, Acc 5 Balance 4144.000000, Deposit 941.000000 
User 2, Acc 4 Balance 2269.000000, Deposit 647.000000 
User 5, Acc 6 Balance 2578.000000, Deposit 953.000000 
User 2, Acc 4 Balance 3853.000000, Transfer 1200.000000 to Acc 7
User 5, Acc 7 Balance 524.000000, Deposit 967.000000 
User 5, Acc 1 Balance 6159.000000, Transfer 19.000000 to Acc 7
User 3, Acc 4 Balance 1628.000000, Deposit 647.000000 
User 5, Acc 2 Balance 4128.000000, Transfer 23.000000 to Acc 7
User 4, Acc 8 Balance 927.000000, Transfer 619.000000 to Acc 2
User 1, Acc 8 Balance 1546.000000, Transfer 619.000000 to Acc 2
User 2, Acc 3 Balance 3326.000000, Deposit 653.000000 
User 1, Acc 7 Balance 2733.000000, Deposit 631.000000 
User 0, Acc 1 Balance 6159.000000, Withdraw 500.000000 
User 5, Acc 3 Balance 3326.000000, Transfer 29.000000 to Acc 7
User 4, Acc 7 Balance 2733.000000, Deposit 631.000000 
User 5, Acc 7 Balance 3393.000000, Transfer 31.000000 to Acc 6
User 4, Acc 7 Balance 4024.000000, Transfer 631.000000 to Acc 3
User 4, Acc 6 Balance 3531.000000, Deposit 641.000000 
User 2, Acc 3 Balance 3979.000000, Transfer 1200.000000 to Acc 8
User 4, Acc 6 Balance 4203.000000, Transfer 641.000000 to Acc 4
User 3, Acc 4 Balance 3300.000000, Transfer 1200.000000 to Acc 7
User 4, Acc 5 Balance 5085.000000, Deposit 643.000000 
User 3, Acc 3 Balance 3381.000000, Deposit 653.000000 
User 1, Acc 7 Balance 3364.000000, Transfer 631.000000 to Acc 3
User 2, Acc 2 Balance 5343.000000, Deposit 659.000000 
User 1, Acc 6 Balance 3562.000000, Deposit 641.000000 
User 5, Acc 7 Balance 3362.000000, Transfer 37.000000 to Acc 5
User 1, Acc 6 Balance 4203.000000, Transfer 641.000000 to Acc 4
User 5, Acc 7 Balance 3894.000000, Transfer 3.000000 to Acc 4
User 1, Acc 5 Balance 5765.000000, Deposit 643.000000 
User 1, Acc 5 Balance 6408.000000, Transfer 1200.000000 to Acc 6
User 4, Acc 5 Balance 5728.000000, Transfer 1200.000000 to Acc 6
User 3, Acc 3 Balance 4034.000000, Transfer 1200.000000 to Acc 8
User 4, Acc 4 Balance 3385.000000, Deposit 647.000000 
User 5, Acc 7 Balance 3891.000000, Transfer 5.000000 to Acc 4
User 2, Acc 2 Balance 6002.000000, Transfer 1200.000000 to Acc 9
User 1, Acc 4 Balance 3385.000000, Deposit 647.000000 
User 2, Acc 1 Balance 5640.000000, Deposit 661.000000 
User 1, Acc 4 Balance 4684.000000, Transfer 1200.000000 to Acc 7
User 2, Acc 1 Balance 6301.000000, Transfer 1200.000000 to Acc 9
User 2, Acc 0 Balance 4259.000000, Deposit 673.000000 
User 1, Acc 3 Balance 3465.000000, Deposit 653.000000 
User 5, Acc 6 Balance 5962.000000, Transfer 67.000000 to Acc 5
User 1, Acc 3 Balance 4118.000000, Transfer 1200.000000 to Acc 8
User 5, Acc 4 Balance 3484.000000, Transfer 53.000000 to Acc 5
User 4, Acc 4 Balance 4032.000000, Transfer 1200.000000 to Acc 7
User 5, Acc 1 Balance 5101.000000, Transfer 89.000000 to Acc 8
User 4, Acc 3 Balance 2918.000000, Deposit 653.000000 
User 5, Acc 1 Balance 5012.000000, Transfer 163.000000 to Acc 9
User 5, Acc 1 Balance 4849.000000, Withdraw 41.000000 
User 4, Acc 3 Balance 3571.000000, Transfer 1200.000000 to Acc 8
User 5, Acc 2 Balance 4802.000000, Withdraw 71.000000 
User 4, Acc 2 Balance 4802.000000, Deposit 659.000000 
User 5, Acc 3 Balance 2371.000000, Withdraw 127.000000 
User 4, Acc 2 Balance 5390.000000, Transfer 1200.000000 to Acc 9
User 4, Acc 1 Balance 4808.000000, Deposit 661.000000 
User 0, Acc 2 Balance 5343.000000, Withdraw 500.000000 
User 4, Acc 1 Balance 5469.000000, Transfer 1200.000000 to Acc 9
User 3, Acc 2 Balance 6002.000000, Deposit 659.000000 
User 4, Acc 0 Balance 4932.000000, Deposit 673.000000 
User 3, Acc 2 Balance 4349.000000, Transfer 1200.000000 to Acc 9
User 2, Acc 0 Balance 4932.000000, Transfer 1200.000000 to Acc 9
User 0, Acc 3 Balance 2244.000000, Withdraw 500.000000 
User 5, Acc 4 Balance 2231.000000, Withdraw 167.000000 
User 1, Acc 2 Balance 4802.000000, Deposit 659.000000 
User 5, Acc 5 Balance 4128.000000, Withdraw 307.000000 
User 1, Acc 2 Balance 3808.000000, Transfer 1200.000000 to Acc 9
User 1, Acc 1 Balance 4269.000000, Deposit 661.000000 
User 1, Acc 1 Balance 4930.000000, Transfer 1200.000000 to Acc 9
User 1, Acc 0 Balance 4405.000000, Deposit 673.000000 
User 1, Acc 0 Balance 5078.000000, Transfer 1200.000000 to Acc 9
User 5, Acc 6 Balance 5895.000000, Withdraw 647.000000 
User 5, Acc 7 Balance 6286.000000, Withdraw 593.000000 
User 2, Acc 0 Balance 4405.000000, Deposit 907.000000 
User 5, Acc 8 Balance 5197.000000, Withdraw 449.000000 
User 2, Acc 1 Balance 3730.000000, Deposit 911.000000 
User 4, Acc 0 Balance 5605.000000, Transfer 1200.000000 to Acc 9
User 2, Acc 2 Balance 2608.000000, Deposit 919.000000 
User 1, Acc 0 Balance 3878.000000, Deposit 907.000000 
User 5, Acc 9 Balance 16174.000000, Withdraw 163.000000 
User 3, Acc 1 Balance 4269.000000, Deposit 661.000000 
User 5, Acc 0 Balance 4492.000000, Deposit 100.000000 
User 3, Acc 1 Balance 5302.000000, Transfer 1200.000000 to Acc 9
User 0, Acc 4 Balance 2231.000000, Withdraw 500.000000 
User 3, Acc 0 Balance 4592.000000, Deposit 673.000000 
User 1, Acc 1 Balance 4641.000000, Deposit 911.000000 
User 4, Acc 0 Balance 3585.000000, Deposit 907.000000 
User 1, Acc 2 Balance 3527.000000, Deposit 919.000000 
User 4, Acc 1 Balance 5013.000000, Deposit 911.000000 
User 1, Acc 3 Balance 1744.000000, Deposit 929.000000 
User 4, Acc 2 Balance 4446.000000, Deposit 919.000000 
User 1, Acc 4 Balance 1564.000000, Deposit 937.000000 
User 1, Acc 5 Balance 3821.000000, Deposit 941.000000 
User 0, Acc 5 Balance 3821.000000, Withdraw 500.000000 
User 1, Acc 6 Balance 5248.000000, Deposit 953.000000 
User 5, Acc 0 Balance 4592.000000, Deposit 200.000000 
User 2, Acc 3 Balance 1744.000000, Deposit 929.000000 
User 4, Acc 3 Balance 2673.000000, Deposit 929.000000 
User 2, Acc 4 Balance 2501.000000, Deposit 937.000000 
User 4, Acc 4 Balance 2501.000000, Deposit 937.000000 
User 3, Acc 0 Balance 5265.000000, Transfer 1200.000000 to Acc 9
User 1, Acc 7 Balance 5693.000000, Deposit 967.000000 
User 5, Acc 0 Balance 6372.000000, Deposit 300.000000 
User 1, Acc 1 Balance 5924.000000, Transfer 19.000000 to Acc 7
User 0, Acc 6 Balance 5248.000000, Withdraw 500.000000 
User 1, Acc 2 Balance 5365.000000, Transfer 23.000000 to Acc 7
User 3, Acc 1 Balance 5924.000000, Withdraw 500.000000 
User 1, Acc 3 Balance 4531.000000, Transfer 29.000000 to Acc 7
User 4, Acc 5 Balance 4262.000000, Deposit 941.000000 
User 0, Acc 7 Balance 6679.000000, Withdraw 500.000000 
User 4, Acc 6 Balance 5701.000000, Deposit 953.000000 
User 2, Acc 5 Balance 4262.000000, Deposit 941.000000 
User 3, Acc 2 Balance 5342.000000, Withdraw 500.000000 
User 2, Acc 6 Balance 6654.000000, Deposit 953.000000 
User 1, Acc 7 Balance 6731.000000, Transfer 31.000000 to Acc 6
User 5, Acc 0 Balance 5472.000000, Withdraw 200.000000 
User 4, Acc 7 Balance 6231.000000, Deposit 967.000000 
User 3, Acc 3 Balance 4502.000000, Withdraw 500.000000 
User 4, Acc 1 Balance 5405.000000, Transfer 19.000000 to Acc 7
User 0, Acc 8 Balance 4748.000000, Withdraw 500.000000 
User 2, Acc 7 Balance 6231.000000, Deposit 967.000000 
User 0, Acc 9 Balance 19611.000000, Withdraw 500.000000 
User 5, Acc 0 Balance 5272.000000, Withdraw 100.000000 
User 4, Acc 2 Balance 4842.000000, Transfer 23.000000 to Acc 7
User 5, Acc 0 Balance 5172.000000, Withdraw 50.000000 
User 5, Acc 1 Balance 5386.000000, Transfer 200.000000 to Acc 0
User 2, Acc 1 Balance 5386.000000, Transfer 19.000000 to Acc 7
Balance in 0: 5322.000000
User 2, Acc 2 Balance 4819.000000, Transfer 23.000000 to Acc 7
User 5, Acc 1 Balance 5167.000000, Withdraw 500.000000 
User 2, Acc 3 Balance 4002.000000, Transfer 29.000000 to Acc 7
User 5, Acc 2 Balance 4796.000000, Withdraw 500.000000 
User 2, Acc 7 Balance 8247.000000, Transfer 31.000000 to Acc 6
User 5, Acc 3 Balance 3973.000000, Withdraw 500.000000 
User 2, Acc 7 Balance 8216.000000, Transfer 37.000000 to Acc 5
User 5, Acc 4 Balance 4375.000000, Withdraw 500.000000 
User 0, Acc 0 Balance 5272.000000, Withdraw 500.000000 
User 3, Acc 4 Balance 4375.000000, Withdraw 500.000000 
User 0, Acc 1 Balance 4667.000000, Withdraw 500.000000 
User 3, Acc 5 Balance 6181.000000, Withdraw 500.000000 
User 3, Acc 6 Balance 7669.000000, Withdraw 500.000000 
User 3, Acc 7 Balance 8179.000000, Withdraw 500.000000 
User 3, Acc 8 Balance 4248.000000, Withdraw 500.000000 
User 3, Acc 9 Balance 19111.000000, Withdraw 500.000000 
User 3, Acc 0 Balance 4822.000000, Withdraw 500.000000 
User 3, Acc 1 Balance 4167.000000, Withdraw 500.000000 
User 3, Acc 2 Balance 4296.000000, Withdraw 500.000000 
User 3, Acc 3 Balance 3473.000000, Withdraw 500.000000 
User 3, Acc 4 Balance 3375.000000, Withdraw 500.000000 
User 3, Acc 5 Balance 5681.000000, Withdraw 500.000000 
User 3, Acc 6 Balance 7169.000000, Withdraw 500.000000 
User 3, Acc 7 Balance 7679.000000, Withdraw 500.000000 
User 3, Acc 8 Balance 3748.000000, Withdraw 500.000000 
User 3, Acc 9 Balance 18611.000000, Withdraw 500.000000 
User 3, Acc 0 Balance 4322.000000, Withdraw 500.000000 
User 3, Acc 1 Balance 3667.000000, Withdraw 500.000000 
User 3, Acc 2 Balance 3796.000000, Withdraw 500.000000 
User 3, Acc 3 Balance 2973.000000, Withdraw 500.000000 
User 3, Acc 4 Balance 2875.000000, Withdraw 500.000000 
User 3, Acc 5 Balance 5181.000000, Withdraw 500.000000 
User 3, Acc 6 Balance 6669.000000, Withdraw 500.000000 
User 3, Acc 7 Balance 7179.000000, Withdraw 500.000000 
User 3, Acc 8 Balance 3248.000000, Withdraw 500.000000 
User 3, Acc 9 Balance 18111.000000, Withdraw 500.000000 
User 3, Acc 0 Balance 3822.000000, Withdraw 500.000000 
User 0, Acc 2 Balance 4296.000000, Withdraw 500.000000 
User 0, Acc 3 Balance 2473.000000, Withdraw 500.000000 
User 0, Acc 4 Balance 2375.000000, Withdraw 500.000000 
User 0, Acc 5 Balance 4681.000000, Withdraw 500.000000 
User 0, Acc 6 Balance 6169.000000, Withdraw 500.000000 
User 0, Acc 7 Balance 6679.000000, Withdraw 500.000000 
User 0, Acc 8 Balance 2748.000000, Withdraw 500.000000 
User 0, Acc 9 Balance 17611.000000, Withdraw 500.000000 
User 0, Acc 0 Balance 3322.000000, Withdraw 500.000000 
User 0, Acc 1 Balance 3167.000000, Withdraw 500.000000 
User 0, Acc 2 Balance 2796.000000, Withdraw 500.000000 
User 0, Acc 3 Balance 1973.000000, Withdraw 500.000000 
User 0, Acc 4 Balance 1875.000000, Withdraw 500.000000 
User 0, Acc 5 Balance 4181.000000, Withdraw 500.000000 
User 0, Acc 6 Balance 5669.000000, Withdraw 500.000000 
User 0, Acc 7 Balance 6179.000000, Withdraw 500.000000 
User 0, Acc 8 Balance 2248.000000, Withdraw 500.000000 
User 0, Acc 9 Balance 17111.000000, Withdraw 500.000000 
User 0, Acc 0 Balance 2822.000000, Withdraw 500.000000 
User 0, Acc 1 Balance 2667.000000, Withdraw 500.000000 
User 3, Acc 1 Balance 3167.000000, Withdraw 500.000000 
User 0, Acc 2 Balance 2296.000000, Withdraw 500.000000 
User 2, Acc 7 Balance 8179.000000, Transfer 3.000000 to Acc 4
User 4, Acc 3 Balance 4002.000000, Transfer 29.000000 to Acc 7
User 2, Acc 7 Balance 5676.000000, Transfer 5.000000 to Acc 4
User 4, Acc 7 Balance 5705.000000, Transfer 31.000000 to Acc 6
User 4, Acc 7 Balance 5669.000000, Transfer 37.000000 to Acc 5
User 0, Acc 3 Balance 1473.000000, Withdraw 500.000000 
User 4, Acc 7 Balance 5632.000000, Transfer 3.000000 to Acc 4
User 5, Acc 5 Balance 6181.000000, Withdraw 500.000000 
User 1, Acc 7 Balance 6200.000000, Transfer 37.000000 to Acc 5
User 2, Acc 6 Balance 5169.000000, Transfer 67.000000 to Acc 5
User 0, Acc 4 Balance 1383.000000, Withdraw 500.000000 
User 2, Acc 4 Balance 1386.000000, Transfer 53.000000 to Acc 5
User 0, Acc 5 Balance 3322.000000, Withdraw 500.000000 
User 3, Acc 2 Balance 2296.000000, Withdraw 500.000000 
User 0, Acc 6 Balance 5133.000000, Withdraw 500.000000 
User 1, Acc 7 Balance 5592.000000, Transfer 3.000000 to Acc 4
User 4, Acc 7 Balance 5629.000000, Transfer 5.000000 to Acc 4
User 1, Acc 7 Balance 5589.000000, Transfer 5.000000 to Acc 4
User 5, Acc 6 Balance 5200.000000, Withdraw 500.000000 
User 1, Acc 6 Balance 4633.000000, Transfer 67.000000 to Acc 5
User 2, Acc 1 Balance 1667.000000, Transfer 89.000000 to Acc 8
User 4, Acc 6 Balance 4633.000000, Transfer 67.000000 to Acc 5
User 3, Acc 3 Balance 944.000000, Withdraw 500.000000 
User 4, Acc 4 Balance 846.000000, Transfer 53.000000 to Acc 5
User 4, Acc 1 Balance 1578.000000, Transfer 89.000000 to Acc 8
User 4, Acc 1 Balance 1489.000000, Transfer 163.000000 to Acc 9
User 4, Acc 1 Balance 1326.000000, Withdraw 41.000000 
User 4, Acc 2 Balance 1296.000000, Withdraw 71.000000 
User 4, Acc 3 Balance 444.000000, Withdraw 127.000000 
User 4, Acc 4 Balance 793.000000, Withdraw 167.000000 
User 4, Acc 5 Balance 3062.000000, Withdraw 307.000000 
User 4, Acc 6 Balance 3999.000000, Withdraw 647.000000 
User 4, Acc 7 Balance 5579.000000, Withdraw 593.000000 
User 1, Acc 4 Balance 846.000000, Transfer 53.000000 to Acc 5
User 4, Acc 8 Balance 1926.000000, Withdraw 449.000000 
User 1, Acc 1 Balance 1285.000000, Transfer 89.000000 to Acc 8
User 4, Acc 9 Balance 16774.000000, Withdraw 163.000000 
User 1, Acc 1 Balance 1196.000000, Transfer 163.000000 to Acc 9
User 4, Acc 0 Balance 2322.000000, Deposit 100.000000 
User 2, Acc 1 Balance 1578.000000, Transfer 163.000000 to Acc 9
User 4, Acc 0 Balance 2422.000000, Deposit 200.000000 
User 5, Acc 7 Balance 5579.000000, Withdraw 500.000000 
User 1, Acc 1 Balance 1033.000000, Withdraw 41.000000 
User 0, Acc 7 Balance 5592.000000, Withdraw 500.000000 
User 1, Acc 2 Balance 1225.000000, Withdraw 71.000000 
User 1, Acc 3 Balance 317.000000, Withdraw 127.000000 
User 0, Acc 8 Balance 1566.000000, Withdraw 500.000000 
User 1, Acc 4 Balance 573.000000, Withdraw 167.000000 
User 4, Acc 0 Balance 2622.000000, Deposit 300.000000 
User 1, Acc 5 Balance 2808.000000, Withdraw 307.000000 
User 4, Acc 0 Balance 2922.000000, Withdraw 200.000000 
User 1, Acc 6 Balance 3352.000000, Withdraw 647.000000 
User 4, Acc 0 Balance 2722.000000, Withdraw 100.000000 
User 5, Acc 8 Balance 1566.000000, Withdraw 500.000000 
User 4, Acc 0 Balance 2622.000000, Withdraw 50.000000 
User 5, Acc 9 Balance 16937.000000, Withdraw 500.000000 
User 4, Acc 1 Balance 829.000000, Transfer 200.000000 to Acc 0
User 2, Acc 1 Balance 870.000000, Withdraw 41.000000 
User 3, Acc 4 Balance 846.000000, Withdraw 500.000000 
User 2, Acc 2 Balance 1154.000000, Withdraw 71.000000 
User 3, Acc 5 Balance 2501.000000, Withdraw 500.000000 
User 3, Acc 6 Balance 2705.000000, Withdraw 500.000000 
User 5, Acc 0 Balance 2572.000000, Withdraw 500.000000 
Balance in 0: 2772.000000
User 5, Acc 1 Balance 588.000000, Withdraw 500.000000 
User 4, Acc 0 Balance 2272.000000, Deposit 100.000000 
User 2, Acc 3 Balance 190.000000, Withdraw 127.000000 
User 3, Acc 7 Balance 3986.000000, Withdraw 500.000000 
[22;32mUser 2, Acc 4 Balance -94.000000, 				Withdraw 167.000000 --insufficient funds[0m
User 5, Acc 2 Balance 1083.000000, Withdraw 500.000000 
User 4, Acc 0 Balance 2372.000000, Deposit 200.000000 
[22;32mUser 5, Acc 3 Balance 63.000000, 				Withdraw 500.000000 --insufficient funds[0m
[22;32mUser 5, Acc 4 Balance -94.000000, 				Withdraw 500.000000 --insufficient funds[0m
User 4, Acc 0 Balance 2572.000000, Deposit 300.000000 
User 3, Acc 8 Balance 566.000000, Withdraw 500.000000 
User 4, Acc 0 Balance 2872.000000, Withdraw 200.000000 
User 3, Acc 9 Balance 16437.000000, Withdraw 500.000000 
User 1, Acc 7 Balance 3986.000000, Withdraw 593.000000 
User 5, Acc 5 Balance 2001.000000, Withdraw 500.000000 
[22;32mUser 1, Acc 8 Balance 66.000000, 				Withdraw 449.000000 --insufficient funds[0m
User 1, Acc 9 Balance 15937.000000, Withdraw 163.000000 
User 4, Acc 0 Balance 2672.000000, Withdraw 100.000000 
User 1, Acc 0 Balance 2672.000000, Deposit 100.000000 
User 4, Acc 0 Balance 2572.000000, Withdraw 50.000000 
User 1, Acc 0 Balance 2672.000000, Deposit 200.000000 
User 5, Acc 6 Balance 2205.000000, Withdraw 500.000000 
User 2, Acc 5 Balance 2001.000000, Withdraw 307.000000 
User 5, Acc 7 Balance 2893.000000, Withdraw 500.000000 
User 2, Acc 6 Balance 1705.000000, Withdraw 647.000000 
Balance in 0: 2622.000000
User 2, Acc 7 Balance 2393.000000, Withdraw 593.000000 
User 4, Acc 0 Balance 2822.000000, Deposit 100.000000 
[22;32mUser 5, Acc 8 Balance 66.000000, 				Withdraw 500.000000 --insufficient funds[0m
User 1, Acc 0 Balance 2822.000000, Deposit 300.000000 
User 5, Acc 9 Balance 15774.000000, Withdraw 500.000000 
User 5, Acc 0 Balance 3222.000000, Withdraw 500.000000 
[22;32mUser 2, Acc 8 Balance 66.000000, 				Withdraw 449.000000 --insufficient funds[0m
[22;32mUser 5, Acc 1 Balance 88.000000, 				Withdraw 500.000000 --insufficient funds[0m
User 2, Acc 9 Balance 15274.000000, Withdraw 163.000000 
User 5, Acc 2 Balance 583.000000, Withdraw 500.000000 
User 1, Acc 0 Balance 3222.000000, Withdraw 200.000000 
User 0, Acc 9 Balance 16937.000000, Withdraw 500.000000 
User 1, Acc 0 Balance 2522.000000, Withdraw 100.000000 
[22;32mUser 5, Acc 3 Balance 63.000000, 				Withdraw 500.000000 --insufficient funds[0m
User 4, Acc 0 Balance 2922.000000, Deposit 200.000000 
User 4, Acc 0 Balance 2622.000000, Deposit 300.000000 
User 4, Acc 0 Balance 2922.000000, Withdraw 200.000000 
User 3, Acc 0 Balance 2672.000000, Withdraw 500.000000 
User 1, Acc 0 Balance 2422.000000, Withdraw 50.000000 
[22;32mUser 3, Acc 1 Balance 88.000000, 				Withdraw 500.000000 --insufficient funds[0m
[22;32mUser 5, Acc 4 Balance -94.000000, 				Withdraw 500.000000 --insufficient funds[0m
User 5, Acc 5 Balance 1194.000000, Withdraw 500.000000 
User 5, Acc 6 Balance 1058.000000, Withdraw 500.000000 
[22;32mUser 3, Acc 2 Balance 83.000000, 				Withdraw 500.000000 --insufficient funds[0m
User 5, Acc 7 Balance 1800.000000, Withdraw 500.000000 
[22;32mUser 3, Acc 3 Balance 63.000000, 				Withdraw 500.000000 --insufficient funds[0m
User 0, Acc 0 Balance 2522.000000, Withdraw 500.000000 
[22;32mUser 0, Acc 1 Balance 88.000000, 				Withdraw 500.000000 --insufficient funds[0m
Balance in 0: 2172.000000
[22;32mUser 0, Acc 2 Balance 83.000000, 				Withdraw 500.000000 --insufficient funds[0m
[22;32mUser 5, Acc 8 Balance 66.000000, 				Withdraw 500.000000 --insufficient funds[0m
User 4, Acc 0 Balance 2722.000000, Withdraw 100.000000 
[22;32mUser 0, Acc 3 Balance 63.000000, 				Withdraw 500.000000 --insufficient funds[0m
User 4, Acc 0 Balance 1572.000000, Withdraw 50.000000 
Balance in 0: 1522.000000
[22;32mUser 3, Acc 4 Balance -94.000000, 				Withdraw 500.000000 --insufficient funds[0m
[22;32mUser 0, Acc 4 Balance -94.000000, 				Withdraw 500.000000 --insufficient funds[0m
User 5, Acc 9 Balance 14611.000000, Withdraw 500.000000 
User 3, Acc 5 Balance 694.000000, Withdraw 500.000000 
User 3, Acc 6 Balance 558.000000, Withdraw 500.000000 
User 0, Acc 5 Balance 694.000000, Withdraw 500.000000 
[22;32mUser 0, Acc 6 Balance 58.000000, 				Withdraw 500.000000 --insufficient funds[0m
User 3, Acc 7 Balance 1300.000000, Withdraw 500.000000 
[22;32mUser 3, Acc 8 Balance 66.000000, 				Withdraw 500.000000 --insufficient funds[0m
User 0, Acc 7 Balance 1300.000000, Withdraw 500.000000 
[22;32mUser 0, Acc 8 Balance 66.000000, 				Withdraw 500.000000 --insufficient funds[0m
User 0, Acc 9 Balance 14111.000000, Withdraw 500.000000 
User 3, Acc 9 Balance 14111.000000, Withdraw 500.000000 
User 3, Acc 0 Balance 1522.000000, Withdraw 500.000000 
User 0, Acc 0 Balance 1522.000000, Withdraw 500.000000 
[22;32mUser 0, Acc 1 Balance 88.000000, 				Withdraw 500.000000 --insufficient funds[0m
User 5, Acc 0 Balance 1522.000000, Withdraw 500.000000 
[22;32mUser 0, Acc 2 Balance 83.000000, 				Withdraw 500.000000 --insufficient funds[0m
[22;32mUser 0, Acc 3 Balance 63.000000, 				Withdraw 500.000000 --insufficient funds[0m
[22;32mUser 0, Acc 4 Balance -94.000000, 				Withdraw 500.000000 --insufficient funds[0m
[22;32mUser 0, Acc 5 Balance -306.000000, 				Withdraw 500.000000 --insufficient funds[0m
[22;32mUser 0, Acc 6 Balance 58.000000, 				Withdraw 500.000000 --insufficient funds[0m
[22;32mUser 3, Acc 1 Balance 88.000000, 				Withdraw 500.000000 --insufficient funds[0m
[22;32mUser 3, Acc 2 Balance 83.000000, 				Withdraw 500.000000 --insufficient funds[0m
[22;32mUser 3, Acc 3 Balance 63.000000, 				Withdraw 500.000000 --insufficient funds[0m
[22;32mUser 3, Acc 4 Balance -94.000000, 				Withdraw 500.000000 --insufficient funds[0m
[22;32mUser 3, Acc 5 Balance -306.000000, 				Withdraw 500.000000 --insufficient funds[0m
[22;32mUser 3, Acc 6 Balance 58.000000, 				Withdraw 500.000000 --insufficient funds[0m
[22;32mUser 3, Acc 7 Balance 300.000000, 				Withdraw 500.000000 --insufficient funds[0m
[22;32mUser 3, Acc 8 Balance 66.000000, 				Withdraw 500.000000 --insufficient funds[0m
User 3, Acc 9 Balance 13111.000000, Withdraw 500.000000 
[22;32mUser 3, Acc 0 Balance 22.000000, 				Withdraw 500.000000 --insufficient funds[0m
[22;32mUser 0, Acc 7 Balance 300.000000, 				Withdraw 500.000000 --insufficient funds[0m
[22;32mUser 0, Acc 8 Balance 66.000000, 				Withdraw 500.000000 --insufficient funds[0m
User 0, Acc 9 Balance 12611.000000, Withdraw 500.000000 
[22;32mUser 0, Acc 0 Balance 22.000000, 				Withdraw 500.000000 --insufficient funds[0m
  ***     End of transaction batch    ***  
Account 0 balance after completion of transaction batch: 22.000000
Account 1 balance after completion of transaction batch: 88.000000
Account 2 balance after completion of transaction batch: 83.000000
Account 3 balance after completion of transaction batch: 63.000000
Account 4 balance after completion of transaction batch: -94.000000
Account 5 balance after completion of transaction batch: -306.000000
Account 6 balance after completion of transaction batch: 58.000000
Account 7 balance after completion of transaction batch: 300.000000
Account 8 balance after completion of transaction batch: 66.000000
Account 9 balance after completion of transaction batch: 12111.000000
