# Output generated by:
# ./my_executable 6 data/transactions7.txt data/transactions6.txt data/transactions3.txt data/transactions8.txt data/transactions4.txt data/transactions10.txt

********************************************
   Reading and parsing a transaction file   
********************************************
Parsed transaction: deposit 7 9929.000000 
Loaded deposit transaction
Parsed transaction: deposit 4 937.000000 
Loaded deposit transaction
Parsed transaction: deposit 5 941.000000 
Loaded deposit transaction
Parsed transaction: deposit 0 7.000000 
Loaded deposit transaction
Parsed transaction: deposit 3 29.000000 
Loaded deposit transaction
Parsed transaction: deposit 7 9.000000 
Loaded deposit transaction
Parsed transaction: deposit 9 129.000000 
Loaded deposit transaction
Parsed transaction: transfer 3 7 29.000000 
Loaded transfer transaction
Parsed transaction: transfer 7 6 31.000000 
Loaded transfer transaction
Parsed transaction: transfer 7 5 137.000000 
Loaded transfer transaction
Parsed transaction: transfer 7 4 3.000000 
Loaded transfer transaction
Parsed transaction: transfer 7 4 5.000000 
Loaded transfer transaction
Parsed transaction: withdraw 4 1167.000000 
Loaded withdrawal transaction
Parsed transaction: withdraw 5 1307.000000 
Loaded withdrawal transaction
Parsed transaction: transfer 1 8 89.000000 
Loaded transfer transaction
Parsed transaction: transfer 1 9 163.000000 
Loaded transfer transaction
Parsed transaction: withdraw 1 41.000000 
Loaded withdrawal transaction
Parsed transaction: withdraw 2 71.000000 
Loaded withdrawal transaction
Parsed transaction: withdraw 3 1127.000000 
Loaded withdrawal transaction
Parsed transaction: withdraw 6 647.000000 
Loaded withdrawal transaction
Parsed transaction: deposit 6 1953.000000 
Loaded deposit transaction
Parsed transaction: deposit 7 967.000000 
Loaded deposit transaction
Parsed transaction: transfer 1 7 19.000000 
Loaded transfer transaction
Parsed transaction: transfer 2 7 23.000000 
Loaded transfer transaction
Parsed transaction: transfer 6 5 1167.000000 
Loaded transfer transaction
Parsed transaction: transfer 4 5 53.000000 
Loaded transfer transaction
Parsed transaction: withdraw 7 1593.000000 
Loaded withdrawal transaction
Parsed transaction: withdraw 8 449.000000 
Loaded withdrawal transaction
Parsed transaction: withdraw 9 163.000000 
Loaded withdrawal transaction
********************************************
********************************************
   Reading and parsing a transaction file   
********************************************
Parsed transaction: deposit 0 7.000000 
Loaded deposit transaction
Parsed transaction: deposit 1 11.000000 
Loaded deposit transaction
Parsed transaction: deposit 2 9.000000 
Loaded deposit transaction
Parsed transaction: transfer 3 7 29.000000 
Loaded transfer transaction
Parsed transaction: transfer 7 6 31.000000 
Loaded transfer transaction
Parsed transaction: transfer 7 5 137.000000 
Loaded transfer transaction
Parsed transaction: transfer 7 4 3.000000 
Loaded transfer transaction
Parsed transaction: transfer 7 4 5.000000 
Loaded transfer transaction
Parsed transaction: deposit 3 929.000000 
Loaded deposit transaction
Parsed transaction: deposit 4 937.000000 
Loaded deposit transaction
Parsed transaction: deposit 5 941.000000 
Loaded deposit transaction
Parsed transaction: withdraw 4 1167.000000 
Loaded withdrawal transaction
Parsed transaction: withdraw 5 1307.000000 
Loaded withdrawal transaction
Parsed transaction: transfer 1 8 89.000000 
Loaded transfer transaction
Parsed transaction: transfer 1 9 163.000000 
Loaded transfer transaction
Parsed transaction: withdraw 1 41.000000 
Loaded withdrawal transaction
Parsed transaction: withdraw 2 71.000000 
Loaded withdrawal transaction
Parsed transaction: withdraw 3 1127.000000 
Loaded withdrawal transaction
Parsed transaction: withdraw 6 647.000000 
Loaded withdrawal transaction
Parsed transaction: deposit 6 953.000000 
Loaded deposit transaction
Parsed transaction: deposit 7 967.000000 
Loaded deposit transaction
Parsed transaction: transfer 1 7 19.000000 
Loaded transfer transaction
Parsed transaction: transfer 2 7 23.000000 
Loaded transfer transaction
Parsed transaction: transfer 6 5 1167.000000 
Loaded transfer transaction
Parsed transaction: transfer 4 5 53.000000 
Loaded transfer transaction
Parsed transaction: withdraw 7 1593.000000 
Loaded withdrawal transaction
Parsed transaction: withdraw 8 449.000000 
Loaded withdrawal transaction
Parsed transaction: withdraw 9 163.000000 
Loaded withdrawal transaction
********************************************
********************************************
   Reading and parsing a transaction file   
********************************************
Parsed transaction: deposit 0 400.000000 
Loaded deposit transaction
Parsed transaction: withdraw 0 200.000000 
Loaded withdrawal transaction
Parsed transaction: deposit 1 100.000000 
Loaded deposit transaction
Parsed transaction: deposit 2 900.000000 
Loaded deposit transaction
Parsed transaction: withdraw 1 50.000000 
Loaded withdrawal transaction
Parsed transaction: withdraw 2 150.000000 
Loaded withdrawal transaction
Parsed transaction: deposit 3 500.000000 
Loaded deposit transaction
Parsed transaction: transfer 2 1 300.000000 
Loaded transfer transaction
Parsed transaction: transfer 3 1 300.000000 
Loaded transfer transaction
Parsed transaction: deposit 0 400.000000 
Loaded deposit transaction
Parsed transaction: withdraw 3 200.000000 
Loaded withdrawal transaction
Parsed transaction: balance 1 
Loaded balance transaction
********************************************
********************************************
   Reading and parsing a transaction file   
********************************************
Parsed transaction: deposit 9 617.000000 
Loaded deposit transaction
Parsed transaction: transfer 9 1 617.000000 
Loaded transfer transaction
Parsed transaction: deposit 8 619.000000 
Loaded deposit transaction
Parsed transaction: transfer 8 2 619.000000 
Loaded transfer transaction
Parsed transaction: deposit 7 631.000000 
Loaded deposit transaction
Parsed transaction: transfer 7 3 631.000000 
Loaded transfer transaction
Parsed transaction: deposit 6 641.000000 
Loaded deposit transaction
Parsed transaction: transfer 6 4 641.000000 
Loaded transfer transaction
Parsed transaction: deposit 5 643.000000 
Loaded deposit transaction
Parsed transaction: transfer 5 6 1200.000000 
Loaded transfer transaction
Parsed transaction: deposit 4 647.000000 
Loaded deposit transaction
Parsed transaction: transfer 4 7 1200.000000 
Loaded transfer transaction
Parsed transaction: deposit 3 653.000000 
Loaded deposit transaction
Parsed transaction: transfer 3 8 1200.000000 
Loaded transfer transaction
Parsed transaction: deposit 2 659.000000 
Loaded deposit transaction
Parsed transaction: transfer 2 9 1200.000000 
Loaded transfer transaction
Parsed transaction: deposit 1 661.000000 
Loaded deposit transaction
Parsed transaction: transfer 1 9 1200.000000 
Loaded transfer transaction
Parsed transaction: deposit 0 673.000000 
Loaded deposit transaction
Parsed transaction: transfer 0 9 1200.000000 
Loaded transfer transaction
********************************************
********************************************
   Reading and parsing a transaction file   
********************************************
Parsed transaction: deposit 0 907.000000 
Loaded deposit transaction
Parsed transaction: deposit 1 911.000000 
Loaded deposit transaction
Parsed transaction: deposit 2 919.000000 
Loaded deposit transaction
Parsed transaction: deposit 3 929.000000 
Loaded deposit transaction
Parsed transaction: deposit 4 937.000000 
Loaded deposit transaction
Parsed transaction: deposit 5 941.000000 
Loaded deposit transaction
Parsed transaction: deposit 6 953.000000 
Loaded deposit transaction
Parsed transaction: deposit 7 967.000000 
Loaded deposit transaction
Parsed transaction: transfer 1 7 19.000000 
Loaded transfer transaction
Parsed transaction: transfer 2 7 23.000000 
Loaded transfer transaction
Parsed transaction: transfer 3 7 29.000000 
Loaded transfer transaction
Parsed transaction: transfer 7 6 31.000000 
Loaded transfer transaction
Parsed transaction: transfer 7 5 37.000000 
Loaded transfer transaction
Parsed transaction: transfer 7 4 3.000000 
Loaded transfer transaction
Parsed transaction: transfer 7 4 5.000000 
Loaded transfer transaction
Parsed transaction: transfer 6 5 67.000000 
Loaded transfer transaction
Parsed transaction: transfer 4 5 53.000000 
Loaded transfer transaction
Parsed transaction: transfer 1 8 89.000000 
Loaded transfer transaction
Parsed transaction: transfer 1 9 163.000000 
Loaded transfer transaction
Parsed transaction: withdraw 1 41.000000 
Loaded withdrawal transaction
Parsed transaction: withdraw 2 71.000000 
Loaded withdrawal transaction
Parsed transaction: withdraw 3 127.000000 
Loaded withdrawal transaction
Parsed transaction: withdraw 4 167.000000 
Loaded withdrawal transaction
Parsed transaction: withdraw 5 307.000000 
Loaded withdrawal transaction
Parsed transaction: withdraw 6 647.000000 
Loaded withdrawal transaction
Parsed transaction: withdraw 7 593.000000 
Loaded withdrawal transaction
Parsed transaction: withdraw 8 449.000000 
Loaded withdrawal transaction
Parsed transaction: withdraw 9 163.000000 
Loaded withdrawal transaction
********************************************
********************************************
   Reading and parsing a transaction file   
********************************************
Parsed transaction: withdraw 1 500.000000 
Loaded withdrawal transaction
Parsed transaction: withdraw 2 500.000000 
Loaded withdrawal transaction
Parsed transaction: withdraw 3 500.000000 
Loaded withdrawal transaction
Parsed transaction: withdraw 4 500.000000 
Loaded withdrawal transaction
Parsed transaction: withdraw 5 500.000000 
Loaded withdrawal transaction
Parsed transaction: withdraw 6 500.000000 
Loaded withdrawal transaction
Parsed transaction: withdraw 7 500.000000 
Loaded withdrawal transaction
Parsed transaction: withdraw 8 500.000000 
Loaded withdrawal transaction
Parsed transaction: withdraw 9 500.000000 
Loaded withdrawal transaction
Parsed transaction: withdraw 0 500.000000 
Loaded withdrawal transaction
Parsed transaction: withdraw 1 500.000000 
Loaded withdrawal transaction
Parsed transaction: withdraw 2 500.000000 
Loaded withdrawal transaction
Parsed transaction: withdraw 3 500.000000 
Loaded withdrawal transaction
Parsed transaction: withdraw 4 500.000000 
Loaded withdrawal transaction
Parsed transaction: withdraw 5 500.000000 
Loaded withdrawal transaction
Parsed transaction: withdraw 6 500.000000 
Loaded withdrawal transaction
Parsed transaction: withdraw 7 500.000000 
Loaded withdrawal transaction
Parsed transaction: withdraw 8 500.000000 
Loaded withdrawal transaction
Parsed transaction: withdraw 9 500.000000 
Loaded withdrawal transaction
Parsed transaction: withdraw 0 500.000000 
Loaded withdrawal transaction
Parsed transaction: withdraw 1 500.000000 
Loaded withdrawal transaction
Parsed transaction: withdraw 2 500.000000 
Loaded withdrawal transaction
Parsed transaction: withdraw 3 500.000000 
Loaded withdrawal transaction
Parsed transaction: withdraw 4 500.000000 
Loaded withdrawal transaction
Parsed transaction: withdraw 5 500.000000 
Loaded withdrawal transaction
Parsed transaction: withdraw 6 500.000000 
Loaded withdrawal transaction
Parsed transaction: withdraw 7 500.000000 
Loaded withdrawal transaction
Parsed transaction: withdraw 8 500.000000 
Loaded withdrawal transaction
Parsed transaction: withdraw 9 500.000000 
Loaded withdrawal transaction
Parsed transaction: withdraw 0 500.000000 
Loaded withdrawal transaction
********************************************
  ***    Start of transaction batch    ***  
User 0, Acc 7 Balance 0.000000, Deposit 9929.000000 
User 0, Acc 4 Balance 0.000000, Deposit 937.000000 
User 0, Acc 5 Balance 0.000000, Deposit 941.000000 
User 0, Acc 0 Balance 0.000000, Deposit 7.000000 
User 0, Acc 3 Balance 0.000000, Deposit 29.000000 
User 0, Acc 7 Balance 9929.000000, Deposit 9.000000 
User 0, Acc 9 Balance 0.000000, Deposit 129.000000 
User 0, Acc 3 Balance 29.000000, Transfer 29.000000 to Acc 7
User 0, Acc 7 Balance 9967.000000, Transfer 31.000000 to Acc 6
User 0, Acc 7 Balance 9936.000000, Transfer 137.000000 to Acc 5
User 0, Acc 7 Balance 9799.000000, Transfer 3.000000 to Acc 4
User 0, Acc 7 Balance 9796.000000, Transfer 5.000000 to Acc 4
[22;32mUser 0, Acc 4 Balance 945.000000, 				Withdraw 1167.000000 --insufficient funds[0m
[22;32mUser 0, Acc 5 Balance 1078.000000, 				Withdraw 1307.000000 --insufficient funds[0m
[22;32mUser 0, Acc 1 Balance 0.000000, 				Withdraw 41.000000 --insufficient funds[0m
[22;32mUser 0, Acc 2 Balance 0.000000, 				Withdraw 71.000000 --insufficient funds[0m
[22;32mUser 0, Acc 3 Balance 0.000000, 				Withdraw 1127.000000 --insufficient funds[0m
[22;32mUser 0, Acc 6 Balance 31.000000, 				Withdraw 647.000000 --insufficient funds[0m
User 0, Acc 6 Balance 31.000000, Deposit 1953.000000 
User 0, Acc 7 Balance 9791.000000, Deposit 967.000000 
User 0, Acc 6 Balance 1984.000000, Transfer 1167.000000 to Acc 5
User 0, Acc 4 Balance 945.000000, Transfer 53.000000 to Acc 5
User 0, Acc 7 Balance 10758.000000, Withdraw 1593.000000 
User 2, Acc 0 Balance 7.000000, Deposit 400.000000 
User 1, Acc 0 Balance 7.000000, Deposit 907.000000 
[22;32mUser 0, Acc 8 Balance 0.000000, 				Withdraw 449.000000 --insufficient funds[0m
User 4, Acc 9 Balance 129.000000, Deposit 617.000000 
[22;32mUser 0, Acc 9 Balance 129.000000, 				Withdraw 163.000000 --insufficient funds[0m
[22;32mUser 5, Acc 1 Balance 0.000000, 				Withdraw 500.000000 --insufficient funds[0m
User 2, Acc 0 Balance 407.000000, Withdraw 200.000000 
[22;32mUser 5, Acc 2 Balance 0.000000, 				Withdraw 500.000000 --insufficient funds[0m
User 1, Acc 1 Balance 0.000000, Deposit 911.000000 
User 4, Acc 9 Balance 746.000000, Transfer 617.000000 to Acc 1
User 1, Acc 2 Balance 0.000000, Deposit 919.000000 
User 1, Acc 3 Balance 0.000000, Deposit 929.000000 
User 0, Acc 7 Balance 9165.000000, Deposit 9929.000000 
[22;32mUser 5, Acc 3 Balance 0.000000, 				Withdraw 500.000000 --insufficient funds[0m
User 0, Acc 4 Balance 892.000000, Deposit 937.000000 
User 5, Acc 4 Balance 892.000000, Withdraw 500.000000 
User 5, Acc 5 Balance 2298.000000, Withdraw 500.000000 
User 4, Acc 8 Balance 0.000000, Deposit 619.000000 
User 4, Acc 8 Balance 619.000000, Transfer 619.000000 to Acc 2
User 1, Acc 4 Balance 892.000000, Deposit 937.000000 
User 4, Acc 7 Balance 19094.000000, Deposit 631.000000 
User 1, Acc 5 Balance 1798.000000, Deposit 941.000000 
User 0, Acc 5 Balance 2298.000000, Deposit 941.000000 
User 3, Acc 0 Balance 7.000000, Deposit 7.000000 
User 0, Acc 0 Balance 1114.000000, Deposit 7.000000 
User 2, Acc 1 Balance 0.000000, Deposit 100.000000 
User 0, Acc 3 Balance 929.000000, Deposit 29.000000 
User 2, Acc 2 Balance 1538.000000, Deposit 900.000000 
User 5, Acc 6 Balance 817.000000, Withdraw 500.000000 
User 3, Acc 1 Balance 1528.000000, Deposit 11.000000 
User 1, Acc 6 Balance 817.000000, Deposit 953.000000 
User 0, Acc 7 Balance 19725.000000, Deposit 9.000000 
User 1, Acc 7 Balance 19725.000000, Deposit 967.000000 
User 0, Acc 9 Balance 129.000000, Deposit 129.000000 
User 5, Acc 7 Balance 19725.000000, Withdraw 500.000000 
User 3, Acc 2 Balance 2438.000000, Deposit 9.000000 
[22;32mUser 5, Acc 8 Balance 0.000000, 				Withdraw 500.000000 --insufficient funds[0m
[22;32mUser 5, Acc 9 Balance 258.000000, 				Withdraw 500.000000 --insufficient funds[0m
User 1, Acc 1 Balance 1639.000000, Transfer 19.000000 to Acc 7
User 4, Acc 7 Balance 19725.000000, Transfer 631.000000 to Acc 3
User 1, Acc 2 Balance 2447.000000, Transfer 23.000000 to Acc 7
User 1, Acc 3 Balance 958.000000, Transfer 29.000000 to Acc 7
User 2, Acc 1 Balance 1628.000000, Withdraw 50.000000 
User 1, Acc 7 Balance 19641.000000, Transfer 31.000000 to Acc 6
User 2, Acc 2 Balance 2424.000000, Withdraw 150.000000 
User 2, Acc 3 Balance 1560.000000, Deposit 500.000000 
User 1, Acc 7 Balance 19610.000000, Transfer 37.000000 to Acc 5
User 0, Acc 3 Balance 958.000000, Transfer 29.000000 to Acc 7
User 1, Acc 7 Balance 19573.000000, Transfer 3.000000 to Acc 4
User 0, Acc 7 Balance 19602.000000, Transfer 31.000000 to Acc 6
User 5, Acc 0 Balance 1128.000000, Withdraw 500.000000 
User 0, Acc 7 Balance 19568.000000, Transfer 137.000000 to Acc 5
User 3, Acc 3 Balance 958.000000, Transfer 29.000000 to Acc 7
User 3, Acc 7 Balance 19460.000000, Transfer 31.000000 to Acc 6
User 3, Acc 7 Balance 19429.000000, Transfer 137.000000 to Acc 5
User 3, Acc 7 Balance 19292.000000, Transfer 3.000000 to Acc 4
User 4, Acc 6 Balance 1270.000000, Deposit 641.000000 
User 3, Acc 7 Balance 19289.000000, Transfer 5.000000 to Acc 4
User 4, Acc 6 Balance 2004.000000, Transfer 641.000000 to Acc 4
User 1, Acc 7 Balance 19599.000000, Transfer 5.000000 to Acc 4
User 4, Acc 5 Balance 3991.000000, Deposit 643.000000 
User 5, Acc 1 Balance 1570.000000, Withdraw 500.000000 
User 3, Acc 3 Balance 2002.000000, Deposit 929.000000 
User 5, Acc 2 Balance 2274.000000, Withdraw 500.000000 
User 3, Acc 4 Balance 2923.000000, Deposit 937.000000 
User 2, Acc 2 Balance 2274.000000, Transfer 300.000000 to Acc 1
User 1, Acc 6 Balance 1363.000000, Transfer 67.000000 to Acc 5
User 0, Acc 7 Balance 19431.000000, Transfer 3.000000 to Acc 4
User 5, Acc 3 Balance 2931.000000, Withdraw 500.000000 
User 3, Acc 5 Balance 4634.000000, Deposit 941.000000 
User 5, Acc 4 Balance 3863.000000, Withdraw 500.000000 
User 3, Acc 4 Balance 3863.000000, Withdraw 1167.000000 
User 2, Acc 3 Balance 2931.000000, Transfer 300.000000 to Acc 1
User 3, Acc 5 Balance 5642.000000, Withdraw 1307.000000 
User 0, Acc 7 Balance 19276.000000, Transfer 5.000000 to Acc 4
User 4, Acc 5 Balance 4634.000000, Transfer 1200.000000 to Acc 6
User 0, Acc 4 Balance 2201.000000, Withdraw 1167.000000 
User 4, Acc 4 Balance 2201.000000, Deposit 647.000000 
User 0, Acc 5 Balance 3135.000000, Withdraw 1307.000000 
User 4, Acc 4 Balance 1681.000000, Transfer 1200.000000 to Acc 7
User 0, Acc 1 Balance 1670.000000, Transfer 89.000000 to Acc 8
User 4, Acc 3 Balance 2131.000000, Deposit 653.000000 
User 4, Acc 3 Balance 2784.000000, Transfer 1200.000000 to Acc 8
User 3, Acc 1 Balance 1670.000000, Transfer 89.000000 to Acc 8
User 4, Acc 2 Balance 1474.000000, Deposit 659.000000 
User 3, Acc 1 Balance 1492.000000, Transfer 163.000000 to Acc 9
User 1, Acc 4 Balance 3860.000000, Transfer 53.000000 to Acc 5
User 2, Acc 0 Balance 628.000000, Deposit 400.000000 
User 1, Acc 1 Balance 1329.000000, Transfer 89.000000 to Acc 8
User 4, Acc 2 Balance 2133.000000, Transfer 1200.000000 to Acc 9
User 1, Acc 1 Balance 1240.000000, Transfer 163.000000 to Acc 9
User 1, Acc 1 Balance 1077.000000, Withdraw 41.000000 
User 4, Acc 1 Balance 1077.000000, Deposit 661.000000 
User 5, Acc 5 Balance 5642.000000, Withdraw 500.000000 
User 2, Acc 3 Balance 1584.000000, Withdraw 200.000000 
User 5, Acc 6 Balance 2496.000000, Withdraw 500.000000 
User 5, Acc 7 Balance 20471.000000, Withdraw 500.000000 
User 3, Acc 1 Balance 1329.000000, Withdraw 41.000000 
User 1, Acc 2 Balance 933.000000, Withdraw 71.000000 
User 1, Acc 3 Balance 1384.000000, Withdraw 127.000000 
User 1, Acc 4 Balance 428.000000, Withdraw 167.000000 
User 1, Acc 5 Balance 1381.000000, Withdraw 307.000000 
User 1, Acc 6 Balance 1996.000000, Withdraw 647.000000 
User 1, Acc 7 Balance 19971.000000, Withdraw 593.000000 
User 5, Acc 8 Balance 1467.000000, Withdraw 500.000000 
User 1, Acc 8 Balance 1467.000000, Withdraw 449.000000 
User 5, Acc 9 Balance 1784.000000, Withdraw 500.000000 
User 1, Acc 9 Balance 1784.000000, Withdraw 163.000000 
User 0, Acc 1 Balance 1581.000000, Transfer 163.000000 to Acc 9
Balance in 1: 1697.000000
User 3, Acc 2 Balance 933.000000, Withdraw 71.000000 
User 2, Acc 7 Balance 19378.000000, Deposit 9929.000000 
User 3, Acc 3 Balance 1257.000000, Withdraw 1127.000000 
User 2, Acc 4 Balance 261.000000, Deposit 937.000000 
User 3, Acc 6 Balance 1349.000000, Withdraw 647.000000 
User 2, Acc 5 Balance 1074.000000, Deposit 941.000000 
User 3, Acc 6 Balance 702.000000, Deposit 953.000000 
User 2, Acc 0 Balance 1028.000000, Deposit 7.000000 
User 3, Acc 7 Balance 29307.000000, Deposit 967.000000 
User 2, Acc 3 Balance 130.000000, Deposit 29.000000 
User 4, Acc 1 Balance 1697.000000, Transfer 1200.000000 to Acc 9
User 0, Acc 1 Balance 1493.000000, Withdraw 41.000000 
User 4, Acc 0 Balance 1035.000000, Deposit 673.000000 
User 0, Acc 2 Balance 791.000000, Withdraw 71.000000 
[22;32mUser 0, Acc 3 Balance 159.000000, 				Withdraw 1127.000000 --insufficient funds[0m
User 1, Acc 0 Balance 1028.000000, Deposit 7.000000 
User 0, Acc 6 Balance 1655.000000, Withdraw 647.000000 
User 0, Acc 6 Balance 1008.000000, Deposit 1953.000000 
User 1, Acc 1 Balance 252.000000, Deposit 11.000000 
User 4, Acc 0 Balance 1708.000000, Transfer 1200.000000 to Acc 9
User 2, Acc 7 Balance 30274.000000, Deposit 9.000000 
User 4, Acc 7 Balance 30274.000000, Deposit 9929.000000 
User 2, Acc 9 Balance 3684.000000, Deposit 129.000000 
User 4, Acc 4 Balance 1198.000000, Deposit 937.000000 
User 0, Acc 7 Balance 30274.000000, Deposit 967.000000 
User 4, Acc 5 Balance 2015.000000, Deposit 941.000000 
User 0, Acc 1 Balance 263.000000, Transfer 19.000000 to Acc 7
User 4, Acc 0 Balance 515.000000, Deposit 7.000000 
User 2, Acc 3 Balance 159.000000, Transfer 29.000000 to Acc 7
User 4, Acc 3 Balance 159.000000, Deposit 29.000000 
User 5, Acc 0 Balance 1028.000000, Withdraw 500.000000 
User 0, Acc 2 Balance 720.000000, Transfer 23.000000 to Acc 7
User 1, Acc 2 Balance 720.000000, Deposit 9.000000 
User 0, Acc 6 Balance 2961.000000, Transfer 1167.000000 to Acc 5
User 3, Acc 1 Balance 1493.000000, Transfer 19.000000 to Acc 7
User 2, Acc 7 Balance 41227.000000, Transfer 31.000000 to Acc 6
User 3, Acc 2 Balance 706.000000, Transfer 23.000000 to Acc 7
User 2, Acc 7 Balance 41238.000000, Transfer 137.000000 to Acc 5
User 2, Acc 7 Balance 41101.000000, Transfer 3.000000 to Acc 4
User 1, Acc 3 Balance 159.000000, Transfer 29.000000 to Acc 7
User 2, Acc 7 Balance 41121.000000, Transfer 5.000000 to Acc 4
User 4, Acc 7 Balance 41227.000000, Deposit 9.000000 
User 2, Acc 4 Balance 2143.000000, Withdraw 1167.000000 
User 4, Acc 9 Balance 3813.000000, Deposit 129.000000 
User 1, Acc 7 Balance 41150.000000, Transfer 31.000000 to Acc 6
User 4, Acc 3 Balance 130.000000, Transfer 29.000000 to Acc 7
User 4, Acc 7 Balance 41183.000000, Transfer 31.000000 to Acc 6
User 3, Acc 6 Balance 1825.000000, Transfer 1167.000000 to Acc 5
User 4, Acc 7 Balance 41121.000000, Transfer 137.000000 to Acc 5
User 4, Acc 7 Balance 40984.000000, Transfer 3.000000 to Acc 4
User 0, Acc 4 Balance 2135.000000, Transfer 53.000000 to Acc 5
[22;32mUser 5, Acc 1 Balance 244.000000, 				Withdraw 500.000000 --insufficient funds[0m
User 0, Acc 7 Balance 40981.000000, Withdraw 1593.000000 
User 0, Acc 8 Balance 518.000000, Withdraw 449.000000 
User 2, Acc 5 Balance 4260.000000, Withdraw 1307.000000 
User 3, Acc 4 Balance 976.000000, Transfer 53.000000 to Acc 5
User 4, Acc 7 Balance 40981.000000, Transfer 5.000000 to Acc 4
User 1, Acc 7 Balance 41152.000000, Transfer 137.000000 to Acc 5
User 5, Acc 2 Balance 683.000000, Withdraw 500.000000 
User 1, Acc 7 Balance 39246.000000, Transfer 3.000000 to Acc 4
[22;32mUser 5, Acc 3 Balance 101.000000, 				Withdraw 500.000000 --insufficient funds[0m
User 1, Acc 7 Balance 39243.000000, Transfer 5.000000 to Acc 4
User 3, Acc 7 Balance 39388.000000, Withdraw 1593.000000 
User 1, Acc 3 Balance 101.000000, Deposit 929.000000 
User 0, Acc 9 Balance 3942.000000, Withdraw 163.000000 
User 5, Acc 4 Balance 881.000000, Withdraw 500.000000 
[22;32mUser 4, Acc 4 Balance 878.000000, 				Withdraw 1167.000000 --insufficient funds[0m
[22;32mUser 3, Acc 8 Balance 69.000000, 				Withdraw 449.000000 --insufficient funds[0m
User 4, Acc 5 Balance 4500.000000, Withdraw 1307.000000 
User 2, Acc 1 Balance 225.000000, Transfer 89.000000 to Acc 8
User 1, Acc 4 Balance 886.000000, Deposit 937.000000 
User 2, Acc 1 Balance 136.000000, Withdraw 41.000000 
User 2, Acc 2 Balance 183.000000, Withdraw 71.000000 
User 5, Acc 5 Balance 4500.000000, Withdraw 500.000000 
User 4, Acc 1 Balance 225.000000, Transfer 89.000000 to Acc 8
User 5, Acc 6 Balance 720.000000, Withdraw 500.000000 
User 5, Acc 7 Balance 37645.000000, Withdraw 500.000000 
[22;32mUser 4, Acc 1 Balance 6.000000, 				Withdraw 41.000000 --insufficient funds[0m
User 1, Acc 5 Balance 3193.000000, Deposit 941.000000 
[22;32mUser 2, Acc 3 Balance 1030.000000, 				Withdraw 1127.000000 --insufficient funds[0m
[22;32mUser 2, Acc 6 Balance 220.000000, 				Withdraw 647.000000 --insufficient funds[0m
User 2, Acc 6 Balance 220.000000, Deposit 1953.000000 
User 2, Acc 7 Balance 37145.000000, Deposit 967.000000 
User 2, Acc 2 Balance 112.000000, Transfer 23.000000 to Acc 7
User 2, Acc 6 Balance 2173.000000, Transfer 1167.000000 to Acc 5
User 2, Acc 4 Balance 1323.000000, Transfer 53.000000 to Acc 5
User 2, Acc 7 Balance 38135.000000, Withdraw 1593.000000 
[22;32mUser 2, Acc 8 Balance 247.000000, 				Withdraw 449.000000 --insufficient funds[0m
User 2, Acc 9 Balance 3779.000000, Withdraw 163.000000 
User 2, Acc 0 Balance 22.000000, Deposit 7.000000 
User 2, Acc 1 Balance 6.000000, Deposit 11.000000 
User 2, Acc 2 Balance 89.000000, Deposit 9.000000 
User 2, Acc 3 Balance 1030.000000, Transfer 29.000000 to Acc 7
User 2, Acc 7 Balance 36571.000000, Transfer 31.000000 to Acc 6
User 2, Acc 7 Balance 36540.000000, Transfer 137.000000 to Acc 5
User 2, Acc 7 Balance 36403.000000, Transfer 3.000000 to Acc 4
User 2, Acc 7 Balance 36400.000000, Transfer 5.000000 to Acc 4
User 2, Acc 3 Balance 1001.000000, Deposit 929.000000 
User 2, Acc 4 Balance 1278.000000, Deposit 937.000000 
User 2, Acc 5 Balance 4991.000000, Deposit 941.000000 
User 2, Acc 4 Balance 2215.000000, Withdraw 1167.000000 
User 2, Acc 5 Balance 5932.000000, Withdraw 1307.000000 
[22;32mUser 2, Acc 1 Balance 17.000000, 				Withdraw 41.000000 --insufficient funds[0m
User 2, Acc 2 Balance 98.000000, Withdraw 71.000000 
User 2, Acc 3 Balance 1930.000000, Withdraw 1127.000000 
User 2, Acc 6 Balance 1037.000000, Withdraw 647.000000 
User 2, Acc 6 Balance 390.000000, Deposit 953.000000 
User 2, Acc 7 Balance 36395.000000, Deposit 967.000000 
User 2, Acc 2 Balance 27.000000, Transfer 23.000000 to Acc 7
User 2, Acc 6 Balance 1343.000000, Transfer 1167.000000 to Acc 5
User 2, Acc 4 Balance 1048.000000, Transfer 53.000000 to Acc 5
User 2, Acc 7 Balance 37385.000000, Withdraw 1593.000000 
[22;32mUser 2, Acc 8 Balance 247.000000, 				Withdraw 449.000000 --insufficient funds[0m
User 2, Acc 9 Balance 3616.000000, Withdraw 163.000000 
User 2, Acc 7 Balance 35792.000000, Deposit 9929.000000 
User 2, Acc 4 Balance 995.000000, Deposit 937.000000 
User 2, Acc 5 Balance 5845.000000, Deposit 941.000000 
User 2, Acc 0 Balance 29.000000, Deposit 7.000000 
User 2, Acc 3 Balance 803.000000, Deposit 29.000000 
User 2, Acc 7 Balance 45721.000000, Deposit 9.000000 
User 2, Acc 9 Balance 3453.000000, Deposit 129.000000 
User 2, Acc 3 Balance 832.000000, Transfer 29.000000 to Acc 7
User 2, Acc 7 Balance 45759.000000, Transfer 31.000000 to Acc 6
User 2, Acc 7 Balance 45728.000000, Transfer 137.000000 to Acc 5
User 2, Acc 7 Balance 45591.000000, Transfer 3.000000 to Acc 4
User 2, Acc 7 Balance 45588.000000, Transfer 5.000000 to Acc 4
User 2, Acc 4 Balance 1940.000000, Withdraw 1167.000000 
User 2, Acc 5 Balance 6923.000000, Withdraw 1307.000000 
[22;32mUser 2, Acc 1 Balance 17.000000, 				Withdraw 41.000000 --insufficient funds[0m
[22;32mUser 2, Acc 2 Balance 4.000000, 				Withdraw 71.000000 --insufficient funds[0m
[22;32mUser 2, Acc 3 Balance 803.000000, 				Withdraw 1127.000000 --insufficient funds[0m
[22;32mUser 2, Acc 6 Balance 207.000000, 				Withdraw 647.000000 --insufficient funds[0m
User 2, Acc 6 Balance 207.000000, Deposit 1953.000000 
User 2, Acc 7 Balance 45583.000000, Deposit 967.000000 
User 2, Acc 6 Balance 2160.000000, Transfer 1167.000000 to Acc 5
User 2, Acc 4 Balance 773.000000, Transfer 53.000000 to Acc 5
User 2, Acc 7 Balance 46550.000000, Withdraw 1593.000000 
[22;32mUser 2, Acc 8 Balance 247.000000, 				Withdraw 449.000000 --insufficient funds[0m
User 2, Acc 9 Balance 3582.000000, Withdraw 163.000000 
User 2, Acc 7 Balance 44957.000000, Deposit 9929.000000 
User 2, Acc 4 Balance 720.000000, Deposit 937.000000 
User 2, Acc 5 Balance 6836.000000, Deposit 941.000000 
User 2, Acc 0 Balance 36.000000, Deposit 7.000000 
User 2, Acc 3 Balance 803.000000, Deposit 29.000000 
User 2, Acc 7 Balance 54886.000000, Deposit 9.000000 
User 2, Acc 9 Balance 3419.000000, Deposit 129.000000 
User 2, Acc 3 Balance 832.000000, Transfer 29.000000 to Acc 7
User 3, Acc 9 Balance 3779.000000, Withdraw 163.000000 
User 3, Acc 0 Balance 43.000000, Deposit 400.000000 
User 3, Acc 0 Balance 443.000000, Withdraw 200.000000 
User 3, Acc 1 Balance 17.000000, Deposit 100.000000 
User 3, Acc 2 Balance 4.000000, Deposit 900.000000 
User 3, Acc 1 Balance 117.000000, Withdraw 50.000000 
User 3, Acc 2 Balance 904.000000, Withdraw 150.000000 
User 3, Acc 3 Balance 803.000000, Deposit 500.000000 
User 3, Acc 2 Balance 754.000000, Transfer 300.000000 to Acc 1
User 3, Acc 3 Balance 1303.000000, Transfer 300.000000 to Acc 1
User 3, Acc 0 Balance 243.000000, Deposit 400.000000 
User 3, Acc 3 Balance 1003.000000, Withdraw 200.000000 
Balance in 1: 667.000000
User 3, Acc 0 Balance 643.000000, Deposit 7.000000 
User 0, Acc 0 Balance 22.000000, Deposit 400.000000 
User 3, Acc 1 Balance 667.000000, Deposit 11.000000 
[22;32mUser 5, Acc 8 Balance 247.000000, 				Withdraw 500.000000 --insufficient funds[0m
User 1, Acc 4 Balance 1323.000000, Withdraw 1167.000000 
User 2, Acc 7 Balance 54924.000000, Transfer 31.000000 to Acc 6
User 2, Acc 7 Balance 54893.000000, Transfer 137.000000 to Acc 5
User 2, Acc 7 Balance 54756.000000, Transfer 3.000000 to Acc 4
User 2, Acc 7 Balance 54753.000000, Transfer 5.000000 to Acc 4
[22;32mUser 2, Acc 4 Balance 498.000000, 				Withdraw 1167.000000 --insufficient funds[0m
User 2, Acc 5 Balance 7914.000000, Withdraw 1307.000000 
User 2, Acc 1 Balance 678.000000, Transfer 89.000000 to Acc 8
User 2, Acc 1 Balance 589.000000, Transfer 163.000000 to Acc 9
User 2, Acc 1 Balance 426.000000, Withdraw 41.000000 
User 2, Acc 2 Balance 454.000000, Withdraw 71.000000 
[22;32mUser 2, Acc 3 Balance 803.000000, 				Withdraw 1127.000000 --insufficient funds[0m
User 2, Acc 6 Balance 1024.000000, Withdraw 647.000000 
User 2, Acc 6 Balance 377.000000, Deposit 1953.000000 
User 2, Acc 7 Balance 54748.000000, Deposit 967.000000 
User 2, Acc 1 Balance 385.000000, Transfer 19.000000 to Acc 7
User 2, Acc 2 Balance 383.000000, Transfer 23.000000 to Acc 7
User 2, Acc 6 Balance 2330.000000, Transfer 1167.000000 to Acc 5
User 2, Acc 4 Balance 498.000000, Transfer 53.000000 to Acc 5
User 2, Acc 7 Balance 55757.000000, Withdraw 1593.000000 
[22;32mUser 2, Acc 8 Balance 336.000000, 				Withdraw 449.000000 --insufficient funds[0m
User 2, Acc 9 Balance 3548.000000, Withdraw 163.000000 
User 2, Acc 9 Balance 3385.000000, Deposit 617.000000 
User 1, Acc 5 Balance 7777.000000, Withdraw 1307.000000 
User 0, Acc 0 Balance 1050.000000, Withdraw 200.000000 
User 1, Acc 1 Balance 366.000000, Transfer 89.000000 to Acc 8
User 3, Acc 2 Balance 454.000000, Deposit 9.000000 
User 4, Acc 2 Balance 112.000000, Withdraw 71.000000 
User 2, Acc 9 Balance 4002.000000, Transfer 617.000000 to Acc 1
[22;32mUser 4, Acc 3 Balance 803.000000, 				Withdraw 1127.000000 --insufficient funds[0m
User 1, Acc 1 Balance 277.000000, Transfer 163.000000 to Acc 9
User 5, Acc 9 Balance 3385.000000, Withdraw 500.000000 
User 1, Acc 1 Balance 731.000000, Withdraw 41.000000 
User 5, Acc 0 Balance 850.000000, Withdraw 500.000000 
User 1, Acc 2 Balance 298.000000, Withdraw 71.000000 
User 2, Acc 8 Balance 425.000000, Deposit 619.000000 
User 4, Acc 6 Balance 1163.000000, Withdraw 647.000000 
[22;32mUser 1, Acc 3 Balance 803.000000, 				Withdraw 1127.000000 --insufficient funds[0m
User 3, Acc 3 Balance 803.000000, Transfer 29.000000 to Acc 7
[22;32mUser 1, Acc 6 Balance 516.000000, 				Withdraw 647.000000 --insufficient funds[0m
User 3, Acc 7 Balance 54193.000000, Transfer 31.000000 to Acc 6
User 5, Acc 0 Balance 350.000000, Deposit 7.000000 
User 2, Acc 8 Balance 1044.000000, Transfer 619.000000 to Acc 2
User 5, Acc 1 Balance 690.000000, Deposit 11.000000 
User 2, Acc 7 Balance 54162.000000, Deposit 631.000000 
User 1, Acc 6 Balance 516.000000, Deposit 953.000000 
User 0, Acc 1 Balance 366.000000, Deposit 100.000000 
User 3, Acc 7 Balance 54162.000000, Transfer 137.000000 to Acc 5
User 4, Acc 6 Balance 516.000000, Deposit 1953.000000 
User 3, Acc 7 Balance 54656.000000, Transfer 3.000000 to Acc 4
User 3, Acc 7 Balance 54653.000000, Transfer 5.000000 to Acc 4
User 3, Acc 3 Balance 774.000000, Deposit 929.000000 
User 3, Acc 4 Balance 453.000000, Deposit 937.000000 
User 3, Acc 5 Balance 6657.000000, Deposit 941.000000 
User 3, Acc 4 Balance 1390.000000, Withdraw 1167.000000 
User 3, Acc 5 Balance 7598.000000, Withdraw 1307.000000 
User 3, Acc 1 Balance 801.000000, Transfer 89.000000 to Acc 8
User 3, Acc 1 Balance 712.000000, Transfer 163.000000 to Acc 9
User 3, Acc 1 Balance 549.000000, Withdraw 41.000000 
User 3, Acc 2 Balance 846.000000, Withdraw 71.000000 
User 3, Acc 3 Balance 1703.000000, Withdraw 1127.000000 
User 3, Acc 6 Balance 3453.000000, Withdraw 647.000000 
User 3, Acc 6 Balance 2806.000000, Deposit 953.000000 
User 3, Acc 7 Balance 54648.000000, Deposit 967.000000 
User 3, Acc 1 Balance 508.000000, Transfer 19.000000 to Acc 7
User 3, Acc 2 Balance 775.000000, Transfer 23.000000 to Acc 7
User 3, Acc 6 Balance 3759.000000, Transfer 1167.000000 to Acc 5
User 3, Acc 4 Balance 223.000000, Transfer 53.000000 to Acc 5
User 3, Acc 7 Balance 55657.000000, Withdraw 1593.000000 
User 3, Acc 8 Balance 514.000000, Withdraw 449.000000 
User 3, Acc 9 Balance 3211.000000, Withdraw 163.000000 
User 0, Acc 2 Balance 846.000000, Deposit 900.000000 
User 0, Acc 1 Balance 489.000000, Withdraw 50.000000 
User 0, Acc 2 Balance 1652.000000, Withdraw 150.000000 
User 0, Acc 3 Balance 576.000000, Deposit 500.000000 
User 0, Acc 2 Balance 1502.000000, Transfer 300.000000 to Acc 1
User 0, Acc 3 Balance 1076.000000, Transfer 300.000000 to Acc 1
User 4, Acc 7 Balance 54656.000000, Deposit 967.000000 
User 4, Acc 1 Balance 1039.000000, Transfer 19.000000 to Acc 7
User 1, Acc 7 Balance 54793.000000, Deposit 967.000000 
User 4, Acc 2 Balance 1202.000000, Transfer 23.000000 to Acc 7
User 3, Acc 0 Balance 357.000000, Deposit 7.000000 
User 2, Acc 7 Balance 54793.000000, Transfer 631.000000 to Acc 3
User 5, Acc 2 Balance 846.000000, Deposit 9.000000 
User 2, Acc 6 Balance 2592.000000, Deposit 641.000000 
User 1, Acc 1 Balance 1020.000000, Transfer 19.000000 to Acc 7
User 4, Acc 6 Balance 2592.000000, Transfer 1167.000000 to Acc 5
User 1, Acc 2 Balance 1188.000000, Transfer 23.000000 to Acc 7
User 1, Acc 6 Balance 3233.000000, Transfer 1167.000000 to Acc 5
User 5, Acc 3 Balance 1407.000000, Transfer 29.000000 to Acc 7
User 2, Acc 6 Balance 3233.000000, Transfer 641.000000 to Acc 4
User 5, Acc 7 Balance 55480.000000, Transfer 31.000000 to Acc 6
User 2, Acc 5 Balance 9845.000000, Deposit 643.000000 
User 2, Acc 5 Balance 10488.000000, Transfer 1200.000000 to Acc 6
User 4, Acc 4 Balance 170.000000, Transfer 53.000000 to Acc 5
User 1, Acc 4 Balance 170.000000, Transfer 53.000000 to Acc 5
User 4, Acc 7 Balance 55449.000000, Withdraw 1593.000000 
User 1, Acc 7 Balance 55449.000000, Withdraw 1593.000000 
[22;32mUser 1, Acc 8 Balance 65.000000, 				Withdraw 449.000000 --insufficient funds[0m
User 5, Acc 7 Balance 55449.000000, Transfer 137.000000 to Acc 5
User 2, Acc 4 Balance 811.000000, Deposit 647.000000 
User 5, Acc 7 Balance 52126.000000, Transfer 3.000000 to Acc 4
[22;32mUser 4, Acc 8 Balance 65.000000, 				Withdraw 449.000000 --insufficient funds[0m
User 0, Acc 0 Balance 357.000000, Deposit 400.000000 
User 1, Acc 9 Balance 3048.000000, Withdraw 163.000000 
User 0, Acc 3 Balance 1378.000000, Withdraw 200.000000 
User 1, Acc 9 Balance 2885.000000, Deposit 617.000000 
Balance in 1: 1001.000000
User 0, Acc 0 Balance 764.000000, Deposit 400.000000 
User 5, Acc 7 Balance 52123.000000, Transfer 5.000000 to Acc 4
User 0, Acc 0 Balance 1164.000000, Withdraw 200.000000 
User 5, Acc 3 Balance 1178.000000, Deposit 929.000000 
User 0, Acc 1 Balance 1001.000000, Deposit 100.000000 
User 0, Acc 2 Balance 1165.000000, Deposit 900.000000 
User 5, Acc 4 Balance 1360.000000, Deposit 937.000000 
User 0, Acc 1 Balance 1101.000000, Withdraw 50.000000 
User 5, Acc 5 Balance 9531.000000, Deposit 941.000000 
User 3, Acc 1 Balance 1020.000000, Deposit 11.000000 
User 5, Acc 4 Balance 2297.000000, Withdraw 1167.000000 
User 5, Acc 5 Balance 10472.000000, Withdraw 1307.000000 
User 5, Acc 1 Balance 1062.000000, Transfer 89.000000 to Acc 8
User 5, Acc 1 Balance 973.000000, Transfer 163.000000 to Acc 9
User 5, Acc 1 Balance 810.000000, Withdraw 41.000000 
User 3, Acc 2 Balance 2065.000000, Deposit 9.000000 
User 5, Acc 2 Balance 2065.000000, Withdraw 71.000000 
User 5, Acc 3 Balance 2107.000000, Withdraw 1127.000000 
User 2, Acc 4 Balance 1352.000000, Transfer 1200.000000 to Acc 7
User 0, Acc 2 Balance 2065.000000, Withdraw 150.000000 
User 1, Acc 9 Balance 3502.000000, Transfer 617.000000 to Acc 1
User 4, Acc 9 Balance 3048.000000, Withdraw 163.000000 
User 3, Acc 3 Balance 2107.000000, Transfer 29.000000 to Acc 7
User 4, Acc 0 Balance 964.000000, Deposit 400.000000 
User 4, Acc 0 Balance 1364.000000, Withdraw 200.000000 
User 2, Acc 3 Balance 980.000000, Deposit 653.000000 
User 0, Acc 3 Balance 980.000000, Deposit 500.000000 
User 1, Acc 8 Balance 154.000000, Deposit 619.000000 
User 5, Acc 6 Balance 1489.000000, Withdraw 647.000000 
User 3, Acc 7 Balance 53347.000000, Transfer 31.000000 to Acc 6
User 5, Acc 6 Balance 842.000000, Deposit 953.000000 
User 3, Acc 7 Balance 53316.000000, Transfer 137.000000 to Acc 5
User 5, Acc 7 Balance 53316.000000, Deposit 967.000000 
User 5, Acc 1 Balance 1386.000000, Transfer 19.000000 to Acc 7
User 1, Acc 8 Balance 773.000000, Transfer 619.000000 to Acc 2
User 4, Acc 1 Balance 1386.000000, Deposit 100.000000 
User 1, Acc 7 Balance 54165.000000, Deposit 631.000000 
User 0, Acc 2 Balance 1853.000000, Transfer 300.000000 to Acc 1
User 3, Acc 7 Balance 54146.000000, Transfer 3.000000 to Acc 4
User 0, Acc 3 Balance 2104.000000, Transfer 300.000000 to Acc 1
User 0, Acc 0 Balance 1164.000000, Deposit 400.000000 
User 2, Acc 3 Balance 1604.000000, Transfer 1200.000000 to Acc 8
User 0, Acc 3 Balance 1804.000000, Withdraw 200.000000 
User 1, Acc 7 Balance 54796.000000, Transfer 631.000000 to Acc 3
Balance in 1: 2067.000000
User 3, Acc 7 Balance 54793.000000, Transfer 5.000000 to Acc 4
User 5, Acc 2 Balance 1853.000000, Transfer 23.000000 to Acc 7
User 4, Acc 2 Balance 2472.000000, Deposit 900.000000 
User 5, Acc 6 Balance 1826.000000, Transfer 1167.000000 to Acc 5
User 4, Acc 1 Balance 2067.000000, Withdraw 50.000000 
User 1, Acc 6 Balance 1826.000000, Deposit 641.000000 
User 3, Acc 3 Balance 1035.000000, Deposit 929.000000 
User 1, Acc 6 Balance 1300.000000, Transfer 641.000000 to Acc 4
User 3, Acc 4 Balance -62.000000, Deposit 937.000000 
User 5, Acc 7 Balance 54180.000000, Withdraw 1593.000000 
User 0, Acc 0 Balance 1564.000000, Deposit 400.000000 
User 2, Acc 2 Balance 2172.000000, Deposit 659.000000 
User 0, Acc 0 Balance 1964.000000, Withdraw 200.000000 
User 2, Acc 2 Balance 3708.000000, Transfer 1200.000000 to Acc 9
User 3, Acc 5 Balance 10469.000000, Deposit 941.000000 
User 2, Acc 1 Balance 2017.000000, Deposit 661.000000 
User 5, Acc 8 Balance 1354.000000, Withdraw 449.000000 
User 1, Acc 5 Balance 10469.000000, Deposit 643.000000 
User 5, Acc 9 Balance 4085.000000, Withdraw 163.000000 
User 1, Acc 5 Balance 12053.000000, Transfer 1200.000000 to Acc 6
User 5, Acc 9 Balance 3922.000000, Deposit 617.000000 
User 1, Acc 4 Balance 1516.000000, Deposit 647.000000 
User 5, Acc 9 Balance 4539.000000, Transfer 617.000000 to Acc 1
User 1, Acc 4 Balance 2163.000000, Transfer 1200.000000 to Acc 7
User 1, Acc 3 Balance 1964.000000, Deposit 653.000000 
User 1, Acc 3 Balance 2617.000000, Transfer 1200.000000 to Acc 8
User 1, Acc 2 Balance 2508.000000, Deposit 659.000000 
User 1, Acc 2 Balance 3167.000000, Transfer 1200.000000 to Acc 9
User 1, Acc 1 Balance 3295.000000, Deposit 661.000000 
User 1, Acc 1 Balance 3956.000000, Transfer 1200.000000 to Acc 9
User 1, Acc 0 Balance 1764.000000, Deposit 673.000000 
User 1, Acc 0 Balance 2437.000000, Transfer 1200.000000 to Acc 9
User 2, Acc 1 Balance 2678.000000, Transfer 1200.000000 to Acc 9
User 2, Acc 0 Balance 1237.000000, Deposit 673.000000 
User 2, Acc 0 Balance 1910.000000, Transfer 1200.000000 to Acc 9
User 2, Acc 9 Balance 9922.000000, Deposit 617.000000 
User 2, Acc 9 Balance 10539.000000, Transfer 617.000000 to Acc 1
User 5, Acc 8 Balance 905.000000, Deposit 619.000000 
User 2, Acc 8 Balance 2105.000000, Deposit 619.000000 
User 5, Acc 8 Balance 2724.000000, Transfer 619.000000 to Acc 2
User 0, Acc 1 Balance 2017.000000, Deposit 100.000000 
User 5, Acc 7 Balance 53787.000000, Deposit 631.000000 
User 4, Acc 2 Balance 3049.000000, Withdraw 150.000000 
User 5, Acc 7 Balance 54418.000000, Transfer 631.000000 to Acc 3
User 4, Acc 3 Balance 1417.000000, Deposit 500.000000 
User 4, Acc 2 Balance 2436.000000, Transfer 300.000000 to Acc 1
User 0, Acc 2 Balance 2586.000000, Deposit 900.000000 
User 4, Acc 3 Balance 2548.000000, Transfer 300.000000 to Acc 1
User 0, Acc 1 Balance 2573.000000, Withdraw 50.000000 
User 4, Acc 0 Balance 710.000000, Deposit 400.000000 
User 5, Acc 6 Balance 1859.000000, Deposit 641.000000 
User 4, Acc 3 Balance 2248.000000, Withdraw 200.000000 
User 3, Acc 4 Balance 1516.000000, Withdraw 1167.000000 
User 0, Acc 2 Balance 3036.000000, Withdraw 150.000000 
User 2, Acc 8 Balance 3343.000000, Transfer 619.000000 to Acc 2
User 5, Acc 6 Balance 2500.000000, Transfer 641.000000 to Acc 4
User 2, Acc 7 Balance 53787.000000, Deposit 631.000000 
User 5, Acc 5 Balance 10853.000000, Deposit 643.000000 
Balance in 1: 2823.000000
User 5, Acc 5 Balance 11496.000000, Transfer 1200.000000 to Acc 6
User 0, Acc 3 Balance 2048.000000, Deposit 500.000000 
User 0, Acc 2 Balance 3505.000000, Transfer 300.000000 to Acc 1
User 3, Acc 5 Balance 10853.000000, Withdraw 1307.000000 
User 5, Acc 4 Balance 437.000000, Deposit 647.000000 
User 4, Acc 9 Balance 9922.000000, Deposit 617.000000 
User 1, Acc 0 Balance 1237.000000, Deposit 907.000000 
User 2, Acc 7 Balance 54418.000000, Transfer 631.000000 to Acc 3
User 0, Acc 3 Balance 2548.000000, Transfer 300.000000 to Acc 1
User 2, Acc 6 Balance 3059.000000, Deposit 641.000000 
User 5, Acc 3 Balance 2548.000000, Deposit 653.000000 
User 2, Acc 6 Balance 3700.000000, Transfer 641.000000 to Acc 4
User 5, Acc 3 Balance 3532.000000, Transfer 1200.000000 to Acc 8
User 2, Acc 5 Balance 8989.000000, Deposit 643.000000 
User 0, Acc 0 Balance 2017.000000, Deposit 400.000000 
User 2, Acc 5 Balance 9632.000000, Transfer 1200.000000 to Acc 6
User 0, Acc 3 Balance 2332.000000, Withdraw 200.000000 
User 5, Acc 2 Balance 3205.000000, Deposit 659.000000 
Balance in 1: 3423.000000
User 3, Acc 1 Balance 3123.000000, Transfer 89.000000 to Acc 8
User 4, Acc 9 Balance 10539.000000, Transfer 617.000000 to Acc 1
User 2, Acc 4 Balance 1725.000000, Deposit 647.000000 
User 5, Acc 2 Balance 3864.000000, Transfer 1200.000000 to Acc 9
User 2, Acc 4 Balance 2372.000000, Transfer 1200.000000 to Acc 7
User 5, Acc 1 Balance 3951.000000, Deposit 661.000000 
User 1, Acc 1 Balance 3123.000000, Deposit 911.000000 
User 3, Acc 1 Balance 3334.000000, Transfer 163.000000 to Acc 9
User 4, Acc 8 Balance 3394.000000, Deposit 619.000000 
User 3, Acc 1 Balance 5360.000000, Withdraw 41.000000 
User 3, Acc 2 Balance 2664.000000, Withdraw 71.000000 
User 0, Acc 1 Balance 3423.000000, Withdraw 500.000000 
User 2, Acc 3 Balance 2132.000000, Deposit 653.000000 
User 0, Acc 2 Balance 2593.000000, Withdraw 500.000000 
User 2, Acc 3 Balance 2785.000000, Transfer 1200.000000 to Acc 8
User 2, Acc 2 Balance 2593.000000, Deposit 659.000000 
User 3, Acc 3 Balance 2132.000000, Withdraw 1127.000000 
User 2, Acc 2 Balance 2752.000000, Transfer 1200.000000 to Acc 9
User 3, Acc 6 Balance 4259.000000, Withdraw 647.000000 
User 2, Acc 1 Balance 4819.000000, Deposit 661.000000 
User 3, Acc 6 Balance 3612.000000, Deposit 953.000000 
User 4, Acc 8 Balance 4013.000000, Transfer 619.000000 to Acc 2
User 5, Acc 1 Balance 4612.000000, Transfer 1200.000000 to Acc 9
User 1, Acc 2 Balance 2664.000000, Deposit 919.000000 
User 0, Acc 3 Balance 1585.000000, Withdraw 500.000000 
User 1, Acc 3 Balance 458.000000, Deposit 929.000000 
User 3, Acc 7 Balance 54987.000000, Deposit 967.000000 
User 5, Acc 0 Balance 2417.000000, Deposit 673.000000 
User 3, Acc 1 Balance 4280.000000, Transfer 19.000000 to Acc 7
User 0, Acc 4 Balance 1172.000000, Withdraw 500.000000 
User 0, Acc 5 Balance 8432.000000, Withdraw 500.000000 
User 4, Acc 7 Balance 54987.000000, Deposit 631.000000 
User 2, Acc 1 Balance 5480.000000, Transfer 1200.000000 to Acc 9
User 4, Acc 7 Balance 56604.000000, Transfer 631.000000 to Acc 3
User 2, Acc 0 Balance 3090.000000, Deposit 673.000000 
User 4, Acc 6 Balance 4565.000000, Deposit 641.000000 
User 2, Acc 0 Balance 3763.000000, Transfer 1200.000000 to Acc 9
User 4, Acc 6 Balance 5206.000000, Transfer 641.000000 to Acc 4
User 4, Acc 5 Balance 7932.000000, Deposit 643.000000 
User 3, Acc 2 Balance 3090.000000, Transfer 23.000000 to Acc 7
User 4, Acc 5 Balance 8575.000000, Transfer 1200.000000 to Acc 6
User 3, Acc 6 Balance 4565.000000, Transfer 1167.000000 to Acc 5
User 3, Acc 4 Balance 1313.000000, Transfer 53.000000 to Acc 5
User 2, Acc 0 Balance 2563.000000, Deposit 907.000000 
User 5, Acc 0 Balance 3090.000000, Transfer 1200.000000 to Acc 9
User 2, Acc 1 Balance 3061.000000, Deposit 911.000000 
User 5, Acc 1 Balance 3061.000000, Withdraw 500.000000 
User 4, Acc 4 Balance 1313.000000, Deposit 647.000000 
User 0, Acc 6 Balance 4565.000000, Withdraw 500.000000 
User 4, Acc 4 Balance 1907.000000, Transfer 1200.000000 to Acc 7
User 0, Acc 7 Balance 55996.000000, Withdraw 500.000000 
User 4, Acc 3 Balance 1518.000000, Deposit 653.000000 
User 0, Acc 8 Balance 4594.000000, Withdraw 500.000000 
User 4, Acc 3 Balance 2171.000000, Transfer 1200.000000 to Acc 8
User 0, Acc 9 Balance 17285.000000, Withdraw 500.000000 
User 4, Acc 2 Balance 3067.000000, Deposit 659.000000 
User 0, Acc 0 Balance 2270.000000, Withdraw 500.000000 
User 4, Acc 2 Balance 3726.000000, Transfer 1200.000000 to Acc 9
User 0, Acc 1 Balance 3472.000000, Withdraw 500.000000 
User 4, Acc 1 Balance 3472.000000, Deposit 661.000000 
User 0, Acc 2 Balance 2526.000000, Withdraw 500.000000 
User 3, Acc 7 Balance 55996.000000, Withdraw 1593.000000 
User 0, Acc 3 Balance 971.000000, Withdraw 500.000000 
User 3, Acc 8 Balance 5294.000000, Withdraw 449.000000 
User 4, Acc 1 Balance 3633.000000, Transfer 1200.000000 to Acc 9
User 1, Acc 4 Balance 1172.000000, Deposit 937.000000 
User 4, Acc 0 Balance 1770.000000, Deposit 673.000000 
User 4, Acc 0 Balance 2443.000000, Transfer 1200.000000 to Acc 9
User 5, Acc 2 Balance 3067.000000, Withdraw 500.000000 
User 4, Acc 0 Balance 1243.000000, Deposit 907.000000 
User 3, Acc 9 Balance 17985.000000, Withdraw 163.000000 
User 4, Acc 1 Balance 2433.000000, Deposit 911.000000 
User 4, Acc 2 Balance 1526.000000, Deposit 919.000000 
User 3, Acc 0 Balance 2150.000000, Deposit 907.000000 
User 0, Acc 4 Balance 707.000000, Withdraw 500.000000 
[22;32mUser 5, Acc 3 Balance 471.000000, 				Withdraw 500.000000 --insufficient funds[0m
User 5, Acc 4 Balance 1144.000000, Withdraw 500.000000 
User 5, Acc 5 Balance 8595.000000, Withdraw 500.000000 
User 1, Acc 5 Balance 8595.000000, Deposit 941.000000 
User 4, Acc 3 Balance 471.000000, Deposit 929.000000 
User 1, Acc 6 Balance 4098.000000, Deposit 953.000000 
User 0, Acc 5 Balance 8595.000000, Withdraw 500.000000 
User 1, Acc 7 Balance 55103.000000, Deposit 967.000000 
User 0, Acc 6 Balance 5051.000000, Withdraw 500.000000 
User 0, Acc 7 Balance 55103.000000, Withdraw 500.000000 
User 1, Acc 1 Balance 3344.000000, Transfer 19.000000 to Acc 7
User 3, Acc 1 Balance 3344.000000, Deposit 911.000000 
User 1, Acc 2 Balance 2445.000000, Transfer 23.000000 to Acc 7
User 5, Acc 6 Balance 4098.000000, Withdraw 500.000000 
User 1, Acc 3 Balance 1400.000000, Transfer 29.000000 to Acc 7
User 4, Acc 4 Balance 644.000000, Deposit 937.000000 
User 1, Acc 7 Balance 55641.000000, Transfer 31.000000 to Acc 6
User 2, Acc 2 Balance 3067.000000, Deposit 919.000000 
User 1, Acc 7 Balance 55610.000000, Transfer 37.000000 to Acc 5
User 0, Acc 8 Balance 4845.000000, Withdraw 500.000000 
User 1, Acc 7 Balance 55573.000000, Transfer 3.000000 to Acc 4
User 4, Acc 5 Balance 8536.000000, Deposit 941.000000 
User 1, Acc 7 Balance 55570.000000, Transfer 5.000000 to Acc 4
User 1, Acc 6 Balance 4082.000000, Transfer 67.000000 to Acc 5
User 1, Acc 4 Balance 1589.000000, Transfer 53.000000 to Acc 5
User 1, Acc 1 Balance 4236.000000, Transfer 89.000000 to Acc 8
User 1, Acc 1 Balance 4147.000000, Transfer 163.000000 to Acc 9
User 1, Acc 1 Balance 3984.000000, Withdraw 41.000000 
User 1, Acc 2 Balance 3341.000000, Withdraw 71.000000 
User 1, Acc 3 Balance 1371.000000, Withdraw 127.000000 
User 1, Acc 4 Balance 1536.000000, Withdraw 167.000000 
User 1, Acc 5 Balance 9634.000000, Withdraw 307.000000 
User 0, Acc 9 Balance 20222.000000, Withdraw 500.000000 
User 1, Acc 6 Balance 4015.000000, Withdraw 647.000000 
User 0, Acc 0 Balance 3057.000000, Withdraw 500.000000 
User 1, Acc 7 Balance 55565.000000, Withdraw 593.000000 
User 0, Acc 1 Balance 3943.000000, Withdraw 500.000000 
User 1, Acc 8 Balance 4434.000000, Withdraw 449.000000 
User 2, Acc 3 Balance 1371.000000, Deposit 929.000000 
User 1, Acc 9 Balance 19885.000000, Withdraw 163.000000 
User 3, Acc 2 Balance 2445.000000, Deposit 919.000000 
User 1, Acc 0 Balance 2557.000000, Deposit 907.000000 
User 4, Acc 6 Balance 4082.000000, Deposit 953.000000 
User 1, Acc 1 Balance 3443.000000, Deposit 911.000000 
User 2, Acc 4 Balance 1369.000000, Deposit 937.000000 
User 1, Acc 2 Balance 4189.000000, Deposit 919.000000 
User 3, Acc 3 Balance 2173.000000, Deposit 929.000000 
User 1, Acc 3 Balance 2173.000000, Deposit 929.000000 
User 5, Acc 7 Balance 55612.000000, Withdraw 500.000000 
User 1, Acc 4 Balance 2306.000000, Deposit 937.000000 
User 0, Acc 2 Balance 3270.000000, Withdraw 500.000000 
User 1, Acc 5 Balance 9327.000000, Deposit 941.000000 
User 0, Acc 3 Balance 4031.000000, Withdraw 500.000000 
User 0, Acc 4 Balance 3243.000000, Withdraw 500.000000 
User 2, Acc 5 Balance 9327.000000, Deposit 941.000000 
User 0, Acc 5 Balance 10268.000000, Withdraw 500.000000 
User 5, Acc 8 Balance 3985.000000, Withdraw 500.000000 
User 4, Acc 7 Balance 54972.000000, Deposit 967.000000 
User 3, Acc 4 Balance 2306.000000, Deposit 937.000000 
User 4, Acc 1 Balance 4354.000000, Transfer 19.000000 to Acc 7
User 2, Acc 6 Balance 4321.000000, Deposit 953.000000 
User 0, Acc 6 Balance 4321.000000, Withdraw 500.000000 
User 5, Acc 9 Balance 19722.000000, Withdraw 500.000000 
User 0, Acc 7 Balance 55458.000000, Withdraw 500.000000 
User 5, Acc 0 Balance 3464.000000, Withdraw 500.000000 
User 4, Acc 2 Balance 4608.000000, Transfer 23.000000 to Acc 7
User 1, Acc 6 Balance 4321.000000, Deposit 953.000000 
User 4, Acc 3 Balance 3531.000000, Transfer 29.000000 to Acc 7
User 1, Acc 7 Balance 54981.000000, Deposit 967.000000 
User 1, Acc 1 Balance 4335.000000, Transfer 19.000000 to Acc 7
User 0, Acc 8 Balance 3485.000000, Withdraw 500.000000 
User 2, Acc 7 Balance 55458.000000, Deposit 967.000000 
User 0, Acc 9 Balance 19222.000000, Withdraw 500.000000 
User 3, Acc 5 Balance 10709.000000, Deposit 941.000000 
User 4, Acc 7 Balance 55977.000000, Transfer 31.000000 to Acc 6
User 3, Acc 6 Balance 5727.000000, Deposit 953.000000 
User 4, Acc 7 Balance 56932.000000, Transfer 37.000000 to Acc 5
User 3, Acc 7 Balance 56932.000000, Deposit 967.000000 
User 3, Acc 1 Balance 4316.000000, Transfer 19.000000 to Acc 7
User 3, Acc 2 Balance 4585.000000, Transfer 23.000000 to Acc 7
User 3, Acc 3 Balance 3502.000000, Transfer 29.000000 to Acc 7
User 3, Acc 7 Balance 57933.000000, Transfer 31.000000 to Acc 6
User 3, Acc 7 Balance 57902.000000, Transfer 37.000000 to Acc 5
User 3, Acc 7 Balance 57865.000000, Transfer 3.000000 to Acc 4
User 2, Acc 1 Balance 4316.000000, Transfer 19.000000 to Acc 7
User 3, Acc 7 Balance 57862.000000, Transfer 5.000000 to Acc 4
User 2, Acc 2 Balance 4562.000000, Transfer 23.000000 to Acc 7
User 3, Acc 6 Balance 6742.000000, Transfer 67.000000 to Acc 5
User 2, Acc 3 Balance 3473.000000, Transfer 29.000000 to Acc 7
User 3, Acc 4 Balance 3688.000000, Transfer 53.000000 to Acc 5
User 3, Acc 1 Balance 4278.000000, Transfer 89.000000 to Acc 8
User 5, Acc 1 Balance 4335.000000, Withdraw 500.000000 
User 3, Acc 1 Balance 4189.000000, Transfer 163.000000 to Acc 9
User 5, Acc 2 Balance 4539.000000, Withdraw 500.000000 
User 3, Acc 1 Balance 3526.000000, Withdraw 41.000000 
User 3, Acc 2 Balance 4039.000000, Withdraw 71.000000 
User 3, Acc 3 Balance 3444.000000, Withdraw 127.000000 
User 3, Acc 4 Balance 3635.000000, Withdraw 167.000000 
User 3, Acc 5 Balance 11844.000000, Withdraw 307.000000 
User 3, Acc 6 Balance 6675.000000, Withdraw 647.000000 
User 3, Acc 7 Balance 57928.000000, Withdraw 593.000000 
User 3, Acc 8 Balance 3074.000000, Withdraw 449.000000 
User 3, Acc 9 Balance 18885.000000, Withdraw 163.000000 
User 0, Acc 0 Balance 2964.000000, Withdraw 500.000000 
User 0, Acc 1 Balance 3485.000000, Withdraw 500.000000 
User 0, Acc 2 Balance 3968.000000, Withdraw 500.000000 
User 0, Acc 3 Balance 3317.000000, Withdraw 500.000000 
User 0, Acc 4 Balance 3468.000000, Withdraw 500.000000 
User 0, Acc 5 Balance 11537.000000, Withdraw 500.000000 
User 0, Acc 6 Balance 6028.000000, Withdraw 500.000000 
User 1, Acc 2 Balance 4585.000000, Transfer 23.000000 to Acc 7
User 1, Acc 3 Balance 2817.000000, Transfer 29.000000 to Acc 7
User 1, Acc 7 Balance 57387.000000, Transfer 31.000000 to Acc 6
User 1, Acc 7 Balance 57356.000000, Transfer 37.000000 to Acc 5
User 1, Acc 7 Balance 57319.000000, Transfer 3.000000 to Acc 4
User 1, Acc 7 Balance 57316.000000, Transfer 5.000000 to Acc 4
User 1, Acc 6 Balance 5559.000000, Transfer 67.000000 to Acc 5
User 1, Acc 4 Balance 2976.000000, Transfer 53.000000 to Acc 5
User 1, Acc 1 Balance 2985.000000, Transfer 89.000000 to Acc 8
User 1, Acc 1 Balance 2896.000000, Transfer 163.000000 to Acc 9
User 1, Acc 1 Balance 2733.000000, Withdraw 41.000000 
User 4, Acc 7 Balance 56895.000000, Transfer 3.000000 to Acc 4
User 5, Acc 3 Balance 3444.000000, Withdraw 500.000000 
User 3, Acc 1 Balance 3485.000000, Withdraw 500.000000 
User 5, Acc 4 Balance 2926.000000, Withdraw 500.000000 
User 5, Acc 5 Balance 11194.000000, Withdraw 500.000000 
User 2, Acc 7 Balance 57928.000000, Transfer 31.000000 to Acc 6
User 1, Acc 2 Balance 3445.000000, Withdraw 71.000000 
User 2, Acc 7 Balance 57277.000000, Transfer 37.000000 to Acc 5
User 3, Acc 2 Balance 3445.000000, Withdraw 500.000000 
User 0, Acc 7 Balance 57335.000000, Withdraw 500.000000 
User 3, Acc 3 Balance 2288.000000, Withdraw 500.000000 
User 0, Acc 8 Balance 2714.000000, Withdraw 500.000000 
User 1, Acc 3 Balance 2288.000000, Withdraw 127.000000 
User 0, Acc 9 Balance 18885.000000, Withdraw 500.000000 
User 1, Acc 4 Balance 2426.000000, Withdraw 167.000000 
User 5, Acc 6 Balance 5492.000000, Withdraw 500.000000 
User 1, Acc 5 Balance 10731.000000, Withdraw 307.000000 
User 3, Acc 4 Balance 2426.000000, Withdraw 500.000000 
User 2, Acc 7 Balance 57240.000000, Transfer 3.000000 to Acc 4
User 3, Acc 5 Balance 10424.000000, Withdraw 500.000000 
User 2, Acc 7 Balance 56737.000000, Transfer 5.000000 to Acc 4
User 3, Acc 6 Balance 5023.000000, Withdraw 500.000000 
User 1, Acc 6 Balance 5023.000000, Withdraw 647.000000 
User 3, Acc 7 Balance 56732.000000, Withdraw 500.000000 
User 4, Acc 7 Balance 57308.000000, Transfer 5.000000 to Acc 4
User 3, Acc 8 Balance 2214.000000, Withdraw 500.000000 
User 0, Acc 0 Balance 2464.000000, Withdraw 500.000000 
User 1, Acc 7 Balance 56732.000000, Withdraw 593.000000 
User 5, Acc 7 Balance 56740.000000, Withdraw 500.000000 
User 2, Acc 6 Balance 5023.000000, Transfer 67.000000 to Acc 5
User 4, Acc 6 Balance 3876.000000, Transfer 67.000000 to Acc 5
User 3, Acc 9 Balance 18385.000000, Withdraw 500.000000 
User 0, Acc 1 Balance 2192.000000, Withdraw 500.000000 
User 3, Acc 0 Balance 1964.000000, Withdraw 500.000000 
User 0, Acc 2 Balance 2874.000000, Withdraw 500.000000 
User 5, Acc 8 Balance 1714.000000, Withdraw 500.000000 
User 2, Acc 4 Balance 1772.000000, Transfer 53.000000 to Acc 5
User 5, Acc 9 Balance 17885.000000, Withdraw 500.000000 
User 2, Acc 1 Balance 1692.000000, Transfer 89.000000 to Acc 8
User 0, Acc 3 Balance 1661.000000, Withdraw 500.000000 
User 2, Acc 1 Balance 1603.000000, Transfer 163.000000 to Acc 9
User 2, Acc 1 Balance 1440.000000, Withdraw 41.000000 
User 1, Acc 8 Balance 1714.000000, Withdraw 449.000000 
User 5, Acc 0 Balance 1464.000000, Withdraw 500.000000 
User 5, Acc 1 Balance 1399.000000, Withdraw 500.000000 
User 4, Acc 4 Balance 1772.000000, Transfer 53.000000 to Acc 5
User 4, Acc 1 Balance 899.000000, Transfer 89.000000 to Acc 8
User 4, Acc 1 Balance 810.000000, Transfer 163.000000 to Acc 9
User 4, Acc 1 Balance 647.000000, Withdraw 41.000000 
User 4, Acc 2 Balance 2374.000000, Withdraw 71.000000 
User 4, Acc 3 Balance 1161.000000, Withdraw 127.000000 
User 4, Acc 4 Balance 1666.000000, Withdraw 167.000000 
User 4, Acc 5 Balance 10164.000000, Withdraw 307.000000 
User 4, Acc 6 Balance 3742.000000, Withdraw 647.000000 
User 4, Acc 7 Balance 55134.000000, Withdraw 593.000000 
User 0, Acc 4 Balance 1719.000000, Withdraw 500.000000 
User 4, Acc 8 Balance 943.000000, Withdraw 449.000000 
User 0, Acc 5 Balance 9857.000000, Withdraw 500.000000 
User 4, Acc 9 Balance 17711.000000, Withdraw 163.000000 
User 0, Acc 6 Balance 3095.000000, Withdraw 500.000000 
User 5, Acc 2 Balance 2374.000000, Withdraw 500.000000 
User 2, Acc 2 Balance 2374.000000, Withdraw 71.000000 
User 5, Acc 3 Balance 1034.000000, Withdraw 500.000000 
User 3, Acc 1 Balance 1692.000000, Withdraw 500.000000 
User 4, Acc 1 Balance 606.000000, Withdraw 500.000000 
User 3, Acc 2 Balance 1732.000000, Withdraw 500.000000 
User 4, Acc 2 Balance 1732.000000, Withdraw 500.000000 
User 3, Acc 3 Balance 534.000000, Withdraw 500.000000 
User 0, Acc 7 Balance 54541.000000, Withdraw 500.000000 
User 1, Acc 9 Balance 17548.000000, Withdraw 163.000000 
[22;32mUser 0, Acc 8 Balance 494.000000, 				Withdraw 500.000000 --insufficient funds[0m
User 0, Acc 9 Balance 17385.000000, Withdraw 500.000000 
User 4, Acc 3 Balance 534.000000, Withdraw 500.000000 
User 0, Acc 0 Balance 964.000000, Withdraw 500.000000 
User 4, Acc 4 Balance 999.000000, Withdraw 500.000000 
User 4, Acc 5 Balance 9357.000000, Withdraw 500.000000 
User 5, Acc 4 Balance 999.000000, Withdraw 500.000000 
User 4, Acc 6 Balance 2595.000000, Withdraw 500.000000 
User 3, Acc 4 Balance 999.000000, Withdraw 500.000000 
[22;32mUser 0, Acc 1 Balance -394.000000, 				Withdraw 500.000000 --insufficient funds[0m
User 3, Acc 5 Balance 8857.000000, Withdraw 500.000000 
User 0, Acc 2 Balance 732.000000, Withdraw 500.000000 
[22;32mUser 0, Acc 3 Balance -466.000000, 				Withdraw 500.000000 --insufficient funds[0m
User 3, Acc 6 Balance 2095.000000, Withdraw 500.000000 
User 4, Acc 7 Balance 54041.000000, Withdraw 500.000000 
User 3, Acc 7 Balance 54041.000000, Withdraw 500.000000 
[22;32mUser 0, Acc 4 Balance -501.000000, 				Withdraw 500.000000 --insufficient funds[0m
User 5, Acc 5 Balance 8857.000000, Withdraw 500.000000 
User 0, Acc 5 Balance 8357.000000, Withdraw 500.000000 
User 0, Acc 6 Balance 1595.000000, Withdraw 500.000000 
[22;32mUser 4, Acc 8 Balance 494.000000, 				Withdraw 500.000000 --insufficient funds[0m
[22;32mUser 3, Acc 8 Balance 494.000000, 				Withdraw 500.000000 --insufficient funds[0m
User 4, Acc 9 Balance 16885.000000, Withdraw 500.000000 
[22;32mUser 4, Acc 0 Balance 464.000000, 				Withdraw 500.000000 --insufficient funds[0m
User 5, Acc 6 Balance 1595.000000, Withdraw 500.000000 
[22;32mUser 4, Acc 1 Balance -394.000000, 				Withdraw 500.000000 --insufficient funds[0m
User 2, Acc 3 Balance 1034.000000, Withdraw 127.000000 
[22;32mUser 4, Acc 2 Balance 232.000000, 				Withdraw 500.000000 --insufficient funds[0m
User 3, Acc 9 Balance 16385.000000, Withdraw 500.000000 
User 5, Acc 7 Balance 53041.000000, Withdraw 500.000000 
[22;32mUser 3, Acc 0 Balance 464.000000, 				Withdraw 500.000000 --insufficient funds[0m
[22;32mUser 4, Acc 3 Balance -593.000000, 				Withdraw 500.000000 --insufficient funds[0m
[22;32mUser 3, Acc 1 Balance -394.000000, 				Withdraw 500.000000 --insufficient funds[0m
[22;32mUser 3, Acc 2 Balance 232.000000, 				Withdraw 500.000000 --insufficient funds[0m
[22;32mUser 5, Acc 8 Balance 494.000000, 				Withdraw 500.000000 --insufficient funds[0m
[22;32mUser 3, Acc 3 Balance -593.000000, 				Withdraw 500.000000 --insufficient funds[0m
[22;32mUser 2, Acc 4 Balance -501.000000, 				Withdraw 167.000000 --insufficient funds[0m
User 2, Acc 5 Balance 7357.000000, Withdraw 307.000000 
User 5, Acc 9 Balance 15885.000000, Withdraw 500.000000 
[22;32mUser 2, Acc 6 Balance 595.000000, 				Withdraw 647.000000 --insufficient funds[0m
[22;32mUser 5, Acc 0 Balance 464.000000, 				Withdraw 500.000000 --insufficient funds[0m
User 2, Acc 7 Balance 52541.000000, Withdraw 593.000000 
User 2, Acc 8 Balance 494.000000, Withdraw 449.000000 
User 2, Acc 9 Balance 15385.000000, Withdraw 163.000000 
User 0, Acc 7 Balance 53041.000000, Withdraw 500.000000 
[22;32mUser 3, Acc 4 Balance -501.000000, 				Withdraw 500.000000 --insufficient funds[0m
[22;32mUser 4, Acc 4 Balance -501.000000, 				Withdraw 500.000000 --insufficient funds[0m
[22;32mUser 0, Acc 8 Balance 45.000000, 				Withdraw 500.000000 --insufficient funds[0m
User 3, Acc 5 Balance 7050.000000, Withdraw 500.000000 
User 3, Acc 6 Balance 595.000000, Withdraw 500.000000 
User 3, Acc 7 Balance 51448.000000, Withdraw 500.000000 
User 4, Acc 5 Balance 7050.000000, Withdraw 500.000000 
User 0, Acc 9 Balance 15222.000000, Withdraw 500.000000 
[22;32mUser 3, Acc 8 Balance 45.000000, 				Withdraw 500.000000 --insufficient funds[0m
[22;32mUser 0, Acc 0 Balance 464.000000, 				Withdraw 500.000000 --insufficient funds[0m
User 3, Acc 9 Balance 14722.000000, Withdraw 500.000000 
[22;32mUser 3, Acc 0 Balance 464.000000, 				Withdraw 500.000000 --insufficient funds[0m
[22;32mUser 4, Acc 6 Balance 95.000000, 				Withdraw 500.000000 --insufficient funds[0m
User 4, Acc 7 Balance 50948.000000, Withdraw 500.000000 
[22;32mUser 4, Acc 8 Balance 45.000000, 				Withdraw 500.000000 --insufficient funds[0m
User 4, Acc 9 Balance 14222.000000, Withdraw 500.000000 
[22;32mUser 4, Acc 0 Balance 464.000000, 				Withdraw 500.000000 --insufficient funds[0m
[22;32mUser 4, Acc 1 Balance -394.000000, 				Withdraw 500.000000 --insufficient funds[0m
[22;32mUser 4, Acc 2 Balance 232.000000, 				Withdraw 500.000000 --insufficient funds[0m
[22;32mUser 4, Acc 3 Balance -593.000000, 				Withdraw 500.000000 --insufficient funds[0m
[22;32mUser 4, Acc 4 Balance -501.000000, 				Withdraw 500.000000 --insufficient funds[0m
User 4, Acc 5 Balance 6050.000000, Withdraw 500.000000 
[22;32mUser 4, Acc 6 Balance 95.000000, 				Withdraw 500.000000 --insufficient funds[0m
User 4, Acc 7 Balance 50448.000000, Withdraw 500.000000 
[22;32mUser 4, Acc 8 Balance 45.000000, 				Withdraw 500.000000 --insufficient funds[0m
User 4, Acc 9 Balance 13722.000000, Withdraw 500.000000 
[22;32mUser 4, Acc 0 Balance 464.000000, 				Withdraw 500.000000 --insufficient funds[0m
  ***     End of transaction batch    ***  
Account 0 balance after completion of transaction batch: 464.000000
Account 1 balance after completion of transaction batch: -394.000000
Account 2 balance after completion of transaction batch: 232.000000
Account 3 balance after completion of transaction batch: -593.000000
Account 4 balance after completion of transaction batch: -501.000000
Account 5 balance after completion of transaction batch: 5550.000000
Account 6 balance after completion of transaction batch: 95.000000
Account 7 balance after completion of transaction batch: 49948.000000
Account 8 balance after completion of transaction batch: 45.000000
Account 9 balance after completion of transaction batch: 13222.000000
