# Output generated by:
# ./my_executable 6 data/transactions6.txt data/transactions9.txt data/transactions8.txt data/transactions2.txt data/transactions5.txt data/transactions1.txt

********************************************
   Reading and parsing a transaction file   
********************************************
Parsed transaction: deposit 0 7.000000 
Loaded deposit transaction
Parsed transaction: deposit 1 11.000000 
Loaded deposit transaction
Parsed transaction: deposit 2 9.000000 
Loaded deposit transaction
Parsed transaction: transfer 3 7 29.000000 
Loaded transfer transaction
Parsed transaction: transfer 7 6 31.000000 
Loaded transfer transaction
Parsed transaction: transfer 7 5 137.000000 
Loaded transfer transaction
Parsed transaction: transfer 7 4 3.000000 
Loaded transfer transaction
Parsed transaction: transfer 7 4 5.000000 
Loaded transfer transaction
Parsed transaction: deposit 3 929.000000 
Loaded deposit transaction
Parsed transaction: deposit 4 937.000000 
Loaded deposit transaction
Parsed transaction: deposit 5 941.000000 
Loaded deposit transaction
Parsed transaction: withdraw 4 1167.000000 
Loaded withdrawal transaction
Parsed transaction: withdraw 5 1307.000000 
Loaded withdrawal transaction
Parsed transaction: transfer 1 8 89.000000 
Loaded transfer transaction
Parsed transaction: transfer 1 9 163.000000 
Loaded transfer transaction
Parsed transaction: withdraw 1 41.000000 
Loaded withdrawal transaction
Parsed transaction: withdraw 2 71.000000 
Loaded withdrawal transaction
Parsed transaction: withdraw 3 1127.000000 
Loaded withdrawal transaction
Parsed transaction: withdraw 6 647.000000 
Loaded withdrawal transaction
Parsed transaction: deposit 6 953.000000 
Loaded deposit transaction
Parsed transaction: deposit 7 967.000000 
Loaded deposit transaction
Parsed transaction: transfer 1 7 19.000000 
Loaded transfer transaction
Parsed transaction: transfer 2 7 23.000000 
Loaded transfer transaction
Parsed transaction: transfer 6 5 1167.000000 
Loaded transfer transaction
Parsed transaction: transfer 4 5 53.000000 
Loaded transfer transaction
Parsed transaction: withdraw 7 1593.000000 
Loaded withdrawal transaction
Parsed transaction: withdraw 8 449.000000 
Loaded withdrawal transaction
Parsed transaction: withdraw 9 163.000000 
Loaded withdrawal transaction
********************************************
********************************************
   Reading and parsing a transaction file   
********************************************
Parsed transaction: deposit 9 617.000000 
Loaded deposit transaction
Parsed transaction: transfer 9 1 617.000000 
Loaded transfer transaction
Parsed transaction: deposit 8 619.000000 
Loaded deposit transaction
Parsed transaction: transfer 8 2 619.000000 
Loaded transfer transaction
Parsed transaction: deposit 7 631.000000 
Loaded deposit transaction
Parsed transaction: transfer 7 3 631.000000 
Loaded transfer transaction
Parsed transaction: deposit 6 641.000000 
Loaded deposit transaction
Parsed transaction: transfer 6 4 641.000000 
Loaded transfer transaction
Parsed transaction: deposit 5 643.000000 
Loaded deposit transaction
Parsed transaction: transfer 5 6 1200.000000 
Loaded transfer transaction
Parsed transaction: deposit 4 647.000000 
Loaded deposit transaction
Parsed transaction: transfer 4 7 1200.000000 
Loaded transfer transaction
Parsed transaction: deposit 3 653.000000 
Loaded deposit transaction
Parsed transaction: transfer 3 8 1200.000000 
Loaded transfer transaction
Parsed transaction: deposit 2 659.000000 
Loaded deposit transaction
Parsed transaction: transfer 2 9 1200.000000 
Loaded transfer transaction
Parsed transaction: deposit 1 661.000000 
Loaded deposit transaction
Parsed transaction: transfer 1 9 1200.000000 
Loaded transfer transaction
Parsed transaction: deposit 0 673.000000 
Loaded deposit transaction
Parsed transaction: transfer 0 9 1200.000000 
Loaded transfer transaction
Parsed transaction: withdraw 1 50.000000 
Loaded withdrawal transaction
Parsed transaction: withdraw 2 50.000000 
Loaded withdrawal transaction
Parsed transaction: withdraw 3 50.000000 
Loaded withdrawal transaction
Parsed transaction: withdraw 4 50.000000 
Loaded withdrawal transaction
Parsed transaction: withdraw 5 50.000000 
Loaded withdrawal transaction
Parsed transaction: withdraw 6 50.000000 
Loaded withdrawal transaction
Parsed transaction: withdraw 7 50.000000 
Loaded withdrawal transaction
Parsed transaction: withdraw 8 50.000000 
Loaded withdrawal transaction
Parsed transaction: withdraw 9 50.000000 
Loaded withdrawal transaction
Parsed transaction: withdraw 0 50.000000 
Loaded withdrawal transaction
********************************************
********************************************
   Reading and parsing a transaction file   
********************************************
Parsed transaction: deposit 9 617.000000 
Loaded deposit transaction
Parsed transaction: transfer 9 1 617.000000 
Loaded transfer transaction
Parsed transaction: deposit 8 619.000000 
Loaded deposit transaction
Parsed transaction: transfer 8 2 619.000000 
Loaded transfer transaction
Parsed transaction: deposit 7 631.000000 
Loaded deposit transaction
Parsed transaction: transfer 7 3 631.000000 
Loaded transfer transaction
Parsed transaction: deposit 6 641.000000 
Loaded deposit transaction
Parsed transaction: transfer 6 4 641.000000 
Loaded transfer transaction
Parsed transaction: deposit 5 643.000000 
Loaded deposit transaction
Parsed transaction: transfer 5 6 1200.000000 
Loaded transfer transaction
Parsed transaction: deposit 4 647.000000 
Loaded deposit transaction
Parsed transaction: transfer 4 7 1200.000000 
Loaded transfer transaction
Parsed transaction: deposit 3 653.000000 
Loaded deposit transaction
Parsed transaction: transfer 3 8 1200.000000 
Loaded transfer transaction
Parsed transaction: deposit 2 659.000000 
Loaded deposit transaction
Parsed transaction: transfer 2 9 1200.000000 
Loaded transfer transaction
Parsed transaction: deposit 1 661.000000 
Loaded deposit transaction
Parsed transaction: transfer 1 9 1200.000000 
Loaded transfer transaction
Parsed transaction: deposit 0 673.000000 
Loaded deposit transaction
Parsed transaction: transfer 0 9 1200.000000 
Loaded transfer transaction
********************************************
********************************************
   Reading and parsing a transaction file   
********************************************
Parsed transaction: deposit 0 400.000000 
Loaded deposit transaction
Parsed transaction: withdraw 0 200.000000 
Loaded withdrawal transaction
Parsed transaction: deposit 0 100.000000 
Loaded deposit transaction
Parsed transaction: withdraw 0 50.000000 
Loaded withdrawal transaction
Parsed transaction: withdraw 0 150.000000 
Loaded withdrawal transaction
Parsed transaction: deposit 0 300.000000 
Loaded deposit transaction
Parsed transaction: transfer 0 1 300.000000 
Loaded transfer transaction
Parsed transaction: balance 1 
Loaded balance transaction
********************************************
********************************************
   Reading and parsing a transaction file   
********************************************
Parsed transaction: deposit 0 907.000000 
Loaded deposit transaction
Parsed transaction: deposit 1 911.000000 
Loaded deposit transaction
Parsed transaction: deposit 2 919.000000 
Loaded deposit transaction
Parsed transaction: transfer 3 7 29.000000 
Loaded transfer transaction
Parsed transaction: transfer 7 6 31.000000 
Loaded transfer transaction
Parsed transaction: transfer 7 5 37.000000 
Loaded transfer transaction
Parsed transaction: transfer 7 4 3.000000 
Loaded transfer transaction
Parsed transaction: transfer 7 4 5.000000 
Loaded transfer transaction
Parsed transaction: deposit 3 929.000000 
Loaded deposit transaction
Parsed transaction: deposit 4 937.000000 
Loaded deposit transaction
Parsed transaction: deposit 5 941.000000 
Loaded deposit transaction
Parsed transaction: withdraw 4 167.000000 
Loaded withdrawal transaction
Parsed transaction: withdraw 5 307.000000 
Loaded withdrawal transaction
Parsed transaction: transfer 1 8 89.000000 
Loaded transfer transaction
Parsed transaction: transfer 1 9 163.000000 
Loaded transfer transaction
Parsed transaction: withdraw 1 41.000000 
Loaded withdrawal transaction
Parsed transaction: withdraw 2 71.000000 
Loaded withdrawal transaction
Parsed transaction: withdraw 3 127.000000 
Loaded withdrawal transaction
Parsed transaction: withdraw 6 647.000000 
Loaded withdrawal transaction
Parsed transaction: deposit 6 953.000000 
Loaded deposit transaction
Parsed transaction: deposit 7 967.000000 
Loaded deposit transaction
Parsed transaction: transfer 1 7 19.000000 
Loaded transfer transaction
Parsed transaction: transfer 2 7 23.000000 
Loaded transfer transaction
Parsed transaction: transfer 6 5 67.000000 
Loaded transfer transaction
Parsed transaction: transfer 4 5 53.000000 
Loaded transfer transaction
Parsed transaction: withdraw 7 593.000000 
Loaded withdrawal transaction
Parsed transaction: withdraw 8 449.000000 
Loaded withdrawal transaction
Parsed transaction: withdraw 9 163.000000 
Loaded withdrawal transaction
********************************************
********************************************
   Reading and parsing a transaction file   
********************************************
Parsed transaction: deposit 0 100.000000 
Loaded deposit transaction
Parsed transaction: deposit 0 200.000000 
Loaded deposit transaction
Parsed transaction: deposit 0 300.000000 
Loaded deposit transaction
Parsed transaction: withdraw 0 200.000000 
Loaded withdrawal transaction
Parsed transaction: withdraw 0 100.000000 
Loaded withdrawal transaction
Parsed transaction: withdraw 0 50.000000 
Loaded withdrawal transaction
Parsed transaction: transfer 1 0 200.000000 
Loaded transfer transaction
Parsed transaction: balance 0 
Loaded balance transaction
********************************************
  ***    Start of transaction batch    ***  
User 0, Acc 0 Balance 0.000000, Deposit 7.000000 
User 0, Acc 1 Balance 0.000000, Deposit 11.000000 
User 0, Acc 2 Balance 0.000000, Deposit 9.000000 
User 0, Acc 3 Balance 0.000000, Deposit 929.000000 
User 0, Acc 4 Balance 0.000000, Deposit 937.000000 
User 0, Acc 5 Balance 0.000000, Deposit 941.000000 
[22;32mUser 0, Acc 4 Balance 937.000000, 				Withdraw 1167.000000 --insufficient funds[0m
[22;32mUser 0, Acc 5 Balance 941.000000, 				Withdraw 1307.000000 --insufficient funds[0m
[22;32mUser 0, Acc 1 Balance 11.000000, 				Withdraw 41.000000 --insufficient funds[0m
[22;32mUser 0, Acc 2 Balance 9.000000, 				Withdraw 71.000000 --insufficient funds[0m
[22;32mUser 0, Acc 3 Balance 929.000000, 				Withdraw 1127.000000 --insufficient funds[0m
[22;32mUser 0, Acc 6 Balance 0.000000, 				Withdraw 647.000000 --insufficient funds[0m
User 0, Acc 6 Balance 0.000000, Deposit 953.000000 
User 0, Acc 7 Balance 0.000000, Deposit 967.000000 
User 0, Acc 4 Balance 937.000000, Transfer 53.000000 to Acc 5
[22;32mUser 0, Acc 7 Balance 967.000000, 				Withdraw 1593.000000 --insufficient funds[0m
[22;32mUser 0, Acc 8 Balance 0.000000, 				Withdraw 449.000000 --insufficient funds[0m
[22;32mUser 0, Acc 9 Balance 0.000000, 				Withdraw 163.000000 --insufficient funds[0m
User 0, Acc 9 Balance 0.000000, Deposit 617.000000 
User 0, Acc 9 Balance 617.000000, Transfer 617.000000 to Acc 1
User 0, Acc 8 Balance 0.000000, Deposit 619.000000 
User 0, Acc 8 Balance 619.000000, Transfer 619.000000 to Acc 2
User 0, Acc 7 Balance 967.000000, Deposit 631.000000 
User 0, Acc 7 Balance 1598.000000, Transfer 631.000000 to Acc 3
User 0, Acc 6 Balance 953.000000, Deposit 641.000000 
User 0, Acc 6 Balance 1594.000000, Transfer 641.000000 to Acc 4
User 0, Acc 5 Balance 994.000000, Deposit 643.000000 
User 0, Acc 5 Balance 1637.000000, Transfer 1200.000000 to Acc 6
User 0, Acc 4 Balance 1525.000000, Deposit 647.000000 
User 0, Acc 4 Balance 2172.000000, Transfer 1200.000000 to Acc 7
User 0, Acc 3 Balance 1560.000000, Deposit 653.000000 
User 0, Acc 3 Balance 2213.000000, Transfer 1200.000000 to Acc 8
User 0, Acc 2 Balance 628.000000, Deposit 659.000000 
User 0, Acc 2 Balance 1287.000000, Transfer 1200.000000 to Acc 9
User 4, Acc 0 Balance 7.000000, Deposit 7.000000 
User 0, Acc 1 Balance 628.000000, Deposit 661.000000 
User 5, Acc 0 Balance 7.000000, Deposit 907.000000 
User 1, Acc 0 Balance 7.000000, Deposit 100.000000 
User 5, Acc 1 Balance 1289.000000, Deposit 911.000000 
User 2, Acc 9 Balance 0.000000, Deposit 617.000000 
User 2, Acc 9 Balance 1817.000000, Transfer 617.000000 to Acc 1
User 0, Acc 1 Balance 1289.000000, Transfer 1200.000000 to Acc 9
User 2, Acc 8 Balance 1200.000000, Deposit 619.000000 
User 1, Acc 0 Balance 1021.000000, Deposit 200.000000 
User 5, Acc 2 Balance 87.000000, Deposit 919.000000 
User 3, Acc 0 Balance 7.000000, Deposit 400.000000 
User 5, Acc 3 Balance 1013.000000, Transfer 29.000000 to Acc 7
User 3, Acc 0 Balance 1621.000000, Withdraw 200.000000 
User 4, Acc 1 Balance 628.000000, Deposit 11.000000 
User 1, Acc 0 Balance 1221.000000, Deposit 300.000000 
User 0, Acc 0 Balance 1021.000000, Deposit 673.000000 
User 5, Acc 7 Balance 2196.000000, Transfer 31.000000 to Acc 6
User 0, Acc 0 Balance 2394.000000, Transfer 1200.000000 to Acc 9
User 5, Acc 7 Balance 2165.000000, Transfer 37.000000 to Acc 5
User 0, Acc 1 Balance 1628.000000, Withdraw 50.000000 
User 0, Acc 2 Balance 1006.000000, Withdraw 50.000000 
User 1, Acc 0 Balance 1721.000000, Withdraw 200.000000 
User 0, Acc 3 Balance 984.000000, Withdraw 50.000000 
User 1, Acc 0 Balance 994.000000, Withdraw 100.000000 
User 3, Acc 0 Balance 1421.000000, Deposit 100.000000 
User 1, Acc 0 Balance 894.000000, Withdraw 50.000000 
User 3, Acc 0 Balance 994.000000, Withdraw 50.000000 
User 1, Acc 1 Balance 1578.000000, Transfer 200.000000 to Acc 0
User 5, Acc 7 Balance 2128.000000, Transfer 3.000000 to Acc 4
Balance in 0: 1094.000000
User 4, Acc 2 Balance 1006.000000, Deposit 9.000000 
User 2, Acc 8 Balance 1819.000000, Transfer 619.000000 to Acc 2
User 3, Acc 0 Balance 894.000000, Withdraw 150.000000 
User 2, Acc 7 Balance 2125.000000, Deposit 631.000000 
User 2, Acc 7 Balance 2756.000000, Transfer 631.000000 to Acc 3
User 1, Acc 0 Balance 1094.000000, Deposit 7.000000 
User 5, Acc 7 Balance 2125.000000, Transfer 5.000000 to Acc 4
User 1, Acc 1 Balance 1378.000000, Deposit 11.000000 
User 5, Acc 3 Balance 1565.000000, Deposit 929.000000 
User 1, Acc 2 Balance 1584.000000, Deposit 9.000000 
User 3, Acc 0 Balance 944.000000, Deposit 300.000000 
User 2, Acc 6 Balance 2184.000000, Deposit 641.000000 
User 3, Acc 0 Balance 1251.000000, Transfer 300.000000 to Acc 1
Balance in 1: 1689.000000
User 2, Acc 6 Balance 2825.000000, Transfer 641.000000 to Acc 4
User 5, Acc 4 Balance 980.000000, Deposit 937.000000 
User 1, Acc 3 Balance 2494.000000, Transfer 29.000000 to Acc 7
User 5, Acc 5 Balance 474.000000, Deposit 941.000000 
User 1, Acc 7 Balance 2149.000000, Transfer 31.000000 to Acc 6
User 5, Acc 4 Balance 2558.000000, Withdraw 167.000000 
User 5, Acc 5 Balance 1415.000000, Withdraw 307.000000 
User 5, Acc 1 Balance 1689.000000, Transfer 89.000000 to Acc 8
User 5, Acc 1 Balance 1600.000000, Transfer 163.000000 to Acc 9
User 4, Acc 3 Balance 934.000000, Transfer 29.000000 to Acc 7
User 1, Acc 7 Balance 2118.000000, Transfer 137.000000 to Acc 5
User 4, Acc 7 Balance 2147.000000, Transfer 31.000000 to Acc 6
User 1, Acc 7 Balance 2010.000000, Transfer 3.000000 to Acc 4
User 0, Acc 4 Balance 972.000000, Withdraw 50.000000 
User 2, Acc 5 Balance 474.000000, Deposit 643.000000 
User 0, Acc 5 Balance 1245.000000, Withdraw 50.000000 
User 1, Acc 7 Balance 1976.000000, Transfer 5.000000 to Acc 4
User 0, Acc 6 Balance 2246.000000, Withdraw 50.000000 
User 0, Acc 7 Balance 1976.000000, Withdraw 50.000000 
User 1, Acc 3 Balance 2436.000000, Deposit 929.000000 
User 4, Acc 7 Balance 1979.000000, Transfer 137.000000 to Acc 5
User 5, Acc 1 Balance 1437.000000, Withdraw 41.000000 
User 2, Acc 5 Balance 1888.000000, Transfer 1200.000000 to Acc 6
User 5, Acc 2 Balance 1593.000000, Withdraw 71.000000 
User 2, Acc 4 Balance 2349.000000, Deposit 647.000000 
User 2, Acc 4 Balance 2996.000000, Transfer 1200.000000 to Acc 7
User 5, Acc 3 Balance 3365.000000, Withdraw 127.000000 
User 0, Acc 8 Balance 1289.000000, Withdraw 50.000000 
User 5, Acc 6 Balance 3396.000000, Withdraw 647.000000 
User 3, Acc 9 Balance 3600.000000, Deposit 617.000000 
User 2, Acc 3 Balance 3365.000000, Deposit 653.000000 
User 3, Acc 9 Balance 4380.000000, Transfer 617.000000 to Acc 1
User 3, Acc 8 Balance 1239.000000, Deposit 619.000000 
User 4, Acc 7 Balance 1784.000000, Transfer 3.000000 to Acc 4
User 4, Acc 7 Balance 2981.000000, Transfer 5.000000 to Acc 4
User 4, Acc 3 Balance 3891.000000, Deposit 929.000000 
User 4, Acc 4 Balance 1804.000000, Deposit 937.000000 
User 4, Acc 5 Balance 775.000000, Deposit 941.000000 
User 4, Acc 4 Balance 2741.000000, Withdraw 1167.000000 
User 0, Acc 9 Balance 3763.000000, Withdraw 50.000000 
User 4, Acc 5 Balance 1716.000000, Withdraw 1307.000000 
User 0, Acc 0 Balance 951.000000, Withdraw 50.000000 
User 4, Acc 1 Balance 2013.000000, Transfer 89.000000 to Acc 8
User 1, Acc 4 Balance 2349.000000, Deposit 937.000000 
User 1, Acc 5 Balance 409.000000, Deposit 941.000000 
User 1, Acc 4 Balance 2511.000000, Withdraw 1167.000000 
User 1, Acc 5 Balance 1350.000000, Withdraw 1307.000000 
User 1, Acc 1 Balance 1924.000000, Transfer 89.000000 to Acc 8
User 1, Acc 1 Balance 1835.000000, Transfer 163.000000 to Acc 9
User 1, Acc 1 Balance 1672.000000, Withdraw 41.000000 
User 1, Acc 2 Balance 1522.000000, Withdraw 71.000000 
User 1, Acc 3 Balance 4820.000000, Withdraw 1127.000000 
User 1, Acc 6 Balance 2749.000000, Withdraw 647.000000 
User 1, Acc 6 Balance 2102.000000, Deposit 953.000000 
User 1, Acc 7 Balance 2976.000000, Deposit 967.000000 
User 5, Acc 6 Balance 2749.000000, Deposit 953.000000 
User 1, Acc 1 Balance 1631.000000, Transfer 19.000000 to Acc 7
User 5, Acc 7 Balance 3943.000000, Deposit 967.000000 
User 1, Acc 2 Balance 1451.000000, Transfer 23.000000 to Acc 7
User 5, Acc 1 Balance 1612.000000, Transfer 19.000000 to Acc 7
User 1, Acc 6 Balance 4008.000000, Transfer 1167.000000 to Acc 5
User 5, Acc 2 Balance 1428.000000, Transfer 23.000000 to Acc 7
User 1, Acc 4 Balance 1344.000000, Transfer 53.000000 to Acc 5
User 5, Acc 6 Balance 2841.000000, Transfer 67.000000 to Acc 5
User 1, Acc 7 Balance 4994.000000, Withdraw 1593.000000 
User 5, Acc 4 Balance 1291.000000, Transfer 53.000000 to Acc 5
User 0, Acc 9 Balance 3713.000000, Deposit 617.000000 
User 0, Acc 9 Balance 4493.000000, Transfer 617.000000 to Acc 1
User 3, Acc 8 Balance 1858.000000, Transfer 619.000000 to Acc 2
User 4, Acc 1 Balance 1924.000000, Transfer 163.000000 to Acc 9
User 5, Acc 7 Balance 4994.000000, Withdraw 593.000000 
User 1, Acc 8 Balance 2036.000000, Withdraw 449.000000 
User 2, Acc 3 Balance 3891.000000, Transfer 1200.000000 to Acc 8
User 1, Acc 9 Balance 4039.000000, Withdraw 163.000000 
User 3, Acc 7 Balance 3401.000000, Deposit 631.000000 
User 1, Acc 9 Balance 3876.000000, Deposit 617.000000 
User 1, Acc 9 Balance 4493.000000, Transfer 617.000000 to Acc 1
User 5, Acc 8 Balance 1417.000000, Withdraw 449.000000 
User 2, Acc 2 Balance 2024.000000, Deposit 659.000000 
User 5, Acc 9 Balance 3876.000000, Withdraw 163.000000 
User 2, Acc 2 Balance 2683.000000, Transfer 1200.000000 to Acc 9
User 5, Acc 9 Balance 3713.000000, Deposit 617.000000 
User 2, Acc 1 Balance 2664.000000, Deposit 661.000000 
User 2, Acc 1 Balance 3325.000000, Transfer 1200.000000 to Acc 9
User 2, Acc 0 Balance 901.000000, Deposit 673.000000 
User 0, Acc 8 Balance 2036.000000, Deposit 619.000000 
User 4, Acc 1 Balance 2047.000000, Withdraw 41.000000 
User 3, Acc 7 Balance 3439.000000, Transfer 631.000000 to Acc 3
User 4, Acc 2 Balance 1483.000000, Withdraw 71.000000 
User 3, Acc 6 Balance 2774.000000, Deposit 641.000000 
User 5, Acc 9 Balance 6730.000000, Transfer 617.000000 to Acc 1
User 0, Acc 8 Balance 2338.000000, Transfer 619.000000 to Acc 2
User 1, Acc 8 Balance 2168.000000, Deposit 619.000000 
User 4, Acc 3 Balance 3124.000000, Withdraw 1127.000000 
User 2, Acc 0 Balance 1574.000000, Transfer 1200.000000 to Acc 9
User 4, Acc 6 Balance 3415.000000, Withdraw 647.000000 
User 4, Acc 6 Balance 2768.000000, Deposit 953.000000 
User 2, Acc 0 Balance 374.000000, Deposit 400.000000 
User 4, Acc 7 Balance 2808.000000, Deposit 967.000000 
User 1, Acc 8 Balance 2338.000000, Transfer 619.000000 to Acc 2
User 4, Acc 1 Balance 2701.000000, Transfer 19.000000 to Acc 7
User 1, Acc 7 Balance 3775.000000, Deposit 631.000000 
User 1, Acc 7 Balance 4425.000000, Transfer 631.000000 to Acc 3
User 2, Acc 0 Balance 774.000000, Withdraw 200.000000 
User 1, Acc 6 Balance 3721.000000, Deposit 641.000000 
User 2, Acc 0 Balance 574.000000, Deposit 100.000000 
User 2, Acc 0 Balance 674.000000, Withdraw 50.000000 
User 2, Acc 0 Balance 624.000000, Withdraw 150.000000 
User 4, Acc 2 Balance 2650.000000, Transfer 23.000000 to Acc 7
User 0, Acc 7 Balance 2808.000000, Deposit 631.000000 
User 3, Acc 6 Balance 3415.000000, Transfer 641.000000 to Acc 4
User 0, Acc 7 Balance 4448.000000, Transfer 631.000000 to Acc 3
User 3, Acc 5 Balance 1383.000000, Deposit 643.000000 
User 1, Acc 6 Balance 4362.000000, Transfer 641.000000 to Acc 4
User 4, Acc 6 Balance 4362.000000, Transfer 1167.000000 to Acc 5
User 5, Acc 8 Balance 2338.000000, Deposit 619.000000 
User 0, Acc 6 Balance 3721.000000, Deposit 641.000000 
User 2, Acc 0 Balance 474.000000, Deposit 300.000000 
User 0, Acc 6 Balance 2554.000000, Transfer 641.000000 to Acc 4
User 0, Acc 5 Balance 3193.000000, Deposit 643.000000 
User 1, Acc 5 Balance 2026.000000, Deposit 643.000000 
User 4, Acc 4 Balance 2520.000000, Transfer 53.000000 to Acc 5
User 5, Acc 8 Balance 2338.000000, Transfer 619.000000 to Acc 2
User 3, Acc 5 Balance 2026.000000, Transfer 1200.000000 to Acc 6
User 5, Acc 7 Balance 3817.000000, Deposit 631.000000 
User 3, Acc 4 Balance 3108.000000, Deposit 647.000000 
User 3, Acc 4 Balance 3755.000000, Transfer 1200.000000 to Acc 7
User 1, Acc 5 Balance 4479.000000, Transfer 1200.000000 to Acc 6
User 4, Acc 7 Balance 3817.000000, Withdraw 1593.000000 
User 1, Acc 4 Balance 2555.000000, Deposit 647.000000 
User 1, Acc 4 Balance 3202.000000, Transfer 1200.000000 to Acc 7
User 0, Acc 5 Balance 3836.000000, Transfer 1200.000000 to Acc 6
User 5, Acc 7 Balance 4448.000000, Transfer 631.000000 to Acc 3
User 3, Acc 3 Balance 3259.000000, Deposit 653.000000 
User 5, Acc 6 Balance 5513.000000, Deposit 641.000000 
User 3, Acc 3 Balance 4543.000000, Transfer 1200.000000 to Acc 8
User 4, Acc 8 Balance 1719.000000, Withdraw 449.000000 
User 3, Acc 2 Balance 3246.000000, Deposit 659.000000 
User 0, Acc 4 Balance 2002.000000, Deposit 647.000000 
User 5, Acc 6 Balance 6154.000000, Transfer 641.000000 to Acc 4
User 0, Acc 4 Balance 2649.000000, Transfer 1200.000000 to Acc 7
User 0, Acc 3 Balance 3343.000000, Deposit 653.000000 
User 5, Acc 5 Balance 932.000000, Deposit 643.000000 
User 4, Acc 9 Balance 7313.000000, Withdraw 163.000000 
User 2, Acc 0 Balance 774.000000, Transfer 300.000000 to Acc 1
User 4, Acc 0 Balance 774.000000, Deposit 7.000000 
Balance in 1: 2982.000000
User 3, Acc 2 Balance 3905.000000, Transfer 1200.000000 to Acc 9
User 2, Acc 0 Balance 481.000000, Deposit 7.000000 
User 5, Acc 5 Balance 1575.000000, Transfer 1200.000000 to Acc 6
User 1, Acc 3 Balance 3259.000000, Deposit 653.000000 
User 5, Acc 4 Balance 2090.000000, Deposit 647.000000 
User 1, Acc 3 Balance 4649.000000, Transfer 1200.000000 to Acc 8
User 5, Acc 4 Balance 2737.000000, Transfer 1200.000000 to Acc 7
User 1, Acc 2 Balance 2705.000000, Deposit 659.000000 
User 5, Acc 3 Balance 3449.000000, Deposit 653.000000 
User 5, Acc 3 Balance 4102.000000, Transfer 1200.000000 to Acc 8
User 5, Acc 2 Balance 3364.000000, Deposit 659.000000 
User 2, Acc 1 Balance 2982.000000, Deposit 11.000000 
User 5, Acc 2 Balance 4023.000000, Transfer 1200.000000 to Acc 9
User 2, Acc 2 Balance 4023.000000, Deposit 9.000000 
User 2, Acc 3 Balance 2902.000000, Transfer 29.000000 to Acc 7
User 5, Acc 1 Balance 2993.000000, Deposit 661.000000 
User 3, Acc 1 Balance 2982.000000, Deposit 661.000000 
User 5, Acc 1 Balance 3654.000000, Transfer 1200.000000 to Acc 9
User 3, Acc 1 Balance 4315.000000, Transfer 1200.000000 to Acc 9
User 1, Acc 2 Balance 3364.000000, Transfer 1200.000000 to Acc 9
User 2, Acc 7 Balance 7053.000000, Transfer 31.000000 to Acc 6
User 1, Acc 1 Balance 1915.000000, Deposit 661.000000 
User 5, Acc 0 Balance 488.000000, Deposit 673.000000 
User 3, Acc 0 Balance 488.000000, Deposit 673.000000 
User 5, Acc 0 Balance 1161.000000, Deposit 400.000000 
User 5, Acc 0 Balance 2234.000000, Withdraw 200.000000 
User 2, Acc 7 Balance 7022.000000, Transfer 137.000000 to Acc 5
User 5, Acc 0 Balance 2034.000000, Deposit 100.000000 
User 3, Acc 0 Balance 1834.000000, Transfer 1200.000000 to Acc 9
User 5, Acc 0 Balance 2134.000000, Withdraw 50.000000 
User 3, Acc 1 Balance 2576.000000, Withdraw 50.000000 
User 4, Acc 1 Balance 2982.000000, Deposit 11.000000 
User 2, Acc 7 Balance 6885.000000, Transfer 3.000000 to Acc 4
User 4, Acc 2 Balance 1632.000000, Deposit 9.000000 
User 2, Acc 7 Balance 6882.000000, Transfer 5.000000 to Acc 4
User 5, Acc 0 Balance 884.000000, Withdraw 150.000000 
User 3, Acc 2 Balance 1632.000000, Withdraw 50.000000 
User 1, Acc 1 Balance 2576.000000, Transfer 1200.000000 to Acc 9
User 0, Acc 3 Balance 3996.000000, Transfer 1200.000000 to Acc 8
User 2, Acc 3 Balance 2873.000000, Deposit 929.000000 
User 0, Acc 2 Balance 1591.000000, Deposit 659.000000 
User 3, Acc 3 Balance 2873.000000, Withdraw 50.000000 
User 4, Acc 3 Balance 2873.000000, Transfer 29.000000 to Acc 7
User 3, Acc 4 Balance 1545.000000, Withdraw 50.000000 
User 4, Acc 7 Balance 6906.000000, Transfer 31.000000 to Acc 6
User 3, Acc 5 Balance 512.000000, Withdraw 50.000000 
User 4, Acc 7 Balance 6875.000000, Transfer 137.000000 to Acc 5
User 4, Acc 7 Balance 6738.000000, Transfer 3.000000 to Acc 4
User 1, Acc 0 Balance 734.000000, Deposit 673.000000 
User 2, Acc 4 Balance 1545.000000, Deposit 937.000000 
User 3, Acc 6 Balance 6775.000000, Withdraw 50.000000 
User 0, Acc 2 Balance 2250.000000, Transfer 1200.000000 to Acc 9
User 3, Acc 7 Balance 6735.000000, Withdraw 50.000000 
User 5, Acc 0 Balance 734.000000, Deposit 300.000000 
User 1, Acc 0 Balance 1407.000000, Transfer 1200.000000 to Acc 9
User 5, Acc 0 Balance 1707.000000, Transfer 300.000000 to Acc 1
User 1, Acc 0 Balance 507.000000, Deposit 7.000000 
Balance in 1: 1637.000000
User 1, Acc 1 Balance 1637.000000, Deposit 11.000000 
User 3, Acc 8 Balance 6070.000000, Withdraw 50.000000 
User 2, Acc 5 Balance 599.000000, Deposit 941.000000 
User 3, Acc 9 Balance 17950.000000, Withdraw 50.000000 
User 2, Acc 4 Balance 2435.000000, Withdraw 1167.000000 
User 5, Acc 9 Balance 17950.000000, Deposit 617.000000 
User 1, Acc 2 Balance 1050.000000, Deposit 9.000000 
User 5, Acc 9 Balance 18517.000000, Transfer 617.000000 to Acc 1
User 3, Acc 0 Balance 214.000000, Withdraw 50.000000 
User 5, Acc 8 Balance 6020.000000, Deposit 619.000000 
User 3, Acc 9 Balance 17900.000000, Deposit 617.000000 
User 5, Acc 8 Balance 6639.000000, Transfer 619.000000 to Acc 2
User 3, Acc 9 Balance 18517.000000, Transfer 617.000000 to Acc 1
User 5, Acc 7 Balance 6685.000000, Deposit 631.000000 
User 3, Acc 8 Balance 6020.000000, Deposit 619.000000 
User 5, Acc 7 Balance 7316.000000, Transfer 631.000000 to Acc 3
User 3, Acc 8 Balance 6639.000000, Transfer 619.000000 to Acc 2
User 5, Acc 6 Balance 6725.000000, Deposit 641.000000 
User 3, Acc 7 Balance 6685.000000, Deposit 631.000000 
User 5, Acc 6 Balance 7366.000000, Transfer 641.000000 to Acc 4
User 3, Acc 7 Balance 7316.000000, Transfer 631.000000 to Acc 3
User 5, Acc 5 Balance 1540.000000, Deposit 643.000000 
User 3, Acc 6 Balance 6725.000000, Deposit 641.000000 
User 5, Acc 5 Balance 2183.000000, Transfer 1200.000000 to Acc 6
User 3, Acc 6 Balance 7366.000000, Transfer 641.000000 to Acc 4
User 5, Acc 4 Balance 1909.000000, Deposit 647.000000 
User 3, Acc 5 Balance 983.000000, Deposit 643.000000 
User 4, Acc 7 Balance 6735.000000, Transfer 5.000000 to Acc 4
User 1, Acc 3 Balance 2523.000000, Transfer 29.000000 to Acc 7
User 0, Acc 1 Balance 1337.000000, Deposit 661.000000 
User 5, Acc 4 Balance 3197.000000, Transfer 1200.000000 to Acc 7
User 0, Acc 1 Balance 3543.000000, Transfer 1200.000000 to Acc 9
User 3, Acc 5 Balance 1626.000000, Transfer 1200.000000 to Acc 6
User 4, Acc 3 Balance 3785.000000, Deposit 929.000000 
User 3, Acc 4 Balance 2002.000000, Deposit 647.000000 
User 4, Acc 4 Balance 2002.000000, Deposit 937.000000 
User 4, Acc 5 Balance 426.000000, Deposit 941.000000 
User 0, Acc 0 Balance 164.000000, Deposit 673.000000 
User 0, Acc 1 Balance 2343.000000, Withdraw 50.000000 
User 0, Acc 2 Balance 2297.000000, Withdraw 50.000000 
User 0, Acc 3 Balance 4685.000000, Withdraw 50.000000 
User 0, Acc 4 Balance 3586.000000, Withdraw 50.000000 
User 0, Acc 5 Balance 1367.000000, Withdraw 50.000000 
User 0, Acc 6 Balance 9125.000000, Withdraw 50.000000 
User 0, Acc 7 Balance 7909.000000, Withdraw 50.000000 
User 0, Acc 8 Balance 6020.000000, Withdraw 50.000000 
User 0, Acc 9 Balance 19100.000000, Withdraw 50.000000 
User 0, Acc 0 Balance 837.000000, Withdraw 50.000000 
User 0, Acc 0 Balance 787.000000, Deposit 907.000000 
User 0, Acc 1 Balance 2293.000000, Deposit 911.000000 
User 0, Acc 2 Balance 2247.000000, Deposit 919.000000 
User 0, Acc 3 Balance 4635.000000, Transfer 29.000000 to Acc 7
User 0, Acc 7 Balance 7888.000000, Transfer 31.000000 to Acc 6
User 0, Acc 7 Balance 7857.000000, Transfer 37.000000 to Acc 5
User 4, Acc 4 Balance 3586.000000, Withdraw 1167.000000 
User 2, Acc 5 Balance 1540.000000, Withdraw 1307.000000 
User 4, Acc 5 Balance 1354.000000, Withdraw 1307.000000 
User 2, Acc 1 Balance 3204.000000, Transfer 89.000000 to Acc 8
User 4, Acc 1 Balance 3204.000000, Transfer 89.000000 to Acc 8
User 2, Acc 1 Balance 3115.000000, Transfer 163.000000 to Acc 9
User 0, Acc 7 Balance 7820.000000, Transfer 3.000000 to Acc 4
User 3, Acc 4 Balance 3586.000000, Transfer 1200.000000 to Acc 7
User 0, Acc 7 Balance 7817.000000, Transfer 5.000000 to Acc 4
User 0, Acc 3 Balance 4606.000000, Deposit 929.000000 
User 4, Acc 1 Balance 3026.000000, Transfer 163.000000 to Acc 9
User 2, Acc 1 Balance 2863.000000, Withdraw 41.000000 
User 4, Acc 1 Balance 2700.000000, Withdraw 41.000000 
User 2, Acc 2 Balance 3166.000000, Withdraw 71.000000 
User 2, Acc 3 Balance 5535.000000, Withdraw 1127.000000 
User 5, Acc 3 Balance 3756.000000, Deposit 653.000000 
User 0, Acc 4 Balance 1177.000000, Deposit 937.000000 
User 5, Acc 3 Balance 5061.000000, Transfer 1200.000000 to Acc 8
User 0, Acc 5 Balance -1260.000000, Deposit 941.000000 
User 0, Acc 4 Balance 2114.000000, Withdraw 167.000000 
User 5, Acc 2 Balance 3095.000000, Deposit 659.000000 
User 4, Acc 2 Balance 3095.000000, Withdraw 71.000000 
User 4, Acc 3 Balance 3861.000000, Withdraw 1127.000000 
User 4, Acc 6 Balance 9106.000000, Withdraw 647.000000 
User 4, Acc 6 Balance 8459.000000, Deposit 953.000000 
User 4, Acc 7 Balance 9012.000000, Deposit 967.000000 
User 4, Acc 1 Balance 2618.000000, Transfer 19.000000 to Acc 7
User 4, Acc 2 Balance 3683.000000, Transfer 23.000000 to Acc 7
[22;32mUser 0, Acc 5 Balance -319.000000, 				Withdraw 307.000000 --insufficient funds[0m
User 0, Acc 1 Balance 2599.000000, Transfer 89.000000 to Acc 8
User 0, Acc 1 Balance 2510.000000, Transfer 163.000000 to Acc 9
User 0, Acc 1 Balance 2347.000000, Withdraw 41.000000 
User 0, Acc 2 Balance 3660.000000, Withdraw 71.000000 
User 0, Acc 3 Balance 2734.000000, Withdraw 127.000000 
User 0, Acc 6 Balance 9412.000000, Withdraw 647.000000 
User 0, Acc 6 Balance 8765.000000, Deposit 953.000000 
User 0, Acc 7 Balance 10021.000000, Deposit 967.000000 
User 4, Acc 6 Balance 9412.000000, Transfer 1167.000000 to Acc 5
User 4, Acc 4 Balance 1947.000000, Transfer 53.000000 to Acc 5
User 2, Acc 6 Balance 9106.000000, Withdraw 647.000000 
User 4, Acc 7 Balance 10988.000000, Withdraw 1593.000000 
User 2, Acc 6 Balance 7904.000000, Deposit 953.000000 
User 2, Acc 7 Balance 10988.000000, Deposit 967.000000 
User 5, Acc 2 Balance 3754.000000, Transfer 1200.000000 to Acc 9
User 0, Acc 1 Balance 2306.000000, Transfer 19.000000 to Acc 7
User 5, Acc 1 Balance 2306.000000, Deposit 661.000000 
User 1, Acc 7 Balance 6709.000000, Transfer 31.000000 to Acc 6
User 3, Acc 3 Balance 4606.000000, Deposit 653.000000 
User 4, Acc 8 Balance 7437.000000, Withdraw 449.000000 
User 3, Acc 3 Balance 3260.000000, Transfer 1200.000000 to Acc 8
User 4, Acc 9 Balance 20739.000000, Withdraw 163.000000 
User 4, Acc 9 Balance 20576.000000, Deposit 617.000000 
User 0, Acc 2 Balance 2389.000000, Transfer 23.000000 to Acc 7
User 1, Acc 7 Balance 10350.000000, Transfer 137.000000 to Acc 5
User 1, Acc 7 Balance 10236.000000, Transfer 3.000000 to Acc 4
User 5, Acc 1 Balance 2967.000000, Transfer 1200.000000 to Acc 9
User 5, Acc 0 Balance 1694.000000, Deposit 673.000000 
User 5, Acc 0 Balance 2367.000000, Transfer 1200.000000 to Acc 9
User 4, Acc 9 Balance 21193.000000, Transfer 617.000000 to Acc 1
User 0, Acc 6 Balance 8888.000000, Transfer 67.000000 to Acc 5
User 2, Acc 1 Balance 2306.000000, Transfer 19.000000 to Acc 7
User 0, Acc 4 Balance 1897.000000, Transfer 53.000000 to Acc 5
User 3, Acc 2 Balance 2389.000000, Deposit 659.000000 
User 5, Acc 1 Balance 1748.000000, Withdraw 50.000000 
User 4, Acc 8 Balance 8188.000000, Deposit 619.000000 
User 5, Acc 2 Balance 3025.000000, Withdraw 50.000000 
User 4, Acc 8 Balance 8807.000000, Transfer 619.000000 to Acc 2
User 5, Acc 3 Balance 2060.000000, Withdraw 50.000000 
User 0, Acc 7 Balance 10252.000000, Withdraw 593.000000 
User 3, Acc 2 Balance 3025.000000, Transfer 1200.000000 to Acc 9
User 1, Acc 7 Balance 10233.000000, Transfer 5.000000 to Acc 4
User 3, Acc 1 Balance 2296.000000, Deposit 661.000000 
User 3, Acc 1 Balance 2957.000000, Transfer 1200.000000 to Acc 9
User 5, Acc 4 Balance 1844.000000, Withdraw 50.000000 
User 2, Acc 2 Balance 2366.000000, Transfer 23.000000 to Acc 7
User 5, Acc 5 Balance 1158.000000, Withdraw 50.000000 
User 0, Acc 8 Balance 8188.000000, Withdraw 449.000000 
User 1, Acc 3 Balance 2010.000000, Deposit 929.000000 
User 0, Acc 9 Balance 25376.000000, Withdraw 163.000000 
User 3, Acc 0 Balance 1167.000000, Deposit 673.000000 
User 0, Acc 9 Balance 25213.000000, Deposit 617.000000 
User 3, Acc 0 Balance 1840.000000, Transfer 1200.000000 to Acc 9
User 0, Acc 9 Balance 25830.000000, Transfer 617.000000 to Acc 1
User 3, Acc 1 Balance 1757.000000, Withdraw 50.000000 
User 0, Acc 8 Balance 7739.000000, Deposit 619.000000 
User 5, Acc 6 Balance 8821.000000, Withdraw 50.000000 
User 0, Acc 8 Balance 8358.000000, Transfer 619.000000 to Acc 2
User 5, Acc 7 Balance 9677.000000, Withdraw 50.000000 
User 2, Acc 6 Balance 8821.000000, Transfer 1167.000000 to Acc 5
User 3, Acc 2 Balance 2371.000000, Withdraw 50.000000 
User 4, Acc 7 Balance 10252.000000, Deposit 631.000000 
User 3, Acc 3 Balance 2939.000000, Withdraw 50.000000 
User 3, Acc 4 Balance 1799.000000, Withdraw 50.000000 
User 5, Acc 8 Balance 8358.000000, Withdraw 50.000000 
User 0, Acc 7 Balance 9627.000000, Deposit 631.000000 
User 5, Acc 9 Balance 26413.000000, Withdraw 50.000000 
User 0, Acc 7 Balance 10889.000000, Transfer 631.000000 to Acc 3
User 5, Acc 0 Balance 640.000000, Withdraw 50.000000 
User 4, Acc 7 Balance 10258.000000, Transfer 631.000000 to Acc 3
User 3, Acc 5 Balance 2275.000000, Withdraw 50.000000 
User 4, Acc 6 Balance 7604.000000, Deposit 641.000000 
User 3, Acc 6 Balance 7604.000000, Withdraw 50.000000 
User 3, Acc 7 Balance 9627.000000, Withdraw 50.000000 
User 5, Acc 9 Balance 26363.000000, Deposit 617.000000 
User 2, Acc 4 Balance 1799.000000, Transfer 53.000000 to Acc 5
User 5, Acc 9 Balance 26980.000000, Transfer 617.000000 to Acc 1
User 2, Acc 7 Balance 9577.000000, Withdraw 1593.000000 
User 5, Acc 8 Balance 7689.000000, Deposit 619.000000 
User 2, Acc 8 Balance 7689.000000, Withdraw 449.000000 
User 0, Acc 6 Balance 7604.000000, Deposit 641.000000 
User 2, Acc 9 Balance 26363.000000, Withdraw 163.000000 
User 0, Acc 6 Balance 8836.000000, Transfer 641.000000 to Acc 4
User 5, Acc 8 Balance 8308.000000, Transfer 619.000000 to Acc 2
User 0, Acc 5 Balance 2278.000000, Deposit 643.000000 
User 3, Acc 8 Balance 7689.000000, Withdraw 50.000000 
User 1, Acc 4 Balance 1799.000000, Deposit 937.000000 
User 3, Acc 9 Balance 26200.000000, Withdraw 50.000000 
User 1, Acc 5 Balance 2921.000000, Deposit 941.000000 
User 3, Acc 0 Balance 590.000000, Withdraw 50.000000 
User 1, Acc 4 Balance 3274.000000, Withdraw 1167.000000 
User 5, Acc 7 Balance 7984.000000, Deposit 631.000000 
User 4, Acc 6 Balance 8195.000000, Transfer 641.000000 to Acc 4
User 5, Acc 7 Balance 8615.000000, Transfer 631.000000 to Acc 3
User 4, Acc 5 Balance 3862.000000, Deposit 643.000000 
User 4, Acc 5 Balance 4505.000000, Transfer 1200.000000 to Acc 6
User 1, Acc 5 Balance 3862.000000, Withdraw 1307.000000 
User 4, Acc 4 Balance 2748.000000, Deposit 647.000000 
User 1, Acc 1 Balance 2941.000000, Transfer 89.000000 to Acc 8
User 1, Acc 1 Balance 2852.000000, Transfer 163.000000 to Acc 9
User 5, Acc 6 Balance 7554.000000, Deposit 641.000000 
User 0, Acc 5 Balance 2921.000000, Transfer 1200.000000 to Acc 6
User 5, Acc 6 Balance 9395.000000, Transfer 641.000000 to Acc 4
User 2, Acc 0 Balance 590.000000, Deposit 907.000000 
User 4, Acc 4 Balance 3395.000000, Transfer 1200.000000 to Acc 7
User 1, Acc 1 Balance 2689.000000, Withdraw 41.000000 
User 4, Acc 3 Balance 4782.000000, Deposit 653.000000 
User 1, Acc 2 Balance 3559.000000, Withdraw 71.000000 
User 4, Acc 3 Balance 5435.000000, Transfer 1200.000000 to Acc 8
User 2, Acc 1 Balance 2689.000000, Deposit 911.000000 
User 4, Acc 2 Balance 3488.000000, Deposit 659.000000 
User 2, Acc 2 Balance 3488.000000, Deposit 919.000000 
User 4, Acc 2 Balance 4147.000000, Transfer 1200.000000 to Acc 9
User 3, Acc 0 Balance 540.000000, Deposit 100.000000 
User 4, Acc 1 Balance 3559.000000, Deposit 661.000000 
User 3, Acc 0 Balance 1547.000000, Deposit 200.000000 
User 4, Acc 1 Balance 4220.000000, Transfer 1200.000000 to Acc 9
User 3, Acc 0 Balance 1747.000000, Deposit 300.000000 
User 0, Acc 4 Balance 3395.000000, Deposit 647.000000 
User 5, Acc 5 Balance 798.000000, Deposit 643.000000 
User 2, Acc 3 Balance 4235.000000, Transfer 29.000000 to Acc 7
User 5, Acc 5 Balance 1441.000000, Transfer 1200.000000 to Acc 6
User 1, Acc 3 Balance 5435.000000, Withdraw 1127.000000 
User 5, Acc 4 Balance 3483.000000, Deposit 647.000000 
User 0, Acc 4 Balance 3483.000000, Transfer 1200.000000 to Acc 7
User 5, Acc 4 Balance 4130.000000, Transfer 1200.000000 to Acc 7
User 0, Acc 3 Balance 3079.000000, Deposit 653.000000 
User 3, Acc 0 Balance 2047.000000, Withdraw 200.000000 
User 1, Acc 6 Balance 11154.000000, Withdraw 647.000000 
User 3, Acc 0 Balance 1847.000000, Withdraw 100.000000 
User 2, Acc 7 Balance 9213.000000, Transfer 31.000000 to Acc 6
User 4, Acc 0 Balance 1747.000000, Deposit 673.000000 
User 5, Acc 3 Balance 3079.000000, Deposit 653.000000 
User 0, Acc 3 Balance 3732.000000, Transfer 1200.000000 to Acc 8
User 3, Acc 0 Balance 1747.000000, Withdraw 50.000000 
User 0, Acc 2 Balance 3866.000000, Deposit 659.000000 
User 3, Acc 1 Balance 3020.000000, Transfer 200.000000 to Acc 0
User 0, Acc 2 Balance 4525.000000, Transfer 1200.000000 to Acc 9
User 4, Acc 0 Balance 2420.000000, Transfer 1200.000000 to Acc 9
User 0, Acc 1 Balance 2820.000000, Deposit 661.000000 
User 4, Acc 1 Balance 2820.000000, Withdraw 50.000000 
User 0, Acc 1 Balance 3481.000000, Transfer 1200.000000 to Acc 9
User 4, Acc 2 Balance 3325.000000, Withdraw 50.000000 
User 4, Acc 3 Balance 3185.000000, Withdraw 50.000000 
User 1, Acc 6 Balance 10507.000000, Deposit 953.000000 
User 4, Acc 4 Balance 1730.000000, Withdraw 50.000000 
User 1, Acc 7 Balance 11582.000000, Deposit 967.000000 
User 4, Acc 5 Balance 241.000000, Withdraw 50.000000 
User 4, Acc 6 Balance 11491.000000, Withdraw 50.000000 
User 5, Acc 3 Balance 4385.000000, Transfer 1200.000000 to Acc 8
User 4, Acc 7 Balance 12549.000000, Withdraw 50.000000 
Balance in 0: 2570.000000
User 4, Acc 8 Balance 10879.000000, Withdraw 50.000000 
User 3, Acc 9 Balance 32313.000000, Deposit 617.000000 
User 3, Acc 9 Balance 32930.000000, Transfer 617.000000 to Acc 1
User 2, Acc 7 Balance 11582.000000, Transfer 37.000000 to Acc 5
User 3, Acc 8 Balance 10829.000000, Deposit 619.000000 
User 2, Acc 7 Balance 12462.000000, Transfer 3.000000 to Acc 4
User 2, Acc 7 Balance 12459.000000, Transfer 5.000000 to Acc 4
User 0, Acc 0 Balance 1370.000000, Deposit 673.000000 
User 5, Acc 2 Balance 3275.000000, Deposit 659.000000 
User 0, Acc 0 Balance 2043.000000, Transfer 1200.000000 to Acc 9
User 5, Acc 2 Balance 3934.000000, Transfer 1200.000000 to Acc 9
User 4, Acc 9 Balance 32930.000000, Withdraw 50.000000 
User 5, Acc 1 Balance 2848.000000, Deposit 661.000000 
User 5, Acc 1 Balance 3509.000000, Transfer 1200.000000 to Acc 9
User 5, Acc 0 Balance 843.000000, Deposit 673.000000 
User 0, Acc 0 Balance 843.000000, Deposit 400.000000 
User 5, Acc 0 Balance 1516.000000, Transfer 1200.000000 to Acc 9
User 2, Acc 3 Balance 1935.000000, Deposit 929.000000 
User 4, Acc 0 Balance 843.000000, Withdraw 50.000000 
User 1, Acc 1 Balance 2231.000000, Transfer 19.000000 to Acc 7
User 4, Acc 0 Balance 666.000000, Deposit 100.000000 
User 1, Acc 2 Balance 2734.000000, Transfer 23.000000 to Acc 7
User 4, Acc 0 Balance 766.000000, Deposit 200.000000 
User 0, Acc 0 Balance 716.000000, Withdraw 200.000000 
User 4, Acc 0 Balance 966.000000, Deposit 300.000000 
User 3, Acc 8 Balance 11448.000000, Transfer 619.000000 to Acc 2
User 5, Acc 0 Balance 316.000000, Deposit 400.000000 
User 3, Acc 7 Balance 12496.000000, Deposit 631.000000 
User 5, Acc 0 Balance 1466.000000, Withdraw 200.000000 
User 0, Acc 0 Balance 766.000000, Deposit 100.000000 
User 4, Acc 0 Balance 1066.000000, Withdraw 200.000000 
User 0, Acc 0 Balance 1366.000000, Withdraw 50.000000 
User 4, Acc 0 Balance 1166.000000, Withdraw 100.000000 
User 3, Acc 7 Balance 13127.000000, Transfer 631.000000 to Acc 3
User 1, Acc 6 Balance 11441.000000, Transfer 1167.000000 to Acc 5
User 3, Acc 6 Balance 11441.000000, Deposit 641.000000 
User 1, Acc 4 Balance 1688.000000, Transfer 53.000000 to Acc 5
User 1, Acc 7 Balance 12496.000000, Withdraw 1593.000000 
User 4, Acc 0 Balance 1016.000000, Withdraw 50.000000 
User 5, Acc 0 Balance 1266.000000, Deposit 100.000000 
User 4, Acc 1 Balance 2290.000000, Transfer 200.000000 to Acc 0
User 5, Acc 0 Balance 1066.000000, Withdraw 50.000000 
User 0, Acc 0 Balance 1116.000000, Withdraw 150.000000 
User 3, Acc 6 Balance 10915.000000, Transfer 641.000000 to Acc 4
User 0, Acc 0 Balance 1066.000000, Deposit 300.000000 
User 3, Acc 5 Balance 1448.000000, Deposit 643.000000 
User 3, Acc 5 Balance 2091.000000, Transfer 1200.000000 to Acc 6
User 0, Acc 0 Balance 1366.000000, Transfer 300.000000 to Acc 1
User 3, Acc 4 Balance 2276.000000, Deposit 647.000000 
Balance in 1: 2390.000000
User 2, Acc 4 Balance 1688.000000, Deposit 937.000000 
Balance in 0: 1266.000000
User 5, Acc 0 Balance 1216.000000, Withdraw 150.000000 
User 4, Acc 0 Balance 1066.000000, Deposit 907.000000 
User 5, Acc 0 Balance 916.000000, Deposit 300.000000 
User 5, Acc 0 Balance 1216.000000, Transfer 300.000000 to Acc 1
User 3, Acc 4 Balance 2923.000000, Transfer 1200.000000 to Acc 7
User 2, Acc 5 Balance 891.000000, Deposit 941.000000 
User 3, Acc 3 Balance 3495.000000, Deposit 653.000000 
User 2, Acc 4 Balance 2660.000000, Withdraw 167.000000 
User 3, Acc 3 Balance 4148.000000, Transfer 1200.000000 to Acc 8
User 2, Acc 5 Balance 1832.000000, Withdraw 307.000000 
Balance in 1: 2690.000000
User 1, Acc 8 Balance 10829.000000, Withdraw 449.000000 
User 5, Acc 0 Balance 1823.000000, Deposit 907.000000 
User 3, Acc 2 Balance 3330.000000, Deposit 659.000000 
User 2, Acc 1 Balance 2690.000000, Transfer 89.000000 to Acc 8
User 3, Acc 2 Balance 3989.000000, Transfer 1200.000000 to Acc 9
User 2, Acc 1 Balance 2601.000000, Transfer 163.000000 to Acc 9
User 3, Acc 1 Balance 2601.000000, Deposit 661.000000 
User 2, Acc 1 Balance 2438.000000, Withdraw 41.000000 
User 5, Acc 1 Balance 2690.000000, Deposit 911.000000 
User 4, Acc 1 Balance 2390.000000, Deposit 911.000000 
User 5, Acc 2 Balance 2789.000000, Deposit 919.000000 
User 1, Acc 9 Balance 37063.000000, Withdraw 163.000000 
User 0, Acc 0 Balance 1066.000000, Deposit 400.000000 
User 3, Acc 1 Balance 3099.000000, Transfer 1200.000000 to Acc 9
User 0, Acc 0 Balance 3130.000000, Withdraw 200.000000 
User 0, Acc 0 Balance 2930.000000, Deposit 100.000000 
User 3, Acc 0 Balance 2930.000000, Deposit 673.000000 
User 4, Acc 2 Balance 3708.000000, Deposit 919.000000 
User 1, Acc 0 Balance 2730.000000, Deposit 907.000000 
User 4, Acc 3 Balance 2948.000000, Transfer 29.000000 to Acc 7
User 1, Acc 1 Balance 3680.000000, Deposit 911.000000 
User 1, Acc 2 Balance 4627.000000, Deposit 919.000000 
User 0, Acc 0 Balance 3030.000000, Withdraw 50.000000 
User 0, Acc 0 Balance 4560.000000, Withdraw 150.000000 
User 2, Acc 2 Balance 2789.000000, Withdraw 71.000000 
User 0, Acc 0 Balance 4410.000000, Deposit 300.000000 
User 2, Acc 3 Balance 2919.000000, Withdraw 127.000000 
User 2, Acc 6 Balance 11474.000000, Withdraw 647.000000 
User 2, Acc 6 Balance 10827.000000, Deposit 953.000000 
User 1, Acc 3 Balance 2919.000000, Transfer 29.000000 to Acc 7
User 3, Acc 0 Balance 3703.000000, Transfer 1200.000000 to Acc 9
User 5, Acc 3 Balance 2948.000000, Transfer 29.000000 to Acc 7
User 3, Acc 0 Balance 3510.000000, Deposit 100.000000 
User 5, Acc 7 Balance 12190.000000, Transfer 31.000000 to Acc 6
User 4, Acc 7 Balance 12132.000000, Transfer 31.000000 to Acc 6
User 2, Acc 7 Balance 12132.000000, Deposit 967.000000 
User 4, Acc 7 Balance 12128.000000, Transfer 37.000000 to Acc 5
User 2, Acc 1 Balance 4591.000000, Transfer 19.000000 to Acc 7
User 0, Acc 0 Balance 4710.000000, Transfer 300.000000 to Acc 1
User 3, Acc 0 Balance 3610.000000, Deposit 200.000000 
Balance in 1: 4872.000000
User 3, Acc 0 Balance 3510.000000, Deposit 300.000000 
User 3, Acc 0 Balance 3810.000000, Withdraw 200.000000 
User 3, Acc 0 Balance 3610.000000, Withdraw 100.000000 
User 2, Acc 2 Balance 5475.000000, Transfer 23.000000 to Acc 7
User 5, Acc 7 Balance 12159.000000, Transfer 37.000000 to Acc 5
User 5, Acc 7 Balance 13063.000000, Transfer 3.000000 to Acc 4
User 5, Acc 7 Balance 13060.000000, Transfer 5.000000 to Acc 4
User 5, Acc 3 Balance 2734.000000, Deposit 929.000000 
User 5, Acc 4 Balance 2501.000000, Deposit 937.000000 
User 5, Acc 5 Balance 1599.000000, Deposit 941.000000 
User 3, Acc 0 Balance 3510.000000, Withdraw 50.000000 
User 5, Acc 4 Balance 3438.000000, Withdraw 167.000000 
User 3, Acc 1 Balance 4872.000000, Transfer 200.000000 to Acc 0
User 5, Acc 5 Balance 2540.000000, Withdraw 307.000000 
Balance in 0: 3660.000000
User 3, Acc 0 Balance 3660.000000, Deposit 100.000000 
User 3, Acc 0 Balance 3760.000000, Deposit 200.000000 
User 1, Acc 7 Balance 12161.000000, Transfer 31.000000 to Acc 6
User 3, Acc 0 Balance 3960.000000, Deposit 300.000000 
User 1, Acc 7 Balance 13024.000000, Transfer 37.000000 to Acc 5
User 1, Acc 7 Balance 12987.000000, Transfer 3.000000 to Acc 4
User 1, Acc 7 Balance 12984.000000, Transfer 5.000000 to Acc 4
User 4, Acc 7 Balance 13058.000000, Transfer 3.000000 to Acc 4
User 2, Acc 6 Balance 11842.000000, Transfer 67.000000 to Acc 5
User 0, Acc 0 Balance 3610.000000, Deposit 100.000000 
User 3, Acc 0 Balance 4260.000000, Withdraw 200.000000 
User 0, Acc 0 Balance 4360.000000, Deposit 200.000000 
User 0, Acc 0 Balance 4560.000000, Deposit 300.000000 
User 3, Acc 0 Balance 4360.000000, Withdraw 100.000000 
User 4, Acc 7 Balance 12976.000000, Transfer 5.000000 to Acc 4
User 2, Acc 4 Balance 3282.000000, Transfer 53.000000 to Acc 5
User 4, Acc 3 Balance 3663.000000, Deposit 929.000000 
User 4, Acc 4 Balance 3287.000000, Deposit 937.000000 
User 1, Acc 3 Balance 3663.000000, Deposit 929.000000 
User 0, Acc 0 Balance 4660.000000, Withdraw 200.000000 
User 3, Acc 0 Balance 4560.000000, Withdraw 50.000000 
User 0, Acc 0 Balance 4360.000000, Withdraw 100.000000 
User 0, Acc 0 Balance 4260.000000, Withdraw 50.000000 
User 0, Acc 1 Balance 4672.000000, Transfer 200.000000 to Acc 0
User 2, Acc 7 Balance 12971.000000, Withdraw 593.000000 
Balance in 0: 4360.000000
User 4, Acc 5 Balance 2390.000000, Deposit 941.000000 
User 4, Acc 4 Balance 4171.000000, Withdraw 167.000000 
User 4, Acc 5 Balance 3331.000000, Withdraw 307.000000 
User 4, Acc 1 Balance 4472.000000, Transfer 89.000000 to Acc 8
User 4, Acc 1 Balance 4383.000000, Transfer 163.000000 to Acc 9
User 4, Acc 1 Balance 4220.000000, Withdraw 41.000000 
User 5, Acc 1 Balance 4672.000000, Transfer 89.000000 to Acc 8
User 4, Acc 2 Balance 5452.000000, Withdraw 71.000000 
User 3, Acc 1 Balance 4672.000000, Transfer 200.000000 to Acc 0
User 1, Acc 4 Balance 4171.000000, Deposit 937.000000 
Balance in 0: 4560.000000
User 5, Acc 1 Balance 4090.000000, Transfer 163.000000 to Acc 9
User 5, Acc 1 Balance 3727.000000, Withdraw 41.000000 
User 5, Acc 2 Balance 5381.000000, Withdraw 71.000000 
User 5, Acc 3 Balance 5521.000000, Withdraw 127.000000 
User 5, Acc 6 Balance 11806.000000, Withdraw 647.000000 
User 5, Acc 6 Balance 11159.000000, Deposit 953.000000 
User 5, Acc 7 Balance 12378.000000, Deposit 967.000000 
User 5, Acc 1 Balance 3686.000000, Transfer 19.000000 to Acc 7
User 5, Acc 2 Balance 5310.000000, Transfer 23.000000 to Acc 7
User 5, Acc 6 Balance 12112.000000, Transfer 67.000000 to Acc 5
User 5, Acc 4 Balance 4941.000000, Transfer 53.000000 to Acc 5
User 5, Acc 7 Balance 13387.000000, Withdraw 593.000000 
User 5, Acc 8 Balance 11847.000000, Withdraw 449.000000 
User 5, Acc 9 Balance 40989.000000, Withdraw 163.000000 
User 2, Acc 8 Balance 11669.000000, Withdraw 449.000000 
User 2, Acc 9 Balance 40826.000000, Withdraw 163.000000 
User 4, Acc 3 Balance 5521.000000, Withdraw 127.000000 
User 4, Acc 6 Balance 12045.000000, Withdraw 647.000000 
User 4, Acc 6 Balance 11398.000000, Deposit 953.000000 
User 4, Acc 7 Balance 12794.000000, Deposit 967.000000 
User 4, Acc 1 Balance 3667.000000, Transfer 19.000000 to Acc 7
User 4, Acc 2 Balance 5287.000000, Transfer 23.000000 to Acc 7
User 4, Acc 6 Balance 12351.000000, Transfer 67.000000 to Acc 5
User 4, Acc 4 Balance 4888.000000, Transfer 53.000000 to Acc 5
User 1, Acc 5 Balance 3024.000000, Deposit 941.000000 
User 1, Acc 4 Balance 4835.000000, Withdraw 167.000000 
User 4, Acc 7 Balance 13803.000000, Withdraw 593.000000 
User 4, Acc 8 Balance 10949.000000, Withdraw 449.000000 
User 4, Acc 9 Balance 40663.000000, Withdraw 163.000000 
User 1, Acc 5 Balance 4205.000000, Withdraw 307.000000 
User 1, Acc 1 Balance 3648.000000, Transfer 89.000000 to Acc 8
User 1, Acc 1 Balance 3559.000000, Transfer 163.000000 to Acc 9
User 1, Acc 1 Balance 3396.000000, Withdraw 41.000000 
User 1, Acc 2 Balance 5264.000000, Withdraw 71.000000 
User 1, Acc 3 Balance 5267.000000, Withdraw 127.000000 
User 1, Acc 6 Balance 12284.000000, Withdraw 647.000000 
User 1, Acc 6 Balance 11637.000000, Deposit 953.000000 
User 1, Acc 7 Balance 13210.000000, Deposit 967.000000 
User 1, Acc 1 Balance 3355.000000, Transfer 19.000000 to Acc 7
User 1, Acc 2 Balance 5193.000000, Transfer 23.000000 to Acc 7
User 1, Acc 6 Balance 12590.000000, Transfer 67.000000 to Acc 5
User 1, Acc 4 Balance 4668.000000, Transfer 53.000000 to Acc 5
User 1, Acc 7 Balance 14219.000000, Withdraw 593.000000 
User 1, Acc 8 Balance 10589.000000, Withdraw 449.000000 
User 1, Acc 9 Balance 40663.000000, Withdraw 163.000000 
  ***     End of transaction batch    ***  
Account 0 balance after completion of transaction batch: 4560.000000
Account 1 balance after completion of transaction batch: 3336.000000
Account 2 balance after completion of transaction batch: 5170.000000
Account 3 balance after completion of transaction batch: 5140.000000
Account 4 balance after completion of transaction batch: 4615.000000
Account 5 balance after completion of transaction batch: 4018.000000
Account 6 balance after completion of transaction batch: 12523.000000
Account 7 balance after completion of transaction batch: 13626.000000
Account 8 balance after completion of transaction batch: 10140.000000
Account 9 balance after completion of transaction batch: 40500.000000
