# Output generated by:
# ./my_executable 6 data/transactions11.txt data/transactions6.txt data/transactions3.txt data/transactions8.txt data/transactions10.txt data/transactions1.txt

********************************************
   Reading and parsing a transaction file   
********************************************
Parsed transaction: deposit 9 617.000000 
Loaded deposit transaction
Parsed transaction: transfer 9 9 617.000000 
Loaded transfer transaction
Parsed transaction: deposit 8 619.000000 
Loaded deposit transaction
Parsed transaction: transfer 8 2 619.000000 
Loaded transfer transaction
Parsed transaction: deposit 7 631.000000 
Loaded deposit transaction
Parsed transaction: transfer 7 3 631.000000 
Loaded transfer transaction
Parsed transaction: deposit 6 641.000000 
Loaded deposit transaction
Parsed transaction: transfer 6 4 641.000000 
Loaded transfer transaction
Parsed transaction: deposit 5 643.000000 
Loaded deposit transaction
Parsed transaction: transfer 5 6 1200.000000 
Loaded transfer transaction
Parsed transaction: deposit 4 647.000000 
Loaded deposit transaction
Parsed transaction: transfer 4 7 1200.000000 
Loaded transfer transaction
Parsed transaction: deposit 3 653.000000 
Loaded deposit transaction
Parsed transaction: transfer 3 8 1200.000000 
Loaded transfer transaction
Parsed transaction: deposit 2 659.000000 
Loaded deposit transaction
Parsed transaction: transfer 2 9 1200.000000 
Loaded transfer transaction
Parsed transaction: deposit 1 661.000000 
Loaded deposit transaction
Parsed transaction: transfer 1 9 1200.000000 
Loaded transfer transaction
Parsed transaction: deposit 0 673.000000 
Loaded deposit transaction
Parsed transaction: transfer 0 9 1200.000000 
Loaded transfer transaction
Parsed transaction: withdraw 1 50.000000 
Loaded withdrawal transaction
Parsed transaction: withdraw 2 50.000000 
Loaded withdrawal transaction
Parsed transaction: withdraw 3 50.000000 
Loaded withdrawal transaction
Parsed transaction: withdraw 4 50.000000 
Loaded withdrawal transaction
Parsed transaction: withdraw 5 50.000000 
Loaded withdrawal transaction
Parsed transaction: withdraw 6 50.000000 
Loaded withdrawal transaction
Parsed transaction: withdraw 7 50.000000 
Loaded withdrawal transaction
Parsed transaction: withdraw 8 50.000000 
Loaded withdrawal transaction
Parsed transaction: withdraw 9 50.000000 
Loaded withdrawal transaction
Parsed transaction: withdraw 0 50.000000 
Loaded withdrawal transaction
********************************************
********************************************
   Reading and parsing a transaction file   
********************************************
Parsed transaction: deposit 0 7.000000 
Loaded deposit transaction
Parsed transaction: deposit 1 11.000000 
Loaded deposit transaction
Parsed transaction: deposit 2 9.000000 
Loaded deposit transaction
Parsed transaction: transfer 3 7 29.000000 
Loaded transfer transaction
Parsed transaction: transfer 7 6 31.000000 
Loaded transfer transaction
Parsed transaction: transfer 7 5 137.000000 
Loaded transfer transaction
Parsed transaction: transfer 7 4 3.000000 
Loaded transfer transaction
Parsed transaction: transfer 7 4 5.000000 
Loaded transfer transaction
Parsed transaction: deposit 3 929.000000 
Loaded deposit transaction
Parsed transaction: deposit 4 937.000000 
Loaded deposit transaction
Parsed transaction: deposit 5 941.000000 
Loaded deposit transaction
Parsed transaction: withdraw 4 1167.000000 
Loaded withdrawal transaction
Parsed transaction: withdraw 5 1307.000000 
Loaded withdrawal transaction
Parsed transaction: transfer 1 8 89.000000 
Loaded transfer transaction
Parsed transaction: transfer 1 9 163.000000 
Loaded transfer transaction
Parsed transaction: withdraw 1 41.000000 
Loaded withdrawal transaction
Parsed transaction: withdraw 2 71.000000 
Loaded withdrawal transaction
Parsed transaction: withdraw 3 1127.000000 
Loaded withdrawal transaction
Parsed transaction: withdraw 6 647.000000 
Loaded withdrawal transaction
Parsed transaction: deposit 6 953.000000 
Loaded deposit transaction
Parsed transaction: deposit 7 967.000000 
Loaded deposit transaction
Parsed transaction: transfer 1 7 19.000000 
Loaded transfer transaction
Parsed transaction: transfer 2 7 23.000000 
Loaded transfer transaction
Parsed transaction: transfer 6 5 1167.000000 
Loaded transfer transaction
Parsed transaction: transfer 4 5 53.000000 
Loaded transfer transaction
Parsed transaction: withdraw 7 1593.000000 
Loaded withdrawal transaction
Parsed transaction: withdraw 8 449.000000 
Loaded withdrawal transaction
Parsed transaction: withdraw 9 163.000000 
Loaded withdrawal transaction
********************************************
********************************************
   Reading and parsing a transaction file   
********************************************
Parsed transaction: deposit 0 400.000000 
Loaded deposit transaction
Parsed transaction: withdraw 0 200.000000 
Loaded withdrawal transaction
Parsed transaction: deposit 1 100.000000 
Loaded deposit transaction
Parsed transaction: deposit 2 900.000000 
Loaded deposit transaction
Parsed transaction: withdraw 1 50.000000 
Loaded withdrawal transaction
Parsed transaction: withdraw 2 150.000000 
Loaded withdrawal transaction
Parsed transaction: deposit 3 500.000000 
Loaded deposit transaction
Parsed transaction: transfer 2 1 300.000000 
Loaded transfer transaction
Parsed transaction: transfer 3 1 300.000000 
Loaded transfer transaction
Parsed transaction: deposit 0 400.000000 
Loaded deposit transaction
Parsed transaction: withdraw 3 200.000000 
Loaded withdrawal transaction
Parsed transaction: balance 1 
Loaded balance transaction
********************************************
********************************************
   Reading and parsing a transaction file   
********************************************
Parsed transaction: deposit 9 617.000000 
Loaded deposit transaction
Parsed transaction: transfer 9 1 617.000000 
Loaded transfer transaction
Parsed transaction: deposit 8 619.000000 
Loaded deposit transaction
Parsed transaction: transfer 8 2 619.000000 
Loaded transfer transaction
Parsed transaction: deposit 7 631.000000 
Loaded deposit transaction
Parsed transaction: transfer 7 3 631.000000 
Loaded transfer transaction
Parsed transaction: deposit 6 641.000000 
Loaded deposit transaction
Parsed transaction: transfer 6 4 641.000000 
Loaded transfer transaction
Parsed transaction: deposit 5 643.000000 
Loaded deposit transaction
Parsed transaction: transfer 5 6 1200.000000 
Loaded transfer transaction
Parsed transaction: deposit 4 647.000000 
Loaded deposit transaction
Parsed transaction: transfer 4 7 1200.000000 
Loaded transfer transaction
Parsed transaction: deposit 3 653.000000 
Loaded deposit transaction
Parsed transaction: transfer 3 8 1200.000000 
Loaded transfer transaction
Parsed transaction: deposit 2 659.000000 
Loaded deposit transaction
Parsed transaction: transfer 2 9 1200.000000 
Loaded transfer transaction
Parsed transaction: deposit 1 661.000000 
Loaded deposit transaction
Parsed transaction: transfer 1 9 1200.000000 
Loaded transfer transaction
Parsed transaction: deposit 0 673.000000 
Loaded deposit transaction
Parsed transaction: transfer 0 9 1200.000000 
Loaded transfer transaction
********************************************
********************************************
   Reading and parsing a transaction file   
********************************************
Parsed transaction: withdraw 1 500.000000 
Loaded withdrawal transaction
Parsed transaction: withdraw 2 500.000000 
Loaded withdrawal transaction
Parsed transaction: withdraw 3 500.000000 
Loaded withdrawal transaction
Parsed transaction: withdraw 4 500.000000 
Loaded withdrawal transaction
Parsed transaction: withdraw 5 500.000000 
Loaded withdrawal transaction
Parsed transaction: withdraw 6 500.000000 
Loaded withdrawal transaction
Parsed transaction: withdraw 7 500.000000 
Loaded withdrawal transaction
Parsed transaction: withdraw 8 500.000000 
Loaded withdrawal transaction
Parsed transaction: withdraw 9 500.000000 
Loaded withdrawal transaction
Parsed transaction: withdraw 0 500.000000 
Loaded withdrawal transaction
Parsed transaction: withdraw 1 500.000000 
Loaded withdrawal transaction
Parsed transaction: withdraw 2 500.000000 
Loaded withdrawal transaction
Parsed transaction: withdraw 3 500.000000 
Loaded withdrawal transaction
Parsed transaction: withdraw 4 500.000000 
Loaded withdrawal transaction
Parsed transaction: withdraw 5 500.000000 
Loaded withdrawal transaction
Parsed transaction: withdraw 6 500.000000 
Loaded withdrawal transaction
Parsed transaction: withdraw 7 500.000000 
Loaded withdrawal transaction
Parsed transaction: withdraw 8 500.000000 
Loaded withdrawal transaction
Parsed transaction: withdraw 9 500.000000 
Loaded withdrawal transaction
Parsed transaction: withdraw 0 500.000000 
Loaded withdrawal transaction
Parsed transaction: withdraw 1 500.000000 
Loaded withdrawal transaction
Parsed transaction: withdraw 2 500.000000 
Loaded withdrawal transaction
Parsed transaction: withdraw 3 500.000000 
Loaded withdrawal transaction
Parsed transaction: withdraw 4 500.000000 
Loaded withdrawal transaction
Parsed transaction: withdraw 5 500.000000 
Loaded withdrawal transaction
Parsed transaction: withdraw 6 500.000000 
Loaded withdrawal transaction
Parsed transaction: withdraw 7 500.000000 
Loaded withdrawal transaction
Parsed transaction: withdraw 8 500.000000 
Loaded withdrawal transaction
Parsed transaction: withdraw 9 500.000000 
Loaded withdrawal transaction
Parsed transaction: withdraw 0 500.000000 
Loaded withdrawal transaction
********************************************
********************************************
   Reading and parsing a transaction file   
********************************************
Parsed transaction: deposit 0 100.000000 
Loaded deposit transaction
Parsed transaction: deposit 0 200.000000 
Loaded deposit transaction
Parsed transaction: deposit 0 300.000000 
Loaded deposit transaction
Parsed transaction: withdraw 0 200.000000 
Loaded withdrawal transaction
Parsed transaction: withdraw 0 100.000000 
Loaded withdrawal transaction
Parsed transaction: withdraw 0 50.000000 
Loaded withdrawal transaction
Parsed transaction: transfer 1 0 200.000000 
Loaded transfer transaction
Parsed transaction: balance 0 
Loaded balance transaction
********************************************
  ***    Start of transaction batch    ***  
User 0, Acc 9 Balance 0.000000, Deposit 617.000000 
User 0, Acc 9 Balance 617.000000, Transfer 617.000000 to Acc 9
User 0, Acc 8 Balance 0.000000, Deposit 619.000000 
User 0, Acc 8 Balance 619.000000, Transfer 619.000000 to Acc 2
User 0, Acc 7 Balance 0.000000, Deposit 631.000000 
User 0, Acc 7 Balance 631.000000, Transfer 631.000000 to Acc 3
User 0, Acc 6 Balance 0.000000, Deposit 641.000000 
User 0, Acc 6 Balance 641.000000, Transfer 641.000000 to Acc 4
User 0, Acc 5 Balance 0.000000, Deposit 643.000000 
User 0, Acc 4 Balance 641.000000, Deposit 647.000000 
User 0, Acc 4 Balance 1288.000000, Transfer 1200.000000 to Acc 7
User 0, Acc 3 Balance 631.000000, Deposit 653.000000 
User 0, Acc 3 Balance 1284.000000, Transfer 1200.000000 to Acc 8
User 0, Acc 2 Balance 619.000000, Deposit 659.000000 
User 0, Acc 2 Balance 1278.000000, Transfer 1200.000000 to Acc 9
User 0, Acc 1 Balance 0.000000, Deposit 661.000000 
User 0, Acc 0 Balance 0.000000, Deposit 673.000000 
User 0, Acc 1 Balance 661.000000, Withdraw 50.000000 
User 0, Acc 2 Balance 78.000000, Withdraw 50.000000 
User 0, Acc 3 Balance 84.000000, Withdraw 50.000000 
User 0, Acc 4 Balance 88.000000, Withdraw 50.000000 
User 0, Acc 5 Balance 643.000000, Withdraw 50.000000 
[22;32mUser 0, Acc 6 Balance 0.000000, 				Withdraw 50.000000 --insufficient funds[0m
User 0, Acc 7 Balance 1200.000000, Withdraw 50.000000 
User 0, Acc 8 Balance 1200.000000, Withdraw 50.000000 
User 0, Acc 9 Balance 1817.000000, Withdraw 50.000000 
User 0, Acc 0 Balance 673.000000, Withdraw 50.000000 
User 0, Acc 0 Balance 623.000000, Deposit 7.000000 
User 0, Acc 1 Balance 611.000000, Deposit 11.000000 
User 0, Acc 2 Balance 28.000000, Deposit 9.000000 
User 0, Acc 3 Balance 34.000000, Transfer 29.000000 to Acc 7
User 0, Acc 7 Balance 1179.000000, Transfer 31.000000 to Acc 6
User 0, Acc 7 Balance 1148.000000, Transfer 137.000000 to Acc 5
User 0, Acc 7 Balance 1011.000000, Transfer 3.000000 to Acc 4
User 0, Acc 7 Balance 1008.000000, Transfer 5.000000 to Acc 4
User 0, Acc 3 Balance 5.000000, Deposit 929.000000 
User 2, Acc 0 Balance 630.000000, Deposit 400.000000 
User 5, Acc 9 Balance 1767.000000, Deposit 617.000000 
User 3, Acc 1 Balance 622.000000, Withdraw 500.000000 
User 1, Acc 0 Balance 630.000000, Deposit 100.000000 
User 4, Acc 9 Balance 1767.000000, Deposit 617.000000 
User 4, Acc 9 Balance 3001.000000, Transfer 617.000000 to Acc 9
User 4, Acc 8 Balance 1150.000000, Deposit 619.000000 
User 5, Acc 9 Balance 2384.000000, Transfer 617.000000 to Acc 1
User 5, Acc 8 Balance 1769.000000, Deposit 619.000000 
[22;32mUser 3, Acc 2 Balance 37.000000, 				Withdraw 500.000000 --insufficient funds[0m
User 5, Acc 8 Balance 2388.000000, Transfer 619.000000 to Acc 2
User 0, Acc 4 Balance 46.000000, Deposit 937.000000 
User 2, Acc 0 Balance 1030.000000, Withdraw 200.000000 
User 0, Acc 5 Balance 730.000000, Deposit 941.000000 
[22;32mUser 0, Acc 4 Balance 983.000000, 				Withdraw 1167.000000 --insufficient funds[0m
User 4, Acc 8 Balance 1769.000000, Transfer 619.000000 to Acc 2
User 4, Acc 7 Balance 1003.000000, Deposit 631.000000 
User 4, Acc 7 Balance 1634.000000, Transfer 631.000000 to Acc 3
User 4, Acc 6 Balance 31.000000, Deposit 641.000000 
User 4, Acc 6 Balance 672.000000, Transfer 641.000000 to Acc 4
User 4, Acc 5 Balance 1671.000000, Deposit 643.000000 
User 4, Acc 5 Balance 2314.000000, Transfer 1200.000000 to Acc 6
User 5, Acc 7 Balance 1003.000000, Deposit 631.000000 
User 4, Acc 4 Balance 1624.000000, Deposit 647.000000 
User 1, Acc 0 Balance 1130.000000, Deposit 200.000000 
User 4, Acc 4 Balance 2271.000000, Transfer 1200.000000 to Acc 7
User 1, Acc 0 Balance 1130.000000, Deposit 300.000000 
User 1, Acc 0 Balance 1430.000000, Withdraw 200.000000 
User 4, Acc 3 Balance 1565.000000, Deposit 653.000000 
User 1, Acc 0 Balance 1230.000000, Withdraw 100.000000 
User 5, Acc 7 Balance 1634.000000, Transfer 631.000000 to Acc 3
User 1, Acc 0 Balance 1130.000000, Withdraw 50.000000 
User 5, Acc 6 Balance 1231.000000, Deposit 641.000000 
User 1, Acc 1 Balance 739.000000, Transfer 200.000000 to Acc 0
Balance in 0: 1280.000000
User 0, Acc 5 Balance 1671.000000, Withdraw 1307.000000 
User 1, Acc 9 Balance 2384.000000, Deposit 617.000000 
User 3, Acc 3 Balance 934.000000, Withdraw 500.000000 
User 3, Acc 4 Balance 1071.000000, Withdraw 500.000000 
[22;32mUser 3, Acc 5 Balance -193.000000, 				Withdraw 500.000000 --insufficient funds[0m
User 3, Acc 6 Balance 1872.000000, Withdraw 500.000000 
User 3, Acc 7 Balance 2203.000000, Withdraw 500.000000 
User 3, Acc 8 Balance 1150.000000, Withdraw 500.000000 
User 3, Acc 9 Balance 3001.000000, Withdraw 500.000000 
User 3, Acc 0 Balance 1280.000000, Withdraw 500.000000 
User 3, Acc 1 Balance 539.000000, Withdraw 500.000000 
User 3, Acc 2 Balance 1275.000000, Withdraw 500.000000 
User 0, Acc 1 Balance 539.000000, Transfer 89.000000 to Acc 8
User 3, Acc 3 Balance 2349.000000, Withdraw 500.000000 
[22;32mUser 0, Acc 1 Balance -50.000000, 				Withdraw 41.000000 --insufficient funds[0m
User 3, Acc 4 Balance 571.000000, Withdraw 500.000000 
[22;32mUser 3, Acc 5 Balance -193.000000, 				Withdraw 500.000000 --insufficient funds[0m
User 1, Acc 9 Balance 3001.000000, Transfer 617.000000 to Acc 9
User 3, Acc 6 Balance 1372.000000, Withdraw 500.000000 
User 5, Acc 6 Balance 1872.000000, Transfer 641.000000 to Acc 4
User 0, Acc 2 Balance 775.000000, Withdraw 71.000000 
User 5, Acc 5 Balance -193.000000, Deposit 643.000000 
User 4, Acc 3 Balance 2218.000000, Transfer 1200.000000 to Acc 8
User 4, Acc 2 Balance 704.000000, Deposit 659.000000 
User 4, Acc 2 Balance 1363.000000, Transfer 1200.000000 to Acc 9
User 4, Acc 1 Balance -50.000000, Deposit 661.000000 
User 4, Acc 0 Balance 780.000000, Deposit 673.000000 
User 4, Acc 0 Balance 1453.000000, Transfer 1200.000000 to Acc 9
User 4, Acc 1 Balance 611.000000, Withdraw 50.000000 
User 4, Acc 2 Balance 163.000000, Withdraw 50.000000 
User 4, Acc 3 Balance 649.000000, Withdraw 50.000000 
User 4, Acc 4 Balance 712.000000, Withdraw 50.000000 
User 4, Acc 5 Balance 450.000000, Withdraw 50.000000 
User 4, Acc 6 Balance 231.000000, Withdraw 50.000000 
User 4, Acc 7 Balance 1703.000000, Withdraw 50.000000 
User 4, Acc 8 Balance 1939.000000, Withdraw 50.000000 
User 4, Acc 9 Balance 4901.000000, Withdraw 50.000000 
User 4, Acc 0 Balance 253.000000, Withdraw 50.000000 
User 4, Acc 9 Balance 4851.000000, Deposit 617.000000 
User 4, Acc 9 Balance 5468.000000, Transfer 617.000000 to Acc 9
User 4, Acc 8 Balance 1889.000000, Deposit 619.000000 
User 4, Acc 8 Balance 2508.000000, Transfer 619.000000 to Acc 2
User 4, Acc 7 Balance 1653.000000, Deposit 631.000000 
User 4, Acc 7 Balance 2284.000000, Transfer 631.000000 to Acc 3
User 4, Acc 6 Balance 181.000000, Deposit 641.000000 
User 4, Acc 6 Balance 822.000000, Transfer 641.000000 to Acc 4
User 4, Acc 5 Balance 400.000000, Deposit 643.000000 
User 4, Acc 4 Balance 1303.000000, Deposit 647.000000 
User 4, Acc 4 Balance 1950.000000, Transfer 1200.000000 to Acc 7
User 4, Acc 3 Balance 1230.000000, Deposit 653.000000 
User 4, Acc 3 Balance 1883.000000, Transfer 1200.000000 to Acc 8
User 4, Acc 2 Balance 732.000000, Deposit 659.000000 
User 4, Acc 2 Balance 1391.000000, Transfer 1200.000000 to Acc 9
User 4, Acc 1 Balance 561.000000, Deposit 661.000000 
User 4, Acc 1 Balance 1222.000000, Transfer 1200.000000 to Acc 9
User 4, Acc 0 Balance 203.000000, Deposit 673.000000 
[22;32mUser 4, Acc 1 Balance 22.000000, 				Withdraw 50.000000 --insufficient funds[0m
User 4, Acc 2 Balance 191.000000, Withdraw 50.000000 
User 4, Acc 3 Balance 683.000000, Withdraw 50.000000 
User 4, Acc 4 Balance 750.000000, Withdraw 50.000000 
User 4, Acc 5 Balance 1043.000000, Withdraw 50.000000 
User 4, Acc 6 Balance 181.000000, Withdraw 50.000000 
User 2, Acc 1 Balance 739.000000, Deposit 100.000000 
User 4, Acc 7 Balance 2853.000000, Withdraw 50.000000 
User 3, Acc 7 Balance 1703.000000, Withdraw 500.000000 
User 4, Acc 8 Balance 3089.000000, Withdraw 50.000000 
User 4, Acc 9 Balance 7868.000000, Withdraw 50.000000 
User 5, Acc 4 Balance 712.000000, Deposit 647.000000 
User 4, Acc 0 Balance 876.000000, Withdraw 50.000000 
User 1, Acc 8 Balance 739.000000, Deposit 619.000000 
User 4, Acc 0 Balance 826.000000, Deposit 7.000000 
User 1, Acc 8 Balance 3658.000000, Transfer 619.000000 to Acc 2
User 1, Acc 7 Balance 2303.000000, Deposit 631.000000 
User 4, Acc 1 Balance 122.000000, Deposit 11.000000 
User 4, Acc 2 Balance 760.000000, Deposit 9.000000 
User 2, Acc 2 Balance 141.000000, Deposit 900.000000 
User 4, Acc 3 Balance 633.000000, Transfer 29.000000 to Acc 7
User 3, Acc 8 Balance 3039.000000, Withdraw 500.000000 
User 4, Acc 7 Balance 2963.000000, Transfer 31.000000 to Acc 6
User 1, Acc 7 Balance 2934.000000, Transfer 631.000000 to Acc 3
User 2, Acc 1 Balance 133.000000, Withdraw 50.000000 
User 1, Acc 6 Balance 162.000000, Deposit 641.000000 
User 2, Acc 2 Balance 1669.000000, Withdraw 150.000000 
User 2, Acc 3 Balance 1235.000000, Deposit 500.000000 
User 3, Acc 9 Balance 7818.000000, Withdraw 500.000000 
User 2, Acc 2 Balance 1519.000000, Transfer 300.000000 to Acc 1
User 2, Acc 3 Balance 1735.000000, Transfer 300.000000 to Acc 1
User 4, Acc 7 Balance 2932.000000, Transfer 137.000000 to Acc 5
User 4, Acc 7 Balance 2164.000000, Transfer 3.000000 to Acc 4
User 4, Acc 7 Balance 2161.000000, Transfer 5.000000 to Acc 4
User 4, Acc 3 Balance 1435.000000, Deposit 929.000000 
User 4, Acc 4 Balance 1355.000000, Deposit 937.000000 
User 4, Acc 5 Balance 1130.000000, Deposit 941.000000 
User 4, Acc 4 Balance 2292.000000, Withdraw 1167.000000 
User 4, Acc 5 Balance 2071.000000, Withdraw 1307.000000 
User 4, Acc 1 Balance 683.000000, Transfer 89.000000 to Acc 8
User 4, Acc 1 Balance 594.000000, Transfer 163.000000 to Acc 9
User 4, Acc 1 Balance 431.000000, Withdraw 41.000000 
User 4, Acc 2 Balance 1219.000000, Withdraw 71.000000 
User 4, Acc 3 Balance 2364.000000, Withdraw 1127.000000 
User 4, Acc 6 Balance 803.000000, Withdraw 647.000000 
User 4, Acc 6 Balance 156.000000, Deposit 953.000000 
User 4, Acc 7 Balance 2156.000000, Deposit 967.000000 
User 4, Acc 1 Balance 390.000000, Transfer 19.000000 to Acc 7
User 4, Acc 2 Balance 1148.000000, Transfer 23.000000 to Acc 7
User 4, Acc 4 Balance 1125.000000, Transfer 53.000000 to Acc 5
User 4, Acc 7 Balance 3165.000000, Withdraw 1593.000000 
User 4, Acc 8 Balance 2628.000000, Withdraw 449.000000 
User 4, Acc 9 Balance 7481.000000, Withdraw 163.000000 
User 4, Acc 9 Balance 7318.000000, Deposit 617.000000 
User 4, Acc 9 Balance 7935.000000, Transfer 617.000000 to Acc 9
User 4, Acc 8 Balance 2179.000000, Deposit 619.000000 
User 4, Acc 8 Balance 2798.000000, Transfer 619.000000 to Acc 2
User 4, Acc 7 Balance 1572.000000, Deposit 631.000000 
User 4, Acc 7 Balance 2203.000000, Transfer 631.000000 to Acc 3
User 4, Acc 6 Balance 1109.000000, Deposit 641.000000 
User 4, Acc 6 Balance 1750.000000, Transfer 641.000000 to Acc 4
User 4, Acc 5 Balance 817.000000, Deposit 643.000000 
User 4, Acc 5 Balance 1460.000000, Transfer 1200.000000 to Acc 6
User 4, Acc 4 Balance 1713.000000, Deposit 647.000000 
User 4, Acc 4 Balance 2360.000000, Transfer 1200.000000 to Acc 7
User 4, Acc 3 Balance 1868.000000, Deposit 653.000000 
User 4, Acc 3 Balance 2521.000000, Transfer 1200.000000 to Acc 8
User 4, Acc 2 Balance 1744.000000, Deposit 659.000000 
User 4, Acc 2 Balance 2403.000000, Transfer 1200.000000 to Acc 9
User 4, Acc 1 Balance 371.000000, Deposit 661.000000 
User 4, Acc 0 Balance 833.000000, Deposit 673.000000 
User 4, Acc 0 Balance 1506.000000, Transfer 1200.000000 to Acc 9
User 4, Acc 1 Balance 1032.000000, Withdraw 50.000000 
User 4, Acc 2 Balance 1203.000000, Withdraw 50.000000 
User 4, Acc 3 Balance 1321.000000, Withdraw 50.000000 
User 4, Acc 4 Balance 1160.000000, Withdraw 50.000000 
User 4, Acc 5 Balance 260.000000, Withdraw 50.000000 
User 4, Acc 6 Balance 2309.000000, Withdraw 50.000000 
User 4, Acc 7 Balance 2772.000000, Withdraw 50.000000 
User 4, Acc 8 Balance 3379.000000, Withdraw 50.000000 
User 4, Acc 9 Balance 10335.000000, Withdraw 50.000000 
User 4, Acc 0 Balance 306.000000, Withdraw 50.000000 
User 4, Acc 0 Balance 256.000000, Deposit 400.000000 
User 4, Acc 0 Balance 656.000000, Withdraw 200.000000 
User 4, Acc 1 Balance 982.000000, Deposit 100.000000 
User 4, Acc 2 Balance 1153.000000, Deposit 900.000000 
User 4, Acc 1 Balance 1082.000000, Withdraw 50.000000 
User 4, Acc 2 Balance 2053.000000, Withdraw 150.000000 
User 4, Acc 3 Balance 1271.000000, Deposit 500.000000 
User 4, Acc 2 Balance 1903.000000, Transfer 300.000000 to Acc 1
User 4, Acc 3 Balance 1771.000000, Transfer 300.000000 to Acc 1
User 4, Acc 0 Balance 456.000000, Deposit 400.000000 
User 4, Acc 3 Balance 1471.000000, Withdraw 200.000000 
Balance in 1: 1632.000000
User 3, Acc 0 Balance 833.000000, Withdraw 500.000000 
User 3, Acc 1 Balance 1632.000000, Withdraw 500.000000 
User 3, Acc 2 Balance 1603.000000, Withdraw 500.000000 
User 3, Acc 3 Balance 1271.000000, Withdraw 500.000000 
User 3, Acc 4 Balance 1110.000000, Withdraw 500.000000 
[22;32mUser 3, Acc 5 Balance 210.000000, 				Withdraw 500.000000 --insufficient funds[0m
User 3, Acc 6 Balance 2259.000000, Withdraw 500.000000 
User 3, Acc 7 Balance 2722.000000, Withdraw 500.000000 
User 3, Acc 8 Balance 3329.000000, Withdraw 500.000000 
User 3, Acc 9 Balance 10285.000000, Withdraw 500.000000 
User 4, Acc 0 Balance 856.000000, Deposit 7.000000 
User 4, Acc 1 Balance 1132.000000, Deposit 11.000000 
User 4, Acc 2 Balance 1103.000000, Deposit 9.000000 
User 4, Acc 3 Balance 771.000000, Transfer 29.000000 to Acc 7
User 4, Acc 7 Balance 2251.000000, Transfer 31.000000 to Acc 6
User 4, Acc 7 Balance 2220.000000, Transfer 137.000000 to Acc 5
User 4, Acc 7 Balance 2083.000000, Transfer 3.000000 to Acc 4
User 4, Acc 7 Balance 2080.000000, Transfer 5.000000 to Acc 4
User 4, Acc 3 Balance 742.000000, Deposit 929.000000 
User 4, Acc 4 Balance 618.000000, Deposit 937.000000 
User 4, Acc 5 Balance 347.000000, Deposit 941.000000 
User 4, Acc 4 Balance 1555.000000, Withdraw 1167.000000 
[22;32mUser 4, Acc 5 Balance 1288.000000, 				Withdraw 1307.000000 --insufficient funds[0m
User 4, Acc 1 Balance 1143.000000, Transfer 89.000000 to Acc 8
User 4, Acc 1 Balance 1054.000000, Transfer 163.000000 to Acc 9
User 4, Acc 1 Balance 891.000000, Withdraw 41.000000 
User 4, Acc 2 Balance 1112.000000, Withdraw 71.000000 
User 4, Acc 3 Balance 1671.000000, Withdraw 1127.000000 
User 4, Acc 6 Balance 1790.000000, Withdraw 647.000000 
User 4, Acc 6 Balance 1143.000000, Deposit 953.000000 
User 4, Acc 7 Balance 2075.000000, Deposit 967.000000 
User 4, Acc 1 Balance 850.000000, Transfer 19.000000 to Acc 7
User 4, Acc 2 Balance 1041.000000, Transfer 23.000000 to Acc 7
User 4, Acc 6 Balance 2096.000000, Transfer 1167.000000 to Acc 5
User 4, Acc 4 Balance 388.000000, Transfer 53.000000 to Acc 5
User 4, Acc 7 Balance 3084.000000, Withdraw 1593.000000 
User 4, Acc 8 Balance 2918.000000, Withdraw 449.000000 
User 4, Acc 9 Balance 9948.000000, Withdraw 163.000000 
User 4, Acc 0 Balance 363.000000, Deposit 7.000000 
User 4, Acc 1 Balance 831.000000, Deposit 11.000000 
User 4, Acc 2 Balance 1018.000000, Deposit 9.000000 
User 4, Acc 3 Balance 544.000000, Transfer 29.000000 to Acc 7
User 4, Acc 7 Balance 1520.000000, Transfer 31.000000 to Acc 6
User 4, Acc 7 Balance 1489.000000, Transfer 137.000000 to Acc 5
User 4, Acc 7 Balance 1352.000000, Transfer 3.000000 to Acc 4
[22;32mUser 3, Acc 0 Balance 356.000000, 				Withdraw 500.000000 --insufficient funds[0m
User 4, Acc 7 Balance 1349.000000, Transfer 5.000000 to Acc 4
User 4, Acc 3 Balance 515.000000, Deposit 929.000000 
User 2, Acc 0 Balance 833.000000, Deposit 400.000000 
User 4, Acc 4 Balance 343.000000, Deposit 937.000000 
User 5, Acc 4 Balance 1347.000000, Transfer 1200.000000 to Acc 7
User 0, Acc 3 Balance 1849.000000, Withdraw 1127.000000 
User 5, Acc 3 Balance 1444.000000, Deposit 653.000000 
User 3, Acc 9 Balance 9785.000000, Deposit 617.000000 
User 1, Acc 6 Balance 803.000000, Transfer 641.000000 to Acc 4
User 3, Acc 9 Balance 10402.000000, Transfer 617.000000 to Acc 9
User 1, Acc 5 Balance 2645.000000, Deposit 643.000000 
User 0, Acc 6 Balance 960.000000, Withdraw 647.000000 
User 1, Acc 5 Balance 3288.000000, Transfer 1200.000000 to Acc 6
User 0, Acc 6 Balance -328.000000, Deposit 953.000000 
User 1, Acc 4 Balance 721.000000, Deposit 647.000000 
User 3, Acc 8 Balance 2469.000000, Deposit 619.000000 
User 2, Acc 3 Balance 1444.000000, Withdraw 200.000000 
User 3, Acc 8 Balance 3088.000000, Transfer 619.000000 to Acc 2
User 4, Acc 5 Balance 2645.000000, Deposit 941.000000 
User 1, Acc 4 Balance 1368.000000, Transfer 1200.000000 to Acc 7
User 4, Acc 4 Balance 1368.000000, Withdraw 1167.000000 
Balance in 1: 842.000000
User 4, Acc 5 Balance 3029.000000, Withdraw 1307.000000 
User 0, Acc 7 Balance 2544.000000, Deposit 967.000000 
User 4, Acc 1 Balance 842.000000, Transfer 89.000000 to Acc 8
User 0, Acc 1 Balance 842.000000, Transfer 19.000000 to Acc 7
User 0, Acc 2 Balance 1646.000000, Transfer 23.000000 to Acc 7
User 4, Acc 1 Balance 734.000000, Transfer 163.000000 to Acc 9
User 3, Acc 7 Balance 2544.000000, Deposit 631.000000 
User 4, Acc 1 Balance 571.000000, Withdraw 41.000000 
User 3, Acc 7 Balance 5384.000000, Transfer 631.000000 to Acc 3
User 5, Acc 2 Balance 1027.000000, Deposit 659.000000 
User 2, Acc 0 Balance 770.000000, Deposit 7.000000 
User 5, Acc 2 Balance 2282.000000, Transfer 1200.000000 to Acc 9
User 4, Acc 2 Balance 1623.000000, Withdraw 71.000000 
User 4, Acc 3 Balance 1401.000000, Withdraw 1127.000000 
User 4, Acc 6 Balance 1825.000000, Withdraw 647.000000 
User 4, Acc 6 Balance 1178.000000, Deposit 953.000000 
User 4, Acc 7 Balance 4753.000000, Deposit 967.000000 
User 4, Acc 1 Balance 530.000000, Transfer 19.000000 to Acc 7
User 4, Acc 2 Balance 1011.000000, Transfer 23.000000 to Acc 7
User 4, Acc 6 Balance 2131.000000, Transfer 1167.000000 to Acc 5
User 4, Acc 7 Balance 5762.000000, Withdraw 1593.000000 
User 4, Acc 8 Balance 2558.000000, Withdraw 449.000000 
User 4, Acc 9 Balance 11765.000000, Withdraw 163.000000 
User 4, Acc 0 Balance 777.000000, Deposit 400.000000 
User 4, Acc 0 Balance 1177.000000, Withdraw 200.000000 
User 4, Acc 1 Balance 511.000000, Deposit 100.000000 
User 4, Acc 2 Balance 988.000000, Deposit 900.000000 
User 4, Acc 1 Balance 611.000000, Withdraw 50.000000 
User 4, Acc 2 Balance 1888.000000, Withdraw 150.000000 
User 4, Acc 3 Balance 274.000000, Deposit 500.000000 
User 4, Acc 2 Balance 1738.000000, Transfer 300.000000 to Acc 1
User 4, Acc 3 Balance 774.000000, Transfer 300.000000 to Acc 1
User 4, Acc 0 Balance 977.000000, Deposit 400.000000 
User 4, Acc 3 Balance 474.000000, Withdraw 200.000000 
Balance in 1: 1161.000000
User 1, Acc 3 Balance 770.000000, Deposit 653.000000 
User 4, Acc 0 Balance 1377.000000, Deposit 400.000000 
User 5, Acc 1 Balance 530.000000, Deposit 661.000000 
User 4, Acc 0 Balance 1777.000000, Withdraw 200.000000 
User 0, Acc 6 Balance 1825.000000, Transfer 1167.000000 to Acc 5
User 2, Acc 1 Balance 530.000000, Deposit 11.000000 
User 0, Acc 7 Balance 4169.000000, Withdraw 1593.000000 
User 2, Acc 2 Balance 1438.000000, Deposit 9.000000 
User 3, Acc 6 Balance 1825.000000, Deposit 641.000000 
User 4, Acc 1 Balance 1822.000000, Deposit 100.000000 
User 1, Acc 2 Balance 1438.000000, Deposit 659.000000 
User 4, Acc 2 Balance 1447.000000, Deposit 900.000000 
User 4, Acc 1 Balance 1933.000000, Withdraw 50.000000 
User 4, Acc 2 Balance 3006.000000, Withdraw 150.000000 
User 4, Acc 3 Balance 927.000000, Deposit 500.000000 
User 4, Acc 2 Balance 2856.000000, Transfer 300.000000 to Acc 1
User 4, Acc 3 Balance 1427.000000, Transfer 300.000000 to Acc 1
User 4, Acc 0 Balance 1577.000000, Deposit 400.000000 
User 4, Acc 3 Balance 1127.000000, Withdraw 200.000000 
Balance in 1: 2483.000000
User 1, Acc 2 Balance 2106.000000, Transfer 1200.000000 to Acc 9
User 1, Acc 1 Balance 2483.000000, Deposit 661.000000 
User 1, Acc 1 Balance 3144.000000, Transfer 1200.000000 to Acc 9
User 1, Acc 0 Balance 1977.000000, Deposit 673.000000 
User 1, Acc 0 Balance 2650.000000, Transfer 1200.000000 to Acc 9
User 1, Acc 1 Balance 1944.000000, Withdraw 50.000000 
User 5, Acc 1 Balance 1822.000000, Transfer 1200.000000 to Acc 9
User 3, Acc 5 Balance 4056.000000, Deposit 643.000000 
User 5, Acc 0 Balance 1450.000000, Deposit 673.000000 
User 5, Acc 0 Balance 2123.000000, Transfer 1200.000000 to Acc 9
User 4, Acc 9 Balance 11602.000000, Deposit 617.000000 
User 2, Acc 3 Balance 927.000000, Transfer 29.000000 to Acc 7
User 4, Acc 9 Balance 18219.000000, Transfer 617.000000 to Acc 1
User 4, Acc 8 Balance 2109.000000, Deposit 619.000000 
User 4, Acc 8 Balance 2728.000000, Transfer 619.000000 to Acc 2
User 4, Acc 7 Balance 2605.000000, Deposit 631.000000 
User 4, Acc 7 Balance 3236.000000, Transfer 631.000000 to Acc 3
User 4, Acc 6 Balance 438.000000, Deposit 641.000000 
User 4, Acc 6 Balance 1079.000000, Transfer 641.000000 to Acc 4
User 4, Acc 5 Balance 4699.000000, Deposit 643.000000 
User 4, Acc 5 Balance 5342.000000, Transfer 1200.000000 to Acc 6
User 4, Acc 4 Balance -358.000000, Deposit 647.000000 
User 4, Acc 3 Balance 1529.000000, Deposit 653.000000 
User 4, Acc 3 Balance 2182.000000, Transfer 1200.000000 to Acc 8
User 4, Acc 2 Balance 1975.000000, Deposit 659.000000 
User 4, Acc 2 Balance 2634.000000, Transfer 1200.000000 to Acc 9
User 4, Acc 1 Balance 1311.000000, Deposit 661.000000 
User 4, Acc 1 Balance 1972.000000, Transfer 1200.000000 to Acc 9
User 4, Acc 0 Balance 923.000000, Deposit 673.000000 
User 4, Acc 0 Balance 1596.000000, Transfer 1200.000000 to Acc 9
User 4, Acc 0 Balance 396.000000, Deposit 7.000000 
User 4, Acc 1 Balance 772.000000, Deposit 11.000000 
User 4, Acc 2 Balance 1434.000000, Deposit 9.000000 
User 4, Acc 3 Balance 982.000000, Transfer 29.000000 to Acc 7
User 4, Acc 7 Balance 2634.000000, Transfer 31.000000 to Acc 6
User 4, Acc 7 Balance 2603.000000, Transfer 137.000000 to Acc 5
User 4, Acc 7 Balance 2466.000000, Transfer 3.000000 to Acc 4
User 4, Acc 7 Balance 2463.000000, Transfer 5.000000 to Acc 4
User 4, Acc 3 Balance 953.000000, Deposit 929.000000 
User 4, Acc 4 Balance 297.000000, Deposit 937.000000 
User 4, Acc 5 Balance 4279.000000, Deposit 941.000000 
User 4, Acc 4 Balance 1234.000000, Withdraw 1167.000000 
User 4, Acc 5 Balance 5220.000000, Withdraw 1307.000000 
User 4, Acc 1 Balance 783.000000, Transfer 89.000000 to Acc 8
User 4, Acc 1 Balance 694.000000, Transfer 163.000000 to Acc 9
User 4, Acc 1 Balance 531.000000, Withdraw 41.000000 
User 4, Acc 2 Balance 1443.000000, Withdraw 71.000000 
User 4, Acc 3 Balance 1882.000000, Withdraw 1127.000000 
User 4, Acc 6 Balance 1669.000000, Withdraw 647.000000 
User 4, Acc 6 Balance 1022.000000, Deposit 953.000000 
User 4, Acc 7 Balance 2458.000000, Deposit 967.000000 
User 4, Acc 1 Balance 490.000000, Transfer 19.000000 to Acc 7
User 4, Acc 2 Balance 1372.000000, Transfer 23.000000 to Acc 7
User 4, Acc 6 Balance 1975.000000, Transfer 1167.000000 to Acc 5
User 4, Acc 4 Balance 67.000000, Transfer 53.000000 to Acc 5
User 4, Acc 7 Balance 3467.000000, Withdraw 1593.000000 
User 4, Acc 8 Balance 3398.000000, Withdraw 449.000000 
User 4, Acc 9 Balance 21365.000000, Withdraw 163.000000 
User 4, Acc 9 Balance 21202.000000, Deposit 617.000000 
User 4, Acc 9 Balance 21819.000000, Transfer 617.000000 to Acc 1
User 4, Acc 8 Balance 2949.000000, Deposit 619.000000 
User 4, Acc 8 Balance 3568.000000, Transfer 619.000000 to Acc 2
User 4, Acc 7 Balance 1874.000000, Deposit 631.000000 
User 4, Acc 7 Balance 2505.000000, Transfer 631.000000 to Acc 3
User 4, Acc 6 Balance 808.000000, Deposit 641.000000 
User 4, Acc 6 Balance 1449.000000, Transfer 641.000000 to Acc 4
User 2, Acc 7 Balance 2605.000000, Transfer 31.000000 to Acc 6
User 4, Acc 5 Balance 5133.000000, Deposit 643.000000 
User 2, Acc 7 Balance 1843.000000, Transfer 137.000000 to Acc 5
User 4, Acc 5 Balance 5776.000000, Transfer 1200.000000 to Acc 6
User 5, Acc 0 Balance 923.000000, Deposit 400.000000 
User 4, Acc 4 Balance 655.000000, Deposit 647.000000 
User 1, Acc 2 Balance 1356.000000, Withdraw 50.000000 
User 1, Acc 3 Balance 1386.000000, Withdraw 50.000000 
User 2, Acc 7 Balance 1706.000000, Transfer 3.000000 to Acc 4
User 1, Acc 4 Balance 1302.000000, Withdraw 50.000000 
User 1, Acc 5 Balance 4713.000000, Withdraw 50.000000 
User 2, Acc 7 Balance 1703.000000, Transfer 5.000000 to Acc 4
User 1, Acc 6 Balance 2039.000000, Withdraw 50.000000 
User 5, Acc 0 Balance 803.000000, Withdraw 200.000000 
User 1, Acc 7 Balance 1698.000000, Withdraw 50.000000 
User 5, Acc 1 Balance 1088.000000, Deposit 100.000000 
User 1, Acc 8 Balance 2949.000000, Withdraw 50.000000 
User 1, Acc 9 Balance 21202.000000, Withdraw 50.000000 
User 1, Acc 0 Balance 603.000000, Withdraw 50.000000 
User 1, Acc 9 Balance 21152.000000, Deposit 617.000000 
User 1, Acc 9 Balance 21769.000000, Transfer 617.000000 to Acc 1
User 1, Acc 8 Balance 2899.000000, Deposit 619.000000 
User 1, Acc 8 Balance 3518.000000, Transfer 619.000000 to Acc 2
User 4, Acc 4 Balance 1302.000000, Transfer 1200.000000 to Acc 7
User 4, Acc 3 Balance 1336.000000, Deposit 653.000000 
User 4, Acc 3 Balance 1989.000000, Transfer 1200.000000 to Acc 8
User 4, Acc 2 Balance 2537.000000, Deposit 659.000000 
User 4, Acc 2 Balance 3196.000000, Transfer 1200.000000 to Acc 9
User 4, Acc 1 Balance 1805.000000, Deposit 661.000000 
User 2, Acc 3 Balance 1336.000000, Deposit 929.000000 
User 4, Acc 1 Balance 2466.000000, Transfer 1200.000000 to Acc 9
User 0, Acc 8 Balance 2109.000000, Withdraw 449.000000 
User 4, Acc 0 Balance 553.000000, Deposit 673.000000 
User 0, Acc 9 Balance 23552.000000, Withdraw 163.000000 
User 0, Acc 9 Balance 23389.000000, Deposit 617.000000 
User 2, Acc 4 Balance 60.000000, Deposit 937.000000 
User 0, Acc 9 Balance 24006.000000, Transfer 617.000000 to Acc 1
User 5, Acc 2 Balance 1918.000000, Deposit 900.000000 
User 0, Acc 8 Balance 3650.000000, Deposit 619.000000 
User 0, Acc 8 Balance 4269.000000, Transfer 619.000000 to Acc 2
User 1, Acc 7 Balance 1648.000000, Deposit 631.000000 
User 3, Acc 5 Balance 4699.000000, Transfer 1200.000000 to Acc 6
User 2, Acc 5 Balance 4663.000000, Deposit 941.000000 
User 3, Acc 4 Balance 997.000000, Deposit 647.000000 
User 3, Acc 4 Balance 1644.000000, Transfer 1200.000000 to Acc 7
User 3, Acc 3 Balance 1718.000000, Deposit 653.000000 
User 0, Acc 7 Balance 2848.000000, Deposit 631.000000 
User 3, Acc 3 Balance 2371.000000, Transfer 1200.000000 to Acc 8
User 3, Acc 2 Balance 3515.000000, Deposit 659.000000 
User 2, Acc 4 Balance 1644.000000, Withdraw 1167.000000 
User 2, Acc 5 Balance 4404.000000, Withdraw 1307.000000 
User 2, Acc 1 Balance 1883.000000, Transfer 89.000000 to Acc 8
User 0, Acc 7 Balance 5310.000000, Transfer 631.000000 to Acc 3
User 2, Acc 1 Balance 1794.000000, Transfer 163.000000 to Acc 9
User 0, Acc 6 Balance 3189.000000, Deposit 641.000000 
User 4, Acc 0 Balance 1226.000000, Transfer 1200.000000 to Acc 9
User 4, Acc 0 Balance 26.000000, Deposit 400.000000 
User 4, Acc 0 Balance 426.000000, Withdraw 200.000000 
User 4, Acc 1 Balance 1631.000000, Deposit 100.000000 
User 4, Acc 2 Balance 4174.000000, Deposit 900.000000 
User 4, Acc 1 Balance 1731.000000, Withdraw 50.000000 
User 4, Acc 2 Balance 5074.000000, Withdraw 150.000000 
User 4, Acc 3 Balance 1802.000000, Deposit 500.000000 
User 4, Acc 2 Balance 4924.000000, Transfer 300.000000 to Acc 1
User 4, Acc 3 Balance 2302.000000, Transfer 300.000000 to Acc 1
User 4, Acc 0 Balance 226.000000, Deposit 400.000000 
User 4, Acc 3 Balance 2002.000000, Withdraw 200.000000 
Balance in 1: 2281.000000
User 5, Acc 1 Balance 1883.000000, Withdraw 50.000000 
User 5, Acc 2 Balance 4624.000000, Withdraw 150.000000 
User 2, Acc 1 Balance 1631.000000, Withdraw 41.000000 
User 0, Acc 6 Balance 3830.000000, Transfer 641.000000 to Acc 4
User 1, Acc 7 Balance 3479.000000, Transfer 631.000000 to Acc 3
User 3, Acc 2 Balance 4174.000000, Transfer 1200.000000 to Acc 9
User 1, Acc 6 Balance 3189.000000, Deposit 641.000000 
User 3, Acc 1 Balance 2190.000000, Deposit 661.000000 
User 5, Acc 3 Balance 1802.000000, Deposit 500.000000 
User 2, Acc 2 Balance 4474.000000, Withdraw 71.000000 
User 5, Acc 2 Balance 3274.000000, Transfer 300.000000 to Acc 1
User 4, Acc 1 Balance 2281.000000, Withdraw 500.000000 
User 3, Acc 1 Balance 2851.000000, Transfer 1200.000000 to Acc 9
User 4, Acc 2 Balance 2903.000000, Withdraw 500.000000 
User 2, Acc 3 Balance 2933.000000, Withdraw 1127.000000 
User 4, Acc 3 Balance 2933.000000, Withdraw 500.000000 
User 1, Acc 6 Balance 3830.000000, Transfer 641.000000 to Acc 4
[22;32mUser 4, Acc 4 Balance -82.000000, 				Withdraw 500.000000 --insufficient funds[0m
User 3, Acc 0 Balance 626.000000, Deposit 673.000000 
User 4, Acc 5 Balance 3097.000000, Withdraw 500.000000 
User 3, Acc 0 Balance 1299.000000, Transfer 1200.000000 to Acc 9
User 3, Acc 1 Balance 1451.000000, Withdraw 50.000000 
User 4, Acc 6 Balance 3189.000000, Withdraw 500.000000 
User 1, Acc 5 Balance 3097.000000, Deposit 643.000000 
User 4, Acc 7 Balance 4048.000000, Withdraw 500.000000 
User 1, Acc 5 Balance 3240.000000, Transfer 1200.000000 to Acc 6
User 4, Acc 8 Balance 4939.000000, Withdraw 500.000000 
User 3, Acc 2 Balance 2403.000000, Withdraw 50.000000 
User 0, Acc 5 Balance 3097.000000, Deposit 643.000000 
User 5, Acc 3 Balance 2933.000000, Transfer 300.000000 to Acc 1
User 1, Acc 4 Balance 559.000000, Deposit 647.000000 
User 5, Acc 0 Balance 99.000000, Deposit 400.000000 
User 4, Acc 9 Balance 28352.000000, Withdraw 500.000000 
User 2, Acc 6 Balance 3830.000000, Withdraw 647.000000 
[22;32mUser 4, Acc 0 Balance 499.000000, 				Withdraw 500.000000 --insufficient funds[0m
User 2, Acc 6 Balance 3242.000000, Deposit 953.000000 
User 1, Acc 4 Balance 1206.000000, Transfer 1200.000000 to Acc 7
User 2, Acc 7 Balance 3548.000000, Deposit 967.000000 
User 0, Acc 5 Balance 2683.000000, Transfer 1200.000000 to Acc 6
User 4, Acc 1 Balance 1701.000000, Withdraw 500.000000 
User 4, Acc 2 Balance 2353.000000, Withdraw 500.000000 
User 4, Acc 3 Balance 1006.000000, Withdraw 500.000000 
[22;32mUser 4, Acc 4 Balance 6.000000, 				Withdraw 500.000000 --insufficient funds[0m
User 4, Acc 5 Balance 1483.000000, Withdraw 500.000000 
User 4, Acc 6 Balance 5395.000000, Withdraw 500.000000 
User 4, Acc 7 Balance 5715.000000, Withdraw 500.000000 
User 4, Acc 8 Balance 4439.000000, Withdraw 500.000000 
User 4, Acc 9 Balance 27852.000000, Withdraw 500.000000 
[22;32mUser 4, Acc 0 Balance 499.000000, 				Withdraw 500.000000 --insufficient funds[0m
User 4, Acc 1 Balance 1201.000000, Withdraw 500.000000 
User 4, Acc 2 Balance 1853.000000, Withdraw 500.000000 
User 4, Acc 3 Balance 506.000000, Withdraw 500.000000 
[22;32mUser 4, Acc 4 Balance 6.000000, 				Withdraw 500.000000 --insufficient funds[0m
User 4, Acc 5 Balance 983.000000, Withdraw 500.000000 
User 4, Acc 6 Balance 4895.000000, Withdraw 500.000000 
User 4, Acc 7 Balance 5215.000000, Withdraw 500.000000 
User 4, Acc 8 Balance 3939.000000, Withdraw 500.000000 
User 4, Acc 9 Balance 27352.000000, Withdraw 500.000000 
[22;32mUser 4, Acc 0 Balance 499.000000, 				Withdraw 500.000000 --insufficient funds[0m
User 3, Acc 3 Balance 1306.000000, Withdraw 50.000000 
[22;32mUser 3, Acc 4 Balance 6.000000, 				Withdraw 50.000000 --insufficient funds[0m
User 3, Acc 5 Balance 483.000000, Withdraw 50.000000 
User 1, Acc 3 Balance 1006.000000, Deposit 653.000000 
User 3, Acc 6 Balance 4395.000000, Withdraw 50.000000 
User 2, Acc 1 Balance 1701.000000, Transfer 19.000000 to Acc 7
User 3, Acc 7 Balance 4715.000000, Withdraw 50.000000 
User 2, Acc 2 Balance 1353.000000, Transfer 23.000000 to Acc 7
User 2, Acc 6 Balance 4345.000000, Transfer 1167.000000 to Acc 5
User 3, Acc 8 Balance 3439.000000, Withdraw 50.000000 
User 5, Acc 3 Balance 1006.000000, Withdraw 200.000000 
User 1, Acc 2 Balance 1353.000000, Deposit 659.000000 
User 4, Acc 9 Balance 26852.000000, Deposit 617.000000 
User 1, Acc 2 Balance 1989.000000, Transfer 1200.000000 to Acc 9
User 4, Acc 9 Balance 27469.000000, Transfer 617.000000 to Acc 1
User 1, Acc 1 Balance 682.000000, Deposit 661.000000 
User 0, Acc 4 Balance 6.000000, Deposit 647.000000 
User 1, Acc 1 Balance 1960.000000, Transfer 1200.000000 to Acc 9
User 0, Acc 3 Balance 409.000000, Deposit 653.000000 
User 4, Acc 8 Balance 3389.000000, Deposit 619.000000 
Balance in 1: 682.000000
User 4, Acc 8 Balance 4008.000000, Transfer 619.000000 to Acc 2
User 2, Acc 7 Balance 4707.000000, Withdraw 1593.000000 
User 3, Acc 9 Balance 26852.000000, Withdraw 50.000000 
User 2, Acc 8 Balance 3389.000000, Withdraw 449.000000 
User 0, Acc 2 Balance 789.000000, Deposit 659.000000 
User 5, Acc 0 Balance 499.000000, Deposit 100.000000 
User 0, Acc 2 Balance 2067.000000, Transfer 1200.000000 to Acc 9
User 5, Acc 0 Balance 599.000000, Deposit 200.000000 
User 0, Acc 1 Balance 760.000000, Deposit 661.000000 
User 5, Acc 0 Balance 799.000000, Deposit 300.000000 
User 4, Acc 7 Balance 4707.000000, Deposit 631.000000 
User 1, Acc 0 Balance 499.000000, Deposit 673.000000 
User 4, Acc 7 Balance 3745.000000, Transfer 631.000000 to Acc 3
User 1, Acc 0 Balance 1772.000000, Transfer 1200.000000 to Acc 9
User 4, Acc 6 Balance 3178.000000, Deposit 641.000000 
User 4, Acc 6 Balance 3819.000000, Transfer 641.000000 to Acc 4
User 4, Acc 5 Balance 1600.000000, Deposit 643.000000 
User 4, Acc 5 Balance 2243.000000, Transfer 1200.000000 to Acc 6
User 4, Acc 4 Balance 1294.000000, Deposit 647.000000 
User 4, Acc 4 Balance 1941.000000, Transfer 1200.000000 to Acc 7
User 4, Acc 3 Balance 1693.000000, Deposit 653.000000 
User 4, Acc 3 Balance 2346.000000, Transfer 1200.000000 to Acc 8
User 1, Acc 1 Balance 1421.000000, Withdraw 500.000000 
User 4, Acc 2 Balance 867.000000, Deposit 659.000000 
User 4, Acc 2 Balance 1526.000000, Transfer 1200.000000 to Acc 9
User 4, Acc 1 Balance 921.000000, Deposit 661.000000 
User 3, Acc 0 Balance 499.000000, Withdraw 50.000000 
User 4, Acc 1 Balance 1582.000000, Transfer 1200.000000 to Acc 9
User 3, Acc 1 Balance 1582.000000, Withdraw 500.000000 
User 1, Acc 2 Balance 1526.000000, Withdraw 500.000000 
User 1, Acc 3 Balance 1146.000000, Withdraw 500.000000 
User 1, Acc 4 Balance 741.000000, Withdraw 500.000000 
User 1, Acc 5 Balance 1043.000000, Withdraw 500.000000 
User 0, Acc 1 Balance 1421.000000, Transfer 1200.000000 to Acc 9
[22;32mUser 3, Acc 2 Balance 326.000000, 				Withdraw 500.000000 --insufficient funds[0m
User 0, Acc 0 Balance 522.000000, Deposit 673.000000 
User 3, Acc 3 Balance 646.000000, Withdraw 500.000000 
User 5, Acc 0 Balance 1099.000000, Withdraw 200.000000 
User 1, Acc 6 Balance 4378.000000, Withdraw 500.000000 
User 1, Acc 7 Balance 4314.000000, Withdraw 500.000000 
User 1, Acc 8 Balance 4140.000000, Withdraw 500.000000 
[22;32mUser 0, Acc 1 Balance -1318.000000, 				Withdraw 500.000000 --insufficient funds[0m
User 4, Acc 0 Balance 522.000000, Deposit 673.000000 
User 5, Acc 0 Balance 995.000000, Withdraw 100.000000 
User 4, Acc 0 Balance 1668.000000, Transfer 1200.000000 to Acc 9
User 5, Acc 0 Balance 1568.000000, Withdraw 50.000000 
Balance in 0: 1518.000000
User 1, Acc 9 Balance 35202.000000, Withdraw 500.000000 
[22;32mUser 0, Acc 2 Balance -174.000000, 				Withdraw 500.000000 --insufficient funds[0m
[22;32mUser 1, Acc 0 Balance 318.000000, 				Withdraw 500.000000 --insufficient funds[0m
User 5, Acc 0 Balance 318.000000, Deposit 100.000000 
User 4, Acc 0 Balance 318.000000, Deposit 100.000000 
[22;32mUser 0, Acc 3 Balance 146.000000, 				Withdraw 500.000000 --insufficient funds[0m
[22;32mUser 1, Acc 1 Balance -1318.000000, 				Withdraw 500.000000 --insufficient funds[0m
User 5, Acc 0 Balance 418.000000, Deposit 200.000000 
User 4, Acc 0 Balance 518.000000, Deposit 200.000000 
User 2, Acc 9 Balance 29202.000000, Withdraw 163.000000 
[22;32mUser 0, Acc 4 Balance 241.000000, 				Withdraw 500.000000 --insufficient funds[0m
User 2, Acc 0 Balance 918.000000, Deposit 100.000000 
User 5, Acc 0 Balance 718.000000, Deposit 300.000000 
User 4, Acc 0 Balance 918.000000, Deposit 300.000000 
User 5, Acc 0 Balance 1318.000000, Withdraw 200.000000 
[22;32mUser 1, Acc 2 Balance -174.000000, 				Withdraw 500.000000 --insufficient funds[0m
User 5, Acc 0 Balance 1418.000000, Withdraw 100.000000 
[22;32mUser 1, Acc 3 Balance 146.000000, 				Withdraw 500.000000 --insufficient funds[0m
User 0, Acc 5 Balance 543.000000, Withdraw 500.000000 
[22;32mUser 1, Acc 4 Balance 241.000000, 				Withdraw 500.000000 --insufficient funds[0m
User 4, Acc 0 Balance 1618.000000, Withdraw 200.000000 
User 5, Acc 0 Balance 1318.000000, Withdraw 50.000000 
User 4, Acc 0 Balance 1118.000000, Withdraw 100.000000 
User 2, Acc 0 Balance 1018.000000, Deposit 200.000000 
User 4, Acc 0 Balance 968.000000, Withdraw 50.000000 
User 2, Acc 0 Balance 1168.000000, Deposit 300.000000 
Balance in 0: 1118.000000
User 0, Acc 6 Balance 3878.000000, Withdraw 500.000000 
[22;32mUser 1, Acc 5 Balance 43.000000, 				Withdraw 500.000000 --insufficient funds[0m
User 0, Acc 7 Balance 3814.000000, Withdraw 500.000000 
User 1, Acc 6 Balance 3378.000000, Withdraw 500.000000 
User 1, Acc 7 Balance 3814.000000, Withdraw 500.000000 
User 2, Acc 0 Balance 1418.000000, Withdraw 200.000000 
User 1, Acc 8 Balance 3640.000000, Withdraw 500.000000 
User 1, Acc 9 Balance 35739.000000, Withdraw 500.000000 
User 0, Acc 8 Balance 3640.000000, Withdraw 500.000000 
User 1, Acc 0 Balance 1218.000000, Withdraw 500.000000 
[22;32mUser 1, Acc 1 Balance -1318.000000, 				Withdraw 500.000000 --insufficient funds[0m
User 2, Acc 0 Balance 1218.000000, Withdraw 100.000000 
[22;32mUser 1, Acc 2 Balance -174.000000, 				Withdraw 500.000000 --insufficient funds[0m
[22;32mUser 1, Acc 3 Balance 146.000000, 				Withdraw 500.000000 --insufficient funds[0m
[22;32mUser 4, Acc 1 Balance -1318.000000, 				Withdraw 500.000000 --insufficient funds[0m
[22;32mUser 4, Acc 2 Balance -174.000000, 				Withdraw 500.000000 --insufficient funds[0m
[22;32mUser 4, Acc 3 Balance 146.000000, 				Withdraw 500.000000 --insufficient funds[0m
[22;32mUser 4, Acc 4 Balance 241.000000, 				Withdraw 500.000000 --insufficient funds[0m
[22;32mUser 4, Acc 5 Balance 43.000000, 				Withdraw 500.000000 --insufficient funds[0m
User 4, Acc 6 Balance 2878.000000, Withdraw 500.000000 
User 4, Acc 7 Balance 2814.000000, Withdraw 500.000000 
User 4, Acc 8 Balance 2640.000000, Withdraw 500.000000 
User 4, Acc 9 Balance 35239.000000, Withdraw 500.000000 
User 0, Acc 9 Balance 35239.000000, Withdraw 500.000000 
User 4, Acc 0 Balance 618.000000, Withdraw 500.000000 
User 2, Acc 0 Balance 618.000000, Withdraw 50.000000 
[22;32mUser 4, Acc 1 Balance -1318.000000, 				Withdraw 500.000000 --insufficient funds[0m
[22;32mUser 4, Acc 2 Balance -174.000000, 				Withdraw 500.000000 --insufficient funds[0m
[22;32mUser 4, Acc 3 Balance 146.000000, 				Withdraw 500.000000 --insufficient funds[0m
[22;32mUser 4, Acc 4 Balance 241.000000, 				Withdraw 500.000000 --insufficient funds[0m
[22;32mUser 4, Acc 5 Balance 43.000000, 				Withdraw 500.000000 --insufficient funds[0m
User 4, Acc 6 Balance 2378.000000, Withdraw 500.000000 
User 4, Acc 7 Balance 2314.000000, Withdraw 500.000000 
User 4, Acc 8 Balance 2140.000000, Withdraw 500.000000 
User 4, Acc 9 Balance 34239.000000, Withdraw 500.000000 
[22;32mUser 4, Acc 0 Balance 68.000000, 				Withdraw 500.000000 --insufficient funds[0m
[22;32mUser 4, Acc 1 Balance -1318.000000, 				Withdraw 500.000000 --insufficient funds[0m
[22;32mUser 4, Acc 2 Balance -174.000000, 				Withdraw 500.000000 --insufficient funds[0m
[22;32mUser 4, Acc 3 Balance 146.000000, 				Withdraw 500.000000 --insufficient funds[0m
User 0, Acc 0 Balance 618.000000, Withdraw 500.000000 
[22;32mUser 4, Acc 4 Balance 241.000000, 				Withdraw 500.000000 --insufficient funds[0m
[22;32mUser 0, Acc 1 Balance -1318.000000, 				Withdraw 500.000000 --insufficient funds[0m
[22;32mUser 1, Acc 4 Balance 241.000000, 				Withdraw 500.000000 --insufficient funds[0m
[22;32mUser 0, Acc 2 Balance -174.000000, 				Withdraw 500.000000 --insufficient funds[0m
[22;32mUser 0, Acc 3 Balance 146.000000, 				Withdraw 500.000000 --insufficient funds[0m
Balance in 0: 1068.000000
[22;32mUser 0, Acc 4 Balance 241.000000, 				Withdraw 500.000000 --insufficient funds[0m
[22;32mUser 4, Acc 5 Balance 43.000000, 				Withdraw 500.000000 --insufficient funds[0m
[22;32mUser 3, Acc 4 Balance 241.000000, 				Withdraw 500.000000 --insufficient funds[0m
[22;32mUser 3, Acc 5 Balance 43.000000, 				Withdraw 500.000000 --insufficient funds[0m
User 5, Acc 0 Balance -432.000000, Deposit 100.000000 
Balance in 0: 68.000000
User 5, Acc 0 Balance -332.000000, Deposit 200.000000 
User 4, Acc 6 Balance 1878.000000, Withdraw 500.000000 
[22;32mUser 1, Acc 5 Balance 43.000000, 				Withdraw 500.000000 --insufficient funds[0m
User 4, Acc 7 Balance 1814.000000, Withdraw 500.000000 
[22;32mUser 0, Acc 5 Balance 43.000000, 				Withdraw 500.000000 --insufficient funds[0m
User 4, Acc 8 Balance 1640.000000, Withdraw 500.000000 
User 0, Acc 6 Balance 1378.000000, Withdraw 500.000000 
User 3, Acc 6 Balance 1878.000000, Withdraw 500.000000 
User 1, Acc 6 Balance 1378.000000, Withdraw 500.000000 
User 3, Acc 7 Balance 1314.000000, Withdraw 500.000000 
User 0, Acc 7 Balance 1314.000000, Withdraw 500.000000 
User 5, Acc 0 Balance -132.000000, Deposit 300.000000 
User 4, Acc 9 Balance 33739.000000, Withdraw 500.000000 
[22;32mUser 5, Acc 0 Balance 168.000000, 				Withdraw 200.000000 --insufficient funds[0m
[22;32mUser 4, Acc 0 Balance 168.000000, 				Withdraw 500.000000 --insufficient funds[0m
User 5, Acc 0 Balance 168.000000, Withdraw 100.000000 
User 1, Acc 7 Balance 1314.000000, Withdraw 500.000000 
User 3, Acc 8 Balance 1140.000000, Withdraw 500.000000 
User 0, Acc 8 Balance 1140.000000, Withdraw 500.000000 
User 5, Acc 0 Balance 68.000000, Withdraw 50.000000 
User 1, Acc 8 Balance 1140.000000, Withdraw 500.000000 
Balance in 0: 18.000000
User 3, Acc 9 Balance 33239.000000, Withdraw 500.000000 
[22;32mUser 3, Acc 0 Balance 18.000000, 				Withdraw 500.000000 --insufficient funds[0m
User 0, Acc 9 Balance 33239.000000, Withdraw 500.000000 
[22;32mUser 3, Acc 1 Balance -1318.000000, 				Withdraw 500.000000 --insufficient funds[0m
User 1, Acc 9 Balance 33239.000000, Withdraw 500.000000 
[22;32mUser 1, Acc 0 Balance 18.000000, 				Withdraw 500.000000 --insufficient funds[0m
[22;32mUser 3, Acc 2 Balance -174.000000, 				Withdraw 500.000000 --insufficient funds[0m
[22;32mUser 3, Acc 3 Balance 146.000000, 				Withdraw 500.000000 --insufficient funds[0m
[22;32mUser 3, Acc 4 Balance 241.000000, 				Withdraw 500.000000 --insufficient funds[0m
[22;32mUser 3, Acc 5 Balance 43.000000, 				Withdraw 500.000000 --insufficient funds[0m
[22;32mUser 3, Acc 6 Balance -122.000000, 				Withdraw 500.000000 --insufficient funds[0m
[22;32mUser 3, Acc 7 Balance -186.000000, 				Withdraw 500.000000 --insufficient funds[0m
[22;32mUser 3, Acc 8 Balance -360.000000, 				Withdraw 500.000000 --insufficient funds[0m
User 3, Acc 9 Balance 31739.000000, Withdraw 500.000000 
[22;32mUser 3, Acc 0 Balance 18.000000, 				Withdraw 500.000000 --insufficient funds[0m
[22;32mUser 3, Acc 1 Balance -1318.000000, 				Withdraw 500.000000 --insufficient funds[0m
[22;32mUser 3, Acc 2 Balance -174.000000, 				Withdraw 500.000000 --insufficient funds[0m
[22;32mUser 3, Acc 3 Balance 146.000000, 				Withdraw 500.000000 --insufficient funds[0m
[22;32mUser 3, Acc 4 Balance 241.000000, 				Withdraw 500.000000 --insufficient funds[0m
[22;32mUser 3, Acc 5 Balance 43.000000, 				Withdraw 500.000000 --insufficient funds[0m
[22;32mUser 3, Acc 6 Balance -122.000000, 				Withdraw 500.000000 --insufficient funds[0m
[22;32mUser 3, Acc 7 Balance -186.000000, 				Withdraw 500.000000 --insufficient funds[0m
[22;32mUser 3, Acc 8 Balance -360.000000, 				Withdraw 500.000000 --insufficient funds[0m
User 3, Acc 9 Balance 31239.000000, Withdraw 500.000000 
[22;32mUser 3, Acc 0 Balance 18.000000, 				Withdraw 500.000000 --insufficient funds[0m
[22;32mUser 0, Acc 0 Balance 18.000000, 				Withdraw 500.000000 --insufficient funds[0m
[22;32mUser 0, Acc 1 Balance -1318.000000, 				Withdraw 500.000000 --insufficient funds[0m
[22;32mUser 0, Acc 2 Balance -174.000000, 				Withdraw 500.000000 --insufficient funds[0m
[22;32mUser 0, Acc 3 Balance 146.000000, 				Withdraw 500.000000 --insufficient funds[0m
[22;32mUser 0, Acc 4 Balance 241.000000, 				Withdraw 500.000000 --insufficient funds[0m
[22;32mUser 0, Acc 5 Balance 43.000000, 				Withdraw 500.000000 --insufficient funds[0m
[22;32mUser 0, Acc 6 Balance -122.000000, 				Withdraw 500.000000 --insufficient funds[0m
[22;32mUser 0, Acc 7 Balance -186.000000, 				Withdraw 500.000000 --insufficient funds[0m
[22;32mUser 0, Acc 8 Balance -360.000000, 				Withdraw 500.000000 --insufficient funds[0m
User 0, Acc 9 Balance 30739.000000, Withdraw 500.000000 
[22;32mUser 0, Acc 0 Balance 18.000000, 				Withdraw 500.000000 --insufficient funds[0m
  ***     End of transaction batch    ***  
Account 0 balance after completion of transaction batch: 18.000000
Account 1 balance after completion of transaction batch: -1318.000000
Account 2 balance after completion of transaction batch: -174.000000
Account 3 balance after completion of transaction batch: 146.000000
Account 4 balance after completion of transaction batch: 241.000000
Account 5 balance after completion of transaction batch: 43.000000
Account 6 balance after completion of transaction batch: -122.000000
Account 7 balance after completion of transaction batch: -186.000000
Account 8 balance after completion of transaction batch: -360.000000
Account 9 balance after completion of transaction batch: 30239.000000
