# Output generated by:
# ./my_executable 6 data/transactions11.txt data/transactions6.txt data/transactions9.txt data/transactions8.txt data/transactions2.txt data/transactions4.txt

********************************************
   Reading and parsing a transaction file   
********************************************
Parsed transaction: deposit 9 617.000000 
Loaded deposit transaction
Parsed transaction: transfer 9 9 617.000000 
Loaded transfer transaction
Parsed transaction: deposit 8 619.000000 
Loaded deposit transaction
Parsed transaction: transfer 8 2 619.000000 
Loaded transfer transaction
Parsed transaction: deposit 7 631.000000 
Loaded deposit transaction
Parsed transaction: transfer 7 3 631.000000 
Loaded transfer transaction
Parsed transaction: deposit 6 641.000000 
Loaded deposit transaction
Parsed transaction: transfer 6 4 641.000000 
Loaded transfer transaction
Parsed transaction: deposit 5 643.000000 
Loaded deposit transaction
Parsed transaction: transfer 5 6 1200.000000 
Loaded transfer transaction
Parsed transaction: deposit 4 647.000000 
Loaded deposit transaction
Parsed transaction: transfer 4 7 1200.000000 
Loaded transfer transaction
Parsed transaction: deposit 3 653.000000 
Loaded deposit transaction
Parsed transaction: transfer 3 8 1200.000000 
Loaded transfer transaction
Parsed transaction: deposit 2 659.000000 
Loaded deposit transaction
Parsed transaction: transfer 2 9 1200.000000 
Loaded transfer transaction
Parsed transaction: deposit 1 661.000000 
Loaded deposit transaction
Parsed transaction: transfer 1 9 1200.000000 
Loaded transfer transaction
Parsed transaction: deposit 0 673.000000 
Loaded deposit transaction
Parsed transaction: transfer 0 9 1200.000000 
Loaded transfer transaction
Parsed transaction: withdraw 1 50.000000 
Loaded withdrawal transaction
Parsed transaction: withdraw 2 50.000000 
Loaded withdrawal transaction
Parsed transaction: withdraw 3 50.000000 
Loaded withdrawal transaction
Parsed transaction: withdraw 4 50.000000 
Loaded withdrawal transaction
Parsed transaction: withdraw 5 50.000000 
Loaded withdrawal transaction
Parsed transaction: withdraw 6 50.000000 
Loaded withdrawal transaction
Parsed transaction: withdraw 7 50.000000 
Loaded withdrawal transaction
Parsed transaction: withdraw 8 50.000000 
Loaded withdrawal transaction
Parsed transaction: withdraw 9 50.000000 
Loaded withdrawal transaction
Parsed transaction: withdraw 0 50.000000 
Loaded withdrawal transaction
********************************************
********************************************
   Reading and parsing a transaction file   
********************************************
Parsed transaction: deposit 0 7.000000 
Loaded deposit transaction
Parsed transaction: deposit 1 11.000000 
Loaded deposit transaction
Parsed transaction: deposit 2 9.000000 
Loaded deposit transaction
Parsed transaction: transfer 3 7 29.000000 
Loaded transfer transaction
Parsed transaction: transfer 7 6 31.000000 
Loaded transfer transaction
Parsed transaction: transfer 7 5 137.000000 
Loaded transfer transaction
Parsed transaction: transfer 7 4 3.000000 
Loaded transfer transaction
Parsed transaction: transfer 7 4 5.000000 
Loaded transfer transaction
Parsed transaction: deposit 3 929.000000 
Loaded deposit transaction
Parsed transaction: deposit 4 937.000000 
Loaded deposit transaction
Parsed transaction: deposit 5 941.000000 
Loaded deposit transaction
Parsed transaction: withdraw 4 1167.000000 
Loaded withdrawal transaction
Parsed transaction: withdraw 5 1307.000000 
Loaded withdrawal transaction
Parsed transaction: transfer 1 8 89.000000 
Loaded transfer transaction
Parsed transaction: transfer 1 9 163.000000 
Loaded transfer transaction
Parsed transaction: withdraw 1 41.000000 
Loaded withdrawal transaction
Parsed transaction: withdraw 2 71.000000 
Loaded withdrawal transaction
Parsed transaction: withdraw 3 1127.000000 
Loaded withdrawal transaction
Parsed transaction: withdraw 6 647.000000 
Loaded withdrawal transaction
Parsed transaction: deposit 6 953.000000 
Loaded deposit transaction
Parsed transaction: deposit 7 967.000000 
Loaded deposit transaction
Parsed transaction: transfer 1 7 19.000000 
Loaded transfer transaction
Parsed transaction: transfer 2 7 23.000000 
Loaded transfer transaction
Parsed transaction: transfer 6 5 1167.000000 
Loaded transfer transaction
Parsed transaction: transfer 4 5 53.000000 
Loaded transfer transaction
Parsed transaction: withdraw 7 1593.000000 
Loaded withdrawal transaction
Parsed transaction: withdraw 8 449.000000 
Loaded withdrawal transaction
Parsed transaction: withdraw 9 163.000000 
Loaded withdrawal transaction
********************************************
********************************************
   Reading and parsing a transaction file   
********************************************
Parsed transaction: deposit 9 617.000000 
Loaded deposit transaction
Parsed transaction: transfer 9 1 617.000000 
Loaded transfer transaction
Parsed transaction: deposit 8 619.000000 
Loaded deposit transaction
Parsed transaction: transfer 8 2 619.000000 
Loaded transfer transaction
Parsed transaction: deposit 7 631.000000 
Loaded deposit transaction
Parsed transaction: transfer 7 3 631.000000 
Loaded transfer transaction
Parsed transaction: deposit 6 641.000000 
Loaded deposit transaction
Parsed transaction: transfer 6 4 641.000000 
Loaded transfer transaction
Parsed transaction: deposit 5 643.000000 
Loaded deposit transaction
Parsed transaction: transfer 5 6 1200.000000 
Loaded transfer transaction
Parsed transaction: deposit 4 647.000000 
Loaded deposit transaction
Parsed transaction: transfer 4 7 1200.000000 
Loaded transfer transaction
Parsed transaction: deposit 3 653.000000 
Loaded deposit transaction
Parsed transaction: transfer 3 8 1200.000000 
Loaded transfer transaction
Parsed transaction: deposit 2 659.000000 
Loaded deposit transaction
Parsed transaction: transfer 2 9 1200.000000 
Loaded transfer transaction
Parsed transaction: deposit 1 661.000000 
Loaded deposit transaction
Parsed transaction: transfer 1 9 1200.000000 
Loaded transfer transaction
Parsed transaction: deposit 0 673.000000 
Loaded deposit transaction
Parsed transaction: transfer 0 9 1200.000000 
Loaded transfer transaction
Parsed transaction: withdraw 1 50.000000 
Loaded withdrawal transaction
Parsed transaction: withdraw 2 50.000000 
Loaded withdrawal transaction
Parsed transaction: withdraw 3 50.000000 
Loaded withdrawal transaction
Parsed transaction: withdraw 4 50.000000 
Loaded withdrawal transaction
Parsed transaction: withdraw 5 50.000000 
Loaded withdrawal transaction
Parsed transaction: withdraw 6 50.000000 
Loaded withdrawal transaction
Parsed transaction: withdraw 7 50.000000 
Loaded withdrawal transaction
Parsed transaction: withdraw 8 50.000000 
Loaded withdrawal transaction
Parsed transaction: withdraw 9 50.000000 
Loaded withdrawal transaction
Parsed transaction: withdraw 0 50.000000 
Loaded withdrawal transaction
********************************************
********************************************
   Reading and parsing a transaction file   
********************************************
Parsed transaction: deposit 9 617.000000 
Loaded deposit transaction
Parsed transaction: transfer 9 1 617.000000 
Loaded transfer transaction
Parsed transaction: deposit 8 619.000000 
Loaded deposit transaction
Parsed transaction: transfer 8 2 619.000000 
Loaded transfer transaction
Parsed transaction: deposit 7 631.000000 
Loaded deposit transaction
Parsed transaction: transfer 7 3 631.000000 
Loaded transfer transaction
Parsed transaction: deposit 6 641.000000 
Loaded deposit transaction
Parsed transaction: transfer 6 4 641.000000 
Loaded transfer transaction
Parsed transaction: deposit 5 643.000000 
Loaded deposit transaction
Parsed transaction: transfer 5 6 1200.000000 
Loaded transfer transaction
Parsed transaction: deposit 4 647.000000 
Loaded deposit transaction
Parsed transaction: transfer 4 7 1200.000000 
Loaded transfer transaction
Parsed transaction: deposit 3 653.000000 
Loaded deposit transaction
Parsed transaction: transfer 3 8 1200.000000 
Loaded transfer transaction
Parsed transaction: deposit 2 659.000000 
Loaded deposit transaction
Parsed transaction: transfer 2 9 1200.000000 
Loaded transfer transaction
Parsed transaction: deposit 1 661.000000 
Loaded deposit transaction
Parsed transaction: transfer 1 9 1200.000000 
Loaded transfer transaction
Parsed transaction: deposit 0 673.000000 
Loaded deposit transaction
Parsed transaction: transfer 0 9 1200.000000 
Loaded transfer transaction
********************************************
********************************************
   Reading and parsing a transaction file   
********************************************
Parsed transaction: deposit 0 400.000000 
Loaded deposit transaction
Parsed transaction: withdraw 0 200.000000 
Loaded withdrawal transaction
Parsed transaction: deposit 0 100.000000 
Loaded deposit transaction
Parsed transaction: withdraw 0 50.000000 
Loaded withdrawal transaction
Parsed transaction: withdraw 0 150.000000 
Loaded withdrawal transaction
Parsed transaction: deposit 0 300.000000 
Loaded deposit transaction
Parsed transaction: transfer 0 1 300.000000 
Loaded transfer transaction
Parsed transaction: balance 1 
Loaded balance transaction
********************************************
********************************************
   Reading and parsing a transaction file   
********************************************
Parsed transaction: deposit 0 907.000000 
Loaded deposit transaction
Parsed transaction: deposit 1 911.000000 
Loaded deposit transaction
Parsed transaction: deposit 2 919.000000 
Loaded deposit transaction
Parsed transaction: deposit 3 929.000000 
Loaded deposit transaction
Parsed transaction: deposit 4 937.000000 
Loaded deposit transaction
Parsed transaction: deposit 5 941.000000 
Loaded deposit transaction
Parsed transaction: deposit 6 953.000000 
Loaded deposit transaction
Parsed transaction: deposit 7 967.000000 
Loaded deposit transaction
Parsed transaction: transfer 1 7 19.000000 
Loaded transfer transaction
Parsed transaction: transfer 2 7 23.000000 
Loaded transfer transaction
Parsed transaction: transfer 3 7 29.000000 
Loaded transfer transaction
Parsed transaction: transfer 7 6 31.000000 
Loaded transfer transaction
Parsed transaction: transfer 7 5 37.000000 
Loaded transfer transaction
Parsed transaction: transfer 7 4 3.000000 
Loaded transfer transaction
Parsed transaction: transfer 7 4 5.000000 
Loaded transfer transaction
Parsed transaction: transfer 6 5 67.000000 
Loaded transfer transaction
Parsed transaction: transfer 4 5 53.000000 
Loaded transfer transaction
Parsed transaction: transfer 1 8 89.000000 
Loaded transfer transaction
Parsed transaction: transfer 1 9 163.000000 
Loaded transfer transaction
Parsed transaction: withdraw 1 41.000000 
Loaded withdrawal transaction
Parsed transaction: withdraw 2 71.000000 
Loaded withdrawal transaction
Parsed transaction: withdraw 3 127.000000 
Loaded withdrawal transaction
Parsed transaction: withdraw 4 167.000000 
Loaded withdrawal transaction
Parsed transaction: withdraw 5 307.000000 
Loaded withdrawal transaction
Parsed transaction: withdraw 6 647.000000 
Loaded withdrawal transaction
Parsed transaction: withdraw 7 593.000000 
Loaded withdrawal transaction
Parsed transaction: withdraw 8 449.000000 
Loaded withdrawal transaction
Parsed transaction: withdraw 9 163.000000 
Loaded withdrawal transaction
********************************************
  ***    Start of transaction batch    ***  
User 0, Acc 9 Balance 0.000000, Deposit 617.000000 
User 0, Acc 9 Balance 617.000000, Transfer 617.000000 to Acc 9
User 0, Acc 8 Balance 0.000000, Deposit 619.000000 
User 0, Acc 8 Balance 619.000000, Transfer 619.000000 to Acc 2
User 0, Acc 7 Balance 0.000000, Deposit 631.000000 
User 0, Acc 7 Balance 631.000000, Transfer 631.000000 to Acc 3
User 0, Acc 6 Balance 0.000000, Deposit 641.000000 
User 0, Acc 6 Balance 641.000000, Transfer 641.000000 to Acc 4
User 0, Acc 5 Balance 0.000000, Deposit 643.000000 
User 0, Acc 4 Balance 641.000000, Deposit 647.000000 
User 0, Acc 4 Balance 1288.000000, Transfer 1200.000000 to Acc 7
User 0, Acc 3 Balance 631.000000, Deposit 653.000000 
User 0, Acc 3 Balance 1284.000000, Transfer 1200.000000 to Acc 8
User 0, Acc 2 Balance 619.000000, Deposit 659.000000 
User 0, Acc 2 Balance 1278.000000, Transfer 1200.000000 to Acc 9
User 0, Acc 1 Balance 0.000000, Deposit 661.000000 
User 0, Acc 0 Balance 0.000000, Deposit 673.000000 
User 0, Acc 1 Balance 661.000000, Withdraw 50.000000 
User 0, Acc 2 Balance 78.000000, Withdraw 50.000000 
User 0, Acc 3 Balance 84.000000, Withdraw 50.000000 
User 0, Acc 4 Balance 88.000000, Withdraw 50.000000 
User 0, Acc 5 Balance 643.000000, Withdraw 50.000000 
[22;32mUser 0, Acc 6 Balance 0.000000, 				Withdraw 50.000000 --insufficient funds[0m
User 0, Acc 7 Balance 1200.000000, Withdraw 50.000000 
User 0, Acc 8 Balance 1200.000000, Withdraw 50.000000 
User 0, Acc 9 Balance 1817.000000, Withdraw 50.000000 
User 0, Acc 0 Balance 673.000000, Withdraw 50.000000 
User 0, Acc 9 Balance 1767.000000, Deposit 617.000000 
User 4, Acc 0 Balance 623.000000, Deposit 400.000000 
User 0, Acc 9 Balance 2384.000000, Transfer 617.000000 to Acc 1
User 4, Acc 0 Balance 1023.000000, Withdraw 200.000000 
User 0, Acc 8 Balance 1150.000000, Deposit 619.000000 
User 4, Acc 0 Balance 823.000000, Deposit 100.000000 
User 0, Acc 8 Balance 1769.000000, Transfer 619.000000 to Acc 2
User 0, Acc 7 Balance 1150.000000, Deposit 631.000000 
User 0, Acc 7 Balance 1781.000000, Transfer 631.000000 to Acc 3
User 0, Acc 6 Balance 0.000000, Deposit 641.000000 
User 0, Acc 6 Balance 641.000000, Transfer 641.000000 to Acc 4
User 0, Acc 5 Balance 593.000000, Deposit 643.000000 
User 0, Acc 5 Balance 1236.000000, Transfer 1200.000000 to Acc 6
User 0, Acc 4 Balance 679.000000, Deposit 647.000000 
User 0, Acc 4 Balance 1326.000000, Transfer 1200.000000 to Acc 7
User 0, Acc 3 Balance 665.000000, Deposit 653.000000 
User 0, Acc 3 Balance 1318.000000, Transfer 1200.000000 to Acc 8
User 0, Acc 2 Balance 647.000000, Deposit 659.000000 
User 0, Acc 2 Balance 1306.000000, Transfer 1200.000000 to Acc 9
User 0, Acc 1 Balance 1228.000000, Deposit 661.000000 
User 4, Acc 0 Balance 923.000000, Withdraw 50.000000 
User 4, Acc 0 Balance 873.000000, Withdraw 150.000000 
User 4, Acc 0 Balance 723.000000, Deposit 300.000000 
User 4, Acc 0 Balance 1023.000000, Transfer 300.000000 to Acc 1
Balance in 1: 2189.000000
User 4, Acc 9 Balance 2967.000000, Deposit 617.000000 
User 4, Acc 9 Balance 3584.000000, Transfer 617.000000 to Acc 9
User 4, Acc 8 Balance 2350.000000, Deposit 619.000000 
User 4, Acc 8 Balance 2969.000000, Transfer 619.000000 to Acc 2
User 4, Acc 7 Balance 2350.000000, Deposit 631.000000 
User 4, Acc 7 Balance 2981.000000, Transfer 631.000000 to Acc 3
User 4, Acc 6 Balance 1200.000000, Deposit 641.000000 
User 4, Acc 6 Balance 1841.000000, Transfer 641.000000 to Acc 4
User 4, Acc 5 Balance 36.000000, Deposit 643.000000 
User 4, Acc 4 Balance 767.000000, Deposit 647.000000 
User 4, Acc 4 Balance 1414.000000, Transfer 1200.000000 to Acc 7
User 4, Acc 3 Balance 749.000000, Deposit 653.000000 
User 4, Acc 3 Balance 1402.000000, Transfer 1200.000000 to Acc 8
User 0, Acc 1 Balance 1889.000000, Transfer 1200.000000 to Acc 9
User 1, Acc 9 Balance 1767.000000, Deposit 617.000000 
User 1, Acc 9 Balance 5401.000000, Transfer 617.000000 to Acc 9
User 1, Acc 8 Balance 3550.000000, Deposit 619.000000 
User 5, Acc 0 Balance 623.000000, Deposit 907.000000 
User 4, Acc 2 Balance 725.000000, Deposit 659.000000 
User 5, Acc 1 Balance 989.000000, Deposit 911.000000 
User 3, Acc 0 Balance 623.000000, Deposit 7.000000 
User 2, Acc 9 Balance 1767.000000, Deposit 617.000000 
User 1, Acc 8 Balance 4169.000000, Transfer 619.000000 to Acc 2
User 2, Acc 9 Balance 6018.000000, Transfer 617.000000 to Acc 1
User 1, Acc 7 Balance 3550.000000, Deposit 631.000000 
User 2, Acc 8 Balance 3550.000000, Deposit 619.000000 
User 1, Acc 7 Balance 4181.000000, Transfer 631.000000 to Acc 3
User 4, Acc 2 Balance 1384.000000, Transfer 1200.000000 to Acc 9
User 1, Acc 6 Balance 1200.000000, Deposit 641.000000 
User 1, Acc 6 Balance 1841.000000, Transfer 641.000000 to Acc 4
User 4, Acc 1 Balance 2517.000000, Deposit 661.000000 
User 1, Acc 5 Balance 679.000000, Deposit 643.000000 
User 4, Acc 1 Balance 3178.000000, Transfer 1200.000000 to Acc 9
User 3, Acc 1 Balance 1900.000000, Deposit 11.000000 
User 4, Acc 0 Balance 1637.000000, Deposit 673.000000 
User 4, Acc 0 Balance 2310.000000, Transfer 1200.000000 to Acc 9
User 1, Acc 5 Balance 1322.000000, Transfer 1200.000000 to Acc 6
User 0, Acc 0 Balance 723.000000, Deposit 673.000000 
User 0, Acc 0 Balance 1783.000000, Transfer 1200.000000 to Acc 9
User 3, Acc 2 Balance 803.000000, Deposit 9.000000 
User 3, Acc 3 Balance 833.000000, Transfer 29.000000 to Acc 7
User 2, Acc 8 Balance 4169.000000, Transfer 619.000000 to Acc 2
User 4, Acc 1 Balance 1989.000000, Withdraw 50.000000 
User 1, Acc 4 Balance 855.000000, Deposit 647.000000 
User 5, Acc 2 Balance 1384.000000, Deposit 919.000000 
User 0, Acc 1 Balance 1989.000000, Withdraw 50.000000 
User 5, Acc 3 Balance 804.000000, Deposit 929.000000 
User 2, Acc 7 Balance 3579.000000, Deposit 631.000000 
User 4, Acc 2 Balance 1431.000000, Withdraw 50.000000 
User 1, Acc 4 Balance 1502.000000, Transfer 1200.000000 to Acc 7
User 0, Acc 2 Balance 2350.000000, Withdraw 50.000000 
User 3, Acc 7 Balance 3579.000000, Transfer 31.000000 to Acc 6
User 0, Acc 3 Balance 1733.000000, Withdraw 50.000000 
User 5, Acc 4 Balance 1502.000000, Deposit 937.000000 
User 2, Acc 7 Balance 4210.000000, Transfer 631.000000 to Acc 3
User 5, Acc 5 Balance 122.000000, Deposit 941.000000 
User 2, Acc 6 Balance 2431.000000, Deposit 641.000000 
User 5, Acc 6 Balance 2431.000000, Deposit 953.000000 
User 0, Acc 4 Balance 302.000000, Withdraw 50.000000 
User 5, Acc 7 Balance 4748.000000, Deposit 967.000000 
User 0, Acc 5 Balance 1063.000000, Withdraw 50.000000 
User 5, Acc 1 Balance 1889.000000, Transfer 19.000000 to Acc 7
User 4, Acc 3 Balance 1733.000000, Withdraw 50.000000 
User 1, Acc 3 Balance 1733.000000, Deposit 653.000000 
User 3, Acc 7 Balance 5379.000000, Transfer 137.000000 to Acc 5
User 1, Acc 3 Balance 2917.000000, Transfer 1200.000000 to Acc 8
User 3, Acc 7 Balance 5597.000000, Transfer 3.000000 to Acc 4
User 3, Acc 7 Balance 5594.000000, Transfer 5.000000 to Acc 4
User 5, Acc 2 Balance 2250.000000, Transfer 23.000000 to Acc 7
User 4, Acc 4 Balance 1189.000000, Withdraw 50.000000 
User 5, Acc 3 Balance 1717.000000, Transfer 29.000000 to Acc 7
User 5, Acc 7 Balance 5641.000000, Transfer 31.000000 to Acc 6
User 0, Acc 6 Balance 4025.000000, Withdraw 50.000000 
User 1, Acc 2 Balance 2250.000000, Deposit 659.000000 
User 3, Acc 3 Balance 1717.000000, Deposit 929.000000 
User 1, Acc 2 Balance 2886.000000, Transfer 1200.000000 to Acc 9
User 3, Acc 4 Balance 1147.000000, Deposit 937.000000 
User 1, Acc 1 Balance 1870.000000, Deposit 661.000000 
User 3, Acc 5 Balance 1150.000000, Deposit 941.000000 
User 1, Acc 1 Balance 2531.000000, Transfer 1200.000000 to Acc 9
User 2, Acc 6 Balance 3072.000000, Transfer 641.000000 to Acc 4
User 1, Acc 0 Balance 583.000000, Deposit 673.000000 
User 1, Acc 0 Balance 1256.000000, Transfer 1200.000000 to Acc 9
User 1, Acc 1 Balance 1331.000000, Withdraw 50.000000 
User 3, Acc 4 Balance 2084.000000, Withdraw 1167.000000 
User 4, Acc 5 Balance 1150.000000, Withdraw 50.000000 
User 3, Acc 5 Balance 2091.000000, Withdraw 1307.000000 
User 2, Acc 5 Balance 2091.000000, Deposit 643.000000 
User 3, Acc 1 Balance 1281.000000, Transfer 89.000000 to Acc 8
User 1, Acc 2 Balance 1686.000000, Withdraw 50.000000 
User 3, Acc 1 Balance 1192.000000, Transfer 163.000000 to Acc 9
User 5, Acc 7 Balance 5610.000000, Transfer 37.000000 to Acc 5
User 2, Acc 5 Balance 1377.000000, Transfer 1200.000000 to Acc 6
User 5, Acc 7 Balance 5573.000000, Transfer 3.000000 to Acc 4
User 2, Acc 4 Balance 1558.000000, Deposit 647.000000 
User 5, Acc 7 Balance 5570.000000, Transfer 5.000000 to Acc 4
User 3, Acc 1 Balance 1029.000000, Withdraw 41.000000 
User 0, Acc 7 Balance 5610.000000, Withdraw 50.000000 
User 3, Acc 2 Balance 1636.000000, Withdraw 71.000000 
User 3, Acc 3 Balance 2617.000000, Withdraw 1127.000000 
User 1, Acc 3 Balance 2617.000000, Withdraw 50.000000 
User 3, Acc 6 Balance 4565.000000, Withdraw 647.000000 
User 2, Acc 4 Balance 2208.000000, Transfer 1200.000000 to Acc 7
User 3, Acc 6 Balance 3918.000000, Deposit 953.000000 
User 0, Acc 8 Balance 4839.000000, Withdraw 50.000000 
User 0, Acc 9 Balance 13964.000000, Withdraw 50.000000 
User 0, Acc 0 Balance 56.000000, Withdraw 50.000000 
User 2, Acc 3 Balance 1440.000000, Deposit 653.000000 
User 2, Acc 3 Balance 2093.000000, Transfer 1200.000000 to Acc 8
User 2, Acc 2 Balance 1565.000000, Deposit 659.000000 
User 2, Acc 2 Balance 2224.000000, Transfer 1200.000000 to Acc 9
User 2, Acc 1 Balance 988.000000, Deposit 661.000000 
User 2, Acc 1 Balance 1649.000000, Transfer 1200.000000 to Acc 9
User 2, Acc 0 Balance 6.000000, Deposit 673.000000 
User 2, Acc 9 Balance 16314.000000, Deposit 617.000000 
User 2, Acc 9 Balance 16931.000000, Transfer 617.000000 to Acc 1
User 2, Acc 8 Balance 5989.000000, Deposit 619.000000 
User 2, Acc 8 Balance 6608.000000, Transfer 619.000000 to Acc 2
User 2, Acc 7 Balance 6715.000000, Deposit 631.000000 
User 2, Acc 7 Balance 7346.000000, Transfer 631.000000 to Acc 3
User 2, Acc 6 Balance 4871.000000, Deposit 641.000000 
User 2, Acc 6 Balance 5512.000000, Transfer 641.000000 to Acc 4
User 2, Acc 5 Balance 214.000000, Deposit 643.000000 
User 4, Acc 6 Balance 3365.000000, Withdraw 50.000000 
User 2, Acc 4 Balance 1654.000000, Deposit 647.000000 
User 2, Acc 4 Balance 2301.000000, Transfer 1200.000000 to Acc 7
User 1, Acc 4 Balance 2213.000000, Withdraw 50.000000 
User 5, Acc 6 Balance 4565.000000, Transfer 67.000000 to Acc 5
User 0, Acc 0 Balance 6.000000, Deposit 7.000000 
User 5, Acc 4 Balance 1051.000000, Transfer 53.000000 to Acc 5
User 5, Acc 1 Balance 1066.000000, Transfer 89.000000 to Acc 8
User 3, Acc 7 Balance 6715.000000, Deposit 967.000000 
User 2, Acc 3 Balance 1524.000000, Deposit 653.000000 
User 3, Acc 1 Balance 977.000000, Transfer 19.000000 to Acc 7
User 2, Acc 3 Balance 2177.000000, Transfer 1200.000000 to Acc 8
User 4, Acc 7 Balance 6715.000000, Withdraw 50.000000 
User 0, Acc 1 Balance 1066.000000, Deposit 11.000000 
User 4, Acc 8 Balance 7278.000000, Withdraw 50.000000 
User 0, Acc 2 Balance 1643.000000, Deposit 9.000000 
User 0, Acc 3 Balance 977.000000, Transfer 29.000000 to Acc 7
User 2, Acc 2 Balance 1643.000000, Deposit 659.000000 
User 0, Acc 7 Balance 8880.000000, Transfer 31.000000 to Acc 6
User 0, Acc 7 Balance 8849.000000, Transfer 137.000000 to Acc 5
User 0, Acc 7 Balance 8712.000000, Transfer 3.000000 to Acc 4
User 3, Acc 2 Balance 1643.000000, Transfer 23.000000 to Acc 7
User 4, Acc 9 Balance 16314.000000, Withdraw 50.000000 
User 3, Acc 6 Balance 4785.000000, Transfer 1167.000000 to Acc 5
User 1, Acc 5 Balance 857.000000, Withdraw 50.000000 
User 3, Acc 4 Balance 1001.000000, Transfer 53.000000 to Acc 5
User 1, Acc 6 Balance 3618.000000, Withdraw 50.000000 
User 3, Acc 7 Balance 8732.000000, Withdraw 1593.000000 
User 1, Acc 7 Balance 8732.000000, Withdraw 50.000000 
User 3, Acc 8 Balance 7228.000000, Withdraw 449.000000 
User 5, Acc 1 Balance 977.000000, Transfer 163.000000 to Acc 9
User 2, Acc 2 Balance 2311.000000, Transfer 1200.000000 to Acc 9
User 5, Acc 1 Balance 806.000000, Withdraw 41.000000 
User 5, Acc 2 Balance 2288.000000, Withdraw 71.000000 
User 2, Acc 1 Balance 765.000000, Deposit 661.000000 
User 0, Acc 7 Balance 8709.000000, Transfer 5.000000 to Acc 4
User 1, Acc 8 Balance 7228.000000, Withdraw 50.000000 
User 3, Acc 9 Balance 16264.000000, Withdraw 163.000000 
User 5, Acc 3 Balance 948.000000, Withdraw 127.000000 
User 3, Acc 0 Balance 686.000000, Deposit 7.000000 
User 0, Acc 3 Balance 948.000000, Deposit 929.000000 
User 3, Acc 1 Balance 1426.000000, Deposit 11.000000 
User 4, Acc 0 Balance 686.000000, Withdraw 50.000000 
User 4, Acc 9 Balance 17464.000000, Deposit 617.000000 
User 4, Acc 9 Balance 18081.000000, Transfer 617.000000 to Acc 9
User 4, Acc 8 Balance 6729.000000, Deposit 619.000000 
User 4, Acc 8 Balance 7348.000000, Transfer 619.000000 to Acc 2
User 4, Acc 7 Balance 7084.000000, Deposit 631.000000 
User 4, Acc 7 Balance 7715.000000, Transfer 631.000000 to Acc 3
User 4, Acc 6 Balance 3568.000000, Deposit 641.000000 
User 0, Acc 4 Balance 953.000000, Deposit 937.000000 
User 4, Acc 6 Balance 4209.000000, Transfer 641.000000 to Acc 4
User 0, Acc 5 Balance 2284.000000, Deposit 941.000000 
User 0, Acc 4 Balance 2531.000000, Withdraw 1167.000000 
User 0, Acc 5 Balance 3225.000000, Withdraw 1307.000000 
User 3, Acc 2 Balance 1017.000000, Deposit 9.000000 
User 1, Acc 9 Balance 17627.000000, Withdraw 50.000000 
User 3, Acc 3 Balance 2381.000000, Transfer 29.000000 to Acc 7
User 4, Acc 5 Balance 2284.000000, Deposit 643.000000 
User 3, Acc 7 Balance 7113.000000, Transfer 31.000000 to Acc 6
User 4, Acc 5 Balance 2561.000000, Transfer 1200.000000 to Acc 6
User 3, Acc 7 Balance 7082.000000, Transfer 137.000000 to Acc 5
User 4, Acc 4 Balance 1364.000000, Deposit 647.000000 
User 3, Acc 7 Balance 6945.000000, Transfer 3.000000 to Acc 4
User 0, Acc 1 Balance 1437.000000, Transfer 89.000000 to Acc 8
User 1, Acc 0 Balance 643.000000, Withdraw 50.000000 
User 0, Acc 1 Balance 1348.000000, Transfer 163.000000 to Acc 9
User 2, Acc 1 Balance 1426.000000, Transfer 1200.000000 to Acc 9
User 4, Acc 4 Balance 2011.000000, Transfer 1200.000000 to Acc 7
User 3, Acc 7 Balance 6942.000000, Transfer 5.000000 to Acc 4
User 3, Acc 3 Balance 2352.000000, Deposit 929.000000 
User 3, Acc 4 Balance 819.000000, Deposit 937.000000 
User 3, Acc 5 Balance 1498.000000, Deposit 941.000000 
User 3, Acc 4 Balance 1756.000000, Withdraw 1167.000000 
User 3, Acc 5 Balance 2439.000000, Withdraw 1307.000000 
[22;32mUser 3, Acc 1 Balance -15.000000, 				Withdraw 41.000000 --insufficient funds[0m
User 3, Acc 2 Balance 1645.000000, Withdraw 71.000000 
User 3, Acc 3 Balance 3281.000000, Withdraw 1127.000000 
User 3, Acc 6 Balance 4799.000000, Withdraw 647.000000 
User 3, Acc 6 Balance 4152.000000, Deposit 953.000000 
User 3, Acc 7 Balance 8137.000000, Deposit 967.000000 
User 3, Acc 2 Balance 1574.000000, Transfer 23.000000 to Acc 7
User 3, Acc 6 Balance 5105.000000, Transfer 1167.000000 to Acc 5
User 3, Acc 4 Balance 589.000000, Transfer 53.000000 to Acc 5
User 3, Acc 7 Balance 9127.000000, Withdraw 1593.000000 
User 3, Acc 8 Balance 6818.000000, Withdraw 449.000000 
User 0, Acc 1 Balance 1185.000000, Withdraw 41.000000 
User 3, Acc 9 Balance 19394.000000, Withdraw 163.000000 
User 0, Acc 2 Balance 1551.000000, Withdraw 71.000000 
User 3, Acc 9 Balance 19231.000000, Deposit 617.000000 
User 1, Acc 9 Balance 18031.000000, Deposit 617.000000 
User 3, Acc 9 Balance 19848.000000, Transfer 617.000000 to Acc 1
User 5, Acc 4 Balance 953.000000, Withdraw 167.000000 
User 3, Acc 8 Balance 6369.000000, Deposit 619.000000 
User 5, Acc 5 Balance 2352.000000, Withdraw 307.000000 
User 5, Acc 6 Balance 3938.000000, Withdraw 647.000000 
User 3, Acc 8 Balance 6988.000000, Transfer 619.000000 to Acc 2
User 5, Acc 7 Balance 7534.000000, Withdraw 593.000000 
User 3, Acc 7 Balance 7534.000000, Deposit 631.000000 
User 5, Acc 8 Balance 6369.000000, Withdraw 449.000000 
User 5, Acc 9 Balance 19848.000000, Withdraw 163.000000 
User 1, Acc 9 Balance 20465.000000, Transfer 617.000000 to Acc 1
User 2, Acc 0 Balance 593.000000, Deposit 673.000000 
User 1, Acc 8 Balance 5920.000000, Deposit 619.000000 
User 0, Acc 3 Balance 2154.000000, Withdraw 1127.000000 
User 3, Acc 7 Balance 7572.000000, Transfer 631.000000 to Acc 3
User 5, Acc 9 Balance 19685.000000, Deposit 617.000000 
User 3, Acc 6 Balance 3291.000000, Deposit 641.000000 
User 4, Acc 3 Balance 2352.000000, Deposit 653.000000 
User 3, Acc 6 Balance 3932.000000, Transfer 641.000000 to Acc 4
User 0, Acc 6 Balance 3291.000000, Withdraw 647.000000 
User 3, Acc 5 Balance 2045.000000, Deposit 643.000000 
User 5, Acc 9 Balance 19685.000000, Transfer 617.000000 to Acc 9
User 3, Acc 5 Balance 2688.000000, Transfer 1200.000000 to Acc 6
User 1, Acc 8 Balance 6539.000000, Transfer 619.000000 to Acc 2
User 2, Acc 0 Balance 1266.000000, Transfer 1200.000000 to Acc 9
User 1, Acc 7 Balance 6941.000000, Deposit 631.000000 
User 1, Acc 7 Balance 7572.000000, Transfer 631.000000 to Acc 3
User 4, Acc 3 Balance 2311.000000, Transfer 1200.000000 to Acc 8
User 5, Acc 8 Balance 6539.000000, Deposit 619.000000 
User 3, Acc 4 Balance 1010.000000, Deposit 647.000000 
User 3, Acc 4 Balance 1657.000000, Transfer 1200.000000 to Acc 7
User 3, Acc 3 Balance 1742.000000, Deposit 653.000000 
User 3, Acc 3 Balance 2395.000000, Transfer 1200.000000 to Acc 8
User 3, Acc 2 Balance 2718.000000, Deposit 659.000000 
User 3, Acc 2 Balance 3377.000000, Transfer 1200.000000 to Acc 9
User 3, Acc 1 Balance 1178.000000, Deposit 661.000000 
User 2, Acc 1 Balance 1178.000000, Withdraw 50.000000 
User 3, Acc 1 Balance 1839.000000, Transfer 1200.000000 to Acc 9
User 1, Acc 6 Balance 3844.000000, Deposit 641.000000 
User 3, Acc 0 Balance 66.000000, Deposit 673.000000 
User 3, Acc 1 Balance 589.000000, Withdraw 50.000000 
User 0, Acc 6 Balance 2644.000000, Deposit 953.000000 
User 3, Acc 2 Balance 2177.000000, Withdraw 50.000000 
User 2, Acc 2 Balance 2177.000000, Withdraw 50.000000 
User 3, Acc 3 Balance 1195.000000, Withdraw 50.000000 
User 2, Acc 3 Balance 1195.000000, Withdraw 50.000000 
User 5, Acc 8 Balance 7739.000000, Transfer 619.000000 to Acc 2
User 0, Acc 7 Balance 8141.000000, Deposit 967.000000 
User 1, Acc 6 Balance 4485.000000, Transfer 641.000000 to Acc 4
User 0, Acc 1 Balance 539.000000, Transfer 19.000000 to Acc 7
User 3, Acc 4 Balance 457.000000, Withdraw 50.000000 
User 4, Acc 2 Balance 2718.000000, Deposit 659.000000 
User 3, Acc 5 Balance 1488.000000, Withdraw 50.000000 
User 1, Acc 5 Balance 1488.000000, Deposit 643.000000 
User 2, Acc 4 Balance 457.000000, Withdraw 50.000000 
User 1, Acc 5 Balance 2081.000000, Transfer 1200.000000 to Acc 6
User 0, Acc 2 Balance 2696.000000, Transfer 23.000000 to Acc 7
User 5, Acc 7 Balance 8141.000000, Deposit 631.000000 
User 4, Acc 2 Balance 3355.000000, Transfer 1200.000000 to Acc 9
User 3, Acc 6 Balance 4797.000000, Withdraw 50.000000 
User 3, Acc 7 Balance 9781.000000, Withdraw 50.000000 
User 3, Acc 8 Balance 8320.000000, Withdraw 50.000000 
User 0, Acc 6 Balance 5997.000000, Transfer 1167.000000 to Acc 5
User 3, Acc 9 Balance 24485.000000, Withdraw 50.000000 
User 4, Acc 1 Balance 520.000000, Deposit 661.000000 
User 3, Acc 0 Balance 739.000000, Withdraw 50.000000 
User 4, Acc 0 Balance 739.000000, Deposit 673.000000 
User 2, Acc 5 Balance 881.000000, Withdraw 50.000000 
User 3, Acc 9 Balance 24435.000000, Deposit 617.000000 
User 2, Acc 6 Balance 4780.000000, Withdraw 50.000000 
User 1, Acc 4 Balance 1048.000000, Deposit 647.000000 
User 4, Acc 0 Balance 1362.000000, Transfer 1200.000000 to Acc 9
User 1, Acc 4 Balance 1645.000000, Transfer 1200.000000 to Acc 7
User 4, Acc 1 Balance 1181.000000, Withdraw 50.000000 
User 4, Acc 2 Balance 2132.000000, Withdraw 50.000000 
User 2, Acc 7 Balance 9731.000000, Withdraw 50.000000 
User 4, Acc 3 Balance 1095.000000, Withdraw 50.000000 
User 2, Acc 8 Balance 8270.000000, Withdraw 50.000000 
User 2, Acc 9 Balance 26252.000000, Withdraw 50.000000 
User 0, Acc 4 Balance 998.000000, Transfer 53.000000 to Acc 5
User 0, Acc 7 Balance 10881.000000, Withdraw 1593.000000 
User 0, Acc 8 Balance 8220.000000, Withdraw 449.000000 
User 0, Acc 9 Balance 26202.000000, Withdraw 163.000000 
User 5, Acc 7 Balance 9781.000000, Transfer 631.000000 to Acc 3
User 5, Acc 6 Balance 4730.000000, Deposit 641.000000 
User 5, Acc 6 Balance 5371.000000, Transfer 641.000000 to Acc 4
User 5, Acc 5 Balance 2051.000000, Deposit 643.000000 
User 5, Acc 5 Balance 2694.000000, Transfer 1200.000000 to Acc 6
User 5, Acc 4 Balance 1033.000000, Deposit 647.000000 
User 1, Acc 3 Balance 1095.000000, Deposit 653.000000 
User 5, Acc 4 Balance 1680.000000, Transfer 1200.000000 to Acc 7
User 3, Acc 9 Balance 25052.000000, Transfer 617.000000 to Acc 9
User 2, Acc 0 Balance 162.000000, Withdraw 50.000000 
User 3, Acc 8 Balance 7771.000000, Deposit 619.000000 
User 3, Acc 8 Balance 8390.000000, Transfer 619.000000 to Acc 2
User 3, Acc 7 Balance 9857.000000, Deposit 631.000000 
User 3, Acc 7 Balance 10488.000000, Transfer 631.000000 to Acc 3
User 3, Acc 6 Balance 5930.000000, Deposit 641.000000 
User 3, Acc 6 Balance 6571.000000, Transfer 641.000000 to Acc 4
User 3, Acc 5 Balance 1494.000000, Deposit 643.000000 
User 0, Acc 9 Balance 26039.000000, Deposit 617.000000 
User 3, Acc 5 Balance 2137.000000, Transfer 1200.000000 to Acc 6
User 3, Acc 4 Balance 1121.000000, Deposit 647.000000 
User 3, Acc 4 Balance 1768.000000, Transfer 1200.000000 to Acc 7
User 3, Acc 3 Balance 2960.000000, Deposit 653.000000 
User 3, Acc 3 Balance 3613.000000, Transfer 1200.000000 to Acc 8
User 3, Acc 2 Balance 2701.000000, Deposit 659.000000 
User 3, Acc 2 Balance 3360.000000, Transfer 1200.000000 to Acc 9
User 3, Acc 1 Balance 1131.000000, Deposit 661.000000 
User 3, Acc 1 Balance 1792.000000, Transfer 1200.000000 to Acc 9
User 3, Acc 0 Balance 112.000000, Deposit 673.000000 
User 3, Acc 1 Balance 592.000000, Withdraw 50.000000 
User 3, Acc 2 Balance 2160.000000, Withdraw 50.000000 
User 3, Acc 3 Balance 2413.000000, Withdraw 50.000000 
User 3, Acc 4 Balance 568.000000, Withdraw 50.000000 
User 3, Acc 5 Balance 937.000000, Withdraw 50.000000 
User 3, Acc 6 Balance 7130.000000, Withdraw 50.000000 
User 3, Acc 7 Balance 11057.000000, Withdraw 50.000000 
User 4, Acc 4 Balance 445.000000, Withdraw 50.000000 
User 3, Acc 8 Balance 8971.000000, Withdraw 50.000000 
User 1, Acc 3 Balance 2329.000000, Transfer 1200.000000 to Acc 8
User 3, Acc 9 Balance 29056.000000, Withdraw 50.000000 
User 1, Acc 2 Balance 2110.000000, Deposit 659.000000 
User 3, Acc 0 Balance 785.000000, Withdraw 50.000000 
User 5, Acc 3 Balance 2329.000000, Deposit 653.000000 
User 3, Acc 0 Balance 735.000000, Deposit 7.000000 
User 5, Acc 3 Balance 1816.000000, Transfer 1200.000000 to Acc 8
User 3, Acc 1 Balance 542.000000, Deposit 11.000000 
User 1, Acc 2 Balance 2769.000000, Transfer 1200.000000 to Acc 9
User 3, Acc 2 Balance 2769.000000, Deposit 9.000000 
User 1, Acc 1 Balance 553.000000, Deposit 661.000000 
User 2, Acc 0 Balance 112.000000, Deposit 7.000000 
User 1, Acc 1 Balance 1214.000000, Transfer 1200.000000 to Acc 9
User 0, Acc 9 Balance 26656.000000, Transfer 617.000000 to Acc 1
User 3, Acc 3 Balance 616.000000, Transfer 29.000000 to Acc 7
User 3, Acc 7 Balance 11036.000000, Transfer 31.000000 to Acc 6
User 3, Acc 7 Balance 11005.000000, Transfer 137.000000 to Acc 5
User 3, Acc 7 Balance 10868.000000, Transfer 3.000000 to Acc 4
User 3, Acc 7 Balance 10865.000000, Transfer 5.000000 to Acc 4
User 3, Acc 3 Balance 587.000000, Deposit 929.000000 
User 3, Acc 4 Balance 476.000000, Deposit 937.000000 
User 3, Acc 5 Balance 1024.000000, Deposit 941.000000 
User 3, Acc 4 Balance 1413.000000, Withdraw 1167.000000 
User 3, Acc 5 Balance 1965.000000, Withdraw 1307.000000 
User 3, Acc 1 Balance 631.000000, Transfer 89.000000 to Acc 8
User 3, Acc 1 Balance 542.000000, Transfer 163.000000 to Acc 9
User 3, Acc 1 Balance 379.000000, Withdraw 41.000000 
User 3, Acc 2 Balance 1578.000000, Withdraw 71.000000 
User 3, Acc 3 Balance 1516.000000, Withdraw 1127.000000 
User 3, Acc 6 Balance 7111.000000, Withdraw 647.000000 
User 3, Acc 6 Balance 6464.000000, Deposit 953.000000 
User 3, Acc 7 Balance 10860.000000, Deposit 967.000000 
User 3, Acc 1 Balance 338.000000, Transfer 19.000000 to Acc 7
User 3, Acc 2 Balance 1507.000000, Transfer 23.000000 to Acc 7
User 3, Acc 6 Balance 7417.000000, Transfer 1167.000000 to Acc 5
User 3, Acc 4 Balance 246.000000, Transfer 53.000000 to Acc 5
User 3, Acc 7 Balance 11869.000000, Withdraw 1593.000000 
User 3, Acc 8 Balance 11410.000000, Withdraw 449.000000 
User 3, Acc 9 Balance 30952.000000, Withdraw 163.000000 
User 3, Acc 0 Balance 749.000000, Deposit 7.000000 
User 3, Acc 1 Balance 319.000000, Deposit 11.000000 
User 3, Acc 2 Balance 1484.000000, Deposit 9.000000 
User 3, Acc 3 Balance 389.000000, Transfer 29.000000 to Acc 7
User 3, Acc 7 Balance 10305.000000, Transfer 31.000000 to Acc 6
User 3, Acc 7 Balance 10274.000000, Transfer 137.000000 to Acc 5
User 3, Acc 7 Balance 10137.000000, Transfer 3.000000 to Acc 4
User 3, Acc 7 Balance 10134.000000, Transfer 5.000000 to Acc 4
User 3, Acc 3 Balance 360.000000, Deposit 929.000000 
User 3, Acc 4 Balance 201.000000, Deposit 937.000000 
User 3, Acc 5 Balance 2015.000000, Deposit 941.000000 
[22;32mUser 3, Acc 4 Balance 1138.000000, 				Withdraw 1167.000000 --insufficient funds[0m
User 3, Acc 5 Balance 2956.000000, Withdraw 1307.000000 
User 3, Acc 1 Balance 330.000000, Transfer 89.000000 to Acc 8
User 3, Acc 1 Balance 241.000000, Transfer 163.000000 to Acc 9
User 3, Acc 1 Balance 78.000000, Withdraw 41.000000 
User 3, Acc 2 Balance 1493.000000, Withdraw 71.000000 
User 3, Acc 3 Balance 1289.000000, Withdraw 1127.000000 
User 3, Acc 6 Balance 6281.000000, Withdraw 647.000000 
User 3, Acc 6 Balance 5634.000000, Deposit 953.000000 
User 2, Acc 1 Balance 1214.000000, Deposit 11.000000 
User 1, Acc 0 Balance 749.000000, Deposit 673.000000 
User 1, Acc 0 Balance 1429.000000, Transfer 1200.000000 to Acc 9
User 0, Acc 8 Balance 11321.000000, Deposit 619.000000 
User 1, Acc 9 Balance 32152.000000, Deposit 617.000000 
User 4, Acc 5 Balance 887.000000, Withdraw 50.000000 
User 1, Acc 9 Balance 32769.000000, Transfer 617.000000 to Acc 1
User 4, Acc 6 Balance 6587.000000, Withdraw 50.000000 
User 1, Acc 8 Balance 11669.000000, Deposit 619.000000 
User 5, Acc 2 Balance 2769.000000, Deposit 659.000000 
User 1, Acc 8 Balance 12288.000000, Transfer 619.000000 to Acc 2
User 2, Acc 2 Balance 1422.000000, Deposit 9.000000 
User 4, Acc 7 Balance 10129.000000, Withdraw 50.000000 
User 2, Acc 3 Balance 162.000000, Transfer 29.000000 to Acc 7
User 0, Acc 8 Balance 11669.000000, Transfer 619.000000 to Acc 2
User 3, Acc 7 Balance 10129.000000, Deposit 967.000000 
User 5, Acc 2 Balance 2709.000000, Transfer 1200.000000 to Acc 9
User 3, Acc 1 Balance 665.000000, Transfer 19.000000 to Acc 7
User 2, Acc 7 Balance 10108.000000, Transfer 31.000000 to Acc 6
User 3, Acc 2 Balance 2128.000000, Transfer 23.000000 to Acc 7
User 0, Acc 7 Balance 10108.000000, Deposit 631.000000 
User 3, Acc 6 Balance 6568.000000, Transfer 1167.000000 to Acc 5
User 0, Acc 7 Balance 11717.000000, Transfer 631.000000 to Acc 3
User 5, Acc 1 Balance 665.000000, Deposit 661.000000 
User 0, Acc 6 Balance 5401.000000, Deposit 641.000000 
User 0, Acc 6 Balance 6042.000000, Transfer 641.000000 to Acc 4
User 1, Acc 7 Balance 10129.000000, Deposit 631.000000 
User 3, Acc 4 Balance 1138.000000, Transfer 53.000000 to Acc 5
User 3, Acc 7 Balance 11717.000000, Withdraw 1593.000000 
User 3, Acc 8 Balance 11050.000000, Withdraw 449.000000 
User 3, Acc 9 Balance 33352.000000, Withdraw 163.000000 
User 3, Acc 0 Balance 229.000000, Deposit 400.000000 
User 3, Acc 0 Balance 629.000000, Withdraw 200.000000 
User 3, Acc 0 Balance 429.000000, Deposit 100.000000 
User 3, Acc 0 Balance 529.000000, Withdraw 50.000000 
User 3, Acc 0 Balance 479.000000, Withdraw 150.000000 
User 3, Acc 0 Balance 329.000000, Deposit 300.000000 
User 3, Acc 0 Balance 629.000000, Transfer 300.000000 to Acc 1
Balance in 1: 1607.000000
User 5, Acc 1 Balance 1307.000000, Transfer 1200.000000 to Acc 9
User 5, Acc 0 Balance 329.000000, Deposit 673.000000 
User 0, Acc 5 Balance 2766.000000, Deposit 643.000000 
User 0, Acc 5 Balance 3462.000000, Transfer 1200.000000 to Acc 6
User 0, Acc 4 Balance 1726.000000, Deposit 647.000000 
User 0, Acc 4 Balance 2373.000000, Transfer 1200.000000 to Acc 7
User 0, Acc 3 Balance 764.000000, Deposit 653.000000 
User 0, Acc 3 Balance 1417.000000, Transfer 1200.000000 to Acc 8
User 4, Acc 8 Balance 11669.000000, Withdraw 50.000000 
User 3, Acc 9 Balance 33189.000000, Deposit 617.000000 
User 3, Acc 9 Balance 35006.000000, Transfer 617.000000 to Acc 1
User 3, Acc 8 Balance 11751.000000, Deposit 619.000000 
User 3, Acc 8 Balance 12370.000000, Transfer 619.000000 to Acc 2
User 3, Acc 7 Balance 11324.000000, Deposit 631.000000 
User 3, Acc 7 Balance 11955.000000, Transfer 631.000000 to Acc 3
User 3, Acc 6 Balance 6601.000000, Deposit 641.000000 
User 3, Acc 6 Balance 7242.000000, Transfer 641.000000 to Acc 4
User 3, Acc 5 Balance 2262.000000, Deposit 643.000000 
User 3, Acc 5 Balance 2905.000000, Transfer 1200.000000 to Acc 6
User 3, Acc 4 Balance 1814.000000, Deposit 647.000000 
User 3, Acc 4 Balance 2461.000000, Transfer 1200.000000 to Acc 7
User 3, Acc 3 Balance 848.000000, Deposit 653.000000 
User 3, Acc 3 Balance 1501.000000, Transfer 1200.000000 to Acc 8
User 3, Acc 2 Balance 2724.000000, Deposit 659.000000 
User 3, Acc 2 Balance 3383.000000, Transfer 1200.000000 to Acc 9
User 3, Acc 1 Balance 1024.000000, Deposit 661.000000 
User 3, Acc 1 Balance 1685.000000, Transfer 1200.000000 to Acc 9
User 3, Acc 0 Balance 1002.000000, Deposit 673.000000 
User 3, Acc 0 Balance 1675.000000, Transfer 1200.000000 to Acc 9
User 3, Acc 1 Balance 485.000000, Withdraw 50.000000 
User 3, Acc 2 Balance 2183.000000, Withdraw 50.000000 
User 3, Acc 3 Balance 301.000000, Withdraw 50.000000 
User 3, Acc 4 Balance 1261.000000, Withdraw 50.000000 
User 3, Acc 5 Balance 1705.000000, Withdraw 50.000000 
User 3, Acc 6 Balance 7801.000000, Withdraw 50.000000 
User 3, Acc 7 Balance 12524.000000, Withdraw 50.000000 
User 3, Acc 8 Balance 12951.000000, Withdraw 50.000000 
User 3, Acc 9 Balance 37989.000000, Withdraw 50.000000 
User 3, Acc 0 Balance 475.000000, Withdraw 50.000000 
User 4, Acc 9 Balance 34389.000000, Withdraw 50.000000 
User 3, Acc 9 Balance 37939.000000, Deposit 617.000000 
User 1, Acc 7 Balance 11717.000000, Transfer 631.000000 to Acc 3
User 3, Acc 9 Balance 38506.000000, Transfer 617.000000 to Acc 1
User 1, Acc 6 Balance 7751.000000, Deposit 641.000000 
User 1, Acc 6 Balance 8392.000000, Transfer 641.000000 to Acc 4
User 0, Acc 2 Balance 2105.000000, Deposit 659.000000 
User 3, Acc 8 Balance 12901.000000, Deposit 619.000000 
User 0, Acc 2 Balance 2792.000000, Transfer 1200.000000 to Acc 9
User 3, Acc 8 Balance 13520.000000, Transfer 619.000000 to Acc 2
User 0, Acc 1 Balance 1052.000000, Deposit 661.000000 
User 0, Acc 1 Balance 1713.000000, Transfer 1200.000000 to Acc 9
User 3, Acc 7 Balance 11843.000000, Deposit 631.000000 
User 2, Acc 7 Balance 11063.000000, Transfer 137.000000 to Acc 5
User 1, Acc 5 Balance 1655.000000, Deposit 643.000000 
User 5, Acc 1 Balance 407.000000, Withdraw 50.000000 
User 0, Acc 0 Balance 425.000000, Deposit 673.000000 
User 5, Acc 2 Balance 2211.000000, Withdraw 50.000000 
User 0, Acc 9 Balance 40289.000000, Deposit 617.000000 
User 5, Acc 3 Balance 882.000000, Withdraw 50.000000 
User 0, Acc 9 Balance 40906.000000, Transfer 617.000000 to Acc 1
User 1, Acc 5 Balance 2435.000000, Transfer 1200.000000 to Acc 6
User 3, Acc 7 Balance 12474.000000, Transfer 631.000000 to Acc 3
User 3, Acc 6 Balance 8951.000000, Deposit 641.000000 
User 3, Acc 6 Balance 9592.000000, Transfer 641.000000 to Acc 4
User 3, Acc 5 Balance 1235.000000, Deposit 643.000000 
User 3, Acc 5 Balance 1878.000000, Transfer 1200.000000 to Acc 6
User 3, Acc 4 Balance 2493.000000, Deposit 647.000000 
User 3, Acc 4 Balance 3140.000000, Transfer 1200.000000 to Acc 7
User 3, Acc 3 Balance 1463.000000, Deposit 653.000000 
User 3, Acc 3 Balance 2116.000000, Transfer 1200.000000 to Acc 8
User 3, Acc 2 Balance 2161.000000, Deposit 659.000000 
User 3, Acc 2 Balance 2820.000000, Transfer 1200.000000 to Acc 9
User 3, Acc 1 Balance 1080.000000, Deposit 661.000000 
User 3, Acc 1 Balance 1741.000000, Transfer 1200.000000 to Acc 9
User 3, Acc 0 Balance 1098.000000, Deposit 673.000000 
User 3, Acc 0 Balance 1771.000000, Transfer 1200.000000 to Acc 9
User 3, Acc 1 Balance 541.000000, Withdraw 50.000000 
User 3, Acc 2 Balance 1620.000000, Withdraw 50.000000 
User 3, Acc 3 Balance 916.000000, Withdraw 50.000000 
User 3, Acc 4 Balance 1940.000000, Withdraw 50.000000 
User 5, Acc 4 Balance 1852.000000, Withdraw 50.000000 
User 3, Acc 5 Balance 678.000000, Withdraw 50.000000 
User 5, Acc 5 Balance 678.000000, Withdraw 50.000000 
User 5, Acc 6 Balance 10151.000000, Withdraw 50.000000 
User 3, Acc 6 Balance 10151.000000, Withdraw 50.000000 
User 5, Acc 7 Balance 12906.000000, Withdraw 50.000000 
User 3, Acc 7 Balance 12906.000000, Withdraw 50.000000 
User 0, Acc 8 Balance 12901.000000, Deposit 619.000000 
User 3, Acc 8 Balance 14101.000000, Withdraw 50.000000 
User 2, Acc 7 Balance 12337.000000, Transfer 3.000000 to Acc 4
User 5, Acc 8 Balance 14101.000000, Withdraw 50.000000 
User 2, Acc 7 Balance 12803.000000, Transfer 5.000000 to Acc 4
User 2, Acc 3 Balance 866.000000, Deposit 929.000000 
User 5, Acc 9 Balance 43889.000000, Withdraw 50.000000 
User 0, Acc 8 Balance 14720.000000, Transfer 619.000000 to Acc 2
User 0, Acc 7 Balance 12798.000000, Deposit 631.000000 
User 4, Acc 0 Balance 425.000000, Withdraw 50.000000 
User 1, Acc 4 Balance 1852.000000, Deposit 647.000000 
User 4, Acc 0 Balance 521.000000, Deposit 400.000000 
User 1, Acc 4 Balance 2495.000000, Transfer 1200.000000 to Acc 7
User 3, Acc 9 Balance 43889.000000, Withdraw 50.000000 
User 0, Acc 7 Balance 13429.000000, Transfer 631.000000 to Acc 3
User 3, Acc 0 Balance 921.000000, Withdraw 50.000000 
User 0, Acc 6 Balance 10051.000000, Deposit 641.000000 
User 0, Acc 6 Balance 10692.000000, Transfer 641.000000 to Acc 4
User 4, Acc 0 Balance 921.000000, Withdraw 200.000000 
User 0, Acc 5 Balance 578.000000, Deposit 643.000000 
User 4, Acc 0 Balance 671.000000, Deposit 100.000000 
User 4, Acc 0 Balance 771.000000, Withdraw 50.000000 
User 2, Acc 4 Balance 1848.000000, Deposit 937.000000 
User 3, Acc 0 Balance 871.000000, Deposit 907.000000 
User 5, Acc 0 Balance 571.000000, Withdraw 50.000000 
User 3, Acc 1 Balance 491.000000, Deposit 911.000000 
User 1, Acc 3 Balance 1795.000000, Deposit 653.000000 
User 1, Acc 3 Balance 3079.000000, Transfer 1200.000000 to Acc 8
User 0, Acc 5 Balance 1221.000000, Transfer 1200.000000 to Acc 6
User 2, Acc 5 Balance 1221.000000, Deposit 941.000000 
User 3, Acc 2 Balance 2189.000000, Deposit 919.000000 
User 5, Acc 9 Balance 43789.000000, Deposit 617.000000 
User 3, Acc 3 Balance 1879.000000, Deposit 929.000000 
User 1, Acc 2 Balance 2189.000000, Deposit 659.000000 
User 3, Acc 4 Balance 2873.000000, Deposit 937.000000 
User 1, Acc 2 Balance 3767.000000, Transfer 1200.000000 to Acc 9
User 2, Acc 4 Balance 2873.000000, Withdraw 1167.000000 
User 1, Acc 1 Balance 1402.000000, Deposit 661.000000 
[22;32mUser 2, Acc 5 Balance 962.000000, 				Withdraw 1307.000000 --insufficient funds[0m
User 1, Acc 1 Balance 2063.000000, Transfer 1200.000000 to Acc 9
User 1, Acc 0 Balance 1578.000000, Deposit 673.000000 
User 5, Acc 9 Balance 44406.000000, Transfer 617.000000 to Acc 1
User 5, Acc 8 Balance 15201.000000, Deposit 619.000000 
User 0, Acc 4 Balance 2873.000000, Deposit 647.000000 
User 5, Acc 8 Balance 15820.000000, Transfer 619.000000 to Acc 2
User 0, Acc 4 Balance 3290.000000, Transfer 1200.000000 to Acc 7
User 1, Acc 0 Balance 2251.000000, Transfer 1200.000000 to Acc 9
User 0, Acc 3 Balance 2808.000000, Deposit 653.000000 
User 1, Acc 1 Balance 1480.000000, Withdraw 50.000000 
User 1, Acc 2 Balance 3186.000000, Withdraw 50.000000 
User 5, Acc 7 Balance 13998.000000, Deposit 631.000000 
User 2, Acc 1 Balance 863.000000, Transfer 89.000000 to Acc 8
User 5, Acc 7 Balance 15829.000000, Transfer 631.000000 to Acc 3
User 2, Acc 1 Balance 1341.000000, Transfer 163.000000 to Acc 9
User 3, Acc 5 Balance 962.000000, Deposit 941.000000 
User 1, Acc 3 Balance 3461.000000, Withdraw 50.000000 
User 3, Acc 6 Balance 11251.000000, Deposit 953.000000 
User 0, Acc 3 Balance 3461.000000, Transfer 1200.000000 to Acc 8
User 3, Acc 7 Balance 15198.000000, Deposit 967.000000 
User 2, Acc 1 Balance 1178.000000, Withdraw 41.000000 
User 3, Acc 1 Balance 1178.000000, Transfer 19.000000 to Acc 7
User 1, Acc 4 Balance 2090.000000, Withdraw 50.000000 
User 3, Acc 2 Balance 3136.000000, Transfer 23.000000 to Acc 7
User 5, Acc 6 Balance 11251.000000, Deposit 641.000000 
User 3, Acc 3 Balance 2842.000000, Transfer 29.000000 to Acc 7
User 2, Acc 2 Balance 3136.000000, Withdraw 71.000000 
User 3, Acc 7 Balance 16236.000000, Transfer 31.000000 to Acc 6
User 0, Acc 2 Balance 3136.000000, Deposit 659.000000 
User 3, Acc 7 Balance 16205.000000, Transfer 37.000000 to Acc 5
User 0, Acc 2 Balance 3701.000000, Transfer 1200.000000 to Acc 9
User 5, Acc 6 Balance 12845.000000, Transfer 641.000000 to Acc 4
User 2, Acc 3 Balance 2813.000000, Withdraw 1127.000000 
User 4, Acc 0 Balance 721.000000, Withdraw 150.000000 
User 2, Acc 6 Balance 12235.000000, Withdraw 647.000000 
User 3, Acc 7 Balance 16168.000000, Transfer 3.000000 to Acc 4
User 2, Acc 6 Balance 11588.000000, Deposit 953.000000 
User 3, Acc 7 Balance 16165.000000, Transfer 5.000000 to Acc 4
User 3, Acc 6 Balance 12541.000000, Transfer 67.000000 to Acc 5
User 3, Acc 4 Balance 2689.000000, Transfer 53.000000 to Acc 5
User 3, Acc 1 Balance 1118.000000, Transfer 89.000000 to Acc 8
User 3, Acc 1 Balance 1029.000000, Transfer 163.000000 to Acc 9
User 3, Acc 1 Balance 866.000000, Withdraw 41.000000 
User 3, Acc 2 Balance 2501.000000, Withdraw 71.000000 
User 3, Acc 3 Balance 1686.000000, Withdraw 127.000000 
User 3, Acc 4 Balance 2636.000000, Withdraw 167.000000 
User 3, Acc 5 Balance 2060.000000, Withdraw 307.000000 
User 3, Acc 6 Balance 12474.000000, Withdraw 647.000000 
User 3, Acc 7 Balance 16160.000000, Withdraw 593.000000 
User 3, Acc 8 Balance 16579.000000, Withdraw 449.000000 
User 3, Acc 9 Balance 48915.000000, Withdraw 163.000000 
User 3, Acc 9 Balance 48752.000000, Deposit 617.000000 
User 3, Acc 9 Balance 49369.000000, Transfer 617.000000 to Acc 1
User 3, Acc 8 Balance 16130.000000, Deposit 619.000000 
User 3, Acc 8 Balance 16749.000000, Transfer 619.000000 to Acc 2
User 3, Acc 7 Balance 15567.000000, Deposit 631.000000 
User 3, Acc 7 Balance 16198.000000, Transfer 631.000000 to Acc 3
User 3, Acc 6 Balance 11827.000000, Deposit 641.000000 
User 3, Acc 6 Balance 12468.000000, Transfer 641.000000 to Acc 4
User 3, Acc 5 Balance 1753.000000, Deposit 643.000000 
User 3, Acc 5 Balance 2396.000000, Transfer 1200.000000 to Acc 6
User 3, Acc 4 Balance 3110.000000, Deposit 647.000000 
User 3, Acc 4 Balance 3757.000000, Transfer 1200.000000 to Acc 7
User 3, Acc 3 Balance 2190.000000, Deposit 653.000000 
User 3, Acc 3 Balance 2843.000000, Transfer 1200.000000 to Acc 8
User 3, Acc 2 Balance 3049.000000, Deposit 659.000000 
User 3, Acc 2 Balance 3708.000000, Transfer 1200.000000 to Acc 9
User 3, Acc 1 Balance 1442.000000, Deposit 661.000000 
User 3, Acc 1 Balance 2103.000000, Transfer 1200.000000 to Acc 9
User 3, Acc 0 Balance 901.000000, Deposit 673.000000 
User 3, Acc 0 Balance 1574.000000, Transfer 1200.000000 to Acc 9
User 3, Acc 0 Balance 374.000000, Deposit 907.000000 
User 3, Acc 1 Balance 903.000000, Deposit 911.000000 
User 3, Acc 2 Balance 2508.000000, Deposit 919.000000 
User 3, Acc 3 Balance 1643.000000, Deposit 929.000000 
User 3, Acc 4 Balance 2557.000000, Deposit 937.000000 
User 3, Acc 5 Balance 1196.000000, Deposit 941.000000 
User 3, Acc 6 Balance 13027.000000, Deposit 953.000000 
User 3, Acc 7 Balance 16767.000000, Deposit 967.000000 
User 3, Acc 1 Balance 1814.000000, Transfer 19.000000 to Acc 7
User 3, Acc 2 Balance 3427.000000, Transfer 23.000000 to Acc 7
User 3, Acc 3 Balance 2572.000000, Transfer 29.000000 to Acc 7
User 3, Acc 7 Balance 17805.000000, Transfer 31.000000 to Acc 6
User 3, Acc 7 Balance 17774.000000, Transfer 37.000000 to Acc 5
User 3, Acc 7 Balance 17737.000000, Transfer 3.000000 to Acc 4
User 3, Acc 7 Balance 17734.000000, Transfer 5.000000 to Acc 4
User 3, Acc 6 Balance 14011.000000, Transfer 67.000000 to Acc 5
User 3, Acc 4 Balance 3502.000000, Transfer 53.000000 to Acc 5
User 3, Acc 1 Balance 1795.000000, Transfer 89.000000 to Acc 8
User 3, Acc 1 Balance 1706.000000, Transfer 163.000000 to Acc 9
User 3, Acc 1 Balance 1543.000000, Withdraw 41.000000 
User 3, Acc 2 Balance 3404.000000, Withdraw 71.000000 
User 3, Acc 3 Balance 2543.000000, Withdraw 127.000000 
User 3, Acc 4 Balance 3449.000000, Withdraw 167.000000 
User 3, Acc 5 Balance 2294.000000, Withdraw 307.000000 
User 3, Acc 6 Balance 13944.000000, Withdraw 647.000000 
User 3, Acc 7 Balance 17729.000000, Withdraw 593.000000 
User 3, Acc 8 Balance 17419.000000, Withdraw 449.000000 
User 3, Acc 9 Balance 52515.000000, Withdraw 163.000000 
User 3, Acc 0 Balance 1281.000000, Deposit 400.000000 
User 3, Acc 0 Balance 1681.000000, Withdraw 200.000000 
User 3, Acc 0 Balance 1481.000000, Deposit 100.000000 
User 3, Acc 0 Balance 1581.000000, Withdraw 50.000000 
User 3, Acc 0 Balance 1531.000000, Withdraw 150.000000 
User 3, Acc 0 Balance 1381.000000, Deposit 300.000000 
User 3, Acc 0 Balance 1681.000000, Transfer 300.000000 to Acc 1
Balance in 1: 1802.000000
User 2, Acc 7 Balance 16165.000000, Deposit 967.000000 
User 2, Acc 1 Balance 1802.000000, Transfer 19.000000 to Acc 7
User 2, Acc 2 Balance 3333.000000, Transfer 23.000000 to Acc 7
User 2, Acc 6 Balance 13297.000000, Transfer 1167.000000 to Acc 5
User 5, Acc 5 Balance 1940.000000, Deposit 643.000000 
User 5, Acc 5 Balance 3797.000000, Transfer 1200.000000 to Acc 6
User 5, Acc 4 Balance 3282.000000, Deposit 647.000000 
User 5, Acc 4 Balance 3929.000000, Transfer 1200.000000 to Acc 7
User 3, Acc 0 Balance 1381.000000, Deposit 907.000000 
User 3, Acc 1 Balance 1783.000000, Deposit 911.000000 
User 3, Acc 2 Balance 3310.000000, Deposit 919.000000 
User 3, Acc 3 Balance 2416.000000, Deposit 929.000000 
User 3, Acc 4 Balance 2729.000000, Deposit 937.000000 
User 3, Acc 5 Balance 2597.000000, Deposit 941.000000 
User 3, Acc 6 Balance 13330.000000, Deposit 953.000000 
User 3, Acc 7 Balance 19345.000000, Deposit 967.000000 
User 3, Acc 1 Balance 2694.000000, Transfer 19.000000 to Acc 7
User 3, Acc 2 Balance 4229.000000, Transfer 23.000000 to Acc 7
User 3, Acc 3 Balance 3345.000000, Transfer 29.000000 to Acc 7
User 3, Acc 7 Balance 20383.000000, Transfer 31.000000 to Acc 6
User 3, Acc 7 Balance 20352.000000, Transfer 37.000000 to Acc 5
User 3, Acc 7 Balance 20315.000000, Transfer 3.000000 to Acc 4
User 3, Acc 7 Balance 20312.000000, Transfer 5.000000 to Acc 4
User 3, Acc 6 Balance 14314.000000, Transfer 67.000000 to Acc 5
User 3, Acc 4 Balance 3674.000000, Transfer 53.000000 to Acc 5
User 3, Acc 1 Balance 2675.000000, Transfer 89.000000 to Acc 8
User 3, Acc 1 Balance 2586.000000, Transfer 163.000000 to Acc 9
User 3, Acc 1 Balance 2423.000000, Withdraw 41.000000 
User 3, Acc 2 Balance 4206.000000, Withdraw 71.000000 
User 3, Acc 3 Balance 3316.000000, Withdraw 127.000000 
User 2, Acc 4 Balance 3282.000000, Transfer 53.000000 to Acc 5
User 3, Acc 4 Balance 3621.000000, Withdraw 167.000000 
User 2, Acc 7 Balance 20307.000000, Withdraw 1593.000000 
User 3, Acc 5 Balance 3748.000000, Withdraw 307.000000 
User 3, Acc 6 Balance 14247.000000, Withdraw 647.000000 
User 3, Acc 7 Balance 18714.000000, Withdraw 593.000000 
User 3, Acc 8 Balance 17059.000000, Withdraw 449.000000 
User 3, Acc 9 Balance 52515.000000, Withdraw 163.000000 
User 3, Acc 0 Balance 2288.000000, Deposit 400.000000 
User 3, Acc 0 Balance 2688.000000, Withdraw 200.000000 
User 3, Acc 0 Balance 2488.000000, Deposit 100.000000 
User 3, Acc 0 Balance 2588.000000, Withdraw 50.000000 
User 3, Acc 0 Balance 2538.000000, Withdraw 150.000000 
User 3, Acc 0 Balance 2388.000000, Deposit 300.000000 
User 3, Acc 0 Balance 2688.000000, Transfer 300.000000 to Acc 1
Balance in 1: 2682.000000
User 3, Acc 0 Balance 2388.000000, Deposit 400.000000 
User 5, Acc 3 Balance 2416.000000, Deposit 653.000000 
User 4, Acc 0 Balance 901.000000, Deposit 300.000000 
User 5, Acc 3 Balance 3842.000000, Transfer 1200.000000 to Acc 8
User 0, Acc 1 Balance 1118.000000, Deposit 661.000000 
User 1, Acc 5 Balance 1903.000000, Withdraw 50.000000 
User 1, Acc 6 Balance 13600.000000, Withdraw 50.000000 
User 1, Acc 7 Balance 18121.000000, Withdraw 50.000000 
User 1, Acc 8 Balance 17810.000000, Withdraw 50.000000 
User 1, Acc 9 Balance 52352.000000, Withdraw 50.000000 
User 1, Acc 0 Balance 3088.000000, Withdraw 50.000000 
User 0, Acc 1 Balance 3343.000000, Transfer 1200.000000 to Acc 9
User 0, Acc 0 Balance 3038.000000, Deposit 673.000000 
User 0, Acc 0 Balance 3711.000000, Transfer 1200.000000 to Acc 9
User 3, Acc 0 Balance 2788.000000, Withdraw 200.000000 
User 3, Acc 0 Balance 2311.000000, Deposit 100.000000 
User 3, Acc 0 Balance 2411.000000, Withdraw 50.000000 
User 3, Acc 0 Balance 2361.000000, Withdraw 150.000000 
User 3, Acc 0 Balance 2211.000000, Deposit 300.000000 
User 3, Acc 0 Balance 2511.000000, Transfer 300.000000 to Acc 1
Balance in 1: 2443.000000
User 4, Acc 0 Balance 3088.000000, Transfer 300.000000 to Acc 1
User 2, Acc 8 Balance 17059.000000, Withdraw 449.000000 
User 5, Acc 2 Balance 4135.000000, Deposit 659.000000 
User 2, Acc 9 Balance 54702.000000, Withdraw 163.000000 
User 5, Acc 2 Balance 4794.000000, Transfer 1200.000000 to Acc 9
User 5, Acc 1 Balance 2743.000000, Deposit 661.000000 
User 1, Acc 0 Balance 3038.000000, Deposit 907.000000 
User 0, Acc 0 Balance 2511.000000, Deposit 907.000000 
User 0, Acc 1 Balance 3404.000000, Deposit 911.000000 
User 0, Acc 2 Balance 3594.000000, Deposit 919.000000 
User 0, Acc 3 Balance 2642.000000, Deposit 929.000000 
User 0, Acc 4 Balance 3401.000000, Deposit 937.000000 
User 0, Acc 5 Balance 3391.000000, Deposit 941.000000 
User 1, Acc 1 Balance 3404.000000, Deposit 911.000000 
User 0, Acc 6 Balance 13550.000000, Deposit 953.000000 
User 0, Acc 7 Balance 18071.000000, Deposit 967.000000 
User 5, Acc 1 Balance 3404.000000, Transfer 1200.000000 to Acc 9
Balance in 1: 2743.000000
User 1, Acc 2 Balance 4513.000000, Deposit 919.000000 
User 0, Acc 1 Balance 5226.000000, Transfer 19.000000 to Acc 7
User 0, Acc 2 Balance 5432.000000, Transfer 23.000000 to Acc 7
User 0, Acc 3 Balance 3571.000000, Transfer 29.000000 to Acc 7
User 0, Acc 7 Balance 19109.000000, Transfer 31.000000 to Acc 6
User 0, Acc 7 Balance 19078.000000, Transfer 37.000000 to Acc 5
User 0, Acc 7 Balance 19041.000000, Transfer 3.000000 to Acc 4
User 0, Acc 7 Balance 19038.000000, Transfer 5.000000 to Acc 4
User 0, Acc 6 Balance 14534.000000, Transfer 67.000000 to Acc 5
User 0, Acc 4 Balance 4346.000000, Transfer 53.000000 to Acc 5
User 0, Acc 1 Balance 4007.000000, Transfer 89.000000 to Acc 8
User 0, Acc 1 Balance 3918.000000, Transfer 163.000000 to Acc 9
User 0, Acc 1 Balance 3755.000000, Withdraw 41.000000 
User 0, Acc 2 Balance 5409.000000, Withdraw 71.000000 
User 5, Acc 0 Balance 3725.000000, Deposit 673.000000 
User 0, Acc 3 Balance 3542.000000, Withdraw 127.000000 
User 1, Acc 3 Balance 3571.000000, Deposit 929.000000 
User 0, Acc 4 Balance 4293.000000, Withdraw 167.000000 
User 0, Acc 5 Balance 4489.000000, Withdraw 307.000000 
User 0, Acc 6 Balance 14467.000000, Withdraw 647.000000 
User 0, Acc 7 Balance 19033.000000, Withdraw 593.000000 
User 0, Acc 8 Balance 17400.000000, Withdraw 449.000000 
User 0, Acc 9 Balance 57102.000000, Withdraw 163.000000 
User 5, Acc 0 Balance 4398.000000, Transfer 1200.000000 to Acc 9
User 1, Acc 4 Balance 4293.000000, Deposit 937.000000 
User 1, Acc 5 Balance 4182.000000, Deposit 941.000000 
User 1, Acc 6 Balance 13820.000000, Deposit 953.000000 
User 1, Acc 7 Balance 18440.000000, Deposit 967.000000 
User 1, Acc 1 Balance 3714.000000, Transfer 19.000000 to Acc 7
User 1, Acc 2 Balance 5338.000000, Transfer 23.000000 to Acc 7
User 1, Acc 3 Balance 4344.000000, Transfer 29.000000 to Acc 7
User 1, Acc 7 Balance 19478.000000, Transfer 31.000000 to Acc 6
User 1, Acc 7 Balance 19447.000000, Transfer 37.000000 to Acc 5
User 1, Acc 7 Balance 19410.000000, Transfer 3.000000 to Acc 4
User 1, Acc 7 Balance 19407.000000, Transfer 5.000000 to Acc 4
User 1, Acc 6 Balance 14804.000000, Transfer 67.000000 to Acc 5
User 1, Acc 4 Balance 5071.000000, Transfer 53.000000 to Acc 5
User 1, Acc 1 Balance 3695.000000, Transfer 89.000000 to Acc 8
User 1, Acc 1 Balance 3606.000000, Transfer 163.000000 to Acc 9
User 1, Acc 1 Balance 3443.000000, Withdraw 41.000000 
User 1, Acc 2 Balance 5315.000000, Withdraw 71.000000 
User 1, Acc 3 Balance 4315.000000, Withdraw 127.000000 
User 1, Acc 4 Balance 5018.000000, Withdraw 167.000000 
User 1, Acc 5 Balance 5280.000000, Withdraw 307.000000 
User 1, Acc 6 Balance 14737.000000, Withdraw 647.000000 
User 1, Acc 7 Balance 19402.000000, Withdraw 593.000000 
User 1, Acc 8 Balance 17040.000000, Withdraw 449.000000 
User 1, Acc 9 Balance 58302.000000, Withdraw 163.000000 
  ***     End of transaction batch    ***  
Account 0 balance after completion of transaction batch: 3198.000000
Account 1 balance after completion of transaction batch: 3402.000000
Account 2 balance after completion of transaction batch: 5244.000000
Account 3 balance after completion of transaction batch: 4188.000000
Account 4 balance after completion of transaction batch: 4851.000000
Account 5 balance after completion of transaction batch: 4973.000000
Account 6 balance after completion of transaction batch: 14090.000000
Account 7 balance after completion of transaction batch: 18809.000000
Account 8 balance after completion of transaction batch: 16591.000000
Account 9 balance after completion of transaction batch: 58139.000000
