# Output generated by:
# ./my_executable 6 data/transactions7.txt data/transactions11.txt data/transactions6.txt data/transactions9.txt data/transactions2.txt data/transactions10.txt

********************************************
   Reading and parsing a transaction file   
********************************************
Parsed transaction: deposit 7 9929.000000 
Loaded deposit transaction
Parsed transaction: deposit 4 937.000000 
Loaded deposit transaction
Parsed transaction: deposit 5 941.000000 
Loaded deposit transaction
Parsed transaction: deposit 0 7.000000 
Loaded deposit transaction
Parsed transaction: deposit 3 29.000000 
Loaded deposit transaction
Parsed transaction: deposit 7 9.000000 
Loaded deposit transaction
Parsed transaction: deposit 9 129.000000 
Loaded deposit transaction
Parsed transaction: transfer 3 7 29.000000 
Loaded transfer transaction
Parsed transaction: transfer 7 6 31.000000 
Loaded transfer transaction
Parsed transaction: transfer 7 5 137.000000 
Loaded transfer transaction
Parsed transaction: transfer 7 4 3.000000 
Loaded transfer transaction
Parsed transaction: transfer 7 4 5.000000 
Loaded transfer transaction
Parsed transaction: withdraw 4 1167.000000 
Loaded withdrawal transaction
Parsed transaction: withdraw 5 1307.000000 
Loaded withdrawal transaction
Parsed transaction: transfer 1 8 89.000000 
Loaded transfer transaction
Parsed transaction: transfer 1 9 163.000000 
Loaded transfer transaction
Parsed transaction: withdraw 1 41.000000 
Loaded withdrawal transaction
Parsed transaction: withdraw 2 71.000000 
Loaded withdrawal transaction
Parsed transaction: withdraw 3 1127.000000 
Loaded withdrawal transaction
Parsed transaction: withdraw 6 647.000000 
Loaded withdrawal transaction
Parsed transaction: deposit 6 1953.000000 
Loaded deposit transaction
Parsed transaction: deposit 7 967.000000 
Loaded deposit transaction
Parsed transaction: transfer 1 7 19.000000 
Loaded transfer transaction
Parsed transaction: transfer 2 7 23.000000 
Loaded transfer transaction
Parsed transaction: transfer 6 5 1167.000000 
Loaded transfer transaction
Parsed transaction: transfer 4 5 53.000000 
Loaded transfer transaction
Parsed transaction: withdraw 7 1593.000000 
Loaded withdrawal transaction
Parsed transaction: withdraw 8 449.000000 
Loaded withdrawal transaction
Parsed transaction: withdraw 9 163.000000 
Loaded withdrawal transaction
********************************************
********************************************
   Reading and parsing a transaction file   
********************************************
Parsed transaction: deposit 9 617.000000 
Loaded deposit transaction
Parsed transaction: transfer 9 9 617.000000 
Loaded transfer transaction
Parsed transaction: deposit 8 619.000000 
Loaded deposit transaction
Parsed transaction: transfer 8 2 619.000000 
Loaded transfer transaction
Parsed transaction: deposit 7 631.000000 
Loaded deposit transaction
Parsed transaction: transfer 7 3 631.000000 
Loaded transfer transaction
Parsed transaction: deposit 6 641.000000 
Loaded deposit transaction
Parsed transaction: transfer 6 4 641.000000 
Loaded transfer transaction
Parsed transaction: deposit 5 643.000000 
Loaded deposit transaction
Parsed transaction: transfer 5 6 1200.000000 
Loaded transfer transaction
Parsed transaction: deposit 4 647.000000 
Loaded deposit transaction
Parsed transaction: transfer 4 7 1200.000000 
Loaded transfer transaction
Parsed transaction: deposit 3 653.000000 
Loaded deposit transaction
Parsed transaction: transfer 3 8 1200.000000 
Loaded transfer transaction
Parsed transaction: deposit 2 659.000000 
Loaded deposit transaction
Parsed transaction: transfer 2 9 1200.000000 
Loaded transfer transaction
Parsed transaction: deposit 1 661.000000 
Loaded deposit transaction
Parsed transaction: transfer 1 9 1200.000000 
Loaded transfer transaction
Parsed transaction: deposit 0 673.000000 
Loaded deposit transaction
Parsed transaction: transfer 0 9 1200.000000 
Loaded transfer transaction
Parsed transaction: withdraw 1 50.000000 
Loaded withdrawal transaction
Parsed transaction: withdraw 2 50.000000 
Loaded withdrawal transaction
Parsed transaction: withdraw 3 50.000000 
Loaded withdrawal transaction
Parsed transaction: withdraw 4 50.000000 
Loaded withdrawal transaction
Parsed transaction: withdraw 5 50.000000 
Loaded withdrawal transaction
Parsed transaction: withdraw 6 50.000000 
Loaded withdrawal transaction
Parsed transaction: withdraw 7 50.000000 
Loaded withdrawal transaction
Parsed transaction: withdraw 8 50.000000 
Loaded withdrawal transaction
Parsed transaction: withdraw 9 50.000000 
Loaded withdrawal transaction
Parsed transaction: withdraw 0 50.000000 
Loaded withdrawal transaction
********************************************
********************************************
   Reading and parsing a transaction file   
********************************************
Parsed transaction: deposit 0 7.000000 
Loaded deposit transaction
Parsed transaction: deposit 1 11.000000 
Loaded deposit transaction
Parsed transaction: deposit 2 9.000000 
Loaded deposit transaction
Parsed transaction: transfer 3 7 29.000000 
Loaded transfer transaction
Parsed transaction: transfer 7 6 31.000000 
Loaded transfer transaction
Parsed transaction: transfer 7 5 137.000000 
Loaded transfer transaction
Parsed transaction: transfer 7 4 3.000000 
Loaded transfer transaction
Parsed transaction: transfer 7 4 5.000000 
Loaded transfer transaction
Parsed transaction: deposit 3 929.000000 
Loaded deposit transaction
Parsed transaction: deposit 4 937.000000 
Loaded deposit transaction
Parsed transaction: deposit 5 941.000000 
Loaded deposit transaction
Parsed transaction: withdraw 4 1167.000000 
Loaded withdrawal transaction
Parsed transaction: withdraw 5 1307.000000 
Loaded withdrawal transaction
Parsed transaction: transfer 1 8 89.000000 
Loaded transfer transaction
Parsed transaction: transfer 1 9 163.000000 
Loaded transfer transaction
Parsed transaction: withdraw 1 41.000000 
Loaded withdrawal transaction
Parsed transaction: withdraw 2 71.000000 
Loaded withdrawal transaction
Parsed transaction: withdraw 3 1127.000000 
Loaded withdrawal transaction
Parsed transaction: withdraw 6 647.000000 
Loaded withdrawal transaction
Parsed transaction: deposit 6 953.000000 
Loaded deposit transaction
Parsed transaction: deposit 7 967.000000 
Loaded deposit transaction
Parsed transaction: transfer 1 7 19.000000 
Loaded transfer transaction
Parsed transaction: transfer 2 7 23.000000 
Loaded transfer transaction
Parsed transaction: transfer 6 5 1167.000000 
Loaded transfer transaction
Parsed transaction: transfer 4 5 53.000000 
Loaded transfer transaction
Parsed transaction: withdraw 7 1593.000000 
Loaded withdrawal transaction
Parsed transaction: withdraw 8 449.000000 
Loaded withdrawal transaction
Parsed transaction: withdraw 9 163.000000 
Loaded withdrawal transaction
********************************************
********************************************
   Reading and parsing a transaction file   
********************************************
Parsed transaction: deposit 9 617.000000 
Loaded deposit transaction
Parsed transaction: transfer 9 1 617.000000 
Loaded transfer transaction
Parsed transaction: deposit 8 619.000000 
Loaded deposit transaction
Parsed transaction: transfer 8 2 619.000000 
Loaded transfer transaction
Parsed transaction: deposit 7 631.000000 
Loaded deposit transaction
Parsed transaction: transfer 7 3 631.000000 
Loaded transfer transaction
Parsed transaction: deposit 6 641.000000 
Loaded deposit transaction
Parsed transaction: transfer 6 4 641.000000 
Loaded transfer transaction
Parsed transaction: deposit 5 643.000000 
Loaded deposit transaction
Parsed transaction: transfer 5 6 1200.000000 
Loaded transfer transaction
Parsed transaction: deposit 4 647.000000 
Loaded deposit transaction
Parsed transaction: transfer 4 7 1200.000000 
Loaded transfer transaction
Parsed transaction: deposit 3 653.000000 
Loaded deposit transaction
Parsed transaction: transfer 3 8 1200.000000 
Loaded transfer transaction
Parsed transaction: deposit 2 659.000000 
Loaded deposit transaction
Parsed transaction: transfer 2 9 1200.000000 
Loaded transfer transaction
Parsed transaction: deposit 1 661.000000 
Loaded deposit transaction
Parsed transaction: transfer 1 9 1200.000000 
Loaded transfer transaction
Parsed transaction: deposit 0 673.000000 
Loaded deposit transaction
Parsed transaction: transfer 0 9 1200.000000 
Loaded transfer transaction
Parsed transaction: withdraw 1 50.000000 
Loaded withdrawal transaction
Parsed transaction: withdraw 2 50.000000 
Loaded withdrawal transaction
Parsed transaction: withdraw 3 50.000000 
Loaded withdrawal transaction
Parsed transaction: withdraw 4 50.000000 
Loaded withdrawal transaction
Parsed transaction: withdraw 5 50.000000 
Loaded withdrawal transaction
Parsed transaction: withdraw 6 50.000000 
Loaded withdrawal transaction
Parsed transaction: withdraw 7 50.000000 
Loaded withdrawal transaction
Parsed transaction: withdraw 8 50.000000 
Loaded withdrawal transaction
Parsed transaction: withdraw 9 50.000000 
Loaded withdrawal transaction
Parsed transaction: withdraw 0 50.000000 
Loaded withdrawal transaction
********************************************
********************************************
   Reading and parsing a transaction file   
********************************************
Parsed transaction: deposit 0 400.000000 
Loaded deposit transaction
Parsed transaction: withdraw 0 200.000000 
Loaded withdrawal transaction
Parsed transaction: deposit 0 100.000000 
Loaded deposit transaction
Parsed transaction: withdraw 0 50.000000 
Loaded withdrawal transaction
Parsed transaction: withdraw 0 150.000000 
Loaded withdrawal transaction
Parsed transaction: deposit 0 300.000000 
Loaded deposit transaction
Parsed transaction: transfer 0 1 300.000000 
Loaded transfer transaction
Parsed transaction: balance 1 
Loaded balance transaction
********************************************
********************************************
   Reading and parsing a transaction file   
********************************************
Parsed transaction: withdraw 1 500.000000 
Loaded withdrawal transaction
Parsed transaction: withdraw 2 500.000000 
Loaded withdrawal transaction
Parsed transaction: withdraw 3 500.000000 
Loaded withdrawal transaction
Parsed transaction: withdraw 4 500.000000 
Loaded withdrawal transaction
Parsed transaction: withdraw 5 500.000000 
Loaded withdrawal transaction
Parsed transaction: withdraw 6 500.000000 
Loaded withdrawal transaction
Parsed transaction: withdraw 7 500.000000 
Loaded withdrawal transaction
Parsed transaction: withdraw 8 500.000000 
Loaded withdrawal transaction
Parsed transaction: withdraw 9 500.000000 
Loaded withdrawal transaction
Parsed transaction: withdraw 0 500.000000 
Loaded withdrawal transaction
Parsed transaction: withdraw 1 500.000000 
Loaded withdrawal transaction
Parsed transaction: withdraw 2 500.000000 
Loaded withdrawal transaction
Parsed transaction: withdraw 3 500.000000 
Loaded withdrawal transaction
Parsed transaction: withdraw 4 500.000000 
Loaded withdrawal transaction
Parsed transaction: withdraw 5 500.000000 
Loaded withdrawal transaction
Parsed transaction: withdraw 6 500.000000 
Loaded withdrawal transaction
Parsed transaction: withdraw 7 500.000000 
Loaded withdrawal transaction
Parsed transaction: withdraw 8 500.000000 
Loaded withdrawal transaction
Parsed transaction: withdraw 9 500.000000 
Loaded withdrawal transaction
Parsed transaction: withdraw 0 500.000000 
Loaded withdrawal transaction
Parsed transaction: withdraw 1 500.000000 
Loaded withdrawal transaction
Parsed transaction: withdraw 2 500.000000 
Loaded withdrawal transaction
Parsed transaction: withdraw 3 500.000000 
Loaded withdrawal transaction
Parsed transaction: withdraw 4 500.000000 
Loaded withdrawal transaction
Parsed transaction: withdraw 5 500.000000 
Loaded withdrawal transaction
Parsed transaction: withdraw 6 500.000000 
Loaded withdrawal transaction
Parsed transaction: withdraw 7 500.000000 
Loaded withdrawal transaction
Parsed transaction: withdraw 8 500.000000 
Loaded withdrawal transaction
Parsed transaction: withdraw 9 500.000000 
Loaded withdrawal transaction
Parsed transaction: withdraw 0 500.000000 
Loaded withdrawal transaction
********************************************
  ***    Start of transaction batch    ***  
User 0, Acc 7 Balance 0.000000, Deposit 9929.000000 
User 0, Acc 4 Balance 0.000000, Deposit 937.000000 
User 0, Acc 5 Balance 0.000000, Deposit 941.000000 
User 0, Acc 0 Balance 0.000000, Deposit 7.000000 
User 0, Acc 3 Balance 0.000000, Deposit 29.000000 
User 0, Acc 7 Balance 9929.000000, Deposit 9.000000 
User 0, Acc 9 Balance 0.000000, Deposit 129.000000 
User 0, Acc 3 Balance 29.000000, Transfer 29.000000 to Acc 7
User 0, Acc 7 Balance 9967.000000, Transfer 31.000000 to Acc 6
User 0, Acc 7 Balance 9936.000000, Transfer 137.000000 to Acc 5
User 0, Acc 7 Balance 9799.000000, Transfer 3.000000 to Acc 4
User 0, Acc 7 Balance 9796.000000, Transfer 5.000000 to Acc 4
[22;32mUser 0, Acc 4 Balance 945.000000, 				Withdraw 1167.000000 --insufficient funds[0m
[22;32mUser 0, Acc 5 Balance 1078.000000, 				Withdraw 1307.000000 --insufficient funds[0m
[22;32mUser 0, Acc 1 Balance 0.000000, 				Withdraw 41.000000 --insufficient funds[0m
[22;32mUser 0, Acc 2 Balance 0.000000, 				Withdraw 71.000000 --insufficient funds[0m
[22;32mUser 0, Acc 3 Balance 0.000000, 				Withdraw 1127.000000 --insufficient funds[0m
[22;32mUser 0, Acc 6 Balance 31.000000, 				Withdraw 647.000000 --insufficient funds[0m
User 0, Acc 6 Balance 31.000000, Deposit 1953.000000 
User 0, Acc 7 Balance 9791.000000, Deposit 967.000000 
User 0, Acc 6 Balance 1984.000000, Transfer 1167.000000 to Acc 5
User 0, Acc 4 Balance 945.000000, Transfer 53.000000 to Acc 5
User 0, Acc 7 Balance 10758.000000, Withdraw 1593.000000 
[22;32mUser 0, Acc 8 Balance 0.000000, 				Withdraw 449.000000 --insufficient funds[0m
[22;32mUser 0, Acc 9 Balance 129.000000, 				Withdraw 163.000000 --insufficient funds[0m
User 0, Acc 9 Balance 129.000000, Deposit 617.000000 
User 0, Acc 9 Balance 746.000000, Transfer 617.000000 to Acc 9
User 3, Acc 0 Balance 7.000000, Deposit 7.000000 
[22;32mUser 4, Acc 1 Balance 0.000000, 				Withdraw 500.000000 --insufficient funds[0m
User 2, Acc 9 Balance 746.000000, Deposit 617.000000 
[22;32mUser 4, Acc 2 Balance 0.000000, 				Withdraw 500.000000 --insufficient funds[0m
[22;32mUser 4, Acc 3 Balance 0.000000, 				Withdraw 500.000000 --insufficient funds[0m
User 1, Acc 0 Balance 7.000000, Deposit 400.000000 
User 5, Acc 7 Balance 9165.000000, Deposit 9929.000000 
User 1, Acc 0 Balance 414.000000, Withdraw 200.000000 
User 5, Acc 4 Balance 892.000000, Deposit 937.000000 
User 1, Acc 0 Balance 214.000000, Deposit 100.000000 
User 5, Acc 5 Balance 2298.000000, Deposit 941.000000 
User 4, Acc 4 Balance 892.000000, Withdraw 500.000000 
User 5, Acc 0 Balance 314.000000, Deposit 7.000000 
User 5, Acc 3 Balance 0.000000, Deposit 29.000000 
User 2, Acc 9 Balance 1363.000000, Transfer 617.000000 to Acc 1
User 1, Acc 0 Balance 314.000000, Withdraw 50.000000 
User 3, Acc 1 Balance 0.000000, Deposit 11.000000 
User 1, Acc 0 Balance 271.000000, Withdraw 150.000000 
User 3, Acc 2 Balance 0.000000, Deposit 9.000000 
User 1, Acc 0 Balance 121.000000, Deposit 300.000000 
User 5, Acc 7 Balance 19094.000000, Deposit 9.000000 
User 1, Acc 0 Balance 421.000000, Transfer 300.000000 to Acc 1
User 5, Acc 9 Balance 746.000000, Deposit 129.000000 
User 4, Acc 5 Balance 3239.000000, Withdraw 500.000000 
User 5, Acc 3 Balance 29.000000, Transfer 29.000000 to Acc 7
User 4, Acc 6 Balance 817.000000, Withdraw 500.000000 
User 5, Acc 7 Balance 19132.000000, Transfer 31.000000 to Acc 6
User 4, Acc 7 Balance 19132.000000, Withdraw 500.000000 
User 5, Acc 7 Balance 19101.000000, Transfer 137.000000 to Acc 5
[22;32mUser 4, Acc 8 Balance 0.000000, 				Withdraw 500.000000 --insufficient funds[0m
Balance in 1: 928.000000
User 4, Acc 9 Balance 875.000000, Withdraw 500.000000 
User 1, Acc 7 Balance 18464.000000, Deposit 9929.000000 
User 0, Acc 8 Balance 0.000000, Deposit 619.000000 
User 5, Acc 7 Balance 18464.000000, Transfer 3.000000 to Acc 4
User 0, Acc 8 Balance 619.000000, Transfer 619.000000 to Acc 2
User 5, Acc 7 Balance 28390.000000, Transfer 5.000000 to Acc 4
User 2, Acc 8 Balance 0.000000, Deposit 619.000000 
User 5, Acc 4 Balance 1337.000000, Withdraw 1167.000000 
User 3, Acc 3 Balance 29.000000, Transfer 29.000000 to Acc 7
User 3, Acc 7 Balance 28414.000000, Transfer 31.000000 to Acc 6
User 3, Acc 7 Balance 28383.000000, Transfer 137.000000 to Acc 5
User 3, Acc 7 Balance 28246.000000, Transfer 3.000000 to Acc 4
User 3, Acc 7 Balance 28243.000000, Transfer 5.000000 to Acc 4
User 3, Acc 3 Balance -29.000000, Deposit 929.000000 
User 3, Acc 4 Balance 178.000000, Deposit 937.000000 
User 3, Acc 5 Balance 3013.000000, Deposit 941.000000 
[22;32mUser 3, Acc 4 Balance 1115.000000, 				Withdraw 1167.000000 --insufficient funds[0m
User 0, Acc 7 Balance 28390.000000, Deposit 631.000000 
User 0, Acc 7 Balance 28869.000000, Transfer 631.000000 to Acc 3
User 0, Acc 6 Balance 379.000000, Deposit 641.000000 
User 1, Acc 4 Balance 1329.000000, Deposit 937.000000 
User 2, Acc 8 Balance 619.000000, Transfer 619.000000 to Acc 2
User 5, Acc 5 Balance 2876.000000, Withdraw 1307.000000 
User 3, Acc 5 Balance 3954.000000, Withdraw 1307.000000 
User 5, Acc 1 Balance 928.000000, Transfer 89.000000 to Acc 8
User 5, Acc 1 Balance 839.000000, Transfer 163.000000 to Acc 9
User 0, Acc 6 Balance 1020.000000, Transfer 641.000000 to Acc 4
User 1, Acc 5 Balance 3954.000000, Deposit 941.000000 
User 0, Acc 5 Balance 1340.000000, Deposit 643.000000 
User 1, Acc 0 Balance 121.000000, Deposit 7.000000 
User 1, Acc 3 Balance 1531.000000, Deposit 29.000000 
[22;32mUser 4, Acc 0 Balance 121.000000, 				Withdraw 500.000000 --insufficient funds[0m
User 2, Acc 7 Balance 28238.000000, Deposit 631.000000 
User 4, Acc 1 Balance 676.000000, Withdraw 500.000000 
User 3, Acc 1 Balance 839.000000, Transfer 89.000000 to Acc 8
User 4, Acc 2 Balance 1247.000000, Withdraw 500.000000 
User 5, Acc 1 Balance 676.000000, Withdraw 41.000000 
User 2, Acc 7 Balance 28869.000000, Transfer 631.000000 to Acc 3
User 0, Acc 5 Balance 2924.000000, Transfer 1200.000000 to Acc 6
User 1, Acc 7 Balance 28238.000000, Deposit 9.000000 
User 0, Acc 4 Balance 2693.000000, Deposit 647.000000 
User 3, Acc 1 Balance 87.000000, Withdraw 41.000000 
User 0, Acc 4 Balance 3340.000000, Transfer 1200.000000 to Acc 7
User 2, Acc 6 Balance 379.000000, Deposit 641.000000 
User 0, Acc 3 Balance 2191.000000, Deposit 653.000000 
User 4, Acc 3 Balance 1560.000000, Withdraw 500.000000 
User 3, Acc 2 Balance 747.000000, Withdraw 71.000000 
User 4, Acc 4 Balance 2140.000000, Withdraw 500.000000 
User 5, Acc 2 Balance 747.000000, Withdraw 71.000000 
User 2, Acc 6 Balance 2220.000000, Transfer 641.000000 to Acc 4
User 5, Acc 3 Balance 2344.000000, Withdraw 1127.000000 
User 2, Acc 5 Balance 1724.000000, Deposit 643.000000 
User 5, Acc 6 Balance 1579.000000, Withdraw 647.000000 
User 1, Acc 9 Balance 538.000000, Deposit 129.000000 
User 5, Acc 6 Balance 932.000000, Deposit 1953.000000 
User 0, Acc 3 Balance 2844.000000, Transfer 1200.000000 to Acc 8
User 5, Acc 7 Balance 29447.000000, Deposit 967.000000 
User 4, Acc 5 Balance 1724.000000, Withdraw 500.000000 
User 1, Acc 3 Balance 1217.000000, Transfer 29.000000 to Acc 7
User 3, Acc 3 Balance 2344.000000, Withdraw 1127.000000 
User 1, Acc 7 Balance 30443.000000, Transfer 31.000000 to Acc 6
User 3, Acc 6 Balance 2885.000000, Withdraw 647.000000 
User 3, Acc 6 Balance 2238.000000, Deposit 953.000000 
User 4, Acc 6 Balance 2885.000000, Withdraw 500.000000 
User 3, Acc 7 Balance 30412.000000, Deposit 967.000000 
User 2, Acc 5 Balance 2367.000000, Transfer 1200.000000 to Acc 6
User 3, Acc 2 Balance 605.000000, Transfer 23.000000 to Acc 7
User 3, Acc 6 Balance 2722.000000, Transfer 1167.000000 to Acc 5
User 2, Acc 4 Balance 2281.000000, Deposit 647.000000 
User 4, Acc 7 Balance 30412.000000, Withdraw 500.000000 
User 2, Acc 4 Balance 2928.000000, Transfer 1200.000000 to Acc 7
User 0, Acc 2 Balance 605.000000, Deposit 659.000000 
User 0, Acc 2 Balance 1241.000000, Transfer 1200.000000 to Acc 9
User 5, Acc 2 Balance 605.000000, Transfer 23.000000 to Acc 7
User 3, Acc 4 Balance 2281.000000, Transfer 53.000000 to Acc 5
User 2, Acc 3 Balance -1139.000000, Deposit 653.000000 
User 4, Acc 8 Balance 1378.000000, Withdraw 500.000000 
User 2, Acc 2 Balance 18.000000, Deposit 659.000000 
User 1, Acc 7 Balance 30412.000000, Transfer 137.000000 to Acc 5
User 1, Acc 7 Balance 31988.000000, Transfer 3.000000 to Acc 4
User 3, Acc 7 Balance 32125.000000, Withdraw 1593.000000 
User 4, Acc 9 Balance 1867.000000, Withdraw 500.000000 
User 2, Acc 1 Balance 5.000000, Deposit 661.000000 
[22;32mUser 4, Acc 0 Balance 128.000000, 				Withdraw 500.000000 --insufficient funds[0m
User 5, Acc 6 Balance 2755.000000, Transfer 1167.000000 to Acc 5
User 1, Acc 7 Balance 31985.000000, Transfer 5.000000 to Acc 4
User 5, Acc 4 Balance 1678.000000, Transfer 53.000000 to Acc 5
User 1, Acc 4 Balance 1683.000000, Withdraw 1167.000000 
User 5, Acc 7 Balance 30387.000000, Withdraw 1593.000000 
User 4, Acc 1 Balance 666.000000, Withdraw 500.000000 
User 5, Acc 8 Balance 878.000000, Withdraw 449.000000 
User 4, Acc 2 Balance 677.000000, Withdraw 500.000000 
User 1, Acc 5 Balance 3244.000000, Withdraw 1307.000000 
[22;32mUser 4, Acc 3 Balance -486.000000, 				Withdraw 500.000000 --insufficient funds[0m
User 1, Acc 1 Balance 166.000000, Transfer 89.000000 to Acc 8
[22;32mUser 4, Acc 4 Balance 463.000000, 				Withdraw 500.000000 --insufficient funds[0m
User 0, Acc 1 Balance 5.000000, Deposit 661.000000 
User 4, Acc 5 Balance 1937.000000, Withdraw 500.000000 
User 4, Acc 6 Balance 1588.000000, Withdraw 500.000000 
User 3, Acc 8 Balance 878.000000, Withdraw 449.000000 
User 4, Acc 7 Balance 28794.000000, Withdraw 500.000000 
User 5, Acc 9 Balance 1367.000000, Withdraw 163.000000 
User 2, Acc 0 Balance 128.000000, Deposit 673.000000 
User 0, Acc 0 Balance 128.000000, Deposit 673.000000 
User 2, Acc 1 Balance 738.000000, Withdraw 50.000000 
User 0, Acc 0 Balance 1474.000000, Transfer 1200.000000 to Acc 9
User 2, Acc 2 Balance 177.000000, Withdraw 50.000000 
[22;32mUser 2, Acc 3 Balance -486.000000, 				Withdraw 50.000000 --insufficient funds[0m
[22;32mUser 4, Acc 8 Balance 69.000000, 				Withdraw 500.000000 --insufficient funds[0m
User 5, Acc 9 Balance 1204.000000, Deposit 617.000000 
User 4, Acc 9 Balance 2404.000000, Withdraw 500.000000 
User 5, Acc 9 Balance 3021.000000, Transfer 617.000000 to Acc 9
[22;32mUser 4, Acc 0 Balance 274.000000, 				Withdraw 500.000000 --insufficient funds[0m
User 2, Acc 4 Balance 463.000000, Withdraw 50.000000 
User 3, Acc 9 Balance 1367.000000, Withdraw 163.000000 
User 2, Acc 5 Balance 1437.000000, Withdraw 50.000000 
User 3, Acc 0 Balance 274.000000, Deposit 7.000000 
User 3, Acc 1 Balance 688.000000, Deposit 11.000000 
User 2, Acc 6 Balance 1088.000000, Withdraw 50.000000 
User 3, Acc 2 Balance 127.000000, Deposit 9.000000 
User 0, Acc 1 Balance 688.000000, Withdraw 50.000000 
User 5, Acc 8 Balance 69.000000, Deposit 619.000000 
User 4, Acc 9 Balance 2521.000000, Deposit 617.000000 
User 2, Acc 7 Balance 28294.000000, Withdraw 50.000000 
User 3, Acc 7 Balance 28294.000000, Transfer 31.000000 to Acc 6
User 2, Acc 8 Balance 688.000000, Withdraw 50.000000 
User 2, Acc 9 Balance 2975.000000, Withdraw 50.000000 
User 0, Acc 2 Balance 136.000000, Withdraw 50.000000 
User 5, Acc 8 Balance 688.000000, Transfer 619.000000 to Acc 2
User 4, Acc 9 Balance 2975.000000, Transfer 617.000000 to Acc 9
User 1, Acc 1 Balance 77.000000, Withdraw 41.000000 
User 4, Acc 8 Balance 19.000000, Deposit 619.000000 
User 4, Acc 8 Balance 638.000000, Transfer 619.000000 to Acc 2
User 2, Acc 0 Balance 281.000000, Withdraw 50.000000 
[22;32mUser 0, Acc 3 Balance -486.000000, 				Withdraw 50.000000 --insufficient funds[0m
User 5, Acc 7 Balance 28213.000000, Deposit 631.000000 
User 3, Acc 7 Balance 28213.000000, Transfer 137.000000 to Acc 5
User 5, Acc 7 Balance 28844.000000, Transfer 631.000000 to Acc 3
User 3, Acc 7 Balance 28707.000000, Transfer 3.000000 to Acc 4
User 5, Acc 6 Balance 1069.000000, Deposit 641.000000 
User 2, Acc 7 Balance 28213.000000, Deposit 9929.000000 
User 5, Acc 6 Balance 1710.000000, Transfer 641.000000 to Acc 4
User 2, Acc 4 Balance 416.000000, Deposit 937.000000 
User 5, Acc 5 Balance 1524.000000, Deposit 643.000000 
User 2, Acc 5 Balance 1524.000000, Deposit 941.000000 
User 5, Acc 5 Balance 2167.000000, Transfer 1200.000000 to Acc 6
User 5, Acc 4 Balance 1994.000000, Deposit 647.000000 
User 3, Acc 7 Balance 28073.000000, Transfer 5.000000 to Acc 4
User 5, Acc 4 Balance 2641.000000, Transfer 1200.000000 to Acc 7
User 3, Acc 3 Balance 145.000000, Deposit 929.000000 
User 5, Acc 3 Balance 145.000000, Deposit 653.000000 
User 2, Acc 0 Balance 231.000000, Deposit 7.000000 
User 5, Acc 3 Balance 1727.000000, Transfer 1200.000000 to Acc 8
User 2, Acc 3 Balance 1727.000000, Deposit 29.000000 
User 5, Acc 2 Balance 1324.000000, Deposit 659.000000 
User 2, Acc 7 Balance 39197.000000, Deposit 9.000000 
User 4, Acc 7 Balance 28213.000000, Deposit 631.000000 
User 2, Acc 9 Balance 2925.000000, Deposit 129.000000 
User 4, Acc 7 Balance 39837.000000, Transfer 631.000000 to Acc 3
User 5, Acc 2 Balance 1983.000000, Transfer 1200.000000 to Acc 9
User 0, Acc 4 Balance 413.000000, Withdraw 50.000000 
User 5, Acc 1 Balance 608.000000, Deposit 661.000000 
User 1, Acc 2 Balance 705.000000, Withdraw 71.000000 
User 3, Acc 4 Balance 1446.000000, Deposit 937.000000 
User 2, Acc 3 Balance 556.000000, Transfer 29.000000 to Acc 7
User 4, Acc 6 Balance 2269.000000, Deposit 641.000000 
User 2, Acc 7 Balance 39235.000000, Transfer 31.000000 to Acc 6
User 0, Acc 5 Balance 1908.000000, Withdraw 50.000000 
User 2, Acc 7 Balance 39204.000000, Transfer 137.000000 to Acc 5
User 0, Acc 6 Balance 2941.000000, Withdraw 50.000000 
User 3, Acc 5 Balance 1908.000000, Deposit 941.000000 
User 5, Acc 1 Balance 1269.000000, Transfer 1200.000000 to Acc 9
User 4, Acc 6 Balance 2910.000000, Transfer 641.000000 to Acc 4
User 5, Acc 0 Balance 238.000000, Deposit 673.000000 
User 5, Acc 1 Balance 69.000000, Withdraw 50.000000 
User 0, Acc 7 Balance 39204.000000, Withdraw 50.000000 
User 2, Acc 7 Balance 39067.000000, Transfer 3.000000 to Acc 4
User 0, Acc 8 Balance 1219.000000, Withdraw 50.000000 
User 2, Acc 7 Balance 39014.000000, Transfer 5.000000 to Acc 4
User 0, Acc 9 Balance 5454.000000, Withdraw 50.000000 
User 4, Acc 5 Balance 2936.000000, Deposit 643.000000 
User 0, Acc 0 Balance 911.000000, Withdraw 50.000000 
User 5, Acc 2 Balance 712.000000, Withdraw 50.000000 
User 3, Acc 4 Balance 2333.000000, Withdraw 1167.000000 
User 1, Acc 3 Balance 1187.000000, Withdraw 1127.000000 
User 3, Acc 5 Balance 3579.000000, Withdraw 1307.000000 
User 4, Acc 5 Balance 3579.000000, Transfer 1200.000000 to Acc 6
User 0, Acc 0 Balance 861.000000, Deposit 7.000000 
User 4, Acc 4 Balance 1815.000000, Deposit 647.000000 
User 0, Acc 1 Balance 19.000000, Deposit 11.000000 
User 4, Acc 4 Balance 2462.000000, Transfer 1200.000000 to Acc 7
User 0, Acc 2 Balance 662.000000, Deposit 9.000000 
User 4, Acc 3 Balance 31.000000, Deposit 653.000000 
User 4, Acc 2 Balance 662.000000, Deposit 659.000000 
User 1, Acc 6 Balance 2250.000000, Withdraw 647.000000 
User 4, Acc 2 Balance 1330.000000, Transfer 1200.000000 to Acc 9
User 1, Acc 6 Balance 2803.000000, Deposit 1953.000000 
User 4, Acc 1 Balance 30.000000, Deposit 661.000000 
User 4, Acc 0 Balance 868.000000, Deposit 673.000000 
User 0, Acc 3 Balance 684.000000, Transfer 29.000000 to Acc 7
User 4, Acc 0 Balance 1541.000000, Transfer 1200.000000 to Acc 9
User 0, Acc 7 Balance 40238.000000, Transfer 31.000000 to Acc 6
User 4, Acc 1 Balance 691.000000, Withdraw 50.000000 
User 1, Acc 7 Balance 40209.000000, Deposit 967.000000 
User 4, Acc 2 Balance 130.000000, Withdraw 50.000000 
User 1, Acc 1 Balance 641.000000, Transfer 19.000000 to Acc 7
User 4, Acc 3 Balance 655.000000, Withdraw 50.000000 
User 2, Acc 4 Balance 2982.000000, Withdraw 1167.000000 
[22;32mUser 3, Acc 1 Balance 19.000000, 				Withdraw 41.000000 --insufficient funds[0m
[22;32mUser 2, Acc 5 Balance 1072.000000, 				Withdraw 1307.000000 --insufficient funds[0m
User 3, Acc 2 Balance 80.000000, Withdraw 71.000000 
User 2, Acc 1 Balance 622.000000, Transfer 89.000000 to Acc 8
User 0, Acc 7 Balance 40207.000000, Transfer 137.000000 to Acc 5
User 5, Acc 3 Balance 1158.000000, Withdraw 50.000000 
User 0, Acc 7 Balance 41056.000000, Transfer 3.000000 to Acc 4
User 5, Acc 4 Balance 95.000000, Withdraw 50.000000 
User 5, Acc 5 Balance 1209.000000, Withdraw 50.000000 
User 2, Acc 1 Balance 533.000000, Transfer 163.000000 to Acc 9
User 1, Acc 2 Balance 80.000000, Transfer 23.000000 to Acc 7
User 2, Acc 1 Balance 370.000000, Withdraw 41.000000 
User 1, Acc 6 Balance 4787.000000, Transfer 1167.000000 to Acc 5
[22;32mUser 2, Acc 2 Balance -14.000000, 				Withdraw 71.000000 --insufficient funds[0m
[22;32mUser 2, Acc 3 Balance 555.000000, 				Withdraw 1127.000000 --insufficient funds[0m
User 5, Acc 6 Balance 4787.000000, Withdraw 50.000000 
[22;32mUser 3, Acc 3 Balance 605.000000, 				Withdraw 1127.000000 --insufficient funds[0m
User 5, Acc 7 Balance 41076.000000, Withdraw 50.000000 
User 3, Acc 6 Balance 3570.000000, Withdraw 647.000000 
User 5, Acc 8 Balance 1258.000000, Withdraw 50.000000 
User 5, Acc 9 Balance 7967.000000, Withdraw 50.000000 
User 2, Acc 6 Balance 3620.000000, Withdraw 647.000000 
User 0, Acc 7 Balance 41053.000000, Transfer 5.000000 to Acc 4
User 2, Acc 6 Balance 2276.000000, Deposit 1953.000000 
User 0, Acc 3 Balance 555.000000, Deposit 929.000000 
User 2, Acc 7 Balance 41021.000000, Deposit 967.000000 
User 3, Acc 6 Balance 2923.000000, Deposit 953.000000 
User 0, Acc 4 Balance 53.000000, Deposit 937.000000 
User 3, Acc 7 Balance 41988.000000, Deposit 967.000000 
User 4, Acc 4 Balance 1262.000000, Withdraw 50.000000 
User 3, Acc 1 Balance 329.000000, Transfer 19.000000 to Acc 7
User 4, Acc 5 Balance 2326.000000, Withdraw 50.000000 
User 0, Acc 5 Balance 2326.000000, Deposit 941.000000 
User 2, Acc 1 Balance 329.000000, Transfer 19.000000 to Acc 7
[22;32mUser 0, Acc 4 Balance 940.000000, 				Withdraw 1167.000000 --insufficient funds[0m
User 3, Acc 6 Balance 5182.000000, Transfer 1167.000000 to Acc 5
User 5, Acc 0 Balance 341.000000, Withdraw 50.000000 
User 4, Acc 6 Balance 5182.000000, Withdraw 50.000000 
User 5, Acc 9 Balance 7917.000000, Deposit 617.000000 
User 4, Acc 7 Balance 42993.000000, Withdraw 50.000000 
User 4, Acc 8 Balance 1208.000000, Withdraw 50.000000 
User 0, Acc 5 Balance 3217.000000, Withdraw 1307.000000 
User 3, Acc 4 Balance 940.000000, Transfer 53.000000 to Acc 5
User 0, Acc 1 Balance 291.000000, Transfer 89.000000 to Acc 8
User 5, Acc 9 Balance 8534.000000, Transfer 617.000000 to Acc 1
User 2, Acc 6 Balance 5182.000000, Transfer 1167.000000 to Acc 5
User 4, Acc 9 Balance 8534.000000, Withdraw 50.000000 
User 1, Acc 7 Balance 41076.000000, Withdraw 1593.000000 
User 4, Acc 0 Balance 291.000000, Withdraw 50.000000 
User 0, Acc 1 Balance 202.000000, Transfer 163.000000 to Acc 9
User 5, Acc 8 Balance 1247.000000, Deposit 619.000000 
User 0, Acc 1 Balance 656.000000, Withdraw 41.000000 
[22;32mUser 0, Acc 2 Balance -14.000000, 				Withdraw 71.000000 --insufficient funds[0m
User 3, Acc 7 Balance 42943.000000, Withdraw 1593.000000 
User 0, Acc 3 Balance 1484.000000, Withdraw 1127.000000 
User 3, Acc 8 Balance 1866.000000, Withdraw 449.000000 
User 4, Acc 7 Balance 41350.000000, Deposit 9929.000000 
User 2, Acc 4 Balance 887.000000, Transfer 53.000000 to Acc 5
User 4, Acc 4 Balance 887.000000, Deposit 937.000000 
User 2, Acc 7 Balance 49686.000000, Withdraw 1593.000000 
User 2, Acc 8 Balance 1417.000000, Withdraw 449.000000 
User 3, Acc 9 Balance 8030.000000, Withdraw 163.000000 
User 2, Acc 9 Balance 8030.000000, Withdraw 163.000000 
User 3, Acc 9 Balance 7867.000000, Deposit 617.000000 
User 2, Acc 7 Balance 48093.000000, Deposit 9929.000000 
User 4, Acc 5 Balance 4350.000000, Deposit 941.000000 
User 5, Acc 8 Balance 1866.000000, Transfer 619.000000 to Acc 2
User 1, Acc 8 Balance 1247.000000, Withdraw 449.000000 
User 5, Acc 7 Balance 58022.000000, Deposit 631.000000 
User 3, Acc 9 Balance 8321.000000, Transfer 617.000000 to Acc 9
User 0, Acc 6 Balance 2798.000000, Withdraw 647.000000 
User 3, Acc 8 Balance -100.000000, Deposit 619.000000 
User 3, Acc 7 Balance 58653.000000, Deposit 631.000000 
User 4, Acc 0 Balance 241.000000, Deposit 7.000000 
User 5, Acc 7 Balance 58653.000000, Transfer 631.000000 to Acc 3
User 4, Acc 3 Balance 357.000000, Deposit 29.000000 
User 4, Acc 7 Balance 58653.000000, Deposit 9.000000 
User 0, Acc 6 Balance 2151.000000, Deposit 953.000000 
User 4, Acc 9 Balance 8321.000000, Deposit 129.000000 
User 0, Acc 7 Balance 58662.000000, Deposit 967.000000 
User 4, Acc 3 Balance 1017.000000, Transfer 29.000000 to Acc 7
User 0, Acc 1 Balance 615.000000, Transfer 19.000000 to Acc 7
User 0, Acc 2 Balance 605.000000, Transfer 23.000000 to Acc 7
User 3, Acc 7 Balance 59284.000000, Transfer 631.000000 to Acc 3
User 0, Acc 6 Balance 3104.000000, Transfer 1167.000000 to Acc 5
User 5, Acc 6 Balance 2151.000000, Deposit 641.000000 
User 2, Acc 4 Balance 1771.000000, Deposit 937.000000 
User 4, Acc 7 Balance 59677.000000, Transfer 31.000000 to Acc 6
User 2, Acc 5 Balance 6458.000000, Deposit 941.000000 
User 4, Acc 7 Balance 59038.000000, Transfer 137.000000 to Acc 5
User 2, Acc 0 Balance 248.000000, Deposit 7.000000 
User 0, Acc 4 Balance 1771.000000, Transfer 53.000000 to Acc 5
User 1, Acc 9 Balance 8321.000000, Withdraw 163.000000 
User 0, Acc 7 Balance 58901.000000, Withdraw 1593.000000 
User 1, Acc 9 Balance 8287.000000, Deposit 617.000000 
User 4, Acc 7 Balance 58901.000000, Transfer 3.000000 to Acc 4
User 2, Acc 3 Balance 1619.000000, Deposit 29.000000 
User 4, Acc 7 Balance 57305.000000, Transfer 5.000000 to Acc 4
User 2, Acc 7 Balance 57305.000000, Deposit 9.000000 
User 0, Acc 8 Balance 519.000000, Withdraw 449.000000 
User 5, Acc 6 Balance 2578.000000, Transfer 641.000000 to Acc 4
User 3, Acc 6 Balance 3104.000000, Deposit 641.000000 
User 5, Acc 5 Balance 7589.000000, Deposit 643.000000 
User 5, Acc 5 Balance 8232.000000, Transfer 1200.000000 to Acc 6
User 1, Acc 9 Balance 8904.000000, Transfer 617.000000 to Acc 1
User 5, Acc 4 Balance 3304.000000, Deposit 647.000000 
User 0, Acc 9 Balance 8904.000000, Withdraw 163.000000 
User 5, Acc 4 Balance 3951.000000, Transfer 1200.000000 to Acc 7
User 5, Acc 3 Balance 1648.000000, Deposit 653.000000 
User 0, Acc 9 Balance 8124.000000, Deposit 617.000000 
User 2, Acc 9 Balance 8904.000000, Deposit 129.000000 
User 1, Acc 8 Balance 70.000000, Deposit 619.000000 
User 2, Acc 3 Balance 2301.000000, Transfer 29.000000 to Acc 7
User 2, Acc 7 Balance 58538.000000, Transfer 31.000000 to Acc 6
User 3, Acc 6 Balance 2609.000000, Transfer 641.000000 to Acc 4
User 2, Acc 7 Balance 58507.000000, Transfer 137.000000 to Acc 5
User 0, Acc 9 Balance 8741.000000, Transfer 617.000000 to Acc 9
User 2, Acc 7 Balance 58370.000000, Transfer 3.000000 to Acc 4
User 2, Acc 7 Balance 58367.000000, Transfer 5.000000 to Acc 4
User 0, Acc 8 Balance 689.000000, Deposit 619.000000 
User 5, Acc 3 Balance 2301.000000, Transfer 1200.000000 to Acc 8
User 3, Acc 5 Balance 7032.000000, Deposit 643.000000 
User 5, Acc 2 Balance 582.000000, Deposit 659.000000 
User 5, Acc 2 Balance 1241.000000, Transfer 1200.000000 to Acc 9
User 4, Acc 4 Balance 2663.000000, Withdraw 1167.000000 
User 2, Acc 4 Balance 3400.000000, Withdraw 1167.000000 
User 0, Acc 8 Balance 1308.000000, Transfer 619.000000 to Acc 2
User 1, Acc 8 Balance 689.000000, Transfer 619.000000 to Acc 2
User 0, Acc 7 Balance 58362.000000, Deposit 631.000000 
User 1, Acc 7 Balance 58362.000000, Deposit 631.000000 
User 0, Acc 7 Balance 58993.000000, Transfer 631.000000 to Acc 3
User 2, Acc 5 Balance 7812.000000, Withdraw 1307.000000 
User 3, Acc 5 Balance 7812.000000, Transfer 1200.000000 to Acc 6
User 2, Acc 1 Balance 1213.000000, Transfer 89.000000 to Acc 8
User 1, Acc 7 Balance 59624.000000, Transfer 631.000000 to Acc 3
User 2, Acc 1 Balance 1124.000000, Transfer 163.000000 to Acc 9
User 1, Acc 6 Balance 4399.000000, Deposit 641.000000 
User 2, Acc 1 Balance 961.000000, Withdraw 41.000000 
User 5, Acc 1 Balance 1213.000000, Deposit 661.000000 
User 2, Acc 2 Balance 1279.000000, Withdraw 71.000000 
User 4, Acc 5 Balance 7812.000000, Withdraw 1307.000000 
User 0, Acc 6 Balance 3199.000000, Deposit 641.000000 
User 4, Acc 1 Balance 1581.000000, Transfer 89.000000 to Acc 8
User 0, Acc 6 Balance 5681.000000, Transfer 641.000000 to Acc 4
User 4, Acc 1 Balance 1492.000000, Transfer 163.000000 to Acc 9
User 4, Acc 1 Balance 1329.000000, Withdraw 41.000000 
User 4, Acc 2 Balance 1208.000000, Withdraw 71.000000 
User 4, Acc 3 Balance 2334.000000, Withdraw 1127.000000 
User 4, Acc 6 Balance 5040.000000, Withdraw 647.000000 
User 4, Acc 6 Balance 4393.000000, Deposit 1953.000000 
User 4, Acc 7 Balance 58362.000000, Deposit 967.000000 
User 0, Acc 5 Balance 3998.000000, Deposit 643.000000 
User 0, Acc 5 Balance 4641.000000, Transfer 1200.000000 to Acc 6
User 0, Acc 4 Balance 1707.000000, Deposit 647.000000 
User 0, Acc 4 Balance 2354.000000, Transfer 1200.000000 to Acc 7
User 0, Acc 3 Balance 1207.000000, Deposit 653.000000 
User 0, Acc 3 Balance 1860.000000, Transfer 1200.000000 to Acc 8
User 0, Acc 2 Balance 1137.000000, Deposit 659.000000 
User 0, Acc 2 Balance 1796.000000, Transfer 1200.000000 to Acc 9
User 0, Acc 1 Balance 1288.000000, Deposit 661.000000 
User 4, Acc 1 Balance 1288.000000, Transfer 19.000000 to Acc 7
User 4, Acc 2 Balance 596.000000, Transfer 23.000000 to Acc 7
User 1, Acc 6 Balance 5040.000000, Transfer 641.000000 to Acc 4
User 4, Acc 6 Balance 7546.000000, Transfer 1167.000000 to Acc 5
User 1, Acc 5 Balance 3441.000000, Deposit 643.000000 
User 1, Acc 5 Balance 4084.000000, Transfer 1200.000000 to Acc 6
User 2, Acc 3 Balance 2334.000000, Withdraw 1127.000000 
User 0, Acc 1 Balance 1949.000000, Transfer 1200.000000 to Acc 9
User 2, Acc 6 Balance 6938.000000, Withdraw 647.000000 
User 3, Acc 4 Balance 1066.000000, Deposit 647.000000 
User 5, Acc 1 Balance 1581.000000, Transfer 1200.000000 to Acc 9
User 4, Acc 4 Balance 1795.000000, Transfer 53.000000 to Acc 5
User 5, Acc 0 Balance 255.000000, Deposit 673.000000 
User 1, Acc 4 Balance 1795.000000, Deposit 647.000000 
User 1, Acc 4 Balance 3036.000000, Transfer 1200.000000 to Acc 7
User 1, Acc 3 Balance -467.000000, Deposit 653.000000 
User 1, Acc 2 Balance 573.000000, Deposit 659.000000 
User 1, Acc 2 Balance 1232.000000, Transfer 1200.000000 to Acc 9
User 1, Acc 1 Balance -470.000000, Deposit 661.000000 
User 1, Acc 0 Balance 928.000000, Deposit 673.000000 
User 1, Acc 0 Balance 1601.000000, Transfer 1200.000000 to Acc 9
User 1, Acc 1 Balance 191.000000, Withdraw 50.000000 
[22;32mUser 1, Acc 2 Balance 32.000000, 				Withdraw 50.000000 --insufficient funds[0m
User 1, Acc 3 Balance 186.000000, Withdraw 50.000000 
User 1, Acc 4 Balance 1836.000000, Withdraw 50.000000 
User 1, Acc 5 Balance 4104.000000, Withdraw 50.000000 
User 1, Acc 6 Balance 6291.000000, Withdraw 50.000000 
User 1, Acc 7 Balance 61771.000000, Withdraw 50.000000 
User 1, Acc 8 Balance 2648.000000, Withdraw 50.000000 
User 1, Acc 9 Balance 16396.000000, Withdraw 50.000000 
User 1, Acc 0 Balance 401.000000, Withdraw 50.000000 
User 1, Acc 0 Balance 351.000000, Deposit 7.000000 
User 1, Acc 1 Balance 141.000000, Deposit 11.000000 
User 1, Acc 2 Balance 32.000000, Deposit 9.000000 
User 1, Acc 3 Balance 136.000000, Transfer 29.000000 to Acc 7
User 1, Acc 7 Balance 61750.000000, Transfer 31.000000 to Acc 6
User 1, Acc 7 Balance 61719.000000, Transfer 137.000000 to Acc 5
User 1, Acc 7 Balance 61582.000000, Transfer 3.000000 to Acc 4
[22;32mUser 5, Acc 1 Balance -470.000000, 				Withdraw 50.000000 --insufficient funds[0m
[22;32mUser 5, Acc 2 Balance 41.000000, 				Withdraw 50.000000 --insufficient funds[0m
User 5, Acc 3 Balance 107.000000, Withdraw 50.000000 
User 5, Acc 4 Balance 1789.000000, Withdraw 50.000000 
User 5, Acc 5 Balance 4191.000000, Withdraw 50.000000 
User 5, Acc 6 Balance 6272.000000, Withdraw 50.000000 
User 5, Acc 7 Balance 61579.000000, Withdraw 50.000000 
User 5, Acc 8 Balance 2598.000000, Withdraw 50.000000 
User 5, Acc 9 Balance 16346.000000, Withdraw 50.000000 
User 1, Acc 7 Balance 61579.000000, Transfer 5.000000 to Acc 4
User 5, Acc 0 Balance 358.000000, Withdraw 50.000000 
User 1, Acc 3 Balance 57.000000, Deposit 929.000000 
User 0, Acc 0 Balance 255.000000, Deposit 673.000000 
User 3, Acc 4 Balance 2442.000000, Transfer 1200.000000 to Acc 7
User 4, Acc 7 Balance 60571.000000, Withdraw 1593.000000 
User 5, Acc 9 Balance 16296.000000, Deposit 617.000000 
User 5, Acc 9 Balance 16913.000000, Transfer 617.000000 to Acc 9
User 5, Acc 8 Balance 2548.000000, Deposit 619.000000 
User 5, Acc 8 Balance 3167.000000, Transfer 619.000000 to Acc 2
User 5, Acc 7 Balance 61131.000000, Deposit 631.000000 
User 5, Acc 7 Balance 61762.000000, Transfer 631.000000 to Acc 3
User 5, Acc 6 Balance 6222.000000, Deposit 641.000000 
User 5, Acc 6 Balance 6863.000000, Transfer 641.000000 to Acc 4
User 5, Acc 5 Balance 4141.000000, Deposit 643.000000 
User 5, Acc 5 Balance 4784.000000, Transfer 1200.000000 to Acc 6
User 5, Acc 4 Balance 1185.000000, Deposit 647.000000 
User 4, Acc 8 Balance 2548.000000, Withdraw 449.000000 
User 5, Acc 4 Balance 1832.000000, Transfer 1200.000000 to Acc 7
User 4, Acc 9 Balance 16913.000000, Withdraw 163.000000 
User 5, Acc 3 Balance 1617.000000, Deposit 653.000000 
User 4, Acc 0 Balance 981.000000, Deposit 400.000000 
User 0, Acc 1 Balance 152.000000, Withdraw 50.000000 
User 3, Acc 3 Balance 986.000000, Deposit 653.000000 
User 0, Acc 2 Balance 660.000000, Withdraw 50.000000 
User 3, Acc 3 Balance 2923.000000, Transfer 1200.000000 to Acc 8
User 0, Acc 3 Balance 2923.000000, Withdraw 50.000000 
User 4, Acc 0 Balance 1381.000000, Withdraw 200.000000 
User 0, Acc 4 Balance 632.000000, Withdraw 50.000000 
User 0, Acc 5 Balance 3584.000000, Withdraw 50.000000 
User 3, Acc 2 Balance 610.000000, Deposit 659.000000 
User 0, Acc 6 Balance 7422.000000, Withdraw 50.000000 
User 1, Acc 4 Balance 1744.000000, Deposit 937.000000 
User 0, Acc 7 Balance 62331.000000, Withdraw 50.000000 
User 3, Acc 2 Balance 1269.000000, Transfer 1200.000000 to Acc 9
User 0, Acc 8 Balance 3299.000000, Withdraw 50.000000 
User 5, Acc 3 Balance 2270.000000, Transfer 1200.000000 to Acc 8
User 0, Acc 9 Balance 17950.000000, Withdraw 50.000000 
User 5, Acc 2 Balance 69.000000, Deposit 659.000000 
User 0, Acc 0 Balance 1181.000000, Withdraw 50.000000 
User 5, Acc 1 Balance 102.000000, Deposit 661.000000 
User 0, Acc 0 Balance 1131.000000, Deposit 7.000000 
User 5, Acc 0 Balance 1131.000000, Deposit 673.000000 
User 0, Acc 1 Balance 763.000000, Deposit 11.000000 
User 5, Acc 0 Balance 1811.000000, Transfer 1200.000000 to Acc 9
User 4, Acc 0 Balance 1181.000000, Deposit 100.000000 
User 1, Acc 5 Balance 3534.000000, Deposit 941.000000 
User 4, Acc 0 Balance 711.000000, Withdraw 50.000000 
User 3, Acc 1 Balance 102.000000, Deposit 661.000000 
User 4, Acc 0 Balance 661.000000, Withdraw 150.000000 
User 5, Acc 1 Balance 774.000000, Withdraw 50.000000 
User 4, Acc 0 Balance 511.000000, Deposit 300.000000 
User 5, Acc 2 Balance 728.000000, Withdraw 50.000000 
User 4, Acc 0 Balance 811.000000, Transfer 300.000000 to Acc 1
User 5, Acc 3 Balance 473.000000, Withdraw 50.000000 
User 5, Acc 4 Balance 1519.000000, Withdraw 50.000000 
User 5, Acc 5 Balance 4475.000000, Withdraw 50.000000 
User 5, Acc 6 Balance 7372.000000, Withdraw 50.000000 
Balance in 1: 1685.000000
User 5, Acc 7 Balance 62281.000000, Withdraw 50.000000 
User 5, Acc 8 Balance 4449.000000, Withdraw 50.000000 
User 5, Acc 9 Balance 19100.000000, Withdraw 50.000000 
User 5, Acc 0 Balance 511.000000, Withdraw 50.000000 
User 4, Acc 1 Balance 1685.000000, Withdraw 500.000000 
User 5, Acc 0 Balance 461.000000, Deposit 7.000000 
User 5, Acc 1 Balance 1685.000000, Deposit 11.000000 
User 5, Acc 2 Balance 678.000000, Deposit 9.000000 
User 1, Acc 4 Balance 1519.000000, Withdraw 1167.000000 
User 5, Acc 3 Balance 423.000000, Transfer 29.000000 to Acc 7
User 4, Acc 2 Balance 678.000000, Withdraw 500.000000 
User 3, Acc 1 Balance 1435.000000, Transfer 1200.000000 to Acc 9
[22;32mUser 4, Acc 3 Balance 394.000000, 				Withdraw 500.000000 --insufficient funds[0m
User 1, Acc 5 Balance 4425.000000, Withdraw 1307.000000 
User 0, Acc 2 Balance 728.000000, Deposit 9.000000 
User 5, Acc 7 Balance 62260.000000, Transfer 31.000000 to Acc 6
[22;32mUser 4, Acc 4 Balance 302.000000, 				Withdraw 500.000000 --insufficient funds[0m
User 5, Acc 7 Balance 62229.000000, Transfer 137.000000 to Acc 5
[22;32mUser 1, Acc 1 Balance -4.000000, 				Withdraw 41.000000 --insufficient funds[0m
User 1, Acc 2 Balance 196.000000, Withdraw 71.000000 
[22;32mUser 1, Acc 3 Balance 394.000000, 				Withdraw 1127.000000 --insufficient funds[0m
User 1, Acc 6 Balance 7353.000000, Withdraw 647.000000 
User 1, Acc 6 Balance 6706.000000, Deposit 953.000000 
User 1, Acc 7 Balance 62092.000000, Deposit 967.000000 
User 5, Acc 7 Balance 62092.000000, Transfer 3.000000 to Acc 4
User 0, Acc 3 Balance 394.000000, Transfer 29.000000 to Acc 7
User 5, Acc 7 Balance 63056.000000, Transfer 5.000000 to Acc 4
User 0, Acc 7 Balance 63085.000000, Transfer 31.000000 to Acc 6
User 5, Acc 3 Balance 365.000000, Deposit 929.000000 
User 0, Acc 7 Balance 63049.000000, Transfer 137.000000 to Acc 5
User 5, Acc 4 Balance 310.000000, Deposit 937.000000 
User 5, Acc 5 Balance 3392.000000, Deposit 941.000000 
User 5, Acc 4 Balance 1247.000000, Withdraw 1167.000000 
User 5, Acc 5 Balance 4333.000000, Withdraw 1307.000000 
[22;32mUser 5, Acc 1 Balance -4.000000, 				Withdraw 41.000000 --insufficient funds[0m
User 4, Acc 5 Balance 3118.000000, Withdraw 500.000000 
User 5, Acc 2 Balance 125.000000, Withdraw 71.000000 
User 4, Acc 6 Balance 7690.000000, Withdraw 500.000000 
User 5, Acc 3 Balance 1294.000000, Withdraw 1127.000000 
User 0, Acc 7 Balance 62912.000000, Transfer 3.000000 to Acc 4
User 5, Acc 6 Balance 7190.000000, Withdraw 647.000000 
User 0, Acc 7 Balance 62909.000000, Transfer 5.000000 to Acc 4
User 5, Acc 6 Balance 6543.000000, Deposit 953.000000 
User 0, Acc 3 Balance 167.000000, Deposit 929.000000 
User 5, Acc 7 Balance 62904.000000, Deposit 967.000000 
User 4, Acc 7 Balance 62912.000000, Withdraw 500.000000 
User 4, Acc 8 Balance 4399.000000, Withdraw 500.000000 
User 3, Acc 0 Balance 468.000000, Deposit 673.000000 
User 4, Acc 9 Balance 20250.000000, Withdraw 500.000000 
[22;32mUser 3, Acc 1 Balance -4.000000, 				Withdraw 50.000000 --insufficient funds[0m
User 0, Acc 4 Balance 88.000000, Deposit 937.000000 
User 5, Acc 2 Balance 54.000000, Transfer 23.000000 to Acc 7
User 3, Acc 2 Balance 54.000000, Withdraw 50.000000 
User 5, Acc 6 Balance 7496.000000, Transfer 1167.000000 to Acc 5
User 1, Acc 2 Balance 125.000000, Transfer 23.000000 to Acc 7
User 5, Acc 4 Balance 1025.000000, Transfer 53.000000 to Acc 5
User 3, Acc 3 Balance 1096.000000, Withdraw 50.000000 
User 5, Acc 7 Balance 63417.000000, Withdraw 1593.000000 
User 1, Acc 6 Balance 6329.000000, Transfer 1167.000000 to Acc 5
User 5, Acc 8 Balance 3899.000000, Withdraw 449.000000 
User 1, Acc 4 Balance 972.000000, Transfer 53.000000 to Acc 5
User 4, Acc 0 Balance 1141.000000, Withdraw 500.000000 
User 0, Acc 5 Balance 2526.000000, Deposit 941.000000 
User 5, Acc 9 Balance 19750.000000, Withdraw 163.000000 
User 1, Acc 7 Balance 61824.000000, Withdraw 1593.000000 
User 5, Acc 9 Balance 19587.000000, Deposit 617.000000 
[22;32mUser 4, Acc 1 Balance -4.000000, 				Withdraw 500.000000 --insufficient funds[0m
User 5, Acc 9 Balance 20204.000000, Transfer 617.000000 to Acc 1
[22;32mUser 0, Acc 4 Balance 919.000000, 				Withdraw 1167.000000 --insufficient funds[0m
User 5, Acc 8 Balance 3450.000000, Deposit 619.000000 
User 0, Acc 5 Balance 5907.000000, Withdraw 1307.000000 
User 5, Acc 8 Balance 4069.000000, Transfer 619.000000 to Acc 2
User 0, Acc 1 Balance 613.000000, Transfer 89.000000 to Acc 8
User 5, Acc 7 Balance 60231.000000, Deposit 631.000000 
[22;32mUser 4, Acc 2 Balance -42.000000, 				Withdraw 500.000000 --insufficient funds[0m
User 1, Acc 8 Balance 3450.000000, Withdraw 449.000000 
User 4, Acc 3 Balance 1046.000000, Withdraw 500.000000 
User 3, Acc 4 Balance 972.000000, Withdraw 50.000000 
User 4, Acc 4 Balance 919.000000, Withdraw 500.000000 
User 5, Acc 7 Balance 60862.000000, Transfer 631.000000 to Acc 3
User 4, Acc 5 Balance 4600.000000, Withdraw 500.000000 
User 5, Acc 6 Balance 5162.000000, Deposit 641.000000 
User 0, Acc 1 Balance 524.000000, Transfer 163.000000 to Acc 9
User 1, Acc 9 Balance 19587.000000, Withdraw 163.000000 
User 0, Acc 1 Balance 361.000000, Withdraw 41.000000 
User 3, Acc 5 Balance 4600.000000, Withdraw 50.000000 
User 0, Acc 2 Balance 577.000000, Withdraw 71.000000 
User 0, Acc 3 Balance 1177.000000, Withdraw 1127.000000 
User 3, Acc 6 Balance 5803.000000, Withdraw 50.000000 
User 0, Acc 6 Balance 5803.000000, Withdraw 647.000000 
User 5, Acc 6 Balance 5803.000000, Transfer 641.000000 to Acc 4
User 1, Acc 9 Balance 19587.000000, Deposit 617.000000 
User 5, Acc 5 Balance 4050.000000, Deposit 643.000000 
User 4, Acc 6 Balance 5162.000000, Withdraw 500.000000 
User 5, Acc 5 Balance 4693.000000, Transfer 1200.000000 to Acc 6
User 5, Acc 4 Balance 1010.000000, Deposit 647.000000 
User 5, Acc 4 Balance 1657.000000, Transfer 1200.000000 to Acc 7
User 5, Acc 3 Balance 50.000000, Deposit 653.000000 
User 0, Acc 6 Balance 5106.000000, Deposit 953.000000 
User 0, Acc 7 Balance 61431.000000, Deposit 967.000000 
User 0, Acc 1 Balance 320.000000, Transfer 19.000000 to Acc 7
User 0, Acc 2 Balance 506.000000, Transfer 23.000000 to Acc 7
User 0, Acc 6 Balance 6118.000000, Transfer 1167.000000 to Acc 5
User 0, Acc 4 Balance 457.000000, Transfer 53.000000 to Acc 5
User 0, Acc 7 Balance 62440.000000, Withdraw 1593.000000 
User 0, Acc 8 Balance 3090.000000, Withdraw 449.000000 
User 0, Acc 9 Balance 20204.000000, Withdraw 163.000000 
User 4, Acc 7 Balance 60231.000000, Withdraw 500.000000 
User 0, Acc 0 Balance 641.000000, Deposit 400.000000 
User 4, Acc 8 Balance 2641.000000, Withdraw 500.000000 
User 0, Acc 0 Balance 1041.000000, Withdraw 200.000000 
User 5, Acc 2 Balance 506.000000, Deposit 659.000000 
User 3, Acc 7 Balance 60231.000000, Withdraw 50.000000 
User 5, Acc 1 Balance 301.000000, Deposit 661.000000 
User 1, Acc 9 Balance 20204.000000, Transfer 617.000000 to Acc 1
User 5, Acc 0 Balance 841.000000, Deposit 673.000000 
User 1, Acc 8 Balance 2141.000000, Deposit 619.000000 
User 5, Acc 0 Balance 1514.000000, Transfer 1200.000000 to Acc 9
User 4, Acc 9 Balance 20041.000000, Withdraw 500.000000 
User 3, Acc 8 Balance 2141.000000, Withdraw 50.000000 
[22;32mUser 4, Acc 0 Balance 314.000000, 				Withdraw 500.000000 --insufficient funds[0m
User 0, Acc 0 Balance 841.000000, Deposit 100.000000 
User 5, Acc 1 Balance 1579.000000, Withdraw 50.000000 
User 1, Acc 8 Balance 2760.000000, Transfer 619.000000 to Acc 2
User 5, Acc 2 Balance 1142.000000, Withdraw 50.000000 
User 4, Acc 1 Balance 1579.000000, Withdraw 500.000000 
User 5, Acc 3 Balance 703.000000, Withdraw 50.000000 
User 5, Acc 4 Balance 404.000000, Withdraw 50.000000 
User 3, Acc 9 Balance 20124.000000, Withdraw 50.000000 
User 5, Acc 5 Balance 4713.000000, Withdraw 50.000000 
User 3, Acc 0 Balance 414.000000, Withdraw 50.000000 
User 5, Acc 6 Balance 4951.000000, Withdraw 50.000000 
User 4, Acc 2 Balance 1711.000000, Withdraw 500.000000 
User 5, Acc 7 Balance 60297.000000, Withdraw 50.000000 
User 5, Acc 8 Balance 2091.000000, Withdraw 50.000000 
User 5, Acc 9 Balance 20074.000000, Withdraw 50.000000 
User 5, Acc 0 Balance 364.000000, Withdraw 50.000000 
User 0, Acc 0 Balance 414.000000, Withdraw 50.000000 
User 5, Acc 1 Balance 1029.000000, Withdraw 500.000000 
User 4, Acc 3 Balance 653.000000, Withdraw 500.000000 
[22;32mUser 4, Acc 4 Balance 354.000000, 				Withdraw 500.000000 --insufficient funds[0m
User 4, Acc 5 Balance 4663.000000, Withdraw 500.000000 
User 0, Acc 0 Balance 264.000000, Withdraw 150.000000 
User 4, Acc 6 Balance 4901.000000, Withdraw 500.000000 
User 4, Acc 7 Balance 60247.000000, Withdraw 500.000000 
User 3, Acc 9 Balance 20074.000000, Deposit 617.000000 
User 4, Acc 8 Balance 2041.000000, Withdraw 500.000000 
User 1, Acc 7 Balance 60297.000000, Deposit 631.000000 
User 4, Acc 9 Balance 20641.000000, Withdraw 500.000000 
User 3, Acc 9 Balance 20641.000000, Transfer 617.000000 to Acc 1
[22;32mUser 4, Acc 0 Balance 114.000000, 				Withdraw 500.000000 --insufficient funds[0m
User 5, Acc 2 Balance 1211.000000, Withdraw 500.000000 
User 4, Acc 0 Balance 114.000000, Deposit 400.000000 
[22;32mUser 5, Acc 3 Balance 153.000000, 				Withdraw 500.000000 --insufficient funds[0m
User 4, Acc 0 Balance 514.000000, Withdraw 200.000000 
User 1, Acc 7 Balance 60378.000000, Transfer 631.000000 to Acc 3
User 1, Acc 6 Balance 4401.000000, Deposit 641.000000 
User 0, Acc 0 Balance 114.000000, Deposit 300.000000 
User 1, Acc 6 Balance 5042.000000, Transfer 641.000000 to Acc 4
User 0, Acc 0 Balance 614.000000, Transfer 300.000000 to Acc 1
User 3, Acc 8 Balance 1541.000000, Deposit 619.000000 
Balance in 1: 1446.000000
User 0, Acc 0 Balance 314.000000, Deposit 400.000000 
User 1, Acc 5 Balance 4163.000000, Deposit 643.000000 
User 0, Acc 0 Balance 714.000000, Withdraw 200.000000 
User 3, Acc 8 Balance 2160.000000, Transfer 619.000000 to Acc 2
User 0, Acc 0 Balance 514.000000, Deposit 100.000000 
User 3, Acc 7 Balance 59747.000000, Deposit 631.000000 
User 4, Acc 0 Balance 314.000000, Deposit 100.000000 
User 1, Acc 5 Balance 4806.000000, Transfer 1200.000000 to Acc 6
[22;32mUser 5, Acc 4 Balance 354.000000, 				Withdraw 500.000000 --insufficient funds[0m
User 0, Acc 0 Balance 614.000000, Withdraw 50.000000 
User 0, Acc 0 Balance 664.000000, Withdraw 150.000000 
User 4, Acc 0 Balance 714.000000, Withdraw 50.000000 
User 3, Acc 7 Balance 60378.000000, Transfer 631.000000 to Acc 3
User 4, Acc 0 Balance 464.000000, Withdraw 150.000000 
User 3, Acc 6 Balance 5601.000000, Deposit 641.000000 
User 4, Acc 0 Balance 314.000000, Deposit 300.000000 
User 0, Acc 0 Balance 514.000000, Deposit 300.000000 
User 4, Acc 0 Balance 614.000000, Transfer 300.000000 to Acc 1
User 0, Acc 0 Balance 914.000000, Transfer 300.000000 to Acc 1
Balance in 1: 1746.000000
User 5, Acc 5 Balance 3606.000000, Withdraw 500.000000 
User 4, Acc 0 Balance 314.000000, Deposit 400.000000 
Balance in 1: 2046.000000
User 4, Acc 0 Balance 714.000000, Withdraw 200.000000 
User 0, Acc 1 Balance 2046.000000, Withdraw 500.000000 
User 4, Acc 0 Balance 514.000000, Deposit 100.000000 
User 0, Acc 2 Balance 1330.000000, Withdraw 500.000000 
User 4, Acc 0 Balance 614.000000, Withdraw 50.000000 
User 0, Acc 3 Balance 1415.000000, Withdraw 500.000000 
User 0, Acc 4 Balance 995.000000, Withdraw 500.000000 
User 1, Acc 4 Balance 995.000000, Deposit 647.000000 
User 0, Acc 5 Balance 3106.000000, Withdraw 500.000000 
User 3, Acc 6 Balance 6242.000000, Transfer 641.000000 to Acc 4
User 0, Acc 6 Balance 6242.000000, Withdraw 500.000000 
User 3, Acc 5 Balance 2606.000000, Deposit 643.000000 
User 1, Acc 3 Balance 915.000000, Deposit 653.000000 
User 0, Acc 7 Balance 59747.000000, Withdraw 500.000000 
User 3, Acc 5 Balance 3249.000000, Transfer 1200.000000 to Acc 6
User 0, Acc 8 Balance 1541.000000, Withdraw 500.000000 
User 3, Acc 4 Balance 1783.000000, Deposit 647.000000 
User 0, Acc 9 Balance 19524.000000, Withdraw 500.000000 
User 1, Acc 3 Balance 1568.000000, Transfer 1200.000000 to Acc 8
User 0, Acc 0 Balance 564.000000, Withdraw 500.000000 
User 5, Acc 6 Balance 6242.000000, Withdraw 500.000000 
User 4, Acc 0 Balance 564.000000, Withdraw 150.000000 
User 5, Acc 7 Balance 59247.000000, Withdraw 500.000000 
User 3, Acc 4 Balance 2430.000000, Transfer 1200.000000 to Acc 7
User 5, Acc 8 Balance 2241.000000, Withdraw 500.000000 
User 3, Acc 3 Balance 368.000000, Deposit 653.000000 
User 5, Acc 9 Balance 19024.000000, Withdraw 500.000000 
User 4, Acc 0 Balance -86.000000, Deposit 300.000000 
[22;32mUser 5, Acc 0 Balance -86.000000, 				Withdraw 500.000000 --insufficient funds[0m
Balance in 1: 1546.000000
User 3, Acc 2 Balance 830.000000, Deposit 659.000000 
User 4, Acc 1 Balance 1546.000000, Withdraw 500.000000 
User 4, Acc 2 Balance 1489.000000, Withdraw 500.000000 
User 4, Acc 3 Balance 1021.000000, Withdraw 500.000000 
User 4, Acc 4 Balance 1230.000000, Withdraw 500.000000 
User 4, Acc 5 Balance 2049.000000, Withdraw 500.000000 
User 0, Acc 1 Balance 1546.000000, Withdraw 500.000000 
User 4, Acc 6 Balance 5801.000000, Withdraw 500.000000 
User 0, Acc 2 Balance 989.000000, Withdraw 500.000000 
User 4, Acc 7 Balance 59947.000000, Withdraw 500.000000 
User 0, Acc 3 Balance 521.000000, Withdraw 500.000000 
User 0, Acc 4 Balance 730.000000, Withdraw 500.000000 
User 3, Acc 2 Balance 1489.000000, Transfer 1200.000000 to Acc 9
User 0, Acc 5 Balance 1549.000000, Withdraw 500.000000 
User 0, Acc 6 Balance 5301.000000, Withdraw 500.000000 
User 4, Acc 8 Balance 1741.000000, Withdraw 500.000000 
User 0, Acc 7 Balance 59447.000000, Withdraw 500.000000 
User 4, Acc 9 Balance 19724.000000, Withdraw 500.000000 
User 0, Acc 8 Balance 1241.000000, Withdraw 500.000000 
User 0, Acc 9 Balance 19724.000000, Withdraw 500.000000 
User 1, Acc 2 Balance 830.000000, Deposit 659.000000 
[22;32mUser 0, Acc 0 Balance 214.000000, 				Withdraw 500.000000 --insufficient funds[0m
User 1, Acc 1 Balance 546.000000, Deposit 661.000000 
User 5, Acc 1 Balance 1546.000000, Withdraw 500.000000 
User 3, Acc 1 Balance 546.000000, Deposit 661.000000 
[22;32mUser 5, Acc 2 Balance -52.000000, 				Withdraw 500.000000 --insufficient funds[0m
User 1, Acc 1 Balance 1207.000000, Transfer 1200.000000 to Acc 9
[22;32mUser 5, Acc 3 Balance 21.000000, 				Withdraw 500.000000 --insufficient funds[0m
User 3, Acc 1 Balance 1368.000000, Transfer 1200.000000 to Acc 9
[22;32mUser 5, Acc 4 Balance 230.000000, 				Withdraw 500.000000 --insufficient funds[0m
User 3, Acc 0 Balance 214.000000, Deposit 673.000000 
[22;32mUser 3, Acc 1 Balance -1032.000000, 				Withdraw 50.000000 --insufficient funds[0m
User 5, Acc 5 Balance 1049.000000, Withdraw 500.000000 
User 0, Acc 1 Balance 546.000000, Withdraw 500.000000 
[22;32mUser 4, Acc 0 Balance 214.000000, 				Withdraw 500.000000 --insufficient funds[0m
[22;32mUser 0, Acc 2 Balance -52.000000, 				Withdraw 500.000000 --insufficient funds[0m
[22;32mUser 4, Acc 1 Balance -1532.000000, 				Withdraw 500.000000 --insufficient funds[0m
[22;32mUser 0, Acc 3 Balance 21.000000, 				Withdraw 500.000000 --insufficient funds[0m
[22;32mUser 0, Acc 4 Balance 230.000000, 				Withdraw 500.000000 --insufficient funds[0m
User 0, Acc 5 Balance 549.000000, Withdraw 500.000000 
[22;32mUser 3, Acc 2 Balance -52.000000, 				Withdraw 50.000000 --insufficient funds[0m
User 0, Acc 6 Balance 4801.000000, Withdraw 500.000000 
[22;32mUser 3, Acc 3 Balance 21.000000, 				Withdraw 50.000000 --insufficient funds[0m
User 0, Acc 7 Balance 58947.000000, Withdraw 500.000000 
User 5, Acc 6 Balance 4801.000000, Withdraw 500.000000 
User 5, Acc 7 Balance 58447.000000, Withdraw 500.000000 
User 5, Acc 8 Balance 741.000000, Withdraw 500.000000 
User 5, Acc 9 Balance 21124.000000, Withdraw 500.000000 
User 5, Acc 0 Balance 887.000000, Withdraw 500.000000 
[22;32mUser 5, Acc 1 Balance -1532.000000, 				Withdraw 500.000000 --insufficient funds[0m
[22;32mUser 5, Acc 2 Balance -52.000000, 				Withdraw 500.000000 --insufficient funds[0m
[22;32mUser 5, Acc 3 Balance 21.000000, 				Withdraw 500.000000 --insufficient funds[0m
[22;32mUser 5, Acc 4 Balance 230.000000, 				Withdraw 500.000000 --insufficient funds[0m
[22;32mUser 5, Acc 5 Balance 49.000000, 				Withdraw 500.000000 --insufficient funds[0m
[22;32mUser 4, Acc 2 Balance -52.000000, 				Withdraw 500.000000 --insufficient funds[0m
User 5, Acc 6 Balance 3801.000000, Withdraw 500.000000 
[22;32mUser 4, Acc 3 Balance 21.000000, 				Withdraw 500.000000 --insufficient funds[0m
User 5, Acc 7 Balance 57947.000000, Withdraw 500.000000 
[22;32mUser 4, Acc 4 Balance 230.000000, 				Withdraw 500.000000 --insufficient funds[0m
[22;32mUser 5, Acc 8 Balance 241.000000, 				Withdraw 500.000000 --insufficient funds[0m
User 5, Acc 9 Balance 20624.000000, Withdraw 500.000000 
User 3, Acc 4 Balance 230.000000, Withdraw 50.000000 
[22;32mUser 5, Acc 0 Balance 387.000000, 				Withdraw 500.000000 --insufficient funds[0m
User 0, Acc 8 Balance 741.000000, Withdraw 500.000000 
[22;32mUser 5, Acc 1 Balance -1532.000000, 				Withdraw 500.000000 --insufficient funds[0m
[22;32mUser 4, Acc 5 Balance 49.000000, 				Withdraw 500.000000 --insufficient funds[0m
[22;32mUser 5, Acc 2 Balance -52.000000, 				Withdraw 500.000000 --insufficient funds[0m
User 4, Acc 6 Balance 3301.000000, Withdraw 500.000000 
[22;32mUser 5, Acc 3 Balance 21.000000, 				Withdraw 500.000000 --insufficient funds[0m
User 4, Acc 7 Balance 57447.000000, Withdraw 500.000000 
[22;32mUser 5, Acc 4 Balance 180.000000, 				Withdraw 500.000000 --insufficient funds[0m
[22;32mUser 5, Acc 5 Balance 49.000000, 				Withdraw 500.000000 --insufficient funds[0m
User 5, Acc 6 Balance 2801.000000, Withdraw 500.000000 
User 5, Acc 7 Balance 56947.000000, Withdraw 500.000000 
[22;32mUser 5, Acc 8 Balance -259.000000, 				Withdraw 500.000000 --insufficient funds[0m
User 5, Acc 9 Balance 20124.000000, Withdraw 500.000000 
[22;32mUser 5, Acc 0 Balance 387.000000, 				Withdraw 500.000000 --insufficient funds[0m
[22;32mUser 5, Acc 1 Balance -1532.000000, 				Withdraw 500.000000 --insufficient funds[0m
[22;32mUser 5, Acc 2 Balance -52.000000, 				Withdraw 500.000000 --insufficient funds[0m
[22;32mUser 5, Acc 3 Balance 21.000000, 				Withdraw 500.000000 --insufficient funds[0m
[22;32mUser 5, Acc 4 Balance 180.000000, 				Withdraw 500.000000 --insufficient funds[0m
[22;32mUser 5, Acc 5 Balance 49.000000, 				Withdraw 500.000000 --insufficient funds[0m
[22;32mUser 4, Acc 8 Balance -259.000000, 				Withdraw 500.000000 --insufficient funds[0m
User 5, Acc 6 Balance 2301.000000, Withdraw 500.000000 
[22;32mUser 3, Acc 5 Balance 49.000000, 				Withdraw 50.000000 --insufficient funds[0m
User 5, Acc 7 Balance 56447.000000, Withdraw 500.000000 
User 1, Acc 0 Balance 214.000000, Deposit 673.000000 
[22;32mUser 5, Acc 8 Balance -259.000000, 				Withdraw 500.000000 --insufficient funds[0m
[22;32mUser 1, Acc 1 Balance -1532.000000, 				Withdraw 50.000000 --insufficient funds[0m
[22;32mUser 1, Acc 2 Balance -52.000000, 				Withdraw 50.000000 --insufficient funds[0m
User 5, Acc 9 Balance 19624.000000, Withdraw 500.000000 
[22;32mUser 1, Acc 3 Balance 21.000000, 				Withdraw 50.000000 --insufficient funds[0m
User 4, Acc 9 Balance 19624.000000, Withdraw 500.000000 
User 0, Acc 9 Balance 20124.000000, Withdraw 500.000000 
User 5, Acc 0 Balance 1060.000000, Withdraw 500.000000 
User 1, Acc 4 Balance 180.000000, Withdraw 50.000000 
[22;32mUser 5, Acc 1 Balance -1532.000000, 				Withdraw 500.000000 --insufficient funds[0m
User 4, Acc 0 Balance 1060.000000, Withdraw 500.000000 
[22;32mUser 5, Acc 2 Balance -52.000000, 				Withdraw 500.000000 --insufficient funds[0m
[22;32mUser 5, Acc 3 Balance 21.000000, 				Withdraw 500.000000 --insufficient funds[0m
[22;32mUser 5, Acc 4 Balance 130.000000, 				Withdraw 500.000000 --insufficient funds[0m
[22;32mUser 5, Acc 5 Balance 49.000000, 				Withdraw 500.000000 --insufficient funds[0m
User 5, Acc 6 Balance 1801.000000, Withdraw 500.000000 
User 5, Acc 7 Balance 55947.000000, Withdraw 500.000000 
[22;32mUser 5, Acc 8 Balance -259.000000, 				Withdraw 500.000000 --insufficient funds[0m
User 5, Acc 9 Balance 18124.000000, Withdraw 500.000000 
[22;32mUser 5, Acc 0 Balance 60.000000, 				Withdraw 500.000000 --insufficient funds[0m
[22;32mUser 1, Acc 5 Balance 49.000000, 				Withdraw 50.000000 --insufficient funds[0m
User 1, Acc 6 Balance 1301.000000, Withdraw 50.000000 
User 1, Acc 7 Balance 55447.000000, Withdraw 50.000000 
[22;32mUser 1, Acc 8 Balance -259.000000, 				Withdraw 50.000000 --insufficient funds[0m
User 1, Acc 9 Balance 17624.000000, Withdraw 50.000000 
User 1, Acc 0 Balance 60.000000, Withdraw 50.000000 
User 0, Acc 0 Balance 1060.000000, Withdraw 500.000000 
User 3, Acc 6 Balance 1801.000000, Withdraw 50.000000 
User 3, Acc 7 Balance 55397.000000, Withdraw 50.000000 
[22;32mUser 3, Acc 8 Balance -259.000000, 				Withdraw 50.000000 --insufficient funds[0m
[22;32mUser 4, Acc 1 Balance -1532.000000, 				Withdraw 500.000000 --insufficient funds[0m
[22;32mUser 4, Acc 2 Balance -52.000000, 				Withdraw 500.000000 --insufficient funds[0m
[22;32mUser 4, Acc 3 Balance 21.000000, 				Withdraw 500.000000 --insufficient funds[0m
[22;32mUser 4, Acc 4 Balance 130.000000, 				Withdraw 500.000000 --insufficient funds[0m
[22;32mUser 4, Acc 5 Balance 49.000000, 				Withdraw 500.000000 --insufficient funds[0m
User 3, Acc 9 Balance 17574.000000, Withdraw 50.000000 
[22;32mUser 3, Acc 0 Balance -490.000000, 				Withdraw 50.000000 --insufficient funds[0m
User 4, Acc 6 Balance 1201.000000, Withdraw 500.000000 
User 4, Acc 7 Balance 55347.000000, Withdraw 500.000000 
[22;32mUser 4, Acc 8 Balance -259.000000, 				Withdraw 500.000000 --insufficient funds[0m
User 4, Acc 9 Balance 17524.000000, Withdraw 500.000000 
[22;32mUser 4, Acc 0 Balance -490.000000, 				Withdraw 500.000000 --insufficient funds[0m
User 2, Acc 6 Balance 6291.000000, Deposit 1953.000000 
User 2, Acc 7 Balance 54847.000000, Deposit 967.000000 
User 2, Acc 6 Balance 2654.000000, Transfer 1167.000000 to Acc 5
User 2, Acc 4 Balance 130.000000, Transfer 53.000000 to Acc 5
User 2, Acc 7 Balance 55814.000000, Withdraw 1593.000000 
[22;32mUser 2, Acc 8 Balance -259.000000, 				Withdraw 449.000000 --insufficient funds[0m
User 2, Acc 9 Balance 17024.000000, Withdraw 163.000000 
  ***     End of transaction batch    ***  
Account 0 balance after completion of transaction batch: -490.000000
Account 1 balance after completion of transaction batch: -1532.000000
Account 2 balance after completion of transaction batch: -52.000000
Account 3 balance after completion of transaction batch: 21.000000
Account 4 balance after completion of transaction batch: 77.000000
Account 5 balance after completion of transaction batch: 1269.000000
Account 6 balance after completion of transaction batch: 1487.000000
Account 7 balance after completion of transaction batch: 54221.000000
Account 8 balance after completion of transaction batch: -259.000000
Account 9 balance after completion of transaction batch: 16861.000000
