# Output generated by:
# ./my_executable 6 data/transactions7.txt data/transactions11.txt data/transactions9.txt data/transactions8.txt data/transactions10.txt data/transactions5.txt

********************************************
   Reading and parsing a transaction file   
********************************************
Parsed transaction: deposit 7 9929.000000 
Loaded deposit transaction
Parsed transaction: deposit 4 937.000000 
Loaded deposit transaction
Parsed transaction: deposit 5 941.000000 
Loaded deposit transaction
Parsed transaction: deposit 0 7.000000 
Loaded deposit transaction
Parsed transaction: deposit 3 29.000000 
Loaded deposit transaction
Parsed transaction: deposit 7 9.000000 
Loaded deposit transaction
Parsed transaction: deposit 9 129.000000 
Loaded deposit transaction
Parsed transaction: transfer 3 7 29.000000 
Loaded transfer transaction
Parsed transaction: transfer 7 6 31.000000 
Loaded transfer transaction
Parsed transaction: transfer 7 5 137.000000 
Loaded transfer transaction
Parsed transaction: transfer 7 4 3.000000 
Loaded transfer transaction
Parsed transaction: transfer 7 4 5.000000 
Loaded transfer transaction
Parsed transaction: withdraw 4 1167.000000 
Loaded withdrawal transaction
Parsed transaction: withdraw 5 1307.000000 
Loaded withdrawal transaction
Parsed transaction: transfer 1 8 89.000000 
Loaded transfer transaction
Parsed transaction: transfer 1 9 163.000000 
Loaded transfer transaction
Parsed transaction: withdraw 1 41.000000 
Loaded withdrawal transaction
Parsed transaction: withdraw 2 71.000000 
Loaded withdrawal transaction
Parsed transaction: withdraw 3 1127.000000 
Loaded withdrawal transaction
Parsed transaction: withdraw 6 647.000000 
Loaded withdrawal transaction
Parsed transaction: deposit 6 1953.000000 
Loaded deposit transaction
Parsed transaction: deposit 7 967.000000 
Loaded deposit transaction
Parsed transaction: transfer 1 7 19.000000 
Loaded transfer transaction
Parsed transaction: transfer 2 7 23.000000 
Loaded transfer transaction
Parsed transaction: transfer 6 5 1167.000000 
Loaded transfer transaction
Parsed transaction: transfer 4 5 53.000000 
Loaded transfer transaction
Parsed transaction: withdraw 7 1593.000000 
Loaded withdrawal transaction
Parsed transaction: withdraw 8 449.000000 
Loaded withdrawal transaction
Parsed transaction: withdraw 9 163.000000 
Loaded withdrawal transaction
********************************************
********************************************
   Reading and parsing a transaction file   
********************************************
Parsed transaction: deposit 9 617.000000 
Loaded deposit transaction
Parsed transaction: transfer 9 9 617.000000 
Loaded transfer transaction
Parsed transaction: deposit 8 619.000000 
Loaded deposit transaction
Parsed transaction: transfer 8 2 619.000000 
Loaded transfer transaction
Parsed transaction: deposit 7 631.000000 
Loaded deposit transaction
Parsed transaction: transfer 7 3 631.000000 
Loaded transfer transaction
Parsed transaction: deposit 6 641.000000 
Loaded deposit transaction
Parsed transaction: transfer 6 4 641.000000 
Loaded transfer transaction
Parsed transaction: deposit 5 643.000000 
Loaded deposit transaction
Parsed transaction: transfer 5 6 1200.000000 
Loaded transfer transaction
Parsed transaction: deposit 4 647.000000 
Loaded deposit transaction
Parsed transaction: transfer 4 7 1200.000000 
Loaded transfer transaction
Parsed transaction: deposit 3 653.000000 
Loaded deposit transaction
Parsed transaction: transfer 3 8 1200.000000 
Loaded transfer transaction
Parsed transaction: deposit 2 659.000000 
Loaded deposit transaction
Parsed transaction: transfer 2 9 1200.000000 
Loaded transfer transaction
Parsed transaction: deposit 1 661.000000 
Loaded deposit transaction
Parsed transaction: transfer 1 9 1200.000000 
Loaded transfer transaction
Parsed transaction: deposit 0 673.000000 
Loaded deposit transaction
Parsed transaction: transfer 0 9 1200.000000 
Loaded transfer transaction
Parsed transaction: withdraw 1 50.000000 
Loaded withdrawal transaction
Parsed transaction: withdraw 2 50.000000 
Loaded withdrawal transaction
Parsed transaction: withdraw 3 50.000000 
Loaded withdrawal transaction
Parsed transaction: withdraw 4 50.000000 
Loaded withdrawal transaction
Parsed transaction: withdraw 5 50.000000 
Loaded withdrawal transaction
Parsed transaction: withdraw 6 50.000000 
Loaded withdrawal transaction
Parsed transaction: withdraw 7 50.000000 
Loaded withdrawal transaction
Parsed transaction: withdraw 8 50.000000 
Loaded withdrawal transaction
Parsed transaction: withdraw 9 50.000000 
Loaded withdrawal transaction
Parsed transaction: withdraw 0 50.000000 
Loaded withdrawal transaction
********************************************
********************************************
   Reading and parsing a transaction file   
********************************************
Parsed transaction: deposit 9 617.000000 
Loaded deposit transaction
Parsed transaction: transfer 9 1 617.000000 
Loaded transfer transaction
Parsed transaction: deposit 8 619.000000 
Loaded deposit transaction
Parsed transaction: transfer 8 2 619.000000 
Loaded transfer transaction
Parsed transaction: deposit 7 631.000000 
Loaded deposit transaction
Parsed transaction: transfer 7 3 631.000000 
Loaded transfer transaction
Parsed transaction: deposit 6 641.000000 
Loaded deposit transaction
Parsed transaction: transfer 6 4 641.000000 
Loaded transfer transaction
Parsed transaction: deposit 5 643.000000 
Loaded deposit transaction
Parsed transaction: transfer 5 6 1200.000000 
Loaded transfer transaction
Parsed transaction: deposit 4 647.000000 
Loaded deposit transaction
Parsed transaction: transfer 4 7 1200.000000 
Loaded transfer transaction
Parsed transaction: deposit 3 653.000000 
Loaded deposit transaction
Parsed transaction: transfer 3 8 1200.000000 
Loaded transfer transaction
Parsed transaction: deposit 2 659.000000 
Loaded deposit transaction
Parsed transaction: transfer 2 9 1200.000000 
Loaded transfer transaction
Parsed transaction: deposit 1 661.000000 
Loaded deposit transaction
Parsed transaction: transfer 1 9 1200.000000 
Loaded transfer transaction
Parsed transaction: deposit 0 673.000000 
Loaded deposit transaction
Parsed transaction: transfer 0 9 1200.000000 
Loaded transfer transaction
Parsed transaction: withdraw 1 50.000000 
Loaded withdrawal transaction
Parsed transaction: withdraw 2 50.000000 
Loaded withdrawal transaction
Parsed transaction: withdraw 3 50.000000 
Loaded withdrawal transaction
Parsed transaction: withdraw 4 50.000000 
Loaded withdrawal transaction
Parsed transaction: withdraw 5 50.000000 
Loaded withdrawal transaction
Parsed transaction: withdraw 6 50.000000 
Loaded withdrawal transaction
Parsed transaction: withdraw 7 50.000000 
Loaded withdrawal transaction
Parsed transaction: withdraw 8 50.000000 
Loaded withdrawal transaction
Parsed transaction: withdraw 9 50.000000 
Loaded withdrawal transaction
Parsed transaction: withdraw 0 50.000000 
Loaded withdrawal transaction
********************************************
********************************************
   Reading and parsing a transaction file   
********************************************
Parsed transaction: deposit 9 617.000000 
Loaded deposit transaction
Parsed transaction: transfer 9 1 617.000000 
Loaded transfer transaction
Parsed transaction: deposit 8 619.000000 
Loaded deposit transaction
Parsed transaction: transfer 8 2 619.000000 
Loaded transfer transaction
Parsed transaction: deposit 7 631.000000 
Loaded deposit transaction
Parsed transaction: transfer 7 3 631.000000 
Loaded transfer transaction
Parsed transaction: deposit 6 641.000000 
Loaded deposit transaction
Parsed transaction: transfer 6 4 641.000000 
Loaded transfer transaction
Parsed transaction: deposit 5 643.000000 
Loaded deposit transaction
Parsed transaction: transfer 5 6 1200.000000 
Loaded transfer transaction
Parsed transaction: deposit 4 647.000000 
Loaded deposit transaction
Parsed transaction: transfer 4 7 1200.000000 
Loaded transfer transaction
Parsed transaction: deposit 3 653.000000 
Loaded deposit transaction
Parsed transaction: transfer 3 8 1200.000000 
Loaded transfer transaction
Parsed transaction: deposit 2 659.000000 
Loaded deposit transaction
Parsed transaction: transfer 2 9 1200.000000 
Loaded transfer transaction
Parsed transaction: deposit 1 661.000000 
Loaded deposit transaction
Parsed transaction: transfer 1 9 1200.000000 
Loaded transfer transaction
Parsed transaction: deposit 0 673.000000 
Loaded deposit transaction
Parsed transaction: transfer 0 9 1200.000000 
Loaded transfer transaction
********************************************
********************************************
   Reading and parsing a transaction file   
********************************************
Parsed transaction: withdraw 1 500.000000 
Loaded withdrawal transaction
Parsed transaction: withdraw 2 500.000000 
Loaded withdrawal transaction
Parsed transaction: withdraw 3 500.000000 
Loaded withdrawal transaction
Parsed transaction: withdraw 4 500.000000 
Loaded withdrawal transaction
Parsed transaction: withdraw 5 500.000000 
Loaded withdrawal transaction
Parsed transaction: withdraw 6 500.000000 
Loaded withdrawal transaction
Parsed transaction: withdraw 7 500.000000 
Loaded withdrawal transaction
Parsed transaction: withdraw 8 500.000000 
Loaded withdrawal transaction
Parsed transaction: withdraw 9 500.000000 
Loaded withdrawal transaction
Parsed transaction: withdraw 0 500.000000 
Loaded withdrawal transaction
Parsed transaction: withdraw 1 500.000000 
Loaded withdrawal transaction
Parsed transaction: withdraw 2 500.000000 
Loaded withdrawal transaction
Parsed transaction: withdraw 3 500.000000 
Loaded withdrawal transaction
Parsed transaction: withdraw 4 500.000000 
Loaded withdrawal transaction
Parsed transaction: withdraw 5 500.000000 
Loaded withdrawal transaction
Parsed transaction: withdraw 6 500.000000 
Loaded withdrawal transaction
Parsed transaction: withdraw 7 500.000000 
Loaded withdrawal transaction
Parsed transaction: withdraw 8 500.000000 
Loaded withdrawal transaction
Parsed transaction: withdraw 9 500.000000 
Loaded withdrawal transaction
Parsed transaction: withdraw 0 500.000000 
Loaded withdrawal transaction
Parsed transaction: withdraw 1 500.000000 
Loaded withdrawal transaction
Parsed transaction: withdraw 2 500.000000 
Loaded withdrawal transaction
Parsed transaction: withdraw 3 500.000000 
Loaded withdrawal transaction
Parsed transaction: withdraw 4 500.000000 
Loaded withdrawal transaction
Parsed transaction: withdraw 5 500.000000 
Loaded withdrawal transaction
Parsed transaction: withdraw 6 500.000000 
Loaded withdrawal transaction
Parsed transaction: withdraw 7 500.000000 
Loaded withdrawal transaction
Parsed transaction: withdraw 8 500.000000 
Loaded withdrawal transaction
Parsed transaction: withdraw 9 500.000000 
Loaded withdrawal transaction
Parsed transaction: withdraw 0 500.000000 
Loaded withdrawal transaction
********************************************
********************************************
   Reading and parsing a transaction file   
********************************************
Parsed transaction: deposit 0 907.000000 
Loaded deposit transaction
Parsed transaction: deposit 1 911.000000 
Loaded deposit transaction
Parsed transaction: deposit 2 919.000000 
Loaded deposit transaction
Parsed transaction: transfer 3 7 29.000000 
Loaded transfer transaction
Parsed transaction: transfer 7 6 31.000000 
Loaded transfer transaction
Parsed transaction: transfer 7 5 37.000000 
Loaded transfer transaction
Parsed transaction: transfer 7 4 3.000000 
Loaded transfer transaction
Parsed transaction: transfer 7 4 5.000000 
Loaded transfer transaction
Parsed transaction: deposit 3 929.000000 
Loaded deposit transaction
Parsed transaction: deposit 4 937.000000 
Loaded deposit transaction
Parsed transaction: deposit 5 941.000000 
Loaded deposit transaction
Parsed transaction: withdraw 4 167.000000 
Loaded withdrawal transaction
Parsed transaction: withdraw 5 307.000000 
Loaded withdrawal transaction
Parsed transaction: transfer 1 8 89.000000 
Loaded transfer transaction
Parsed transaction: transfer 1 9 163.000000 
Loaded transfer transaction
Parsed transaction: withdraw 1 41.000000 
Loaded withdrawal transaction
Parsed transaction: withdraw 2 71.000000 
Loaded withdrawal transaction
Parsed transaction: withdraw 3 127.000000 
Loaded withdrawal transaction
Parsed transaction: withdraw 6 647.000000 
Loaded withdrawal transaction
Parsed transaction: deposit 6 953.000000 
Loaded deposit transaction
Parsed transaction: deposit 7 967.000000 
Loaded deposit transaction
Parsed transaction: transfer 1 7 19.000000 
Loaded transfer transaction
Parsed transaction: transfer 2 7 23.000000 
Loaded transfer transaction
Parsed transaction: transfer 6 5 67.000000 
Loaded transfer transaction
Parsed transaction: transfer 4 5 53.000000 
Loaded transfer transaction
Parsed transaction: withdraw 7 593.000000 
Loaded withdrawal transaction
Parsed transaction: withdraw 8 449.000000 
Loaded withdrawal transaction
Parsed transaction: withdraw 9 163.000000 
Loaded withdrawal transaction
********************************************
  ***    Start of transaction batch    ***  
User 0, Acc 7 Balance 0.000000, Deposit 9929.000000 
User 0, Acc 4 Balance 0.000000, Deposit 937.000000 
User 0, Acc 5 Balance 0.000000, Deposit 941.000000 
User 0, Acc 0 Balance 0.000000, Deposit 7.000000 
User 0, Acc 3 Balance 0.000000, Deposit 29.000000 
User 0, Acc 7 Balance 9929.000000, Deposit 9.000000 
User 0, Acc 9 Balance 0.000000, Deposit 129.000000 
User 0, Acc 3 Balance 29.000000, Transfer 29.000000 to Acc 7
User 0, Acc 7 Balance 9967.000000, Transfer 31.000000 to Acc 6
User 0, Acc 7 Balance 9936.000000, Transfer 137.000000 to Acc 5
User 0, Acc 7 Balance 9799.000000, Transfer 3.000000 to Acc 4
User 0, Acc 7 Balance 9796.000000, Transfer 5.000000 to Acc 4
[22;32mUser 0, Acc 4 Balance 945.000000, 				Withdraw 1167.000000 --insufficient funds[0m
[22;32mUser 0, Acc 5 Balance 1078.000000, 				Withdraw 1307.000000 --insufficient funds[0m
[22;32mUser 0, Acc 1 Balance 0.000000, 				Withdraw 41.000000 --insufficient funds[0m
[22;32mUser 0, Acc 2 Balance 0.000000, 				Withdraw 71.000000 --insufficient funds[0m
[22;32mUser 0, Acc 3 Balance 0.000000, 				Withdraw 1127.000000 --insufficient funds[0m
[22;32mUser 0, Acc 6 Balance 31.000000, 				Withdraw 647.000000 --insufficient funds[0m
User 0, Acc 6 Balance 31.000000, Deposit 1953.000000 
User 0, Acc 7 Balance 9791.000000, Deposit 967.000000 
User 0, Acc 6 Balance 1984.000000, Transfer 1167.000000 to Acc 5
User 0, Acc 4 Balance 945.000000, Transfer 53.000000 to Acc 5
User 0, Acc 7 Balance 10758.000000, Withdraw 1593.000000 
[22;32mUser 0, Acc 8 Balance 0.000000, 				Withdraw 449.000000 --insufficient funds[0m
[22;32mUser 0, Acc 9 Balance 129.000000, 				Withdraw 163.000000 --insufficient funds[0m
User 0, Acc 9 Balance 129.000000, Deposit 617.000000 
User 0, Acc 9 Balance 746.000000, Transfer 617.000000 to Acc 9
User 0, Acc 8 Balance 0.000000, Deposit 619.000000 
User 0, Acc 8 Balance 619.000000, Transfer 619.000000 to Acc 2
User 0, Acc 7 Balance 9165.000000, Deposit 631.000000 
User 0, Acc 7 Balance 9796.000000, Transfer 631.000000 to Acc 3
User 0, Acc 6 Balance 817.000000, Deposit 641.000000 
User 0, Acc 6 Balance 1458.000000, Transfer 641.000000 to Acc 4
User 0, Acc 5 Balance 2298.000000, Deposit 643.000000 
User 0, Acc 5 Balance 2941.000000, Transfer 1200.000000 to Acc 6
User 0, Acc 4 Balance 1533.000000, Deposit 647.000000 
User 0, Acc 4 Balance 2180.000000, Transfer 1200.000000 to Acc 7
User 0, Acc 3 Balance 631.000000, Deposit 653.000000 
User 0, Acc 3 Balance 1284.000000, Transfer 1200.000000 to Acc 8
User 0, Acc 2 Balance 619.000000, Deposit 659.000000 
User 0, Acc 2 Balance 1278.000000, Transfer 1200.000000 to Acc 9
User 0, Acc 1 Balance 0.000000, Deposit 661.000000 
User 0, Acc 0 Balance 7.000000, Deposit 673.000000 
User 0, Acc 1 Balance 661.000000, Withdraw 50.000000 
User 0, Acc 2 Balance 78.000000, Withdraw 50.000000 
User 0, Acc 3 Balance 84.000000, Withdraw 50.000000 
User 0, Acc 4 Balance 980.000000, Withdraw 50.000000 
User 0, Acc 5 Balance 1741.000000, Withdraw 50.000000 
User 0, Acc 6 Balance 2017.000000, Withdraw 50.000000 
User 0, Acc 7 Balance 10365.000000, Withdraw 50.000000 
User 0, Acc 8 Balance 1200.000000, Withdraw 50.000000 
User 0, Acc 9 Balance 1946.000000, Withdraw 50.000000 
User 0, Acc 0 Balance 680.000000, Withdraw 50.000000 
User 0, Acc 9 Balance 1896.000000, Deposit 617.000000 
User 0, Acc 9 Balance 2513.000000, Transfer 617.000000 to Acc 1
User 0, Acc 8 Balance 1150.000000, Deposit 619.000000 
User 0, Acc 8 Balance 1769.000000, Transfer 619.000000 to Acc 2
User 0, Acc 7 Balance 10315.000000, Deposit 631.000000 
User 0, Acc 7 Balance 10946.000000, Transfer 631.000000 to Acc 3
User 0, Acc 6 Balance 1967.000000, Deposit 641.000000 
User 0, Acc 6 Balance 2608.000000, Transfer 641.000000 to Acc 4
User 0, Acc 5 Balance 1691.000000, Deposit 643.000000 
User 0, Acc 5 Balance 2334.000000, Transfer 1200.000000 to Acc 6
User 0, Acc 4 Balance 1571.000000, Deposit 647.000000 
User 0, Acc 4 Balance 2218.000000, Transfer 1200.000000 to Acc 7
User 0, Acc 3 Balance 665.000000, Deposit 653.000000 
User 0, Acc 3 Balance 1318.000000, Transfer 1200.000000 to Acc 8
User 0, Acc 2 Balance 647.000000, Deposit 659.000000 
User 0, Acc 2 Balance 1306.000000, Transfer 1200.000000 to Acc 9
User 0, Acc 1 Balance 1228.000000, Deposit 661.000000 
User 0, Acc 1 Balance 1889.000000, Transfer 1200.000000 to Acc 9
User 0, Acc 0 Balance 630.000000, Deposit 673.000000 
User 0, Acc 0 Balance 1303.000000, Transfer 1200.000000 to Acc 9
User 0, Acc 1 Balance 689.000000, Withdraw 50.000000 
User 0, Acc 2 Balance 106.000000, Withdraw 50.000000 
User 5, Acc 1 Balance 639.000000, Withdraw 500.000000 
User 2, Acc 7 Balance 11515.000000, Deposit 9929.000000 
User 0, Acc 3 Balance 118.000000, Withdraw 50.000000 
User 3, Acc 9 Balance 5496.000000, Deposit 617.000000 
User 3, Acc 9 Balance 6113.000000, Transfer 617.000000 to Acc 9
User 3, Acc 8 Balance 2350.000000, Deposit 619.000000 
User 3, Acc 8 Balance 2969.000000, Transfer 619.000000 to Acc 2
User 3, Acc 7 Balance 21444.000000, Deposit 631.000000 
User 3, Acc 7 Balance 22075.000000, Transfer 631.000000 to Acc 3
User 3, Acc 6 Balance 3167.000000, Deposit 641.000000 
User 3, Acc 6 Balance 3808.000000, Transfer 641.000000 to Acc 4
User 3, Acc 5 Balance 1134.000000, Deposit 643.000000 
User 3, Acc 5 Balance 1777.000000, Transfer 1200.000000 to Acc 6
User 3, Acc 4 Balance 1659.000000, Deposit 647.000000 
User 3, Acc 4 Balance 2306.000000, Transfer 1200.000000 to Acc 7
User 3, Acc 3 Balance 699.000000, Deposit 653.000000 
User 3, Acc 3 Balance 1352.000000, Transfer 1200.000000 to Acc 8
User 3, Acc 2 Balance 675.000000, Deposit 659.000000 
User 3, Acc 2 Balance 1334.000000, Transfer 1200.000000 to Acc 9
User 3, Acc 1 Balance 139.000000, Deposit 661.000000 
User 3, Acc 0 Balance 103.000000, Deposit 673.000000 
User 3, Acc 1 Balance 800.000000, Withdraw 50.000000 
User 3, Acc 2 Balance 134.000000, Withdraw 50.000000 
User 3, Acc 3 Balance 152.000000, Withdraw 50.000000 
User 3, Acc 4 Balance 1106.000000, Withdraw 50.000000 
User 3, Acc 5 Balance 577.000000, Withdraw 50.000000 
User 3, Acc 6 Balance 4367.000000, Withdraw 50.000000 
User 3, Acc 7 Balance 22644.000000, Withdraw 50.000000 
User 3, Acc 8 Balance 3550.000000, Withdraw 50.000000 
User 3, Acc 9 Balance 7313.000000, Withdraw 50.000000 
User 3, Acc 0 Balance 776.000000, Withdraw 50.000000 
User 3, Acc 9 Balance 7263.000000, Deposit 617.000000 
User 3, Acc 9 Balance 7880.000000, Transfer 617.000000 to Acc 1
User 3, Acc 8 Balance 3500.000000, Deposit 619.000000 
User 3, Acc 8 Balance 4119.000000, Transfer 619.000000 to Acc 2
User 3, Acc 7 Balance 22594.000000, Deposit 631.000000 
User 3, Acc 7 Balance 23225.000000, Transfer 631.000000 to Acc 3
User 3, Acc 6 Balance 4317.000000, Deposit 641.000000 
User 3, Acc 6 Balance 4958.000000, Transfer 641.000000 to Acc 4
User 3, Acc 5 Balance 527.000000, Deposit 643.000000 
User 3, Acc 4 Balance 1697.000000, Deposit 647.000000 
User 3, Acc 4 Balance 2344.000000, Transfer 1200.000000 to Acc 7
User 3, Acc 3 Balance 733.000000, Deposit 653.000000 
User 3, Acc 3 Balance 1386.000000, Transfer 1200.000000 to Acc 8
User 3, Acc 2 Balance 703.000000, Deposit 659.000000 
User 3, Acc 2 Balance 1362.000000, Transfer 1200.000000 to Acc 9
User 3, Acc 1 Balance 1367.000000, Deposit 661.000000 
User 3, Acc 1 Balance 2028.000000, Transfer 1200.000000 to Acc 9
User 3, Acc 0 Balance 726.000000, Deposit 673.000000 
User 3, Acc 0 Balance 1399.000000, Transfer 1200.000000 to Acc 9
User 3, Acc 1 Balance 828.000000, Withdraw 50.000000 
User 3, Acc 2 Balance 162.000000, Withdraw 50.000000 
User 4, Acc 0 Balance 103.000000, Deposit 907.000000 
User 4, Acc 1 Balance 778.000000, Deposit 911.000000 
User 4, Acc 2 Balance 112.000000, Deposit 919.000000 
User 4, Acc 3 Balance 186.000000, Transfer 29.000000 to Acc 7
User 4, Acc 7 Balance 23823.000000, Transfer 31.000000 to Acc 6
User 4, Acc 7 Balance 23792.000000, Transfer 37.000000 to Acc 5
User 4, Acc 7 Balance 23755.000000, Transfer 3.000000 to Acc 4
User 3, Acc 3 Balance 186.000000, Withdraw 50.000000 
User 4, Acc 7 Balance 23752.000000, Transfer 5.000000 to Acc 4
User 3, Acc 4 Balance 1147.000000, Withdraw 50.000000 
User 4, Acc 3 Balance 107.000000, Deposit 929.000000 
User 3, Acc 5 Balance 1207.000000, Withdraw 50.000000 
User 1, Acc 9 Balance 4296.000000, Deposit 617.000000 
User 3, Acc 6 Balance 4348.000000, Withdraw 50.000000 
User 1, Acc 9 Balance 11480.000000, Transfer 617.000000 to Acc 1
User 3, Acc 7 Balance 23747.000000, Withdraw 50.000000 
User 1, Acc 8 Balance 4700.000000, Deposit 619.000000 
User 1, Acc 8 Balance 5319.000000, Transfer 619.000000 to Acc 2
[22;32mUser 5, Acc 2 Balance 56.000000, 				Withdraw 500.000000 --insufficient funds[0m
User 2, Acc 4 Balance 1018.000000, Deposit 937.000000 
User 5, Acc 3 Balance 1036.000000, Withdraw 500.000000 
User 3, Acc 8 Balance 5319.000000, Withdraw 50.000000 
User 4, Acc 4 Balance 1102.000000, Deposit 937.000000 
User 1, Acc 7 Balance 23697.000000, Deposit 631.000000 
User 4, Acc 5 Balance 1157.000000, Deposit 941.000000 
User 2, Acc 5 Balance 1157.000000, Deposit 941.000000 
User 4, Acc 4 Balance 2976.000000, Withdraw 167.000000 
User 2, Acc 0 Balance 1106.000000, Deposit 7.000000 
User 3, Acc 9 Balance 10863.000000, Withdraw 50.000000 
User 0, Acc 4 Balance 1018.000000, Withdraw 50.000000 
User 3, Acc 0 Balance 1113.000000, Withdraw 50.000000 
User 5, Acc 4 Balance 2039.000000, Withdraw 500.000000 
User 4, Acc 5 Balance 3039.000000, Withdraw 307.000000 
User 5, Acc 5 Balance 3039.000000, Withdraw 500.000000 
User 4, Acc 1 Balance 2306.000000, Transfer 89.000000 to Acc 8
User 0, Acc 5 Balance 3039.000000, Withdraw 50.000000 
User 4, Acc 1 Balance 2217.000000, Transfer 163.000000 to Acc 9
User 0, Acc 6 Balance 4298.000000, Withdraw 50.000000 
User 1, Acc 7 Balance 24328.000000, Transfer 631.000000 to Acc 3
User 5, Acc 6 Balance 4298.000000, Withdraw 500.000000 
User 2, Acc 3 Balance 536.000000, Deposit 29.000000 
User 4, Acc 1 Balance 2054.000000, Withdraw 41.000000 
User 0, Acc 7 Balance 24328.000000, Withdraw 50.000000 
User 4, Acc 2 Balance 1650.000000, Withdraw 71.000000 
User 3, Acc 9 Balance 10813.000000, Deposit 617.000000 
User 5, Acc 7 Balance 23697.000000, Withdraw 500.000000 
User 3, Acc 9 Balance 11593.000000, Transfer 617.000000 to Acc 1
User 0, Acc 8 Balance 4739.000000, Withdraw 50.000000 
User 1, Acc 6 Balance 4248.000000, Deposit 641.000000 
User 0, Acc 9 Balance 10976.000000, Withdraw 50.000000 
User 4, Acc 3 Balance 1196.000000, Withdraw 127.000000 
User 5, Acc 8 Balance 4739.000000, Withdraw 500.000000 
User 3, Acc 8 Balance 4739.000000, Deposit 619.000000 
User 1, Acc 6 Balance 4389.000000, Transfer 641.000000 to Acc 4
User 3, Acc 8 Balance 4808.000000, Transfer 619.000000 to Acc 2
User 2, Acc 7 Balance 23697.000000, Deposit 9.000000 
User 3, Acc 7 Balance 23147.000000, Deposit 631.000000 
User 2, Acc 9 Balance 10926.000000, Deposit 129.000000 
User 3, Acc 7 Balance 23787.000000, Transfer 631.000000 to Acc 3
User 1, Acc 5 Balance 2182.000000, Deposit 643.000000 
User 1, Acc 5 Balance 2825.000000, Transfer 1200.000000 to Acc 6
User 4, Acc 6 Balance 4389.000000, Withdraw 647.000000 
User 1, Acc 4 Balance 2900.000000, Deposit 647.000000 
User 4, Acc 6 Balance 4301.000000, Deposit 953.000000 
User 4, Acc 7 Balance 23156.000000, Deposit 967.000000 
User 1, Acc 4 Balance 3547.000000, Transfer 1200.000000 to Acc 7
User 3, Acc 6 Balance 3748.000000, Deposit 641.000000 
User 3, Acc 6 Balance 5895.000000, Transfer 641.000000 to Acc 4
User 3, Acc 5 Balance 1625.000000, Deposit 643.000000 
User 3, Acc 5 Balance 2268.000000, Transfer 1200.000000 to Acc 6
User 3, Acc 4 Balance 2988.000000, Deposit 647.000000 
User 3, Acc 4 Balance 3635.000000, Transfer 1200.000000 to Acc 7
User 3, Acc 3 Balance 1700.000000, Deposit 653.000000 
User 3, Acc 3 Balance 2353.000000, Transfer 1200.000000 to Acc 8
User 3, Acc 2 Balance 2198.000000, Deposit 659.000000 
User 3, Acc 2 Balance 2857.000000, Transfer 1200.000000 to Acc 9
User 3, Acc 1 Balance 2630.000000, Deposit 661.000000 
User 3, Acc 1 Balance 3291.000000, Transfer 1200.000000 to Acc 9
User 3, Acc 0 Balance 1063.000000, Deposit 673.000000 
User 3, Acc 0 Balance 1736.000000, Transfer 1200.000000 to Acc 9
User 1, Acc 3 Balance 1700.000000, Deposit 653.000000 
User 1, Acc 3 Balance 1806.000000, Transfer 1200.000000 to Acc 8
User 1, Acc 2 Balance 1657.000000, Deposit 659.000000 
User 1, Acc 2 Balance 2316.000000, Transfer 1200.000000 to Acc 9
User 2, Acc 3 Balance 1069.000000, Transfer 29.000000 to Acc 7
User 4, Acc 1 Balance 2630.000000, Transfer 19.000000 to Acc 7
User 2, Acc 7 Balance 26552.000000, Transfer 31.000000 to Acc 6
User 2, Acc 7 Balance 26540.000000, Transfer 137.000000 to Acc 5
User 5, Acc 9 Balance 10926.000000, Withdraw 500.000000 
User 1, Acc 1 Balance 2091.000000, Deposit 661.000000 
User 1, Acc 1 Balance 2733.000000, Transfer 1200.000000 to Acc 9
User 1, Acc 0 Balance 536.000000, Deposit 673.000000 
User 1, Acc 0 Balance 1209.000000, Transfer 1200.000000 to Acc 9
User 1, Acc 9 Balance 17755.000000, Deposit 617.000000 
User 3, Acc 7 Balance 26523.000000, Deposit 9929.000000 
User 3, Acc 4 Balance 2435.000000, Deposit 937.000000 
User 3, Acc 5 Balance 1205.000000, Deposit 941.000000 
User 3, Acc 0 Balance 9.000000, Deposit 7.000000 
User 0, Acc 0 Balance 1063.000000, Withdraw 50.000000 
User 3, Acc 3 Balance 577.000000, Deposit 29.000000 
User 0, Acc 9 Balance 18372.000000, Deposit 617.000000 
User 3, Acc 7 Balance 36332.000000, Deposit 9.000000 
User 0, Acc 9 Balance 18989.000000, Transfer 617.000000 to Acc 1
User 0, Acc 8 Balance 6589.000000, Deposit 619.000000 
User 0, Acc 8 Balance 7208.000000, Transfer 619.000000 to Acc 2
User 0, Acc 7 Balance 36341.000000, Deposit 631.000000 
User 0, Acc 7 Balance 36972.000000, Transfer 631.000000 to Acc 3
User 0, Acc 6 Balance 6485.000000, Deposit 641.000000 
User 0, Acc 6 Balance 7126.000000, Transfer 641.000000 to Acc 4
User 0, Acc 5 Balance 2146.000000, Deposit 643.000000 
User 5, Acc 0 Balance 536.000000, Withdraw 500.000000 
User 0, Acc 5 Balance 2789.000000, Transfer 1200.000000 to Acc 6
User 5, Acc 1 Balance 2150.000000, Withdraw 500.000000 
User 0, Acc 4 Balance 4013.000000, Deposit 647.000000 
User 5, Acc 2 Balance 1735.000000, Withdraw 500.000000 
User 3, Acc 9 Balance 18989.000000, Deposit 129.000000 
User 4, Acc 2 Balance 1116.000000, Transfer 23.000000 to Acc 7
User 3, Acc 3 Balance 1237.000000, Transfer 29.000000 to Acc 7
User 2, Acc 7 Balance 26403.000000, Transfer 3.000000 to Acc 4
User 3, Acc 7 Balance 36393.000000, Transfer 31.000000 to Acc 6
User 5, Acc 3 Balance 1237.000000, Withdraw 500.000000 
User 3, Acc 7 Balance 36359.000000, Transfer 137.000000 to Acc 5
User 1, Acc 9 Balance 18372.000000, Transfer 617.000000 to Acc 9
User 3, Acc 7 Balance 36222.000000, Transfer 3.000000 to Acc 4
User 1, Acc 8 Balance 6589.000000, Deposit 619.000000 
User 3, Acc 7 Balance 36219.000000, Transfer 5.000000 to Acc 4
User 1, Acc 8 Balance 7208.000000, Transfer 619.000000 to Acc 2
User 5, Acc 4 Balance 4663.000000, Withdraw 500.000000 
User 0, Acc 4 Balance 4660.000000, Transfer 1200.000000 to Acc 7
User 5, Acc 5 Balance 1726.000000, Withdraw 500.000000 
User 0, Acc 3 Balance 708.000000, Deposit 653.000000 
User 5, Acc 6 Balance 7716.000000, Withdraw 500.000000 
User 5, Acc 7 Balance 37414.000000, Withdraw 500.000000 
User 2, Acc 7 Balance 36390.000000, Transfer 5.000000 to Acc 4
User 2, Acc 4 Balance 2976.000000, Withdraw 1167.000000 
User 0, Acc 3 Balance 1361.000000, Transfer 1200.000000 to Acc 8
User 0, Acc 2 Balance 1831.000000, Deposit 659.000000 
User 0, Acc 2 Balance 2490.000000, Transfer 1200.000000 to Acc 9
User 3, Acc 4 Balance 4671.000000, Withdraw 1167.000000 
User 1, Acc 7 Balance 36214.000000, Deposit 631.000000 
[22;32mUser 3, Acc 5 Balance 1226.000000, 				Withdraw 1307.000000 --insufficient funds[0m
[22;32mUser 2, Acc 5 Balance 1226.000000, 				Withdraw 1307.000000 --insufficient funds[0m
User 2, Acc 1 Balance 1650.000000, Transfer 89.000000 to Acc 8
User 2, Acc 1 Balance 1561.000000, Transfer 163.000000 to Acc 9
User 2, Acc 1 Balance 1398.000000, Withdraw 41.000000 
User 2, Acc 2 Balance 1290.000000, Withdraw 71.000000 
[22;32mUser 2, Acc 3 Balance 161.000000, 				Withdraw 1127.000000 --insufficient funds[0m
User 2, Acc 6 Balance 7216.000000, Withdraw 647.000000 
User 2, Acc 6 Balance 6569.000000, Deposit 1953.000000 
User 2, Acc 7 Balance 37540.000000, Deposit 967.000000 
User 2, Acc 1 Balance 1357.000000, Transfer 19.000000 to Acc 7
User 4, Acc 6 Balance 7685.000000, Transfer 67.000000 to Acc 5
User 4, Acc 4 Balance 642.000000, Transfer 53.000000 to Acc 5
User 4, Acc 7 Balance 38526.000000, Withdraw 593.000000 
User 4, Acc 8 Balance 7878.000000, Withdraw 449.000000 
User 4, Acc 9 Balance 19864.000000, Withdraw 163.000000 
User 4, Acc 9 Balance 19701.000000, Deposit 617.000000 
User 4, Acc 9 Balance 20318.000000, Transfer 617.000000 to Acc 1
User 0, Acc 1 Balance 1650.000000, Deposit 661.000000 
User 1, Acc 7 Balance 37540.000000, Transfer 631.000000 to Acc 3
User 0, Acc 1 Balance 2616.000000, Transfer 1200.000000 to Acc 9
User 5, Acc 8 Balance 6589.000000, Withdraw 500.000000 
User 0, Acc 0 Balance -534.000000, Deposit 673.000000 
User 2, Acc 2 Balance 1219.000000, Transfer 23.000000 to Acc 7
User 0, Acc 1 Balance 1416.000000, Withdraw 50.000000 
User 1, Acc 6 Balance 8455.000000, Deposit 641.000000 
User 1, Acc 6 Balance 9096.000000, Transfer 641.000000 to Acc 4
User 1, Acc 5 Balance 1346.000000, Deposit 643.000000 
User 4, Acc 8 Balance 7429.000000, Deposit 619.000000 
User 1, Acc 5 Balance 1989.000000, Transfer 1200.000000 to Acc 6
User 4, Acc 8 Balance 7548.000000, Transfer 619.000000 to Acc 2
User 1, Acc 4 Balance 1230.000000, Deposit 647.000000 
User 1, Acc 4 Balance 1877.000000, Transfer 1200.000000 to Acc 7
User 1, Acc 3 Balance 792.000000, Deposit 653.000000 
User 2, Acc 6 Balance 8455.000000, Transfer 1167.000000 to Acc 5
User 2, Acc 4 Balance 677.000000, Transfer 53.000000 to Acc 5
User 2, Acc 7 Balance 38525.000000, Withdraw 1593.000000 
User 2, Acc 8 Balance 6929.000000, Withdraw 449.000000 
User 2, Acc 9 Balance 20901.000000, Withdraw 163.000000 
User 2, Acc 7 Balance 36932.000000, Deposit 9929.000000 
User 2, Acc 4 Balance 624.000000, Deposit 937.000000 
User 3, Acc 1 Balance 1650.000000, Transfer 89.000000 to Acc 8
User 3, Acc 1 Balance 1277.000000, Transfer 163.000000 to Acc 9
User 3, Acc 1 Balance 1114.000000, Withdraw 41.000000 
User 5, Acc 9 Balance 20901.000000, Withdraw 500.000000 
User 0, Acc 2 Balance 1219.000000, Withdraw 50.000000 
[22;32mUser 5, Acc 0 Balance 139.000000, 				Withdraw 500.000000 --insufficient funds[0m
User 0, Acc 3 Balance 1445.000000, Withdraw 50.000000 
User 5, Acc 1 Balance 1073.000000, Withdraw 500.000000 
User 4, Acc 7 Balance 37325.000000, Deposit 631.000000 
User 1, Acc 3 Balance 1445.000000, Transfer 1200.000000 to Acc 8
User 2, Acc 5 Balance 2009.000000, Deposit 941.000000 
User 1, Acc 2 Balance 1765.000000, Deposit 659.000000 
User 2, Acc 0 Balance 139.000000, Deposit 7.000000 
User 2, Acc 3 Balance 195.000000, Deposit 29.000000 
User 1, Acc 2 Balance 2424.000000, Transfer 1200.000000 to Acc 9
User 2, Acc 7 Balance 47492.000000, Deposit 9.000000 
User 0, Acc 4 Balance 1561.000000, Withdraw 50.000000 
User 2, Acc 9 Balance 21601.000000, Deposit 129.000000 
User 0, Acc 5 Balance 2950.000000, Withdraw 50.000000 
User 2, Acc 3 Balance 224.000000, Transfer 29.000000 to Acc 7
User 0, Acc 6 Balance 8488.000000, Withdraw 50.000000 
User 2, Acc 7 Balance 47530.000000, Transfer 31.000000 to Acc 6
User 3, Acc 2 Balance 1815.000000, Withdraw 71.000000 
[22;32mUser 3, Acc 3 Balance 195.000000, 				Withdraw 1127.000000 --insufficient funds[0m
User 3, Acc 6 Balance 8469.000000, Withdraw 647.000000 
User 3, Acc 6 Balance 7822.000000, Deposit 1953.000000 
User 3, Acc 7 Balance 47499.000000, Deposit 967.000000 
User 3, Acc 1 Balance 573.000000, Transfer 19.000000 to Acc 7
User 3, Acc 2 Balance 1153.000000, Transfer 23.000000 to Acc 7
User 3, Acc 6 Balance 9775.000000, Transfer 1167.000000 to Acc 5
User 3, Acc 4 Balance 1511.000000, Transfer 53.000000 to Acc 5
User 3, Acc 7 Balance 48508.000000, Withdraw 1593.000000 
User 3, Acc 8 Balance 7769.000000, Withdraw 449.000000 
User 3, Acc 9 Balance 21730.000000, Withdraw 163.000000 
User 0, Acc 7 Balance 47530.000000, Withdraw 50.000000 
User 3, Acc 9 Balance 21567.000000, Deposit 617.000000 
User 3, Acc 9 Balance 22184.000000, Transfer 617.000000 to Acc 9
User 2, Acc 7 Balance 47499.000000, Transfer 137.000000 to Acc 5
User 3, Acc 8 Balance 7320.000000, Deposit 619.000000 
User 2, Acc 7 Balance 46728.000000, Transfer 3.000000 to Acc 4
User 4, Acc 7 Balance 47492.000000, Transfer 631.000000 to Acc 3
User 0, Acc 8 Balance 7320.000000, Withdraw 50.000000 
User 4, Acc 6 Balance 8608.000000, Deposit 641.000000 
User 3, Acc 8 Balance 7939.000000, Transfer 619.000000 to Acc 2
User 1, Acc 1 Balance 573.000000, Deposit 661.000000 
User 1, Acc 1 Balance 1215.000000, Transfer 1200.000000 to Acc 9
User 1, Acc 0 Balance 146.000000, Deposit 673.000000 
[22;32mUser 1, Acc 1 Balance 15.000000, 				Withdraw 50.000000 --insufficient funds[0m
User 1, Acc 2 Balance 1749.000000, Withdraw 50.000000 
User 1, Acc 3 Balance 826.000000, Withdraw 50.000000 
User 1, Acc 4 Balance 1461.000000, Withdraw 50.000000 
User 1, Acc 5 Balance 4257.000000, Withdraw 50.000000 
User 1, Acc 6 Balance 9249.000000, Withdraw 50.000000 
User 1, Acc 7 Balance 46094.000000, Withdraw 50.000000 
User 1, Acc 8 Balance 7270.000000, Withdraw 50.000000 
User 1, Acc 9 Balance 23384.000000, Withdraw 50.000000 
User 1, Acc 0 Balance 819.000000, Withdraw 50.000000 
User 1, Acc 9 Balance 23334.000000, Deposit 617.000000 
User 1, Acc 9 Balance 23951.000000, Transfer 617.000000 to Acc 1
User 1, Acc 8 Balance 7220.000000, Deposit 619.000000 
User 1, Acc 8 Balance 7839.000000, Transfer 619.000000 to Acc 2
User 1, Acc 7 Balance 46044.000000, Deposit 631.000000 
User 1, Acc 7 Balance 46675.000000, Transfer 631.000000 to Acc 3
User 1, Acc 6 Balance 9199.000000, Deposit 641.000000 
User 1, Acc 6 Balance 9840.000000, Transfer 641.000000 to Acc 4
User 1, Acc 5 Balance 4207.000000, Deposit 643.000000 
User 1, Acc 5 Balance 4850.000000, Transfer 1200.000000 to Acc 6
User 1, Acc 4 Balance 2052.000000, Deposit 647.000000 
User 1, Acc 4 Balance 2699.000000, Transfer 1200.000000 to Acc 7
User 1, Acc 3 Balance 1407.000000, Deposit 653.000000 
User 1, Acc 3 Balance 2060.000000, Transfer 1200.000000 to Acc 8
User 1, Acc 2 Balance 2318.000000, Deposit 659.000000 
User 1, Acc 2 Balance 2977.000000, Transfer 1200.000000 to Acc 9
User 1, Acc 1 Balance 632.000000, Deposit 661.000000 
User 1, Acc 1 Balance 1293.000000, Transfer 1200.000000 to Acc 9
User 1, Acc 0 Balance 769.000000, Deposit 673.000000 
User 1, Acc 0 Balance 1442.000000, Transfer 1200.000000 to Acc 9
User 1, Acc 1 Balance 93.000000, Withdraw 50.000000 
User 1, Acc 2 Balance 1777.000000, Withdraw 50.000000 
User 1, Acc 3 Balance 860.000000, Withdraw 50.000000 
User 1, Acc 4 Balance 1499.000000, Withdraw 50.000000 
User 1, Acc 5 Balance 3650.000000, Withdraw 50.000000 
User 1, Acc 6 Balance 10399.000000, Withdraw 50.000000 
User 1, Acc 7 Balance 47244.000000, Withdraw 50.000000 
User 1, Acc 8 Balance 8420.000000, Withdraw 50.000000 
User 1, Acc 9 Balance 26934.000000, Withdraw 50.000000 
User 1, Acc 0 Balance 242.000000, Withdraw 50.000000 
User 1, Acc 9 Balance 26884.000000, Deposit 617.000000 
User 1, Acc 9 Balance 27501.000000, Transfer 617.000000 to Acc 1
User 1, Acc 8 Balance 8370.000000, Deposit 619.000000 
User 1, Acc 8 Balance 8989.000000, Transfer 619.000000 to Acc 2
User 1, Acc 7 Balance 47194.000000, Deposit 631.000000 
User 1, Acc 7 Balance 47825.000000, Transfer 631.000000 to Acc 3
User 1, Acc 6 Balance 10349.000000, Deposit 641.000000 
User 1, Acc 6 Balance 10990.000000, Transfer 641.000000 to Acc 4
User 1, Acc 5 Balance 3600.000000, Deposit 643.000000 
User 1, Acc 5 Balance 4243.000000, Transfer 1200.000000 to Acc 6
User 1, Acc 4 Balance 2090.000000, Deposit 647.000000 
User 1, Acc 4 Balance 2737.000000, Transfer 1200.000000 to Acc 7
User 1, Acc 3 Balance 1441.000000, Deposit 653.000000 
User 1, Acc 3 Balance 2094.000000, Transfer 1200.000000 to Acc 8
User 1, Acc 2 Balance 2346.000000, Deposit 659.000000 
User 1, Acc 2 Balance 3005.000000, Transfer 1200.000000 to Acc 9
User 1, Acc 1 Balance 660.000000, Deposit 661.000000 
User 1, Acc 1 Balance 1321.000000, Transfer 1200.000000 to Acc 9
User 1, Acc 0 Balance 192.000000, Deposit 673.000000 
[22;32mUser 1, Acc 1 Balance 121.000000, 				Withdraw 500.000000 --insufficient funds[0m
User 1, Acc 2 Balance 1805.000000, Withdraw 500.000000 
User 1, Acc 3 Balance 894.000000, Withdraw 500.000000 
User 1, Acc 4 Balance 1537.000000, Withdraw 500.000000 
User 1, Acc 5 Balance 3043.000000, Withdraw 500.000000 
User 1, Acc 6 Balance 11549.000000, Withdraw 500.000000 
User 1, Acc 7 Balance 48394.000000, Withdraw 500.000000 
User 1, Acc 8 Balance 9570.000000, Withdraw 500.000000 
User 3, Acc 7 Balance 46094.000000, Deposit 631.000000 
User 1, Acc 9 Balance 29284.000000, Withdraw 500.000000 
User 5, Acc 2 Balance 1765.000000, Withdraw 500.000000 
User 1, Acc 0 Balance 865.000000, Withdraw 500.000000 
[22;32mUser 5, Acc 3 Balance 394.000000, 				Withdraw 500.000000 --insufficient funds[0m
[22;32mUser 1, Acc 1 Balance 121.000000, 				Withdraw 500.000000 --insufficient funds[0m
User 5, Acc 4 Balance 1037.000000, Withdraw 500.000000 
User 3, Acc 7 Balance 48525.000000, Transfer 631.000000 to Acc 3
User 4, Acc 6 Balance 9249.000000, Transfer 641.000000 to Acc 4
User 3, Acc 6 Balance 11049.000000, Deposit 641.000000 
User 4, Acc 5 Balance 2543.000000, Deposit 643.000000 
User 4, Acc 5 Balance 3186.000000, Transfer 1200.000000 to Acc 6
User 5, Acc 5 Balance 2543.000000, Withdraw 500.000000 
User 4, Acc 4 Balance 1178.000000, Deposit 647.000000 
User 5, Acc 6 Balance 12249.000000, Withdraw 500.000000 
User 4, Acc 4 Balance 1825.000000, Transfer 1200.000000 to Acc 7
User 5, Acc 7 Balance 47894.000000, Withdraw 500.000000 
User 5, Acc 8 Balance 9070.000000, Withdraw 500.000000 
User 0, Acc 9 Balance 22184.000000, Withdraw 50.000000 
User 5, Acc 9 Balance 28784.000000, Withdraw 500.000000 
User 2, Acc 7 Balance 46725.000000, Transfer 5.000000 to Acc 4
User 3, Acc 6 Balance 11049.000000, Transfer 641.000000 to Acc 4
User 1, Acc 2 Balance 805.000000, Withdraw 500.000000 
User 1, Acc 3 Balance 1025.000000, Withdraw 500.000000 
User 1, Acc 4 Balance 1271.000000, Withdraw 500.000000 
User 1, Acc 5 Balance 1486.000000, Withdraw 500.000000 
User 1, Acc 6 Balance 11108.000000, Withdraw 500.000000 
User 1, Acc 7 Balance 48589.000000, Withdraw 500.000000 
User 1, Acc 8 Balance 8570.000000, Withdraw 500.000000 
[22;32mUser 5, Acc 0 Balance 365.000000, 				Withdraw 500.000000 --insufficient funds[0m
User 1, Acc 9 Balance 28234.000000, Withdraw 500.000000 
[22;32mUser 1, Acc 0 Balance 365.000000, 				Withdraw 500.000000 --insufficient funds[0m
[22;32mUser 2, Acc 4 Balance 630.000000, 				Withdraw 1167.000000 --insufficient funds[0m
[22;32mUser 1, Acc 1 Balance 121.000000, 				Withdraw 500.000000 --insufficient funds[0m
User 0, Acc 0 Balance 365.000000, Withdraw 50.000000 
User 4, Acc 3 Balance 1025.000000, Deposit 653.000000 
[22;32mUser 0, Acc 1 Balance 121.000000, 				Withdraw 500.000000 --insufficient funds[0m
[22;32mUser 0, Acc 2 Balance 305.000000, 				Withdraw 500.000000 --insufficient funds[0m
User 4, Acc 2 Balance 305.000000, Deposit 659.000000 
User 3, Acc 5 Balance 1486.000000, Deposit 643.000000 
[22;32mUser 1, Acc 2 Balance 305.000000, 				Withdraw 500.000000 --insufficient funds[0m
User 1, Acc 3 Balance 1178.000000, Withdraw 500.000000 
User 1, Acc 4 Balance 771.000000, Withdraw 500.000000 
User 1, Acc 5 Balance 1629.000000, Withdraw 500.000000 
User 1, Acc 6 Balance 10608.000000, Withdraw 500.000000 
User 1, Acc 7 Balance 48089.000000, Withdraw 500.000000 
User 1, Acc 8 Balance 8070.000000, Withdraw 500.000000 
User 1, Acc 9 Balance 27734.000000, Withdraw 500.000000 
[22;32mUser 1, Acc 0 Balance 315.000000, 				Withdraw 500.000000 --insufficient funds[0m
User 1, Acc 0 Balance 315.000000, Deposit 907.000000 
User 1, Acc 1 Balance 121.000000, Deposit 911.000000 
User 1, Acc 2 Balance 964.000000, Deposit 919.000000 
User 1, Acc 3 Balance 678.000000, Transfer 29.000000 to Acc 7
User 1, Acc 7 Balance 47618.000000, Transfer 31.000000 to Acc 6
User 1, Acc 7 Balance 47587.000000, Transfer 37.000000 to Acc 5
User 1, Acc 7 Balance 47550.000000, Transfer 3.000000 to Acc 4
User 1, Acc 7 Balance 47547.000000, Transfer 5.000000 to Acc 4
User 1, Acc 3 Balance 649.000000, Deposit 929.000000 
User 1, Acc 4 Balance 279.000000, Deposit 937.000000 
User 1, Acc 5 Balance 1166.000000, Deposit 941.000000 
User 1, Acc 4 Balance 1216.000000, Withdraw 167.000000 
User 1, Acc 5 Balance 2107.000000, Withdraw 307.000000 
User 1, Acc 1 Balance 1032.000000, Transfer 89.000000 to Acc 8
User 1, Acc 1 Balance 943.000000, Transfer 163.000000 to Acc 9
User 1, Acc 1 Balance 780.000000, Withdraw 41.000000 
User 1, Acc 2 Balance 1883.000000, Withdraw 71.000000 
User 1, Acc 3 Balance 1578.000000, Withdraw 127.000000 
User 1, Acc 6 Balance 10139.000000, Withdraw 647.000000 
User 1, Acc 6 Balance 9492.000000, Deposit 953.000000 
User 1, Acc 7 Balance 47542.000000, Deposit 967.000000 
User 1, Acc 1 Balance 739.000000, Transfer 19.000000 to Acc 7
User 1, Acc 2 Balance 1812.000000, Transfer 23.000000 to Acc 7
User 1, Acc 6 Balance 10445.000000, Transfer 67.000000 to Acc 5
User 1, Acc 4 Balance 1049.000000, Transfer 53.000000 to Acc 5
User 1, Acc 7 Balance 48551.000000, Withdraw 593.000000 
User 1, Acc 8 Balance 7659.000000, Withdraw 449.000000 
User 1, Acc 9 Balance 27397.000000, Withdraw 163.000000 
User 1, Acc 1 Balance 720.000000, Withdraw 500.000000 
User 1, Acc 2 Balance 1789.000000, Withdraw 500.000000 
User 1, Acc 3 Balance 1451.000000, Withdraw 500.000000 
User 1, Acc 4 Balance 996.000000, Withdraw 500.000000 
User 5, Acc 0 Balance 365.000000, Deposit 907.000000 
User 1, Acc 5 Balance 1920.000000, Withdraw 500.000000 
[22;32mUser 2, Acc 5 Balance 986.000000, 				Withdraw 1307.000000 --insufficient funds[0m
User 1, Acc 6 Balance 10378.000000, Withdraw 500.000000 
User 1, Acc 7 Balance 47958.000000, Withdraw 500.000000 
User 1, Acc 8 Balance 7210.000000, Withdraw 500.000000 
User 5, Acc 1 Balance 220.000000, Deposit 911.000000 
User 1, Acc 9 Balance 27234.000000, Withdraw 500.000000 
User 2, Acc 1 Balance 220.000000, Transfer 89.000000 to Acc 8
User 4, Acc 1 Balance 121.000000, Deposit 661.000000 
User 2, Acc 1 Balance 1042.000000, Transfer 163.000000 to Acc 9
User 4, Acc 1 Balance 1703.000000, Transfer 1200.000000 to Acc 9
User 4, Acc 0 Balance 2129.000000, Deposit 673.000000 
User 2, Acc 1 Balance 340.000000, Withdraw 41.000000 
User 4, Acc 0 Balance 2802.000000, Transfer 1200.000000 to Acc 9
User 1, Acc 0 Balance 2129.000000, Withdraw 500.000000 
User 5, Acc 2 Balance 1289.000000, Deposit 919.000000 
[22;32mUser 1, Acc 1 Balance 299.000000, 				Withdraw 500.000000 --insufficient funds[0m
User 2, Acc 2 Balance 1289.000000, Withdraw 71.000000 
User 3, Acc 5 Balance 1629.000000, Transfer 1200.000000 to Acc 6
User 4, Acc 7 Balance 47458.000000, Deposit 9929.000000 
User 0, Acc 3 Balance 1178.000000, Withdraw 500.000000 
User 5, Acc 3 Balance 951.000000, Transfer 29.000000 to Acc 7
[22;32mUser 0, Acc 4 Balance 496.000000, 				Withdraw 500.000000 --insufficient funds[0m
[22;32mUser 0, Acc 5 Balance 220.000000, 				Withdraw 500.000000 --insufficient funds[0m
User 1, Acc 2 Balance 2208.000000, Withdraw 500.000000 
User 3, Acc 4 Balance 496.000000, Deposit 647.000000 
[22;32mUser 1, Acc 3 Balance 422.000000, 				Withdraw 500.000000 --insufficient funds[0m
User 3, Acc 3 Balance 422.000000, Deposit 653.000000 
User 5, Acc 7 Balance 57416.000000, Transfer 31.000000 to Acc 6
User 5, Acc 7 Balance 57385.000000, Transfer 37.000000 to Acc 5
User 0, Acc 6 Balance 11078.000000, Withdraw 500.000000 
User 5, Acc 7 Balance 57348.000000, Transfer 3.000000 to Acc 4
User 0, Acc 7 Balance 57348.000000, Withdraw 500.000000 
User 1, Acc 4 Balance 1143.000000, Withdraw 500.000000 
[22;32mUser 1, Acc 5 Balance 257.000000, 				Withdraw 500.000000 --insufficient funds[0m
User 1, Acc 6 Balance 10609.000000, Withdraw 500.000000 
User 1, Acc 7 Balance 56845.000000, Withdraw 500.000000 
User 1, Acc 8 Balance 6799.000000, Withdraw 500.000000 
User 1, Acc 9 Balance 29297.000000, Withdraw 500.000000 
User 1, Acc 0 Balance 1102.000000, Withdraw 500.000000 
[22;32mUser 1, Acc 1 Balance 299.000000, 				Withdraw 500.000000 --insufficient funds[0m
User 5, Acc 7 Balance 57345.000000, Transfer 5.000000 to Acc 4
User 1, Acc 2 Balance 1637.000000, Withdraw 500.000000 
User 5, Acc 3 Balance 1075.000000, Deposit 929.000000 
User 0, Acc 8 Balance 6799.000000, Withdraw 500.000000 
User 5, Acc 4 Balance 651.000000, Deposit 937.000000 
User 3, Acc 2 Balance 1637.000000, Deposit 659.000000 
User 1, Acc 3 Balance 1075.000000, Withdraw 500.000000 
User 1, Acc 4 Balance 1588.000000, Withdraw 500.000000 
[22;32mUser 1, Acc 5 Balance 257.000000, 				Withdraw 500.000000 --insufficient funds[0m
User 0, Acc 9 Balance 28797.000000, Withdraw 500.000000 
User 1, Acc 6 Balance 10109.000000, Withdraw 500.000000 
User 3, Acc 2 Balance 1796.000000, Transfer 1200.000000 to Acc 9
[22;32mUser 2, Acc 3 Balance 951.000000, 				Withdraw 1127.000000 --insufficient funds[0m
User 3, Acc 1 Balance 299.000000, Deposit 661.000000 
User 2, Acc 6 Balance 9609.000000, Withdraw 647.000000 
User 2, Acc 6 Balance 8962.000000, Deposit 1953.000000 
User 5, Acc 5 Balance 257.000000, Deposit 941.000000 
User 2, Acc 7 Balance 56340.000000, Deposit 967.000000 
User 1, Acc 7 Balance 56340.000000, Withdraw 500.000000 
User 3, Acc 0 Balance 602.000000, Deposit 673.000000 
User 1, Acc 8 Balance 5799.000000, Withdraw 500.000000 
User 5, Acc 4 Balance 1088.000000, Withdraw 167.000000 
User 1, Acc 9 Balance 29497.000000, Withdraw 500.000000 
User 2, Acc 1 Balance 960.000000, Transfer 19.000000 to Acc 7
User 1, Acc 0 Balance 1275.000000, Withdraw 500.000000 
User 2, Acc 2 Balance 596.000000, Transfer 23.000000 to Acc 7
User 2, Acc 6 Balance 10915.000000, Transfer 1167.000000 to Acc 5
User 1, Acc 0 Balance 775.000000, Deposit 907.000000 
User 5, Acc 5 Balance 1198.000000, Withdraw 307.000000 
User 3, Acc 0 Balance 1275.000000, Transfer 1200.000000 to Acc 9
User 0, Acc 0 Balance 602.000000, Withdraw 500.000000 
User 4, Acc 4 Balance 496.000000, Deposit 937.000000 
User 0, Acc 1 Balance 941.000000, Withdraw 500.000000 
User 2, Acc 4 Balance 921.000000, Transfer 53.000000 to Acc 5
User 0, Acc 2 Balance 573.000000, Withdraw 500.000000 
User 5, Acc 1 Balance 941.000000, Transfer 89.000000 to Acc 8
User 3, Acc 1 Balance 941.000000, Withdraw 50.000000 
User 5, Acc 1 Balance 352.000000, Transfer 163.000000 to Acc 9
User 3, Acc 2 Balance 73.000000, Withdraw 50.000000 
User 2, Acc 7 Balance 56849.000000, Withdraw 1593.000000 
User 0, Acc 3 Balance 1504.000000, Withdraw 500.000000 
User 2, Acc 8 Balance 5388.000000, Withdraw 449.000000 
User 0, Acc 4 Balance 1805.000000, Withdraw 500.000000 
User 5, Acc 1 Balance 139.000000, Withdraw 41.000000 
User 0, Acc 5 Balance 2111.000000, Withdraw 500.000000 
[22;32mUser 5, Acc 2 Balance 23.000000, 				Withdraw 71.000000 --insufficient funds[0m
User 5, Acc 3 Balance 1004.000000, Withdraw 127.000000 
User 2, Acc 9 Balance 30360.000000, Withdraw 163.000000 
User 3, Acc 3 Balance 1504.000000, Withdraw 50.000000 
User 2, Acc 9 Balance 30197.000000, Deposit 617.000000 
User 0, Acc 6 Balance 9748.000000, Withdraw 500.000000 
User 1, Acc 1 Balance 941.000000, Deposit 911.000000 
User 1, Acc 2 Balance 23.000000, Deposit 919.000000 
User 1, Acc 3 Balance 827.000000, Transfer 29.000000 to Acc 7
User 1, Acc 7 Balance 55285.000000, Transfer 31.000000 to Acc 6
User 1, Acc 7 Balance 55254.000000, Transfer 37.000000 to Acc 5
User 1, Acc 7 Balance 55217.000000, Transfer 3.000000 to Acc 4
User 1, Acc 7 Balance 55214.000000, Transfer 5.000000 to Acc 4
User 1, Acc 3 Balance 798.000000, Deposit 929.000000 
User 1, Acc 4 Balance 1313.000000, Deposit 937.000000 
User 1, Acc 5 Balance 1648.000000, Deposit 941.000000 
User 1, Acc 4 Balance 2250.000000, Withdraw 167.000000 
User 1, Acc 5 Balance 2589.000000, Withdraw 307.000000 
User 1, Acc 1 Balance 1009.000000, Transfer 89.000000 to Acc 8
User 1, Acc 1 Balance 920.000000, Transfer 163.000000 to Acc 9
User 1, Acc 1 Balance 757.000000, Withdraw 41.000000 
User 1, Acc 2 Balance 942.000000, Withdraw 71.000000 
User 5, Acc 6 Balance 9748.000000, Withdraw 647.000000 
User 1, Acc 3 Balance 1727.000000, Withdraw 127.000000 
User 3, Acc 4 Balance 1305.000000, Withdraw 50.000000 
User 1, Acc 6 Balance 8632.000000, Withdraw 647.000000 
User 0, Acc 7 Balance 55256.000000, Withdraw 500.000000 
User 1, Acc 6 Balance 7985.000000, Deposit 953.000000 
User 5, Acc 6 Balance 8632.000000, Deposit 953.000000 
User 1, Acc 7 Balance 54709.000000, Deposit 967.000000 
User 5, Acc 7 Balance 54709.000000, Deposit 967.000000 
User 1, Acc 1 Balance 716.000000, Transfer 19.000000 to Acc 7
User 5, Acc 1 Balance 716.000000, Transfer 19.000000 to Acc 7
User 1, Acc 2 Balance 871.000000, Transfer 23.000000 to Acc 7
User 2, Acc 9 Balance 30814.000000, Transfer 617.000000 to Acc 9
User 1, Acc 6 Balance 9891.000000, Transfer 67.000000 to Acc 5
User 2, Acc 8 Balance 5028.000000, Deposit 619.000000 
User 1, Acc 4 Balance 2033.000000, Transfer 53.000000 to Acc 5
User 5, Acc 2 Balance 871.000000, Transfer 23.000000 to Acc 7
User 1, Acc 7 Balance 56704.000000, Withdraw 593.000000 
User 0, Acc 8 Balance 5028.000000, Withdraw 500.000000 
User 1, Acc 8 Balance 5647.000000, Withdraw 449.000000 
User 3, Acc 5 Balance 2282.000000, Withdraw 50.000000 
User 4, Acc 5 Balance 2058.000000, Deposit 941.000000 
User 3, Acc 6 Balance 9824.000000, Withdraw 50.000000 
User 3, Acc 7 Balance 56134.000000, Withdraw 50.000000 
User 2, Acc 8 Balance 5647.000000, Transfer 619.000000 to Acc 2
User 0, Acc 9 Balance 30977.000000, Withdraw 500.000000 
[22;32mUser 0, Acc 0 Balance -18.000000, 				Withdraw 500.000000 --insufficient funds[0m
User 5, Acc 6 Balance 9824.000000, Transfer 67.000000 to Acc 5
User 4, Acc 0 Balance -18.000000, Deposit 7.000000 
User 3, Acc 8 Balance 4698.000000, Withdraw 50.000000 
User 2, Acc 7 Balance 56084.000000, Deposit 631.000000 
User 1, Acc 9 Balance 30977.000000, Withdraw 163.000000 
User 5, Acc 4 Balance 1980.000000, Transfer 53.000000 to Acc 5
User 5, Acc 7 Balance 56715.000000, Withdraw 593.000000 
User 5, Acc 8 Balance 4029.000000, Withdraw 449.000000 
User 5, Acc 9 Balance 30314.000000, Withdraw 163.000000 
User 3, Acc 9 Balance 30477.000000, Withdraw 50.000000 
[22;32mUser 3, Acc 0 Balance -11.000000, 				Withdraw 50.000000 --insufficient funds[0m
User 2, Acc 7 Balance 56715.000000, Transfer 631.000000 to Acc 3
User 2, Acc 6 Balance 9707.000000, Deposit 641.000000 
User 2, Acc 6 Balance 10348.000000, Transfer 641.000000 to Acc 4
User 2, Acc 5 Balance 3413.000000, Deposit 643.000000 
User 2, Acc 5 Balance 4056.000000, Transfer 1200.000000 to Acc 6
User 2, Acc 4 Balance 2568.000000, Deposit 647.000000 
User 2, Acc 4 Balance 3215.000000, Transfer 1200.000000 to Acc 7
User 2, Acc 3 Balance 2231.000000, Deposit 653.000000 
User 2, Acc 3 Balance 2884.000000, Transfer 1200.000000 to Acc 8
User 2, Acc 2 Balance 1444.000000, Deposit 659.000000 
User 5, Acc 9 Balance 30151.000000, Deposit 617.000000 
User 5, Acc 9 Balance 30718.000000, Transfer 617.000000 to Acc 1
User 3, Acc 1 Balance 678.000000, Withdraw 500.000000 
User 0, Acc 1 Balance 678.000000, Withdraw 500.000000 
User 1, Acc 9 Balance 30314.000000, Deposit 617.000000 
User 1, Acc 9 Balance 30718.000000, Transfer 617.000000 to Acc 1
User 1, Acc 8 Balance 4780.000000, Deposit 619.000000 
User 1, Acc 8 Balance 5399.000000, Transfer 619.000000 to Acc 2
User 1, Acc 7 Balance 56691.000000, Deposit 631.000000 
User 1, Acc 7 Balance 57322.000000, Transfer 631.000000 to Acc 3
User 1, Acc 6 Balance 10907.000000, Deposit 641.000000 
User 1, Acc 6 Balance 11548.000000, Transfer 641.000000 to Acc 4
User 1, Acc 5 Balance 2856.000000, Deposit 643.000000 
User 1, Acc 5 Balance 3499.000000, Transfer 1200.000000 to Acc 6
User 1, Acc 4 Balance 2656.000000, Deposit 647.000000 
User 1, Acc 4 Balance 3303.000000, Transfer 1200.000000 to Acc 7
User 1, Acc 3 Balance 2315.000000, Deposit 653.000000 
User 1, Acc 3 Balance 2968.000000, Transfer 1200.000000 to Acc 8
User 1, Acc 2 Balance 2722.000000, Deposit 659.000000 
User 1, Acc 2 Balance 3381.000000, Transfer 1200.000000 to Acc 9
User 1, Acc 1 Balance 912.000000, Deposit 661.000000 
User 1, Acc 1 Balance 1573.000000, Transfer 1200.000000 to Acc 9
User 1, Acc 0 Balance -11.000000, Deposit 673.000000 
User 1, Acc 1 Balance 373.000000, Withdraw 50.000000 
User 1, Acc 2 Balance 2181.000000, Withdraw 50.000000 
User 1, Acc 3 Balance 1768.000000, Withdraw 50.000000 
User 1, Acc 4 Balance 2103.000000, Withdraw 50.000000 
User 1, Acc 5 Balance 2299.000000, Withdraw 50.000000 
User 1, Acc 6 Balance 12107.000000, Withdraw 50.000000 
User 1, Acc 7 Balance 57891.000000, Withdraw 50.000000 
User 1, Acc 8 Balance 5980.000000, Withdraw 50.000000 
User 1, Acc 9 Balance 32501.000000, Withdraw 50.000000 
User 1, Acc 0 Balance 662.000000, Withdraw 50.000000 
User 1, Acc 0 Balance 612.000000, Deposit 907.000000 
User 1, Acc 1 Balance 323.000000, Deposit 911.000000 
User 1, Acc 2 Balance 2131.000000, Deposit 919.000000 
User 1, Acc 3 Balance 1718.000000, Transfer 29.000000 to Acc 7
User 1, Acc 7 Balance 57870.000000, Transfer 31.000000 to Acc 6
User 1, Acc 7 Balance 57839.000000, Transfer 37.000000 to Acc 5
User 1, Acc 7 Balance 57802.000000, Transfer 3.000000 to Acc 4
User 1, Acc 7 Balance 57799.000000, Transfer 5.000000 to Acc 4
User 1, Acc 3 Balance 1689.000000, Deposit 929.000000 
User 1, Acc 4 Balance 2061.000000, Deposit 937.000000 
User 1, Acc 5 Balance 2286.000000, Deposit 941.000000 
User 1, Acc 4 Balance 2998.000000, Withdraw 167.000000 
User 1, Acc 5 Balance 3227.000000, Withdraw 307.000000 
User 0, Acc 2 Balance 2103.000000, Withdraw 500.000000 
User 1, Acc 1 Balance 1234.000000, Transfer 89.000000 to Acc 8
User 0, Acc 3 Balance 2618.000000, Withdraw 500.000000 
User 0, Acc 4 Balance 2831.000000, Withdraw 500.000000 
User 0, Acc 5 Balance 2920.000000, Withdraw 500.000000 
User 2, Acc 2 Balance 2103.000000, Transfer 1200.000000 to Acc 9
User 3, Acc 2 Balance 2103.000000, Withdraw 500.000000 
User 2, Acc 1 Balance 1145.000000, Deposit 661.000000 
User 3, Acc 3 Balance 2118.000000, Withdraw 500.000000 
User 3, Acc 4 Balance 2331.000000, Withdraw 500.000000 
User 2, Acc 1 Balance 1806.000000, Transfer 1200.000000 to Acc 9
User 2, Acc 0 Balance 1519.000000, Deposit 673.000000 
User 5, Acc 8 Balance 4780.000000, Deposit 619.000000 
User 2, Acc 0 Balance 2192.000000, Transfer 1200.000000 to Acc 9
User 4, Acc 3 Balance 1600.000000, Deposit 29.000000 
User 2, Acc 1 Balance 606.000000, Withdraw 50.000000 
User 0, Acc 6 Balance 12088.000000, Withdraw 500.000000 
User 1, Acc 1 Balance 1145.000000, Transfer 163.000000 to Acc 9
User 1, Acc 1 Balance 393.000000, Withdraw 41.000000 
User 1, Acc 2 Balance 850.000000, Withdraw 71.000000 
User 3, Acc 5 Balance 2420.000000, Withdraw 500.000000 
User 2, Acc 2 Balance 850.000000, Withdraw 50.000000 
User 2, Acc 3 Balance 1647.000000, Withdraw 50.000000 
User 2, Acc 4 Balance 1831.000000, Withdraw 50.000000 
User 2, Acc 5 Balance 1920.000000, Withdraw 50.000000 
User 2, Acc 6 Balance 11588.000000, Withdraw 50.000000 
User 2, Acc 7 Balance 57794.000000, Withdraw 50.000000 
User 2, Acc 8 Balance 6638.000000, Withdraw 50.000000 
User 0, Acc 7 Balance 57794.000000, Withdraw 500.000000 
User 2, Acc 9 Balance 36214.000000, Withdraw 50.000000 
User 0, Acc 8 Balance 6588.000000, Withdraw 500.000000 
User 2, Acc 0 Balance 992.000000, Withdraw 50.000000 
User 0, Acc 9 Balance 36164.000000, Withdraw 500.000000 
User 0, Acc 0 Balance 942.000000, Withdraw 500.000000 
User 4, Acc 7 Balance 57794.000000, Deposit 9.000000 
User 1, Acc 3 Balance 1647.000000, Withdraw 127.000000 
User 1, Acc 6 Balance 11538.000000, Withdraw 647.000000 
User 1, Acc 6 Balance 10891.000000, Deposit 953.000000 
User 2, Acc 7 Balance 57244.000000, Deposit 9929.000000 
User 2, Acc 4 Balance 1781.000000, Deposit 937.000000 
User 2, Acc 5 Balance 1870.000000, Deposit 941.000000 
User 2, Acc 0 Balance 442.000000, Deposit 7.000000 
User 3, Acc 6 Balance 11588.000000, Withdraw 500.000000 
User 2, Acc 3 Balance 1470.000000, Deposit 29.000000 
User 3, Acc 7 Balance 67182.000000, Withdraw 500.000000 
User 2, Acc 7 Balance 67182.000000, Deposit 9.000000 
User 0, Acc 9 Balance 35664.000000, Deposit 617.000000 
User 1, Acc 7 Balance 57253.000000, Deposit 967.000000 
User 0, Acc 9 Balance 36281.000000, Transfer 617.000000 to Acc 9
User 1, Acc 1 Balance 352.000000, Transfer 19.000000 to Acc 7
User 1, Acc 2 Balance 729.000000, Transfer 23.000000 to Acc 7
User 0, Acc 8 Balance 6088.000000, Deposit 619.000000 
User 2, Acc 9 Balance 35664.000000, Deposit 129.000000 
User 0, Acc 8 Balance 6707.000000, Transfer 619.000000 to Acc 2
User 2, Acc 3 Balance 1499.000000, Transfer 29.000000 to Acc 7
User 3, Acc 8 Balance 6088.000000, Withdraw 500.000000 
User 1, Acc 6 Balance 11344.000000, Transfer 67.000000 to Acc 5
User 3, Acc 9 Balance 36410.000000, Withdraw 500.000000 
User 0, Acc 7 Balance 67700.000000, Deposit 631.000000 
User 2, Acc 7 Balance 67729.000000, Transfer 31.000000 to Acc 6
User 0, Acc 7 Balance 68360.000000, Transfer 631.000000 to Acc 3
User 4, Acc 9 Balance 35664.000000, Deposit 129.000000 
[22;32mUser 3, Acc 0 Balance 449.000000, 				Withdraw 500.000000 --insufficient funds[0m
User 5, Acc 8 Balance 6638.000000, Transfer 619.000000 to Acc 2
User 2, Acc 7 Balance 68329.000000, Transfer 137.000000 to Acc 5
User 5, Acc 7 Balance 67698.000000, Deposit 631.000000 
User 1, Acc 4 Balance 2718.000000, Transfer 53.000000 to Acc 5
User 5, Acc 7 Balance 68192.000000, Transfer 631.000000 to Acc 3
[22;32mUser 3, Acc 1 Balance 333.000000, 				Withdraw 500.000000 --insufficient funds[0m
User 5, Acc 6 Balance 11308.000000, Deposit 641.000000 
User 3, Acc 2 Balance 1944.000000, Withdraw 500.000000 
User 0, Acc 6 Balance 11308.000000, Deposit 641.000000 
User 3, Acc 3 Balance 2732.000000, Withdraw 500.000000 
User 0, Acc 6 Balance 12590.000000, Transfer 641.000000 to Acc 4
User 3, Acc 4 Balance 2665.000000, Withdraw 500.000000 
User 3, Acc 5 Balance 3068.000000, Withdraw 500.000000 
User 4, Acc 3 Balance 2101.000000, Transfer 29.000000 to Acc 7
User 1, Acc 7 Balance 68192.000000, Withdraw 593.000000 
User 1, Acc 8 Balance 4969.000000, Withdraw 449.000000 
User 0, Acc 5 Balance 3068.000000, Deposit 643.000000 
User 3, Acc 6 Balance 11949.000000, Withdraw 500.000000 
User 4, Acc 7 Balance 67590.000000, Transfer 31.000000 to Acc 6
User 2, Acc 7 Balance 67561.000000, Transfer 3.000000 to Acc 4
User 4, Acc 7 Balance 66966.000000, Transfer 137.000000 to Acc 5
User 0, Acc 5 Balance 3211.000000, Transfer 1200.000000 to Acc 6
User 5, Acc 6 Balance 11949.000000, Transfer 641.000000 to Acc 4
User 3, Acc 7 Balance 66997.000000, Withdraw 500.000000 
User 2, Acc 7 Balance 66963.000000, Transfer 5.000000 to Acc 4
User 3, Acc 8 Balance 4520.000000, Withdraw 500.000000 
User 2, Acc 4 Balance 3455.000000, Withdraw 1167.000000 
User 3, Acc 9 Balance 36039.000000, Withdraw 500.000000 
User 0, Acc 4 Balance 2809.000000, Deposit 647.000000 
[22;32mUser 3, Acc 0 Balance 449.000000, 				Withdraw 500.000000 --insufficient funds[0m
User 0, Acc 4 Balance 2935.000000, Transfer 1200.000000 to Acc 7
[22;32mUser 3, Acc 1 Balance 333.000000, 				Withdraw 500.000000 --insufficient funds[0m
User 0, Acc 3 Balance 2203.000000, Deposit 653.000000 
User 3, Acc 2 Balance 1444.000000, Withdraw 500.000000 
User 5, Acc 5 Balance 2148.000000, Deposit 643.000000 
User 3, Acc 3 Balance 2856.000000, Withdraw 500.000000 
User 4, Acc 7 Balance 66826.000000, Transfer 3.000000 to Acc 4
User 0, Acc 3 Balance 2856.000000, Transfer 1200.000000 to Acc 8
User 1, Acc 9 Balance 36039.000000, Withdraw 163.000000 
User 0, Acc 2 Balance 944.000000, Deposit 659.000000 
User 0, Acc 2 Balance 1603.000000, Transfer 1200.000000 to Acc 9
User 0, Acc 1 Balance 333.000000, Deposit 661.000000 
User 3, Acc 4 Balance 1735.000000, Withdraw 500.000000 
User 3, Acc 5 Balance 2791.000000, Withdraw 500.000000 
User 4, Acc 7 Balance 67518.000000, Transfer 5.000000 to Acc 4
User 5, Acc 5 Balance 2791.000000, Transfer 1200.000000 to Acc 6
User 5, Acc 4 Balance 1243.000000, Deposit 647.000000 
User 5, Acc 4 Balance 1890.000000, Transfer 1200.000000 to Acc 7
User 5, Acc 3 Balance 1156.000000, Deposit 653.000000 
User 5, Acc 3 Balance 1809.000000, Transfer 1200.000000 to Acc 8
User 5, Acc 2 Balance 403.000000, Deposit 659.000000 
User 5, Acc 1 Balance 994.000000, Deposit 661.000000 
User 4, Acc 4 Balance 1243.000000, Withdraw 1167.000000 
User 5, Acc 1 Balance 1655.000000, Transfer 1200.000000 to Acc 9
[22;32mUser 4, Acc 5 Balance 1091.000000, 				Withdraw 1307.000000 --insufficient funds[0m
User 5, Acc 0 Balance 449.000000, Deposit 673.000000 
User 4, Acc 1 Balance 455.000000, Transfer 89.000000 to Acc 8
User 4, Acc 1 Balance 366.000000, Transfer 163.000000 to Acc 9
User 1, Acc 9 Balance 35376.000000, Deposit 617.000000 
User 4, Acc 1 Balance 203.000000, Withdraw 41.000000 
User 1, Acc 9 Balance 38556.000000, Transfer 617.000000 to Acc 1
User 0, Acc 0 Balance 449.000000, Deposit 673.000000 
User 5, Acc 9 Balance 37776.000000, Deposit 617.000000 
User 0, Acc 0 Balance 1795.000000, Transfer 1200.000000 to Acc 9
User 5, Acc 9 Balance 38556.000000, Transfer 617.000000 to Acc 1
User 1, Acc 8 Balance 6509.000000, Deposit 619.000000 
User 5, Acc 8 Balance 6509.000000, Deposit 619.000000 
User 1, Acc 8 Balance 7128.000000, Transfer 619.000000 to Acc 2
User 5, Acc 8 Balance 7747.000000, Transfer 619.000000 to Acc 2
User 4, Acc 2 Balance 1062.000000, Withdraw 71.000000 
User 5, Acc 7 Balance 68713.000000, Deposit 631.000000 
User 3, Acc 6 Balance 12039.000000, Withdraw 500.000000 
User 5, Acc 7 Balance 69344.000000, Transfer 631.000000 to Acc 3
User 0, Acc 1 Balance 779.000000, Withdraw 50.000000 
[22;32mUser 4, Acc 3 Balance 609.000000, 				Withdraw 1127.000000 --insufficient funds[0m
User 2, Acc 5 Balance 2148.000000, Withdraw 1307.000000 
User 4, Acc 6 Balance 12739.000000, Withdraw 647.000000 
User 2, Acc 1 Balance 1346.000000, Transfer 89.000000 to Acc 8
User 4, Acc 6 Balance 12092.000000, Deposit 1953.000000 
User 5, Acc 6 Balance 12739.000000, Deposit 641.000000 
User 4, Acc 7 Balance 68713.000000, Deposit 967.000000 
User 5, Acc 6 Balance 14686.000000, Transfer 641.000000 to Acc 4
User 4, Acc 1 Balance 1257.000000, Transfer 19.000000 to Acc 7
User 5, Acc 5 Balance -216.000000, Deposit 643.000000 
User 4, Acc 2 Balance 2229.000000, Transfer 23.000000 to Acc 7
User 5, Acc 4 Balance 164.000000, Deposit 647.000000 
User 4, Acc 6 Balance 14045.000000, Transfer 1167.000000 to Acc 5
User 5, Acc 3 Balance 1240.000000, Deposit 653.000000 
User 4, Acc 4 Balance 811.000000, Transfer 53.000000 to Acc 5
User 5, Acc 3 Balance 1893.000000, Transfer 1200.000000 to Acc 8
User 4, Acc 7 Balance 69722.000000, Withdraw 1593.000000 
User 5, Acc 2 Balance 2206.000000, Deposit 659.000000 
User 4, Acc 8 Balance 7798.000000, Withdraw 449.000000 
User 5, Acc 2 Balance 2865.000000, Transfer 1200.000000 to Acc 9
User 4, Acc 9 Balance 39139.000000, Withdraw 163.000000 
User 5, Acc 1 Balance 1238.000000, Deposit 661.000000 
User 4, Acc 1 Balance 1238.000000, Withdraw 500.000000 
User 5, Acc 1 Balance 1899.000000, Transfer 1200.000000 to Acc 9
User 4, Acc 2 Balance 1665.000000, Withdraw 500.000000 
User 5, Acc 0 Balance 595.000000, Deposit 673.000000 
User 4, Acc 3 Balance 693.000000, Withdraw 500.000000 
User 1, Acc 7 Balance 68713.000000, Deposit 631.000000 
User 3, Acc 7 Balance 69344.000000, Withdraw 500.000000 
User 2, Acc 1 Balance 1257.000000, Transfer 163.000000 to Acc 9
User 0, Acc 2 Balance 2229.000000, Withdraw 50.000000 
User 4, Acc 4 Balance 758.000000, Withdraw 500.000000 
User 1, Acc 7 Balance 68760.000000, Transfer 631.000000 to Acc 3
User 4, Acc 5 Balance 1647.000000, Withdraw 500.000000 
User 4, Acc 6 Balance 12878.000000, Withdraw 500.000000 
User 4, Acc 7 Balance 67629.000000, Withdraw 500.000000 
User 5, Acc 0 Balance 1268.000000, Transfer 1200.000000 to Acc 9
User 0, Acc 3 Balance 193.000000, Withdraw 50.000000 
User 5, Acc 0 Balance 68.000000, Deposit 907.000000 
User 3, Acc 8 Balance 7349.000000, Withdraw 500.000000 
[22;32mUser 2, Acc 1 Balance 36.000000, 				Withdraw 41.000000 --insufficient funds[0m
User 3, Acc 9 Balance 42739.000000, Withdraw 500.000000 
User 2, Acc 2 Balance 1115.000000, Withdraw 71.000000 
User 0, Acc 4 Balance 258.000000, Withdraw 50.000000 
User 5, Acc 1 Balance 36.000000, Deposit 911.000000 
User 0, Acc 5 Balance 1147.000000, Withdraw 50.000000 
User 0, Acc 6 Balance 12378.000000, Withdraw 50.000000 
User 3, Acc 0 Balance 975.000000, Withdraw 500.000000 
User 0, Acc 7 Balance 67129.000000, Withdraw 50.000000 
User 1, Acc 6 Balance 12878.000000, Deposit 641.000000 
User 5, Acc 2 Balance 1044.000000, Deposit 919.000000 
User 4, Acc 8 Balance 7349.000000, Withdraw 500.000000 
[22;32mUser 2, Acc 3 Balance 774.000000, 				Withdraw 1127.000000 --insufficient funds[0m
User 4, Acc 9 Balance 42239.000000, Withdraw 500.000000 
User 0, Acc 8 Balance 6849.000000, Withdraw 50.000000 
[22;32mUser 4, Acc 0 Balance 475.000000, 				Withdraw 500.000000 --insufficient funds[0m
User 0, Acc 9 Balance 41739.000000, Withdraw 50.000000 
User 4, Acc 1 Balance 947.000000, Withdraw 500.000000 
User 1, Acc 6 Balance 12969.000000, Transfer 641.000000 to Acc 4
User 4, Acc 2 Balance 1963.000000, Withdraw 500.000000 
User 0, Acc 0 Balance 475.000000, Withdraw 50.000000 
User 5, Acc 3 Balance 774.000000, Transfer 29.000000 to Acc 7
User 2, Acc 6 Balance 12969.000000, Withdraw 647.000000 
User 5, Acc 7 Balance 67108.000000, Transfer 31.000000 to Acc 6
User 2, Acc 6 Balance 11681.000000, Deposit 1953.000000 
User 4, Acc 3 Balance 774.000000, Withdraw 500.000000 
User 1, Acc 5 Balance 1097.000000, Deposit 643.000000 
User 4, Acc 4 Balance 849.000000, Withdraw 500.000000 
User 2, Acc 7 Balance 67077.000000, Deposit 967.000000 
User 1, Acc 5 Balance 1740.000000, Transfer 1200.000000 to Acc 6
User 5, Acc 7 Balance 67077.000000, Transfer 37.000000 to Acc 5
User 4, Acc 5 Balance 1740.000000, Withdraw 500.000000 
User 5, Acc 7 Balance 68007.000000, Transfer 3.000000 to Acc 4
User 4, Acc 6 Balance 14865.000000, Withdraw 500.000000 
User 4, Acc 7 Balance 68004.000000, Withdraw 500.000000 
User 5, Acc 7 Balance 68004.000000, Transfer 5.000000 to Acc 4
User 1, Acc 4 Balance 349.000000, Deposit 647.000000 
User 5, Acc 3 Balance 245.000000, Deposit 929.000000 
User 4, Acc 8 Balance 6299.000000, Withdraw 500.000000 
User 5, Acc 4 Balance 1004.000000, Deposit 937.000000 
User 4, Acc 9 Balance 41689.000000, Withdraw 500.000000 
User 5, Acc 5 Balance 77.000000, Deposit 941.000000 
User 2, Acc 1 Balance 447.000000, Transfer 19.000000 to Acc 7
User 2, Acc 2 Balance 1463.000000, Transfer 23.000000 to Acc 7
User 1, Acc 3 Balance 245.000000, Deposit 653.000000 
User 2, Acc 6 Balance 14365.000000, Transfer 1167.000000 to Acc 5
User 2, Acc 4 Balance 1941.000000, Transfer 53.000000 to Acc 5
User 5, Acc 4 Balance 1941.000000, Withdraw 167.000000 
User 1, Acc 3 Balance 1827.000000, Transfer 1200.000000 to Acc 8
User 5, Acc 5 Balance 2238.000000, Withdraw 307.000000 
[22;32mUser 4, Acc 0 Balance 425.000000, 				Withdraw 500.000000 --insufficient funds[0m
User 5, Acc 1 Balance 428.000000, Transfer 89.000000 to Acc 8
[22;32mUser 4, Acc 1 Balance 339.000000, 				Withdraw 500.000000 --insufficient funds[0m
User 4, Acc 2 Balance 1440.000000, Withdraw 500.000000 
User 4, Acc 3 Balance 627.000000, Withdraw 500.000000 
User 5, Acc 1 Balance 339.000000, Transfer 163.000000 to Acc 9
User 4, Acc 4 Balance 1721.000000, Withdraw 500.000000 
User 5, Acc 1 Balance 176.000000, Withdraw 41.000000 
User 2, Acc 7 Balance 67541.000000, Withdraw 1593.000000 
User 4, Acc 5 Balance 1931.000000, Withdraw 500.000000 
User 4, Acc 6 Balance 13198.000000, Withdraw 500.000000 
User 4, Acc 7 Balance 65948.000000, Withdraw 500.000000 
User 4, Acc 8 Balance 7088.000000, Withdraw 500.000000 
User 4, Acc 9 Balance 41352.000000, Withdraw 500.000000 
[22;32mUser 4, Acc 0 Balance 425.000000, 				Withdraw 500.000000 --insufficient funds[0m
User 5, Acc 2 Balance 940.000000, Withdraw 71.000000 
User 5, Acc 3 Balance 127.000000, Withdraw 127.000000 
User 5, Acc 6 Balance 12698.000000, Withdraw 647.000000 
User 5, Acc 6 Balance 12051.000000, Deposit 953.000000 
User 5, Acc 7 Balance 65448.000000, Deposit 967.000000 
User 5, Acc 1 Balance 135.000000, Transfer 19.000000 to Acc 7
User 5, Acc 2 Balance 869.000000, Transfer 23.000000 to Acc 7
User 5, Acc 6 Balance 13004.000000, Transfer 67.000000 to Acc 5
User 5, Acc 4 Balance 1221.000000, Transfer 53.000000 to Acc 5
User 5, Acc 7 Balance 66457.000000, Withdraw 593.000000 
User 5, Acc 8 Balance 6588.000000, Withdraw 449.000000 
User 5, Acc 9 Balance 40852.000000, Withdraw 163.000000 
User 1, Acc 2 Balance 1440.000000, Deposit 659.000000 
User 1, Acc 2 Balance 1505.000000, Transfer 1200.000000 to Acc 9
User 2, Acc 8 Balance 7088.000000, Withdraw 449.000000 
User 2, Acc 9 Balance 41889.000000, Withdraw 163.000000 
User 1, Acc 1 Balance 116.000000, Deposit 661.000000 
User 1, Acc 0 Balance 425.000000, Deposit 673.000000 
User 1, Acc 1 Balance 777.000000, Withdraw 50.000000 
User 1, Acc 2 Balance 305.000000, Withdraw 50.000000 
[22;32mUser 1, Acc 3 Balance 0.000000, 				Withdraw 50.000000 --insufficient funds[0m
User 1, Acc 4 Balance 1168.000000, Withdraw 50.000000 
User 1, Acc 5 Balance 1551.000000, Withdraw 50.000000 
User 1, Acc 6 Balance 12937.000000, Withdraw 50.000000 
User 1, Acc 7 Balance 65864.000000, Withdraw 50.000000 
User 1, Acc 8 Balance 5690.000000, Withdraw 50.000000 
User 1, Acc 9 Balance 41726.000000, Withdraw 50.000000 
User 1, Acc 0 Balance 1098.000000, Withdraw 50.000000 
  ***     End of transaction batch    ***  
Account 0 balance after completion of transaction batch: 1048.000000
Account 1 balance after completion of transaction batch: 727.000000
Account 2 balance after completion of transaction batch: 255.000000
Account 3 balance after completion of transaction batch: 0.000000
Account 4 balance after completion of transaction batch: 1118.000000
Account 5 balance after completion of transaction batch: 1501.000000
Account 6 balance after completion of transaction batch: 12887.000000
Account 7 balance after completion of transaction batch: 65814.000000
Account 8 balance after completion of transaction batch: 5640.000000
Account 9 balance after completion of transaction batch: 41676.000000
