# Output generated by:
# ./my_executable 7 data/transactions7.txt data/transactions9.txt data/transactions8.txt data/transactions2.txt data/transactions4.txt data/transactions10.txt data/transactions5.txt

********************************************
   Reading and parsing a transaction file   
********************************************
Parsed transaction: deposit 7 9929.000000 
Loaded deposit transaction
Parsed transaction: deposit 4 937.000000 
Loaded deposit transaction
Parsed transaction: deposit 5 941.000000 
Loaded deposit transaction
Parsed transaction: deposit 0 7.000000 
Loaded deposit transaction
Parsed transaction: deposit 3 29.000000 
Loaded deposit transaction
Parsed transaction: deposit 7 9.000000 
Loaded deposit transaction
Parsed transaction: deposit 9 129.000000 
Loaded deposit transaction
Parsed transaction: transfer 3 7 29.000000 
Loaded transfer transaction
Parsed transaction: transfer 7 6 31.000000 
Loaded transfer transaction
Parsed transaction: transfer 7 5 137.000000 
Loaded transfer transaction
Parsed transaction: transfer 7 4 3.000000 
Loaded transfer transaction
Parsed transaction: transfer 7 4 5.000000 
Loaded transfer transaction
Parsed transaction: withdraw 4 1167.000000 
Loaded withdrawal transaction
Parsed transaction: withdraw 5 1307.000000 
Loaded withdrawal transaction
Parsed transaction: transfer 1 8 89.000000 
Loaded transfer transaction
Parsed transaction: transfer 1 9 163.000000 
Loaded transfer transaction
Parsed transaction: withdraw 1 41.000000 
Loaded withdrawal transaction
Parsed transaction: withdraw 2 71.000000 
Loaded withdrawal transaction
Parsed transaction: withdraw 3 1127.000000 
Loaded withdrawal transaction
Parsed transaction: withdraw 6 647.000000 
Loaded withdrawal transaction
Parsed transaction: deposit 6 1953.000000 
Loaded deposit transaction
Parsed transaction: deposit 7 967.000000 
Loaded deposit transaction
Parsed transaction: transfer 1 7 19.000000 
Loaded transfer transaction
Parsed transaction: transfer 2 7 23.000000 
Loaded transfer transaction
Parsed transaction: transfer 6 5 1167.000000 
Loaded transfer transaction
Parsed transaction: transfer 4 5 53.000000 
Loaded transfer transaction
Parsed transaction: withdraw 7 1593.000000 
Loaded withdrawal transaction
Parsed transaction: withdraw 8 449.000000 
Loaded withdrawal transaction
Parsed transaction: withdraw 9 163.000000 
Loaded withdrawal transaction
********************************************
********************************************
   Reading and parsing a transaction file   
********************************************
Parsed transaction: deposit 9 617.000000 
Loaded deposit transaction
Parsed transaction: transfer 9 1 617.000000 
Loaded transfer transaction
Parsed transaction: deposit 8 619.000000 
Loaded deposit transaction
Parsed transaction: transfer 8 2 619.000000 
Loaded transfer transaction
Parsed transaction: deposit 7 631.000000 
Loaded deposit transaction
Parsed transaction: transfer 7 3 631.000000 
Loaded transfer transaction
Parsed transaction: deposit 6 641.000000 
Loaded deposit transaction
Parsed transaction: transfer 6 4 641.000000 
Loaded transfer transaction
Parsed transaction: deposit 5 643.000000 
Loaded deposit transaction
Parsed transaction: transfer 5 6 1200.000000 
Loaded transfer transaction
Parsed transaction: deposit 4 647.000000 
Loaded deposit transaction
Parsed transaction: transfer 4 7 1200.000000 
Loaded transfer transaction
Parsed transaction: deposit 3 653.000000 
Loaded deposit transaction
Parsed transaction: transfer 3 8 1200.000000 
Loaded transfer transaction
Parsed transaction: deposit 2 659.000000 
Loaded deposit transaction
Parsed transaction: transfer 2 9 1200.000000 
Loaded transfer transaction
Parsed transaction: deposit 1 661.000000 
Loaded deposit transaction
Parsed transaction: transfer 1 9 1200.000000 
Loaded transfer transaction
Parsed transaction: deposit 0 673.000000 
Loaded deposit transaction
Parsed transaction: transfer 0 9 1200.000000 
Loaded transfer transaction
Parsed transaction: withdraw 1 50.000000 
Loaded withdrawal transaction
Parsed transaction: withdraw 2 50.000000 
Loaded withdrawal transaction
Parsed transaction: withdraw 3 50.000000 
Loaded withdrawal transaction
Parsed transaction: withdraw 4 50.000000 
Loaded withdrawal transaction
Parsed transaction: withdraw 5 50.000000 
Loaded withdrawal transaction
Parsed transaction: withdraw 6 50.000000 
Loaded withdrawal transaction
Parsed transaction: withdraw 7 50.000000 
Loaded withdrawal transaction
Parsed transaction: withdraw 8 50.000000 
Loaded withdrawal transaction
Parsed transaction: withdraw 9 50.000000 
Loaded withdrawal transaction
Parsed transaction: withdraw 0 50.000000 
Loaded withdrawal transaction
********************************************
********************************************
   Reading and parsing a transaction file   
********************************************
Parsed transaction: deposit 9 617.000000 
Loaded deposit transaction
Parsed transaction: transfer 9 1 617.000000 
Loaded transfer transaction
Parsed transaction: deposit 8 619.000000 
Loaded deposit transaction
Parsed transaction: transfer 8 2 619.000000 
Loaded transfer transaction
Parsed transaction: deposit 7 631.000000 
Loaded deposit transaction
Parsed transaction: transfer 7 3 631.000000 
Loaded transfer transaction
Parsed transaction: deposit 6 641.000000 
Loaded deposit transaction
Parsed transaction: transfer 6 4 641.000000 
Loaded transfer transaction
Parsed transaction: deposit 5 643.000000 
Loaded deposit transaction
Parsed transaction: transfer 5 6 1200.000000 
Loaded transfer transaction
Parsed transaction: deposit 4 647.000000 
Loaded deposit transaction
Parsed transaction: transfer 4 7 1200.000000 
Loaded transfer transaction
Parsed transaction: deposit 3 653.000000 
Loaded deposit transaction
Parsed transaction: transfer 3 8 1200.000000 
Loaded transfer transaction
Parsed transaction: deposit 2 659.000000 
Loaded deposit transaction
Parsed transaction: transfer 2 9 1200.000000 
Loaded transfer transaction
Parsed transaction: deposit 1 661.000000 
Loaded deposit transaction
Parsed transaction: transfer 1 9 1200.000000 
Loaded transfer transaction
Parsed transaction: deposit 0 673.000000 
Loaded deposit transaction
Parsed transaction: transfer 0 9 1200.000000 
Loaded transfer transaction
********************************************
********************************************
   Reading and parsing a transaction file   
********************************************
Parsed transaction: deposit 0 400.000000 
Loaded deposit transaction
Parsed transaction: withdraw 0 200.000000 
Loaded withdrawal transaction
Parsed transaction: deposit 0 100.000000 
Loaded deposit transaction
Parsed transaction: withdraw 0 50.000000 
Loaded withdrawal transaction
Parsed transaction: withdraw 0 150.000000 
Loaded withdrawal transaction
Parsed transaction: deposit 0 300.000000 
Loaded deposit transaction
Parsed transaction: transfer 0 1 300.000000 
Loaded transfer transaction
Parsed transaction: balance 1 
Loaded balance transaction
********************************************
********************************************
   Reading and parsing a transaction file   
********************************************
Parsed transaction: deposit 0 907.000000 
Loaded deposit transaction
Parsed transaction: deposit 1 911.000000 
Loaded deposit transaction
Parsed transaction: deposit 2 919.000000 
Loaded deposit transaction
Parsed transaction: deposit 3 929.000000 
Loaded deposit transaction
Parsed transaction: deposit 4 937.000000 
Loaded deposit transaction
Parsed transaction: deposit 5 941.000000 
Loaded deposit transaction
Parsed transaction: deposit 6 953.000000 
Loaded deposit transaction
Parsed transaction: deposit 7 967.000000 
Loaded deposit transaction
Parsed transaction: transfer 1 7 19.000000 
Loaded transfer transaction
Parsed transaction: transfer 2 7 23.000000 
Loaded transfer transaction
Parsed transaction: transfer 3 7 29.000000 
Loaded transfer transaction
Parsed transaction: transfer 7 6 31.000000 
Loaded transfer transaction
Parsed transaction: transfer 7 5 37.000000 
Loaded transfer transaction
Parsed transaction: transfer 7 4 3.000000 
Loaded transfer transaction
Parsed transaction: transfer 7 4 5.000000 
Loaded transfer transaction
Parsed transaction: transfer 6 5 67.000000 
Loaded transfer transaction
Parsed transaction: transfer 4 5 53.000000 
Loaded transfer transaction
Parsed transaction: transfer 1 8 89.000000 
Loaded transfer transaction
Parsed transaction: transfer 1 9 163.000000 
Loaded transfer transaction
Parsed transaction: withdraw 1 41.000000 
Loaded withdrawal transaction
Parsed transaction: withdraw 2 71.000000 
Loaded withdrawal transaction
Parsed transaction: withdraw 3 127.000000 
Loaded withdrawal transaction
Parsed transaction: withdraw 4 167.000000 
Loaded withdrawal transaction
Parsed transaction: withdraw 5 307.000000 
Loaded withdrawal transaction
Parsed transaction: withdraw 6 647.000000 
Loaded withdrawal transaction
Parsed transaction: withdraw 7 593.000000 
Loaded withdrawal transaction
Parsed transaction: withdraw 8 449.000000 
Loaded withdrawal transaction
Parsed transaction: withdraw 9 163.000000 
Loaded withdrawal transaction
********************************************
********************************************
   Reading and parsing a transaction file   
********************************************
Parsed transaction: withdraw 1 500.000000 
Loaded withdrawal transaction
Parsed transaction: withdraw 2 500.000000 
Loaded withdrawal transaction
Parsed transaction: withdraw 3 500.000000 
Loaded withdrawal transaction
Parsed transaction: withdraw 4 500.000000 
Loaded withdrawal transaction
Parsed transaction: withdraw 5 500.000000 
Loaded withdrawal transaction
Parsed transaction: withdraw 6 500.000000 
Loaded withdrawal transaction
Parsed transaction: withdraw 7 500.000000 
Loaded withdrawal transaction
Parsed transaction: withdraw 8 500.000000 
Loaded withdrawal transaction
Parsed transaction: withdraw 9 500.000000 
Loaded withdrawal transaction
Parsed transaction: withdraw 0 500.000000 
Loaded withdrawal transaction
Parsed transaction: withdraw 1 500.000000 
Loaded withdrawal transaction
Parsed transaction: withdraw 2 500.000000 
Loaded withdrawal transaction
Parsed transaction: withdraw 3 500.000000 
Loaded withdrawal transaction
Parsed transaction: withdraw 4 500.000000 
Loaded withdrawal transaction
Parsed transaction: withdraw 5 500.000000 
Loaded withdrawal transaction
Parsed transaction: withdraw 6 500.000000 
Loaded withdrawal transaction
Parsed transaction: withdraw 7 500.000000 
Loaded withdrawal transaction
Parsed transaction: withdraw 8 500.000000 
Loaded withdrawal transaction
Parsed transaction: withdraw 9 500.000000 
Loaded withdrawal transaction
Parsed transaction: withdraw 0 500.000000 
Loaded withdrawal transaction
Parsed transaction: withdraw 1 500.000000 
Loaded withdrawal transaction
Parsed transaction: withdraw 2 500.000000 
Loaded withdrawal transaction
Parsed transaction: withdraw 3 500.000000 
Loaded withdrawal transaction
Parsed transaction: withdraw 4 500.000000 
Loaded withdrawal transaction
Parsed transaction: withdraw 5 500.000000 
Loaded withdrawal transaction
Parsed transaction: withdraw 6 500.000000 
Loaded withdrawal transaction
Parsed transaction: withdraw 7 500.000000 
Loaded withdrawal transaction
Parsed transaction: withdraw 8 500.000000 
Loaded withdrawal transaction
Parsed transaction: withdraw 9 500.000000 
Loaded withdrawal transaction
Parsed transaction: withdraw 0 500.000000 
Loaded withdrawal transaction
********************************************
********************************************
   Reading and parsing a transaction file   
********************************************
Parsed transaction: deposit 0 907.000000 
Loaded deposit transaction
Parsed transaction: deposit 1 911.000000 
Loaded deposit transaction
Parsed transaction: deposit 2 919.000000 
Loaded deposit transaction
Parsed transaction: transfer 3 7 29.000000 
Loaded transfer transaction
Parsed transaction: transfer 7 6 31.000000 
Loaded transfer transaction
Parsed transaction: transfer 7 5 37.000000 
Loaded transfer transaction
Parsed transaction: transfer 7 4 3.000000 
Loaded transfer transaction
Parsed transaction: transfer 7 4 5.000000 
Loaded transfer transaction
Parsed transaction: deposit 3 929.000000 
Loaded deposit transaction
Parsed transaction: deposit 4 937.000000 
Loaded deposit transaction
Parsed transaction: deposit 5 941.000000 
Loaded deposit transaction
Parsed transaction: withdraw 4 167.000000 
Loaded withdrawal transaction
Parsed transaction: withdraw 5 307.000000 
Loaded withdrawal transaction
Parsed transaction: transfer 1 8 89.000000 
Loaded transfer transaction
Parsed transaction: transfer 1 9 163.000000 
Loaded transfer transaction
Parsed transaction: withdraw 1 41.000000 
Loaded withdrawal transaction
Parsed transaction: withdraw 2 71.000000 
Loaded withdrawal transaction
Parsed transaction: withdraw 3 127.000000 
Loaded withdrawal transaction
Parsed transaction: withdraw 6 647.000000 
Loaded withdrawal transaction
Parsed transaction: deposit 6 953.000000 
Loaded deposit transaction
Parsed transaction: deposit 7 967.000000 
Loaded deposit transaction
Parsed transaction: transfer 1 7 19.000000 
Loaded transfer transaction
Parsed transaction: transfer 2 7 23.000000 
Loaded transfer transaction
Parsed transaction: transfer 6 5 67.000000 
Loaded transfer transaction
Parsed transaction: transfer 4 5 53.000000 
Loaded transfer transaction
Parsed transaction: withdraw 7 593.000000 
Loaded withdrawal transaction
Parsed transaction: withdraw 8 449.000000 
Loaded withdrawal transaction
Parsed transaction: withdraw 9 163.000000 
Loaded withdrawal transaction
********************************************
  ***    Start of transaction batch    ***  
User 0, Acc 7 Balance 0.000000, Deposit 9929.000000 
User 0, Acc 4 Balance 0.000000, Deposit 937.000000 
User 0, Acc 5 Balance 0.000000, Deposit 941.000000 
User 0, Acc 0 Balance 0.000000, Deposit 7.000000 
User 0, Acc 3 Balance 0.000000, Deposit 29.000000 
User 0, Acc 7 Balance 9929.000000, Deposit 9.000000 
User 0, Acc 9 Balance 0.000000, Deposit 129.000000 
User 0, Acc 3 Balance 29.000000, Transfer 29.000000 to Acc 7
User 0, Acc 7 Balance 9967.000000, Transfer 31.000000 to Acc 6
User 0, Acc 7 Balance 9936.000000, Transfer 137.000000 to Acc 5
User 0, Acc 7 Balance 9799.000000, Transfer 3.000000 to Acc 4
User 0, Acc 7 Balance 9796.000000, Transfer 5.000000 to Acc 4
[22;32mUser 0, Acc 4 Balance 945.000000, 				Withdraw 1167.000000 --insufficient funds[0m
[22;32mUser 0, Acc 5 Balance 1078.000000, 				Withdraw 1307.000000 --insufficient funds[0m
[22;32mUser 0, Acc 1 Balance 0.000000, 				Withdraw 41.000000 --insufficient funds[0m
[22;32mUser 0, Acc 2 Balance 0.000000, 				Withdraw 71.000000 --insufficient funds[0m
[22;32mUser 0, Acc 3 Balance 0.000000, 				Withdraw 1127.000000 --insufficient funds[0m
[22;32mUser 0, Acc 6 Balance 31.000000, 				Withdraw 647.000000 --insufficient funds[0m
User 0, Acc 6 Balance 31.000000, Deposit 1953.000000 
User 0, Acc 7 Balance 9791.000000, Deposit 967.000000 
User 0, Acc 6 Balance 1984.000000, Transfer 1167.000000 to Acc 5
User 0, Acc 4 Balance 945.000000, Transfer 53.000000 to Acc 5
User 0, Acc 7 Balance 10758.000000, Withdraw 1593.000000 
[22;32mUser 0, Acc 8 Balance 0.000000, 				Withdraw 449.000000 --insufficient funds[0m
[22;32mUser 0, Acc 9 Balance 129.000000, 				Withdraw 163.000000 --insufficient funds[0m
User 0, Acc 9 Balance 129.000000, Deposit 617.000000 
User 0, Acc 9 Balance 746.000000, Transfer 617.000000 to Acc 1
User 0, Acc 8 Balance 0.000000, Deposit 619.000000 
User 0, Acc 8 Balance 619.000000, Transfer 619.000000 to Acc 2
User 0, Acc 7 Balance 9165.000000, Deposit 631.000000 
User 0, Acc 7 Balance 9796.000000, Transfer 631.000000 to Acc 3
User 0, Acc 6 Balance 817.000000, Deposit 641.000000 
User 0, Acc 6 Balance 1458.000000, Transfer 641.000000 to Acc 4
User 0, Acc 5 Balance 2298.000000, Deposit 643.000000 
User 0, Acc 5 Balance 2941.000000, Transfer 1200.000000 to Acc 6
User 0, Acc 4 Balance 1533.000000, Deposit 647.000000 
User 0, Acc 4 Balance 2180.000000, Transfer 1200.000000 to Acc 7
User 0, Acc 3 Balance 631.000000, Deposit 653.000000 
User 3, Acc 9 Balance 129.000000, Deposit 617.000000 
User 3, Acc 9 Balance 746.000000, Transfer 617.000000 to Acc 1
User 1, Acc 7 Balance 10365.000000, Deposit 9929.000000 
User 4, Acc 0 Balance 7.000000, Deposit 400.000000 
User 5, Acc 0 Balance 7.000000, Deposit 907.000000 
User 5, Acc 1 Balance 1234.000000, Deposit 911.000000 
User 5, Acc 2 Balance 619.000000, Deposit 919.000000 
User 5, Acc 3 Balance 1284.000000, Deposit 929.000000 
User 5, Acc 4 Balance 980.000000, Deposit 937.000000 
User 5, Acc 5 Balance 1741.000000, Deposit 941.000000 
User 5, Acc 6 Balance 2017.000000, Deposit 953.000000 
User 5, Acc 7 Balance 20294.000000, Deposit 967.000000 
User 5, Acc 1 Balance 2145.000000, Transfer 19.000000 to Acc 7
User 5, Acc 2 Balance 1538.000000, Transfer 23.000000 to Acc 7
User 6, Acc 1 Balance 617.000000, Withdraw 500.000000 
User 6, Acc 2 Balance 1515.000000, Withdraw 500.000000 
User 6, Acc 3 Balance 2213.000000, Withdraw 500.000000 
User 6, Acc 4 Balance 1917.000000, Withdraw 500.000000 
User 6, Acc 5 Balance 2682.000000, Withdraw 500.000000 
User 6, Acc 6 Balance 2970.000000, Withdraw 500.000000 
User 6, Acc 7 Balance 21303.000000, Withdraw 500.000000 
[22;32mUser 6, Acc 8 Balance 0.000000, 				Withdraw 500.000000 --insufficient funds[0m
[22;32mUser 6, Acc 9 Balance 129.000000, 				Withdraw 500.000000 --insufficient funds[0m
User 6, Acc 0 Balance 1314.000000, Withdraw 500.000000 
User 6, Acc 1 Balance 1626.000000, Withdraw 500.000000 
User 2, Acc 0 Balance 7.000000, Deposit 907.000000 
User 2, Acc 1 Balance 1126.000000, Deposit 911.000000 
User 2, Acc 2 Balance 1015.000000, Deposit 919.000000 
User 2, Acc 3 Balance 1713.000000, Transfer 29.000000 to Acc 7
User 2, Acc 7 Balance 20832.000000, Transfer 31.000000 to Acc 6
User 2, Acc 7 Balance 20801.000000, Transfer 37.000000 to Acc 5
User 2, Acc 7 Balance 20764.000000, Transfer 3.000000 to Acc 4
User 2, Acc 7 Balance 20761.000000, Transfer 5.000000 to Acc 4
User 2, Acc 3 Balance 1684.000000, Deposit 929.000000 
User 5, Acc 3 Balance 2213.000000, Transfer 29.000000 to Acc 7
User 6, Acc 2 Balance 1015.000000, Withdraw 500.000000 
User 6, Acc 3 Balance 2584.000000, Withdraw 500.000000 
User 6, Acc 4 Balance 1425.000000, Withdraw 500.000000 
User 6, Acc 5 Balance 2219.000000, Withdraw 500.000000 
User 6, Acc 6 Balance 2501.000000, Withdraw 500.000000 
User 6, Acc 7 Balance 20785.000000, Withdraw 500.000000 
[22;32mUser 6, Acc 8 Balance 0.000000, 				Withdraw 500.000000 --insufficient funds[0m
[22;32mUser 6, Acc 9 Balance 129.000000, 				Withdraw 500.000000 --insufficient funds[0m
User 6, Acc 0 Balance 1721.000000, Withdraw 500.000000 
User 6, Acc 1 Balance 2037.000000, Withdraw 500.000000 
User 5, Acc 7 Balance 20785.000000, Transfer 31.000000 to Acc 6
User 3, Acc 8 Balance 0.000000, Deposit 619.000000 
User 0, Acc 3 Balance 1284.000000, Transfer 1200.000000 to Acc 8
User 3, Acc 8 Balance 619.000000, Transfer 619.000000 to Acc 2
User 1, Acc 4 Balance 980.000000, Deposit 937.000000 
User 4, Acc 0 Balance 407.000000, Withdraw 200.000000 
User 2, Acc 4 Balance 1425.000000, Deposit 937.000000 
User 6, Acc 2 Balance 1434.000000, Withdraw 500.000000 
User 5, Acc 7 Balance 20254.000000, Transfer 37.000000 to Acc 5
User 6, Acc 3 Balance 884.000000, Withdraw 500.000000 
User 3, Acc 7 Balance 20254.000000, Deposit 631.000000 
User 1, Acc 5 Balance 1719.000000, Deposit 941.000000 
User 3, Acc 7 Balance 20848.000000, Transfer 631.000000 to Acc 3
User 2, Acc 5 Balance 1719.000000, Deposit 941.000000 
User 3, Acc 6 Balance 2032.000000, Deposit 641.000000 
User 2, Acc 4 Balance 2799.000000, Withdraw 167.000000 
User 3, Acc 6 Balance 2673.000000, Transfer 641.000000 to Acc 4
User 3, Acc 5 Balance 3638.000000, Deposit 643.000000 
User 3, Acc 5 Balance 4281.000000, Transfer 1200.000000 to Acc 6
User 1, Acc 0 Balance 1021.000000, Deposit 7.000000 
User 4, Acc 0 Balance 1021.000000, Deposit 100.000000 
User 5, Acc 7 Balance 20217.000000, Transfer 3.000000 to Acc 4
User 0, Acc 2 Balance 2053.000000, Deposit 659.000000 
User 2, Acc 5 Balance 3638.000000, Withdraw 307.000000 
User 0, Acc 2 Balance 2212.000000, Transfer 1200.000000 to Acc 9
User 6, Acc 4 Balance 2799.000000, Withdraw 500.000000 
User 1, Acc 3 Balance 1015.000000, Deposit 29.000000 
User 6, Acc 5 Balance 2774.000000, Withdraw 500.000000 
User 4, Acc 0 Balance 1128.000000, Withdraw 50.000000 
User 4, Acc 0 Balance 1078.000000, Withdraw 150.000000 
User 0, Acc 1 Balance 1537.000000, Deposit 661.000000 
User 4, Acc 0 Balance 928.000000, Deposit 300.000000 
User 0, Acc 1 Balance 2198.000000, Transfer 1200.000000 to Acc 9
User 4, Acc 0 Balance 1228.000000, Transfer 300.000000 to Acc 1
User 0, Acc 0 Balance 1228.000000, Deposit 673.000000 
User 6, Acc 6 Balance 3232.000000, Withdraw 500.000000 
User 0, Acc 0 Balance 1601.000000, Transfer 1200.000000 to Acc 9
User 6, Acc 7 Balance 20214.000000, Withdraw 500.000000 
User 0, Acc 1 Balance 1298.000000, Withdraw 50.000000 
User 6, Acc 8 Balance 1200.000000, Withdraw 500.000000 
User 6, Acc 9 Balance 3729.000000, Withdraw 500.000000 
[22;32mUser 6, Acc 0 Balance 401.000000, 				Withdraw 500.000000 --insufficient funds[0m
User 2, Acc 1 Balance 1537.000000, Transfer 89.000000 to Acc 8
User 6, Acc 9 Balance 3229.000000, Deposit 617.000000 
User 2, Acc 1 Balance 1159.000000, Transfer 163.000000 to Acc 9
User 6, Acc 9 Balance 3846.000000, Transfer 617.000000 to Acc 1
User 6, Acc 8 Balance 789.000000, Deposit 619.000000 
Balance in 1: 1298.000000
User 6, Acc 8 Balance 1408.000000, Transfer 619.000000 to Acc 2
User 6, Acc 7 Balance 19714.000000, Deposit 631.000000 
User 6, Acc 7 Balance 20345.000000, Transfer 631.000000 to Acc 3
User 6, Acc 6 Balance 2732.000000, Deposit 641.000000 
User 6, Acc 6 Balance 3373.000000, Transfer 641.000000 to Acc 4
User 6, Acc 5 Balance 2274.000000, Deposit 643.000000 
User 6, Acc 5 Balance 2917.000000, Transfer 1200.000000 to Acc 6
User 2, Acc 1 Balance 1613.000000, Withdraw 41.000000 
User 6, Acc 4 Balance 3417.000000, Deposit 647.000000 
User 2, Acc 2 Balance 1631.000000, Withdraw 71.000000 
User 6, Acc 4 Balance 4064.000000, Transfer 1200.000000 to Acc 7
User 2, Acc 3 Balance 1675.000000, Withdraw 127.000000 
User 1, Acc 7 Balance 20214.000000, Deposit 9.000000 
User 2, Acc 6 Balance 3932.000000, Withdraw 647.000000 
User 1, Acc 9 Balance 3392.000000, Deposit 129.000000 
User 2, Acc 6 Balance 3285.000000, Deposit 953.000000 
User 1, Acc 3 Balance 1548.000000, Transfer 29.000000 to Acc 7
User 1, Acc 7 Balance 20952.000000, Transfer 31.000000 to Acc 6
User 5, Acc 7 Balance 20214.000000, Transfer 5.000000 to Acc 4
User 4, Acc 9 Balance 3392.000000, Deposit 617.000000 
User 5, Acc 6 Balance 4269.000000, Transfer 67.000000 to Acc 5
User 4, Acc 9 Balance 4138.000000, Transfer 617.000000 to Acc 1
User 2, Acc 7 Balance 20952.000000, Deposit 967.000000 
User 4, Acc 8 Balance 789.000000, Deposit 619.000000 
User 4, Acc 8 Balance 1408.000000, Transfer 619.000000 to Acc 2
User 2, Acc 1 Balance 2189.000000, Transfer 19.000000 to Acc 7
User 3, Acc 4 Balance 3273.000000, Deposit 647.000000 
User 2, Acc 2 Balance 2179.000000, Transfer 23.000000 to Acc 7
User 3, Acc 4 Balance 3516.000000, Transfer 1200.000000 to Acc 7
User 5, Acc 4 Balance 2869.000000, Transfer 53.000000 to Acc 5
User 6, Acc 3 Balance 1675.000000, Deposit 653.000000 
User 1, Acc 7 Balance 20921.000000, Transfer 137.000000 to Acc 5
User 0, Acc 2 Balance 1012.000000, Withdraw 50.000000 
User 2, Acc 6 Balance 4202.000000, Transfer 67.000000 to Acc 5
User 0, Acc 3 Balance 2172.000000, Withdraw 50.000000 
User 2, Acc 4 Balance 2263.000000, Transfer 53.000000 to Acc 5
User 5, Acc 1 Balance 2170.000000, Transfer 89.000000 to Acc 8
User 2, Acc 7 Balance 22988.000000, Withdraw 593.000000 
User 1, Acc 7 Balance 22988.000000, Transfer 3.000000 to Acc 4
User 2, Acc 8 Balance 878.000000, Withdraw 449.000000 
User 1, Acc 7 Balance 22392.000000, Transfer 5.000000 to Acc 4
User 1, Acc 4 Balance 2218.000000, Withdraw 1167.000000 
User 4, Acc 7 Balance 21883.000000, Deposit 631.000000 
User 6, Acc 3 Balance 2172.000000, Transfer 1200.000000 to Acc 8
User 4, Acc 7 Balance 23018.000000, Transfer 631.000000 to Acc 3
User 5, Acc 1 Balance 2081.000000, Transfer 163.000000 to Acc 9
User 3, Acc 3 Balance 1519.000000, Deposit 653.000000 
User 5, Acc 1 Balance 1918.000000, Withdraw 41.000000 
User 5, Acc 2 Balance 2106.000000, Withdraw 71.000000 
User 0, Acc 4 Balance 2263.000000, Withdraw 50.000000 
User 0, Acc 5 Balance 2094.000000, Withdraw 50.000000 
User 4, Acc 6 Balance 4135.000000, Deposit 641.000000 
User 0, Acc 6 Balance 4135.000000, Withdraw 50.000000 
User 4, Acc 6 Balance 4776.000000, Transfer 641.000000 to Acc 4
User 0, Acc 7 Balance 22387.000000, Withdraw 50.000000 
User 4, Acc 5 Balance 2044.000000, Deposit 643.000000 
User 5, Acc 3 Balance 2206.000000, Withdraw 127.000000 
User 1, Acc 5 Balance 2094.000000, Withdraw 1307.000000 
User 5, Acc 4 Balance 1642.000000, Withdraw 167.000000 
User 1, Acc 1 Balance 1877.000000, Transfer 89.000000 to Acc 8
User 5, Acc 5 Balance 1380.000000, Withdraw 307.000000 
User 1, Acc 1 Balance 1788.000000, Transfer 163.000000 to Acc 9
User 4, Acc 5 Balance 2687.000000, Transfer 1200.000000 to Acc 6
User 1, Acc 1 Balance 1625.000000, Withdraw 41.000000 
User 2, Acc 9 Balance 3521.000000, Withdraw 163.000000 
User 2, Acc 7 Balance 22337.000000, Deposit 9929.000000 
User 2, Acc 4 Balance 1475.000000, Deposit 937.000000 
User 2, Acc 5 Balance -127.000000, Deposit 941.000000 
User 2, Acc 0 Balance 401.000000, Deposit 7.000000 
User 2, Acc 3 Balance 2079.000000, Deposit 29.000000 
User 2, Acc 7 Balance 32266.000000, Deposit 9.000000 
User 1, Acc 2 Balance 2035.000000, Withdraw 71.000000 
User 2, Acc 9 Balance 3684.000000, Deposit 129.000000 
User 4, Acc 4 Balance 1475.000000, Deposit 647.000000 
User 0, Acc 8 Balance 1629.000000, Withdraw 50.000000 
User 5, Acc 6 Balance 4085.000000, Withdraw 647.000000 
User 0, Acc 9 Balance 3813.000000, Withdraw 50.000000 
User 6, Acc 2 Balance 2106.000000, Deposit 659.000000 
User 0, Acc 0 Balance 408.000000, Withdraw 50.000000 
User 6, Acc 2 Balance 2623.000000, Transfer 1200.000000 to Acc 9
User 4, Acc 4 Balance 3059.000000, Transfer 1200.000000 to Acc 7
User 6, Acc 1 Balance 1584.000000, Deposit 661.000000 
User 4, Acc 3 Balance 2108.000000, Deposit 653.000000 
User 4, Acc 3 Balance 2761.000000, Transfer 1200.000000 to Acc 8
User 3, Acc 3 Balance 2206.000000, Transfer 1200.000000 to Acc 8
User 4, Acc 2 Balance 1423.000000, Deposit 659.000000 
User 3, Acc 2 Balance 1423.000000, Deposit 659.000000 
User 3, Acc 2 Balance 2082.000000, Transfer 1200.000000 to Acc 9
User 4, Acc 2 Balance 2741.000000, Transfer 1200.000000 to Acc 9
User 4, Acc 1 Balance 2245.000000, Deposit 661.000000 
User 6, Acc 1 Balance 2245.000000, Transfer 1200.000000 to Acc 9
User 4, Acc 1 Balance 2906.000000, Transfer 1200.000000 to Acc 9
User 6, Acc 0 Balance 358.000000, Deposit 673.000000 
User 3, Acc 1 Balance 2245.000000, Deposit 661.000000 
User 6, Acc 1 Balance 506.000000, Withdraw 50.000000 
User 3, Acc 0 Balance 1031.000000, Deposit 673.000000 
User 5, Acc 7 Balance 32275.000000, Withdraw 593.000000 
User 1, Acc 3 Balance 2108.000000, Withdraw 1127.000000 
User 5, Acc 8 Balance 4068.000000, Withdraw 449.000000 
User 1, Acc 6 Balance 4638.000000, Withdraw 647.000000 
User 5, Acc 9 Balance 9763.000000, Withdraw 163.000000 
User 1, Acc 6 Balance 3991.000000, Deposit 1953.000000 
User 5, Acc 7 Balance 32882.000000, Deposit 9929.000000 
User 1, Acc 7 Balance 32882.000000, Deposit 967.000000 
User 5, Acc 4 Balance 1859.000000, Deposit 937.000000 
User 1, Acc 1 Balance 1117.000000, Transfer 19.000000 to Acc 7
User 5, Acc 5 Balance 814.000000, Deposit 941.000000 
User 1, Acc 2 Balance 341.000000, Transfer 23.000000 to Acc 7
User 4, Acc 0 Balance 358.000000, Deposit 673.000000 
User 2, Acc 3 Balance 2108.000000, Transfer 29.000000 to Acc 7
User 4, Acc 0 Balance 2377.000000, Transfer 1200.000000 to Acc 9
User 2, Acc 7 Balance 43849.000000, Transfer 31.000000 to Acc 6
User 4, Acc 7 Balance 43849.000000, Deposit 9929.000000 
User 2, Acc 7 Balance 43818.000000, Transfer 137.000000 to Acc 5
User 1, Acc 6 Balance 5944.000000, Transfer 1167.000000 to Acc 5
User 6, Acc 2 Balance 341.000000, Withdraw 50.000000 
User 3, Acc 0 Balance 1704.000000, Transfer 1200.000000 to Acc 9
[22;32mUser 6, Acc 3 Balance -795.000000, 				Withdraw 50.000000 --insufficient funds[0m
User 6, Acc 4 Balance 2796.000000, Withdraw 50.000000 
User 3, Acc 7 Balance 53610.000000, Deposit 9929.000000 
User 3, Acc 4 Balance 2746.000000, Deposit 937.000000 
User 3, Acc 5 Balance 3059.000000, Deposit 941.000000 
User 3, Acc 0 Balance -23.000000, Deposit 7.000000 
User 3, Acc 3 Balance -795.000000, Deposit 29.000000 
User 3, Acc 7 Balance 63539.000000, Deposit 9.000000 
User 3, Acc 9 Balance 12000.000000, Deposit 129.000000 
User 3, Acc 7 Balance 63548.000000, Transfer 31.000000 to Acc 6
User 3, Acc 7 Balance 63517.000000, Transfer 137.000000 to Acc 5
User 3, Acc 7 Balance 63380.000000, Transfer 3.000000 to Acc 4
User 3, Acc 7 Balance 63377.000000, Transfer 5.000000 to Acc 4
User 3, Acc 4 Balance 3691.000000, Withdraw 1167.000000 
User 3, Acc 5 Balance 4137.000000, Withdraw 1307.000000 
User 3, Acc 1 Balance 1098.000000, Transfer 89.000000 to Acc 8
User 3, Acc 1 Balance 1009.000000, Transfer 163.000000 to Acc 9
User 3, Acc 1 Balance 846.000000, Withdraw 41.000000 
User 3, Acc 2 Balance 268.000000, Withdraw 71.000000 
[22;32mUser 3, Acc 3 Balance -766.000000, 				Withdraw 1127.000000 --insufficient funds[0m
User 3, Acc 6 Balance 4839.000000, Withdraw 647.000000 
User 3, Acc 6 Balance 4192.000000, Deposit 1953.000000 
User 3, Acc 7 Balance 63372.000000, Deposit 967.000000 
User 3, Acc 1 Balance 805.000000, Transfer 19.000000 to Acc 7
User 3, Acc 2 Balance 197.000000, Transfer 23.000000 to Acc 7
User 3, Acc 6 Balance 6145.000000, Transfer 1167.000000 to Acc 5
User 3, Acc 4 Balance 2524.000000, Transfer 53.000000 to Acc 5
User 3, Acc 7 Balance 64381.000000, Withdraw 1593.000000 
User 3, Acc 8 Balance 3708.000000, Withdraw 449.000000 
User 3, Acc 9 Balance 12292.000000, Withdraw 163.000000 
User 1, Acc 4 Balance 2796.000000, Transfer 53.000000 to Acc 5
User 1, Acc 7 Balance 62788.000000, Withdraw 1593.000000 
User 1, Acc 8 Balance 3259.000000, Withdraw 449.000000 
User 1, Acc 9 Balance 12129.000000, Withdraw 163.000000 
User 6, Acc 5 Balance 3059.000000, Withdraw 50.000000 
User 6, Acc 6 Balance 4978.000000, Withdraw 50.000000 
User 6, Acc 7 Balance 61195.000000, Withdraw 50.000000 
User 6, Acc 8 Balance 2810.000000, Withdraw 50.000000 
User 2, Acc 7 Balance 53610.000000, Transfer 3.000000 to Acc 4
User 2, Acc 7 Balance 61142.000000, Transfer 5.000000 to Acc 4
User 3, Acc 7 Balance 62788.000000, Deposit 9929.000000 
User 3, Acc 4 Balance 2426.000000, Deposit 937.000000 
User 3, Acc 5 Balance 4053.000000, Deposit 941.000000 
User 3, Acc 0 Balance -16.000000, Deposit 7.000000 
User 3, Acc 3 Balance -766.000000, Deposit 29.000000 
User 3, Acc 7 Balance 71066.000000, Deposit 9.000000 
User 3, Acc 9 Balance 11966.000000, Deposit 129.000000 
User 3, Acc 7 Balance 71075.000000, Transfer 31.000000 to Acc 6
User 3, Acc 7 Balance 71044.000000, Transfer 137.000000 to Acc 5
User 3, Acc 7 Balance 70907.000000, Transfer 3.000000 to Acc 4
User 3, Acc 7 Balance 70904.000000, Transfer 5.000000 to Acc 4
User 3, Acc 4 Balance 3371.000000, Withdraw 1167.000000 
User 3, Acc 5 Balance 5131.000000, Withdraw 1307.000000 
User 3, Acc 1 Balance 786.000000, Transfer 89.000000 to Acc 8
User 3, Acc 1 Balance 697.000000, Transfer 163.000000 to Acc 9
User 3, Acc 1 Balance 534.000000, Withdraw 41.000000 
User 3, Acc 2 Balance 174.000000, Withdraw 71.000000 
[22;32mUser 3, Acc 3 Balance -737.000000, 				Withdraw 1127.000000 --insufficient funds[0m
User 3, Acc 6 Balance 4959.000000, Withdraw 647.000000 
User 3, Acc 6 Balance 4312.000000, Deposit 1953.000000 
User 3, Acc 7 Balance 70899.000000, Deposit 967.000000 
User 3, Acc 1 Balance 493.000000, Transfer 19.000000 to Acc 7
User 3, Acc 2 Balance 103.000000, Transfer 23.000000 to Acc 7
User 3, Acc 6 Balance 6265.000000, Transfer 1167.000000 to Acc 5
User 3, Acc 4 Balance 2204.000000, Transfer 53.000000 to Acc 5
User 3, Acc 7 Balance 71908.000000, Withdraw 1593.000000 
User 3, Acc 8 Balance 2849.000000, Withdraw 449.000000 
User 3, Acc 9 Balance 12258.000000, Withdraw 163.000000 
User 4, Acc 4 Balance 2796.000000, Deposit 937.000000 
User 4, Acc 5 Balance 5044.000000, Deposit 941.000000 
User 4, Acc 0 Balance -9.000000, Deposit 7.000000 
User 4, Acc 3 Balance -737.000000, Deposit 29.000000 
User 0, Acc 0 Balance 358.000000, Deposit 400.000000 
User 0, Acc 0 Balance 398.000000, Withdraw 200.000000 
User 0, Acc 0 Balance 198.000000, Deposit 100.000000 
User 0, Acc 0 Balance 298.000000, Withdraw 50.000000 
User 0, Acc 0 Balance 248.000000, Withdraw 150.000000 
User 0, Acc 0 Balance 98.000000, Deposit 300.000000 
User 0, Acc 0 Balance 398.000000, Transfer 300.000000 to Acc 1
Balance in 1: 774.000000
User 0, Acc 9 Balance 12095.000000, Deposit 617.000000 
User 0, Acc 9 Balance 12712.000000, Transfer 617.000000 to Acc 1
User 4, Acc 7 Balance 70315.000000, Deposit 9.000000 
User 0, Acc 8 Balance 2400.000000, Deposit 619.000000 
User 4, Acc 9 Balance 12095.000000, Deposit 129.000000 
User 0, Acc 8 Balance 3019.000000, Transfer 619.000000 to Acc 2
User 3, Acc 9 Balance 12095.000000, Deposit 617.000000 
User 4, Acc 7 Balance 70324.000000, Transfer 31.000000 to Acc 6
User 4, Acc 7 Balance 70293.000000, Transfer 137.000000 to Acc 5
User 4, Acc 7 Balance 70156.000000, Transfer 3.000000 to Acc 4
User 4, Acc 7 Balance 70153.000000, Transfer 5.000000 to Acc 4
User 5, Acc 0 Balance 1704.000000, Deposit 7.000000 
User 3, Acc 9 Balance 12841.000000, Transfer 617.000000 to Acc 1
User 5, Acc 3 Balance -708.000000, Deposit 29.000000 
User 2, Acc 4 Balance 2426.000000, Withdraw 1167.000000 
User 5, Acc 7 Balance 70148.000000, Deposit 9.000000 
User 2, Acc 5 Balance 6122.000000, Withdraw 1307.000000 
User 2, Acc 1 Balance 2008.000000, Transfer 89.000000 to Acc 8
User 5, Acc 9 Balance 12224.000000, Deposit 129.000000 
User 5, Acc 7 Balance 70157.000000, Transfer 31.000000 to Acc 6
User 2, Acc 1 Balance 1919.000000, Transfer 163.000000 to Acc 9
User 2, Acc 1 Balance 1756.000000, Withdraw 41.000000 
User 3, Acc 8 Balance 2400.000000, Deposit 619.000000 
User 1, Acc 9 Balance 11966.000000, Deposit 617.000000 
User 3, Acc 8 Balance 3108.000000, Transfer 619.000000 to Acc 2
User 1, Acc 9 Balance 13133.000000, Transfer 617.000000 to Acc 1
User 1, Acc 8 Balance 3108.000000, Deposit 619.000000 
User 5, Acc 7 Balance 70126.000000, Transfer 137.000000 to Acc 5
User 6, Acc 9 Balance 11966.000000, Withdraw 50.000000 
User 5, Acc 7 Balance 69989.000000, Transfer 3.000000 to Acc 4
User 6, Acc 0 Balance 105.000000, Withdraw 50.000000 
User 5, Acc 7 Balance 69986.000000, Transfer 5.000000 to Acc 4
User 4, Acc 4 Balance 3096.000000, Withdraw 1167.000000 
User 3, Acc 7 Balance 70126.000000, Deposit 631.000000 
User 1, Acc 8 Balance 3108.000000, Transfer 619.000000 to Acc 2
User 3, Acc 7 Balance 70612.000000, Transfer 631.000000 to Acc 3
User 0, Acc 7 Balance 70153.000000, Deposit 631.000000 
User 0, Acc 7 Balance 70612.000000, Transfer 631.000000 to Acc 3
User 5, Acc 4 Balance 1937.000000, Withdraw 1167.000000 
User 4, Acc 5 Balance 4952.000000, Withdraw 1307.000000 
User 2, Acc 2 Balance 699.000000, Withdraw 71.000000 
User 1, Acc 7 Balance 70612.000000, Deposit 631.000000 
User 3, Acc 6 Balance 5160.000000, Deposit 641.000000 
User 6, Acc 9 Balance 12466.000000, Deposit 617.000000 
User 3, Acc 6 Balance 5801.000000, Transfer 641.000000 to Acc 4
User 6, Acc 9 Balance 13083.000000, Transfer 617.000000 to Acc 1
User 5, Acc 5 Balance 4952.000000, Withdraw 1307.000000 
User 6, Acc 8 Balance 2489.000000, Deposit 619.000000 
User 5, Acc 1 Balance 2949.000000, Transfer 89.000000 to Acc 8
User 0, Acc 6 Balance 5160.000000, Deposit 641.000000 
User 5, Acc 1 Balance 2860.000000, Transfer 163.000000 to Acc 9
User 0, Acc 6 Balance 5801.000000, Transfer 641.000000 to Acc 4
User 0, Acc 5 Balance 2338.000000, Deposit 643.000000 
[22;32mUser 2, Acc 3 Balance 583.000000, 				Withdraw 1127.000000 --insufficient funds[0m
User 0, Acc 5 Balance 2981.000000, Transfer 1200.000000 to Acc 6
User 2, Acc 6 Balance 5160.000000, Withdraw 647.000000 
User 0, Acc 4 Balance 885.000000, Deposit 647.000000 
User 2, Acc 6 Balance 5713.000000, Deposit 1953.000000 
User 0, Acc 4 Balance 1532.000000, Transfer 1200.000000 to Acc 7
User 2, Acc 7 Balance 70612.000000, Deposit 967.000000 
User 0, Acc 3 Balance 583.000000, Deposit 653.000000 
User 2, Acc 1 Balance 2697.000000, Transfer 19.000000 to Acc 7
User 2, Acc 2 Balance 1866.000000, Transfer 23.000000 to Acc 7
User 2, Acc 6 Balance 7666.000000, Transfer 1167.000000 to Acc 5
User 2, Acc 4 Balance 332.000000, Transfer 53.000000 to Acc 5
User 2, Acc 7 Balance 72821.000000, Withdraw 1593.000000 
User 2, Acc 8 Balance 3197.000000, Withdraw 449.000000 
User 2, Acc 9 Balance 12629.000000, Withdraw 163.000000 
User 3, Acc 5 Balance 3645.000000, Deposit 643.000000 
User 3, Acc 5 Balance 3644.000000, Transfer 1200.000000 to Acc 6
User 3, Acc 4 Balance 279.000000, Deposit 647.000000 
User 3, Acc 3 Balance 1236.000000, Deposit 653.000000 
User 3, Acc 3 Balance 1889.000000, Transfer 1200.000000 to Acc 8
User 3, Acc 2 Balance 1843.000000, Deposit 659.000000 
User 4, Acc 1 Balance 2332.000000, Transfer 89.000000 to Acc 8
User 3, Acc 2 Balance 2502.000000, Transfer 1200.000000 to Acc 9
User 4, Acc 1 Balance 2589.000000, Transfer 163.000000 to Acc 9
User 3, Acc 1 Balance 2589.000000, Deposit 661.000000 
User 2, Acc 9 Balance 12466.000000, Deposit 617.000000 
User 0, Acc 3 Balance 1236.000000, Transfer 1200.000000 to Acc 8
User 2, Acc 9 Balance 14446.000000, Transfer 617.000000 to Acc 1
User 0, Acc 2 Balance 1302.000000, Deposit 659.000000 
User 2, Acc 8 Balance 5237.000000, Deposit 619.000000 
User 0, Acc 2 Balance 1961.000000, Transfer 1200.000000 to Acc 9
User 0, Acc 1 Balance 3704.000000, Deposit 661.000000 
User 5, Acc 1 Balance 2697.000000, Withdraw 41.000000 
User 0, Acc 1 Balance 4365.000000, Transfer 1200.000000 to Acc 9
User 1, Acc 7 Balance 70612.000000, Transfer 631.000000 to Acc 3
User 4, Acc 1 Balance 2426.000000, Withdraw 41.000000 
User 1, Acc 6 Balance 7699.000000, Deposit 641.000000 
User 1, Acc 6 Balance 8340.000000, Transfer 641.000000 to Acc 4
User 4, Acc 2 Balance 761.000000, Withdraw 71.000000 
User 5, Acc 2 Balance 761.000000, Withdraw 71.000000 
User 6, Acc 8 Balance 3108.000000, Transfer 619.000000 to Acc 2
[22;32mUser 5, Acc 3 Balance 120.000000, 				Withdraw 1127.000000 --insufficient funds[0m
User 6, Acc 7 Balance 70597.000000, Deposit 631.000000 
User 3, Acc 1 Balance 3087.000000, Transfer 1200.000000 to Acc 9
User 6, Acc 7 Balance 71228.000000, Transfer 631.000000 to Acc 3
User 3, Acc 0 Balance 55.000000, Deposit 673.000000 
User 0, Acc 0 Balance 55.000000, Deposit 673.000000 
User 3, Acc 1 Balance 1883.000000, Withdraw 50.000000 
User 2, Acc 8 Balance 5856.000000, Transfer 619.000000 to Acc 2
User 2, Acc 7 Balance 70597.000000, Deposit 631.000000 
User 6, Acc 6 Balance 7699.000000, Deposit 641.000000 
User 6, Acc 6 Balance 8340.000000, Transfer 641.000000 to Acc 4
User 6, Acc 5 Balance 2444.000000, Deposit 643.000000 
User 6, Acc 5 Balance 3087.000000, Transfer 1200.000000 to Acc 6
User 6, Acc 4 Balance 2208.000000, Deposit 647.000000 
User 6, Acc 4 Balance 2855.000000, Transfer 1200.000000 to Acc 7
User 6, Acc 3 Balance 751.000000, Deposit 653.000000 
User 6, Acc 3 Balance 1404.000000, Transfer 1200.000000 to Acc 8
User 6, Acc 2 Balance 1857.000000, Deposit 659.000000 
User 6, Acc 2 Balance 2516.000000, Transfer 1200.000000 to Acc 9
User 6, Acc 1 Balance 1833.000000, Deposit 661.000000 
User 6, Acc 1 Balance 2494.000000, Transfer 1200.000000 to Acc 9
User 6, Acc 0 Balance 1401.000000, Deposit 673.000000 
User 6, Acc 0 Balance 2074.000000, Transfer 1200.000000 to Acc 9
User 6, Acc 1 Balance 1294.000000, Withdraw 50.000000 
User 6, Acc 2 Balance 1316.000000, Withdraw 50.000000 
User 6, Acc 3 Balance 204.000000, Withdraw 50.000000 
User 6, Acc 4 Balance 1655.000000, Withdraw 50.000000 
User 6, Acc 5 Balance 1887.000000, Withdraw 50.000000 
User 6, Acc 6 Balance 8899.000000, Withdraw 50.000000 
User 6, Acc 7 Balance 72428.000000, Withdraw 50.000000 
User 6, Acc 8 Balance 5818.000000, Withdraw 50.000000 
User 6, Acc 9 Balance 21029.000000, Withdraw 50.000000 
User 6, Acc 0 Balance 874.000000, Withdraw 50.000000 
User 6, Acc 9 Balance 20979.000000, Deposit 617.000000 
User 6, Acc 9 Balance 21596.000000, Transfer 617.000000 to Acc 1
User 6, Acc 8 Balance 5768.000000, Deposit 619.000000 
User 6, Acc 8 Balance 6387.000000, Transfer 619.000000 to Acc 2
User 6, Acc 7 Balance 72378.000000, Deposit 631.000000 
User 0, Acc 0 Balance 1401.000000, Transfer 1200.000000 to Acc 9
User 6, Acc 7 Balance 73009.000000, Transfer 631.000000 to Acc 3
User 6, Acc 6 Balance 8849.000000, Deposit 641.000000 
User 1, Acc 5 Balance 2444.000000, Deposit 643.000000 
User 2, Acc 7 Balance 71228.000000, Transfer 631.000000 to Acc 3
[22;32mUser 4, Acc 3 Balance 120.000000, 				Withdraw 1127.000000 --insufficient funds[0m
User 2, Acc 6 Balance 9490.000000, Deposit 641.000000 
User 5, Acc 6 Balance 7699.000000, Withdraw 647.000000 
User 3, Acc 2 Balance 1238.000000, Withdraw 50.000000 
User 0, Acc 1 Balance 1861.000000, Withdraw 50.000000 
User 3, Acc 3 Balance 1416.000000, Withdraw 50.000000 
User 6, Acc 6 Balance 9490.000000, Transfer 641.000000 to Acc 4
User 1, Acc 5 Balance 2480.000000, Transfer 1200.000000 to Acc 6
User 6, Acc 5 Balance 2480.000000, Deposit 643.000000 
User 4, Acc 6 Balance 10131.000000, Withdraw 647.000000 
User 5, Acc 6 Balance 9484.000000, Deposit 1953.000000 
User 3, Acc 4 Balance 1605.000000, Withdraw 50.000000 
User 2, Acc 6 Balance 10131.000000, Transfer 641.000000 to Acc 4
User 3, Acc 5 Balance 1923.000000, Withdraw 50.000000 
User 3, Acc 6 Balance 11349.000000, Withdraw 50.000000 
User 2, Acc 5 Balance 1873.000000, Deposit 643.000000 
User 3, Acc 7 Balance 71747.000000, Withdraw 50.000000 
User 0, Acc 2 Balance 1835.000000, Withdraw 50.000000 
User 5, Acc 7 Balance 71747.000000, Deposit 967.000000 
User 0, Acc 3 Balance 1366.000000, Withdraw 50.000000 
User 0, Acc 4 Balance 2837.000000, Withdraw 50.000000 
User 5, Acc 1 Balance 1811.000000, Transfer 19.000000 to Acc 7
User 2, Acc 5 Balance 2516.000000, Transfer 1200.000000 to Acc 6
User 3, Acc 8 Balance 5768.000000, Withdraw 50.000000 
User 2, Acc 4 Balance 2787.000000, Deposit 647.000000 
User 2, Acc 4 Balance 3434.000000, Transfer 1200.000000 to Acc 7
User 4, Acc 6 Balance 9396.000000, Deposit 1953.000000 
User 6, Acc 5 Balance 1923.000000, Transfer 1200.000000 to Acc 6
User 4, Acc 7 Balance 73883.000000, Deposit 967.000000 
User 0, Acc 5 Balance 2516.000000, Withdraw 50.000000 
User 4, Acc 1 Balance 1792.000000, Transfer 19.000000 to Acc 7
User 1, Acc 4 Balance 2246.000000, Deposit 647.000000 
User 4, Acc 2 Balance 1785.000000, Transfer 23.000000 to Acc 7
User 2, Acc 3 Balance 1316.000000, Deposit 653.000000 
User 4, Acc 6 Balance 15011.000000, Transfer 1167.000000 to Acc 5
User 2, Acc 3 Balance 1969.000000, Transfer 1200.000000 to Acc 8
User 3, Acc 9 Balance 22179.000000, Withdraw 50.000000 
User 0, Acc 6 Balance 15011.000000, Withdraw 50.000000 
[22;32mUser 3, Acc 0 Balance -376.000000, 				Withdraw 50.000000 --insufficient funds[0m
User 0, Acc 7 Balance 74892.000000, Withdraw 50.000000 
User 3, Acc 0 Balance -376.000000, Deposit 907.000000 
User 2, Acc 2 Balance 1762.000000, Deposit 659.000000 
User 3, Acc 1 Balance 1773.000000, Deposit 911.000000 
User 2, Acc 2 Balance 2421.000000, Transfer 1200.000000 to Acc 9
User 6, Acc 4 Balance 2234.000000, Deposit 647.000000 
User 6, Acc 4 Balance 3528.000000, Transfer 1200.000000 to Acc 7
User 6, Acc 3 Balance 769.000000, Deposit 653.000000 
User 6, Acc 3 Balance 1422.000000, Transfer 1200.000000 to Acc 8
User 6, Acc 2 Balance 1221.000000, Deposit 659.000000 
User 6, Acc 2 Balance 1880.000000, Transfer 1200.000000 to Acc 9
User 6, Acc 1 Balance 2684.000000, Deposit 661.000000 
User 6, Acc 1 Balance 3345.000000, Transfer 1200.000000 to Acc 9
User 6, Acc 0 Balance 531.000000, Deposit 673.000000 
User 6, Acc 0 Balance 1204.000000, Transfer 1200.000000 to Acc 9
User 6, Acc 9 Balance 26929.000000, Deposit 617.000000 
User 6, Acc 9 Balance 27546.000000, Transfer 617.000000 to Acc 1
User 6, Acc 8 Balance 8118.000000, Deposit 619.000000 
User 6, Acc 8 Balance 8737.000000, Transfer 619.000000 to Acc 2
User 6, Acc 7 Balance 76042.000000, Deposit 631.000000 
User 6, Acc 7 Balance 76673.000000, Transfer 631.000000 to Acc 3
User 6, Acc 6 Balance 13794.000000, Deposit 641.000000 
User 6, Acc 6 Balance 14435.000000, Transfer 641.000000 to Acc 4
User 6, Acc 5 Balance 1233.000000, Deposit 643.000000 
User 6, Acc 5 Balance 1876.000000, Transfer 1200.000000 to Acc 6
User 6, Acc 4 Balance 2969.000000, Deposit 647.000000 
User 6, Acc 4 Balance 3616.000000, Transfer 1200.000000 to Acc 7
User 6, Acc 3 Balance 853.000000, Deposit 653.000000 
User 6, Acc 3 Balance 1506.000000, Transfer 1200.000000 to Acc 8
User 6, Acc 2 Balance 1299.000000, Deposit 659.000000 
User 6, Acc 2 Balance 1958.000000, Transfer 1200.000000 to Acc 9
User 6, Acc 1 Balance 2762.000000, Deposit 661.000000 
User 6, Acc 1 Balance 3423.000000, Transfer 1200.000000 to Acc 9
User 6, Acc 0 Balance 4.000000, Deposit 673.000000 
User 6, Acc 9 Balance 29329.000000, Deposit 617.000000 
User 1, Acc 4 Balance 2881.000000, Transfer 1200.000000 to Acc 7
User 1, Acc 3 Balance 306.000000, Deposit 653.000000 
User 2, Acc 1 Balance 1773.000000, Deposit 661.000000 
User 2, Acc 1 Balance 2884.000000, Transfer 1200.000000 to Acc 9
User 3, Acc 2 Balance 1221.000000, Deposit 919.000000 
User 3, Acc 3 Balance 959.000000, Deposit 929.000000 
User 3, Acc 4 Balance 1216.000000, Deposit 937.000000 
User 3, Acc 5 Balance 676.000000, Deposit 941.000000 
User 3, Acc 6 Balance 14994.000000, Deposit 953.000000 
User 3, Acc 7 Balance 78442.000000, Deposit 967.000000 
User 3, Acc 1 Balance 1684.000000, Transfer 19.000000 to Acc 7
User 3, Acc 2 Balance 1677.000000, Transfer 23.000000 to Acc 7
User 3, Acc 3 Balance 1888.000000, Transfer 29.000000 to Acc 7
User 3, Acc 7 Balance 79480.000000, Transfer 31.000000 to Acc 6
User 3, Acc 7 Balance 79449.000000, Transfer 37.000000 to Acc 5
User 3, Acc 7 Balance 79412.000000, Transfer 3.000000 to Acc 4
User 3, Acc 7 Balance 79409.000000, Transfer 5.000000 to Acc 4
User 3, Acc 6 Balance 15978.000000, Transfer 67.000000 to Acc 5
User 3, Acc 4 Balance 2161.000000, Transfer 53.000000 to Acc 5
User 3, Acc 1 Balance 1665.000000, Transfer 89.000000 to Acc 8
User 4, Acc 4 Balance 2881.000000, Transfer 53.000000 to Acc 5
User 3, Acc 1 Balance 1576.000000, Transfer 163.000000 to Acc 9
User 3, Acc 1 Balance 1413.000000, Withdraw 41.000000 
User 1, Acc 2 Balance 758.000000, Deposit 659.000000 
User 3, Acc 2 Balance 1654.000000, Withdraw 71.000000 
User 5, Acc 2 Balance 1785.000000, Transfer 23.000000 to Acc 7
User 0, Acc 8 Balance 6918.000000, Withdraw 50.000000 
User 5, Acc 6 Balance 15911.000000, Transfer 1167.000000 to Acc 5
User 0, Acc 9 Balance 31309.000000, Withdraw 50.000000 
User 4, Acc 7 Balance 79404.000000, Withdraw 1593.000000 
User 1, Acc 2 Balance 2313.000000, Transfer 1200.000000 to Acc 9
User 3, Acc 3 Balance 1859.000000, Withdraw 127.000000 
User 6, Acc 9 Balance 29946.000000, Transfer 617.000000 to Acc 1
User 5, Acc 4 Balance 2055.000000, Transfer 53.000000 to Acc 5
User 6, Acc 8 Balance 9357.000000, Deposit 619.000000 
User 5, Acc 7 Balance 77834.000000, Withdraw 1593.000000 
User 6, Acc 8 Balance 9976.000000, Transfer 619.000000 to Acc 2
User 4, Acc 8 Balance 9357.000000, Withdraw 449.000000 
User 6, Acc 7 Balance 76241.000000, Deposit 631.000000 
User 4, Acc 9 Balance 31842.000000, Withdraw 163.000000 
User 0, Acc 0 Balance 677.000000, Withdraw 50.000000 
User 4, Acc 9 Balance 31679.000000, Deposit 617.000000 
User 2, Acc 0 Balance 677.000000, Deposit 673.000000 
User 1, Acc 1 Balance 1372.000000, Deposit 661.000000 
User 2, Acc 0 Balance 1300.000000, Transfer 1200.000000 to Acc 9
User 1, Acc 1 Balance 2650.000000, Transfer 1200.000000 to Acc 9
User 3, Acc 4 Balance 2055.000000, Withdraw 167.000000 
User 5, Acc 8 Balance 9976.000000, Withdraw 449.000000 
User 4, Acc 9 Balance 32296.000000, Transfer 617.000000 to Acc 1
User 5, Acc 9 Balance 34696.000000, Withdraw 163.000000 
User 4, Acc 8 Balance 8459.000000, Deposit 619.000000 
User 4, Acc 8 Balance 9078.000000, Transfer 619.000000 to Acc 2
User 1, Acc 0 Balance 100.000000, Deposit 673.000000 
User 3, Acc 5 Balance 3047.000000, Withdraw 307.000000 
User 1, Acc 1 Balance 2067.000000, Withdraw 50.000000 
User 3, Acc 6 Balance 14744.000000, Withdraw 647.000000 
User 1, Acc 2 Balance 2257.000000, Withdraw 50.000000 
User 3, Acc 7 Balance 76872.000000, Withdraw 593.000000 
User 3, Acc 8 Balance 8459.000000, Withdraw 449.000000 
User 3, Acc 9 Balance 33916.000000, Withdraw 163.000000 
User 6, Acc 7 Balance 76872.000000, Transfer 631.000000 to Acc 3
User 6, Acc 6 Balance 14097.000000, Deposit 641.000000 
User 6, Acc 6 Balance 14738.000000, Transfer 641.000000 to Acc 4
User 6, Acc 5 Balance 2740.000000, Deposit 643.000000 
User 6, Acc 5 Balance 3383.000000, Transfer 1200.000000 to Acc 6
User 6, Acc 4 Balance 2476.000000, Deposit 647.000000 
User 6, Acc 4 Balance 3123.000000, Transfer 1200.000000 to Acc 7
User 6, Acc 3 Balance 2363.000000, Deposit 653.000000 
User 6, Acc 3 Balance 3016.000000, Transfer 1200.000000 to Acc 8
User 6, Acc 2 Balance 2207.000000, Deposit 659.000000 
User 6, Acc 2 Balance 2866.000000, Transfer 1200.000000 to Acc 9
User 6, Acc 1 Balance 2017.000000, Deposit 661.000000 
User 6, Acc 1 Balance 2678.000000, Transfer 1200.000000 to Acc 9
User 6, Acc 0 Balance 773.000000, Deposit 673.000000 
User 6, Acc 0 Balance 1446.000000, Transfer 1200.000000 to Acc 9
User 6, Acc 0 Balance 246.000000, Deposit 400.000000 
User 5, Acc 0 Balance 100.000000, Deposit 400.000000 
User 1, Acc 3 Balance 1732.000000, Withdraw 50.000000 
User 4, Acc 7 Balance 76872.000000, Deposit 631.000000 
User 1, Acc 4 Balance 1923.000000, Withdraw 50.000000 
User 4, Acc 7 Balance 77479.000000, Transfer 631.000000 to Acc 3
User 2, Acc 1 Balance 2650.000000, Withdraw 50.000000 
User 4, Acc 6 Balance 15297.000000, Deposit 641.000000 
User 6, Acc 0 Balance 646.000000, Withdraw 200.000000 
User 4, Acc 6 Balance 15938.000000, Transfer 641.000000 to Acc 4
User 4, Acc 5 Balance 2183.000000, Deposit 643.000000 
User 3, Acc 1 Balance 2017.000000, Withdraw 500.000000 
User 1, Acc 5 Balance 2183.000000, Withdraw 50.000000 
User 3, Acc 2 Balance 1666.000000, Withdraw 500.000000 
User 5, Acc 0 Balance 1046.000000, Withdraw 200.000000 
User 6, Acc 0 Balance 846.000000, Deposit 100.000000 
User 5, Acc 0 Balance 646.000000, Deposit 100.000000 
User 0, Acc 9 Balance 31679.000000, Deposit 617.000000 
User 4, Acc 5 Balance 2826.000000, Transfer 1200.000000 to Acc 6
User 0, Acc 9 Balance 37970.000000, Transfer 617.000000 to Acc 1
User 1, Acc 6 Balance 15297.000000, Withdraw 50.000000 
User 0, Acc 8 Balance 9210.000000, Deposit 619.000000 
User 3, Acc 3 Balance 2397.000000, Withdraw 500.000000 
User 0, Acc 8 Balance 9829.000000, Transfer 619.000000 to Acc 2
User 3, Acc 4 Balance 2514.000000, Withdraw 500.000000 
User 3, Acc 5 Balance 1576.000000, Withdraw 500.000000 
User 0, Acc 7 Balance 76848.000000, Deposit 631.000000 
User 3, Acc 6 Balance 16447.000000, Withdraw 500.000000 
User 0, Acc 7 Balance 77479.000000, Transfer 631.000000 to Acc 3
User 0, Acc 6 Balance 16447.000000, Deposit 641.000000 
User 6, Acc 0 Balance 746.000000, Withdraw 50.000000 
User 2, Acc 2 Balance 1666.000000, Withdraw 50.000000 
User 2, Acc 3 Balance 2528.000000, Withdraw 50.000000 
User 2, Acc 4 Balance 2014.000000, Withdraw 50.000000 
User 2, Acc 5 Balance 1076.000000, Withdraw 50.000000 
User 2, Acc 6 Balance 16588.000000, Withdraw 50.000000 
User 2, Acc 7 Balance 76848.000000, Withdraw 50.000000 
User 2, Acc 8 Balance 9210.000000, Withdraw 50.000000 
User 2, Acc 9 Balance 37353.000000, Withdraw 50.000000 
User 2, Acc 0 Balance 796.000000, Withdraw 50.000000 
User 2, Acc 0 Balance 746.000000, Deposit 400.000000 
User 2, Acc 0 Balance 1146.000000, Withdraw 200.000000 
User 2, Acc 0 Balance 946.000000, Deposit 100.000000 
User 2, Acc 0 Balance 1046.000000, Withdraw 50.000000 
User 2, Acc 0 Balance 996.000000, Withdraw 150.000000 
User 2, Acc 0 Balance 846.000000, Deposit 300.000000 
User 2, Acc 0 Balance 1146.000000, Transfer 300.000000 to Acc 1
Balance in 1: 1845.000000
User 2, Acc 0 Balance 846.000000, Deposit 400.000000 
User 2, Acc 0 Balance 1246.000000, Withdraw 200.000000 
User 0, Acc 6 Balance 16588.000000, Transfer 641.000000 to Acc 4
User 6, Acc 0 Balance 796.000000, Withdraw 150.000000 
User 0, Acc 5 Balance 1026.000000, Deposit 643.000000 
User 6, Acc 0 Balance 896.000000, Deposit 300.000000 
User 1, Acc 7 Balance 76848.000000, Withdraw 50.000000 
User 1, Acc 8 Balance 9160.000000, Withdraw 50.000000 
User 2, Acc 0 Balance 1046.000000, Deposit 100.000000 
User 1, Acc 9 Balance 37303.000000, Withdraw 50.000000 
User 1, Acc 0 Balance 1196.000000, Withdraw 50.000000 
User 2, Acc 0 Balance 1296.000000, Withdraw 50.000000 
User 1, Acc 0 Balance 1246.000000, Deposit 400.000000 
User 2, Acc 0 Balance 1196.000000, Withdraw 150.000000 
User 1, Acc 0 Balance 1596.000000, Withdraw 200.000000 
User 4, Acc 4 Balance 2514.000000, Deposit 647.000000 
User 1, Acc 0 Balance 1246.000000, Deposit 100.000000 
User 4, Acc 4 Balance 3252.000000, Transfer 1200.000000 to Acc 7
User 1, Acc 0 Balance 1346.000000, Withdraw 50.000000 
User 1, Acc 0 Balance 1296.000000, Withdraw 150.000000 
User 3, Acc 7 Balance 76848.000000, Withdraw 500.000000 
User 5, Acc 0 Balance 846.000000, Withdraw 50.000000 
User 3, Acc 8 Balance 9110.000000, Withdraw 500.000000 
User 2, Acc 0 Balance 1446.000000, Deposit 300.000000 
User 6, Acc 0 Balance 1196.000000, Transfer 300.000000 to Acc 1
User 2, Acc 0 Balance 1396.000000, Transfer 300.000000 to Acc 1
User 4, Acc 3 Balance 2478.000000, Deposit 653.000000 
Balance in 1: 2445.000000
User 5, Acc 0 Balance 1096.000000, Withdraw 150.000000 
User 2, Acc 0 Balance 796.000000, Deposit 907.000000 
User 5, Acc 0 Balance 646.000000, Deposit 300.000000 
User 2, Acc 1 Balance 2445.000000, Deposit 911.000000 
User 5, Acc 0 Balance 1853.000000, Transfer 300.000000 to Acc 1
User 3, Acc 9 Balance 37253.000000, Withdraw 500.000000 
User 0, Acc 5 Balance 1669.000000, Transfer 1200.000000 to Acc 6
Balance in 1: 2145.000000
User 0, Acc 4 Balance 2052.000000, Deposit 647.000000 
User 0, Acc 4 Balance 2699.000000, Transfer 1200.000000 to Acc 7
User 6, Acc 0 Balance 1553.000000, Deposit 907.000000 
User 0, Acc 3 Balance 3131.000000, Deposit 653.000000 
Balance in 1: 3656.000000
User 0, Acc 3 Balance 3784.000000, Transfer 1200.000000 to Acc 8
User 1, Acc 0 Balance 1146.000000, Deposit 300.000000 
User 4, Acc 3 Balance 3131.000000, Transfer 1200.000000 to Acc 8
User 1, Acc 0 Balance 2760.000000, Transfer 300.000000 to Acc 1
User 6, Acc 1 Balance 3656.000000, Deposit 911.000000 
User 2, Acc 2 Balance 1735.000000, Deposit 919.000000 
User 6, Acc 2 Balance 1735.000000, Deposit 919.000000 
User 2, Acc 3 Balance 1384.000000, Transfer 29.000000 to Acc 7
User 4, Acc 2 Balance 1735.000000, Deposit 659.000000 
User 2, Acc 7 Balance 78677.000000, Transfer 31.000000 to Acc 6
User 4, Acc 2 Balance 4232.000000, Transfer 1200.000000 to Acc 9
User 2, Acc 7 Balance 78646.000000, Transfer 37.000000 to Acc 5
User 3, Acc 0 Balance 1553.000000, Withdraw 500.000000 
User 0, Acc 2 Balance 1735.000000, Deposit 659.000000 
User 3, Acc 1 Balance 4867.000000, Withdraw 500.000000 
User 0, Acc 2 Balance 3691.000000, Transfer 1200.000000 to Acc 9
User 3, Acc 2 Balance 3691.000000, Withdraw 500.000000 
User 4, Acc 1 Balance 4867.000000, Deposit 661.000000 
User 3, Acc 3 Balance 1355.000000, Withdraw 500.000000 
User 2, Acc 7 Balance 78609.000000, Transfer 3.000000 to Acc 4
User 6, Acc 3 Balance 1384.000000, Deposit 929.000000 
Balance in 1: 3956.000000
User 0, Acc 1 Balance 4367.000000, Deposit 661.000000 
User 1, Acc 0 Balance 1960.000000, Deposit 907.000000 
User 3, Acc 4 Balance 1499.000000, Withdraw 500.000000 
User 2, Acc 7 Balance 78606.000000, Transfer 5.000000 to Acc 4
User 3, Acc 5 Balance 506.000000, Withdraw 500.000000 
User 2, Acc 3 Balance 1784.000000, Deposit 929.000000 
User 5, Acc 0 Balance 2460.000000, Deposit 907.000000 
User 2, Acc 4 Balance 1007.000000, Deposit 937.000000 
User 1, Acc 1 Balance 5689.000000, Deposit 911.000000 
User 6, Acc 4 Balance 1502.000000, Deposit 937.000000 
User 1, Acc 2 Balance 1991.000000, Deposit 919.000000 
User 1, Acc 3 Balance 2713.000000, Deposit 929.000000 
User 4, Acc 1 Balance 5028.000000, Transfer 1200.000000 to Acc 9
User 0, Acc 1 Balance 5689.000000, Transfer 1200.000000 to Acc 9
User 4, Acc 0 Balance 3774.000000, Deposit 673.000000 
User 4, Acc 0 Balance 4447.000000, Transfer 1200.000000 to Acc 9
User 2, Acc 5 Balance 6.000000, Deposit 941.000000 
User 2, Acc 4 Balance 2881.000000, Withdraw 167.000000 
User 2, Acc 5 Balance 947.000000, Withdraw 307.000000 
User 2, Acc 1 Balance 4200.000000, Transfer 89.000000 to Acc 8
User 2, Acc 1 Balance 4111.000000, Transfer 163.000000 to Acc 9
User 2, Acc 1 Balance 3948.000000, Withdraw 41.000000 
User 2, Acc 2 Balance 2910.000000, Withdraw 71.000000 
User 2, Acc 3 Balance 3642.000000, Withdraw 127.000000 
User 2, Acc 6 Balance 17128.000000, Withdraw 647.000000 
User 4, Acc 0 Balance 3247.000000, Deposit 907.000000 
User 3, Acc 6 Balance 17128.000000, Withdraw 500.000000 
User 6, Acc 5 Balance 6.000000, Deposit 941.000000 
User 3, Acc 7 Balance 78601.000000, Withdraw 500.000000 
User 1, Acc 4 Balance 2881.000000, Deposit 937.000000 
User 0, Acc 0 Balance 4447.000000, Deposit 673.000000 
User 1, Acc 5 Balance 1581.000000, Deposit 941.000000 
User 2, Acc 6 Balance 16481.000000, Deposit 953.000000 
User 6, Acc 6 Balance 15981.000000, Deposit 953.000000 
User 2, Acc 7 Balance 78101.000000, Deposit 967.000000 
User 3, Acc 8 Balance 11099.000000, Withdraw 500.000000 
User 0, Acc 0 Balance 4827.000000, Transfer 1200.000000 to Acc 9
User 0, Acc 0 Balance 3627.000000, Deposit 907.000000 
User 0, Acc 1 Balance 3907.000000, Deposit 911.000000 
User 0, Acc 2 Balance 2839.000000, Deposit 919.000000 
User 0, Acc 3 Balance 3515.000000, Deposit 929.000000 
User 0, Acc 4 Balance 3651.000000, Deposit 937.000000 
User 0, Acc 5 Balance 2522.000000, Deposit 941.000000 
User 2, Acc 1 Balance 3907.000000, Transfer 19.000000 to Acc 7
User 2, Acc 2 Balance 3758.000000, Transfer 23.000000 to Acc 7
User 3, Acc 9 Balance 42916.000000, Withdraw 500.000000 
User 2, Acc 6 Balance 17887.000000, Transfer 67.000000 to Acc 5
User 3, Acc 0 Balance 4534.000000, Withdraw 500.000000 
User 2, Acc 4 Balance 4588.000000, Transfer 53.000000 to Acc 5
User 3, Acc 1 Balance 4799.000000, Withdraw 500.000000 
User 0, Acc 6 Balance 17887.000000, Deposit 953.000000 
User 1, Acc 6 Balance 15981.000000, Deposit 953.000000 
User 0, Acc 7 Balance 79110.000000, Deposit 967.000000 
User 0, Acc 1 Balance 4299.000000, Transfer 19.000000 to Acc 7
User 6, Acc 7 Balance 78101.000000, Deposit 967.000000 
User 2, Acc 7 Balance 79110.000000, Withdraw 593.000000 
User 5, Acc 1 Balance 5689.000000, Deposit 911.000000 
User 2, Acc 8 Balance 10599.000000, Withdraw 449.000000 
User 3, Acc 2 Balance 3735.000000, Withdraw 500.000000 
User 4, Acc 1 Balance 3907.000000, Deposit 911.000000 
User 3, Acc 3 Balance 4444.000000, Withdraw 500.000000 
User 4, Acc 2 Balance 3235.000000, Deposit 919.000000 
User 0, Acc 2 Balance 3735.000000, Transfer 23.000000 to Acc 7
User 6, Acc 1 Balance 4280.000000, Transfer 19.000000 to Acc 7
User 0, Acc 3 Balance 3944.000000, Transfer 29.000000 to Acc 7
User 1, Acc 7 Balance 80077.000000, Deposit 967.000000 
User 3, Acc 4 Balance 4535.000000, Withdraw 500.000000 
User 4, Acc 3 Balance 3944.000000, Deposit 929.000000 
User 3, Acc 5 Balance 3583.000000, Withdraw 500.000000 
User 4, Acc 4 Balance 4035.000000, Deposit 937.000000 
User 3, Acc 6 Balance 19726.000000, Withdraw 500.000000 
User 5, Acc 2 Balance 3735.000000, Deposit 919.000000 
User 0, Acc 7 Balance 80541.000000, Transfer 31.000000 to Acc 6
User 1, Acc 1 Balance 6083.000000, Transfer 19.000000 to Acc 7
User 0, Acc 7 Balance 81477.000000, Transfer 37.000000 to Acc 5
User 1, Acc 2 Balance 5050.000000, Transfer 23.000000 to Acc 7
User 0, Acc 7 Balance 81459.000000, Transfer 3.000000 to Acc 4
User 3, Acc 7 Balance 81508.000000, Withdraw 500.000000 
User 2, Acc 9 Balance 43616.000000, Withdraw 163.000000 
User 6, Acc 2 Balance 4131.000000, Transfer 23.000000 to Acc 7
User 2, Acc 1 Balance 6064.000000, Withdraw 500.000000 
User 6, Acc 3 Balance 4844.000000, Transfer 29.000000 to Acc 7
User 1, Acc 3 Balance 4844.000000, Transfer 29.000000 to Acc 7
User 5, Acc 3 Balance 4844.000000, Deposit 929.000000 
User 1, Acc 7 Balance 81060.000000, Transfer 31.000000 to Acc 6
User 5, Acc 4 Balance 4975.000000, Deposit 937.000000 
User 5, Acc 5 Balance 3120.000000, Deposit 941.000000 
User 2, Acc 2 Balance 5004.000000, Withdraw 500.000000 
User 2, Acc 3 Balance 5715.000000, Withdraw 500.000000 
User 2, Acc 4 Balance 5912.000000, Withdraw 500.000000 
User 2, Acc 5 Balance 4061.000000, Withdraw 500.000000 
User 2, Acc 6 Balance 19288.000000, Withdraw 500.000000 
User 2, Acc 7 Balance 81029.000000, Withdraw 500.000000 
User 2, Acc 8 Balance 10150.000000, Withdraw 500.000000 
User 2, Acc 9 Balance 43453.000000, Withdraw 500.000000 
User 2, Acc 0 Balance 4034.000000, Withdraw 500.000000 
User 2, Acc 1 Balance 5564.000000, Withdraw 500.000000 
User 2, Acc 2 Balance 4504.000000, Withdraw 500.000000 
User 2, Acc 3 Balance 5215.000000, Withdraw 500.000000 
User 2, Acc 4 Balance 5412.000000, Withdraw 500.000000 
User 2, Acc 5 Balance 3561.000000, Withdraw 500.000000 
User 3, Acc 8 Balance 10150.000000, Withdraw 500.000000 
User 4, Acc 5 Balance 3083.000000, Deposit 941.000000 
User 1, Acc 7 Balance 81029.000000, Transfer 37.000000 to Acc 5
User 4, Acc 6 Balance 18788.000000, Deposit 953.000000 
User 4, Acc 7 Balance 80529.000000, Deposit 967.000000 
User 1, Acc 7 Balance 80492.000000, Transfer 3.000000 to Acc 4
User 0, Acc 7 Balance 81479.000000, Transfer 5.000000 to Acc 4
User 2, Acc 6 Balance 18788.000000, Withdraw 500.000000 
User 3, Acc 9 Balance 42953.000000, Withdraw 500.000000 
User 2, Acc 7 Balance 81451.000000, Withdraw 500.000000 
User 3, Acc 0 Balance 3534.000000, Withdraw 500.000000 
User 2, Acc 8 Balance 9150.000000, Withdraw 500.000000 
User 4, Acc 1 Balance 5064.000000, Transfer 19.000000 to Acc 7
User 0, Acc 6 Balance 19741.000000, Transfer 67.000000 to Acc 5
User 4, Acc 2 Balance 4004.000000, Transfer 23.000000 to Acc 7
User 0, Acc 4 Balance 4920.000000, Transfer 53.000000 to Acc 5
User 4, Acc 3 Balance 4715.000000, Transfer 29.000000 to Acc 7
User 2, Acc 9 Balance 42453.000000, Withdraw 500.000000 
User 1, Acc 7 Balance 81456.000000, Transfer 5.000000 to Acc 4
User 2, Acc 0 Balance 3034.000000, Withdraw 500.000000 
User 2, Acc 1 Balance 5045.000000, Withdraw 500.000000 
User 5, Acc 6 Balance 19288.000000, Deposit 953.000000 
User 3, Acc 1 Balance 5064.000000, Withdraw 500.000000 
User 5, Acc 7 Balance 81017.000000, Deposit 967.000000 
User 0, Acc 1 Balance 5045.000000, Transfer 89.000000 to Acc 8
User 1, Acc 6 Balance 19174.000000, Transfer 67.000000 to Acc 5
User 2, Acc 2 Balance 3981.000000, Withdraw 500.000000 
User 1, Acc 4 Balance 4872.000000, Transfer 53.000000 to Acc 5
User 2, Acc 3 Balance 4686.000000, Withdraw 500.000000 
User 3, Acc 2 Balance 3981.000000, Withdraw 500.000000 
User 5, Acc 1 Balance 4045.000000, Transfer 19.000000 to Acc 7
User 3, Acc 3 Balance 4186.000000, Withdraw 500.000000 
User 5, Acc 2 Balance 2981.000000, Transfer 23.000000 to Acc 7
User 3, Acc 4 Balance 4819.000000, Withdraw 500.000000 
User 1, Acc 1 Balance 3956.000000, Transfer 89.000000 to Acc 8
User 4, Acc 7 Balance 81022.000000, Transfer 31.000000 to Acc 6
User 1, Acc 1 Balance 3848.000000, Transfer 163.000000 to Acc 9
User 4, Acc 7 Balance 81995.000000, Transfer 37.000000 to Acc 5
User 1, Acc 1 Balance 3685.000000, Withdraw 41.000000 
User 5, Acc 3 Balance 3686.000000, Transfer 29.000000 to Acc 7
User 1, Acc 2 Balance 2958.000000, Withdraw 71.000000 
User 5, Acc 7 Balance 81987.000000, Transfer 31.000000 to Acc 6
User 0, Acc 1 Balance 3956.000000, Transfer 163.000000 to Acc 9
User 5, Acc 7 Balance 81956.000000, Transfer 37.000000 to Acc 5
User 0, Acc 1 Balance 3481.000000, Withdraw 41.000000 
User 3, Acc 5 Balance 4279.000000, Withdraw 500.000000 
User 0, Acc 2 Balance 2887.000000, Withdraw 71.000000 
User 1, Acc 3 Balance 3657.000000, Withdraw 127.000000 
User 0, Acc 3 Balance 3657.000000, Withdraw 127.000000 
User 1, Acc 4 Balance 4319.000000, Withdraw 167.000000 
User 2, Acc 4 Balance 4819.000000, Withdraw 500.000000 
User 3, Acc 6 Balance 20122.000000, Withdraw 500.000000 
User 2, Acc 5 Balance 3853.000000, Withdraw 500.000000 
User 2, Acc 6 Balance 20122.000000, Withdraw 500.000000 
User 4, Acc 7 Balance 81958.000000, Transfer 3.000000 to Acc 4
User 5, Acc 7 Balance 81919.000000, Transfer 3.000000 to Acc 4
User 4, Acc 7 Balance 81916.000000, Transfer 5.000000 to Acc 4
User 4, Acc 6 Balance 19122.000000, Transfer 67.000000 to Acc 5
User 6, Acc 7 Balance 81031.000000, Transfer 31.000000 to Acc 6
User 4, Acc 4 Balance 3663.000000, Transfer 53.000000 to Acc 5
User 2, Acc 7 Balance 81919.000000, Withdraw 500.000000 
User 4, Acc 1 Balance 3440.000000, Transfer 89.000000 to Acc 8
User 4, Acc 1 Balance 3351.000000, Transfer 163.000000 to Acc 9
User 5, Acc 7 Balance 81913.000000, Transfer 5.000000 to Acc 4
User 1, Acc 5 Balance 3853.000000, Withdraw 307.000000 
User 6, Acc 7 Balance 81877.000000, Transfer 37.000000 to Acc 5
User 1, Acc 6 Balance 19086.000000, Withdraw 647.000000 
User 0, Acc 4 Balance 4319.000000, Withdraw 167.000000 
User 2, Acc 8 Balance 8917.000000, Withdraw 500.000000 
User 0, Acc 5 Balance 3203.000000, Withdraw 307.000000 
User 2, Acc 9 Balance 42442.000000, Withdraw 500.000000 
User 0, Acc 6 Balance 18439.000000, Withdraw 647.000000 
User 2, Acc 0 Balance 2534.000000, Withdraw 500.000000 
User 0, Acc 7 Balance 81335.000000, Withdraw 593.000000 
User 2, Acc 1 Balance 3188.000000, Withdraw 500.000000 
User 0, Acc 8 Balance 8417.000000, Withdraw 449.000000 
User 2, Acc 2 Balance 2816.000000, Withdraw 500.000000 
User 3, Acc 7 Balance 81919.000000, Withdraw 500.000000 
User 2, Acc 3 Balance 3403.000000, Withdraw 500.000000 
User 3, Acc 8 Balance 7968.000000, Withdraw 500.000000 
User 3, Acc 9 Balance 41942.000000, Withdraw 500.000000 
User 0, Acc 9 Balance 41942.000000, Withdraw 163.000000 
User 0, Acc 1 Balance 2688.000000, Withdraw 500.000000 
User 0, Acc 2 Balance 2316.000000, Withdraw 500.000000 
User 0, Acc 3 Balance 2903.000000, Withdraw 500.000000 
User 0, Acc 4 Balance 3448.000000, Withdraw 500.000000 
User 0, Acc 5 Balance 2896.000000, Withdraw 500.000000 
User 0, Acc 6 Balance 17792.000000, Withdraw 500.000000 
User 0, Acc 7 Balance 80242.000000, Withdraw 500.000000 
User 2, Acc 4 Balance 3448.000000, Withdraw 500.000000 
User 2, Acc 5 Balance 2396.000000, Withdraw 500.000000 
User 5, Acc 6 Balance 19086.000000, Transfer 67.000000 to Acc 5
User 3, Acc 0 Balance 2034.000000, Withdraw 500.000000 
User 6, Acc 7 Balance 81335.000000, Transfer 3.000000 to Acc 4
User 3, Acc 1 Balance 2188.000000, Withdraw 500.000000 
User 6, Acc 7 Balance 79739.000000, Transfer 5.000000 to Acc 4
User 6, Acc 6 Balance 17225.000000, Transfer 67.000000 to Acc 5
User 3, Acc 2 Balance 1816.000000, Withdraw 500.000000 
User 2, Acc 6 Balance 17292.000000, Withdraw 500.000000 
User 5, Acc 4 Balance 2448.000000, Transfer 53.000000 to Acc 5
User 1, Acc 7 Balance 81335.000000, Withdraw 593.000000 
User 4, Acc 1 Balance 3188.000000, Withdraw 41.000000 
User 1, Acc 8 Balance 7468.000000, Withdraw 449.000000 
User 0, Acc 8 Balance 7468.000000, Withdraw 500.000000 
User 1, Acc 9 Balance 41279.000000, Withdraw 163.000000 
User 3, Acc 3 Balance 2403.000000, Withdraw 500.000000 
User 2, Acc 7 Balance 79734.000000, Withdraw 500.000000 
User 4, Acc 2 Balance 1316.000000, Withdraw 71.000000 
User 6, Acc 4 Balance 2456.000000, Transfer 53.000000 to Acc 5
User 4, Acc 3 Balance 1903.000000, Withdraw 127.000000 
User 4, Acc 4 Balance 2403.000000, Withdraw 167.000000 
User 1, Acc 1 Balance 1647.000000, Withdraw 500.000000 
User 5, Acc 1 Balance 1688.000000, Transfer 89.000000 to Acc 8
User 1, Acc 2 Balance 1245.000000, Withdraw 500.000000 
User 5, Acc 1 Balance 1058.000000, Transfer 163.000000 to Acc 9
User 1, Acc 3 Balance 1776.000000, Withdraw 500.000000 
User 1, Acc 4 Balance 2183.000000, Withdraw 500.000000 
User 6, Acc 1 Balance 1647.000000, Transfer 89.000000 to Acc 8
User 1, Acc 5 Balance 2136.000000, Withdraw 500.000000 
User 6, Acc 1 Balance 806.000000, Transfer 163.000000 to Acc 9
User 3, Acc 4 Balance 2403.000000, Withdraw 500.000000 
User 0, Acc 9 Balance 41279.000000, Withdraw 500.000000 
User 5, Acc 1 Balance 895.000000, Withdraw 41.000000 
User 0, Acc 0 Balance 1534.000000, Withdraw 500.000000 
User 0, Acc 1 Balance 643.000000, Withdraw 500.000000 
User 1, Acc 6 Balance 16658.000000, Withdraw 500.000000 
User 2, Acc 8 Balance 6519.000000, Withdraw 500.000000 
User 1, Acc 7 Balance 78641.000000, Withdraw 500.000000 
User 1, Acc 8 Balance 6197.000000, Withdraw 500.000000 
User 1, Acc 9 Balance 40942.000000, Withdraw 500.000000 
User 1, Acc 0 Balance 1034.000000, Withdraw 500.000000 
[22;32mUser 1, Acc 1 Balance 102.000000, 				Withdraw 500.000000 --insufficient funds[0m
User 1, Acc 2 Balance 745.000000, Withdraw 500.000000 
User 0, Acc 2 Balance 745.000000, Withdraw 500.000000 
User 1, Acc 3 Balance 1276.000000, Withdraw 500.000000 
User 0, Acc 3 Balance 1276.000000, Withdraw 500.000000 
User 3, Acc 5 Balance 1636.000000, Withdraw 500.000000 
User 0, Acc 4 Balance 1183.000000, Withdraw 500.000000 
User 0, Acc 5 Balance 1636.000000, Withdraw 500.000000 
User 3, Acc 6 Balance 16158.000000, Withdraw 500.000000 
User 0, Acc 6 Balance 16158.000000, Withdraw 500.000000 
User 3, Acc 7 Balance 78141.000000, Withdraw 500.000000 
User 1, Acc 4 Balance 1183.000000, Withdraw 500.000000 
User 4, Acc 5 Balance 2136.000000, Withdraw 307.000000 
User 5, Acc 2 Balance 745.000000, Withdraw 71.000000 
User 6, Acc 1 Balance 643.000000, Withdraw 41.000000 
User 5, Acc 3 Balance 276.000000, Withdraw 127.000000 
[22;32mUser 6, Acc 2 Balance -326.000000, 				Withdraw 71.000000 --insufficient funds[0m
User 6, Acc 3 Balance 276.000000, Withdraw 127.000000 
User 3, Acc 8 Balance 5697.000000, Withdraw 500.000000 
User 1, Acc 5 Balance 636.000000, Withdraw 500.000000 
User 4, Acc 6 Balance 15158.000000, Withdraw 647.000000 
User 0, Acc 7 Balance 78141.000000, Withdraw 500.000000 
User 4, Acc 7 Balance 77641.000000, Withdraw 593.000000 
User 4, Acc 8 Balance 5197.000000, Withdraw 449.000000 
User 2, Acc 9 Balance 40942.000000, Withdraw 500.000000 
User 6, Acc 4 Balance 183.000000, Withdraw 167.000000 
User 2, Acc 0 Balance 534.000000, Withdraw 500.000000 
[22;32mUser 2, Acc 1 Balance 61.000000, 				Withdraw 500.000000 --insufficient funds[0m
User 1, Acc 6 Balance 15158.000000, Withdraw 500.000000 
User 5, Acc 4 Balance 183.000000, Withdraw 167.000000 
User 0, Acc 8 Balance 5197.000000, Withdraw 500.000000 
[22;32mUser 5, Acc 5 Balance -171.000000, 				Withdraw 307.000000 --insufficient funds[0m
User 0, Acc 9 Balance 39942.000000, Withdraw 500.000000 
User 3, Acc 9 Balance 40442.000000, Withdraw 500.000000 
[22;32mUser 0, Acc 0 Balance 34.000000, 				Withdraw 500.000000 --insufficient funds[0m
User 1, Acc 7 Balance 76548.000000, Withdraw 500.000000 
[22;32mUser 0, Acc 1 Balance 61.000000, 				Withdraw 500.000000 --insufficient funds[0m
[22;32mUser 0, Acc 2 Balance -326.000000, 				Withdraw 500.000000 --insufficient funds[0m
User 5, Acc 6 Balance 14011.000000, Withdraw 647.000000 
[22;32mUser 6, Acc 5 Balance -171.000000, 				Withdraw 307.000000 --insufficient funds[0m
User 5, Acc 7 Balance 76048.000000, Withdraw 593.000000 
User 5, Acc 8 Balance 4248.000000, Withdraw 449.000000 
[22;32mUser 3, Acc 0 Balance 34.000000, 				Withdraw 500.000000 --insufficient funds[0m
User 4, Acc 9 Balance 40442.000000, Withdraw 163.000000 
User 1, Acc 8 Balance 4248.000000, Withdraw 500.000000 
User 4, Acc 0 Balance 34.000000, Deposit 907.000000 
[22;32mUser 2, Acc 2 Balance -326.000000, 				Withdraw 500.000000 --insufficient funds[0m
User 6, Acc 6 Balance 13364.000000, Withdraw 647.000000 
[22;32mUser 2, Acc 3 Balance 22.000000, 				Withdraw 500.000000 --insufficient funds[0m
[22;32mUser 2, Acc 4 Balance -151.000000, 				Withdraw 500.000000 --insufficient funds[0m
[22;32mUser 3, Acc 1 Balance 61.000000, 				Withdraw 500.000000 --insufficient funds[0m
[22;32mUser 0, Acc 3 Balance 22.000000, 				Withdraw 500.000000 --insufficient funds[0m
User 1, Acc 9 Balance 38779.000000, Withdraw 500.000000 
[22;32mUser 0, Acc 4 Balance -151.000000, 				Withdraw 500.000000 --insufficient funds[0m
[22;32mUser 0, Acc 5 Balance -171.000000, 				Withdraw 500.000000 --insufficient funds[0m
User 6, Acc 7 Balance 75455.000000, Withdraw 593.000000 
User 5, Acc 9 Balance 38942.000000, Withdraw 163.000000 
[22;32mUser 2, Acc 5 Balance -171.000000, 				Withdraw 500.000000 --insufficient funds[0m
User 5, Acc 0 Balance 941.000000, Deposit 907.000000 
User 5, Acc 1 Balance 61.000000, Deposit 911.000000 
User 5, Acc 2 Balance -326.000000, Deposit 919.000000 
User 5, Acc 7 Balance 74862.000000, Transfer 31.000000 to Acc 6
User 5, Acc 7 Balance 74831.000000, Transfer 37.000000 to Acc 5
User 5, Acc 7 Balance 74794.000000, Transfer 3.000000 to Acc 4
User 5, Acc 7 Balance 74791.000000, Transfer 5.000000 to Acc 4
User 5, Acc 3 Balance 22.000000, Deposit 929.000000 
User 5, Acc 4 Balance -143.000000, Deposit 937.000000 
User 5, Acc 5 Balance -134.000000, Deposit 941.000000 
User 5, Acc 4 Balance 794.000000, Withdraw 167.000000 
User 5, Acc 5 Balance 807.000000, Withdraw 307.000000 
User 5, Acc 1 Balance 972.000000, Transfer 89.000000 to Acc 8
User 1, Acc 0 Balance 941.000000, Withdraw 500.000000 
User 5, Acc 1 Balance 883.000000, Transfer 163.000000 to Acc 9
User 1, Acc 1 Balance 883.000000, Withdraw 500.000000 
User 5, Acc 1 Balance 720.000000, Withdraw 41.000000 
[22;32mUser 3, Acc 2 Balance -326.000000, 				Withdraw 500.000000 --insufficient funds[0m
User 2, Acc 6 Balance 12717.000000, Withdraw 500.000000 
User 4, Acc 1 Balance 61.000000, Deposit 911.000000 
User 6, Acc 8 Balance 3299.000000, Withdraw 449.000000 
User 4, Acc 2 Balance 593.000000, Deposit 919.000000 
User 1, Acc 2 Balance 593.000000, Withdraw 500.000000 
User 5, Acc 2 Balance 593.000000, Withdraw 71.000000 
User 1, Acc 3 Balance 951.000000, Withdraw 500.000000 
User 5, Acc 3 Balance 951.000000, Withdraw 127.000000 
User 2, Acc 7 Balance 74786.000000, Withdraw 500.000000 
User 0, Acc 6 Balance 12717.000000, Withdraw 500.000000 
User 2, Acc 8 Balance 2939.000000, Withdraw 500.000000 
User 0, Acc 7 Balance 74286.000000, Withdraw 500.000000 
User 2, Acc 9 Balance 38279.000000, Withdraw 500.000000 
User 0, Acc 8 Balance 2439.000000, Withdraw 500.000000 
User 0, Acc 9 Balance 38279.000000, Withdraw 500.000000 
User 4, Acc 3 Balance 951.000000, Transfer 29.000000 to Acc 7
User 0, Acc 0 Balance 1348.000000, Withdraw 500.000000 
User 6, Acc 9 Balance 38279.000000, Withdraw 163.000000 
User 0, Acc 0 Balance 848.000000, Deposit 907.000000 
User 1, Acc 4 Balance 627.000000, Withdraw 500.000000 
User 2, Acc 0 Balance 1348.000000, Withdraw 500.000000 
User 1, Acc 5 Balance 500.000000, Withdraw 500.000000 
User 2, Acc 1 Balance 1090.000000, Withdraw 500.000000 
User 2, Acc 2 Balance 941.000000, Withdraw 500.000000 
User 3, Acc 3 Balance 951.000000, Withdraw 500.000000 
User 0, Acc 1 Balance 1090.000000, Deposit 911.000000 
User 5, Acc 6 Balance 12248.000000, Withdraw 647.000000 
User 0, Acc 2 Balance 441.000000, Deposit 919.000000 
User 0, Acc 7 Balance 73815.000000, Transfer 31.000000 to Acc 6
User 1, Acc 6 Balance 11748.000000, Withdraw 500.000000 
User 6, Acc 0 Balance 848.000000, Deposit 907.000000 
User 1, Acc 7 Balance 73784.000000, Withdraw 500.000000 
[22;32mUser 2, Acc 3 Balance 295.000000, 				Withdraw 500.000000 --insufficient funds[0m
[22;32mUser 3, Acc 4 Balance 127.000000, 				Withdraw 500.000000 --insufficient funds[0m
[22;32mUser 2, Acc 4 Balance 127.000000, 				Withdraw 500.000000 --insufficient funds[0m
User 4, Acc 7 Balance 73815.000000, Transfer 31.000000 to Acc 6
User 5, Acc 6 Balance 11101.000000, Deposit 953.000000 
User 4, Acc 7 Balance 73253.000000, Transfer 37.000000 to Acc 5
User 4, Acc 7 Balance 73216.000000, Transfer 3.000000 to Acc 4
User 6, Acc 1 Balance 1501.000000, Deposit 911.000000 
User 4, Acc 7 Balance 73213.000000, Transfer 5.000000 to Acc 4
[22;32mUser 2, Acc 5 Balance 0.000000, 				Withdraw 500.000000 --insufficient funds[0m
User 4, Acc 3 Balance -205.000000, Deposit 929.000000 
User 2, Acc 6 Balance 11616.000000, Withdraw 500.000000 
User 2, Acc 7 Balance 73208.000000, Withdraw 500.000000 
User 5, Acc 7 Balance 73216.000000, Deposit 967.000000 
[22;32mUser 3, Acc 5 Balance 0.000000, 				Withdraw 500.000000 --insufficient funds[0m
User 6, Acc 2 Balance 1360.000000, Deposit 919.000000 
User 3, Acc 6 Balance 11116.000000, Withdraw 500.000000 
User 0, Acc 7 Balance 73784.000000, Transfer 37.000000 to Acc 5
User 3, Acc 7 Balance 73675.000000, Withdraw 500.000000 
User 3, Acc 8 Balance 1939.000000, Withdraw 500.000000 
User 5, Acc 1 Balance 2412.000000, Transfer 19.000000 to Acc 7
User 3, Acc 9 Balance 37116.000000, Withdraw 500.000000 
User 6, Acc 3 Balance 724.000000, Transfer 29.000000 to Acc 7
User 3, Acc 0 Balance 2162.000000, Withdraw 500.000000 
User 6, Acc 7 Balance 73186.000000, Transfer 31.000000 to Acc 6
User 3, Acc 0 Balance 1662.000000, Deposit 907.000000 
User 2, Acc 8 Balance 1939.000000, Withdraw 500.000000 
User 3, Acc 1 Balance 2393.000000, Deposit 911.000000 
User 1, Acc 8 Balance 1939.000000, Withdraw 500.000000 
User 3, Acc 2 Balance 2279.000000, Deposit 919.000000 
User 1, Acc 9 Balance 36616.000000, Withdraw 500.000000 
User 6, Acc 7 Balance 73155.000000, Transfer 37.000000 to Acc 5
User 5, Acc 2 Balance 2279.000000, Transfer 23.000000 to Acc 7
User 4, Acc 4 Balance 135.000000, Deposit 937.000000 
User 5, Acc 6 Balance 10647.000000, Transfer 67.000000 to Acc 5
User 2, Acc 9 Balance 36616.000000, Withdraw 500.000000 
User 0, Acc 7 Balance 73638.000000, Transfer 3.000000 to Acc 4
User 2, Acc 0 Balance 2569.000000, Withdraw 500.000000 
User 0, Acc 7 Balance 73138.000000, Transfer 5.000000 to Acc 4
User 3, Acc 3 Balance 695.000000, Transfer 29.000000 to Acc 7
User 6, Acc 7 Balance 73118.000000, Transfer 3.000000 to Acc 4
User 3, Acc 7 Balance 73162.000000, Transfer 31.000000 to Acc 6
User 1, Acc 0 Balance 2569.000000, Withdraw 500.000000 
User 3, Acc 7 Balance 73128.000000, Transfer 37.000000 to Acc 5
User 5, Acc 4 Balance 135.000000, Transfer 53.000000 to Acc 5
User 4, Acc 5 Balance 178.000000, Deposit 941.000000 
User 5, Acc 7 Balance 73091.000000, Withdraw 593.000000 
User 4, Acc 4 Balance 1030.000000, Withdraw 167.000000 
User 4, Acc 5 Balance 1209.000000, Withdraw 307.000000 
[22;32mUser 5, Acc 8 Balance 439.000000, 				Withdraw 449.000000 --insufficient funds[0m
User 4, Acc 1 Balance 3304.000000, Transfer 89.000000 to Acc 8
User 0, Acc 3 Balance 695.000000, Deposit 929.000000 
User 3, Acc 7 Balance 73091.000000, Transfer 3.000000 to Acc 4
User 0, Acc 4 Balance 863.000000, Deposit 937.000000 
User 3, Acc 7 Balance 72495.000000, Transfer 5.000000 to Acc 4
User 3, Acc 3 Balance 1595.000000, Deposit 929.000000 
User 0, Acc 5 Balance 902.000000, Deposit 941.000000 
User 4, Acc 1 Balance 3215.000000, Transfer 163.000000 to Acc 9
User 5, Acc 9 Balance 35616.000000, Withdraw 163.000000 
User 3, Acc 4 Balance 1808.000000, Deposit 937.000000 
User 6, Acc 7 Balance 73159.000000, Transfer 5.000000 to Acc 4
User 3, Acc 5 Balance 1843.000000, Deposit 941.000000 
User 3, Acc 4 Balance 2745.000000, Withdraw 167.000000 
User 4, Acc 1 Balance 3052.000000, Withdraw 41.000000 
User 3, Acc 5 Balance 2784.000000, Withdraw 307.000000 
User 4, Acc 2 Balance 3175.000000, Withdraw 71.000000 
User 0, Acc 4 Balance 1808.000000, Withdraw 167.000000 
User 0, Acc 5 Balance 2477.000000, Withdraw 307.000000 
User 0, Acc 1 Balance 3011.000000, Transfer 89.000000 to Acc 8
User 0, Acc 1 Balance 2922.000000, Transfer 163.000000 to Acc 9
User 0, Acc 1 Balance 2759.000000, Withdraw 41.000000 
User 4, Acc 3 Balance 2524.000000, Withdraw 127.000000 
User 0, Acc 2 Balance 3104.000000, Withdraw 71.000000 
User 0, Acc 3 Balance 2524.000000, Withdraw 127.000000 
User 6, Acc 3 Balance 2524.000000, Deposit 929.000000 
User 6, Acc 4 Balance 2416.000000, Deposit 937.000000 
User 4, Acc 6 Balance 10611.000000, Withdraw 647.000000 
User 0, Acc 6 Balance 10611.000000, Withdraw 647.000000 
User 3, Acc 1 Balance 3011.000000, Transfer 89.000000 to Acc 8
User 6, Acc 5 Balance 2170.000000, Deposit 941.000000 
User 3, Acc 1 Balance 2629.000000, Transfer 163.000000 to Acc 9
User 3, Acc 1 Balance 2466.000000, Withdraw 41.000000 
User 4, Acc 6 Balance 9964.000000, Deposit 953.000000 
User 6, Acc 4 Balance 3353.000000, Withdraw 167.000000 
User 4, Acc 7 Balance 72485.000000, Deposit 967.000000 
User 3, Acc 2 Balance 3033.000000, Withdraw 71.000000 
User 4, Acc 1 Balance 2425.000000, Transfer 19.000000 to Acc 7
User 3, Acc 3 Balance 3199.000000, Withdraw 127.000000 
User 4, Acc 2 Balance 2962.000000, Transfer 23.000000 to Acc 7
User 4, Acc 6 Balance 10270.000000, Transfer 67.000000 to Acc 5
User 4, Acc 4 Balance 3186.000000, Transfer 53.000000 to Acc 5
User 4, Acc 7 Balance 73494.000000, Withdraw 593.000000 
User 3, Acc 6 Balance 10270.000000, Withdraw 647.000000 
User 3, Acc 6 Balance 9556.000000, Deposit 953.000000 
User 3, Acc 7 Balance 72901.000000, Deposit 967.000000 
User 3, Acc 1 Balance 2406.000000, Transfer 19.000000 to Acc 7
User 3, Acc 2 Balance 2939.000000, Transfer 23.000000 to Acc 7
User 4, Acc 8 Balance 706.000000, Withdraw 449.000000 
User 4, Acc 9 Balance 35942.000000, Withdraw 163.000000 
User 0, Acc 6 Balance 9317.000000, Deposit 953.000000 
User 0, Acc 7 Balance 73910.000000, Deposit 967.000000 
User 0, Acc 1 Balance 2387.000000, Transfer 19.000000 to Acc 7
User 0, Acc 2 Balance 2916.000000, Transfer 23.000000 to Acc 7
User 0, Acc 6 Balance 11462.000000, Transfer 67.000000 to Acc 5
User 0, Acc 4 Balance 3133.000000, Transfer 53.000000 to Acc 5
User 0, Acc 7 Balance 74919.000000, Withdraw 593.000000 
[22;32mUser 0, Acc 8 Balance 257.000000, 				Withdraw 449.000000 --insufficient funds[0m
User 0, Acc 9 Balance 35779.000000, Withdraw 163.000000 
User 6, Acc 5 Balance 3111.000000, Withdraw 307.000000 
User 6, Acc 1 Balance 2368.000000, Transfer 89.000000 to Acc 8
User 6, Acc 1 Balance 2279.000000, Transfer 163.000000 to Acc 9
User 6, Acc 1 Balance 2116.000000, Withdraw 41.000000 
User 6, Acc 2 Balance 2893.000000, Withdraw 71.000000 
User 6, Acc 3 Balance 3072.000000, Withdraw 127.000000 
User 6, Acc 6 Balance 11395.000000, Withdraw 647.000000 
User 6, Acc 6 Balance 10748.000000, Deposit 953.000000 
User 6, Acc 7 Balance 74326.000000, Deposit 967.000000 
User 6, Acc 1 Balance 2075.000000, Transfer 19.000000 to Acc 7
User 6, Acc 2 Balance 2822.000000, Transfer 23.000000 to Acc 7
User 6, Acc 6 Balance 11701.000000, Transfer 67.000000 to Acc 5
User 6, Acc 4 Balance 3080.000000, Transfer 53.000000 to Acc 5
User 6, Acc 7 Balance 75335.000000, Withdraw 593.000000 
[22;32mUser 6, Acc 8 Balance 346.000000, 				Withdraw 449.000000 --insufficient funds[0m
User 6, Acc 9 Balance 35779.000000, Withdraw 163.000000 
User 3, Acc 6 Balance 10509.000000, Transfer 67.000000 to Acc 5
User 3, Acc 4 Balance 3027.000000, Transfer 53.000000 to Acc 5
User 3, Acc 7 Balance 74742.000000, Withdraw 593.000000 
[22;32mUser 3, Acc 8 Balance 346.000000, 				Withdraw 449.000000 --insufficient funds[0m
User 3, Acc 9 Balance 35616.000000, Withdraw 163.000000 
  ***     End of transaction batch    ***  
Account 0 balance after completion of transaction batch: 1569.000000
Account 1 balance after completion of transaction batch: 2056.000000
Account 2 balance after completion of transaction batch: 2799.000000
Account 3 balance after completion of transaction batch: 2945.000000
Account 4 balance after completion of transaction batch: 2974.000000
Account 5 balance after completion of transaction batch: 3284.000000
Account 6 balance after completion of transaction batch: 11567.000000
Account 7 balance after completion of transaction batch: 74149.000000
Account 8 balance after completion of transaction batch: 346.000000
Account 9 balance after completion of transaction batch: 35453.000000
