# Output generated by:
# ./my_executable 7 data/transactions9.txt data/transactions3.txt data/transactions8.txt data/transactions2.txt data/transactions10.txt data/transactions5.txt data/transactions1.txt

********************************************
   Reading and parsing a transaction file   
********************************************
Parsed transaction: deposit 9 617.000000 
Loaded deposit transaction
Parsed transaction: transfer 9 1 617.000000 
Loaded transfer transaction
Parsed transaction: deposit 8 619.000000 
Loaded deposit transaction
Parsed transaction: transfer 8 2 619.000000 
Loaded transfer transaction
Parsed transaction: deposit 7 631.000000 
Loaded deposit transaction
Parsed transaction: transfer 7 3 631.000000 
Loaded transfer transaction
Parsed transaction: deposit 6 641.000000 
Loaded deposit transaction
Parsed transaction: transfer 6 4 641.000000 
Loaded transfer transaction
Parsed transaction: deposit 5 643.000000 
Loaded deposit transaction
Parsed transaction: transfer 5 6 1200.000000 
Loaded transfer transaction
Parsed transaction: deposit 4 647.000000 
Loaded deposit transaction
Parsed transaction: transfer 4 7 1200.000000 
Loaded transfer transaction
Parsed transaction: deposit 3 653.000000 
Loaded deposit transaction
Parsed transaction: transfer 3 8 1200.000000 
Loaded transfer transaction
Parsed transaction: deposit 2 659.000000 
Loaded deposit transaction
Parsed transaction: transfer 2 9 1200.000000 
Loaded transfer transaction
Parsed transaction: deposit 1 661.000000 
Loaded deposit transaction
Parsed transaction: transfer 1 9 1200.000000 
Loaded transfer transaction
Parsed transaction: deposit 0 673.000000 
Loaded deposit transaction
Parsed transaction: transfer 0 9 1200.000000 
Loaded transfer transaction
Parsed transaction: withdraw 1 50.000000 
Loaded withdrawal transaction
Parsed transaction: withdraw 2 50.000000 
Loaded withdrawal transaction
Parsed transaction: withdraw 3 50.000000 
Loaded withdrawal transaction
Parsed transaction: withdraw 4 50.000000 
Loaded withdrawal transaction
Parsed transaction: withdraw 5 50.000000 
Loaded withdrawal transaction
Parsed transaction: withdraw 6 50.000000 
Loaded withdrawal transaction
Parsed transaction: withdraw 7 50.000000 
Loaded withdrawal transaction
Parsed transaction: withdraw 8 50.000000 
Loaded withdrawal transaction
Parsed transaction: withdraw 9 50.000000 
Loaded withdrawal transaction
Parsed transaction: withdraw 0 50.000000 
Loaded withdrawal transaction
********************************************
********************************************
   Reading and parsing a transaction file   
********************************************
Parsed transaction: deposit 0 400.000000 
Loaded deposit transaction
Parsed transaction: withdraw 0 200.000000 
Loaded withdrawal transaction
Parsed transaction: deposit 1 100.000000 
Loaded deposit transaction
Parsed transaction: deposit 2 900.000000 
Loaded deposit transaction
Parsed transaction: withdraw 1 50.000000 
Loaded withdrawal transaction
Parsed transaction: withdraw 2 150.000000 
Loaded withdrawal transaction
Parsed transaction: deposit 3 500.000000 
Loaded deposit transaction
Parsed transaction: transfer 2 1 300.000000 
Loaded transfer transaction
Parsed transaction: transfer 3 1 300.000000 
Loaded transfer transaction
Parsed transaction: deposit 0 400.000000 
Loaded deposit transaction
Parsed transaction: withdraw 3 200.000000 
Loaded withdrawal transaction
Parsed transaction: balance 1 
Loaded balance transaction
********************************************
********************************************
   Reading and parsing a transaction file   
********************************************
Parsed transaction: deposit 9 617.000000 
Loaded deposit transaction
Parsed transaction: transfer 9 1 617.000000 
Loaded transfer transaction
Parsed transaction: deposit 8 619.000000 
Loaded deposit transaction
Parsed transaction: transfer 8 2 619.000000 
Loaded transfer transaction
Parsed transaction: deposit 7 631.000000 
Loaded deposit transaction
Parsed transaction: transfer 7 3 631.000000 
Loaded transfer transaction
Parsed transaction: deposit 6 641.000000 
Loaded deposit transaction
Parsed transaction: transfer 6 4 641.000000 
Loaded transfer transaction
Parsed transaction: deposit 5 643.000000 
Loaded deposit transaction
Parsed transaction: transfer 5 6 1200.000000 
Loaded transfer transaction
Parsed transaction: deposit 4 647.000000 
Loaded deposit transaction
Parsed transaction: transfer 4 7 1200.000000 
Loaded transfer transaction
Parsed transaction: deposit 3 653.000000 
Loaded deposit transaction
Parsed transaction: transfer 3 8 1200.000000 
Loaded transfer transaction
Parsed transaction: deposit 2 659.000000 
Loaded deposit transaction
Parsed transaction: transfer 2 9 1200.000000 
Loaded transfer transaction
Parsed transaction: deposit 1 661.000000 
Loaded deposit transaction
Parsed transaction: transfer 1 9 1200.000000 
Loaded transfer transaction
Parsed transaction: deposit 0 673.000000 
Loaded deposit transaction
Parsed transaction: transfer 0 9 1200.000000 
Loaded transfer transaction
********************************************
********************************************
   Reading and parsing a transaction file   
********************************************
Parsed transaction: deposit 0 400.000000 
Loaded deposit transaction
Parsed transaction: withdraw 0 200.000000 
Loaded withdrawal transaction
Parsed transaction: deposit 0 100.000000 
Loaded deposit transaction
Parsed transaction: withdraw 0 50.000000 
Loaded withdrawal transaction
Parsed transaction: withdraw 0 150.000000 
Loaded withdrawal transaction
Parsed transaction: deposit 0 300.000000 
Loaded deposit transaction
Parsed transaction: transfer 0 1 300.000000 
Loaded transfer transaction
Parsed transaction: balance 1 
Loaded balance transaction
********************************************
********************************************
   Reading and parsing a transaction file   
********************************************
Parsed transaction: withdraw 1 500.000000 
Loaded withdrawal transaction
Parsed transaction: withdraw 2 500.000000 
Loaded withdrawal transaction
Parsed transaction: withdraw 3 500.000000 
Loaded withdrawal transaction
Parsed transaction: withdraw 4 500.000000 
Loaded withdrawal transaction
Parsed transaction: withdraw 5 500.000000 
Loaded withdrawal transaction
Parsed transaction: withdraw 6 500.000000 
Loaded withdrawal transaction
Parsed transaction: withdraw 7 500.000000 
Loaded withdrawal transaction
Parsed transaction: withdraw 8 500.000000 
Loaded withdrawal transaction
Parsed transaction: withdraw 9 500.000000 
Loaded withdrawal transaction
Parsed transaction: withdraw 0 500.000000 
Loaded withdrawal transaction
Parsed transaction: withdraw 1 500.000000 
Loaded withdrawal transaction
Parsed transaction: withdraw 2 500.000000 
Loaded withdrawal transaction
Parsed transaction: withdraw 3 500.000000 
Loaded withdrawal transaction
Parsed transaction: withdraw 4 500.000000 
Loaded withdrawal transaction
Parsed transaction: withdraw 5 500.000000 
Loaded withdrawal transaction
Parsed transaction: withdraw 6 500.000000 
Loaded withdrawal transaction
Parsed transaction: withdraw 7 500.000000 
Loaded withdrawal transaction
Parsed transaction: withdraw 8 500.000000 
Loaded withdrawal transaction
Parsed transaction: withdraw 9 500.000000 
Loaded withdrawal transaction
Parsed transaction: withdraw 0 500.000000 
Loaded withdrawal transaction
Parsed transaction: withdraw 1 500.000000 
Loaded withdrawal transaction
Parsed transaction: withdraw 2 500.000000 
Loaded withdrawal transaction
Parsed transaction: withdraw 3 500.000000 
Loaded withdrawal transaction
Parsed transaction: withdraw 4 500.000000 
Loaded withdrawal transaction
Parsed transaction: withdraw 5 500.000000 
Loaded withdrawal transaction
Parsed transaction: withdraw 6 500.000000 
Loaded withdrawal transaction
Parsed transaction: withdraw 7 500.000000 
Loaded withdrawal transaction
Parsed transaction: withdraw 8 500.000000 
Loaded withdrawal transaction
Parsed transaction: withdraw 9 500.000000 
Loaded withdrawal transaction
Parsed transaction: withdraw 0 500.000000 
Loaded withdrawal transaction
********************************************
********************************************
   Reading and parsing a transaction file   
********************************************
Parsed transaction: deposit 0 907.000000 
Loaded deposit transaction
Parsed transaction: deposit 1 911.000000 
Loaded deposit transaction
Parsed transaction: deposit 2 919.000000 
Loaded deposit transaction
Parsed transaction: transfer 3 7 29.000000 
Loaded transfer transaction
Parsed transaction: transfer 7 6 31.000000 
Loaded transfer transaction
Parsed transaction: transfer 7 5 37.000000 
Loaded transfer transaction
Parsed transaction: transfer 7 4 3.000000 
Loaded transfer transaction
Parsed transaction: transfer 7 4 5.000000 
Loaded transfer transaction
Parsed transaction: deposit 3 929.000000 
Loaded deposit transaction
Parsed transaction: deposit 4 937.000000 
Loaded deposit transaction
Parsed transaction: deposit 5 941.000000 
Loaded deposit transaction
Parsed transaction: withdraw 4 167.000000 
Loaded withdrawal transaction
Parsed transaction: withdraw 5 307.000000 
Loaded withdrawal transaction
Parsed transaction: transfer 1 8 89.000000 
Loaded transfer transaction
Parsed transaction: transfer 1 9 163.000000 
Loaded transfer transaction
Parsed transaction: withdraw 1 41.000000 
Loaded withdrawal transaction
Parsed transaction: withdraw 2 71.000000 
Loaded withdrawal transaction
Parsed transaction: withdraw 3 127.000000 
Loaded withdrawal transaction
Parsed transaction: withdraw 6 647.000000 
Loaded withdrawal transaction
Parsed transaction: deposit 6 953.000000 
Loaded deposit transaction
Parsed transaction: deposit 7 967.000000 
Loaded deposit transaction
Parsed transaction: transfer 1 7 19.000000 
Loaded transfer transaction
Parsed transaction: transfer 2 7 23.000000 
Loaded transfer transaction
Parsed transaction: transfer 6 5 67.000000 
Loaded transfer transaction
Parsed transaction: transfer 4 5 53.000000 
Loaded transfer transaction
Parsed transaction: withdraw 7 593.000000 
Loaded withdrawal transaction
Parsed transaction: withdraw 8 449.000000 
Loaded withdrawal transaction
Parsed transaction: withdraw 9 163.000000 
Loaded withdrawal transaction
********************************************
********************************************
   Reading and parsing a transaction file   
********************************************
Parsed transaction: deposit 0 100.000000 
Loaded deposit transaction
Parsed transaction: deposit 0 200.000000 
Loaded deposit transaction
Parsed transaction: deposit 0 300.000000 
Loaded deposit transaction
Parsed transaction: withdraw 0 200.000000 
Loaded withdrawal transaction
Parsed transaction: withdraw 0 100.000000 
Loaded withdrawal transaction
Parsed transaction: withdraw 0 50.000000 
Loaded withdrawal transaction
Parsed transaction: transfer 1 0 200.000000 
Loaded transfer transaction
Parsed transaction: balance 0 
Loaded balance transaction
********************************************
  ***    Start of transaction batch    ***  
User 0, Acc 9 Balance 0.000000, Deposit 617.000000 
User 0, Acc 9 Balance 617.000000, Transfer 617.000000 to Acc 1
User 0, Acc 8 Balance 0.000000, Deposit 619.000000 
User 0, Acc 8 Balance 619.000000, Transfer 619.000000 to Acc 2
User 0, Acc 7 Balance 0.000000, Deposit 631.000000 
User 0, Acc 7 Balance 631.000000, Transfer 631.000000 to Acc 3
User 0, Acc 6 Balance 0.000000, Deposit 641.000000 
User 0, Acc 6 Balance 641.000000, Transfer 641.000000 to Acc 4
User 0, Acc 5 Balance 0.000000, Deposit 643.000000 
User 0, Acc 4 Balance 641.000000, Deposit 647.000000 
User 0, Acc 4 Balance 1288.000000, Transfer 1200.000000 to Acc 7
User 0, Acc 3 Balance 631.000000, Deposit 653.000000 
User 0, Acc 3 Balance 1284.000000, Transfer 1200.000000 to Acc 8
User 0, Acc 2 Balance 619.000000, Deposit 659.000000 
User 0, Acc 2 Balance 1278.000000, Transfer 1200.000000 to Acc 9
User 0, Acc 1 Balance 617.000000, Deposit 661.000000 
User 0, Acc 1 Balance 1278.000000, Transfer 1200.000000 to Acc 9
User 0, Acc 0 Balance 0.000000, Deposit 673.000000 
User 0, Acc 1 Balance 78.000000, Withdraw 50.000000 
User 0, Acc 2 Balance 78.000000, Withdraw 50.000000 
User 0, Acc 3 Balance 84.000000, Withdraw 50.000000 
User 0, Acc 4 Balance 88.000000, Withdraw 50.000000 
User 0, Acc 5 Balance 643.000000, Withdraw 50.000000 
[22;32mUser 0, Acc 6 Balance 0.000000, 				Withdraw 50.000000 --insufficient funds[0m
User 0, Acc 7 Balance 1200.000000, Withdraw 50.000000 
User 0, Acc 8 Balance 1200.000000, Withdraw 50.000000 
User 0, Acc 9 Balance 2400.000000, Withdraw 50.000000 
User 0, Acc 0 Balance 673.000000, Withdraw 50.000000 
User 0, Acc 0 Balance 623.000000, Deposit 400.000000 
User 0, Acc 0 Balance 1023.000000, Withdraw 200.000000 
User 0, Acc 1 Balance 28.000000, Deposit 100.000000 
User 3, Acc 0 Balance 823.000000, Deposit 907.000000 
User 1, Acc 0 Balance 823.000000, Deposit 400.000000 
User 1, Acc 0 Balance 2130.000000, Withdraw 200.000000 
User 1, Acc 0 Balance 1930.000000, Deposit 100.000000 
User 1, Acc 0 Balance 2030.000000, Withdraw 50.000000 
User 1, Acc 0 Balance 1980.000000, Withdraw 150.000000 
User 6, Acc 0 Balance 823.000000, Deposit 100.000000 
User 2, Acc 9 Balance 2350.000000, Deposit 617.000000 
User 6, Acc 0 Balance 1930.000000, Deposit 200.000000 
User 0, Acc 2 Balance 28.000000, Deposit 900.000000 
User 6, Acc 0 Balance 2130.000000, Deposit 300.000000 
User 6, Acc 0 Balance 2430.000000, Withdraw 200.000000 
[22;32mUser 5, Acc 1 Balance 28.000000, 				Withdraw 500.000000 --insufficient funds[0m
User 6, Acc 0 Balance 2230.000000, Withdraw 100.000000 
User 6, Acc 0 Balance 2130.000000, Withdraw 50.000000 
User 1, Acc 0 Balance 1830.000000, Deposit 300.000000 
Balance in 0: 2080.000000
User 1, Acc 0 Balance 2380.000000, Transfer 300.000000 to Acc 1
User 0, Acc 1 Balance 128.000000, Withdraw 50.000000 
User 5, Acc 2 Balance 928.000000, Withdraw 500.000000 
User 0, Acc 2 Balance 928.000000, Withdraw 150.000000 
[22;32mUser 5, Acc 3 Balance 34.000000, 				Withdraw 500.000000 --insufficient funds[0m
User 3, Acc 1 Balance 128.000000, Deposit 911.000000 
Balance in 1: 428.000000
User 1, Acc 9 Balance 2967.000000, Deposit 617.000000 
User 4, Acc 9 Balance 2350.000000, Deposit 617.000000 
User 4, Acc 9 Balance 4201.000000, Transfer 617.000000 to Acc 1
User 2, Acc 9 Balance 2967.000000, Transfer 617.000000 to Acc 1
User 2, Acc 8 Balance 1150.000000, Deposit 619.000000 
User 1, Acc 9 Balance 3584.000000, Transfer 617.000000 to Acc 1
User 1, Acc 8 Balance 1769.000000, Deposit 619.000000 
User 1, Acc 8 Balance 2388.000000, Transfer 619.000000 to Acc 2
User 1, Acc 7 Balance 1150.000000, Deposit 631.000000 
User 1, Acc 7 Balance 1781.000000, Transfer 631.000000 to Acc 3
User 1, Acc 6 Balance 0.000000, Deposit 641.000000 
User 1, Acc 6 Balance 641.000000, Transfer 641.000000 to Acc 4
User 1, Acc 5 Balance 593.000000, Deposit 643.000000 
User 1, Acc 5 Balance 1236.000000, Transfer 1200.000000 to Acc 6
User 1, Acc 4 Balance 679.000000, Deposit 647.000000 
User 1, Acc 4 Balance 1326.000000, Transfer 1200.000000 to Acc 7
User 1, Acc 3 Balance 665.000000, Deposit 653.000000 
User 1, Acc 3 Balance 1318.000000, Transfer 1200.000000 to Acc 8
User 1, Acc 2 Balance 897.000000, Deposit 659.000000 
User 1, Acc 2 Balance 1556.000000, Transfer 1200.000000 to Acc 9
User 1, Acc 1 Balance 3140.000000, Deposit 661.000000 
User 1, Acc 1 Balance 3801.000000, Transfer 1200.000000 to Acc 9
User 1, Acc 0 Balance 2080.000000, Deposit 673.000000 
User 1, Acc 0 Balance 2753.000000, Transfer 1200.000000 to Acc 9
User 1, Acc 1 Balance 2601.000000, Withdraw 50.000000 
User 1, Acc 2 Balance 356.000000, Withdraw 50.000000 
User 1, Acc 3 Balance 118.000000, Withdraw 50.000000 
User 1, Acc 4 Balance 126.000000, Withdraw 50.000000 
[22;32mUser 1, Acc 5 Balance 36.000000, 				Withdraw 50.000000 --insufficient funds[0m
User 1, Acc 6 Balance 1200.000000, Withdraw 50.000000 
User 1, Acc 7 Balance 2350.000000, Withdraw 50.000000 
User 1, Acc 8 Balance 2969.000000, Withdraw 50.000000 
User 1, Acc 9 Balance 5950.000000, Withdraw 50.000000 
User 1, Acc 0 Balance 1553.000000, Withdraw 50.000000 
User 1, Acc 0 Balance 1503.000000, Deposit 400.000000 
User 1, Acc 0 Balance 1903.000000, Withdraw 200.000000 
User 1, Acc 1 Balance 2551.000000, Deposit 100.000000 
User 1, Acc 2 Balance 306.000000, Deposit 900.000000 
User 1, Acc 1 Balance 2651.000000, Withdraw 50.000000 
User 1, Acc 2 Balance 1206.000000, Withdraw 150.000000 
User 1, Acc 3 Balance 68.000000, Deposit 500.000000 
User 1, Acc 2 Balance 1056.000000, Transfer 300.000000 to Acc 1
[22;32mUser 5, Acc 4 Balance 38.000000, 				Withdraw 500.000000 --insufficient funds[0m
[22;32mUser 5, Acc 5 Balance 36.000000, 				Withdraw 500.000000 --insufficient funds[0m
User 3, Acc 2 Balance 278.000000, Deposit 919.000000 
User 3, Acc 3 Balance 568.000000, Transfer 29.000000 to Acc 7
User 3, Acc 7 Balance 2329.000000, Transfer 31.000000 to Acc 6
User 3, Acc 7 Balance 2298.000000, Transfer 37.000000 to Acc 5
User 3, Acc 7 Balance 2261.000000, Transfer 3.000000 to Acc 4
User 3, Acc 7 Balance 2258.000000, Transfer 5.000000 to Acc 4
User 3, Acc 3 Balance 539.000000, Deposit 929.000000 
User 3, Acc 4 Balance 84.000000, Deposit 937.000000 
User 3, Acc 5 Balance 73.000000, Deposit 941.000000 
User 3, Acc 4 Balance 1021.000000, Withdraw 167.000000 
User 3, Acc 5 Balance 1014.000000, Withdraw 307.000000 
User 3, Acc 1 Balance 2901.000000, Transfer 89.000000 to Acc 8
User 3, Acc 1 Balance 2812.000000, Transfer 163.000000 to Acc 9
User 3, Acc 1 Balance 2649.000000, Withdraw 41.000000 
User 6, Acc 9 Balance 2967.000000, Deposit 617.000000 
User 6, Acc 9 Balance 6680.000000, Transfer 617.000000 to Acc 1
User 0, Acc 3 Balance 34.000000, Deposit 500.000000 
User 0, Acc 2 Balance 1675.000000, Transfer 300.000000 to Acc 1
User 0, Acc 3 Balance 1968.000000, Transfer 300.000000 to Acc 1
User 2, Acc 8 Balance 1769.000000, Transfer 619.000000 to Acc 2
User 1, Acc 3 Balance 568.000000, Transfer 300.000000 to Acc 1
User 5, Acc 6 Balance 1150.000000, Withdraw 500.000000 
User 1, Acc 0 Balance 1703.000000, Deposit 400.000000 
User 5, Acc 7 Balance 2253.000000, Withdraw 500.000000 
User 6, Acc 8 Balance 3008.000000, Deposit 619.000000 
User 5, Acc 8 Balance 2389.000000, Withdraw 500.000000 
User 6, Acc 8 Balance 3008.000000, Transfer 619.000000 to Acc 2
User 3, Acc 2 Balance 1675.000000, Withdraw 71.000000 
User 6, Acc 7 Balance 1753.000000, Deposit 631.000000 
User 0, Acc 0 Balance 1703.000000, Deposit 400.000000 
User 6, Acc 7 Balance 2384.000000, Transfer 631.000000 to Acc 3
User 5, Acc 9 Balance 6063.000000, Withdraw 500.000000 
User 6, Acc 6 Balance 681.000000, Deposit 641.000000 
User 1, Acc 3 Balance 1368.000000, Withdraw 200.000000 
User 6, Acc 6 Balance 1322.000000, Transfer 641.000000 to Acc 4
Balance in 1: 4125.000000
User 0, Acc 3 Balance 1368.000000, Withdraw 200.000000 
User 1, Acc 9 Balance 5563.000000, Deposit 617.000000 
User 1, Acc 9 Balance 6180.000000, Transfer 617.000000 to Acc 1
User 5, Acc 0 Balance 2503.000000, Withdraw 500.000000 
User 1, Acc 8 Balance 1889.000000, Deposit 619.000000 
User 5, Acc 1 Balance 4742.000000, Withdraw 500.000000 
User 1, Acc 8 Balance 2508.000000, Transfer 619.000000 to Acc 2
User 1, Acc 7 Balance 1753.000000, Deposit 631.000000 
Balance in 1: 4125.000000
User 1, Acc 7 Balance 2384.000000, Transfer 631.000000 to Acc 3
User 1, Acc 6 Balance 681.000000, Deposit 641.000000 
User 4, Acc 8 Balance 1150.000000, Deposit 619.000000 
User 6, Acc 5 Balance 707.000000, Deposit 643.000000 
User 4, Acc 8 Balance 2508.000000, Transfer 619.000000 to Acc 2
User 4, Acc 7 Balance 1753.000000, Deposit 631.000000 
User 6, Acc 5 Balance 1350.000000, Transfer 1200.000000 to Acc 6
User 3, Acc 3 Balance 1368.000000, Withdraw 127.000000 
User 0, Acc 9 Balance 5563.000000, Deposit 617.000000 
User 1, Acc 6 Balance 1322.000000, Transfer 641.000000 to Acc 4
User 0, Acc 9 Balance 6180.000000, Transfer 617.000000 to Acc 1
User 5, Acc 2 Balance 3161.000000, Withdraw 500.000000 
User 4, Acc 7 Balance 2384.000000, Transfer 631.000000 to Acc 3
User 5, Acc 3 Balance 2103.000000, Withdraw 500.000000 
User 6, Acc 4 Balance 1495.000000, Deposit 647.000000 
User 3, Acc 6 Balance 2522.000000, Withdraw 647.000000 
User 6, Acc 4 Balance 2783.000000, Transfer 1200.000000 to Acc 7
User 3, Acc 6 Balance 1234.000000, Deposit 953.000000 
User 3, Acc 7 Balance 1753.000000, Deposit 967.000000 
User 0, Acc 8 Balance 1889.000000, Deposit 619.000000 
User 0, Acc 8 Balance 2508.000000, Transfer 619.000000 to Acc 2
User 4, Acc 6 Balance 1881.000000, Deposit 641.000000 
User 1, Acc 5 Balance 150.000000, Deposit 643.000000 
User 4, Acc 6 Balance 2828.000000, Transfer 641.000000 to Acc 4
User 1, Acc 4 Balance 1583.000000, Deposit 647.000000 
User 1, Acc 4 Balance 2230.000000, Transfer 1200.000000 to Acc 7
User 3, Acc 1 Balance 4859.000000, Transfer 19.000000 to Acc 7
User 5, Acc 4 Balance 2136.000000, Withdraw 500.000000 
User 0, Acc 7 Balance 3920.000000, Deposit 631.000000 
User 2, Acc 7 Balance 2253.000000, Deposit 631.000000 
User 0, Acc 7 Balance 5770.000000, Transfer 631.000000 to Acc 3
User 4, Acc 5 Balance 793.000000, Deposit 643.000000 
User 6, Acc 3 Balance 2234.000000, Deposit 653.000000 
User 1, Acc 3 Balance 2234.000000, Deposit 653.000000 
User 6, Acc 3 Balance 3518.000000, Transfer 1200.000000 to Acc 8
User 6, Acc 2 Balance 3899.000000, Deposit 659.000000 
User 1, Acc 3 Balance 2971.000000, Transfer 1200.000000 to Acc 8
User 0, Acc 6 Balance 2187.000000, Deposit 641.000000 
User 1, Acc 2 Balance 4558.000000, Deposit 659.000000 
User 2, Acc 7 Balance 5770.000000, Transfer 631.000000 to Acc 3
User 3, Acc 2 Balance 3899.000000, Transfer 23.000000 to Acc 7
User 5, Acc 5 Balance 793.000000, Withdraw 500.000000 
User 3, Acc 6 Balance 2828.000000, Transfer 67.000000 to Acc 5
User 5, Acc 6 Balance 2828.000000, Withdraw 500.000000 
User 0, Acc 6 Balance 2828.000000, Transfer 641.000000 to Acc 4
User 1, Acc 2 Balance 5217.000000, Transfer 1200.000000 to Acc 9
User 0, Acc 5 Balance 1003.000000, Deposit 643.000000 
User 1, Acc 1 Balance 4840.000000, Deposit 661.000000 
User 0, Acc 5 Balance 1646.000000, Transfer 1200.000000 to Acc 6
User 5, Acc 7 Balance 5162.000000, Withdraw 500.000000 
User 4, Acc 5 Balance 1436.000000, Transfer 1200.000000 to Acc 6
User 5, Acc 8 Balance 4289.000000, Withdraw 500.000000 
User 2, Acc 6 Balance 2828.000000, Deposit 641.000000 
User 6, Acc 2 Balance 4558.000000, Transfer 1200.000000 to Acc 9
User 2, Acc 6 Balance 4661.000000, Transfer 641.000000 to Acc 4
User 6, Acc 1 Balance 5501.000000, Deposit 661.000000 
User 2, Acc 5 Balance -754.000000, Deposit 643.000000 
User 2, Acc 4 Balance 2453.000000, Deposit 647.000000 
User 5, Acc 9 Balance 6763.000000, Withdraw 500.000000 
User 2, Acc 4 Balance 3100.000000, Transfer 1200.000000 to Acc 7
User 1, Acc 1 Balance 5501.000000, Transfer 1200.000000 to Acc 9
User 3, Acc 4 Balance 1171.000000, Transfer 53.000000 to Acc 5
User 1, Acc 0 Balance 2003.000000, Deposit 673.000000 
User 1, Acc 0 Balance 2676.000000, Transfer 1200.000000 to Acc 9
User 0, Acc 4 Balance 1812.000000, Deposit 647.000000 
User 5, Acc 0 Balance 2003.000000, Withdraw 500.000000 
User 4, Acc 4 Balance 1812.000000, Deposit 647.000000 
User 5, Acc 1 Balance 4962.000000, Withdraw 500.000000 
User 4, Acc 4 Balance 3141.000000, Transfer 1200.000000 to Acc 7
User 3, Acc 7 Balance 5862.000000, Withdraw 593.000000 
User 4, Acc 3 Balance 2402.000000, Deposit 653.000000 
User 4, Acc 3 Balance 3055.000000, Transfer 1200.000000 to Acc 8
User 0, Acc 4 Balance 2494.000000, Transfer 1200.000000 to Acc 7
User 2, Acc 3 Balance 2402.000000, Deposit 653.000000 
User 2, Acc 3 Balance 2508.000000, Transfer 1200.000000 to Acc 8
User 2, Acc 2 Balance 2794.000000, Deposit 659.000000 
User 2, Acc 2 Balance 3453.000000, Transfer 1200.000000 to Acc 9
User 2, Acc 1 Balance 4462.000000, Deposit 661.000000 
User 2, Acc 1 Balance 5123.000000, Transfer 1200.000000 to Acc 9
User 2, Acc 0 Balance 976.000000, Deposit 673.000000 
User 4, Acc 2 Balance 2794.000000, Deposit 659.000000 
User 4, Acc 2 Balance 2912.000000, Transfer 1200.000000 to Acc 9
User 4, Acc 1 Balance 3923.000000, Deposit 661.000000 
User 4, Acc 1 Balance 4584.000000, Transfer 1200.000000 to Acc 9
User 4, Acc 0 Balance 1649.000000, Deposit 673.000000 
User 4, Acc 0 Balance 2322.000000, Transfer 1200.000000 to Acc 9
User 4, Acc 0 Balance 1122.000000, Deposit 400.000000 
User 4, Acc 0 Balance 1522.000000, Withdraw 200.000000 
User 4, Acc 1 Balance 3384.000000, Deposit 100.000000 
User 4, Acc 2 Balance 1712.000000, Deposit 900.000000 
User 4, Acc 1 Balance 3484.000000, Withdraw 50.000000 
User 4, Acc 2 Balance 2612.000000, Withdraw 150.000000 
User 4, Acc 3 Balance 1308.000000, Deposit 500.000000 
User 4, Acc 2 Balance 2462.000000, Transfer 300.000000 to Acc 1
User 4, Acc 3 Balance 1808.000000, Transfer 300.000000 to Acc 1
User 4, Acc 0 Balance 1322.000000, Deposit 400.000000 
User 4, Acc 3 Balance 1508.000000, Withdraw 200.000000 
Balance in 1: 4034.000000
User 2, Acc 0 Balance 1649.000000, Transfer 1200.000000 to Acc 9
User 4, Acc 0 Balance 1722.000000, Deposit 400.000000 
User 5, Acc 2 Balance 2794.000000, Withdraw 500.000000 
User 4, Acc 0 Balance 922.000000, Withdraw 200.000000 
User 1, Acc 1 Balance 4962.000000, Withdraw 50.000000 
User 6, Acc 1 Balance 6162.000000, Transfer 1200.000000 to Acc 9
User 1, Acc 2 Balance 1662.000000, Withdraw 50.000000 
User 0, Acc 3 Balance 1855.000000, Deposit 653.000000 
User 2, Acc 1 Balance 4034.000000, Withdraw 50.000000 
User 0, Acc 3 Balance 1961.000000, Transfer 1200.000000 to Acc 8
User 2, Acc 2 Balance 1612.000000, Withdraw 50.000000 
User 0, Acc 2 Balance 1612.000000, Deposit 659.000000 
User 6, Acc 0 Balance 722.000000, Deposit 673.000000 
User 5, Acc 3 Balance 1308.000000, Withdraw 500.000000 
User 6, Acc 0 Balance 1395.000000, Transfer 1200.000000 to Acc 9
User 4, Acc 1 Balance 4034.000000, Deposit 100.000000 
User 2, Acc 3 Balance 761.000000, Withdraw 50.000000 
User 4, Acc 2 Balance 2221.000000, Deposit 900.000000 
User 1, Acc 3 Balance 1308.000000, Withdraw 50.000000 
User 4, Acc 1 Balance 2834.000000, Withdraw 50.000000 
User 4, Acc 2 Balance 3121.000000, Withdraw 150.000000 
User 4, Acc 3 Balance 161.000000, Deposit 500.000000 
User 3, Acc 8 Balance 3789.000000, Withdraw 449.000000 
User 4, Acc 2 Balance 2971.000000, Transfer 300.000000 to Acc 1
User 3, Acc 9 Balance 19463.000000, Withdraw 163.000000 
User 1, Acc 4 Balance 741.000000, Withdraw 50.000000 
User 3, Acc 9 Balance 19300.000000, Deposit 617.000000 
User 5, Acc 4 Balance 741.000000, Withdraw 500.000000 
User 2, Acc 4 Balance 741.000000, Withdraw 50.000000 
User 4, Acc 3 Balance 661.000000, Transfer 300.000000 to Acc 1
User 0, Acc 2 Balance 2221.000000, Transfer 1200.000000 to Acc 9
[22;32mUser 1, Acc 5 Balance -58.000000, 				Withdraw 50.000000 --insufficient funds[0m
User 0, Acc 1 Balance 3384.000000, Deposit 661.000000 
User 0, Acc 1 Balance 4045.000000, Transfer 1200.000000 to Acc 9
User 3, Acc 9 Balance 19917.000000, Transfer 617.000000 to Acc 1
[22;32mUser 5, Acc 5 Balance -58.000000, 				Withdraw 500.000000 --insufficient funds[0m
User 3, Acc 8 Balance 6940.000000, Deposit 619.000000 
User 5, Acc 6 Balance 4020.000000, Withdraw 500.000000 
User 4, Acc 0 Balance 195.000000, Deposit 400.000000 
User 5, Acc 7 Balance 7669.000000, Withdraw 500.000000 
User 4, Acc 3 Balance 361.000000, Withdraw 200.000000 
User 5, Acc 8 Balance 7559.000000, Withdraw 500.000000 
[22;32mUser 2, Acc 5 Balance -58.000000, 				Withdraw 50.000000 --insufficient funds[0m
User 5, Acc 9 Balance 21700.000000, Withdraw 500.000000 
User 6, Acc 1 Balance 2734.000000, Withdraw 50.000000 
User 0, Acc 0 Balance 195.000000, Deposit 673.000000 
User 6, Acc 2 Balance 1471.000000, Withdraw 50.000000 
User 0, Acc 0 Balance 1268.000000, Transfer 1200.000000 to Acc 9
User 1, Acc 6 Balance 4020.000000, Withdraw 50.000000 
User 0, Acc 0 Balance 68.000000, Deposit 400.000000 
User 5, Acc 0 Balance 595.000000, Withdraw 500.000000 
Balance in 1: 3462.000000
User 5, Acc 0 Balance -32.000000, Deposit 400.000000 
User 3, Acc 8 Balance 7559.000000, Transfer 619.000000 to Acc 2
User 5, Acc 0 Balance 368.000000, Withdraw 200.000000 
User 2, Acc 6 Balance 3520.000000, Withdraw 50.000000 
User 5, Acc 1 Balance 3412.000000, Deposit 100.000000 
User 2, Acc 7 Balance 7169.000000, Withdraw 50.000000 
User 5, Acc 2 Balance 2040.000000, Deposit 900.000000 
User 4, Acc 9 Balance 22400.000000, Deposit 617.000000 
User 5, Acc 1 Balance 3512.000000, Withdraw 50.000000 
User 4, Acc 9 Balance 23017.000000, Transfer 617.000000 to Acc 1
User 0, Acc 0 Balance 468.000000, Withdraw 200.000000 
User 0, Acc 0 Balance -32.000000, Deposit 100.000000 
User 0, Acc 0 Balance 68.000000, Withdraw 50.000000 
[22;32mUser 0, Acc 0 Balance 18.000000, 				Withdraw 150.000000 --insufficient funds[0m
User 3, Acc 7 Balance 7169.000000, Deposit 631.000000 
User 0, Acc 0 Balance 18.000000, Deposit 300.000000 
User 3, Acc 7 Balance 7750.000000, Transfer 631.000000 to Acc 3
User 0, Acc 0 Balance 318.000000, Transfer 300.000000 to Acc 1
User 3, Acc 6 Balance 3420.000000, Deposit 641.000000 
Balance in 1: 4379.000000
User 1, Acc 7 Balance 7169.000000, Withdraw 50.000000 
User 0, Acc 9 Balance 22400.000000, Deposit 617.000000 
User 1, Acc 8 Balance 6440.000000, Withdraw 50.000000 
User 0, Acc 9 Balance 23017.000000, Transfer 617.000000 to Acc 1
User 1, Acc 9 Balance 23017.000000, Withdraw 50.000000 
User 3, Acc 6 Balance 4061.000000, Transfer 641.000000 to Acc 4
User 5, Acc 2 Balance 2940.000000, Withdraw 150.000000 
User 3, Acc 5 Balance -58.000000, Deposit 643.000000 
User 6, Acc 3 Balance 161.000000, Withdraw 50.000000 
User 2, Acc 8 Balance 6440.000000, Withdraw 50.000000 
User 6, Acc 4 Balance 782.000000, Withdraw 50.000000 
User 2, Acc 9 Balance 22350.000000, Withdraw 50.000000 
User 6, Acc 5 Balance 585.000000, Withdraw 50.000000 
User 5, Acc 3 Balance 792.000000, Deposit 500.000000 
User 3, Acc 4 Balance 782.000000, Deposit 647.000000 
[22;32mUser 1, Acc 0 Balance 18.000000, 				Withdraw 50.000000 --insufficient funds[0m
User 3, Acc 4 Balance 1379.000000, Transfer 1200.000000 to Acc 7
User 1, Acc 9 Balance 22300.000000, Deposit 617.000000 
User 3, Acc 3 Balance 1242.000000, Deposit 653.000000 
User 3, Acc 3 Balance 1895.000000, Transfer 1200.000000 to Acc 8
User 5, Acc 2 Balance 2790.000000, Transfer 300.000000 to Acc 1
User 0, Acc 8 Balance 6390.000000, Deposit 619.000000 
User 4, Acc 8 Balance 6440.000000, Deposit 619.000000 
User 0, Acc 8 Balance 8159.000000, Transfer 619.000000 to Acc 2
[22;32mUser 2, Acc 0 Balance 18.000000, 				Withdraw 50.000000 --insufficient funds[0m
User 1, Acc 9 Balance 22917.000000, Transfer 617.000000 to Acc 1
User 2, Acc 0 Balance 18.000000, Deposit 400.000000 
User 3, Acc 2 Balance 2790.000000, Deposit 659.000000 
User 2, Acc 0 Balance 418.000000, Withdraw 200.000000 
User 3, Acc 2 Balance 3768.000000, Transfer 1200.000000 to Acc 9
User 4, Acc 8 Balance 8159.000000, Transfer 619.000000 to Acc 2
User 3, Acc 1 Balance 5913.000000, Deposit 661.000000 
User 4, Acc 7 Balance 8269.000000, Deposit 631.000000 
User 4, Acc 7 Balance 8900.000000, Transfer 631.000000 to Acc 3
User 5, Acc 3 Balance 695.000000, Transfer 300.000000 to Acc 1
User 0, Acc 7 Balance 8269.000000, Deposit 631.000000 
User 5, Acc 0 Balance 218.000000, Deposit 400.000000 
User 5, Acc 3 Balance 1026.000000, Withdraw 200.000000 
User 6, Acc 6 Balance 3420.000000, Withdraw 50.000000 
User 1, Acc 8 Balance 8159.000000, Deposit 619.000000 
User 3, Acc 1 Balance 6574.000000, Transfer 1200.000000 to Acc 9
User 4, Acc 6 Balance 3420.000000, Deposit 641.000000 
User 2, Acc 1 Balance 5913.000000, Deposit 100.000000 
User 0, Acc 7 Balance 8900.000000, Transfer 631.000000 to Acc 3
Balance in 1: 6874.000000
User 0, Acc 6 Balance 4011.000000, Deposit 641.000000 
User 0, Acc 6 Balance 4652.000000, Transfer 641.000000 to Acc 4
User 5, Acc 9 Balance 24700.000000, Deposit 617.000000 
User 3, Acc 0 Balance 618.000000, Deposit 673.000000 
User 4, Acc 6 Balance 4011.000000, Transfer 641.000000 to Acc 4
User 3, Acc 0 Balance 1291.000000, Transfer 1200.000000 to Acc 9
User 2, Acc 2 Balance 3187.000000, Deposit 900.000000 
User 6, Acc 7 Balance 8900.000000, Withdraw 50.000000 
User 2, Acc 1 Balance 5774.000000, Withdraw 50.000000 
User 1, Acc 8 Balance 8159.000000, Transfer 619.000000 to Acc 2
User 2, Acc 2 Balance 4087.000000, Withdraw 150.000000 
User 5, Acc 9 Balance 25317.000000, Transfer 617.000000 to Acc 1
User 4, Acc 5 Balance 535.000000, Deposit 643.000000 
User 5, Acc 8 Balance 7540.000000, Deposit 619.000000 
User 4, Acc 4 Balance 1461.000000, Deposit 647.000000 
User 0, Acc 5 Balance 535.000000, Deposit 643.000000 
User 0, Acc 5 Balance 1821.000000, Transfer 1200.000000 to Acc 6
User 2, Acc 3 Balance 1457.000000, Deposit 500.000000 
User 6, Acc 8 Balance 8159.000000, Withdraw 50.000000 
User 5, Acc 8 Balance 8159.000000, Transfer 619.000000 to Acc 2
User 6, Acc 9 Balance 25900.000000, Withdraw 50.000000 
User 1, Acc 7 Balance 8219.000000, Deposit 631.000000 
User 3, Acc 1 Balance 5774.000000, Withdraw 50.000000 
User 1, Acc 7 Balance 8850.000000, Transfer 631.000000 to Acc 3
User 0, Acc 4 Balance 2108.000000, Deposit 647.000000 
User 2, Acc 2 Balance 4556.000000, Transfer 300.000000 to Acc 1
User 0, Acc 4 Balance 2755.000000, Transfer 1200.000000 to Acc 7
User 6, Acc 0 Balance 91.000000, Withdraw 50.000000 
User 3, Acc 2 Balance 5175.000000, Withdraw 50.000000 
User 6, Acc 0 Balance 41.000000, Deposit 400.000000 
User 3, Acc 3 Balance 2588.000000, Withdraw 50.000000 
User 5, Acc 7 Balance 8219.000000, Deposit 631.000000 
User 3, Acc 4 Balance 1555.000000, Withdraw 50.000000 
User 5, Acc 7 Balance 10050.000000, Transfer 631.000000 to Acc 3
User 5, Acc 6 Balance 4570.000000, Deposit 641.000000 
User 1, Acc 6 Balance 4570.000000, Deposit 641.000000 
User 6, Acc 0 Balance 441.000000, Withdraw 200.000000 
User 1, Acc 6 Balance 5852.000000, Transfer 641.000000 to Acc 4
User 2, Acc 3 Balance 2588.000000, Transfer 300.000000 to Acc 1
User 3, Acc 5 Balance 621.000000, Withdraw 50.000000 
User 2, Acc 0 Balance 241.000000, Deposit 400.000000 
User 2, Acc 3 Balance 2869.000000, Withdraw 200.000000 
User 5, Acc 6 Balance 5211.000000, Transfer 641.000000 to Acc 4
Balance in 1: 6891.000000
User 5, Acc 5 Balance 571.000000, Deposit 643.000000 
User 2, Acc 0 Balance 641.000000, Deposit 400.000000 
User 5, Acc 5 Balance 1214.000000, Transfer 1200.000000 to Acc 6
User 0, Acc 3 Balance 2588.000000, Deposit 653.000000 
User 6, Acc 0 Balance 241.000000, Deposit 100.000000 
User 0, Acc 3 Balance 3322.000000, Transfer 1200.000000 to Acc 8
User 4, Acc 4 Balance 2108.000000, Transfer 1200.000000 to Acc 7
User 0, Acc 2 Balance 4825.000000, Deposit 659.000000 
User 0, Acc 2 Balance 5484.000000, Transfer 1200.000000 to Acc 9
User 0, Acc 1 Balance 6891.000000, Deposit 661.000000 
User 0, Acc 1 Balance 7552.000000, Transfer 1200.000000 to Acc 9
User 0, Acc 0 Balance 1141.000000, Deposit 673.000000 
User 0, Acc 0 Balance 1814.000000, Transfer 1200.000000 to Acc 9
User 0, Acc 9 Balance 29450.000000, Deposit 617.000000 
User 4, Acc 3 Balance 2122.000000, Deposit 653.000000 
User 0, Acc 9 Balance 30067.000000, Transfer 617.000000 to Acc 1
User 4, Acc 3 Balance 2775.000000, Transfer 1200.000000 to Acc 8
User 2, Acc 0 Balance 1041.000000, Withdraw 200.000000 
User 5, Acc 4 Balance 2787.000000, Deposit 647.000000 
User 1, Acc 5 Balance 621.000000, Deposit 643.000000 
User 6, Acc 0 Balance 1141.000000, Withdraw 50.000000 
User 1, Acc 4 Balance 2234.000000, Deposit 647.000000 
User 3, Acc 6 Balance 5211.000000, Withdraw 50.000000 
User 0, Acc 8 Balance 9890.000000, Deposit 619.000000 
User 2, Acc 0 Balance 414.000000, Deposit 100.000000 
User 0, Acc 8 Balance 10509.000000, Transfer 619.000000 to Acc 2
User 6, Acc 0 Balance 364.000000, Withdraw 150.000000 
User 4, Acc 2 Balance 4284.000000, Deposit 659.000000 
User 6, Acc 0 Balance 314.000000, Deposit 300.000000 
User 4, Acc 2 Balance 5562.000000, Transfer 1200.000000 to Acc 9
User 3, Acc 7 Balance 10619.000000, Withdraw 50.000000 
User 4, Acc 1 Balance 6969.000000, Deposit 661.000000 
User 5, Acc 4 Balance 2234.000000, Transfer 1200.000000 to Acc 7
User 1, Acc 4 Balance 2881.000000, Transfer 1200.000000 to Acc 7
User 6, Acc 0 Balance 614.000000, Transfer 300.000000 to Acc 1
User 1, Acc 3 Balance 1575.000000, Deposit 653.000000 
User 2, Acc 0 Balance 464.000000, Withdraw 50.000000 
User 4, Acc 1 Balance 7630.000000, Transfer 1200.000000 to Acc 9
User 2, Acc 0 Balance 264.000000, Withdraw 150.000000 
User 0, Acc 7 Balance 10619.000000, Deposit 631.000000 
User 5, Acc 3 Balance 1575.000000, Deposit 653.000000 
User 0, Acc 7 Balance 13600.000000, Transfer 631.000000 to Acc 3
User 1, Acc 3 Balance 2228.000000, Transfer 1200.000000 to Acc 8
User 1, Acc 2 Balance 4362.000000, Deposit 659.000000 
User 2, Acc 0 Balance 114.000000, Deposit 300.000000 
User 2, Acc 0 Balance 414.000000, Transfer 300.000000 to Acc 1
Balance in 1: 7030.000000
User 3, Acc 8 Balance 9890.000000, Withdraw 50.000000 
User 3, Acc 9 Balance 31850.000000, Withdraw 50.000000 
User 3, Acc 0 Balance 114.000000, Withdraw 50.000000 
User 3, Acc 0 Balance 64.000000, Deposit 400.000000 
User 0, Acc 6 Balance 5720.000000, Deposit 641.000000 
User 3, Acc 0 Balance 464.000000, Withdraw 200.000000 
User 0, Acc 6 Balance 6361.000000, Transfer 641.000000 to Acc 4
User 3, Acc 0 Balance 264.000000, Deposit 100.000000 
User 0, Acc 5 Balance 657.000000, Deposit 643.000000 
User 0, Acc 5 Balance 1300.000000, Transfer 1200.000000 to Acc 6
User 5, Acc 3 Balance 2881.000000, Transfer 1200.000000 to Acc 8
User 0, Acc 4 Balance 1122.000000, Deposit 647.000000 
User 5, Acc 2 Balance 5021.000000, Deposit 659.000000 
User 0, Acc 4 Balance 1769.000000, Transfer 1200.000000 to Acc 7
User 5, Acc 2 Balance 5680.000000, Transfer 1200.000000 to Acc 9
User 2, Acc 0 Balance 114.000000, Deposit 400.000000 
User 5, Acc 1 Balance 7030.000000, Deposit 661.000000 
User 5, Acc 1 Balance 7691.000000, Transfer 1200.000000 to Acc 9
User 1, Acc 2 Balance 5021.000000, Transfer 1200.000000 to Acc 9
Balance in 1: 7930.000000
User 1, Acc 1 Balance 6491.000000, Deposit 661.000000 
User 0, Acc 3 Balance 1112.000000, Deposit 653.000000 
User 4, Acc 0 Balance 264.000000, Deposit 673.000000 
User 0, Acc 3 Balance 1765.000000, Transfer 1200.000000 to Acc 8
User 5, Acc 0 Balance 764.000000, Deposit 673.000000 
User 6, Acc 1 Balance 6491.000000, Withdraw 500.000000 
User 3, Acc 0 Balance 364.000000, Withdraw 50.000000 
User 6, Acc 2 Balance 3280.000000, Withdraw 500.000000 
User 3, Acc 0 Balance 2060.000000, Withdraw 150.000000 
User 4, Acc 0 Balance 1437.000000, Transfer 1200.000000 to Acc 9
User 3, Acc 0 Balance 1910.000000, Deposit 300.000000 
User 4, Acc 0 Balance 710.000000, Deposit 400.000000 
User 5, Acc 0 Balance 2110.000000, Transfer 1200.000000 to Acc 9
User 1, Acc 1 Balance 7152.000000, Transfer 1200.000000 to Acc 9
User 5, Acc 9 Balance 37800.000000, Deposit 617.000000 
User 1, Acc 0 Balance 210.000000, Deposit 673.000000 
User 5, Acc 9 Balance 39617.000000, Transfer 617.000000 to Acc 1
User 1, Acc 1 Balance 5452.000000, Withdraw 50.000000 
User 1, Acc 2 Balance 2780.000000, Withdraw 50.000000 
User 6, Acc 3 Balance 565.000000, Withdraw 500.000000 
User 2, Acc 0 Balance 764.000000, Withdraw 200.000000 
User 0, Acc 2 Balance 3280.000000, Deposit 659.000000 
User 2, Acc 1 Balance 6019.000000, Deposit 100.000000 
User 2, Acc 2 Balance 2730.000000, Deposit 900.000000 
User 5, Acc 8 Balance 13440.000000, Deposit 619.000000 
User 2, Acc 1 Balance 6119.000000, Withdraw 50.000000 
User 5, Acc 8 Balance 14059.000000, Transfer 619.000000 to Acc 2
User 6, Acc 4 Balance 569.000000, Withdraw 500.000000 
User 5, Acc 7 Balance 14169.000000, Deposit 631.000000 
[22;32mUser 6, Acc 5 Balance 100.000000, 				Withdraw 500.000000 --insufficient funds[0m
User 6, Acc 6 Balance 6920.000000, Withdraw 500.000000 
User 0, Acc 2 Balance 3389.000000, Transfer 1200.000000 to Acc 9
User 2, Acc 2 Balance 4289.000000, Withdraw 150.000000 
User 1, Acc 3 Balance 565.000000, Withdraw 50.000000 
User 2, Acc 3 Balance 65.000000, Deposit 500.000000 
User 2, Acc 2 Balance 3558.000000, Transfer 300.000000 to Acc 1
User 5, Acc 7 Balance 14800.000000, Transfer 631.000000 to Acc 3
User 5, Acc 6 Balance 6420.000000, Deposit 641.000000 
User 5, Acc 6 Balance 7061.000000, Transfer 641.000000 to Acc 4
User 5, Acc 5 Balance 100.000000, Deposit 643.000000 
User 5, Acc 4 Balance 710.000000, Deposit 647.000000 
User 5, Acc 4 Balance 1357.000000, Transfer 1200.000000 to Acc 7
User 5, Acc 3 Balance 1146.000000, Deposit 653.000000 
User 5, Acc 3 Balance 1799.000000, Transfer 1200.000000 to Acc 8
User 1, Acc 4 Balance 69.000000, Withdraw 50.000000 
User 5, Acc 2 Balance 3258.000000, Deposit 659.000000 
User 1, Acc 5 Balance 743.000000, Withdraw 50.000000 
User 1, Acc 6 Balance 6420.000000, Withdraw 50.000000 
User 1, Acc 7 Balance 15369.000000, Withdraw 50.000000 
User 1, Acc 8 Balance 14640.000000, Withdraw 50.000000 
User 1, Acc 9 Balance 40200.000000, Withdraw 50.000000 
User 1, Acc 0 Balance 683.000000, Withdraw 50.000000 
User 1, Acc 0 Balance 633.000000, Deposit 907.000000 
User 4, Acc 0 Balance 1410.000000, Withdraw 200.000000 
User 1, Acc 1 Balance 6369.000000, Deposit 911.000000 
User 6, Acc 7 Balance 14800.000000, Withdraw 500.000000 
User 1, Acc 2 Balance 3917.000000, Deposit 919.000000 
User 6, Acc 8 Balance 14590.000000, Withdraw 500.000000 
User 3, Acc 0 Balance 1010.000000, Transfer 300.000000 to Acc 1
User 2, Acc 3 Balance 515.000000, Transfer 300.000000 to Acc 1
User 5, Acc 2 Balance 3917.000000, Transfer 1200.000000 to Acc 9
User 2, Acc 0 Balance 1040.000000, Deposit 400.000000 
User 0, Acc 1 Balance 6069.000000, Deposit 661.000000 
User 1, Acc 3 Balance 599.000000, Transfer 29.000000 to Acc 7
User 4, Acc 0 Balance 1340.000000, Deposit 100.000000 
User 1, Acc 7 Balance 14848.000000, Transfer 31.000000 to Acc 6
Balance in 1: 7580.000000
User 5, Acc 1 Balance 7880.000000, Deposit 661.000000 
User 5, Acc 1 Balance 9202.000000, Transfer 1200.000000 to Acc 9
User 6, Acc 9 Balance 40150.000000, Withdraw 500.000000 
User 0, Acc 1 Balance 8541.000000, Transfer 1200.000000 to Acc 9
User 1, Acc 7 Balance 14817.000000, Transfer 37.000000 to Acc 5
User 4, Acc 0 Balance 1540.000000, Withdraw 50.000000 
User 1, Acc 7 Balance 14780.000000, Transfer 3.000000 to Acc 4
User 1, Acc 7 Balance 14777.000000, Transfer 5.000000 to Acc 4
User 2, Acc 3 Balance 299.000000, Withdraw 200.000000 
User 5, Acc 0 Balance 1540.000000, Deposit 673.000000 
User 6, Acc 0 Balance 1540.000000, Withdraw 500.000000 
User 0, Acc 0 Balance 1540.000000, Deposit 673.000000 
User 3, Acc 0 Balance 1540.000000, Deposit 400.000000 
User 4, Acc 0 Balance 1490.000000, Withdraw 150.000000 
User 3, Acc 0 Balance 2736.000000, Withdraw 200.000000 
Balance in 1: 6802.000000
User 3, Acc 0 Balance 2386.000000, Deposit 100.000000 
User 3, Acc 0 Balance 2486.000000, Withdraw 50.000000 
User 2, Acc 0 Balance 2486.000000, Deposit 100.000000 
User 0, Acc 0 Balance 2336.000000, Transfer 1200.000000 to Acc 9
User 2, Acc 0 Balance 2536.000000, Deposit 200.000000 
User 4, Acc 0 Balance 2586.000000, Deposit 300.000000 
User 1, Acc 3 Balance 270.000000, Deposit 929.000000 
User 5, Acc 0 Balance 2163.000000, Transfer 1200.000000 to Acc 9
User 1, Acc 4 Balance 115.000000, Deposit 937.000000 
User 5, Acc 1 Balance 6802.000000, Withdraw 500.000000 
User 2, Acc 0 Balance 1536.000000, Deposit 300.000000 
User 5, Acc 2 Balance 3636.000000, Withdraw 500.000000 
User 2, Acc 0 Balance 936.000000, Withdraw 200.000000 
User 5, Acc 3 Balance 999.000000, Withdraw 500.000000 
User 5, Acc 4 Balance 1052.000000, Withdraw 500.000000 
User 2, Acc 0 Balance 736.000000, Withdraw 100.000000 
User 0, Acc 1 Balance 6802.000000, Withdraw 500.000000 
User 2, Acc 0 Balance 636.000000, Withdraw 50.000000 
User 2, Acc 1 Balance 6302.000000, Transfer 200.000000 to Acc 0
User 6, Acc 1 Balance 6802.000000, Withdraw 500.000000 
User 3, Acc 0 Balance 2436.000000, Withdraw 150.000000 
User 6, Acc 2 Balance 3136.000000, Withdraw 500.000000 
User 5, Acc 5 Balance 730.000000, Withdraw 500.000000 
User 4, Acc 0 Balance 1836.000000, Transfer 300.000000 to Acc 1
User 5, Acc 6 Balance 6401.000000, Withdraw 500.000000 
Balance in 1: 5402.000000
User 4, Acc 0 Balance 336.000000, Deposit 907.000000 
User 5, Acc 7 Balance 14772.000000, Withdraw 500.000000 
User 4, Acc 1 Balance 5402.000000, Deposit 911.000000 
User 5, Acc 8 Balance 14090.000000, Withdraw 500.000000 
User 1, Acc 5 Balance 730.000000, Deposit 941.000000 
User 5, Acc 9 Balance 45650.000000, Withdraw 500.000000 
User 1, Acc 4 Balance 552.000000, Withdraw 167.000000 
User 5, Acc 0 Balance 1243.000000, Withdraw 500.000000 
User 1, Acc 5 Balance 1171.000000, Withdraw 307.000000 
User 5, Acc 1 Balance 6313.000000, Withdraw 500.000000 
User 0, Acc 2 Balance 3136.000000, Withdraw 500.000000 
Balance in 0: 786.000000
User 2, Acc 0 Balance 743.000000, Deposit 907.000000 
User 2, Acc 1 Balance 5813.000000, Deposit 911.000000 
User 2, Acc 2 Balance 2136.000000, Deposit 919.000000 
User 2, Acc 3 Balance 499.000000, Transfer 29.000000 to Acc 7
User 2, Acc 7 Balance 14301.000000, Transfer 31.000000 to Acc 6
User 2, Acc 7 Balance 14270.000000, Transfer 37.000000 to Acc 5
User 2, Acc 7 Balance 14233.000000, Transfer 3.000000 to Acc 4
User 2, Acc 7 Balance 14230.000000, Transfer 5.000000 to Acc 4
User 2, Acc 3 Balance 470.000000, Deposit 929.000000 
User 2, Acc 4 Balance 393.000000, Deposit 937.000000 
User 2, Acc 5 Balance 901.000000, Deposit 941.000000 
User 2, Acc 4 Balance 1330.000000, Withdraw 167.000000 
User 2, Acc 5 Balance 1842.000000, Withdraw 307.000000 
User 2, Acc 1 Balance 6724.000000, Transfer 89.000000 to Acc 8
User 2, Acc 1 Balance 6635.000000, Transfer 163.000000 to Acc 9
User 2, Acc 1 Balance 6472.000000, Withdraw 41.000000 
User 2, Acc 2 Balance 3055.000000, Withdraw 71.000000 
User 2, Acc 3 Balance 1399.000000, Withdraw 127.000000 
User 2, Acc 6 Balance 5932.000000, Withdraw 647.000000 
User 2, Acc 6 Balance 5285.000000, Deposit 953.000000 
User 2, Acc 7 Balance 14225.000000, Deposit 967.000000 
[22;32mUser 6, Acc 3 Balance 499.000000, 				Withdraw 500.000000 --insufficient funds[0m
User 4, Acc 2 Balance 2636.000000, Deposit 919.000000 
User 6, Acc 4 Balance 1163.000000, Withdraw 500.000000 
User 4, Acc 3 Balance 1272.000000, Transfer 29.000000 to Acc 7
User 5, Acc 2 Balance 2636.000000, Withdraw 500.000000 
User 4, Acc 7 Balance 15221.000000, Transfer 31.000000 to Acc 6
[22;32mUser 0, Acc 3 Balance 499.000000, 				Withdraw 500.000000 --insufficient funds[0m
User 1, Acc 1 Balance 6313.000000, Transfer 89.000000 to Acc 8
User 6, Acc 5 Balance 1535.000000, Withdraw 500.000000 
User 1, Acc 1 Balance 6342.000000, Transfer 163.000000 to Acc 9
User 3, Acc 0 Balance 636.000000, Deposit 300.000000 
User 1, Acc 1 Balance 6179.000000, Withdraw 41.000000 
User 2, Acc 1 Balance 6431.000000, Transfer 19.000000 to Acc 7
User 1, Acc 2 Balance 3403.000000, Withdraw 71.000000 
User 2, Acc 2 Balance 3403.000000, Transfer 23.000000 to Acc 7
User 5, Acc 3 Balance 1243.000000, Withdraw 500.000000 
User 2, Acc 6 Balance 6269.000000, Transfer 67.000000 to Acc 5
User 5, Acc 4 Balance 663.000000, Withdraw 500.000000 
User 3, Acc 0 Balance 1950.000000, Transfer 300.000000 to Acc 1
User 0, Acc 4 Balance 663.000000, Withdraw 500.000000 
Balance in 1: 6419.000000
User 1, Acc 3 Balance 1243.000000, Withdraw 127.000000 
User 6, Acc 6 Balance 6269.000000, Withdraw 500.000000 
User 1, Acc 6 Balance 6202.000000, Withdraw 647.000000 
User 6, Acc 7 Balance 15232.000000, Withdraw 500.000000 
User 6, Acc 8 Balance 13768.000000, Withdraw 500.000000 
User 2, Acc 4 Balance 163.000000, Transfer 53.000000 to Acc 5
User 3, Acc 1 Balance 6419.000000, Withdraw 500.000000 
User 2, Acc 7 Balance 14732.000000, Withdraw 593.000000 
User 0, Acc 5 Balance 1102.000000, Withdraw 500.000000 
User 5, Acc 5 Balance 1035.000000, Withdraw 500.000000 
User 0, Acc 6 Balance 5055.000000, Withdraw 500.000000 
User 0, Acc 7 Balance 14139.000000, Withdraw 500.000000 
User 6, Acc 9 Balance 45476.000000, Withdraw 500.000000 
User 3, Acc 2 Balance 3309.000000, Withdraw 500.000000 
User 2, Acc 8 Balance 13268.000000, Withdraw 449.000000 
User 4, Acc 7 Balance 15190.000000, Transfer 37.000000 to Acc 5
User 2, Acc 9 Balance 44976.000000, Withdraw 163.000000 
User 4, Acc 7 Balance 13602.000000, Transfer 3.000000 to Acc 4
User 4, Acc 7 Balance 13599.000000, Transfer 5.000000 to Acc 4
User 0, Acc 8 Balance 13268.000000, Withdraw 500.000000 
User 4, Acc 3 Balance 616.000000, Deposit 929.000000 
User 0, Acc 9 Balance 44813.000000, Withdraw 500.000000 
User 1, Acc 6 Balance 5055.000000, Deposit 953.000000 
User 0, Acc 0 Balance 1650.000000, Withdraw 500.000000 
User 1, Acc 7 Balance 13594.000000, Deposit 967.000000 
User 6, Acc 0 Balance 1650.000000, Withdraw 500.000000 
User 1, Acc 1 Balance 5919.000000, Transfer 19.000000 to Acc 7
User 6, Acc 1 Balance 5919.000000, Withdraw 500.000000 
User 6, Acc 2 Balance 2809.000000, Withdraw 500.000000 
User 6, Acc 3 Balance 1545.000000, Withdraw 500.000000 
[22;32mUser 6, Acc 4 Balance -382.000000, 				Withdraw 500.000000 --insufficient funds[0m
[22;32mUser 6, Acc 5 Balance 192.000000, 				Withdraw 500.000000 --insufficient funds[0m
User 6, Acc 6 Balance 5508.000000, Withdraw 500.000000 
User 6, Acc 7 Balance 14580.000000, Withdraw 500.000000 
User 6, Acc 8 Balance 12319.000000, Withdraw 500.000000 
User 6, Acc 9 Balance 44313.000000, Withdraw 500.000000 
User 6, Acc 0 Balance 650.000000, Withdraw 500.000000 
User 6, Acc 0 Balance 150.000000, Deposit 100.000000 
User 2, Acc 1 Balance 5919.000000, Withdraw 500.000000 
User 6, Acc 0 Balance 250.000000, Deposit 200.000000 
User 2, Acc 2 Balance 2309.000000, Withdraw 500.000000 
User 6, Acc 0 Balance 450.000000, Deposit 300.000000 
User 2, Acc 3 Balance 1045.000000, Withdraw 500.000000 
User 6, Acc 0 Balance 750.000000, Withdraw 200.000000 
User 1, Acc 2 Balance 2809.000000, Transfer 23.000000 to Acc 7
User 5, Acc 6 Balance 4555.000000, Withdraw 500.000000 
User 1, Acc 6 Balance 5008.000000, Transfer 67.000000 to Acc 5
User 5, Acc 7 Balance 14103.000000, Withdraw 500.000000 
User 1, Acc 7 Balance 14103.000000, Withdraw 593.000000 
[22;32mUser 2, Acc 4 Balance -382.000000, 				Withdraw 500.000000 --insufficient funds[0m
User 6, Acc 0 Balance 550.000000, Withdraw 100.000000 
[22;32mUser 2, Acc 5 Balance 259.000000, 				Withdraw 500.000000 --insufficient funds[0m
User 6, Acc 0 Balance 450.000000, Withdraw 50.000000 
User 3, Acc 3 Balance 616.000000, Withdraw 500.000000 
User 5, Acc 8 Balance 11819.000000, Withdraw 500.000000 
User 0, Acc 1 Balance 5919.000000, Withdraw 500.000000 
User 5, Acc 9 Balance 43813.000000, Withdraw 500.000000 
User 0, Acc 2 Balance 1786.000000, Withdraw 500.000000 
[22;32mUser 0, Acc 3 Balance 45.000000, 				Withdraw 500.000000 --insufficient funds[0m
[22;32mUser 5, Acc 0 Balance 400.000000, 				Withdraw 500.000000 --insufficient funds[0m
[22;32mUser 0, Acc 4 Balance -382.000000, 				Withdraw 500.000000 --insufficient funds[0m
User 1, Acc 8 Balance 11819.000000, Withdraw 449.000000 
User 4, Acc 4 Balance -382.000000, Deposit 937.000000 
User 1, Acc 9 Balance 43313.000000, Withdraw 163.000000 
User 2, Acc 6 Balance 4441.000000, Withdraw 500.000000 
User 6, Acc 1 Balance 4900.000000, Transfer 200.000000 to Acc 0
User 2, Acc 7 Balance 13010.000000, Withdraw 500.000000 
Balance in 0: 600.000000
[22;32mUser 3, Acc 4 Balance -382.000000, 				Withdraw 500.000000 --insufficient funds[0m
[22;32mUser 0, Acc 5 Balance 259.000000, 				Withdraw 500.000000 --insufficient funds[0m
[22;32mUser 3, Acc 5 Balance 259.000000, 				Withdraw 500.000000 --insufficient funds[0m
User 0, Acc 6 Balance 3941.000000, Withdraw 500.000000 
User 3, Acc 6 Balance 3941.000000, Withdraw 500.000000 
User 5, Acc 1 Balance 4400.000000, Withdraw 500.000000 
User 6, Acc 0 Balance 600.000000, Deposit 907.000000 
User 2, Acc 8 Balance 10870.000000, Withdraw 500.000000 
User 6, Acc 1 Balance 3700.000000, Deposit 911.000000 
User 2, Acc 9 Balance 43150.000000, Withdraw 500.000000 
User 6, Acc 2 Balance 1286.000000, Deposit 919.000000 
User 6, Acc 3 Balance 45.000000, Transfer 29.000000 to Acc 7
User 6, Acc 7 Balance 12539.000000, Transfer 31.000000 to Acc 6
User 1, Acc 0 Balance 400.000000, Deposit 100.000000 
User 6, Acc 7 Balance 12508.000000, Transfer 37.000000 to Acc 5
User 6, Acc 7 Balance 12471.000000, Transfer 3.000000 to Acc 4
User 1, Acc 0 Balance 1607.000000, Deposit 200.000000 
User 6, Acc 7 Balance 12468.000000, Transfer 5.000000 to Acc 4
User 2, Acc 0 Balance 1507.000000, Withdraw 500.000000 
User 6, Acc 3 Balance 16.000000, Deposit 929.000000 
User 5, Acc 2 Balance 1286.000000, Withdraw 500.000000 
User 4, Acc 5 Balance 259.000000, Deposit 941.000000 
User 0, Acc 7 Balance 12510.000000, Withdraw 500.000000 
User 3, Acc 7 Balance 12510.000000, Withdraw 500.000000 
User 2, Acc 1 Balance 4611.000000, Withdraw 500.000000 
User 3, Acc 8 Balance 10370.000000, Withdraw 500.000000 
User 3, Acc 9 Balance 42650.000000, Withdraw 500.000000 
User 3, Acc 0 Balance 1307.000000, Withdraw 500.000000 
User 3, Acc 1 Balance 4111.000000, Withdraw 500.000000 
User 3, Acc 2 Balance 1705.000000, Withdraw 500.000000 
User 3, Acc 3 Balance 945.000000, Withdraw 500.000000 
User 3, Acc 4 Balance 563.000000, Withdraw 500.000000 
User 3, Acc 5 Balance 1237.000000, Withdraw 500.000000 
User 3, Acc 6 Balance 2972.000000, Withdraw 500.000000 
User 2, Acc 2 Balance 1705.000000, Withdraw 500.000000 
User 3, Acc 7 Balance 11463.000000, Withdraw 500.000000 
User 6, Acc 4 Balance 563.000000, Deposit 937.000000 
User 5, Acc 3 Balance 945.000000, Withdraw 500.000000 
User 6, Acc 5 Balance 737.000000, Deposit 941.000000 
User 5, Acc 4 Balance 1000.000000, Withdraw 500.000000 
User 0, Acc 8 Balance 10370.000000, Withdraw 500.000000 
User 3, Acc 8 Balance 9870.000000, Withdraw 500.000000 
User 0, Acc 9 Balance 42150.000000, Withdraw 500.000000 
User 3, Acc 9 Balance 42150.000000, Withdraw 500.000000 
User 0, Acc 0 Balance 807.000000, Withdraw 500.000000 
User 3, Acc 0 Balance 807.000000, Withdraw 500.000000 
[22;32mUser 2, Acc 3 Balance 445.000000, 				Withdraw 500.000000 --insufficient funds[0m
User 3, Acc 1 Balance 3611.000000, Withdraw 500.000000 
User 2, Acc 4 Balance 500.000000, Withdraw 500.000000 
User 4, Acc 4 Balance 563.000000, Withdraw 167.000000 
User 2, Acc 5 Balance 1678.000000, Withdraw 500.000000 
User 0, Acc 1 Balance 3611.000000, Withdraw 500.000000 
User 2, Acc 6 Balance 2472.000000, Withdraw 500.000000 
User 1, Acc 0 Balance 1807.000000, Deposit 300.000000 
User 2, Acc 7 Balance 10963.000000, Withdraw 500.000000 
User 4, Acc 5 Balance 1678.000000, Withdraw 307.000000 
User 2, Acc 8 Balance 8870.000000, Withdraw 500.000000 
User 4, Acc 1 Balance 2611.000000, Transfer 89.000000 to Acc 8
User 2, Acc 9 Balance 41150.000000, Withdraw 500.000000 
[22;32mUser 2, Acc 0 Balance 107.000000, 				Withdraw 500.000000 --insufficient funds[0m
User 6, Acc 4 Balance 1000.000000, Withdraw 167.000000 
[22;32mUser 1, Acc 0 Balance 107.000000, 				Withdraw 200.000000 --insufficient funds[0m
User 6, Acc 5 Balance 871.000000, Withdraw 307.000000 
User 6, Acc 1 Balance 2522.000000, Transfer 89.000000 to Acc 8
User 0, Acc 2 Balance 705.000000, Withdraw 500.000000 
User 4, Acc 1 Balance 2522.000000, Transfer 163.000000 to Acc 9
[22;32mUser 0, Acc 3 Balance -55.000000, 				Withdraw 500.000000 --insufficient funds[0m
[22;32mUser 0, Acc 4 Balance -334.000000, 				Withdraw 500.000000 --insufficient funds[0m
User 0, Acc 5 Balance 564.000000, Withdraw 500.000000 
User 0, Acc 6 Balance 1972.000000, Withdraw 500.000000 
User 0, Acc 7 Balance 10463.000000, Withdraw 500.000000 
User 0, Acc 8 Balance 8548.000000, Withdraw 500.000000 
User 0, Acc 9 Balance 40813.000000, Withdraw 500.000000 
[22;32mUser 0, Acc 0 Balance 107.000000, 				Withdraw 500.000000 --insufficient funds[0m
User 0, Acc 1 Balance 2270.000000, Withdraw 500.000000 
User 3, Acc 2 Balance 705.000000, Withdraw 500.000000 
[22;32mUser 3, Acc 3 Balance -55.000000, 				Withdraw 500.000000 --insufficient funds[0m
[22;32mUser 3, Acc 4 Balance -334.000000, 				Withdraw 500.000000 --insufficient funds[0m
[22;32mUser 3, Acc 5 Balance 64.000000, 				Withdraw 500.000000 --insufficient funds[0m
User 3, Acc 6 Balance 1472.000000, Withdraw 500.000000 
User 3, Acc 7 Balance 9963.000000, Withdraw 500.000000 
User 5, Acc 5 Balance 1678.000000, Withdraw 500.000000 
User 5, Acc 6 Balance 972.000000, Withdraw 500.000000 
User 5, Acc 7 Balance 9463.000000, Withdraw 500.000000 
User 5, Acc 8 Balance 8048.000000, Withdraw 500.000000 
User 5, Acc 9 Balance 40313.000000, Withdraw 500.000000 
[22;32mUser 5, Acc 0 Balance 107.000000, 				Withdraw 500.000000 --insufficient funds[0m
User 2, Acc 1 Balance 2522.000000, Withdraw 500.000000 
[22;32mUser 2, Acc 2 Balance -295.000000, 				Withdraw 500.000000 --insufficient funds[0m
[22;32mUser 2, Acc 3 Balance -55.000000, 				Withdraw 500.000000 --insufficient funds[0m
[22;32mUser 2, Acc 4 Balance -334.000000, 				Withdraw 500.000000 --insufficient funds[0m
[22;32mUser 2, Acc 5 Balance -436.000000, 				Withdraw 500.000000 --insufficient funds[0m
[22;32mUser 2, Acc 6 Balance 472.000000, 				Withdraw 500.000000 --insufficient funds[0m
User 2, Acc 7 Balance 8963.000000, Withdraw 500.000000 
User 2, Acc 8 Balance 7548.000000, Withdraw 500.000000 
User 2, Acc 9 Balance 39813.000000, Withdraw 500.000000 
[22;32mUser 2, Acc 0 Balance 107.000000, 				Withdraw 500.000000 --insufficient funds[0m
[22;32mUser 0, Acc 2 Balance 205.000000, 				Withdraw 500.000000 --insufficient funds[0m
[22;32mUser 0, Acc 3 Balance -55.000000, 				Withdraw 500.000000 --insufficient funds[0m
[22;32mUser 0, Acc 4 Balance -334.000000, 				Withdraw 500.000000 --insufficient funds[0m
[22;32mUser 0, Acc 5 Balance -436.000000, 				Withdraw 500.000000 --insufficient funds[0m
[22;32mUser 0, Acc 6 Balance 472.000000, 				Withdraw 500.000000 --insufficient funds[0m
User 0, Acc 7 Balance 8463.000000, Withdraw 500.000000 
User 0, Acc 8 Balance 7048.000000, Withdraw 500.000000 
User 0, Acc 9 Balance 39313.000000, Withdraw 500.000000 
[22;32mUser 0, Acc 0 Balance 107.000000, 				Withdraw 500.000000 --insufficient funds[0m
User 0, Acc 1 Balance 1270.000000, Withdraw 500.000000 
[22;32mUser 0, Acc 2 Balance -295.000000, 				Withdraw 500.000000 --insufficient funds[0m
User 4, Acc 1 Balance 2270.000000, Withdraw 41.000000 
[22;32mUser 0, Acc 3 Balance -55.000000, 				Withdraw 500.000000 --insufficient funds[0m
[22;32mUser 0, Acc 4 Balance -334.000000, 				Withdraw 500.000000 --insufficient funds[0m
[22;32mUser 4, Acc 2 Balance -295.000000, 				Withdraw 71.000000 --insufficient funds[0m
[22;32mUser 0, Acc 5 Balance -436.000000, 				Withdraw 500.000000 --insufficient funds[0m
[22;32mUser 0, Acc 6 Balance 472.000000, 				Withdraw 500.000000 --insufficient funds[0m
User 3, Acc 8 Balance 8048.000000, Withdraw 500.000000 
User 6, Acc 1 Balance 2433.000000, Transfer 163.000000 to Acc 9
User 3, Acc 9 Balance 38813.000000, Withdraw 500.000000 
User 6, Acc 1 Balance 566.000000, Withdraw 41.000000 
[22;32mUser 3, Acc 0 Balance 107.000000, 				Withdraw 500.000000 --insufficient funds[0m
[22;32mUser 6, Acc 2 Balance -295.000000, 				Withdraw 71.000000 --insufficient funds[0m
[22;32mUser 6, Acc 3 Balance -55.000000, 				Withdraw 127.000000 --insufficient funds[0m
User 0, Acc 7 Balance 7963.000000, Withdraw 500.000000 
[22;32mUser 6, Acc 6 Balance 472.000000, 				Withdraw 647.000000 --insufficient funds[0m
User 2, Acc 0 Balance 107.000000, Deposit 100.000000 
User 5, Acc 0 Balance 107.000000, Deposit 907.000000 
User 6, Acc 6 Balance 472.000000, Deposit 953.000000 
[22;32mUser 4, Acc 3 Balance -55.000000, 				Withdraw 127.000000 --insufficient funds[0m
User 1, Acc 0 Balance 107.000000, Withdraw 100.000000 
User 4, Acc 6 Balance 1425.000000, Withdraw 647.000000 
User 1, Acc 0 Balance 1014.000000, Withdraw 50.000000 
User 4, Acc 6 Balance 778.000000, Deposit 953.000000 
User 1, Acc 1 Balance 525.000000, Transfer 200.000000 to Acc 0
User 4, Acc 7 Balance 7463.000000, Deposit 967.000000 
Balance in 0: 1164.000000
User 4, Acc 1 Balance 325.000000, Transfer 19.000000 to Acc 7
User 1, Acc 0 Balance 1164.000000, Deposit 100.000000 
User 4, Acc 6 Balance 1731.000000, Transfer 67.000000 to Acc 5
User 1, Acc 0 Balance 1264.000000, Deposit 200.000000 
User 4, Acc 7 Balance 8449.000000, Withdraw 593.000000 
User 6, Acc 7 Balance 7463.000000, Deposit 967.000000 
User 0, Acc 8 Balance 6048.000000, Withdraw 500.000000 
User 6, Acc 1 Balance 306.000000, Transfer 19.000000 to Acc 7
User 0, Acc 9 Balance 38476.000000, Withdraw 500.000000 
User 5, Acc 1 Balance 525.000000, Deposit 911.000000 
User 4, Acc 8 Balance 6048.000000, Withdraw 449.000000 
User 5, Acc 2 Balance -295.000000, Deposit 919.000000 
User 3, Acc 0 Balance 107.000000, Deposit 907.000000 
User 5, Acc 7 Balance 8842.000000, Transfer 31.000000 to Acc 6
User 3, Acc 1 Balance 1198.000000, Deposit 911.000000 
User 3, Acc 2 Balance 624.000000, Deposit 919.000000 
User 5, Acc 7 Balance 8811.000000, Transfer 37.000000 to Acc 5
User 1, Acc 0 Balance 1464.000000, Deposit 300.000000 
User 1, Acc 0 Balance 2671.000000, Withdraw 200.000000 
User 6, Acc 6 Balance 1664.000000, Transfer 67.000000 to Acc 5
User 0, Acc 0 Balance 1464.000000, Withdraw 500.000000 
User 3, Acc 7 Balance 8811.000000, Transfer 31.000000 to Acc 6
User 0, Acc 1 Balance 2109.000000, Withdraw 500.000000 
User 3, Acc 7 Balance 8743.000000, Transfer 37.000000 to Acc 5
User 0, Acc 2 Balance 1543.000000, Withdraw 500.000000 
User 2, Acc 0 Balance 207.000000, Deposit 200.000000 
User 6, Acc 7 Balance 8774.000000, Withdraw 593.000000 
User 2, Acc 0 Balance 2171.000000, Deposit 300.000000 
User 4, Acc 9 Balance 37976.000000, Withdraw 163.000000 
User 2, Acc 0 Balance 2471.000000, Withdraw 200.000000 
User 3, Acc 7 Balance 8706.000000, Transfer 3.000000 to Acc 4
User 2, Acc 0 Balance 2271.000000, Withdraw 100.000000 
User 6, Acc 8 Balance 5099.000000, Withdraw 449.000000 
User 2, Acc 0 Balance 2171.000000, Withdraw 50.000000 
User 2, Acc 1 Balance 1609.000000, Transfer 200.000000 to Acc 0
User 5, Acc 7 Balance 8774.000000, Transfer 3.000000 to Acc 4
User 1, Acc 0 Balance 2471.000000, Withdraw 100.000000 
User 3, Acc 7 Balance 8110.000000, Transfer 5.000000 to Acc 4
User 1, Acc 0 Balance 2221.000000, Withdraw 50.000000 
User 1, Acc 1 Balance 1409.000000, Transfer 200.000000 to Acc 0
User 3, Acc 3 Balance -55.000000, Deposit 929.000000 
Balance in 0: 2371.000000
User 4, Acc 0 Balance 2471.000000, Deposit 100.000000 
Balance in 0: 2321.000000
User 4, Acc 0 Balance 2471.000000, Deposit 200.000000 
User 4, Acc 0 Balance 2671.000000, Deposit 300.000000 
User 4, Acc 0 Balance 2971.000000, Withdraw 200.000000 
User 3, Acc 4 Balance -323.000000, Deposit 937.000000 
User 4, Acc 0 Balance 2771.000000, Withdraw 100.000000 
User 3, Acc 5 Balance -228.000000, Deposit 941.000000 
User 3, Acc 4 Balance 614.000000, Withdraw 167.000000 
User 3, Acc 5 Balance 713.000000, Withdraw 307.000000 
User 6, Acc 9 Balance 37813.000000, Withdraw 163.000000 
User 5, Acc 7 Balance 8107.000000, Transfer 5.000000 to Acc 4
[22;32mUser 0, Acc 3 Balance -55.000000, 				Withdraw 500.000000 --insufficient funds[0m
User 4, Acc 0 Balance 2671.000000, Withdraw 50.000000 
[22;32mUser 0, Acc 4 Balance 452.000000, 				Withdraw 500.000000 --insufficient funds[0m
User 4, Acc 1 Balance 1209.000000, Transfer 200.000000 to Acc 0
User 5, Acc 3 Balance 874.000000, Deposit 929.000000 
User 5, Acc 4 Balance 452.000000, Deposit 937.000000 
User 5, Acc 5 Balance 406.000000, Deposit 941.000000 
Balance in 0: 2821.000000
User 5, Acc 4 Balance 1389.000000, Withdraw 167.000000 
[22;32mUser 0, Acc 5 Balance 406.000000, 				Withdraw 500.000000 --insufficient funds[0m
User 3, Acc 1 Balance 1209.000000, Transfer 89.000000 to Acc 8
User 0, Acc 6 Balance 1659.000000, Withdraw 500.000000 
User 5, Acc 5 Balance 1347.000000, Withdraw 307.000000 
User 0, Acc 7 Balance 8097.000000, Withdraw 500.000000 
User 0, Acc 8 Balance 4739.000000, Withdraw 500.000000 
User 0, Acc 9 Balance 37650.000000, Withdraw 500.000000 
User 0, Acc 0 Balance 2821.000000, Withdraw 500.000000 
User 3, Acc 1 Balance 920.000000, Transfer 163.000000 to Acc 9
User 3, Acc 1 Balance 757.000000, Withdraw 41.000000 
User 3, Acc 2 Balance 1043.000000, Withdraw 71.000000 
User 5, Acc 1 Balance 920.000000, Transfer 89.000000 to Acc 8
User 5, Acc 1 Balance 627.000000, Transfer 163.000000 to Acc 9
User 5, Acc 1 Balance 464.000000, Withdraw 41.000000 
User 3, Acc 3 Balance 1803.000000, Withdraw 127.000000 
User 3, Acc 6 Balance 1159.000000, Withdraw 647.000000 
User 3, Acc 6 Balance 512.000000, Deposit 953.000000 
User 5, Acc 2 Balance 972.000000, Withdraw 71.000000 
User 5, Acc 3 Balance 1676.000000, Withdraw 127.000000 
User 5, Acc 6 Balance 1465.000000, Withdraw 647.000000 
User 5, Acc 6 Balance 818.000000, Deposit 953.000000 
User 5, Acc 7 Balance 7597.000000, Deposit 967.000000 
User 5, Acc 1 Balance 423.000000, Transfer 19.000000 to Acc 7
User 5, Acc 2 Balance 901.000000, Transfer 23.000000 to Acc 7
User 5, Acc 6 Balance 1771.000000, Transfer 67.000000 to Acc 5
User 5, Acc 4 Balance 1222.000000, Transfer 53.000000 to Acc 5
User 5, Acc 7 Balance 8606.000000, Withdraw 593.000000 
User 5, Acc 8 Balance 4328.000000, Withdraw 449.000000 
User 5, Acc 9 Balance 37476.000000, Withdraw 163.000000 
User 3, Acc 7 Balance 7597.000000, Deposit 967.000000 
User 3, Acc 1 Balance 404.000000, Transfer 19.000000 to Acc 7
User 3, Acc 2 Balance 878.000000, Transfer 23.000000 to Acc 7
User 3, Acc 6 Balance 1704.000000, Transfer 67.000000 to Acc 5
User 3, Acc 4 Balance 1169.000000, Transfer 53.000000 to Acc 5
User 3, Acc 7 Balance 9022.000000, Withdraw 593.000000 
User 3, Acc 8 Balance 3879.000000, Withdraw 449.000000 
User 3, Acc 9 Balance 37313.000000, Withdraw 163.000000 
  ***     End of transaction batch    ***  
Account 0 balance after completion of transaction batch: 2321.000000
Account 1 balance after completion of transaction batch: 385.000000
Account 2 balance after completion of transaction batch: 855.000000
Account 3 balance after completion of transaction batch: 1549.000000
Account 4 balance after completion of transaction batch: 1116.000000
Account 5 balance after completion of transaction batch: 1280.000000
Account 6 balance after completion of transaction batch: 1637.000000
Account 7 balance after completion of transaction batch: 8429.000000
Account 8 balance after completion of transaction batch: 3430.000000
Account 9 balance after completion of transaction batch: 37150.000000
