# Output generated by:
# ./my_executable 7 data/transactions11.txt data/transactions6.txt data/transactions9.txt data/transactions3.txt data/transactions8.txt data/transactions2.txt data/transactions1.txt

********************************************
   Reading and parsing a transaction file   
********************************************
Parsed transaction: deposit 9 617.000000 
Loaded deposit transaction
Parsed transaction: transfer 9 9 617.000000 
Loaded transfer transaction
Parsed transaction: deposit 8 619.000000 
Loaded deposit transaction
Parsed transaction: transfer 8 2 619.000000 
Loaded transfer transaction
Parsed transaction: deposit 7 631.000000 
Loaded deposit transaction
Parsed transaction: transfer 7 3 631.000000 
Loaded transfer transaction
Parsed transaction: deposit 6 641.000000 
Loaded deposit transaction
Parsed transaction: transfer 6 4 641.000000 
Loaded transfer transaction
Parsed transaction: deposit 5 643.000000 
Loaded deposit transaction
Parsed transaction: transfer 5 6 1200.000000 
Loaded transfer transaction
Parsed transaction: deposit 4 647.000000 
Loaded deposit transaction
Parsed transaction: transfer 4 7 1200.000000 
Loaded transfer transaction
Parsed transaction: deposit 3 653.000000 
Loaded deposit transaction
Parsed transaction: transfer 3 8 1200.000000 
Loaded transfer transaction
Parsed transaction: deposit 2 659.000000 
Loaded deposit transaction
Parsed transaction: transfer 2 9 1200.000000 
Loaded transfer transaction
Parsed transaction: deposit 1 661.000000 
Loaded deposit transaction
Parsed transaction: transfer 1 9 1200.000000 
Loaded transfer transaction
Parsed transaction: deposit 0 673.000000 
Loaded deposit transaction
Parsed transaction: transfer 0 9 1200.000000 
Loaded transfer transaction
Parsed transaction: withdraw 1 50.000000 
Loaded withdrawal transaction
Parsed transaction: withdraw 2 50.000000 
Loaded withdrawal transaction
Parsed transaction: withdraw 3 50.000000 
Loaded withdrawal transaction
Parsed transaction: withdraw 4 50.000000 
Loaded withdrawal transaction
Parsed transaction: withdraw 5 50.000000 
Loaded withdrawal transaction
Parsed transaction: withdraw 6 50.000000 
Loaded withdrawal transaction
Parsed transaction: withdraw 7 50.000000 
Loaded withdrawal transaction
Parsed transaction: withdraw 8 50.000000 
Loaded withdrawal transaction
Parsed transaction: withdraw 9 50.000000 
Loaded withdrawal transaction
Parsed transaction: withdraw 0 50.000000 
Loaded withdrawal transaction
********************************************
********************************************
   Reading and parsing a transaction file   
********************************************
Parsed transaction: deposit 0 7.000000 
Loaded deposit transaction
Parsed transaction: deposit 1 11.000000 
Loaded deposit transaction
Parsed transaction: deposit 2 9.000000 
Loaded deposit transaction
Parsed transaction: transfer 3 7 29.000000 
Loaded transfer transaction
Parsed transaction: transfer 7 6 31.000000 
Loaded transfer transaction
Parsed transaction: transfer 7 5 137.000000 
Loaded transfer transaction
Parsed transaction: transfer 7 4 3.000000 
Loaded transfer transaction
Parsed transaction: transfer 7 4 5.000000 
Loaded transfer transaction
Parsed transaction: deposit 3 929.000000 
Loaded deposit transaction
Parsed transaction: deposit 4 937.000000 
Loaded deposit transaction
Parsed transaction: deposit 5 941.000000 
Loaded deposit transaction
Parsed transaction: withdraw 4 1167.000000 
Loaded withdrawal transaction
Parsed transaction: withdraw 5 1307.000000 
Loaded withdrawal transaction
Parsed transaction: transfer 1 8 89.000000 
Loaded transfer transaction
Parsed transaction: transfer 1 9 163.000000 
Loaded transfer transaction
Parsed transaction: withdraw 1 41.000000 
Loaded withdrawal transaction
Parsed transaction: withdraw 2 71.000000 
Loaded withdrawal transaction
Parsed transaction: withdraw 3 1127.000000 
Loaded withdrawal transaction
Parsed transaction: withdraw 6 647.000000 
Loaded withdrawal transaction
Parsed transaction: deposit 6 953.000000 
Loaded deposit transaction
Parsed transaction: deposit 7 967.000000 
Loaded deposit transaction
Parsed transaction: transfer 1 7 19.000000 
Loaded transfer transaction
Parsed transaction: transfer 2 7 23.000000 
Loaded transfer transaction
Parsed transaction: transfer 6 5 1167.000000 
Loaded transfer transaction
Parsed transaction: transfer 4 5 53.000000 
Loaded transfer transaction
Parsed transaction: withdraw 7 1593.000000 
Loaded withdrawal transaction
Parsed transaction: withdraw 8 449.000000 
Loaded withdrawal transaction
Parsed transaction: withdraw 9 163.000000 
Loaded withdrawal transaction
********************************************
********************************************
   Reading and parsing a transaction file   
********************************************
Parsed transaction: deposit 9 617.000000 
Loaded deposit transaction
Parsed transaction: transfer 9 1 617.000000 
Loaded transfer transaction
Parsed transaction: deposit 8 619.000000 
Loaded deposit transaction
Parsed transaction: transfer 8 2 619.000000 
Loaded transfer transaction
Parsed transaction: deposit 7 631.000000 
Loaded deposit transaction
Parsed transaction: transfer 7 3 631.000000 
Loaded transfer transaction
Parsed transaction: deposit 6 641.000000 
Loaded deposit transaction
Parsed transaction: transfer 6 4 641.000000 
Loaded transfer transaction
Parsed transaction: deposit 5 643.000000 
Loaded deposit transaction
Parsed transaction: transfer 5 6 1200.000000 
Loaded transfer transaction
Parsed transaction: deposit 4 647.000000 
Loaded deposit transaction
Parsed transaction: transfer 4 7 1200.000000 
Loaded transfer transaction
Parsed transaction: deposit 3 653.000000 
Loaded deposit transaction
Parsed transaction: transfer 3 8 1200.000000 
Loaded transfer transaction
Parsed transaction: deposit 2 659.000000 
Loaded deposit transaction
Parsed transaction: transfer 2 9 1200.000000 
Loaded transfer transaction
Parsed transaction: deposit 1 661.000000 
Loaded deposit transaction
Parsed transaction: transfer 1 9 1200.000000 
Loaded transfer transaction
Parsed transaction: deposit 0 673.000000 
Loaded deposit transaction
Parsed transaction: transfer 0 9 1200.000000 
Loaded transfer transaction
Parsed transaction: withdraw 1 50.000000 
Loaded withdrawal transaction
Parsed transaction: withdraw 2 50.000000 
Loaded withdrawal transaction
Parsed transaction: withdraw 3 50.000000 
Loaded withdrawal transaction
Parsed transaction: withdraw 4 50.000000 
Loaded withdrawal transaction
Parsed transaction: withdraw 5 50.000000 
Loaded withdrawal transaction
Parsed transaction: withdraw 6 50.000000 
Loaded withdrawal transaction
Parsed transaction: withdraw 7 50.000000 
Loaded withdrawal transaction
Parsed transaction: withdraw 8 50.000000 
Loaded withdrawal transaction
Parsed transaction: withdraw 9 50.000000 
Loaded withdrawal transaction
Parsed transaction: withdraw 0 50.000000 
Loaded withdrawal transaction
********************************************
********************************************
   Reading and parsing a transaction file   
********************************************
Parsed transaction: deposit 0 400.000000 
Loaded deposit transaction
Parsed transaction: withdraw 0 200.000000 
Loaded withdrawal transaction
Parsed transaction: deposit 1 100.000000 
Loaded deposit transaction
Parsed transaction: deposit 2 900.000000 
Loaded deposit transaction
Parsed transaction: withdraw 1 50.000000 
Loaded withdrawal transaction
Parsed transaction: withdraw 2 150.000000 
Loaded withdrawal transaction
Parsed transaction: deposit 3 500.000000 
Loaded deposit transaction
Parsed transaction: transfer 2 1 300.000000 
Loaded transfer transaction
Parsed transaction: transfer 3 1 300.000000 
Loaded transfer transaction
Parsed transaction: deposit 0 400.000000 
Loaded deposit transaction
Parsed transaction: withdraw 3 200.000000 
Loaded withdrawal transaction
Parsed transaction: balance 1 
Loaded balance transaction
********************************************
********************************************
   Reading and parsing a transaction file   
********************************************
Parsed transaction: deposit 9 617.000000 
Loaded deposit transaction
Parsed transaction: transfer 9 1 617.000000 
Loaded transfer transaction
Parsed transaction: deposit 8 619.000000 
Loaded deposit transaction
Parsed transaction: transfer 8 2 619.000000 
Loaded transfer transaction
Parsed transaction: deposit 7 631.000000 
Loaded deposit transaction
Parsed transaction: transfer 7 3 631.000000 
Loaded transfer transaction
Parsed transaction: deposit 6 641.000000 
Loaded deposit transaction
Parsed transaction: transfer 6 4 641.000000 
Loaded transfer transaction
Parsed transaction: deposit 5 643.000000 
Loaded deposit transaction
Parsed transaction: transfer 5 6 1200.000000 
Loaded transfer transaction
Parsed transaction: deposit 4 647.000000 
Loaded deposit transaction
Parsed transaction: transfer 4 7 1200.000000 
Loaded transfer transaction
Parsed transaction: deposit 3 653.000000 
Loaded deposit transaction
Parsed transaction: transfer 3 8 1200.000000 
Loaded transfer transaction
Parsed transaction: deposit 2 659.000000 
Loaded deposit transaction
Parsed transaction: transfer 2 9 1200.000000 
Loaded transfer transaction
Parsed transaction: deposit 1 661.000000 
Loaded deposit transaction
Parsed transaction: transfer 1 9 1200.000000 
Loaded transfer transaction
Parsed transaction: deposit 0 673.000000 
Loaded deposit transaction
Parsed transaction: transfer 0 9 1200.000000 
Loaded transfer transaction
********************************************
********************************************
   Reading and parsing a transaction file   
********************************************
Parsed transaction: deposit 0 400.000000 
Loaded deposit transaction
Parsed transaction: withdraw 0 200.000000 
Loaded withdrawal transaction
Parsed transaction: deposit 0 100.000000 
Loaded deposit transaction
Parsed transaction: withdraw 0 50.000000 
Loaded withdrawal transaction
Parsed transaction: withdraw 0 150.000000 
Loaded withdrawal transaction
Parsed transaction: deposit 0 300.000000 
Loaded deposit transaction
Parsed transaction: transfer 0 1 300.000000 
Loaded transfer transaction
Parsed transaction: balance 1 
Loaded balance transaction
********************************************
********************************************
   Reading and parsing a transaction file   
********************************************
Parsed transaction: deposit 0 100.000000 
Loaded deposit transaction
Parsed transaction: deposit 0 200.000000 
Loaded deposit transaction
Parsed transaction: deposit 0 300.000000 
Loaded deposit transaction
Parsed transaction: withdraw 0 200.000000 
Loaded withdrawal transaction
Parsed transaction: withdraw 0 100.000000 
Loaded withdrawal transaction
Parsed transaction: withdraw 0 50.000000 
Loaded withdrawal transaction
Parsed transaction: transfer 1 0 200.000000 
Loaded transfer transaction
Parsed transaction: balance 0 
Loaded balance transaction
********************************************
  ***    Start of transaction batch    ***  
User 0, Acc 9 Balance 0.000000, Deposit 617.000000 
User 0, Acc 9 Balance 617.000000, Transfer 617.000000 to Acc 9
User 0, Acc 8 Balance 0.000000, Deposit 619.000000 
User 0, Acc 8 Balance 619.000000, Transfer 619.000000 to Acc 2
User 0, Acc 7 Balance 0.000000, Deposit 631.000000 
User 0, Acc 7 Balance 631.000000, Transfer 631.000000 to Acc 3
User 0, Acc 6 Balance 0.000000, Deposit 641.000000 
User 0, Acc 6 Balance 641.000000, Transfer 641.000000 to Acc 4
User 0, Acc 5 Balance 0.000000, Deposit 643.000000 
User 0, Acc 4 Balance 641.000000, Deposit 647.000000 
User 0, Acc 4 Balance 1288.000000, Transfer 1200.000000 to Acc 7
User 0, Acc 3 Balance 631.000000, Deposit 653.000000 
User 0, Acc 3 Balance 1284.000000, Transfer 1200.000000 to Acc 8
User 0, Acc 2 Balance 619.000000, Deposit 659.000000 
User 0, Acc 2 Balance 1278.000000, Transfer 1200.000000 to Acc 9
User 0, Acc 1 Balance 0.000000, Deposit 661.000000 
User 0, Acc 0 Balance 0.000000, Deposit 673.000000 
User 0, Acc 1 Balance 661.000000, Withdraw 50.000000 
User 0, Acc 2 Balance 78.000000, Withdraw 50.000000 
User 0, Acc 3 Balance 84.000000, Withdraw 50.000000 
User 0, Acc 4 Balance 88.000000, Withdraw 50.000000 
User 0, Acc 5 Balance 643.000000, Withdraw 50.000000 
[22;32mUser 0, Acc 6 Balance 0.000000, 				Withdraw 50.000000 --insufficient funds[0m
User 0, Acc 7 Balance 1200.000000, Withdraw 50.000000 
User 0, Acc 8 Balance 1200.000000, Withdraw 50.000000 
User 0, Acc 9 Balance 1817.000000, Withdraw 50.000000 
User 0, Acc 0 Balance 673.000000, Withdraw 50.000000 
User 0, Acc 0 Balance 623.000000, Deposit 7.000000 
User 0, Acc 1 Balance 611.000000, Deposit 11.000000 
User 0, Acc 2 Balance 28.000000, Deposit 9.000000 
User 0, Acc 3 Balance 34.000000, Transfer 29.000000 to Acc 7
User 0, Acc 7 Balance 1179.000000, Transfer 31.000000 to Acc 6
User 0, Acc 7 Balance 1148.000000, Transfer 137.000000 to Acc 5
User 4, Acc 9 Balance 1767.000000, Deposit 617.000000 
User 5, Acc 9 Balance 1767.000000, Deposit 617.000000 
User 2, Acc 0 Balance 630.000000, Deposit 400.000000 
User 3, Acc 0 Balance 630.000000, Deposit 400.000000 
User 1, Acc 0 Balance 630.000000, Deposit 100.000000 
User 3, Acc 0 Balance 1430.000000, Withdraw 200.000000 
User 1, Acc 0 Balance 1530.000000, Deposit 200.000000 
User 3, Acc 0 Balance 1330.000000, Deposit 100.000000 
User 1, Acc 0 Balance 1530.000000, Deposit 300.000000 
User 2, Acc 0 Balance 1030.000000, Withdraw 200.000000 
User 6, Acc 9 Balance 1767.000000, Deposit 617.000000 
User 0, Acc 7 Balance 1011.000000, Transfer 3.000000 to Acc 4
User 0, Acc 7 Balance 1008.000000, Transfer 5.000000 to Acc 4
User 0, Acc 3 Balance 5.000000, Deposit 929.000000 
User 3, Acc 0 Balance 1630.000000, Withdraw 50.000000 
User 0, Acc 4 Balance 46.000000, Deposit 937.000000 
User 2, Acc 1 Balance 622.000000, Deposit 100.000000 
User 0, Acc 5 Balance 730.000000, Deposit 941.000000 
User 6, Acc 9 Balance 3618.000000, Transfer 617.000000 to Acc 1
[22;32mUser 0, Acc 4 Balance 983.000000, 				Withdraw 1167.000000 --insufficient funds[0m
User 6, Acc 8 Balance 1150.000000, Deposit 619.000000 
User 0, Acc 5 Balance 1671.000000, Withdraw 1307.000000 
User 6, Acc 8 Balance 1769.000000, Transfer 619.000000 to Acc 2
User 0, Acc 1 Balance 1339.000000, Transfer 89.000000 to Acc 8
User 5, Acc 9 Balance 3001.000000, Transfer 617.000000 to Acc 1
User 0, Acc 1 Balance 1250.000000, Transfer 163.000000 to Acc 9
User 2, Acc 2 Balance 37.000000, Deposit 900.000000 
User 0, Acc 1 Balance 1704.000000, Withdraw 41.000000 
User 2, Acc 1 Balance 1704.000000, Withdraw 50.000000 
User 0, Acc 2 Balance 1556.000000, Withdraw 71.000000 
User 5, Acc 8 Balance 1239.000000, Deposit 619.000000 
User 3, Acc 0 Balance 1680.000000, Withdraw 150.000000 
User 5, Acc 8 Balance 1858.000000, Transfer 619.000000 to Acc 2
User 4, Acc 9 Balance 2384.000000, Transfer 617.000000 to Acc 9
User 2, Acc 2 Balance 1556.000000, Withdraw 150.000000 
User 1, Acc 0 Balance 1930.000000, Withdraw 200.000000 
[22;32mUser 0, Acc 3 Balance 934.000000, 				Withdraw 1127.000000 --insufficient funds[0m
[22;32mUser 0, Acc 6 Balance 31.000000, 				Withdraw 647.000000 --insufficient funds[0m
User 0, Acc 6 Balance 31.000000, Deposit 953.000000 
User 0, Acc 7 Balance 1003.000000, Deposit 967.000000 
User 0, Acc 1 Balance 1613.000000, Transfer 19.000000 to Acc 7
User 0, Acc 2 Balance 1954.000000, Transfer 23.000000 to Acc 7
User 0, Acc 4 Balance 983.000000, Transfer 53.000000 to Acc 5
User 0, Acc 7 Balance 2012.000000, Withdraw 1593.000000 
User 0, Acc 8 Balance 1239.000000, Withdraw 449.000000 
User 0, Acc 9 Balance 2547.000000, Withdraw 163.000000 
User 0, Acc 9 Balance 2384.000000, Deposit 617.000000 
User 0, Acc 9 Balance 3001.000000, Transfer 617.000000 to Acc 9
User 0, Acc 8 Balance 790.000000, Deposit 619.000000 
User 0, Acc 8 Balance 1409.000000, Transfer 619.000000 to Acc 2
User 0, Acc 7 Balance 419.000000, Deposit 631.000000 
User 0, Acc 7 Balance 1050.000000, Transfer 631.000000 to Acc 3
User 0, Acc 6 Balance 984.000000, Deposit 641.000000 
User 0, Acc 6 Balance 1625.000000, Transfer 641.000000 to Acc 4
User 0, Acc 5 Balance 417.000000, Deposit 643.000000 
User 0, Acc 4 Balance 1571.000000, Deposit 647.000000 
User 0, Acc 4 Balance 2218.000000, Transfer 1200.000000 to Acc 7
User 0, Acc 3 Balance 1565.000000, Deposit 653.000000 
User 0, Acc 3 Balance 2218.000000, Transfer 1200.000000 to Acc 8
User 0, Acc 2 Balance 2550.000000, Deposit 659.000000 
User 0, Acc 2 Balance 3209.000000, Transfer 1200.000000 to Acc 9
User 0, Acc 1 Balance 1594.000000, Deposit 661.000000 
User 0, Acc 1 Balance 2255.000000, Transfer 1200.000000 to Acc 9
User 0, Acc 0 Balance 1330.000000, Deposit 673.000000 
User 0, Acc 0 Balance 2003.000000, Transfer 1200.000000 to Acc 9
User 0, Acc 1 Balance 1055.000000, Withdraw 50.000000 
User 0, Acc 2 Balance 2009.000000, Withdraw 50.000000 
User 0, Acc 3 Balance 1018.000000, Withdraw 50.000000 
User 0, Acc 4 Balance 1018.000000, Withdraw 50.000000 
User 0, Acc 5 Balance 1060.000000, Withdraw 50.000000 
User 0, Acc 6 Balance 984.000000, Withdraw 50.000000 
User 0, Acc 7 Balance 1619.000000, Withdraw 50.000000 
User 0, Acc 8 Balance 1990.000000, Withdraw 50.000000 
User 3, Acc 0 Balance 1530.000000, Deposit 300.000000 
User 0, Acc 9 Balance 6601.000000, Withdraw 50.000000 
User 6, Acc 7 Balance 1003.000000, Deposit 631.000000 
User 4, Acc 8 Balance 1239.000000, Deposit 619.000000 
User 6, Acc 7 Balance 2200.000000, Transfer 631.000000 to Acc 3
User 4, Acc 8 Balance 2559.000000, Transfer 619.000000 to Acc 2
User 3, Acc 0 Balance 1103.000000, Transfer 300.000000 to Acc 1
User 4, Acc 7 Balance 1569.000000, Deposit 631.000000 
Balance in 1: 1305.000000
User 3, Acc 9 Balance 6551.000000, Deposit 617.000000 
User 2, Acc 3 Balance 934.000000, Deposit 500.000000 
User 3, Acc 9 Balance 7168.000000, Transfer 617.000000 to Acc 9
User 1, Acc 0 Balance 1330.000000, Withdraw 100.000000 
User 3, Acc 8 Balance 1940.000000, Deposit 619.000000 
User 1, Acc 0 Balance 703.000000, Withdraw 50.000000 
User 3, Acc 8 Balance 2559.000000, Transfer 619.000000 to Acc 2
User 0, Acc 0 Balance 1103.000000, Withdraw 50.000000 
User 2, Acc 2 Balance 2578.000000, Transfer 300.000000 to Acc 1
User 0, Acc 9 Balance 7168.000000, Deposit 617.000000 
User 0, Acc 9 Balance 7785.000000, Transfer 617.000000 to Acc 9
User 0, Acc 8 Balance 1940.000000, Deposit 619.000000 
User 0, Acc 8 Balance 2559.000000, Transfer 619.000000 to Acc 2
User 0, Acc 7 Balance 2200.000000, Deposit 631.000000 
User 0, Acc 7 Balance 2831.000000, Transfer 631.000000 to Acc 3
User 0, Acc 6 Balance 934.000000, Deposit 641.000000 
User 0, Acc 6 Balance 1575.000000, Transfer 641.000000 to Acc 4
User 0, Acc 5 Balance 1010.000000, Deposit 643.000000 
User 0, Acc 5 Balance 1653.000000, Transfer 1200.000000 to Acc 6
User 0, Acc 4 Balance 1609.000000, Deposit 647.000000 
User 0, Acc 4 Balance 2256.000000, Transfer 1200.000000 to Acc 7
User 5, Acc 7 Balance 1003.000000, Deposit 631.000000 
User 5, Acc 7 Balance 4031.000000, Transfer 631.000000 to Acc 3
User 4, Acc 7 Balance 2200.000000, Transfer 631.000000 to Acc 3
User 1, Acc 1 Balance 1305.000000, Transfer 200.000000 to Acc 0
User 3, Acc 7 Balance 2200.000000, Deposit 631.000000 
Balance in 0: 803.000000
User 1, Acc 9 Balance 7785.000000, Deposit 617.000000 
User 3, Acc 7 Balance 3400.000000, Transfer 631.000000 to Acc 3
User 3, Acc 6 Balance 2134.000000, Deposit 641.000000 
User 5, Acc 6 Balance 2134.000000, Deposit 641.000000 
User 4, Acc 6 Balance 2134.000000, Deposit 641.000000 
User 6, Acc 6 Balance 934.000000, Deposit 641.000000 
User 2, Acc 3 Balance 2099.000000, Transfer 300.000000 to Acc 1
User 6, Acc 6 Balance 4698.000000, Transfer 641.000000 to Acc 4
User 2, Acc 0 Balance 803.000000, Deposit 400.000000 
User 2, Acc 3 Balance 4323.000000, Withdraw 200.000000 
User 0, Acc 3 Balance 2730.000000, Deposit 653.000000 
User 5, Acc 6 Balance 3416.000000, Transfer 641.000000 to Acc 4
User 0, Acc 3 Balance 4776.000000, Transfer 1200.000000 to Acc 8
User 1, Acc 9 Balance 8402.000000, Transfer 617.000000 to Acc 9
User 0, Acc 2 Balance 3516.000000, Deposit 659.000000 
User 1, Acc 8 Balance 3140.000000, Deposit 619.000000 
User 3, Acc 6 Balance 2775.000000, Transfer 641.000000 to Acc 4
Balance in 1: 1705.000000
User 3, Acc 5 Balance 453.000000, Deposit 643.000000 
User 3, Acc 4 Balance 2979.000000, Deposit 647.000000 
User 2, Acc 9 Balance 8402.000000, Deposit 617.000000 
User 3, Acc 4 Balance 3626.000000, Transfer 1200.000000 to Acc 7
User 0, Acc 2 Balance 4175.000000, Transfer 1200.000000 to Acc 9
User 0, Acc 1 Balance 1705.000000, Deposit 661.000000 
User 0, Acc 1 Balance 2366.000000, Transfer 1200.000000 to Acc 9
User 0, Acc 0 Balance 1203.000000, Deposit 673.000000 
User 0, Acc 0 Balance 1876.000000, Transfer 1200.000000 to Acc 9
User 0, Acc 1 Balance 1166.000000, Withdraw 50.000000 
User 0, Acc 2 Balance 2975.000000, Withdraw 50.000000 
User 0, Acc 3 Balance 3576.000000, Withdraw 50.000000 
User 0, Acc 4 Balance 2426.000000, Withdraw 50.000000 
User 0, Acc 5 Balance 1096.000000, Withdraw 50.000000 
User 0, Acc 6 Balance 2775.000000, Withdraw 50.000000 
User 0, Acc 7 Balance 3969.000000, Withdraw 50.000000 
User 0, Acc 8 Balance 3759.000000, Withdraw 50.000000 
User 0, Acc 9 Balance 12619.000000, Withdraw 50.000000 
User 0, Acc 0 Balance 676.000000, Withdraw 50.000000 
User 6, Acc 5 Balance 453.000000, Deposit 643.000000 
User 0, Acc 0 Balance 626.000000, Deposit 7.000000 
User 1, Acc 8 Balance 3759.000000, Transfer 619.000000 to Acc 2
User 0, Acc 1 Balance 1116.000000, Deposit 11.000000 
User 4, Acc 6 Balance 4057.000000, Transfer 641.000000 to Acc 4
User 5, Acc 5 Balance 453.000000, Deposit 643.000000 
User 4, Acc 5 Balance 1689.000000, Deposit 643.000000 
User 5, Acc 5 Balance 2332.000000, Transfer 1200.000000 to Acc 6
User 1, Acc 7 Balance 3919.000000, Deposit 631.000000 
User 5, Acc 4 Balance 3017.000000, Deposit 647.000000 
User 1, Acc 7 Balance 4550.000000, Transfer 631.000000 to Acc 3
User 1, Acc 6 Balance 3284.000000, Deposit 641.000000 
User 6, Acc 5 Balance 1689.000000, Transfer 1200.000000 to Acc 6
User 4, Acc 5 Balance 2975.000000, Transfer 1200.000000 to Acc 6
User 2, Acc 9 Balance 9019.000000, Transfer 617.000000 to Acc 9
User 4, Acc 4 Balance 3664.000000, Deposit 647.000000 
User 4, Acc 4 Balance 4311.000000, Transfer 1200.000000 to Acc 7
User 5, Acc 4 Balance 3664.000000, Transfer 1200.000000 to Acc 7
User 0, Acc 2 Balance 3544.000000, Deposit 9.000000 
User 0, Acc 3 Balance 4157.000000, Transfer 29.000000 to Acc 7
User 0, Acc 7 Balance 6348.000000, Transfer 31.000000 to Acc 6
User 0, Acc 7 Balance 6317.000000, Transfer 137.000000 to Acc 5
User 0, Acc 7 Balance 6180.000000, Transfer 3.000000 to Acc 4
User 0, Acc 7 Balance 6177.000000, Transfer 5.000000 to Acc 4
User 0, Acc 3 Balance 4128.000000, Deposit 929.000000 
User 0, Acc 4 Balance 1919.000000, Deposit 937.000000 
User 0, Acc 5 Balance -488.000000, Deposit 941.000000 
User 0, Acc 4 Balance 2856.000000, Withdraw 1167.000000 
[22;32mUser 0, Acc 5 Balance 453.000000, 				Withdraw 1307.000000 --insufficient funds[0m
User 0, Acc 1 Balance 1127.000000, Transfer 89.000000 to Acc 8
User 0, Acc 1 Balance 1038.000000, Transfer 163.000000 to Acc 9
User 0, Acc 1 Balance 875.000000, Withdraw 41.000000 
User 0, Acc 2 Balance 3553.000000, Withdraw 71.000000 
User 0, Acc 3 Balance 5057.000000, Withdraw 1127.000000 
User 0, Acc 6 Balance 6356.000000, Withdraw 647.000000 
User 0, Acc 6 Balance 5709.000000, Deposit 953.000000 
User 0, Acc 7 Balance 6172.000000, Deposit 967.000000 
User 0, Acc 1 Balance 834.000000, Transfer 19.000000 to Acc 7
User 0, Acc 2 Balance 3482.000000, Transfer 23.000000 to Acc 7
User 0, Acc 6 Balance 6662.000000, Transfer 1167.000000 to Acc 5
User 0, Acc 4 Balance 1689.000000, Transfer 53.000000 to Acc 5
User 0, Acc 7 Balance 7181.000000, Withdraw 1593.000000 
User 0, Acc 8 Balance 3179.000000, Withdraw 449.000000 
User 0, Acc 9 Balance 12732.000000, Withdraw 163.000000 
User 0, Acc 0 Balance 633.000000, Deposit 7.000000 
User 0, Acc 1 Balance 815.000000, Deposit 11.000000 
User 0, Acc 2 Balance 3459.000000, Deposit 9.000000 
User 0, Acc 3 Balance 3930.000000, Transfer 29.000000 to Acc 7
User 0, Acc 7 Balance 5617.000000, Transfer 31.000000 to Acc 6
User 0, Acc 7 Balance 5586.000000, Transfer 137.000000 to Acc 5
User 0, Acc 7 Balance 5449.000000, Transfer 3.000000 to Acc 4
User 0, Acc 7 Balance 5446.000000, Transfer 5.000000 to Acc 4
User 0, Acc 3 Balance 3901.000000, Deposit 929.000000 
User 0, Acc 4 Balance 1644.000000, Deposit 937.000000 
User 0, Acc 5 Balance 1810.000000, Deposit 941.000000 
User 0, Acc 4 Balance 2581.000000, Withdraw 1167.000000 
User 0, Acc 5 Balance 2751.000000, Withdraw 1307.000000 
User 0, Acc 1 Balance 826.000000, Transfer 89.000000 to Acc 8
User 0, Acc 1 Balance 737.000000, Transfer 163.000000 to Acc 9
User 0, Acc 1 Balance 574.000000, Withdraw 41.000000 
User 0, Acc 2 Balance 3468.000000, Withdraw 71.000000 
User 0, Acc 3 Balance 4830.000000, Withdraw 1127.000000 
User 0, Acc 6 Balance 5526.000000, Withdraw 647.000000 
User 0, Acc 6 Balance 4879.000000, Deposit 953.000000 
User 0, Acc 7 Balance 5441.000000, Deposit 967.000000 
User 0, Acc 1 Balance 533.000000, Transfer 19.000000 to Acc 7
User 0, Acc 2 Balance 3397.000000, Transfer 23.000000 to Acc 7
User 0, Acc 6 Balance 5832.000000, Transfer 1167.000000 to Acc 5
User 0, Acc 4 Balance 1414.000000, Transfer 53.000000 to Acc 5
User 0, Acc 7 Balance 6450.000000, Withdraw 1593.000000 
User 0, Acc 8 Balance 2819.000000, Withdraw 449.000000 
User 0, Acc 9 Balance 12732.000000, Withdraw 163.000000 
User 0, Acc 0 Balance 640.000000, Deposit 7.000000 
User 0, Acc 1 Balance 514.000000, Deposit 11.000000 
User 0, Acc 2 Balance 3374.000000, Deposit 9.000000 
User 0, Acc 3 Balance 3703.000000, Transfer 29.000000 to Acc 7
User 0, Acc 7 Balance 4886.000000, Transfer 31.000000 to Acc 6
User 0, Acc 7 Balance 4855.000000, Transfer 137.000000 to Acc 5
User 0, Acc 7 Balance 4718.000000, Transfer 3.000000 to Acc 4
User 0, Acc 7 Balance 4715.000000, Transfer 5.000000 to Acc 4
User 0, Acc 3 Balance 3674.000000, Deposit 929.000000 
User 0, Acc 4 Balance 1369.000000, Deposit 937.000000 
User 0, Acc 5 Balance 2801.000000, Deposit 941.000000 
User 0, Acc 4 Balance 2306.000000, Withdraw 1167.000000 
User 0, Acc 5 Balance 3742.000000, Withdraw 1307.000000 
User 0, Acc 1 Balance 525.000000, Transfer 89.000000 to Acc 8
User 0, Acc 1 Balance 436.000000, Transfer 163.000000 to Acc 9
User 0, Acc 1 Balance 273.000000, Withdraw 41.000000 
User 0, Acc 2 Balance 3383.000000, Withdraw 71.000000 
User 0, Acc 3 Balance 4603.000000, Withdraw 1127.000000 
User 0, Acc 6 Balance 4696.000000, Withdraw 647.000000 
User 0, Acc 6 Balance 4049.000000, Deposit 953.000000 
User 0, Acc 7 Balance 4710.000000, Deposit 967.000000 
User 0, Acc 1 Balance 232.000000, Transfer 19.000000 to Acc 7
User 0, Acc 2 Balance 3312.000000, Transfer 23.000000 to Acc 7
User 0, Acc 6 Balance 5002.000000, Transfer 1167.000000 to Acc 5
User 0, Acc 4 Balance 1139.000000, Transfer 53.000000 to Acc 5
User 0, Acc 7 Balance 5719.000000, Withdraw 1593.000000 
User 0, Acc 8 Balance 2459.000000, Withdraw 449.000000 
User 0, Acc 9 Balance 12732.000000, Withdraw 163.000000 
User 0, Acc 0 Balance 647.000000, Deposit 7.000000 
User 0, Acc 1 Balance 213.000000, Deposit 11.000000 
User 0, Acc 2 Balance 3289.000000, Deposit 9.000000 
User 1, Acc 6 Balance 3925.000000, Transfer 641.000000 to Acc 4
User 0, Acc 3 Balance 3476.000000, Transfer 29.000000 to Acc 7
User 3, Acc 3 Balance 3576.000000, Deposit 653.000000 
User 1, Acc 5 Balance 3655.000000, Deposit 643.000000 
User 4, Acc 3 Balance 4157.000000, Deposit 653.000000 
User 1, Acc 5 Balance 4298.000000, Transfer 1200.000000 to Acc 6
User 5, Acc 3 Balance 4157.000000, Deposit 653.000000 
User 1, Acc 4 Balance 1727.000000, Deposit 647.000000 
User 5, Acc 3 Balance 5406.000000, Transfer 1200.000000 to Acc 8
User 1, Acc 4 Balance 2374.000000, Transfer 1200.000000 to Acc 7
User 1, Acc 3 Balance 5406.000000, Deposit 653.000000 
User 5, Acc 2 Balance 3298.000000, Deposit 659.000000 
User 1, Acc 3 Balance 4859.000000, Transfer 1200.000000 to Acc 8
User 5, Acc 2 Balance 3957.000000, Transfer 1200.000000 to Acc 9
User 5, Acc 1 Balance 224.000000, Deposit 661.000000 
User 1, Acc 2 Balance 2757.000000, Deposit 659.000000 
User 5, Acc 0 Balance 654.000000, Deposit 673.000000 
User 1, Acc 2 Balance 3416.000000, Transfer 1200.000000 to Acc 9
User 5, Acc 0 Balance 1327.000000, Transfer 1200.000000 to Acc 9
User 1, Acc 1 Balance 885.000000, Deposit 661.000000 
User 1, Acc 1 Balance 1546.000000, Transfer 1200.000000 to Acc 9
User 3, Acc 3 Balance 4100.000000, Transfer 1200.000000 to Acc 8
User 3, Acc 2 Balance 2216.000000, Deposit 659.000000 
User 3, Acc 2 Balance 2875.000000, Transfer 1200.000000 to Acc 9
User 3, Acc 1 Balance 346.000000, Deposit 661.000000 
User 3, Acc 0 Balance 127.000000, Deposit 673.000000 
User 3, Acc 1 Balance 1007.000000, Withdraw 50.000000 
User 5, Acc 1 Balance 1546.000000, Withdraw 50.000000 
User 3, Acc 2 Balance 1675.000000, Withdraw 50.000000 
User 5, Acc 2 Balance 1675.000000, Withdraw 50.000000 
User 3, Acc 3 Balance 2459.000000, Withdraw 50.000000 
User 2, Acc 8 Balance 3090.000000, Deposit 619.000000 
User 6, Acc 4 Balance 3664.000000, Deposit 647.000000 
User 2, Acc 8 Balance 6229.000000, Transfer 619.000000 to Acc 2
User 0, Acc 7 Balance 4155.000000, Transfer 31.000000 to Acc 6
User 5, Acc 3 Balance 2459.000000, Withdraw 50.000000 
User 0, Acc 7 Balance 5324.000000, Transfer 137.000000 to Acc 5
User 4, Acc 3 Balance 4753.000000, Transfer 1200.000000 to Acc 8
User 0, Acc 7 Balance 5187.000000, Transfer 3.000000 to Acc 4
User 1, Acc 0 Balance 127.000000, Deposit 673.000000 
User 2, Acc 7 Balance 5355.000000, Deposit 631.000000 
User 5, Acc 4 Balance 1821.000000, Withdraw 50.000000 
User 3, Acc 4 Balance 1174.000000, Withdraw 50.000000 
User 5, Acc 5 Balance 3235.000000, Withdraw 50.000000 
User 5, Acc 6 Balance 4425.000000, Withdraw 50.000000 
User 4, Acc 2 Balance 2194.000000, Deposit 659.000000 
User 4, Acc 2 Balance 2853.000000, Transfer 1200.000000 to Acc 9
User 4, Acc 1 Balance 907.000000, Deposit 661.000000 
User 2, Acc 7 Balance 5815.000000, Transfer 631.000000 to Acc 3
User 4, Acc 1 Balance 1568.000000, Transfer 1200.000000 to Acc 9
User 2, Acc 6 Balance 4375.000000, Deposit 641.000000 
User 4, Acc 0 Balance 1473.000000, Deposit 673.000000 
User 5, Acc 7 Balance 5815.000000, Withdraw 50.000000 
User 0, Acc 7 Balance 5184.000000, Transfer 5.000000 to Acc 4
User 0, Acc 3 Balance 1790.000000, Deposit 929.000000 
User 0, Acc 4 Balance 1729.000000, Deposit 937.000000 
User 0, Acc 5 Balance 3185.000000, Deposit 941.000000 
User 0, Acc 4 Balance 2666.000000, Withdraw 1167.000000 
User 0, Acc 5 Balance 4126.000000, Withdraw 1307.000000 
User 0, Acc 1 Balance 368.000000, Transfer 89.000000 to Acc 8
User 0, Acc 1 Balance 279.000000, Transfer 163.000000 to Acc 9
User 0, Acc 1 Balance 116.000000, Withdraw 41.000000 
User 0, Acc 2 Balance 1653.000000, Withdraw 71.000000 
User 0, Acc 3 Balance 2719.000000, Withdraw 1127.000000 
User 0, Acc 6 Balance 5016.000000, Withdraw 647.000000 
User 0, Acc 6 Balance 4369.000000, Deposit 953.000000 
User 0, Acc 7 Balance 5129.000000, Deposit 967.000000 
User 0, Acc 1 Balance 75.000000, Transfer 19.000000 to Acc 7
User 0, Acc 2 Balance 1582.000000, Transfer 23.000000 to Acc 7
User 0, Acc 6 Balance 5322.000000, Transfer 1167.000000 to Acc 5
User 0, Acc 4 Balance 1499.000000, Transfer 53.000000 to Acc 5
User 0, Acc 7 Balance 6138.000000, Withdraw 1593.000000 
User 0, Acc 8 Balance 6899.000000, Withdraw 449.000000 
User 0, Acc 9 Balance 21132.000000, Withdraw 163.000000 
User 0, Acc 9 Balance 20969.000000, Deposit 617.000000 
User 0, Acc 9 Balance 21586.000000, Transfer 617.000000 to Acc 1
User 0, Acc 8 Balance 6450.000000, Deposit 619.000000 
User 0, Acc 8 Balance 7069.000000, Transfer 619.000000 to Acc 2
User 0, Acc 7 Balance 4545.000000, Deposit 631.000000 
User 0, Acc 7 Balance 5176.000000, Transfer 631.000000 to Acc 3
User 0, Acc 6 Balance 4155.000000, Deposit 641.000000 
User 0, Acc 6 Balance 4796.000000, Transfer 641.000000 to Acc 4
User 0, Acc 5 Balance 4039.000000, Deposit 643.000000 
User 0, Acc 5 Balance 4682.000000, Transfer 1200.000000 to Acc 6
User 0, Acc 4 Balance 2087.000000, Deposit 647.000000 
User 0, Acc 4 Balance 2734.000000, Transfer 1200.000000 to Acc 7
User 0, Acc 3 Balance 2223.000000, Deposit 653.000000 
User 0, Acc 3 Balance 2876.000000, Transfer 1200.000000 to Acc 8
User 0, Acc 2 Balance 2178.000000, Deposit 659.000000 
User 0, Acc 2 Balance 2837.000000, Transfer 1200.000000 to Acc 9
User 0, Acc 1 Balance 673.000000, Deposit 661.000000 
User 0, Acc 1 Balance 1334.000000, Transfer 1200.000000 to Acc 9
User 0, Acc 0 Balance 2146.000000, Deposit 673.000000 
User 0, Acc 0 Balance 2819.000000, Transfer 1200.000000 to Acc 9
User 0, Acc 1 Balance 134.000000, Withdraw 50.000000 
User 0, Acc 2 Balance 1637.000000, Withdraw 50.000000 
User 0, Acc 3 Balance 1676.000000, Withdraw 50.000000 
User 0, Acc 4 Balance 1534.000000, Withdraw 50.000000 
User 0, Acc 5 Balance 3482.000000, Withdraw 50.000000 
User 0, Acc 6 Balance 5355.000000, Withdraw 50.000000 
User 0, Acc 7 Balance 5745.000000, Withdraw 50.000000 
User 0, Acc 8 Balance 7650.000000, Withdraw 50.000000 
User 0, Acc 9 Balance 24569.000000, Withdraw 50.000000 
User 0, Acc 0 Balance 1619.000000, Withdraw 50.000000 
User 0, Acc 9 Balance 24519.000000, Deposit 617.000000 
User 0, Acc 9 Balance 25136.000000, Transfer 617.000000 to Acc 1
User 0, Acc 8 Balance 7600.000000, Deposit 619.000000 
User 0, Acc 8 Balance 8219.000000, Transfer 619.000000 to Acc 2
User 0, Acc 7 Balance 5695.000000, Deposit 631.000000 
User 0, Acc 7 Balance 6326.000000, Transfer 631.000000 to Acc 3
User 0, Acc 6 Balance 5305.000000, Deposit 641.000000 
User 0, Acc 6 Balance 5946.000000, Transfer 641.000000 to Acc 4
User 0, Acc 5 Balance 3432.000000, Deposit 643.000000 
User 0, Acc 5 Balance 4075.000000, Transfer 1200.000000 to Acc 6
User 0, Acc 4 Balance 2125.000000, Deposit 647.000000 
User 0, Acc 4 Balance 2772.000000, Transfer 1200.000000 to Acc 7
User 0, Acc 3 Balance 2257.000000, Deposit 653.000000 
User 0, Acc 3 Balance 2910.000000, Transfer 1200.000000 to Acc 8
User 0, Acc 2 Balance 2206.000000, Deposit 659.000000 
User 0, Acc 2 Balance 2865.000000, Transfer 1200.000000 to Acc 9
User 0, Acc 1 Balance 701.000000, Deposit 661.000000 
User 0, Acc 1 Balance 1362.000000, Transfer 1200.000000 to Acc 9
User 0, Acc 0 Balance 1569.000000, Deposit 673.000000 
User 0, Acc 0 Balance 2242.000000, Transfer 1200.000000 to Acc 9
User 0, Acc 1 Balance 162.000000, Withdraw 50.000000 
User 0, Acc 2 Balance 1665.000000, Withdraw 50.000000 
User 0, Acc 3 Balance 1710.000000, Withdraw 50.000000 
User 0, Acc 4 Balance 1572.000000, Withdraw 50.000000 
User 0, Acc 5 Balance 2875.000000, Withdraw 50.000000 
User 0, Acc 6 Balance 6505.000000, Withdraw 50.000000 
User 0, Acc 7 Balance 6895.000000, Withdraw 50.000000 
User 0, Acc 8 Balance 8800.000000, Withdraw 50.000000 
User 0, Acc 9 Balance 28119.000000, Withdraw 50.000000 
User 0, Acc 0 Balance 1042.000000, Withdraw 50.000000 
User 2, Acc 6 Balance 5016.000000, Transfer 641.000000 to Acc 4
User 0, Acc 0 Balance 992.000000, Deposit 7.000000 
User 4, Acc 0 Balance 2146.000000, Transfer 1200.000000 to Acc 9
User 0, Acc 1 Balance 112.000000, Deposit 11.000000 
User 5, Acc 8 Balance 6810.000000, Withdraw 50.000000 
User 0, Acc 2 Balance 1615.000000, Deposit 9.000000 
User 2, Acc 5 Balance 2825.000000, Deposit 643.000000 
User 0, Acc 3 Balance 1660.000000, Transfer 29.000000 to Acc 7
User 4, Acc 1 Balance 112.000000, Withdraw 50.000000 
User 0, Acc 7 Balance 6874.000000, Transfer 31.000000 to Acc 6
User 4, Acc 2 Balance 1624.000000, Withdraw 50.000000 
User 0, Acc 7 Balance 6843.000000, Transfer 137.000000 to Acc 5
User 3, Acc 5 Balance 3185.000000, Withdraw 50.000000 
User 2, Acc 5 Balance 3468.000000, Transfer 1200.000000 to Acc 6
User 3, Acc 6 Balance 5845.000000, Withdraw 50.000000 
User 2, Acc 4 Balance 2163.000000, Deposit 647.000000 
User 6, Acc 4 Balance 1821.000000, Transfer 1200.000000 to Acc 7
User 2, Acc 4 Balance 2810.000000, Transfer 1200.000000 to Acc 7
User 6, Acc 3 Balance 1631.000000, Deposit 653.000000 
User 2, Acc 3 Balance 1631.000000, Deposit 653.000000 
User 6, Acc 3 Balance 2284.000000, Transfer 1200.000000 to Acc 8
User 3, Acc 7 Balance 6706.000000, Withdraw 50.000000 
User 6, Acc 2 Balance 1574.000000, Deposit 659.000000 
User 4, Acc 3 Balance 1631.000000, Withdraw 50.000000 
User 0, Acc 7 Balance 6706.000000, Transfer 3.000000 to Acc 4
User 4, Acc 4 Balance 410.000000, Withdraw 50.000000 
User 0, Acc 7 Balance 9053.000000, Transfer 5.000000 to Acc 4
User 4, Acc 5 Balance 2355.000000, Withdraw 50.000000 
User 0, Acc 3 Balance 1687.000000, Deposit 929.000000 
User 0, Acc 4 Balance 368.000000, Deposit 937.000000 
User 1, Acc 0 Balance 1473.000000, Transfer 1200.000000 to Acc 9
User 0, Acc 5 Balance 2305.000000, Deposit 941.000000 
User 0, Acc 4 Balance 1305.000000, Withdraw 1167.000000 
User 3, Acc 8 Balance 9900.000000, Withdraw 50.000000 
User 4, Acc 6 Balance 6995.000000, Withdraw 50.000000 
User 6, Acc 2 Balance 2233.000000, Transfer 1200.000000 to Acc 9
User 2, Acc 3 Balance 2937.000000, Transfer 1200.000000 to Acc 8
User 1, Acc 1 Balance 73.000000, Withdraw 50.000000 
User 2, Acc 2 Balance 1033.000000, Deposit 659.000000 
User 1, Acc 2 Balance 1033.000000, Withdraw 50.000000 
User 2, Acc 2 Balance 1692.000000, Transfer 1200.000000 to Acc 9
User 1, Acc 3 Balance 1416.000000, Withdraw 50.000000 
User 2, Acc 1 Balance 23.000000, Deposit 661.000000 
User 6, Acc 1 Balance 73.000000, Deposit 661.000000 
User 1, Acc 4 Balance 138.000000, Withdraw 50.000000 
User 0, Acc 5 Balance 3246.000000, Withdraw 1307.000000 
User 5, Acc 9 Balance 29269.000000, Withdraw 50.000000 
User 2, Acc 0 Balance -1401.000000, Deposit 673.000000 
User 2, Acc 1 Balance 1345.000000, Withdraw 50.000000 
User 3, Acc 9 Balance 30469.000000, Withdraw 50.000000 
User 1, Acc 5 Balance 3246.000000, Withdraw 50.000000 
User 4, Acc 7 Balance 9048.000000, Withdraw 50.000000 
User 1, Acc 6 Balance 6945.000000, Withdraw 50.000000 
User 0, Acc 1 Balance 1345.000000, Transfer 89.000000 to Acc 8
[22;32mUser 5, Acc 0 Balance -728.000000, 				Withdraw 50.000000 --insufficient funds[0m
User 2, Acc 2 Balance 442.000000, Withdraw 50.000000 
User 2, Acc 3 Balance 1366.000000, Withdraw 50.000000 
User 4, Acc 8 Balance 11050.000000, Withdraw 50.000000 
User 2, Acc 4 Balance 88.000000, Withdraw 50.000000 
User 6, Acc 1 Balance 1345.000000, Transfer 1200.000000 to Acc 9
User 2, Acc 5 Balance 1889.000000, Withdraw 50.000000 
User 0, Acc 1 Balance 1206.000000, Transfer 163.000000 to Acc 9
User 5, Acc 0 Balance -728.000000, Deposit 7.000000 
User 1, Acc 7 Balance 8998.000000, Withdraw 50.000000 
User 5, Acc 1 Balance -157.000000, Deposit 11.000000 
User 6, Acc 0 Balance -728.000000, Deposit 673.000000 
User 5, Acc 2 Balance 392.000000, Deposit 9.000000 
User 6, Acc 9 Balance 34132.000000, Deposit 617.000000 
User 5, Acc 3 Balance 1316.000000, Transfer 29.000000 to Acc 7
User 6, Acc 9 Balance 34749.000000, Transfer 617.000000 to Acc 1
User 5, Acc 7 Balance 8977.000000, Transfer 31.000000 to Acc 6
User 2, Acc 6 Balance 6895.000000, Withdraw 50.000000 
User 5, Acc 7 Balance 8946.000000, Transfer 137.000000 to Acc 5
[22;32mUser 0, Acc 1 Balance -157.000000, 				Withdraw 41.000000 --insufficient funds[0m
User 5, Acc 7 Balance 8809.000000, Transfer 3.000000 to Acc 4
User 6, Acc 8 Balance 11089.000000, Deposit 619.000000 
User 5, Acc 7 Balance 8806.000000, Transfer 5.000000 to Acc 4
User 6, Acc 8 Balance 11708.000000, Transfer 619.000000 to Acc 2
User 5, Acc 3 Balance 1287.000000, Deposit 929.000000 
[22;32mUser 3, Acc 0 Balance -728.000000, 				Withdraw 50.000000 --insufficient funds[0m
User 5, Acc 4 Balance 46.000000, Deposit 937.000000 
User 3, Acc 9 Balance 34132.000000, Deposit 617.000000 
User 4, Acc 9 Balance 32769.000000, Withdraw 50.000000 
User 2, Acc 7 Balance 8946.000000, Withdraw 50.000000 
[22;32mUser 4, Acc 0 Balance -48.000000, 				Withdraw 50.000000 --insufficient funds[0m
User 6, Acc 7 Balance 8801.000000, Deposit 631.000000 
User 1, Acc 8 Balance 11089.000000, Withdraw 50.000000 
User 0, Acc 2 Balance 401.000000, Withdraw 71.000000 
User 1, Acc 9 Balance 34699.000000, Withdraw 50.000000 
User 0, Acc 3 Balance 2216.000000, Withdraw 1127.000000 
User 0, Acc 6 Balance 6876.000000, Withdraw 647.000000 
User 4, Acc 0 Balance -48.000000, Deposit 400.000000 
User 0, Acc 6 Balance 6229.000000, Deposit 953.000000 
User 4, Acc 0 Balance 352.000000, Withdraw 200.000000 
User 0, Acc 7 Balance 9382.000000, Deposit 967.000000 
User 0, Acc 1 Balance 471.000000, Transfer 19.000000 to Acc 7
[22;32mUser 1, Acc 0 Balance -48.000000, 				Withdraw 50.000000 --insufficient funds[0m
User 0, Acc 2 Balance 949.000000, Transfer 23.000000 to Acc 7
User 0, Acc 6 Balance 7182.000000, Transfer 1167.000000 to Acc 5
User 0, Acc 4 Balance 983.000000, Transfer 53.000000 to Acc 5
User 0, Acc 7 Balance 10391.000000, Withdraw 1593.000000 
User 0, Acc 8 Balance 11039.000000, Withdraw 449.000000 
User 0, Acc 9 Balance 34649.000000, Withdraw 163.000000 
User 4, Acc 1 Balance 471.000000, Deposit 100.000000 
User 0, Acc 9 Balance 34486.000000, Deposit 617.000000 
User 4, Acc 2 Balance 926.000000, Deposit 900.000000 
User 0, Acc 9 Balance 35103.000000, Transfer 617.000000 to Acc 1
User 4, Acc 1 Balance 552.000000, Withdraw 50.000000 
User 6, Acc 7 Balance 9382.000000, Transfer 631.000000 to Acc 3
User 3, Acc 9 Balance 34749.000000, Transfer 617.000000 to Acc 1
User 6, Acc 6 Balance 6015.000000, Deposit 641.000000 
User 3, Acc 8 Balance 10590.000000, Deposit 619.000000 
User 6, Acc 6 Balance 6656.000000, Transfer 641.000000 to Acc 4
User 0, Acc 8 Balance 10590.000000, Deposit 619.000000 
User 6, Acc 5 Balance 3196.000000, Deposit 643.000000 
User 6, Acc 5 Balance 3839.000000, Transfer 1200.000000 to Acc 6
User 0, Acc 8 Balance 11828.000000, Transfer 619.000000 to Acc 2
User 2, Acc 8 Balance 11089.000000, Withdraw 50.000000 
User 3, Acc 8 Balance 11209.000000, Transfer 619.000000 to Acc 2
User 2, Acc 9 Balance 33869.000000, Withdraw 50.000000 
User 3, Acc 7 Balance 8167.000000, Deposit 631.000000 
User 4, Acc 2 Balance 1826.000000, Withdraw 150.000000 
User 1, Acc 0 Balance 152.000000, Deposit 400.000000 
User 0, Acc 7 Balance 8167.000000, Deposit 631.000000 
User 5, Acc 5 Balance 1976.000000, Deposit 941.000000 
User 5, Acc 4 Balance 1571.000000, Withdraw 1167.000000 
User 5, Acc 5 Balance 3580.000000, Withdraw 1307.000000 
User 5, Acc 1 Balance 1736.000000, Transfer 89.000000 to Acc 8
User 5, Acc 1 Balance 1647.000000, Transfer 163.000000 to Acc 9
User 5, Acc 1 Balance 1484.000000, Withdraw 41.000000 
User 5, Acc 2 Balance 2914.000000, Withdraw 71.000000 
User 5, Acc 3 Balance 1720.000000, Withdraw 1127.000000 
User 5, Acc 6 Balance 7215.000000, Withdraw 647.000000 
User 5, Acc 6 Balance 6568.000000, Deposit 953.000000 
User 5, Acc 7 Balance 9429.000000, Deposit 967.000000 
User 5, Acc 1 Balance 1443.000000, Transfer 19.000000 to Acc 7
User 5, Acc 2 Balance 2843.000000, Transfer 23.000000 to Acc 7
User 5, Acc 6 Balance 7521.000000, Transfer 1167.000000 to Acc 5
User 5, Acc 4 Balance 404.000000, Transfer 53.000000 to Acc 5
User 5, Acc 7 Balance 10438.000000, Withdraw 1593.000000 
User 5, Acc 8 Balance 10629.000000, Withdraw 449.000000 
User 5, Acc 9 Balance 33982.000000, Withdraw 163.000000 
User 5, Acc 9 Balance 33819.000000, Deposit 617.000000 
User 5, Acc 9 Balance 34436.000000, Transfer 617.000000 to Acc 1
User 5, Acc 8 Balance 10180.000000, Deposit 619.000000 
User 5, Acc 8 Balance 10799.000000, Transfer 619.000000 to Acc 2
User 5, Acc 7 Balance 8845.000000, Deposit 631.000000 
User 5, Acc 7 Balance 9476.000000, Transfer 631.000000 to Acc 3
User 5, Acc 6 Balance 6354.000000, Deposit 641.000000 
User 2, Acc 0 Balance 152.000000, Withdraw 50.000000 
User 2, Acc 0 Balance 502.000000, Deposit 400.000000 
User 2, Acc 0 Balance 902.000000, Withdraw 200.000000 
User 2, Acc 1 Balance 2041.000000, Deposit 100.000000 
User 2, Acc 2 Balance 3439.000000, Deposit 900.000000 
User 1, Acc 0 Balance 552.000000, Withdraw 200.000000 
User 1, Acc 1 Balance 2141.000000, Deposit 100.000000 
User 0, Acc 7 Balance 9429.000000, Transfer 631.000000 to Acc 3
User 0, Acc 6 Balance 6995.000000, Deposit 641.000000 
User 3, Acc 7 Balance 8798.000000, Transfer 631.000000 to Acc 3
User 6, Acc 4 Balance 1571.000000, Deposit 647.000000 
User 4, Acc 3 Balance 1720.000000, Deposit 500.000000 
User 6, Acc 3 Balance 2486.000000, Deposit 653.000000 
User 4, Acc 2 Balance 4339.000000, Transfer 300.000000 to Acc 1
User 1, Acc 2 Balance 4339.000000, Deposit 900.000000 
User 5, Acc 6 Balance 6995.000000, Transfer 641.000000 to Acc 4
User 3, Acc 6 Balance 7636.000000, Deposit 641.000000 
User 5, Acc 5 Balance 3493.000000, Deposit 643.000000 
User 6, Acc 3 Balance 3639.000000, Transfer 1200.000000 to Acc 8
User 6, Acc 2 Balance 4939.000000, Deposit 659.000000 
User 6, Acc 2 Balance 5598.000000, Transfer 1200.000000 to Acc 9
User 6, Acc 1 Balance 2541.000000, Deposit 661.000000 
User 6, Acc 1 Balance 3202.000000, Transfer 1200.000000 to Acc 9
User 6, Acc 0 Balance 502.000000, Deposit 673.000000 
User 6, Acc 1 Balance 2002.000000, Withdraw 50.000000 
User 6, Acc 2 Balance 4398.000000, Withdraw 50.000000 
User 6, Acc 3 Balance 2439.000000, Withdraw 50.000000 
User 6, Acc 4 Balance 1639.000000, Withdraw 50.000000 
User 5, Acc 5 Balance 4136.000000, Transfer 1200.000000 to Acc 6
User 5, Acc 4 Balance 1589.000000, Deposit 647.000000 
User 5, Acc 4 Balance 2236.000000, Transfer 1200.000000 to Acc 7
User 5, Acc 3 Balance 2389.000000, Deposit 653.000000 
User 5, Acc 3 Balance 3042.000000, Transfer 1200.000000 to Acc 8
User 3, Acc 6 Balance 7636.000000, Transfer 641.000000 to Acc 4
User 5, Acc 2 Balance 4348.000000, Deposit 659.000000 
User 3, Acc 5 Balance 2936.000000, Deposit 643.000000 
User 5, Acc 2 Balance 5007.000000, Transfer 1200.000000 to Acc 9
User 3, Acc 5 Balance 3579.000000, Transfer 1200.000000 to Acc 6
User 3, Acc 4 Balance 1677.000000, Deposit 647.000000 
User 5, Acc 1 Balance 1952.000000, Deposit 661.000000 
User 3, Acc 4 Balance 2324.000000, Transfer 1200.000000 to Acc 7
User 2, Acc 1 Balance 2141.000000, Withdraw 50.000000 
User 3, Acc 3 Balance 1842.000000, Deposit 653.000000 
User 0, Acc 6 Balance 7636.000000, Transfer 641.000000 to Acc 4
User 1, Acc 1 Balance 2541.000000, Withdraw 50.000000 
User 0, Acc 5 Balance 2379.000000, Deposit 643.000000 
User 1, Acc 2 Balance 3807.000000, Withdraw 150.000000 
User 4, Acc 3 Balance 3639.000000, Transfer 300.000000 to Acc 1
User 2, Acc 2 Balance 3807.000000, Withdraw 150.000000 
User 4, Acc 0 Balance 1175.000000, Deposit 400.000000 
User 3, Acc 3 Balance 2495.000000, Transfer 1200.000000 to Acc 8
User 5, Acc 1 Balance 2613.000000, Transfer 1200.000000 to Acc 9
User 1, Acc 3 Balance 2495.000000, Deposit 500.000000 
User 5, Acc 0 Balance 1575.000000, Deposit 673.000000 
User 2, Acc 3 Balance 2195.000000, Deposit 500.000000 
User 5, Acc 0 Balance 2248.000000, Transfer 1200.000000 to Acc 9
User 2, Acc 2 Balance 3507.000000, Transfer 300.000000 to Acc 1
User 5, Acc 1 Balance 1613.000000, Withdraw 50.000000 
User 2, Acc 3 Balance 1995.000000, Transfer 300.000000 to Acc 1
User 6, Acc 5 Balance 4136.000000, Withdraw 50.000000 
User 2, Acc 0 Balance 1048.000000, Deposit 400.000000 
User 4, Acc 3 Balance 2195.000000, Withdraw 200.000000 
User 2, Acc 3 Balance 1695.000000, Withdraw 200.000000 
Balance in 1: 2163.000000
User 4, Acc 0 Balance 1448.000000, Deposit 400.000000 
User 1, Acc 2 Balance 3507.000000, Transfer 300.000000 to Acc 1
User 1, Acc 3 Balance 1295.000000, Transfer 300.000000 to Acc 1
User 1, Acc 0 Balance 1848.000000, Deposit 400.000000 
User 1, Acc 3 Balance 995.000000, Withdraw 200.000000 
Balance in 1: 2763.000000
User 1, Acc 0 Balance 2248.000000, Deposit 400.000000 
User 1, Acc 0 Balance 2648.000000, Withdraw 200.000000 
User 1, Acc 1 Balance 2763.000000, Deposit 100.000000 
User 1, Acc 2 Balance 2907.000000, Deposit 900.000000 
User 1, Acc 1 Balance 2863.000000, Withdraw 50.000000 
User 1, Acc 2 Balance 3807.000000, Withdraw 150.000000 
User 1, Acc 3 Balance 795.000000, Deposit 500.000000 
User 1, Acc 2 Balance 3657.000000, Transfer 300.000000 to Acc 1
User 6, Acc 6 Balance 8754.000000, Withdraw 50.000000 
User 1, Acc 3 Balance 1295.000000, Transfer 300.000000 to Acc 1
User 3, Acc 2 Balance 3507.000000, Deposit 659.000000 
User 5, Acc 2 Balance 3207.000000, Withdraw 50.000000 
User 5, Acc 3 Balance 995.000000, Withdraw 50.000000 
User 5, Acc 4 Balance 1765.000000, Withdraw 50.000000 
User 5, Acc 5 Balance 2972.000000, Withdraw 50.000000 
User 5, Acc 6 Balance 8704.000000, Withdraw 50.000000 
User 5, Acc 7 Balance 9983.000000, Withdraw 50.000000 
User 5, Acc 8 Balance 13780.000000, Withdraw 50.000000 
Balance in 1: 2163.000000
User 5, Acc 9 Balance 39819.000000, Withdraw 50.000000 
User 4, Acc 0 Balance 1848.000000, Withdraw 200.000000 
User 4, Acc 1 Balance 3413.000000, Deposit 100.000000 
User 4, Acc 2 Balance 3966.000000, Deposit 900.000000 
User 4, Acc 1 Balance 3513.000000, Withdraw 50.000000 
User 4, Acc 2 Balance 4866.000000, Withdraw 150.000000 
User 4, Acc 3 Balance 945.000000, Deposit 500.000000 
User 4, Acc 2 Balance 4716.000000, Transfer 300.000000 to Acc 1
User 4, Acc 3 Balance 1445.000000, Transfer 300.000000 to Acc 1
User 4, Acc 0 Balance 2248.000000, Deposit 400.000000 
User 5, Acc 0 Balance 2448.000000, Withdraw 50.000000 
User 5, Acc 9 Balance 39769.000000, Deposit 617.000000 
User 5, Acc 9 Balance 40386.000000, Transfer 617.000000 to Acc 1
User 5, Acc 8 Balance 13730.000000, Deposit 619.000000 
User 5, Acc 8 Balance 14349.000000, Transfer 619.000000 to Acc 2
User 5, Acc 7 Balance 9933.000000, Deposit 631.000000 
User 4, Acc 3 Balance 1145.000000, Withdraw 200.000000 
User 5, Acc 7 Balance 10564.000000, Transfer 631.000000 to Acc 3
User 0, Acc 5 Balance 3022.000000, Transfer 1200.000000 to Acc 6
User 6, Acc 7 Balance 9983.000000, Withdraw 50.000000 
User 0, Acc 4 Balance 1715.000000, Deposit 647.000000 
User 0, Acc 4 Balance 2362.000000, Transfer 1200.000000 to Acc 7
User 3, Acc 2 Balance 4016.000000, Transfer 1200.000000 to Acc 9
Balance in 1: 4680.000000
User 3, Acc 1 Balance 4680.000000, Deposit 661.000000 
User 2, Acc 0 Balance 2448.000000, Deposit 400.000000 
User 5, Acc 6 Balance 8654.000000, Deposit 641.000000 
User 5, Acc 6 Balance 10495.000000, Transfer 641.000000 to Acc 4
User 5, Acc 5 Balance 1722.000000, Deposit 643.000000 
User 5, Acc 5 Balance 2365.000000, Transfer 1200.000000 to Acc 6
User 5, Acc 4 Balance 1803.000000, Deposit 647.000000 
User 5, Acc 4 Balance 2450.000000, Transfer 1200.000000 to Acc 7
User 5, Acc 3 Balance 1576.000000, Deposit 653.000000 
User 5, Acc 3 Balance 2229.000000, Transfer 1200.000000 to Acc 8
User 5, Acc 2 Balance 3835.000000, Deposit 659.000000 
User 5, Acc 2 Balance 4494.000000, Transfer 1200.000000 to Acc 9
User 5, Acc 1 Balance 5341.000000, Deposit 661.000000 
User 5, Acc 1 Balance 6002.000000, Transfer 1200.000000 to Acc 9
User 5, Acc 0 Balance 2998.000000, Deposit 673.000000 
User 5, Acc 0 Balance 3671.000000, Transfer 1200.000000 to Acc 9
User 5, Acc 9 Balance 44569.000000, Deposit 617.000000 
User 5, Acc 9 Balance 45186.000000, Transfer 617.000000 to Acc 1
User 5, Acc 8 Balance 14930.000000, Deposit 619.000000 
User 5, Acc 8 Balance 15549.000000, Transfer 619.000000 to Acc 2
User 5, Acc 7 Balance 12283.000000, Deposit 631.000000 
User 5, Acc 7 Balance 12914.000000, Transfer 631.000000 to Acc 3
User 5, Acc 6 Balance 11054.000000, Deposit 641.000000 
User 5, Acc 6 Balance 11695.000000, Transfer 641.000000 to Acc 4
User 5, Acc 5 Balance 1165.000000, Deposit 643.000000 
User 5, Acc 5 Balance 1808.000000, Transfer 1200.000000 to Acc 6
User 5, Acc 4 Balance 1891.000000, Deposit 647.000000 
User 5, Acc 4 Balance 2538.000000, Transfer 1200.000000 to Acc 7
User 5, Acc 3 Balance 1660.000000, Deposit 653.000000 
User 5, Acc 3 Balance 2313.000000, Transfer 1200.000000 to Acc 8
User 5, Acc 2 Balance 3913.000000, Deposit 659.000000 
User 5, Acc 2 Balance 4572.000000, Transfer 1200.000000 to Acc 9
User 5, Acc 1 Balance 5419.000000, Deposit 661.000000 
User 5, Acc 1 Balance 6080.000000, Transfer 1200.000000 to Acc 9
User 5, Acc 0 Balance 2471.000000, Deposit 673.000000 
User 5, Acc 0 Balance 3144.000000, Transfer 1200.000000 to Acc 9
User 6, Acc 8 Balance 13730.000000, Withdraw 50.000000 
User 6, Acc 9 Balance 48169.000000, Withdraw 50.000000 
User 6, Acc 0 Balance 1944.000000, Withdraw 50.000000 
User 6, Acc 0 Balance 1894.000000, Deposit 400.000000 
User 6, Acc 0 Balance 2294.000000, Withdraw 200.000000 
User 6, Acc 0 Balance 2094.000000, Deposit 100.000000 
User 6, Acc 0 Balance 2194.000000, Withdraw 50.000000 
User 6, Acc 0 Balance 2144.000000, Withdraw 150.000000 
User 6, Acc 0 Balance 1994.000000, Deposit 300.000000 
User 6, Acc 0 Balance 2294.000000, Transfer 300.000000 to Acc 1
Balance in 1: 5180.000000
User 5, Acc 9 Balance 48169.000000, Deposit 617.000000 
User 5, Acc 9 Balance 48736.000000, Transfer 617.000000 to Acc 1
User 5, Acc 8 Balance 16080.000000, Deposit 619.000000 
User 3, Acc 1 Balance 5341.000000, Transfer 1200.000000 to Acc 9
User 4, Acc 9 Balance 40969.000000, Deposit 617.000000 
User 2, Acc 0 Balance 2998.000000, Withdraw 200.000000 
User 4, Acc 9 Balance 49936.000000, Transfer 617.000000 to Acc 1
User 2, Acc 1 Balance 4597.000000, Deposit 100.000000 
User 4, Acc 8 Balance 16699.000000, Deposit 619.000000 
User 0, Acc 3 Balance 1576.000000, Deposit 653.000000 
User 3, Acc 0 Balance 1994.000000, Deposit 673.000000 
User 0, Acc 3 Balance 1766.000000, Transfer 1200.000000 to Acc 8
User 0, Acc 2 Balance 3372.000000, Deposit 659.000000 
User 6, Acc 0 Balance 1994.000000, Deposit 400.000000 
User 2, Acc 2 Balance 3372.000000, Deposit 900.000000 
User 6, Acc 0 Balance 2867.000000, Withdraw 200.000000 
User 6, Acc 0 Balance 2667.000000, Deposit 100.000000 
User 1, Acc 0 Balance 2448.000000, Deposit 400.000000 
User 3, Acc 0 Balance 2467.000000, Transfer 1200.000000 to Acc 9
User 0, Acc 2 Balance 4031.000000, Transfer 1200.000000 to Acc 9
User 3, Acc 1 Balance 5314.000000, Withdraw 50.000000 
User 3, Acc 2 Balance 4931.000000, Withdraw 50.000000 
User 0, Acc 1 Balance 5264.000000, Deposit 661.000000 
User 0, Acc 1 Balance 5925.000000, Transfer 1200.000000 to Acc 9
User 2, Acc 1 Balance 5314.000000, Withdraw 50.000000 
User 6, Acc 0 Balance 2767.000000, Withdraw 50.000000 
User 2, Acc 2 Balance 3681.000000, Withdraw 150.000000 
User 2, Acc 3 Balance 566.000000, Deposit 500.000000 
User 6, Acc 0 Balance 1917.000000, Withdraw 150.000000 
User 5, Acc 8 Balance 16699.000000, Transfer 619.000000 to Acc 2
User 3, Acc 3 Balance 566.000000, Withdraw 50.000000 
User 5, Acc 7 Balance 13483.000000, Deposit 631.000000 
User 3, Acc 4 Balance 1338.000000, Withdraw 50.000000 
User 3, Acc 5 Balance 608.000000, Withdraw 50.000000 
User 1, Acc 3 Balance 566.000000, Withdraw 200.000000 
User 6, Acc 0 Balance 1767.000000, Deposit 300.000000 
User 4, Acc 8 Balance 17318.000000, Transfer 619.000000 to Acc 2
User 0, Acc 0 Balance 1967.000000, Deposit 673.000000 
User 5, Acc 7 Balance 14114.000000, Transfer 631.000000 to Acc 3
User 2, Acc 2 Balance 3531.000000, Transfer 300.000000 to Acc 1
User 3, Acc 6 Balance 12254.000000, Withdraw 50.000000 
Balance in 1: 4675.000000
User 3, Acc 7 Balance 13483.000000, Withdraw 50.000000 
User 1, Acc 9 Balance 52919.000000, Deposit 617.000000 
User 3, Acc 8 Balance 17280.000000, Withdraw 50.000000 
User 0, Acc 0 Balance 2740.000000, Transfer 1200.000000 to Acc 9
User 1, Acc 9 Balance 53536.000000, Transfer 617.000000 to Acc 1
User 3, Acc 9 Balance 54736.000000, Withdraw 50.000000 
User 1, Acc 8 Balance 17230.000000, Deposit 619.000000 
User 6, Acc 0 Balance 2067.000000, Transfer 300.000000 to Acc 1
User 1, Acc 8 Balance 17849.000000, Transfer 619.000000 to Acc 2
Balance in 1: 5892.000000
User 1, Acc 7 Balance 13433.000000, Deposit 631.000000 
User 2, Acc 3 Balance 1447.000000, Transfer 300.000000 to Acc 1
User 3, Acc 0 Balance 1540.000000, Withdraw 50.000000 
User 5, Acc 6 Balance 12254.000000, Deposit 641.000000 
User 4, Acc 7 Balance 14114.000000, Deposit 631.000000 
User 1, Acc 7 Balance 14064.000000, Transfer 631.000000 to Acc 3
User 2, Acc 0 Balance 1240.000000, Deposit 400.000000 
User 0, Acc 1 Balance 4975.000000, Withdraw 50.000000 
User 2, Acc 3 Balance 1778.000000, Withdraw 200.000000 
Balance in 1: 6192.000000
User 0, Acc 2 Balance 5088.000000, Withdraw 50.000000 
User 6, Acc 9 Balance 54069.000000, Deposit 617.000000 
User 4, Acc 7 Balance 14695.000000, Transfer 631.000000 to Acc 3
User 1, Acc 6 Balance 12845.000000, Deposit 641.000000 
User 4, Acc 6 Balance 12845.000000, Deposit 641.000000 
User 3, Acc 0 Balance 1190.000000, Deposit 400.000000 
User 2, Acc 0 Balance 1590.000000, Deposit 400.000000 
User 0, Acc 3 Balance 1578.000000, Withdraw 50.000000 
User 2, Acc 0 Balance 2390.000000, Withdraw 200.000000 
User 0, Acc 4 Balance 1288.000000, Withdraw 50.000000 
User 6, Acc 9 Balance 54686.000000, Transfer 617.000000 to Acc 1
User 4, Acc 6 Balance 13486.000000, Transfer 641.000000 to Acc 4
User 4, Acc 5 Balance 558.000000, Deposit 643.000000 
User 4, Acc 5 Balance 1201.000000, Transfer 1200.000000 to Acc 6
User 4, Acc 4 Balance 1879.000000, Deposit 647.000000 
User 4, Acc 4 Balance 2526.000000, Transfer 1200.000000 to Acc 7
User 4, Acc 3 Balance 2159.000000, Deposit 653.000000 
User 4, Acc 3 Balance 2812.000000, Transfer 1200.000000 to Acc 8
User 4, Acc 2 Balance 5038.000000, Deposit 659.000000 
User 4, Acc 2 Balance 5697.000000, Transfer 1200.000000 to Acc 9
User 4, Acc 1 Balance 6759.000000, Deposit 661.000000 
User 4, Acc 1 Balance 7420.000000, Transfer 1200.000000 to Acc 9
User 4, Acc 0 Balance 2190.000000, Deposit 673.000000 
User 4, Acc 0 Balance 2863.000000, Transfer 1200.000000 to Acc 9
User 4, Acc 0 Balance 1663.000000, Deposit 100.000000 
User 5, Acc 6 Balance 12845.000000, Transfer 641.000000 to Acc 4
User 2, Acc 0 Balance 2190.000000, Deposit 100.000000 
User 2, Acc 0 Balance 1863.000000, Withdraw 50.000000 
User 6, Acc 8 Balance 17230.000000, Deposit 619.000000 
User 6, Acc 8 Balance 19049.000000, Transfer 619.000000 to Acc 2
User 1, Acc 6 Balance 14127.000000, Transfer 641.000000 to Acc 4
User 1, Acc 5 Balance 1.000000, Deposit 643.000000 
User 1, Acc 4 Balance 2608.000000, Deposit 647.000000 
User 1, Acc 4 Balance 3255.000000, Transfer 1200.000000 to Acc 7
User 1, Acc 3 Balance 1612.000000, Deposit 653.000000 
User 1, Acc 3 Balance 2265.000000, Transfer 1200.000000 to Acc 8
User 1, Acc 2 Balance 5116.000000, Deposit 659.000000 
User 1, Acc 2 Balance 5775.000000, Transfer 1200.000000 to Acc 9
User 1, Acc 1 Balance 6220.000000, Deposit 661.000000 
User 1, Acc 1 Balance 6881.000000, Transfer 1200.000000 to Acc 9
User 1, Acc 0 Balance 1813.000000, Deposit 673.000000 
User 1, Acc 0 Balance 2486.000000, Transfer 1200.000000 to Acc 9
User 3, Acc 0 Balance 1990.000000, Withdraw 200.000000 
User 3, Acc 0 Balance 1086.000000, Deposit 100.000000 
User 3, Acc 0 Balance 1186.000000, Withdraw 50.000000 
User 3, Acc 0 Balance 1136.000000, Withdraw 150.000000 
User 3, Acc 0 Balance 986.000000, Deposit 300.000000 
User 3, Acc 0 Balance 1286.000000, Transfer 300.000000 to Acc 1
Balance in 1: 5981.000000
User 3, Acc 0 Balance 986.000000, Deposit 400.000000 
User 2, Acc 0 Balance 1813.000000, Withdraw 150.000000 
User 2, Acc 0 Balance 1236.000000, Deposit 300.000000 
User 2, Acc 0 Balance 1536.000000, Transfer 300.000000 to Acc 1
Balance in 1: 6281.000000
User 2, Acc 0 Balance 1236.000000, Deposit 400.000000 
User 2, Acc 0 Balance 1636.000000, Withdraw 200.000000 
User 4, Acc 0 Balance 1763.000000, Deposit 200.000000 
User 2, Acc 0 Balance 1436.000000, Deposit 100.000000 
User 4, Acc 0 Balance 1636.000000, Deposit 300.000000 
User 2, Acc 0 Balance 1736.000000, Withdraw 50.000000 
User 4, Acc 0 Balance 2036.000000, Withdraw 200.000000 
User 4, Acc 0 Balance 1836.000000, Withdraw 100.000000 
User 1, Acc 0 Balance 1286.000000, Deposit 100.000000 
User 4, Acc 0 Balance 1686.000000, Withdraw 50.000000 
User 4, Acc 1 Balance 6281.000000, Transfer 200.000000 to Acc 0
User 1, Acc 0 Balance 1736.000000, Deposit 200.000000 
Balance in 0: 1936.000000
User 3, Acc 0 Balance 1386.000000, Withdraw 200.000000 
User 4, Acc 0 Balance 2136.000000, Deposit 100.000000 
User 3, Acc 0 Balance 1936.000000, Deposit 100.000000 
User 4, Acc 0 Balance 2036.000000, Deposit 200.000000 
User 3, Acc 0 Balance 2136.000000, Withdraw 50.000000 
User 3, Acc 0 Balance 2086.000000, Withdraw 150.000000 
User 6, Acc 7 Balance 14633.000000, Deposit 631.000000 
User 2, Acc 0 Balance 1786.000000, Withdraw 150.000000 
User 6, Acc 7 Balance 16464.000000, Transfer 631.000000 to Acc 3
User 2, Acc 0 Balance 1986.000000, Deposit 300.000000 
User 2, Acc 0 Balance 2286.000000, Transfer 300.000000 to Acc 1
User 6, Acc 6 Balance 13404.000000, Deposit 641.000000 
Balance in 1: 6381.000000
User 6, Acc 6 Balance 14045.000000, Transfer 641.000000 to Acc 4
User 3, Acc 0 Balance 2136.000000, Deposit 300.000000 
User 6, Acc 5 Balance 644.000000, Deposit 643.000000 
User 3, Acc 0 Balance 2286.000000, Transfer 300.000000 to Acc 1
User 6, Acc 5 Balance 1287.000000, Transfer 1200.000000 to Acc 6
User 6, Acc 4 Balance 2696.000000, Deposit 647.000000 
User 2, Acc 0 Balance 1986.000000, Deposit 100.000000 
User 2, Acc 0 Balance 2086.000000, Deposit 200.000000 
User 2, Acc 0 Balance 2286.000000, Deposit 300.000000 
User 2, Acc 0 Balance 2586.000000, Withdraw 200.000000 
User 2, Acc 0 Balance 2386.000000, Withdraw 100.000000 
User 2, Acc 0 Balance 2286.000000, Withdraw 50.000000 
User 2, Acc 1 Balance 6681.000000, Transfer 200.000000 to Acc 0
Balance in 0: 2436.000000
User 2, Acc 0 Balance 2436.000000, Deposit 100.000000 
Balance in 1: 6681.000000
User 4, Acc 0 Balance 2286.000000, Deposit 300.000000 
User 6, Acc 4 Balance 3343.000000, Transfer 1200.000000 to Acc 7
User 5, Acc 5 Balance 1.000000, Deposit 643.000000 
User 6, Acc 3 Balance 1696.000000, Deposit 653.000000 
User 0, Acc 5 Balance 558.000000, Withdraw 50.000000 
User 1, Acc 0 Balance 2136.000000, Deposit 300.000000 
User 3, Acc 0 Balance 2536.000000, Deposit 100.000000 
User 4, Acc 0 Balance 2836.000000, Withdraw 200.000000 
User 3, Acc 0 Balance 3236.000000, Deposit 200.000000 
User 3, Acc 0 Balance 3436.000000, Deposit 300.000000 
User 6, Acc 3 Balance 2349.000000, Transfer 1200.000000 to Acc 8
User 2, Acc 0 Balance 2536.000000, Deposit 200.000000 
User 6, Acc 2 Balance 4575.000000, Deposit 659.000000 
User 2, Acc 0 Balance 3736.000000, Deposit 300.000000 
User 6, Acc 2 Balance 5234.000000, Transfer 1200.000000 to Acc 9
User 2, Acc 0 Balance 4036.000000, Withdraw 200.000000 
User 3, Acc 0 Balance 3536.000000, Withdraw 200.000000 
User 2, Acc 0 Balance 3836.000000, Withdraw 100.000000 
User 3, Acc 0 Balance 3636.000000, Withdraw 100.000000 
User 3, Acc 0 Balance 3536.000000, Withdraw 50.000000 
User 5, Acc 4 Balance 2143.000000, Deposit 647.000000 
User 6, Acc 1 Balance 6481.000000, Deposit 661.000000 
User 5, Acc 4 Balance 2790.000000, Transfer 1200.000000 to Acc 7
User 6, Acc 1 Balance 7142.000000, Transfer 1200.000000 to Acc 9
User 5, Acc 3 Balance 1149.000000, Deposit 653.000000 
User 2, Acc 0 Balance 3436.000000, Withdraw 50.000000 
User 5, Acc 3 Balance 1802.000000, Transfer 1200.000000 to Acc 8
User 4, Acc 0 Balance 3236.000000, Withdraw 100.000000 
User 5, Acc 2 Balance 4034.000000, Deposit 659.000000 
User 4, Acc 0 Balance 3236.000000, Withdraw 50.000000 
User 6, Acc 0 Balance 3386.000000, Deposit 673.000000 
User 1, Acc 0 Balance 3136.000000, Withdraw 200.000000 
User 6, Acc 0 Balance 3859.000000, Transfer 1200.000000 to Acc 9
User 0, Acc 6 Balance 14604.000000, Withdraw 50.000000 
User 5, Acc 2 Balance 4693.000000, Transfer 1200.000000 to Acc 9
User 4, Acc 1 Balance 5942.000000, Transfer 200.000000 to Acc 0
User 2, Acc 1 Balance 5942.000000, Transfer 200.000000 to Acc 0
User 3, Acc 1 Balance 6481.000000, Transfer 200.000000 to Acc 0
Balance in 0: 2859.000000
User 1, Acc 0 Balance 3659.000000, Withdraw 100.000000 
User 0, Acc 7 Balance 18233.000000, Withdraw 50.000000 
User 5, Acc 1 Balance 5942.000000, Deposit 661.000000 
Balance in 0: 2659.000000
User 1, Acc 0 Balance 2959.000000, Withdraw 50.000000 
User 1, Acc 1 Balance 6003.000000, Transfer 200.000000 to Acc 0
Balance in 0: 3109.000000
Balance in 0: 3059.000000
User 5, Acc 1 Balance 6003.000000, Transfer 1200.000000 to Acc 9
User 5, Acc 0 Balance 3109.000000, Deposit 673.000000 
User 5, Acc 0 Balance 3782.000000, Transfer 1200.000000 to Acc 9
User 0, Acc 8 Balance 22030.000000, Withdraw 50.000000 
User 0, Acc 9 Balance 68469.000000, Withdraw 50.000000 
User 0, Acc 0 Balance 2582.000000, Withdraw 50.000000 
  ***     End of transaction batch    ***  
Account 0 balance after completion of transaction batch: 2532.000000
Account 1 balance after completion of transaction batch: 4603.000000
Account 2 balance after completion of transaction batch: 3493.000000
Account 3 balance after completion of transaction batch: 602.000000
Account 4 balance after completion of transaction batch: 1590.000000
Account 5 balance after completion of transaction batch: 680.000000
Account 6 balance after completion of transaction batch: 14554.000000
Account 7 balance after completion of transaction batch: 18183.000000
Account 8 balance after completion of transaction batch: 21980.000000
Account 9 balance after completion of transaction batch: 68419.000000
