# Output generated by:
# ./my_executable 7 data/transactions7.txt data/transactions11.txt data/transactions6.txt data/transactions8.txt data/transactions2.txt data/transactions10.txt data/transactions1.txt

********************************************
   Reading and parsing a transaction file   
********************************************
Parsed transaction: deposit 7 9929.000000 
Loaded deposit transaction
Parsed transaction: deposit 4 937.000000 
Loaded deposit transaction
Parsed transaction: deposit 5 941.000000 
Loaded deposit transaction
Parsed transaction: deposit 0 7.000000 
Loaded deposit transaction
Parsed transaction: deposit 3 29.000000 
Loaded deposit transaction
Parsed transaction: deposit 7 9.000000 
Loaded deposit transaction
Parsed transaction: deposit 9 129.000000 
Loaded deposit transaction
Parsed transaction: transfer 3 7 29.000000 
Loaded transfer transaction
Parsed transaction: transfer 7 6 31.000000 
Loaded transfer transaction
Parsed transaction: transfer 7 5 137.000000 
Loaded transfer transaction
Parsed transaction: transfer 7 4 3.000000 
Loaded transfer transaction
Parsed transaction: transfer 7 4 5.000000 
Loaded transfer transaction
Parsed transaction: withdraw 4 1167.000000 
Loaded withdrawal transaction
Parsed transaction: withdraw 5 1307.000000 
Loaded withdrawal transaction
Parsed transaction: transfer 1 8 89.000000 
Loaded transfer transaction
Parsed transaction: transfer 1 9 163.000000 
Loaded transfer transaction
Parsed transaction: withdraw 1 41.000000 
Loaded withdrawal transaction
Parsed transaction: withdraw 2 71.000000 
Loaded withdrawal transaction
Parsed transaction: withdraw 3 1127.000000 
Loaded withdrawal transaction
Parsed transaction: withdraw 6 647.000000 
Loaded withdrawal transaction
Parsed transaction: deposit 6 1953.000000 
Loaded deposit transaction
Parsed transaction: deposit 7 967.000000 
Loaded deposit transaction
Parsed transaction: transfer 1 7 19.000000 
Loaded transfer transaction
Parsed transaction: transfer 2 7 23.000000 
Loaded transfer transaction
Parsed transaction: transfer 6 5 1167.000000 
Loaded transfer transaction
Parsed transaction: transfer 4 5 53.000000 
Loaded transfer transaction
Parsed transaction: withdraw 7 1593.000000 
Loaded withdrawal transaction
Parsed transaction: withdraw 8 449.000000 
Loaded withdrawal transaction
Parsed transaction: withdraw 9 163.000000 
Loaded withdrawal transaction
********************************************
********************************************
   Reading and parsing a transaction file   
********************************************
Parsed transaction: deposit 9 617.000000 
Loaded deposit transaction
Parsed transaction: transfer 9 9 617.000000 
Loaded transfer transaction
Parsed transaction: deposit 8 619.000000 
Loaded deposit transaction
Parsed transaction: transfer 8 2 619.000000 
Loaded transfer transaction
Parsed transaction: deposit 7 631.000000 
Loaded deposit transaction
Parsed transaction: transfer 7 3 631.000000 
Loaded transfer transaction
Parsed transaction: deposit 6 641.000000 
Loaded deposit transaction
Parsed transaction: transfer 6 4 641.000000 
Loaded transfer transaction
Parsed transaction: deposit 5 643.000000 
Loaded deposit transaction
Parsed transaction: transfer 5 6 1200.000000 
Loaded transfer transaction
Parsed transaction: deposit 4 647.000000 
Loaded deposit transaction
Parsed transaction: transfer 4 7 1200.000000 
Loaded transfer transaction
Parsed transaction: deposit 3 653.000000 
Loaded deposit transaction
Parsed transaction: transfer 3 8 1200.000000 
Loaded transfer transaction
Parsed transaction: deposit 2 659.000000 
Loaded deposit transaction
Parsed transaction: transfer 2 9 1200.000000 
Loaded transfer transaction
Parsed transaction: deposit 1 661.000000 
Loaded deposit transaction
Parsed transaction: transfer 1 9 1200.000000 
Loaded transfer transaction
Parsed transaction: deposit 0 673.000000 
Loaded deposit transaction
Parsed transaction: transfer 0 9 1200.000000 
Loaded transfer transaction
Parsed transaction: withdraw 1 50.000000 
Loaded withdrawal transaction
Parsed transaction: withdraw 2 50.000000 
Loaded withdrawal transaction
Parsed transaction: withdraw 3 50.000000 
Loaded withdrawal transaction
Parsed transaction: withdraw 4 50.000000 
Loaded withdrawal transaction
Parsed transaction: withdraw 5 50.000000 
Loaded withdrawal transaction
Parsed transaction: withdraw 6 50.000000 
Loaded withdrawal transaction
Parsed transaction: withdraw 7 50.000000 
Loaded withdrawal transaction
Parsed transaction: withdraw 8 50.000000 
Loaded withdrawal transaction
Parsed transaction: withdraw 9 50.000000 
Loaded withdrawal transaction
Parsed transaction: withdraw 0 50.000000 
Loaded withdrawal transaction
********************************************
********************************************
   Reading and parsing a transaction file   
********************************************
Parsed transaction: deposit 0 7.000000 
Loaded deposit transaction
Parsed transaction: deposit 1 11.000000 
Loaded deposit transaction
Parsed transaction: deposit 2 9.000000 
Loaded deposit transaction
Parsed transaction: transfer 3 7 29.000000 
Loaded transfer transaction
Parsed transaction: transfer 7 6 31.000000 
Loaded transfer transaction
Parsed transaction: transfer 7 5 137.000000 
Loaded transfer transaction
Parsed transaction: transfer 7 4 3.000000 
Loaded transfer transaction
Parsed transaction: transfer 7 4 5.000000 
Loaded transfer transaction
Parsed transaction: deposit 3 929.000000 
Loaded deposit transaction
Parsed transaction: deposit 4 937.000000 
Loaded deposit transaction
Parsed transaction: deposit 5 941.000000 
Loaded deposit transaction
Parsed transaction: withdraw 4 1167.000000 
Loaded withdrawal transaction
Parsed transaction: withdraw 5 1307.000000 
Loaded withdrawal transaction
Parsed transaction: transfer 1 8 89.000000 
Loaded transfer transaction
Parsed transaction: transfer 1 9 163.000000 
Loaded transfer transaction
Parsed transaction: withdraw 1 41.000000 
Loaded withdrawal transaction
Parsed transaction: withdraw 2 71.000000 
Loaded withdrawal transaction
Parsed transaction: withdraw 3 1127.000000 
Loaded withdrawal transaction
Parsed transaction: withdraw 6 647.000000 
Loaded withdrawal transaction
Parsed transaction: deposit 6 953.000000 
Loaded deposit transaction
Parsed transaction: deposit 7 967.000000 
Loaded deposit transaction
Parsed transaction: transfer 1 7 19.000000 
Loaded transfer transaction
Parsed transaction: transfer 2 7 23.000000 
Loaded transfer transaction
Parsed transaction: transfer 6 5 1167.000000 
Loaded transfer transaction
Parsed transaction: transfer 4 5 53.000000 
Loaded transfer transaction
Parsed transaction: withdraw 7 1593.000000 
Loaded withdrawal transaction
Parsed transaction: withdraw 8 449.000000 
Loaded withdrawal transaction
Parsed transaction: withdraw 9 163.000000 
Loaded withdrawal transaction
********************************************
********************************************
   Reading and parsing a transaction file   
********************************************
Parsed transaction: deposit 9 617.000000 
Loaded deposit transaction
Parsed transaction: transfer 9 1 617.000000 
Loaded transfer transaction
Parsed transaction: deposit 8 619.000000 
Loaded deposit transaction
Parsed transaction: transfer 8 2 619.000000 
Loaded transfer transaction
Parsed transaction: deposit 7 631.000000 
Loaded deposit transaction
Parsed transaction: transfer 7 3 631.000000 
Loaded transfer transaction
Parsed transaction: deposit 6 641.000000 
Loaded deposit transaction
Parsed transaction: transfer 6 4 641.000000 
Loaded transfer transaction
Parsed transaction: deposit 5 643.000000 
Loaded deposit transaction
Parsed transaction: transfer 5 6 1200.000000 
Loaded transfer transaction
Parsed transaction: deposit 4 647.000000 
Loaded deposit transaction
Parsed transaction: transfer 4 7 1200.000000 
Loaded transfer transaction
Parsed transaction: deposit 3 653.000000 
Loaded deposit transaction
Parsed transaction: transfer 3 8 1200.000000 
Loaded transfer transaction
Parsed transaction: deposit 2 659.000000 
Loaded deposit transaction
Parsed transaction: transfer 2 9 1200.000000 
Loaded transfer transaction
Parsed transaction: deposit 1 661.000000 
Loaded deposit transaction
Parsed transaction: transfer 1 9 1200.000000 
Loaded transfer transaction
Parsed transaction: deposit 0 673.000000 
Loaded deposit transaction
Parsed transaction: transfer 0 9 1200.000000 
Loaded transfer transaction
********************************************
********************************************
   Reading and parsing a transaction file   
********************************************
Parsed transaction: deposit 0 400.000000 
Loaded deposit transaction
Parsed transaction: withdraw 0 200.000000 
Loaded withdrawal transaction
Parsed transaction: deposit 0 100.000000 
Loaded deposit transaction
Parsed transaction: withdraw 0 50.000000 
Loaded withdrawal transaction
Parsed transaction: withdraw 0 150.000000 
Loaded withdrawal transaction
Parsed transaction: deposit 0 300.000000 
Loaded deposit transaction
Parsed transaction: transfer 0 1 300.000000 
Loaded transfer transaction
Parsed transaction: balance 1 
Loaded balance transaction
********************************************
********************************************
   Reading and parsing a transaction file   
********************************************
Parsed transaction: withdraw 1 500.000000 
Loaded withdrawal transaction
Parsed transaction: withdraw 2 500.000000 
Loaded withdrawal transaction
Parsed transaction: withdraw 3 500.000000 
Loaded withdrawal transaction
Parsed transaction: withdraw 4 500.000000 
Loaded withdrawal transaction
Parsed transaction: withdraw 5 500.000000 
Loaded withdrawal transaction
Parsed transaction: withdraw 6 500.000000 
Loaded withdrawal transaction
Parsed transaction: withdraw 7 500.000000 
Loaded withdrawal transaction
Parsed transaction: withdraw 8 500.000000 
Loaded withdrawal transaction
Parsed transaction: withdraw 9 500.000000 
Loaded withdrawal transaction
Parsed transaction: withdraw 0 500.000000 
Loaded withdrawal transaction
Parsed transaction: withdraw 1 500.000000 
Loaded withdrawal transaction
Parsed transaction: withdraw 2 500.000000 
Loaded withdrawal transaction
Parsed transaction: withdraw 3 500.000000 
Loaded withdrawal transaction
Parsed transaction: withdraw 4 500.000000 
Loaded withdrawal transaction
Parsed transaction: withdraw 5 500.000000 
Loaded withdrawal transaction
Parsed transaction: withdraw 6 500.000000 
Loaded withdrawal transaction
Parsed transaction: withdraw 7 500.000000 
Loaded withdrawal transaction
Parsed transaction: withdraw 8 500.000000 
Loaded withdrawal transaction
Parsed transaction: withdraw 9 500.000000 
Loaded withdrawal transaction
Parsed transaction: withdraw 0 500.000000 
Loaded withdrawal transaction
Parsed transaction: withdraw 1 500.000000 
Loaded withdrawal transaction
Parsed transaction: withdraw 2 500.000000 
Loaded withdrawal transaction
Parsed transaction: withdraw 3 500.000000 
Loaded withdrawal transaction
Parsed transaction: withdraw 4 500.000000 
Loaded withdrawal transaction
Parsed transaction: withdraw 5 500.000000 
Loaded withdrawal transaction
Parsed transaction: withdraw 6 500.000000 
Loaded withdrawal transaction
Parsed transaction: withdraw 7 500.000000 
Loaded withdrawal transaction
Parsed transaction: withdraw 8 500.000000 
Loaded withdrawal transaction
Parsed transaction: withdraw 9 500.000000 
Loaded withdrawal transaction
Parsed transaction: withdraw 0 500.000000 
Loaded withdrawal transaction
********************************************
********************************************
   Reading and parsing a transaction file   
********************************************
Parsed transaction: deposit 0 100.000000 
Loaded deposit transaction
Parsed transaction: deposit 0 200.000000 
Loaded deposit transaction
Parsed transaction: deposit 0 300.000000 
Loaded deposit transaction
Parsed transaction: withdraw 0 200.000000 
Loaded withdrawal transaction
Parsed transaction: withdraw 0 100.000000 
Loaded withdrawal transaction
Parsed transaction: withdraw 0 50.000000 
Loaded withdrawal transaction
Parsed transaction: transfer 1 0 200.000000 
Loaded transfer transaction
Parsed transaction: balance 0 
Loaded balance transaction
********************************************
  ***    Start of transaction batch    ***  
User 0, Acc 7 Balance 0.000000, Deposit 9929.000000 
User 0, Acc 4 Balance 0.000000, Deposit 937.000000 
User 0, Acc 5 Balance 0.000000, Deposit 941.000000 
User 0, Acc 0 Balance 0.000000, Deposit 7.000000 
User 0, Acc 3 Balance 0.000000, Deposit 29.000000 
User 0, Acc 7 Balance 9929.000000, Deposit 9.000000 
User 0, Acc 9 Balance 0.000000, Deposit 129.000000 
User 0, Acc 3 Balance 29.000000, Transfer 29.000000 to Acc 7
User 0, Acc 7 Balance 9967.000000, Transfer 31.000000 to Acc 6
User 0, Acc 7 Balance 9936.000000, Transfer 137.000000 to Acc 5
User 0, Acc 7 Balance 9799.000000, Transfer 3.000000 to Acc 4
User 0, Acc 7 Balance 9796.000000, Transfer 5.000000 to Acc 4
[22;32mUser 0, Acc 4 Balance 945.000000, 				Withdraw 1167.000000 --insufficient funds[0m
[22;32mUser 0, Acc 5 Balance 1078.000000, 				Withdraw 1307.000000 --insufficient funds[0m
[22;32mUser 0, Acc 1 Balance 0.000000, 				Withdraw 41.000000 --insufficient funds[0m
[22;32mUser 0, Acc 2 Balance 0.000000, 				Withdraw 71.000000 --insufficient funds[0m
[22;32mUser 0, Acc 3 Balance 0.000000, 				Withdraw 1127.000000 --insufficient funds[0m
[22;32mUser 0, Acc 6 Balance 31.000000, 				Withdraw 647.000000 --insufficient funds[0m
User 0, Acc 6 Balance 31.000000, Deposit 1953.000000 
User 0, Acc 7 Balance 9791.000000, Deposit 967.000000 
User 0, Acc 6 Balance 1984.000000, Transfer 1167.000000 to Acc 5
User 0, Acc 4 Balance 945.000000, Transfer 53.000000 to Acc 5
User 0, Acc 7 Balance 10758.000000, Withdraw 1593.000000 
[22;32mUser 0, Acc 8 Balance 0.000000, 				Withdraw 449.000000 --insufficient funds[0m
[22;32mUser 0, Acc 9 Balance 129.000000, 				Withdraw 163.000000 --insufficient funds[0m
User 0, Acc 9 Balance 129.000000, Deposit 617.000000 
User 0, Acc 9 Balance 746.000000, Transfer 617.000000 to Acc 9
User 0, Acc 8 Balance 0.000000, Deposit 619.000000 
User 0, Acc 8 Balance 619.000000, Transfer 619.000000 to Acc 2
User 0, Acc 7 Balance 9165.000000, Deposit 631.000000 
User 0, Acc 7 Balance 9796.000000, Transfer 631.000000 to Acc 3
User 0, Acc 6 Balance 817.000000, Deposit 641.000000 
User 0, Acc 6 Balance 1458.000000, Transfer 641.000000 to Acc 4
User 0, Acc 5 Balance 2298.000000, Deposit 643.000000 
[22;32mUser 6, Acc 1 Balance 0.000000, 				Withdraw 500.000000 --insufficient funds[0m
User 0, Acc 5 Balance 2941.000000, Transfer 1200.000000 to Acc 6
User 6, Acc 2 Balance 619.000000, Withdraw 500.000000 
User 0, Acc 4 Balance 1533.000000, Deposit 647.000000 
User 6, Acc 3 Balance 631.000000, Withdraw 500.000000 
User 6, Acc 4 Balance 1533.000000, Withdraw 500.000000 
User 4, Acc 0 Balance 7.000000, Deposit 400.000000 
User 3, Acc 0 Balance 7.000000, Deposit 7.000000 
User 6, Acc 5 Balance 1741.000000, Withdraw 500.000000 
User 3, Acc 1 Balance 0.000000, Deposit 11.000000 
User 6, Acc 6 Balance 2017.000000, Withdraw 500.000000 
User 0, Acc 4 Balance 2180.000000, Transfer 1200.000000 to Acc 7
User 2, Acc 7 Balance 9165.000000, Deposit 9929.000000 
User 5, Acc 0 Balance 7.000000, Deposit 100.000000 
User 3, Acc 2 Balance 119.000000, Deposit 9.000000 
User 5, Acc 0 Balance 514.000000, Deposit 200.000000 
User 6, Acc 7 Balance 9165.000000, Withdraw 500.000000 
User 5, Acc 0 Balance 714.000000, Deposit 300.000000 
[22;32mUser 6, Acc 8 Balance 0.000000, 				Withdraw 500.000000 --insufficient funds[0m
User 5, Acc 0 Balance 1014.000000, Withdraw 200.000000 
User 2, Acc 4 Balance 480.000000, Deposit 937.000000 
User 1, Acc 9 Balance 746.000000, Deposit 617.000000 
User 0, Acc 3 Balance 131.000000, Deposit 653.000000 
User 1, Acc 9 Balance 1363.000000, Transfer 617.000000 to Acc 1
User 1, Acc 8 Balance 0.000000, Deposit 619.000000 
User 0, Acc 2 Balance 128.000000, Deposit 659.000000 
User 3, Acc 3 Balance 131.000000, Transfer 29.000000 to Acc 7
User 0, Acc 1 Balance 628.000000, Deposit 661.000000 
User 5, Acc 0 Balance 814.000000, Withdraw 100.000000 
User 0, Acc 1 Balance 1289.000000, Transfer 1200.000000 to Acc 9
User 5, Acc 0 Balance 714.000000, Withdraw 50.000000 
User 6, Acc 9 Balance 746.000000, Withdraw 500.000000 
Balance in 0: 664.000000
User 6, Acc 0 Balance 664.000000, Withdraw 500.000000 
[22;32mUser 6, Acc 1 Balance 89.000000, 				Withdraw 500.000000 --insufficient funds[0m
User 6, Acc 2 Balance 787.000000, Withdraw 500.000000 
User 6, Acc 3 Balance 755.000000, Withdraw 500.000000 
User 6, Acc 4 Balance 1417.000000, Withdraw 500.000000 
User 6, Acc 5 Balance 1241.000000, Withdraw 500.000000 
User 6, Acc 6 Balance 1517.000000, Withdraw 500.000000 
User 6, Acc 7 Balance 19823.000000, Withdraw 500.000000 
User 6, Acc 8 Balance 619.000000, Withdraw 500.000000 
User 6, Acc 9 Balance 1446.000000, Withdraw 500.000000 
[22;32mUser 6, Acc 0 Balance 164.000000, 				Withdraw 500.000000 --insufficient funds[0m
[22;32mUser 6, Acc 1 Balance 89.000000, 				Withdraw 500.000000 --insufficient funds[0m
[22;32mUser 6, Acc 2 Balance 287.000000, 				Withdraw 500.000000 --insufficient funds[0m
[22;32mUser 6, Acc 3 Balance 255.000000, 				Withdraw 500.000000 --insufficient funds[0m
User 6, Acc 4 Balance 917.000000, Withdraw 500.000000 
User 6, Acc 5 Balance 741.000000, Withdraw 500.000000 
User 6, Acc 6 Balance 1017.000000, Withdraw 500.000000 
User 6, Acc 7 Balance 19323.000000, Withdraw 500.000000 
[22;32mUser 6, Acc 8 Balance 119.000000, 				Withdraw 500.000000 --insufficient funds[0m
User 2, Acc 5 Balance 1241.000000, Deposit 941.000000 
User 5, Acc 9 Balance 1446.000000, Deposit 617.000000 
User 2, Acc 0 Balance 164.000000, Deposit 7.000000 
User 5, Acc 9 Balance 1563.000000, Transfer 617.000000 to Acc 9
User 5, Acc 8 Balance 119.000000, Deposit 619.000000 
User 1, Acc 8 Balance 619.000000, Transfer 619.000000 to Acc 2
User 3, Acc 7 Balance 19823.000000, Transfer 31.000000 to Acc 6
User 1, Acc 7 Balance 18823.000000, Deposit 631.000000 
User 6, Acc 9 Balance 946.000000, Withdraw 500.000000 
User 1, Acc 7 Balance 19423.000000, Transfer 631.000000 to Acc 3
User 2, Acc 3 Balance 255.000000, Deposit 29.000000 
User 0, Acc 0 Balance 714.000000, Deposit 673.000000 
User 2, Acc 7 Balance 18792.000000, Deposit 9.000000 
User 2, Acc 9 Balance 1063.000000, Deposit 129.000000 
User 2, Acc 3 Balance 915.000000, Transfer 29.000000 to Acc 7
User 2, Acc 7 Balance 18830.000000, Transfer 31.000000 to Acc 6
User 2, Acc 7 Balance 18799.000000, Transfer 137.000000 to Acc 5
User 2, Acc 7 Balance 18662.000000, Transfer 3.000000 to Acc 4
User 2, Acc 7 Balance 18659.000000, Transfer 5.000000 to Acc 4
[22;32mUser 2, Acc 4 Balance 425.000000, 				Withdraw 1167.000000 --insufficient funds[0m
User 2, Acc 5 Balance 1319.000000, Withdraw 1307.000000 
User 2, Acc 1 Balance 89.000000, Transfer 89.000000 to Acc 8
[22;32mUser 2, Acc 1 Balance 0.000000, 				Withdraw 41.000000 --insufficient funds[0m
User 2, Acc 2 Balance 906.000000, Withdraw 71.000000 
[22;32mUser 2, Acc 3 Balance 886.000000, 				Withdraw 1127.000000 --insufficient funds[0m
[22;32mUser 2, Acc 6 Balance 579.000000, 				Withdraw 647.000000 --insufficient funds[0m
User 2, Acc 6 Balance 579.000000, Deposit 1953.000000 
User 2, Acc 7 Balance 18654.000000, Deposit 967.000000 
User 2, Acc 2 Balance 835.000000, Transfer 23.000000 to Acc 7
User 2, Acc 6 Balance 2532.000000, Transfer 1167.000000 to Acc 5
User 2, Acc 4 Balance 425.000000, Transfer 53.000000 to Acc 5
User 2, Acc 7 Balance 19644.000000, Withdraw 1593.000000 
User 3, Acc 7 Balance 18792.000000, Transfer 137.000000 to Acc 5
User 3, Acc 7 Balance 17914.000000, Transfer 3.000000 to Acc 4
User 3, Acc 7 Balance 17911.000000, Transfer 5.000000 to Acc 4
User 3, Acc 3 Balance 886.000000, Deposit 929.000000 
User 3, Acc 4 Balance 380.000000, Deposit 937.000000 
User 3, Acc 5 Balance 1369.000000, Deposit 941.000000 
User 3, Acc 4 Balance 1317.000000, Withdraw 1167.000000 
User 3, Acc 5 Balance 2310.000000, Withdraw 1307.000000 
[22;32mUser 3, Acc 1 Balance 0.000000, 				Withdraw 41.000000 --insufficient funds[0m
User 3, Acc 2 Balance 812.000000, Withdraw 71.000000 
User 3, Acc 3 Balance 1815.000000, Withdraw 1127.000000 
User 3, Acc 6 Balance 1365.000000, Withdraw 647.000000 
User 3, Acc 6 Balance 718.000000, Deposit 953.000000 
User 3, Acc 7 Balance 17906.000000, Deposit 967.000000 
User 3, Acc 2 Balance 741.000000, Transfer 23.000000 to Acc 7
User 3, Acc 6 Balance 1671.000000, Transfer 1167.000000 to Acc 5
User 3, Acc 4 Balance 150.000000, Transfer 53.000000 to Acc 5
User 3, Acc 7 Balance 18896.000000, Withdraw 1593.000000 
User 1, Acc 6 Balance 548.000000, Deposit 641.000000 
User 1, Acc 6 Balance 1145.000000, Transfer 641.000000 to Acc 4
User 1, Acc 5 Balance 2223.000000, Deposit 643.000000 
User 1, Acc 5 Balance 2866.000000, Transfer 1200.000000 to Acc 6
[22;32mUser 2, Acc 8 Balance 208.000000, 				Withdraw 449.000000 --insufficient funds[0m
User 2, Acc 9 Balance 1192.000000, Withdraw 163.000000 
User 4, Acc 0 Balance 407.000000, Withdraw 200.000000 
User 4, Acc 0 Balance 644.000000, Deposit 100.000000 
User 4, Acc 0 Balance 744.000000, Withdraw 50.000000 
User 4, Acc 0 Balance 694.000000, Withdraw 150.000000 
User 4, Acc 0 Balance 544.000000, Deposit 300.000000 
User 4, Acc 0 Balance 844.000000, Transfer 300.000000 to Acc 1
Balance in 1: 300.000000
User 5, Acc 8 Balance 738.000000, Transfer 619.000000 to Acc 2
User 4, Acc 0 Balance 544.000000, Deposit 7.000000 
User 5, Acc 7 Balance 17303.000000, Deposit 631.000000 
User 4, Acc 1 Balance 300.000000, Deposit 11.000000 
User 5, Acc 7 Balance 17934.000000, Transfer 631.000000 to Acc 3
[22;32mUser 3, Acc 8 Balance 208.000000, 				Withdraw 449.000000 --insufficient funds[0m
User 5, Acc 6 Balance 1704.000000, Deposit 641.000000 
User 3, Acc 9 Balance 1029.000000, Withdraw 163.000000 
User 3, Acc 7 Balance 17303.000000, Deposit 9929.000000 
User 2, Acc 7 Balance 17303.000000, Deposit 9929.000000 
User 4, Acc 2 Balance 1337.000000, Deposit 9.000000 
[22;32mUser 6, Acc 0 Balance 171.000000, 				Withdraw 500.000000 --insufficient funds[0m
User 0, Acc 1 Balance 89.000000, Withdraw 50.000000 
User 6, Acc 9 Balance 866.000000, Deposit 617.000000 
User 0, Acc 2 Balance 1346.000000, Withdraw 50.000000 
User 6, Acc 9 Balance 1483.000000, Transfer 617.000000 to Acc 1
User 0, Acc 3 Balance 1319.000000, Withdraw 50.000000 
User 2, Acc 4 Balance 738.000000, Deposit 937.000000 
User 4, Acc 3 Balance 1319.000000, Transfer 29.000000 to Acc 7
User 2, Acc 5 Balance 1666.000000, Deposit 941.000000 
User 5, Acc 6 Balance 2345.000000, Transfer 641.000000 to Acc 4
User 3, Acc 4 Balance 738.000000, Deposit 937.000000 
User 5, Acc 5 Balance 2607.000000, Deposit 643.000000 
User 5, Acc 5 Balance 3250.000000, Transfer 1200.000000 to Acc 6
User 1, Acc 4 Balance 738.000000, Deposit 647.000000 
User 4, Acc 7 Balance 37190.000000, Transfer 31.000000 to Acc 6
User 1, Acc 4 Balance 3900.000000, Transfer 1200.000000 to Acc 7
User 4, Acc 7 Balance 37159.000000, Transfer 137.000000 to Acc 5
User 4, Acc 7 Balance 37022.000000, Transfer 3.000000 to Acc 4
User 0, Acc 4 Balance 738.000000, Withdraw 50.000000 
User 3, Acc 5 Balance 3250.000000, Deposit 941.000000 
User 0, Acc 5 Balance 2187.000000, Withdraw 50.000000 
User 3, Acc 0 Balance 551.000000, Deposit 7.000000 
User 3, Acc 3 Balance 1240.000000, Deposit 29.000000 
User 1, Acc 3 Balance 1240.000000, Deposit 653.000000 
User 6, Acc 8 Balance -411.000000, Deposit 619.000000 
User 1, Acc 3 Balance 1922.000000, Transfer 1200.000000 to Acc 8
User 4, Acc 7 Balance 38219.000000, Transfer 5.000000 to Acc 4
User 1, Acc 2 Balance 1296.000000, Deposit 659.000000 
User 4, Acc 3 Balance 722.000000, Deposit 929.000000 
User 1, Acc 2 Balance 1955.000000, Transfer 1200.000000 to Acc 9
User 4, Acc 4 Balance 2658.000000, Deposit 937.000000 
User 5, Acc 4 Balance 3253.000000, Deposit 647.000000 
User 2, Acc 0 Balance 551.000000, Deposit 7.000000 
User 5, Acc 4 Balance 4242.000000, Transfer 1200.000000 to Acc 7
User 5, Acc 3 Balance 1651.000000, Deposit 653.000000 
User 3, Acc 7 Balance 38219.000000, Deposit 9.000000 
User 1, Acc 1 Balance 878.000000, Deposit 661.000000 
User 6, Acc 7 Balance 38219.000000, Deposit 631.000000 
User 1, Acc 1 Balance 1539.000000, Transfer 1200.000000 to Acc 9
User 6, Acc 7 Balance 40054.000000, Transfer 631.000000 to Acc 3
User 1, Acc 0 Balance 565.000000, Deposit 673.000000 
User 2, Acc 3 Balance 1651.000000, Deposit 29.000000 
User 5, Acc 3 Balance 2304.000000, Transfer 1200.000000 to Acc 8
User 5, Acc 2 Balance 755.000000, Deposit 659.000000 
User 0, Acc 6 Balance 2935.000000, Withdraw 50.000000 
User 5, Acc 2 Balance 1414.000000, Transfer 1200.000000 to Acc 9
User 0, Acc 7 Balance 39423.000000, Withdraw 50.000000 
User 0, Acc 8 Balance 2608.000000, Withdraw 50.000000 
User 0, Acc 9 Balance 3266.000000, Withdraw 50.000000 
User 3, Acc 9 Balance 2066.000000, Deposit 129.000000 
User 0, Acc 0 Balance 1238.000000, Withdraw 50.000000 
User 3, Acc 3 Balance 1764.000000, Transfer 29.000000 to Acc 7
User 3, Acc 7 Balance 39402.000000, Transfer 31.000000 to Acc 6
User 0, Acc 9 Balance 4545.000000, Deposit 617.000000 
User 5, Acc 1 Balance 339.000000, Deposit 661.000000 
User 0, Acc 9 Balance 5162.000000, Transfer 617.000000 to Acc 9
User 1, Acc 0 Balance 1238.000000, Transfer 1200.000000 to Acc 9
User 4, Acc 5 Balance 3078.000000, Deposit 941.000000 
User 1, Acc 7 Balance 39371.000000, Deposit 9929.000000 
User 4, Acc 4 Balance 3042.000000, Withdraw 1167.000000 
User 1, Acc 4 Balance 3042.000000, Deposit 937.000000 
User 5, Acc 0 Balance 1188.000000, Deposit 673.000000 
User 1, Acc 5 Balance 4019.000000, Deposit 941.000000 
User 5, Acc 1 Balance 1000.000000, Withdraw 50.000000 
User 6, Acc 6 Balance 2935.000000, Deposit 641.000000 
User 5, Acc 2 Balance 214.000000, Withdraw 50.000000 
User 4, Acc 5 Balance 4019.000000, Withdraw 1307.000000 
User 2, Acc 7 Balance 39423.000000, Deposit 9.000000 
User 4, Acc 1 Balance 950.000000, Transfer 89.000000 to Acc 8
User 2, Acc 9 Balance 6362.000000, Deposit 129.000000 
User 3, Acc 7 Balance 39371.000000, Transfer 137.000000 to Acc 5
User 2, Acc 3 Balance 1735.000000, Transfer 29.000000 to Acc 7
User 5, Acc 3 Balance 1735.000000, Withdraw 50.000000 
User 2, Acc 7 Balance 49201.000000, Transfer 31.000000 to Acc 6
User 2, Acc 7 Balance 49170.000000, Transfer 137.000000 to Acc 5
User 5, Acc 4 Balance 2812.000000, Withdraw 50.000000 
User 6, Acc 6 Balance 3557.000000, Transfer 641.000000 to Acc 4
User 0, Acc 8 Balance 2558.000000, Deposit 619.000000 
User 6, Acc 5 Balance 3927.000000, Deposit 643.000000 
User 6, Acc 5 Balance 4570.000000, Transfer 1200.000000 to Acc 6
User 1, Acc 0 Balance 661.000000, Deposit 7.000000 
User 4, Acc 1 Balance 861.000000, Transfer 163.000000 to Acc 9
User 2, Acc 7 Balance 49033.000000, Transfer 3.000000 to Acc 4
User 4, Acc 1 Balance 698.000000, Withdraw 41.000000 
User 5, Acc 5 Balance 3927.000000, Withdraw 50.000000 
User 4, Acc 2 Balance 164.000000, Withdraw 71.000000 
User 6, Acc 4 Balance 3403.000000, Deposit 647.000000 
User 4, Acc 3 Balance 1656.000000, Withdraw 1127.000000 
User 6, Acc 4 Balance 4053.000000, Transfer 1200.000000 to Acc 7
User 3, Acc 7 Balance 49172.000000, Transfer 3.000000 to Acc 4
User 6, Acc 3 Balance 529.000000, Deposit 653.000000 
User 3, Acc 7 Balance 50227.000000, Transfer 5.000000 to Acc 4
User 5, Acc 6 Balance 4147.000000, Withdraw 50.000000 
User 1, Acc 3 Balance 1656.000000, Deposit 29.000000 
User 5, Acc 7 Balance 50222.000000, Withdraw 50.000000 
User 1, Acc 7 Balance 50222.000000, Deposit 9.000000 
User 5, Acc 8 Balance 3266.000000, Withdraw 50.000000 
User 5, Acc 9 Balance 6654.000000, Withdraw 50.000000 
User 3, Acc 4 Balance 2861.000000, Withdraw 1167.000000 
User 2, Acc 7 Balance 49030.000000, Transfer 5.000000 to Acc 4
User 4, Acc 6 Balance 4147.000000, Withdraw 647.000000 
User 0, Acc 8 Balance 3266.000000, Transfer 619.000000 to Acc 2
User 1, Acc 9 Balance 6654.000000, Deposit 129.000000 
User 0, Acc 7 Balance 50176.000000, Deposit 631.000000 
User 6, Acc 2 Balance 93.000000, Deposit 659.000000 
User 0, Acc 7 Balance 50807.000000, Transfer 631.000000 to Acc 3
User 0, Acc 6 Balance 3450.000000, Deposit 641.000000 
User 6, Acc 2 Balance 1371.000000, Transfer 1200.000000 to Acc 9
User 4, Acc 6 Balance 3450.000000, Deposit 953.000000 
User 6, Acc 1 Balance 657.000000, Deposit 661.000000 
User 4, Acc 7 Balance 50176.000000, Deposit 967.000000 
User 4, Acc 1 Balance 657.000000, Transfer 19.000000 to Acc 7
User 3, Acc 5 Balance 3320.000000, Withdraw 1307.000000 
User 2, Acc 4 Balance 1699.000000, Withdraw 1167.000000 
User 2, Acc 5 Balance 2013.000000, Withdraw 1307.000000 
User 1, Acc 3 Balance 1211.000000, Transfer 29.000000 to Acc 7
User 2, Acc 1 Balance 1299.000000, Transfer 89.000000 to Acc 8
User 5, Acc 0 Balance 668.000000, Withdraw 50.000000 
User 4, Acc 2 Balance 171.000000, Transfer 23.000000 to Acc 7
User 5, Acc 7 Balance 51191.000000, Deposit 9929.000000 
User 4, Acc 6 Balance 5044.000000, Transfer 1167.000000 to Acc 5
User 1, Acc 7 Balance 51191.000000, Transfer 31.000000 to Acc 6
User 4, Acc 4 Balance 532.000000, Transfer 53.000000 to Acc 5
User 1, Acc 7 Balance 61112.000000, Transfer 137.000000 to Acc 5
User 1, Acc 7 Balance 60975.000000, Transfer 3.000000 to Acc 4
User 3, Acc 1 Balance 1299.000000, Transfer 89.000000 to Acc 8
User 5, Acc 4 Balance 532.000000, Deposit 937.000000 
User 0, Acc 6 Balance 4091.000000, Transfer 641.000000 to Acc 4
User 5, Acc 5 Balance 2063.000000, Deposit 941.000000 
User 5, Acc 0 Balance 618.000000, Deposit 7.000000 
User 0, Acc 5 Balance 3004.000000, Deposit 643.000000 
User 2, Acc 1 Balance 1210.000000, Transfer 163.000000 to Acc 9
User 0, Acc 5 Balance 3647.000000, Transfer 1200.000000 to Acc 6
User 2, Acc 1 Balance 958.000000, Withdraw 41.000000 
User 3, Acc 1 Balance 1121.000000, Transfer 163.000000 to Acc 9
User 2, Acc 2 Balance 148.000000, Withdraw 71.000000 
User 4, Acc 7 Balance 60975.000000, Withdraw 1593.000000 
User 2, Acc 3 Balance 1813.000000, Withdraw 1127.000000 
User 1, Acc 7 Balance 60972.000000, Transfer 5.000000 to Acc 4
User 6, Acc 1 Balance 1318.000000, Transfer 1200.000000 to Acc 9
User 6, Acc 0 Balance 625.000000, Deposit 673.000000 
User 5, Acc 3 Balance 1813.000000, Deposit 29.000000 
User 5, Acc 7 Balance 59374.000000, Deposit 9.000000 
User 5, Acc 9 Balance 9459.000000, Deposit 129.000000 
User 5, Acc 3 Balance 715.000000, Transfer 29.000000 to Acc 7
User 5, Acc 7 Balance 59412.000000, Transfer 31.000000 to Acc 6
User 5, Acc 7 Balance 59381.000000, Transfer 137.000000 to Acc 5
User 5, Acc 7 Balance 59244.000000, Transfer 3.000000 to Acc 4
User 5, Acc 7 Balance 59241.000000, Transfer 5.000000 to Acc 4
User 1, Acc 4 Balance 2065.000000, Withdraw 1167.000000 
User 5, Acc 4 Balance 2073.000000, Withdraw 1167.000000 
User 1, Acc 5 Balance 2584.000000, Withdraw 1307.000000 
User 5, Acc 5 Balance 2584.000000, Withdraw 1307.000000 
[22;32mUser 1, Acc 1 Balance -446.000000, 				Withdraw 41.000000 --insufficient funds[0m
User 1, Acc 2 Balance 77.000000, Withdraw 71.000000 
User 2, Acc 6 Balance 4467.000000, Withdraw 647.000000 
[22;32mUser 1, Acc 3 Balance 686.000000, 				Withdraw 1127.000000 --insufficient funds[0m
User 6, Acc 0 Balance 1298.000000, Transfer 1200.000000 to Acc 9
User 4, Acc 8 Balance 2775.000000, Withdraw 449.000000 
User 6, Acc 9 Balance 10788.000000, Deposit 617.000000 
User 6, Acc 9 Balance 11405.000000, Transfer 617.000000 to Acc 9
User 4, Acc 9 Balance 11405.000000, Withdraw 163.000000 
User 3, Acc 1 Balance 754.000000, Withdraw 41.000000 
User 4, Acc 0 Balance 98.000000, Deposit 7.000000 
User 2, Acc 6 Balance 3851.000000, Deposit 1953.000000 
User 1, Acc 6 Balance 3851.000000, Withdraw 647.000000 
User 2, Acc 7 Balance 59236.000000, Deposit 967.000000 
User 1, Acc 6 Balance 5157.000000, Deposit 1953.000000 
[22;32mUser 5, Acc 1 Balance -446.000000, 				Withdraw 41.000000 --insufficient funds[0m
User 1, Acc 7 Balance 60203.000000, Deposit 967.000000 
[22;32mUser 5, Acc 2 Balance 6.000000, 				Withdraw 71.000000 --insufficient funds[0m
[22;32mUser 3, Acc 2 Balance 6.000000, 				Withdraw 71.000000 --insufficient funds[0m
User 0, Acc 4 Balance 2060.000000, Deposit 647.000000 
User 2, Acc 6 Balance 5157.000000, Transfer 1167.000000 to Acc 5
User 4, Acc 1 Balance -446.000000, Deposit 11.000000 
User 1, Acc 6 Balance 7110.000000, Transfer 1167.000000 to Acc 5
[22;32mUser 5, Acc 3 Balance 686.000000, 				Withdraw 1127.000000 --insufficient funds[0m
[22;32mUser 3, Acc 3 Balance 686.000000, 				Withdraw 1127.000000 --insufficient funds[0m
User 5, Acc 6 Balance 4776.000000, Withdraw 647.000000 
User 5, Acc 6 Balance 4129.000000, Deposit 1953.000000 
User 2, Acc 4 Balance 386.000000, Transfer 53.000000 to Acc 5
User 5, Acc 7 Balance 61170.000000, Deposit 967.000000 
User 2, Acc 7 Balance 61170.000000, Withdraw 1593.000000 
User 2, Acc 8 Balance 2326.000000, Withdraw 449.000000 
User 1, Acc 4 Balance 386.000000, Transfer 53.000000 to Acc 5
User 1, Acc 7 Balance 60544.000000, Withdraw 1593.000000 
User 1, Acc 8 Balance 1877.000000, Withdraw 449.000000 
User 1, Acc 9 Balance 11242.000000, Withdraw 163.000000 
User 1, Acc 7 Balance 58951.000000, Deposit 9929.000000 
User 4, Acc 2 Balance 6.000000, Deposit 9.000000 
User 1, Acc 4 Balance 280.000000, Deposit 937.000000 
User 1, Acc 5 Balance 2410.000000, Deposit 941.000000 
User 5, Acc 6 Balance 6082.000000, Transfer 1167.000000 to Acc 5
User 3, Acc 6 Balance 4776.000000, Withdraw 647.000000 
User 5, Acc 4 Balance 1217.000000, Transfer 53.000000 to Acc 5
User 0, Acc 3 Balance 686.000000, Deposit 653.000000 
User 2, Acc 9 Balance 11242.000000, Withdraw 163.000000 
User 4, Acc 3 Balance 686.000000, Transfer 29.000000 to Acc 7
User 1, Acc 0 Balance 105.000000, Deposit 7.000000 
User 4, Acc 7 Balance 68909.000000, Transfer 31.000000 to Acc 6
User 1, Acc 3 Balance 1310.000000, Deposit 29.000000 
User 6, Acc 8 Balance 2326.000000, Deposit 619.000000 
User 1, Acc 7 Balance 68878.000000, Deposit 9.000000 
User 2, Acc 9 Balance 10916.000000, Deposit 617.000000 
User 3, Acc 6 Balance 4268.000000, Deposit 1953.000000 
User 2, Acc 9 Balance 11533.000000, Transfer 617.000000 to Acc 9
User 3, Acc 7 Balance 68887.000000, Deposit 967.000000 
User 5, Acc 7 Balance 68880.000000, Withdraw 1593.000000 
User 3, Acc 6 Balance 6252.000000, Transfer 1167.000000 to Acc 5
User 0, Acc 3 Balance 1339.000000, Transfer 1200.000000 to Acc 8
User 4, Acc 7 Balance 68878.000000, Transfer 137.000000 to Acc 5
User 2, Acc 8 Balance 2047.000000, Deposit 619.000000 
User 4, Acc 7 Balance 68124.000000, Transfer 3.000000 to Acc 4
User 4, Acc 7 Balance 68121.000000, Transfer 5.000000 to Acc 4
User 5, Acc 8 Balance 2047.000000, Withdraw 449.000000 
User 4, Acc 3 Balance 139.000000, Deposit 929.000000 
User 5, Acc 9 Balance 11533.000000, Withdraw 163.000000 
User 0, Acc 2 Balance 15.000000, Deposit 659.000000 
User 5, Acc 0 Balance 112.000000, Deposit 400.000000 
User 0, Acc 1 Balance -476.000000, Deposit 661.000000 
User 0, Acc 0 Balance 112.000000, Deposit 673.000000 
User 5, Acc 0 Balance 512.000000, Withdraw 200.000000 
User 0, Acc 1 Balance 185.000000, Withdraw 50.000000 
User 5, Acc 0 Balance 985.000000, Deposit 100.000000 
User 0, Acc 2 Balance 674.000000, Withdraw 50.000000 
User 5, Acc 0 Balance 1085.000000, Withdraw 50.000000 
User 2, Acc 8 Balance 3866.000000, Transfer 619.000000 to Acc 2
User 5, Acc 0 Balance 1035.000000, Withdraw 150.000000 
User 2, Acc 7 Balance 68116.000000, Deposit 631.000000 
User 5, Acc 0 Balance 885.000000, Deposit 300.000000 
User 2, Acc 7 Balance 68747.000000, Transfer 631.000000 to Acc 3
User 1, Acc 9 Balance 10916.000000, Deposit 129.000000 
User 4, Acc 4 Balance 1172.000000, Deposit 937.000000 
User 1, Acc 3 Balance 1699.000000, Transfer 29.000000 to Acc 7
User 6, Acc 8 Balance 2047.000000, Transfer 619.000000 to Acc 2
User 0, Acc 3 Balance 1068.000000, Withdraw 50.000000 
User 5, Acc 0 Balance 1185.000000, Transfer 300.000000 to Acc 1
User 0, Acc 4 Balance 2109.000000, Withdraw 50.000000 
Balance in 1: 435.000000
User 0, Acc 5 Balance 5875.000000, Withdraw 50.000000 
User 1, Acc 7 Balance 68145.000000, Transfer 31.000000 to Acc 6
User 4, Acc 5 Balance 5875.000000, Deposit 941.000000 
User 6, Acc 7 Balance 68145.000000, Deposit 631.000000 
User 3, Acc 4 Balance 1164.000000, Transfer 53.000000 to Acc 5
User 2, Acc 6 Balance 5085.000000, Deposit 641.000000 
User 2, Acc 6 Balance 5757.000000, Transfer 641.000000 to Acc 4
User 2, Acc 5 Balance 6819.000000, Deposit 643.000000 
User 2, Acc 5 Balance 7462.000000, Transfer 1200.000000 to Acc 6
User 2, Acc 4 Balance 2647.000000, Deposit 647.000000 
User 2, Acc 4 Balance 3294.000000, Transfer 1200.000000 to Acc 7
User 2, Acc 3 Balance 1620.000000, Deposit 653.000000 
User 2, Acc 3 Balance 2273.000000, Transfer 1200.000000 to Acc 8
User 6, Acc 7 Balance 68745.000000, Transfer 631.000000 to Acc 3
User 3, Acc 7 Balance 68745.000000, Withdraw 1593.000000 
User 6, Acc 6 Balance 6316.000000, Deposit 641.000000 
User 3, Acc 8 Balance 3379.000000, Withdraw 449.000000 
User 6, Acc 6 Balance 6957.000000, Transfer 641.000000 to Acc 4
User 3, Acc 9 Balance 11499.000000, Withdraw 163.000000 
User 4, Acc 4 Balance 2059.000000, Withdraw 1167.000000 
User 3, Acc 0 Balance 885.000000, Deposit 7.000000 
User 4, Acc 5 Balance 6262.000000, Withdraw 1307.000000 
User 1, Acc 7 Balance 68114.000000, Transfer 137.000000 to Acc 5
User 4, Acc 1 Balance 435.000000, Transfer 89.000000 to Acc 8
User 1, Acc 7 Balance 67584.000000, Transfer 3.000000 to Acc 4
User 1, Acc 7 Balance 67581.000000, Transfer 5.000000 to Acc 4
User 5, Acc 9 Balance 11499.000000, Deposit 617.000000 
User 1, Acc 4 Balance 1576.000000, Withdraw 1167.000000 
User 5, Acc 9 Balance 11953.000000, Transfer 617.000000 to Acc 9
User 1, Acc 5 Balance 5092.000000, Withdraw 1307.000000 
User 5, Acc 8 Balance 3019.000000, Deposit 619.000000 
User 1, Acc 1 Balance 346.000000, Transfer 89.000000 to Acc 8
User 5, Acc 8 Balance 3638.000000, Transfer 619.000000 to Acc 2
User 1, Acc 1 Balance 257.000000, Transfer 163.000000 to Acc 9
User 5, Acc 7 Balance 67576.000000, Deposit 631.000000 
User 1, Acc 1 Balance 94.000000, Withdraw 41.000000 
User 4, Acc 1 Balance 346.000000, Transfer 163.000000 to Acc 9
User 1, Acc 2 Balance 2481.000000, Withdraw 71.000000 
User 0, Acc 6 Balance 5085.000000, Withdraw 50.000000 
User 6, Acc 5 Balance 6262.000000, Deposit 643.000000 
User 0, Acc 7 Balance 68207.000000, Withdraw 50.000000 
User 0, Acc 8 Balance 3108.000000, Withdraw 50.000000 
User 2, Acc 2 Balance 1862.000000, Deposit 659.000000 
User 2, Acc 2 Balance 3069.000000, Transfer 1200.000000 to Acc 9
User 2, Acc 1 Balance -110.000000, Deposit 661.000000 
User 2, Acc 0 Balance 892.000000, Deposit 673.000000 
User 2, Acc 0 Balance 1565.000000, Transfer 1200.000000 to Acc 9
User 2, Acc 1 Balance 551.000000, Withdraw 50.000000 
User 2, Acc 2 Balance 1869.000000, Withdraw 50.000000 
User 2, Acc 3 Balance 1704.000000, Withdraw 50.000000 
User 2, Acc 4 Balance 409.000000, Withdraw 50.000000 
User 2, Acc 5 Balance 4428.000000, Withdraw 50.000000 
User 0, Acc 9 Balance 12279.000000, Withdraw 50.000000 
User 3, Acc 1 Balance 435.000000, Deposit 11.000000 
[22;32mUser 4, Acc 1 Balance -110.000000, 				Withdraw 41.000000 --insufficient funds[0m
User 1, Acc 3 Balance 1704.000000, Withdraw 1127.000000 
User 5, Acc 7 Balance 68207.000000, Transfer 631.000000 to Acc 3
User 6, Acc 5 Balance 4428.000000, Transfer 1200.000000 to Acc 6
User 5, Acc 6 Balance 6266.000000, Deposit 641.000000 
User 5, Acc 6 Balance 6907.000000, Transfer 641.000000 to Acc 4
User 0, Acc 0 Balance 365.000000, Withdraw 50.000000 
User 3, Acc 2 Balance 1819.000000, Deposit 9.000000 
User 0, Acc 1 Balance 512.000000, Withdraw 500.000000 
User 1, Acc 6 Balance 6266.000000, Withdraw 647.000000 
User 0, Acc 2 Balance 1828.000000, Withdraw 500.000000 
User 2, Acc 6 Balance 6266.000000, Withdraw 50.000000 
User 6, Acc 4 Balance 359.000000, Deposit 647.000000 
User 2, Acc 7 Balance 67526.000000, Withdraw 50.000000 
User 6, Acc 4 Balance 1647.000000, Transfer 1200.000000 to Acc 7
User 2, Acc 8 Balance 3058.000000, Withdraw 50.000000 
User 6, Acc 3 Balance 1158.000000, Deposit 653.000000 
User 2, Acc 9 Balance 14629.000000, Withdraw 50.000000 
User 5, Acc 5 Balance 3178.000000, Deposit 643.000000 
User 4, Acc 2 Balance 1819.000000, Withdraw 71.000000 
User 3, Acc 3 Balance 1158.000000, Transfer 29.000000 to Acc 7
User 1, Acc 6 Balance 6819.000000, Deposit 1953.000000 
User 6, Acc 3 Balance 1811.000000, Transfer 1200.000000 to Acc 8
User 2, Acc 0 Balance 315.000000, Withdraw 50.000000 
User 6, Acc 2 Balance 1257.000000, Deposit 659.000000 
User 2, Acc 9 Balance 14579.000000, Deposit 617.000000 
User 6, Acc 2 Balance 1916.000000, Transfer 1200.000000 to Acc 9
User 2, Acc 9 Balance 15196.000000, Transfer 617.000000 to Acc 9
User 2, Acc 8 Balance 4208.000000, Deposit 619.000000 
User 2, Acc 8 Balance 4827.000000, Transfer 619.000000 to Acc 2
User 2, Acc 7 Balance 68705.000000, Deposit 631.000000 
User 2, Acc 7 Balance 69336.000000, Transfer 631.000000 to Acc 3
User 2, Acc 6 Balance 8722.000000, Deposit 641.000000 
User 2, Acc 6 Balance 9363.000000, Transfer 641.000000 to Acc 4
User 2, Acc 5 Balance 3821.000000, Deposit 643.000000 
User 2, Acc 5 Balance 4464.000000, Transfer 1200.000000 to Acc 6
User 2, Acc 4 Balance 1088.000000, Deposit 647.000000 
User 2, Acc 4 Balance 1735.000000, Transfer 1200.000000 to Acc 7
User 2, Acc 3 Balance 1213.000000, Deposit 653.000000 
User 1, Acc 7 Balance 68705.000000, Deposit 967.000000 
User 5, Acc 5 Balance 3821.000000, Transfer 1200.000000 to Acc 6
User 5, Acc 4 Balance 535.000000, Deposit 647.000000 
User 5, Acc 3 Balance 1866.000000, Deposit 653.000000 
User 5, Acc 3 Balance 2519.000000, Transfer 1200.000000 to Acc 8
User 5, Acc 2 Balance 1335.000000, Deposit 659.000000 
User 5, Acc 2 Balance 1994.000000, Transfer 1200.000000 to Acc 9
User 5, Acc 1 Balance 12.000000, Deposit 661.000000 
User 5, Acc 0 Balance 265.000000, Deposit 673.000000 
User 5, Acc 1 Balance 673.000000, Withdraw 50.000000 
User 1, Acc 2 Balance 1335.000000, Transfer 23.000000 to Acc 7
User 5, Acc 2 Balance 794.000000, Withdraw 50.000000 
User 1, Acc 6 Balance 11122.000000, Transfer 1167.000000 to Acc 5
User 5, Acc 3 Balance 1319.000000, Withdraw 50.000000 
User 1, Acc 4 Balance 1182.000000, Transfer 53.000000 to Acc 5
User 5, Acc 4 Balance 1182.000000, Withdraw 50.000000 
User 5, Acc 5 Balance 3231.000000, Withdraw 50.000000 
User 4, Acc 3 Balance 1811.000000, Withdraw 1127.000000 
User 5, Acc 6 Balance 9955.000000, Withdraw 50.000000 
User 5, Acc 7 Balance 70895.000000, Withdraw 50.000000 
User 3, Acc 7 Balance 68705.000000, Transfer 31.000000 to Acc 6
User 5, Acc 8 Balance 5408.000000, Withdraw 50.000000 
User 6, Acc 1 Balance 12.000000, Deposit 661.000000 
User 1, Acc 7 Balance 70895.000000, Withdraw 1593.000000 
User 6, Acc 1 Balance 1284.000000, Transfer 1200.000000 to Acc 9
User 1, Acc 8 Balance 5358.000000, Withdraw 449.000000 
User 1, Acc 9 Balance 17596.000000, Withdraw 163.000000 
User 3, Acc 7 Balance 70814.000000, Transfer 137.000000 to Acc 5
User 5, Acc 9 Balance 17596.000000, Withdraw 50.000000 
User 2, Acc 3 Balance 1866.000000, Transfer 1200.000000 to Acc 8
User 5, Acc 0 Balance 938.000000, Withdraw 50.000000 
User 2, Acc 2 Balance 721.000000, Deposit 659.000000 
User 5, Acc 0 Balance 888.000000, Deposit 7.000000 
User 2, Acc 2 Balance 1380.000000, Transfer 1200.000000 to Acc 9
User 1, Acc 9 Balance 18633.000000, Deposit 617.000000 
User 0, Acc 3 Balance 1158.000000, Withdraw 500.000000 
User 1, Acc 9 Balance 20400.000000, Transfer 617.000000 to Acc 1
User 0, Acc 4 Balance 1079.000000, Withdraw 500.000000 
User 5, Acc 1 Balance 84.000000, Deposit 11.000000 
User 0, Acc 5 Balance 3371.000000, Withdraw 500.000000 
User 5, Acc 2 Balance 180.000000, Deposit 9.000000 
User 0, Acc 6 Balance 9936.000000, Withdraw 500.000000 
User 6, Acc 0 Balance 938.000000, Deposit 673.000000 
User 1, Acc 8 Balance 6109.000000, Deposit 619.000000 
User 6, Acc 0 Balance 1568.000000, Transfer 1200.000000 to Acc 9
User 4, Acc 6 Balance 9905.000000, Withdraw 647.000000 
User 3, Acc 7 Balance 69084.000000, Transfer 3.000000 to Acc 4
User 4, Acc 6 Balance 8789.000000, Deposit 953.000000 
User 5, Acc 7 Balance 69084.000000, Transfer 31.000000 to Acc 6
User 2, Acc 1 Balance 84.000000, Deposit 661.000000 
User 5, Acc 7 Balance 69050.000000, Transfer 137.000000 to Acc 5
User 0, Acc 7 Balance 69084.000000, Withdraw 500.000000 
User 6, Acc 1 Balance 712.000000, Withdraw 50.000000 
User 1, Acc 8 Balance 6728.000000, Transfer 619.000000 to Acc 2
User 6, Acc 2 Balance 189.000000, Withdraw 50.000000 
User 1, Acc 7 Balance 68413.000000, Deposit 631.000000 
User 3, Acc 7 Balance 69081.000000, Transfer 5.000000 to Acc 4
User 5, Acc 7 Balance 68913.000000, Transfer 3.000000 to Acc 4
User 0, Acc 8 Balance 6728.000000, Withdraw 500.000000 
User 0, Acc 9 Balance 20983.000000, Withdraw 500.000000 
[22;32mUser 6, Acc 3 Balance -1558.000000, 				Withdraw 50.000000 --insufficient funds[0m
User 1, Acc 7 Balance 69044.000000, Transfer 631.000000 to Acc 3
User 3, Acc 3 Balance -1558.000000, Deposit 929.000000 
User 1, Acc 6 Balance 9773.000000, Deposit 641.000000 
User 3, Acc 4 Balance 590.000000, Deposit 937.000000 
User 5, Acc 7 Balance 69036.000000, Transfer 5.000000 to Acc 4
User 4, Acc 7 Balance 69084.000000, Deposit 967.000000 
User 5, Acc 3 Balance 2.000000, Deposit 929.000000 
User 6, Acc 4 Balance 590.000000, Withdraw 50.000000 
User 1, Acc 6 Balance 10414.000000, Transfer 641.000000 to Acc 4
User 3, Acc 5 Balance 3008.000000, Deposit 941.000000 
User 1, Acc 5 Balance 3008.000000, Deposit 643.000000 
User 3, Acc 4 Balance 2123.000000, Withdraw 1167.000000 
User 1, Acc 5 Balance 4592.000000, Transfer 1200.000000 to Acc 6
User 5, Acc 4 Balance 1532.000000, Deposit 937.000000 
User 1, Acc 4 Balance 956.000000, Deposit 647.000000 
User 5, Acc 5 Balance 3392.000000, Deposit 941.000000 
User 1, Acc 4 Balance 2540.000000, Transfer 1200.000000 to Acc 7
User 5, Acc 4 Balance 2540.000000, Withdraw 1167.000000 
User 1, Acc 3 Balance 931.000000, Deposit 653.000000 
User 5, Acc 5 Balance 4333.000000, Withdraw 1307.000000 
User 1, Acc 3 Balance 1584.000000, Transfer 1200.000000 to Acc 8
User 1, Acc 2 Balance 758.000000, Deposit 659.000000 
[22;32mUser 0, Acc 0 Balance 368.000000, 				Withdraw 500.000000 --insufficient funds[0m
User 1, Acc 2 Balance 1417.000000, Transfer 1200.000000 to Acc 9
User 0, Acc 1 Balance 1323.000000, Withdraw 500.000000 
User 2, Acc 1 Balance 1373.000000, Transfer 1200.000000 to Acc 9
[22;32mUser 0, Acc 2 Balance 217.000000, 				Withdraw 500.000000 --insufficient funds[0m
User 2, Acc 0 Balance 368.000000, Deposit 673.000000 
User 3, Acc 5 Balance 4592.000000, Withdraw 1307.000000 
[22;32mUser 2, Acc 1 Balance -377.000000, 				Withdraw 50.000000 --insufficient funds[0m
[22;32mUser 3, Acc 1 Balance -377.000000, 				Withdraw 41.000000 --insufficient funds[0m
User 1, Acc 1 Balance 1323.000000, Deposit 661.000000 
User 5, Acc 1 Balance 1323.000000, Transfer 89.000000 to Acc 8
User 1, Acc 0 Balance 1041.000000, Deposit 673.000000 
User 5, Acc 1 Balance 195.000000, Transfer 163.000000 to Acc 9
User 1, Acc 0 Balance 1714.000000, Transfer 1200.000000 to Acc 9
[22;32mUser 5, Acc 1 Balance 32.000000, 				Withdraw 41.000000 --insufficient funds[0m
User 3, Acc 2 Balance 217.000000, Withdraw 71.000000 
[22;32mUser 0, Acc 3 Balance 384.000000, 				Withdraw 500.000000 --insufficient funds[0m
User 4, Acc 1 Balance 1323.000000, Transfer 19.000000 to Acc 7
User 2, Acc 2 Balance 217.000000, Withdraw 50.000000 
User 4, Acc 2 Balance 146.000000, Transfer 23.000000 to Acc 7
User 1, Acc 0 Balance 514.000000, Deposit 7.000000 
User 6, Acc 5 Balance 3008.000000, Withdraw 50.000000 
User 1, Acc 1 Balance 13.000000, Deposit 11.000000 
User 6, Acc 6 Balance 10973.000000, Withdraw 50.000000 
User 1, Acc 2 Balance 73.000000, Deposit 9.000000 
User 2, Acc 3 Balance 384.000000, Withdraw 50.000000 
User 5, Acc 2 Balance 217.000000, Withdraw 71.000000 
User 2, Acc 4 Balance 173.000000, Withdraw 50.000000 
[22;32mUser 5, Acc 3 Balance 334.000000, 				Withdraw 1127.000000 --insufficient funds[0m
User 2, Acc 5 Balance 1669.000000, Withdraw 50.000000 
User 1, Acc 3 Balance 384.000000, Transfer 29.000000 to Acc 7
User 6, Acc 7 Balance 70609.000000, Withdraw 50.000000 
User 1, Acc 7 Balance 70638.000000, Transfer 31.000000 to Acc 6
User 6, Acc 8 Balance 6898.000000, Withdraw 50.000000 
User 6, Acc 9 Balance 24246.000000, Withdraw 50.000000 
User 5, Acc 6 Balance 10923.000000, Withdraw 647.000000 
User 2, Acc 6 Balance 10923.000000, Withdraw 50.000000 
User 4, Acc 6 Balance 10973.000000, Transfer 1167.000000 to Acc 5
[22;32mUser 3, Acc 3 Balance 384.000000, 				Withdraw 1127.000000 --insufficient funds[0m
User 4, Acc 4 Balance 123.000000, Transfer 53.000000 to Acc 5
User 1, Acc 7 Balance 70557.000000, Transfer 137.000000 to Acc 5
User 4, Acc 7 Balance 70557.000000, Withdraw 1593.000000 
User 4, Acc 8 Balance 6848.000000, Withdraw 449.000000 
User 4, Acc 9 Balance 24196.000000, Withdraw 163.000000 
User 4, Acc 0 Balance 521.000000, Deposit 100.000000 
User 4, Acc 0 Balance 621.000000, Deposit 200.000000 
User 4, Acc 0 Balance 821.000000, Deposit 300.000000 
User 4, Acc 0 Balance 1121.000000, Withdraw 200.000000 
User 4, Acc 0 Balance 921.000000, Withdraw 100.000000 
User 4, Acc 0 Balance 821.000000, Withdraw 50.000000 
Balance in 0: 771.000000
User 4, Acc 9 Balance 24033.000000, Deposit 617.000000 
User 4, Acc 9 Balance 24650.000000, Transfer 617.000000 to Acc 1
User 4, Acc 8 Balance 6399.000000, Deposit 619.000000 
User 4, Acc 8 Balance 7018.000000, Transfer 619.000000 to Acc 2
[22;32mUser 0, Acc 4 Balance 173.000000, 				Withdraw 500.000000 --insufficient funds[0m
User 3, Acc 6 Balance 9090.000000, Withdraw 647.000000 
User 0, Acc 5 Balance 2976.000000, Withdraw 500.000000 
User 3, Acc 6 Balance 8443.000000, Deposit 953.000000 
User 0, Acc 6 Balance 8443.000000, Withdraw 500.000000 
User 0, Acc 7 Balance 68827.000000, Withdraw 500.000000 
User 5, Acc 6 Balance 10307.000000, Deposit 953.000000 
User 4, Acc 7 Balance 68827.000000, Deposit 631.000000 
User 4, Acc 7 Balance 68958.000000, Transfer 631.000000 to Acc 3
User 1, Acc 7 Balance 70420.000000, Transfer 3.000000 to Acc 4
User 1, Acc 7 Balance 68324.000000, Transfer 5.000000 to Acc 4
User 1, Acc 3 Balance 936.000000, Deposit 929.000000 
User 1, Acc 4 Balance 78.000000, Deposit 937.000000 
User 1, Acc 5 Balance 2476.000000, Deposit 941.000000 
[22;32mUser 1, Acc 4 Balance 1015.000000, 				Withdraw 1167.000000 --insufficient funds[0m
User 1, Acc 5 Balance 3417.000000, Withdraw 1307.000000 
User 2, Acc 7 Balance 70557.000000, Withdraw 50.000000 
User 2, Acc 8 Balance 6399.000000, Withdraw 50.000000 
User 2, Acc 9 Balance 24033.000000, Withdraw 50.000000 
User 2, Acc 0 Balance 771.000000, Withdraw 50.000000 
User 2, Acc 0 Balance 721.000000, Deposit 7.000000 
User 2, Acc 1 Balance 641.000000, Deposit 11.000000 
User 5, Acc 7 Balance 68327.000000, Deposit 967.000000 
User 6, Acc 0 Balance 521.000000, Withdraw 50.000000 
User 5, Acc 1 Balance 652.000000, Transfer 19.000000 to Acc 7
User 6, Acc 9 Balance 23983.000000, Deposit 617.000000 
User 6, Acc 9 Balance 24600.000000, Transfer 617.000000 to Acc 1
User 3, Acc 7 Balance 68324.000000, Deposit 967.000000 
User 3, Acc 1 Balance 1250.000000, Transfer 19.000000 to Acc 7
User 3, Acc 2 Balance 630.000000, Transfer 23.000000 to Acc 7
User 3, Acc 6 Balance 9849.000000, Transfer 1167.000000 to Acc 5
User 3, Acc 4 Balance 1015.000000, Transfer 53.000000 to Acc 5
User 3, Acc 7 Balance 70264.000000, Withdraw 1593.000000 
User 3, Acc 8 Balance 6349.000000, Withdraw 449.000000 
User 3, Acc 9 Balance 23983.000000, Withdraw 163.000000 
User 6, Acc 8 Balance 6349.000000, Deposit 619.000000 
User 6, Acc 8 Balance 6519.000000, Transfer 619.000000 to Acc 2
User 0, Acc 8 Balance 6399.000000, Withdraw 500.000000 
User 2, Acc 2 Balance 630.000000, Deposit 9.000000 
User 4, Acc 6 Balance 8896.000000, Deposit 641.000000 
User 5, Acc 2 Balance 630.000000, Transfer 23.000000 to Acc 7
User 4, Acc 6 Balance 9323.000000, Transfer 641.000000 to Acc 4
User 5, Acc 6 Balance 9323.000000, Transfer 1167.000000 to Acc 5
User 6, Acc 7 Balance 68671.000000, Deposit 631.000000 
User 5, Acc 4 Balance 1603.000000, Transfer 53.000000 to Acc 5
User 0, Acc 9 Balance 23820.000000, Withdraw 500.000000 
User 5, Acc 7 Balance 69325.000000, Withdraw 1593.000000 
User 1, Acc 1 Balance 641.000000, Transfer 89.000000 to Acc 8
User 3, Acc 9 Balance 23820.000000, Deposit 617.000000 
User 6, Acc 7 Balance 69325.000000, Transfer 631.000000 to Acc 3
User 3, Acc 9 Balance 23937.000000, Transfer 617.000000 to Acc 1
User 2, Acc 3 Balance 1865.000000, Transfer 29.000000 to Acc 7
User 5, Acc 8 Balance 5400.000000, Withdraw 449.000000 
User 2, Acc 7 Balance 67130.000000, Transfer 31.000000 to Acc 6
User 5, Acc 9 Balance 23320.000000, Withdraw 163.000000 
User 1, Acc 1 Balance 1142.000000, Transfer 163.000000 to Acc 9
User 5, Acc 9 Balance 23157.000000, Deposit 617.000000 
User 5, Acc 9 Balance 23937.000000, Transfer 617.000000 to Acc 1
User 4, Acc 5 Balance 3330.000000, Deposit 643.000000 
User 5, Acc 8 Balance 5040.000000, Deposit 619.000000 
User 2, Acc 7 Balance 67099.000000, Transfer 137.000000 to Acc 5
User 3, Acc 8 Balance 5489.000000, Deposit 619.000000 
User 1, Acc 1 Balance 1596.000000, Withdraw 41.000000 
User 3, Acc 8 Balance 6278.000000, Transfer 619.000000 to Acc 2
User 1, Acc 2 Balance 1212.000000, Withdraw 71.000000 
User 4, Acc 5 Balance 5193.000000, Transfer 1200.000000 to Acc 6
User 5, Acc 8 Balance 5659.000000, Transfer 619.000000 to Acc 2
User 4, Acc 4 Balance 1550.000000, Deposit 647.000000 
User 4, Acc 4 Balance 2197.000000, Transfer 1200.000000 to Acc 7
User 2, Acc 7 Balance 66962.000000, Transfer 3.000000 to Acc 4
User 3, Acc 7 Balance 66962.000000, Deposit 631.000000 
User 2, Acc 7 Balance 68159.000000, Transfer 5.000000 to Acc 4
User 2, Acc 3 Balance 2467.000000, Deposit 929.000000 
User 3, Acc 7 Balance 68785.000000, Transfer 631.000000 to Acc 3
User 2, Acc 4 Balance 1005.000000, Deposit 937.000000 
User 6, Acc 6 Balance 7515.000000, Deposit 641.000000 
User 2, Acc 5 Balance 4130.000000, Deposit 941.000000 
User 6, Acc 6 Balance 9387.000000, Transfer 641.000000 to Acc 4
User 0, Acc 0 Balance 678.000000, Withdraw 500.000000 
User 6, Acc 5 Balance 5071.000000, Deposit 643.000000 
User 0, Acc 1 Balance 2172.000000, Withdraw 500.000000 
User 5, Acc 7 Balance 66962.000000, Deposit 631.000000 
User 0, Acc 2 Balance 2379.000000, Withdraw 500.000000 
User 5, Acc 7 Balance 68785.000000, Transfer 631.000000 to Acc 3
User 1, Acc 3 Balance 2467.000000, Withdraw 1127.000000 
User 5, Acc 6 Balance 8746.000000, Deposit 641.000000 
User 4, Acc 3 Balance 2467.000000, Deposit 653.000000 
User 5, Acc 6 Balance 9387.000000, Transfer 641.000000 to Acc 4
User 4, Acc 3 Balance 4184.000000, Transfer 1200.000000 to Acc 8
User 3, Acc 6 Balance 8746.000000, Deposit 641.000000 
User 6, Acc 5 Balance 5714.000000, Transfer 1200.000000 to Acc 6
User 3, Acc 6 Balance 9387.000000, Transfer 641.000000 to Acc 4
User 1, Acc 6 Balance 8746.000000, Withdraw 647.000000 
User 2, Acc 4 Balance 1942.000000, Withdraw 1167.000000 
User 5, Acc 5 Balance 5714.000000, Deposit 643.000000 
User 4, Acc 2 Balance 1879.000000, Deposit 659.000000 
User 5, Acc 5 Balance 5157.000000, Transfer 1200.000000 to Acc 6
User 4, Acc 2 Balance 2538.000000, Transfer 1200.000000 to Acc 9
User 4, Acc 1 Balance 1672.000000, Deposit 661.000000 
User 5, Acc 4 Balance 2698.000000, Deposit 647.000000 
User 0, Acc 3 Balance 4027.000000, Withdraw 500.000000 
User 0, Acc 4 Balance 3345.000000, Withdraw 500.000000 
User 2, Acc 5 Balance 4514.000000, Withdraw 1307.000000 
User 6, Acc 4 Balance 3224.000000, Deposit 647.000000 
User 3, Acc 5 Balance 4514.000000, Deposit 643.000000 
User 6, Acc 4 Balance 3492.000000, Transfer 1200.000000 to Acc 7
User 6, Acc 3 Balance 2484.000000, Deposit 653.000000 
User 4, Acc 1 Balance 2333.000000, Transfer 1200.000000 to Acc 9
User 6, Acc 3 Balance 3137.000000, Transfer 1200.000000 to Acc 8
User 1, Acc 6 Balance 9299.000000, Deposit 953.000000 
User 0, Acc 5 Balance 3957.000000, Withdraw 500.000000 
User 3, Acc 5 Balance 3293.000000, Transfer 1200.000000 to Acc 6
User 5, Acc 4 Balance 3345.000000, Transfer 1200.000000 to Acc 7
User 4, Acc 0 Balance 178.000000, Deposit 673.000000 
User 5, Acc 3 Balance 1937.000000, Deposit 653.000000 
User 4, Acc 0 Balance 851.000000, Deposit 400.000000 
User 4, Acc 0 Balance 1251.000000, Withdraw 200.000000 
User 1, Acc 7 Balance 69354.000000, Deposit 967.000000 
User 0, Acc 6 Balance 11452.000000, Withdraw 500.000000 
User 3, Acc 4 Balance 2292.000000, Deposit 647.000000 
User 0, Acc 7 Balance 71521.000000, Withdraw 500.000000 
User 0, Acc 8 Balance 7440.000000, Withdraw 500.000000 
User 3, Acc 4 Balance 1739.000000, Transfer 1200.000000 to Acc 7
User 0, Acc 9 Balance 25720.000000, Withdraw 500.000000 
User 5, Acc 3 Balance 2590.000000, Transfer 1200.000000 to Acc 8
User 4, Acc 0 Balance 1051.000000, Deposit 100.000000 
User 4, Acc 0 Balance 1151.000000, Withdraw 50.000000 
User 4, Acc 0 Balance 1101.000000, Withdraw 150.000000 
User 4, Acc 0 Balance 951.000000, Deposit 300.000000 
User 4, Acc 0 Balance 1251.000000, Transfer 300.000000 to Acc 1
User 0, Acc 0 Balance 1051.000000, Withdraw 500.000000 
User 0, Acc 0 Balance 451.000000, Deposit 400.000000 
User 0, Acc 0 Balance 851.000000, Withdraw 200.000000 
User 0, Acc 0 Balance 651.000000, Deposit 100.000000 
User 0, Acc 0 Balance 751.000000, Withdraw 50.000000 
User 0, Acc 0 Balance 701.000000, Withdraw 150.000000 
User 0, Acc 0 Balance 551.000000, Deposit 300.000000 
User 0, Acc 0 Balance 851.000000, Transfer 300.000000 to Acc 1
Balance in 1: 1733.000000
User 0, Acc 1 Balance 1733.000000, Withdraw 500.000000 
User 0, Acc 2 Balance 1338.000000, Withdraw 500.000000 
Balance in 1: 1433.000000
User 4, Acc 0 Balance 551.000000, Deposit 400.000000 
User 4, Acc 0 Balance 951.000000, Withdraw 200.000000 
User 4, Acc 0 Balance 751.000000, Deposit 100.000000 
User 4, Acc 0 Balance 851.000000, Withdraw 50.000000 
User 4, Acc 0 Balance 801.000000, Withdraw 150.000000 
User 4, Acc 0 Balance 651.000000, Deposit 300.000000 
User 4, Acc 0 Balance 951.000000, Transfer 300.000000 to Acc 1
Balance in 1: 1533.000000
User 4, Acc 0 Balance 651.000000, Deposit 400.000000 
User 3, Acc 3 Balance 2590.000000, Deposit 653.000000 
User 0, Acc 3 Balance 1390.000000, Withdraw 500.000000 
User 0, Acc 4 Balance 539.000000, Withdraw 500.000000 
User 0, Acc 5 Balance 1593.000000, Withdraw 500.000000 
User 0, Acc 6 Balance 12152.000000, Withdraw 500.000000 
User 0, Acc 7 Balance 72221.000000, Withdraw 500.000000 
User 0, Acc 8 Balance 8140.000000, Withdraw 500.000000 
User 0, Acc 9 Balance 25220.000000, Withdraw 500.000000 
User 0, Acc 0 Balance 1051.000000, Withdraw 500.000000 
User 4, Acc 0 Balance 1051.000000, Withdraw 200.000000 
User 3, Acc 3 Balance 2043.000000, Transfer 1200.000000 to Acc 8
User 4, Acc 0 Balance 351.000000, Deposit 100.000000 
User 3, Acc 2 Balance 838.000000, Deposit 659.000000 
User 6, Acc 2 Balance 1338.000000, Deposit 659.000000 
User 3, Acc 2 Balance 1497.000000, Transfer 1200.000000 to Acc 9
User 3, Acc 1 Balance 1533.000000, Deposit 661.000000 
User 6, Acc 1 Balance 1533.000000, Deposit 661.000000 
User 1, Acc 1 Balance 1133.000000, Transfer 19.000000 to Acc 7
User 6, Acc 1 Balance 2855.000000, Transfer 1200.000000 to Acc 9
User 1, Acc 2 Balance 956.000000, Transfer 23.000000 to Acc 7
User 1, Acc 6 Balance 11652.000000, Transfer 1167.000000 to Acc 5
User 2, Acc 1 Balance 2333.000000, Transfer 89.000000 to Acc 8
User 0, Acc 1 Balance 1533.000000, Withdraw 500.000000 
User 2, Acc 1 Balance 1547.000000, Transfer 163.000000 to Acc 9
User 0, Acc 2 Balance 933.000000, Withdraw 500.000000 
User 2, Acc 1 Balance 884.000000, Withdraw 41.000000 
User 5, Acc 2 Balance 1338.000000, Deposit 659.000000 
User 2, Acc 2 Balance 433.000000, Withdraw 71.000000 
User 5, Acc 1 Balance 843.000000, Deposit 661.000000 
[22;32mUser 2, Acc 3 Balance 343.000000, 				Withdraw 1127.000000 --insufficient funds[0m
User 5, Acc 1 Balance 1504.000000, Transfer 1200.000000 to Acc 9
[22;32mUser 0, Acc 3 Balance 343.000000, 				Withdraw 500.000000 --insufficient funds[0m
User 5, Acc 0 Balance 451.000000, Deposit 673.000000 
[22;32mUser 0, Acc 4 Balance 39.000000, 				Withdraw 500.000000 --insufficient funds[0m
User 0, Acc 5 Balance 2260.000000, Withdraw 500.000000 
User 3, Acc 1 Balance 2194.000000, Transfer 1200.000000 to Acc 9
User 4, Acc 0 Balance 451.000000, Withdraw 50.000000 
User 3, Acc 0 Balance 1124.000000, Deposit 673.000000 
User 4, Acc 0 Balance 1074.000000, Withdraw 150.000000 
User 1, Acc 7 Balance 71763.000000, Withdraw 1593.000000 
User 6, Acc 0 Balance 451.000000, Deposit 673.000000 
User 1, Acc 8 Balance 8929.000000, Withdraw 449.000000 
User 6, Acc 0 Balance 2270.000000, Transfer 1200.000000 to Acc 9
[22;32mUser 5, Acc 1 Balance 304.000000, 				Withdraw 500.000000 --insufficient funds[0m
User 2, Acc 6 Balance 10485.000000, Withdraw 647.000000 
User 3, Acc 0 Balance 1597.000000, Transfer 1200.000000 to Acc 9
User 3, Acc 0 Balance -130.000000, Deposit 100.000000 
User 3, Acc 0 Balance -30.000000, Deposit 200.000000 
User 3, Acc 0 Balance 170.000000, Deposit 300.000000 
User 3, Acc 0 Balance 470.000000, Withdraw 200.000000 
User 3, Acc 0 Balance 270.000000, Withdraw 100.000000 
User 3, Acc 0 Balance 170.000000, Withdraw 50.000000 
Balance in 0: 120.000000
User 5, Acc 2 Balance 1021.000000, Withdraw 500.000000 
[22;32mUser 3, Acc 1 Balance -896.000000, 				Withdraw 500.000000 --insufficient funds[0m
[22;32mUser 5, Acc 3 Balance 343.000000, 				Withdraw 500.000000 --insufficient funds[0m
User 3, Acc 2 Balance 521.000000, Withdraw 500.000000 
[22;32mUser 5, Acc 4 Balance 39.000000, 				Withdraw 500.000000 --insufficient funds[0m
[22;32mUser 3, Acc 3 Balance 343.000000, 				Withdraw 500.000000 --insufficient funds[0m
User 4, Acc 0 Balance 924.000000, Deposit 300.000000 
User 2, Acc 6 Balance 9838.000000, Deposit 953.000000 
User 4, Acc 0 Balance 420.000000, Transfer 300.000000 to Acc 1
User 6, Acc 0 Balance 1070.000000, Deposit 400.000000 
User 5, Acc 5 Balance 1760.000000, Withdraw 500.000000 
[22;32mUser 3, Acc 4 Balance 39.000000, 				Withdraw 500.000000 --insufficient funds[0m
User 0, Acc 6 Balance 10485.000000, Withdraw 500.000000 
User 3, Acc 5 Balance 1260.000000, Withdraw 500.000000 
User 0, Acc 7 Balance 70170.000000, Withdraw 500.000000 
User 0, Acc 8 Balance 8480.000000, Withdraw 500.000000 
Balance in 1: -596.000000
User 0, Acc 9 Balance 32083.000000, Withdraw 500.000000 
[22;32mUser 4, Acc 1 Balance -596.000000, 				Withdraw 500.000000 --insufficient funds[0m
User 1, Acc 9 Balance 29683.000000, Withdraw 163.000000 
[22;32mUser 4, Acc 2 Balance 21.000000, 				Withdraw 500.000000 --insufficient funds[0m
User 2, Acc 7 Balance 70170.000000, Deposit 967.000000 
User 6, Acc 0 Balance 520.000000, Withdraw 200.000000 
User 5, Acc 6 Balance 10791.000000, Withdraw 500.000000 
User 6, Acc 0 Balance 320.000000, Deposit 100.000000 
User 5, Acc 7 Balance 70637.000000, Withdraw 500.000000 
User 6, Acc 0 Balance 420.000000, Withdraw 50.000000 
User 6, Acc 0 Balance 370.000000, Withdraw 150.000000 
User 6, Acc 0 Balance 220.000000, Deposit 300.000000 
[22;32mUser 4, Acc 3 Balance 343.000000, 				Withdraw 500.000000 --insufficient funds[0m
User 2, Acc 6 Balance 10291.000000, Transfer 1167.000000 to Acc 5
User 0, Acc 0 Balance 520.000000, Withdraw 500.000000 
User 2, Acc 7 Balance 70137.000000, Withdraw 1593.000000 
[22;32mUser 0, Acc 1 Balance -596.000000, 				Withdraw 500.000000 --insufficient funds[0m
[22;32mUser 0, Acc 2 Balance 21.000000, 				Withdraw 500.000000 --insufficient funds[0m
User 3, Acc 6 Balance 10291.000000, Withdraw 500.000000 
User 6, Acc 0 Balance 520.000000, Transfer 300.000000 to Acc 1
User 3, Acc 7 Balance 68544.000000, Withdraw 500.000000 
User 3, Acc 8 Balance 7980.000000, Withdraw 500.000000 
Balance in 1: -296.000000
User 1, Acc 0 Balance 520.000000, Deposit 100.000000 
User 2, Acc 8 Balance 7980.000000, Withdraw 449.000000 
[22;32mUser 0, Acc 3 Balance 343.000000, 				Withdraw 500.000000 --insufficient funds[0m
User 2, Acc 9 Balance 31420.000000, Withdraw 163.000000 
User 2, Acc 0 Balance -180.000000, Deposit 100.000000 
User 3, Acc 9 Balance 31420.000000, Withdraw 500.000000 
User 2, Acc 0 Balance -80.000000, Deposit 200.000000 
[22;32mUser 3, Acc 0 Balance -80.000000, 				Withdraw 500.000000 --insufficient funds[0m
User 2, Acc 0 Balance 120.000000, Deposit 300.000000 
User 5, Acc 8 Balance 7980.000000, Withdraw 500.000000 
[22;32mUser 0, Acc 4 Balance 39.000000, 				Withdraw 500.000000 --insufficient funds[0m
[22;32mUser 6, Acc 1 Balance -296.000000, 				Withdraw 500.000000 --insufficient funds[0m
User 1, Acc 0 Balance -180.000000, Deposit 200.000000 
[22;32mUser 6, Acc 2 Balance 21.000000, 				Withdraw 500.000000 --insufficient funds[0m
User 1, Acc 0 Balance 620.000000, Deposit 300.000000 
[22;32mUser 6, Acc 3 Balance 343.000000, 				Withdraw 500.000000 --insufficient funds[0m
User 2, Acc 0 Balance 420.000000, Withdraw 200.000000 
[22;32mUser 6, Acc 4 Balance 39.000000, 				Withdraw 500.000000 --insufficient funds[0m
User 6, Acc 5 Balance 1927.000000, Withdraw 500.000000 
[22;32mUser 3, Acc 1 Balance -296.000000, 				Withdraw 500.000000 --insufficient funds[0m
User 6, Acc 6 Balance 8124.000000, Withdraw 500.000000 
[22;32mUser 3, Acc 2 Balance 21.000000, 				Withdraw 500.000000 --insufficient funds[0m
[22;32mUser 3, Acc 3 Balance 343.000000, 				Withdraw 500.000000 --insufficient funds[0m
User 5, Acc 9 Balance 30757.000000, Withdraw 500.000000 
User 2, Acc 0 Balance 720.000000, Withdraw 100.000000 
User 5, Acc 0 Balance 720.000000, Withdraw 500.000000 
User 2, Acc 0 Balance 620.000000, Withdraw 50.000000 
User 1, Acc 0 Balance 920.000000, Withdraw 200.000000 
[22;32mUser 4, Acc 4 Balance 39.000000, 				Withdraw 500.000000 --insufficient funds[0m
[22;32mUser 1, Acc 0 Balance -130.000000, 				Withdraw 100.000000 --insufficient funds[0m
[22;32mUser 1, Acc 0 Balance -130.000000, 				Withdraw 50.000000 --insufficient funds[0m
User 4, Acc 5 Balance 1427.000000, Withdraw 500.000000 
User 4, Acc 6 Balance 7624.000000, Withdraw 500.000000 
User 0, Acc 5 Balance 1927.000000, Withdraw 500.000000 
Balance in 0: 570.000000
User 0, Acc 6 Balance 7124.000000, Withdraw 500.000000 
User 2, Acc 0 Balance -130.000000, Deposit 100.000000 
[22;32mUser 3, Acc 4 Balance 39.000000, 				Withdraw 500.000000 --insufficient funds[0m
User 2, Acc 0 Balance -30.000000, Deposit 200.000000 
[22;32mUser 3, Acc 5 Balance 427.000000, 				Withdraw 500.000000 --insufficient funds[0m
User 4, Acc 7 Balance 68044.000000, Withdraw 500.000000 
User 3, Acc 6 Balance 6624.000000, Withdraw 500.000000 
User 6, Acc 7 Balance 68044.000000, Withdraw 500.000000 
User 3, Acc 7 Balance 67544.000000, Withdraw 500.000000 
User 6, Acc 8 Balance 6531.000000, Withdraw 500.000000 
User 3, Acc 8 Balance 6531.000000, Withdraw 500.000000 
User 6, Acc 9 Balance 30257.000000, Withdraw 500.000000 
User 3, Acc 9 Balance 30257.000000, Withdraw 500.000000 
[22;32mUser 6, Acc 0 Balance 170.000000, 				Withdraw 500.000000 --insufficient funds[0m
[22;32mUser 3, Acc 0 Balance 170.000000, 				Withdraw 500.000000 --insufficient funds[0m
[22;32mUser 3, Acc 1 Balance -296.000000, 				Withdraw 500.000000 --insufficient funds[0m
[22;32mUser 6, Acc 1 Balance -296.000000, 				Withdraw 500.000000 --insufficient funds[0m
[22;32mUser 5, Acc 1 Balance -296.000000, 				Withdraw 500.000000 --insufficient funds[0m
User 4, Acc 8 Balance 6531.000000, Withdraw 500.000000 
User 0, Acc 7 Balance 68044.000000, Withdraw 500.000000 
Balance in 0: -130.000000
User 0, Acc 8 Balance 5031.000000, Withdraw 500.000000 
[22;32mUser 3, Acc 2 Balance 21.000000, 				Withdraw 500.000000 --insufficient funds[0m
User 0, Acc 9 Balance 29257.000000, Withdraw 500.000000 
[22;32mUser 0, Acc 0 Balance 170.000000, 				Withdraw 500.000000 --insufficient funds[0m
[22;32mUser 3, Acc 3 Balance 343.000000, 				Withdraw 500.000000 --insufficient funds[0m
User 4, Acc 9 Balance 29257.000000, Withdraw 500.000000 
User 1, Acc 0 Balance 170.000000, Deposit 100.000000 
[22;32mUser 4, Acc 0 Balance 170.000000, 				Withdraw 500.000000 --insufficient funds[0m
User 2, Acc 0 Balance 170.000000, Deposit 300.000000 
[22;32mUser 5, Acc 2 Balance 21.000000, 				Withdraw 500.000000 --insufficient funds[0m
User 2, Acc 0 Balance 570.000000, Withdraw 200.000000 
User 2, Acc 0 Balance 370.000000, Withdraw 100.000000 
[22;32mUser 5, Acc 3 Balance 343.000000, 				Withdraw 500.000000 --insufficient funds[0m
[22;32mUser 6, Acc 2 Balance 21.000000, 				Withdraw 500.000000 --insufficient funds[0m
[22;32mUser 4, Acc 1 Balance -296.000000, 				Withdraw 500.000000 --insufficient funds[0m
[22;32mUser 3, Acc 4 Balance 39.000000, 				Withdraw 500.000000 --insufficient funds[0m
[22;32mUser 4, Acc 2 Balance 21.000000, 				Withdraw 500.000000 --insufficient funds[0m
[22;32mUser 3, Acc 5 Balance 427.000000, 				Withdraw 500.000000 --insufficient funds[0m
[22;32mUser 4, Acc 3 Balance 343.000000, 				Withdraw 500.000000 --insufficient funds[0m
User 3, Acc 6 Balance 6124.000000, Withdraw 500.000000 
User 3, Acc 7 Balance 66044.000000, Withdraw 500.000000 
User 1, Acc 0 Balance 270.000000, Deposit 200.000000 
User 3, Acc 8 Balance 4531.000000, Withdraw 500.000000 
User 1, Acc 0 Balance 470.000000, Deposit 300.000000 
User 1, Acc 0 Balance 770.000000, Withdraw 200.000000 
[22;32mUser 4, Acc 4 Balance 39.000000, 				Withdraw 500.000000 --insufficient funds[0m
[22;32mUser 6, Acc 3 Balance 343.000000, 				Withdraw 500.000000 --insufficient funds[0m
User 2, Acc 0 Balance 270.000000, Withdraw 50.000000 
User 3, Acc 9 Balance 28257.000000, Withdraw 500.000000 
Balance in 0: 520.000000
[22;32mUser 5, Acc 4 Balance 39.000000, 				Withdraw 500.000000 --insufficient funds[0m
[22;32mUser 5, Acc 5 Balance 427.000000, 				Withdraw 500.000000 --insufficient funds[0m
User 5, Acc 6 Balance 5624.000000, Withdraw 500.000000 
User 5, Acc 7 Balance 65544.000000, Withdraw 500.000000 
User 5, Acc 8 Balance 4031.000000, Withdraw 500.000000 
User 5, Acc 9 Balance 27757.000000, Withdraw 500.000000 
User 5, Acc 0 Balance 520.000000, Withdraw 500.000000 
[22;32mUser 5, Acc 1 Balance -296.000000, 				Withdraw 500.000000 --insufficient funds[0m
[22;32mUser 5, Acc 2 Balance 21.000000, 				Withdraw 500.000000 --insufficient funds[0m
User 1, Acc 0 Balance 570.000000, Withdraw 100.000000 
[22;32mUser 5, Acc 3 Balance 343.000000, 				Withdraw 500.000000 --insufficient funds[0m
[22;32mUser 4, Acc 5 Balance 427.000000, 				Withdraw 500.000000 --insufficient funds[0m
[22;32mUser 6, Acc 4 Balance 39.000000, 				Withdraw 500.000000 --insufficient funds[0m
User 4, Acc 6 Balance 5124.000000, Withdraw 500.000000 
[22;32mUser 6, Acc 5 Balance 427.000000, 				Withdraw 500.000000 --insufficient funds[0m
[22;32mUser 5, Acc 4 Balance 39.000000, 				Withdraw 500.000000 --insufficient funds[0m
User 6, Acc 6 Balance 4624.000000, Withdraw 500.000000 
[22;32mUser 5, Acc 5 Balance 427.000000, 				Withdraw 500.000000 --insufficient funds[0m
User 6, Acc 7 Balance 65044.000000, Withdraw 500.000000 
User 3, Acc 0 Balance 520.000000, Withdraw 500.000000 
User 4, Acc 7 Balance 65044.000000, Withdraw 500.000000 
User 5, Acc 6 Balance 4124.000000, Withdraw 500.000000 
User 6, Acc 8 Balance 3531.000000, Withdraw 500.000000 
User 5, Acc 7 Balance 64044.000000, Withdraw 500.000000 
User 6, Acc 9 Balance 27257.000000, Withdraw 500.000000 
User 4, Acc 8 Balance 3531.000000, Withdraw 500.000000 
User 4, Acc 9 Balance 26757.000000, Withdraw 500.000000 
[22;32mUser 4, Acc 0 Balance -580.000000, 				Withdraw 500.000000 --insufficient funds[0m
[22;32mUser 4, Acc 1 Balance -296.000000, 				Withdraw 500.000000 --insufficient funds[0m
[22;32mUser 4, Acc 2 Balance 21.000000, 				Withdraw 500.000000 --insufficient funds[0m
[22;32mUser 4, Acc 3 Balance 343.000000, 				Withdraw 500.000000 --insufficient funds[0m
[22;32mUser 1, Acc 0 Balance -80.000000, 				Withdraw 50.000000 --insufficient funds[0m
[22;32mUser 4, Acc 4 Balance 39.000000, 				Withdraw 500.000000 --insufficient funds[0m
Balance in 0: -580.000000
[22;32mUser 6, Acc 0 Balance -580.000000, 				Withdraw 500.000000 --insufficient funds[0m
User 5, Acc 8 Balance 3031.000000, Withdraw 500.000000 
[22;32mUser 4, Acc 5 Balance 427.000000, 				Withdraw 500.000000 --insufficient funds[0m
User 5, Acc 9 Balance 26257.000000, Withdraw 500.000000 
[22;32mUser 6, Acc 1 Balance -296.000000, 				Withdraw 500.000000 --insufficient funds[0m
[22;32mUser 6, Acc 2 Balance 21.000000, 				Withdraw 500.000000 --insufficient funds[0m
[22;32mUser 6, Acc 3 Balance 343.000000, 				Withdraw 500.000000 --insufficient funds[0m
[22;32mUser 6, Acc 4 Balance 39.000000, 				Withdraw 500.000000 --insufficient funds[0m
[22;32mUser 6, Acc 5 Balance 427.000000, 				Withdraw 500.000000 --insufficient funds[0m
User 4, Acc 6 Balance 3624.000000, Withdraw 500.000000 
[22;32mUser 5, Acc 0 Balance -580.000000, 				Withdraw 500.000000 --insufficient funds[0m
User 6, Acc 6 Balance 3624.000000, Withdraw 500.000000 
User 6, Acc 7 Balance 63544.000000, Withdraw 500.000000 
User 6, Acc 8 Balance 2031.000000, Withdraw 500.000000 
User 6, Acc 9 Balance 25757.000000, Withdraw 500.000000 
User 4, Acc 7 Balance 63544.000000, Withdraw 500.000000 
User 4, Acc 8 Balance 1531.000000, Withdraw 500.000000 
User 4, Acc 9 Balance 25257.000000, Withdraw 500.000000 
[22;32mUser 4, Acc 0 Balance -580.000000, 				Withdraw 500.000000 --insufficient funds[0m
[22;32mUser 6, Acc 0 Balance -580.000000, 				Withdraw 500.000000 --insufficient funds[0m
  ***     End of transaction batch    ***  
Account 0 balance after completion of transaction batch: -580.000000
Account 1 balance after completion of transaction batch: -296.000000
Account 2 balance after completion of transaction batch: 21.000000
Account 3 balance after completion of transaction batch: 343.000000
Account 4 balance after completion of transaction batch: 39.000000
Account 5 balance after completion of transaction batch: 427.000000
Account 6 balance after completion of transaction batch: 2624.000000
Account 7 balance after completion of transaction batch: 62544.000000
Account 8 balance after completion of transaction batch: 1031.000000
Account 9 balance after completion of transaction batch: 24757.000000
