# Output generated by:
# ./my_executable 7 data/transactions7.txt data/transactions11.txt data/transactions6.txt data/transactions8.txt data/transactions2.txt data/transactions4.txt data/transactions1.txt

********************************************
   Reading and parsing a transaction file   
********************************************
Parsed transaction: deposit 7 9929.000000 
Loaded deposit transaction
Parsed transaction: deposit 4 937.000000 
Loaded deposit transaction
Parsed transaction: deposit 5 941.000000 
Loaded deposit transaction
Parsed transaction: deposit 0 7.000000 
Loaded deposit transaction
Parsed transaction: deposit 3 29.000000 
Loaded deposit transaction
Parsed transaction: deposit 7 9.000000 
Loaded deposit transaction
Parsed transaction: deposit 9 129.000000 
Loaded deposit transaction
Parsed transaction: transfer 3 7 29.000000 
Loaded transfer transaction
Parsed transaction: transfer 7 6 31.000000 
Loaded transfer transaction
Parsed transaction: transfer 7 5 137.000000 
Loaded transfer transaction
Parsed transaction: transfer 7 4 3.000000 
Loaded transfer transaction
Parsed transaction: transfer 7 4 5.000000 
Loaded transfer transaction
Parsed transaction: withdraw 4 1167.000000 
Loaded withdrawal transaction
Parsed transaction: withdraw 5 1307.000000 
Loaded withdrawal transaction
Parsed transaction: transfer 1 8 89.000000 
Loaded transfer transaction
Parsed transaction: transfer 1 9 163.000000 
Loaded transfer transaction
Parsed transaction: withdraw 1 41.000000 
Loaded withdrawal transaction
Parsed transaction: withdraw 2 71.000000 
Loaded withdrawal transaction
Parsed transaction: withdraw 3 1127.000000 
Loaded withdrawal transaction
Parsed transaction: withdraw 6 647.000000 
Loaded withdrawal transaction
Parsed transaction: deposit 6 1953.000000 
Loaded deposit transaction
Parsed transaction: deposit 7 967.000000 
Loaded deposit transaction
Parsed transaction: transfer 1 7 19.000000 
Loaded transfer transaction
Parsed transaction: transfer 2 7 23.000000 
Loaded transfer transaction
Parsed transaction: transfer 6 5 1167.000000 
Loaded transfer transaction
Parsed transaction: transfer 4 5 53.000000 
Loaded transfer transaction
Parsed transaction: withdraw 7 1593.000000 
Loaded withdrawal transaction
Parsed transaction: withdraw 8 449.000000 
Loaded withdrawal transaction
Parsed transaction: withdraw 9 163.000000 
Loaded withdrawal transaction
********************************************
********************************************
   Reading and parsing a transaction file   
********************************************
Parsed transaction: deposit 9 617.000000 
Loaded deposit transaction
Parsed transaction: transfer 9 9 617.000000 
Loaded transfer transaction
Parsed transaction: deposit 8 619.000000 
Loaded deposit transaction
Parsed transaction: transfer 8 2 619.000000 
Loaded transfer transaction
Parsed transaction: deposit 7 631.000000 
Loaded deposit transaction
Parsed transaction: transfer 7 3 631.000000 
Loaded transfer transaction
Parsed transaction: deposit 6 641.000000 
Loaded deposit transaction
Parsed transaction: transfer 6 4 641.000000 
Loaded transfer transaction
Parsed transaction: deposit 5 643.000000 
Loaded deposit transaction
Parsed transaction: transfer 5 6 1200.000000 
Loaded transfer transaction
Parsed transaction: deposit 4 647.000000 
Loaded deposit transaction
Parsed transaction: transfer 4 7 1200.000000 
Loaded transfer transaction
Parsed transaction: deposit 3 653.000000 
Loaded deposit transaction
Parsed transaction: transfer 3 8 1200.000000 
Loaded transfer transaction
Parsed transaction: deposit 2 659.000000 
Loaded deposit transaction
Parsed transaction: transfer 2 9 1200.000000 
Loaded transfer transaction
Parsed transaction: deposit 1 661.000000 
Loaded deposit transaction
Parsed transaction: transfer 1 9 1200.000000 
Loaded transfer transaction
Parsed transaction: deposit 0 673.000000 
Loaded deposit transaction
Parsed transaction: transfer 0 9 1200.000000 
Loaded transfer transaction
Parsed transaction: withdraw 1 50.000000 
Loaded withdrawal transaction
Parsed transaction: withdraw 2 50.000000 
Loaded withdrawal transaction
Parsed transaction: withdraw 3 50.000000 
Loaded withdrawal transaction
Parsed transaction: withdraw 4 50.000000 
Loaded withdrawal transaction
Parsed transaction: withdraw 5 50.000000 
Loaded withdrawal transaction
Parsed transaction: withdraw 6 50.000000 
Loaded withdrawal transaction
Parsed transaction: withdraw 7 50.000000 
Loaded withdrawal transaction
Parsed transaction: withdraw 8 50.000000 
Loaded withdrawal transaction
Parsed transaction: withdraw 9 50.000000 
Loaded withdrawal transaction
Parsed transaction: withdraw 0 50.000000 
Loaded withdrawal transaction
********************************************
********************************************
   Reading and parsing a transaction file   
********************************************
Parsed transaction: deposit 0 7.000000 
Loaded deposit transaction
Parsed transaction: deposit 1 11.000000 
Loaded deposit transaction
Parsed transaction: deposit 2 9.000000 
Loaded deposit transaction
Parsed transaction: transfer 3 7 29.000000 
Loaded transfer transaction
Parsed transaction: transfer 7 6 31.000000 
Loaded transfer transaction
Parsed transaction: transfer 7 5 137.000000 
Loaded transfer transaction
Parsed transaction: transfer 7 4 3.000000 
Loaded transfer transaction
Parsed transaction: transfer 7 4 5.000000 
Loaded transfer transaction
Parsed transaction: deposit 3 929.000000 
Loaded deposit transaction
Parsed transaction: deposit 4 937.000000 
Loaded deposit transaction
Parsed transaction: deposit 5 941.000000 
Loaded deposit transaction
Parsed transaction: withdraw 4 1167.000000 
Loaded withdrawal transaction
Parsed transaction: withdraw 5 1307.000000 
Loaded withdrawal transaction
Parsed transaction: transfer 1 8 89.000000 
Loaded transfer transaction
Parsed transaction: transfer 1 9 163.000000 
Loaded transfer transaction
Parsed transaction: withdraw 1 41.000000 
Loaded withdrawal transaction
Parsed transaction: withdraw 2 71.000000 
Loaded withdrawal transaction
Parsed transaction: withdraw 3 1127.000000 
Loaded withdrawal transaction
Parsed transaction: withdraw 6 647.000000 
Loaded withdrawal transaction
Parsed transaction: deposit 6 953.000000 
Loaded deposit transaction
Parsed transaction: deposit 7 967.000000 
Loaded deposit transaction
Parsed transaction: transfer 1 7 19.000000 
Loaded transfer transaction
Parsed transaction: transfer 2 7 23.000000 
Loaded transfer transaction
Parsed transaction: transfer 6 5 1167.000000 
Loaded transfer transaction
Parsed transaction: transfer 4 5 53.000000 
Loaded transfer transaction
Parsed transaction: withdraw 7 1593.000000 
Loaded withdrawal transaction
Parsed transaction: withdraw 8 449.000000 
Loaded withdrawal transaction
Parsed transaction: withdraw 9 163.000000 
Loaded withdrawal transaction
********************************************
********************************************
   Reading and parsing a transaction file   
********************************************
Parsed transaction: deposit 9 617.000000 
Loaded deposit transaction
Parsed transaction: transfer 9 1 617.000000 
Loaded transfer transaction
Parsed transaction: deposit 8 619.000000 
Loaded deposit transaction
Parsed transaction: transfer 8 2 619.000000 
Loaded transfer transaction
Parsed transaction: deposit 7 631.000000 
Loaded deposit transaction
Parsed transaction: transfer 7 3 631.000000 
Loaded transfer transaction
Parsed transaction: deposit 6 641.000000 
Loaded deposit transaction
Parsed transaction: transfer 6 4 641.000000 
Loaded transfer transaction
Parsed transaction: deposit 5 643.000000 
Loaded deposit transaction
Parsed transaction: transfer 5 6 1200.000000 
Loaded transfer transaction
Parsed transaction: deposit 4 647.000000 
Loaded deposit transaction
Parsed transaction: transfer 4 7 1200.000000 
Loaded transfer transaction
Parsed transaction: deposit 3 653.000000 
Loaded deposit transaction
Parsed transaction: transfer 3 8 1200.000000 
Loaded transfer transaction
Parsed transaction: deposit 2 659.000000 
Loaded deposit transaction
Parsed transaction: transfer 2 9 1200.000000 
Loaded transfer transaction
Parsed transaction: deposit 1 661.000000 
Loaded deposit transaction
Parsed transaction: transfer 1 9 1200.000000 
Loaded transfer transaction
Parsed transaction: deposit 0 673.000000 
Loaded deposit transaction
Parsed transaction: transfer 0 9 1200.000000 
Loaded transfer transaction
********************************************
********************************************
   Reading and parsing a transaction file   
********************************************
Parsed transaction: deposit 0 400.000000 
Loaded deposit transaction
Parsed transaction: withdraw 0 200.000000 
Loaded withdrawal transaction
Parsed transaction: deposit 0 100.000000 
Loaded deposit transaction
Parsed transaction: withdraw 0 50.000000 
Loaded withdrawal transaction
Parsed transaction: withdraw 0 150.000000 
Loaded withdrawal transaction
Parsed transaction: deposit 0 300.000000 
Loaded deposit transaction
Parsed transaction: transfer 0 1 300.000000 
Loaded transfer transaction
Parsed transaction: balance 1 
Loaded balance transaction
********************************************
********************************************
   Reading and parsing a transaction file   
********************************************
Parsed transaction: deposit 0 907.000000 
Loaded deposit transaction
Parsed transaction: deposit 1 911.000000 
Loaded deposit transaction
Parsed transaction: deposit 2 919.000000 
Loaded deposit transaction
Parsed transaction: deposit 3 929.000000 
Loaded deposit transaction
Parsed transaction: deposit 4 937.000000 
Loaded deposit transaction
Parsed transaction: deposit 5 941.000000 
Loaded deposit transaction
Parsed transaction: deposit 6 953.000000 
Loaded deposit transaction
Parsed transaction: deposit 7 967.000000 
Loaded deposit transaction
Parsed transaction: transfer 1 7 19.000000 
Loaded transfer transaction
Parsed transaction: transfer 2 7 23.000000 
Loaded transfer transaction
Parsed transaction: transfer 3 7 29.000000 
Loaded transfer transaction
Parsed transaction: transfer 7 6 31.000000 
Loaded transfer transaction
Parsed transaction: transfer 7 5 37.000000 
Loaded transfer transaction
Parsed transaction: transfer 7 4 3.000000 
Loaded transfer transaction
Parsed transaction: transfer 7 4 5.000000 
Loaded transfer transaction
Parsed transaction: transfer 6 5 67.000000 
Loaded transfer transaction
Parsed transaction: transfer 4 5 53.000000 
Loaded transfer transaction
Parsed transaction: transfer 1 8 89.000000 
Loaded transfer transaction
Parsed transaction: transfer 1 9 163.000000 
Loaded transfer transaction
Parsed transaction: withdraw 1 41.000000 
Loaded withdrawal transaction
Parsed transaction: withdraw 2 71.000000 
Loaded withdrawal transaction
Parsed transaction: withdraw 3 127.000000 
Loaded withdrawal transaction
Parsed transaction: withdraw 4 167.000000 
Loaded withdrawal transaction
Parsed transaction: withdraw 5 307.000000 
Loaded withdrawal transaction
Parsed transaction: withdraw 6 647.000000 
Loaded withdrawal transaction
Parsed transaction: withdraw 7 593.000000 
Loaded withdrawal transaction
Parsed transaction: withdraw 8 449.000000 
Loaded withdrawal transaction
Parsed transaction: withdraw 9 163.000000 
Loaded withdrawal transaction
********************************************
********************************************
   Reading and parsing a transaction file   
********************************************
Parsed transaction: deposit 0 100.000000 
Loaded deposit transaction
Parsed transaction: deposit 0 200.000000 
Loaded deposit transaction
Parsed transaction: deposit 0 300.000000 
Loaded deposit transaction
Parsed transaction: withdraw 0 200.000000 
Loaded withdrawal transaction
Parsed transaction: withdraw 0 100.000000 
Loaded withdrawal transaction
Parsed transaction: withdraw 0 50.000000 
Loaded withdrawal transaction
Parsed transaction: transfer 1 0 200.000000 
Loaded transfer transaction
Parsed transaction: balance 0 
Loaded balance transaction
********************************************
  ***    Start of transaction batch    ***  
User 0, Acc 7 Balance 0.000000, Deposit 9929.000000 
User 0, Acc 4 Balance 0.000000, Deposit 937.000000 
User 0, Acc 5 Balance 0.000000, Deposit 941.000000 
User 0, Acc 0 Balance 0.000000, Deposit 7.000000 
User 0, Acc 3 Balance 0.000000, Deposit 29.000000 
User 0, Acc 7 Balance 9929.000000, Deposit 9.000000 
User 0, Acc 9 Balance 0.000000, Deposit 129.000000 
User 0, Acc 3 Balance 29.000000, Transfer 29.000000 to Acc 7
User 0, Acc 7 Balance 9967.000000, Transfer 31.000000 to Acc 6
User 0, Acc 7 Balance 9936.000000, Transfer 137.000000 to Acc 5
User 0, Acc 7 Balance 9799.000000, Transfer 3.000000 to Acc 4
User 0, Acc 7 Balance 9796.000000, Transfer 5.000000 to Acc 4
[22;32mUser 0, Acc 4 Balance 945.000000, 				Withdraw 1167.000000 --insufficient funds[0m
[22;32mUser 0, Acc 5 Balance 1078.000000, 				Withdraw 1307.000000 --insufficient funds[0m
[22;32mUser 0, Acc 1 Balance 0.000000, 				Withdraw 41.000000 --insufficient funds[0m
[22;32mUser 0, Acc 2 Balance 0.000000, 				Withdraw 71.000000 --insufficient funds[0m
[22;32mUser 0, Acc 3 Balance 0.000000, 				Withdraw 1127.000000 --insufficient funds[0m
[22;32mUser 0, Acc 6 Balance 31.000000, 				Withdraw 647.000000 --insufficient funds[0m
User 0, Acc 6 Balance 31.000000, Deposit 1953.000000 
User 0, Acc 7 Balance 9791.000000, Deposit 967.000000 
User 0, Acc 6 Balance 1984.000000, Transfer 1167.000000 to Acc 5
User 0, Acc 4 Balance 945.000000, Transfer 53.000000 to Acc 5
User 0, Acc 7 Balance 10758.000000, Withdraw 1593.000000 
[22;32mUser 0, Acc 8 Balance 0.000000, 				Withdraw 449.000000 --insufficient funds[0m
[22;32mUser 0, Acc 9 Balance 129.000000, 				Withdraw 163.000000 --insufficient funds[0m
User 0, Acc 9 Balance 129.000000, Deposit 617.000000 
User 0, Acc 9 Balance 746.000000, Transfer 617.000000 to Acc 9
User 0, Acc 8 Balance 0.000000, Deposit 619.000000 
User 0, Acc 8 Balance 619.000000, Transfer 619.000000 to Acc 2
User 0, Acc 7 Balance 9165.000000, Deposit 631.000000 
User 0, Acc 7 Balance 9796.000000, Transfer 631.000000 to Acc 3
User 0, Acc 6 Balance 817.000000, Deposit 641.000000 
User 0, Acc 6 Balance 1458.000000, Transfer 641.000000 to Acc 4
User 0, Acc 5 Balance 2298.000000, Deposit 643.000000 
User 3, Acc 0 Balance 7.000000, Deposit 400.000000 
User 2, Acc 9 Balance 746.000000, Deposit 617.000000 
User 2, Acc 9 Balance 1363.000000, Transfer 617.000000 to Acc 1
User 2, Acc 8 Balance 0.000000, Deposit 619.000000 
User 2, Acc 8 Balance 619.000000, Transfer 619.000000 to Acc 2
User 2, Acc 7 Balance 9165.000000, Deposit 631.000000 
User 2, Acc 7 Balance 9796.000000, Transfer 631.000000 to Acc 3
User 2, Acc 6 Balance 817.000000, Deposit 641.000000 
User 5, Acc 7 Balance 9165.000000, Deposit 9929.000000 
User 5, Acc 4 Balance 1533.000000, Deposit 937.000000 
User 5, Acc 5 Balance 2941.000000, Deposit 941.000000 
User 5, Acc 0 Balance 407.000000, Deposit 7.000000 
User 5, Acc 3 Balance 1262.000000, Deposit 29.000000 
User 5, Acc 7 Balance 19094.000000, Deposit 9.000000 
User 5, Acc 9 Balance 746.000000, Deposit 129.000000 
User 5, Acc 3 Balance 1291.000000, Transfer 29.000000 to Acc 7
User 5, Acc 7 Balance 19132.000000, Transfer 31.000000 to Acc 6
User 5, Acc 7 Balance 19101.000000, Transfer 137.000000 to Acc 5
User 5, Acc 7 Balance 18964.000000, Transfer 3.000000 to Acc 4
User 5, Acc 7 Balance 18961.000000, Transfer 5.000000 to Acc 4
User 2, Acc 6 Balance 1458.000000, Transfer 641.000000 to Acc 4
User 5, Acc 4 Balance 2478.000000, Withdraw 1167.000000 
User 2, Acc 5 Balance 4019.000000, Deposit 643.000000 
User 3, Acc 0 Balance 407.000000, Withdraw 200.000000 
User 6, Acc 0 Balance 7.000000, Deposit 7.000000 
User 3, Acc 0 Balance 214.000000, Deposit 100.000000 
User 6, Acc 1 Balance 617.000000, Deposit 11.000000 
User 0, Acc 5 Balance 2941.000000, Transfer 1200.000000 to Acc 6
User 5, Acc 5 Balance 4019.000000, Withdraw 1307.000000 
User 0, Acc 4 Balance 1952.000000, Deposit 647.000000 
User 5, Acc 1 Balance 628.000000, Transfer 89.000000 to Acc 8
User 3, Acc 0 Balance 321.000000, Withdraw 50.000000 
User 5, Acc 1 Balance 539.000000, Transfer 163.000000 to Acc 9
User 2, Acc 5 Balance 4662.000000, Transfer 1200.000000 to Acc 6
User 1, Acc 0 Balance 7.000000, Deposit 100.000000 
User 0, Acc 4 Balance 2599.000000, Transfer 1200.000000 to Acc 7
User 1, Acc 0 Balance 371.000000, Deposit 200.000000 
User 1, Acc 0 Balance 571.000000, Deposit 300.000000 
User 3, Acc 0 Balance 271.000000, Withdraw 150.000000 
User 1, Acc 0 Balance 871.000000, Withdraw 200.000000 
User 3, Acc 0 Balance 721.000000, Deposit 300.000000 
User 1, Acc 0 Balance 521.000000, Withdraw 100.000000 
User 0, Acc 3 Balance 1262.000000, Deposit 653.000000 
User 6, Acc 2 Balance 1238.000000, Deposit 9.000000 
User 0, Acc 3 Balance 1915.000000, Transfer 1200.000000 to Acc 8
User 0, Acc 2 Balance 1238.000000, Deposit 659.000000 
User 6, Acc 3 Balance 715.000000, Transfer 29.000000 to Acc 7
User 3, Acc 0 Balance 821.000000, Transfer 300.000000 to Acc 1
User 1, Acc 0 Balance 721.000000, Withdraw 50.000000 
User 4, Acc 0 Balance 7.000000, Deposit 907.000000 
User 2, Acc 4 Balance 2599.000000, Deposit 647.000000 
User 4, Acc 1 Balance 676.000000, Deposit 911.000000 
User 2, Acc 4 Balance 2046.000000, Transfer 1200.000000 to Acc 7
User 5, Acc 1 Balance 376.000000, Withdraw 41.000000 
Balance in 1: 676.000000
User 5, Acc 2 Balance 1906.000000, Withdraw 71.000000 
[22;32mUser 5, Acc 3 Balance 686.000000, 				Withdraw 1127.000000 --insufficient funds[0m
User 5, Acc 6 Balance 3248.000000, Withdraw 647.000000 
User 5, Acc 6 Balance 2601.000000, Deposit 1953.000000 
User 5, Acc 7 Balance 21385.000000, Deposit 967.000000 
User 5, Acc 1 Balance 1546.000000, Transfer 19.000000 to Acc 7
User 5, Acc 2 Balance 1835.000000, Transfer 23.000000 to Acc 7
User 5, Acc 6 Balance 4554.000000, Transfer 1167.000000 to Acc 5
User 5, Acc 4 Balance 846.000000, Transfer 53.000000 to Acc 5
User 5, Acc 7 Balance 22394.000000, Withdraw 1593.000000 
User 5, Acc 8 Balance 1289.000000, Withdraw 449.000000 
User 5, Acc 9 Balance 1038.000000, Withdraw 163.000000 
User 5, Acc 7 Balance 20801.000000, Deposit 9929.000000 
User 5, Acc 4 Balance 793.000000, Deposit 937.000000 
User 5, Acc 5 Balance 2175.000000, Deposit 941.000000 
User 5, Acc 0 Balance 1278.000000, Deposit 7.000000 
User 5, Acc 3 Balance 686.000000, Deposit 29.000000 
User 5, Acc 7 Balance 30730.000000, Deposit 9.000000 
User 5, Acc 9 Balance 875.000000, Deposit 129.000000 
User 5, Acc 3 Balance 715.000000, Transfer 29.000000 to Acc 7
User 5, Acc 7 Balance 30768.000000, Transfer 31.000000 to Acc 6
User 5, Acc 7 Balance 30737.000000, Transfer 137.000000 to Acc 5
User 5, Acc 7 Balance 30600.000000, Transfer 3.000000 to Acc 4
User 5, Acc 7 Balance 30597.000000, Transfer 5.000000 to Acc 4
User 5, Acc 4 Balance 1738.000000, Withdraw 1167.000000 
User 5, Acc 5 Balance 3253.000000, Withdraw 1307.000000 
User 5, Acc 1 Balance 1527.000000, Transfer 89.000000 to Acc 8
User 5, Acc 1 Balance 1438.000000, Transfer 163.000000 to Acc 9
User 5, Acc 1 Balance 1275.000000, Withdraw 41.000000 
User 5, Acc 2 Balance 1812.000000, Withdraw 71.000000 
[22;32mUser 5, Acc 3 Balance 686.000000, 				Withdraw 1127.000000 --insufficient funds[0m
User 5, Acc 6 Balance 3418.000000, Withdraw 647.000000 
User 5, Acc 6 Balance 2771.000000, Deposit 1953.000000 
User 5, Acc 7 Balance 30592.000000, Deposit 967.000000 
User 5, Acc 1 Balance 1234.000000, Transfer 19.000000 to Acc 7
User 5, Acc 2 Balance 1741.000000, Transfer 23.000000 to Acc 7
User 5, Acc 6 Balance 4724.000000, Transfer 1167.000000 to Acc 5
User 5, Acc 4 Balance 571.000000, Transfer 53.000000 to Acc 5
User 5, Acc 7 Balance 31601.000000, Withdraw 1593.000000 
User 5, Acc 8 Balance 929.000000, Withdraw 449.000000 
User 5, Acc 9 Balance 1167.000000, Withdraw 163.000000 
User 5, Acc 9 Balance 1004.000000, Deposit 617.000000 
User 5, Acc 9 Balance 1621.000000, Transfer 617.000000 to Acc 9
User 5, Acc 8 Balance 480.000000, Deposit 619.000000 
User 5, Acc 8 Balance 1099.000000, Transfer 619.000000 to Acc 2
User 5, Acc 7 Balance 30008.000000, Deposit 631.000000 
User 5, Acc 7 Balance 30639.000000, Transfer 631.000000 to Acc 3
User 5, Acc 6 Balance 3557.000000, Deposit 641.000000 
User 5, Acc 6 Balance 4198.000000, Transfer 641.000000 to Acc 4
User 2, Acc 3 Balance 686.000000, Deposit 653.000000 
User 5, Acc 5 Balance 3166.000000, Deposit 643.000000 
User 2, Acc 3 Balance 1970.000000, Transfer 1200.000000 to Acc 8
User 2, Acc 2 Balance 2337.000000, Deposit 659.000000 
User 4, Acc 2 Balance 1906.000000, Deposit 919.000000 
User 4, Acc 3 Balance 770.000000, Deposit 929.000000 
User 4, Acc 4 Balance 1159.000000, Deposit 937.000000 
User 4, Acc 5 Balance 3809.000000, Deposit 941.000000 
User 4, Acc 6 Balance 3557.000000, Deposit 953.000000 
User 4, Acc 7 Balance 30008.000000, Deposit 967.000000 
User 4, Acc 1 Balance 1215.000000, Transfer 19.000000 to Acc 7
User 4, Acc 2 Balance 3915.000000, Transfer 23.000000 to Acc 7
User 5, Acc 5 Balance 3809.000000, Transfer 1200.000000 to Acc 6
User 5, Acc 4 Balance 2096.000000, Deposit 647.000000 
User 5, Acc 4 Balance 2743.000000, Transfer 1200.000000 to Acc 7
User 5, Acc 3 Balance 1699.000000, Deposit 653.000000 
User 5, Acc 3 Balance 2352.000000, Transfer 1200.000000 to Acc 8
User 5, Acc 2 Balance 3892.000000, Deposit 659.000000 
User 5, Acc 2 Balance 4551.000000, Transfer 1200.000000 to Acc 9
User 5, Acc 1 Balance 1196.000000, Deposit 661.000000 
User 5, Acc 1 Balance 1857.000000, Transfer 1200.000000 to Acc 9
User 5, Acc 0 Balance 1285.000000, Deposit 673.000000 
User 5, Acc 0 Balance 1958.000000, Transfer 1200.000000 to Acc 9
User 5, Acc 1 Balance 657.000000, Withdraw 50.000000 
User 5, Acc 2 Balance 3351.000000, Withdraw 50.000000 
User 5, Acc 3 Balance 1152.000000, Withdraw 50.000000 
User 5, Acc 4 Balance 1543.000000, Withdraw 50.000000 
User 5, Acc 5 Balance 3550.000000, Withdraw 50.000000 
User 5, Acc 6 Balance 5710.000000, Withdraw 50.000000 
User 5, Acc 7 Balance 32217.000000, Withdraw 50.000000 
User 5, Acc 8 Balance 2880.000000, Withdraw 50.000000 
User 5, Acc 9 Balance 5221.000000, Withdraw 50.000000 
User 5, Acc 0 Balance 758.000000, Withdraw 50.000000 
User 5, Acc 9 Balance 5171.000000, Deposit 617.000000 
User 5, Acc 9 Balance 5788.000000, Transfer 617.000000 to Acc 9
User 5, Acc 8 Balance 2830.000000, Deposit 619.000000 
User 5, Acc 8 Balance 3449.000000, Transfer 619.000000 to Acc 2
User 5, Acc 7 Balance 32167.000000, Deposit 631.000000 
User 5, Acc 7 Balance 32798.000000, Transfer 631.000000 to Acc 3
User 5, Acc 6 Balance 5660.000000, Deposit 641.000000 
User 5, Acc 6 Balance 6301.000000, Transfer 641.000000 to Acc 4
User 5, Acc 5 Balance 3500.000000, Deposit 643.000000 
User 5, Acc 5 Balance 4143.000000, Transfer 1200.000000 to Acc 6
User 5, Acc 4 Balance 2134.000000, Deposit 647.000000 
User 5, Acc 4 Balance 2781.000000, Transfer 1200.000000 to Acc 7
User 5, Acc 3 Balance 1733.000000, Deposit 653.000000 
User 5, Acc 3 Balance 2386.000000, Transfer 1200.000000 to Acc 8
User 5, Acc 2 Balance 3920.000000, Deposit 659.000000 
User 5, Acc 2 Balance 4579.000000, Transfer 1200.000000 to Acc 9
User 5, Acc 1 Balance 607.000000, Deposit 661.000000 
User 5, Acc 1 Balance 1268.000000, Transfer 1200.000000 to Acc 9
User 5, Acc 0 Balance 708.000000, Deposit 673.000000 
User 5, Acc 0 Balance 1381.000000, Transfer 1200.000000 to Acc 9
User 5, Acc 1 Balance 68.000000, Withdraw 50.000000 
User 5, Acc 2 Balance 3379.000000, Withdraw 50.000000 
User 5, Acc 3 Balance 1186.000000, Withdraw 50.000000 
User 5, Acc 4 Balance 1581.000000, Withdraw 50.000000 
User 5, Acc 5 Balance 2943.000000, Withdraw 50.000000 
User 5, Acc 6 Balance 6860.000000, Withdraw 50.000000 
User 5, Acc 7 Balance 33367.000000, Withdraw 50.000000 
User 5, Acc 8 Balance 4030.000000, Withdraw 50.000000 
User 5, Acc 9 Balance 9388.000000, Withdraw 50.000000 
User 5, Acc 0 Balance 181.000000, Withdraw 50.000000 
User 5, Acc 9 Balance 9338.000000, Deposit 617.000000 
User 5, Acc 9 Balance 9955.000000, Transfer 617.000000 to Acc 9
User 5, Acc 8 Balance 3980.000000, Deposit 619.000000 
User 5, Acc 8 Balance 4599.000000, Transfer 619.000000 to Acc 2
User 5, Acc 7 Balance 33317.000000, Deposit 631.000000 
User 5, Acc 7 Balance 33948.000000, Transfer 631.000000 to Acc 3
User 5, Acc 6 Balance 6810.000000, Deposit 641.000000 
User 5, Acc 6 Balance 7451.000000, Transfer 641.000000 to Acc 4
User 5, Acc 5 Balance 2893.000000, Deposit 643.000000 
User 5, Acc 5 Balance 3536.000000, Transfer 1200.000000 to Acc 6
User 5, Acc 4 Balance 2172.000000, Deposit 647.000000 
User 5, Acc 4 Balance 2819.000000, Transfer 1200.000000 to Acc 7
User 5, Acc 3 Balance 1767.000000, Deposit 653.000000 
User 5, Acc 3 Balance 2420.000000, Transfer 1200.000000 to Acc 8
User 5, Acc 2 Balance 3948.000000, Deposit 659.000000 
User 5, Acc 2 Balance 4607.000000, Transfer 1200.000000 to Acc 9
User 5, Acc 1 Balance 18.000000, Deposit 661.000000 
User 5, Acc 0 Balance 131.000000, Deposit 673.000000 
User 5, Acc 1 Balance 679.000000, Withdraw 50.000000 
User 5, Acc 2 Balance 3407.000000, Withdraw 50.000000 
User 5, Acc 3 Balance 1220.000000, Withdraw 50.000000 
User 5, Acc 4 Balance 1619.000000, Withdraw 50.000000 
User 5, Acc 5 Balance 2336.000000, Withdraw 50.000000 
User 5, Acc 6 Balance 8010.000000, Withdraw 50.000000 
User 5, Acc 7 Balance 34517.000000, Withdraw 50.000000 
User 5, Acc 8 Balance 5180.000000, Withdraw 50.000000 
User 5, Acc 9 Balance 11155.000000, Withdraw 50.000000 
User 5, Acc 0 Balance 804.000000, Withdraw 50.000000 
User 5, Acc 7 Balance 34467.000000, Deposit 9929.000000 
User 5, Acc 4 Balance 1569.000000, Deposit 937.000000 
User 5, Acc 5 Balance 2286.000000, Deposit 941.000000 
User 5, Acc 0 Balance 754.000000, Deposit 7.000000 
User 5, Acc 3 Balance 1170.000000, Deposit 29.000000 
User 5, Acc 7 Balance 44396.000000, Deposit 9.000000 
User 5, Acc 9 Balance 11105.000000, Deposit 129.000000 
User 5, Acc 3 Balance 1199.000000, Transfer 29.000000 to Acc 7
User 5, Acc 7 Balance 44434.000000, Transfer 31.000000 to Acc 6
User 5, Acc 7 Balance 44403.000000, Transfer 137.000000 to Acc 5
User 5, Acc 7 Balance 44266.000000, Transfer 3.000000 to Acc 4
User 5, Acc 7 Balance 44263.000000, Transfer 5.000000 to Acc 4
User 5, Acc 4 Balance 2514.000000, Withdraw 1167.000000 
User 5, Acc 5 Balance 3364.000000, Withdraw 1307.000000 
User 5, Acc 1 Balance 629.000000, Transfer 89.000000 to Acc 8
User 5, Acc 1 Balance 540.000000, Transfer 163.000000 to Acc 9
User 5, Acc 1 Balance 377.000000, Withdraw 41.000000 
User 5, Acc 2 Balance 3357.000000, Withdraw 71.000000 
User 5, Acc 3 Balance 1170.000000, Withdraw 1127.000000 
User 5, Acc 6 Balance 7991.000000, Withdraw 647.000000 
User 5, Acc 6 Balance 7344.000000, Deposit 1953.000000 
User 5, Acc 7 Balance 44258.000000, Deposit 967.000000 
User 5, Acc 1 Balance 336.000000, Transfer 19.000000 to Acc 7
User 5, Acc 2 Balance 3286.000000, Transfer 23.000000 to Acc 7
User 5, Acc 6 Balance 9297.000000, Transfer 1167.000000 to Acc 5
User 5, Acc 4 Balance 1347.000000, Transfer 53.000000 to Acc 5
User 5, Acc 7 Balance 45267.000000, Withdraw 1593.000000 
User 5, Acc 8 Balance 5219.000000, Withdraw 449.000000 
User 5, Acc 9 Balance 11397.000000, Withdraw 163.000000 
User 5, Acc 7 Balance 43674.000000, Deposit 9929.000000 
User 0, Acc 2 Balance 1906.000000, Transfer 1200.000000 to Acc 9
User 5, Acc 4 Balance 1294.000000, Deposit 937.000000 
User 2, Acc 2 Balance 2996.000000, Transfer 1200.000000 to Acc 9
User 5, Acc 5 Balance 3277.000000, Deposit 941.000000 
User 3, Acc 7 Balance 21385.000000, Deposit 9929.000000 
User 1, Acc 1 Balance 676.000000, Transfer 200.000000 to Acc 0
User 3, Acc 4 Balance 2231.000000, Deposit 937.000000 
User 3, Acc 5 Balance 4218.000000, Deposit 941.000000 
User 0, Acc 1 Balance 317.000000, Deposit 661.000000 
User 3, Acc 0 Balance 961.000000, Deposit 7.000000 
User 3, Acc 3 Balance 43.000000, Deposit 29.000000 
User 2, Acc 1 Balance 317.000000, Deposit 661.000000 
User 5, Acc 0 Balance 761.000000, Deposit 7.000000 
User 4, Acc 3 Balance 1699.000000, Transfer 29.000000 to Acc 7
User 5, Acc 3 Balance 72.000000, Deposit 29.000000 
User 4, Acc 7 Balance 63561.000000, Transfer 31.000000 to Acc 6
User 5, Acc 7 Balance 63561.000000, Deposit 9.000000 
Balance in 0: 961.000000
User 3, Acc 7 Balance 63532.000000, Deposit 9.000000 
User 1, Acc 7 Balance 63539.000000, Deposit 9929.000000 
User 3, Acc 9 Balance 13634.000000, Deposit 129.000000 
User 4, Acc 7 Balance 63530.000000, Transfer 37.000000 to Acc 5
User 5, Acc 9 Balance 13634.000000, Deposit 129.000000 
User 5, Acc 3 Balance 72.000000, Transfer 29.000000 to Acc 7
User 5, Acc 7 Balance 73469.000000, Transfer 31.000000 to Acc 6
User 5, Acc 7 Balance 73438.000000, Transfer 137.000000 to Acc 5
User 5, Acc 7 Balance 73301.000000, Transfer 3.000000 to Acc 4
User 5, Acc 7 Balance 73298.000000, Transfer 5.000000 to Acc 4
User 5, Acc 4 Balance 3176.000000, Withdraw 1167.000000 
User 5, Acc 5 Balance 5333.000000, Withdraw 1307.000000 
User 5, Acc 1 Balance 1439.000000, Transfer 89.000000 to Acc 8
User 5, Acc 1 Balance 1350.000000, Transfer 163.000000 to Acc 9
User 5, Acc 1 Balance 1187.000000, Withdraw 41.000000 
User 5, Acc 2 Balance 863.000000, Withdraw 71.000000 
[22;32mUser 5, Acc 3 Balance 43.000000, 				Withdraw 1127.000000 --insufficient funds[0m
User 5, Acc 6 Balance 8192.000000, Withdraw 647.000000 
User 5, Acc 6 Balance 7545.000000, Deposit 1953.000000 
User 5, Acc 7 Balance 73293.000000, Deposit 967.000000 
User 5, Acc 1 Balance 1146.000000, Transfer 19.000000 to Acc 7
User 5, Acc 2 Balance 792.000000, Transfer 23.000000 to Acc 7
User 5, Acc 6 Balance 9498.000000, Transfer 1167.000000 to Acc 5
User 5, Acc 4 Balance 2009.000000, Transfer 53.000000 to Acc 5
User 5, Acc 7 Balance 74302.000000, Withdraw 1593.000000 
User 5, Acc 8 Balance 4859.000000, Withdraw 449.000000 
User 5, Acc 9 Balance 14055.000000, Withdraw 163.000000 
User 5, Acc 0 Balance 975.000000, Deposit 7.000000 
User 5, Acc 1 Balance 1127.000000, Deposit 11.000000 
User 5, Acc 2 Balance 769.000000, Deposit 9.000000 
User 5, Acc 3 Balance 43.000000, Transfer 29.000000 to Acc 7
User 5, Acc 7 Balance 72738.000000, Transfer 31.000000 to Acc 6
User 5, Acc 7 Balance 72707.000000, Transfer 137.000000 to Acc 5
User 5, Acc 7 Balance 72570.000000, Transfer 3.000000 to Acc 4
User 5, Acc 7 Balance 72567.000000, Transfer 5.000000 to Acc 4
User 5, Acc 3 Balance 14.000000, Deposit 929.000000 
User 5, Acc 4 Balance 1964.000000, Deposit 937.000000 
User 5, Acc 5 Balance 5383.000000, Deposit 941.000000 
User 5, Acc 4 Balance 2901.000000, Withdraw 1167.000000 
User 5, Acc 5 Balance 6324.000000, Withdraw 1307.000000 
User 5, Acc 1 Balance 1138.000000, Transfer 89.000000 to Acc 8
User 5, Acc 1 Balance 1049.000000, Transfer 163.000000 to Acc 9
User 5, Acc 1 Balance 886.000000, Withdraw 41.000000 
User 5, Acc 2 Balance 778.000000, Withdraw 71.000000 
[22;32mUser 5, Acc 3 Balance 943.000000, 				Withdraw 1127.000000 --insufficient funds[0m
User 5, Acc 6 Balance 8362.000000, Withdraw 647.000000 
User 5, Acc 6 Balance 7715.000000, Deposit 953.000000 
User 5, Acc 7 Balance 72562.000000, Deposit 967.000000 
User 5, Acc 1 Balance 845.000000, Transfer 19.000000 to Acc 7
User 5, Acc 2 Balance 707.000000, Transfer 23.000000 to Acc 7
User 5, Acc 6 Balance 8668.000000, Transfer 1167.000000 to Acc 5
User 5, Acc 4 Balance 1734.000000, Transfer 53.000000 to Acc 5
User 5, Acc 7 Balance 73571.000000, Withdraw 1593.000000 
User 5, Acc 8 Balance 4499.000000, Withdraw 449.000000 
User 5, Acc 9 Balance 14055.000000, Withdraw 163.000000 
User 5, Acc 0 Balance 982.000000, Deposit 7.000000 
User 5, Acc 1 Balance 826.000000, Deposit 11.000000 
User 5, Acc 2 Balance 684.000000, Deposit 9.000000 
User 5, Acc 3 Balance 943.000000, Transfer 29.000000 to Acc 7
User 5, Acc 7 Balance 72007.000000, Transfer 31.000000 to Acc 6
User 5, Acc 7 Balance 71976.000000, Transfer 137.000000 to Acc 5
User 5, Acc 7 Balance 71839.000000, Transfer 3.000000 to Acc 4
User 5, Acc 7 Balance 71836.000000, Transfer 5.000000 to Acc 4
User 5, Acc 3 Balance 914.000000, Deposit 929.000000 
User 5, Acc 4 Balance 1689.000000, Deposit 937.000000 
User 5, Acc 5 Balance 6374.000000, Deposit 941.000000 
User 5, Acc 4 Balance 2626.000000, Withdraw 1167.000000 
User 5, Acc 5 Balance 7315.000000, Withdraw 1307.000000 
User 5, Acc 1 Balance 837.000000, Transfer 89.000000 to Acc 8
User 5, Acc 1 Balance 748.000000, Transfer 163.000000 to Acc 9
User 5, Acc 1 Balance 585.000000, Withdraw 41.000000 
User 5, Acc 2 Balance 693.000000, Withdraw 71.000000 
User 5, Acc 3 Balance 1843.000000, Withdraw 1127.000000 
User 5, Acc 6 Balance 7532.000000, Withdraw 647.000000 
User 5, Acc 6 Balance 6885.000000, Deposit 953.000000 
User 5, Acc 7 Balance 71831.000000, Deposit 967.000000 
User 5, Acc 1 Balance 544.000000, Transfer 19.000000 to Acc 7
User 5, Acc 2 Balance 622.000000, Transfer 23.000000 to Acc 7
User 5, Acc 6 Balance 7838.000000, Transfer 1167.000000 to Acc 5
User 5, Acc 4 Balance 1459.000000, Transfer 53.000000 to Acc 5
User 2, Acc 1 Balance 1439.000000, Transfer 1200.000000 to Acc 9
User 3, Acc 3 Balance 72.000000, Transfer 29.000000 to Acc 7
User 2, Acc 0 Balance 989.000000, Deposit 673.000000 
User 6, Acc 7 Balance 20185.000000, Transfer 31.000000 to Acc 6
User 2, Acc 0 Balance 1662.000000, Transfer 1200.000000 to Acc 9
User 0, Acc 0 Balance 968.000000, Deposit 673.000000 
User 1, Acc 4 Balance 3168.000000, Deposit 937.000000 
User 5, Acc 7 Balance 72840.000000, Withdraw 1593.000000 
User 1, Acc 5 Balance 7228.000000, Deposit 941.000000 
User 5, Acc 8 Balance 4139.000000, Withdraw 449.000000 
User 5, Acc 9 Balance 16455.000000, Withdraw 163.000000 
User 5, Acc 9 Balance 16292.000000, Deposit 617.000000 
User 5, Acc 9 Balance 16909.000000, Transfer 617.000000 to Acc 9
User 5, Acc 8 Balance 3690.000000, Deposit 619.000000 
User 5, Acc 8 Balance 4309.000000, Transfer 619.000000 to Acc 2
User 5, Acc 7 Balance 71245.000000, Deposit 631.000000 
User 5, Acc 7 Balance 71876.000000, Transfer 631.000000 to Acc 3
User 5, Acc 6 Balance 6702.000000, Deposit 641.000000 
User 5, Acc 6 Balance 7343.000000, Transfer 641.000000 to Acc 4
User 5, Acc 5 Balance 8169.000000, Deposit 643.000000 
User 5, Acc 5 Balance 8812.000000, Transfer 1200.000000 to Acc 6
User 3, Acc 7 Balance 72869.000000, Transfer 31.000000 to Acc 6
User 2, Acc 0 Balance 462.000000, Deposit 7.000000 
User 6, Acc 7 Balance 72838.000000, Transfer 137.000000 to Acc 5
User 2, Acc 1 Balance -675.000000, Deposit 11.000000 
[22;32mUser 0, Acc 1 Balance -675.000000, 				Withdraw 50.000000 --insufficient funds[0m
User 2, Acc 2 Balance 1218.000000, Deposit 9.000000 
User 0, Acc 2 Balance 1218.000000, Withdraw 50.000000 
User 2, Acc 3 Balance 1318.000000, Transfer 29.000000 to Acc 7
User 2, Acc 7 Balance 71106.000000, Transfer 31.000000 to Acc 6
User 1, Acc 0 Balance 1135.000000, Deposit 7.000000 
User 2, Acc 7 Balance 71075.000000, Transfer 137.000000 to Acc 5
User 1, Acc 3 Balance 1289.000000, Deposit 29.000000 
User 2, Acc 7 Balance 70938.000000, Transfer 3.000000 to Acc 4
User 3, Acc 7 Balance 71214.000000, Transfer 137.000000 to Acc 5
User 6, Acc 7 Balance 71077.000000, Transfer 3.000000 to Acc 4
User 3, Acc 7 Balance 70798.000000, Transfer 3.000000 to Acc 4
User 3, Acc 7 Balance 70795.000000, Transfer 5.000000 to Acc 4
User 4, Acc 7 Balance 73440.000000, Transfer 3.000000 to Acc 4
User 0, Acc 3 Balance 1318.000000, Withdraw 50.000000 
User 4, Acc 7 Balance 70784.000000, Transfer 5.000000 to Acc 4
User 1, Acc 7 Balance 70938.000000, Deposit 9.000000 
User 2, Acc 7 Balance 70935.000000, Transfer 5.000000 to Acc 4
User 6, Acc 7 Balance 70792.000000, Transfer 5.000000 to Acc 4
User 2, Acc 3 Balance 1268.000000, Deposit 929.000000 
User 3, Acc 4 Balance 2998.000000, Withdraw 1167.000000 
User 2, Acc 4 Balance 3016.000000, Deposit 937.000000 
User 3, Acc 5 Balance 8023.000000, Withdraw 1307.000000 
User 0, Acc 4 Balance 3006.000000, Withdraw 50.000000 
User 1, Acc 9 Balance 16909.000000, Deposit 129.000000 
User 0, Acc 5 Balance 6716.000000, Withdraw 50.000000 
User 4, Acc 6 Balance 7964.000000, Transfer 67.000000 to Acc 5
User 0, Acc 6 Balance 7964.000000, Withdraw 50.000000 
User 4, Acc 4 Balance 2736.000000, Transfer 53.000000 to Acc 5
User 0, Acc 7 Balance 70778.000000, Withdraw 50.000000 
[22;32mUser 4, Acc 1 Balance -664.000000, 				Withdraw 41.000000 --insufficient funds[0m
User 1, Acc 3 Balance 2197.000000, Transfer 29.000000 to Acc 7
User 4, Acc 2 Balance 1177.000000, Withdraw 71.000000 
User 4, Acc 3 Balance 2197.000000, Withdraw 127.000000 
[22;32mUser 3, Acc 1 Balance -664.000000, 				Withdraw 41.000000 --insufficient funds[0m
User 4, Acc 4 Balance 2683.000000, Withdraw 167.000000 
User 3, Acc 2 Balance 1106.000000, Withdraw 71.000000 
User 4, Acc 5 Balance 6786.000000, Withdraw 307.000000 
User 4, Acc 6 Balance 7847.000000, Withdraw 647.000000 
User 4, Acc 7 Balance 70757.000000, Withdraw 593.000000 
User 4, Acc 8 Balance 3690.000000, Withdraw 449.000000 
User 2, Acc 5 Balance 8023.000000, Deposit 941.000000 
User 2, Acc 4 Balance 2516.000000, Withdraw 1167.000000 
User 2, Acc 5 Balance 7420.000000, Withdraw 1307.000000 
[22;32mUser 2, Acc 1 Balance -664.000000, 				Withdraw 41.000000 --insufficient funds[0m
User 2, Acc 2 Balance 1035.000000, Withdraw 71.000000 
User 2, Acc 3 Balance 2041.000000, Withdraw 1127.000000 
User 2, Acc 6 Balance 7200.000000, Withdraw 647.000000 
User 2, Acc 6 Balance 6553.000000, Deposit 953.000000 
User 2, Acc 7 Balance 70164.000000, Deposit 967.000000 
User 2, Acc 2 Balance 964.000000, Transfer 23.000000 to Acc 7
User 2, Acc 6 Balance 7506.000000, Transfer 1167.000000 to Acc 5
User 2, Acc 4 Balance 1349.000000, Transfer 53.000000 to Acc 5
User 2, Acc 7 Balance 71154.000000, Withdraw 1593.000000 
User 2, Acc 8 Balance 3241.000000, Withdraw 449.000000 
User 2, Acc 9 Balance 17038.000000, Withdraw 163.000000 
User 2, Acc 9 Balance 16875.000000, Deposit 617.000000 
User 2, Acc 9 Balance 17492.000000, Transfer 617.000000 to Acc 9
User 2, Acc 8 Balance 2792.000000, Deposit 619.000000 
User 2, Acc 8 Balance 3411.000000, Transfer 619.000000 to Acc 2
User 2, Acc 7 Balance 69561.000000, Deposit 631.000000 
User 2, Acc 7 Balance 70192.000000, Transfer 631.000000 to Acc 3
User 2, Acc 6 Balance 6339.000000, Deposit 641.000000 
User 2, Acc 6 Balance 6980.000000, Transfer 641.000000 to Acc 4
User 2, Acc 5 Balance 7333.000000, Deposit 643.000000 
User 2, Acc 5 Balance 7976.000000, Transfer 1200.000000 to Acc 6
User 2, Acc 4 Balance 1937.000000, Deposit 647.000000 
User 2, Acc 4 Balance 2584.000000, Transfer 1200.000000 to Acc 7
User 2, Acc 3 Balance 1545.000000, Deposit 653.000000 
User 2, Acc 3 Balance 2198.000000, Transfer 1200.000000 to Acc 8
User 2, Acc 2 Balance 1560.000000, Deposit 659.000000 
User 2, Acc 2 Balance 2219.000000, Transfer 1200.000000 to Acc 9
User 2, Acc 1 Balance -664.000000, Deposit 661.000000 
User 2, Acc 0 Balance 1149.000000, Deposit 673.000000 
User 2, Acc 0 Balance 1822.000000, Transfer 1200.000000 to Acc 9
[22;32mUser 2, Acc 1 Balance -3.000000, 				Withdraw 50.000000 --insufficient funds[0m
User 2, Acc 2 Balance 1019.000000, Withdraw 50.000000 
User 2, Acc 3 Balance 998.000000, Withdraw 50.000000 
User 2, Acc 4 Balance 1384.000000, Withdraw 50.000000 
User 2, Acc 5 Balance 6776.000000, Withdraw 50.000000 
User 2, Acc 6 Balance 7539.000000, Withdraw 50.000000 
User 2, Acc 7 Balance 70761.000000, Withdraw 50.000000 
User 2, Acc 8 Balance 3992.000000, Withdraw 50.000000 
User 2, Acc 9 Balance 19892.000000, Withdraw 50.000000 
User 2, Acc 0 Balance 622.000000, Withdraw 50.000000 
User 2, Acc 9 Balance 19842.000000, Deposit 617.000000 
User 2, Acc 9 Balance 20459.000000, Transfer 617.000000 to Acc 1
User 2, Acc 8 Balance 3942.000000, Deposit 619.000000 
User 2, Acc 8 Balance 4561.000000, Transfer 619.000000 to Acc 2
User 2, Acc 7 Balance 70711.000000, Deposit 631.000000 
User 2, Acc 7 Balance 71342.000000, Transfer 631.000000 to Acc 3
User 2, Acc 6 Balance 7489.000000, Deposit 641.000000 
User 2, Acc 6 Balance 8130.000000, Transfer 641.000000 to Acc 4
User 2, Acc 5 Balance 6726.000000, Deposit 643.000000 
User 2, Acc 5 Balance 7369.000000, Transfer 1200.000000 to Acc 6
User 2, Acc 4 Balance 1975.000000, Deposit 647.000000 
User 2, Acc 4 Balance 2622.000000, Transfer 1200.000000 to Acc 7
User 2, Acc 3 Balance 1579.000000, Deposit 653.000000 
User 2, Acc 3 Balance 2232.000000, Transfer 1200.000000 to Acc 8
User 2, Acc 2 Balance 1588.000000, Deposit 659.000000 
User 2, Acc 2 Balance 2247.000000, Transfer 1200.000000 to Acc 9
User 2, Acc 1 Balance 614.000000, Deposit 661.000000 
User 2, Acc 1 Balance 1275.000000, Transfer 1200.000000 to Acc 9
User 2, Acc 0 Balance 572.000000, Deposit 673.000000 
User 2, Acc 0 Balance 1245.000000, Transfer 1200.000000 to Acc 9
User 2, Acc 9 Balance 23442.000000, Deposit 617.000000 
User 2, Acc 9 Balance 24059.000000, Transfer 617.000000 to Acc 1
User 2, Acc 8 Balance 5142.000000, Deposit 619.000000 
User 2, Acc 8 Balance 5761.000000, Transfer 619.000000 to Acc 2
User 2, Acc 7 Balance 71911.000000, Deposit 631.000000 
User 2, Acc 7 Balance 72542.000000, Transfer 631.000000 to Acc 3
User 2, Acc 6 Balance 8689.000000, Deposit 641.000000 
User 2, Acc 6 Balance 9330.000000, Transfer 641.000000 to Acc 4
User 2, Acc 5 Balance 6169.000000, Deposit 643.000000 
User 2, Acc 5 Balance 6812.000000, Transfer 1200.000000 to Acc 6
User 2, Acc 4 Balance 2063.000000, Deposit 647.000000 
User 2, Acc 4 Balance 2710.000000, Transfer 1200.000000 to Acc 7
User 2, Acc 3 Balance 1663.000000, Deposit 653.000000 
User 2, Acc 3 Balance 2316.000000, Transfer 1200.000000 to Acc 8
User 2, Acc 2 Balance 1666.000000, Deposit 659.000000 
User 2, Acc 2 Balance 2325.000000, Transfer 1200.000000 to Acc 9
User 2, Acc 1 Balance 692.000000, Deposit 661.000000 
User 2, Acc 1 Balance 1353.000000, Transfer 1200.000000 to Acc 9
User 2, Acc 0 Balance 45.000000, Deposit 673.000000 
User 2, Acc 9 Balance 25842.000000, Deposit 617.000000 
User 2, Acc 9 Balance 26459.000000, Transfer 617.000000 to Acc 9
User 2, Acc 8 Balance 6342.000000, Deposit 619.000000 
User 2, Acc 8 Balance 6961.000000, Transfer 619.000000 to Acc 2
User 2, Acc 7 Balance 73111.000000, Deposit 631.000000 
User 2, Acc 7 Balance 73742.000000, Transfer 631.000000 to Acc 3
User 2, Acc 6 Balance 9889.000000, Deposit 641.000000 
User 2, Acc 6 Balance 10530.000000, Transfer 641.000000 to Acc 4
User 2, Acc 5 Balance 5612.000000, Deposit 643.000000 
User 2, Acc 5 Balance 6255.000000, Transfer 1200.000000 to Acc 6
User 2, Acc 4 Balance 2151.000000, Deposit 647.000000 
User 5, Acc 4 Balance 2984.000000, Deposit 647.000000 
User 2, Acc 4 Balance 2798.000000, Transfer 1200.000000 to Acc 7
User 2, Acc 3 Balance 1747.000000, Deposit 653.000000 
User 2, Acc 3 Balance 2400.000000, Transfer 1200.000000 to Acc 8
User 0, Acc 8 Balance 3690.000000, Withdraw 50.000000 
User 2, Acc 2 Balance 1744.000000, Deposit 659.000000 
User 5, Acc 4 Balance 3445.000000, Transfer 1200.000000 to Acc 7
User 2, Acc 2 Balance 2403.000000, Transfer 1200.000000 to Acc 9
User 1, Acc 7 Balance 70757.000000, Transfer 31.000000 to Acc 6
User 6, Acc 3 Balance 1268.000000, Deposit 929.000000 
User 3, Acc 3 Balance 2041.000000, Withdraw 1127.000000 
User 6, Acc 4 Balance 1045.000000, Deposit 937.000000 
User 3, Acc 6 Balance 11120.000000, Withdraw 647.000000 
User 5, Acc 3 Balance 1200.000000, Deposit 653.000000 
User 3, Acc 6 Balance 10473.000000, Deposit 1953.000000 
User 2, Acc 1 Balance 153.000000, Deposit 661.000000 
User 0, Acc 9 Balance 26459.000000, Withdraw 50.000000 
User 2, Acc 0 Balance 718.000000, Deposit 673.000000 
User 2, Acc 0 Balance 1391.000000, Transfer 1200.000000 to Acc 9
User 2, Acc 1 Balance 814.000000, Withdraw 50.000000 
User 4, Acc 9 Balance 17038.000000, Withdraw 163.000000 
User 2, Acc 2 Balance 1203.000000, Withdraw 50.000000 
User 2, Acc 3 Balance 1655.000000, Withdraw 50.000000 
User 4, Acc 0 Balance 191.000000, Deposit 7.000000 
User 2, Acc 4 Balance 1982.000000, Withdraw 50.000000 
User 4, Acc 1 Balance 764.000000, Deposit 11.000000 
User 5, Acc 3 Balance 1655.000000, Transfer 1200.000000 to Acc 8
User 1, Acc 7 Balance 75480.000000, Transfer 137.000000 to Acc 5
User 5, Acc 2 Balance 1153.000000, Deposit 659.000000 
User 1, Acc 7 Balance 75343.000000, Transfer 3.000000 to Acc 4
User 5, Acc 2 Balance 1812.000000, Transfer 1200.000000 to Acc 9
User 5, Acc 1 Balance 775.000000, Deposit 661.000000 
User 4, Acc 2 Balance 1153.000000, Deposit 9.000000 
User 3, Acc 7 Balance 75480.000000, Deposit 967.000000 
User 0, Acc 0 Balance 718.000000, Withdraw 50.000000 
User 3, Acc 1 Balance 1436.000000, Transfer 19.000000 to Acc 7
User 1, Acc 7 Balance 75340.000000, Transfer 5.000000 to Acc 4
User 2, Acc 5 Balance 5055.000000, Withdraw 50.000000 
User 1, Acc 4 Balance 1940.000000, Withdraw 1167.000000 
User 2, Acc 6 Balance 12426.000000, Withdraw 50.000000 
User 4, Acc 3 Balance 405.000000, Transfer 29.000000 to Acc 7
User 4, Acc 7 Balance 76350.000000, Transfer 31.000000 to Acc 6
User 4, Acc 7 Balance 76319.000000, Transfer 137.000000 to Acc 5
User 5, Acc 1 Balance 1436.000000, Transfer 1200.000000 to Acc 9
User 5, Acc 0 Balance 148.000000, Deposit 673.000000 
User 5, Acc 1 Balance 217.000000, Withdraw 50.000000 
User 5, Acc 2 Balance 621.000000, Withdraw 50.000000 
User 5, Acc 3 Balance 376.000000, Withdraw 50.000000 
User 5, Acc 4 Balance 773.000000, Withdraw 50.000000 
User 2, Acc 7 Balance 76321.000000, Withdraw 50.000000 
User 0, Acc 0 Balance 148.000000, Deposit 7.000000 
User 0, Acc 1 Balance 167.000000, Deposit 11.000000 
User 0, Acc 2 Balance 571.000000, Deposit 9.000000 
User 0, Acc 3 Balance 326.000000, Transfer 29.000000 to Acc 7
User 3, Acc 2 Balance 621.000000, Transfer 23.000000 to Acc 7
User 4, Acc 7 Balance 76182.000000, Transfer 3.000000 to Acc 4
User 3, Acc 6 Balance 12407.000000, Transfer 1167.000000 to Acc 5
User 3, Acc 4 Balance 723.000000, Transfer 53.000000 to Acc 5
User 5, Acc 5 Balance 5279.000000, Withdraw 50.000000 
User 3, Acc 7 Balance 76181.000000, Withdraw 1593.000000 
User 5, Acc 6 Balance 11240.000000, Withdraw 50.000000 
User 3, Acc 8 Balance 8692.000000, Withdraw 449.000000 
User 5, Acc 7 Balance 74588.000000, Withdraw 50.000000 
User 5, Acc 8 Balance 8243.000000, Withdraw 50.000000 
User 1, Acc 5 Balance 5142.000000, Withdraw 1307.000000 
User 5, Acc 9 Balance 31046.000000, Withdraw 50.000000 
User 5, Acc 0 Balance 828.000000, Withdraw 50.000000 
User 1, Acc 1 Balance 178.000000, Transfer 89.000000 to Acc 8
User 1, Acc 1 Balance 89.000000, Withdraw 41.000000 
User 6, Acc 5 Balance 5055.000000, Deposit 941.000000 
User 0, Acc 7 Balance 76161.000000, Transfer 31.000000 to Acc 6
[22;32mUser 6, Acc 4 Balance 673.000000, 				Withdraw 1167.000000 --insufficient funds[0m
User 0, Acc 7 Balance 74507.000000, Transfer 137.000000 to Acc 5
User 1, Acc 2 Balance 557.000000, Withdraw 71.000000 
User 3, Acc 9 Balance 31046.000000, Withdraw 163.000000 
User 4, Acc 7 Balance 76181.000000, Transfer 5.000000 to Acc 4
User 3, Acc 0 Balance 778.000000, Deposit 7.000000 
User 4, Acc 3 Balance 297.000000, Deposit 929.000000 
User 0, Acc 7 Balance 74370.000000, Transfer 3.000000 to Acc 4
User 4, Acc 4 Balance 678.000000, Deposit 937.000000 
[22;32mUser 1, Acc 3 Balance 297.000000, 				Withdraw 1127.000000 --insufficient funds[0m
User 2, Acc 8 Balance 8692.000000, Withdraw 50.000000 
User 1, Acc 6 Balance 11221.000000, Withdraw 647.000000 
User 2, Acc 9 Balance 30833.000000, Withdraw 50.000000 
User 2, Acc 0 Balance 785.000000, Withdraw 50.000000 
User 6, Acc 5 Balance 6083.000000, Withdraw 1307.000000 
User 6, Acc 1 Balance 48.000000, Withdraw 41.000000 
User 6, Acc 2 Balance 486.000000, Withdraw 71.000000 
User 6, Acc 3 Balance 1226.000000, Withdraw 1127.000000 
User 6, Acc 6 Balance 10574.000000, Withdraw 647.000000 
User 6, Acc 6 Balance 9927.000000, Deposit 953.000000 
User 6, Acc 7 Balance 74362.000000, Deposit 967.000000 
User 6, Acc 2 Balance 415.000000, Transfer 23.000000 to Acc 7
User 6, Acc 6 Balance 10880.000000, Transfer 1167.000000 to Acc 5
User 6, Acc 4 Balance 1618.000000, Transfer 53.000000 to Acc 5
User 6, Acc 7 Balance 75352.000000, Withdraw 1593.000000 
User 6, Acc 8 Balance 8232.000000, Withdraw 449.000000 
User 6, Acc 9 Balance 30783.000000, Withdraw 163.000000 
User 6, Acc 9 Balance 30620.000000, Deposit 617.000000 
User 6, Acc 9 Balance 31237.000000, Transfer 617.000000 to Acc 1
User 6, Acc 8 Balance 7783.000000, Deposit 619.000000 
User 6, Acc 8 Balance 8402.000000, Transfer 619.000000 to Acc 2
User 6, Acc 7 Balance 73759.000000, Deposit 631.000000 
User 6, Acc 7 Balance 74390.000000, Transfer 631.000000 to Acc 3
User 1, Acc 6 Balance 10574.000000, Deposit 1953.000000 
User 1, Acc 7 Balance 73759.000000, Deposit 967.000000 
User 1, Acc 1 Balance 624.000000, Transfer 19.000000 to Acc 7
User 1, Acc 2 Balance 1011.000000, Transfer 23.000000 to Acc 7
User 5, Acc 9 Balance 30996.000000, Deposit 617.000000 
User 4, Acc 5 Balance 6220.000000, Deposit 941.000000 
User 4, Acc 4 Balance 1565.000000, Withdraw 1167.000000 
User 4, Acc 5 Balance 7074.000000, Withdraw 1307.000000 
User 6, Acc 6 Balance 9713.000000, Deposit 641.000000 
User 0, Acc 7 Balance 74362.000000, Transfer 5.000000 to Acc 4
User 1, Acc 6 Balance 11666.000000, Transfer 1167.000000 to Acc 5
User 5, Acc 9 Balance 31237.000000, Transfer 617.000000 to Acc 1
User 1, Acc 4 Balance 403.000000, Transfer 53.000000 to Acc 5
User 2, Acc 9 Balance 30783.000000, Deposit 617.000000 
User 1, Acc 7 Balance 74763.000000, Withdraw 1593.000000 
User 2, Acc 9 Balance 31237.000000, Transfer 617.000000 to Acc 1
User 6, Acc 6 Balance 12307.000000, Transfer 641.000000 to Acc 4
User 3, Acc 1 Balance 48.000000, Deposit 11.000000 
User 5, Acc 8 Balance 7783.000000, Deposit 619.000000 
User 3, Acc 2 Balance 988.000000, Deposit 9.000000 
User 5, Acc 8 Balance 8402.000000, Transfer 619.000000 to Acc 2
User 1, Acc 8 Balance 7783.000000, Withdraw 449.000000 
User 2, Acc 8 Balance 7783.000000, Deposit 619.000000 
User 1, Acc 9 Balance 30620.000000, Withdraw 163.000000 
User 4, Acc 1 Balance 605.000000, Transfer 89.000000 to Acc 8
User 3, Acc 3 Balance 730.000000, Transfer 29.000000 to Acc 7
User 4, Acc 1 Balance 1761.000000, Transfer 163.000000 to Acc 9
User 3, Acc 7 Balance 73199.000000, Transfer 31.000000 to Acc 6
User 4, Acc 1 Balance 1598.000000, Withdraw 41.000000 
User 3, Acc 7 Balance 73168.000000, Transfer 137.000000 to Acc 5
User 4, Acc 2 Balance 1616.000000, Withdraw 71.000000 
User 3, Acc 7 Balance 73031.000000, Transfer 3.000000 to Acc 4
[22;32mUser 4, Acc 3 Balance 701.000000, 				Withdraw 1127.000000 --insufficient funds[0m
User 3, Acc 7 Balance 73028.000000, Transfer 5.000000 to Acc 4
User 4, Acc 6 Balance 10530.000000, Withdraw 647.000000 
User 3, Acc 3 Balance 701.000000, Deposit 929.000000 
User 4, Acc 6 Balance 9883.000000, Deposit 953.000000 
User 3, Acc 4 Balance 999.000000, Deposit 937.000000 
User 4, Acc 7 Balance 73023.000000, Deposit 967.000000 
User 3, Acc 5 Balance 7124.000000, Deposit 941.000000 
User 4, Acc 1 Balance 1557.000000, Transfer 19.000000 to Acc 7
User 3, Acc 4 Balance 1936.000000, Withdraw 1167.000000 
User 0, Acc 3 Balance 730.000000, Deposit 929.000000 
User 3, Acc 5 Balance 8065.000000, Withdraw 1307.000000 
User 0, Acc 4 Balance 769.000000, Deposit 937.000000 
User 3, Acc 1 Balance 1538.000000, Transfer 89.000000 to Acc 8
User 1, Acc 9 Balance 30457.000000, Deposit 617.000000 
User 3, Acc 1 Balance 1449.000000, Transfer 163.000000 to Acc 9
User 1, Acc 9 Balance 31237.000000, Transfer 617.000000 to Acc 1
User 6, Acc 5 Balance 6987.000000, Deposit 643.000000 
User 0, Acc 5 Balance 6758.000000, Deposit 941.000000 
User 4, Acc 2 Balance 1545.000000, Transfer 23.000000 to Acc 7
User 0, Acc 4 Balance 1706.000000, Withdraw 1167.000000 
User 4, Acc 6 Balance 10836.000000, Transfer 1167.000000 to Acc 5
User 2, Acc 8 Balance 7953.000000, Transfer 619.000000 to Acc 2
User 4, Acc 4 Balance 539.000000, Transfer 53.000000 to Acc 5
User 2, Acc 7 Balance 74032.000000, Deposit 631.000000 
User 4, Acc 7 Balance 74032.000000, Withdraw 1593.000000 
User 4, Acc 8 Balance 7512.000000, Withdraw 449.000000 
User 0, Acc 5 Balance 8342.000000, Withdraw 1307.000000 
User 3, Acc 1 Balance 1286.000000, Withdraw 41.000000 
User 1, Acc 8 Balance 8131.000000, Deposit 619.000000 
User 6, Acc 5 Balance 7401.000000, Transfer 1200.000000 to Acc 6
User 2, Acc 7 Balance 73070.000000, Transfer 631.000000 to Acc 3
User 5, Acc 7 Balance 73170.000000, Deposit 631.000000 
User 4, Acc 9 Balance 30783.000000, Withdraw 163.000000 
User 5, Acc 7 Balance 73070.000000, Transfer 631.000000 to Acc 3
User 0, Acc 1 Balance 1903.000000, Transfer 89.000000 to Acc 8
User 1, Acc 8 Balance 7682.000000, Transfer 619.000000 to Acc 2
User 6, Acc 4 Balance 486.000000, Deposit 647.000000 
User 1, Acc 7 Balance 72439.000000, Deposit 631.000000 
User 4, Acc 0 Balance 735.000000, Deposit 400.000000 
User 5, Acc 6 Balance 10869.000000, Deposit 641.000000 
User 3, Acc 2 Balance 2141.000000, Withdraw 71.000000 
User 0, Acc 1 Balance 1773.000000, Transfer 163.000000 to Acc 9
User 3, Acc 3 Balance 3821.000000, Withdraw 1127.000000 
User 3, Acc 6 Balance 11510.000000, Withdraw 647.000000 
User 3, Acc 6 Balance 10863.000000, Deposit 953.000000 
User 3, Acc 7 Balance 73070.000000, Deposit 967.000000 
User 4, Acc 0 Balance 1135.000000, Withdraw 200.000000 
User 4, Acc 0 Balance 935.000000, Deposit 100.000000 
User 5, Acc 6 Balance 11510.000000, Transfer 641.000000 to Acc 4
User 2, Acc 6 Balance 10869.000000, Deposit 641.000000 
User 0, Acc 1 Balance 1610.000000, Withdraw 41.000000 
User 2, Acc 6 Balance 11816.000000, Transfer 641.000000 to Acc 4
User 0, Acc 2 Balance 2689.000000, Withdraw 71.000000 
User 2, Acc 5 Balance 7055.000000, Deposit 643.000000 
User 0, Acc 3 Balance 2694.000000, Withdraw 1127.000000 
User 4, Acc 0 Balance 1035.000000, Withdraw 50.000000 
User 0, Acc 6 Balance 11175.000000, Withdraw 647.000000 
User 0, Acc 6 Balance 10528.000000, Deposit 953.000000 
User 1, Acc 7 Balance 73070.000000, Transfer 631.000000 to Acc 3
User 3, Acc 1 Balance 1610.000000, Transfer 19.000000 to Acc 7
User 1, Acc 6 Balance 11481.000000, Deposit 641.000000 
User 3, Acc 2 Balance 2618.000000, Transfer 23.000000 to Acc 7
User 1, Acc 6 Balance 12122.000000, Transfer 641.000000 to Acc 4
User 3, Acc 6 Balance 12122.000000, Transfer 1167.000000 to Acc 5
User 3, Acc 4 Balance 3056.000000, Transfer 53.000000 to Acc 5
User 3, Acc 7 Balance 73448.000000, Withdraw 1593.000000 
User 2, Acc 5 Balance 7698.000000, Transfer 1200.000000 to Acc 6
User 5, Acc 5 Balance 7055.000000, Deposit 643.000000 
User 1, Acc 5 Balance 7698.000000, Deposit 643.000000 
User 6, Acc 3 Balance 3821.000000, Deposit 653.000000 
User 4, Acc 0 Balance 985.000000, Withdraw 150.000000 
User 6, Acc 3 Balance 2851.000000, Transfer 1200.000000 to Acc 8
User 4, Acc 0 Balance 835.000000, Deposit 300.000000 
User 3, Acc 8 Balance 7152.000000, Withdraw 449.000000 
User 4, Acc 0 Balance 1135.000000, Transfer 300.000000 to Acc 1
User 5, Acc 5 Balance 8361.000000, Transfer 1200.000000 to Acc 6
User 1, Acc 5 Balance 9004.000000, Transfer 1200.000000 to Acc 6
User 6, Acc 2 Balance 2595.000000, Deposit 659.000000 
User 1, Acc 4 Balance 3003.000000, Deposit 647.000000 
User 6, Acc 2 Balance 3254.000000, Transfer 1200.000000 to Acc 9
User 6, Acc 1 Balance 1850.000000, Deposit 661.000000 
Balance in 1: 1850.000000
User 5, Acc 4 Balance 3003.000000, Deposit 647.000000 
User 0, Acc 7 Balance 74037.000000, Deposit 967.000000 
User 5, Acc 4 Balance 4297.000000, Transfer 1200.000000 to Acc 7
User 0, Acc 1 Balance 2511.000000, Transfer 19.000000 to Acc 7
User 3, Acc 9 Balance 30783.000000, Withdraw 163.000000 
User 0, Acc 2 Balance 2054.000000, Transfer 23.000000 to Acc 7
User 4, Acc 0 Balance 835.000000, Deposit 400.000000 
User 2, Acc 4 Balance 3003.000000, Deposit 647.000000 
User 4, Acc 0 Balance 1235.000000, Withdraw 200.000000 
User 2, Acc 4 Balance 3744.000000, Transfer 1200.000000 to Acc 7
User 1, Acc 4 Balance 3650.000000, Transfer 1200.000000 to Acc 7
User 2, Acc 3 Balance 1651.000000, Deposit 653.000000 
User 1, Acc 3 Balance 1651.000000, Deposit 653.000000 
User 5, Acc 3 Balance 1651.000000, Deposit 653.000000 
User 1, Acc 3 Balance 2957.000000, Transfer 1200.000000 to Acc 8
User 5, Acc 3 Balance 3610.000000, Transfer 1200.000000 to Acc 8
User 3, Acc 0 Balance 835.000000, Deposit 400.000000 
User 5, Acc 2 Balance 2031.000000, Deposit 659.000000 
User 3, Acc 0 Balance 1435.000000, Withdraw 200.000000 
User 3, Acc 0 Balance 1235.000000, Deposit 100.000000 
User 4, Acc 0 Balance 1035.000000, Deposit 100.000000 
User 6, Acc 1 Balance 2511.000000, Transfer 1200.000000 to Acc 9
User 4, Acc 0 Balance 1435.000000, Withdraw 50.000000 
User 6, Acc 0 Balance 1435.000000, Deposit 673.000000 
User 4, Acc 0 Balance 1385.000000, Withdraw 150.000000 
User 4, Acc 0 Balance 1235.000000, Deposit 300.000000 
User 5, Acc 2 Balance 2690.000000, Transfer 1200.000000 to Acc 9
User 3, Acc 0 Balance 1335.000000, Withdraw 50.000000 
User 5, Acc 1 Balance 1292.000000, Deposit 661.000000 
User 1, Acc 2 Balance 2031.000000, Deposit 659.000000 
User 2, Acc 3 Balance 2304.000000, Transfer 1200.000000 to Acc 8
User 2, Acc 2 Balance 2149.000000, Deposit 659.000000 
User 6, Acc 0 Balance 1908.000000, Transfer 1200.000000 to Acc 9
User 2, Acc 2 Balance 2808.000000, Transfer 1200.000000 to Acc 9
User 6, Acc 0 Balance 958.000000, Deposit 907.000000 
User 3, Acc 0 Balance 2158.000000, Withdraw 150.000000 
User 6, Acc 1 Balance 1953.000000, Deposit 911.000000 
User 1, Acc 2 Balance 2149.000000, Transfer 1200.000000 to Acc 9
User 4, Acc 0 Balance 2208.000000, Transfer 300.000000 to Acc 1
User 1, Acc 1 Balance 2864.000000, Deposit 661.000000 
User 5, Acc 1 Balance 1953.000000, Transfer 1200.000000 to Acc 9
User 1, Acc 1 Balance 3825.000000, Transfer 1200.000000 to Acc 9
User 5, Acc 0 Balance 1415.000000, Deposit 673.000000 
User 0, Acc 6 Balance 13914.000000, Transfer 1167.000000 to Acc 5
Balance in 1: 3164.000000
User 0, Acc 4 Balance 1344.000000, Transfer 53.000000 to Acc 5
User 3, Acc 0 Balance 1715.000000, Deposit 300.000000 
User 1, Acc 0 Balance 1415.000000, Deposit 673.000000 
User 5, Acc 0 Balance 2088.000000, Transfer 1200.000000 to Acc 9
User 6, Acc 2 Balance 1608.000000, Deposit 919.000000 
User 4, Acc 0 Balance 2088.000000, Deposit 907.000000 
User 6, Acc 3 Balance 10.000000, Deposit 929.000000 
User 0, Acc 7 Balance 76464.000000, Withdraw 1593.000000 
User 3, Acc 0 Balance 2388.000000, Transfer 300.000000 to Acc 1
User 1, Acc 0 Balance 3061.000000, Transfer 1200.000000 to Acc 9
User 5, Acc 0 Balance 1861.000000, Deposit 400.000000 
User 1, Acc 0 Balance 1268.000000, Deposit 400.000000 
User 5, Acc 0 Balance 1668.000000, Withdraw 200.000000 
User 4, Acc 1 Balance 1425.000000, Deposit 911.000000 
User 5, Acc 0 Balance 1868.000000, Deposit 100.000000 
Balance in 1: 1725.000000
User 5, Acc 0 Balance 1968.000000, Withdraw 50.000000 
User 3, Acc 0 Balance 1968.000000, Deposit 907.000000 
User 5, Acc 0 Balance 1918.000000, Withdraw 150.000000 
User 4, Acc 2 Balance 1327.000000, Deposit 919.000000 
User 0, Acc 8 Balance 11503.000000, Withdraw 449.000000 
User 4, Acc 3 Balance 939.000000, Deposit 929.000000 
User 0, Acc 9 Balance 42620.000000, Withdraw 163.000000 
User 6, Acc 4 Balance 1291.000000, Deposit 937.000000 
User 0, Acc 0 Balance 2675.000000, Deposit 400.000000 
User 5, Acc 0 Balance 2675.000000, Deposit 300.000000 
User 2, Acc 1 Balance 1953.000000, Deposit 661.000000 
User 5, Acc 0 Balance 3375.000000, Transfer 300.000000 to Acc 1
User 4, Acc 4 Balance 1291.000000, Deposit 937.000000 
User 3, Acc 1 Balance 2636.000000, Deposit 911.000000 
User 6, Acc 5 Balance 7824.000000, Deposit 941.000000 
User 3, Acc 2 Balance 2246.000000, Deposit 919.000000 
User 6, Acc 6 Balance 12747.000000, Deposit 953.000000 
User 3, Acc 3 Balance 1868.000000, Deposit 929.000000 
User 3, Acc 4 Balance 3165.000000, Deposit 937.000000 
User 3, Acc 5 Balance 8765.000000, Deposit 941.000000 
User 1, Acc 0 Balance 2068.000000, Withdraw 200.000000 
User 3, Acc 6 Balance 13700.000000, Deposit 953.000000 
User 0, Acc 0 Balance 3075.000000, Withdraw 200.000000 
User 3, Acc 7 Balance 74871.000000, Deposit 967.000000 
User 0, Acc 0 Balance 2675.000000, Deposit 100.000000 
User 6, Acc 7 Balance 74871.000000, Deposit 967.000000 
Balance in 1: 3597.000000
User 6, Acc 1 Balance 4508.000000, Transfer 19.000000 to Acc 7
User 5, Acc 0 Balance 2775.000000, Deposit 100.000000 
User 6, Acc 2 Balance 3165.000000, Transfer 23.000000 to Acc 7
User 5, Acc 0 Balance 2875.000000, Deposit 200.000000 
User 6, Acc 3 Balance 2797.000000, Transfer 29.000000 to Acc 7
User 5, Acc 0 Balance 3075.000000, Deposit 300.000000 
User 5, Acc 0 Balance 3375.000000, Withdraw 200.000000 
User 1, Acc 0 Balance 2875.000000, Deposit 100.000000 
User 5, Acc 0 Balance 3175.000000, Withdraw 100.000000 
User 1, Acc 0 Balance 3275.000000, Withdraw 50.000000 
User 3, Acc 1 Balance 4508.000000, Transfer 19.000000 to Acc 7
User 1, Acc 0 Balance 3125.000000, Withdraw 150.000000 
User 1, Acc 0 Balance 2975.000000, Deposit 300.000000 
User 6, Acc 7 Balance 76876.000000, Transfer 31.000000 to Acc 6
User 2, Acc 1 Balance 3297.000000, Transfer 1200.000000 to Acc 9
User 0, Acc 0 Balance 2775.000000, Withdraw 50.000000 
User 0, Acc 0 Balance 3225.000000, Withdraw 150.000000 
User 3, Acc 2 Balance 3142.000000, Transfer 23.000000 to Acc 7
User 4, Acc 5 Balance 7824.000000, Deposit 941.000000 
User 1, Acc 0 Balance 3275.000000, Transfer 300.000000 to Acc 1
User 4, Acc 6 Balance 14684.000000, Deposit 953.000000 
Balance in 1: 3570.000000
User 2, Acc 0 Balance 3275.000000, Deposit 673.000000 
User 5, Acc 0 Balance 3175.000000, Withdraw 50.000000 
User 2, Acc 0 Balance 3448.000000, Transfer 1200.000000 to Acc 9
User 5, Acc 1 Balance 3570.000000, Transfer 200.000000 to Acc 0
User 3, Acc 3 Balance 2768.000000, Transfer 29.000000 to Acc 7
User 6, Acc 7 Balance 76864.000000, Transfer 37.000000 to Acc 5
User 1, Acc 0 Balance 2775.000000, Deposit 100.000000 
User 6, Acc 7 Balance 76879.000000, Transfer 3.000000 to Acc 4
User 6, Acc 7 Balance 76876.000000, Transfer 5.000000 to Acc 4
User 0, Acc 0 Balance 3075.000000, Deposit 300.000000 
Balance in 0: 3598.000000
User 0, Acc 0 Balance 2798.000000, Transfer 300.000000 to Acc 1
User 2, Acc 0 Balance 2398.000000, Deposit 100.000000 
User 3, Acc 7 Balance 76916.000000, Transfer 31.000000 to Acc 6
User 1, Acc 0 Balance 2498.000000, Deposit 200.000000 
User 3, Acc 7 Balance 76840.000000, Transfer 37.000000 to Acc 5
User 1, Acc 0 Balance 2798.000000, Deposit 300.000000 
User 5, Acc 0 Balance 2798.000000, Deposit 907.000000 
User 1, Acc 0 Balance 3098.000000, Withdraw 200.000000 
User 4, Acc 7 Balance 76887.000000, Deposit 967.000000 
User 1, Acc 0 Balance 3805.000000, Withdraw 100.000000 
User 4, Acc 1 Balance 3670.000000, Transfer 19.000000 to Acc 7
Balance in 1: 3670.000000
User 4, Acc 2 Balance 3119.000000, Transfer 23.000000 to Acc 7
User 0, Acc 0 Balance 3705.000000, Deposit 907.000000 
User 4, Acc 3 Balance 2739.000000, Transfer 29.000000 to Acc 7
User 6, Acc 6 Balance 15637.000000, Transfer 67.000000 to Acc 5
User 1, Acc 0 Balance 3705.000000, Withdraw 50.000000 
User 6, Acc 4 Balance 4110.000000, Transfer 53.000000 to Acc 5
User 2, Acc 0 Balance 2598.000000, Deposit 200.000000 
User 6, Acc 1 Balance 3651.000000, Transfer 89.000000 to Acc 8
User 4, Acc 7 Balance 77841.000000, Transfer 31.000000 to Acc 6
User 6, Acc 1 Balance 3562.000000, Transfer 163.000000 to Acc 9
User 6, Acc 1 Balance 3399.000000, Withdraw 41.000000 
User 4, Acc 7 Balance 77810.000000, Transfer 37.000000 to Acc 5
User 5, Acc 1 Balance 3670.000000, Deposit 911.000000 
User 2, Acc 0 Balance 4762.000000, Deposit 300.000000 
User 5, Acc 2 Balance 3096.000000, Deposit 919.000000 
User 0, Acc 1 Balance 3651.000000, Deposit 911.000000 
User 3, Acc 7 Balance 76803.000000, Transfer 3.000000 to Acc 4
User 0, Acc 2 Balance 4015.000000, Deposit 919.000000 
User 3, Acc 7 Balance 77770.000000, Transfer 5.000000 to Acc 4
User 0, Acc 3 Balance 2710.000000, Deposit 929.000000 
User 4, Acc 7 Balance 77773.000000, Transfer 3.000000 to Acc 4
User 2, Acc 0 Balance 5062.000000, Withdraw 200.000000 
User 4, Acc 7 Balance 77762.000000, Transfer 5.000000 to Acc 4
User 4, Acc 6 Balance 15632.000000, Transfer 67.000000 to Acc 5
User 6, Acc 2 Balance 3096.000000, Withdraw 71.000000 
User 4, Acc 4 Balance 4073.000000, Transfer 53.000000 to Acc 5
User 5, Acc 3 Balance 2710.000000, Deposit 929.000000 
User 4, Acc 1 Balance 5180.000000, Transfer 89.000000 to Acc 8
User 5, Acc 4 Balance 4020.000000, Deposit 937.000000 
User 5, Acc 5 Balance 10998.000000, Deposit 941.000000 
User 2, Acc 0 Balance 4862.000000, Withdraw 100.000000 
User 3, Acc 6 Balance 15632.000000, Transfer 67.000000 to Acc 5
User 6, Acc 3 Balance 3639.000000, Withdraw 127.000000 
User 0, Acc 4 Balance 4065.000000, Deposit 937.000000 
User 4, Acc 1 Balance 5091.000000, Transfer 163.000000 to Acc 9
User 1, Acc 1 Balance 3651.000000, Transfer 200.000000 to Acc 0
User 5, Acc 6 Balance 15565.000000, Deposit 953.000000 
Balance in 0: 4962.000000
User 1, Acc 0 Balance 4962.000000, Deposit 907.000000 
User 3, Acc 4 Balance 4957.000000, Transfer 53.000000 to Acc 5
User 6, Acc 4 Balance 4957.000000, Withdraw 167.000000 
User 0, Acc 5 Balance 12006.000000, Deposit 941.000000 
User 4, Acc 1 Balance 4928.000000, Withdraw 41.000000 
User 4, Acc 2 Balance 4863.000000, Withdraw 71.000000 
User 5, Acc 7 Balance 77757.000000, Deposit 967.000000 
User 1, Acc 1 Balance 4728.000000, Deposit 911.000000 
User 3, Acc 1 Balance 4728.000000, Transfer 89.000000 to Acc 8
User 6, Acc 5 Balance 12059.000000, Withdraw 307.000000 
User 3, Acc 1 Balance 5509.000000, Transfer 163.000000 to Acc 9
User 6, Acc 6 Balance 16451.000000, Withdraw 647.000000 
User 3, Acc 1 Balance 5346.000000, Withdraw 41.000000 
User 4, Acc 3 Balance 4441.000000, Withdraw 127.000000 
User 3, Acc 2 Balance 4792.000000, Withdraw 71.000000 
User 4, Acc 4 Balance 5674.000000, Withdraw 167.000000 
User 3, Acc 3 Balance 4314.000000, Withdraw 127.000000 
User 4, Acc 5 Balance 12693.000000, Withdraw 307.000000 
User 3, Acc 4 Balance 5507.000000, Withdraw 167.000000 
User 3, Acc 5 Balance 12693.000000, Withdraw 307.000000 
User 1, Acc 2 Balance 4792.000000, Deposit 919.000000 
User 3, Acc 6 Balance 15804.000000, Withdraw 647.000000 
User 3, Acc 7 Balance 78724.000000, Withdraw 593.000000 
User 1, Acc 3 Balance 4187.000000, Deposit 929.000000 
User 6, Acc 7 Balance 78724.000000, Withdraw 593.000000 
User 5, Acc 1 Balance 4687.000000, Transfer 19.000000 to Acc 7
User 4, Acc 6 Balance 15804.000000, Withdraw 647.000000 
User 5, Acc 2 Balance 5640.000000, Transfer 23.000000 to Acc 7
User 0, Acc 6 Balance 16451.000000, Deposit 953.000000 
User 5, Acc 3 Balance 5116.000000, Transfer 29.000000 to Acc 7
User 3, Acc 8 Balance 11321.000000, Withdraw 449.000000 
User 5, Acc 7 Balance 77609.000000, Transfer 31.000000 to Acc 6
User 4, Acc 7 Balance 77557.000000, Withdraw 593.000000 
User 2, Acc 0 Balance 4762.000000, Withdraw 50.000000 
User 4, Acc 8 Balance 10872.000000, Withdraw 449.000000 
User 2, Acc 1 Balance 5286.000000, Transfer 200.000000 to Acc 0
User 4, Acc 9 Balance 45346.000000, Withdraw 163.000000 
User 6, Acc 8 Balance 11321.000000, Withdraw 449.000000 
User 3, Acc 9 Balance 45346.000000, Withdraw 163.000000 
User 5, Acc 7 Balance 77578.000000, Transfer 37.000000 to Acc 5
User 3, Acc 0 Balance 6019.000000, Deposit 100.000000 
User 5, Acc 7 Balance 76948.000000, Transfer 3.000000 to Acc 4
User 3, Acc 0 Balance 6119.000000, Deposit 200.000000 
User 6, Acc 9 Balance 45183.000000, Withdraw 163.000000 
User 3, Acc 0 Balance 6319.000000, Deposit 300.000000 
User 6, Acc 0 Balance 6319.000000, Deposit 100.000000 
User 3, Acc 0 Balance 6619.000000, Withdraw 200.000000 
User 6, Acc 0 Balance 6719.000000, Deposit 200.000000 
User 5, Acc 7 Balance 76945.000000, Transfer 5.000000 to Acc 4
User 6, Acc 0 Balance 6719.000000, Deposit 300.000000 
User 5, Acc 6 Balance 15494.000000, Transfer 67.000000 to Acc 5
User 6, Acc 0 Balance 7019.000000, Withdraw 200.000000 
User 5, Acc 4 Balance 5348.000000, Transfer 53.000000 to Acc 5
User 6, Acc 0 Balance 6819.000000, Withdraw 100.000000 
User 5, Acc 1 Balance 5086.000000, Transfer 89.000000 to Acc 8
User 6, Acc 0 Balance 6719.000000, Withdraw 50.000000 
User 6, Acc 1 Balance 5086.000000, Transfer 200.000000 to Acc 0
Balance in 0: 6019.000000
Balance in 0: 6869.000000
User 3, Acc 0 Balance 6519.000000, Withdraw 100.000000 
User 3, Acc 0 Balance 6769.000000, Withdraw 50.000000 
User 3, Acc 1 Balance 4797.000000, Transfer 200.000000 to Acc 0
Balance in 0: 6919.000000
User 5, Acc 1 Balance 4997.000000, Transfer 163.000000 to Acc 9
User 5, Acc 1 Balance 4434.000000, Withdraw 41.000000 
User 5, Acc 2 Balance 5617.000000, Withdraw 71.000000 
User 5, Acc 3 Balance 5087.000000, Withdraw 127.000000 
User 5, Acc 4 Balance 5295.000000, Withdraw 167.000000 
User 5, Acc 5 Balance 12236.000000, Withdraw 307.000000 
User 4, Acc 0 Balance 6019.000000, Deposit 100.000000 
User 4, Acc 0 Balance 7019.000000, Deposit 200.000000 
User 4, Acc 0 Balance 7219.000000, Deposit 300.000000 
User 4, Acc 0 Balance 7519.000000, Withdraw 200.000000 
User 4, Acc 0 Balance 7319.000000, Withdraw 100.000000 
User 4, Acc 0 Balance 7219.000000, Withdraw 50.000000 
User 4, Acc 1 Balance 4393.000000, Transfer 200.000000 to Acc 0
Balance in 0: 7369.000000
User 5, Acc 6 Balance 15427.000000, Withdraw 647.000000 
User 5, Acc 7 Balance 76940.000000, Withdraw 593.000000 
User 5, Acc 8 Balance 10063.000000, Withdraw 449.000000 
User 5, Acc 9 Balance 45020.000000, Withdraw 163.000000 
User 0, Acc 7 Balance 77580.000000, Deposit 967.000000 
User 0, Acc 1 Balance 4193.000000, Transfer 19.000000 to Acc 7
User 0, Acc 2 Balance 5546.000000, Transfer 23.000000 to Acc 7
User 0, Acc 3 Balance 4960.000000, Transfer 29.000000 to Acc 7
User 0, Acc 7 Balance 77385.000000, Transfer 31.000000 to Acc 6
User 0, Acc 7 Balance 77354.000000, Transfer 37.000000 to Acc 5
User 0, Acc 7 Balance 77317.000000, Transfer 3.000000 to Acc 4
User 0, Acc 7 Balance 77314.000000, Transfer 5.000000 to Acc 4
User 0, Acc 6 Balance 14811.000000, Transfer 67.000000 to Acc 5
User 0, Acc 4 Balance 5136.000000, Transfer 53.000000 to Acc 5
User 0, Acc 1 Balance 4174.000000, Transfer 89.000000 to Acc 8
User 1, Acc 4 Balance 5340.000000, Deposit 937.000000 
User 1, Acc 5 Balance 12086.000000, Deposit 941.000000 
User 1, Acc 6 Balance 14744.000000, Deposit 953.000000 
User 1, Acc 7 Balance 77309.000000, Deposit 967.000000 
User 1, Acc 1 Balance 4085.000000, Transfer 19.000000 to Acc 7
User 1, Acc 2 Balance 5523.000000, Transfer 23.000000 to Acc 7
User 0, Acc 1 Balance 4085.000000, Transfer 163.000000 to Acc 9
User 0, Acc 1 Balance 3903.000000, Withdraw 41.000000 
User 0, Acc 2 Balance 5500.000000, Withdraw 71.000000 
User 0, Acc 3 Balance 4931.000000, Withdraw 127.000000 
User 0, Acc 4 Balance 6020.000000, Withdraw 167.000000 
User 0, Acc 5 Balance 13027.000000, Withdraw 307.000000 
User 0, Acc 6 Balance 15697.000000, Withdraw 647.000000 
User 0, Acc 7 Balance 78318.000000, Withdraw 593.000000 
User 0, Acc 8 Balance 9703.000000, Withdraw 449.000000 
User 0, Acc 9 Balance 45020.000000, Withdraw 163.000000 
User 1, Acc 3 Balance 4931.000000, Transfer 29.000000 to Acc 7
User 1, Acc 7 Balance 77754.000000, Transfer 31.000000 to Acc 6
User 1, Acc 7 Balance 77723.000000, Transfer 37.000000 to Acc 5
User 1, Acc 7 Balance 77686.000000, Transfer 3.000000 to Acc 4
User 1, Acc 7 Balance 77683.000000, Transfer 5.000000 to Acc 4
User 1, Acc 6 Balance 15081.000000, Transfer 67.000000 to Acc 5
User 1, Acc 4 Balance 5861.000000, Transfer 53.000000 to Acc 5
User 1, Acc 1 Balance 3862.000000, Transfer 89.000000 to Acc 8
User 1, Acc 1 Balance 3773.000000, Transfer 163.000000 to Acc 9
User 1, Acc 1 Balance 3610.000000, Withdraw 41.000000 
User 1, Acc 2 Balance 5429.000000, Withdraw 71.000000 
User 1, Acc 3 Balance 4775.000000, Withdraw 127.000000 
User 1, Acc 4 Balance 5808.000000, Withdraw 167.000000 
User 1, Acc 5 Balance 12877.000000, Withdraw 307.000000 
User 1, Acc 6 Balance 15014.000000, Withdraw 647.000000 
User 1, Acc 7 Balance 77678.000000, Withdraw 593.000000 
User 1, Acc 8 Balance 9343.000000, Withdraw 449.000000 
User 1, Acc 9 Balance 45020.000000, Withdraw 163.000000 
  ***     End of transaction batch    ***  
Account 0 balance after completion of transaction batch: 7369.000000
Account 1 balance after completion of transaction batch: 3569.000000
Account 2 balance after completion of transaction batch: 5358.000000
Account 3 balance after completion of transaction batch: 4648.000000
Account 4 balance after completion of transaction batch: 5641.000000
Account 5 balance after completion of transaction batch: 12570.000000
Account 6 balance after completion of transaction batch: 14367.000000
Account 7 balance after completion of transaction batch: 77085.000000
Account 8 balance after completion of transaction batch: 8894.000000
Account 9 balance after completion of transaction batch: 44857.000000
