# Output generated by:
# ./my_executable 7 data/transactions11.txt data/transactions6.txt data/transactions9.txt data/transactions8.txt data/transactions2.txt data/transactions4.txt data/transactions10.txt

********************************************
   Reading and parsing a transaction file   
********************************************
Parsed transaction: deposit 9 617.000000 
Loaded deposit transaction
Parsed transaction: transfer 9 9 617.000000 
Loaded transfer transaction
Parsed transaction: deposit 8 619.000000 
Loaded deposit transaction
Parsed transaction: transfer 8 2 619.000000 
Loaded transfer transaction
Parsed transaction: deposit 7 631.000000 
Loaded deposit transaction
Parsed transaction: transfer 7 3 631.000000 
Loaded transfer transaction
Parsed transaction: deposit 6 641.000000 
Loaded deposit transaction
Parsed transaction: transfer 6 4 641.000000 
Loaded transfer transaction
Parsed transaction: deposit 5 643.000000 
Loaded deposit transaction
Parsed transaction: transfer 5 6 1200.000000 
Loaded transfer transaction
Parsed transaction: deposit 4 647.000000 
Loaded deposit transaction
Parsed transaction: transfer 4 7 1200.000000 
Loaded transfer transaction
Parsed transaction: deposit 3 653.000000 
Loaded deposit transaction
Parsed transaction: transfer 3 8 1200.000000 
Loaded transfer transaction
Parsed transaction: deposit 2 659.000000 
Loaded deposit transaction
Parsed transaction: transfer 2 9 1200.000000 
Loaded transfer transaction
Parsed transaction: deposit 1 661.000000 
Loaded deposit transaction
Parsed transaction: transfer 1 9 1200.000000 
Loaded transfer transaction
Parsed transaction: deposit 0 673.000000 
Loaded deposit transaction
Parsed transaction: transfer 0 9 1200.000000 
Loaded transfer transaction
Parsed transaction: withdraw 1 50.000000 
Loaded withdrawal transaction
Parsed transaction: withdraw 2 50.000000 
Loaded withdrawal transaction
Parsed transaction: withdraw 3 50.000000 
Loaded withdrawal transaction
Parsed transaction: withdraw 4 50.000000 
Loaded withdrawal transaction
Parsed transaction: withdraw 5 50.000000 
Loaded withdrawal transaction
Parsed transaction: withdraw 6 50.000000 
Loaded withdrawal transaction
Parsed transaction: withdraw 7 50.000000 
Loaded withdrawal transaction
Parsed transaction: withdraw 8 50.000000 
Loaded withdrawal transaction
Parsed transaction: withdraw 9 50.000000 
Loaded withdrawal transaction
Parsed transaction: withdraw 0 50.000000 
Loaded withdrawal transaction
********************************************
********************************************
   Reading and parsing a transaction file   
********************************************
Parsed transaction: deposit 0 7.000000 
Loaded deposit transaction
Parsed transaction: deposit 1 11.000000 
Loaded deposit transaction
Parsed transaction: deposit 2 9.000000 
Loaded deposit transaction
Parsed transaction: transfer 3 7 29.000000 
Loaded transfer transaction
Parsed transaction: transfer 7 6 31.000000 
Loaded transfer transaction
Parsed transaction: transfer 7 5 137.000000 
Loaded transfer transaction
Parsed transaction: transfer 7 4 3.000000 
Loaded transfer transaction
Parsed transaction: transfer 7 4 5.000000 
Loaded transfer transaction
Parsed transaction: deposit 3 929.000000 
Loaded deposit transaction
Parsed transaction: deposit 4 937.000000 
Loaded deposit transaction
Parsed transaction: deposit 5 941.000000 
Loaded deposit transaction
Parsed transaction: withdraw 4 1167.000000 
Loaded withdrawal transaction
Parsed transaction: withdraw 5 1307.000000 
Loaded withdrawal transaction
Parsed transaction: transfer 1 8 89.000000 
Loaded transfer transaction
Parsed transaction: transfer 1 9 163.000000 
Loaded transfer transaction
Parsed transaction: withdraw 1 41.000000 
Loaded withdrawal transaction
Parsed transaction: withdraw 2 71.000000 
Loaded withdrawal transaction
Parsed transaction: withdraw 3 1127.000000 
Loaded withdrawal transaction
Parsed transaction: withdraw 6 647.000000 
Loaded withdrawal transaction
Parsed transaction: deposit 6 953.000000 
Loaded deposit transaction
Parsed transaction: deposit 7 967.000000 
Loaded deposit transaction
Parsed transaction: transfer 1 7 19.000000 
Loaded transfer transaction
Parsed transaction: transfer 2 7 23.000000 
Loaded transfer transaction
Parsed transaction: transfer 6 5 1167.000000 
Loaded transfer transaction
Parsed transaction: transfer 4 5 53.000000 
Loaded transfer transaction
Parsed transaction: withdraw 7 1593.000000 
Loaded withdrawal transaction
Parsed transaction: withdraw 8 449.000000 
Loaded withdrawal transaction
Parsed transaction: withdraw 9 163.000000 
Loaded withdrawal transaction
********************************************
********************************************
   Reading and parsing a transaction file   
********************************************
Parsed transaction: deposit 9 617.000000 
Loaded deposit transaction
Parsed transaction: transfer 9 1 617.000000 
Loaded transfer transaction
Parsed transaction: deposit 8 619.000000 
Loaded deposit transaction
Parsed transaction: transfer 8 2 619.000000 
Loaded transfer transaction
Parsed transaction: deposit 7 631.000000 
Loaded deposit transaction
Parsed transaction: transfer 7 3 631.000000 
Loaded transfer transaction
Parsed transaction: deposit 6 641.000000 
Loaded deposit transaction
Parsed transaction: transfer 6 4 641.000000 
Loaded transfer transaction
Parsed transaction: deposit 5 643.000000 
Loaded deposit transaction
Parsed transaction: transfer 5 6 1200.000000 
Loaded transfer transaction
Parsed transaction: deposit 4 647.000000 
Loaded deposit transaction
Parsed transaction: transfer 4 7 1200.000000 
Loaded transfer transaction
Parsed transaction: deposit 3 653.000000 
Loaded deposit transaction
Parsed transaction: transfer 3 8 1200.000000 
Loaded transfer transaction
Parsed transaction: deposit 2 659.000000 
Loaded deposit transaction
Parsed transaction: transfer 2 9 1200.000000 
Loaded transfer transaction
Parsed transaction: deposit 1 661.000000 
Loaded deposit transaction
Parsed transaction: transfer 1 9 1200.000000 
Loaded transfer transaction
Parsed transaction: deposit 0 673.000000 
Loaded deposit transaction
Parsed transaction: transfer 0 9 1200.000000 
Loaded transfer transaction
Parsed transaction: withdraw 1 50.000000 
Loaded withdrawal transaction
Parsed transaction: withdraw 2 50.000000 
Loaded withdrawal transaction
Parsed transaction: withdraw 3 50.000000 
Loaded withdrawal transaction
Parsed transaction: withdraw 4 50.000000 
Loaded withdrawal transaction
Parsed transaction: withdraw 5 50.000000 
Loaded withdrawal transaction
Parsed transaction: withdraw 6 50.000000 
Loaded withdrawal transaction
Parsed transaction: withdraw 7 50.000000 
Loaded withdrawal transaction
Parsed transaction: withdraw 8 50.000000 
Loaded withdrawal transaction
Parsed transaction: withdraw 9 50.000000 
Loaded withdrawal transaction
Parsed transaction: withdraw 0 50.000000 
Loaded withdrawal transaction
********************************************
********************************************
   Reading and parsing a transaction file   
********************************************
Parsed transaction: deposit 9 617.000000 
Loaded deposit transaction
Parsed transaction: transfer 9 1 617.000000 
Loaded transfer transaction
Parsed transaction: deposit 8 619.000000 
Loaded deposit transaction
Parsed transaction: transfer 8 2 619.000000 
Loaded transfer transaction
Parsed transaction: deposit 7 631.000000 
Loaded deposit transaction
Parsed transaction: transfer 7 3 631.000000 
Loaded transfer transaction
Parsed transaction: deposit 6 641.000000 
Loaded deposit transaction
Parsed transaction: transfer 6 4 641.000000 
Loaded transfer transaction
Parsed transaction: deposit 5 643.000000 
Loaded deposit transaction
Parsed transaction: transfer 5 6 1200.000000 
Loaded transfer transaction
Parsed transaction: deposit 4 647.000000 
Loaded deposit transaction
Parsed transaction: transfer 4 7 1200.000000 
Loaded transfer transaction
Parsed transaction: deposit 3 653.000000 
Loaded deposit transaction
Parsed transaction: transfer 3 8 1200.000000 
Loaded transfer transaction
Parsed transaction: deposit 2 659.000000 
Loaded deposit transaction
Parsed transaction: transfer 2 9 1200.000000 
Loaded transfer transaction
Parsed transaction: deposit 1 661.000000 
Loaded deposit transaction
Parsed transaction: transfer 1 9 1200.000000 
Loaded transfer transaction
Parsed transaction: deposit 0 673.000000 
Loaded deposit transaction
Parsed transaction: transfer 0 9 1200.000000 
Loaded transfer transaction
********************************************
********************************************
   Reading and parsing a transaction file   
********************************************
Parsed transaction: deposit 0 400.000000 
Loaded deposit transaction
Parsed transaction: withdraw 0 200.000000 
Loaded withdrawal transaction
Parsed transaction: deposit 0 100.000000 
Loaded deposit transaction
Parsed transaction: withdraw 0 50.000000 
Loaded withdrawal transaction
Parsed transaction: withdraw 0 150.000000 
Loaded withdrawal transaction
Parsed transaction: deposit 0 300.000000 
Loaded deposit transaction
Parsed transaction: transfer 0 1 300.000000 
Loaded transfer transaction
Parsed transaction: balance 1 
Loaded balance transaction
********************************************
********************************************
   Reading and parsing a transaction file   
********************************************
Parsed transaction: deposit 0 907.000000 
Loaded deposit transaction
Parsed transaction: deposit 1 911.000000 
Loaded deposit transaction
Parsed transaction: deposit 2 919.000000 
Loaded deposit transaction
Parsed transaction: deposit 3 929.000000 
Loaded deposit transaction
Parsed transaction: deposit 4 937.000000 
Loaded deposit transaction
Parsed transaction: deposit 5 941.000000 
Loaded deposit transaction
Parsed transaction: deposit 6 953.000000 
Loaded deposit transaction
Parsed transaction: deposit 7 967.000000 
Loaded deposit transaction
Parsed transaction: transfer 1 7 19.000000 
Loaded transfer transaction
Parsed transaction: transfer 2 7 23.000000 
Loaded transfer transaction
Parsed transaction: transfer 3 7 29.000000 
Loaded transfer transaction
Parsed transaction: transfer 7 6 31.000000 
Loaded transfer transaction
Parsed transaction: transfer 7 5 37.000000 
Loaded transfer transaction
Parsed transaction: transfer 7 4 3.000000 
Loaded transfer transaction
Parsed transaction: transfer 7 4 5.000000 
Loaded transfer transaction
Parsed transaction: transfer 6 5 67.000000 
Loaded transfer transaction
Parsed transaction: transfer 4 5 53.000000 
Loaded transfer transaction
Parsed transaction: transfer 1 8 89.000000 
Loaded transfer transaction
Parsed transaction: transfer 1 9 163.000000 
Loaded transfer transaction
Parsed transaction: withdraw 1 41.000000 
Loaded withdrawal transaction
Parsed transaction: withdraw 2 71.000000 
Loaded withdrawal transaction
Parsed transaction: withdraw 3 127.000000 
Loaded withdrawal transaction
Parsed transaction: withdraw 4 167.000000 
Loaded withdrawal transaction
Parsed transaction: withdraw 5 307.000000 
Loaded withdrawal transaction
Parsed transaction: withdraw 6 647.000000 
Loaded withdrawal transaction
Parsed transaction: withdraw 7 593.000000 
Loaded withdrawal transaction
Parsed transaction: withdraw 8 449.000000 
Loaded withdrawal transaction
Parsed transaction: withdraw 9 163.000000 
Loaded withdrawal transaction
********************************************
********************************************
   Reading and parsing a transaction file   
********************************************
Parsed transaction: withdraw 1 500.000000 
Loaded withdrawal transaction
Parsed transaction: withdraw 2 500.000000 
Loaded withdrawal transaction
Parsed transaction: withdraw 3 500.000000 
Loaded withdrawal transaction
Parsed transaction: withdraw 4 500.000000 
Loaded withdrawal transaction
Parsed transaction: withdraw 5 500.000000 
Loaded withdrawal transaction
Parsed transaction: withdraw 6 500.000000 
Loaded withdrawal transaction
Parsed transaction: withdraw 7 500.000000 
Loaded withdrawal transaction
Parsed transaction: withdraw 8 500.000000 
Loaded withdrawal transaction
Parsed transaction: withdraw 9 500.000000 
Loaded withdrawal transaction
Parsed transaction: withdraw 0 500.000000 
Loaded withdrawal transaction
Parsed transaction: withdraw 1 500.000000 
Loaded withdrawal transaction
Parsed transaction: withdraw 2 500.000000 
Loaded withdrawal transaction
Parsed transaction: withdraw 3 500.000000 
Loaded withdrawal transaction
Parsed transaction: withdraw 4 500.000000 
Loaded withdrawal transaction
Parsed transaction: withdraw 5 500.000000 
Loaded withdrawal transaction
Parsed transaction: withdraw 6 500.000000 
Loaded withdrawal transaction
Parsed transaction: withdraw 7 500.000000 
Loaded withdrawal transaction
Parsed transaction: withdraw 8 500.000000 
Loaded withdrawal transaction
Parsed transaction: withdraw 9 500.000000 
Loaded withdrawal transaction
Parsed transaction: withdraw 0 500.000000 
Loaded withdrawal transaction
Parsed transaction: withdraw 1 500.000000 
Loaded withdrawal transaction
Parsed transaction: withdraw 2 500.000000 
Loaded withdrawal transaction
Parsed transaction: withdraw 3 500.000000 
Loaded withdrawal transaction
Parsed transaction: withdraw 4 500.000000 
Loaded withdrawal transaction
Parsed transaction: withdraw 5 500.000000 
Loaded withdrawal transaction
Parsed transaction: withdraw 6 500.000000 
Loaded withdrawal transaction
Parsed transaction: withdraw 7 500.000000 
Loaded withdrawal transaction
Parsed transaction: withdraw 8 500.000000 
Loaded withdrawal transaction
Parsed transaction: withdraw 9 500.000000 
Loaded withdrawal transaction
Parsed transaction: withdraw 0 500.000000 
Loaded withdrawal transaction
********************************************
  ***    Start of transaction batch    ***  
User 0, Acc 9 Balance 0.000000, Deposit 617.000000 
User 0, Acc 9 Balance 617.000000, Transfer 617.000000 to Acc 9
User 0, Acc 8 Balance 0.000000, Deposit 619.000000 
User 0, Acc 8 Balance 619.000000, Transfer 619.000000 to Acc 2
User 0, Acc 7 Balance 0.000000, Deposit 631.000000 
User 0, Acc 7 Balance 631.000000, Transfer 631.000000 to Acc 3
User 0, Acc 6 Balance 0.000000, Deposit 641.000000 
User 0, Acc 6 Balance 641.000000, Transfer 641.000000 to Acc 4
User 0, Acc 5 Balance 0.000000, Deposit 643.000000 
User 0, Acc 4 Balance 641.000000, Deposit 647.000000 
User 0, Acc 4 Balance 1288.000000, Transfer 1200.000000 to Acc 7
User 0, Acc 3 Balance 631.000000, Deposit 653.000000 
User 0, Acc 3 Balance 1284.000000, Transfer 1200.000000 to Acc 8
User 0, Acc 2 Balance 619.000000, Deposit 659.000000 
User 0, Acc 2 Balance 1278.000000, Transfer 1200.000000 to Acc 9
User 0, Acc 1 Balance 0.000000, Deposit 661.000000 
User 0, Acc 0 Balance 0.000000, Deposit 673.000000 
User 0, Acc 1 Balance 661.000000, Withdraw 50.000000 
User 0, Acc 2 Balance 78.000000, Withdraw 50.000000 
User 0, Acc 3 Balance 84.000000, Withdraw 50.000000 
User 0, Acc 4 Balance 88.000000, Withdraw 50.000000 
User 0, Acc 5 Balance 643.000000, Withdraw 50.000000 
[22;32mUser 0, Acc 6 Balance 0.000000, 				Withdraw 50.000000 --insufficient funds[0m
User 0, Acc 7 Balance 1200.000000, Withdraw 50.000000 
User 0, Acc 8 Balance 1200.000000, Withdraw 50.000000 
User 0, Acc 9 Balance 1817.000000, Withdraw 50.000000 
User 0, Acc 0 Balance 673.000000, Withdraw 50.000000 
User 0, Acc 0 Balance 623.000000, Deposit 7.000000 
User 0, Acc 1 Balance 611.000000, Deposit 11.000000 
User 0, Acc 2 Balance 28.000000, Deposit 9.000000 
User 0, Acc 3 Balance 34.000000, Transfer 29.000000 to Acc 7
User 0, Acc 7 Balance 1179.000000, Transfer 31.000000 to Acc 6
User 0, Acc 7 Balance 1148.000000, Transfer 137.000000 to Acc 5
User 0, Acc 7 Balance 1011.000000, Transfer 3.000000 to Acc 4
User 0, Acc 7 Balance 1008.000000, Transfer 5.000000 to Acc 4
User 0, Acc 3 Balance 5.000000, Deposit 929.000000 
User 0, Acc 4 Balance 46.000000, Deposit 937.000000 
User 3, Acc 9 Balance 1767.000000, Deposit 617.000000 
User 3, Acc 9 Balance 2384.000000, Transfer 617.000000 to Acc 1
User 3, Acc 8 Balance 1150.000000, Deposit 619.000000 
User 3, Acc 8 Balance 1769.000000, Transfer 619.000000 to Acc 2
User 3, Acc 7 Balance 1003.000000, Deposit 631.000000 
User 3, Acc 7 Balance 1634.000000, Transfer 631.000000 to Acc 3
User 3, Acc 6 Balance 31.000000, Deposit 641.000000 
User 3, Acc 6 Balance 672.000000, Transfer 641.000000 to Acc 4
User 3, Acc 5 Balance 730.000000, Deposit 643.000000 
User 3, Acc 5 Balance 1373.000000, Transfer 1200.000000 to Acc 6
User 3, Acc 4 Balance 1624.000000, Deposit 647.000000 
User 3, Acc 4 Balance 2271.000000, Transfer 1200.000000 to Acc 7
User 3, Acc 3 Balance 1565.000000, Deposit 653.000000 
User 3, Acc 3 Balance 2218.000000, Transfer 1200.000000 to Acc 8
User 3, Acc 2 Balance 656.000000, Deposit 659.000000 
User 3, Acc 2 Balance 1315.000000, Transfer 1200.000000 to Acc 9
User 3, Acc 1 Balance 1239.000000, Deposit 661.000000 
User 3, Acc 1 Balance 1900.000000, Transfer 1200.000000 to Acc 9
User 3, Acc 0 Balance 630.000000, Deposit 673.000000 
User 3, Acc 0 Balance 1303.000000, Transfer 1200.000000 to Acc 9
User 3, Acc 1 Balance 700.000000, Withdraw 50.000000 
User 3, Acc 2 Balance 115.000000, Withdraw 50.000000 
User 3, Acc 3 Balance 1018.000000, Withdraw 50.000000 
User 3, Acc 4 Balance 1071.000000, Withdraw 50.000000 
User 3, Acc 5 Balance 173.000000, Withdraw 50.000000 
User 3, Acc 6 Balance 1231.000000, Withdraw 50.000000 
User 3, Acc 7 Balance 2203.000000, Withdraw 50.000000 
User 3, Acc 8 Balance 2350.000000, Withdraw 50.000000 
User 3, Acc 9 Balance 5367.000000, Withdraw 50.000000 
User 3, Acc 0 Balance 103.000000, Withdraw 50.000000 
User 3, Acc 9 Balance 5317.000000, Deposit 617.000000 
User 3, Acc 9 Balance 5934.000000, Transfer 617.000000 to Acc 9
User 3, Acc 8 Balance 2300.000000, Deposit 619.000000 
User 3, Acc 8 Balance 2919.000000, Transfer 619.000000 to Acc 2
User 3, Acc 7 Balance 2153.000000, Deposit 631.000000 
User 3, Acc 7 Balance 2784.000000, Transfer 631.000000 to Acc 3
User 3, Acc 6 Balance 1181.000000, Deposit 641.000000 
User 3, Acc 6 Balance 1822.000000, Transfer 641.000000 to Acc 4
User 3, Acc 5 Balance 123.000000, Deposit 643.000000 
User 3, Acc 4 Balance 1662.000000, Deposit 647.000000 
User 3, Acc 4 Balance 2309.000000, Transfer 1200.000000 to Acc 7
User 3, Acc 3 Balance 1599.000000, Deposit 653.000000 
User 3, Acc 3 Balance 2252.000000, Transfer 1200.000000 to Acc 8
User 3, Acc 2 Balance 684.000000, Deposit 659.000000 
User 3, Acc 2 Balance 1343.000000, Transfer 1200.000000 to Acc 9
User 3, Acc 1 Balance 650.000000, Deposit 661.000000 
User 3, Acc 1 Balance 1311.000000, Transfer 1200.000000 to Acc 9
User 3, Acc 0 Balance 53.000000, Deposit 673.000000 
User 3, Acc 1 Balance 111.000000, Withdraw 50.000000 
User 3, Acc 2 Balance 143.000000, Withdraw 50.000000 
User 3, Acc 3 Balance 1052.000000, Withdraw 50.000000 
User 3, Acc 4 Balance 1109.000000, Withdraw 50.000000 
User 3, Acc 5 Balance 766.000000, Withdraw 50.000000 
User 3, Acc 6 Balance 1181.000000, Withdraw 50.000000 
User 3, Acc 7 Balance 3353.000000, Withdraw 50.000000 
User 3, Acc 8 Balance 3500.000000, Withdraw 50.000000 
User 3, Acc 9 Balance 8334.000000, Withdraw 50.000000 
User 3, Acc 0 Balance 726.000000, Withdraw 50.000000 
User 3, Acc 9 Balance 8284.000000, Deposit 617.000000 
User 3, Acc 9 Balance 8901.000000, Transfer 617.000000 to Acc 9
User 3, Acc 8 Balance 3450.000000, Deposit 619.000000 
User 3, Acc 8 Balance 4069.000000, Transfer 619.000000 to Acc 2
User 3, Acc 7 Balance 3303.000000, Deposit 631.000000 
User 3, Acc 7 Balance 3934.000000, Transfer 631.000000 to Acc 3
User 3, Acc 6 Balance 1131.000000, Deposit 641.000000 
User 3, Acc 6 Balance 1772.000000, Transfer 641.000000 to Acc 4
User 3, Acc 5 Balance 716.000000, Deposit 643.000000 
User 3, Acc 5 Balance 1359.000000, Transfer 1200.000000 to Acc 6
User 3, Acc 4 Balance 1700.000000, Deposit 647.000000 
User 3, Acc 4 Balance 2347.000000, Transfer 1200.000000 to Acc 7
User 3, Acc 3 Balance 1633.000000, Deposit 653.000000 
User 3, Acc 3 Balance 2286.000000, Transfer 1200.000000 to Acc 8
User 3, Acc 2 Balance 712.000000, Deposit 659.000000 
User 3, Acc 2 Balance 1371.000000, Transfer 1200.000000 to Acc 9
User 3, Acc 1 Balance 61.000000, Deposit 661.000000 
User 3, Acc 0 Balance 676.000000, Deposit 673.000000 
User 3, Acc 0 Balance 1349.000000, Transfer 1200.000000 to Acc 9
User 3, Acc 1 Balance 722.000000, Withdraw 50.000000 
User 3, Acc 2 Balance 171.000000, Withdraw 50.000000 
User 3, Acc 3 Balance 1086.000000, Withdraw 50.000000 
User 3, Acc 4 Balance 1147.000000, Withdraw 50.000000 
User 3, Acc 5 Balance 159.000000, Withdraw 50.000000 
User 3, Acc 6 Balance 2331.000000, Withdraw 50.000000 
User 3, Acc 7 Balance 4503.000000, Withdraw 50.000000 
User 3, Acc 8 Balance 4650.000000, Withdraw 50.000000 
User 3, Acc 9 Balance 11301.000000, Withdraw 50.000000 
User 3, Acc 0 Balance 149.000000, Withdraw 50.000000 
User 3, Acc 9 Balance 11251.000000, Deposit 617.000000 
User 3, Acc 9 Balance 11868.000000, Transfer 617.000000 to Acc 9
User 3, Acc 8 Balance 4600.000000, Deposit 619.000000 
User 3, Acc 8 Balance 5219.000000, Transfer 619.000000 to Acc 2
User 3, Acc 7 Balance 4453.000000, Deposit 631.000000 
User 3, Acc 7 Balance 5084.000000, Transfer 631.000000 to Acc 3
User 3, Acc 6 Balance 2281.000000, Deposit 641.000000 
User 3, Acc 6 Balance 2922.000000, Transfer 641.000000 to Acc 4
User 5, Acc 0 Balance 630.000000, Deposit 907.000000 
User 5, Acc 1 Balance 672.000000, Deposit 911.000000 
User 5, Acc 2 Balance 740.000000, Deposit 919.000000 
User 5, Acc 3 Balance 1667.000000, Deposit 929.000000 
User 5, Acc 4 Balance 1738.000000, Deposit 937.000000 
User 5, Acc 5 Balance 109.000000, Deposit 941.000000 
User 5, Acc 6 Balance 2281.000000, Deposit 953.000000 
User 5, Acc 7 Balance 4453.000000, Deposit 967.000000 
User 5, Acc 1 Balance 1583.000000, Transfer 19.000000 to Acc 7
User 5, Acc 2 Balance 1659.000000, Transfer 23.000000 to Acc 7
User 5, Acc 3 Balance 2596.000000, Transfer 29.000000 to Acc 7
User 5, Acc 7 Balance 5491.000000, Transfer 31.000000 to Acc 6
User 5, Acc 7 Balance 5460.000000, Transfer 37.000000 to Acc 5
User 5, Acc 7 Balance 5423.000000, Transfer 3.000000 to Acc 4
User 5, Acc 7 Balance 5420.000000, Transfer 5.000000 to Acc 4
User 5, Acc 6 Balance 3265.000000, Transfer 67.000000 to Acc 5
User 5, Acc 4 Balance 2683.000000, Transfer 53.000000 to Acc 5
User 5, Acc 1 Balance 1564.000000, Transfer 89.000000 to Acc 8
User 5, Acc 1 Balance 1475.000000, Transfer 163.000000 to Acc 9
User 5, Acc 1 Balance 1312.000000, Withdraw 41.000000 
User 5, Acc 2 Balance 1636.000000, Withdraw 71.000000 
User 5, Acc 3 Balance 2567.000000, Withdraw 127.000000 
User 5, Acc 4 Balance 2630.000000, Withdraw 167.000000 
User 3, Acc 5 Balance 109.000000, Deposit 643.000000 
User 1, Acc 1 Balance 622.000000, Withdraw 500.000000 
User 1, Acc 2 Balance 1565.000000, Withdraw 500.000000 
User 1, Acc 3 Balance 2440.000000, Withdraw 500.000000 
User 1, Acc 4 Balance 2463.000000, Withdraw 500.000000 
User 1, Acc 5 Balance 1850.000000, Withdraw 500.000000 
User 1, Acc 6 Balance 3198.000000, Withdraw 500.000000 
User 1, Acc 7 Balance 5415.000000, Withdraw 500.000000 
User 1, Acc 8 Balance 4689.000000, Withdraw 500.000000 
User 5, Acc 5 Balance 1207.000000, Withdraw 307.000000 
User 5, Acc 6 Balance 2698.000000, Withdraw 647.000000 
User 5, Acc 7 Balance 4915.000000, Withdraw 593.000000 
User 5, Acc 8 Balance 4189.000000, Withdraw 449.000000 
User 5, Acc 9 Balance 12031.000000, Withdraw 163.000000 
User 2, Acc 9 Balance 1767.000000, Deposit 617.000000 
User 3, Acc 5 Balance 1850.000000, Transfer 1200.000000 to Acc 6
User 6, Acc 0 Balance 630.000000, Deposit 400.000000 
User 1, Acc 9 Balance 12031.000000, Withdraw 500.000000 
User 6, Acc 0 Balance 1406.000000, Withdraw 200.000000 
User 4, Acc 9 Balance 1767.000000, Deposit 617.000000 
User 5, Acc 9 Balance 11868.000000, Deposit 617.000000 
User 4, Acc 9 Balance 12602.000000, Transfer 617.000000 to Acc 9
User 3, Acc 4 Balance 1963.000000, Deposit 647.000000 
User 4, Acc 8 Balance 3740.000000, Deposit 619.000000 
User 3, Acc 4 Balance 2610.000000, Transfer 1200.000000 to Acc 7
User 6, Acc 0 Balance 1206.000000, Deposit 100.000000 
User 3, Acc 3 Balance 1940.000000, Deposit 653.000000 
User 6, Acc 0 Balance 1306.000000, Withdraw 50.000000 
User 1, Acc 0 Balance 1406.000000, Withdraw 500.000000 
User 6, Acc 0 Balance 1256.000000, Withdraw 150.000000 
User 1, Acc 1 Balance 771.000000, Withdraw 500.000000 
User 6, Acc 0 Balance 606.000000, Deposit 300.000000 
User 5, Acc 9 Balance 13219.000000, Transfer 617.000000 to Acc 9
User 5, Acc 8 Balance 4359.000000, Deposit 619.000000 
User 4, Acc 8 Balance 4359.000000, Transfer 619.000000 to Acc 2
User 0, Acc 5 Balance 730.000000, Deposit 941.000000 
User 1, Acc 2 Balance 1065.000000, Withdraw 500.000000 
User 0, Acc 4 Balance 1410.000000, Withdraw 1167.000000 
User 1, Acc 3 Balance 2593.000000, Withdraw 500.000000 
User 2, Acc 9 Balance 12485.000000, Transfer 617.000000 to Acc 1
User 5, Acc 8 Balance 4978.000000, Transfer 619.000000 to Acc 2
User 4, Acc 7 Balance 5522.000000, Deposit 631.000000 
User 5, Acc 7 Balance 5522.000000, Deposit 631.000000 
User 5, Acc 7 Balance 6153.000000, Transfer 631.000000 to Acc 3
[22;32mUser 0, Acc 5 Balance 784.000000, 				Withdraw 1307.000000 --insufficient funds[0m
[22;32mUser 1, Acc 4 Balance 243.000000, 				Withdraw 500.000000 --insufficient funds[0m
User 3, Acc 3 Balance 2593.000000, Transfer 1200.000000 to Acc 8
User 1, Acc 5 Balance 784.000000, Withdraw 500.000000 
User 1, Acc 6 Balance 3251.000000, Withdraw 500.000000 
User 6, Acc 0 Balance 906.000000, Transfer 300.000000 to Acc 1
User 4, Acc 7 Balance 6784.000000, Transfer 631.000000 to Acc 3
Balance in 1: 1188.000000
User 6, Acc 0 Balance 606.000000, Deposit 7.000000 
User 0, Acc 1 Balance 888.000000, Transfer 89.000000 to Acc 8
User 3, Acc 2 Balance 1803.000000, Deposit 659.000000 
User 0, Acc 1 Balance 1099.000000, Transfer 163.000000 to Acc 9
User 2, Acc 8 Balance 4359.000000, Deposit 619.000000 
User 5, Acc 6 Balance 3251.000000, Deposit 641.000000 
User 4, Acc 6 Balance 2751.000000, Deposit 641.000000 
User 5, Acc 6 Balance 3392.000000, Transfer 641.000000 to Acc 4
User 5, Acc 5 Balance 284.000000, Deposit 643.000000 
User 4, Acc 6 Balance 3392.000000, Transfer 641.000000 to Acc 4
User 5, Acc 4 Balance 884.000000, Deposit 647.000000 
User 1, Acc 7 Balance 6153.000000, Withdraw 500.000000 
User 5, Acc 4 Balance 2172.000000, Transfer 1200.000000 to Acc 7
User 1, Acc 8 Balance 5648.000000, Withdraw 500.000000 
User 1, Acc 9 Balance 12765.000000, Withdraw 500.000000 
User 4, Acc 5 Balance 927.000000, Deposit 643.000000 
User 1, Acc 0 Balance 613.000000, Withdraw 500.000000 
User 0, Acc 1 Balance 936.000000, Withdraw 41.000000 
User 2, Acc 8 Balance 5648.000000, Transfer 619.000000 to Acc 2
User 0, Acc 2 Balance 2462.000000, Withdraw 71.000000 
User 0, Acc 3 Balance 2155.000000, Withdraw 1127.000000 
User 6, Acc 1 Balance 1188.000000, Deposit 11.000000 
User 4, Acc 5 Balance 1570.000000, Transfer 1200.000000 to Acc 6
User 1, Acc 1 Balance 936.000000, Withdraw 500.000000 
User 4, Acc 4 Balance 972.000000, Deposit 647.000000 
User 2, Acc 7 Balance 6222.000000, Deposit 631.000000 
User 3, Acc 2 Balance 2462.000000, Transfer 1200.000000 to Acc 9
User 6, Acc 2 Balance 3010.000000, Deposit 9.000000 
User 1, Acc 2 Balance 3010.000000, Withdraw 500.000000 
User 6, Acc 3 Balance 1028.000000, Transfer 29.000000 to Acc 7
User 1, Acc 3 Balance 1028.000000, Withdraw 500.000000 
User 0, Acc 6 Balance 2751.000000, Withdraw 647.000000 
User 1, Acc 4 Balance 1619.000000, Withdraw 500.000000 
User 0, Acc 6 Balance 3304.000000, Deposit 953.000000 
User 0, Acc 7 Balance 6882.000000, Deposit 967.000000 
User 4, Acc 4 Balance 1619.000000, Transfer 1200.000000 to Acc 7
User 6, Acc 7 Balance 6882.000000, Transfer 31.000000 to Acc 6
User 4, Acc 3 Balance 499.000000, Deposit 653.000000 
User 6, Acc 7 Balance 9018.000000, Transfer 137.000000 to Acc 5
User 4, Acc 2 Balance 1319.000000, Deposit 659.000000 
User 4, Acc 2 Balance 1978.000000, Transfer 1200.000000 to Acc 9
User 6, Acc 7 Balance 8881.000000, Transfer 3.000000 to Acc 4
User 4, Acc 1 Balance 406.000000, Deposit 661.000000 
User 5, Acc 3 Balance 2155.000000, Deposit 653.000000 
User 4, Acc 0 Balance 113.000000, Deposit 673.000000 
User 5, Acc 3 Balance 1805.000000, Transfer 1200.000000 to Acc 8
User 3, Acc 1 Balance 406.000000, Deposit 661.000000 
[22;32mUser 1, Acc 5 Balance 370.000000, 				Withdraw 500.000000 --insufficient funds[0m
User 3, Acc 1 Balance 1728.000000, Transfer 1200.000000 to Acc 9
User 1, Acc 6 Balance 4288.000000, Withdraw 500.000000 
User 1, Acc 7 Balance 8878.000000, Withdraw 500.000000 
User 5, Acc 2 Balance 778.000000, Deposit 659.000000 
User 1, Acc 8 Balance 5729.000000, Withdraw 500.000000 
User 5, Acc 2 Balance 1437.000000, Transfer 1200.000000 to Acc 9
User 0, Acc 1 Balance 406.000000, Transfer 19.000000 to Acc 7
User 5, Acc 1 Balance 528.000000, Deposit 661.000000 
User 0, Acc 2 Balance 237.000000, Transfer 23.000000 to Acc 7
User 2, Acc 7 Balance 6853.000000, Transfer 631.000000 to Acc 3
User 4, Acc 1 Balance 1067.000000, Withdraw 50.000000 
User 4, Acc 2 Balance 214.000000, Withdraw 50.000000 
User 6, Acc 7 Balance 8878.000000, Transfer 5.000000 to Acc 4
User 4, Acc 3 Balance 1236.000000, Withdraw 50.000000 
User 5, Acc 0 Balance 786.000000, Deposit 673.000000 
[22;32mUser 4, Acc 4 Balance -73.000000, 				Withdraw 50.000000 --insufficient funds[0m
User 1, Acc 9 Balance 15865.000000, Withdraw 500.000000 
User 1, Acc 0 Balance 1459.000000, Withdraw 500.000000 
User 6, Acc 3 Balance 1236.000000, Deposit 929.000000 
User 6, Acc 4 Balance -73.000000, Deposit 937.000000 
User 6, Acc 5 Balance 507.000000, Deposit 941.000000 
[22;32mUser 6, Acc 4 Balance 864.000000, 				Withdraw 1167.000000 --insufficient funds[0m
User 6, Acc 5 Balance 1448.000000, Withdraw 1307.000000 
User 6, Acc 1 Balance 1120.000000, Transfer 89.000000 to Acc 8
User 2, Acc 6 Balance 3788.000000, Deposit 641.000000 
User 6, Acc 1 Balance 1031.000000, Transfer 163.000000 to Acc 9
User 2, Acc 6 Balance 4429.000000, Transfer 641.000000 to Acc 4
User 6, Acc 1 Balance 868.000000, Withdraw 41.000000 
User 0, Acc 6 Balance 3788.000000, Transfer 1167.000000 to Acc 5
User 6, Acc 2 Balance 164.000000, Withdraw 71.000000 
User 6, Acc 3 Balance 2115.000000, Withdraw 1127.000000 
User 1, Acc 0 Balance 959.000000, Deposit 7.000000 
User 6, Acc 6 Balance 2621.000000, Withdraw 647.000000 
User 3, Acc 0 Balance 786.000000, Deposit 673.000000 
User 3, Acc 0 Balance 1639.000000, Transfer 1200.000000 to Acc 9
User 3, Acc 1 Balance 827.000000, Withdraw 50.000000 
User 3, Acc 2 Balance 93.000000, Withdraw 50.000000 
User 3, Acc 3 Balance 988.000000, Withdraw 50.000000 
User 3, Acc 4 Balance 1505.000000, Withdraw 50.000000 
User 3, Acc 5 Balance 1308.000000, Withdraw 50.000000 
User 3, Acc 6 Balance 1974.000000, Withdraw 50.000000 
User 3, Acc 7 Balance 7784.000000, Withdraw 50.000000 
User 3, Acc 8 Balance 5318.000000, Withdraw 50.000000 
User 3, Acc 9 Balance 17928.000000, Withdraw 50.000000 
User 3, Acc 0 Balance 439.000000, Withdraw 50.000000 
User 3, Acc 0 Balance 389.000000, Deposit 7.000000 
User 3, Acc 1 Balance 777.000000, Deposit 11.000000 
User 3, Acc 2 Balance 43.000000, Deposit 9.000000 
User 3, Acc 3 Balance 938.000000, Transfer 29.000000 to Acc 7
User 3, Acc 7 Balance 7763.000000, Transfer 31.000000 to Acc 6
User 3, Acc 7 Balance 7732.000000, Transfer 137.000000 to Acc 5
User 3, Acc 7 Balance 7595.000000, Transfer 3.000000 to Acc 4
User 3, Acc 7 Balance 7592.000000, Transfer 5.000000 to Acc 4
User 3, Acc 3 Balance 909.000000, Deposit 929.000000 
User 3, Acc 4 Balance 1463.000000, Deposit 937.000000 
User 3, Acc 5 Balance 1395.000000, Deposit 941.000000 
User 3, Acc 4 Balance 2400.000000, Withdraw 1167.000000 
User 3, Acc 5 Balance 2336.000000, Withdraw 1307.000000 
User 3, Acc 1 Balance 788.000000, Transfer 89.000000 to Acc 8
User 3, Acc 1 Balance 699.000000, Transfer 163.000000 to Acc 9
User 3, Acc 1 Balance 536.000000, Withdraw 41.000000 
[22;32mUser 3, Acc 2 Balance 52.000000, 				Withdraw 71.000000 --insufficient funds[0m
User 3, Acc 3 Balance 1838.000000, Withdraw 1127.000000 
User 3, Acc 6 Balance 1955.000000, Withdraw 647.000000 
User 3, Acc 6 Balance 1308.000000, Deposit 953.000000 
User 3, Acc 7 Balance 7587.000000, Deposit 967.000000 
User 3, Acc 1 Balance 495.000000, Transfer 19.000000 to Acc 7
User 3, Acc 2 Balance 52.000000, Transfer 23.000000 to Acc 7
User 3, Acc 6 Balance 2261.000000, Transfer 1167.000000 to Acc 5
User 3, Acc 4 Balance 1233.000000, Transfer 53.000000 to Acc 5
User 3, Acc 7 Balance 8596.000000, Withdraw 1593.000000 
User 3, Acc 8 Balance 5357.000000, Withdraw 449.000000 
User 3, Acc 9 Balance 18041.000000, Withdraw 163.000000 
User 1, Acc 1 Balance 827.000000, Deposit 11.000000 
User 5, Acc 0 Balance 1459.000000, Transfer 1200.000000 to Acc 9
User 6, Acc 6 Balance 1974.000000, Deposit 953.000000 
User 5, Acc 1 Balance 487.000000, Withdraw 50.000000 
User 4, Acc 5 Balance 507.000000, Withdraw 50.000000 
User 2, Acc 5 Balance 141.000000, Deposit 643.000000 
User 4, Acc 6 Balance 2047.000000, Withdraw 50.000000 
User 4, Acc 7 Balance 7003.000000, Withdraw 50.000000 
User 1, Acc 2 Balance 29.000000, Deposit 9.000000 
User 4, Acc 8 Balance 4908.000000, Withdraw 50.000000 
User 6, Acc 7 Balance 7003.000000, Deposit 967.000000 
User 4, Acc 9 Balance 19078.000000, Withdraw 50.000000 
User 2, Acc 5 Balance 2842.000000, Transfer 1200.000000 to Acc 6
[22;32mUser 4, Acc 0 Balance -804.000000, 				Withdraw 50.000000 --insufficient funds[0m
User 2, Acc 4 Balance 1180.000000, Deposit 647.000000 
User 2, Acc 4 Balance 1827.000000, Transfer 1200.000000 to Acc 7
User 4, Acc 9 Balance 19028.000000, Deposit 617.000000 
User 2, Acc 3 Balance 711.000000, Deposit 653.000000 
User 4, Acc 9 Balance 19645.000000, Transfer 617.000000 to Acc 1
User 2, Acc 3 Balance 1364.000000, Transfer 1200.000000 to Acc 8
User 0, Acc 4 Balance 1505.000000, Transfer 53.000000 to Acc 5
User 6, Acc 1 Balance 437.000000, Transfer 19.000000 to Acc 7
User 0, Acc 7 Balance 9120.000000, Withdraw 1593.000000 
User 6, Acc 2 Balance 38.000000, Transfer 23.000000 to Acc 7
User 1, Acc 3 Balance 711.000000, Transfer 29.000000 to Acc 7
User 4, Acc 8 Balance 4858.000000, Deposit 619.000000 
[22;32mUser 5, Acc 2 Balance 29.000000, 				Withdraw 50.000000 --insufficient funds[0m
User 0, Acc 8 Balance 6058.000000, Withdraw 449.000000 
User 6, Acc 6 Balance 3197.000000, Transfer 1167.000000 to Acc 5
User 2, Acc 2 Balance 38.000000, Deposit 659.000000 
User 6, Acc 4 Balance 574.000000, Transfer 53.000000 to Acc 5
User 2, Acc 1 Balance 1035.000000, Deposit 661.000000 
User 6, Acc 7 Balance 7598.000000, Withdraw 1593.000000 
User 2, Acc 1 Balance 1696.000000, Transfer 1200.000000 to Acc 9
User 6, Acc 8 Balance 6228.000000, Withdraw 449.000000 
User 2, Acc 0 Balance -804.000000, Deposit 673.000000 
User 6, Acc 9 Balance 20228.000000, Withdraw 163.000000 
User 2, Acc 0 Balance -131.000000, Deposit 7.000000 
User 6, Acc 0 Balance -131.000000, Deposit 7.000000 
User 2, Acc 1 Balance 496.000000, Deposit 11.000000 
User 6, Acc 1 Balance 496.000000, Deposit 11.000000 
User 2, Acc 2 Balance 674.000000, Deposit 9.000000 
User 4, Acc 8 Balance 6677.000000, Transfer 619.000000 to Acc 2
User 5, Acc 3 Balance 135.000000, Withdraw 50.000000 
User 4, Acc 7 Balance 6005.000000, Deposit 631.000000 
User 4, Acc 7 Balance 6636.000000, Transfer 631.000000 to Acc 3
User 1, Acc 7 Balance 7598.000000, Transfer 31.000000 to Acc 6
User 4, Acc 6 Balance 2030.000000, Deposit 641.000000 
User 1, Acc 7 Balance 5974.000000, Transfer 137.000000 to Acc 5
User 6, Acc 2 Balance 683.000000, Deposit 9.000000 
User 5, Acc 4 Balance 521.000000, Withdraw 50.000000 
User 2, Acc 3 Balance 135.000000, Transfer 29.000000 to Acc 7
User 4, Acc 6 Balance 2702.000000, Transfer 641.000000 to Acc 4
User 2, Acc 7 Balance 5866.000000, Transfer 31.000000 to Acc 6
User 0, Acc 9 Balance 19028.000000, Withdraw 163.000000 
User 6, Acc 3 Balance 716.000000, Transfer 29.000000 to Acc 7
User 0, Acc 9 Balance 19902.000000, Deposit 617.000000 
User 6, Acc 7 Balance 5864.000000, Transfer 31.000000 to Acc 6
User 6, Acc 7 Balance 5833.000000, Transfer 137.000000 to Acc 5
User 0, Acc 9 Balance 20519.000000, Transfer 617.000000 to Acc 1
User 6, Acc 7 Balance 5696.000000, Transfer 3.000000 to Acc 4
User 0, Acc 8 Balance 5160.000000, Deposit 619.000000 
User 5, Acc 5 Balance 3052.000000, Withdraw 50.000000 
User 0, Acc 8 Balance 5779.000000, Transfer 619.000000 to Acc 2
User 2, Acc 7 Balance 5835.000000, Transfer 137.000000 to Acc 5
User 0, Acc 7 Balance 5693.000000, Deposit 631.000000 
User 2, Acc 7 Balance 5556.000000, Transfer 3.000000 to Acc 4
User 4, Acc 5 Balance 3052.000000, Deposit 643.000000 
User 3, Acc 9 Balance 17878.000000, Deposit 617.000000 
User 3, Acc 9 Balance 20519.000000, Transfer 617.000000 to Acc 9
User 3, Acc 8 Balance 5160.000000, Deposit 619.000000 
User 3, Acc 8 Balance 5779.000000, Transfer 619.000000 to Acc 2
User 3, Acc 7 Balance 6184.000000, Deposit 631.000000 
User 3, Acc 7 Balance 6815.000000, Transfer 631.000000 to Acc 3
User 3, Acc 6 Balance 2123.000000, Deposit 641.000000 
User 3, Acc 6 Balance 2764.000000, Transfer 641.000000 to Acc 4
User 3, Acc 5 Balance 3919.000000, Deposit 643.000000 
User 3, Acc 5 Balance 4562.000000, Transfer 1200.000000 to Acc 6
User 3, Acc 4 Balance 1759.000000, Deposit 647.000000 
User 3, Acc 4 Balance 2406.000000, Transfer 1200.000000 to Acc 7
User 3, Acc 3 Balance 1289.000000, Deposit 653.000000 
User 3, Acc 3 Balance 1942.000000, Transfer 1200.000000 to Acc 8
User 3, Acc 2 Balance 2549.000000, Deposit 659.000000 
User 3, Acc 2 Balance 3208.000000, Transfer 1200.000000 to Acc 9
User 3, Acc 1 Balance 1135.000000, Deposit 661.000000 
User 3, Acc 1 Balance 1796.000000, Transfer 1200.000000 to Acc 9
User 3, Acc 0 Balance -117.000000, Deposit 673.000000 
User 5, Acc 6 Balance 2123.000000, Withdraw 50.000000 
User 5, Acc 7 Balance 7384.000000, Withdraw 50.000000 
User 5, Acc 8 Balance 6360.000000, Withdraw 50.000000 
User 5, Acc 9 Balance 22919.000000, Withdraw 50.000000 
User 1, Acc 7 Balance 5837.000000, Transfer 3.000000 to Acc 4
User 1, Acc 7 Balance 7331.000000, Transfer 5.000000 to Acc 4
User 6, Acc 7 Balance 5693.000000, Transfer 5.000000 to Acc 4
User 1, Acc 3 Balance 742.000000, Deposit 929.000000 
User 6, Acc 3 Balance 742.000000, Deposit 929.000000 
User 3, Acc 1 Balance 596.000000, Withdraw 50.000000 
User 4, Acc 5 Balance 3919.000000, Transfer 1200.000000 to Acc 6
User 3, Acc 2 Balance 2008.000000, Withdraw 50.000000 
User 4, Acc 4 Balance 1219.000000, Deposit 647.000000 
User 2, Acc 7 Balance 6184.000000, Transfer 5.000000 to Acc 4
User 4, Acc 4 Balance 1866.000000, Transfer 1200.000000 to Acc 7
User 6, Acc 4 Balance 1219.000000, Deposit 937.000000 
User 5, Acc 0 Balance 556.000000, Withdraw 50.000000 
User 6, Acc 5 Balance 2162.000000, Deposit 941.000000 
User 6, Acc 4 Balance 1608.000000, Withdraw 1167.000000 
User 5, Acc 9 Balance 22869.000000, Deposit 617.000000 
User 6, Acc 5 Balance 3103.000000, Withdraw 1307.000000 
User 1, Acc 4 Balance 1219.000000, Deposit 937.000000 
User 2, Acc 3 Balance 2600.000000, Deposit 929.000000 
User 1, Acc 5 Balance 1796.000000, Deposit 941.000000 
User 2, Acc 4 Balance 1378.000000, Deposit 937.000000 
User 0, Acc 7 Balance 6187.000000, Transfer 631.000000 to Acc 3
User 6, Acc 1 Balance 546.000000, Transfer 89.000000 to Acc 8
User 4, Acc 3 Balance 2600.000000, Deposit 653.000000 
User 6, Acc 1 Balance 457.000000, Transfer 163.000000 to Acc 9
User 4, Acc 3 Balance 4813.000000, Transfer 1200.000000 to Acc 8
User 6, Acc 1 Balance 294.000000, Withdraw 41.000000 
User 5, Acc 9 Balance 23486.000000, Transfer 617.000000 to Acc 1
User 2, Acc 5 Balance 2737.000000, Deposit 941.000000 
User 5, Acc 8 Balance 7599.000000, Deposit 619.000000 
User 5, Acc 8 Balance 8218.000000, Transfer 619.000000 to Acc 2
User 5, Acc 7 Balance 7885.000000, Deposit 631.000000 
User 5, Acc 7 Balance 8516.000000, Transfer 631.000000 to Acc 3
User 5, Acc 6 Balance 4473.000000, Deposit 641.000000 
User 1, Acc 4 Balance 1378.000000, Withdraw 1167.000000 
User 1, Acc 5 Balance 3678.000000, Withdraw 1307.000000 
User 6, Acc 2 Balance 1958.000000, Withdraw 71.000000 
User 0, Acc 6 Balance 4473.000000, Deposit 641.000000 
User 2, Acc 4 Balance 2315.000000, Withdraw 1167.000000 
User 4, Acc 2 Balance 1958.000000, Deposit 659.000000 
User 3, Acc 3 Balance 2600.000000, Withdraw 50.000000 
User 1, Acc 1 Balance 870.000000, Transfer 89.000000 to Acc 8
[22;32mUser 3, Acc 4 Balance -19.000000, 				Withdraw 50.000000 --insufficient funds[0m
User 6, Acc 3 Balance 4244.000000, Withdraw 1127.000000 
User 0, Acc 6 Balance 5755.000000, Transfer 641.000000 to Acc 4
User 6, Acc 6 Balance 5755.000000, Withdraw 647.000000 
User 0, Acc 5 Balance 2371.000000, Deposit 643.000000 
User 0, Acc 5 Balance 3014.000000, Transfer 1200.000000 to Acc 6
User 0, Acc 4 Balance 622.000000, Deposit 647.000000 
User 0, Acc 4 Balance 1269.000000, Transfer 1200.000000 to Acc 7
User 0, Acc 3 Balance 3067.000000, Deposit 653.000000 
User 0, Acc 3 Balance 3720.000000, Transfer 1200.000000 to Acc 8
User 0, Acc 2 Balance 3165.000000, Deposit 659.000000 
User 0, Acc 2 Balance 3824.000000, Transfer 1200.000000 to Acc 9
User 0, Acc 1 Balance 781.000000, Deposit 661.000000 
User 0, Acc 1 Balance 1442.000000, Transfer 1200.000000 to Acc 9
User 0, Acc 0 Balance 506.000000, Deposit 673.000000 
User 0, Acc 1 Balance 242.000000, Withdraw 50.000000 
User 0, Acc 2 Balance 2624.000000, Withdraw 50.000000 
User 0, Acc 3 Balance 2520.000000, Withdraw 50.000000 
User 0, Acc 4 Balance 69.000000, Withdraw 50.000000 
User 0, Acc 5 Balance 1814.000000, Withdraw 50.000000 
User 0, Acc 6 Balance 5667.000000, Withdraw 50.000000 
User 0, Acc 7 Balance 9085.000000, Withdraw 50.000000 
User 0, Acc 8 Balance 8888.000000, Withdraw 50.000000 
User 0, Acc 9 Balance 25432.000000, Withdraw 50.000000 
User 0, Acc 0 Balance 1179.000000, Withdraw 50.000000 
User 0, Acc 9 Balance 25382.000000, Deposit 617.000000 
User 1, Acc 1 Balance 781.000000, Transfer 163.000000 to Acc 9
User 0, Acc 9 Balance 25999.000000, Transfer 617.000000 to Acc 1
[22;32mUser 1, Acc 1 Balance 29.000000, 				Withdraw 41.000000 --insufficient funds[0m
User 6, Acc 6 Balance 4467.000000, Deposit 953.000000 
User 1, Acc 2 Balance 2574.000000, Withdraw 71.000000 
User 1, Acc 3 Balance 2470.000000, Withdraw 1127.000000 
User 3, Acc 5 Balance 2371.000000, Withdraw 50.000000 
User 2, Acc 5 Balance 2371.000000, Withdraw 1307.000000 
User 3, Acc 6 Balance 6570.000000, Withdraw 50.000000 
User 3, Acc 7 Balance 9035.000000, Withdraw 50.000000 
User 5, Acc 6 Balance 5114.000000, Transfer 641.000000 to Acc 4
User 3, Acc 8 Balance 8838.000000, Withdraw 50.000000 
User 5, Acc 5 Balance 407.000000, Deposit 643.000000 
User 6, Acc 7 Balance 9035.000000, Deposit 967.000000 
User 1, Acc 6 Balance 6570.000000, Withdraw 647.000000 
User 0, Acc 8 Balance 8838.000000, Deposit 619.000000 
User 1, Acc 6 Balance 5232.000000, Deposit 953.000000 
User 0, Acc 8 Balance 9407.000000, Transfer 619.000000 to Acc 2
User 3, Acc 9 Balance 25545.000000, Withdraw 50.000000 
User 0, Acc 7 Balance 9952.000000, Deposit 631.000000 
User 3, Acc 0 Balance 1129.000000, Withdraw 50.000000 
User 0, Acc 7 Balance 10583.000000, Transfer 631.000000 to Acc 3
User 2, Acc 1 Balance 646.000000, Transfer 89.000000 to Acc 8
User 4, Acc 2 Balance 3165.000000, Transfer 1200.000000 to Acc 9
User 5, Acc 4 Balance 660.000000, Deposit 647.000000 
User 4, Acc 1 Balance 557.000000, Deposit 661.000000 
User 4, Acc 1 Balance 1218.000000, Transfer 1200.000000 to Acc 9
User 5, Acc 4 Balance 1307.000000, Transfer 1200.000000 to Acc 7
User 4, Acc 0 Balance 1079.000000, Deposit 673.000000 
User 0, Acc 6 Balance 6185.000000, Deposit 641.000000 
User 4, Acc 0 Balance 1752.000000, Transfer 1200.000000 to Acc 9
User 0, Acc 6 Balance 6826.000000, Transfer 641.000000 to Acc 4
User 6, Acc 1 Balance 646.000000, Transfer 19.000000 to Acc 7
User 3, Acc 9 Balance 25495.000000, Deposit 617.000000 
User 6, Acc 2 Balance 1922.000000, Transfer 23.000000 to Acc 7
User 3, Acc 9 Balance 29712.000000, Transfer 617.000000 to Acc 1
User 1, Acc 7 Balance 9952.000000, Deposit 967.000000 
User 3, Acc 8 Balance 8877.000000, Deposit 619.000000 
User 0, Acc 5 Balance 1050.000000, Deposit 643.000000 
[22;32mUser 4, Acc 1 Balance 18.000000, 				Withdraw 50.000000 --insufficient funds[0m
User 0, Acc 5 Balance 1693.000000, Transfer 1200.000000 to Acc 6
User 4, Acc 2 Balance 1899.000000, Withdraw 50.000000 
User 4, Acc 3 Balance 1974.000000, Withdraw 50.000000 
User 1, Acc 1 Balance 616.000000, Transfer 19.000000 to Acc 7
User 4, Acc 4 Balance 748.000000, Withdraw 50.000000 
User 5, Acc 3 Balance 1974.000000, Deposit 653.000000 
User 6, Acc 6 Balance 6185.000000, Transfer 1167.000000 to Acc 5
User 5, Acc 3 Balance 2577.000000, Transfer 1200.000000 to Acc 8
User 5, Acc 2 Balance 1849.000000, Deposit 659.000000 
User 1, Acc 2 Balance 1849.000000, Transfer 23.000000 to Acc 7
User 5, Acc 2 Balance 2508.000000, Transfer 1200.000000 to Acc 9
User 1, Acc 6 Balance 6218.000000, Transfer 1167.000000 to Acc 5
User 5, Acc 1 Balance 597.000000, Deposit 661.000000 
User 2, Acc 1 Balance 557.000000, Transfer 163.000000 to Acc 9
User 6, Acc 4 Balance 698.000000, Transfer 53.000000 to Acc 5
User 2, Acc 1 Balance 1095.000000, Withdraw 41.000000 
User 4, Acc 5 Balance 493.000000, Withdraw 50.000000 
User 3, Acc 8 Balance 9496.000000, Transfer 619.000000 to Acc 2
User 1, Acc 4 Balance 698.000000, Transfer 53.000000 to Acc 5
User 5, Acc 1 Balance 1258.000000, Transfer 1200.000000 to Acc 9
User 0, Acc 4 Balance 748.000000, Deposit 647.000000 
User 5, Acc 0 Balance 552.000000, Deposit 673.000000 
User 2, Acc 2 Balance 1285.000000, Withdraw 71.000000 
User 4, Acc 6 Balance 5051.000000, Withdraw 50.000000 
User 2, Acc 3 Balance 1377.000000, Withdraw 1127.000000 
User 4, Acc 7 Balance 12203.000000, Withdraw 50.000000 
User 2, Acc 6 Balance 5001.000000, Withdraw 647.000000 
User 2, Acc 6 Balance 4354.000000, Deposit 953.000000 
User 0, Acc 4 Balance 1239.000000, Transfer 1200.000000 to Acc 7
User 6, Acc 7 Balance 12203.000000, Withdraw 1593.000000 
User 0, Acc 3 Balance 250.000000, Deposit 653.000000 
User 6, Acc 8 Balance 10077.000000, Withdraw 449.000000 
User 0, Acc 2 Balance 1833.000000, Deposit 659.000000 
User 1, Acc 7 Balance 12203.000000, Withdraw 1593.000000 
User 2, Acc 7 Balance 12203.000000, Deposit 967.000000 
User 5, Acc 0 Balance 1225.000000, Transfer 1200.000000 to Acc 9
User 3, Acc 7 Balance 12203.000000, Deposit 631.000000 
User 5, Acc 0 Balance 25.000000, Deposit 7.000000 
User 6, Acc 9 Balance 31658.000000, Withdraw 163.000000 
User 0, Acc 2 Balance 2492.000000, Transfer 1200.000000 to Acc 9
User 6, Acc 9 Balance 32695.000000, Deposit 617.000000 
User 4, Acc 8 Balance 10077.000000, Withdraw 50.000000 
User 2, Acc 2 Balance 2492.000000, Transfer 23.000000 to Acc 7
User 4, Acc 9 Balance 34512.000000, Withdraw 50.000000 
User 2, Acc 6 Balance 5307.000000, Transfer 1167.000000 to Acc 5
User 3, Acc 7 Balance 11765.000000, Transfer 631.000000 to Acc 3
User 2, Acc 7 Balance 11788.000000, Withdraw 1593.000000 
User 1, Acc 8 Balance 9628.000000, Withdraw 449.000000 
User 2, Acc 8 Balance 9578.000000, Withdraw 449.000000 
User 2, Acc 9 Balance 34462.000000, Withdraw 163.000000 
User 1, Acc 9 Balance 34462.000000, Withdraw 163.000000 
User 0, Acc 1 Balance -146.000000, Deposit 661.000000 
User 1, Acc 9 Balance 34136.000000, Deposit 617.000000 
User 0, Acc 0 Balance 32.000000, Deposit 673.000000 
User 0, Acc 1 Balance 515.000000, Withdraw 50.000000 
User 5, Acc 1 Balance -146.000000, Deposit 11.000000 
[22;32mUser 4, Acc 0 Balance 32.000000, 				Withdraw 50.000000 --insufficient funds[0m
User 5, Acc 2 Balance 1269.000000, Deposit 9.000000 
User 5, Acc 3 Balance 1534.000000, Transfer 29.000000 to Acc 7
User 4, Acc 9 Balance 34753.000000, Deposit 617.000000 
User 6, Acc 9 Balance 34512.000000, Transfer 617.000000 to Acc 1
User 1, Acc 9 Balance 34753.000000, Transfer 617.000000 to Acc 1
User 2, Acc 9 Balance 34299.000000, Deposit 617.000000 
User 5, Acc 7 Balance 9593.000000, Transfer 31.000000 to Acc 6
User 4, Acc 9 Balance 35370.000000, Transfer 617.000000 to Acc 1
User 0, Acc 2 Balance 1269.000000, Withdraw 50.000000 
User 6, Acc 8 Balance 8680.000000, Deposit 619.000000 
User 0, Acc 3 Balance 1505.000000, Withdraw 50.000000 
User 6, Acc 8 Balance 9299.000000, Transfer 619.000000 to Acc 2
User 6, Acc 7 Balance 9562.000000, Deposit 631.000000 
User 5, Acc 7 Balance 9562.000000, Transfer 137.000000 to Acc 5
User 6, Acc 7 Balance 10193.000000, Transfer 631.000000 to Acc 3
User 5, Acc 7 Balance 10056.000000, Transfer 3.000000 to Acc 4
User 6, Acc 6 Balance 4171.000000, Deposit 641.000000 
User 5, Acc 7 Balance 9422.000000, Transfer 5.000000 to Acc 4
User 6, Acc 6 Balance 4812.000000, Transfer 641.000000 to Acc 4
User 4, Acc 8 Balance 8680.000000, Deposit 619.000000 
User 6, Acc 5 Balance 4187.000000, Deposit 643.000000 
User 6, Acc 5 Balance 4830.000000, Transfer 1200.000000 to Acc 6
User 5, Acc 3 Balance 2086.000000, Deposit 929.000000 
User 1, Acc 8 Balance 8680.000000, Deposit 619.000000 
User 2, Acc 9 Balance 34753.000000, Transfer 617.000000 to Acc 1
User 1, Acc 8 Balance 9918.000000, Transfer 619.000000 to Acc 2
User 2, Acc 8 Balance 9918.000000, Deposit 619.000000 
User 1, Acc 7 Balance 9417.000000, Deposit 631.000000 
User 6, Acc 4 Balance 688.000000, Deposit 647.000000 
User 5, Acc 4 Balance 688.000000, Deposit 937.000000 
User 3, Acc 6 Balance 4140.000000, Deposit 641.000000 
User 5, Acc 5 Balance 3630.000000, Deposit 941.000000 
User 5, Acc 4 Balance 2272.000000, Withdraw 1167.000000 
User 3, Acc 6 Balance 6012.000000, Transfer 641.000000 to Acc 4
User 2, Acc 8 Balance 9918.000000, Transfer 619.000000 to Acc 2
User 2, Acc 7 Balance 10048.000000, Deposit 631.000000 
User 2, Acc 7 Balance 10679.000000, Transfer 631.000000 to Acc 3
User 2, Acc 6 Balance 5371.000000, Deposit 641.000000 
User 2, Acc 6 Balance 6012.000000, Transfer 641.000000 to Acc 4
User 3, Acc 5 Balance 4571.000000, Deposit 643.000000 
User 2, Acc 5 Balance 4571.000000, Deposit 643.000000 
User 1, Acc 7 Balance 10048.000000, Transfer 631.000000 to Acc 3
User 2, Acc 5 Balance 5857.000000, Transfer 1200.000000 to Acc 6
User 2, Acc 4 Balance 2387.000000, Deposit 647.000000 
User 2, Acc 4 Balance 3034.000000, Transfer 1200.000000 to Acc 7
User 2, Acc 3 Balance 4277.000000, Deposit 653.000000 
User 6, Acc 4 Balance 1335.000000, Transfer 1200.000000 to Acc 7
User 2, Acc 3 Balance 4930.000000, Transfer 1200.000000 to Acc 8
User 6, Acc 3 Balance 4930.000000, Deposit 653.000000 
User 2, Acc 2 Balance 3085.000000, Deposit 659.000000 
User 6, Acc 3 Balance 4383.000000, Transfer 1200.000000 to Acc 8
User 2, Acc 2 Balance 3744.000000, Transfer 1200.000000 to Acc 9
User 6, Acc 2 Balance 3744.000000, Deposit 659.000000 
User 5, Acc 5 Balance 4571.000000, Withdraw 1307.000000 
User 6, Acc 2 Balance 3203.000000, Transfer 1200.000000 to Acc 9
User 5, Acc 1 Balance 2944.000000, Transfer 89.000000 to Acc 8
User 3, Acc 5 Balance 5214.000000, Transfer 1200.000000 to Acc 6
User 3, Acc 4 Balance 634.000000, Deposit 647.000000 
User 3, Acc 4 Balance 1281.000000, Transfer 1200.000000 to Acc 7
User 3, Acc 3 Balance 3183.000000, Deposit 653.000000 
User 3, Acc 3 Balance 3836.000000, Transfer 1200.000000 to Acc 8
User 5, Acc 1 Balance 2855.000000, Transfer 163.000000 to Acc 9
User 1, Acc 6 Balance 5371.000000, Deposit 641.000000 
User 1, Acc 6 Balance 8412.000000, Transfer 641.000000 to Acc 4
User 1, Acc 5 Balance 2150.000000, Deposit 643.000000 
User 1, Acc 5 Balance 2793.000000, Transfer 1200.000000 to Acc 6
User 1, Acc 4 Balance 722.000000, Deposit 647.000000 
User 1, Acc 4 Balance 1369.000000, Transfer 1200.000000 to Acc 7
User 1, Acc 3 Balance 2636.000000, Deposit 653.000000 
User 1, Acc 3 Balance 3289.000000, Transfer 1200.000000 to Acc 8
User 1, Acc 2 Balance 2003.000000, Deposit 659.000000 
User 1, Acc 2 Balance 2662.000000, Transfer 1200.000000 to Acc 9
User 1, Acc 1 Balance 2692.000000, Deposit 661.000000 
User 1, Acc 1 Balance 3353.000000, Transfer 1200.000000 to Acc 9
User 1, Acc 0 Balance 705.000000, Deposit 673.000000 
User 1, Acc 0 Balance 1378.000000, Transfer 1200.000000 to Acc 9
User 1, Acc 9 Balance 39682.000000, Deposit 617.000000 
User 1, Acc 9 Balance 40299.000000, Transfer 617.000000 to Acc 1
User 1, Acc 8 Balance 14188.000000, Deposit 619.000000 
User 1, Acc 8 Balance 14807.000000, Transfer 619.000000 to Acc 2
User 1, Acc 7 Balance 14217.000000, Deposit 631.000000 
User 1, Acc 7 Balance 14848.000000, Transfer 631.000000 to Acc 3
User 1, Acc 6 Balance 8971.000000, Deposit 641.000000 
User 1, Acc 6 Balance 9612.000000, Transfer 641.000000 to Acc 4
User 1, Acc 5 Balance 1593.000000, Deposit 643.000000 
User 1, Acc 5 Balance 2236.000000, Transfer 1200.000000 to Acc 6
User 1, Acc 4 Balance 810.000000, Deposit 647.000000 
User 1, Acc 4 Balance 1457.000000, Transfer 1200.000000 to Acc 7
User 1, Acc 3 Balance 2720.000000, Deposit 653.000000 
User 1, Acc 3 Balance 3373.000000, Transfer 1200.000000 to Acc 8
User 1, Acc 2 Balance 2081.000000, Deposit 659.000000 
User 1, Acc 2 Balance 2740.000000, Transfer 1200.000000 to Acc 9
User 1, Acc 1 Balance 2770.000000, Deposit 661.000000 
User 1, Acc 1 Balance 3431.000000, Transfer 1200.000000 to Acc 9
User 5, Acc 1 Balance 2692.000000, Withdraw 41.000000 
User 5, Acc 2 Balance 1540.000000, Withdraw 71.000000 
User 5, Acc 3 Balance 2173.000000, Withdraw 1127.000000 
User 5, Acc 6 Balance 10171.000000, Withdraw 647.000000 
User 5, Acc 6 Balance 9524.000000, Deposit 953.000000 
User 5, Acc 7 Balance 15417.000000, Deposit 967.000000 
User 5, Acc 1 Balance 2190.000000, Transfer 19.000000 to Acc 7
User 5, Acc 2 Balance 1469.000000, Transfer 23.000000 to Acc 7
User 5, Acc 6 Balance 10477.000000, Transfer 1167.000000 to Acc 5
User 5, Acc 4 Balance 257.000000, Transfer 53.000000 to Acc 5
User 6, Acc 1 Balance 2944.000000, Deposit 661.000000 
User 5, Acc 7 Balance 16426.000000, Withdraw 1593.000000 
User 6, Acc 1 Balance 2832.000000, Transfer 1200.000000 to Acc 9
User 5, Acc 8 Balance 15388.000000, Withdraw 449.000000 
User 1, Acc 0 Balance 178.000000, Deposit 673.000000 
User 5, Acc 9 Balance 43282.000000, Withdraw 163.000000 
[22;32mUser 0, Acc 4 Balance 39.000000, 				Withdraw 50.000000 --insufficient funds[0m
User 5, Acc 9 Balance 43119.000000, Deposit 617.000000 
User 6, Acc 0 Balance 178.000000, Deposit 673.000000 
User 4, Acc 8 Balance 9299.000000, Transfer 619.000000 to Acc 2
User 1, Acc 1 Balance 1632.000000, Withdraw 50.000000 
User 1, Acc 2 Balance 2065.000000, Withdraw 50.000000 
User 1, Acc 3 Balance 1046.000000, Withdraw 50.000000 
User 1, Acc 4 Balance 204.000000, Withdraw 50.000000 
User 1, Acc 5 Balance 2256.000000, Withdraw 50.000000 
User 1, Acc 6 Balance 9310.000000, Withdraw 50.000000 
User 1, Acc 7 Balance 14833.000000, Withdraw 50.000000 
User 1, Acc 8 Balance 14320.000000, Withdraw 50.000000 
User 1, Acc 9 Balance 43736.000000, Withdraw 50.000000 
User 1, Acc 0 Balance 1524.000000, Withdraw 50.000000 
User 1, Acc 0 Balance 1474.000000, Deposit 400.000000 
User 1, Acc 0 Balance 1874.000000, Withdraw 200.000000 
User 1, Acc 0 Balance 1674.000000, Deposit 100.000000 
User 1, Acc 0 Balance 1774.000000, Withdraw 50.000000 
User 1, Acc 0 Balance 1724.000000, Withdraw 150.000000 
User 1, Acc 0 Balance 1574.000000, Deposit 300.000000 
User 1, Acc 0 Balance 1874.000000, Transfer 300.000000 to Acc 1
Balance in 1: 1882.000000
User 5, Acc 9 Balance 43736.000000, Transfer 617.000000 to Acc 1
User 5, Acc 8 Balance 14270.000000, Deposit 619.000000 
User 5, Acc 8 Balance 14889.000000, Transfer 619.000000 to Acc 2
User 5, Acc 7 Balance 14783.000000, Deposit 631.000000 
User 5, Acc 7 Balance 15414.000000, Transfer 631.000000 to Acc 3
User 5, Acc 6 Balance 9260.000000, Deposit 641.000000 
User 5, Acc 6 Balance 9901.000000, Transfer 641.000000 to Acc 4
User 5, Acc 5 Balance 2206.000000, Deposit 643.000000 
User 6, Acc 0 Balance 1524.000000, Transfer 1200.000000 to Acc 9
User 5, Acc 5 Balance 2849.000000, Transfer 1200.000000 to Acc 6
User 3, Acc 2 Balance 2003.000000, Deposit 659.000000 
User 5, Acc 4 Balance 795.000000, Deposit 647.000000 
User 3, Acc 2 Balance 3293.000000, Transfer 1200.000000 to Acc 9
User 0, Acc 5 Balance 2256.000000, Withdraw 50.000000 
User 3, Acc 1 Balance 2499.000000, Deposit 661.000000 
User 6, Acc 0 Balance 374.000000, Deposit 907.000000 
User 3, Acc 1 Balance 3160.000000, Transfer 1200.000000 to Acc 9
User 2, Acc 1 Balance 2944.000000, Deposit 661.000000 
User 5, Acc 4 Balance 1442.000000, Transfer 1200.000000 to Acc 7
User 1, Acc 9 Balance 43686.000000, Deposit 617.000000 
User 5, Acc 3 Balance 1627.000000, Deposit 653.000000 
User 4, Acc 7 Balance 14833.000000, Deposit 631.000000 
User 5, Acc 3 Balance 2280.000000, Transfer 1200.000000 to Acc 8
User 6, Acc 1 Balance 1960.000000, Deposit 911.000000 
User 5, Acc 2 Balance 2093.000000, Deposit 659.000000 
User 1, Acc 9 Balance 47286.000000, Transfer 617.000000 to Acc 1
User 0, Acc 6 Balance 10460.000000, Withdraw 50.000000 
User 1, Acc 8 Balance 15470.000000, Deposit 619.000000 
User 1, Acc 8 Balance 16089.000000, Transfer 619.000000 to Acc 2
User 2, Acc 1 Balance 2621.000000, Transfer 1200.000000 to Acc 9
User 6, Acc 2 Balance 2093.000000, Deposit 919.000000 
User 5, Acc 2 Balance 2752.000000, Transfer 1200.000000 to Acc 9
User 5, Acc 1 Balance 2949.000000, Deposit 661.000000 
User 5, Acc 1 Balance 3610.000000, Transfer 1200.000000 to Acc 9
User 3, Acc 0 Balance 374.000000, Deposit 673.000000 
User 5, Acc 0 Balance 1281.000000, Deposit 673.000000 
User 5, Acc 0 Balance 1954.000000, Transfer 1200.000000 to Acc 9
User 3, Acc 0 Balance 2627.000000, Transfer 1200.000000 to Acc 9
User 5, Acc 1 Balance 2410.000000, Withdraw 500.000000 
User 3, Acc 1 Balance 2410.000000, Withdraw 50.000000 
User 3, Acc 2 Balance 3090.000000, Withdraw 50.000000 
User 5, Acc 2 Balance 3090.000000, Withdraw 500.000000 
User 3, Acc 3 Balance 1080.000000, Withdraw 50.000000 
User 1, Acc 7 Balance 16614.000000, Deposit 631.000000 
User 3, Acc 4 Balance 242.000000, Withdraw 50.000000 
User 1, Acc 7 Balance 17245.000000, Transfer 631.000000 to Acc 3
User 0, Acc 7 Balance 16614.000000, Withdraw 50.000000 
User 1, Acc 6 Balance 10410.000000, Deposit 641.000000 
User 0, Acc 8 Balance 15470.000000, Withdraw 50.000000 
User 2, Acc 0 Balance 1281.000000, Deposit 673.000000 
User 0, Acc 9 Balance 52669.000000, Withdraw 50.000000 
User 2, Acc 1 Balance 1860.000000, Withdraw 50.000000 
User 3, Acc 5 Balance 1599.000000, Withdraw 50.000000 
User 2, Acc 2 Balance 2540.000000, Withdraw 50.000000 
User 1, Acc 6 Balance 11051.000000, Transfer 641.000000 to Acc 4
User 2, Acc 3 Balance 1661.000000, Withdraw 50.000000 
User 1, Acc 5 Balance 1549.000000, Deposit 643.000000 
User 0, Acc 0 Balance 900.000000, Withdraw 50.000000 
User 1, Acc 5 Balance 2192.000000, Transfer 1200.000000 to Acc 6
User 0, Acc 0 Balance 850.000000, Deposit 400.000000 
User 0, Acc 0 Balance 1250.000000, Withdraw 200.000000 
User 1, Acc 4 Balance 833.000000, Deposit 647.000000 
User 6, Acc 3 Balance 1080.000000, Deposit 929.000000 
User 4, Acc 7 Balance 16614.000000, Transfer 631.000000 to Acc 3
User 3, Acc 6 Balance 11051.000000, Withdraw 50.000000 
User 4, Acc 6 Balance 11610.000000, Deposit 641.000000 
User 4, Acc 6 Balance 12251.000000, Transfer 641.000000 to Acc 4
User 0, Acc 0 Balance 1050.000000, Deposit 100.000000 
User 1, Acc 4 Balance 1480.000000, Transfer 1200.000000 to Acc 7
User 2, Acc 4 Balance 833.000000, Withdraw 50.000000 
User 6, Acc 4 Balance 1480.000000, Deposit 937.000000 
User 3, Acc 7 Balance 15933.000000, Withdraw 50.000000 
User 5, Acc 3 Balance 1080.000000, Withdraw 500.000000 
User 5, Acc 4 Balance 1808.000000, Withdraw 500.000000 
User 5, Acc 5 Balance 992.000000, Withdraw 500.000000 
User 5, Acc 6 Balance 11560.000000, Withdraw 500.000000 
User 5, Acc 7 Balance 17083.000000, Withdraw 500.000000 
User 5, Acc 8 Balance 15420.000000, Withdraw 500.000000 
User 5, Acc 9 Balance 52619.000000, Withdraw 500.000000 
User 5, Acc 0 Balance 1150.000000, Withdraw 500.000000 
User 4, Acc 5 Balance 992.000000, Deposit 643.000000 
User 5, Acc 1 Balance 1810.000000, Withdraw 500.000000 
User 0, Acc 0 Balance 1150.000000, Withdraw 50.000000 
User 5, Acc 2 Balance 2490.000000, Withdraw 500.000000 
User 2, Acc 5 Balance 992.000000, Withdraw 50.000000 
User 5, Acc 3 Balance 2671.000000, Withdraw 500.000000 
User 3, Acc 8 Balance 15420.000000, Withdraw 50.000000 
User 5, Acc 4 Balance 1308.000000, Withdraw 500.000000 
User 5, Acc 5 Balance 1085.000000, Withdraw 500.000000 
User 0, Acc 0 Balance 600.000000, Withdraw 150.000000 
User 5, Acc 6 Balance 11060.000000, Withdraw 500.000000 
User 5, Acc 7 Balance 16583.000000, Withdraw 500.000000 
User 2, Acc 6 Balance 11060.000000, Withdraw 50.000000 
User 5, Acc 8 Balance 14870.000000, Withdraw 500.000000 
User 5, Acc 9 Balance 52119.000000, Withdraw 500.000000 
User 1, Acc 3 Balance 3171.000000, Deposit 653.000000 
[22;32mUser 5, Acc 0 Balance 450.000000, 				Withdraw 500.000000 --insufficient funds[0m
User 5, Acc 1 Balance 1310.000000, Withdraw 500.000000 
User 0, Acc 0 Balance 450.000000, Deposit 300.000000 
User 0, Acc 0 Balance 750.000000, Transfer 300.000000 to Acc 1
User 2, Acc 7 Balance 16083.000000, Withdraw 50.000000 
User 4, Acc 4 Balance 1308.000000, Deposit 647.000000 
User 3, Acc 9 Balance 52119.000000, Withdraw 50.000000 
User 4, Acc 4 Balance 1455.000000, Transfer 1200.000000 to Acc 7
User 1, Acc 3 Balance 2824.000000, Transfer 1200.000000 to Acc 8
User 6, Acc 5 Balance 992.000000, Deposit 941.000000 
Balance in 1: 1110.000000
User 6, Acc 6 Balance 10510.000000, Deposit 953.000000 
User 0, Acc 0 Balance 450.000000, Deposit 400.000000 
User 4, Acc 3 Balance 2824.000000, Deposit 653.000000 
User 0, Acc 0 Balance 850.000000, Withdraw 200.000000 
User 0, Acc 0 Balance 650.000000, Deposit 100.000000 
User 1, Acc 2 Balance 1990.000000, Deposit 659.000000 
User 0, Acc 0 Balance 750.000000, Withdraw 50.000000 
User 2, Acc 8 Balance 14370.000000, Withdraw 50.000000 
User 0, Acc 0 Balance 700.000000, Withdraw 150.000000 
User 4, Acc 3 Balance 2277.000000, Transfer 1200.000000 to Acc 8
User 5, Acc 2 Balance 1990.000000, Withdraw 500.000000 
User 1, Acc 2 Balance 2649.000000, Transfer 1200.000000 to Acc 9
User 5, Acc 3 Balance 1077.000000, Withdraw 500.000000 
User 1, Acc 1 Balance 1110.000000, Deposit 661.000000 
[22;32mUser 5, Acc 4 Balance 255.000000, 				Withdraw 500.000000 --insufficient funds[0m
User 1, Acc 1 Balance 1771.000000, Transfer 1200.000000 to Acc 9
User 5, Acc 5 Balance 1526.000000, Withdraw 500.000000 
User 1, Acc 0 Balance 550.000000, Deposit 673.000000 
User 5, Acc 6 Balance 11463.000000, Withdraw 500.000000 
User 1, Acc 0 Balance 1223.000000, Transfer 1200.000000 to Acc 9
User 5, Acc 7 Balance 17233.000000, Withdraw 500.000000 
User 1, Acc 0 Balance 23.000000, Deposit 400.000000 
User 4, Acc 2 Balance 2649.000000, Deposit 659.000000 
User 1, Acc 0 Balance 423.000000, Withdraw 200.000000 
User 2, Acc 9 Balance 51569.000000, Withdraw 50.000000 
User 0, Acc 0 Balance 550.000000, Deposit 300.000000 
User 2, Acc 0 Balance 223.000000, Withdraw 50.000000 
User 2, Acc 0 Balance 473.000000, Deposit 400.000000 
User 6, Acc 7 Balance 17233.000000, Deposit 967.000000 
User 3, Acc 0 Balance 450.000000, Withdraw 50.000000 
User 6, Acc 1 Balance 571.000000, Transfer 19.000000 to Acc 7
User 4, Acc 2 Balance 1608.000000, Transfer 1200.000000 to Acc 9
User 1, Acc 0 Balance 223.000000, Deposit 100.000000 
User 0, Acc 0 Balance 473.000000, Transfer 300.000000 to Acc 1
User 1, Acc 0 Balance 923.000000, Withdraw 50.000000 
User 5, Acc 8 Balance 16720.000000, Withdraw 500.000000 
User 6, Acc 2 Balance 1608.000000, Transfer 23.000000 to Acc 7
User 5, Acc 9 Balance 56319.000000, Withdraw 500.000000 
User 4, Acc 1 Balance 552.000000, Deposit 661.000000 
User 5, Acc 0 Balance 573.000000, Withdraw 500.000000 
User 2, Acc 0 Balance 873.000000, Withdraw 200.000000 
User 5, Acc 0 Balance 73.000000, Deposit 907.000000 
User 2, Acc 0 Balance -127.000000, Deposit 100.000000 
User 6, Acc 3 Balance 577.000000, Transfer 29.000000 to Acc 7
User 3, Acc 0 Balance 823.000000, Deposit 907.000000 
User 6, Acc 7 Balance 17771.000000, Transfer 31.000000 to Acc 6
User 1, Acc 0 Balance 573.000000, Withdraw 150.000000 
User 6, Acc 7 Balance 17740.000000, Transfer 37.000000 to Acc 5
User 5, Acc 1 Balance 1513.000000, Deposit 911.000000 
User 4, Acc 1 Balance 1513.000000, Transfer 1200.000000 to Acc 9
User 5, Acc 2 Balance 385.000000, Deposit 919.000000 
User 4, Acc 0 Balance 1637.000000, Deposit 673.000000 
User 5, Acc 3 Balance 548.000000, Deposit 929.000000 
User 1, Acc 0 Balance 1637.000000, Deposit 300.000000 
User 5, Acc 4 Balance 255.000000, Deposit 937.000000 
User 1, Acc 0 Balance 2610.000000, Transfer 300.000000 to Acc 1
Balance in 1: 852.000000
User 5, Acc 5 Balance 1063.000000, Deposit 941.000000 
User 0, Acc 0 Balance 2310.000000, Deposit 400.000000 
User 5, Acc 6 Balance 10994.000000, Deposit 953.000000 
User 0, Acc 0 Balance 2710.000000, Withdraw 200.000000 
User 5, Acc 7 Balance 17703.000000, Deposit 967.000000 
User 3, Acc 1 Balance 1513.000000, Deposit 911.000000 
User 5, Acc 1 Balance 1524.000000, Transfer 19.000000 to Acc 7
User 5, Acc 2 Balance 1304.000000, Transfer 23.000000 to Acc 7
User 5, Acc 3 Balance 1477.000000, Transfer 29.000000 to Acc 7
User 5, Acc 7 Balance 18741.000000, Transfer 31.000000 to Acc 6
User 5, Acc 7 Balance 18710.000000, Transfer 37.000000 to Acc 5
User 5, Acc 7 Balance 18673.000000, Transfer 3.000000 to Acc 4
User 3, Acc 2 Balance 1304.000000, Deposit 919.000000 
User 5, Acc 7 Balance 18670.000000, Transfer 5.000000 to Acc 4
Balance in 1: 1524.000000
User 5, Acc 6 Balance 11978.000000, Transfer 67.000000 to Acc 5
User 4, Acc 0 Balance 2310.000000, Transfer 1200.000000 to Acc 9
User 5, Acc 4 Balance 1200.000000, Transfer 53.000000 to Acc 5
User 4, Acc 0 Balance 1310.000000, Deposit 907.000000 
User 5, Acc 1 Balance 2416.000000, Transfer 89.000000 to Acc 8
User 2, Acc 0 Balance 880.000000, Withdraw 50.000000 
User 5, Acc 1 Balance 2327.000000, Transfer 163.000000 to Acc 9
User 2, Acc 0 Balance 2167.000000, Withdraw 150.000000 
User 6, Acc 7 Balance 17703.000000, Transfer 3.000000 to Acc 4
User 3, Acc 3 Balance 1448.000000, Deposit 929.000000 
User 6, Acc 7 Balance 18662.000000, Transfer 5.000000 to Acc 4
User 1, Acc 0 Balance 2510.000000, Deposit 907.000000 
User 6, Acc 6 Balance 11911.000000, Transfer 67.000000 to Acc 5
User 5, Acc 1 Balance 2164.000000, Withdraw 41.000000 
User 4, Acc 1 Balance 2416.000000, Deposit 911.000000 
User 5, Acc 2 Balance 2200.000000, Withdraw 71.000000 
User 3, Acc 4 Balance 1150.000000, Deposit 937.000000 
User 5, Acc 3 Balance 2377.000000, Withdraw 127.000000 
User 5, Acc 4 Balance 1155.000000, Withdraw 167.000000 
User 2, Acc 0 Balance 2017.000000, Deposit 300.000000 
User 5, Acc 5 Balance 2228.000000, Withdraw 307.000000 
User 6, Acc 4 Balance 1155.000000, Transfer 53.000000 to Acc 5
User 5, Acc 6 Balance 11844.000000, Withdraw 647.000000 
User 6, Acc 1 Balance 3034.000000, Transfer 89.000000 to Acc 8
User 6, Acc 1 Balance 2945.000000, Transfer 163.000000 to Acc 9
User 5, Acc 7 Balance 18657.000000, Withdraw 593.000000 
User 3, Acc 5 Balance 2228.000000, Deposit 941.000000 
User 5, Acc 8 Balance 16398.000000, Withdraw 449.000000 
User 4, Acc 2 Balance 2200.000000, Deposit 919.000000 
User 5, Acc 9 Balance 58545.000000, Withdraw 163.000000 
User 1, Acc 1 Balance 2164.000000, Deposit 911.000000 
User 5, Acc 1 Balance 2782.000000, Withdraw 500.000000 
User 3, Acc 6 Balance 11197.000000, Deposit 953.000000 
User 5, Acc 2 Balance 3048.000000, Withdraw 500.000000 
User 3, Acc 7 Balance 18064.000000, Deposit 967.000000 
User 4, Acc 3 Balance 2250.000000, Deposit 929.000000 
User 5, Acc 3 Balance 2250.000000, Withdraw 500.000000 
User 4, Acc 4 Balance 1872.000000, Deposit 937.000000 
User 5, Acc 4 Balance 1872.000000, Withdraw 500.000000 
User 4, Acc 5 Balance 2915.000000, Deposit 941.000000 
User 5, Acc 5 Balance 2915.000000, Withdraw 500.000000 
User 4, Acc 6 Balance 12150.000000, Deposit 953.000000 
User 5, Acc 6 Balance 12150.000000, Withdraw 500.000000 
User 2, Acc 0 Balance 3224.000000, Transfer 300.000000 to Acc 1
User 0, Acc 0 Balance 2510.000000, Deposit 100.000000 
Balance in 1: 3493.000000
User 3, Acc 1 Balance 3193.000000, Transfer 19.000000 to Acc 7
User 6, Acc 1 Balance 2782.000000, Withdraw 41.000000 
User 3, Acc 2 Balance 2548.000000, Transfer 23.000000 to Acc 7
User 5, Acc 7 Balance 19031.000000, Withdraw 500.000000 
User 5, Acc 8 Balance 15949.000000, Withdraw 500.000000 
User 5, Acc 9 Balance 58382.000000, Withdraw 500.000000 
User 5, Acc 0 Balance 3024.000000, Withdraw 500.000000 
User 5, Acc 1 Balance 3433.000000, Withdraw 500.000000 
User 5, Acc 2 Balance 2525.000000, Withdraw 500.000000 
User 5, Acc 3 Balance 2679.000000, Withdraw 500.000000 
User 5, Acc 4 Balance 2309.000000, Withdraw 500.000000 
User 5, Acc 5 Balance 3356.000000, Withdraw 500.000000 
User 5, Acc 6 Balance 12603.000000, Withdraw 500.000000 
User 5, Acc 7 Balance 18573.000000, Withdraw 500.000000 
User 5, Acc 8 Balance 15449.000000, Withdraw 500.000000 
User 5, Acc 9 Balance 57882.000000, Withdraw 500.000000 
User 5, Acc 0 Balance 2524.000000, Withdraw 500.000000 
User 5, Acc 1 Balance 2933.000000, Withdraw 500.000000 
User 5, Acc 2 Balance 2025.000000, Withdraw 500.000000 
User 5, Acc 3 Balance 2179.000000, Withdraw 500.000000 
User 5, Acc 4 Balance 1809.000000, Withdraw 500.000000 
User 5, Acc 5 Balance 2856.000000, Withdraw 500.000000 
User 5, Acc 6 Balance 12103.000000, Withdraw 500.000000 
User 5, Acc 7 Balance 18073.000000, Withdraw 500.000000 
User 5, Acc 8 Balance 14949.000000, Withdraw 500.000000 
User 5, Acc 9 Balance 57382.000000, Withdraw 500.000000 
User 5, Acc 0 Balance 2024.000000, Withdraw 500.000000 
User 5, Acc 0 Balance 1524.000000, Deposit 907.000000 
User 5, Acc 1 Balance 2433.000000, Deposit 911.000000 
User 5, Acc 2 Balance 1525.000000, Deposit 919.000000 
User 5, Acc 3 Balance 1679.000000, Deposit 929.000000 
User 5, Acc 4 Balance 1309.000000, Deposit 937.000000 
User 5, Acc 5 Balance 2356.000000, Deposit 941.000000 
User 5, Acc 6 Balance 11603.000000, Deposit 953.000000 
User 5, Acc 7 Balance 17573.000000, Deposit 967.000000 
User 5, Acc 1 Balance 3344.000000, Transfer 19.000000 to Acc 7
User 5, Acc 2 Balance 2444.000000, Transfer 23.000000 to Acc 7
User 5, Acc 3 Balance 2608.000000, Transfer 29.000000 to Acc 7
User 5, Acc 7 Balance 18611.000000, Transfer 31.000000 to Acc 6
User 5, Acc 7 Balance 18580.000000, Transfer 37.000000 to Acc 5
User 5, Acc 7 Balance 18543.000000, Transfer 3.000000 to Acc 4
User 5, Acc 7 Balance 18540.000000, Transfer 5.000000 to Acc 4
User 5, Acc 6 Balance 12587.000000, Transfer 67.000000 to Acc 5
User 5, Acc 4 Balance 2254.000000, Transfer 53.000000 to Acc 5
User 5, Acc 1 Balance 3325.000000, Transfer 89.000000 to Acc 8
User 5, Acc 1 Balance 3236.000000, Transfer 163.000000 to Acc 9
User 5, Acc 1 Balance 3073.000000, Withdraw 41.000000 
User 5, Acc 2 Balance 2421.000000, Withdraw 71.000000 
User 5, Acc 3 Balance 2579.000000, Withdraw 127.000000 
User 5, Acc 4 Balance 2201.000000, Withdraw 167.000000 
User 5, Acc 5 Balance 3454.000000, Withdraw 307.000000 
User 5, Acc 6 Balance 12520.000000, Withdraw 647.000000 
User 5, Acc 7 Balance 18535.000000, Withdraw 593.000000 
User 5, Acc 8 Balance 14538.000000, Withdraw 449.000000 
User 5, Acc 9 Balance 57045.000000, Withdraw 163.000000 
User 1, Acc 2 Balance 3048.000000, Deposit 919.000000 
User 5, Acc 1 Balance 3032.000000, Withdraw 500.000000 
User 1, Acc 3 Balance 2452.000000, Deposit 929.000000 
User 5, Acc 2 Balance 3269.000000, Withdraw 500.000000 
User 1, Acc 4 Balance 2034.000000, Deposit 937.000000 
User 5, Acc 3 Balance 3381.000000, Withdraw 500.000000 
User 1, Acc 5 Balance 3147.000000, Deposit 941.000000 
User 5, Acc 4 Balance 2971.000000, Withdraw 500.000000 
User 3, Acc 3 Balance 2679.000000, Transfer 29.000000 to Acc 7
User 5, Acc 5 Balance 4088.000000, Withdraw 500.000000 
User 3, Acc 7 Balance 17971.000000, Transfer 31.000000 to Acc 6
User 3, Acc 7 Balance 17940.000000, Transfer 37.000000 to Acc 5
User 5, Acc 6 Balance 11904.000000, Withdraw 500.000000 
User 1, Acc 6 Balance 11873.000000, Deposit 953.000000 
User 0, Acc 0 Balance 3024.000000, Withdraw 50.000000 
User 1, Acc 7 Balance 17903.000000, Deposit 967.000000 
User 2, Acc 1 Balance 3493.000000, Withdraw 500.000000 
User 4, Acc 7 Balance 19031.000000, Deposit 967.000000 
User 2, Acc 2 Balance 2769.000000, Withdraw 500.000000 
User 4, Acc 1 Balance 2032.000000, Transfer 19.000000 to Acc 7
User 2, Acc 3 Balance 2852.000000, Withdraw 500.000000 
User 4, Acc 2 Balance 2269.000000, Transfer 23.000000 to Acc 7
User 2, Acc 4 Balance 2471.000000, Withdraw 500.000000 
User 6, Acc 2 Balance 2548.000000, Withdraw 71.000000 
User 3, Acc 7 Balance 17903.000000, Transfer 3.000000 to Acc 4
User 0, Acc 0 Balance 2381.000000, Withdraw 150.000000 
User 1, Acc 1 Balance 2532.000000, Transfer 19.000000 to Acc 7
User 0, Acc 0 Balance 2231.000000, Deposit 300.000000 
User 4, Acc 3 Balance 2352.000000, Transfer 29.000000 to Acc 7
User 2, Acc 5 Balance 3625.000000, Withdraw 500.000000 
User 4, Acc 7 Balance 19924.000000, Transfer 31.000000 to Acc 6
User 2, Acc 6 Balance 12357.000000, Withdraw 500.000000 
User 2, Acc 7 Balance 19924.000000, Withdraw 500.000000 
User 2, Acc 8 Balance 14089.000000, Withdraw 500.000000 
User 0, Acc 0 Balance 2531.000000, Transfer 300.000000 to Acc 1
Balance in 1: 2294.000000
User 6, Acc 3 Balance 2352.000000, Withdraw 127.000000 
User 6, Acc 4 Balance 1974.000000, Withdraw 167.000000 
User 3, Acc 7 Balance 19876.000000, Transfer 5.000000 to Acc 4
User 4, Acc 7 Balance 19893.000000, Transfer 37.000000 to Acc 5
User 5, Acc 7 Balance 17903.000000, Withdraw 500.000000 
User 5, Acc 8 Balance 13589.000000, Withdraw 500.000000 
User 5, Acc 9 Balance 56882.000000, Withdraw 500.000000 
User 5, Acc 0 Balance 2231.000000, Withdraw 500.000000 
User 5, Acc 1 Balance 2294.000000, Withdraw 500.000000 
User 5, Acc 2 Balance 2175.000000, Withdraw 500.000000 
User 5, Acc 3 Balance 2196.000000, Withdraw 500.000000 
User 5, Acc 4 Balance 1812.000000, Withdraw 500.000000 
User 5, Acc 5 Balance 3162.000000, Withdraw 500.000000 
User 5, Acc 6 Balance 11888.000000, Withdraw 500.000000 
User 6, Acc 5 Balance 3125.000000, Withdraw 307.000000 
User 3, Acc 6 Balance 11888.000000, Transfer 67.000000 to Acc 5
User 6, Acc 6 Balance 11388.000000, Withdraw 647.000000 
User 1, Acc 2 Balance 2175.000000, Transfer 23.000000 to Acc 7
User 2, Acc 9 Balance 56882.000000, Withdraw 500.000000 
User 1, Acc 3 Balance 1696.000000, Transfer 29.000000 to Acc 7
User 1, Acc 7 Balance 18903.000000, Transfer 31.000000 to Acc 6
User 1, Acc 7 Balance 18872.000000, Transfer 37.000000 to Acc 5
User 4, Acc 7 Balance 19351.000000, Transfer 3.000000 to Acc 4
User 3, Acc 4 Balance 1312.000000, Transfer 53.000000 to Acc 5
User 6, Acc 7 Balance 18851.000000, Withdraw 593.000000 
User 0, Acc 1 Balance 2294.000000, Withdraw 500.000000 
User 2, Acc 0 Balance 1731.000000, Withdraw 500.000000 
User 0, Acc 2 Balance 1652.000000, Withdraw 500.000000 
User 5, Acc 7 Balance 18851.000000, Withdraw 500.000000 
User 4, Acc 7 Balance 18832.000000, Transfer 5.000000 to Acc 4
User 5, Acc 8 Balance 13089.000000, Withdraw 500.000000 
User 5, Acc 9 Balance 55882.000000, Withdraw 500.000000 
User 5, Acc 0 Balance 1231.000000, Withdraw 500.000000 
User 5, Acc 1 Balance 1294.000000, Withdraw 500.000000 
User 5, Acc 2 Balance 1152.000000, Withdraw 500.000000 
User 5, Acc 3 Balance 1667.000000, Withdraw 500.000000 
User 5, Acc 4 Balance 1267.000000, Withdraw 500.000000 
User 5, Acc 5 Balance 2512.000000, Withdraw 500.000000 
User 5, Acc 6 Balance 10705.000000, Withdraw 500.000000 
User 5, Acc 7 Balance 17734.000000, Withdraw 500.000000 
User 5, Acc 8 Balance 12589.000000, Withdraw 500.000000 
User 5, Acc 9 Balance 55382.000000, Withdraw 500.000000 
User 5, Acc 0 Balance 731.000000, Withdraw 500.000000 
User 5, Acc 1 Balance 794.000000, Withdraw 500.000000 
User 5, Acc 2 Balance 652.000000, Withdraw 500.000000 
User 5, Acc 3 Balance 1167.000000, Withdraw 500.000000 
User 5, Acc 4 Balance 767.000000, Withdraw 500.000000 
User 5, Acc 5 Balance 2012.000000, Withdraw 500.000000 
User 5, Acc 6 Balance 10205.000000, Withdraw 500.000000 
User 5, Acc 7 Balance 17234.000000, Withdraw 500.000000 
User 5, Acc 8 Balance 12089.000000, Withdraw 500.000000 
User 1, Acc 7 Balance 18835.000000, Transfer 3.000000 to Acc 4
User 1, Acc 7 Balance 16731.000000, Transfer 5.000000 to Acc 4
User 1, Acc 6 Balance 9705.000000, Transfer 67.000000 to Acc 5
User 1, Acc 4 Balance 275.000000, Transfer 53.000000 to Acc 5
User 1, Acc 1 Balance 294.000000, Transfer 89.000000 to Acc 8
User 1, Acc 1 Balance 205.000000, Transfer 163.000000 to Acc 9
User 2, Acc 1 Balance 1294.000000, Withdraw 500.000000 
[22;32mUser 2, Acc 2 Balance 152.000000, 				Withdraw 500.000000 --insufficient funds[0m
User 0, Acc 3 Balance 1667.000000, Withdraw 500.000000 
User 2, Acc 3 Balance 667.000000, Withdraw 500.000000 
[22;32mUser 0, Acc 4 Balance 222.000000, 				Withdraw 500.000000 --insufficient funds[0m
User 3, Acc 1 Balance 1794.000000, Transfer 89.000000 to Acc 8
User 0, Acc 5 Balance 1632.000000, Withdraw 500.000000 
User 1, Acc 1 Balance 42.000000, Withdraw 41.000000 
User 5, Acc 9 Balance 54882.000000, Withdraw 500.000000 
User 1, Acc 2 Balance 152.000000, Withdraw 71.000000 
[22;32mUser 1, Acc 3 Balance -333.000000, 				Withdraw 127.000000 --insufficient funds[0m
User 1, Acc 4 Balance 222.000000, Withdraw 167.000000 
User 1, Acc 5 Balance 1132.000000, Withdraw 307.000000 
User 1, Acc 6 Balance 9638.000000, Withdraw 647.000000 
User 1, Acc 7 Balance 16726.000000, Withdraw 593.000000 
User 1, Acc 8 Balance 11767.000000, Withdraw 449.000000 
User 1, Acc 9 Balance 54545.000000, Withdraw 163.000000 
[22;32mUser 5, Acc 0 Balance 231.000000, 				Withdraw 500.000000 --insufficient funds[0m
[22;32mUser 5, Acc 1 Balance -588.000000, 				Withdraw 500.000000 --insufficient funds[0m
[22;32mUser 5, Acc 2 Balance 81.000000, 				Withdraw 500.000000 --insufficient funds[0m
[22;32mUser 5, Acc 3 Balance -333.000000, 				Withdraw 500.000000 --insufficient funds[0m
[22;32mUser 5, Acc 4 Balance 55.000000, 				Withdraw 500.000000 --insufficient funds[0m
User 5, Acc 5 Balance 825.000000, Withdraw 500.000000 
User 5, Acc 6 Balance 8991.000000, Withdraw 500.000000 
User 5, Acc 7 Balance 16133.000000, Withdraw 500.000000 
User 5, Acc 8 Balance 11318.000000, Withdraw 500.000000 
User 5, Acc 9 Balance 54382.000000, Withdraw 500.000000 
[22;32mUser 5, Acc 0 Balance 231.000000, 				Withdraw 500.000000 --insufficient funds[0m
[22;32mUser 5, Acc 1 Balance -588.000000, 				Withdraw 500.000000 --insufficient funds[0m
[22;32mUser 5, Acc 2 Balance 81.000000, 				Withdraw 500.000000 --insufficient funds[0m
[22;32mUser 5, Acc 3 Balance -333.000000, 				Withdraw 500.000000 --insufficient funds[0m
[22;32mUser 3, Acc 1 Balance -547.000000, 				Withdraw 41.000000 --insufficient funds[0m
User 3, Acc 2 Balance 81.000000, Withdraw 71.000000 
[22;32mUser 3, Acc 3 Balance -333.000000, 				Withdraw 127.000000 --insufficient funds[0m
[22;32mUser 3, Acc 4 Balance 55.000000, 				Withdraw 167.000000 --insufficient funds[0m
User 3, Acc 5 Balance 325.000000, Withdraw 307.000000 
User 3, Acc 6 Balance 8491.000000, Withdraw 647.000000 
User 3, Acc 7 Balance 15633.000000, Withdraw 593.000000 
User 3, Acc 8 Balance 10818.000000, Withdraw 449.000000 
User 3, Acc 9 Balance 53882.000000, Withdraw 163.000000 
User 4, Acc 6 Balance 10705.000000, Transfer 67.000000 to Acc 5
User 4, Acc 4 Balance 55.000000, Transfer 53.000000 to Acc 5
[22;32mUser 4, Acc 1 Balance -588.000000, 				Withdraw 41.000000 --insufficient funds[0m
[22;32mUser 4, Acc 2 Balance 10.000000, 				Withdraw 71.000000 --insufficient funds[0m
[22;32mUser 4, Acc 3 Balance -333.000000, 				Withdraw 127.000000 --insufficient funds[0m
[22;32mUser 4, Acc 4 Balance 2.000000, 				Withdraw 167.000000 --insufficient funds[0m
[22;32mUser 5, Acc 4 Balance 55.000000, 				Withdraw 500.000000 --insufficient funds[0m
User 0, Acc 6 Balance 9638.000000, Withdraw 500.000000 
[22;32mUser 5, Acc 5 Balance 138.000000, 				Withdraw 500.000000 --insufficient funds[0m
User 6, Acc 8 Balance 13089.000000, Withdraw 449.000000 
User 5, Acc 6 Balance 7277.000000, Withdraw 500.000000 
User 0, Acc 7 Balance 15040.000000, Withdraw 500.000000 
User 5, Acc 7 Balance 15040.000000, Withdraw 500.000000 
User 0, Acc 8 Balance 9920.000000, Withdraw 500.000000 
[22;32mUser 4, Acc 5 Balance 138.000000, 				Withdraw 307.000000 --insufficient funds[0m
User 0, Acc 9 Balance 53719.000000, Withdraw 500.000000 
[22;32mUser 2, Acc 4 Balance 222.000000, 				Withdraw 500.000000 --insufficient funds[0m
User 5, Acc 8 Balance 9920.000000, Withdraw 500.000000 
[22;32mUser 2, Acc 5 Balance 138.000000, 				Withdraw 500.000000 --insufficient funds[0m
User 5, Acc 9 Balance 53219.000000, Withdraw 500.000000 
User 2, Acc 6 Balance 6777.000000, Withdraw 500.000000 
[22;32mUser 5, Acc 0 Balance 231.000000, 				Withdraw 500.000000 --insufficient funds[0m
User 2, Acc 7 Balance 14040.000000, Withdraw 500.000000 
User 2, Acc 8 Balance 8920.000000, Withdraw 500.000000 
User 4, Acc 6 Balance 6777.000000, Withdraw 647.000000 
User 2, Acc 9 Balance 52719.000000, Withdraw 500.000000 
User 4, Acc 7 Balance 13540.000000, Withdraw 593.000000 
[22;32mUser 2, Acc 0 Balance 231.000000, 				Withdraw 500.000000 --insufficient funds[0m
[22;32mUser 2, Acc 1 Balance -588.000000, 				Withdraw 500.000000 --insufficient funds[0m
[22;32mUser 2, Acc 2 Balance 10.000000, 				Withdraw 500.000000 --insufficient funds[0m
[22;32mUser 2, Acc 3 Balance -333.000000, 				Withdraw 500.000000 --insufficient funds[0m
[22;32mUser 2, Acc 4 Balance 2.000000, 				Withdraw 500.000000 --insufficient funds[0m
User 6, Acc 9 Balance 53719.000000, Withdraw 163.000000 
[22;32mUser 0, Acc 0 Balance 231.000000, 				Withdraw 500.000000 --insufficient funds[0m
User 4, Acc 8 Balance 8420.000000, Withdraw 449.000000 
[22;32mUser 2, Acc 5 Balance 138.000000, 				Withdraw 500.000000 --insufficient funds[0m
[22;32mUser 0, Acc 1 Balance -588.000000, 				Withdraw 500.000000 --insufficient funds[0m
User 4, Acc 9 Balance 52056.000000, Withdraw 163.000000 
User 2, Acc 6 Balance 5630.000000, Withdraw 500.000000 
User 2, Acc 7 Balance 12947.000000, Withdraw 500.000000 
User 2, Acc 8 Balance 7971.000000, Withdraw 500.000000 
User 2, Acc 9 Balance 51893.000000, Withdraw 500.000000 
[22;32mUser 2, Acc 0 Balance 231.000000, 				Withdraw 500.000000 --insufficient funds[0m
[22;32mUser 0, Acc 2 Balance 10.000000, 				Withdraw 500.000000 --insufficient funds[0m
[22;32mUser 0, Acc 3 Balance -333.000000, 				Withdraw 500.000000 --insufficient funds[0m
[22;32mUser 0, Acc 4 Balance 2.000000, 				Withdraw 500.000000 --insufficient funds[0m
[22;32mUser 0, Acc 5 Balance 138.000000, 				Withdraw 500.000000 --insufficient funds[0m
User 0, Acc 6 Balance 5130.000000, Withdraw 500.000000 
User 0, Acc 7 Balance 12447.000000, Withdraw 500.000000 
User 0, Acc 8 Balance 7471.000000, Withdraw 500.000000 
User 0, Acc 9 Balance 51393.000000, Withdraw 500.000000 
[22;32mUser 0, Acc 0 Balance 231.000000, 				Withdraw 500.000000 --insufficient funds[0m
[22;32mUser 0, Acc 1 Balance -588.000000, 				Withdraw 500.000000 --insufficient funds[0m
[22;32mUser 0, Acc 2 Balance 10.000000, 				Withdraw 500.000000 --insufficient funds[0m
[22;32mUser 0, Acc 3 Balance -333.000000, 				Withdraw 500.000000 --insufficient funds[0m
[22;32mUser 0, Acc 4 Balance 2.000000, 				Withdraw 500.000000 --insufficient funds[0m
[22;32mUser 0, Acc 5 Balance 138.000000, 				Withdraw 500.000000 --insufficient funds[0m
User 0, Acc 6 Balance 4630.000000, Withdraw 500.000000 
User 0, Acc 7 Balance 11947.000000, Withdraw 500.000000 
User 0, Acc 8 Balance 6971.000000, Withdraw 500.000000 
User 0, Acc 9 Balance 50893.000000, Withdraw 500.000000 
[22;32mUser 0, Acc 0 Balance 231.000000, 				Withdraw 500.000000 --insufficient funds[0m
  ***     End of transaction batch    ***  
Account 0 balance after completion of transaction batch: 231.000000
Account 1 balance after completion of transaction batch: -588.000000
Account 2 balance after completion of transaction batch: 10.000000
Account 3 balance after completion of transaction batch: -333.000000
Account 4 balance after completion of transaction batch: 2.000000
Account 5 balance after completion of transaction batch: 138.000000
Account 6 balance after completion of transaction batch: 4130.000000
Account 7 balance after completion of transaction batch: 11447.000000
Account 8 balance after completion of transaction batch: 6471.000000
Account 9 balance after completion of transaction batch: 50393.000000
