# Output generated by:
# ./my_executable 7 data/transactions7.txt data/transactions6.txt data/transactions3.txt data/transactions8.txt data/transactions2.txt data/transactions5.txt data/transactions1.txt

********************************************
   Reading and parsing a transaction file   
********************************************
Parsed transaction: deposit 7 9929.000000 
Loaded deposit transaction
Parsed transaction: deposit 4 937.000000 
Loaded deposit transaction
Parsed transaction: deposit 5 941.000000 
Loaded deposit transaction
Parsed transaction: deposit 0 7.000000 
Loaded deposit transaction
Parsed transaction: deposit 3 29.000000 
Loaded deposit transaction
Parsed transaction: deposit 7 9.000000 
Loaded deposit transaction
Parsed transaction: deposit 9 129.000000 
Loaded deposit transaction
Parsed transaction: transfer 3 7 29.000000 
Loaded transfer transaction
Parsed transaction: transfer 7 6 31.000000 
Loaded transfer transaction
Parsed transaction: transfer 7 5 137.000000 
Loaded transfer transaction
Parsed transaction: transfer 7 4 3.000000 
Loaded transfer transaction
Parsed transaction: transfer 7 4 5.000000 
Loaded transfer transaction
Parsed transaction: withdraw 4 1167.000000 
Loaded withdrawal transaction
Parsed transaction: withdraw 5 1307.000000 
Loaded withdrawal transaction
Parsed transaction: transfer 1 8 89.000000 
Loaded transfer transaction
Parsed transaction: transfer 1 9 163.000000 
Loaded transfer transaction
Parsed transaction: withdraw 1 41.000000 
Loaded withdrawal transaction
Parsed transaction: withdraw 2 71.000000 
Loaded withdrawal transaction
Parsed transaction: withdraw 3 1127.000000 
Loaded withdrawal transaction
Parsed transaction: withdraw 6 647.000000 
Loaded withdrawal transaction
Parsed transaction: deposit 6 1953.000000 
Loaded deposit transaction
Parsed transaction: deposit 7 967.000000 
Loaded deposit transaction
Parsed transaction: transfer 1 7 19.000000 
Loaded transfer transaction
Parsed transaction: transfer 2 7 23.000000 
Loaded transfer transaction
Parsed transaction: transfer 6 5 1167.000000 
Loaded transfer transaction
Parsed transaction: transfer 4 5 53.000000 
Loaded transfer transaction
Parsed transaction: withdraw 7 1593.000000 
Loaded withdrawal transaction
Parsed transaction: withdraw 8 449.000000 
Loaded withdrawal transaction
Parsed transaction: withdraw 9 163.000000 
Loaded withdrawal transaction
********************************************
********************************************
   Reading and parsing a transaction file   
********************************************
Parsed transaction: deposit 0 7.000000 
Loaded deposit transaction
Parsed transaction: deposit 1 11.000000 
Loaded deposit transaction
Parsed transaction: deposit 2 9.000000 
Loaded deposit transaction
Parsed transaction: transfer 3 7 29.000000 
Loaded transfer transaction
Parsed transaction: transfer 7 6 31.000000 
Loaded transfer transaction
Parsed transaction: transfer 7 5 137.000000 
Loaded transfer transaction
Parsed transaction: transfer 7 4 3.000000 
Loaded transfer transaction
Parsed transaction: transfer 7 4 5.000000 
Loaded transfer transaction
Parsed transaction: deposit 3 929.000000 
Loaded deposit transaction
Parsed transaction: deposit 4 937.000000 
Loaded deposit transaction
Parsed transaction: deposit 5 941.000000 
Loaded deposit transaction
Parsed transaction: withdraw 4 1167.000000 
Loaded withdrawal transaction
Parsed transaction: withdraw 5 1307.000000 
Loaded withdrawal transaction
Parsed transaction: transfer 1 8 89.000000 
Loaded transfer transaction
Parsed transaction: transfer 1 9 163.000000 
Loaded transfer transaction
Parsed transaction: withdraw 1 41.000000 
Loaded withdrawal transaction
Parsed transaction: withdraw 2 71.000000 
Loaded withdrawal transaction
Parsed transaction: withdraw 3 1127.000000 
Loaded withdrawal transaction
Parsed transaction: withdraw 6 647.000000 
Loaded withdrawal transaction
Parsed transaction: deposit 6 953.000000 
Loaded deposit transaction
Parsed transaction: deposit 7 967.000000 
Loaded deposit transaction
Parsed transaction: transfer 1 7 19.000000 
Loaded transfer transaction
Parsed transaction: transfer 2 7 23.000000 
Loaded transfer transaction
Parsed transaction: transfer 6 5 1167.000000 
Loaded transfer transaction
Parsed transaction: transfer 4 5 53.000000 
Loaded transfer transaction
Parsed transaction: withdraw 7 1593.000000 
Loaded withdrawal transaction
Parsed transaction: withdraw 8 449.000000 
Loaded withdrawal transaction
Parsed transaction: withdraw 9 163.000000 
Loaded withdrawal transaction
********************************************
********************************************
   Reading and parsing a transaction file   
********************************************
Parsed transaction: deposit 0 400.000000 
Loaded deposit transaction
Parsed transaction: withdraw 0 200.000000 
Loaded withdrawal transaction
Parsed transaction: deposit 1 100.000000 
Loaded deposit transaction
Parsed transaction: deposit 2 900.000000 
Loaded deposit transaction
Parsed transaction: withdraw 1 50.000000 
Loaded withdrawal transaction
Parsed transaction: withdraw 2 150.000000 
Loaded withdrawal transaction
Parsed transaction: deposit 3 500.000000 
Loaded deposit transaction
Parsed transaction: transfer 2 1 300.000000 
Loaded transfer transaction
Parsed transaction: transfer 3 1 300.000000 
Loaded transfer transaction
Parsed transaction: deposit 0 400.000000 
Loaded deposit transaction
Parsed transaction: withdraw 3 200.000000 
Loaded withdrawal transaction
Parsed transaction: balance 1 
Loaded balance transaction
********************************************
********************************************
   Reading and parsing a transaction file   
********************************************
Parsed transaction: deposit 9 617.000000 
Loaded deposit transaction
Parsed transaction: transfer 9 1 617.000000 
Loaded transfer transaction
Parsed transaction: deposit 8 619.000000 
Loaded deposit transaction
Parsed transaction: transfer 8 2 619.000000 
Loaded transfer transaction
Parsed transaction: deposit 7 631.000000 
Loaded deposit transaction
Parsed transaction: transfer 7 3 631.000000 
Loaded transfer transaction
Parsed transaction: deposit 6 641.000000 
Loaded deposit transaction
Parsed transaction: transfer 6 4 641.000000 
Loaded transfer transaction
Parsed transaction: deposit 5 643.000000 
Loaded deposit transaction
Parsed transaction: transfer 5 6 1200.000000 
Loaded transfer transaction
Parsed transaction: deposit 4 647.000000 
Loaded deposit transaction
Parsed transaction: transfer 4 7 1200.000000 
Loaded transfer transaction
Parsed transaction: deposit 3 653.000000 
Loaded deposit transaction
Parsed transaction: transfer 3 8 1200.000000 
Loaded transfer transaction
Parsed transaction: deposit 2 659.000000 
Loaded deposit transaction
Parsed transaction: transfer 2 9 1200.000000 
Loaded transfer transaction
Parsed transaction: deposit 1 661.000000 
Loaded deposit transaction
Parsed transaction: transfer 1 9 1200.000000 
Loaded transfer transaction
Parsed transaction: deposit 0 673.000000 
Loaded deposit transaction
Parsed transaction: transfer 0 9 1200.000000 
Loaded transfer transaction
********************************************
********************************************
   Reading and parsing a transaction file   
********************************************
Parsed transaction: deposit 0 400.000000 
Loaded deposit transaction
Parsed transaction: withdraw 0 200.000000 
Loaded withdrawal transaction
Parsed transaction: deposit 0 100.000000 
Loaded deposit transaction
Parsed transaction: withdraw 0 50.000000 
Loaded withdrawal transaction
Parsed transaction: withdraw 0 150.000000 
Loaded withdrawal transaction
Parsed transaction: deposit 0 300.000000 
Loaded deposit transaction
Parsed transaction: transfer 0 1 300.000000 
Loaded transfer transaction
Parsed transaction: balance 1 
Loaded balance transaction
********************************************
********************************************
   Reading and parsing a transaction file   
********************************************
Parsed transaction: deposit 0 907.000000 
Loaded deposit transaction
Parsed transaction: deposit 1 911.000000 
Loaded deposit transaction
Parsed transaction: deposit 2 919.000000 
Loaded deposit transaction
Parsed transaction: transfer 3 7 29.000000 
Loaded transfer transaction
Parsed transaction: transfer 7 6 31.000000 
Loaded transfer transaction
Parsed transaction: transfer 7 5 37.000000 
Loaded transfer transaction
Parsed transaction: transfer 7 4 3.000000 
Loaded transfer transaction
Parsed transaction: transfer 7 4 5.000000 
Loaded transfer transaction
Parsed transaction: deposit 3 929.000000 
Loaded deposit transaction
Parsed transaction: deposit 4 937.000000 
Loaded deposit transaction
Parsed transaction: deposit 5 941.000000 
Loaded deposit transaction
Parsed transaction: withdraw 4 167.000000 
Loaded withdrawal transaction
Parsed transaction: withdraw 5 307.000000 
Loaded withdrawal transaction
Parsed transaction: transfer 1 8 89.000000 
Loaded transfer transaction
Parsed transaction: transfer 1 9 163.000000 
Loaded transfer transaction
Parsed transaction: withdraw 1 41.000000 
Loaded withdrawal transaction
Parsed transaction: withdraw 2 71.000000 
Loaded withdrawal transaction
Parsed transaction: withdraw 3 127.000000 
Loaded withdrawal transaction
Parsed transaction: withdraw 6 647.000000 
Loaded withdrawal transaction
Parsed transaction: deposit 6 953.000000 
Loaded deposit transaction
Parsed transaction: deposit 7 967.000000 
Loaded deposit transaction
Parsed transaction: transfer 1 7 19.000000 
Loaded transfer transaction
Parsed transaction: transfer 2 7 23.000000 
Loaded transfer transaction
Parsed transaction: transfer 6 5 67.000000 
Loaded transfer transaction
Parsed transaction: transfer 4 5 53.000000 
Loaded transfer transaction
Parsed transaction: withdraw 7 593.000000 
Loaded withdrawal transaction
Parsed transaction: withdraw 8 449.000000 
Loaded withdrawal transaction
Parsed transaction: withdraw 9 163.000000 
Loaded withdrawal transaction
********************************************
********************************************
   Reading and parsing a transaction file   
********************************************
Parsed transaction: deposit 0 100.000000 
Loaded deposit transaction
Parsed transaction: deposit 0 200.000000 
Loaded deposit transaction
Parsed transaction: deposit 0 300.000000 
Loaded deposit transaction
Parsed transaction: withdraw 0 200.000000 
Loaded withdrawal transaction
Parsed transaction: withdraw 0 100.000000 
Loaded withdrawal transaction
Parsed transaction: withdraw 0 50.000000 
Loaded withdrawal transaction
Parsed transaction: transfer 1 0 200.000000 
Loaded transfer transaction
Parsed transaction: balance 0 
Loaded balance transaction
********************************************
  ***    Start of transaction batch    ***  
User 0, Acc 7 Balance 0.000000, Deposit 9929.000000 
User 0, Acc 4 Balance 0.000000, Deposit 937.000000 
User 0, Acc 5 Balance 0.000000, Deposit 941.000000 
User 0, Acc 0 Balance 0.000000, Deposit 7.000000 
User 0, Acc 3 Balance 0.000000, Deposit 29.000000 
User 0, Acc 7 Balance 9929.000000, Deposit 9.000000 
User 0, Acc 9 Balance 0.000000, Deposit 129.000000 
User 0, Acc 3 Balance 29.000000, Transfer 29.000000 to Acc 7
User 0, Acc 7 Balance 9967.000000, Transfer 31.000000 to Acc 6
User 0, Acc 7 Balance 9936.000000, Transfer 137.000000 to Acc 5
User 0, Acc 7 Balance 9799.000000, Transfer 3.000000 to Acc 4
User 0, Acc 7 Balance 9796.000000, Transfer 5.000000 to Acc 4
[22;32mUser 0, Acc 4 Balance 945.000000, 				Withdraw 1167.000000 --insufficient funds[0m
[22;32mUser 0, Acc 5 Balance 1078.000000, 				Withdraw 1307.000000 --insufficient funds[0m
[22;32mUser 0, Acc 1 Balance 0.000000, 				Withdraw 41.000000 --insufficient funds[0m
[22;32mUser 0, Acc 2 Balance 0.000000, 				Withdraw 71.000000 --insufficient funds[0m
[22;32mUser 0, Acc 3 Balance 0.000000, 				Withdraw 1127.000000 --insufficient funds[0m
[22;32mUser 0, Acc 6 Balance 31.000000, 				Withdraw 647.000000 --insufficient funds[0m
User 0, Acc 6 Balance 31.000000, Deposit 1953.000000 
User 0, Acc 7 Balance 9791.000000, Deposit 967.000000 
User 0, Acc 6 Balance 1984.000000, Transfer 1167.000000 to Acc 5
User 0, Acc 4 Balance 945.000000, Transfer 53.000000 to Acc 5
User 0, Acc 7 Balance 10758.000000, Withdraw 1593.000000 
[22;32mUser 0, Acc 8 Balance 0.000000, 				Withdraw 449.000000 --insufficient funds[0m
[22;32mUser 0, Acc 9 Balance 129.000000, 				Withdraw 163.000000 --insufficient funds[0m
User 0, Acc 0 Balance 7.000000, Deposit 7.000000 
User 0, Acc 1 Balance 0.000000, Deposit 11.000000 
User 0, Acc 2 Balance 0.000000, Deposit 9.000000 
User 0, Acc 7 Balance 9165.000000, Transfer 31.000000 to Acc 6
User 0, Acc 7 Balance 9134.000000, Transfer 137.000000 to Acc 5
User 5, Acc 0 Balance 14.000000, Deposit 100.000000 
User 5, Acc 0 Balance 114.000000, Deposit 200.000000 
User 5, Acc 0 Balance 314.000000, Deposit 300.000000 
User 5, Acc 0 Balance 614.000000, Withdraw 200.000000 
User 6, Acc 0 Balance 14.000000, Deposit 400.000000 
User 6, Acc 0 Balance 814.000000, Withdraw 200.000000 
User 6, Acc 0 Balance 614.000000, Deposit 100.000000 
User 6, Acc 0 Balance 714.000000, Withdraw 50.000000 
User 6, Acc 0 Balance 664.000000, Withdraw 150.000000 
User 6, Acc 0 Balance 514.000000, Deposit 300.000000 
User 6, Acc 0 Balance 814.000000, Transfer 300.000000 to Acc 1
Balance in 1: 311.000000
User 6, Acc 0 Balance 514.000000, Deposit 7.000000 
User 6, Acc 1 Balance 311.000000, Deposit 11.000000 
User 6, Acc 2 Balance 9.000000, Deposit 9.000000 
User 6, Acc 7 Balance 8997.000000, Transfer 31.000000 to Acc 6
User 6, Acc 7 Balance 8966.000000, Transfer 137.000000 to Acc 5
User 6, Acc 7 Balance 8829.000000, Transfer 3.000000 to Acc 4
User 6, Acc 7 Balance 8826.000000, Transfer 5.000000 to Acc 4
User 6, Acc 3 Balance 0.000000, Deposit 929.000000 
User 6, Acc 4 Balance 900.000000, Deposit 937.000000 
User 6, Acc 5 Balance 2572.000000, Deposit 941.000000 
User 6, Acc 4 Balance 1837.000000, Withdraw 1167.000000 
User 6, Acc 5 Balance 3513.000000, Withdraw 1307.000000 
User 3, Acc 0 Balance 14.000000, Deposit 400.000000 
User 2, Acc 9 Balance 129.000000, Deposit 617.000000 
User 3, Acc 0 Balance 921.000000, Withdraw 200.000000 
User 2, Acc 9 Balance 746.000000, Transfer 617.000000 to Acc 1
User 1, Acc 0 Balance 14.000000, Deposit 907.000000 
User 0, Acc 7 Balance 8997.000000, Transfer 3.000000 to Acc 4
User 6, Acc 1 Balance 322.000000, Transfer 89.000000 to Acc 8
User 5, Acc 0 Balance 414.000000, Withdraw 100.000000 
User 5, Acc 0 Balance 1528.000000, Withdraw 50.000000 
User 5, Acc 1 Balance 850.000000, Transfer 200.000000 to Acc 0
Balance in 0: 1678.000000
User 5, Acc 7 Balance 8818.000000, Deposit 9929.000000 
User 2, Acc 8 Balance 0.000000, Deposit 619.000000 
User 5, Acc 4 Balance 673.000000, Deposit 937.000000 
User 5, Acc 5 Balance 2206.000000, Deposit 941.000000 
User 5, Acc 0 Balance 1678.000000, Deposit 7.000000 
User 6, Acc 1 Balance 850.000000, Transfer 163.000000 to Acc 9
User 5, Acc 3 Balance 929.000000, Deposit 29.000000 
User 6, Acc 1 Balance 487.000000, Withdraw 41.000000 
User 2, Acc 8 Balance 708.000000, Transfer 619.000000 to Acc 2
User 2, Acc 7 Balance 18747.000000, Deposit 631.000000 
User 2, Acc 7 Balance 19378.000000, Transfer 631.000000 to Acc 3
User 2, Acc 6 Balance 879.000000, Deposit 641.000000 
User 2, Acc 6 Balance 1520.000000, Transfer 641.000000 to Acc 4
User 2, Acc 5 Balance 3147.000000, Deposit 643.000000 
User 2, Acc 5 Balance 3790.000000, Transfer 1200.000000 to Acc 6
User 1, Acc 1 Balance 939.000000, Deposit 911.000000 
[22;32mUser 6, Acc 2 Balance 18.000000, 				Withdraw 71.000000 --insufficient funds[0m
User 0, Acc 7 Balance 8818.000000, Transfer 5.000000 to Acc 4
User 6, Acc 3 Balance 1589.000000, Withdraw 1127.000000 
User 6, Acc 6 Balance 2079.000000, Withdraw 647.000000 
User 0, Acc 3 Balance 462.000000, Deposit 929.000000 
User 3, Acc 1 Balance 322.000000, Deposit 100.000000 
User 2, Acc 4 Balance 2251.000000, Deposit 647.000000 
User 3, Acc 2 Balance 637.000000, Deposit 900.000000 
User 2, Acc 4 Balance 2903.000000, Transfer 1200.000000 to Acc 7
User 4, Acc 7 Balance 9134.000000, Deposit 9929.000000 
User 4, Acc 4 Balance 1703.000000, Deposit 937.000000 
User 6, Acc 6 Balance 1432.000000, Deposit 953.000000 
User 6, Acc 7 Balance 29871.000000, Deposit 967.000000 
User 6, Acc 1 Balance 1457.000000, Transfer 19.000000 to Acc 7
User 6, Acc 2 Balance 1537.000000, Transfer 23.000000 to Acc 7
User 6, Acc 6 Balance 2385.000000, Transfer 1167.000000 to Acc 5
User 2, Acc 3 Balance 1391.000000, Deposit 653.000000 
User 3, Acc 1 Balance 1457.000000, Withdraw 50.000000 
User 2, Acc 3 Balance 2044.000000, Transfer 1200.000000 to Acc 8
User 3, Acc 2 Balance 1514.000000, Withdraw 150.000000 
User 2, Acc 2 Balance 1514.000000, Deposit 659.000000 
User 2, Acc 2 Balance 2173.000000, Transfer 1200.000000 to Acc 9
User 1, Acc 2 Balance 637.000000, Deposit 919.000000 
User 6, Acc 4 Balance 2640.000000, Transfer 53.000000 to Acc 5
User 6, Acc 7 Balance 30880.000000, Withdraw 1593.000000 
User 6, Acc 8 Balance 1289.000000, Withdraw 449.000000 
User 6, Acc 9 Balance 1492.000000, Withdraw 163.000000 
User 3, Acc 3 Balance 844.000000, Deposit 500.000000 
User 3, Acc 2 Balance 1742.000000, Transfer 300.000000 to Acc 1
User 0, Acc 4 Balance 2256.000000, Deposit 937.000000 
User 3, Acc 3 Balance 1344.000000, Transfer 300.000000 to Acc 1
User 2, Acc 1 Balance 1388.000000, Deposit 661.000000 
User 3, Acc 0 Balance 1685.000000, Deposit 400.000000 
User 2, Acc 1 Balance 2649.000000, Transfer 1200.000000 to Acc 9
User 6, Acc 7 Balance 29287.000000, Deposit 9929.000000 
User 0, Acc 5 Balance 3810.000000, Deposit 941.000000 
User 6, Acc 4 Balance 3524.000000, Deposit 937.000000 
User 5, Acc 7 Balance 18747.000000, Deposit 9.000000 
User 3, Acc 3 Balance 1044.000000, Withdraw 200.000000 
User 5, Acc 9 Balance 2529.000000, Deposit 129.000000 
User 5, Acc 3 Balance 1044.000000, Transfer 29.000000 to Acc 7
User 2, Acc 0 Balance 2085.000000, Deposit 673.000000 
User 0, Acc 4 Balance 3524.000000, Withdraw 1167.000000 
User 1, Acc 3 Balance 844.000000, Transfer 29.000000 to Acc 7
User 6, Acc 5 Balance 4751.000000, Deposit 941.000000 
User 4, Acc 5 Balance 2590.000000, Deposit 941.000000 
Balance in 1: 1449.000000
User 4, Acc 0 Balance 2758.000000, Deposit 7.000000 
User 4, Acc 3 Balance 786.000000, Deposit 29.000000 
User 3, Acc 7 Balance 39283.000000, Deposit 9929.000000 
User 0, Acc 5 Balance 4751.000000, Withdraw 1307.000000 
User 0, Acc 1 Balance 1449.000000, Transfer 89.000000 to Acc 8
User 0, Acc 1 Balance 1360.000000, Transfer 163.000000 to Acc 9
User 0, Acc 1 Balance 1197.000000, Withdraw 41.000000 
User 0, Acc 2 Balance 1442.000000, Withdraw 71.000000 
[22;32mUser 0, Acc 3 Balance 815.000000, 				Withdraw 1127.000000 --insufficient funds[0m
User 0, Acc 6 Balance 1218.000000, Withdraw 647.000000 
User 0, Acc 6 Balance 571.000000, Deposit 953.000000 
User 4, Acc 7 Balance 39283.000000, Deposit 9.000000 
User 3, Acc 4 Balance 3294.000000, Deposit 937.000000 
User 4, Acc 9 Balance 2821.000000, Deposit 129.000000 
User 3, Acc 5 Balance 5326.000000, Deposit 941.000000 
User 4, Acc 3 Balance 815.000000, Transfer 29.000000 to Acc 7
User 4, Acc 7 Balance 49250.000000, Transfer 31.000000 to Acc 6
User 2, Acc 0 Balance 2758.000000, Transfer 1200.000000 to Acc 9
User 4, Acc 7 Balance 49219.000000, Transfer 137.000000 to Acc 5
User 1, Acc 7 Balance 39283.000000, Transfer 31.000000 to Acc 6
User 4, Acc 7 Balance 49082.000000, Transfer 3.000000 to Acc 4
User 6, Acc 0 Balance 2758.000000, Deposit 7.000000 
User 4, Acc 7 Balance 49048.000000, Transfer 5.000000 to Acc 4
User 6, Acc 3 Balance 786.000000, Deposit 29.000000 
User 6, Acc 7 Balance 49048.000000, Deposit 9.000000 
User 4, Acc 4 Balance 4239.000000, Withdraw 1167.000000 
User 6, Acc 9 Balance 4150.000000, Deposit 129.000000 
User 4, Acc 5 Balance 6404.000000, Withdraw 1307.000000 
User 6, Acc 3 Balance 815.000000, Transfer 29.000000 to Acc 7
User 3, Acc 0 Balance 2765.000000, Deposit 7.000000 
User 6, Acc 7 Balance 49081.000000, Transfer 31.000000 to Acc 6
User 2, Acc 7 Balance 49219.000000, Deposit 9929.000000 
User 6, Acc 7 Balance 49050.000000, Transfer 137.000000 to Acc 5
User 2, Acc 4 Balance 3072.000000, Deposit 937.000000 
User 6, Acc 7 Balance 58842.000000, Transfer 3.000000 to Acc 4
User 2, Acc 5 Balance 5234.000000, Deposit 941.000000 
User 2, Acc 0 Balance 1579.000000, Deposit 7.000000 
User 2, Acc 3 Balance 786.000000, Deposit 29.000000 
User 2, Acc 7 Balance 58839.000000, Deposit 9.000000 
User 2, Acc 9 Balance 4279.000000, Deposit 129.000000 
User 2, Acc 3 Balance 815.000000, Transfer 29.000000 to Acc 7
User 2, Acc 7 Balance 58877.000000, Transfer 31.000000 to Acc 6
User 2, Acc 7 Balance 58846.000000, Transfer 137.000000 to Acc 5
User 6, Acc 7 Balance 58839.000000, Transfer 5.000000 to Acc 4
User 6, Acc 4 Balance 4017.000000, Withdraw 1167.000000 
User 6, Acc 5 Balance 6312.000000, Withdraw 1307.000000 
User 6, Acc 1 Balance 1156.000000, Transfer 89.000000 to Acc 8
User 6, Acc 1 Balance 1067.000000, Transfer 163.000000 to Acc 9
User 6, Acc 1 Balance 904.000000, Withdraw 41.000000 
User 6, Acc 2 Balance 1371.000000, Withdraw 71.000000 
[22;32mUser 6, Acc 3 Balance 786.000000, 				Withdraw 1127.000000 --insufficient funds[0m
User 6, Acc 6 Balance 1648.000000, Withdraw 647.000000 
User 6, Acc 6 Balance 1001.000000, Deposit 1953.000000 
User 6, Acc 7 Balance 58704.000000, Deposit 967.000000 
User 2, Acc 7 Balance 58709.000000, Transfer 3.000000 to Acc 4
User 2, Acc 7 Balance 59668.000000, Transfer 5.000000 to Acc 4
User 0, Acc 7 Balance 49212.000000, Deposit 967.000000 
User 3, Acc 3 Balance 786.000000, Deposit 29.000000 
User 0, Acc 1 Balance 863.000000, Transfer 19.000000 to Acc 7
User 1, Acc 7 Balance 49051.000000, Transfer 37.000000 to Acc 5
User 5, Acc 7 Balance 39254.000000, Transfer 31.000000 to Acc 6
User 1, Acc 7 Balance 60612.000000, Transfer 3.000000 to Acc 4
User 5, Acc 7 Balance 60581.000000, Transfer 137.000000 to Acc 5
User 1, Acc 7 Balance 60578.000000, Transfer 5.000000 to Acc 4
User 5, Acc 7 Balance 60441.000000, Transfer 3.000000 to Acc 4
User 0, Acc 2 Balance 1300.000000, Transfer 23.000000 to Acc 7
User 3, Acc 7 Balance 60649.000000, Deposit 9.000000 
User 0, Acc 6 Balance 2985.000000, Transfer 1167.000000 to Acc 5
User 2, Acc 4 Balance 2858.000000, Withdraw 1167.000000 
User 0, Acc 4 Balance 2869.000000, Transfer 53.000000 to Acc 5
User 2, Acc 5 Balance 6346.000000, Withdraw 1307.000000 
User 0, Acc 7 Balance 60465.000000, Withdraw 1593.000000 
User 0, Acc 8 Balance 1018.000000, Withdraw 449.000000 
User 0, Acc 9 Balance 4571.000000, Withdraw 163.000000 
User 6, Acc 1 Balance 863.000000, Transfer 19.000000 to Acc 7
User 6, Acc 2 Balance 1277.000000, Transfer 23.000000 to Acc 7
User 6, Acc 6 Balance 1818.000000, Transfer 1167.000000 to Acc 5
User 6, Acc 4 Balance 1649.000000, Transfer 53.000000 to Acc 5
User 2, Acc 1 Balance 844.000000, Transfer 89.000000 to Acc 8
User 2, Acc 1 Balance 736.000000, Transfer 163.000000 to Acc 9
User 5, Acc 7 Balance 60433.000000, Transfer 5.000000 to Acc 4
User 2, Acc 1 Balance 573.000000, Withdraw 41.000000 
User 4, Acc 1 Balance 1156.000000, Transfer 89.000000 to Acc 8
User 0, Acc 0 Balance 1586.000000, Deposit 400.000000 
User 1, Acc 3 Balance 815.000000, Deposit 929.000000 
User 0, Acc 0 Balance 1986.000000, Withdraw 200.000000 
User 6, Acc 7 Balance 58914.000000, Withdraw 1593.000000 
User 2, Acc 2 Balance 1254.000000, Withdraw 71.000000 
User 3, Acc 9 Balance 4571.000000, Deposit 129.000000 
User 2, Acc 3 Balance 1744.000000, Withdraw 1127.000000 
User 1, Acc 4 Balance 1601.000000, Deposit 937.000000 
User 5, Acc 4 Balance 1601.000000, Withdraw 1167.000000 
User 0, Acc 1 Balance 443.000000, Deposit 100.000000 
User 5, Acc 5 Balance 6312.000000, Withdraw 1307.000000 
User 6, Acc 8 Balance 747.000000, Withdraw 449.000000 
User 5, Acc 1 Balance 543.000000, Transfer 89.000000 to Acc 8
User 5, Acc 1 Balance 454.000000, Transfer 163.000000 to Acc 9
User 2, Acc 6 Balance 651.000000, Withdraw 647.000000 
User 1, Acc 5 Balance 6312.000000, Deposit 941.000000 
User 2, Acc 6 Balance 4.000000, Deposit 1953.000000 
User 0, Acc 2 Balance 1183.000000, Deposit 900.000000 
User 3, Acc 3 Balance 1744.000000, Transfer 29.000000 to Acc 7
User 4, Acc 1 Balance 443.000000, Transfer 163.000000 to Acc 9
User 5, Acc 1 Balance 291.000000, Withdraw 41.000000 
User 4, Acc 1 Balance 128.000000, Withdraw 41.000000 
User 4, Acc 2 Balance 2083.000000, Withdraw 71.000000 
User 1, Acc 4 Balance 1371.000000, Withdraw 167.000000 
User 1, Acc 5 Balance 5946.000000, Withdraw 307.000000 
User 3, Acc 7 Balance 57345.000000, Transfer 31.000000 to Acc 6
User 1, Acc 1 Balance 46.000000, Withdraw 41.000000 
User 3, Acc 7 Balance 57314.000000, Transfer 137.000000 to Acc 5
User 3, Acc 7 Balance 57177.000000, Transfer 3.000000 to Acc 4
User 5, Acc 2 Balance 2083.000000, Withdraw 71.000000 
[22;32mUser 4, Acc 3 Balance 588.000000, 				Withdraw 1127.000000 --insufficient funds[0m
[22;32mUser 5, Acc 3 Balance 588.000000, 				Withdraw 1127.000000 --insufficient funds[0m
User 5, Acc 6 Balance 1988.000000, Withdraw 647.000000 
User 6, Acc 9 Balance 4700.000000, Withdraw 163.000000 
User 5, Acc 6 Balance 1341.000000, Deposit 1953.000000 
User 6, Acc 7 Balance 57174.000000, Deposit 9929.000000 
User 5, Acc 7 Balance 57174.000000, Deposit 967.000000 
User 6, Acc 4 Balance 1207.000000, Deposit 937.000000 
User 5, Acc 2 Balance 1941.000000, Transfer 23.000000 to Acc 7
User 0, Acc 1 Balance 291.000000, Withdraw 50.000000 
User 1, Acc 2 Balance 2012.000000, Withdraw 71.000000 
User 0, Acc 2 Balance 1918.000000, Withdraw 150.000000 
User 1, Acc 3 Balance 588.000000, Withdraw 127.000000 
User 0, Acc 3 Balance 588.000000, Deposit 500.000000 
User 0, Acc 2 Balance 1697.000000, Transfer 300.000000 to Acc 1
User 5, Acc 6 Balance 3294.000000, Transfer 1167.000000 to Acc 5
User 0, Acc 3 Balance 961.000000, Transfer 300.000000 to Acc 1
User 5, Acc 4 Balance 2144.000000, Transfer 53.000000 to Acc 5
User 3, Acc 7 Balance 57174.000000, Transfer 5.000000 to Acc 4
User 1, Acc 6 Balance 3294.000000, Withdraw 647.000000 
User 6, Acc 5 Balance 5776.000000, Deposit 941.000000 
User 1, Acc 6 Balance 1480.000000, Deposit 953.000000 
User 1, Acc 7 Balance 68088.000000, Deposit 967.000000 
User 0, Acc 0 Balance 1786.000000, Deposit 400.000000 
User 1, Acc 1 Balance 555.000000, Transfer 19.000000 to Acc 7
User 3, Acc 4 Balance 2096.000000, Withdraw 1167.000000 
User 1, Acc 2 Balance 1397.000000, Transfer 23.000000 to Acc 7
User 3, Acc 5 Balance 7937.000000, Withdraw 1307.000000 
User 1, Acc 6 Balance 2433.000000, Transfer 67.000000 to Acc 5
User 3, Acc 1 Balance 536.000000, Transfer 89.000000 to Acc 8
User 5, Acc 7 Balance 68093.000000, Withdraw 1593.000000 
User 4, Acc 6 Balance 1988.000000, Withdraw 647.000000 
User 6, Acc 0 Balance 1786.000000, Deposit 7.000000 
User 4, Acc 6 Balance 1719.000000, Deposit 1953.000000 
User 2, Acc 7 Balance 57316.000000, Deposit 967.000000 
User 3, Acc 1 Balance 447.000000, Transfer 163.000000 to Acc 9
User 2, Acc 1 Balance 447.000000, Transfer 19.000000 to Acc 7
User 3, Acc 1 Balance 284.000000, Withdraw 41.000000 
User 2, Acc 2 Balance 1374.000000, Transfer 23.000000 to Acc 7
User 4, Acc 7 Balance 67504.000000, Deposit 967.000000 
User 2, Acc 6 Balance 3672.000000, Transfer 1167.000000 to Acc 5
User 4, Acc 1 Balance 224.000000, Transfer 19.000000 to Acc 7
User 5, Acc 8 Balance 476.000000, Withdraw 449.000000 
User 4, Acc 2 Balance 1351.000000, Transfer 23.000000 to Acc 7
User 5, Acc 9 Balance 5026.000000, Withdraw 163.000000 
User 6, Acc 3 Balance 661.000000, Deposit 29.000000 
User 1, Acc 4 Balance 929.000000, Transfer 53.000000 to Acc 5
User 0, Acc 3 Balance 661.000000, Withdraw 200.000000 
User 1, Acc 7 Balance 69522.000000, Withdraw 593.000000 
[22;32mUser 1, Acc 8 Balance 27.000000, 				Withdraw 449.000000 --insufficient funds[0m
User 3, Acc 2 Balance 1374.000000, Withdraw 71.000000 
User 4, Acc 6 Balance 2505.000000, Transfer 1167.000000 to Acc 5
User 5, Acc 0 Balance 2193.000000, Deposit 7.000000 
User 4, Acc 4 Balance 876.000000, Transfer 53.000000 to Acc 5
User 4, Acc 7 Balance 68929.000000, Withdraw 1593.000000 
User 2, Acc 4 Balance 929.000000, Transfer 53.000000 to Acc 5
Balance in 1: 205.000000
User 2, Acc 7 Balance 67336.000000, Withdraw 1593.000000 
User 1, Acc 9 Balance 4863.000000, Withdraw 163.000000 
[22;32mUser 3, Acc 3 Balance 490.000000, 				Withdraw 1127.000000 --insufficient funds[0m
User 1, Acc 0 Balance 2200.000000, Deposit 7.000000 
User 6, Acc 7 Balance 69522.000000, Deposit 9.000000 
User 5, Acc 1 Balance 205.000000, Deposit 11.000000 
User 5, Acc 2 Balance 1257.000000, Deposit 9.000000 
User 5, Acc 3 Balance 490.000000, Transfer 29.000000 to Acc 7
User 5, Acc 7 Balance 65781.000000, Transfer 31.000000 to Acc 6
User 5, Acc 7 Balance 65750.000000, Transfer 137.000000 to Acc 5
User 5, Acc 7 Balance 65613.000000, Transfer 3.000000 to Acc 4
User 5, Acc 7 Balance 65610.000000, Transfer 5.000000 to Acc 4
User 5, Acc 3 Balance 461.000000, Deposit 929.000000 
User 6, Acc 9 Balance 4700.000000, Deposit 129.000000 
User 5, Acc 4 Balance 778.000000, Deposit 937.000000 
User 6, Acc 3 Balance 1390.000000, Transfer 29.000000 to Acc 7
User 0, Acc 0 Balance 2200.000000, Deposit 7.000000 
User 6, Acc 7 Balance 65634.000000, Transfer 31.000000 to Acc 6
User 0, Acc 1 Balance 216.000000, Deposit 11.000000 
User 0, Acc 2 Balance 1266.000000, Deposit 9.000000 
[22;32mUser 4, Acc 8 Balance 27.000000, 				Withdraw 449.000000 --insufficient funds[0m
[22;32mUser 2, Acc 8 Balance 27.000000, 				Withdraw 449.000000 --insufficient funds[0m
User 4, Acc 9 Balance 4829.000000, Withdraw 163.000000 
User 2, Acc 9 Balance 4829.000000, Withdraw 163.000000 
User 4, Acc 0 Balance 2214.000000, Deposit 7.000000 
User 4, Acc 1 Balance 227.000000, Deposit 11.000000 
User 1, Acc 1 Balance 205.000000, Deposit 11.000000 
User 0, Acc 3 Balance 1361.000000, Transfer 29.000000 to Acc 7
User 5, Acc 5 Balance 9327.000000, Deposit 941.000000 
User 3, Acc 6 Balance 1338.000000, Withdraw 647.000000 
User 2, Acc 9 Balance 4503.000000, Deposit 617.000000 
User 6, Acc 7 Balance 65603.000000, Transfer 137.000000 to Acc 5
User 2, Acc 9 Balance 5120.000000, Transfer 617.000000 to Acc 1
User 6, Acc 7 Balance 65495.000000, Transfer 3.000000 to Acc 4
User 1, Acc 2 Balance 1275.000000, Deposit 9.000000 
User 0, Acc 7 Balance 65632.000000, Transfer 31.000000 to Acc 6
User 1, Acc 3 Balance 1332.000000, Transfer 29.000000 to Acc 7
User 4, Acc 2 Balance 1275.000000, Deposit 9.000000 
User 1, Acc 7 Balance 65490.000000, Transfer 31.000000 to Acc 6
User 4, Acc 3 Balance 1303.000000, Transfer 29.000000 to Acc 7
User 4, Acc 7 Balance 65519.000000, Transfer 31.000000 to Acc 6
User 6, Acc 7 Balance 65492.000000, Transfer 5.000000 to Acc 4
User 4, Acc 7 Balance 65457.000000, Transfer 137.000000 to Acc 5
User 6, Acc 4 Balance 1723.000000, Withdraw 1167.000000 
User 6, Acc 5 Balance 10405.000000, Withdraw 1307.000000 
User 4, Acc 7 Balance 65315.000000, Transfer 3.000000 to Acc 4
User 2, Acc 8 Balance 27.000000, Deposit 619.000000 
User 4, Acc 7 Balance 65312.000000, Transfer 5.000000 to Acc 4
User 4, Acc 3 Balance 1274.000000, Deposit 929.000000 
User 2, Acc 8 Balance 646.000000, Transfer 619.000000 to Acc 2
User 4, Acc 4 Balance 564.000000, Deposit 937.000000 
User 0, Acc 7 Balance 65461.000000, Transfer 137.000000 to Acc 5
User 4, Acc 5 Balance 9235.000000, Deposit 941.000000 
User 0, Acc 7 Balance 65170.000000, Transfer 3.000000 to Acc 4
User 5, Acc 4 Balance 1715.000000, Withdraw 1167.000000 
User 3, Acc 6 Balance 753.000000, Deposit 1953.000000 
User 5, Acc 5 Balance 10313.000000, Withdraw 1307.000000 
User 2, Acc 7 Balance 65307.000000, Deposit 631.000000 
User 6, Acc 1 Balance 866.000000, Transfer 89.000000 to Acc 8
User 2, Acc 7 Balance 65798.000000, Transfer 631.000000 to Acc 3
User 6, Acc 1 Balance 777.000000, Transfer 163.000000 to Acc 9
User 2, Acc 6 Balance 2799.000000, Deposit 641.000000 
User 2, Acc 6 Balance 3440.000000, Transfer 641.000000 to Acc 4
User 5, Acc 1 Balance 866.000000, Transfer 89.000000 to Acc 8
User 2, Acc 5 Balance 9006.000000, Deposit 643.000000 
User 3, Acc 7 Balance 65167.000000, Deposit 967.000000 
User 2, Acc 5 Balance 9649.000000, Transfer 1200.000000 to Acc 6
User 3, Acc 1 Balance 525.000000, Transfer 19.000000 to Acc 7
User 6, Acc 1 Balance 614.000000, Withdraw 41.000000 
User 4, Acc 4 Balance 1504.000000, Withdraw 1167.000000 
User 6, Acc 2 Balance 1912.000000, Withdraw 71.000000 
User 4, Acc 5 Balance 8449.000000, Withdraw 1307.000000 
User 2, Acc 4 Balance 978.000000, Deposit 647.000000 
User 4, Acc 1 Balance 465.000000, Transfer 89.000000 to Acc 8
User 2, Acc 3 Balance 2834.000000, Deposit 653.000000 
User 2, Acc 3 Balance 3487.000000, Transfer 1200.000000 to Acc 8
User 2, Acc 2 Balance 1841.000000, Deposit 659.000000 
User 2, Acc 2 Balance 2500.000000, Transfer 1200.000000 to Acc 9
User 6, Acc 3 Balance 2834.000000, Withdraw 1127.000000 
User 3, Acc 2 Balance 1912.000000, Transfer 23.000000 to Acc 7
User 6, Acc 6 Balance 3999.000000, Withdraw 647.000000 
User 3, Acc 6 Balance 3999.000000, Transfer 1167.000000 to Acc 5
User 4, Acc 1 Balance 376.000000, Transfer 163.000000 to Acc 9
User 0, Acc 7 Balance 65167.000000, Transfer 5.000000 to Acc 4
User 2, Acc 1 Balance 376.000000, Deposit 661.000000 
User 0, Acc 3 Balance 1160.000000, Deposit 929.000000 
User 2, Acc 0 Balance 2221.000000, Deposit 673.000000 
User 3, Acc 4 Balance 458.000000, Transfer 53.000000 to Acc 5
User 2, Acc 0 Balance 2894.000000, Transfer 1200.000000 to Acc 9
User 3, Acc 7 Balance 66171.000000, Withdraw 1593.000000 
User 2, Acc 0 Balance 1694.000000, Deposit 7.000000 
User 3, Acc 8 Balance 1494.000000, Withdraw 449.000000 
User 6, Acc 6 Balance 3352.000000, Deposit 1953.000000 
User 6, Acc 7 Balance 64578.000000, Deposit 967.000000 
User 6, Acc 1 Balance 874.000000, Transfer 19.000000 to Acc 7
User 6, Acc 2 Balance 1277.000000, Transfer 23.000000 to Acc 7
User 6, Acc 6 Balance 4138.000000, Transfer 1167.000000 to Acc 5
User 2, Acc 1 Balance 874.000000, Deposit 11.000000 
User 6, Acc 4 Balance 410.000000, Transfer 53.000000 to Acc 5
User 2, Acc 2 Balance 1254.000000, Deposit 9.000000 
User 0, Acc 4 Balance 463.000000, Deposit 937.000000 
User 1, Acc 7 Balance 65488.000000, Transfer 137.000000 to Acc 5
User 4, Acc 1 Balance 213.000000, Withdraw 41.000000 
User 1, Acc 7 Balance 65450.000000, Transfer 3.000000 to Acc 4
User 4, Acc 2 Balance 1263.000000, Withdraw 71.000000 
User 6, Acc 7 Balance 65587.000000, Withdraw 1593.000000 
User 2, Acc 3 Balance 2089.000000, Transfer 29.000000 to Acc 7
User 6, Acc 8 Balance 1045.000000, Withdraw 449.000000 
User 2, Acc 7 Balance 63883.000000, Transfer 31.000000 to Acc 6
User 6, Acc 9 Balance 7229.000000, Withdraw 163.000000 
User 1, Acc 7 Balance 65447.000000, Transfer 5.000000 to Acc 4
User 4, Acc 3 Balance 2089.000000, Withdraw 1127.000000 
User 0, Acc 5 Balance 9582.000000, Deposit 941.000000 
User 4, Acc 6 Balance 3002.000000, Withdraw 647.000000 
User 0, Acc 4 Balance 1302.000000, Withdraw 1167.000000 
User 4, Acc 6 Balance 2355.000000, Deposit 953.000000 
User 4, Acc 7 Balance 63847.000000, Deposit 967.000000 
User 4, Acc 1 Balance 825.000000, Transfer 19.000000 to Acc 7
User 5, Acc 1 Balance 525.000000, Transfer 163.000000 to Acc 9
User 3, Acc 9 Balance 7229.000000, Withdraw 163.000000 
User 2, Acc 7 Balance 63852.000000, Transfer 137.000000 to Acc 5
User 3, Acc 0 Balance 1701.000000, Deposit 400.000000 
User 0, Acc 5 Balance 10660.000000, Withdraw 1307.000000 
User 6, Acc 0 Balance 1701.000000, Deposit 400.000000 
User 4, Acc 2 Balance 1192.000000, Transfer 23.000000 to Acc 7
User 5, Acc 1 Balance 643.000000, Withdraw 41.000000 
User 4, Acc 6 Balance 3308.000000, Transfer 1167.000000 to Acc 5
User 4, Acc 4 Balance 135.000000, Transfer 53.000000 to Acc 5
User 3, Acc 0 Balance 2101.000000, Withdraw 200.000000 
User 4, Acc 7 Balance 64719.000000, Withdraw 1593.000000 
User 3, Acc 1 Balance 602.000000, Deposit 100.000000 
User 3, Acc 2 Balance 1169.000000, Deposit 900.000000 
User 4, Acc 8 Balance 596.000000, Withdraw 449.000000 
User 3, Acc 1 Balance 702.000000, Withdraw 50.000000 
User 2, Acc 7 Balance 64696.000000, Transfer 3.000000 to Acc 4
User 5, Acc 2 Balance 1169.000000, Withdraw 71.000000 
User 0, Acc 1 Balance 643.000000, Transfer 89.000000 to Acc 8
[22;32mUser 5, Acc 3 Balance 933.000000, 				Withdraw 1127.000000 --insufficient funds[0m
User 6, Acc 0 Balance 2501.000000, Withdraw 200.000000 
User 5, Acc 6 Balance 2141.000000, Withdraw 647.000000 
User 6, Acc 1 Balance 563.000000, Deposit 100.000000 
User 6, Acc 2 Balance 1998.000000, Deposit 900.000000 
User 5, Acc 6 Balance 1494.000000, Deposit 953.000000 
User 2, Acc 7 Balance 63123.000000, Transfer 5.000000 to Acc 4
User 2, Acc 3 Balance 933.000000, Deposit 929.000000 
User 3, Acc 2 Balance 2069.000000, Withdraw 150.000000 
User 2, Acc 4 Balance 90.000000, Deposit 937.000000 
User 3, Acc 3 Balance 1862.000000, Deposit 500.000000 
User 3, Acc 2 Balance 2748.000000, Transfer 300.000000 to Acc 1
User 3, Acc 3 Balance 2362.000000, Transfer 300.000000 to Acc 1
User 0, Acc 1 Balance 563.000000, Transfer 163.000000 to Acc 9
User 3, Acc 0 Balance 2101.000000, Deposit 400.000000 
User 3, Acc 3 Balance 2062.000000, Withdraw 200.000000 
User 0, Acc 1 Balance 1100.000000, Withdraw 41.000000 
User 1, Acc 3 Balance 2060.000000, Deposit 929.000000 
User 0, Acc 2 Balance 2448.000000, Withdraw 71.000000 
User 1, Acc 4 Balance 1027.000000, Deposit 937.000000 
User 0, Acc 3 Balance 2791.000000, Withdraw 1127.000000 
User 5, Acc 7 Balance 63123.000000, Deposit 967.000000 
Balance in 1: 1100.000000
User 5, Acc 1 Balance 1059.000000, Transfer 19.000000 to Acc 7
User 2, Acc 5 Balance 10710.000000, Deposit 941.000000 
User 1, Acc 5 Balance 10710.000000, Deposit 941.000000 
User 2, Acc 4 Balance 1964.000000, Withdraw 1167.000000 
User 1, Acc 4 Balance 1964.000000, Withdraw 1167.000000 
User 2, Acc 5 Balance 12592.000000, Withdraw 1307.000000 
User 3, Acc 0 Balance 2501.000000, Deposit 400.000000 
User 2, Acc 1 Balance 1040.000000, Transfer 89.000000 to Acc 8
User 6, Acc 1 Balance 663.000000, Withdraw 50.000000 
User 2, Acc 1 Balance 951.000000, Transfer 163.000000 to Acc 9
User 6, Acc 2 Balance 2377.000000, Withdraw 150.000000 
User 2, Acc 1 Balance 738.000000, Withdraw 41.000000 
User 4, Acc 9 Balance 7066.000000, Withdraw 163.000000 
User 3, Acc 0 Balance 2901.000000, Withdraw 200.000000 
User 5, Acc 2 Balance 2377.000000, Transfer 23.000000 to Acc 7
User 3, Acc 1 Balance 697.000000, Deposit 100.000000 
User 1, Acc 5 Balance 12592.000000, Withdraw 1307.000000 
User 6, Acc 3 Balance 1664.000000, Deposit 500.000000 
User 1, Acc 1 Balance 797.000000, Transfer 89.000000 to Acc 8
User 6, Acc 2 Balance 2204.000000, Transfer 300.000000 to Acc 1
User 0, Acc 6 Balance 2447.000000, Withdraw 647.000000 
User 6, Acc 3 Balance 2164.000000, Transfer 300.000000 to Acc 1
User 0, Acc 6 Balance 1800.000000, Deposit 953.000000 
User 0, Acc 7 Balance 64127.000000, Deposit 967.000000 
User 2, Acc 2 Balance 2227.000000, Withdraw 71.000000 
User 0, Acc 1 Balance 1308.000000, Transfer 19.000000 to Acc 7
User 2, Acc 3 Balance 1864.000000, Withdraw 1127.000000 
User 2, Acc 6 Balance 2753.000000, Withdraw 647.000000 
User 3, Acc 2 Balance 2204.000000, Deposit 900.000000 
User 2, Acc 6 Balance 2106.000000, Deposit 953.000000 
User 3, Acc 1 Balance 1289.000000, Withdraw 50.000000 
User 2, Acc 7 Balance 65113.000000, Deposit 967.000000 
User 0, Acc 2 Balance 1833.000000, Transfer 23.000000 to Acc 7
User 2, Acc 1 Balance 1239.000000, Transfer 19.000000 to Acc 7
User 0, Acc 6 Balance 3059.000000, Transfer 1167.000000 to Acc 5
User 0, Acc 7 Balance 66103.000000, Withdraw 1593.000000 
User 4, Acc 0 Balance 2901.000000, Deposit 400.000000 
User 3, Acc 2 Balance 2733.000000, Withdraw 150.000000 
User 4, Acc 0 Balance 3101.000000, Withdraw 200.000000 
User 3, Acc 3 Balance 737.000000, Deposit 500.000000 
User 5, Acc 6 Balance 2447.000000, Transfer 1167.000000 to Acc 5
User 2, Acc 2 Balance 2710.000000, Transfer 23.000000 to Acc 7
[22;32mUser 0, Acc 8 Balance 414.000000, 				Withdraw 449.000000 --insufficient funds[0m
User 2, Acc 7 Balance 64552.000000, Withdraw 1593.000000 
User 1, Acc 1 Balance 708.000000, Transfer 163.000000 to Acc 9
User 4, Acc 1 Balance 1220.000000, Deposit 100.000000 
User 3, Acc 2 Balance 2560.000000, Transfer 300.000000 to Acc 1
User 4, Acc 2 Balance 2537.000000, Deposit 900.000000 
User 4, Acc 1 Balance 1157.000000, Withdraw 50.000000 
User 5, Acc 7 Balance 64529.000000, Withdraw 1593.000000 
[22;32mUser 2, Acc 8 Balance 414.000000, 				Withdraw 449.000000 --insufficient funds[0m
[22;32mUser 5, Acc 8 Balance 414.000000, 				Withdraw 449.000000 --insufficient funds[0m
User 5, Acc 9 Balance 7392.000000, Withdraw 163.000000 
User 1, Acc 1 Balance 1057.000000, Withdraw 41.000000 
User 1, Acc 2 Balance 3137.000000, Withdraw 71.000000 
User 3, Acc 3 Balance 1237.000000, Transfer 300.000000 to Acc 1
User 1, Acc 3 Balance 1237.000000, Withdraw 1127.000000 
User 3, Acc 0 Balance 2901.000000, Deposit 400.000000 
User 3, Acc 3 Balance 937.000000, Withdraw 200.000000 
User 2, Acc 9 Balance 7392.000000, Withdraw 163.000000 
User 5, Acc 0 Balance 2901.000000, Deposit 400.000000 
User 6, Acc 0 Balance 2701.000000, Deposit 400.000000 
User 4, Acc 2 Balance 3137.000000, Withdraw 150.000000 
[22;32mUser 6, Acc 3 Balance -390.000000, 				Withdraw 200.000000 --insufficient funds[0m
Balance in 1: 1666.000000
User 4, Acc 3 Balance -390.000000, Deposit 500.000000 
Balance in 1: 1666.000000
User 4, Acc 2 Balance 2916.000000, Transfer 300.000000 to Acc 1
User 2, Acc 9 Balance 7066.000000, Deposit 617.000000 
User 4, Acc 0 Balance 4101.000000, Deposit 400.000000 
User 1, Acc 6 Balance 725.000000, Withdraw 647.000000 
[22;32mUser 4, Acc 3 Balance 110.000000, 				Withdraw 200.000000 --insufficient funds[0m
User 3, Acc 9 Balance 7066.000000, Deposit 617.000000 
Balance in 1: 1966.000000
User 5, Acc 0 Balance 3701.000000, Withdraw 200.000000 
User 2, Acc 9 Balance 7683.000000, Transfer 617.000000 to Acc 1
User 5, Acc 1 Balance 1966.000000, Deposit 100.000000 
User 5, Acc 2 Balance 2616.000000, Deposit 900.000000 
User 1, Acc 6 Balance 78.000000, Deposit 953.000000 
User 6, Acc 9 Balance 7066.000000, Deposit 617.000000 
User 1, Acc 7 Balance 61366.000000, Deposit 967.000000 
User 4, Acc 9 Balance 7683.000000, Deposit 617.000000 
User 2, Acc 8 Balance 414.000000, Deposit 619.000000 
User 4, Acc 9 Balance 8917.000000, Transfer 617.000000 to Acc 1
User 6, Acc 9 Balance 8300.000000, Transfer 617.000000 to Acc 1
User 4, Acc 8 Balance 1033.000000, Deposit 619.000000 
User 4, Acc 8 Balance 1652.000000, Transfer 619.000000 to Acc 2
User 1, Acc 1 Balance 2683.000000, Transfer 19.000000 to Acc 7
User 4, Acc 7 Balance 62333.000000, Deposit 631.000000 
User 4, Acc 7 Balance 62964.000000, Transfer 631.000000 to Acc 3
User 0, Acc 9 Balance 7229.000000, Withdraw 163.000000 
User 5, Acc 1 Balance 2683.000000, Withdraw 50.000000 
User 0, Acc 0 Balance 4301.000000, Deposit 400.000000 
User 3, Acc 9 Balance 8300.000000, Transfer 617.000000 to Acc 1
User 3, Acc 8 Balance 1033.000000, Deposit 619.000000 
User 3, Acc 8 Balance 1652.000000, Transfer 619.000000 to Acc 2
User 3, Acc 7 Balance 62352.000000, Deposit 631.000000 
User 3, Acc 7 Balance 62983.000000, Transfer 631.000000 to Acc 3
User 3, Acc 6 Balance 1031.000000, Deposit 641.000000 
User 3, Acc 6 Balance 1672.000000, Transfer 641.000000 to Acc 4
User 3, Acc 5 Balance 12312.000000, Deposit 643.000000 
User 3, Acc 5 Balance 12955.000000, Transfer 1200.000000 to Acc 6
User 3, Acc 4 Balance 271.000000, Deposit 647.000000 
User 3, Acc 3 Balance 1372.000000, Deposit 653.000000 
User 3, Acc 3 Balance 2025.000000, Transfer 1200.000000 to Acc 8
User 3, Acc 2 Balance 4754.000000, Deposit 659.000000 
User 3, Acc 2 Balance 5413.000000, Transfer 1200.000000 to Acc 9
User 3, Acc 1 Balance 4465.000000, Deposit 661.000000 
User 3, Acc 1 Balance 5126.000000, Transfer 1200.000000 to Acc 9
User 3, Acc 0 Balance 4701.000000, Deposit 673.000000 
User 3, Acc 0 Balance 5374.000000, Transfer 1200.000000 to Acc 9
User 3, Acc 9 Balance 10503.000000, Deposit 617.000000 
User 5, Acc 2 Balance 4135.000000, Withdraw 150.000000 
User 3, Acc 9 Balance 11120.000000, Transfer 617.000000 to Acc 1
User 2, Acc 8 Balance 1033.000000, Transfer 619.000000 to Acc 2
User 1, Acc 2 Balance 4135.000000, Transfer 23.000000 to Acc 7
User 2, Acc 7 Balance 62352.000000, Deposit 631.000000 
User 1, Acc 6 Balance 2231.000000, Transfer 1167.000000 to Acc 5
User 2, Acc 7 Balance 63006.000000, Transfer 631.000000 to Acc 3
User 6, Acc 8 Balance 1652.000000, Deposit 619.000000 
User 3, Acc 8 Balance 2233.000000, Deposit 619.000000 
User 6, Acc 8 Balance 2233.000000, Transfer 619.000000 to Acc 2
User 3, Acc 8 Balance 2852.000000, Transfer 619.000000 to Acc 2
User 6, Acc 7 Balance 62375.000000, Deposit 631.000000 
User 6, Acc 7 Balance 63006.000000, Transfer 631.000000 to Acc 3
User 2, Acc 6 Balance 1064.000000, Deposit 641.000000 
User 6, Acc 6 Balance 1064.000000, Deposit 641.000000 
User 6, Acc 6 Balance 1705.000000, Transfer 641.000000 to Acc 4
User 2, Acc 6 Balance 2346.000000, Transfer 641.000000 to Acc 4
User 6, Acc 5 Balance 12922.000000, Deposit 643.000000 
User 3, Acc 7 Balance 62375.000000, Deposit 631.000000 
User 3, Acc 7 Balance 63006.000000, Transfer 631.000000 to Acc 3
User 3, Acc 6 Balance 1064.000000, Deposit 641.000000 
User 4, Acc 6 Balance 1031.000000, Deposit 641.000000 
User 4, Acc 6 Balance 2346.000000, Transfer 641.000000 to Acc 4
User 2, Acc 5 Balance 12922.000000, Deposit 643.000000 
User 2, Acc 5 Balance 14208.000000, Transfer 1200.000000 to Acc 6
User 1, Acc 4 Balance 918.000000, Transfer 53.000000 to Acc 5
User 1, Acc 7 Balance 62375.000000, Withdraw 1593.000000 
User 1, Acc 8 Balance 1614.000000, Withdraw 449.000000 
User 6, Acc 5 Balance 13565.000000, Transfer 1200.000000 to Acc 6
User 0, Acc 0 Balance 4701.000000, Withdraw 200.000000 
User 6, Acc 4 Balance 2788.000000, Deposit 647.000000 
User 6, Acc 4 Balance 3435.000000, Transfer 1200.000000 to Acc 7
User 3, Acc 6 Balance 1705.000000, Transfer 641.000000 to Acc 4
User 4, Acc 5 Balance 13565.000000, Deposit 643.000000 
User 3, Acc 5 Balance 11861.000000, Deposit 643.000000 
User 4, Acc 5 Balance 12504.000000, Transfer 1200.000000 to Acc 6
User 1, Acc 9 Balance 10503.000000, Withdraw 163.000000 
User 5, Acc 3 Balance 825.000000, Deposit 500.000000 
User 1, Acc 0 Balance 3974.000000, Deposit 907.000000 
User 5, Acc 2 Balance 5897.000000, Transfer 300.000000 to Acc 1
User 5, Acc 3 Balance 3218.000000, Transfer 300.000000 to Acc 1
User 2, Acc 4 Balance 2841.000000, Deposit 647.000000 
User 5, Acc 0 Balance 4881.000000, Deposit 400.000000 
User 4, Acc 4 Balance 2876.000000, Deposit 647.000000 
User 0, Acc 0 Balance 3974.000000, Deposit 100.000000 
User 6, Acc 3 Balance 2718.000000, Deposit 653.000000 
User 0, Acc 0 Balance 5381.000000, Withdraw 50.000000 
User 6, Acc 3 Balance 3571.000000, Transfer 1200.000000 to Acc 8
User 0, Acc 0 Balance 5331.000000, Withdraw 150.000000 
User 3, Acc 5 Balance 11947.000000, Transfer 1200.000000 to Acc 6
User 4, Acc 4 Balance 4170.000000, Transfer 1200.000000 to Acc 7
User 3, Acc 4 Balance 4170.000000, Deposit 647.000000 
User 1, Acc 1 Balance 4843.000000, Deposit 911.000000 
User 3, Acc 4 Balance 3617.000000, Transfer 1200.000000 to Acc 7
User 0, Acc 0 Balance 5181.000000, Deposit 300.000000 
User 3, Acc 3 Balance 2371.000000, Deposit 653.000000 
User 4, Acc 3 Balance 2371.000000, Deposit 653.000000 
User 2, Acc 4 Balance 3523.000000, Transfer 1200.000000 to Acc 7
User 4, Acc 3 Balance 3677.000000, Transfer 1200.000000 to Acc 8
User 4, Acc 2 Balance 5597.000000, Deposit 659.000000 
User 1, Acc 2 Balance 5597.000000, Deposit 919.000000 
User 4, Acc 2 Balance 6256.000000, Transfer 1200.000000 to Acc 9
User 5, Acc 3 Balance 2918.000000, Withdraw 200.000000 
User 4, Acc 1 Balance 6054.000000, Deposit 661.000000 
Balance in 1: 6054.000000
User 5, Acc 0 Balance 5481.000000, Deposit 100.000000 
User 6, Acc 2 Balance 5597.000000, Deposit 659.000000 
User 1, Acc 3 Balance 2477.000000, Transfer 29.000000 to Acc 7
User 0, Acc 0 Balance 5481.000000, Transfer 300.000000 to Acc 1
User 1, Acc 7 Balance 65611.000000, Transfer 31.000000 to Acc 6
User 1, Acc 7 Balance 65580.000000, Transfer 37.000000 to Acc 5
User 2, Acc 3 Balance 2477.000000, Deposit 653.000000 
User 4, Acc 1 Balance 6715.000000, Transfer 1200.000000 to Acc 9
User 5, Acc 0 Balance 5581.000000, Deposit 200.000000 
User 4, Acc 0 Balance 5281.000000, Deposit 673.000000 
User 5, Acc 0 Balance 5481.000000, Deposit 300.000000 
User 3, Acc 3 Balance 3024.000000, Transfer 1200.000000 to Acc 8
User 1, Acc 7 Balance 65543.000000, Transfer 3.000000 to Acc 4
User 2, Acc 3 Balance 2901.000000, Transfer 1200.000000 to Acc 8
User 1, Acc 7 Balance 65540.000000, Transfer 5.000000 to Acc 4
User 1, Acc 3 Balance 1701.000000, Deposit 929.000000 
User 4, Acc 0 Balance 6154.000000, Transfer 1200.000000 to Acc 9
User 4, Acc 0 Balance 5254.000000, Deposit 400.000000 
User 4, Acc 0 Balance 5654.000000, Withdraw 200.000000 
User 4, Acc 0 Balance 5454.000000, Deposit 100.000000 
User 4, Acc 0 Balance 5554.000000, Withdraw 50.000000 
User 4, Acc 0 Balance 5504.000000, Withdraw 150.000000 
User 4, Acc 0 Balance 5354.000000, Deposit 300.000000 
User 4, Acc 0 Balance 5654.000000, Transfer 300.000000 to Acc 1
Balance in 1: 6115.000000
User 4, Acc 0 Balance 5354.000000, Deposit 400.000000 
User 4, Acc 0 Balance 5754.000000, Withdraw 200.000000 
User 4, Acc 0 Balance 5554.000000, Deposit 100.000000 
User 4, Acc 0 Balance 5654.000000, Withdraw 50.000000 
User 4, Acc 0 Balance 5604.000000, Withdraw 150.000000 
User 3, Acc 2 Balance 6634.000000, Deposit 659.000000 
User 6, Acc 2 Balance 6634.000000, Transfer 1200.000000 to Acc 9
User 2, Acc 2 Balance 6634.000000, Deposit 659.000000 
User 6, Acc 1 Balance 6115.000000, Deposit 661.000000 
User 1, Acc 4 Balance 1225.000000, Deposit 937.000000 
Balance in 1: 7015.000000
User 1, Acc 5 Balance 10784.000000, Deposit 941.000000 
User 1, Acc 4 Balance 2162.000000, Withdraw 167.000000 
User 3, Acc 2 Balance 7293.000000, Transfer 1200.000000 to Acc 9
User 2, Acc 2 Balance 6752.000000, Transfer 1200.000000 to Acc 9
User 5, Acc 0 Balance 6454.000000, Withdraw 200.000000 
User 6, Acc 1 Balance 6776.000000, Transfer 1200.000000 to Acc 9
User 4, Acc 0 Balance 5454.000000, Deposit 300.000000 
User 0, Acc 0 Balance 5454.000000, Deposit 400.000000 
User 4, Acc 0 Balance 5554.000000, Transfer 300.000000 to Acc 1
User 0, Acc 0 Balance 5954.000000, Withdraw 200.000000 
Balance in 1: 5876.000000
User 4, Acc 0 Balance 5654.000000, Deposit 400.000000 
User 5, Acc 0 Balance 5254.000000, Withdraw 100.000000 
User 4, Acc 0 Balance 5854.000000, Withdraw 200.000000 
User 5, Acc 0 Balance 5754.000000, Withdraw 50.000000 
User 4, Acc 0 Balance 5554.000000, Deposit 100.000000 
User 3, Acc 1 Balance 6776.000000, Deposit 661.000000 
User 2, Acc 1 Balance 6776.000000, Deposit 661.000000 
User 3, Acc 1 Balance 6537.000000, Transfer 1200.000000 to Acc 9
User 1, Acc 5 Balance 11725.000000, Withdraw 307.000000 
User 3, Acc 0 Balance 5604.000000, Deposit 673.000000 
User 3, Acc 0 Balance 6277.000000, Transfer 1200.000000 to Acc 9
User 1, Acc 1 Balance 5998.000000, Transfer 89.000000 to Acc 8
User 3, Acc 0 Balance 5077.000000, Deposit 400.000000 
User 1, Acc 1 Balance 5909.000000, Transfer 163.000000 to Acc 9
User 6, Acc 0 Balance 5254.000000, Deposit 673.000000 
User 5, Acc 1 Balance 5876.000000, Transfer 200.000000 to Acc 0
User 6, Acc 0 Balance 6150.000000, Transfer 1200.000000 to Acc 9
Balance in 0: 6350.000000
User 5, Acc 0 Balance 6350.000000, Deposit 907.000000 
User 6, Acc 0 Balance 5150.000000, Deposit 907.000000 
User 1, Acc 1 Balance 5746.000000, Withdraw 41.000000 
User 2, Acc 1 Balance 7198.000000, Transfer 1200.000000 to Acc 9
User 1, Acc 2 Balance 4352.000000, Withdraw 71.000000 
User 2, Acc 0 Balance 6964.000000, Deposit 673.000000 
User 2, Acc 0 Balance 7637.000000, Transfer 1200.000000 to Acc 9
User 3, Acc 0 Balance 5477.000000, Withdraw 200.000000 
User 2, Acc 0 Balance 6437.000000, Deposit 907.000000 
User 5, Acc 1 Balance 5546.000000, Deposit 911.000000 
User 6, Acc 1 Balance 5546.000000, Deposit 911.000000 
User 1, Acc 3 Balance 1430.000000, Withdraw 127.000000 
User 0, Acc 0 Balance 5454.000000, Deposit 100.000000 
User 3, Acc 0 Balance 6237.000000, Deposit 100.000000 
User 2, Acc 1 Balance 4305.000000, Deposit 911.000000 
User 3, Acc 0 Balance 7344.000000, Withdraw 50.000000 
User 4, Acc 0 Balance 5604.000000, Withdraw 50.000000 
User 5, Acc 2 Balance 4281.000000, Deposit 919.000000 
User 1, Acc 6 Balance 5895.000000, Withdraw 647.000000 
User 0, Acc 0 Balance 7244.000000, Withdraw 50.000000 
User 1, Acc 6 Balance 5248.000000, Deposit 953.000000 
User 2, Acc 2 Balance 4281.000000, Deposit 919.000000 
User 1, Acc 7 Balance 65535.000000, Deposit 967.000000 
User 2, Acc 3 Balance 1303.000000, Transfer 29.000000 to Acc 7
User 4, Acc 0 Balance 7244.000000, Withdraw 150.000000 
User 4, Acc 0 Balance 7044.000000, Deposit 300.000000 
User 4, Acc 0 Balance 7344.000000, Transfer 300.000000 to Acc 1
Balance in 1: 7338.000000
User 4, Acc 0 Balance 7044.000000, Deposit 907.000000 
User 4, Acc 1 Balance 7338.000000, Deposit 911.000000 
User 4, Acc 2 Balance 6119.000000, Deposit 919.000000 
User 4, Acc 3 Balance 1274.000000, Transfer 29.000000 to Acc 7
User 4, Acc 7 Balance 66560.000000, Transfer 31.000000 to Acc 6
User 4, Acc 7 Balance 66529.000000, Transfer 37.000000 to Acc 5
User 4, Acc 7 Balance 66492.000000, Transfer 3.000000 to Acc 4
User 4, Acc 7 Balance 66489.000000, Transfer 5.000000 to Acc 4
User 4, Acc 3 Balance 1245.000000, Deposit 929.000000 
User 3, Acc 0 Balance 7294.000000, Withdraw 150.000000 
User 6, Acc 2 Balance 4281.000000, Deposit 919.000000 
User 1, Acc 1 Balance 7038.000000, Transfer 19.000000 to Acc 7
User 6, Acc 3 Balance 2174.000000, Transfer 29.000000 to Acc 7
User 1, Acc 2 Balance 7957.000000, Transfer 23.000000 to Acc 7
User 0, Acc 0 Balance 7194.000000, Withdraw 150.000000 
User 4, Acc 4 Balance 2003.000000, Deposit 937.000000 
User 3, Acc 0 Balance 7801.000000, Deposit 300.000000 
User 4, Acc 5 Balance 11455.000000, Deposit 941.000000 
User 5, Acc 3 Balance 1303.000000, Transfer 29.000000 to Acc 7
User 6, Acc 7 Balance 66532.000000, Transfer 31.000000 to Acc 6
User 1, Acc 6 Balance 6232.000000, Transfer 67.000000 to Acc 5
User 0, Acc 0 Balance 7651.000000, Deposit 300.000000 
User 1, Acc 4 Balance 2940.000000, Transfer 53.000000 to Acc 5
User 0, Acc 0 Balance 8251.000000, Transfer 300.000000 to Acc 1
User 1, Acc 7 Balance 66553.000000, Withdraw 593.000000 
User 4, Acc 4 Balance 2940.000000, Withdraw 167.000000 
User 5, Acc 7 Balance 66584.000000, Transfer 31.000000 to Acc 6
User 4, Acc 5 Balance 12516.000000, Withdraw 307.000000 
User 5, Acc 7 Balance 65929.000000, Transfer 37.000000 to Acc 5
User 4, Acc 1 Balance 8530.000000, Transfer 89.000000 to Acc 8
User 1, Acc 8 Balance 6054.000000, Withdraw 449.000000 
User 6, Acc 7 Balance 66553.000000, Transfer 37.000000 to Acc 5
User 1, Acc 9 Balance 24903.000000, Withdraw 163.000000 
User 6, Acc 7 Balance 65855.000000, Transfer 3.000000 to Acc 4
User 3, Acc 0 Balance 7951.000000, Transfer 300.000000 to Acc 1
User 6, Acc 7 Balance 65852.000000, Transfer 5.000000 to Acc 4
Balance in 1: 8741.000000
User 4, Acc 1 Balance 8441.000000, Transfer 163.000000 to Acc 9
User 2, Acc 7 Balance 66531.000000, Transfer 31.000000 to Acc 6
User 4, Acc 1 Balance 8578.000000, Withdraw 41.000000 
User 4, Acc 2 Balance 7934.000000, Withdraw 71.000000 
Balance in 1: 8530.000000
User 4, Acc 3 Balance 2116.000000, Withdraw 127.000000 
User 0, Acc 0 Balance 7651.000000, Deposit 100.000000 
User 4, Acc 6 Balance 6258.000000, Withdraw 647.000000 
User 0, Acc 0 Balance 7751.000000, Deposit 200.000000 
User 4, Acc 6 Balance 5611.000000, Deposit 953.000000 
User 0, Acc 0 Balance 7951.000000, Deposit 300.000000 
User 5, Acc 7 Balance 65892.000000, Transfer 3.000000 to Acc 4
User 3, Acc 0 Balance 7651.000000, Deposit 100.000000 
User 6, Acc 3 Balance 2116.000000, Deposit 929.000000 
User 3, Acc 0 Balance 8351.000000, Deposit 200.000000 
User 6, Acc 4 Balance 2731.000000, Deposit 937.000000 
User 3, Acc 0 Balance 8551.000000, Deposit 300.000000 
User 3, Acc 0 Balance 8851.000000, Withdraw 200.000000 
User 5, Acc 7 Balance 65813.000000, Transfer 5.000000 to Acc 4
User 3, Acc 0 Balance 8651.000000, Withdraw 100.000000 
User 3, Acc 0 Balance 8551.000000, Withdraw 50.000000 
User 2, Acc 7 Balance 65816.000000, Transfer 37.000000 to Acc 5
User 3, Acc 1 Balance 8537.000000, Transfer 200.000000 to Acc 0
Balance in 0: 8701.000000
User 2, Acc 7 Balance 65771.000000, Transfer 3.000000 to Acc 4
User 0, Acc 0 Balance 8251.000000, Withdraw 200.000000 
User 2, Acc 7 Balance 65768.000000, Transfer 5.000000 to Acc 4
User 0, Acc 0 Balance 8501.000000, Withdraw 100.000000 
User 1, Acc 0 Balance 7951.000000, Deposit 907.000000 
User 0, Acc 0 Balance 8401.000000, Withdraw 50.000000 
User 6, Acc 5 Balance 12283.000000, Deposit 941.000000 
User 5, Acc 3 Balance 2918.000000, Deposit 929.000000 
User 5, Acc 4 Balance 3681.000000, Deposit 937.000000 
User 4, Acc 7 Balance 65816.000000, Deposit 967.000000 
User 4, Acc 1 Balance 8337.000000, Transfer 19.000000 to Acc 7
User 4, Acc 2 Balance 7863.000000, Transfer 23.000000 to Acc 7
User 4, Acc 6 Balance 6564.000000, Transfer 67.000000 to Acc 5
User 4, Acc 4 Balance 4618.000000, Transfer 53.000000 to Acc 5
User 4, Acc 7 Balance 66772.000000, Withdraw 593.000000 
User 0, Acc 1 Balance 8337.000000, Transfer 200.000000 to Acc 0
User 6, Acc 4 Balance 3681.000000, Withdraw 167.000000 
Balance in 0: 9458.000000
User 2, Acc 3 Balance 2918.000000, Deposit 929.000000 
User 5, Acc 5 Balance 13261.000000, Deposit 941.000000 
User 3, Acc 0 Balance 8701.000000, Deposit 100.000000 
User 5, Acc 4 Balance 4398.000000, Withdraw 167.000000 
User 3, Acc 0 Balance 9558.000000, Deposit 200.000000 
User 0, Acc 0 Balance 9458.000000, Deposit 100.000000 
User 3, Acc 0 Balance 9758.000000, Deposit 300.000000 
User 0, Acc 0 Balance 9858.000000, Deposit 200.000000 
User 1, Acc 1 Balance 8337.000000, Deposit 911.000000 
User 4, Acc 8 Balance 5694.000000, Withdraw 449.000000 
User 5, Acc 5 Balance 14322.000000, Withdraw 307.000000 
User 2, Acc 4 Balance 4398.000000, Deposit 937.000000 
User 5, Acc 1 Balance 9029.000000, Transfer 89.000000 to Acc 8
User 5, Acc 1 Balance 8940.000000, Transfer 163.000000 to Acc 9
User 0, Acc 0 Balance 10358.000000, Deposit 300.000000 
User 1, Acc 2 Balance 7840.000000, Deposit 919.000000 
User 6, Acc 5 Balance 13381.000000, Withdraw 307.000000 
User 1, Acc 3 Balance 4776.000000, Transfer 29.000000 to Acc 7
User 1, Acc 7 Balance 66208.000000, Transfer 31.000000 to Acc 6
User 3, Acc 0 Balance 10158.000000, Withdraw 200.000000 
User 2, Acc 5 Balance 14015.000000, Deposit 941.000000 
User 3, Acc 0 Balance 10458.000000, Withdraw 100.000000 
User 3, Acc 0 Balance 10358.000000, Withdraw 50.000000 
User 0, Acc 0 Balance 10658.000000, Withdraw 200.000000 
User 4, Acc 9 Balance 24903.000000, Withdraw 163.000000 
User 6, Acc 1 Balance 8777.000000, Transfer 89.000000 to Acc 8
User 4, Acc 0 Balance 10108.000000, Deposit 100.000000 
User 5, Acc 1 Balance 8777.000000, Withdraw 41.000000 
User 2, Acc 4 Balance 5168.000000, Withdraw 167.000000 
User 5, Acc 2 Balance 8759.000000, Withdraw 71.000000 
User 5, Acc 3 Balance 4747.000000, Withdraw 127.000000 
User 0, Acc 0 Balance 10108.000000, Withdraw 100.000000 
User 5, Acc 6 Balance 6528.000000, Withdraw 647.000000 
User 0, Acc 0 Balance 10108.000000, Withdraw 50.000000 
User 0, Acc 1 Balance 8647.000000, Transfer 200.000000 to Acc 0
User 1, Acc 7 Balance 66177.000000, Transfer 37.000000 to Acc 5
Balance in 0: 10258.000000
User 1, Acc 7 Balance 66140.000000, Transfer 3.000000 to Acc 4
User 1, Acc 7 Balance 66137.000000, Transfer 5.000000 to Acc 4
User 6, Acc 1 Balance 8688.000000, Transfer 163.000000 to Acc 9
User 5, Acc 6 Balance 5881.000000, Deposit 953.000000 
User 6, Acc 1 Balance 8284.000000, Withdraw 41.000000 
User 4, Acc 0 Balance 10208.000000, Deposit 200.000000 
User 3, Acc 1 Balance 8777.000000, Transfer 200.000000 to Acc 0
User 1, Acc 3 Balance 4620.000000, Deposit 929.000000 
User 5, Acc 7 Balance 66132.000000, Deposit 967.000000 
User 6, Acc 2 Balance 8688.000000, Withdraw 71.000000 
User 5, Acc 1 Balance 8043.000000, Transfer 19.000000 to Acc 7
User 4, Acc 0 Balance 10458.000000, Deposit 300.000000 
Balance in 0: 10658.000000
User 4, Acc 0 Balance 10958.000000, Withdraw 200.000000 
User 6, Acc 3 Balance 5549.000000, Withdraw 127.000000 
User 4, Acc 0 Balance 10758.000000, Withdraw 100.000000 
User 6, Acc 6 Balance 6834.000000, Withdraw 647.000000 
User 4, Acc 0 Balance 10658.000000, Withdraw 50.000000 
User 4, Acc 1 Balance 8024.000000, Transfer 200.000000 to Acc 0
User 2, Acc 5 Balance 14649.000000, Withdraw 307.000000 
Balance in 0: 10808.000000
User 5, Acc 2 Balance 8617.000000, Transfer 23.000000 to Acc 7
User 1, Acc 4 Balance 5009.000000, Deposit 937.000000 
User 5, Acc 6 Balance 6187.000000, Transfer 67.000000 to Acc 5
User 6, Acc 6 Balance 6187.000000, Deposit 953.000000 
User 6, Acc 7 Balance 67141.000000, Deposit 967.000000 
User 6, Acc 1 Balance 7824.000000, Transfer 19.000000 to Acc 7
User 6, Acc 2 Balance 8594.000000, Transfer 23.000000 to Acc 7
User 6, Acc 6 Balance 7073.000000, Transfer 67.000000 to Acc 5
User 6, Acc 4 Balance 5946.000000, Transfer 53.000000 to Acc 5
User 6, Acc 7 Balance 68150.000000, Withdraw 593.000000 
User 6, Acc 8 Balance 5423.000000, Withdraw 449.000000 
User 5, Acc 4 Balance 5009.000000, Transfer 53.000000 to Acc 5
User 6, Acc 9 Balance 25066.000000, Withdraw 163.000000 
User 1, Acc 5 Balance 14446.000000, Deposit 941.000000 
User 1, Acc 4 Balance 5840.000000, Withdraw 167.000000 
User 1, Acc 5 Balance 15560.000000, Withdraw 307.000000 
User 2, Acc 1 Balance 7824.000000, Transfer 89.000000 to Acc 8
User 1, Acc 1 Balance 7805.000000, Transfer 89.000000 to Acc 8
User 1, Acc 1 Balance 7627.000000, Transfer 163.000000 to Acc 9
User 1, Acc 1 Balance 7464.000000, Withdraw 41.000000 
User 5, Acc 7 Balance 67557.000000, Withdraw 593.000000 
User 2, Acc 1 Balance 7716.000000, Transfer 163.000000 to Acc 9
User 2, Acc 1 Balance 7260.000000, Withdraw 41.000000 
User 2, Acc 2 Balance 8571.000000, Withdraw 71.000000 
User 5, Acc 8 Balance 5152.000000, Withdraw 449.000000 
User 5, Acc 9 Balance 25229.000000, Withdraw 163.000000 
User 2, Acc 3 Balance 5422.000000, Withdraw 127.000000 
User 2, Acc 6 Balance 7006.000000, Withdraw 647.000000 
User 2, Acc 6 Balance 6359.000000, Deposit 953.000000 
User 1, Acc 2 Balance 8571.000000, Withdraw 71.000000 
User 1, Acc 3 Balance 5295.000000, Withdraw 127.000000 
User 1, Acc 6 Balance 7312.000000, Withdraw 647.000000 
User 1, Acc 6 Balance 6665.000000, Deposit 953.000000 
User 1, Acc 7 Balance 66964.000000, Deposit 967.000000 
User 1, Acc 1 Balance 7219.000000, Transfer 19.000000 to Acc 7
User 1, Acc 2 Balance 8429.000000, Transfer 23.000000 to Acc 7
User 1, Acc 6 Balance 7618.000000, Transfer 67.000000 to Acc 5
User 1, Acc 4 Balance 5673.000000, Transfer 53.000000 to Acc 5
User 1, Acc 7 Balance 67973.000000, Withdraw 593.000000 
User 1, Acc 8 Balance 4703.000000, Withdraw 449.000000 
User 2, Acc 7 Balance 66964.000000, Deposit 967.000000 
User 2, Acc 1 Balance 7200.000000, Transfer 19.000000 to Acc 7
User 2, Acc 2 Balance 8406.000000, Transfer 23.000000 to Acc 7
User 2, Acc 6 Balance 7551.000000, Transfer 67.000000 to Acc 5
User 2, Acc 4 Balance 5620.000000, Transfer 53.000000 to Acc 5
User 2, Acc 7 Balance 68389.000000, Withdraw 593.000000 
User 2, Acc 8 Balance 4254.000000, Withdraw 449.000000 
User 2, Acc 9 Balance 25066.000000, Withdraw 163.000000 
User 1, Acc 9 Balance 25066.000000, Withdraw 163.000000 
  ***     End of transaction batch    ***  
Account 0 balance after completion of transaction batch: 10808.000000
Account 1 balance after completion of transaction batch: 7181.000000
Account 2 balance after completion of transaction batch: 8383.000000
Account 3 balance after completion of transaction batch: 5168.000000
Account 4 balance after completion of transaction batch: 5567.000000
Account 5 balance after completion of transaction batch: 15493.000000
Account 6 balance after completion of transaction batch: 7484.000000
Account 7 balance after completion of transaction batch: 67796.000000
Account 8 balance after completion of transaction batch: 3805.000000
Account 9 balance after completion of transaction batch: 24740.000000
