# Output generated by:
# ./my_executable 7 data/transactions7.txt data/transactions9.txt data/transactions2.txt data/transactions4.txt data/transactions10.txt data/transactions5.txt data/transactions1.txt

********************************************
   Reading and parsing a transaction file   
********************************************
Parsed transaction: deposit 7 9929.000000 
Loaded deposit transaction
Parsed transaction: deposit 4 937.000000 
Loaded deposit transaction
Parsed transaction: deposit 5 941.000000 
Loaded deposit transaction
Parsed transaction: deposit 0 7.000000 
Loaded deposit transaction
Parsed transaction: deposit 3 29.000000 
Loaded deposit transaction
Parsed transaction: deposit 7 9.000000 
Loaded deposit transaction
Parsed transaction: deposit 9 129.000000 
Loaded deposit transaction
Parsed transaction: transfer 3 7 29.000000 
Loaded transfer transaction
Parsed transaction: transfer 7 6 31.000000 
Loaded transfer transaction
Parsed transaction: transfer 7 5 137.000000 
Loaded transfer transaction
Parsed transaction: transfer 7 4 3.000000 
Loaded transfer transaction
Parsed transaction: transfer 7 4 5.000000 
Loaded transfer transaction
Parsed transaction: withdraw 4 1167.000000 
Loaded withdrawal transaction
Parsed transaction: withdraw 5 1307.000000 
Loaded withdrawal transaction
Parsed transaction: transfer 1 8 89.000000 
Loaded transfer transaction
Parsed transaction: transfer 1 9 163.000000 
Loaded transfer transaction
Parsed transaction: withdraw 1 41.000000 
Loaded withdrawal transaction
Parsed transaction: withdraw 2 71.000000 
Loaded withdrawal transaction
Parsed transaction: withdraw 3 1127.000000 
Loaded withdrawal transaction
Parsed transaction: withdraw 6 647.000000 
Loaded withdrawal transaction
Parsed transaction: deposit 6 1953.000000 
Loaded deposit transaction
Parsed transaction: deposit 7 967.000000 
Loaded deposit transaction
Parsed transaction: transfer 1 7 19.000000 
Loaded transfer transaction
Parsed transaction: transfer 2 7 23.000000 
Loaded transfer transaction
Parsed transaction: transfer 6 5 1167.000000 
Loaded transfer transaction
Parsed transaction: transfer 4 5 53.000000 
Loaded transfer transaction
Parsed transaction: withdraw 7 1593.000000 
Loaded withdrawal transaction
Parsed transaction: withdraw 8 449.000000 
Loaded withdrawal transaction
Parsed transaction: withdraw 9 163.000000 
Loaded withdrawal transaction
********************************************
********************************************
   Reading and parsing a transaction file   
********************************************
Parsed transaction: deposit 9 617.000000 
Loaded deposit transaction
Parsed transaction: transfer 9 1 617.000000 
Loaded transfer transaction
Parsed transaction: deposit 8 619.000000 
Loaded deposit transaction
Parsed transaction: transfer 8 2 619.000000 
Loaded transfer transaction
Parsed transaction: deposit 7 631.000000 
Loaded deposit transaction
Parsed transaction: transfer 7 3 631.000000 
Loaded transfer transaction
Parsed transaction: deposit 6 641.000000 
Loaded deposit transaction
Parsed transaction: transfer 6 4 641.000000 
Loaded transfer transaction
Parsed transaction: deposit 5 643.000000 
Loaded deposit transaction
Parsed transaction: transfer 5 6 1200.000000 
Loaded transfer transaction
Parsed transaction: deposit 4 647.000000 
Loaded deposit transaction
Parsed transaction: transfer 4 7 1200.000000 
Loaded transfer transaction
Parsed transaction: deposit 3 653.000000 
Loaded deposit transaction
Parsed transaction: transfer 3 8 1200.000000 
Loaded transfer transaction
Parsed transaction: deposit 2 659.000000 
Loaded deposit transaction
Parsed transaction: transfer 2 9 1200.000000 
Loaded transfer transaction
Parsed transaction: deposit 1 661.000000 
Loaded deposit transaction
Parsed transaction: transfer 1 9 1200.000000 
Loaded transfer transaction
Parsed transaction: deposit 0 673.000000 
Loaded deposit transaction
Parsed transaction: transfer 0 9 1200.000000 
Loaded transfer transaction
Parsed transaction: withdraw 1 50.000000 
Loaded withdrawal transaction
Parsed transaction: withdraw 2 50.000000 
Loaded withdrawal transaction
Parsed transaction: withdraw 3 50.000000 
Loaded withdrawal transaction
Parsed transaction: withdraw 4 50.000000 
Loaded withdrawal transaction
Parsed transaction: withdraw 5 50.000000 
Loaded withdrawal transaction
Parsed transaction: withdraw 6 50.000000 
Loaded withdrawal transaction
Parsed transaction: withdraw 7 50.000000 
Loaded withdrawal transaction
Parsed transaction: withdraw 8 50.000000 
Loaded withdrawal transaction
Parsed transaction: withdraw 9 50.000000 
Loaded withdrawal transaction
Parsed transaction: withdraw 0 50.000000 
Loaded withdrawal transaction
********************************************
********************************************
   Reading and parsing a transaction file   
********************************************
Parsed transaction: deposit 0 400.000000 
Loaded deposit transaction
Parsed transaction: withdraw 0 200.000000 
Loaded withdrawal transaction
Parsed transaction: deposit 0 100.000000 
Loaded deposit transaction
Parsed transaction: withdraw 0 50.000000 
Loaded withdrawal transaction
Parsed transaction: withdraw 0 150.000000 
Loaded withdrawal transaction
Parsed transaction: deposit 0 300.000000 
Loaded deposit transaction
Parsed transaction: transfer 0 1 300.000000 
Loaded transfer transaction
Parsed transaction: balance 1 
Loaded balance transaction
********************************************
********************************************
   Reading and parsing a transaction file   
********************************************
Parsed transaction: deposit 0 907.000000 
Loaded deposit transaction
Parsed transaction: deposit 1 911.000000 
Loaded deposit transaction
Parsed transaction: deposit 2 919.000000 
Loaded deposit transaction
Parsed transaction: deposit 3 929.000000 
Loaded deposit transaction
Parsed transaction: deposit 4 937.000000 
Loaded deposit transaction
Parsed transaction: deposit 5 941.000000 
Loaded deposit transaction
Parsed transaction: deposit 6 953.000000 
Loaded deposit transaction
Parsed transaction: deposit 7 967.000000 
Loaded deposit transaction
Parsed transaction: transfer 1 7 19.000000 
Loaded transfer transaction
Parsed transaction: transfer 2 7 23.000000 
Loaded transfer transaction
Parsed transaction: transfer 3 7 29.000000 
Loaded transfer transaction
Parsed transaction: transfer 7 6 31.000000 
Loaded transfer transaction
Parsed transaction: transfer 7 5 37.000000 
Loaded transfer transaction
Parsed transaction: transfer 7 4 3.000000 
Loaded transfer transaction
Parsed transaction: transfer 7 4 5.000000 
Loaded transfer transaction
Parsed transaction: transfer 6 5 67.000000 
Loaded transfer transaction
Parsed transaction: transfer 4 5 53.000000 
Loaded transfer transaction
Parsed transaction: transfer 1 8 89.000000 
Loaded transfer transaction
Parsed transaction: transfer 1 9 163.000000 
Loaded transfer transaction
Parsed transaction: withdraw 1 41.000000 
Loaded withdrawal transaction
Parsed transaction: withdraw 2 71.000000 
Loaded withdrawal transaction
Parsed transaction: withdraw 3 127.000000 
Loaded withdrawal transaction
Parsed transaction: withdraw 4 167.000000 
Loaded withdrawal transaction
Parsed transaction: withdraw 5 307.000000 
Loaded withdrawal transaction
Parsed transaction: withdraw 6 647.000000 
Loaded withdrawal transaction
Parsed transaction: withdraw 7 593.000000 
Loaded withdrawal transaction
Parsed transaction: withdraw 8 449.000000 
Loaded withdrawal transaction
Parsed transaction: withdraw 9 163.000000 
Loaded withdrawal transaction
********************************************
********************************************
   Reading and parsing a transaction file   
********************************************
Parsed transaction: withdraw 1 500.000000 
Loaded withdrawal transaction
Parsed transaction: withdraw 2 500.000000 
Loaded withdrawal transaction
Parsed transaction: withdraw 3 500.000000 
Loaded withdrawal transaction
Parsed transaction: withdraw 4 500.000000 
Loaded withdrawal transaction
Parsed transaction: withdraw 5 500.000000 
Loaded withdrawal transaction
Parsed transaction: withdraw 6 500.000000 
Loaded withdrawal transaction
Parsed transaction: withdraw 7 500.000000 
Loaded withdrawal transaction
Parsed transaction: withdraw 8 500.000000 
Loaded withdrawal transaction
Parsed transaction: withdraw 9 500.000000 
Loaded withdrawal transaction
Parsed transaction: withdraw 0 500.000000 
Loaded withdrawal transaction
Parsed transaction: withdraw 1 500.000000 
Loaded withdrawal transaction
Parsed transaction: withdraw 2 500.000000 
Loaded withdrawal transaction
Parsed transaction: withdraw 3 500.000000 
Loaded withdrawal transaction
Parsed transaction: withdraw 4 500.000000 
Loaded withdrawal transaction
Parsed transaction: withdraw 5 500.000000 
Loaded withdrawal transaction
Parsed transaction: withdraw 6 500.000000 
Loaded withdrawal transaction
Parsed transaction: withdraw 7 500.000000 
Loaded withdrawal transaction
Parsed transaction: withdraw 8 500.000000 
Loaded withdrawal transaction
Parsed transaction: withdraw 9 500.000000 
Loaded withdrawal transaction
Parsed transaction: withdraw 0 500.000000 
Loaded withdrawal transaction
Parsed transaction: withdraw 1 500.000000 
Loaded withdrawal transaction
Parsed transaction: withdraw 2 500.000000 
Loaded withdrawal transaction
Parsed transaction: withdraw 3 500.000000 
Loaded withdrawal transaction
Parsed transaction: withdraw 4 500.000000 
Loaded withdrawal transaction
Parsed transaction: withdraw 5 500.000000 
Loaded withdrawal transaction
Parsed transaction: withdraw 6 500.000000 
Loaded withdrawal transaction
Parsed transaction: withdraw 7 500.000000 
Loaded withdrawal transaction
Parsed transaction: withdraw 8 500.000000 
Loaded withdrawal transaction
Parsed transaction: withdraw 9 500.000000 
Loaded withdrawal transaction
Parsed transaction: withdraw 0 500.000000 
Loaded withdrawal transaction
********************************************
********************************************
   Reading and parsing a transaction file   
********************************************
Parsed transaction: deposit 0 907.000000 
Loaded deposit transaction
Parsed transaction: deposit 1 911.000000 
Loaded deposit transaction
Parsed transaction: deposit 2 919.000000 
Loaded deposit transaction
Parsed transaction: transfer 3 7 29.000000 
Loaded transfer transaction
Parsed transaction: transfer 7 6 31.000000 
Loaded transfer transaction
Parsed transaction: transfer 7 5 37.000000 
Loaded transfer transaction
Parsed transaction: transfer 7 4 3.000000 
Loaded transfer transaction
Parsed transaction: transfer 7 4 5.000000 
Loaded transfer transaction
Parsed transaction: deposit 3 929.000000 
Loaded deposit transaction
Parsed transaction: deposit 4 937.000000 
Loaded deposit transaction
Parsed transaction: deposit 5 941.000000 
Loaded deposit transaction
Parsed transaction: withdraw 4 167.000000 
Loaded withdrawal transaction
Parsed transaction: withdraw 5 307.000000 
Loaded withdrawal transaction
Parsed transaction: transfer 1 8 89.000000 
Loaded transfer transaction
Parsed transaction: transfer 1 9 163.000000 
Loaded transfer transaction
Parsed transaction: withdraw 1 41.000000 
Loaded withdrawal transaction
Parsed transaction: withdraw 2 71.000000 
Loaded withdrawal transaction
Parsed transaction: withdraw 3 127.000000 
Loaded withdrawal transaction
Parsed transaction: withdraw 6 647.000000 
Loaded withdrawal transaction
Parsed transaction: deposit 6 953.000000 
Loaded deposit transaction
Parsed transaction: deposit 7 967.000000 
Loaded deposit transaction
Parsed transaction: transfer 1 7 19.000000 
Loaded transfer transaction
Parsed transaction: transfer 2 7 23.000000 
Loaded transfer transaction
Parsed transaction: transfer 6 5 67.000000 
Loaded transfer transaction
Parsed transaction: transfer 4 5 53.000000 
Loaded transfer transaction
Parsed transaction: withdraw 7 593.000000 
Loaded withdrawal transaction
Parsed transaction: withdraw 8 449.000000 
Loaded withdrawal transaction
Parsed transaction: withdraw 9 163.000000 
Loaded withdrawal transaction
********************************************
********************************************
   Reading and parsing a transaction file   
********************************************
Parsed transaction: deposit 0 100.000000 
Loaded deposit transaction
Parsed transaction: deposit 0 200.000000 
Loaded deposit transaction
Parsed transaction: deposit 0 300.000000 
Loaded deposit transaction
Parsed transaction: withdraw 0 200.000000 
Loaded withdrawal transaction
Parsed transaction: withdraw 0 100.000000 
Loaded withdrawal transaction
Parsed transaction: withdraw 0 50.000000 
Loaded withdrawal transaction
Parsed transaction: transfer 1 0 200.000000 
Loaded transfer transaction
Parsed transaction: balance 0 
Loaded balance transaction
********************************************
  ***    Start of transaction batch    ***  
User 0, Acc 7 Balance 0.000000, Deposit 9929.000000 
User 0, Acc 4 Balance 0.000000, Deposit 937.000000 
User 0, Acc 5 Balance 0.000000, Deposit 941.000000 
User 0, Acc 0 Balance 0.000000, Deposit 7.000000 
User 0, Acc 3 Balance 0.000000, Deposit 29.000000 
User 0, Acc 7 Balance 9929.000000, Deposit 9.000000 
User 0, Acc 9 Balance 0.000000, Deposit 129.000000 
User 0, Acc 3 Balance 29.000000, Transfer 29.000000 to Acc 7
User 0, Acc 7 Balance 9967.000000, Transfer 31.000000 to Acc 6
User 0, Acc 7 Balance 9936.000000, Transfer 137.000000 to Acc 5
User 0, Acc 7 Balance 9799.000000, Transfer 3.000000 to Acc 4
User 0, Acc 7 Balance 9796.000000, Transfer 5.000000 to Acc 4
[22;32mUser 0, Acc 4 Balance 945.000000, 				Withdraw 1167.000000 --insufficient funds[0m
[22;32mUser 0, Acc 5 Balance 1078.000000, 				Withdraw 1307.000000 --insufficient funds[0m
[22;32mUser 0, Acc 1 Balance 0.000000, 				Withdraw 41.000000 --insufficient funds[0m
[22;32mUser 0, Acc 2 Balance 0.000000, 				Withdraw 71.000000 --insufficient funds[0m
[22;32mUser 0, Acc 3 Balance 0.000000, 				Withdraw 1127.000000 --insufficient funds[0m
[22;32mUser 0, Acc 6 Balance 31.000000, 				Withdraw 647.000000 --insufficient funds[0m
User 0, Acc 6 Balance 31.000000, Deposit 1953.000000 
User 0, Acc 7 Balance 9791.000000, Deposit 967.000000 
User 0, Acc 6 Balance 1984.000000, Transfer 1167.000000 to Acc 5
User 0, Acc 4 Balance 945.000000, Transfer 53.000000 to Acc 5
User 0, Acc 7 Balance 10758.000000, Withdraw 1593.000000 
[22;32mUser 0, Acc 8 Balance 0.000000, 				Withdraw 449.000000 --insufficient funds[0m
[22;32mUser 0, Acc 9 Balance 129.000000, 				Withdraw 163.000000 --insufficient funds[0m
User 0, Acc 9 Balance 129.000000, Deposit 617.000000 
User 0, Acc 9 Balance 746.000000, Transfer 617.000000 to Acc 1
User 0, Acc 8 Balance 0.000000, Deposit 619.000000 
User 0, Acc 8 Balance 619.000000, Transfer 619.000000 to Acc 2
User 0, Acc 7 Balance 9165.000000, Deposit 631.000000 
User 0, Acc 7 Balance 9796.000000, Transfer 631.000000 to Acc 3
User 0, Acc 6 Balance 817.000000, Deposit 641.000000 
User 0, Acc 6 Balance 1458.000000, Transfer 641.000000 to Acc 4
User 0, Acc 5 Balance 2298.000000, Deposit 643.000000 
User 0, Acc 5 Balance 2941.000000, Transfer 1200.000000 to Acc 6
User 0, Acc 4 Balance 1533.000000, Deposit 647.000000 
User 0, Acc 4 Balance 2180.000000, Transfer 1200.000000 to Acc 7
User 0, Acc 3 Balance 631.000000, Deposit 653.000000 
User 0, Acc 3 Balance 1284.000000, Transfer 1200.000000 to Acc 8
User 0, Acc 2 Balance 619.000000, Deposit 659.000000 
User 0, Acc 2 Balance 1278.000000, Transfer 1200.000000 to Acc 9
User 4, Acc 0 Balance 7.000000, Deposit 907.000000 
User 4, Acc 1 Balance 617.000000, Deposit 911.000000 
User 4, Acc 2 Balance 78.000000, Deposit 919.000000 
User 4, Acc 3 Balance 84.000000, Deposit 929.000000 
User 3, Acc 0 Balance 7.000000, Deposit 400.000000 
User 3, Acc 0 Balance 1314.000000, Withdraw 200.000000 
User 3, Acc 0 Balance 1114.000000, Deposit 100.000000 
User 6, Acc 1 Balance 617.000000, Withdraw 500.000000 
User 5, Acc 0 Balance 7.000000, Deposit 100.000000 
User 6, Acc 2 Balance 997.000000, Withdraw 500.000000 
User 6, Acc 3 Balance 1013.000000, Withdraw 500.000000 
User 5, Acc 0 Balance 1314.000000, Deposit 200.000000 
User 0, Acc 1 Balance 617.000000, Deposit 661.000000 
User 2, Acc 0 Balance 7.000000, Deposit 907.000000 
User 2, Acc 1 Balance 1689.000000, Deposit 911.000000 
User 2, Acc 2 Balance 497.000000, Deposit 919.000000 
User 2, Acc 3 Balance 513.000000, Transfer 29.000000 to Acc 7
User 2, Acc 7 Balance 10394.000000, Transfer 31.000000 to Acc 6
User 2, Acc 7 Balance 10363.000000, Transfer 37.000000 to Acc 5
User 2, Acc 7 Balance 10326.000000, Transfer 3.000000 to Acc 4
User 2, Acc 7 Balance 10323.000000, Transfer 5.000000 to Acc 4
User 2, Acc 3 Balance 484.000000, Deposit 929.000000 
User 2, Acc 4 Balance 988.000000, Deposit 937.000000 
User 2, Acc 5 Balance 1778.000000, Deposit 941.000000 
User 2, Acc 4 Balance 1925.000000, Withdraw 167.000000 
User 2, Acc 5 Balance 2719.000000, Withdraw 307.000000 
User 2, Acc 1 Balance 2600.000000, Transfer 89.000000 to Acc 8
User 2, Acc 1 Balance 2511.000000, Transfer 163.000000 to Acc 9
User 2, Acc 1 Balance 2348.000000, Withdraw 41.000000 
User 2, Acc 2 Balance 1416.000000, Withdraw 71.000000 
User 2, Acc 3 Balance 1413.000000, Withdraw 127.000000 
User 2, Acc 6 Balance 2048.000000, Withdraw 647.000000 
User 2, Acc 6 Balance 1401.000000, Deposit 953.000000 
User 2, Acc 7 Balance 10318.000000, Deposit 967.000000 
User 2, Acc 1 Balance 2307.000000, Transfer 19.000000 to Acc 7
User 2, Acc 2 Balance 1345.000000, Transfer 23.000000 to Acc 7
User 2, Acc 6 Balance 2354.000000, Transfer 67.000000 to Acc 5
User 2, Acc 4 Balance 1758.000000, Transfer 53.000000 to Acc 5
User 2, Acc 7 Balance 11327.000000, Withdraw 593.000000 
User 3, Acc 0 Balance 1214.000000, Withdraw 50.000000 
User 4, Acc 4 Balance 980.000000, Deposit 937.000000 
User 3, Acc 0 Balance 2371.000000, Withdraw 150.000000 
User 3, Acc 0 Balance 2221.000000, Deposit 300.000000 
User 4, Acc 5 Balance 2532.000000, Deposit 941.000000 
User 3, Acc 0 Balance 2521.000000, Transfer 300.000000 to Acc 1
User 4, Acc 6 Balance 2287.000000, Deposit 953.000000 
User 1, Acc 7 Balance 10365.000000, Deposit 9929.000000 
User 5, Acc 0 Balance 1514.000000, Deposit 300.000000 
User 0, Acc 1 Balance 1689.000000, Transfer 1200.000000 to Acc 9
User 5, Acc 0 Balance 2521.000000, Withdraw 200.000000 
Balance in 1: 2588.000000
User 5, Acc 0 Balance 2321.000000, Withdraw 100.000000 
User 3, Acc 9 Balance 2692.000000, Deposit 617.000000 
User 4, Acc 7 Balance 10734.000000, Deposit 967.000000 
User 0, Acc 0 Balance 2521.000000, Deposit 673.000000 
User 5, Acc 0 Balance 2221.000000, Withdraw 50.000000 
User 0, Acc 0 Balance 2894.000000, Transfer 1200.000000 to Acc 9
User 1, Acc 4 Balance 2642.000000, Deposit 937.000000 
User 4, Acc 1 Balance 1388.000000, Transfer 19.000000 to Acc 7
User 6, Acc 4 Balance 980.000000, Withdraw 500.000000 
User 2, Acc 8 Balance 1289.000000, Withdraw 449.000000 
User 6, Acc 5 Balance 3473.000000, Withdraw 500.000000 
User 2, Acc 9 Balance 4509.000000, Withdraw 163.000000 
User 6, Acc 6 Balance 3240.000000, Withdraw 500.000000 
User 2, Acc 0 Balance 1644.000000, Deposit 400.000000 
User 4, Acc 2 Balance 1322.000000, Transfer 23.000000 to Acc 7
User 2, Acc 0 Balance 2044.000000, Withdraw 200.000000 
User 4, Acc 3 Balance 1286.000000, Transfer 29.000000 to Acc 7
User 2, Acc 0 Balance 1844.000000, Deposit 100.000000 
User 3, Acc 9 Balance 3309.000000, Transfer 617.000000 to Acc 1
User 1, Acc 5 Balance 3473.000000, Deposit 941.000000 
User 3, Acc 8 Balance 840.000000, Deposit 619.000000 
User 5, Acc 1 Balance 1388.000000, Transfer 200.000000 to Acc 0
User 0, Acc 1 Balance 1388.000000, Withdraw 50.000000 
User 2, Acc 0 Balance 1944.000000, Withdraw 50.000000 
User 6, Acc 7 Balance 21649.000000, Withdraw 500.000000 
User 1, Acc 0 Balance 1944.000000, Deposit 7.000000 
User 6, Acc 8 Balance 1459.000000, Withdraw 500.000000 
User 1, Acc 3 Balance 1257.000000, Deposit 29.000000 
User 6, Acc 9 Balance 3729.000000, Withdraw 500.000000 
User 6, Acc 0 Balance 2101.000000, Withdraw 500.000000 
User 1, Acc 7 Balance 21201.000000, Deposit 9.000000 
User 1, Acc 9 Balance 3229.000000, Deposit 129.000000 
User 2, Acc 0 Balance 2094.000000, Withdraw 150.000000 
User 2, Acc 0 Balance 1451.000000, Deposit 300.000000 
User 2, Acc 0 Balance 1751.000000, Transfer 300.000000 to Acc 1
Balance in 1: 2036.000000
User 2, Acc 7 Balance 21210.000000, Deposit 9929.000000 
User 2, Acc 4 Balance 3079.000000, Deposit 937.000000 
User 6, Acc 1 Balance 1736.000000, Withdraw 500.000000 
User 6, Acc 2 Balance 1299.000000, Withdraw 500.000000 
User 0, Acc 2 Balance 1299.000000, Withdraw 50.000000 
User 6, Acc 3 Balance 1286.000000, Withdraw 500.000000 
User 0, Acc 3 Balance 1286.000000, Withdraw 50.000000 
User 6, Acc 4 Balance 4016.000000, Withdraw 500.000000 
User 4, Acc 7 Balance 21701.000000, Transfer 31.000000 to Acc 6
User 2, Acc 5 Balance 3914.000000, Deposit 941.000000 
User 4, Acc 7 Balance 31108.000000, Transfer 37.000000 to Acc 5
User 2, Acc 0 Balance 1451.000000, Deposit 7.000000 
User 2, Acc 3 Balance 736.000000, Deposit 29.000000 
User 0, Acc 4 Balance 4016.000000, Withdraw 50.000000 
User 6, Acc 5 Balance 3914.000000, Withdraw 500.000000 
User 0, Acc 5 Balance 4892.000000, Withdraw 50.000000 
User 6, Acc 6 Balance 2771.000000, Withdraw 500.000000 
User 6, Acc 7 Balance 31071.000000, Withdraw 500.000000 
User 3, Acc 8 Balance 1459.000000, Transfer 619.000000 to Acc 2
User 6, Acc 8 Balance 959.000000, Withdraw 500.000000 
User 4, Acc 7 Balance 31071.000000, Transfer 3.000000 to Acc 4
User 6, Acc 9 Balance 3358.000000, Withdraw 500.000000 
User 0, Acc 6 Balance 2271.000000, Withdraw 50.000000 
User 1, Acc 3 Balance 1286.000000, Transfer 29.000000 to Acc 7
User 0, Acc 7 Balance 30568.000000, Withdraw 50.000000 
User 1, Acc 7 Balance 30597.000000, Transfer 31.000000 to Acc 6
User 2, Acc 7 Balance 31071.000000, Deposit 9.000000 
Balance in 0: 2144.000000
User 2, Acc 9 Balance 2858.000000, Deposit 129.000000 
User 5, Acc 0 Balance 1458.000000, Deposit 907.000000 
User 2, Acc 3 Balance 736.000000, Transfer 29.000000 to Acc 7
User 5, Acc 1 Balance 1536.000000, Deposit 911.000000 
User 4, Acc 7 Balance 30568.000000, Transfer 5.000000 to Acc 4
User 5, Acc 2 Balance 1368.000000, Deposit 919.000000 
User 4, Acc 6 Balance 2252.000000, Transfer 67.000000 to Acc 5
User 5, Acc 3 Balance 707.000000, Deposit 929.000000 
User 5, Acc 4 Balance 3474.000000, Deposit 937.000000 
User 5, Acc 5 Balance 4342.000000, Deposit 941.000000 
User 2, Acc 7 Balance 30554.000000, Transfer 31.000000 to Acc 6
User 1, Acc 7 Balance 30516.000000, Transfer 137.000000 to Acc 5
User 1, Acc 7 Balance 30381.000000, Transfer 3.000000 to Acc 4
User 1, Acc 7 Balance 30378.000000, Transfer 5.000000 to Acc 4
User 1, Acc 4 Balance 4419.000000, Withdraw 1167.000000 
User 1, Acc 5 Balance 5487.000000, Withdraw 1307.000000 
User 1, Acc 1 Balance 2447.000000, Transfer 89.000000 to Acc 8
User 1, Acc 1 Balance 2358.000000, Transfer 163.000000 to Acc 9
User 1, Acc 1 Balance 2195.000000, Withdraw 41.000000 
User 5, Acc 6 Balance 2185.000000, Deposit 953.000000 
User 5, Acc 7 Balance 30373.000000, Deposit 967.000000 
User 2, Acc 7 Balance 30518.000000, Transfer 137.000000 to Acc 5
User 6, Acc 0 Balance 1458.000000, Withdraw 500.000000 
User 3, Acc 7 Balance 30571.000000, Deposit 631.000000 
User 6, Acc 1 Balance 2154.000000, Withdraw 500.000000 
User 3, Acc 7 Balance 31834.000000, Transfer 631.000000 to Acc 3
User 4, Acc 4 Balance 4411.000000, Transfer 53.000000 to Acc 5
User 3, Acc 6 Balance 3169.000000, Deposit 641.000000 
User 5, Acc 1 Balance 2154.000000, Transfer 19.000000 to Acc 7
[22;32mUser 0, Acc 8 Balance -160.000000, 				Withdraw 50.000000 --insufficient funds[0m
User 6, Acc 2 Balance 2287.000000, Withdraw 500.000000 
User 1, Acc 2 Balance 2287.000000, Withdraw 71.000000 
User 4, Acc 1 Balance 1654.000000, Transfer 89.000000 to Acc 8
User 1, Acc 3 Balance 2267.000000, Withdraw 1127.000000 
User 4, Acc 1 Balance 1546.000000, Transfer 163.000000 to Acc 9
User 1, Acc 6 Balance 3810.000000, Withdraw 647.000000 
User 0, Acc 9 Balance 3150.000000, Withdraw 50.000000 
User 6, Acc 3 Balance 2267.000000, Withdraw 500.000000 
User 0, Acc 0 Balance 1865.000000, Withdraw 50.000000 
User 6, Acc 4 Balance 3199.000000, Withdraw 500.000000 
User 0, Acc 7 Balance 31222.000000, Deposit 9929.000000 
User 6, Acc 5 Balance 4370.000000, Withdraw 500.000000 
User 6, Acc 6 Balance 3163.000000, Withdraw 500.000000 
User 4, Acc 1 Balance 1383.000000, Withdraw 41.000000 
User 3, Acc 6 Balance 3810.000000, Transfer 641.000000 to Acc 4
User 3, Acc 5 Balance 3870.000000, Deposit 643.000000 
User 3, Acc 5 Balance 4513.000000, Transfer 1200.000000 to Acc 6
User 3, Acc 4 Balance 3340.000000, Deposit 647.000000 
User 3, Acc 4 Balance 3987.000000, Transfer 1200.000000 to Acc 7
User 3, Acc 3 Balance 640.000000, Deposit 653.000000 
User 3, Acc 3 Balance 1293.000000, Transfer 1200.000000 to Acc 8
User 3, Acc 2 Balance 1716.000000, Deposit 659.000000 
User 3, Acc 2 Balance 2375.000000, Transfer 1200.000000 to Acc 9
User 3, Acc 1 Balance 1342.000000, Deposit 661.000000 
User 3, Acc 1 Balance 2003.000000, Transfer 1200.000000 to Acc 9
User 3, Acc 0 Balance 1815.000000, Deposit 673.000000 
User 3, Acc 0 Balance 2488.000000, Transfer 1200.000000 to Acc 9
User 3, Acc 1 Balance 803.000000, Withdraw 50.000000 
User 3, Acc 2 Balance 1175.000000, Withdraw 50.000000 
User 3, Acc 3 Balance 93.000000, Withdraw 50.000000 
User 3, Acc 4 Balance 2787.000000, Withdraw 50.000000 
User 3, Acc 5 Balance 3313.000000, Withdraw 50.000000 
User 3, Acc 6 Balance 3222.000000, Withdraw 50.000000 
User 3, Acc 7 Balance 42351.000000, Withdraw 50.000000 
User 3, Acc 8 Balance 1218.000000, Withdraw 50.000000 
User 3, Acc 9 Balance 6863.000000, Withdraw 50.000000 
User 3, Acc 0 Balance 1288.000000, Withdraw 50.000000 
User 2, Acc 7 Balance 31203.000000, Transfer 3.000000 to Acc 4
User 2, Acc 7 Balance 42298.000000, Transfer 5.000000 to Acc 4
User 2, Acc 4 Balance 2745.000000, Withdraw 1167.000000 
User 2, Acc 5 Balance 3263.000000, Withdraw 1307.000000 
User 2, Acc 1 Balance 753.000000, Transfer 89.000000 to Acc 8
User 2, Acc 1 Balance 664.000000, Transfer 163.000000 to Acc 9
User 2, Acc 1 Balance 501.000000, Withdraw 41.000000 
User 2, Acc 2 Balance 1125.000000, Withdraw 71.000000 
User 6, Acc 7 Balance 41151.000000, Withdraw 500.000000 
[22;32mUser 2, Acc 3 Balance 43.000000, 				Withdraw 1127.000000 --insufficient funds[0m
User 6, Acc 8 Balance 1257.000000, Withdraw 500.000000 
User 2, Acc 6 Balance 3172.000000, Withdraw 647.000000 
User 6, Acc 9 Balance 6976.000000, Withdraw 500.000000 
User 2, Acc 6 Balance 2525.000000, Deposit 1953.000000 
User 6, Acc 0 Balance 1238.000000, Withdraw 500.000000 
User 2, Acc 7 Balance 41793.000000, Deposit 967.000000 
User 6, Acc 7 Balance 41793.000000, Deposit 9929.000000 
User 0, Acc 4 Balance 2699.000000, Deposit 937.000000 
User 6, Acc 4 Balance 1578.000000, Deposit 937.000000 
User 0, Acc 5 Balance 1956.000000, Deposit 941.000000 
User 3, Acc 7 Balance 42301.000000, Deposit 9929.000000 
User 0, Acc 0 Balance 738.000000, Deposit 7.000000 
User 5, Acc 2 Balance 2287.000000, Transfer 23.000000 to Acc 7
User 1, Acc 6 Balance 3163.000000, Deposit 1953.000000 
User 4, Acc 2 Balance 1716.000000, Withdraw 71.000000 
User 1, Acc 7 Balance 62641.000000, Deposit 967.000000 
[22;32mUser 4, Acc 3 Balance 43.000000, 				Withdraw 127.000000 --insufficient funds[0m
User 1, Acc 1 Balance 460.000000, Transfer 19.000000 to Acc 7
User 4, Acc 4 Balance 3452.000000, Withdraw 167.000000 
User 5, Acc 3 Balance 43.000000, Transfer 29.000000 to Acc 7
User 4, Acc 5 Balance 2897.000000, Withdraw 307.000000 
User 5, Acc 7 Balance 63656.000000, Transfer 31.000000 to Acc 6
User 3, Acc 4 Balance 3452.000000, Deposit 937.000000 
User 5, Acc 7 Balance 63625.000000, Transfer 37.000000 to Acc 5
User 2, Acc 1 Balance 460.000000, Transfer 19.000000 to Acc 7
User 5, Acc 7 Balance 63588.000000, Transfer 3.000000 to Acc 4
User 5, Acc 7 Balance 63585.000000, Transfer 5.000000 to Acc 4
User 2, Acc 2 Balance 960.000000, Transfer 23.000000 to Acc 7
User 0, Acc 3 Balance 43.000000, Deposit 29.000000 
User 2, Acc 6 Balance 6462.000000, Transfer 1167.000000 to Acc 5
User 0, Acc 7 Balance 63622.000000, Deposit 9.000000 
User 3, Acc 5 Balance 2590.000000, Deposit 941.000000 
User 6, Acc 5 Balance 1956.000000, Deposit 941.000000 
User 4, Acc 6 Balance 6431.000000, Withdraw 647.000000 
User 6, Acc 0 Balance 745.000000, Deposit 7.000000 
User 6, Acc 3 Balance 43.000000, Deposit 29.000000 
User 4, Acc 7 Balance 63631.000000, Withdraw 593.000000 
User 1, Acc 2 Balance 960.000000, Transfer 23.000000 to Acc 7
User 1, Acc 6 Balance 4648.000000, Transfer 1167.000000 to Acc 5
User 3, Acc 0 Balance 745.000000, Deposit 7.000000 
User 1, Acc 4 Balance 4230.000000, Transfer 53.000000 to Acc 5
User 6, Acc 7 Balance 63631.000000, Deposit 9.000000 
User 1, Acc 7 Balance 63061.000000, Withdraw 1593.000000 
User 0, Acc 9 Balance 6476.000000, Deposit 129.000000 
User 2, Acc 4 Balance 4230.000000, Transfer 53.000000 to Acc 5
User 0, Acc 3 Balance 72.000000, Transfer 29.000000 to Acc 7
User 2, Acc 7 Balance 61477.000000, Withdraw 1593.000000 
User 0, Acc 7 Balance 61506.000000, Transfer 31.000000 to Acc 6
User 6, Acc 9 Balance 6476.000000, Deposit 129.000000 
User 0, Acc 7 Balance 59882.000000, Transfer 137.000000 to Acc 5
User 6, Acc 3 Balance 43.000000, Transfer 29.000000 to Acc 7
User 0, Acc 7 Balance 59745.000000, Transfer 3.000000 to Acc 4
User 5, Acc 6 Balance 6462.000000, Transfer 67.000000 to Acc 5
User 4, Acc 8 Balance 757.000000, Withdraw 449.000000 
User 1, Acc 8 Balance 757.000000, Withdraw 449.000000 
User 3, Acc 3 Balance 72.000000, Deposit 29.000000 
User 1, Acc 9 Balance 6734.000000, Withdraw 163.000000 
User 6, Acc 7 Balance 59774.000000, Transfer 31.000000 to Acc 6
User 2, Acc 8 Balance 757.000000, Withdraw 449.000000 
User 6, Acc 7 Balance 59740.000000, Transfer 137.000000 to Acc 5
User 2, Acc 9 Balance 6571.000000, Withdraw 163.000000 
User 6, Acc 7 Balance 59603.000000, Transfer 3.000000 to Acc 4
User 4, Acc 9 Balance 6734.000000, Withdraw 163.000000 
User 1, Acc 7 Balance 59771.000000, Deposit 9929.000000 
User 3, Acc 7 Balance 59771.000000, Deposit 9.000000 
User 1, Acc 4 Balance 4130.000000, Deposit 937.000000 
User 2, Acc 9 Balance 6408.000000, Deposit 617.000000 
User 6, Acc 7 Balance 59600.000000, Transfer 5.000000 to Acc 4
User 4, Acc 9 Balance 6245.000000, Deposit 617.000000 
User 6, Acc 4 Balance 5072.000000, Withdraw 1167.000000 
User 4, Acc 9 Balance 7479.000000, Transfer 617.000000 to Acc 1
User 3, Acc 9 Balance 6245.000000, Deposit 129.000000 
User 4, Acc 8 Balance -590.000000, Deposit 619.000000 
User 1, Acc 5 Balance 7290.000000, Deposit 941.000000 
User 2, Acc 9 Balance 6862.000000, Transfer 617.000000 to Acc 1
User 1, Acc 0 Balance 759.000000, Deposit 7.000000 
User 1, Acc 3 Balance 43.000000, Deposit 29.000000 
User 5, Acc 4 Balance 4127.000000, Transfer 53.000000 to Acc 5
User 6, Acc 5 Balance 7290.000000, Withdraw 1307.000000 
User 5, Acc 1 Balance 1656.000000, Transfer 89.000000 to Acc 8
User 3, Acc 3 Balance 43.000000, Transfer 29.000000 to Acc 7
User 5, Acc 1 Balance 1567.000000, Transfer 163.000000 to Acc 9
User 3, Acc 7 Balance 69562.000000, Transfer 31.000000 to Acc 6
User 5, Acc 1 Balance 1404.000000, Withdraw 41.000000 
User 3, Acc 7 Balance 69531.000000, Transfer 137.000000 to Acc 5
User 5, Acc 2 Balance 914.000000, Withdraw 71.000000 
User 4, Acc 7 Balance 69533.000000, Deposit 631.000000 
User 2, Acc 8 Balance 29.000000, Deposit 619.000000 
User 4, Acc 7 Balance 70025.000000, Transfer 631.000000 to Acc 3
User 2, Acc 8 Balance 737.000000, Transfer 619.000000 to Acc 2
User 3, Acc 7 Balance 69394.000000, Transfer 3.000000 to Acc 4
User 2, Acc 7 Balance 69394.000000, Deposit 631.000000 
[22;32mUser 5, Acc 3 Balance 43.000000, 				Withdraw 127.000000 --insufficient funds[0m
User 1, Acc 7 Balance 69533.000000, Deposit 9.000000 
User 5, Acc 4 Balance 3855.000000, Withdraw 167.000000 
User 1, Acc 9 Balance 6537.000000, Deposit 129.000000 
User 5, Acc 5 Balance 7114.000000, Withdraw 307.000000 
User 3, Acc 7 Balance 69391.000000, Transfer 5.000000 to Acc 4
User 0, Acc 7 Balance 59771.000000, Transfer 5.000000 to Acc 4
User 3, Acc 4 Balance 3693.000000, Withdraw 1167.000000 
User 0, Acc 4 Balance 3698.000000, Withdraw 1167.000000 
User 1, Acc 3 Balance 674.000000, Transfer 29.000000 to Acc 7
User 0, Acc 5 Balance 6807.000000, Withdraw 1307.000000 
User 0, Acc 1 Balance 1363.000000, Transfer 89.000000 to Acc 8
User 2, Acc 7 Balance 70022.000000, Transfer 631.000000 to Acc 3
User 6, Acc 1 Balance 1656.000000, Transfer 89.000000 to Acc 8
User 3, Acc 5 Balance 6807.000000, Withdraw 1307.000000 
User 3, Acc 1 Balance 1185.000000, Transfer 89.000000 to Acc 8
User 5, Acc 6 Balance 3507.000000, Withdraw 647.000000 
User 1, Acc 7 Balance 70050.000000, Transfer 31.000000 to Acc 6
User 0, Acc 1 Balance 1274.000000, Transfer 163.000000 to Acc 9
User 1, Acc 7 Balance 69388.000000, Transfer 137.000000 to Acc 5
User 6, Acc 1 Balance 1185.000000, Transfer 163.000000 to Acc 9
User 4, Acc 6 Balance 3507.000000, Deposit 641.000000 
User 6, Acc 1 Balance 770.000000, Withdraw 41.000000 
User 6, Acc 2 Balance 1462.000000, Withdraw 71.000000 
User 4, Acc 6 Balance 3532.000000, Transfer 641.000000 to Acc 4
User 6, Acc 3 Balance 1276.000000, Withdraw 1127.000000 
User 0, Acc 1 Balance 933.000000, Withdraw 41.000000 
User 6, Acc 6 Balance 2891.000000, Withdraw 647.000000 
User 0, Acc 2 Balance 1391.000000, Withdraw 71.000000 
User 6, Acc 6 Balance 2244.000000, Deposit 1953.000000 
User 4, Acc 5 Balance 4330.000000, Deposit 643.000000 
User 2, Acc 6 Balance 3507.000000, Deposit 641.000000 
User 4, Acc 5 Balance 4973.000000, Transfer 1200.000000 to Acc 6
User 2, Acc 6 Balance 4838.000000, Transfer 641.000000 to Acc 4
User 4, Acc 4 Balance 2005.000000, Deposit 647.000000 
User 5, Acc 7 Balance 69419.000000, Withdraw 593.000000 
User 4, Acc 4 Balance 3293.000000, Transfer 1200.000000 to Acc 7
[22;32mUser 5, Acc 8 Balance 385.000000, 				Withdraw 449.000000 --insufficient funds[0m
User 3, Acc 1 Balance 1096.000000, Transfer 163.000000 to Acc 9
User 5, Acc 9 Balance 6992.000000, Withdraw 163.000000 
User 3, Acc 1 Balance 525.000000, Withdraw 41.000000 
User 3, Acc 2 Balance 1320.000000, Withdraw 71.000000 
User 5, Acc 9 Balance 6992.000000, Deposit 617.000000 
User 5, Acc 9 Balance 7609.000000, Transfer 617.000000 to Acc 1
User 1, Acc 7 Balance 69251.000000, Transfer 3.000000 to Acc 4
User 5, Acc 8 Balance 385.000000, Deposit 619.000000 
User 1, Acc 7 Balance 69855.000000, Transfer 5.000000 to Acc 4
[22;32mUser 0, Acc 3 Balance 149.000000, 				Withdraw 1127.000000 --insufficient funds[0m
User 2, Acc 5 Balance 3773.000000, Deposit 643.000000 
User 0, Acc 6 Balance 5397.000000, Withdraw 647.000000 
User 0, Acc 6 Balance 4750.000000, Deposit 1953.000000 
User 6, Acc 7 Balance 69251.000000, Deposit 967.000000 
User 4, Acc 3 Balance 149.000000, Deposit 653.000000 
User 1, Acc 4 Balance 2101.000000, Withdraw 1167.000000 
User 5, Acc 8 Balance 1004.000000, Transfer 619.000000 to Acc 2
[22;32mUser 3, Acc 3 Balance 149.000000, 				Withdraw 1127.000000 --insufficient funds[0m
User 5, Acc 7 Balance 70817.000000, Deposit 631.000000 
User 0, Acc 7 Balance 69850.000000, Deposit 967.000000 
User 6, Acc 1 Balance 1101.000000, Transfer 19.000000 to Acc 7
User 0, Acc 1 Balance 1101.000000, Transfer 19.000000 to Acc 7
User 1, Acc 5 Balance 4416.000000, Withdraw 1307.000000 
User 0, Acc 2 Balance 1868.000000, Transfer 23.000000 to Acc 7
User 1, Acc 1 Balance 1063.000000, Transfer 89.000000 to Acc 8
User 3, Acc 6 Balance 6703.000000, Withdraw 647.000000 
User 1, Acc 1 Balance 974.000000, Transfer 163.000000 to Acc 9
User 6, Acc 2 Balance 1868.000000, Transfer 23.000000 to Acc 7
User 1, Acc 1 Balance 811.000000, Withdraw 41.000000 
User 1, Acc 2 Balance 1845.000000, Withdraw 71.000000 
User 6, Acc 6 Balance 6056.000000, Transfer 1167.000000 to Acc 5
User 5, Acc 7 Balance 71448.000000, Transfer 631.000000 to Acc 3
User 3, Acc 6 Balance 6056.000000, Deposit 1953.000000 
User 5, Acc 6 Balance 4889.000000, Deposit 641.000000 
User 5, Acc 6 Balance 5530.000000, Transfer 641.000000 to Acc 4
User 2, Acc 5 Balance 4416.000000, Transfer 1200.000000 to Acc 6
User 0, Acc 6 Balance 6703.000000, Transfer 1167.000000 to Acc 5
User 2, Acc 4 Balance 1575.000000, Deposit 647.000000 
User 2, Acc 4 Balance 2222.000000, Transfer 1200.000000 to Acc 7
User 6, Acc 4 Balance 934.000000, Transfer 53.000000 to Acc 5
User 2, Acc 3 Balance 1433.000000, Deposit 653.000000 
User 6, Acc 7 Balance 73068.000000, Withdraw 1593.000000 
User 2, Acc 3 Balance 2086.000000, Transfer 1200.000000 to Acc 8
User 6, Acc 8 Balance 474.000000, Withdraw 449.000000 
User 6, Acc 9 Balance 7155.000000, Withdraw 163.000000 
User 6, Acc 1 Balance 770.000000, Withdraw 500.000000 
User 6, Acc 2 Balance 1751.000000, Withdraw 500.000000 
User 6, Acc 3 Balance 886.000000, Withdraw 500.000000 
User 6, Acc 4 Balance 969.000000, Withdraw 500.000000 
User 6, Acc 5 Balance 4296.000000, Withdraw 500.000000 
User 6, Acc 6 Balance 6875.000000, Withdraw 500.000000 
User 6, Acc 7 Balance 71475.000000, Withdraw 500.000000 
User 6, Acc 8 Balance 1225.000000, Withdraw 500.000000 
[22;32mUser 1, Acc 3 Balance 802.000000, 				Withdraw 1127.000000 --insufficient funds[0m
User 6, Acc 9 Balance 6992.000000, Withdraw 500.000000 
User 0, Acc 4 Balance 2222.000000, Transfer 53.000000 to Acc 5
User 3, Acc 7 Balance 71868.000000, Deposit 967.000000 
User 0, Acc 7 Balance 70975.000000, Withdraw 1593.000000 
User 2, Acc 2 Balance 1751.000000, Deposit 659.000000 
User 0, Acc 8 Balance 725.000000, Withdraw 449.000000 
User 2, Acc 2 Balance 1910.000000, Transfer 1200.000000 to Acc 9
User 0, Acc 9 Balance 6492.000000, Withdraw 163.000000 
User 3, Acc 1 Balance 270.000000, Transfer 19.000000 to Acc 7
User 0, Acc 9 Balance 7529.000000, Deposit 617.000000 
User 3, Acc 2 Balance 710.000000, Transfer 23.000000 to Acc 7
User 3, Acc 6 Balance 6375.000000, Transfer 1167.000000 to Acc 5
User 1, Acc 6 Balance 6375.000000, Withdraw 647.000000 
User 4, Acc 2 Balance 1249.000000, Deposit 659.000000 
User 2, Acc 1 Balance 270.000000, Deposit 661.000000 
User 4, Acc 2 Balance 1346.000000, Transfer 1200.000000 to Acc 9
User 5, Acc 5 Balance 4276.000000, Deposit 643.000000 
User 4, Acc 1 Balance 912.000000, Deposit 661.000000 
User 5, Acc 5 Balance 5659.000000, Transfer 1200.000000 to Acc 6
User 3, Acc 4 Balance 416.000000, Transfer 53.000000 to Acc 5
User 5, Acc 4 Balance 416.000000, Deposit 647.000000 
User 5, Acc 3 Balance 386.000000, Deposit 653.000000 
User 3, Acc 7 Balance 70391.000000, Withdraw 1593.000000 
[22;32mUser 3, Acc 8 Balance 276.000000, 				Withdraw 449.000000 --insufficient funds[0m
User 6, Acc 0 Balance 766.000000, Withdraw 500.000000 
User 3, Acc 9 Balance 9346.000000, Withdraw 163.000000 
User 6, Acc 1 Balance 1573.000000, Withdraw 500.000000 
[22;32mUser 6, Acc 2 Balance 146.000000, 				Withdraw 500.000000 --insufficient funds[0m
User 2, Acc 0 Balance 766.000000, Deposit 673.000000 
User 6, Acc 3 Balance 1039.000000, Withdraw 500.000000 
User 2, Acc 1 Balance 1073.000000, Withdraw 50.000000 
User 6, Acc 4 Balance 1010.000000, Withdraw 500.000000 
User 2, Acc 2 Balance 146.000000, Withdraw 50.000000 
User 3, Acc 9 Balance 9183.000000, Deposit 617.000000 
User 1, Acc 6 Balance 4561.000000, Deposit 1953.000000 
User 5, Acc 2 Balance 146.000000, Deposit 659.000000 
User 1, Acc 7 Balance 68798.000000, Deposit 967.000000 
User 5, Acc 1 Balance 1023.000000, Deposit 661.000000 
User 4, Acc 1 Balance 1573.000000, Transfer 1200.000000 to Acc 9
User 6, Acc 5 Balance 4512.000000, Withdraw 500.000000 
User 4, Acc 0 Balance 939.000000, Deposit 673.000000 
User 3, Acc 9 Balance 9800.000000, Transfer 617.000000 to Acc 1
User 4, Acc 0 Balance 1612.000000, Transfer 1200.000000 to Acc 9
User 1, Acc 1 Balance 1684.000000, Transfer 19.000000 to Acc 7
User 4, Acc 1 Balance 1101.000000, Withdraw 50.000000 
User 2, Acc 3 Balance 539.000000, Withdraw 50.000000 
User 4, Acc 2 Balance 755.000000, Withdraw 50.000000 
User 0, Acc 9 Balance 8146.000000, Transfer 617.000000 to Acc 1
User 3, Acc 8 Balance 276.000000, Deposit 619.000000 
User 0, Acc 8 Balance 276.000000, Deposit 619.000000 
User 3, Acc 8 Balance 895.000000, Transfer 619.000000 to Acc 2
User 2, Acc 4 Balance 510.000000, Withdraw 50.000000 
User 3, Acc 7 Balance 69784.000000, Deposit 631.000000 
User 2, Acc 5 Balance 4012.000000, Withdraw 50.000000 
User 2, Acc 6 Balance 7714.000000, Withdraw 50.000000 
User 1, Acc 2 Balance 755.000000, Transfer 23.000000 to Acc 7
User 1, Acc 6 Balance 7664.000000, Transfer 1167.000000 to Acc 5
User 0, Acc 8 Balance 1514.000000, Transfer 619.000000 to Acc 2
User 1, Acc 4 Balance 460.000000, Transfer 53.000000 to Acc 5
User 0, Acc 7 Balance 70438.000000, Deposit 631.000000 
User 0, Acc 7 Balance 71069.000000, Transfer 631.000000 to Acc 3
User 0, Acc 6 Balance 6497.000000, Deposit 641.000000 
User 0, Acc 6 Balance 7138.000000, Transfer 641.000000 to Acc 4
User 0, Acc 5 Balance 5182.000000, Deposit 643.000000 
User 0, Acc 5 Balance 5825.000000, Transfer 1200.000000 to Acc 6
User 0, Acc 4 Balance 1048.000000, Deposit 647.000000 
User 0, Acc 4 Balance 1695.000000, Transfer 1200.000000 to Acc 7
User 0, Acc 3 Balance 1120.000000, Deposit 653.000000 
User 0, Acc 3 Balance 1773.000000, Transfer 1200.000000 to Acc 8
User 0, Acc 2 Balance 1920.000000, Deposit 659.000000 
User 0, Acc 2 Balance 2579.000000, Transfer 1200.000000 to Acc 9
User 2, Acc 7 Balance 70415.000000, Withdraw 50.000000 
User 2, Acc 8 Balance 1476.000000, Withdraw 50.000000 
User 6, Acc 6 Balance 7714.000000, Withdraw 500.000000 
User 2, Acc 9 Balance 12166.000000, Withdraw 50.000000 
User 6, Acc 7 Balance 71588.000000, Withdraw 500.000000 
User 6, Acc 8 Balance 1426.000000, Withdraw 500.000000 
User 5, Acc 1 Balance 1684.000000, Transfer 1200.000000 to Acc 9
User 3, Acc 7 Balance 70415.000000, Transfer 631.000000 to Acc 3
User 0, Acc 1 Balance 1649.000000, Deposit 661.000000 
User 4, Acc 3 Balance 489.000000, Withdraw 50.000000 
User 0, Acc 0 Balance 412.000000, Deposit 673.000000 
User 4, Acc 4 Balance 495.000000, Withdraw 50.000000 
User 4, Acc 5 Balance 4625.000000, Withdraw 50.000000 
User 4, Acc 6 Balance 7197.000000, Withdraw 50.000000 
User 6, Acc 9 Balance 12116.000000, Withdraw 500.000000 
User 4, Acc 7 Balance 70457.000000, Withdraw 50.000000 
User 5, Acc 0 Balance 412.000000, Deposit 673.000000 
User 1, Acc 7 Balance 70438.000000, Withdraw 1593.000000 
User 2, Acc 0 Balance 412.000000, Withdraw 50.000000 
User 1, Acc 8 Balance 926.000000, Withdraw 449.000000 
User 1, Acc 9 Balance 12816.000000, Withdraw 163.000000 
User 6, Acc 0 Balance 1085.000000, Withdraw 500.000000 
User 1, Acc 0 Balance 1708.000000, Deposit 400.000000 
User 4, Acc 8 Balance 926.000000, Withdraw 50.000000 
User 1, Acc 0 Balance 1608.000000, Withdraw 200.000000 
User 0, Acc 1 Balance 1110.000000, Withdraw 50.000000 
User 1, Acc 0 Balance 1408.000000, Deposit 100.000000 
User 1, Acc 0 Balance 1508.000000, Withdraw 50.000000 
User 6, Acc 1 Balance 1110.000000, Withdraw 500.000000 
User 3, Acc 6 Balance 7197.000000, Deposit 641.000000 
User 5, Acc 0 Balance 1758.000000, Transfer 1200.000000 to Acc 9
User 3, Acc 6 Balance 7788.000000, Transfer 641.000000 to Acc 4
User 4, Acc 9 Balance 12653.000000, Withdraw 50.000000 
User 3, Acc 5 Balance 4575.000000, Deposit 643.000000 
User 3, Acc 5 Balance 5218.000000, Transfer 1200.000000 to Acc 6
User 1, Acc 0 Balance 1458.000000, Withdraw 150.000000 
User 6, Acc 2 Balance 1379.000000, Withdraw 500.000000 
User 5, Acc 1 Balance 560.000000, Withdraw 50.000000 
User 0, Acc 2 Balance 1379.000000, Withdraw 50.000000 
User 5, Acc 2 Balance 879.000000, Withdraw 50.000000 
User 0, Acc 3 Balance 1154.000000, Withdraw 50.000000 
User 2, Acc 0 Balance 1708.000000, Deposit 400.000000 
User 0, Acc 4 Balance 1086.000000, Withdraw 50.000000 
User 2, Acc 0 Balance 508.000000, Withdraw 200.000000 
User 0, Acc 5 Balance 4018.000000, Withdraw 50.000000 
User 4, Acc 0 Balance 258.000000, Withdraw 50.000000 
User 5, Acc 3 Balance 1154.000000, Withdraw 50.000000 
User 4, Acc 0 Balance 258.000000, Deposit 400.000000 
User 4, Acc 0 Balance 658.000000, Withdraw 200.000000 
User 5, Acc 4 Balance 1036.000000, Withdraw 50.000000 
User 2, Acc 0 Balance 308.000000, Deposit 100.000000 
User 0, Acc 6 Balance 8347.000000, Withdraw 50.000000 
User 2, Acc 0 Balance 558.000000, Withdraw 50.000000 
User 0, Acc 7 Balance 68814.000000, Withdraw 50.000000 
User 2, Acc 0 Balance 508.000000, Withdraw 150.000000 
User 0, Acc 8 Balance 427.000000, Withdraw 50.000000 
User 2, Acc 0 Balance 358.000000, Deposit 300.000000 
User 5, Acc 5 Balance 3968.000000, Withdraw 50.000000 
User 3, Acc 4 Balance 1086.000000, Deposit 647.000000 
User 5, Acc 6 Balance 8297.000000, Withdraw 50.000000 
User 3, Acc 4 Balance 1633.000000, Transfer 1200.000000 to Acc 7
User 5, Acc 7 Balance 68764.000000, Withdraw 50.000000 
User 5, Acc 8 Balance 377.000000, Withdraw 50.000000 
User 5, Acc 9 Balance 13803.000000, Withdraw 50.000000 
User 5, Acc 0 Balance 658.000000, Withdraw 50.000000 
User 6, Acc 3 Balance 1154.000000, Withdraw 500.000000 
User 5, Acc 0 Balance 608.000000, Deposit 907.000000 
User 4, Acc 0 Balance 458.000000, Deposit 100.000000 
User 5, Acc 1 Balance 510.000000, Deposit 911.000000 
User 4, Acc 0 Balance 1615.000000, Withdraw 50.000000 
User 5, Acc 2 Balance 779.000000, Deposit 919.000000 
User 4, Acc 0 Balance 1565.000000, Withdraw 150.000000 
User 5, Acc 3 Balance 554.000000, Transfer 29.000000 to Acc 7
User 3, Acc 3 Balance 1054.000000, Deposit 653.000000 
User 5, Acc 7 Balance 69943.000000, Transfer 31.000000 to Acc 6
User 2, Acc 0 Balance 658.000000, Transfer 300.000000 to Acc 1
User 1, Acc 0 Balance 108.000000, Deposit 300.000000 
[22;32mUser 6, Acc 4 Balance 433.000000, 				Withdraw 500.000000 --insufficient funds[0m
User 1, Acc 0 Balance 1415.000000, Transfer 300.000000 to Acc 1
User 4, Acc 0 Balance 1415.000000, Deposit 300.000000 
User 0, Acc 9 Balance 13803.000000, Withdraw 50.000000 
User 4, Acc 0 Balance 1415.000000, Transfer 300.000000 to Acc 1
Balance in 1: 2321.000000
User 0, Acc 0 Balance 1115.000000, Withdraw 50.000000 
User 4, Acc 0 Balance 1115.000000, Deposit 400.000000 
User 4, Acc 0 Balance 1515.000000, Withdraw 200.000000 
Balance in 1: 1721.000000
User 6, Acc 5 Balance 3918.000000, Withdraw 500.000000 
User 2, Acc 0 Balance 1265.000000, Deposit 907.000000 
User 6, Acc 6 Balance 8278.000000, Withdraw 500.000000 
User 0, Acc 0 Balance 1465.000000, Deposit 400.000000 
Balance in 1: 2021.000000
User 0, Acc 0 Balance 2572.000000, Withdraw 200.000000 
User 0, Acc 0 Balance 2372.000000, Deposit 100.000000 
User 5, Acc 7 Balance 69912.000000, Transfer 37.000000 to Acc 5
User 3, Acc 2 Balance 1698.000000, Deposit 659.000000 
User 5, Acc 7 Balance 69875.000000, Transfer 3.000000 to Acc 4
User 5, Acc 7 Balance 69872.000000, Transfer 5.000000 to Acc 4
User 6, Acc 7 Balance 69912.000000, Withdraw 500.000000 
User 4, Acc 0 Balance 1265.000000, Deposit 100.000000 
[22;32mUser 6, Acc 8 Balance 327.000000, 				Withdraw 500.000000 --insufficient funds[0m
User 6, Acc 9 Balance 13703.000000, Withdraw 500.000000 
User 0, Acc 0 Balance 2472.000000, Withdraw 50.000000 
User 2, Acc 1 Balance 2321.000000, Deposit 911.000000 
User 3, Acc 2 Balance 2357.000000, Transfer 1200.000000 to Acc 9
User 2, Acc 2 Balance 2357.000000, Deposit 919.000000 
User 1, Acc 0 Balance 2372.000000, Deposit 907.000000 
User 4, Acc 0 Balance 2572.000000, Withdraw 50.000000 
User 1, Acc 1 Balance 3232.000000, Deposit 911.000000 
User 1, Acc 2 Balance 2076.000000, Deposit 919.000000 
User 0, Acc 0 Balance 2522.000000, Withdraw 150.000000 
User 5, Acc 3 Balance 1178.000000, Deposit 929.000000 
User 3, Acc 1 Balance 3232.000000, Deposit 661.000000 
User 5, Acc 4 Balance 441.000000, Deposit 937.000000 
User 5, Acc 5 Balance 3455.000000, Deposit 941.000000 
User 3, Acc 1 Balance 4804.000000, Transfer 1200.000000 to Acc 9
User 4, Acc 0 Balance 3379.000000, Withdraw 150.000000 
User 3, Acc 0 Balance 3229.000000, Deposit 673.000000 
User 1, Acc 3 Balance 1178.000000, Deposit 929.000000 
User 3, Acc 0 Balance 3752.000000, Transfer 1200.000000 to Acc 9
User 2, Acc 3 Balance 1178.000000, Deposit 929.000000 
User 6, Acc 0 Balance 2572.000000, Withdraw 500.000000 
User 4, Acc 0 Balance 3079.000000, Deposit 300.000000 
User 6, Acc 0 Balance 2052.000000, Deposit 907.000000 
User 1, Acc 4 Balance 1378.000000, Deposit 937.000000 
User 3, Acc 1 Balance 3604.000000, Withdraw 50.000000 
User 2, Acc 4 Balance 1378.000000, Deposit 937.000000 
User 3, Acc 2 Balance 2995.000000, Withdraw 50.000000 
User 3, Acc 3 Balance 3965.000000, Withdraw 50.000000 
User 0, Acc 0 Balance 3229.000000, Deposit 300.000000 
User 4, Acc 0 Balance 2352.000000, Transfer 300.000000 to Acc 1
User 0, Acc 0 Balance 3559.000000, Transfer 300.000000 to Acc 1
User 6, Acc 1 Balance 3604.000000, Deposit 911.000000 
User 1, Acc 5 Balance 4396.000000, Deposit 941.000000 
User 1, Acc 6 Balance 7778.000000, Deposit 953.000000 
User 1, Acc 7 Balance 69367.000000, Deposit 967.000000 
User 3, Acc 4 Balance 3252.000000, Withdraw 50.000000 
User 1, Acc 1 Balance 5065.000000, Transfer 19.000000 to Acc 7
User 1, Acc 2 Balance 2945.000000, Transfer 23.000000 to Acc 7
Balance in 1: 4154.000000
User 1, Acc 3 Balance 3915.000000, Transfer 29.000000 to Acc 7
User 1, Acc 7 Balance 70405.000000, Transfer 31.000000 to Acc 6
User 2, Acc 5 Balance 4396.000000, Deposit 941.000000 
User 5, Acc 4 Balance 1378.000000, Withdraw 167.000000 
Balance in 1: 3854.000000
User 5, Acc 5 Balance 6278.000000, Withdraw 307.000000 
User 3, Acc 5 Balance 5337.000000, Withdraw 50.000000 
User 6, Acc 2 Balance 2945.000000, Deposit 919.000000 
User 3, Acc 6 Balance 8762.000000, Withdraw 50.000000 
User 6, Acc 3 Balance 3886.000000, Deposit 929.000000 
User 1, Acc 7 Balance 70374.000000, Transfer 37.000000 to Acc 5
User 2, Acc 6 Balance 8762.000000, Deposit 953.000000 
User 5, Acc 1 Balance 5046.000000, Transfer 89.000000 to Acc 8
User 4, Acc 0 Balance 2959.000000, Deposit 100.000000 
User 5, Acc 1 Balance 4957.000000, Transfer 163.000000 to Acc 9
User 4, Acc 0 Balance 3059.000000, Deposit 200.000000 
User 6, Acc 4 Balance 3035.000000, Deposit 937.000000 
User 0, Acc 0 Balance 2959.000000, Deposit 907.000000 
User 2, Acc 7 Balance 70337.000000, Deposit 967.000000 
User 3, Acc 7 Balance 70374.000000, Withdraw 50.000000 
User 2, Acc 1 Balance 4794.000000, Transfer 19.000000 to Acc 7
User 3, Acc 8 Balance 416.000000, Withdraw 50.000000 
User 2, Acc 2 Balance 3841.000000, Transfer 23.000000 to Acc 7
User 3, Acc 9 Balance 16966.000000, Withdraw 50.000000 
User 6, Acc 5 Balance 5958.000000, Deposit 941.000000 
User 3, Acc 0 Balance 4166.000000, Withdraw 50.000000 
User 0, Acc 1 Balance 4794.000000, Deposit 911.000000 
User 5, Acc 1 Balance 4794.000000, Withdraw 41.000000 
User 0, Acc 2 Balance 3818.000000, Deposit 919.000000 
User 1, Acc 7 Balance 70337.000000, Transfer 3.000000 to Acc 4
User 0, Acc 3 Balance 4815.000000, Deposit 929.000000 
User 6, Acc 6 Balance 9665.000000, Deposit 953.000000 
User 4, Acc 0 Balance 3259.000000, Deposit 300.000000 
User 6, Acc 7 Balance 71293.000000, Deposit 967.000000 
User 5, Acc 2 Balance 3818.000000, Withdraw 71.000000 
User 6, Acc 1 Balance 5645.000000, Transfer 19.000000 to Acc 7
User 1, Acc 7 Balance 71293.000000, Transfer 5.000000 to Acc 4
User 0, Acc 4 Balance 3975.000000, Deposit 937.000000 
User 1, Acc 6 Balance 10618.000000, Transfer 67.000000 to Acc 5
User 2, Acc 3 Balance 4815.000000, Transfer 29.000000 to Acc 7
User 5, Acc 3 Balance 5744.000000, Withdraw 127.000000 
User 6, Acc 2 Balance 4666.000000, Transfer 23.000000 to Acc 7
User 3, Acc 0 Balance 4116.000000, Deposit 907.000000 
User 0, Acc 5 Balance 6899.000000, Deposit 941.000000 
User 3, Acc 1 Balance 5626.000000, Deposit 911.000000 
User 1, Acc 4 Balance 4917.000000, Transfer 53.000000 to Acc 5
User 2, Acc 7 Balance 72303.000000, Transfer 31.000000 to Acc 6
User 5, Acc 6 Balance 10551.000000, Withdraw 647.000000 
User 6, Acc 3 Balance 5588.000000, Transfer 29.000000 to Acc 7
User 5, Acc 6 Balance 9935.000000, Deposit 953.000000 
User 6, Acc 7 Balance 72324.000000, Transfer 31.000000 to Acc 6
User 0, Acc 6 Balance 10551.000000, Deposit 953.000000 
User 3, Acc 2 Balance 4643.000000, Deposit 919.000000 
User 2, Acc 7 Balance 72295.000000, Transfer 37.000000 to Acc 5
User 3, Acc 3 Balance 5559.000000, Deposit 929.000000 
User 2, Acc 7 Balance 72256.000000, Transfer 3.000000 to Acc 4
User 2, Acc 7 Balance 72253.000000, Transfer 5.000000 to Acc 4
User 6, Acc 7 Balance 72293.000000, Transfer 37.000000 to Acc 5
User 0, Acc 7 Balance 72293.000000, Deposit 967.000000 
User 1, Acc 1 Balance 6537.000000, Transfer 89.000000 to Acc 8
User 4, Acc 0 Balance 4416.000000, Withdraw 200.000000 
User 1, Acc 1 Balance 6448.000000, Transfer 163.000000 to Acc 9
User 3, Acc 4 Balance 4867.000000, Deposit 937.000000 
User 1, Acc 1 Balance 6285.000000, Withdraw 41.000000 
User 3, Acc 5 Balance 8034.000000, Deposit 941.000000 
User 0, Acc 1 Balance 6537.000000, Transfer 19.000000 to Acc 7
User 0, Acc 2 Balance 5562.000000, Transfer 23.000000 to Acc 7
User 4, Acc 0 Balance 5123.000000, Withdraw 100.000000 
User 4, Acc 0 Balance 5023.000000, Withdraw 50.000000 
User 4, Acc 1 Balance 6225.000000, Transfer 200.000000 to Acc 0
Balance in 0: 5173.000000
User 4, Acc 1 Balance 6025.000000, Withdraw 500.000000 
User 4, Acc 2 Balance 5539.000000, Withdraw 500.000000 
User 4, Acc 3 Balance 6488.000000, Withdraw 500.000000 
User 4, Acc 4 Balance 5809.000000, Withdraw 500.000000 
User 4, Acc 5 Balance 8975.000000, Withdraw 500.000000 
User 4, Acc 6 Balance 11872.000000, Withdraw 500.000000 
User 4, Acc 7 Balance 73220.000000, Withdraw 500.000000 
[22;32mUser 4, Acc 8 Balance 455.000000, 				Withdraw 500.000000 --insufficient funds[0m
User 4, Acc 9 Balance 17079.000000, Withdraw 500.000000 
User 4, Acc 0 Balance 5173.000000, Withdraw 500.000000 
User 4, Acc 1 Balance 5525.000000, Withdraw 500.000000 
User 4, Acc 2 Balance 5039.000000, Withdraw 500.000000 
User 4, Acc 3 Balance 5988.000000, Withdraw 500.000000 
User 4, Acc 4 Balance 5309.000000, Withdraw 500.000000 
User 4, Acc 5 Balance 8475.000000, Withdraw 500.000000 
User 4, Acc 6 Balance 11372.000000, Withdraw 500.000000 
User 4, Acc 7 Balance 72720.000000, Withdraw 500.000000 
[22;32mUser 4, Acc 8 Balance 455.000000, 				Withdraw 500.000000 --insufficient funds[0m
User 4, Acc 9 Balance 16579.000000, Withdraw 500.000000 
User 4, Acc 0 Balance 4673.000000, Withdraw 500.000000 
User 4, Acc 1 Balance 5025.000000, Withdraw 500.000000 
User 4, Acc 2 Balance 4539.000000, Withdraw 500.000000 
User 4, Acc 3 Balance 5488.000000, Withdraw 500.000000 
User 4, Acc 4 Balance 4809.000000, Withdraw 500.000000 
User 4, Acc 5 Balance 7975.000000, Withdraw 500.000000 
User 4, Acc 6 Balance 10872.000000, Withdraw 500.000000 
User 4, Acc 7 Balance 72220.000000, Withdraw 500.000000 
[22;32mUser 4, Acc 8 Balance 455.000000, 				Withdraw 500.000000 --insufficient funds[0m
User 4, Acc 9 Balance 16079.000000, Withdraw 500.000000 
User 4, Acc 0 Balance 4173.000000, Withdraw 500.000000 
User 4, Acc 1 Balance 4525.000000, Withdraw 500.000000 
User 4, Acc 2 Balance 4039.000000, Withdraw 500.000000 
User 4, Acc 3 Balance 4988.000000, Withdraw 500.000000 
User 4, Acc 4 Balance 4309.000000, Withdraw 500.000000 
User 4, Acc 5 Balance 7475.000000, Withdraw 500.000000 
User 4, Acc 6 Balance 10372.000000, Withdraw 500.000000 
User 4, Acc 7 Balance 71720.000000, Withdraw 500.000000 
[22;32mUser 4, Acc 8 Balance 455.000000, 				Withdraw 500.000000 --insufficient funds[0m
User 4, Acc 9 Balance 15579.000000, Withdraw 500.000000 
User 4, Acc 0 Balance 3673.000000, Withdraw 500.000000 
User 4, Acc 1 Balance 4025.000000, Withdraw 500.000000 
User 4, Acc 2 Balance 3539.000000, Withdraw 500.000000 
User 4, Acc 3 Balance 4488.000000, Withdraw 500.000000 
User 4, Acc 4 Balance 3809.000000, Withdraw 500.000000 
User 4, Acc 5 Balance 6975.000000, Withdraw 500.000000 
User 4, Acc 6 Balance 9872.000000, Withdraw 500.000000 
User 4, Acc 7 Balance 71220.000000, Withdraw 500.000000 
[22;32mUser 4, Acc 8 Balance 455.000000, 				Withdraw 500.000000 --insufficient funds[0m
User 4, Acc 9 Balance 15079.000000, Withdraw 500.000000 
User 4, Acc 0 Balance 3173.000000, Withdraw 500.000000 
User 4, Acc 1 Balance 3525.000000, Withdraw 500.000000 
User 4, Acc 2 Balance 3039.000000, Withdraw 500.000000 
User 4, Acc 3 Balance 3988.000000, Withdraw 500.000000 
User 4, Acc 4 Balance 3309.000000, Withdraw 500.000000 
User 4, Acc 5 Balance 6475.000000, Withdraw 500.000000 
User 4, Acc 6 Balance 9372.000000, Withdraw 500.000000 
User 4, Acc 7 Balance 70720.000000, Withdraw 500.000000 
[22;32mUser 4, Acc 8 Balance 455.000000, 				Withdraw 500.000000 --insufficient funds[0m
User 4, Acc 9 Balance 14579.000000, Withdraw 500.000000 
User 4, Acc 0 Balance 2673.000000, Withdraw 500.000000 
User 4, Acc 0 Balance 2173.000000, Deposit 907.000000 
User 4, Acc 1 Balance 3025.000000, Deposit 911.000000 
User 4, Acc 2 Balance 2539.000000, Deposit 919.000000 
User 4, Acc 3 Balance 3488.000000, Transfer 29.000000 to Acc 7
User 4, Acc 7 Balance 70249.000000, Transfer 31.000000 to Acc 6
User 4, Acc 7 Balance 70218.000000, Transfer 37.000000 to Acc 5
User 4, Acc 7 Balance 70181.000000, Transfer 3.000000 to Acc 4
User 4, Acc 7 Balance 70178.000000, Transfer 5.000000 to Acc 4
User 4, Acc 3 Balance 3459.000000, Deposit 929.000000 
User 4, Acc 4 Balance 2817.000000, Deposit 937.000000 
User 4, Acc 5 Balance 6012.000000, Deposit 941.000000 
User 4, Acc 4 Balance 3754.000000, Withdraw 167.000000 
User 4, Acc 5 Balance 6953.000000, Withdraw 307.000000 
User 4, Acc 1 Balance 3936.000000, Transfer 89.000000 to Acc 8
User 4, Acc 1 Balance 3847.000000, Transfer 163.000000 to Acc 9
User 4, Acc 1 Balance 3684.000000, Withdraw 41.000000 
User 4, Acc 2 Balance 3458.000000, Withdraw 71.000000 
User 4, Acc 3 Balance 4388.000000, Withdraw 127.000000 
User 4, Acc 6 Balance 8903.000000, Withdraw 647.000000 
User 4, Acc 6 Balance 8256.000000, Deposit 953.000000 
User 4, Acc 7 Balance 70173.000000, Deposit 967.000000 
User 4, Acc 1 Balance 3643.000000, Transfer 19.000000 to Acc 7
User 4, Acc 2 Balance 3387.000000, Transfer 23.000000 to Acc 7
User 4, Acc 6 Balance 9209.000000, Transfer 67.000000 to Acc 5
User 4, Acc 4 Balance 3587.000000, Transfer 53.000000 to Acc 5
User 4, Acc 7 Balance 71182.000000, Withdraw 593.000000 
User 4, Acc 8 Balance 544.000000, Withdraw 449.000000 
User 4, Acc 9 Balance 14242.000000, Withdraw 163.000000 
User 4, Acc 1 Balance 3624.000000, Withdraw 500.000000 
User 5, Acc 7 Balance 72324.000000, Deposit 967.000000 
User 0, Acc 3 Balance 6488.000000, Transfer 29.000000 to Acc 7
User 2, Acc 6 Balance 11872.000000, Transfer 67.000000 to Acc 5
User 6, Acc 7 Balance 72211.000000, Transfer 3.000000 to Acc 4
User 2, Acc 4 Balance 3534.000000, Transfer 53.000000 to Acc 5
User 6, Acc 7 Balance 71582.000000, Transfer 5.000000 to Acc 4
User 4, Acc 2 Balance 3364.000000, Withdraw 500.000000 
User 6, Acc 6 Balance 9075.000000, Transfer 67.000000 to Acc 5
User 4, Acc 3 Balance 4232.000000, Withdraw 500.000000 
User 4, Acc 4 Balance 3489.000000, Withdraw 500.000000 
User 1, Acc 2 Balance 5562.000000, Withdraw 71.000000 
User 3, Acc 6 Balance 11872.000000, Deposit 953.000000 
User 2, Acc 1 Balance 3124.000000, Transfer 89.000000 to Acc 8
User 3, Acc 7 Balance 71577.000000, Deposit 967.000000 
User 5, Acc 1 Balance 3124.000000, Transfer 19.000000 to Acc 7
User 0, Acc 7 Balance 71585.000000, Transfer 31.000000 to Acc 6
User 6, Acc 4 Balance 3489.000000, Transfer 53.000000 to Acc 5
User 0, Acc 7 Balance 72532.000000, Transfer 37.000000 to Acc 5
User 6, Acc 1 Balance 3016.000000, Transfer 89.000000 to Acc 8
User 1, Acc 3 Balance 3732.000000, Withdraw 127.000000 
User 6, Acc 1 Balance 2927.000000, Transfer 163.000000 to Acc 9
User 5, Acc 2 Balance 2793.000000, Transfer 23.000000 to Acc 7
User 6, Acc 1 Balance 2764.000000, Withdraw 41.000000 
User 5, Acc 6 Balance 9992.000000, Transfer 67.000000 to Acc 5
User 5, Acc 4 Balance 2936.000000, Transfer 53.000000 to Acc 5
User 3, Acc 1 Balance 3124.000000, Transfer 19.000000 to Acc 7
User 1, Acc 4 Balance 2936.000000, Withdraw 167.000000 
User 2, Acc 1 Balance 3035.000000, Transfer 163.000000 to Acc 9
User 4, Acc 5 Balance 6953.000000, Withdraw 500.000000 
User 2, Acc 1 Balance 2541.000000, Withdraw 41.000000 
User 6, Acc 2 Balance 2770.000000, Withdraw 71.000000 
User 2, Acc 2 Balance 2770.000000, Withdraw 71.000000 
User 5, Acc 7 Balance 72518.000000, Withdraw 593.000000 
User 1, Acc 5 Balance 7163.000000, Withdraw 307.000000 
User 0, Acc 7 Balance 72495.000000, Transfer 3.000000 to Acc 4
User 1, Acc 6 Balance 9925.000000, Withdraw 647.000000 
User 6, Acc 3 Balance 3605.000000, Withdraw 127.000000 
User 3, Acc 2 Balance 2770.000000, Transfer 23.000000 to Acc 7
User 2, Acc 3 Balance 3605.000000, Withdraw 127.000000 
User 3, Acc 3 Balance 3478.000000, Transfer 29.000000 to Acc 7
User 2, Acc 4 Balance 2719.000000, Withdraw 167.000000 
User 2, Acc 5 Balance 6356.000000, Withdraw 307.000000 
User 0, Acc 7 Balance 71941.000000, Transfer 5.000000 to Acc 4
User 1, Acc 7 Balance 71941.000000, Withdraw 593.000000 
[22;32mUser 1, Acc 8 Balance 273.000000, 				Withdraw 449.000000 --insufficient funds[0m
User 1, Acc 9 Balance 14405.000000, Withdraw 163.000000 
User 1, Acc 1 Balance 2500.000000, Withdraw 500.000000 
User 3, Acc 7 Balance 71993.000000, Transfer 31.000000 to Acc 6
User 2, Acc 6 Balance 9278.000000, Withdraw 647.000000 
User 0, Acc 6 Balance 9278.000000, Transfer 67.000000 to Acc 5
User 2, Acc 7 Balance 71364.000000, Withdraw 593.000000 
User 0, Acc 4 Balance 2557.000000, Transfer 53.000000 to Acc 5
[22;32mUser 5, Acc 8 Balance 273.000000, 				Withdraw 449.000000 --insufficient funds[0m
User 0, Acc 1 Balance 2000.000000, Transfer 89.000000 to Acc 8
User 1, Acc 2 Balance 2605.000000, Withdraw 500.000000 
User 6, Acc 4 Balance 2719.000000, Withdraw 167.000000 
[22;32mUser 2, Acc 8 Balance 273.000000, 				Withdraw 449.000000 --insufficient funds[0m
User 6, Acc 5 Balance 6169.000000, Withdraw 307.000000 
User 6, Acc 6 Balance 8595.000000, Withdraw 647.000000 
User 5, Acc 9 Balance 14242.000000, Withdraw 163.000000 
User 3, Acc 7 Balance 71364.000000, Transfer 37.000000 to Acc 5
User 0, Acc 1 Balance 1911.000000, Transfer 163.000000 to Acc 9
User 3, Acc 7 Balance 70734.000000, Transfer 3.000000 to Acc 4
User 3, Acc 7 Balance 70731.000000, Transfer 5.000000 to Acc 4
User 4, Acc 6 Balance 9925.000000, Withdraw 500.000000 
User 2, Acc 9 Balance 14242.000000, Withdraw 163.000000 
User 6, Acc 7 Balance 70771.000000, Withdraw 593.000000 
User 2, Acc 0 Balance 3080.000000, Deposit 907.000000 
[22;32mUser 6, Acc 8 Balance 362.000000, 				Withdraw 449.000000 --insufficient funds[0m
User 2, Acc 1 Balance 1748.000000, Deposit 911.000000 
User 3, Acc 6 Balance 7948.000000, Transfer 67.000000 to Acc 5
User 2, Acc 2 Balance 2105.000000, Deposit 919.000000 
User 3, Acc 4 Balance 2345.000000, Transfer 53.000000 to Acc 5
User 3, Acc 1 Balance 2659.000000, Transfer 89.000000 to Acc 8
User 1, Acc 3 Balance 3322.000000, Withdraw 500.000000 
User 6, Acc 9 Balance 14079.000000, Withdraw 163.000000 
User 1, Acc 4 Balance 2292.000000, Withdraw 500.000000 
User 6, Acc 0 Balance 3987.000000, Deposit 100.000000 
User 4, Acc 7 Balance 70726.000000, Withdraw 500.000000 
User 6, Acc 0 Balance 4087.000000, Deposit 200.000000 
[22;32mUser 4, Acc 8 Balance 451.000000, 				Withdraw 500.000000 --insufficient funds[0m
User 4, Acc 9 Balance 13916.000000, Withdraw 500.000000 
User 6, Acc 0 Balance 4287.000000, Deposit 300.000000 
User 1, Acc 5 Balance 6019.000000, Withdraw 500.000000 
User 6, Acc 0 Balance 4587.000000, Withdraw 200.000000 
User 5, Acc 1 Balance 1911.000000, Withdraw 500.000000 
User 3, Acc 1 Balance 2570.000000, Transfer 163.000000 to Acc 9
User 5, Acc 2 Balance 3024.000000, Withdraw 500.000000 
User 3, Acc 1 Balance 1907.000000, Withdraw 41.000000 
User 4, Acc 0 Balance 4287.000000, Withdraw 500.000000 
User 1, Acc 6 Balance 7381.000000, Withdraw 500.000000 
User 6, Acc 0 Balance 4387.000000, Withdraw 100.000000 
User 2, Acc 3 Balance 3322.000000, Transfer 29.000000 to Acc 7
User 0, Acc 1 Balance 1748.000000, Withdraw 41.000000 
User 2, Acc 7 Balance 69662.000000, Transfer 31.000000 to Acc 6
User 0, Acc 2 Balance 2524.000000, Withdraw 71.000000 
User 2, Acc 7 Balance 69631.000000, Transfer 37.000000 to Acc 5
User 0, Acc 3 Balance 2793.000000, Withdraw 127.000000 
User 1, Acc 7 Balance 69633.000000, Withdraw 500.000000 
User 6, Acc 0 Balance 3787.000000, Withdraw 50.000000 
[22;32mUser 1, Acc 8 Balance 451.000000, 				Withdraw 500.000000 --insufficient funds[0m
User 6, Acc 1 Balance 1825.000000, Transfer 200.000000 to Acc 0
User 1, Acc 9 Balance 13579.000000, Withdraw 500.000000 
Balance in 0: 3937.000000
User 1, Acc 0 Balance 3937.000000, Withdraw 500.000000 
User 6, Acc 0 Balance 3937.000000, Deposit 907.000000 
User 5, Acc 3 Balance 2822.000000, Withdraw 500.000000 
User 6, Acc 1 Balance 1625.000000, Deposit 911.000000 
User 5, Acc 4 Balance 1792.000000, Withdraw 500.000000 
User 0, Acc 4 Balance 1792.000000, Withdraw 167.000000 
User 3, Acc 2 Balance 2524.000000, Withdraw 71.000000 
User 4, Acc 1 Balance 1866.000000, Withdraw 500.000000 
User 4, Acc 2 Balance 2382.000000, Withdraw 500.000000 
User 6, Acc 2 Balance 2453.000000, Deposit 919.000000 
User 6, Acc 3 Balance 2166.000000, Transfer 29.000000 to Acc 7
User 5, Acc 5 Balance 5556.000000, Withdraw 500.000000 
User 5, Acc 6 Balance 6912.000000, Withdraw 500.000000 
User 5, Acc 7 Balance 69123.000000, Withdraw 500.000000 
[22;32mUser 5, Acc 8 Balance 451.000000, 				Withdraw 500.000000 --insufficient funds[0m
User 5, Acc 9 Balance 13079.000000, Withdraw 500.000000 
User 5, Acc 0 Balance 4344.000000, Withdraw 500.000000 
User 5, Acc 1 Balance 2036.000000, Withdraw 500.000000 
User 5, Acc 2 Balance 2801.000000, Withdraw 500.000000 
User 5, Acc 3 Balance 2137.000000, Withdraw 500.000000 
User 5, Acc 4 Balance 1125.000000, Withdraw 500.000000 
User 5, Acc 5 Balance 5056.000000, Withdraw 500.000000 
User 5, Acc 6 Balance 6412.000000, Withdraw 500.000000 
User 5, Acc 7 Balance 68623.000000, Withdraw 500.000000 
[22;32mUser 5, Acc 8 Balance 451.000000, 				Withdraw 500.000000 --insufficient funds[0m
User 0, Acc 5 Balance 5556.000000, Withdraw 307.000000 
User 5, Acc 9 Balance 12579.000000, Withdraw 500.000000 
User 0, Acc 6 Balance 5912.000000, Withdraw 647.000000 
User 4, Acc 3 Balance 2166.000000, Withdraw 500.000000 
User 0, Acc 7 Balance 68123.000000, Withdraw 593.000000 
User 4, Acc 4 Balance 625.000000, Withdraw 500.000000 
User 0, Acc 8 Balance 451.000000, Withdraw 449.000000 
User 0, Acc 9 Balance 12079.000000, Withdraw 163.000000 
User 5, Acc 0 Balance 3844.000000, Withdraw 500.000000 
User 0, Acc 0 Balance 3844.000000, Deposit 907.000000 
User 6, Acc 7 Balance 69123.000000, Transfer 31.000000 to Acc 6
User 0, Acc 1 Balance 1536.000000, Deposit 911.000000 
User 6, Acc 7 Balance 67499.000000, Transfer 37.000000 to Acc 5
User 0, Acc 2 Balance 2301.000000, Deposit 919.000000 
User 6, Acc 7 Balance 67462.000000, Transfer 3.000000 to Acc 4
User 2, Acc 7 Balance 69594.000000, Transfer 3.000000 to Acc 4
User 6, Acc 7 Balance 67459.000000, Transfer 5.000000 to Acc 4
User 6, Acc 3 Balance 1137.000000, Deposit 929.000000 
User 4, Acc 5 Balance 4249.000000, Withdraw 500.000000 
User 3, Acc 3 Balance 2166.000000, Withdraw 127.000000 
User 0, Acc 3 Balance 1137.000000, Transfer 29.000000 to Acc 7
User 5, Acc 1 Balance 1536.000000, Withdraw 500.000000 
User 0, Acc 7 Balance 67480.000000, Transfer 31.000000 to Acc 6
User 0, Acc 7 Balance 67449.000000, Transfer 37.000000 to Acc 5
User 2, Acc 7 Balance 67451.000000, Transfer 5.000000 to Acc 4
User 6, Acc 4 Balance 136.000000, Deposit 937.000000 
User 2, Acc 3 Balance 1910.000000, Deposit 929.000000 
[22;32mUser 3, Acc 4 Balance 136.000000, 				Withdraw 167.000000 --insufficient funds[0m
User 1, Acc 1 Balance 1625.000000, Withdraw 500.000000 
User 5, Acc 2 Balance 3220.000000, Withdraw 500.000000 
User 0, Acc 7 Balance 67412.000000, Transfer 3.000000 to Acc 4
User 5, Acc 3 Balance 2839.000000, Withdraw 500.000000 
User 6, Acc 5 Balance 3823.000000, Deposit 941.000000 
User 5, Acc 4 Balance 1081.000000, Withdraw 500.000000 
User 2, Acc 4 Balance 1078.000000, Deposit 937.000000 
User 5, Acc 5 Balance 4764.000000, Withdraw 500.000000 
User 2, Acc 5 Balance 4764.000000, Deposit 941.000000 
User 5, Acc 6 Balance 5327.000000, Withdraw 500.000000 
User 2, Acc 4 Balance 1518.000000, Withdraw 167.000000 
User 5, Acc 7 Balance 67404.000000, Withdraw 500.000000 
[22;32mUser 5, Acc 8 Balance 2.000000, 				Withdraw 500.000000 --insufficient funds[0m
User 3, Acc 5 Balance 3823.000000, Withdraw 307.000000 
User 5, Acc 9 Balance 11916.000000, Withdraw 500.000000 
User 4, Acc 6 Balance 5296.000000, Withdraw 500.000000 
User 5, Acc 0 Balance 4251.000000, Withdraw 500.000000 
User 6, Acc 4 Balance 1081.000000, Withdraw 167.000000 
User 2, Acc 5 Balance 5205.000000, Withdraw 307.000000 
User 6, Acc 5 Balance 4898.000000, Withdraw 307.000000 
User 6, Acc 1 Balance 1447.000000, Transfer 89.000000 to Acc 8
User 0, Acc 7 Balance 67404.000000, Transfer 5.000000 to Acc 4
User 3, Acc 6 Balance 4827.000000, Withdraw 647.000000 
User 0, Acc 3 Balance 2339.000000, Deposit 929.000000 
User 0, Acc 4 Balance 1189.000000, Deposit 937.000000 
User 0, Acc 5 Balance 4284.000000, Deposit 941.000000 
User 0, Acc 4 Balance 2126.000000, Withdraw 167.000000 
User 0, Acc 5 Balance 5225.000000, Withdraw 307.000000 
User 0, Acc 1 Balance 1358.000000, Transfer 89.000000 to Acc 8
User 0, Acc 1 Balance 1269.000000, Transfer 163.000000 to Acc 9
User 0, Acc 1 Balance 1106.000000, Withdraw 41.000000 
User 0, Acc 2 Balance 2720.000000, Withdraw 71.000000 
User 0, Acc 3 Balance 3268.000000, Withdraw 127.000000 
User 0, Acc 6 Balance 3680.000000, Withdraw 647.000000 
User 0, Acc 6 Balance 3033.000000, Deposit 953.000000 
User 0, Acc 7 Balance 66899.000000, Deposit 967.000000 
User 0, Acc 1 Balance 1065.000000, Transfer 19.000000 to Acc 7
User 0, Acc 2 Balance 2649.000000, Transfer 23.000000 to Acc 7
User 2, Acc 1 Balance 1447.000000, Transfer 89.000000 to Acc 8
User 0, Acc 6 Balance 3986.000000, Transfer 67.000000 to Acc 5
User 2, Acc 1 Balance 957.000000, Transfer 163.000000 to Acc 9
User 0, Acc 4 Balance 1959.000000, Transfer 53.000000 to Acc 5
User 2, Acc 1 Balance 794.000000, Withdraw 41.000000 
User 0, Acc 7 Balance 67908.000000, Withdraw 593.000000 
User 2, Acc 2 Balance 2626.000000, Withdraw 71.000000 
[22;32mUser 0, Acc 8 Balance 269.000000, 				Withdraw 449.000000 --insufficient funds[0m
User 2, Acc 3 Balance 3141.000000, Withdraw 127.000000 
User 4, Acc 7 Balance 66904.000000, Withdraw 500.000000 
User 2, Acc 6 Balance 3919.000000, Withdraw 647.000000 
[22;32mUser 4, Acc 8 Balance 269.000000, 				Withdraw 500.000000 --insufficient funds[0m
User 2, Acc 6 Balance 3272.000000, Deposit 953.000000 
User 2, Acc 7 Balance 66815.000000, Deposit 967.000000 
User 3, Acc 7 Balance 66899.000000, Withdraw 593.000000 
User 0, Acc 9 Balance 11742.000000, Withdraw 163.000000 
User 0, Acc 0 Balance 3751.000000, Deposit 100.000000 
User 0, Acc 0 Balance 3851.000000, Deposit 200.000000 
User 0, Acc 0 Balance 4051.000000, Deposit 300.000000 
User 0, Acc 0 Balance 4351.000000, Withdraw 200.000000 
User 0, Acc 0 Balance 4151.000000, Withdraw 100.000000 
User 0, Acc 0 Balance 4051.000000, Withdraw 50.000000 
User 2, Acc 1 Balance 753.000000, Transfer 19.000000 to Acc 7
User 2, Acc 2 Balance 2555.000000, Transfer 23.000000 to Acc 7
User 2, Acc 6 Balance 4225.000000, Transfer 67.000000 to Acc 5
User 2, Acc 4 Balance 1906.000000, Transfer 53.000000 to Acc 5
User 2, Acc 7 Balance 67231.000000, Withdraw 593.000000 
[22;32mUser 2, Acc 8 Balance 269.000000, 				Withdraw 449.000000 --insufficient funds[0m
User 2, Acc 9 Balance 11579.000000, Withdraw 163.000000 
User 5, Acc 0 Balance 3751.000000, Deposit 907.000000 
User 5, Acc 1 Balance 734.000000, Deposit 911.000000 
User 5, Acc 2 Balance 2532.000000, Deposit 919.000000 
User 5, Acc 3 Balance 3014.000000, Transfer 29.000000 to Acc 7
User 5, Acc 7 Balance 66667.000000, Transfer 31.000000 to Acc 6
User 5, Acc 7 Balance 66636.000000, Transfer 37.000000 to Acc 5
User 5, Acc 7 Balance 66599.000000, Transfer 3.000000 to Acc 4
User 5, Acc 7 Balance 66596.000000, Transfer 5.000000 to Acc 4
User 1, Acc 2 Balance 3220.000000, Withdraw 500.000000 
User 1, Acc 3 Balance 2985.000000, Withdraw 500.000000 
User 6, Acc 1 Balance 1358.000000, Transfer 163.000000 to Acc 9
User 2, Acc 0 Balance 4001.000000, Deposit 100.000000 
User 4, Acc 9 Balance 11742.000000, Withdraw 500.000000 
User 2, Acc 0 Balance 5008.000000, Deposit 200.000000 
[22;32mUser 3, Acc 8 Balance 269.000000, 				Withdraw 449.000000 --insufficient funds[0m
User 2, Acc 0 Balance 5208.000000, Deposit 300.000000 
User 2, Acc 0 Balance 5508.000000, Withdraw 200.000000 
User 1, Acc 4 Balance 1861.000000, Withdraw 500.000000 
User 6, Acc 1 Balance 1482.000000, Withdraw 41.000000 
User 1, Acc 5 Balance 5195.000000, Withdraw 500.000000 
User 1, Acc 6 Balance 4189.000000, Withdraw 500.000000 
User 4, Acc 0 Balance 5008.000000, Withdraw 500.000000 
User 3, Acc 9 Balance 11079.000000, Withdraw 163.000000 
User 5, Acc 3 Balance 2985.000000, Deposit 929.000000 
User 3, Acc 0 Balance 4808.000000, Deposit 100.000000 
User 3, Acc 0 Balance 4908.000000, Deposit 200.000000 
User 3, Acc 0 Balance 5108.000000, Deposit 300.000000 
User 3, Acc 0 Balance 5408.000000, Withdraw 200.000000 
User 3, Acc 0 Balance 5208.000000, Withdraw 100.000000 
User 3, Acc 0 Balance 5108.000000, Withdraw 50.000000 
User 3, Acc 1 Balance 1441.000000, Transfer 200.000000 to Acc 0
Balance in 0: 5258.000000
User 3, Acc 0 Balance 5258.000000, Deposit 100.000000 
User 3, Acc 0 Balance 5358.000000, Deposit 200.000000 
User 3, Acc 0 Balance 5558.000000, Deposit 300.000000 
User 3, Acc 0 Balance 5858.000000, Withdraw 200.000000 
User 6, Acc 2 Balance 2951.000000, Withdraw 71.000000 
User 6, Acc 3 Balance 3414.000000, Withdraw 127.000000 
User 6, Acc 6 Balance 3689.000000, Withdraw 647.000000 
User 6, Acc 6 Balance 3042.000000, Deposit 953.000000 
User 6, Acc 7 Balance 66591.000000, Deposit 967.000000 
User 6, Acc 1 Balance 1241.000000, Transfer 19.000000 to Acc 7
User 6, Acc 2 Balance 2880.000000, Transfer 23.000000 to Acc 7
User 6, Acc 6 Balance 3995.000000, Transfer 67.000000 to Acc 5
User 6, Acc 4 Balance 1361.000000, Transfer 53.000000 to Acc 5
User 1, Acc 7 Balance 66591.000000, Withdraw 500.000000 
User 6, Acc 7 Balance 67600.000000, Withdraw 593.000000 
User 4, Acc 1 Balance 1441.000000, Withdraw 500.000000 
User 2, Acc 0 Balance 5308.000000, Withdraw 100.000000 
User 0, Acc 1 Balance 753.000000, Transfer 200.000000 to Acc 0
User 3, Acc 0 Balance 5658.000000, Withdraw 100.000000 
Balance in 0: 5758.000000
User 3, Acc 0 Balance 5658.000000, Withdraw 50.000000 
User 5, Acc 4 Balance 1361.000000, Deposit 937.000000 
User 4, Acc 2 Balance 2857.000000, Withdraw 500.000000 
User 5, Acc 5 Balance 4815.000000, Deposit 941.000000 
User 5, Acc 4 Balance 2245.000000, Withdraw 167.000000 
[22;32mUser 1, Acc 8 Balance 269.000000, 				Withdraw 500.000000 --insufficient funds[0m
[22;32mUser 6, Acc 8 Balance 269.000000, 				Withdraw 449.000000 --insufficient funds[0m
User 1, Acc 9 Balance 10916.000000, Withdraw 500.000000 
User 1, Acc 0 Balance 5608.000000, Withdraw 500.000000 
User 4, Acc 3 Balance 3287.000000, Withdraw 500.000000 
User 2, Acc 0 Balance 5558.000000, Withdraw 50.000000 
User 5, Acc 5 Balance 5756.000000, Withdraw 307.000000 
User 2, Acc 1 Balance 522.000000, Transfer 200.000000 to Acc 0
User 5, Acc 1 Balance 522.000000, Transfer 89.000000 to Acc 8
User 6, Acc 9 Balance 10416.000000, Withdraw 163.000000 
User 5, Acc 1 Balance 233.000000, Transfer 163.000000 to Acc 9
User 3, Acc 1 Balance 522.000000, Transfer 200.000000 to Acc 0
Balance in 0: 5258.000000
Balance in 0: 5458.000000
User 4, Acc 4 Balance 2078.000000, Withdraw 500.000000 
User 5, Acc 1 Balance 70.000000, Withdraw 41.000000 
User 4, Acc 5 Balance 5449.000000, Withdraw 500.000000 
User 1, Acc 1 Balance 522.000000, Withdraw 500.000000 
User 5, Acc 2 Balance 2357.000000, Withdraw 71.000000 
User 4, Acc 6 Balance 3928.000000, Withdraw 500.000000 
User 5, Acc 3 Balance 2787.000000, Withdraw 127.000000 
User 1, Acc 2 Balance 2357.000000, Withdraw 500.000000 
User 5, Acc 6 Balance 3428.000000, Withdraw 647.000000 
User 5, Acc 6 Balance 2781.000000, Deposit 953.000000 
User 5, Acc 7 Balance 66507.000000, Deposit 967.000000 
User 5, Acc 2 Balance 1786.000000, Transfer 23.000000 to Acc 7
User 5, Acc 6 Balance 3734.000000, Transfer 67.000000 to Acc 5
User 5, Acc 4 Balance 1578.000000, Transfer 53.000000 to Acc 5
User 1, Acc 3 Balance 2660.000000, Withdraw 500.000000 
User 5, Acc 7 Balance 67497.000000, Withdraw 593.000000 
[22;32mUser 5, Acc 8 Balance 358.000000, 				Withdraw 449.000000 --insufficient funds[0m
User 5, Acc 9 Balance 10416.000000, Withdraw 163.000000 
User 4, Acc 7 Balance 66507.000000, Withdraw 500.000000 
[22;32mUser 4, Acc 8 Balance 358.000000, 				Withdraw 500.000000 --insufficient funds[0m
User 1, Acc 4 Balance 1525.000000, Withdraw 500.000000 
User 1, Acc 5 Balance 5069.000000, Withdraw 500.000000 
User 1, Acc 6 Balance 3667.000000, Withdraw 500.000000 
User 1, Acc 7 Balance 66404.000000, Withdraw 500.000000 
[22;32mUser 1, Acc 8 Balance 358.000000, 				Withdraw 500.000000 --insufficient funds[0m
User 1, Acc 9 Balance 10253.000000, Withdraw 500.000000 
User 1, Acc 0 Balance 5458.000000, Withdraw 500.000000 
User 4, Acc 9 Balance 10253.000000, Withdraw 500.000000 
User 4, Acc 0 Balance 4958.000000, Withdraw 500.000000 
  ***     End of transaction batch    ***  
Account 0 balance after completion of transaction batch: 4458.000000
Account 1 balance after completion of transaction batch: -671.000000
Account 2 balance after completion of transaction batch: 1763.000000
Account 3 balance after completion of transaction batch: 2160.000000
Account 4 balance after completion of transaction batch: 1025.000000
Account 5 balance after completion of transaction batch: 4569.000000
Account 6 balance after completion of transaction batch: 3167.000000
Account 7 balance after completion of transaction batch: 65904.000000
Account 8 balance after completion of transaction batch: 358.000000
Account 9 balance after completion of transaction batch: 9253.000000
