# Output generated by:
# ./my_executable 7 data/transactions7.txt data/transactions11.txt data/transactions6.txt data/transactions9.txt data/transactions8.txt data/transactions4.txt data/transactions10.txt

********************************************
   Reading and parsing a transaction file   
********************************************
Parsed transaction: deposit 7 9929.000000 
Loaded deposit transaction
Parsed transaction: deposit 4 937.000000 
Loaded deposit transaction
Parsed transaction: deposit 5 941.000000 
Loaded deposit transaction
Parsed transaction: deposit 0 7.000000 
Loaded deposit transaction
Parsed transaction: deposit 3 29.000000 
Loaded deposit transaction
Parsed transaction: deposit 7 9.000000 
Loaded deposit transaction
Parsed transaction: deposit 9 129.000000 
Loaded deposit transaction
Parsed transaction: transfer 3 7 29.000000 
Loaded transfer transaction
Parsed transaction: transfer 7 6 31.000000 
Loaded transfer transaction
Parsed transaction: transfer 7 5 137.000000 
Loaded transfer transaction
Parsed transaction: transfer 7 4 3.000000 
Loaded transfer transaction
Parsed transaction: transfer 7 4 5.000000 
Loaded transfer transaction
Parsed transaction: withdraw 4 1167.000000 
Loaded withdrawal transaction
Parsed transaction: withdraw 5 1307.000000 
Loaded withdrawal transaction
Parsed transaction: transfer 1 8 89.000000 
Loaded transfer transaction
Parsed transaction: transfer 1 9 163.000000 
Loaded transfer transaction
Parsed transaction: withdraw 1 41.000000 
Loaded withdrawal transaction
Parsed transaction: withdraw 2 71.000000 
Loaded withdrawal transaction
Parsed transaction: withdraw 3 1127.000000 
Loaded withdrawal transaction
Parsed transaction: withdraw 6 647.000000 
Loaded withdrawal transaction
Parsed transaction: deposit 6 1953.000000 
Loaded deposit transaction
Parsed transaction: deposit 7 967.000000 
Loaded deposit transaction
Parsed transaction: transfer 1 7 19.000000 
Loaded transfer transaction
Parsed transaction: transfer 2 7 23.000000 
Loaded transfer transaction
Parsed transaction: transfer 6 5 1167.000000 
Loaded transfer transaction
Parsed transaction: transfer 4 5 53.000000 
Loaded transfer transaction
Parsed transaction: withdraw 7 1593.000000 
Loaded withdrawal transaction
Parsed transaction: withdraw 8 449.000000 
Loaded withdrawal transaction
Parsed transaction: withdraw 9 163.000000 
Loaded withdrawal transaction
********************************************
********************************************
   Reading and parsing a transaction file   
********************************************
Parsed transaction: deposit 9 617.000000 
Loaded deposit transaction
Parsed transaction: transfer 9 9 617.000000 
Loaded transfer transaction
Parsed transaction: deposit 8 619.000000 
Loaded deposit transaction
Parsed transaction: transfer 8 2 619.000000 
Loaded transfer transaction
Parsed transaction: deposit 7 631.000000 
Loaded deposit transaction
Parsed transaction: transfer 7 3 631.000000 
Loaded transfer transaction
Parsed transaction: deposit 6 641.000000 
Loaded deposit transaction
Parsed transaction: transfer 6 4 641.000000 
Loaded transfer transaction
Parsed transaction: deposit 5 643.000000 
Loaded deposit transaction
Parsed transaction: transfer 5 6 1200.000000 
Loaded transfer transaction
Parsed transaction: deposit 4 647.000000 
Loaded deposit transaction
Parsed transaction: transfer 4 7 1200.000000 
Loaded transfer transaction
Parsed transaction: deposit 3 653.000000 
Loaded deposit transaction
Parsed transaction: transfer 3 8 1200.000000 
Loaded transfer transaction
Parsed transaction: deposit 2 659.000000 
Loaded deposit transaction
Parsed transaction: transfer 2 9 1200.000000 
Loaded transfer transaction
Parsed transaction: deposit 1 661.000000 
Loaded deposit transaction
Parsed transaction: transfer 1 9 1200.000000 
Loaded transfer transaction
Parsed transaction: deposit 0 673.000000 
Loaded deposit transaction
Parsed transaction: transfer 0 9 1200.000000 
Loaded transfer transaction
Parsed transaction: withdraw 1 50.000000 
Loaded withdrawal transaction
Parsed transaction: withdraw 2 50.000000 
Loaded withdrawal transaction
Parsed transaction: withdraw 3 50.000000 
Loaded withdrawal transaction
Parsed transaction: withdraw 4 50.000000 
Loaded withdrawal transaction
Parsed transaction: withdraw 5 50.000000 
Loaded withdrawal transaction
Parsed transaction: withdraw 6 50.000000 
Loaded withdrawal transaction
Parsed transaction: withdraw 7 50.000000 
Loaded withdrawal transaction
Parsed transaction: withdraw 8 50.000000 
Loaded withdrawal transaction
Parsed transaction: withdraw 9 50.000000 
Loaded withdrawal transaction
Parsed transaction: withdraw 0 50.000000 
Loaded withdrawal transaction
********************************************
********************************************
   Reading and parsing a transaction file   
********************************************
Parsed transaction: deposit 0 7.000000 
Loaded deposit transaction
Parsed transaction: deposit 1 11.000000 
Loaded deposit transaction
Parsed transaction: deposit 2 9.000000 
Loaded deposit transaction
Parsed transaction: transfer 3 7 29.000000 
Loaded transfer transaction
Parsed transaction: transfer 7 6 31.000000 
Loaded transfer transaction
Parsed transaction: transfer 7 5 137.000000 
Loaded transfer transaction
Parsed transaction: transfer 7 4 3.000000 
Loaded transfer transaction
Parsed transaction: transfer 7 4 5.000000 
Loaded transfer transaction
Parsed transaction: deposit 3 929.000000 
Loaded deposit transaction
Parsed transaction: deposit 4 937.000000 
Loaded deposit transaction
Parsed transaction: deposit 5 941.000000 
Loaded deposit transaction
Parsed transaction: withdraw 4 1167.000000 
Loaded withdrawal transaction
Parsed transaction: withdraw 5 1307.000000 
Loaded withdrawal transaction
Parsed transaction: transfer 1 8 89.000000 
Loaded transfer transaction
Parsed transaction: transfer 1 9 163.000000 
Loaded transfer transaction
Parsed transaction: withdraw 1 41.000000 
Loaded withdrawal transaction
Parsed transaction: withdraw 2 71.000000 
Loaded withdrawal transaction
Parsed transaction: withdraw 3 1127.000000 
Loaded withdrawal transaction
Parsed transaction: withdraw 6 647.000000 
Loaded withdrawal transaction
Parsed transaction: deposit 6 953.000000 
Loaded deposit transaction
Parsed transaction: deposit 7 967.000000 
Loaded deposit transaction
Parsed transaction: transfer 1 7 19.000000 
Loaded transfer transaction
Parsed transaction: transfer 2 7 23.000000 
Loaded transfer transaction
Parsed transaction: transfer 6 5 1167.000000 
Loaded transfer transaction
Parsed transaction: transfer 4 5 53.000000 
Loaded transfer transaction
Parsed transaction: withdraw 7 1593.000000 
Loaded withdrawal transaction
Parsed transaction: withdraw 8 449.000000 
Loaded withdrawal transaction
Parsed transaction: withdraw 9 163.000000 
Loaded withdrawal transaction
********************************************
********************************************
   Reading and parsing a transaction file   
********************************************
Parsed transaction: deposit 9 617.000000 
Loaded deposit transaction
Parsed transaction: transfer 9 1 617.000000 
Loaded transfer transaction
Parsed transaction: deposit 8 619.000000 
Loaded deposit transaction
Parsed transaction: transfer 8 2 619.000000 
Loaded transfer transaction
Parsed transaction: deposit 7 631.000000 
Loaded deposit transaction
Parsed transaction: transfer 7 3 631.000000 
Loaded transfer transaction
Parsed transaction: deposit 6 641.000000 
Loaded deposit transaction
Parsed transaction: transfer 6 4 641.000000 
Loaded transfer transaction
Parsed transaction: deposit 5 643.000000 
Loaded deposit transaction
Parsed transaction: transfer 5 6 1200.000000 
Loaded transfer transaction
Parsed transaction: deposit 4 647.000000 
Loaded deposit transaction
Parsed transaction: transfer 4 7 1200.000000 
Loaded transfer transaction
Parsed transaction: deposit 3 653.000000 
Loaded deposit transaction
Parsed transaction: transfer 3 8 1200.000000 
Loaded transfer transaction
Parsed transaction: deposit 2 659.000000 
Loaded deposit transaction
Parsed transaction: transfer 2 9 1200.000000 
Loaded transfer transaction
Parsed transaction: deposit 1 661.000000 
Loaded deposit transaction
Parsed transaction: transfer 1 9 1200.000000 
Loaded transfer transaction
Parsed transaction: deposit 0 673.000000 
Loaded deposit transaction
Parsed transaction: transfer 0 9 1200.000000 
Loaded transfer transaction
Parsed transaction: withdraw 1 50.000000 
Loaded withdrawal transaction
Parsed transaction: withdraw 2 50.000000 
Loaded withdrawal transaction
Parsed transaction: withdraw 3 50.000000 
Loaded withdrawal transaction
Parsed transaction: withdraw 4 50.000000 
Loaded withdrawal transaction
Parsed transaction: withdraw 5 50.000000 
Loaded withdrawal transaction
Parsed transaction: withdraw 6 50.000000 
Loaded withdrawal transaction
Parsed transaction: withdraw 7 50.000000 
Loaded withdrawal transaction
Parsed transaction: withdraw 8 50.000000 
Loaded withdrawal transaction
Parsed transaction: withdraw 9 50.000000 
Loaded withdrawal transaction
Parsed transaction: withdraw 0 50.000000 
Loaded withdrawal transaction
********************************************
********************************************
   Reading and parsing a transaction file   
********************************************
Parsed transaction: deposit 9 617.000000 
Loaded deposit transaction
Parsed transaction: transfer 9 1 617.000000 
Loaded transfer transaction
Parsed transaction: deposit 8 619.000000 
Loaded deposit transaction
Parsed transaction: transfer 8 2 619.000000 
Loaded transfer transaction
Parsed transaction: deposit 7 631.000000 
Loaded deposit transaction
Parsed transaction: transfer 7 3 631.000000 
Loaded transfer transaction
Parsed transaction: deposit 6 641.000000 
Loaded deposit transaction
Parsed transaction: transfer 6 4 641.000000 
Loaded transfer transaction
Parsed transaction: deposit 5 643.000000 
Loaded deposit transaction
Parsed transaction: transfer 5 6 1200.000000 
Loaded transfer transaction
Parsed transaction: deposit 4 647.000000 
Loaded deposit transaction
Parsed transaction: transfer 4 7 1200.000000 
Loaded transfer transaction
Parsed transaction: deposit 3 653.000000 
Loaded deposit transaction
Parsed transaction: transfer 3 8 1200.000000 
Loaded transfer transaction
Parsed transaction: deposit 2 659.000000 
Loaded deposit transaction
Parsed transaction: transfer 2 9 1200.000000 
Loaded transfer transaction
Parsed transaction: deposit 1 661.000000 
Loaded deposit transaction
Parsed transaction: transfer 1 9 1200.000000 
Loaded transfer transaction
Parsed transaction: deposit 0 673.000000 
Loaded deposit transaction
Parsed transaction: transfer 0 9 1200.000000 
Loaded transfer transaction
********************************************
********************************************
   Reading and parsing a transaction file   
********************************************
Parsed transaction: deposit 0 907.000000 
Loaded deposit transaction
Parsed transaction: deposit 1 911.000000 
Loaded deposit transaction
Parsed transaction: deposit 2 919.000000 
Loaded deposit transaction
Parsed transaction: deposit 3 929.000000 
Loaded deposit transaction
Parsed transaction: deposit 4 937.000000 
Loaded deposit transaction
Parsed transaction: deposit 5 941.000000 
Loaded deposit transaction
Parsed transaction: deposit 6 953.000000 
Loaded deposit transaction
Parsed transaction: deposit 7 967.000000 
Loaded deposit transaction
Parsed transaction: transfer 1 7 19.000000 
Loaded transfer transaction
Parsed transaction: transfer 2 7 23.000000 
Loaded transfer transaction
Parsed transaction: transfer 3 7 29.000000 
Loaded transfer transaction
Parsed transaction: transfer 7 6 31.000000 
Loaded transfer transaction
Parsed transaction: transfer 7 5 37.000000 
Loaded transfer transaction
Parsed transaction: transfer 7 4 3.000000 
Loaded transfer transaction
Parsed transaction: transfer 7 4 5.000000 
Loaded transfer transaction
Parsed transaction: transfer 6 5 67.000000 
Loaded transfer transaction
Parsed transaction: transfer 4 5 53.000000 
Loaded transfer transaction
Parsed transaction: transfer 1 8 89.000000 
Loaded transfer transaction
Parsed transaction: transfer 1 9 163.000000 
Loaded transfer transaction
Parsed transaction: withdraw 1 41.000000 
Loaded withdrawal transaction
Parsed transaction: withdraw 2 71.000000 
Loaded withdrawal transaction
Parsed transaction: withdraw 3 127.000000 
Loaded withdrawal transaction
Parsed transaction: withdraw 4 167.000000 
Loaded withdrawal transaction
Parsed transaction: withdraw 5 307.000000 
Loaded withdrawal transaction
Parsed transaction: withdraw 6 647.000000 
Loaded withdrawal transaction
Parsed transaction: withdraw 7 593.000000 
Loaded withdrawal transaction
Parsed transaction: withdraw 8 449.000000 
Loaded withdrawal transaction
Parsed transaction: withdraw 9 163.000000 
Loaded withdrawal transaction
********************************************
********************************************
   Reading and parsing a transaction file   
********************************************
Parsed transaction: withdraw 1 500.000000 
Loaded withdrawal transaction
Parsed transaction: withdraw 2 500.000000 
Loaded withdrawal transaction
Parsed transaction: withdraw 3 500.000000 
Loaded withdrawal transaction
Parsed transaction: withdraw 4 500.000000 
Loaded withdrawal transaction
Parsed transaction: withdraw 5 500.000000 
Loaded withdrawal transaction
Parsed transaction: withdraw 6 500.000000 
Loaded withdrawal transaction
Parsed transaction: withdraw 7 500.000000 
Loaded withdrawal transaction
Parsed transaction: withdraw 8 500.000000 
Loaded withdrawal transaction
Parsed transaction: withdraw 9 500.000000 
Loaded withdrawal transaction
Parsed transaction: withdraw 0 500.000000 
Loaded withdrawal transaction
Parsed transaction: withdraw 1 500.000000 
Loaded withdrawal transaction
Parsed transaction: withdraw 2 500.000000 
Loaded withdrawal transaction
Parsed transaction: withdraw 3 500.000000 
Loaded withdrawal transaction
Parsed transaction: withdraw 4 500.000000 
Loaded withdrawal transaction
Parsed transaction: withdraw 5 500.000000 
Loaded withdrawal transaction
Parsed transaction: withdraw 6 500.000000 
Loaded withdrawal transaction
Parsed transaction: withdraw 7 500.000000 
Loaded withdrawal transaction
Parsed transaction: withdraw 8 500.000000 
Loaded withdrawal transaction
Parsed transaction: withdraw 9 500.000000 
Loaded withdrawal transaction
Parsed transaction: withdraw 0 500.000000 
Loaded withdrawal transaction
Parsed transaction: withdraw 1 500.000000 
Loaded withdrawal transaction
Parsed transaction: withdraw 2 500.000000 
Loaded withdrawal transaction
Parsed transaction: withdraw 3 500.000000 
Loaded withdrawal transaction
Parsed transaction: withdraw 4 500.000000 
Loaded withdrawal transaction
Parsed transaction: withdraw 5 500.000000 
Loaded withdrawal transaction
Parsed transaction: withdraw 6 500.000000 
Loaded withdrawal transaction
Parsed transaction: withdraw 7 500.000000 
Loaded withdrawal transaction
Parsed transaction: withdraw 8 500.000000 
Loaded withdrawal transaction
Parsed transaction: withdraw 9 500.000000 
Loaded withdrawal transaction
Parsed transaction: withdraw 0 500.000000 
Loaded withdrawal transaction
********************************************
  ***    Start of transaction batch    ***  
User 0, Acc 7 Balance 0.000000, Deposit 9929.000000 
User 0, Acc 4 Balance 0.000000, Deposit 937.000000 
User 0, Acc 5 Balance 0.000000, Deposit 941.000000 
User 0, Acc 0 Balance 0.000000, Deposit 7.000000 
User 0, Acc 3 Balance 0.000000, Deposit 29.000000 
User 0, Acc 7 Balance 9929.000000, Deposit 9.000000 
User 0, Acc 9 Balance 0.000000, Deposit 129.000000 
User 0, Acc 3 Balance 29.000000, Transfer 29.000000 to Acc 7
User 0, Acc 7 Balance 9967.000000, Transfer 31.000000 to Acc 6
User 0, Acc 7 Balance 9936.000000, Transfer 137.000000 to Acc 5
User 0, Acc 7 Balance 9799.000000, Transfer 3.000000 to Acc 4
User 0, Acc 7 Balance 9796.000000, Transfer 5.000000 to Acc 4
[22;32mUser 0, Acc 4 Balance 945.000000, 				Withdraw 1167.000000 --insufficient funds[0m
[22;32mUser 0, Acc 5 Balance 1078.000000, 				Withdraw 1307.000000 --insufficient funds[0m
[22;32mUser 0, Acc 1 Balance 0.000000, 				Withdraw 41.000000 --insufficient funds[0m
[22;32mUser 0, Acc 2 Balance 0.000000, 				Withdraw 71.000000 --insufficient funds[0m
[22;32mUser 0, Acc 3 Balance 0.000000, 				Withdraw 1127.000000 --insufficient funds[0m
[22;32mUser 0, Acc 6 Balance 31.000000, 				Withdraw 647.000000 --insufficient funds[0m
User 0, Acc 6 Balance 31.000000, Deposit 1953.000000 
User 0, Acc 7 Balance 9791.000000, Deposit 967.000000 
User 0, Acc 6 Balance 1984.000000, Transfer 1167.000000 to Acc 5
User 1, Acc 0 Balance 7.000000, Deposit 7.000000 
User 0, Acc 4 Balance 945.000000, Transfer 53.000000 to Acc 5
User 0, Acc 7 Balance 10758.000000, Withdraw 1593.000000 
[22;32mUser 4, Acc 1 Balance 0.000000, 				Withdraw 500.000000 --insufficient funds[0m
User 1, Acc 1 Balance 0.000000, Deposit 11.000000 
[22;32mUser 4, Acc 2 Balance 0.000000, 				Withdraw 500.000000 --insufficient funds[0m
User 1, Acc 2 Balance 0.000000, Deposit 9.000000 
User 6, Acc 9 Balance 129.000000, Deposit 617.000000 
User 6, Acc 9 Balance 746.000000, Transfer 617.000000 to Acc 1
User 6, Acc 8 Balance 0.000000, Deposit 619.000000 
User 6, Acc 8 Balance 619.000000, Transfer 619.000000 to Acc 2
User 6, Acc 7 Balance 9165.000000, Deposit 631.000000 
User 6, Acc 7 Balance 9796.000000, Transfer 631.000000 to Acc 3
User 2, Acc 9 Balance 129.000000, Deposit 617.000000 
User 2, Acc 9 Balance 746.000000, Transfer 617.000000 to Acc 1
[22;32mUser 4, Acc 3 Balance 0.000000, 				Withdraw 500.000000 --insufficient funds[0m
User 4, Acc 4 Balance 892.000000, Withdraw 500.000000 
User 4, Acc 5 Balance 2298.000000, Withdraw 500.000000 
User 4, Acc 6 Balance 817.000000, Withdraw 500.000000 
User 4, Acc 7 Balance 9165.000000, Withdraw 500.000000 
[22;32mUser 4, Acc 8 Balance 0.000000, 				Withdraw 500.000000 --insufficient funds[0m
[22;32mUser 4, Acc 9 Balance 129.000000, 				Withdraw 500.000000 --insufficient funds[0m
[22;32mUser 4, Acc 0 Balance 14.000000, 				Withdraw 500.000000 --insufficient funds[0m
User 4, Acc 1 Balance 1245.000000, Withdraw 500.000000 
User 4, Acc 2 Balance 628.000000, Withdraw 500.000000 
User 4, Acc 3 Balance 631.000000, Withdraw 500.000000 
[22;32mUser 4, Acc 4 Balance 392.000000, 				Withdraw 500.000000 --insufficient funds[0m
User 2, Acc 8 Balance 0.000000, Deposit 619.000000 
User 4, Acc 5 Balance 1798.000000, Withdraw 500.000000 
User 2, Acc 8 Balance 619.000000, Transfer 619.000000 to Acc 2
User 5, Acc 0 Balance 14.000000, Deposit 907.000000 
User 3, Acc 9 Balance 129.000000, Deposit 617.000000 
User 6, Acc 6 Balance 817.000000, Deposit 641.000000 
User 3, Acc 9 Balance 746.000000, Transfer 617.000000 to Acc 9
User 6, Acc 6 Balance 958.000000, Transfer 641.000000 to Acc 4
User 3, Acc 8 Balance 0.000000, Deposit 619.000000 
User 6, Acc 5 Balance 1298.000000, Deposit 643.000000 
User 6, Acc 5 Balance 1941.000000, Transfer 1200.000000 to Acc 6
User 6, Acc 4 Balance 1033.000000, Deposit 647.000000 
User 6, Acc 4 Balance 1680.000000, Transfer 1200.000000 to Acc 7
User 6, Acc 3 Balance 131.000000, Deposit 653.000000 
User 6, Acc 2 Balance 747.000000, Deposit 659.000000 
User 6, Acc 2 Balance 1406.000000, Transfer 1200.000000 to Acc 9
User 6, Acc 1 Balance 745.000000, Deposit 661.000000 
User 6, Acc 1 Balance 1406.000000, Transfer 1200.000000 to Acc 9
User 6, Acc 0 Balance 921.000000, Deposit 673.000000 
User 6, Acc 0 Balance 1594.000000, Transfer 1200.000000 to Acc 9
User 2, Acc 7 Balance 8665.000000, Deposit 631.000000 
User 6, Acc 7 Balance 9865.000000, Deposit 9929.000000 
User 2, Acc 7 Balance 10496.000000, Transfer 631.000000 to Acc 3
User 6, Acc 4 Balance 480.000000, Deposit 937.000000 
[22;32mUser 4, Acc 6 Balance 317.000000, 				Withdraw 500.000000 --insufficient funds[0m
User 3, Acc 8 Balance 619.000000, Transfer 619.000000 to Acc 2
[22;32mUser 0, Acc 8 Balance 0.000000, 				Withdraw 449.000000 --insufficient funds[0m
User 1, Acc 7 Balance 9165.000000, Transfer 31.000000 to Acc 6
User 2, Acc 6 Balance 1517.000000, Deposit 641.000000 
User 1, Acc 7 Balance 19763.000000, Transfer 137.000000 to Acc 5
User 6, Acc 5 Balance 741.000000, Deposit 941.000000 
User 3, Acc 7 Balance 19794.000000, Deposit 631.000000 
User 6, Acc 0 Balance 394.000000, Deposit 7.000000 
User 3, Acc 7 Balance 20257.000000, Transfer 631.000000 to Acc 3
User 6, Acc 3 Balance 1415.000000, Deposit 29.000000 
User 6, Acc 7 Balance 19626.000000, Deposit 9.000000 
User 4, Acc 7 Balance 19794.000000, Withdraw 500.000000 
[22;32mUser 4, Acc 8 Balance 0.000000, 				Withdraw 500.000000 --insufficient funds[0m
User 4, Acc 9 Balance 4346.000000, Withdraw 500.000000 
[22;32mUser 4, Acc 0 Balance 401.000000, 				Withdraw 500.000000 --insufficient funds[0m
User 0, Acc 9 Balance 4346.000000, Withdraw 163.000000 
User 0, Acc 9 Balance 3683.000000, Deposit 617.000000 
User 0, Acc 9 Balance 4300.000000, Transfer 617.000000 to Acc 9
User 0, Acc 8 Balance 0.000000, Deposit 619.000000 
User 2, Acc 6 Balance 2189.000000, Transfer 641.000000 to Acc 4
User 1, Acc 7 Balance 19626.000000, Transfer 3.000000 to Acc 4
User 2, Acc 5 Balance 1819.000000, Deposit 643.000000 
User 5, Acc 1 Balance 745.000000, Deposit 911.000000 
User 2, Acc 5 Balance 2462.000000, Transfer 1200.000000 to Acc 6
User 5, Acc 2 Balance 825.000000, Deposit 919.000000 
User 3, Acc 6 Balance 2189.000000, Deposit 641.000000 
User 0, Acc 8 Balance 619.000000, Transfer 619.000000 to Acc 2
User 3, Acc 6 Balance 3389.000000, Transfer 641.000000 to Acc 4
User 3, Acc 5 Balance 1262.000000, Deposit 643.000000 
User 0, Acc 7 Balance 19132.000000, Deposit 631.000000 
User 3, Acc 5 Balance 1905.000000, Transfer 1200.000000 to Acc 6
User 3, Acc 4 Balance 2702.000000, Deposit 647.000000 
User 0, Acc 7 Balance 19763.000000, Transfer 631.000000 to Acc 3
User 2, Acc 4 Balance 2061.000000, Deposit 647.000000 
User 0, Acc 6 Balance 3948.000000, Deposit 641.000000 
User 0, Acc 6 Balance 4589.000000, Transfer 641.000000 to Acc 4
User 2, Acc 4 Balance 3996.000000, Transfer 1200.000000 to Acc 7
[22;32mUser 4, Acc 1 Balance 206.000000, 				Withdraw 500.000000 --insufficient funds[0m
User 5, Acc 3 Balance 2075.000000, Deposit 929.000000 
User 4, Acc 2 Balance 2363.000000, Withdraw 500.000000 
User 4, Acc 3 Balance 2706.000000, Withdraw 500.000000 
User 6, Acc 9 Balance 4346.000000, Deposit 129.000000 
User 1, Acc 7 Balance 19132.000000, Transfer 5.000000 to Acc 4
User 0, Acc 5 Balance 705.000000, Deposit 643.000000 
User 2, Acc 3 Balance 2706.000000, Deposit 653.000000 
User 3, Acc 4 Balance 3349.000000, Transfer 1200.000000 to Acc 7
User 2, Acc 3 Balance 3788.000000, Transfer 1200.000000 to Acc 8
User 2, Acc 2 Balance 1863.000000, Deposit 659.000000 
User 4, Acc 4 Balance 3437.000000, Withdraw 500.000000 
User 6, Acc 3 Balance 3135.000000, Transfer 29.000000 to Acc 7
User 1, Acc 3 Balance 3135.000000, Deposit 929.000000 
User 6, Acc 7 Balance 21556.000000, Transfer 31.000000 to Acc 6
User 1, Acc 4 Balance 1742.000000, Deposit 937.000000 
User 3, Acc 3 Balance 2588.000000, Deposit 653.000000 
User 1, Acc 5 Balance 1348.000000, Deposit 941.000000 
User 3, Acc 3 Balance 4141.000000, Transfer 1200.000000 to Acc 8
User 1, Acc 4 Balance 2679.000000, Withdraw 1167.000000 
User 3, Acc 2 Balance 2522.000000, Deposit 659.000000 
User 6, Acc 7 Balance 21525.000000, Transfer 137.000000 to Acc 5
User 3, Acc 2 Balance 3181.000000, Transfer 1200.000000 to Acc 9
User 6, Acc 7 Balance 21388.000000, Transfer 3.000000 to Acc 4
User 4, Acc 5 Balance 1348.000000, Withdraw 500.000000 
User 6, Acc 7 Balance 21385.000000, Transfer 5.000000 to Acc 4
User 4, Acc 6 Balance 3979.000000, Withdraw 500.000000 
User 5, Acc 4 Balance 3437.000000, Deposit 937.000000 
User 4, Acc 7 Balance 21380.000000, Withdraw 500.000000 
User 5, Acc 5 Balance 1926.000000, Deposit 941.000000 
User 5, Acc 6 Balance 3479.000000, Deposit 953.000000 
User 1, Acc 5 Balance 2289.000000, Withdraw 1307.000000 
User 5, Acc 7 Balance 20880.000000, Deposit 967.000000 
User 1, Acc 1 Balance 1117.000000, Transfer 89.000000 to Acc 8
User 5, Acc 1 Balance 1117.000000, Transfer 19.000000 to Acc 7
User 1, Acc 1 Balance 1028.000000, Transfer 163.000000 to Acc 9
User 5, Acc 2 Balance 1981.000000, Transfer 23.000000 to Acc 7
User 1, Acc 1 Balance 846.000000, Withdraw 41.000000 
User 0, Acc 5 Balance 1348.000000, Transfer 1200.000000 to Acc 6
User 1, Acc 2 Balance 1958.000000, Withdraw 71.000000 
User 0, Acc 4 Balance 2457.000000, Deposit 647.000000 
User 0, Acc 4 Balance 3104.000000, Transfer 1200.000000 to Acc 7
User 5, Acc 3 Balance 2941.000000, Transfer 29.000000 to Acc 7
User 6, Acc 4 Balance 1520.000000, Withdraw 1167.000000 
User 3, Acc 1 Balance 1117.000000, Deposit 661.000000 
[22;32mUser 6, Acc 5 Balance 360.000000, 				Withdraw 1307.000000 --insufficient funds[0m
User 1, Acc 3 Balance 2941.000000, Withdraw 1127.000000 
User 6, Acc 1 Balance 1466.000000, Transfer 89.000000 to Acc 8
User 1, Acc 6 Balance 5632.000000, Withdraw 647.000000 
User 6, Acc 1 Balance 1377.000000, Transfer 163.000000 to Acc 9
User 1, Acc 6 Balance 4985.000000, Deposit 953.000000 
User 2, Acc 2 Balance 2522.000000, Transfer 1200.000000 to Acc 9
User 1, Acc 7 Balance 23118.000000, Deposit 967.000000 
User 2, Acc 1 Balance 1214.000000, Deposit 661.000000 
User 2, Acc 1 Balance 1875.000000, Transfer 1200.000000 to Acc 9
User 5, Acc 7 Balance 23118.000000, Transfer 31.000000 to Acc 6
User 6, Acc 1 Balance 1214.000000, Withdraw 41.000000 
User 3, Acc 1 Balance 1466.000000, Transfer 1200.000000 to Acc 9
User 4, Acc 8 Balance 2400.000000, Withdraw 500.000000 
User 1, Acc 1 Balance 1875.000000, Transfer 19.000000 to Acc 7
User 4, Acc 9 Balance 9555.000000, Withdraw 500.000000 
User 2, Acc 0 Balance 401.000000, Deposit 673.000000 
[22;32mUser 4, Acc 0 Balance 401.000000, 				Withdraw 500.000000 --insufficient funds[0m
User 5, Acc 7 Balance 24054.000000, Transfer 37.000000 to Acc 5
User 4, Acc 7 Balance 24073.000000, Deposit 9929.000000 
User 5, Acc 7 Balance 24036.000000, Transfer 3.000000 to Acc 4
User 5, Acc 7 Balance 24033.000000, Transfer 5.000000 to Acc 4
User 5, Acc 6 Balance 5969.000000, Transfer 67.000000 to Acc 5
User 1, Acc 2 Balance 687.000000, Transfer 23.000000 to Acc 7
User 5, Acc 4 Balance 745.000000, Transfer 53.000000 to Acc 5
User 1, Acc 6 Balance 5902.000000, Transfer 1167.000000 to Acc 5
[22;32mUser 5, Acc 1 Balance -585.000000, 				Withdraw 41.000000 --insufficient funds[0m
User 1, Acc 4 Balance 692.000000, Transfer 53.000000 to Acc 5
User 5, Acc 2 Balance 664.000000, Withdraw 71.000000 
User 5, Acc 3 Balance 1785.000000, Withdraw 127.000000 
[22;32mUser 2, Acc 1 Balance -585.000000, 				Withdraw 50.000000 --insufficient funds[0m
User 5, Acc 4 Balance 639.000000, Withdraw 167.000000 
User 5, Acc 5 Balance 1737.000000, Withdraw 307.000000 
User 6, Acc 2 Balance 687.000000, Withdraw 71.000000 
User 0, Acc 3 Balance 2941.000000, Deposit 653.000000 
User 6, Acc 3 Balance 1658.000000, Withdraw 1127.000000 
User 6, Acc 6 Balance 4735.000000, Withdraw 647.000000 
User 0, Acc 2 Balance 522.000000, Deposit 659.000000 
User 0, Acc 1 Balance -585.000000, Deposit 661.000000 
User 0, Acc 0 Balance 1074.000000, Deposit 673.000000 
User 0, Acc 0 Balance 1747.000000, Transfer 1200.000000 to Acc 9
User 0, Acc 1 Balance 76.000000, Withdraw 50.000000 
User 0, Acc 2 Balance 1181.000000, Withdraw 50.000000 
User 0, Acc 3 Balance 1184.000000, Withdraw 50.000000 
User 0, Acc 4 Balance 472.000000, Withdraw 50.000000 
User 5, Acc 6 Balance 4735.000000, Withdraw 647.000000 
User 1, Acc 7 Balance 33980.000000, Withdraw 1593.000000 
User 4, Acc 4 Balance 745.000000, Deposit 937.000000 
User 1, Acc 8 Balance 2078.000000, Withdraw 449.000000 
User 6, Acc 6 Balance 4088.000000, Deposit 1953.000000 
User 2, Acc 2 Balance 593.000000, Withdraw 50.000000 
User 6, Acc 7 Balance 32387.000000, Deposit 967.000000 
User 2, Acc 3 Balance 1134.000000, Withdraw 50.000000 
User 5, Acc 7 Balance 33980.000000, Withdraw 593.000000 
User 1, Acc 9 Balance 10255.000000, Withdraw 163.000000 
User 5, Acc 8 Balance 1629.000000, Withdraw 449.000000 
User 4, Acc 5 Balance 1430.000000, Deposit 941.000000 
User 0, Acc 5 Balance 1430.000000, Withdraw 50.000000 
User 3, Acc 0 Balance 401.000000, Deposit 673.000000 
User 2, Acc 4 Balance 1359.000000, Withdraw 50.000000 
User 1, Acc 0 Balance 547.000000, Deposit 7.000000 
User 2, Acc 5 Balance 2321.000000, Withdraw 50.000000 
User 5, Acc 9 Balance 10092.000000, Withdraw 163.000000 
User 4, Acc 0 Balance 547.000000, Deposit 7.000000 
User 5, Acc 9 Balance 9929.000000, Deposit 617.000000 
User 5, Acc 9 Balance 10546.000000, Transfer 617.000000 to Acc 1
User 1, Acc 1 Balance 26.000000, Deposit 11.000000 
User 5, Acc 8 Balance 1180.000000, Deposit 619.000000 
User 5, Acc 8 Balance 1799.000000, Transfer 619.000000 to Acc 2
User 3, Acc 0 Balance 1220.000000, Transfer 1200.000000 to Acc 9
User 4, Acc 3 Balance 1084.000000, Deposit 29.000000 
User 0, Acc 6 Balance 5394.000000, Withdraw 50.000000 
User 0, Acc 7 Balance 32761.000000, Withdraw 50.000000 
User 2, Acc 6 Balance 5394.000000, Withdraw 50.000000 
User 0, Acc 8 Balance 1180.000000, Withdraw 50.000000 
User 1, Acc 2 Balance 1081.000000, Deposit 9.000000 
User 0, Acc 9 Balance 11129.000000, Withdraw 50.000000 
User 1, Acc 3 Balance 1113.000000, Transfer 29.000000 to Acc 7
User 4, Acc 7 Balance 32761.000000, Deposit 9.000000 
User 1, Acc 7 Balance 32740.000000, Transfer 31.000000 to Acc 6
User 4, Acc 9 Balance 11079.000000, Deposit 129.000000 
User 3, Acc 1 Balance 654.000000, Withdraw 50.000000 
User 4, Acc 3 Balance 1084.000000, Transfer 29.000000 to Acc 7
[22;32mUser 0, Acc 0 Balance 34.000000, 				Withdraw 50.000000 --insufficient funds[0m
User 2, Acc 7 Balance 32711.000000, Withdraw 50.000000 
User 0, Acc 9 Balance 11208.000000, Deposit 617.000000 
User 2, Acc 8 Balance 1130.000000, Withdraw 50.000000 
User 0, Acc 9 Balance 11825.000000, Transfer 617.000000 to Acc 9
User 4, Acc 7 Balance 32747.000000, Transfer 31.000000 to Acc 6
User 0, Acc 8 Balance 1080.000000, Deposit 619.000000 
User 4, Acc 7 Balance 32666.000000, Transfer 137.000000 to Acc 5
User 0, Acc 8 Balance 1699.000000, Transfer 619.000000 to Acc 2
User 5, Acc 7 Balance 32761.000000, Deposit 631.000000 
User 3, Acc 2 Balance 1709.000000, Withdraw 50.000000 
User 5, Acc 7 Balance 33160.000000, Transfer 631.000000 to Acc 3
User 3, Acc 3 Balance 1055.000000, Withdraw 50.000000 
User 1, Acc 7 Balance 32718.000000, Transfer 137.000000 to Acc 5
User 1, Acc 7 Balance 32392.000000, Transfer 3.000000 to Acc 4
User 2, Acc 9 Balance 11825.000000, Withdraw 50.000000 
User 6, Acc 1 Balance 26.000000, Transfer 19.000000 to Acc 7
User 5, Acc 6 Balance 5356.000000, Deposit 641.000000 
User 6, Acc 2 Balance 2278.000000, Transfer 23.000000 to Acc 7
User 4, Acc 7 Balance 32529.000000, Transfer 3.000000 to Acc 4
User 0, Acc 7 Balance 32529.000000, Deposit 631.000000 
User 1, Acc 7 Balance 32389.000000, Transfer 5.000000 to Acc 4
User 0, Acc 7 Balance 33059.000000, Transfer 631.000000 to Acc 3
User 1, Acc 3 Balance 1636.000000, Deposit 929.000000 
User 5, Acc 6 Balance 5997.000000, Transfer 641.000000 to Acc 4
User 3, Acc 4 Balance 1309.000000, Withdraw 50.000000 
User 5, Acc 5 Balance 2545.000000, Deposit 643.000000 
User 3, Acc 5 Balance 2545.000000, Withdraw 50.000000 
[22;32mUser 2, Acc 0 Balance 34.000000, 				Withdraw 50.000000 --insufficient funds[0m
User 3, Acc 6 Balance 5356.000000, Withdraw 50.000000 
User 2, Acc 0 Balance 34.000000, Deposit 7.000000 
User 3, Acc 7 Balance 32423.000000, Withdraw 50.000000 
User 4, Acc 7 Balance 32428.000000, Transfer 5.000000 to Acc 4
User 5, Acc 5 Balance 3188.000000, Transfer 1200.000000 to Acc 6
User 4, Acc 4 Balance 1916.000000, Withdraw 1167.000000 
User 5, Acc 4 Balance 1916.000000, Deposit 647.000000 
User 4, Acc 5 Balance 1938.000000, Withdraw 1307.000000 
User 4, Acc 1 Balance 585.000000, Transfer 89.000000 to Acc 8
User 3, Acc 8 Balance 1080.000000, Withdraw 50.000000 
User 4, Acc 1 Balance 496.000000, Transfer 163.000000 to Acc 9
User 0, Acc 6 Balance 5997.000000, Deposit 641.000000 
User 6, Acc 6 Balance 5997.000000, Transfer 1167.000000 to Acc 5
User 0, Acc 6 Balance 7147.000000, Transfer 641.000000 to Acc 4
User 2, Acc 1 Balance 585.000000, Deposit 11.000000 
User 5, Acc 4 Balance 1396.000000, Transfer 1200.000000 to Acc 7
User 2, Acc 2 Balance 2255.000000, Deposit 9.000000 
User 1, Acc 4 Balance 1320.000000, Deposit 937.000000 
User 2, Acc 3 Balance 3196.000000, Transfer 29.000000 to Acc 7
User 1, Acc 5 Balance 1798.000000, Deposit 941.000000 
User 6, Acc 4 Balance 2037.000000, Transfer 53.000000 to Acc 5
User 5, Acc 3 Balance 3196.000000, Deposit 653.000000 
User 5, Acc 3 Balance 3820.000000, Transfer 1200.000000 to Acc 8
User 0, Acc 5 Balance 631.000000, Deposit 643.000000 
User 5, Acc 2 Balance 2264.000000, Deposit 659.000000 
User 5, Acc 2 Balance 2923.000000, Transfer 1200.000000 to Acc 9
User 1, Acc 4 Balance 1774.000000, Withdraw 1167.000000 
User 3, Acc 9 Balance 11775.000000, Withdraw 50.000000 
User 6, Acc 7 Balance 33597.000000, Withdraw 1593.000000 
[22;32mUser 3, Acc 0 Balance 41.000000, 				Withdraw 50.000000 --insufficient funds[0m
User 6, Acc 8 Balance 2319.000000, Withdraw 449.000000 
User 0, Acc 5 Balance 3435.000000, Transfer 1200.000000 to Acc 6
User 5, Acc 1 Balance 344.000000, Deposit 661.000000 
User 0, Acc 4 Balance 554.000000, Deposit 647.000000 
User 5, Acc 0 Balance 41.000000, Deposit 673.000000 
User 2, Acc 7 Balance 33597.000000, Transfer 31.000000 to Acc 6
User 5, Acc 1 Balance 1005.000000, Withdraw 50.000000 
User 2, Acc 7 Balance 31973.000000, Transfer 137.000000 to Acc 5
User 1, Acc 5 Balance 3435.000000, Withdraw 1307.000000 
User 2, Acc 7 Balance 31836.000000, Transfer 3.000000 to Acc 4
User 1, Acc 1 Balance 955.000000, Transfer 89.000000 to Acc 8
User 4, Acc 1 Balance 333.000000, Withdraw 41.000000 
User 3, Acc 9 Balance 13088.000000, Deposit 617.000000 
User 4, Acc 2 Balance 1723.000000, Withdraw 71.000000 
User 3, Acc 9 Balance 13705.000000, Transfer 617.000000 to Acc 1
User 4, Acc 3 Balance 2620.000000, Withdraw 1127.000000 
User 3, Acc 8 Balance 1959.000000, Deposit 619.000000 
User 4, Acc 6 Balance 6570.000000, Withdraw 647.000000 
User 3, Acc 8 Balance 2578.000000, Transfer 619.000000 to Acc 2
User 3, Acc 7 Balance 31833.000000, Deposit 631.000000 
User 4, Acc 6 Balance 5923.000000, Deposit 1953.000000 
User 3, Acc 7 Balance 32464.000000, Transfer 631.000000 to Acc 3
User 4, Acc 7 Balance 32464.000000, Deposit 967.000000 
User 3, Acc 6 Balance 7876.000000, Deposit 641.000000 
User 6, Acc 9 Balance 13088.000000, Withdraw 163.000000 
User 0, Acc 4 Balance 1201.000000, Transfer 1200.000000 to Acc 7
User 2, Acc 7 Balance 31833.000000, Transfer 5.000000 to Acc 4
User 1, Acc 1 Balance 866.000000, Transfer 163.000000 to Acc 9
User 2, Acc 3 Balance 2124.000000, Deposit 929.000000 
User 1, Acc 1 Balance 1279.000000, Withdraw 41.000000 
User 1, Acc 2 Balance 2271.000000, Withdraw 71.000000 
User 5, Acc 2 Balance 1723.000000, Withdraw 50.000000 
User 6, Acc 9 Balance 12925.000000, Deposit 617.000000 
User 0, Acc 3 Balance 2124.000000, Deposit 653.000000 
User 6, Acc 9 Balance 13705.000000, Transfer 617.000000 to Acc 1
User 4, Acc 1 Balance 1442.000000, Transfer 19.000000 to Acc 7
User 2, Acc 4 Balance 9.000000, Deposit 937.000000 
User 3, Acc 6 Balance 8517.000000, Transfer 641.000000 to Acc 4
User 2, Acc 5 Balance 1065.000000, Deposit 941.000000 
User 1, Acc 3 Balance 3053.000000, Withdraw 1127.000000 
User 5, Acc 3 Balance 3053.000000, Withdraw 50.000000 
User 1, Acc 6 Balance 7876.000000, Withdraw 647.000000 
User 5, Acc 4 Balance 1587.000000, Withdraw 50.000000 
User 5, Acc 5 Balance 2006.000000, Withdraw 50.000000 
User 4, Acc 2 Balance 2150.000000, Transfer 23.000000 to Acc 7
[22;32mUser 2, Acc 4 Balance 946.000000, 				Withdraw 1167.000000 --insufficient funds[0m
User 4, Acc 6 Balance 7229.000000, Transfer 1167.000000 to Acc 5
User 2, Acc 5 Balance 1956.000000, Withdraw 1307.000000 
User 4, Acc 4 Balance 1537.000000, Transfer 53.000000 to Acc 5
User 2, Acc 1 Balance 1836.000000, Transfer 89.000000 to Acc 8
User 5, Acc 6 Balance 7229.000000, Withdraw 50.000000 
User 3, Acc 5 Balance 2006.000000, Deposit 643.000000 
User 5, Acc 7 Balance 34037.000000, Withdraw 50.000000 
User 3, Acc 5 Balance 2512.000000, Transfer 1200.000000 to Acc 6
User 4, Acc 7 Balance 34037.000000, Withdraw 1593.000000 
User 3, Acc 4 Balance 1484.000000, Deposit 647.000000 
User 4, Acc 8 Balance 2048.000000, Withdraw 449.000000 
User 4, Acc 9 Balance 13088.000000, Withdraw 163.000000 
User 6, Acc 8 Balance 1959.000000, Deposit 619.000000 
User 5, Acc 8 Balance 2048.000000, Withdraw 50.000000 
User 6, Acc 8 Balance 2218.000000, Transfer 619.000000 to Acc 2
User 6, Acc 7 Balance 32394.000000, Deposit 631.000000 
User 6, Acc 7 Balance 33025.000000, Transfer 631.000000 to Acc 3
User 6, Acc 6 Balance 7212.000000, Deposit 641.000000 
User 6, Acc 6 Balance 7853.000000, Transfer 641.000000 to Acc 4
User 6, Acc 5 Balance 1312.000000, Deposit 643.000000 
User 4, Acc 9 Balance 12925.000000, Deposit 617.000000 
User 0, Acc 3 Balance 3706.000000, Transfer 1200.000000 to Acc 8
User 5, Acc 9 Balance 12925.000000, Withdraw 50.000000 
User 1, Acc 6 Balance 7229.000000, Deposit 953.000000 
User 5, Acc 0 Balance 714.000000, Withdraw 50.000000 
User 3, Acc 4 Balance 2131.000000, Transfer 1200.000000 to Acc 7
User 2, Acc 1 Balance 1747.000000, Transfer 163.000000 to Acc 9
User 6, Acc 5 Balance 1955.000000, Transfer 1200.000000 to Acc 6
User 4, Acc 9 Balance 13542.000000, Transfer 617.000000 to Acc 1
User 6, Acc 4 Balance 1572.000000, Deposit 647.000000 
User 0, Acc 2 Balance 2746.000000, Deposit 659.000000 
User 6, Acc 4 Balance 2219.000000, Transfer 1200.000000 to Acc 7
User 6, Acc 3 Balance 1960.000000, Deposit 653.000000 
User 3, Acc 3 Balance 1960.000000, Deposit 653.000000 
User 2, Acc 1 Balance 1584.000000, Withdraw 41.000000 
User 3, Acc 3 Balance 3266.000000, Transfer 1200.000000 to Acc 8
User 2, Acc 2 Balance 3405.000000, Withdraw 71.000000 
User 2, Acc 3 Balance 2066.000000, Withdraw 1127.000000 
User 1, Acc 7 Balance 32394.000000, Deposit 967.000000 
User 2, Acc 6 Balance 9365.000000, Withdraw 647.000000 
User 1, Acc 1 Balance 2160.000000, Transfer 19.000000 to Acc 7
User 1, Acc 2 Balance 3334.000000, Transfer 23.000000 to Acc 7
User 1, Acc 6 Balance 9365.000000, Transfer 1167.000000 to Acc 5
User 4, Acc 8 Balance 2749.000000, Deposit 619.000000 
User 3, Acc 2 Balance 3334.000000, Deposit 659.000000 
User 5, Acc 0 Balance 664.000000, Deposit 907.000000 
User 0, Acc 2 Balance 3405.000000, Transfer 1200.000000 to Acc 9
User 6, Acc 3 Balance 2613.000000, Transfer 1200.000000 to Acc 8
User 2, Acc 6 Balance 8718.000000, Deposit 953.000000 
User 1, Acc 4 Balance 1019.000000, Transfer 53.000000 to Acc 5
User 2, Acc 7 Balance 35803.000000, Deposit 967.000000 
User 1, Acc 7 Balance 35803.000000, Withdraw 1593.000000 
User 2, Acc 1 Balance 2141.000000, Transfer 19.000000 to Acc 7
User 2, Acc 2 Balance 2770.000000, Transfer 23.000000 to Acc 7
User 0, Acc 1 Balance 2141.000000, Deposit 661.000000 
User 2, Acc 6 Balance 8504.000000, Transfer 1167.000000 to Acc 5
User 4, Acc 8 Balance 4568.000000, Transfer 619.000000 to Acc 2
User 2, Acc 4 Balance 966.000000, Transfer 53.000000 to Acc 5
User 3, Acc 2 Balance 3970.000000, Transfer 1200.000000 to Acc 9
User 2, Acc 7 Balance 35219.000000, Withdraw 1593.000000 
User 3, Acc 1 Balance 2783.000000, Deposit 661.000000 
User 3, Acc 1 Balance 3444.000000, Transfer 1200.000000 to Acc 9
User 2, Acc 8 Balance 5149.000000, Withdraw 449.000000 
User 0, Acc 1 Balance 2783.000000, Transfer 1200.000000 to Acc 9
User 0, Acc 0 Balance 1571.000000, Deposit 673.000000 
User 5, Acc 1 Balance 2141.000000, Deposit 911.000000 
User 0, Acc 0 Balance 2244.000000, Transfer 1200.000000 to Acc 9
User 5, Acc 2 Balance 2166.000000, Deposit 919.000000 
User 5, Acc 3 Balance -261.000000, Deposit 929.000000 
User 2, Acc 9 Balance 15438.000000, Withdraw 163.000000 
User 3, Acc 0 Balance 1571.000000, Deposit 673.000000 
User 2, Acc 0 Balance 1044.000000, Deposit 907.000000 
User 3, Acc 0 Balance 1717.000000, Transfer 1200.000000 to Acc 9
User 2, Acc 1 Balance 1955.000000, Deposit 911.000000 
User 0, Acc 1 Balance 1955.000000, Withdraw 50.000000 
User 6, Acc 2 Balance 2770.000000, Deposit 659.000000 
User 0, Acc 2 Balance 3085.000000, Withdraw 50.000000 
User 4, Acc 7 Balance 35219.000000, Deposit 631.000000 
User 1, Acc 8 Balance 5768.000000, Withdraw 449.000000 
User 1, Acc 9 Balance 20075.000000, Withdraw 163.000000 
User 1, Acc 1 Balance 2816.000000, Withdraw 500.000000 
User 1, Acc 2 Balance 3694.000000, Withdraw 500.000000 
User 1, Acc 3 Balance 668.000000, Withdraw 500.000000 
User 1, Acc 4 Balance 913.000000, Withdraw 500.000000 
User 1, Acc 5 Balance 3195.000000, Withdraw 500.000000 
User 1, Acc 6 Balance 7337.000000, Withdraw 500.000000 
User 1, Acc 7 Balance 34257.000000, Withdraw 500.000000 
User 1, Acc 8 Balance 4251.000000, Withdraw 500.000000 
User 1, Acc 9 Balance 19912.000000, Withdraw 500.000000 
User 1, Acc 0 Balance 1424.000000, Withdraw 500.000000 
User 2, Acc 2 Balance 3085.000000, Deposit 919.000000 
User 2, Acc 3 Balance 168.000000, Deposit 929.000000 
User 2, Acc 4 Balance 413.000000, Deposit 937.000000 
User 2, Acc 5 Balance 2695.000000, Deposit 941.000000 
User 2, Acc 6 Balance 6837.000000, Deposit 953.000000 
User 2, Acc 7 Balance 33757.000000, Deposit 967.000000 
User 2, Acc 1 Balance 2316.000000, Transfer 19.000000 to Acc 7
User 2, Acc 2 Balance 4113.000000, Transfer 23.000000 to Acc 7
User 2, Acc 3 Balance 1097.000000, Transfer 29.000000 to Acc 7
User 2, Acc 7 Balance 34795.000000, Transfer 31.000000 to Acc 6
User 2, Acc 7 Balance 34764.000000, Transfer 37.000000 to Acc 5
User 2, Acc 7 Balance 34727.000000, Transfer 3.000000 to Acc 4
User 2, Acc 7 Balance 34724.000000, Transfer 5.000000 to Acc 4
User 2, Acc 6 Balance 7821.000000, Transfer 67.000000 to Acc 5
User 2, Acc 4 Balance 1358.000000, Transfer 53.000000 to Acc 5
User 2, Acc 1 Balance 2297.000000, Transfer 89.000000 to Acc 8
User 2, Acc 1 Balance 2208.000000, Transfer 163.000000 to Acc 9
User 2, Acc 1 Balance 2045.000000, Withdraw 41.000000 
User 2, Acc 2 Balance 4090.000000, Withdraw 71.000000 
User 2, Acc 3 Balance 1068.000000, Withdraw 127.000000 
User 2, Acc 4 Balance 1305.000000, Withdraw 167.000000 
User 2, Acc 5 Balance 3793.000000, Withdraw 307.000000 
User 2, Acc 6 Balance 7754.000000, Withdraw 647.000000 
User 2, Acc 7 Balance 34719.000000, Withdraw 593.000000 
User 2, Acc 8 Balance 3840.000000, Withdraw 449.000000 
User 2, Acc 9 Balance 19575.000000, Withdraw 163.000000 
User 2, Acc 1 Balance 2004.000000, Withdraw 500.000000 
User 0, Acc 3 Balance 668.000000, Withdraw 50.000000 
User 6, Acc 2 Balance 3694.000000, Transfer 1200.000000 to Acc 9
User 4, Acc 7 Balance 34257.000000, Transfer 631.000000 to Acc 3
User 6, Acc 1 Balance 1504.000000, Deposit 661.000000 
User 3, Acc 1 Balance 1955.000000, Withdraw 50.000000 
User 5, Acc 4 Balance 913.000000, Deposit 937.000000 
User 3, Acc 2 Balance 2819.000000, Withdraw 50.000000 
User 5, Acc 5 Balance 3486.000000, Deposit 941.000000 
User 0, Acc 4 Balance 1138.000000, Withdraw 50.000000 
User 1, Acc 1 Balance 2316.000000, Withdraw 500.000000 
User 6, Acc 1 Balance 2165.000000, Transfer 1200.000000 to Acc 9
User 3, Acc 3 Balance 1522.000000, Withdraw 50.000000 
User 5, Acc 6 Balance 7107.000000, Deposit 953.000000 
User 3, Acc 4 Balance 2025.000000, Withdraw 50.000000 
User 3, Acc 5 Balance 4427.000000, Withdraw 50.000000 
User 0, Acc 5 Balance 4427.000000, Withdraw 50.000000 
User 3, Acc 6 Balance 8060.000000, Withdraw 50.000000 
User 0, Acc 6 Balance 8060.000000, Withdraw 50.000000 
User 1, Acc 2 Balance 2769.000000, Withdraw 500.000000 
User 0, Acc 7 Balance 33495.000000, Withdraw 50.000000 
User 4, Acc 6 Balance 7107.000000, Deposit 641.000000 
User 2, Acc 2 Balance 4019.000000, Withdraw 500.000000 
User 4, Acc 6 Balance 8601.000000, Transfer 641.000000 to Acc 4
User 6, Acc 0 Balance 924.000000, Deposit 673.000000 
User 1, Acc 3 Balance 1472.000000, Withdraw 500.000000 
User 5, Acc 7 Balance 33495.000000, Deposit 967.000000 
User 1, Acc 4 Balance 2616.000000, Withdraw 500.000000 
User 1, Acc 5 Balance 4327.000000, Withdraw 500.000000 
User 5, Acc 1 Balance 415.000000, Transfer 19.000000 to Acc 7
User 1, Acc 6 Balance 7960.000000, Withdraw 500.000000 
User 3, Acc 7 Balance 33495.000000, Withdraw 50.000000 
User 4, Acc 5 Balance 4327.000000, Deposit 643.000000 
User 3, Acc 8 Balance 3391.000000, Withdraw 50.000000 
User 4, Acc 5 Balance 4470.000000, Transfer 1200.000000 to Acc 6
User 2, Acc 3 Balance 1472.000000, Withdraw 500.000000 
User 4, Acc 4 Balance 2116.000000, Deposit 647.000000 
User 6, Acc 0 Balance 1597.000000, Transfer 1200.000000 to Acc 9
User 4, Acc 4 Balance 2763.000000, Transfer 1200.000000 to Acc 7
User 4, Acc 3 Balance 472.000000, Deposit 653.000000 
User 4, Acc 2 Balance 1769.000000, Deposit 659.000000 
User 4, Acc 2 Balance 2428.000000, Transfer 1200.000000 to Acc 9
User 4, Acc 1 Balance 396.000000, Deposit 661.000000 
User 4, Acc 0 Balance 397.000000, Deposit 673.000000 
User 4, Acc 7 Balance 35581.000000, Deposit 9929.000000 
User 4, Acc 4 Balance 1563.000000, Deposit 937.000000 
User 4, Acc 5 Balance 3270.000000, Deposit 941.000000 
User 4, Acc 0 Balance 1070.000000, Deposit 7.000000 
User 4, Acc 3 Balance 1125.000000, Deposit 29.000000 
User 4, Acc 7 Balance 45510.000000, Deposit 9.000000 
User 4, Acc 9 Balance 24212.000000, Deposit 129.000000 
User 4, Acc 3 Balance 1154.000000, Transfer 29.000000 to Acc 7
User 4, Acc 7 Balance 45548.000000, Transfer 31.000000 to Acc 6
User 4, Acc 7 Balance 45517.000000, Transfer 137.000000 to Acc 5
User 1, Acc 7 Balance 34431.000000, Withdraw 500.000000 
User 4, Acc 7 Balance 45380.000000, Transfer 3.000000 to Acc 4
User 1, Acc 8 Balance 3341.000000, Withdraw 500.000000 
User 4, Acc 7 Balance 44877.000000, Transfer 5.000000 to Acc 4
User 4, Acc 4 Balance 2508.000000, Withdraw 1167.000000 
User 3, Acc 9 Balance 21812.000000, Withdraw 50.000000 
User 4, Acc 5 Balance 4348.000000, Withdraw 1307.000000 
User 4, Acc 1 Balance 1057.000000, Transfer 89.000000 to Acc 8
User 2, Acc 4 Balance 2116.000000, Withdraw 500.000000 
User 4, Acc 1 Balance 968.000000, Transfer 163.000000 to Acc 9
User 4, Acc 1 Balance 805.000000, Withdraw 41.000000 
User 2, Acc 5 Balance 3041.000000, Withdraw 500.000000 
User 6, Acc 7 Balance 35581.000000, Deposit 9929.000000 
User 1, Acc 9 Balance 24341.000000, Withdraw 500.000000 
User 5, Acc 2 Balance 1769.000000, Transfer 23.000000 to Acc 7
User 0, Acc 8 Balance 3391.000000, Withdraw 50.000000 
User 5, Acc 3 Balance 1125.000000, Transfer 29.000000 to Acc 7
User 5, Acc 7 Balance 54853.000000, Transfer 31.000000 to Acc 6
User 2, Acc 6 Balance 8691.000000, Withdraw 500.000000 
User 3, Acc 0 Balance 1077.000000, Withdraw 50.000000 
User 6, Acc 4 Balance 841.000000, Deposit 937.000000 
User 3, Acc 7 Balance 54822.000000, Deposit 9929.000000 
User 1, Acc 0 Balance 1077.000000, Withdraw 500.000000 
User 0, Acc 9 Balance 23954.000000, Withdraw 50.000000 
User 1, Acc 1 Balance 764.000000, Withdraw 500.000000 
User 0, Acc 0 Balance 527.000000, Withdraw 50.000000 
User 1, Acc 2 Balance 1205.000000, Withdraw 500.000000 
User 1, Acc 3 Balance 1096.000000, Withdraw 500.000000 
User 6, Acc 5 Balance 2541.000000, Deposit 941.000000 
User 4, Acc 2 Balance 1228.000000, Withdraw 71.000000 
User 6, Acc 0 Balance 477.000000, Deposit 7.000000 
User 3, Acc 4 Balance 1778.000000, Deposit 937.000000 
User 2, Acc 7 Balance 54822.000000, Withdraw 500.000000 
User 3, Acc 5 Balance 3482.000000, Deposit 941.000000 
User 0, Acc 9 Balance 23904.000000, Deposit 617.000000 
User 3, Acc 0 Balance 484.000000, Deposit 7.000000 
User 3, Acc 3 Balance 596.000000, Deposit 29.000000 
User 0, Acc 9 Balance 24521.000000, Transfer 617.000000 to Acc 9
User 5, Acc 7 Balance 54822.000000, Transfer 37.000000 to Acc 5
User 0, Acc 8 Balance 2880.000000, Deposit 619.000000 
User 5, Acc 7 Balance 64214.000000, Transfer 3.000000 to Acc 4
User 5, Acc 7 Balance 64211.000000, Transfer 5.000000 to Acc 4
[22;32mUser 4, Acc 3 Balance 596.000000, 				Withdraw 1127.000000 --insufficient funds[0m
User 6, Acc 3 Balance 596.000000, Deposit 29.000000 
User 4, Acc 6 Balance 8222.000000, Withdraw 647.000000 
User 4, Acc 6 Balance 7575.000000, Deposit 1953.000000 
User 2, Acc 8 Balance 2880.000000, Withdraw 500.000000 
User 4, Acc 7 Balance 64206.000000, Deposit 967.000000 
User 0, Acc 8 Balance 3499.000000, Transfer 619.000000 to Acc 2
User 4, Acc 1 Balance 264.000000, Transfer 19.000000 to Acc 7
User 6, Acc 7 Balance 64206.000000, Deposit 9.000000 
User 3, Acc 7 Balance 64251.000000, Deposit 9.000000 
User 6, Acc 9 Balance 24521.000000, Deposit 129.000000 
User 3, Acc 9 Balance 24521.000000, Deposit 129.000000 
User 1, Acc 4 Balance 1778.000000, Withdraw 500.000000 
User 3, Acc 3 Balance 654.000000, Transfer 29.000000 to Acc 7
User 3, Acc 7 Balance 65239.000000, Transfer 31.000000 to Acc 6
User 3, Acc 7 Balance 65208.000000, Transfer 137.000000 to Acc 5
User 3, Acc 7 Balance 65071.000000, Transfer 3.000000 to Acc 4
User 3, Acc 7 Balance 65068.000000, Transfer 5.000000 to Acc 4
User 5, Acc 6 Balance 8222.000000, Transfer 67.000000 to Acc 5
User 5, Acc 4 Balance 2231.000000, Transfer 53.000000 to Acc 5
User 5, Acc 1 Balance 245.000000, Transfer 89.000000 to Acc 8
User 5, Acc 1 Balance 156.000000, Withdraw 41.000000 
User 5, Acc 2 Balance 1253.000000, Withdraw 71.000000 
User 5, Acc 3 Balance 625.000000, Withdraw 127.000000 
User 5, Acc 4 Balance 2178.000000, Withdraw 167.000000 
User 5, Acc 5 Balance 4717.000000, Withdraw 307.000000 
User 5, Acc 6 Balance 9492.000000, Withdraw 647.000000 
User 5, Acc 7 Balance 65063.000000, Withdraw 593.000000 
User 5, Acc 8 Balance 2469.000000, Withdraw 449.000000 
User 5, Acc 9 Balance 24779.000000, Withdraw 163.000000 
User 5, Acc 9 Balance 24616.000000, Deposit 617.000000 
User 5, Acc 9 Balance 25233.000000, Transfer 617.000000 to Acc 9
User 5, Acc 8 Balance 2020.000000, Deposit 619.000000 
User 5, Acc 8 Balance 2639.000000, Transfer 619.000000 to Acc 2
User 5, Acc 7 Balance 64470.000000, Deposit 631.000000 
User 5, Acc 7 Balance 65101.000000, Transfer 631.000000 to Acc 3
User 5, Acc 6 Balance 8845.000000, Deposit 641.000000 
User 5, Acc 6 Balance 9486.000000, Transfer 641.000000 to Acc 4
User 5, Acc 5 Balance 4410.000000, Deposit 643.000000 
User 5, Acc 5 Balance 5053.000000, Transfer 1200.000000 to Acc 6
User 3, Acc 4 Balance 2231.000000, Withdraw 1167.000000 
User 3, Acc 5 Balance 3853.000000, Withdraw 1307.000000 
User 1, Acc 5 Balance 4460.000000, Withdraw 500.000000 
User 3, Acc 1 Balance 115.000000, Transfer 89.000000 to Acc 8
User 1, Acc 6 Balance 10045.000000, Withdraw 500.000000 
User 2, Acc 9 Balance 24521.000000, Withdraw 500.000000 
User 1, Acc 7 Balance 64470.000000, Withdraw 500.000000 
[22;32mUser 2, Acc 0 Balance 491.000000, 				Withdraw 500.000000 --insufficient funds[0m
User 5, Acc 4 Balance 2652.000000, Deposit 647.000000 
[22;32mUser 3, Acc 1 Balance 26.000000, 				Withdraw 41.000000 --insufficient funds[0m
User 4, Acc 2 Balance 1253.000000, Transfer 23.000000 to Acc 7
User 3, Acc 2 Balance 1801.000000, Withdraw 71.000000 
User 4, Acc 6 Balance 9545.000000, Transfer 1167.000000 to Acc 5
[22;32mUser 2, Acc 1 Balance 26.000000, 				Withdraw 500.000000 --insufficient funds[0m
User 4, Acc 4 Balance 2132.000000, Transfer 53.000000 to Acc 5
User 2, Acc 2 Balance 1707.000000, Withdraw 500.000000 
User 4, Acc 7 Balance 63993.000000, Withdraw 1593.000000 
User 4, Acc 8 Balance 2109.000000, Withdraw 449.000000 
User 1, Acc 8 Balance 2109.000000, Withdraw 500.000000 
User 4, Acc 9 Balance 24733.000000, Withdraw 163.000000 
User 1, Acc 9 Balance 24733.000000, Withdraw 500.000000 
User 4, Acc 7 Balance 62400.000000, Deposit 9929.000000 
[22;32mUser 1, Acc 0 Balance 491.000000, 				Withdraw 500.000000 --insufficient funds[0m
User 2, Acc 3 Balance 1129.000000, Withdraw 500.000000 
User 6, Acc 3 Balance 654.000000, Transfer 29.000000 to Acc 7
User 0, Acc 7 Balance 65173.000000, Deposit 631.000000 
User 5, Acc 4 Balance 2132.000000, Transfer 1200.000000 to Acc 7
User 0, Acc 7 Balance 72989.000000, Transfer 631.000000 to Acc 3
User 4, Acc 4 Balance 2079.000000, Deposit 937.000000 
User 2, Acc 4 Balance 2079.000000, Withdraw 500.000000 
User 2, Acc 5 Balance 3266.000000, Withdraw 500.000000 
User 6, Acc 7 Balance 72358.000000, Transfer 31.000000 to Acc 6
User 2, Acc 6 Balance 8378.000000, Withdraw 500.000000 
User 6, Acc 7 Balance 73527.000000, Transfer 137.000000 to Acc 5
User 2, Acc 7 Balance 73527.000000, Withdraw 500.000000 
User 0, Acc 6 Balance 8378.000000, Deposit 641.000000 
User 2, Acc 8 Balance 1160.000000, Withdraw 500.000000 
User 0, Acc 6 Balance 8550.000000, Transfer 641.000000 to Acc 4
User 5, Acc 3 Balance 600.000000, Deposit 653.000000 
User 0, Acc 5 Balance 2903.000000, Deposit 643.000000 
User 3, Acc 3 Balance 1129.000000, Withdraw 1127.000000 
User 4, Acc 5 Balance 3266.000000, Deposit 941.000000 
User 4, Acc 0 Balance 491.000000, Deposit 7.000000 
User 4, Acc 3 Balance 757.000000, Deposit 29.000000 
User 4, Acc 7 Balance 72890.000000, Deposit 9.000000 
User 6, Acc 7 Balance 73390.000000, Transfer 3.000000 to Acc 4
User 4, Acc 9 Balance 24070.000000, Deposit 129.000000 
User 6, Acc 7 Balance 72896.000000, Transfer 5.000000 to Acc 4
User 3, Acc 6 Balance 7909.000000, Withdraw 647.000000 
User 6, Acc 4 Balance 1965.000000, Withdraw 1167.000000 
User 3, Acc 6 Balance 7262.000000, Deposit 1953.000000 
User 3, Acc 7 Balance 72891.000000, Deposit 967.000000 
User 5, Acc 3 Balance 1884.000000, Transfer 1200.000000 to Acc 8
User 4, Acc 3 Balance 786.000000, Transfer 29.000000 to Acc 7
User 5, Acc 2 Balance 1207.000000, Deposit 659.000000 
User 4, Acc 7 Balance 73887.000000, Transfer 31.000000 to Acc 6
User 5, Acc 2 Balance 1866.000000, Transfer 1200.000000 to Acc 9
User 4, Acc 7 Balance 73856.000000, Transfer 137.000000 to Acc 5
User 3, Acc 1 Balance 26.000000, Transfer 19.000000 to Acc 7
User 4, Acc 7 Balance 73719.000000, Transfer 3.000000 to Acc 4
User 3, Acc 2 Balance 666.000000, Transfer 23.000000 to Acc 7
User 2, Acc 9 Balance 24070.000000, Withdraw 500.000000 
User 1, Acc 9 Balance 24070.000000, Deposit 617.000000 
User 5, Acc 1 Balance 26.000000, Deposit 661.000000 
User 1, Acc 9 Balance 25516.000000, Transfer 617.000000 to Acc 9
User 5, Acc 0 Balance 498.000000, Deposit 673.000000 
User 1, Acc 8 Balance 1860.000000, Deposit 619.000000 
User 3, Acc 6 Balance 9246.000000, Transfer 1167.000000 to Acc 5
User 4, Acc 7 Balance 73735.000000, Transfer 5.000000 to Acc 4
User 3, Acc 4 Balance 801.000000, Transfer 53.000000 to Acc 5
[22;32mUser 4, Acc 4 Balance 806.000000, 				Withdraw 1167.000000 --insufficient funds[0m
User 0, Acc 5 Balance 3546.000000, Transfer 1200.000000 to Acc 6
User 1, Acc 8 Balance 2479.000000, Transfer 619.000000 to Acc 2
User 1, Acc 7 Balance 73753.000000, Deposit 631.000000 
User 1, Acc 7 Balance 74384.000000, Transfer 631.000000 to Acc 3
User 1, Acc 6 Balance 9279.000000, Deposit 641.000000 
User 1, Acc 6 Balance 9920.000000, Transfer 641.000000 to Acc 4
User 1, Acc 5 Balance 4644.000000, Deposit 643.000000 
User 1, Acc 5 Balance 5287.000000, Transfer 1200.000000 to Acc 6
User 1, Acc 4 Balance 1394.000000, Deposit 647.000000 
User 4, Acc 5 Balance 5844.000000, Withdraw 1307.000000 
User 1, Acc 4 Balance 2041.000000, Transfer 1200.000000 to Acc 7
User 4, Acc 1 Balance 668.000000, Transfer 89.000000 to Acc 8
User 1, Acc 3 Balance 188.000000, Deposit 653.000000 
User 6, Acc 5 Balance 4487.000000, Withdraw 1307.000000 
User 1, Acc 2 Balance 1262.000000, Deposit 659.000000 
User 5, Acc 1 Balance 668.000000, Withdraw 50.000000 
User 1, Acc 2 Balance 1921.000000, Transfer 1200.000000 to Acc 9
User 5, Acc 2 Balance 1921.000000, Withdraw 50.000000 
User 5, Acc 3 Balance 841.000000, Withdraw 50.000000 
User 1, Acc 1 Balance 529.000000, Deposit 661.000000 
User 3, Acc 7 Balance 73753.000000, Withdraw 1593.000000 
User 1, Acc 0 Balance 1171.000000, Deposit 673.000000 
User 0, Acc 4 Balance 753.000000, Deposit 647.000000 
[22;32mUser 2, Acc 0 Balance 498.000000, 				Withdraw 500.000000 --insufficient funds[0m
User 0, Acc 4 Balance 1488.000000, Transfer 1200.000000 to Acc 7
User 5, Acc 4 Balance 841.000000, Withdraw 50.000000 
User 0, Acc 3 Balance 791.000000, Deposit 653.000000 
User 5, Acc 5 Balance 1473.000000, Withdraw 50.000000 
User 0, Acc 3 Balance 1444.000000, Transfer 1200.000000 to Acc 8
User 4, Acc 1 Balance 579.000000, Transfer 163.000000 to Acc 9
User 2, Acc 1 Balance 1190.000000, Withdraw 500.000000 
User 4, Acc 1 Balance 1027.000000, Withdraw 41.000000 
User 4, Acc 2 Balance 671.000000, Withdraw 71.000000 
User 3, Acc 8 Balance 1949.000000, Withdraw 449.000000 
User 1, Acc 0 Balance 1844.000000, Transfer 1200.000000 to Acc 9
User 0, Acc 2 Balance 671.000000, Deposit 659.000000 
User 1, Acc 1 Balance 486.000000, Withdraw 50.000000 
User 1, Acc 2 Balance 600.000000, Withdraw 50.000000 
User 0, Acc 2 Balance 1259.000000, Transfer 1200.000000 to Acc 9
User 2, Acc 2 Balance 671.000000, Withdraw 500.000000 
[22;32mUser 2, Acc 3 Balance 244.000000, 				Withdraw 500.000000 --insufficient funds[0m
User 3, Acc 9 Balance 26879.000000, Withdraw 163.000000 
User 5, Acc 6 Balance 10479.000000, Withdraw 50.000000 
User 3, Acc 0 Balance 644.000000, Deposit 7.000000 
User 5, Acc 7 Balance 74560.000000, Withdraw 50.000000 
User 3, Acc 1 Balance 436.000000, Deposit 11.000000 
User 5, Acc 8 Balance 2700.000000, Withdraw 50.000000 
[22;32mUser 4, Acc 3 Balance 244.000000, 				Withdraw 1127.000000 --insufficient funds[0m
User 5, Acc 9 Balance 29116.000000, Withdraw 50.000000 
User 4, Acc 6 Balance 10429.000000, Withdraw 647.000000 
User 0, Acc 1 Balance 436.000000, Deposit 661.000000 
User 4, Acc 6 Balance 9782.000000, Deposit 1953.000000 
User 0, Acc 0 Balance 651.000000, Deposit 673.000000 
[22;32mUser 2, Acc 4 Balance 238.000000, 				Withdraw 500.000000 --insufficient funds[0m
User 0, Acc 0 Balance 1324.000000, Transfer 1200.000000 to Acc 9
User 5, Acc 0 Balance 651.000000, Withdraw 50.000000 
User 0, Acc 1 Balance 1108.000000, Withdraw 50.000000 
[22;32mUser 0, Acc 2 Balance -491.000000, 				Withdraw 50.000000 --insufficient funds[0m
User 3, Acc 2 Balance -491.000000, Deposit 9.000000 
User 6, Acc 1 Balance 579.000000, Transfer 89.000000 to Acc 8
User 2, Acc 5 Balance 1423.000000, Withdraw 500.000000 
User 6, Acc 1 Balance 969.000000, Transfer 163.000000 to Acc 9
User 6, Acc 1 Balance 806.000000, Withdraw 41.000000 
User 5, Acc 0 Balance 74.000000, Deposit 7.000000 
User 4, Acc 7 Balance 74510.000000, Deposit 967.000000 
User 0, Acc 3 Balance 244.000000, Withdraw 50.000000 
User 3, Acc 3 Balance 244.000000, Transfer 29.000000 to Acc 7
User 1, Acc 3 Balance 244.000000, Withdraw 50.000000 
User 3, Acc 7 Balance 75506.000000, Transfer 31.000000 to Acc 6
User 1, Acc 4 Balance 238.000000, Withdraw 50.000000 
User 1, Acc 5 Balance 923.000000, Withdraw 50.000000 
User 5, Acc 1 Balance 765.000000, Deposit 11.000000 
User 4, Acc 1 Balance 765.000000, Transfer 19.000000 to Acc 7
User 0, Acc 4 Balance 238.000000, Withdraw 50.000000 
User 4, Acc 6 Balance 11766.000000, Transfer 1167.000000 to Acc 5
User 0, Acc 5 Balance 873.000000, Withdraw 50.000000 
User 4, Acc 4 Balance 138.000000, Transfer 53.000000 to Acc 5
[22;32mUser 6, Acc 2 Balance -482.000000, 				Withdraw 71.000000 --insufficient funds[0m
User 1, Acc 6 Balance 11766.000000, Withdraw 50.000000 
[22;32mUser 6, Acc 3 Balance 115.000000, 				Withdraw 1127.000000 --insufficient funds[0m
User 1, Acc 7 Balance 75494.000000, Withdraw 50.000000 
User 6, Acc 6 Balance 10549.000000, Withdraw 647.000000 
User 3, Acc 7 Balance 75475.000000, Transfer 137.000000 to Acc 5
User 6, Acc 6 Balance 9902.000000, Deposit 1953.000000 
User 4, Acc 7 Balance 75494.000000, Withdraw 1593.000000 
User 6, Acc 7 Balance 75307.000000, Deposit 967.000000 
User 4, Acc 8 Balance 2739.000000, Withdraw 449.000000 
User 6, Acc 1 Balance 757.000000, Transfer 19.000000 to Acc 7
User 4, Acc 9 Balance 30429.000000, Withdraw 163.000000 
User 3, Acc 7 Balance 75307.000000, Transfer 3.000000 to Acc 4
User 4, Acc 9 Balance 30266.000000, Deposit 617.000000 
User 4, Acc 9 Balance 30883.000000, Transfer 617.000000 to Acc 9
User 2, Acc 6 Balance 11735.000000, Withdraw 500.000000 
User 1, Acc 8 Balance 2739.000000, Withdraw 50.000000 
User 6, Acc 6 Balance 11855.000000, Transfer 1167.000000 to Acc 5
User 0, Acc 6 Balance 10599.000000, Withdraw 50.000000 
User 3, Acc 7 Balance 74697.000000, Transfer 5.000000 to Acc 4
User 0, Acc 7 Balance 74697.000000, Withdraw 50.000000 
User 0, Acc 8 Balance 2240.000000, Withdraw 50.000000 
User 3, Acc 3 Balance 115.000000, Deposit 929.000000 
User 2, Acc 7 Balance 74697.000000, Withdraw 500.000000 
User 3, Acc 4 Balance 93.000000, Deposit 937.000000 
User 1, Acc 9 Balance 30883.000000, Withdraw 50.000000 
User 6, Acc 4 Balance 88.000000, Transfer 53.000000 to Acc 5
User 1, Acc 0 Balance 81.000000, Withdraw 50.000000 
User 0, Acc 9 Balance 30883.000000, Withdraw 50.000000 
User 2, Acc 8 Balance 2190.000000, Withdraw 500.000000 
[22;32mUser 0, Acc 0 Balance 31.000000, 				Withdraw 50.000000 --insufficient funds[0m
User 0, Acc 9 Balance 30783.000000, Deposit 617.000000 
User 0, Acc 9 Balance 31400.000000, Transfer 617.000000 to Acc 1
User 6, Acc 7 Balance 74142.000000, Withdraw 1593.000000 
User 6, Acc 8 Balance 1690.000000, Withdraw 449.000000 
User 6, Acc 9 Balance 30783.000000, Withdraw 163.000000 
User 3, Acc 5 Balance 3347.000000, Deposit 941.000000 
[22;32mUser 3, Acc 4 Balance 977.000000, 				Withdraw 1167.000000 --insufficient funds[0m
User 2, Acc 9 Balance 30783.000000, Withdraw 500.000000 
User 5, Acc 2 Balance -482.000000, Deposit 9.000000 
User 4, Acc 8 Balance 2290.000000, Deposit 619.000000 
User 5, Acc 3 Balance 1044.000000, Transfer 29.000000 to Acc 7
User 4, Acc 8 Balance 1860.000000, Transfer 619.000000 to Acc 2
User 6, Acc 9 Balance 30620.000000, Deposit 617.000000 
User 4, Acc 7 Balance 72578.000000, Deposit 631.000000 
User 6, Acc 9 Balance 30737.000000, Transfer 617.000000 to Acc 1
User 4, Acc 7 Balance 73209.000000, Transfer 631.000000 to Acc 3
User 4, Acc 6 Balance 10138.000000, Deposit 641.000000 
User 6, Acc 8 Balance 1241.000000, Deposit 619.000000 
User 1, Acc 0 Balance 31.000000, Deposit 7.000000 
User 6, Acc 8 Balance 1860.000000, Transfer 619.000000 to Acc 2
User 1, Acc 1 Balance 1972.000000, Deposit 11.000000 
[22;32mUser 2, Acc 0 Balance 31.000000, 				Withdraw 500.000000 --insufficient funds[0m
User 0, Acc 8 Balance 1690.000000, Deposit 619.000000 
User 5, Acc 7 Balance 72578.000000, Transfer 31.000000 to Acc 6
User 0, Acc 8 Balance 1860.000000, Transfer 619.000000 to Acc 2
User 0, Acc 7 Balance 72578.000000, Deposit 631.000000 
User 3, Acc 5 Balance 4341.000000, Withdraw 1307.000000 
User 1, Acc 2 Balance 146.000000, Deposit 9.000000 
User 3, Acc 1 Balance 1983.000000, Transfer 89.000000 to Acc 8
User 3, Acc 1 Balance 1894.000000, Transfer 163.000000 to Acc 9
User 2, Acc 0 Balance 38.000000, Deposit 7.000000 
User 3, Acc 1 Balance 1731.000000, Withdraw 41.000000 
User 3, Acc 2 Balance 1393.000000, Withdraw 71.000000 
User 5, Acc 7 Balance 72547.000000, Transfer 137.000000 to Acc 5
User 0, Acc 7 Balance 73178.000000, Transfer 631.000000 to Acc 3
User 5, Acc 7 Balance 73041.000000, Transfer 3.000000 to Acc 4
User 5, Acc 7 Balance 72407.000000, Transfer 5.000000 to Acc 4
User 1, Acc 3 Balance 1646.000000, Transfer 29.000000 to Acc 7
User 4, Acc 6 Balance 10779.000000, Transfer 641.000000 to Acc 4
User 2, Acc 1 Balance 1690.000000, Deposit 11.000000 
User 4, Acc 5 Balance 3171.000000, Deposit 643.000000 
User 2, Acc 2 Balance 1322.000000, Deposit 9.000000 
User 4, Acc 5 Balance 3814.000000, Transfer 1200.000000 to Acc 6
User 4, Acc 4 Balance 1626.000000, Deposit 647.000000 
User 5, Acc 3 Balance 2277.000000, Deposit 929.000000 
User 1, Acc 7 Balance 72431.000000, Transfer 31.000000 to Acc 6
User 3, Acc 3 Balance 1646.000000, Withdraw 1127.000000 
User 0, Acc 6 Balance 10810.000000, Deposit 641.000000 
User 2, Acc 3 Balance 2248.000000, Transfer 29.000000 to Acc 7
User 6, Acc 7 Balance 72578.000000, Deposit 631.000000 
User 4, Acc 4 Balance 2273.000000, Transfer 1200.000000 to Acc 7
User 6, Acc 7 Balance 73060.000000, Transfer 631.000000 to Acc 3
User 6, Acc 6 Balance 12041.000000, Deposit 641.000000 
User 1, Acc 7 Balance 72400.000000, Transfer 137.000000 to Acc 5
User 3, Acc 6 Balance 11400.000000, Withdraw 647.000000 
User 1, Acc 7 Balance 73492.000000, Transfer 3.000000 to Acc 4
User 1, Acc 7 Balance 73489.000000, Transfer 5.000000 to Acc 4
User 3, Acc 6 Balance 12035.000000, Deposit 953.000000 
User 1, Acc 3 Balance 2652.000000, Deposit 929.000000 
User 1, Acc 4 Balance 1081.000000, Deposit 937.000000 
User 5, Acc 4 Balance 2273.000000, Deposit 937.000000 
User 4, Acc 3 Balance 2652.000000, Deposit 653.000000 
User 5, Acc 5 Balance 2751.000000, Deposit 941.000000 
User 4, Acc 3 Balance 4234.000000, Transfer 1200.000000 to Acc 8
User 5, Acc 4 Balance 2955.000000, Withdraw 1167.000000 
User 2, Acc 7 Balance 72429.000000, Transfer 31.000000 to Acc 6
User 5, Acc 5 Balance 3692.000000, Withdraw 1307.000000 
User 2, Acc 7 Balance 73453.000000, Transfer 137.000000 to Acc 5
User 2, Acc 7 Balance 73316.000000, Transfer 3.000000 to Acc 4
User 2, Acc 7 Balance 73313.000000, Transfer 5.000000 to Acc 4
User 2, Acc 3 Balance 3034.000000, Deposit 929.000000 
User 2, Acc 4 Balance 1796.000000, Deposit 937.000000 
User 2, Acc 5 Balance 2522.000000, Deposit 941.000000 
User 2, Acc 4 Balance 2733.000000, Withdraw 1167.000000 
User 2, Acc 5 Balance 3463.000000, Withdraw 1307.000000 
User 2, Acc 1 Balance 1701.000000, Transfer 89.000000 to Acc 8
User 2, Acc 1 Balance 1612.000000, Transfer 163.000000 to Acc 9
User 2, Acc 1 Balance 1449.000000, Withdraw 41.000000 
User 2, Acc 2 Balance 1331.000000, Withdraw 71.000000 
User 2, Acc 3 Balance 3963.000000, Withdraw 1127.000000 
User 2, Acc 6 Balance 13019.000000, Withdraw 647.000000 
User 2, Acc 6 Balance 12372.000000, Deposit 953.000000 
User 2, Acc 7 Balance 73308.000000, Deposit 967.000000 
User 2, Acc 1 Balance 1408.000000, Transfer 19.000000 to Acc 7
User 2, Acc 2 Balance 1260.000000, Transfer 23.000000 to Acc 7
User 2, Acc 6 Balance 13325.000000, Transfer 1167.000000 to Acc 5
User 2, Acc 4 Balance 1566.000000, Transfer 53.000000 to Acc 5
User 2, Acc 7 Balance 74317.000000, Withdraw 1593.000000 
User 2, Acc 8 Balance 2619.000000, Withdraw 449.000000 
User 2, Acc 9 Balance 30446.000000, Withdraw 163.000000 
User 2, Acc 9 Balance 30283.000000, Deposit 617.000000 
User 0, Acc 6 Balance 12041.000000, Transfer 641.000000 to Acc 4
User 4, Acc 2 Balance 1331.000000, Deposit 659.000000 
User 1, Acc 5 Balance 2751.000000, Deposit 941.000000 
User 4, Acc 2 Balance 1896.000000, Transfer 1200.000000 to Acc 9
User 1, Acc 4 Balance 2154.000000, Withdraw 1167.000000 
User 4, Acc 1 Balance 1389.000000, Deposit 661.000000 
User 5, Acc 1 Balance 1701.000000, Transfer 89.000000 to Acc 8
User 2, Acc 9 Balance 30900.000000, Transfer 617.000000 to Acc 1
User 0, Acc 5 Balance 3376.000000, Deposit 643.000000 
User 6, Acc 6 Balance 12682.000000, Transfer 641.000000 to Acc 4
User 1, Acc 5 Balance 4317.000000, Withdraw 1307.000000 
User 6, Acc 5 Balance 4960.000000, Deposit 643.000000 
User 6, Acc 5 Balance 4296.000000, Transfer 1200.000000 to Acc 6
User 5, Acc 1 Balance 1961.000000, Transfer 163.000000 to Acc 9
User 6, Acc 4 Balance 1628.000000, Deposit 647.000000 
User 3, Acc 7 Balance 73484.000000, Deposit 967.000000 
User 0, Acc 5 Balance 4960.000000, Transfer 1200.000000 to Acc 6
User 3, Acc 1 Balance 2415.000000, Transfer 19.000000 to Acc 7
User 0, Acc 4 Balance 2275.000000, Deposit 647.000000 
User 0, Acc 4 Balance 2922.000000, Transfer 1200.000000 to Acc 7
User 5, Acc 1 Balance 2415.000000, Withdraw 41.000000 
User 6, Acc 4 Balance 2275.000000, Transfer 1200.000000 to Acc 7
User 2, Acc 8 Balance 2259.000000, Deposit 619.000000 
User 6, Acc 3 Balance 2836.000000, Deposit 653.000000 
User 2, Acc 8 Balance 2878.000000, Transfer 619.000000 to Acc 2
User 6, Acc 3 Balance 3489.000000, Transfer 1200.000000 to Acc 8
User 4, Acc 1 Balance 2050.000000, Transfer 1200.000000 to Acc 9
User 0, Acc 3 Balance 2836.000000, Deposit 653.000000 
User 0, Acc 3 Balance 2942.000000, Transfer 1200.000000 to Acc 8
User 0, Acc 2 Balance 1315.000000, Deposit 659.000000 
User 0, Acc 2 Balance 1974.000000, Transfer 1200.000000 to Acc 9
User 0, Acc 1 Balance 1155.000000, Deposit 661.000000 
User 0, Acc 1 Balance 1816.000000, Transfer 1200.000000 to Acc 9
User 0, Acc 0 Balance 45.000000, Deposit 673.000000 
User 0, Acc 1 Balance 616.000000, Withdraw 50.000000 
User 0, Acc 2 Balance 774.000000, Withdraw 50.000000 
User 0, Acc 3 Balance 1742.000000, Withdraw 50.000000 
User 4, Acc 0 Balance 45.000000, Deposit 673.000000 
User 4, Acc 0 Balance 1391.000000, Transfer 1200.000000 to Acc 9
User 5, Acc 2 Balance 696.000000, Withdraw 71.000000 
User 5, Acc 3 Balance 1692.000000, Withdraw 1127.000000 
User 5, Acc 6 Balance 13276.000000, Withdraw 647.000000 
User 5, Acc 6 Balance 12629.000000, Deposit 953.000000 
User 3, Acc 2 Balance 696.000000, Transfer 23.000000 to Acc 7
User 5, Acc 7 Balance 76110.000000, Deposit 967.000000 
User 3, Acc 6 Balance 13582.000000, Transfer 1167.000000 to Acc 5
User 3, Acc 4 Balance 522.000000, Transfer 53.000000 to Acc 5
User 3, Acc 7 Balance 77100.000000, Withdraw 1593.000000 
User 3, Acc 8 Balance 4659.000000, Withdraw 449.000000 
User 3, Acc 9 Balance 36446.000000, Withdraw 163.000000 
User 2, Acc 7 Balance 76110.000000, Deposit 631.000000 
User 2, Acc 7 Balance 76138.000000, Transfer 631.000000 to Acc 3
User 6, Acc 2 Balance 1315.000000, Deposit 659.000000 
User 5, Acc 1 Balance 566.000000, Transfer 19.000000 to Acc 7
User 0, Acc 4 Balance 522.000000, Withdraw 50.000000 
User 4, Acc 1 Balance 566.000000, Withdraw 50.000000 
User 1, Acc 1 Balance 2578.000000, Transfer 89.000000 to Acc 8
User 3, Acc 9 Balance 36283.000000, Deposit 617.000000 
User 1, Acc 1 Balance 408.000000, Transfer 163.000000 to Acc 9
User 6, Acc 2 Balance 1289.000000, Transfer 1200.000000 to Acc 9
User 5, Acc 2 Balance 1289.000000, Transfer 23.000000 to Acc 7
User 0, Acc 5 Balance 3116.000000, Withdraw 50.000000 
User 4, Acc 2 Balance 1289.000000, Withdraw 50.000000 
User 0, Acc 6 Balance 12415.000000, Withdraw 50.000000 
User 0, Acc 7 Balance 75549.000000, Withdraw 50.000000 
User 4, Acc 3 Balance 1196.000000, Withdraw 50.000000 
User 0, Acc 8 Balance 4299.000000, Withdraw 50.000000 
User 0, Acc 9 Balance 38263.000000, Withdraw 50.000000 
User 0, Acc 0 Balance 191.000000, Withdraw 50.000000 
User 6, Acc 1 Balance 245.000000, Deposit 661.000000 
User 0, Acc 9 Balance 38213.000000, Deposit 617.000000 
User 6, Acc 0 Balance 141.000000, Deposit 673.000000 
User 6, Acc 1 Balance 906.000000, Withdraw 50.000000 
User 2, Acc 6 Balance 12415.000000, Deposit 641.000000 
[22;32mUser 6, Acc 2 Balance 16.000000, 				Withdraw 50.000000 --insufficient funds[0m
User 1, Acc 1 Balance 245.000000, Withdraw 41.000000 
User 4, Acc 4 Balance 419.000000, Withdraw 50.000000 
[22;32mUser 1, Acc 2 Balance 16.000000, 				Withdraw 71.000000 --insufficient funds[0m
User 4, Acc 5 Balance 3066.000000, Withdraw 50.000000 
User 1, Acc 3 Balance 1146.000000, Withdraw 1127.000000 
User 4, Acc 6 Balance 13006.000000, Withdraw 50.000000 
User 6, Acc 3 Balance 1146.000000, Withdraw 50.000000 
User 4, Acc 7 Balance 75499.000000, Withdraw 50.000000 
User 3, Acc 9 Balance 36900.000000, Transfer 617.000000 to Acc 1
User 2, Acc 6 Balance 13006.000000, Transfer 641.000000 to Acc 4
User 1, Acc 6 Balance 13006.000000, Withdraw 647.000000 
User 5, Acc 6 Balance 12415.000000, Transfer 1167.000000 to Acc 5
User 6, Acc 4 Balance 369.000000, Withdraw 50.000000 
User 0, Acc 9 Balance 38830.000000, Transfer 617.000000 to Acc 1
User 4, Acc 8 Balance 4249.000000, Withdraw 50.000000 
User 0, Acc 8 Balance 4249.000000, Deposit 619.000000 
User 2, Acc 5 Balance 3016.000000, Deposit 643.000000 
User 0, Acc 8 Balance 4818.000000, Transfer 619.000000 to Acc 2
User 2, Acc 5 Balance 4826.000000, Transfer 1200.000000 to Acc 6
User 5, Acc 4 Balance 1010.000000, Transfer 53.000000 to Acc 5
User 6, Acc 5 Balance 4183.000000, Withdraw 50.000000 
User 4, Acc 9 Balance 37596.000000, Withdraw 50.000000 
User 3, Acc 8 Balance 4249.000000, Deposit 619.000000 
User 1, Acc 6 Balance 11668.000000, Deposit 953.000000 
User 2, Acc 4 Balance 960.000000, Deposit 647.000000 
User 1, Acc 7 Balance 75449.000000, Deposit 967.000000 
User 1, Acc 1 Balance 2049.000000, Transfer 19.000000 to Acc 7
User 5, Acc 7 Balance 75449.000000, Withdraw 1593.000000 
User 6, Acc 6 Balance 11701.000000, Withdraw 50.000000 
User 4, Acc 0 Balance 814.000000, Withdraw 50.000000 
User 3, Acc 8 Balance 4818.000000, Transfer 619.000000 to Acc 2
User 4, Acc 9 Balance 37546.000000, Deposit 617.000000 
User 3, Acc 7 Balance 74842.000000, Deposit 631.000000 
User 2, Acc 4 Balance 1554.000000, Transfer 1200.000000 to Acc 7
User 1, Acc 2 Balance 635.000000, Transfer 23.000000 to Acc 7
User 6, Acc 7 Balance 74842.000000, Withdraw 50.000000 
User 0, Acc 7 Balance 75449.000000, Deposit 631.000000 
User 4, Acc 9 Balance 38163.000000, Transfer 617.000000 to Acc 1
User 0, Acc 7 Balance 77277.000000, Transfer 631.000000 to Acc 3
User 3, Acc 7 Balance 75473.000000, Transfer 631.000000 to Acc 3
User 2, Acc 3 Balance -31.000000, Deposit 653.000000 
User 2, Acc 3 Balance 1884.000000, Transfer 1200.000000 to Acc 8
User 2, Acc 2 Balance 1231.000000, Deposit 659.000000 
User 2, Acc 2 Balance 1890.000000, Transfer 1200.000000 to Acc 9
User 2, Acc 1 Balance 2647.000000, Deposit 661.000000 
User 2, Acc 1 Balance 3308.000000, Transfer 1200.000000 to Acc 9
User 2, Acc 0 Balance 764.000000, Deposit 673.000000 
User 2, Acc 0 Balance 1437.000000, Transfer 1200.000000 to Acc 9
User 2, Acc 1 Balance 2108.000000, Withdraw 50.000000 
User 2, Acc 2 Balance 690.000000, Withdraw 50.000000 
User 2, Acc 3 Balance 684.000000, Withdraw 50.000000 
User 2, Acc 4 Balance 354.000000, Withdraw 50.000000 
User 2, Acc 5 Balance 3629.000000, Withdraw 50.000000 
User 2, Acc 6 Balance 12604.000000, Withdraw 50.000000 
User 2, Acc 7 Balance 76015.000000, Withdraw 50.000000 
User 2, Acc 8 Balance 5399.000000, Withdraw 50.000000 
User 2, Acc 9 Balance 41146.000000, Withdraw 50.000000 
User 2, Acc 0 Balance 237.000000, Withdraw 50.000000 
User 2, Acc 9 Balance 41096.000000, Deposit 617.000000 
User 2, Acc 9 Balance 41713.000000, Transfer 617.000000 to Acc 1
User 2, Acc 8 Balance 5349.000000, Deposit 619.000000 
User 2, Acc 8 Balance 5968.000000, Transfer 619.000000 to Acc 2
User 2, Acc 7 Balance 75965.000000, Deposit 631.000000 
User 2, Acc 7 Balance 76596.000000, Transfer 631.000000 to Acc 3
User 2, Acc 6 Balance 12554.000000, Deposit 641.000000 
User 2, Acc 6 Balance 13195.000000, Transfer 641.000000 to Acc 4
User 2, Acc 5 Balance 3579.000000, Deposit 643.000000 
User 2, Acc 5 Balance 4222.000000, Transfer 1200.000000 to Acc 6
User 2, Acc 4 Balance 945.000000, Deposit 647.000000 
User 2, Acc 4 Balance 1592.000000, Transfer 1200.000000 to Acc 7
User 2, Acc 3 Balance 1265.000000, Deposit 653.000000 
User 2, Acc 3 Balance 1918.000000, Transfer 1200.000000 to Acc 8
User 2, Acc 2 Balance 1259.000000, Deposit 659.000000 
User 2, Acc 2 Balance 1918.000000, Transfer 1200.000000 to Acc 9
User 2, Acc 1 Balance 2675.000000, Deposit 661.000000 
User 2, Acc 1 Balance 3336.000000, Transfer 1200.000000 to Acc 9
User 2, Acc 0 Balance 187.000000, Deposit 673.000000 
User 2, Acc 0 Balance 860.000000, Deposit 907.000000 
User 2, Acc 1 Balance 2136.000000, Deposit 911.000000 
User 2, Acc 2 Balance 718.000000, Deposit 919.000000 
User 2, Acc 3 Balance 718.000000, Deposit 929.000000 
User 2, Acc 4 Balance 392.000000, Deposit 937.000000 
User 2, Acc 5 Balance 3022.000000, Deposit 941.000000 
User 2, Acc 6 Balance 13754.000000, Deposit 953.000000 
User 2, Acc 7 Balance 77165.000000, Deposit 967.000000 
User 2, Acc 1 Balance 3047.000000, Transfer 19.000000 to Acc 7
User 2, Acc 2 Balance 1637.000000, Transfer 23.000000 to Acc 7
User 2, Acc 3 Balance 1647.000000, Transfer 29.000000 to Acc 7
User 2, Acc 7 Balance 78203.000000, Transfer 31.000000 to Acc 6
User 2, Acc 7 Balance 78172.000000, Transfer 37.000000 to Acc 5
User 2, Acc 7 Balance 78135.000000, Transfer 3.000000 to Acc 4
User 2, Acc 7 Balance 78132.000000, Transfer 5.000000 to Acc 4
User 2, Acc 6 Balance 14738.000000, Transfer 67.000000 to Acc 5
User 2, Acc 4 Balance 1337.000000, Transfer 53.000000 to Acc 5
User 2, Acc 1 Balance 3028.000000, Transfer 89.000000 to Acc 8
User 2, Acc 1 Balance 2939.000000, Transfer 163.000000 to Acc 9
User 2, Acc 1 Balance 2776.000000, Withdraw 41.000000 
User 2, Acc 2 Balance 1614.000000, Withdraw 71.000000 
User 2, Acc 3 Balance 1618.000000, Withdraw 127.000000 
User 2, Acc 4 Balance 1284.000000, Withdraw 167.000000 
User 2, Acc 5 Balance 4120.000000, Withdraw 307.000000 
User 2, Acc 6 Balance 14671.000000, Withdraw 647.000000 
User 2, Acc 7 Balance 78127.000000, Withdraw 593.000000 
User 2, Acc 8 Balance 6638.000000, Withdraw 449.000000 
User 2, Acc 9 Balance 43659.000000, Withdraw 163.000000 
User 2, Acc 0 Balance 1767.000000, Deposit 907.000000 
User 2, Acc 1 Balance 2735.000000, Deposit 911.000000 
User 2, Acc 2 Balance 1543.000000, Deposit 919.000000 
User 2, Acc 3 Balance 1491.000000, Deposit 929.000000 
User 2, Acc 4 Balance 1117.000000, Deposit 937.000000 
User 2, Acc 5 Balance 3813.000000, Deposit 941.000000 
User 2, Acc 6 Balance 14024.000000, Deposit 953.000000 
User 1, Acc 6 Balance 12604.000000, Transfer 1167.000000 to Acc 5
User 1, Acc 4 Balance 2054.000000, Transfer 53.000000 to Acc 5
User 1, Acc 7 Balance 77534.000000, Withdraw 1593.000000 
User 1, Acc 8 Balance 6189.000000, Withdraw 449.000000 
User 4, Acc 8 Balance 4199.000000, Deposit 619.000000 
User 1, Acc 9 Balance 43496.000000, Withdraw 163.000000 
User 4, Acc 8 Balance 6359.000000, Transfer 619.000000 to Acc 2
User 1, Acc 9 Balance 43333.000000, Deposit 617.000000 
User 3, Acc 6 Balance 12604.000000, Deposit 641.000000 
User 2, Acc 7 Balance 77534.000000, Deposit 967.000000 
User 3, Acc 6 Balance 14451.000000, Transfer 641.000000 to Acc 4
User 2, Acc 1 Balance 3646.000000, Transfer 19.000000 to Acc 7
User 3, Acc 5 Balance 5974.000000, Deposit 643.000000 
User 5, Acc 8 Balance 4818.000000, Withdraw 449.000000 
User 3, Acc 5 Balance 6617.000000, Transfer 1200.000000 to Acc 6
User 5, Acc 9 Balance 43950.000000, Withdraw 163.000000 
User 3, Acc 4 Balance 2642.000000, Deposit 647.000000 
User 3, Acc 4 Balance 3289.000000, Transfer 1200.000000 to Acc 7
User 2, Acc 2 Balance 3081.000000, Transfer 23.000000 to Acc 7
User 3, Acc 3 Balance 2420.000000, Deposit 653.000000 
User 1, Acc 9 Balance 43950.000000, Transfer 617.000000 to Acc 1
User 6, Acc 8 Balance 4199.000000, Withdraw 50.000000 
User 1, Acc 8 Balance 5291.000000, Deposit 619.000000 
User 1, Acc 8 Balance 5910.000000, Transfer 619.000000 to Acc 2
User 6, Acc 9 Balance 43170.000000, Withdraw 50.000000 
User 2, Acc 3 Balance 2420.000000, Transfer 29.000000 to Acc 7
User 6, Acc 0 Balance 2674.000000, Withdraw 50.000000 
User 4, Acc 7 Balance 75941.000000, Deposit 631.000000 
User 3, Acc 3 Balance 3073.000000, Transfer 1200.000000 to Acc 8
User 4, Acc 7 Balance 78810.000000, Transfer 631.000000 to Acc 3
User 4, Acc 6 Balance 15010.000000, Deposit 641.000000 
User 5, Acc 0 Balance 2674.000000, Deposit 907.000000 
User 1, Acc 7 Balance 78150.000000, Deposit 631.000000 
User 5, Acc 1 Balance 4244.000000, Deposit 911.000000 
User 1, Acc 7 Balance 78810.000000, Transfer 631.000000 to Acc 3
User 5, Acc 2 Balance 3677.000000, Deposit 919.000000 
User 1, Acc 6 Balance 15651.000000, Deposit 641.000000 
User 3, Acc 2 Balance 3677.000000, Deposit 659.000000 
User 4, Acc 6 Balance 15651.000000, Transfer 641.000000 to Acc 4
User 3, Acc 2 Balance 5255.000000, Transfer 1200.000000 to Acc 9
User 4, Acc 5 Balance 5417.000000, Deposit 643.000000 
User 0, Acc 6 Balance 12604.000000, Deposit 641.000000 
User 5, Acc 3 Balance 3106.000000, Deposit 929.000000 
User 1, Acc 6 Balance 16292.000000, Transfer 641.000000 to Acc 4
User 5, Acc 4 Balance 2730.000000, Deposit 937.000000 
User 1, Acc 5 Balance 6060.000000, Deposit 643.000000 
User 4, Acc 5 Balance 6060.000000, Transfer 1200.000000 to Acc 6
User 3, Acc 1 Balance 5155.000000, Deposit 661.000000 
User 4, Acc 4 Balance 4308.000000, Deposit 647.000000 
User 0, Acc 6 Balance 16292.000000, Transfer 641.000000 to Acc 4
User 5, Acc 5 Balance 6060.000000, Deposit 941.000000 
User 0, Acc 5 Balance 5503.000000, Deposit 643.000000 
User 5, Acc 6 Balance 16210.000000, Deposit 953.000000 
User 1, Acc 5 Balance 6703.000000, Transfer 1200.000000 to Acc 6
User 5, Acc 7 Balance 78179.000000, Deposit 967.000000 
User 4, Acc 4 Balance 4955.000000, Transfer 1200.000000 to Acc 7
User 2, Acc 7 Balance 78179.000000, Transfer 31.000000 to Acc 6
User 0, Acc 5 Balance 7087.000000, Transfer 1200.000000 to Acc 6
User 3, Acc 1 Balance 5816.000000, Transfer 1200.000000 to Acc 9
User 1, Acc 4 Balance 5596.000000, Deposit 647.000000 
User 6, Acc 1 Balance 4244.000000, Withdraw 500.000000 
User 5, Acc 1 Balance 5816.000000, Transfer 19.000000 to Acc 7
User 4, Acc 3 Balance 4035.000000, Deposit 653.000000 
User 2, Acc 7 Balance 80315.000000, Transfer 37.000000 to Acc 5
User 4, Acc 3 Balance 4688.000000, Transfer 1200.000000 to Acc 8
User 2, Acc 7 Balance 80297.000000, Transfer 3.000000 to Acc 4
User 2, Acc 7 Balance 80294.000000, Transfer 5.000000 to Acc 4
User 1, Acc 4 Balance 5043.000000, Transfer 1200.000000 to Acc 7
User 1, Acc 3 Balance 3488.000000, Deposit 653.000000 
User 5, Acc 2 Balance 4055.000000, Transfer 23.000000 to Acc 7
User 0, Acc 4 Balance 4396.000000, Deposit 647.000000 
User 3, Acc 0 Balance 3531.000000, Deposit 673.000000 
User 4, Acc 2 Balance 4055.000000, Deposit 659.000000 
User 3, Acc 0 Balance 4204.000000, Transfer 1200.000000 to Acc 9
User 4, Acc 2 Balance 4691.000000, Transfer 1200.000000 to Acc 9
User 3, Acc 1 Balance 4097.000000, Withdraw 50.000000 
User 1, Acc 3 Balance 4141.000000, Transfer 1200.000000 to Acc 8
User 0, Acc 4 Balance 4498.000000, Transfer 1200.000000 to Acc 7
User 1, Acc 2 Balance 3491.000000, Deposit 659.000000 
User 0, Acc 3 Balance 2941.000000, Deposit 653.000000 
User 1, Acc 2 Balance 4150.000000, Transfer 1200.000000 to Acc 9
User 0, Acc 3 Balance 3594.000000, Transfer 1200.000000 to Acc 8
User 1, Acc 1 Balance 4047.000000, Deposit 661.000000 
User 5, Acc 3 Balance 4141.000000, Transfer 29.000000 to Acc 7
User 1, Acc 1 Balance 4708.000000, Transfer 1200.000000 to Acc 9
User 1, Acc 0 Balance 3004.000000, Deposit 673.000000 
User 4, Acc 1 Balance 4097.000000, Deposit 661.000000 
User 3, Acc 2 Balance 3491.000000, Withdraw 50.000000 
User 4, Acc 1 Balance 4169.000000, Transfer 1200.000000 to Acc 9
User 3, Acc 3 Balance 2365.000000, Withdraw 50.000000 
User 2, Acc 6 Balance 19594.000000, Transfer 67.000000 to Acc 5
User 6, Acc 2 Balance 4055.000000, Withdraw 500.000000 
User 2, Acc 4 Balance 3298.000000, Transfer 53.000000 to Acc 5
User 6, Acc 3 Balance 2315.000000, Withdraw 500.000000 
User 6, Acc 4 Balance 3298.000000, Withdraw 500.000000 
User 0, Acc 2 Balance 2950.000000, Deposit 659.000000 
User 6, Acc 5 Balance 4844.000000, Withdraw 500.000000 
User 0, Acc 2 Balance 3059.000000, Transfer 1200.000000 to Acc 9
User 6, Acc 6 Balance 19527.000000, Withdraw 500.000000 
User 0, Acc 1 Balance 2969.000000, Deposit 661.000000 
User 6, Acc 7 Balance 82741.000000, Withdraw 500.000000 
User 0, Acc 1 Balance 3630.000000, Transfer 1200.000000 to Acc 9
User 6, Acc 8 Balance 10041.000000, Withdraw 500.000000 
User 0, Acc 0 Balance 3677.000000, Deposit 673.000000 
User 6, Acc 9 Balance 53920.000000, Withdraw 500.000000 
User 0, Acc 0 Balance 4350.000000, Transfer 1200.000000 to Acc 9
User 6, Acc 0 Balance 4350.000000, Withdraw 500.000000 
User 0, Acc 1 Balance 2430.000000, Withdraw 500.000000 
User 6, Acc 1 Balance 2430.000000, Withdraw 500.000000 
User 0, Acc 2 Balance 1859.000000, Withdraw 500.000000 
User 6, Acc 2 Balance 1859.000000, Withdraw 500.000000 
User 1, Acc 0 Balance 3677.000000, Transfer 1200.000000 to Acc 9
User 3, Acc 4 Balance 3298.000000, Withdraw 50.000000 
User 4, Acc 0 Balance 3677.000000, Deposit 673.000000 
User 2, Acc 1 Balance 2969.000000, Transfer 89.000000 to Acc 8
User 4, Acc 0 Balance 2123.000000, Transfer 1200.000000 to Acc 9
User 0, Acc 3 Balance 1815.000000, Withdraw 500.000000 
User 1, Acc 0 Balance 1450.000000, Deposit 907.000000 
User 0, Acc 4 Balance 2695.000000, Withdraw 500.000000 
User 1, Acc 1 Balance 1341.000000, Deposit 911.000000 
User 5, Acc 7 Balance 82741.000000, Transfer 31.000000 to Acc 6
User 6, Acc 3 Balance 1815.000000, Withdraw 500.000000 
User 4, Acc 1 Balance 1341.000000, Withdraw 500.000000 
User 3, Acc 5 Balance 4344.000000, Withdraw 50.000000 
User 0, Acc 5 Balance 4344.000000, Withdraw 500.000000 
User 2, Acc 1 Balance 1341.000000, Transfer 163.000000 to Acc 9
User 1, Acc 2 Balance 859.000000, Deposit 919.000000 
User 5, Acc 7 Balance 82210.000000, Transfer 37.000000 to Acc 5
User 1, Acc 3 Balance 815.000000, Deposit 929.000000 
User 5, Acc 7 Balance 82173.000000, Transfer 3.000000 to Acc 4
User 5, Acc 7 Balance 82170.000000, Transfer 5.000000 to Acc 4
User 4, Acc 2 Balance 859.000000, Withdraw 500.000000 
User 5, Acc 6 Balance 19058.000000, Transfer 67.000000 to Acc 5
User 4, Acc 3 Balance 1744.000000, Withdraw 500.000000 
User 5, Acc 4 Balance 2203.000000, Transfer 53.000000 to Acc 5
User 4, Acc 4 Balance 2203.000000, Withdraw 500.000000 
User 1, Acc 4 Balance 2198.000000, Deposit 937.000000 
User 4, Acc 5 Balance 3951.000000, Withdraw 500.000000 
User 4, Acc 6 Balance 18991.000000, Withdraw 500.000000 
User 6, Acc 4 Balance 2195.000000, Withdraw 500.000000 
User 6, Acc 5 Balance 3451.000000, Withdraw 500.000000 
User 6, Acc 6 Balance 18491.000000, Withdraw 500.000000 
User 6, Acc 7 Balance 82165.000000, Withdraw 500.000000 
User 6, Acc 8 Balance 9630.000000, Withdraw 500.000000 
User 6, Acc 9 Balance 57183.000000, Withdraw 500.000000 
User 0, Acc 6 Balance 19058.000000, Withdraw 500.000000 
User 6, Acc 0 Balance 1830.000000, Withdraw 500.000000 
User 0, Acc 7 Balance 81665.000000, Withdraw 500.000000 
User 6, Acc 1 Balance 1589.000000, Withdraw 500.000000 
User 4, Acc 7 Balance 82165.000000, Withdraw 500.000000 
User 5, Acc 1 Balance 1589.000000, Transfer 89.000000 to Acc 8
User 3, Acc 6 Balance 19058.000000, Withdraw 50.000000 
User 5, Acc 1 Balance 1000.000000, Transfer 163.000000 to Acc 9
User 3, Acc 7 Balance 80665.000000, Withdraw 50.000000 
User 5, Acc 1 Balance 837.000000, Withdraw 41.000000 
User 5, Acc 2 Balance 1278.000000, Withdraw 71.000000 
User 4, Acc 8 Balance 9130.000000, Withdraw 500.000000 
User 5, Acc 3 Balance 1244.000000, Withdraw 127.000000 
User 5, Acc 4 Balance 2087.000000, Withdraw 167.000000 
User 2, Acc 1 Balance 1589.000000, Withdraw 41.000000 
User 5, Acc 5 Balance 2951.000000, Withdraw 307.000000 
User 0, Acc 8 Balance 9130.000000, Withdraw 500.000000 
User 5, Acc 6 Balance 17441.000000, Withdraw 647.000000 
User 6, Acc 2 Balance 1278.000000, Withdraw 500.000000 
User 5, Acc 7 Balance 80615.000000, Withdraw 593.000000 
User 5, Acc 8 Balance 8219.000000, Withdraw 449.000000 
User 2, Acc 2 Balance 1207.000000, Withdraw 71.000000 
User 3, Acc 8 Balance 9219.000000, Withdraw 50.000000 
User 0, Acc 9 Balance 56846.000000, Withdraw 500.000000 
User 3, Acc 9 Balance 56846.000000, Withdraw 50.000000 
User 3, Acc 0 Balance 1330.000000, Withdraw 50.000000 
User 0, Acc 0 Balance 1330.000000, Withdraw 500.000000 
User 1, Acc 5 Balance 3951.000000, Deposit 941.000000 
User 6, Acc 3 Balance 1117.000000, Withdraw 500.000000 
User 5, Acc 9 Balance 56846.000000, Withdraw 163.000000 
User 6, Acc 4 Balance 1920.000000, Withdraw 500.000000 
User 4, Acc 9 Balance 56846.000000, Withdraw 500.000000 
User 0, Acc 1 Balance 755.000000, Withdraw 500.000000 
User 1, Acc 6 Balance 16794.000000, Deposit 953.000000 
User 2, Acc 3 Balance 1117.000000, Withdraw 127.000000 
User 1, Acc 7 Balance 80022.000000, Deposit 967.000000 
User 1, Acc 1 Balance 255.000000, Transfer 19.000000 to Acc 7
User 3, Acc 1 Balance 755.000000, Withdraw 500.000000 
User 4, Acc 0 Balance 780.000000, Withdraw 500.000000 
User 0, Acc 2 Balance 636.000000, Withdraw 500.000000 
[22;32mUser 4, Acc 1 Balance -264.000000, 				Withdraw 500.000000 --insufficient funds[0m
User 4, Acc 2 Balance 636.000000, Withdraw 500.000000 
User 6, Acc 5 Balance 3585.000000, Withdraw 500.000000 
User 1, Acc 2 Balance 636.000000, Transfer 23.000000 to Acc 7
User 6, Acc 6 Balance 17747.000000, Withdraw 500.000000 
User 3, Acc 2 Balance 636.000000, Withdraw 500.000000 
User 2, Acc 4 Balance 1420.000000, Withdraw 167.000000 
[22;32mUser 3, Acc 3 Balance 490.000000, 				Withdraw 500.000000 --insufficient funds[0m
User 2, Acc 5 Balance 3085.000000, Withdraw 307.000000 
User 1, Acc 3 Balance 490.000000, Transfer 29.000000 to Acc 7
User 6, Acc 7 Balance 81031.000000, Withdraw 500.000000 
[22;32mUser 4, Acc 3 Balance 490.000000, 				Withdraw 500.000000 --insufficient funds[0m
User 6, Acc 8 Balance 7720.000000, Withdraw 500.000000 
User 4, Acc 4 Balance 1253.000000, Withdraw 500.000000 
User 6, Acc 9 Balance 55633.000000, Withdraw 500.000000 
User 1, Acc 7 Balance 81060.000000, Transfer 31.000000 to Acc 6
User 3, Acc 4 Balance 1253.000000, Withdraw 500.000000 
User 2, Acc 6 Balance 17247.000000, Withdraw 647.000000 
User 3, Acc 5 Balance 2778.000000, Withdraw 500.000000 
[22;32mUser 0, Acc 3 Balance 490.000000, 				Withdraw 500.000000 --insufficient funds[0m
[22;32mUser 6, Acc 0 Balance 280.000000, 				Withdraw 500.000000 --insufficient funds[0m
User 1, Acc 7 Balance 80529.000000, Transfer 37.000000 to Acc 5
User 1, Acc 7 Balance 80492.000000, Transfer 3.000000 to Acc 4
User 1, Acc 7 Balance 80489.000000, Transfer 5.000000 to Acc 4
User 1, Acc 6 Balance 16631.000000, Transfer 67.000000 to Acc 5
User 1, Acc 4 Balance 261.000000, Transfer 53.000000 to Acc 5
User 3, Acc 6 Balance 16631.000000, Withdraw 500.000000 
[22;32mUser 0, Acc 4 Balance 253.000000, 				Withdraw 500.000000 --insufficient funds[0m
User 4, Acc 5 Balance 2778.000000, Withdraw 500.000000 
User 0, Acc 5 Balance 2435.000000, Withdraw 500.000000 
User 4, Acc 6 Balance 16064.000000, Withdraw 500.000000 
User 0, Acc 6 Balance 16064.000000, Withdraw 500.000000 
User 0, Acc 7 Balance 80484.000000, Withdraw 500.000000 
User 2, Acc 7 Balance 80529.000000, Withdraw 593.000000 
User 0, Acc 8 Balance 7220.000000, Withdraw 500.000000 
[22;32mUser 1, Acc 1 Balance -264.000000, 				Withdraw 41.000000 --insufficient funds[0m
User 0, Acc 9 Balance 55133.000000, Withdraw 500.000000 
[22;32mUser 0, Acc 0 Balance 280.000000, 				Withdraw 500.000000 --insufficient funds[0m
User 2, Acc 8 Balance 7220.000000, Withdraw 449.000000 
[22;32mUser 0, Acc 1 Balance -264.000000, 				Withdraw 500.000000 --insufficient funds[0m
User 3, Acc 7 Balance 80484.000000, Withdraw 500.000000 
[22;32mUser 0, Acc 2 Balance -887.000000, 				Withdraw 500.000000 --insufficient funds[0m
[22;32mUser 0, Acc 3 Balance 461.000000, 				Withdraw 500.000000 --insufficient funds[0m
User 2, Acc 9 Balance 54633.000000, Withdraw 163.000000 
[22;32mUser 0, Acc 4 Balance 208.000000, 				Withdraw 500.000000 --insufficient funds[0m
User 4, Acc 7 Balance 80484.000000, Withdraw 500.000000 
User 3, Acc 8 Balance 6271.000000, Withdraw 500.000000 
[22;32mUser 1, Acc 2 Balance -887.000000, 				Withdraw 71.000000 --insufficient funds[0m
User 0, Acc 5 Balance 1435.000000, Withdraw 500.000000 
User 4, Acc 8 Balance 6271.000000, Withdraw 500.000000 
User 3, Acc 9 Balance 54470.000000, Withdraw 500.000000 
User 1, Acc 3 Balance 461.000000, Withdraw 127.000000 
User 0, Acc 6 Balance 15064.000000, Withdraw 500.000000 
User 4, Acc 9 Balance 54470.000000, Withdraw 500.000000 
User 0, Acc 7 Balance 78391.000000, Withdraw 500.000000 
[22;32mUser 3, Acc 0 Balance 280.000000, 				Withdraw 500.000000 --insufficient funds[0m
[22;32mUser 3, Acc 1 Balance -264.000000, 				Withdraw 500.000000 --insufficient funds[0m
[22;32mUser 3, Acc 2 Balance -887.000000, 				Withdraw 500.000000 --insufficient funds[0m
[22;32mUser 3, Acc 3 Balance 334.000000, 				Withdraw 500.000000 --insufficient funds[0m
[22;32mUser 3, Acc 4 Balance 208.000000, 				Withdraw 500.000000 --insufficient funds[0m
User 1, Acc 4 Balance 208.000000, Withdraw 167.000000 
User 3, Acc 5 Balance 935.000000, Withdraw 500.000000 
User 3, Acc 6 Balance 14564.000000, Withdraw 500.000000 
User 0, Acc 8 Balance 5271.000000, Withdraw 500.000000 
[22;32mUser 4, Acc 0 Balance 280.000000, 				Withdraw 500.000000 --insufficient funds[0m
User 1, Acc 5 Balance 435.000000, Withdraw 307.000000 
[22;32mUser 4, Acc 1 Balance -264.000000, 				Withdraw 500.000000 --insufficient funds[0m
User 1, Acc 6 Balance 14064.000000, Withdraw 647.000000 
User 0, Acc 9 Balance 53470.000000, Withdraw 500.000000 
[22;32mUser 0, Acc 0 Balance 280.000000, 				Withdraw 500.000000 --insufficient funds[0m
User 1, Acc 7 Balance 77891.000000, Withdraw 593.000000 
User 3, Acc 7 Balance 77891.000000, Withdraw 500.000000 
User 3, Acc 8 Balance 4771.000000, Withdraw 500.000000 
User 1, Acc 8 Balance 4771.000000, Withdraw 449.000000 
[22;32mUser 4, Acc 2 Balance -887.000000, 				Withdraw 500.000000 --insufficient funds[0m
User 1, Acc 9 Balance 52970.000000, Withdraw 163.000000 
[22;32mUser 4, Acc 3 Balance 334.000000, 				Withdraw 500.000000 --insufficient funds[0m
[22;32mUser 4, Acc 4 Balance 41.000000, 				Withdraw 500.000000 --insufficient funds[0m
[22;32mUser 4, Acc 5 Balance 128.000000, 				Withdraw 500.000000 --insufficient funds[0m
User 4, Acc 6 Balance 13417.000000, Withdraw 500.000000 
User 3, Acc 9 Balance 52970.000000, Withdraw 500.000000 
[22;32mUser 3, Acc 0 Balance 280.000000, 				Withdraw 500.000000 --insufficient funds[0m
[22;32mUser 3, Acc 1 Balance -264.000000, 				Withdraw 500.000000 --insufficient funds[0m
User 4, Acc 7 Balance 76798.000000, Withdraw 500.000000 
User 4, Acc 8 Balance 3822.000000, Withdraw 500.000000 
[22;32mUser 3, Acc 2 Balance -887.000000, 				Withdraw 500.000000 --insufficient funds[0m
[22;32mUser 3, Acc 3 Balance 334.000000, 				Withdraw 500.000000 --insufficient funds[0m
[22;32mUser 3, Acc 4 Balance 41.000000, 				Withdraw 500.000000 --insufficient funds[0m
[22;32mUser 3, Acc 5 Balance 128.000000, 				Withdraw 500.000000 --insufficient funds[0m
User 3, Acc 6 Balance 12917.000000, Withdraw 500.000000 
User 3, Acc 7 Balance 76298.000000, Withdraw 500.000000 
User 3, Acc 8 Balance 3322.000000, Withdraw 500.000000 
User 4, Acc 9 Balance 52307.000000, Withdraw 500.000000 
[22;32mUser 4, Acc 0 Balance 280.000000, 				Withdraw 500.000000 --insufficient funds[0m
User 3, Acc 9 Balance 52307.000000, Withdraw 500.000000 
[22;32mUser 3, Acc 0 Balance 280.000000, 				Withdraw 500.000000 --insufficient funds[0m
  ***     End of transaction batch    ***  
Account 0 balance after completion of transaction batch: 280.000000
Account 1 balance after completion of transaction batch: -264.000000
Account 2 balance after completion of transaction batch: -887.000000
Account 3 balance after completion of transaction batch: 334.000000
Account 4 balance after completion of transaction batch: 41.000000
Account 5 balance after completion of transaction batch: 128.000000
Account 6 balance after completion of transaction batch: 12417.000000
Account 7 balance after completion of transaction batch: 75798.000000
Account 8 balance after completion of transaction batch: 2822.000000
Account 9 balance after completion of transaction batch: 51307.000000
