# Output generated by:
# ./my_executable 7 data/transactions7.txt data/transactions11.txt data/transactions6.txt data/transactions3.txt data/transactions4.txt data/transactions10.txt data/transactions5.txt

********************************************
   Reading and parsing a transaction file   
********************************************
Parsed transaction: deposit 7 9929.000000 
Loaded deposit transaction
Parsed transaction: deposit 4 937.000000 
Loaded deposit transaction
Parsed transaction: deposit 5 941.000000 
Loaded deposit transaction
Parsed transaction: deposit 0 7.000000 
Loaded deposit transaction
Parsed transaction: deposit 3 29.000000 
Loaded deposit transaction
Parsed transaction: deposit 7 9.000000 
Loaded deposit transaction
Parsed transaction: deposit 9 129.000000 
Loaded deposit transaction
Parsed transaction: transfer 3 7 29.000000 
Loaded transfer transaction
Parsed transaction: transfer 7 6 31.000000 
Loaded transfer transaction
Parsed transaction: transfer 7 5 137.000000 
Loaded transfer transaction
Parsed transaction: transfer 7 4 3.000000 
Loaded transfer transaction
Parsed transaction: transfer 7 4 5.000000 
Loaded transfer transaction
Parsed transaction: withdraw 4 1167.000000 
Loaded withdrawal transaction
Parsed transaction: withdraw 5 1307.000000 
Loaded withdrawal transaction
Parsed transaction: transfer 1 8 89.000000 
Loaded transfer transaction
Parsed transaction: transfer 1 9 163.000000 
Loaded transfer transaction
Parsed transaction: withdraw 1 41.000000 
Loaded withdrawal transaction
Parsed transaction: withdraw 2 71.000000 
Loaded withdrawal transaction
Parsed transaction: withdraw 3 1127.000000 
Loaded withdrawal transaction
Parsed transaction: withdraw 6 647.000000 
Loaded withdrawal transaction
Parsed transaction: deposit 6 1953.000000 
Loaded deposit transaction
Parsed transaction: deposit 7 967.000000 
Loaded deposit transaction
Parsed transaction: transfer 1 7 19.000000 
Loaded transfer transaction
Parsed transaction: transfer 2 7 23.000000 
Loaded transfer transaction
Parsed transaction: transfer 6 5 1167.000000 
Loaded transfer transaction
Parsed transaction: transfer 4 5 53.000000 
Loaded transfer transaction
Parsed transaction: withdraw 7 1593.000000 
Loaded withdrawal transaction
Parsed transaction: withdraw 8 449.000000 
Loaded withdrawal transaction
Parsed transaction: withdraw 9 163.000000 
Loaded withdrawal transaction
********************************************
********************************************
   Reading and parsing a transaction file   
********************************************
Parsed transaction: deposit 9 617.000000 
Loaded deposit transaction
Parsed transaction: transfer 9 9 617.000000 
Loaded transfer transaction
Parsed transaction: deposit 8 619.000000 
Loaded deposit transaction
Parsed transaction: transfer 8 2 619.000000 
Loaded transfer transaction
Parsed transaction: deposit 7 631.000000 
Loaded deposit transaction
Parsed transaction: transfer 7 3 631.000000 
Loaded transfer transaction
Parsed transaction: deposit 6 641.000000 
Loaded deposit transaction
Parsed transaction: transfer 6 4 641.000000 
Loaded transfer transaction
Parsed transaction: deposit 5 643.000000 
Loaded deposit transaction
Parsed transaction: transfer 5 6 1200.000000 
Loaded transfer transaction
Parsed transaction: deposit 4 647.000000 
Loaded deposit transaction
Parsed transaction: transfer 4 7 1200.000000 
Loaded transfer transaction
Parsed transaction: deposit 3 653.000000 
Loaded deposit transaction
Parsed transaction: transfer 3 8 1200.000000 
Loaded transfer transaction
Parsed transaction: deposit 2 659.000000 
Loaded deposit transaction
Parsed transaction: transfer 2 9 1200.000000 
Loaded transfer transaction
Parsed transaction: deposit 1 661.000000 
Loaded deposit transaction
Parsed transaction: transfer 1 9 1200.000000 
Loaded transfer transaction
Parsed transaction: deposit 0 673.000000 
Loaded deposit transaction
Parsed transaction: transfer 0 9 1200.000000 
Loaded transfer transaction
Parsed transaction: withdraw 1 50.000000 
Loaded withdrawal transaction
Parsed transaction: withdraw 2 50.000000 
Loaded withdrawal transaction
Parsed transaction: withdraw 3 50.000000 
Loaded withdrawal transaction
Parsed transaction: withdraw 4 50.000000 
Loaded withdrawal transaction
Parsed transaction: withdraw 5 50.000000 
Loaded withdrawal transaction
Parsed transaction: withdraw 6 50.000000 
Loaded withdrawal transaction
Parsed transaction: withdraw 7 50.000000 
Loaded withdrawal transaction
Parsed transaction: withdraw 8 50.000000 
Loaded withdrawal transaction
Parsed transaction: withdraw 9 50.000000 
Loaded withdrawal transaction
Parsed transaction: withdraw 0 50.000000 
Loaded withdrawal transaction
********************************************
********************************************
   Reading and parsing a transaction file   
********************************************
Parsed transaction: deposit 0 7.000000 
Loaded deposit transaction
Parsed transaction: deposit 1 11.000000 
Loaded deposit transaction
Parsed transaction: deposit 2 9.000000 
Loaded deposit transaction
Parsed transaction: transfer 3 7 29.000000 
Loaded transfer transaction
Parsed transaction: transfer 7 6 31.000000 
Loaded transfer transaction
Parsed transaction: transfer 7 5 137.000000 
Loaded transfer transaction
Parsed transaction: transfer 7 4 3.000000 
Loaded transfer transaction
Parsed transaction: transfer 7 4 5.000000 
Loaded transfer transaction
Parsed transaction: deposit 3 929.000000 
Loaded deposit transaction
Parsed transaction: deposit 4 937.000000 
Loaded deposit transaction
Parsed transaction: deposit 5 941.000000 
Loaded deposit transaction
Parsed transaction: withdraw 4 1167.000000 
Loaded withdrawal transaction
Parsed transaction: withdraw 5 1307.000000 
Loaded withdrawal transaction
Parsed transaction: transfer 1 8 89.000000 
Loaded transfer transaction
Parsed transaction: transfer 1 9 163.000000 
Loaded transfer transaction
Parsed transaction: withdraw 1 41.000000 
Loaded withdrawal transaction
Parsed transaction: withdraw 2 71.000000 
Loaded withdrawal transaction
Parsed transaction: withdraw 3 1127.000000 
Loaded withdrawal transaction
Parsed transaction: withdraw 6 647.000000 
Loaded withdrawal transaction
Parsed transaction: deposit 6 953.000000 
Loaded deposit transaction
Parsed transaction: deposit 7 967.000000 
Loaded deposit transaction
Parsed transaction: transfer 1 7 19.000000 
Loaded transfer transaction
Parsed transaction: transfer 2 7 23.000000 
Loaded transfer transaction
Parsed transaction: transfer 6 5 1167.000000 
Loaded transfer transaction
Parsed transaction: transfer 4 5 53.000000 
Loaded transfer transaction
Parsed transaction: withdraw 7 1593.000000 
Loaded withdrawal transaction
Parsed transaction: withdraw 8 449.000000 
Loaded withdrawal transaction
Parsed transaction: withdraw 9 163.000000 
Loaded withdrawal transaction
********************************************
********************************************
   Reading and parsing a transaction file   
********************************************
Parsed transaction: deposit 0 400.000000 
Loaded deposit transaction
Parsed transaction: withdraw 0 200.000000 
Loaded withdrawal transaction
Parsed transaction: deposit 1 100.000000 
Loaded deposit transaction
Parsed transaction: deposit 2 900.000000 
Loaded deposit transaction
Parsed transaction: withdraw 1 50.000000 
Loaded withdrawal transaction
Parsed transaction: withdraw 2 150.000000 
Loaded withdrawal transaction
Parsed transaction: deposit 3 500.000000 
Loaded deposit transaction
Parsed transaction: transfer 2 1 300.000000 
Loaded transfer transaction
Parsed transaction: transfer 3 1 300.000000 
Loaded transfer transaction
Parsed transaction: deposit 0 400.000000 
Loaded deposit transaction
Parsed transaction: withdraw 3 200.000000 
Loaded withdrawal transaction
Parsed transaction: balance 1 
Loaded balance transaction
********************************************
********************************************
   Reading and parsing a transaction file   
********************************************
Parsed transaction: deposit 0 907.000000 
Loaded deposit transaction
Parsed transaction: deposit 1 911.000000 
Loaded deposit transaction
Parsed transaction: deposit 2 919.000000 
Loaded deposit transaction
Parsed transaction: deposit 3 929.000000 
Loaded deposit transaction
Parsed transaction: deposit 4 937.000000 
Loaded deposit transaction
Parsed transaction: deposit 5 941.000000 
Loaded deposit transaction
Parsed transaction: deposit 6 953.000000 
Loaded deposit transaction
Parsed transaction: deposit 7 967.000000 
Loaded deposit transaction
Parsed transaction: transfer 1 7 19.000000 
Loaded transfer transaction
Parsed transaction: transfer 2 7 23.000000 
Loaded transfer transaction
Parsed transaction: transfer 3 7 29.000000 
Loaded transfer transaction
Parsed transaction: transfer 7 6 31.000000 
Loaded transfer transaction
Parsed transaction: transfer 7 5 37.000000 
Loaded transfer transaction
Parsed transaction: transfer 7 4 3.000000 
Loaded transfer transaction
Parsed transaction: transfer 7 4 5.000000 
Loaded transfer transaction
Parsed transaction: transfer 6 5 67.000000 
Loaded transfer transaction
Parsed transaction: transfer 4 5 53.000000 
Loaded transfer transaction
Parsed transaction: transfer 1 8 89.000000 
Loaded transfer transaction
Parsed transaction: transfer 1 9 163.000000 
Loaded transfer transaction
Parsed transaction: withdraw 1 41.000000 
Loaded withdrawal transaction
Parsed transaction: withdraw 2 71.000000 
Loaded withdrawal transaction
Parsed transaction: withdraw 3 127.000000 
Loaded withdrawal transaction
Parsed transaction: withdraw 4 167.000000 
Loaded withdrawal transaction
Parsed transaction: withdraw 5 307.000000 
Loaded withdrawal transaction
Parsed transaction: withdraw 6 647.000000 
Loaded withdrawal transaction
Parsed transaction: withdraw 7 593.000000 
Loaded withdrawal transaction
Parsed transaction: withdraw 8 449.000000 
Loaded withdrawal transaction
Parsed transaction: withdraw 9 163.000000 
Loaded withdrawal transaction
********************************************
********************************************
   Reading and parsing a transaction file   
********************************************
Parsed transaction: withdraw 1 500.000000 
Loaded withdrawal transaction
Parsed transaction: withdraw 2 500.000000 
Loaded withdrawal transaction
Parsed transaction: withdraw 3 500.000000 
Loaded withdrawal transaction
Parsed transaction: withdraw 4 500.000000 
Loaded withdrawal transaction
Parsed transaction: withdraw 5 500.000000 
Loaded withdrawal transaction
Parsed transaction: withdraw 6 500.000000 
Loaded withdrawal transaction
Parsed transaction: withdraw 7 500.000000 
Loaded withdrawal transaction
Parsed transaction: withdraw 8 500.000000 
Loaded withdrawal transaction
Parsed transaction: withdraw 9 500.000000 
Loaded withdrawal transaction
Parsed transaction: withdraw 0 500.000000 
Loaded withdrawal transaction
Parsed transaction: withdraw 1 500.000000 
Loaded withdrawal transaction
Parsed transaction: withdraw 2 500.000000 
Loaded withdrawal transaction
Parsed transaction: withdraw 3 500.000000 
Loaded withdrawal transaction
Parsed transaction: withdraw 4 500.000000 
Loaded withdrawal transaction
Parsed transaction: withdraw 5 500.000000 
Loaded withdrawal transaction
Parsed transaction: withdraw 6 500.000000 
Loaded withdrawal transaction
Parsed transaction: withdraw 7 500.000000 
Loaded withdrawal transaction
Parsed transaction: withdraw 8 500.000000 
Loaded withdrawal transaction
Parsed transaction: withdraw 9 500.000000 
Loaded withdrawal transaction
Parsed transaction: withdraw 0 500.000000 
Loaded withdrawal transaction
Parsed transaction: withdraw 1 500.000000 
Loaded withdrawal transaction
Parsed transaction: withdraw 2 500.000000 
Loaded withdrawal transaction
Parsed transaction: withdraw 3 500.000000 
Loaded withdrawal transaction
Parsed transaction: withdraw 4 500.000000 
Loaded withdrawal transaction
Parsed transaction: withdraw 5 500.000000 
Loaded withdrawal transaction
Parsed transaction: withdraw 6 500.000000 
Loaded withdrawal transaction
Parsed transaction: withdraw 7 500.000000 
Loaded withdrawal transaction
Parsed transaction: withdraw 8 500.000000 
Loaded withdrawal transaction
Parsed transaction: withdraw 9 500.000000 
Loaded withdrawal transaction
Parsed transaction: withdraw 0 500.000000 
Loaded withdrawal transaction
********************************************
********************************************
   Reading and parsing a transaction file   
********************************************
Parsed transaction: deposit 0 907.000000 
Loaded deposit transaction
Parsed transaction: deposit 1 911.000000 
Loaded deposit transaction
Parsed transaction: deposit 2 919.000000 
Loaded deposit transaction
Parsed transaction: transfer 3 7 29.000000 
Loaded transfer transaction
Parsed transaction: transfer 7 6 31.000000 
Loaded transfer transaction
Parsed transaction: transfer 7 5 37.000000 
Loaded transfer transaction
Parsed transaction: transfer 7 4 3.000000 
Loaded transfer transaction
Parsed transaction: transfer 7 4 5.000000 
Loaded transfer transaction
Parsed transaction: deposit 3 929.000000 
Loaded deposit transaction
Parsed transaction: deposit 4 937.000000 
Loaded deposit transaction
Parsed transaction: deposit 5 941.000000 
Loaded deposit transaction
Parsed transaction: withdraw 4 167.000000 
Loaded withdrawal transaction
Parsed transaction: withdraw 5 307.000000 
Loaded withdrawal transaction
Parsed transaction: transfer 1 8 89.000000 
Loaded transfer transaction
Parsed transaction: transfer 1 9 163.000000 
Loaded transfer transaction
Parsed transaction: withdraw 1 41.000000 
Loaded withdrawal transaction
Parsed transaction: withdraw 2 71.000000 
Loaded withdrawal transaction
Parsed transaction: withdraw 3 127.000000 
Loaded withdrawal transaction
Parsed transaction: withdraw 6 647.000000 
Loaded withdrawal transaction
Parsed transaction: deposit 6 953.000000 
Loaded deposit transaction
Parsed transaction: deposit 7 967.000000 
Loaded deposit transaction
Parsed transaction: transfer 1 7 19.000000 
Loaded transfer transaction
Parsed transaction: transfer 2 7 23.000000 
Loaded transfer transaction
Parsed transaction: transfer 6 5 67.000000 
Loaded transfer transaction
Parsed transaction: transfer 4 5 53.000000 
Loaded transfer transaction
Parsed transaction: withdraw 7 593.000000 
Loaded withdrawal transaction
Parsed transaction: withdraw 8 449.000000 
Loaded withdrawal transaction
Parsed transaction: withdraw 9 163.000000 
Loaded withdrawal transaction
********************************************
  ***    Start of transaction batch    ***  
User 0, Acc 7 Balance 0.000000, Deposit 9929.000000 
User 0, Acc 4 Balance 0.000000, Deposit 937.000000 
User 0, Acc 5 Balance 0.000000, Deposit 941.000000 
User 0, Acc 0 Balance 0.000000, Deposit 7.000000 
User 0, Acc 3 Balance 0.000000, Deposit 29.000000 
User 0, Acc 7 Balance 9929.000000, Deposit 9.000000 
User 0, Acc 9 Balance 0.000000, Deposit 129.000000 
User 0, Acc 3 Balance 29.000000, Transfer 29.000000 to Acc 7
User 0, Acc 7 Balance 9967.000000, Transfer 31.000000 to Acc 6
User 0, Acc 7 Balance 9936.000000, Transfer 137.000000 to Acc 5
User 0, Acc 7 Balance 9799.000000, Transfer 3.000000 to Acc 4
User 0, Acc 7 Balance 9796.000000, Transfer 5.000000 to Acc 4
[22;32mUser 0, Acc 4 Balance 945.000000, 				Withdraw 1167.000000 --insufficient funds[0m
[22;32mUser 0, Acc 5 Balance 1078.000000, 				Withdraw 1307.000000 --insufficient funds[0m
[22;32mUser 0, Acc 1 Balance 0.000000, 				Withdraw 41.000000 --insufficient funds[0m
[22;32mUser 0, Acc 2 Balance 0.000000, 				Withdraw 71.000000 --insufficient funds[0m
[22;32mUser 0, Acc 3 Balance 0.000000, 				Withdraw 1127.000000 --insufficient funds[0m
[22;32mUser 0, Acc 6 Balance 31.000000, 				Withdraw 647.000000 --insufficient funds[0m
User 0, Acc 6 Balance 31.000000, Deposit 1953.000000 
User 0, Acc 7 Balance 9791.000000, Deposit 967.000000 
User 0, Acc 6 Balance 1984.000000, Transfer 1167.000000 to Acc 5
User 0, Acc 4 Balance 945.000000, Transfer 53.000000 to Acc 5
User 0, Acc 7 Balance 10758.000000, Withdraw 1593.000000 
[22;32mUser 0, Acc 8 Balance 0.000000, 				Withdraw 449.000000 --insufficient funds[0m
[22;32mUser 0, Acc 9 Balance 129.000000, 				Withdraw 163.000000 --insufficient funds[0m
User 0, Acc 9 Balance 129.000000, Deposit 617.000000 
User 0, Acc 9 Balance 746.000000, Transfer 617.000000 to Acc 9
User 0, Acc 8 Balance 0.000000, Deposit 619.000000 
User 3, Acc 0 Balance 7.000000, Deposit 7.000000 
User 3, Acc 1 Balance 0.000000, Deposit 11.000000 
User 3, Acc 2 Balance 0.000000, Deposit 9.000000 
[22;32mUser 1, Acc 1 Balance 11.000000, 				Withdraw 500.000000 --insufficient funds[0m
User 0, Acc 8 Balance 619.000000, Transfer 619.000000 to Acc 2
User 6, Acc 0 Balance 14.000000, Deposit 907.000000 
User 2, Acc 0 Balance 14.000000, Deposit 400.000000 
User 6, Acc 1 Balance 11.000000, Deposit 911.000000 
User 4, Acc 7 Balance 9165.000000, Deposit 9929.000000 
User 6, Acc 2 Balance 628.000000, Deposit 919.000000 
User 4, Acc 4 Balance 892.000000, Deposit 937.000000 
User 4, Acc 5 Balance 2298.000000, Deposit 941.000000 
User 0, Acc 7 Balance 9165.000000, Deposit 631.000000 
User 2, Acc 0 Balance 1321.000000, Withdraw 200.000000 
User 0, Acc 7 Balance 19725.000000, Transfer 631.000000 to Acc 3
User 2, Acc 1 Balance 922.000000, Deposit 100.000000 
User 0, Acc 6 Balance 817.000000, Deposit 641.000000 
User 0, Acc 6 Balance 1458.000000, Transfer 641.000000 to Acc 4
User 5, Acc 0 Balance 14.000000, Deposit 907.000000 
User 4, Acc 0 Balance 1321.000000, Deposit 7.000000 
User 3, Acc 7 Balance 9165.000000, Transfer 31.000000 to Acc 6
[22;32mUser 1, Acc 2 Balance 9.000000, 				Withdraw 500.000000 --insufficient funds[0m
User 3, Acc 7 Balance 19063.000000, Transfer 137.000000 to Acc 5
User 1, Acc 3 Balance 631.000000, Withdraw 500.000000 
User 3, Acc 7 Balance 18926.000000, Transfer 3.000000 to Acc 4
User 0, Acc 5 Balance 3239.000000, Deposit 643.000000 
User 5, Acc 1 Balance 1022.000000, Deposit 911.000000 
User 4, Acc 3 Balance 631.000000, Deposit 29.000000 
User 6, Acc 3 Balance 0.000000, Deposit 929.000000 
User 1, Acc 4 Balance 2470.000000, Withdraw 500.000000 
User 6, Acc 4 Balance 2473.000000, Deposit 937.000000 
User 3, Acc 7 Balance 18923.000000, Transfer 5.000000 to Acc 4
User 6, Acc 5 Balance 4019.000000, Deposit 941.000000 
User 5, Acc 2 Balance 1547.000000, Deposit 919.000000 
User 6, Acc 6 Balance 848.000000, Deposit 953.000000 
User 5, Acc 3 Balance 1089.000000, Transfer 29.000000 to Acc 7
User 0, Acc 5 Balance 4019.000000, Transfer 1200.000000 to Acc 6
User 5, Acc 7 Balance 18947.000000, Transfer 31.000000 to Acc 6
User 0, Acc 4 Balance 2915.000000, Deposit 647.000000 
User 5, Acc 7 Balance 18916.000000, Transfer 37.000000 to Acc 5
User 5, Acc 7 Balance 18879.000000, Transfer 3.000000 to Acc 4
User 0, Acc 4 Balance 3562.000000, Transfer 1200.000000 to Acc 7
User 1, Acc 5 Balance 4019.000000, Withdraw 500.000000 
User 2, Acc 2 Balance 1547.000000, Deposit 900.000000 
User 1, Acc 6 Balance 3032.000000, Withdraw 500.000000 
User 2, Acc 1 Balance 1933.000000, Withdraw 50.000000 
User 1, Acc 7 Balance 20076.000000, Withdraw 500.000000 
User 6, Acc 7 Balance 18918.000000, Deposit 967.000000 
User 5, Acc 7 Balance 18876.000000, Transfer 5.000000 to Acc 4
User 6, Acc 1 Balance 1883.000000, Transfer 19.000000 to Acc 7
User 5, Acc 3 Balance 1060.000000, Deposit 929.000000 
User 4, Acc 7 Balance 18923.000000, Deposit 9.000000 
User 5, Acc 4 Balance 2370.000000, Deposit 937.000000 
User 0, Acc 3 Balance 1060.000000, Deposit 653.000000 
User 3, Acc 3 Balance 1089.000000, Deposit 929.000000 
User 0, Acc 3 Balance 2642.000000, Transfer 1200.000000 to Acc 8
User 0, Acc 2 Balance 3366.000000, Deposit 659.000000 
User 2, Acc 2 Balance 3366.000000, Withdraw 150.000000 
User 2, Acc 3 Balance 2371.000000, Deposit 500.000000 
User 2, Acc 2 Balance 3875.000000, Transfer 300.000000 to Acc 1
User 2, Acc 3 Balance 2871.000000, Transfer 300.000000 to Acc 1
User 2, Acc 0 Balance 2035.000000, Deposit 400.000000 
User 2, Acc 3 Balance 2571.000000, Withdraw 200.000000 
User 6, Acc 2 Balance 3366.000000, Transfer 23.000000 to Acc 7
User 3, Acc 4 Balance 3307.000000, Deposit 937.000000 
User 6, Acc 3 Balance 2371.000000, Transfer 29.000000 to Acc 7
User 3, Acc 5 Balance 3297.000000, Deposit 941.000000 
[22;32mUser 1, Acc 8 Balance 0.000000, 				Withdraw 500.000000 --insufficient funds[0m
User 5, Acc 5 Balance 3297.000000, Deposit 941.000000 
Balance in 1: 2464.000000
User 2, Acc 9 Balance 746.000000, Deposit 617.000000 
User 2, Acc 9 Balance 1363.000000, Transfer 617.000000 to Acc 9
User 2, Acc 8 Balance 1200.000000, Deposit 619.000000 
User 2, Acc 8 Balance 1819.000000, Transfer 619.000000 to Acc 2
User 2, Acc 7 Balance 20618.000000, Deposit 631.000000 
User 2, Acc 7 Balance 21249.000000, Transfer 631.000000 to Acc 3
User 2, Acc 6 Balance 2532.000000, Deposit 641.000000 
User 2, Acc 6 Balance 3173.000000, Transfer 641.000000 to Acc 4
User 2, Acc 5 Balance 5179.000000, Deposit 643.000000 
User 2, Acc 5 Balance 5822.000000, Transfer 1200.000000 to Acc 6
User 2, Acc 4 Balance 4885.000000, Deposit 647.000000 
User 6, Acc 7 Balance 20618.000000, Transfer 31.000000 to Acc 6
User 3, Acc 4 Balance 4244.000000, Withdraw 1167.000000 
User 6, Acc 7 Balance 20587.000000, Transfer 37.000000 to Acc 5
User 1, Acc 9 Balance 746.000000, Withdraw 500.000000 
User 5, Acc 4 Balance 4244.000000, Withdraw 167.000000 
User 0, Acc 2 Balance 4025.000000, Transfer 1200.000000 to Acc 9
User 5, Acc 5 Balance 4659.000000, Withdraw 307.000000 
User 2, Acc 4 Balance 5532.000000, Transfer 1200.000000 to Acc 7
User 5, Acc 1 Balance 2464.000000, Transfer 89.000000 to Acc 8
User 2, Acc 3 Balance 2973.000000, Deposit 653.000000 
User 1, Acc 0 Balance 2435.000000, Withdraw 500.000000 
User 2, Acc 3 Balance 3626.000000, Transfer 1200.000000 to Acc 8
User 1, Acc 1 Balance 2375.000000, Withdraw 500.000000 
User 1, Acc 2 Balance 2971.000000, Withdraw 500.000000 
User 4, Acc 9 Balance 746.000000, Deposit 129.000000 
User 1, Acc 3 Balance 2426.000000, Withdraw 500.000000 
User 6, Acc 7 Balance 20550.000000, Transfer 3.000000 to Acc 4
User 1, Acc 4 Balance 2998.000000, Withdraw 500.000000 
User 6, Acc 7 Balance 21747.000000, Transfer 5.000000 to Acc 4
User 1, Acc 5 Balance 4352.000000, Withdraw 500.000000 
User 6, Acc 6 Balance 3763.000000, Transfer 67.000000 to Acc 5
User 5, Acc 1 Balance 2375.000000, Transfer 163.000000 to Acc 9
User 0, Acc 1 Balance 2464.000000, Deposit 661.000000 
User 2, Acc 2 Balance 2971.000000, Deposit 659.000000 
User 3, Acc 5 Balance 4622.000000, Withdraw 1307.000000 
User 2, Acc 2 Balance 3130.000000, Transfer 1200.000000 to Acc 9
User 3, Acc 1 Balance 2373.000000, Transfer 89.000000 to Acc 8
User 2, Acc 1 Balance 2373.000000, Deposit 661.000000 
User 6, Acc 4 Balance 2506.000000, Transfer 53.000000 to Acc 5
User 2, Acc 1 Balance 2945.000000, Transfer 1200.000000 to Acc 9
User 6, Acc 1 Balance 2945.000000, Transfer 89.000000 to Acc 8
User 2, Acc 0 Balance 1935.000000, Deposit 673.000000 
User 6, Acc 1 Balance 1656.000000, Transfer 163.000000 to Acc 9
User 2, Acc 0 Balance 2608.000000, Transfer 1200.000000 to Acc 9
User 6, Acc 1 Balance 1493.000000, Withdraw 41.000000 
User 5, Acc 1 Balance 1712.000000, Withdraw 41.000000 
User 0, Acc 1 Balance 2373.000000, Transfer 1200.000000 to Acc 9
User 1, Acc 6 Balance 3763.000000, Withdraw 500.000000 
User 3, Acc 1 Balance 2284.000000, Transfer 163.000000 to Acc 9
User 1, Acc 7 Balance 21742.000000, Withdraw 500.000000 
User 3, Acc 1 Balance 48.000000, Withdraw 41.000000 
User 1, Acc 8 Balance 2667.000000, Withdraw 500.000000 
User 5, Acc 2 Balance 1930.000000, Withdraw 71.000000 
User 1, Acc 9 Balance 7481.000000, Withdraw 500.000000 
User 5, Acc 3 Balance 1926.000000, Withdraw 127.000000 
User 1, Acc 0 Balance 1408.000000, Withdraw 500.000000 
[22;32mUser 1, Acc 1 Balance 7.000000, 				Withdraw 500.000000 --insufficient funds[0m
User 3, Acc 2 Balance 1930.000000, Withdraw 71.000000 
User 1, Acc 2 Balance 1859.000000, Withdraw 500.000000 
User 3, Acc 3 Balance 1799.000000, Withdraw 1127.000000 
User 1, Acc 3 Balance 1799.000000, Withdraw 500.000000 
User 3, Acc 6 Balance 3196.000000, Withdraw 647.000000 
User 1, Acc 4 Balance 2453.000000, Withdraw 500.000000 
User 5, Acc 6 Balance 3196.000000, Withdraw 647.000000 
User 1, Acc 5 Balance 2665.000000, Withdraw 500.000000 
User 1, Acc 6 Balance 2549.000000, Withdraw 500.000000 
User 2, Acc 1 Balance 1493.000000, Withdraw 50.000000 
User 1, Acc 7 Balance 21242.000000, Withdraw 500.000000 
User 1, Acc 8 Balance 2167.000000, Withdraw 500.000000 
User 1, Acc 9 Balance 6981.000000, Withdraw 500.000000 
User 1, Acc 0 Balance 908.000000, Withdraw 500.000000 
User 1, Acc 0 Balance 408.000000, Deposit 7.000000 
User 0, Acc 0 Balance 1408.000000, Deposit 673.000000 
User 5, Acc 6 Balance 1902.000000, Deposit 953.000000 
User 5, Acc 7 Balance 20742.000000, Deposit 967.000000 
User 2, Acc 2 Balance 1288.000000, Withdraw 50.000000 
User 5, Acc 2 Balance 1288.000000, Transfer 23.000000 to Acc 7
User 2, Acc 3 Balance 172.000000, Withdraw 50.000000 
User 5, Acc 6 Balance 2355.000000, Transfer 67.000000 to Acc 5
User 1, Acc 1 Balance -43.000000, Deposit 11.000000 
User 5, Acc 4 Balance 1953.000000, Transfer 53.000000 to Acc 5
User 1, Acc 2 Balance 1215.000000, Deposit 9.000000 
User 6, Acc 2 Balance 1930.000000, Withdraw 71.000000 
User 1, Acc 3 Balance 122.000000, Transfer 29.000000 to Acc 7
User 1, Acc 7 Balance 21761.000000, Transfer 31.000000 to Acc 6
User 4, Acc 3 Balance 2426.000000, Transfer 29.000000 to Acc 7
[22;32mUser 0, Acc 1 Balance -43.000000, 				Withdraw 50.000000 --insufficient funds[0m
User 5, Acc 7 Balance 21732.000000, Withdraw 593.000000 
User 0, Acc 2 Balance 1153.000000, Withdraw 50.000000 
User 5, Acc 8 Balance 1667.000000, Withdraw 449.000000 
User 0, Acc 3 Balance 64.000000, Withdraw 50.000000 
User 0, Acc 4 Balance 1900.000000, Withdraw 50.000000 
[22;32mUser 6, Acc 3 Balance 93.000000, 				Withdraw 127.000000 --insufficient funds[0m
User 4, Acc 7 Balance 21759.000000, Transfer 31.000000 to Acc 6
User 4, Acc 7 Balance 21135.000000, Transfer 137.000000 to Acc 5
User 2, Acc 4 Balance 1953.000000, Withdraw 50.000000 
User 2, Acc 5 Balance 2422.000000, Withdraw 50.000000 
User 2, Acc 6 Balance 2350.000000, Withdraw 50.000000 
User 2, Acc 7 Balance 20998.000000, Withdraw 50.000000 
User 2, Acc 8 Balance 1218.000000, Withdraw 50.000000 
User 2, Acc 9 Balance 6481.000000, Withdraw 50.000000 
User 2, Acc 0 Balance 1088.000000, Withdraw 50.000000 
User 2, Acc 0 Balance 1038.000000, Deposit 400.000000 
User 6, Acc 4 Balance 1850.000000, Withdraw 167.000000 
User 2, Acc 0 Balance 1438.000000, Withdraw 200.000000 
User 6, Acc 5 Balance 2372.000000, Withdraw 307.000000 
User 2, Acc 1 Balance -32.000000, Deposit 100.000000 
User 6, Acc 6 Balance 2300.000000, Withdraw 647.000000 
User 1, Acc 7 Balance 21730.000000, Transfer 137.000000 to Acc 5
User 6, Acc 7 Balance 20948.000000, Withdraw 593.000000 
User 1, Acc 7 Balance 20811.000000, Transfer 3.000000 to Acc 4
User 6, Acc 8 Balance 1168.000000, Withdraw 449.000000 
User 6, Acc 9 Balance 6431.000000, Withdraw 163.000000 
User 1, Acc 7 Balance 20215.000000, Transfer 5.000000 to Acc 4
User 6, Acc 7 Balance 20215.000000, Deposit 9929.000000 
User 3, Acc 6 Balance 2549.000000, Deposit 953.000000 
User 6, Acc 4 Balance 1641.000000, Deposit 937.000000 
User 4, Acc 7 Balance 20998.000000, Transfer 3.000000 to Acc 4
User 5, Acc 9 Balance 6481.000000, Withdraw 163.000000 
User 4, Acc 7 Balance 30136.000000, Transfer 5.000000 to Acc 4
User 4, Acc 4 Balance 2586.000000, Withdraw 1167.000000 
User 5, Acc 7 Balance 30131.000000, Deposit 9929.000000 
User 4, Acc 5 Balance 2202.000000, Withdraw 1307.000000 
User 1, Acc 3 Balance 14.000000, Deposit 929.000000 
User 3, Acc 7 Balance 30139.000000, Deposit 967.000000 
User 1, Acc 4 Balance 1419.000000, Deposit 937.000000 
User 3, Acc 1 Balance 68.000000, Transfer 19.000000 to Acc 7
User 1, Acc 5 Balance 895.000000, Deposit 941.000000 
User 5, Acc 4 Balance 1419.000000, Deposit 937.000000 
User 1, Acc 4 Balance 2356.000000, Withdraw 1167.000000 
User 5, Acc 5 Balance 1836.000000, Deposit 941.000000 
User 1, Acc 5 Balance 1836.000000, Withdraw 1307.000000 
User 5, Acc 0 Balance 1238.000000, Deposit 7.000000 
User 3, Acc 2 Balance 1103.000000, Transfer 23.000000 to Acc 7
User 5, Acc 3 Balance 943.000000, Deposit 29.000000 
User 4, Acc 1 Balance 68.000000, Withdraw 41.000000 
User 2, Acc 2 Balance 1103.000000, Deposit 900.000000 
User 4, Acc 2 Balance 1080.000000, Withdraw 71.000000 
[22;32mUser 2, Acc 1 Balance 8.000000, 				Withdraw 50.000000 --insufficient funds[0m
User 2, Acc 2 Balance 1909.000000, Withdraw 150.000000 
User 2, Acc 3 Balance 972.000000, Deposit 500.000000 
User 2, Acc 2 Balance 1759.000000, Transfer 300.000000 to Acc 1
User 2, Acc 3 Balance 1472.000000, Transfer 300.000000 to Acc 1
User 2, Acc 0 Balance 1245.000000, Deposit 400.000000 
User 2, Acc 3 Balance 1172.000000, Withdraw 200.000000 
Balance in 1: 608.000000
User 0, Acc 5 Balance 2285.000000, Withdraw 50.000000 
[22;32mUser 4, Acc 3 Balance 972.000000, 				Withdraw 1127.000000 --insufficient funds[0m
User 6, Acc 5 Balance 2202.000000, Deposit 941.000000 
User 4, Acc 6 Balance 2606.000000, Withdraw 647.000000 
User 6, Acc 0 Balance 1645.000000, Deposit 7.000000 
User 6, Acc 3 Balance 972.000000, Deposit 29.000000 
User 1, Acc 1 Balance 49.000000, Withdraw 41.000000 
User 2, Acc 7 Balance 41069.000000, Deposit 9929.000000 
User 0, Acc 6 Balance 2606.000000, Withdraw 50.000000 
User 2, Acc 4 Balance 2126.000000, Deposit 937.000000 
User 3, Acc 6 Balance 2606.000000, Transfer 1167.000000 to Acc 5
User 4, Acc 6 Balance 1959.000000, Deposit 1953.000000 
User 6, Acc 7 Balance 41069.000000, Deposit 9.000000 
User 4, Acc 7 Balance 50998.000000, Deposit 967.000000 
User 1, Acc 2 Balance 1459.000000, Withdraw 71.000000 
User 0, Acc 7 Balance 50998.000000, Withdraw 50.000000 
User 2, Acc 5 Balance 2361.000000, Deposit 941.000000 
User 0, Acc 8 Balance 719.000000, Withdraw 50.000000 
User 2, Acc 0 Balance 1652.000000, Deposit 7.000000 
User 2, Acc 3 Balance 1001.000000, Deposit 29.000000 
User 4, Acc 1 Balance 567.000000, Transfer 19.000000 to Acc 7
User 6, Acc 9 Balance 6105.000000, Deposit 129.000000 
[22;32mUser 1, Acc 3 Balance 1001.000000, 				Withdraw 1127.000000 --insufficient funds[0m
User 5, Acc 7 Balance 41069.000000, Deposit 9.000000 
User 3, Acc 4 Balance 3063.000000, Transfer 53.000000 to Acc 5
User 5, Acc 9 Balance 6234.000000, Deposit 129.000000 
User 3, Acc 7 Balance 51952.000000, Withdraw 1593.000000 
User 5, Acc 3 Balance 1030.000000, Transfer 29.000000 to Acc 7
User 5, Acc 7 Balance 51981.000000, Transfer 31.000000 to Acc 6
User 6, Acc 3 Balance 1030.000000, Transfer 29.000000 to Acc 7
User 1, Acc 6 Balance 2695.000000, Withdraw 647.000000 
User 0, Acc 9 Balance 6105.000000, Withdraw 50.000000 
User 1, Acc 6 Balance 2079.000000, Deposit 953.000000 
User 1, Acc 7 Balance 50386.000000, Deposit 967.000000 
User 4, Acc 2 Balance 1388.000000, Transfer 23.000000 to Acc 7
User 3, Acc 8 Balance 669.000000, Withdraw 449.000000 
User 4, Acc 6 Balance 3032.000000, Transfer 1167.000000 to Acc 5
User 3, Acc 9 Balance 6313.000000, Withdraw 163.000000 
User 6, Acc 7 Balance 50386.000000, Transfer 31.000000 to Acc 6
User 2, Acc 7 Balance 51924.000000, Deposit 9.000000 
User 6, Acc 7 Balance 51345.000000, Transfer 137.000000 to Acc 5
User 2, Acc 9 Balance 6150.000000, Deposit 129.000000 
User 6, Acc 7 Balance 51217.000000, Transfer 3.000000 to Acc 4
User 6, Acc 7 Balance 51214.000000, Transfer 5.000000 to Acc 4
User 4, Acc 4 Balance 3010.000000, Transfer 53.000000 to Acc 5
User 6, Acc 4 Balance 3018.000000, Withdraw 1167.000000 
User 0, Acc 0 Balance 1659.000000, Withdraw 50.000000 
User 1, Acc 1 Balance 548.000000, Transfer 19.000000 to Acc 7
User 0, Acc 7 Balance 51209.000000, Deposit 9929.000000 
User 1, Acc 2 Balance 1365.000000, Transfer 23.000000 to Acc 7
User 3, Acc 7 Balance 51376.000000, Deposit 9929.000000 
User 1, Acc 6 Balance 1896.000000, Transfer 1167.000000 to Acc 5
User 6, Acc 5 Balance 5879.000000, Withdraw 1307.000000 
User 1, Acc 4 Balance 1798.000000, Transfer 53.000000 to Acc 5
User 2, Acc 3 Balance 972.000000, Transfer 29.000000 to Acc 7
User 3, Acc 4 Balance 1798.000000, Deposit 937.000000 
User 2, Acc 7 Balance 71138.000000, Transfer 31.000000 to Acc 6
User 3, Acc 5 Balance 5792.000000, Deposit 941.000000 
User 5, Acc 7 Balance 50357.000000, Transfer 137.000000 to Acc 5
User 0, Acc 4 Balance 1798.000000, Deposit 937.000000 
User 5, Acc 7 Balance 70970.000000, Transfer 3.000000 to Acc 4
User 4, Acc 7 Balance 51209.000000, Withdraw 1593.000000 
User 2, Acc 7 Balance 71107.000000, Transfer 137.000000 to Acc 5
User 2, Acc 7 Balance 69237.000000, Transfer 3.000000 to Acc 4
User 6, Acc 1 Balance 529.000000, Transfer 89.000000 to Acc 8
User 1, Acc 7 Balance 71109.000000, Withdraw 1593.000000 
User 6, Acc 1 Balance 440.000000, Transfer 163.000000 to Acc 9
[22;32mUser 1, Acc 8 Balance 309.000000, 				Withdraw 449.000000 --insufficient funds[0m
User 6, Acc 1 Balance 277.000000, Withdraw 41.000000 
[22;32mUser 4, Acc 8 Balance 220.000000, 				Withdraw 449.000000 --insufficient funds[0m
User 6, Acc 2 Balance 1342.000000, Withdraw 71.000000 
User 0, Acc 5 Balance 6870.000000, Deposit 941.000000 
User 5, Acc 7 Balance 70967.000000, Transfer 5.000000 to Acc 4
User 0, Acc 0 Balance 1609.000000, Deposit 7.000000 
User 0, Acc 3 Balance 943.000000, Deposit 29.000000 
User 1, Acc 9 Balance 6442.000000, Withdraw 163.000000 
User 1, Acc 9 Balance 6279.000000, Deposit 617.000000 
User 1, Acc 9 Balance 6896.000000, Transfer 617.000000 to Acc 9
User 1, Acc 8 Balance 309.000000, Deposit 619.000000 
User 1, Acc 8 Balance 928.000000, Transfer 619.000000 to Acc 2
User 1, Acc 7 Balance 67636.000000, Deposit 631.000000 
User 1, Acc 7 Balance 68267.000000, Transfer 631.000000 to Acc 3
User 1, Acc 6 Balance 760.000000, Deposit 641.000000 
User 1, Acc 6 Balance 1401.000000, Transfer 641.000000 to Acc 4
User 5, Acc 4 Balance 3630.000000, Withdraw 1167.000000 
User 5, Acc 5 Balance 7948.000000, Withdraw 1307.000000 
User 3, Acc 0 Balance 1609.000000, Deposit 7.000000 
User 5, Acc 1 Balance 236.000000, Transfer 89.000000 to Acc 8
User 5, Acc 1 Balance 147.000000, Withdraw 41.000000 
User 4, Acc 9 Balance 6442.000000, Withdraw 163.000000 
[22;32mUser 6, Acc 3 Balance 943.000000, 				Withdraw 1127.000000 --insufficient funds[0m
User 4, Acc 9 Balance 6733.000000, Deposit 617.000000 
User 1, Acc 5 Balance 7948.000000, Deposit 643.000000 
User 4, Acc 9 Balance 7350.000000, Transfer 617.000000 to Acc 9
User 1, Acc 5 Balance 7284.000000, Transfer 1200.000000 to Acc 6
User 3, Acc 3 Balance 1603.000000, Deposit 29.000000 
User 5, Acc 2 Balance 1890.000000, Withdraw 71.000000 
User 0, Acc 7 Balance 67641.000000, Deposit 9.000000 
User 5, Acc 3 Balance 1632.000000, Withdraw 1127.000000 
User 5, Acc 6 Balance 1960.000000, Withdraw 647.000000 
User 2, Acc 7 Balance 69234.000000, Transfer 5.000000 to Acc 4
User 1, Acc 4 Balance 3104.000000, Deposit 647.000000 
User 4, Acc 8 Balance 398.000000, Deposit 619.000000 
User 3, Acc 7 Balance 67636.000000, Deposit 9.000000 
User 6, Acc 6 Balance 760.000000, Withdraw 647.000000 
User 0, Acc 9 Balance 7350.000000, Deposit 129.000000 
User 5, Acc 6 Balance 1313.000000, Deposit 1953.000000 
User 2, Acc 4 Balance 3109.000000, Withdraw 1167.000000 
User 1, Acc 4 Balance 3756.000000, Transfer 1200.000000 to Acc 7
User 4, Acc 8 Balance 1017.000000, Transfer 619.000000 to Acc 2
User 1, Acc 3 Balance 505.000000, Deposit 653.000000 
User 3, Acc 9 Balance 7350.000000, Deposit 129.000000 
User 6, Acc 6 Balance 666.000000, Deposit 1953.000000 
User 3, Acc 3 Balance 1158.000000, Transfer 29.000000 to Acc 7
User 3, Acc 7 Balance 68878.000000, Transfer 31.000000 to Acc 6
User 5, Acc 7 Balance 67649.000000, Deposit 967.000000 
User 2, Acc 5 Balance 6084.000000, Withdraw 1307.000000 
User 1, Acc 2 Balance 1819.000000, Deposit 659.000000 
User 4, Acc 7 Balance 68849.000000, Deposit 631.000000 
User 1, Acc 2 Balance 3097.000000, Transfer 1200.000000 to Acc 9
User 1, Acc 1 Balance 106.000000, Deposit 661.000000 
User 0, Acc 3 Balance 505.000000, Transfer 29.000000 to Acc 7
User 3, Acc 7 Balance 68847.000000, Transfer 137.000000 to Acc 5
User 0, Acc 7 Balance 70474.000000, Transfer 31.000000 to Acc 6
User 3, Acc 7 Balance 70337.000000, Transfer 3.000000 to Acc 4
User 2, Acc 1 Balance 106.000000, Transfer 89.000000 to Acc 8
User 4, Acc 7 Balance 70445.000000, Transfer 631.000000 to Acc 3
User 2, Acc 1 Balance 678.000000, Transfer 163.000000 to Acc 9
User 5, Acc 1 Balance 106.000000, Transfer 19.000000 to Acc 7
User 0, Acc 7 Balance 70306.000000, Transfer 137.000000 to Acc 5
User 5, Acc 2 Balance 1897.000000, Transfer 23.000000 to Acc 7
User 5, Acc 6 Balance 4634.000000, Transfer 1167.000000 to Acc 5
User 1, Acc 0 Balance 1623.000000, Deposit 673.000000 
User 5, Acc 4 Balance 1392.000000, Transfer 53.000000 to Acc 5
User 1, Acc 0 Balance 2296.000000, Transfer 1200.000000 to Acc 9
User 5, Acc 7 Balance 69577.000000, Withdraw 1593.000000 
User 1, Acc 1 Balance 496.000000, Withdraw 50.000000 
User 0, Acc 7 Balance 69554.000000, Transfer 3.000000 to Acc 4
User 6, Acc 7 Balance 68878.000000, Deposit 967.000000 
User 4, Acc 6 Balance 4634.000000, Deposit 641.000000 
User 6, Acc 1 Balance 446.000000, Transfer 19.000000 to Acc 7
User 4, Acc 6 Balance 4108.000000, Transfer 641.000000 to Acc 4
User 6, Acc 2 Balance 1874.000000, Transfer 23.000000 to Acc 7
User 4, Acc 5 Balance 6271.000000, Deposit 643.000000 
User 2, Acc 1 Balance 515.000000, Withdraw 41.000000 
User 3, Acc 7 Balance 70303.000000, Transfer 5.000000 to Acc 4
User 2, Acc 2 Balance 1851.000000, Withdraw 71.000000 
User 2, Acc 3 Balance 1731.000000, Withdraw 1127.000000 
User 1, Acc 2 Balance 1874.000000, Withdraw 50.000000 
User 6, Acc 6 Balance 3467.000000, Transfer 1167.000000 to Acc 5
User 0, Acc 7 Balance 67981.000000, Transfer 5.000000 to Acc 4
User 4, Acc 5 Balance 6914.000000, Transfer 1200.000000 to Acc 6
User 5, Acc 8 Balance 487.000000, Withdraw 449.000000 
User 4, Acc 4 Balance 1993.000000, Deposit 647.000000 
User 5, Acc 9 Balance 10171.000000, Withdraw 163.000000 
User 2, Acc 6 Balance 3467.000000, Withdraw 647.000000 
User 1, Acc 3 Balance 604.000000, Withdraw 50.000000 
User 6, Acc 4 Balance 1988.000000, Transfer 53.000000 to Acc 5
User 0, Acc 4 Balance 1993.000000, Withdraw 1167.000000 
User 3, Acc 4 Balance 1988.000000, Withdraw 1167.000000 
User 4, Acc 4 Balance 2640.000000, Transfer 1200.000000 to Acc 7
User 4, Acc 3 Balance 554.000000, Deposit 653.000000 
User 4, Acc 3 Balance 1207.000000, Transfer 1200.000000 to Acc 8
User 4, Acc 2 Balance 1730.000000, Deposit 659.000000 
User 4, Acc 2 Balance 2389.000000, Transfer 1200.000000 to Acc 9
User 4, Acc 1 Balance 386.000000, Deposit 661.000000 
User 4, Acc 0 Balance 1096.000000, Deposit 673.000000 
User 4, Acc 0 Balance 1769.000000, Transfer 1200.000000 to Acc 9
User 0, Acc 5 Balance 6934.000000, Withdraw 1307.000000 
User 3, Acc 5 Balance 6934.000000, Withdraw 1307.000000 
User 0, Acc 1 Balance 1047.000000, Transfer 89.000000 to Acc 8
User 3, Acc 1 Balance 1047.000000, Transfer 89.000000 to Acc 8
User 2, Acc 6 Balance 2853.000000, Deposit 1953.000000 
User 1, Acc 4 Balance 2640.000000, Withdraw 50.000000 
User 2, Acc 7 Balance 70180.000000, Deposit 967.000000 
User 6, Acc 7 Balance 68980.000000, Withdraw 1593.000000 
User 2, Acc 1 Balance 869.000000, Transfer 19.000000 to Acc 7
User 6, Acc 8 Balance 1416.000000, Withdraw 449.000000 
User 2, Acc 2 Balance 1189.000000, Transfer 23.000000 to Acc 7
User 6, Acc 9 Balance 12408.000000, Withdraw 163.000000 
User 2, Acc 6 Balance 4806.000000, Transfer 1167.000000 to Acc 5
User 6, Acc 9 Balance 12245.000000, Deposit 617.000000 
User 3, Acc 1 Balance 958.000000, Transfer 163.000000 to Acc 9
User 6, Acc 9 Balance 12862.000000, Transfer 617.000000 to Acc 9
User 1, Acc 5 Balance 4320.000000, Withdraw 50.000000 
User 4, Acc 1 Balance 1047.000000, Withdraw 50.000000 
User 5, Acc 0 Balance 1096.000000, Deposit 907.000000 
User 2, Acc 7 Balance 69596.000000, Withdraw 1593.000000 
User 5, Acc 1 Balance 637.000000, Deposit 911.000000 
User 2, Acc 8 Balance 967.000000, Withdraw 449.000000 
User 3, Acc 1 Balance 687.000000, Withdraw 41.000000 
User 6, Acc 8 Balance 967.000000, Deposit 619.000000 
User 1, Acc 6 Balance 3639.000000, Withdraw 50.000000 
User 6, Acc 8 Balance 1137.000000, Transfer 619.000000 to Acc 2
User 4, Acc 2 Balance 1166.000000, Withdraw 50.000000 
User 0, Acc 1 Balance 869.000000, Transfer 163.000000 to Acc 9
[22;32mUser 4, Acc 3 Balance 7.000000, 				Withdraw 50.000000 --insufficient funds[0m
User 0, Acc 1 Balance 1344.000000, Withdraw 41.000000 
[22;32mUser 4, Acc 4 Balance -997.000000, 				Withdraw 50.000000 --insufficient funds[0m
User 0, Acc 2 Balance 1735.000000, Withdraw 71.000000 
[22;32mUser 0, Acc 3 Balance 7.000000, 				Withdraw 1127.000000 --insufficient funds[0m
User 2, Acc 9 Balance 13025.000000, Withdraw 163.000000 
User 2, Acc 9 Balance 13025.000000, Deposit 617.000000 
User 5, Acc 2 Balance 1166.000000, Deposit 919.000000 
User 2, Acc 9 Balance 13642.000000, Transfer 617.000000 to Acc 9
User 5, Acc 3 Balance 7.000000, Deposit 929.000000 
User 5, Acc 4 Balance -997.000000, Deposit 937.000000 
User 6, Acc 7 Balance 68003.000000, Deposit 631.000000 
User 4, Acc 5 Balance 5437.000000, Withdraw 50.000000 
User 6, Acc 7 Balance 68634.000000, Transfer 631.000000 to Acc 3
User 4, Acc 6 Balance 3589.000000, Withdraw 50.000000 
User 3, Acc 2 Balance 1166.000000, Withdraw 71.000000 
User 4, Acc 7 Balance 68003.000000, Withdraw 50.000000 
User 5, Acc 5 Balance 5437.000000, Deposit 941.000000 
User 1, Acc 7 Balance 68003.000000, Withdraw 50.000000 
User 0, Acc 6 Balance 3589.000000, Withdraw 647.000000 
User 1, Acc 8 Balance 518.000000, Withdraw 50.000000 
User 6, Acc 6 Balance 3589.000000, Deposit 641.000000 
User 2, Acc 8 Balance 518.000000, Deposit 619.000000 
User 4, Acc 8 Balance 518.000000, Withdraw 50.000000 
User 2, Acc 8 Balance 1087.000000, Transfer 619.000000 to Acc 2
User 4, Acc 9 Balance 13642.000000, Withdraw 50.000000 
User 3, Acc 3 Balance 1567.000000, Withdraw 1127.000000 
User 4, Acc 0 Balance 1476.000000, Withdraw 50.000000 
User 3, Acc 6 Balance 3533.000000, Withdraw 647.000000 
User 6, Acc 6 Balance 3533.000000, Transfer 641.000000 to Acc 4
User 3, Acc 6 Balance 2886.000000, Deposit 1953.000000 
User 6, Acc 5 Balance 6328.000000, Deposit 643.000000 
User 1, Acc 9 Balance 13642.000000, Withdraw 50.000000 
User 6, Acc 5 Balance 6971.000000, Transfer 1200.000000 to Acc 6
User 1, Acc 0 Balance 1426.000000, Withdraw 50.000000 
User 0, Acc 6 Balance 2892.000000, Deposit 1953.000000 
User 1, Acc 0 Balance 1376.000000, Deposit 7.000000 
User 0, Acc 7 Balance 67903.000000, Deposit 967.000000 
User 2, Acc 7 Balance 67903.000000, Deposit 631.000000 
User 4, Acc 9 Balance 13592.000000, Deposit 617.000000 
User 5, Acc 6 Balance 3539.000000, Deposit 953.000000 
User 4, Acc 9 Balance 14159.000000, Transfer 617.000000 to Acc 9
User 6, Acc 4 Balance 581.000000, Deposit 647.000000 
User 6, Acc 4 Balance 1228.000000, Transfer 1200.000000 to Acc 7
User 6, Acc 3 Balance 440.000000, Deposit 653.000000 
User 6, Acc 2 Balance 3131.000000, Deposit 659.000000 
User 6, Acc 2 Balance 3790.000000, Transfer 1200.000000 to Acc 9
User 6, Acc 1 Balance 1303.000000, Deposit 661.000000 
User 2, Acc 7 Balance 69501.000000, Transfer 631.000000 to Acc 3
User 6, Acc 1 Balance 1964.000000, Transfer 1200.000000 to Acc 9
User 2, Acc 6 Balance 8304.000000, Deposit 641.000000 
User 6, Acc 0 Balance 1383.000000, Deposit 673.000000 
User 2, Acc 6 Balance 8945.000000, Transfer 641.000000 to Acc 4
User 6, Acc 0 Balance 2056.000000, Transfer 1200.000000 to Acc 9
User 2, Acc 5 Balance 5771.000000, Deposit 643.000000 
User 4, Acc 8 Balance 418.000000, Deposit 619.000000 
User 5, Acc 7 Balance 69501.000000, Deposit 967.000000 
User 0, Acc 1 Balance 1303.000000, Transfer 19.000000 to Acc 7
User 1, Acc 1 Balance 1303.000000, Deposit 11.000000 
User 6, Acc 1 Balance 764.000000, Withdraw 50.000000 
User 2, Acc 5 Balance 6414.000000, Transfer 1200.000000 to Acc 6
User 3, Acc 7 Balance 67903.000000, Deposit 967.000000 
User 2, Acc 4 Balance 669.000000, Deposit 647.000000 
User 3, Acc 1 Balance 706.000000, Transfer 19.000000 to Acc 7
User 5, Acc 1 Balance 764.000000, Transfer 19.000000 to Acc 7
User 0, Acc 2 Balance 2590.000000, Transfer 23.000000 to Acc 7
User 1, Acc 2 Balance 2590.000000, Deposit 9.000000 
User 6, Acc 2 Balance 2590.000000, Withdraw 50.000000 
User 1, Acc 3 Balance 1724.000000, Transfer 29.000000 to Acc 7
User 1, Acc 7 Balance 72113.000000, Transfer 31.000000 to Acc 6
User 6, Acc 3 Balance 1695.000000, Withdraw 50.000000 
User 5, Acc 2 Balance 2590.000000, Transfer 23.000000 to Acc 7
User 0, Acc 6 Balance 9504.000000, Transfer 1167.000000 to Acc 5
User 5, Acc 3 Balance 1645.000000, Transfer 29.000000 to Acc 7
User 5, Acc 7 Balance 72134.000000, Transfer 31.000000 to Acc 6
User 3, Acc 2 Balance 2590.000000, Transfer 23.000000 to Acc 7
User 3, Acc 6 Balance 8399.000000, Transfer 1167.000000 to Acc 5
User 3, Acc 4 Balance 1316.000000, Transfer 53.000000 to Acc 5
User 3, Acc 7 Balance 72126.000000, Withdraw 1593.000000 
User 3, Acc 8 Balance 1037.000000, Withdraw 449.000000 
User 3, Acc 9 Balance 17759.000000, Withdraw 163.000000 
User 0, Acc 4 Balance 1316.000000, Transfer 53.000000 to Acc 5
User 0, Acc 7 Balance 70533.000000, Withdraw 1593.000000 
User 0, Acc 8 Balance 588.000000, Withdraw 449.000000 
User 0, Acc 9 Balance 17596.000000, Withdraw 163.000000 
User 0, Acc 1 Balance 668.000000, Withdraw 500.000000 
User 0, Acc 2 Balance 2480.000000, Withdraw 500.000000 
User 0, Acc 3 Balance 1616.000000, Withdraw 500.000000 
User 0, Acc 4 Balance 1210.000000, Withdraw 500.000000 
User 0, Acc 5 Balance 7654.000000, Withdraw 500.000000 
User 0, Acc 6 Balance 7232.000000, Withdraw 500.000000 
User 0, Acc 7 Balance 68940.000000, Withdraw 500.000000 
[22;32mUser 0, Acc 8 Balance 139.000000, 				Withdraw 500.000000 --insufficient funds[0m
User 0, Acc 9 Balance 17433.000000, Withdraw 500.000000 
User 0, Acc 0 Balance 856.000000, Withdraw 500.000000 
[22;32mUser 0, Acc 1 Balance 168.000000, 				Withdraw 500.000000 --insufficient funds[0m
User 0, Acc 2 Balance 1980.000000, Withdraw 500.000000 
User 0, Acc 3 Balance 1116.000000, Withdraw 500.000000 
User 0, Acc 4 Balance 710.000000, Withdraw 500.000000 
User 0, Acc 5 Balance 7154.000000, Withdraw 500.000000 
User 0, Acc 6 Balance 6732.000000, Withdraw 500.000000 
User 0, Acc 7 Balance 68440.000000, Withdraw 500.000000 
[22;32mUser 0, Acc 8 Balance 139.000000, 				Withdraw 500.000000 --insufficient funds[0m
User 0, Acc 9 Balance 16933.000000, Withdraw 500.000000 
[22;32mUser 0, Acc 0 Balance 356.000000, 				Withdraw 500.000000 --insufficient funds[0m
[22;32mUser 0, Acc 1 Balance 168.000000, 				Withdraw 500.000000 --insufficient funds[0m
User 0, Acc 2 Balance 1480.000000, Withdraw 500.000000 
User 0, Acc 3 Balance 616.000000, Withdraw 500.000000 
[22;32mUser 0, Acc 4 Balance 210.000000, 				Withdraw 500.000000 --insufficient funds[0m
User 0, Acc 5 Balance 6654.000000, Withdraw 500.000000 
User 0, Acc 6 Balance 6232.000000, Withdraw 500.000000 
User 0, Acc 7 Balance 67940.000000, Withdraw 500.000000 
[22;32mUser 0, Acc 8 Balance 139.000000, 				Withdraw 500.000000 --insufficient funds[0m
User 0, Acc 9 Balance 16433.000000, Withdraw 500.000000 
[22;32mUser 0, Acc 0 Balance 356.000000, 				Withdraw 500.000000 --insufficient funds[0m
User 0, Acc 0 Balance 356.000000, Deposit 7.000000 
User 0, Acc 1 Balance 168.000000, Deposit 11.000000 
User 0, Acc 2 Balance 980.000000, Deposit 9.000000 
User 0, Acc 3 Balance 116.000000, Transfer 29.000000 to Acc 7
User 0, Acc 7 Balance 67469.000000, Transfer 31.000000 to Acc 6
User 0, Acc 7 Balance 67438.000000, Transfer 137.000000 to Acc 5
User 0, Acc 7 Balance 67301.000000, Transfer 3.000000 to Acc 4
User 0, Acc 7 Balance 67298.000000, Transfer 5.000000 to Acc 4
User 0, Acc 3 Balance 87.000000, Deposit 929.000000 
User 0, Acc 4 Balance 218.000000, Deposit 937.000000 
User 0, Acc 5 Balance 6291.000000, Deposit 941.000000 
[22;32mUser 0, Acc 4 Balance 1155.000000, 				Withdraw 1167.000000 --insufficient funds[0m
User 0, Acc 5 Balance 7232.000000, Withdraw 1307.000000 
User 0, Acc 1 Balance 179.000000, Transfer 89.000000 to Acc 8
User 0, Acc 1 Balance 90.000000, Withdraw 41.000000 
User 0, Acc 2 Balance 989.000000, Withdraw 71.000000 
[22;32mUser 0, Acc 3 Balance 1016.000000, 				Withdraw 1127.000000 --insufficient funds[0m
User 0, Acc 6 Balance 5763.000000, Withdraw 647.000000 
User 0, Acc 6 Balance 5116.000000, Deposit 953.000000 
User 0, Acc 7 Balance 67293.000000, Deposit 967.000000 
User 0, Acc 1 Balance 49.000000, Transfer 19.000000 to Acc 7
User 0, Acc 2 Balance 918.000000, Transfer 23.000000 to Acc 7
User 0, Acc 6 Balance 6069.000000, Transfer 1167.000000 to Acc 5
User 0, Acc 4 Balance 1155.000000, Transfer 53.000000 to Acc 5
User 0, Acc 7 Balance 68302.000000, Withdraw 1593.000000 
User 3, Acc 0 Balance 856.000000, Deposit 7.000000 
[22;32mUser 0, Acc 8 Balance 228.000000, 				Withdraw 449.000000 --insufficient funds[0m
User 0, Acc 9 Balance 15933.000000, Withdraw 163.000000 
User 3, Acc 1 Balance 30.000000, Deposit 11.000000 
User 0, Acc 0 Balance 370.000000, Deposit 7.000000 
User 0, Acc 1 Balance 30.000000, Deposit 11.000000 
User 1, Acc 7 Balance 72082.000000, Transfer 137.000000 to Acc 5
User 0, Acc 2 Balance 895.000000, Deposit 9.000000 
User 0, Acc 3 Balance 1016.000000, Transfer 29.000000 to Acc 7
User 2, Acc 4 Balance 1316.000000, Transfer 1200.000000 to Acc 7
User 0, Acc 7 Balance 66601.000000, Transfer 31.000000 to Acc 6
User 2, Acc 3 Balance 987.000000, Deposit 653.000000 
User 0, Acc 7 Balance 67770.000000, Transfer 137.000000 to Acc 5
User 6, Acc 4 Balance 1316.000000, Withdraw 50.000000 
User 4, Acc 8 Balance 1037.000000, Transfer 619.000000 to Acc 2
User 5, Acc 7 Balance 72103.000000, Transfer 37.000000 to Acc 5
User 4, Acc 7 Balance 67633.000000, Deposit 631.000000 
User 3, Acc 2 Balance 895.000000, Deposit 9.000000 
User 2, Acc 3 Balance 1640.000000, Transfer 1200.000000 to Acc 8
User 0, Acc 7 Balance 67633.000000, Transfer 3.000000 to Acc 4
User 6, Acc 5 Balance 7419.000000, Withdraw 50.000000 
User 5, Acc 7 Balance 67596.000000, Transfer 3.000000 to Acc 4
User 6, Acc 6 Balance 4933.000000, Withdraw 50.000000 
User 6, Acc 7 Balance 68224.000000, Withdraw 50.000000 
User 5, Acc 7 Balance 68221.000000, Transfer 5.000000 to Acc 4
User 6, Acc 8 Balance 809.000000, Withdraw 50.000000 
User 6, Acc 9 Balance 15770.000000, Withdraw 50.000000 
User 1, Acc 7 Balance 66572.000000, Transfer 3.000000 to Acc 4
User 2, Acc 2 Balance 1532.000000, Deposit 659.000000 
User 1, Acc 7 Balance 68163.000000, Transfer 5.000000 to Acc 4
User 2, Acc 2 Balance 2191.000000, Transfer 1200.000000 to Acc 9
User 2, Acc 1 Balance 52.000000, Deposit 661.000000 
User 4, Acc 7 Balance 68227.000000, Transfer 631.000000 to Acc 3
User 6, Acc 0 Balance 377.000000, Withdraw 50.000000 
User 5, Acc 6 Balance 4883.000000, Transfer 67.000000 to Acc 5
User 6, Acc 0 Balance 327.000000, Deposit 7.000000 
User 0, Acc 7 Balance 68224.000000, Transfer 5.000000 to Acc 4
User 1, Acc 3 Balance 440.000000, Deposit 929.000000 
User 3, Acc 3 Balance 1640.000000, Transfer 29.000000 to Acc 7
User 1, Acc 4 Balance -124.000000, Deposit 937.000000 
User 3, Acc 7 Balance 67551.000000, Transfer 31.000000 to Acc 6
User 3, Acc 7 Balance 67520.000000, Transfer 137.000000 to Acc 5
User 6, Acc 1 Balance 713.000000, Deposit 11.000000 
User 5, Acc 1 Balance 713.000000, Transfer 89.000000 to Acc 8
User 0, Acc 3 Balance 1071.000000, Deposit 929.000000 
User 2, Acc 0 Balance 377.000000, Deposit 673.000000 
User 4, Acc 6 Balance 4883.000000, Deposit 641.000000 
User 1, Acc 5 Balance 7473.000000, Deposit 941.000000 
User 4, Acc 6 Balance 5488.000000, Transfer 641.000000 to Acc 4
User 3, Acc 7 Balance 67383.000000, Transfer 3.000000 to Acc 4
User 6, Acc 2 Balance 991.000000, Deposit 9.000000 
User 3, Acc 7 Balance 67380.000000, Transfer 5.000000 to Acc 4
User 3, Acc 3 Balance 2900.000000, Deposit 929.000000 
User 6, Acc 3 Balance 2900.000000, Transfer 29.000000 to Acc 7
User 3, Acc 4 Balance 1462.000000, Deposit 937.000000 
User 2, Acc 1 Balance 635.000000, Withdraw 50.000000 
User 1, Acc 4 Balance 1454.000000, Withdraw 1167.000000 
User 2, Acc 2 Balance 1000.000000, Withdraw 50.000000 
User 2, Acc 3 Balance 3800.000000, Withdraw 50.000000 
User 1, Acc 5 Balance 8551.000000, Withdraw 1307.000000 
User 6, Acc 7 Balance 67404.000000, Transfer 31.000000 to Acc 6
User 3, Acc 5 Balance 8551.000000, Deposit 941.000000 
User 6, Acc 7 Balance 67373.000000, Transfer 137.000000 to Acc 5
User 3, Acc 4 Balance 1232.000000, Withdraw 1167.000000 
User 5, Acc 1 Balance 635.000000, Transfer 163.000000 to Acc 9
User 0, Acc 4 Balance 813.000000, Deposit 937.000000 
User 2, Acc 4 Balance 1232.000000, Withdraw 50.000000 
User 1, Acc 1 Balance 585.000000, Transfer 89.000000 to Acc 8
User 6, Acc 7 Balance 67236.000000, Transfer 3.000000 to Acc 4
User 6, Acc 7 Balance 67233.000000, Transfer 5.000000 to Acc 4
User 6, Acc 3 Balance 3750.000000, Deposit 929.000000 
User 6, Acc 4 Balance 960.000000, Deposit 937.000000 
User 6, Acc 5 Balance 8322.000000, Deposit 941.000000 
User 6, Acc 4 Balance 1897.000000, Withdraw 1167.000000 
User 6, Acc 5 Balance 9263.000000, Withdraw 1307.000000 
User 6, Acc 1 Balance 333.000000, Transfer 89.000000 to Acc 8
User 6, Acc 1 Balance 244.000000, Transfer 163.000000 to Acc 9
User 6, Acc 1 Balance 81.000000, Withdraw 41.000000 
User 6, Acc 2 Balance 950.000000, Withdraw 71.000000 
User 6, Acc 3 Balance 4679.000000, Withdraw 1127.000000 
User 6, Acc 6 Balance 4878.000000, Withdraw 647.000000 
User 6, Acc 6 Balance 4231.000000, Deposit 953.000000 
User 6, Acc 7 Balance 67228.000000, Deposit 967.000000 
User 6, Acc 1 Balance 40.000000, Transfer 19.000000 to Acc 7
User 6, Acc 2 Balance 879.000000, Transfer 23.000000 to Acc 7
User 6, Acc 6 Balance 5184.000000, Transfer 1167.000000 to Acc 5
User 6, Acc 4 Balance 730.000000, Transfer 53.000000 to Acc 5
User 6, Acc 7 Balance 68237.000000, Withdraw 1593.000000 
User 6, Acc 8 Balance 1026.000000, Withdraw 449.000000 
User 1, Acc 1 Balance 333.000000, Transfer 163.000000 to Acc 9
User 6, Acc 9 Balance 17246.000000, Withdraw 163.000000 
[22;32mUser 1, Acc 1 Balance -142.000000, 				Withdraw 41.000000 --insufficient funds[0m
User 6, Acc 0 Balance 1007.000000, Deposit 907.000000 
User 1, Acc 2 Balance 856.000000, Withdraw 71.000000 
User 4, Acc 5 Balance 7610.000000, Deposit 643.000000 
User 1, Acc 3 Balance 3552.000000, Withdraw 1127.000000 
User 4, Acc 5 Balance 9819.000000, Transfer 1200.000000 to Acc 6
User 4, Acc 4 Balance 677.000000, Deposit 647.000000 
User 1, Acc 6 Balance 5217.000000, Withdraw 647.000000 
User 4, Acc 4 Balance 1324.000000, Transfer 1200.000000 to Acc 7
User 1, Acc 6 Balance 4570.000000, Deposit 953.000000 
User 4, Acc 3 Balance 2425.000000, Deposit 653.000000 
User 3, Acc 5 Balance 8322.000000, Withdraw 1307.000000 
User 5, Acc 1 Balance 422.000000, Withdraw 41.000000 
User 6, Acc 1 Balance -142.000000, Deposit 911.000000 
User 2, Acc 5 Balance 8322.000000, Withdraw 50.000000 
User 1, Acc 7 Balance 67844.000000, Deposit 967.000000 
User 2, Acc 6 Balance 5523.000000, Withdraw 50.000000 
User 1, Acc 1 Balance 728.000000, Transfer 19.000000 to Acc 7
User 0, Acc 5 Balance 8322.000000, Deposit 941.000000 
User 5, Acc 2 Balance 785.000000, Withdraw 71.000000 
User 6, Acc 2 Balance 785.000000, Deposit 919.000000 
User 5, Acc 3 Balance 3078.000000, Withdraw 127.000000 
[22;32mUser 5, Acc 4 Balance 124.000000, 				Withdraw 167.000000 --insufficient funds[0m
User 2, Acc 7 Balance 68811.000000, Withdraw 50.000000 
User 1, Acc 2 Balance 785.000000, Transfer 23.000000 to Acc 7
User 2, Acc 8 Balance 577.000000, Withdraw 50.000000 
User 1, Acc 6 Balance 5473.000000, Transfer 1167.000000 to Acc 5
[22;32mUser 0, Acc 4 Balance 124.000000, 				Withdraw 1167.000000 --insufficient funds[0m
User 6, Acc 3 Balance 2951.000000, Transfer 29.000000 to Acc 7
User 0, Acc 5 Balance 9370.000000, Withdraw 1307.000000 
User 6, Acc 7 Balance 68832.000000, Transfer 31.000000 to Acc 6
User 0, Acc 1 Balance 709.000000, Transfer 89.000000 to Acc 8
User 2, Acc 9 Balance 17246.000000, Withdraw 50.000000 
User 4, Acc 3 Balance 3078.000000, Transfer 1200.000000 to Acc 8
User 2, Acc 0 Balance 1914.000000, Withdraw 50.000000 
User 4, Acc 2 Balance 1610.000000, Deposit 659.000000 
[22;32mUser 3, Acc 1 Balance -142.000000, 				Withdraw 41.000000 --insufficient funds[0m
User 6, Acc 7 Balance 68801.000000, Transfer 37.000000 to Acc 5
User 0, Acc 1 Balance 620.000000, Transfer 163.000000 to Acc 9
User 6, Acc 7 Balance 68764.000000, Transfer 3.000000 to Acc 4
User 0, Acc 1 Balance 457.000000, Withdraw 41.000000 
User 6, Acc 7 Balance 68761.000000, Transfer 5.000000 to Acc 4
User 4, Acc 2 Balance 2269.000000, Transfer 1200.000000 to Acc 9
User 2, Acc 0 Balance 1864.000000, Deposit 400.000000 
User 4, Acc 1 Balance 416.000000, Deposit 661.000000 
User 2, Acc 0 Balance 2264.000000, Withdraw 200.000000 
User 2, Acc 1 Balance 1077.000000, Deposit 100.000000 
User 6, Acc 3 Balance 1722.000000, Deposit 929.000000 
User 2, Acc 2 Balance 1069.000000, Deposit 900.000000 
User 6, Acc 4 Balance 132.000000, Deposit 937.000000 
User 2, Acc 1 Balance 1177.000000, Withdraw 50.000000 
User 4, Acc 0 Balance 2264.000000, Deposit 673.000000 
User 2, Acc 2 Balance 1969.000000, Withdraw 150.000000 
User 0, Acc 2 Balance 2269.000000, Withdraw 71.000000 
User 0, Acc 3 Balance 2651.000000, Withdraw 1127.000000 
User 1, Acc 4 Balance 124.000000, Transfer 53.000000 to Acc 5
User 6, Acc 5 Balance 8100.000000, Deposit 941.000000 
User 5, Acc 5 Balance 8203.000000, Withdraw 307.000000 
User 4, Acc 0 Balance 2737.000000, Transfer 1200.000000 to Acc 9
User 5, Acc 6 Balance 4337.000000, Withdraw 647.000000 
User 5, Acc 7 Balance 68756.000000, Withdraw 593.000000 
User 3, Acc 2 Balance 2269.000000, Withdraw 71.000000 
User 0, Acc 6 Balance 4337.000000, Withdraw 647.000000 
User 1, Acc 7 Balance 68756.000000, Withdraw 1593.000000 
User 6, Acc 4 Balance 1016.000000, Withdraw 167.000000 
User 2, Acc 3 Balance 2651.000000, Deposit 500.000000 
User 4, Acc 1 Balance 1127.000000, Withdraw 50.000000 
User 2, Acc 2 Balance 1677.000000, Transfer 300.000000 to Acc 1
User 4, Acc 2 Balance 1677.000000, Withdraw 50.000000 
User 2, Acc 3 Balance 2024.000000, Transfer 300.000000 to Acc 1
User 2, Acc 0 Balance 1537.000000, Deposit 400.000000 
User 0, Acc 6 Balance 3043.000000, Deposit 953.000000 
User 0, Acc 7 Balance 66570.000000, Deposit 967.000000 
User 6, Acc 5 Balance 8787.000000, Withdraw 307.000000 
User 6, Acc 1 Balance 1677.000000, Transfer 89.000000 to Acc 8
User 6, Acc 1 Balance 1588.000000, Transfer 163.000000 to Acc 9
User 6, Acc 1 Balance 1425.000000, Withdraw 41.000000 
User 6, Acc 2 Balance 1327.000000, Withdraw 71.000000 
User 6, Acc 3 Balance 1724.000000, Withdraw 127.000000 
User 6, Acc 6 Balance 3996.000000, Withdraw 647.000000 
User 6, Acc 6 Balance 3349.000000, Deposit 953.000000 
User 6, Acc 7 Balance 67537.000000, Deposit 967.000000 
User 6, Acc 1 Balance 1384.000000, Transfer 19.000000 to Acc 7
User 6, Acc 2 Balance 1256.000000, Transfer 23.000000 to Acc 7
User 6, Acc 6 Balance 4302.000000, Transfer 67.000000 to Acc 5
User 6, Acc 4 Balance 849.000000, Transfer 53.000000 to Acc 5
User 6, Acc 7 Balance 68546.000000, Withdraw 593.000000 
User 6, Acc 8 Balance 1905.000000, Withdraw 449.000000 
User 6, Acc 9 Balance 19922.000000, Withdraw 163.000000 
User 6, Acc 0 Balance 1937.000000, Deposit 400.000000 
User 6, Acc 0 Balance 2337.000000, Withdraw 200.000000 
User 6, Acc 1 Balance 1365.000000, Deposit 100.000000 
User 6, Acc 2 Balance 1233.000000, Deposit 900.000000 
User 6, Acc 1 Balance 1465.000000, Withdraw 50.000000 
User 6, Acc 2 Balance 2133.000000, Withdraw 150.000000 
User 6, Acc 3 Balance 1597.000000, Deposit 500.000000 
User 6, Acc 2 Balance 1983.000000, Transfer 300.000000 to Acc 1
User 6, Acc 3 Balance 2097.000000, Transfer 300.000000 to Acc 1
User 6, Acc 0 Balance 2137.000000, Deposit 400.000000 
User 6, Acc 3 Balance 1797.000000, Withdraw 200.000000 
Balance in 1: 2015.000000
User 6, Acc 0 Balance 2537.000000, Deposit 400.000000 
User 6, Acc 0 Balance 2937.000000, Withdraw 200.000000 
User 6, Acc 1 Balance 2015.000000, Deposit 100.000000 
User 6, Acc 2 Balance 1683.000000, Deposit 900.000000 
User 6, Acc 1 Balance 2115.000000, Withdraw 50.000000 
User 6, Acc 2 Balance 2583.000000, Withdraw 150.000000 
User 6, Acc 3 Balance 1597.000000, Deposit 500.000000 
User 6, Acc 2 Balance 2433.000000, Transfer 300.000000 to Acc 1
User 6, Acc 3 Balance 2097.000000, Transfer 300.000000 to Acc 1
User 6, Acc 0 Balance 2737.000000, Deposit 400.000000 
User 6, Acc 3 Balance 1797.000000, Withdraw 200.000000 
Balance in 1: 2665.000000
User 6, Acc 0 Balance 3137.000000, Deposit 400.000000 
User 6, Acc 0 Balance 3537.000000, Withdraw 200.000000 
User 4, Acc 3 Balance 1724.000000, Withdraw 50.000000 
User 6, Acc 1 Balance 2665.000000, Deposit 100.000000 
User 1, Acc 8 Balance 1816.000000, Withdraw 449.000000 
User 5, Acc 8 Balance 1816.000000, Withdraw 449.000000 
User 5, Acc 9 Balance 19759.000000, Withdraw 163.000000 
User 2, Acc 3 Balance 1724.000000, Withdraw 200.000000 
User 5, Acc 0 Balance 3337.000000, Deposit 400.000000 
Balance in 1: 2765.000000
User 6, Acc 2 Balance 2133.000000, Deposit 900.000000 
User 2, Acc 0 Balance 3737.000000, Deposit 907.000000 
User 1, Acc 9 Balance 19759.000000, Withdraw 163.000000 
User 3, Acc 3 Balance 1524.000000, Withdraw 1127.000000 
User 1, Acc 0 Balance 4644.000000, Deposit 907.000000 
User 5, Acc 0 Balance 3737.000000, Withdraw 200.000000 
User 1, Acc 1 Balance 2765.000000, Deposit 911.000000 
User 5, Acc 1 Balance 2765.000000, Deposit 100.000000 
User 1, Acc 2 Balance 3033.000000, Deposit 919.000000 
User 1, Acc 3 Balance 220.000000, Deposit 929.000000 
User 3, Acc 6 Balance 4235.000000, Withdraw 647.000000 
User 1, Acc 4 Balance 796.000000, Deposit 937.000000 
User 4, Acc 4 Balance 796.000000, Withdraw 50.000000 
User 1, Acc 5 Balance 8600.000000, Deposit 941.000000 
User 6, Acc 1 Balance 2765.000000, Withdraw 50.000000 
User 1, Acc 6 Balance 3588.000000, Deposit 953.000000 
User 6, Acc 2 Balance 3952.000000, Withdraw 150.000000 
User 3, Acc 6 Balance 3588.000000, Deposit 953.000000 
User 6, Acc 3 Balance 1149.000000, Deposit 500.000000 
User 3, Acc 7 Balance 67953.000000, Deposit 967.000000 
User 4, Acc 5 Balance 8600.000000, Withdraw 50.000000 
User 3, Acc 1 Balance 3726.000000, Transfer 19.000000 to Acc 7
User 4, Acc 6 Balance 5494.000000, Withdraw 50.000000 
User 2, Acc 1 Balance 2765.000000, Deposit 911.000000 
User 6, Acc 2 Balance 3802.000000, Transfer 300.000000 to Acc 1
User 1, Acc 7 Balance 67953.000000, Deposit 967.000000 
User 5, Acc 2 Balance 3952.000000, Deposit 900.000000 
User 3, Acc 2 Balance 3802.000000, Transfer 23.000000 to Acc 7
User 5, Acc 1 Balance 4918.000000, Withdraw 50.000000 
User 5, Acc 2 Balance 4402.000000, Withdraw 150.000000 
User 4, Acc 7 Balance 68939.000000, Withdraw 50.000000 
User 2, Acc 2 Balance 3802.000000, Deposit 919.000000 
User 6, Acc 3 Balance 1649.000000, Transfer 300.000000 to Acc 1
User 1, Acc 1 Balance 4918.000000, Transfer 19.000000 to Acc 7
User 0, Acc 1 Balance 1677.000000, Transfer 19.000000 to Acc 7
User 3, Acc 6 Balance 5444.000000, Transfer 1167.000000 to Acc 5
User 5, Acc 3 Balance 1649.000000, Deposit 500.000000 
User 3, Acc 4 Balance 1683.000000, Transfer 53.000000 to Acc 5
User 5, Acc 2 Balance 5148.000000, Transfer 300.000000 to Acc 1
User 2, Acc 3 Balance 1649.000000, Deposit 929.000000 
User 6, Acc 0 Balance 5351.000000, Deposit 400.000000 
User 2, Acc 4 Balance 1630.000000, Deposit 937.000000 
User 0, Acc 2 Balance 5148.000000, Transfer 23.000000 to Acc 7
User 2, Acc 5 Balance 10711.000000, Deposit 941.000000 
User 0, Acc 6 Balance 4277.000000, Transfer 1167.000000 to Acc 5
User 5, Acc 3 Balance 1849.000000, Transfer 300.000000 to Acc 1
User 0, Acc 4 Balance 2567.000000, Transfer 53.000000 to Acc 5
User 6, Acc 3 Balance 2778.000000, Withdraw 200.000000 
User 0, Acc 7 Balance 69940.000000, Withdraw 1593.000000 
User 0, Acc 8 Balance 558.000000, Withdraw 449.000000 
User 2, Acc 6 Balance 4277.000000, Deposit 953.000000 
User 0, Acc 9 Balance 19433.000000, Withdraw 163.000000 
User 5, Acc 0 Balance 5751.000000, Deposit 400.000000 
User 0, Acc 0 Balance 5751.000000, Deposit 907.000000 
User 5, Acc 3 Balance 2278.000000, Withdraw 200.000000 
Balance in 1: 5730.000000
User 0, Acc 1 Balance 5730.000000, Deposit 911.000000 
User 4, Acc 8 Balance 558.000000, Withdraw 50.000000 
User 3, Acc 7 Balance 69917.000000, Withdraw 1593.000000 
User 1, Acc 2 Balance 5148.000000, Transfer 23.000000 to Acc 7
[22;32mUser 3, Acc 8 Balance 59.000000, 				Withdraw 449.000000 --insufficient funds[0m
User 1, Acc 3 Balance 2078.000000, Transfer 29.000000 to Acc 7
User 3, Acc 9 Balance 19270.000000, Withdraw 163.000000 
User 0, Acc 2 Balance 4825.000000, Deposit 919.000000 
User 3, Acc 0 Balance 7058.000000, Deposit 907.000000 
User 0, Acc 3 Balance 2049.000000, Deposit 929.000000 
User 3, Acc 1 Balance 6641.000000, Deposit 911.000000 
User 0, Acc 4 Balance 2514.000000, Deposit 937.000000 
User 0, Acc 5 Balance 12872.000000, Deposit 941.000000 
User 2, Acc 7 Balance 68347.000000, Deposit 967.000000 
User 4, Acc 9 Balance 19270.000000, Withdraw 50.000000 
Balance in 1: 5730.000000
User 4, Acc 0 Balance 7965.000000, Withdraw 50.000000 
User 6, Acc 1 Balance 7552.000000, Withdraw 500.000000 
User 4, Acc 1 Balance 7552.000000, Withdraw 500.000000 
User 6, Acc 2 Balance 5721.000000, Withdraw 500.000000 
User 4, Acc 2 Balance 5721.000000, Withdraw 500.000000 
User 2, Acc 1 Balance 7552.000000, Transfer 19.000000 to Acc 7
User 1, Acc 7 Balance 66806.000000, Transfer 31.000000 to Acc 6
User 2, Acc 2 Balance 4721.000000, Transfer 23.000000 to Acc 7
User 1, Acc 7 Balance 67761.000000, Transfer 37.000000 to Acc 5
User 2, Acc 3 Balance 2978.000000, Transfer 29.000000 to Acc 7
User 1, Acc 7 Balance 67747.000000, Transfer 3.000000 to Acc 4
User 1, Acc 7 Balance 67744.000000, Transfer 5.000000 to Acc 4
User 3, Acc 2 Balance 5721.000000, Deposit 919.000000 
User 1, Acc 6 Balance 4094.000000, Transfer 67.000000 to Acc 5
User 3, Acc 3 Balance 2949.000000, Deposit 929.000000 
User 6, Acc 3 Balance 2978.000000, Withdraw 500.000000 
User 3, Acc 4 Balance 3459.000000, Deposit 937.000000 
User 3, Acc 5 Balance 13917.000000, Deposit 941.000000 
User 2, Acc 7 Balance 67773.000000, Transfer 31.000000 to Acc 6
User 5, Acc 0 Balance 7058.000000, Deposit 907.000000 
User 0, Acc 6 Balance 4063.000000, Deposit 953.000000 
User 1, Acc 4 Balance 3459.000000, Transfer 53.000000 to Acc 5
User 0, Acc 7 Balance 67737.000000, Deposit 967.000000 
User 1, Acc 1 Balance 6533.000000, Transfer 89.000000 to Acc 8
User 1, Acc 1 Balance 6444.000000, Transfer 163.000000 to Acc 9
User 4, Acc 3 Balance 2978.000000, Withdraw 500.000000 
User 1, Acc 1 Balance 6281.000000, Withdraw 41.000000 
User 5, Acc 1 Balance 6533.000000, Deposit 911.000000 
User 1, Acc 2 Balance 5617.000000, Withdraw 71.000000 
User 6, Acc 4 Balance 4396.000000, Withdraw 500.000000 
User 1, Acc 3 Balance 2878.000000, Withdraw 127.000000 
User 3, Acc 6 Balance 4027.000000, Deposit 953.000000 
User 2, Acc 7 Balance 67737.000000, Transfer 37.000000 to Acc 5
User 5, Acc 2 Balance 5617.000000, Deposit 919.000000 
User 2, Acc 7 Balance 68667.000000, Transfer 3.000000 to Acc 4
User 5, Acc 3 Balance 2751.000000, Deposit 929.000000 
User 5, Acc 4 Balance 3843.000000, Deposit 937.000000 
User 1, Acc 4 Balance 3843.000000, Withdraw 167.000000 
User 4, Acc 4 Balance 4343.000000, Withdraw 500.000000 
User 1, Acc 5 Balance 14948.000000, Withdraw 307.000000 
User 1, Acc 6 Balance 5964.000000, Withdraw 647.000000 
User 0, Acc 1 Balance 6444.000000, Transfer 19.000000 to Acc 7
User 6, Acc 5 Balance 14911.000000, Withdraw 500.000000 
User 0, Acc 2 Balance 6465.000000, Transfer 23.000000 to Acc 7
User 0, Acc 3 Balance 3680.000000, Transfer 29.000000 to Acc 7
User 5, Acc 5 Balance 14948.000000, Deposit 941.000000 
User 3, Acc 7 Balance 68704.000000, Deposit 967.000000 
User 3, Acc 1 Balance 7132.000000, Transfer 19.000000 to Acc 7
User 3, Acc 2 Balance 6442.000000, Transfer 23.000000 to Acc 7
User 3, Acc 3 Balance 3651.000000, Transfer 29.000000 to Acc 7
User 3, Acc 7 Balance 69773.000000, Transfer 31.000000 to Acc 6
User 3, Acc 7 Balance 69742.000000, Transfer 37.000000 to Acc 5
User 3, Acc 7 Balance 69705.000000, Transfer 3.000000 to Acc 4
User 3, Acc 7 Balance 69702.000000, Transfer 5.000000 to Acc 4
User 3, Acc 6 Balance 5348.000000, Transfer 67.000000 to Acc 5
User 3, Acc 4 Balance 4124.000000, Transfer 53.000000 to Acc 5
User 5, Acc 6 Balance 5317.000000, Deposit 953.000000 
User 4, Acc 5 Balance 14641.000000, Withdraw 500.000000 
User 1, Acc 7 Balance 68664.000000, Withdraw 593.000000 
User 2, Acc 7 Balance 68664.000000, Transfer 5.000000 to Acc 4
User 6, Acc 6 Balance 5317.000000, Withdraw 500.000000 
User 2, Acc 6 Balance 6234.000000, Transfer 67.000000 to Acc 5
User 3, Acc 1 Balance 7113.000000, Transfer 89.000000 to Acc 8
User 3, Acc 1 Balance 7024.000000, Transfer 163.000000 to Acc 9
User 3, Acc 1 Balance 6861.000000, Withdraw 41.000000 
User 3, Acc 2 Balance 6419.000000, Withdraw 71.000000 
User 3, Acc 3 Balance 3622.000000, Withdraw 127.000000 
User 3, Acc 4 Balance 4076.000000, Withdraw 167.000000 
User 3, Acc 5 Balance 14806.000000, Withdraw 307.000000 
User 3, Acc 6 Balance 5667.000000, Withdraw 647.000000 
User 3, Acc 7 Balance 69099.000000, Withdraw 593.000000 
[22;32mUser 3, Acc 8 Balance 237.000000, 				Withdraw 449.000000 --insufficient funds[0m
User 3, Acc 9 Balance 19383.000000, Withdraw 163.000000 
User 3, Acc 1 Balance 6820.000000, Withdraw 500.000000 
User 4, Acc 6 Balance 6234.000000, Withdraw 500.000000 
[22;32mUser 1, Acc 8 Balance 148.000000, 				Withdraw 449.000000 --insufficient funds[0m
User 6, Acc 7 Balance 69099.000000, Withdraw 500.000000 
User 0, Acc 7 Balance 68735.000000, Transfer 31.000000 to Acc 6
User 2, Acc 4 Balance 4076.000000, Transfer 53.000000 to Acc 5
User 5, Acc 7 Balance 69697.000000, Deposit 967.000000 
User 3, Acc 2 Balance 6348.000000, Withdraw 500.000000 
User 4, Acc 7 Balance 68506.000000, Withdraw 500.000000 
User 3, Acc 3 Balance 3495.000000, Withdraw 500.000000 
[22;32mUser 4, Acc 8 Balance 237.000000, 				Withdraw 500.000000 --insufficient funds[0m
User 0, Acc 7 Balance 67975.000000, Transfer 37.000000 to Acc 5
User 2, Acc 1 Balance 6320.000000, Transfer 89.000000 to Acc 8
User 0, Acc 7 Balance 68405.000000, Transfer 3.000000 to Acc 4
User 0, Acc 7 Balance 68402.000000, Transfer 5.000000 to Acc 4
User 2, Acc 1 Balance 6231.000000, Transfer 163.000000 to Acc 9
User 3, Acc 4 Balance 3856.000000, Withdraw 500.000000 
User 2, Acc 1 Balance 6068.000000, Withdraw 41.000000 
User 3, Acc 5 Balance 14589.000000, Withdraw 500.000000 
User 3, Acc 6 Balance 4551.000000, Withdraw 500.000000 
User 4, Acc 9 Balance 19220.000000, Withdraw 500.000000 
User 1, Acc 9 Balance 19220.000000, Withdraw 163.000000 
User 0, Acc 6 Balance 4551.000000, Transfer 67.000000 to Acc 5
User 1, Acc 1 Balance 6027.000000, Withdraw 500.000000 
[22;32mUser 6, Acc 8 Balance 237.000000, 				Withdraw 500.000000 --insufficient funds[0m
User 1, Acc 2 Balance 5848.000000, Withdraw 500.000000 
User 3, Acc 7 Balance 68397.000000, Withdraw 500.000000 
User 1, Acc 3 Balance 2995.000000, Withdraw 500.000000 
[22;32mUser 3, Acc 8 Balance 326.000000, 				Withdraw 500.000000 --insufficient funds[0m
User 0, Acc 4 Balance 3364.000000, Transfer 53.000000 to Acc 5
User 3, Acc 9 Balance 18720.000000, Withdraw 500.000000 
User 0, Acc 1 Balance 5527.000000, Transfer 89.000000 to Acc 8
User 3, Acc 0 Balance 8822.000000, Withdraw 500.000000 
User 3, Acc 1 Balance 5527.000000, Withdraw 500.000000 
User 1, Acc 4 Balance 3364.000000, Withdraw 500.000000 
User 3, Acc 2 Balance 5348.000000, Withdraw 500.000000 
User 3, Acc 3 Balance 2495.000000, Withdraw 500.000000 
User 5, Acc 1 Balance 6320.000000, Transfer 19.000000 to Acc 7
User 6, Acc 9 Balance 18720.000000, Withdraw 500.000000 
User 4, Acc 0 Balance 8822.000000, Withdraw 500.000000 
User 6, Acc 0 Balance 8322.000000, Withdraw 500.000000 
User 4, Acc 1 Balance 4919.000000, Withdraw 500.000000 
User 6, Acc 1 Balance 4919.000000, Withdraw 500.000000 
User 6, Acc 2 Balance 4848.000000, Withdraw 500.000000 
User 3, Acc 4 Balance 2811.000000, Withdraw 500.000000 
User 6, Acc 3 Balance 1995.000000, Withdraw 500.000000 
User 0, Acc 1 Balance 5438.000000, Transfer 163.000000 to Acc 9
User 2, Acc 2 Balance 5848.000000, Withdraw 71.000000 
User 1, Acc 5 Balance 14209.000000, Withdraw 500.000000 
User 4, Acc 2 Balance 4848.000000, Withdraw 500.000000 
User 1, Acc 6 Balance 3984.000000, Withdraw 500.000000 
User 4, Acc 3 Balance 1495.000000, Withdraw 500.000000 
User 1, Acc 7 Balance 67916.000000, Withdraw 500.000000 
[22;32mUser 1, Acc 8 Balance 415.000000, 				Withdraw 500.000000 --insufficient funds[0m
User 4, Acc 4 Balance 2311.000000, Withdraw 500.000000 
User 4, Acc 5 Balance 13709.000000, Withdraw 500.000000 
User 2, Acc 3 Balance 1495.000000, Withdraw 127.000000 
User 3, Acc 5 Balance 14209.000000, Withdraw 500.000000 
User 5, Acc 2 Balance 4848.000000, Transfer 23.000000 to Acc 7
User 3, Acc 6 Balance 3484.000000, Withdraw 500.000000 
User 3, Acc 7 Balance 67439.000000, Withdraw 500.000000 
[22;32mUser 3, Acc 8 Balance 415.000000, 				Withdraw 500.000000 --insufficient funds[0m
User 3, Acc 9 Balance 17883.000000, Withdraw 500.000000 
User 3, Acc 0 Balance 7322.000000, Withdraw 500.000000 
User 3, Acc 1 Balance 3756.000000, Withdraw 500.000000 
User 3, Acc 2 Balance 3754.000000, Withdraw 500.000000 
User 3, Acc 3 Balance 868.000000, Withdraw 500.000000 
User 3, Acc 4 Balance 1811.000000, Withdraw 500.000000 
User 3, Acc 5 Balance 12709.000000, Withdraw 500.000000 
User 3, Acc 6 Balance 2984.000000, Withdraw 500.000000 
User 3, Acc 7 Balance 66939.000000, Withdraw 500.000000 
User 0, Acc 1 Balance 3756.000000, Withdraw 41.000000 
User 0, Acc 2 Balance 3254.000000, Withdraw 71.000000 
User 4, Acc 6 Balance 3484.000000, Withdraw 500.000000 
User 0, Acc 3 Balance 368.000000, Withdraw 127.000000 
User 2, Acc 4 Balance 1811.000000, Withdraw 167.000000 
User 5, Acc 3 Balance 868.000000, Transfer 29.000000 to Acc 7
User 2, Acc 5 Balance 12209.000000, Withdraw 307.000000 
[22;32mUser 3, Acc 8 Balance 415.000000, 				Withdraw 500.000000 --insufficient funds[0m
User 4, Acc 7 Balance 66439.000000, Withdraw 500.000000 
User 3, Acc 9 Balance 17383.000000, Withdraw 500.000000 
User 1, Acc 9 Balance 17883.000000, Withdraw 500.000000 
User 3, Acc 0 Balance 6822.000000, Withdraw 500.000000 
User 6, Acc 4 Balance 2311.000000, Withdraw 500.000000 
User 3, Acc 1 Balance 3215.000000, Withdraw 500.000000 
User 3, Acc 2 Balance 3183.000000, Withdraw 500.000000 
User 0, Acc 4 Balance 1311.000000, Withdraw 167.000000 
[22;32mUser 4, Acc 8 Balance 415.000000, 				Withdraw 500.000000 --insufficient funds[0m
User 0, Acc 5 Balance 11902.000000, Withdraw 307.000000 
User 4, Acc 9 Balance 16383.000000, Withdraw 500.000000 
User 0, Acc 6 Balance 1984.000000, Withdraw 647.000000 
User 0, Acc 7 Balance 65968.000000, Withdraw 593.000000 
User 6, Acc 5 Balance 11902.000000, Withdraw 500.000000 
[22;32mUser 3, Acc 3 Balance 212.000000, 				Withdraw 500.000000 --insufficient funds[0m
User 1, Acc 0 Balance 6822.000000, Withdraw 500.000000 
[22;32mUser 3, Acc 4 Balance 477.000000, 				Withdraw 500.000000 --insufficient funds[0m
User 1, Acc 1 Balance 2715.000000, Withdraw 500.000000 
User 3, Acc 5 Balance 11095.000000, Withdraw 500.000000 
User 2, Acc 6 Balance 1984.000000, Withdraw 647.000000 
[22;32mUser 0, Acc 8 Balance 415.000000, 				Withdraw 449.000000 --insufficient funds[0m
User 2, Acc 7 Balance 65375.000000, Withdraw 593.000000 
User 0, Acc 9 Balance 15883.000000, Withdraw 163.000000 
User 5, Acc 7 Balance 66468.000000, Transfer 31.000000 to Acc 6
User 4, Acc 0 Balance 6322.000000, Withdraw 500.000000 
User 5, Acc 7 Balance 64751.000000, Transfer 37.000000 to Acc 5
User 4, Acc 1 Balance 2215.000000, Withdraw 500.000000 
User 4, Acc 2 Balance 2683.000000, Withdraw 500.000000 
User 6, Acc 6 Balance 1337.000000, Withdraw 500.000000 
[22;32mUser 2, Acc 8 Balance 415.000000, 				Withdraw 449.000000 --insufficient funds[0m
User 6, Acc 7 Balance 64714.000000, Withdraw 500.000000 
User 2, Acc 9 Balance 15720.000000, Withdraw 163.000000 
User 3, Acc 6 Balance 1337.000000, Withdraw 500.000000 
User 2, Acc 0 Balance 5322.000000, Deposit 907.000000 
[22;32mUser 4, Acc 3 Balance 212.000000, 				Withdraw 500.000000 --insufficient funds[0m
User 0, Acc 0 Balance 5822.000000, Deposit 907.000000 
User 1, Acc 2 Balance 2683.000000, Withdraw 500.000000 
[22;32mUser 6, Acc 8 Balance 415.000000, 				Withdraw 500.000000 --insufficient funds[0m
User 5, Acc 7 Balance 64714.000000, Transfer 3.000000 to Acc 4
User 6, Acc 9 Balance 15557.000000, Withdraw 500.000000 
User 5, Acc 7 Balance 64211.000000, Transfer 5.000000 to Acc 4
User 5, Acc 4 Balance 485.000000, Transfer 53.000000 to Acc 5
[22;32mUser 4, Acc 4 Balance 477.000000, 				Withdraw 500.000000 --insufficient funds[0m
User 0, Acc 1 Balance 1715.000000, Deposit 911.000000 
User 4, Acc 5 Balance 10685.000000, Withdraw 500.000000 
[22;32mUser 1, Acc 3 Balance 212.000000, 				Withdraw 500.000000 --insufficient funds[0m
User 3, Acc 7 Balance 64214.000000, Withdraw 500.000000 
[22;32mUser 3, Acc 8 Balance 415.000000, 				Withdraw 500.000000 --insufficient funds[0m
User 3, Acc 9 Balance 15057.000000, Withdraw 500.000000 
User 3, Acc 0 Balance 7136.000000, Withdraw 500.000000 
User 3, Acc 1 Balance 2626.000000, Withdraw 500.000000 
User 3, Acc 2 Balance 1683.000000, Withdraw 500.000000 
[22;32mUser 3, Acc 3 Balance 212.000000, 				Withdraw 500.000000 --insufficient funds[0m
[22;32mUser 3, Acc 4 Balance 432.000000, 				Withdraw 500.000000 --insufficient funds[0m
User 3, Acc 5 Balance 10185.000000, Withdraw 500.000000 
[22;32mUser 3, Acc 6 Balance -279.000000, 				Withdraw 500.000000 --insufficient funds[0m
[22;32mUser 1, Acc 4 Balance 432.000000, 				Withdraw 500.000000 --insufficient funds[0m
User 2, Acc 1 Balance 1715.000000, Deposit 911.000000 
User 6, Acc 0 Balance 7136.000000, Withdraw 500.000000 
User 2, Acc 2 Balance 1183.000000, Deposit 919.000000 
[22;32mUser 4, Acc 6 Balance -279.000000, 				Withdraw 500.000000 --insufficient funds[0m
User 0, Acc 2 Balance 1683.000000, Deposit 919.000000 
User 4, Acc 7 Balance 63706.000000, Withdraw 500.000000 
[22;32mUser 4, Acc 8 Balance 415.000000, 				Withdraw 500.000000 --insufficient funds[0m
User 3, Acc 7 Balance 63706.000000, Withdraw 500.000000 
User 6, Acc 1 Balance 3037.000000, Withdraw 500.000000 
[22;32mUser 3, Acc 8 Balance 415.000000, 				Withdraw 500.000000 --insufficient funds[0m
User 5, Acc 1 Balance 1715.000000, Transfer 89.000000 to Acc 8
User 2, Acc 3 Balance 212.000000, Transfer 29.000000 to Acc 7
User 5, Acc 1 Balance 2448.000000, Transfer 163.000000 to Acc 9
User 2, Acc 7 Balance 62735.000000, Transfer 31.000000 to Acc 6
User 6, Acc 2 Balance 3021.000000, Withdraw 500.000000 
User 2, Acc 7 Balance 62704.000000, Transfer 37.000000 to Acc 5
[22;32mUser 6, Acc 3 Balance 183.000000, 				Withdraw 500.000000 --insufficient funds[0m
User 2, Acc 7 Balance 62667.000000, Transfer 3.000000 to Acc 4
[22;32mUser 6, Acc 4 Balance 432.000000, 				Withdraw 500.000000 --insufficient funds[0m
User 1, Acc 5 Balance 9685.000000, Withdraw 500.000000 
User 6, Acc 5 Balance 9722.000000, Withdraw 500.000000 
[22;32mUser 1, Acc 6 Balance -248.000000, 				Withdraw 500.000000 --insufficient funds[0m
User 1, Acc 7 Balance 62664.000000, Withdraw 500.000000 
User 4, Acc 9 Balance 14557.000000, Withdraw 500.000000 
User 2, Acc 7 Balance 62664.000000, Transfer 5.000000 to Acc 4
User 5, Acc 1 Balance 2285.000000, Withdraw 41.000000 
User 2, Acc 3 Balance 183.000000, Deposit 929.000000 
User 3, Acc 9 Balance 14557.000000, Withdraw 500.000000 
[22;32mUser 6, Acc 6 Balance -248.000000, 				Withdraw 500.000000 --insufficient funds[0m
User 3, Acc 0 Balance 6136.000000, Withdraw 500.000000 
User 6, Acc 7 Balance 62159.000000, Withdraw 500.000000 
User 3, Acc 1 Balance 2244.000000, Withdraw 500.000000 
User 3, Acc 2 Balance 2521.000000, Withdraw 500.000000 
User 2, Acc 4 Balance 440.000000, Deposit 937.000000 
User 3, Acc 3 Balance 1112.000000, Withdraw 500.000000 
[22;32mUser 3, Acc 4 Balance 440.000000, 				Withdraw 500.000000 --insufficient funds[0m
User 0, Acc 3 Balance 212.000000, Transfer 29.000000 to Acc 7
User 1, Acc 8 Balance 504.000000, Withdraw 500.000000 
User 0, Acc 7 Balance 61688.000000, Transfer 31.000000 to Acc 6
User 6, Acc 8 Balance 504.000000, Withdraw 500.000000 
User 5, Acc 2 Balance 2521.000000, Withdraw 71.000000 
User 6, Acc 9 Balance 13720.000000, Withdraw 500.000000 
User 5, Acc 3 Balance 583.000000, Withdraw 127.000000 
User 5, Acc 4 Balance 1377.000000, Withdraw 167.000000 
User 1, Acc 9 Balance 13720.000000, Withdraw 500.000000 
User 4, Acc 0 Balance 6136.000000, Withdraw 500.000000 
User 1, Acc 0 Balance 5636.000000, Withdraw 500.000000 
User 4, Acc 0 Balance 5136.000000, Deposit 907.000000 
User 4, Acc 1 Balance 1744.000000, Deposit 911.000000 
User 3, Acc 5 Balance 8722.000000, Withdraw 500.000000 
User 4, Acc 2 Balance 1950.000000, Deposit 919.000000 
User 5, Acc 5 Balance 8722.000000, Withdraw 307.000000 
User 4, Acc 3 Balance 456.000000, Transfer 29.000000 to Acc 7
User 4, Acc 7 Balance 61686.000000, Transfer 31.000000 to Acc 6
User 4, Acc 7 Balance 61655.000000, Transfer 37.000000 to Acc 5
User 4, Acc 7 Balance 61618.000000, Transfer 3.000000 to Acc 4
User 6, Acc 0 Balance 5636.000000, Withdraw 500.000000 
User 6, Acc 0 Balance 5043.000000, Deposit 907.000000 
User 6, Acc 1 Balance 2655.000000, Deposit 911.000000 
User 6, Acc 2 Balance 2869.000000, Deposit 919.000000 
User 6, Acc 3 Balance 427.000000, Transfer 29.000000 to Acc 7
User 6, Acc 7 Balance 61644.000000, Transfer 31.000000 to Acc 6
User 6, Acc 7 Balance 61613.000000, Transfer 37.000000 to Acc 5
User 6, Acc 7 Balance 61576.000000, Transfer 3.000000 to Acc 4
User 6, Acc 7 Balance 61573.000000, Transfer 5.000000 to Acc 4
User 6, Acc 3 Balance 398.000000, Deposit 929.000000 
User 6, Acc 4 Balance 1221.000000, Deposit 937.000000 
User 4, Acc 7 Balance 61615.000000, Transfer 5.000000 to Acc 4
User 4, Acc 3 Balance 1327.000000, Deposit 929.000000 
User 4, Acc 4 Balance 2163.000000, Deposit 937.000000 
User 4, Acc 5 Balance 7989.000000, Deposit 941.000000 
User 4, Acc 4 Balance 3100.000000, Withdraw 167.000000 
User 4, Acc 5 Balance 8930.000000, Withdraw 307.000000 
User 4, Acc 1 Balance 3566.000000, Transfer 89.000000 to Acc 8
User 4, Acc 1 Balance 3477.000000, Transfer 163.000000 to Acc 9
User 4, Acc 1 Balance 3314.000000, Withdraw 41.000000 
User 4, Acc 2 Balance 3788.000000, Withdraw 71.000000 
User 4, Acc 3 Balance 2256.000000, Withdraw 127.000000 
User 6, Acc 5 Balance 7989.000000, Deposit 941.000000 
[22;32mUser 3, Acc 6 Balance -217.000000, 				Withdraw 500.000000 --insufficient funds[0m
User 6, Acc 4 Balance 2933.000000, Withdraw 167.000000 
User 3, Acc 7 Balance 61563.000000, Withdraw 500.000000 
User 1, Acc 1 Balance 1744.000000, Withdraw 500.000000 
[22;32mUser 3, Acc 8 Balance -407.000000, 				Withdraw 500.000000 --insufficient funds[0m
User 3, Acc 9 Balance 12883.000000, Withdraw 500.000000 
User 1, Acc 2 Balance 3717.000000, Withdraw 500.000000 
User 3, Acc 0 Balance 5950.000000, Withdraw 500.000000 
User 1, Acc 3 Balance 2129.000000, Withdraw 500.000000 
User 3, Acc 0 Balance 5450.000000, Deposit 907.000000 
User 2, Acc 5 Balance 8722.000000, Deposit 941.000000 
User 2, Acc 4 Balance 2766.000000, Withdraw 167.000000 
User 2, Acc 5 Balance 10505.000000, Withdraw 307.000000 
User 2, Acc 1 Balance 2773.000000, Transfer 89.000000 to Acc 8
User 2, Acc 1 Balance 2684.000000, Transfer 163.000000 to Acc 9
User 2, Acc 1 Balance 2521.000000, Withdraw 41.000000 
User 2, Acc 2 Balance 3217.000000, Withdraw 71.000000 
User 2, Acc 3 Balance 1629.000000, Withdraw 127.000000 
User 1, Acc 4 Balance 2766.000000, Withdraw 500.000000 
[22;32mUser 2, Acc 6 Balance -155.000000, 				Withdraw 647.000000 --insufficient funds[0m
User 3, Acc 1 Balance 2773.000000, Deposit 911.000000 
[22;32mUser 4, Acc 6 Balance -155.000000, 				Withdraw 647.000000 --insufficient funds[0m
User 0, Acc 7 Balance 61657.000000, Transfer 37.000000 to Acc 5
User 6, Acc 5 Balance 9564.000000, Withdraw 307.000000 
User 1, Acc 5 Balance 10198.000000, Withdraw 500.000000 
User 2, Acc 6 Balance -155.000000, Deposit 953.000000 
[22;32mUser 1, Acc 6 Balance -155.000000, 				Withdraw 500.000000 --insufficient funds[0m
User 2, Acc 7 Balance 61026.000000, Deposit 967.000000 
User 1, Acc 7 Balance 61026.000000, Withdraw 500.000000 
User 2, Acc 1 Balance 3391.000000, Transfer 19.000000 to Acc 7
[22;32mUser 1, Acc 8 Balance -318.000000, 				Withdraw 500.000000 --insufficient funds[0m
User 2, Acc 2 Balance 3146.000000, Transfer 23.000000 to Acc 7
User 1, Acc 9 Balance 12546.000000, Withdraw 500.000000 
User 2, Acc 6 Balance 798.000000, Transfer 67.000000 to Acc 5
User 1, Acc 0 Balance 6357.000000, Withdraw 500.000000 
User 2, Acc 4 Balance 2099.000000, Transfer 53.000000 to Acc 5
User 3, Acc 2 Balance 3146.000000, Deposit 919.000000 
[22;32mUser 5, Acc 6 Balance -217.000000, 				Withdraw 647.000000 --insufficient funds[0m
User 3, Acc 3 Balance 1502.000000, Transfer 29.000000 to Acc 7
User 5, Acc 7 Balance 61535.000000, Withdraw 593.000000 
User 0, Acc 7 Balance 61026.000000, Transfer 3.000000 to Acc 4
User 0, Acc 7 Balance 60968.000000, Transfer 5.000000 to Acc 4
User 4, Acc 6 Balance -155.000000, Deposit 953.000000 
User 4, Acc 7 Balance 60963.000000, Deposit 967.000000 
User 4, Acc 1 Balance 3372.000000, Transfer 19.000000 to Acc 7
User 4, Acc 2 Balance 4042.000000, Transfer 23.000000 to Acc 7
User 4, Acc 6 Balance 1684.000000, Transfer 67.000000 to Acc 5
User 4, Acc 4 Balance 2054.000000, Transfer 53.000000 to Acc 5
User 6, Acc 1 Balance 3391.000000, Transfer 89.000000 to Acc 8
User 2, Acc 7 Balance 61535.000000, Withdraw 593.000000 
User 0, Acc 3 Balance 1473.000000, Deposit 929.000000 
[22;32mUser 2, Acc 8 Balance -229.000000, 				Withdraw 449.000000 --insufficient funds[0m
User 2, Acc 9 Balance 12046.000000, Withdraw 163.000000 
User 4, Acc 7 Balance 61972.000000, Withdraw 593.000000 
[22;32mUser 4, Acc 8 Balance -229.000000, 				Withdraw 449.000000 --insufficient funds[0m
User 6, Acc 1 Balance 3264.000000, Transfer 163.000000 to Acc 9
User 4, Acc 9 Balance 11883.000000, Withdraw 163.000000 
User 6, Acc 1 Balance 3101.000000, Withdraw 41.000000 
User 6, Acc 2 Balance 4019.000000, Withdraw 71.000000 
[22;32mUser 5, Acc 8 Balance -318.000000, 				Withdraw 449.000000 --insufficient funds[0m
User 6, Acc 3 Balance 2402.000000, Withdraw 127.000000 
User 3, Acc 7 Balance 61564.000000, Transfer 31.000000 to Acc 6
User 5, Acc 9 Balance 11883.000000, Withdraw 163.000000 
User 3, Acc 7 Balance 60755.000000, Transfer 37.000000 to Acc 5
User 0, Acc 4 Balance 2001.000000, Deposit 937.000000 
User 6, Acc 6 Balance 1617.000000, Withdraw 647.000000 
User 3, Acc 7 Balance 60718.000000, Transfer 3.000000 to Acc 4
User 3, Acc 7 Balance 60715.000000, Transfer 5.000000 to Acc 4
User 6, Acc 6 Balance 1001.000000, Deposit 953.000000 
User 6, Acc 7 Balance 60710.000000, Deposit 967.000000 
User 3, Acc 3 Balance 2275.000000, Deposit 929.000000 
User 0, Acc 5 Balance 9705.000000, Deposit 941.000000 
User 6, Acc 1 Balance 3060.000000, Transfer 19.000000 to Acc 7
User 0, Acc 4 Balance 2946.000000, Withdraw 167.000000 
User 0, Acc 5 Balance 10646.000000, Withdraw 307.000000 
User 0, Acc 1 Balance 3041.000000, Transfer 89.000000 to Acc 8
User 0, Acc 1 Balance 2952.000000, Transfer 163.000000 to Acc 9
User 3, Acc 4 Balance 2946.000000, Deposit 937.000000 
User 0, Acc 1 Balance 2789.000000, Withdraw 41.000000 
User 0, Acc 2 Balance 3948.000000, Withdraw 71.000000 
User 0, Acc 3 Balance 3204.000000, Withdraw 127.000000 
User 0, Acc 6 Balance 1954.000000, Withdraw 647.000000 
User 0, Acc 6 Balance 1307.000000, Deposit 953.000000 
User 0, Acc 7 Balance 61696.000000, Deposit 967.000000 
User 3, Acc 5 Balance 10339.000000, Deposit 941.000000 
User 3, Acc 4 Balance 3716.000000, Withdraw 167.000000 
User 3, Acc 5 Balance 11280.000000, Withdraw 307.000000 
User 6, Acc 2 Balance 3948.000000, Transfer 23.000000 to Acc 7
User 0, Acc 1 Balance 2748.000000, Transfer 19.000000 to Acc 7
User 3, Acc 1 Balance 2748.000000, Transfer 89.000000 to Acc 8
User 6, Acc 6 Balance 2260.000000, Transfer 67.000000 to Acc 5
User 0, Acc 2 Balance 3854.000000, Transfer 23.000000 to Acc 7
User 3, Acc 1 Balance 2640.000000, Transfer 163.000000 to Acc 9
User 3, Acc 1 Balance 2477.000000, Withdraw 41.000000 
User 0, Acc 6 Balance 2193.000000, Transfer 67.000000 to Acc 5
User 6, Acc 4 Balance 3549.000000, Transfer 53.000000 to Acc 5
User 6, Acc 7 Balance 62728.000000, Withdraw 593.000000 
User 0, Acc 4 Balance 3549.000000, Transfer 53.000000 to Acc 5
User 3, Acc 2 Balance 3831.000000, Withdraw 71.000000 
User 0, Acc 7 Balance 62135.000000, Withdraw 593.000000 
[22;32mUser 0, Acc 8 Balance -51.000000, 				Withdraw 449.000000 --insufficient funds[0m
User 0, Acc 9 Balance 12046.000000, Withdraw 163.000000 
[22;32mUser 6, Acc 8 Balance -51.000000, 				Withdraw 449.000000 --insufficient funds[0m
User 6, Acc 9 Balance 11883.000000, Withdraw 163.000000 
User 3, Acc 3 Balance 3077.000000, Withdraw 127.000000 
User 3, Acc 6 Balance 2126.000000, Withdraw 647.000000 
User 3, Acc 6 Balance 1479.000000, Deposit 953.000000 
User 3, Acc 7 Balance 61542.000000, Deposit 967.000000 
User 3, Acc 1 Balance 2436.000000, Transfer 19.000000 to Acc 7
User 3, Acc 2 Balance 3760.000000, Transfer 23.000000 to Acc 7
User 3, Acc 6 Balance 2432.000000, Transfer 67.000000 to Acc 5
User 3, Acc 4 Balance 3443.000000, Transfer 53.000000 to Acc 5
User 3, Acc 7 Balance 62551.000000, Withdraw 593.000000 
[22;32mUser 3, Acc 8 Balance -51.000000, 				Withdraw 449.000000 --insufficient funds[0m
User 3, Acc 9 Balance 11720.000000, Withdraw 163.000000 
  ***     End of transaction batch    ***  
Account 0 balance after completion of transaction batch: 5857.000000
Account 1 balance after completion of transaction batch: 2417.000000
Account 2 balance after completion of transaction batch: 3737.000000
Account 3 balance after completion of transaction batch: 2950.000000
Account 4 balance after completion of transaction batch: 3390.000000
Account 5 balance after completion of transaction batch: 11333.000000
Account 6 balance after completion of transaction batch: 2365.000000
Account 7 balance after completion of transaction batch: 61958.000000
Account 8 balance after completion of transaction batch: -51.000000
Account 9 balance after completion of transaction batch: 11557.000000
