# Output generated by:
# ./my_executable 7 data/transactions7.txt data/transactions11.txt data/transactions6.txt data/transactions9.txt data/transactions3.txt data/transactions8.txt data/transactions4.txt

********************************************
   Reading and parsing a transaction file   
********************************************
Parsed transaction: deposit 7 9929.000000 
Loaded deposit transaction
Parsed transaction: deposit 4 937.000000 
Loaded deposit transaction
Parsed transaction: deposit 5 941.000000 
Loaded deposit transaction
Parsed transaction: deposit 0 7.000000 
Loaded deposit transaction
Parsed transaction: deposit 3 29.000000 
Loaded deposit transaction
Parsed transaction: deposit 7 9.000000 
Loaded deposit transaction
Parsed transaction: deposit 9 129.000000 
Loaded deposit transaction
Parsed transaction: transfer 3 7 29.000000 
Loaded transfer transaction
Parsed transaction: transfer 7 6 31.000000 
Loaded transfer transaction
Parsed transaction: transfer 7 5 137.000000 
Loaded transfer transaction
Parsed transaction: transfer 7 4 3.000000 
Loaded transfer transaction
Parsed transaction: transfer 7 4 5.000000 
Loaded transfer transaction
Parsed transaction: withdraw 4 1167.000000 
Loaded withdrawal transaction
Parsed transaction: withdraw 5 1307.000000 
Loaded withdrawal transaction
Parsed transaction: transfer 1 8 89.000000 
Loaded transfer transaction
Parsed transaction: transfer 1 9 163.000000 
Loaded transfer transaction
Parsed transaction: withdraw 1 41.000000 
Loaded withdrawal transaction
Parsed transaction: withdraw 2 71.000000 
Loaded withdrawal transaction
Parsed transaction: withdraw 3 1127.000000 
Loaded withdrawal transaction
Parsed transaction: withdraw 6 647.000000 
Loaded withdrawal transaction
Parsed transaction: deposit 6 1953.000000 
Loaded deposit transaction
Parsed transaction: deposit 7 967.000000 
Loaded deposit transaction
Parsed transaction: transfer 1 7 19.000000 
Loaded transfer transaction
Parsed transaction: transfer 2 7 23.000000 
Loaded transfer transaction
Parsed transaction: transfer 6 5 1167.000000 
Loaded transfer transaction
Parsed transaction: transfer 4 5 53.000000 
Loaded transfer transaction
Parsed transaction: withdraw 7 1593.000000 
Loaded withdrawal transaction
Parsed transaction: withdraw 8 449.000000 
Loaded withdrawal transaction
Parsed transaction: withdraw 9 163.000000 
Loaded withdrawal transaction
********************************************
********************************************
   Reading and parsing a transaction file   
********************************************
Parsed transaction: deposit 9 617.000000 
Loaded deposit transaction
Parsed transaction: transfer 9 9 617.000000 
Loaded transfer transaction
Parsed transaction: deposit 8 619.000000 
Loaded deposit transaction
Parsed transaction: transfer 8 2 619.000000 
Loaded transfer transaction
Parsed transaction: deposit 7 631.000000 
Loaded deposit transaction
Parsed transaction: transfer 7 3 631.000000 
Loaded transfer transaction
Parsed transaction: deposit 6 641.000000 
Loaded deposit transaction
Parsed transaction: transfer 6 4 641.000000 
Loaded transfer transaction
Parsed transaction: deposit 5 643.000000 
Loaded deposit transaction
Parsed transaction: transfer 5 6 1200.000000 
Loaded transfer transaction
Parsed transaction: deposit 4 647.000000 
Loaded deposit transaction
Parsed transaction: transfer 4 7 1200.000000 
Loaded transfer transaction
Parsed transaction: deposit 3 653.000000 
Loaded deposit transaction
Parsed transaction: transfer 3 8 1200.000000 
Loaded transfer transaction
Parsed transaction: deposit 2 659.000000 
Loaded deposit transaction
Parsed transaction: transfer 2 9 1200.000000 
Loaded transfer transaction
Parsed transaction: deposit 1 661.000000 
Loaded deposit transaction
Parsed transaction: transfer 1 9 1200.000000 
Loaded transfer transaction
Parsed transaction: deposit 0 673.000000 
Loaded deposit transaction
Parsed transaction: transfer 0 9 1200.000000 
Loaded transfer transaction
Parsed transaction: withdraw 1 50.000000 
Loaded withdrawal transaction
Parsed transaction: withdraw 2 50.000000 
Loaded withdrawal transaction
Parsed transaction: withdraw 3 50.000000 
Loaded withdrawal transaction
Parsed transaction: withdraw 4 50.000000 
Loaded withdrawal transaction
Parsed transaction: withdraw 5 50.000000 
Loaded withdrawal transaction
Parsed transaction: withdraw 6 50.000000 
Loaded withdrawal transaction
Parsed transaction: withdraw 7 50.000000 
Loaded withdrawal transaction
Parsed transaction: withdraw 8 50.000000 
Loaded withdrawal transaction
Parsed transaction: withdraw 9 50.000000 
Loaded withdrawal transaction
Parsed transaction: withdraw 0 50.000000 
Loaded withdrawal transaction
********************************************
********************************************
   Reading and parsing a transaction file   
********************************************
Parsed transaction: deposit 0 7.000000 
Loaded deposit transaction
Parsed transaction: deposit 1 11.000000 
Loaded deposit transaction
Parsed transaction: deposit 2 9.000000 
Loaded deposit transaction
Parsed transaction: transfer 3 7 29.000000 
Loaded transfer transaction
Parsed transaction: transfer 7 6 31.000000 
Loaded transfer transaction
Parsed transaction: transfer 7 5 137.000000 
Loaded transfer transaction
Parsed transaction: transfer 7 4 3.000000 
Loaded transfer transaction
Parsed transaction: transfer 7 4 5.000000 
Loaded transfer transaction
Parsed transaction: deposit 3 929.000000 
Loaded deposit transaction
Parsed transaction: deposit 4 937.000000 
Loaded deposit transaction
Parsed transaction: deposit 5 941.000000 
Loaded deposit transaction
Parsed transaction: withdraw 4 1167.000000 
Loaded withdrawal transaction
Parsed transaction: withdraw 5 1307.000000 
Loaded withdrawal transaction
Parsed transaction: transfer 1 8 89.000000 
Loaded transfer transaction
Parsed transaction: transfer 1 9 163.000000 
Loaded transfer transaction
Parsed transaction: withdraw 1 41.000000 
Loaded withdrawal transaction
Parsed transaction: withdraw 2 71.000000 
Loaded withdrawal transaction
Parsed transaction: withdraw 3 1127.000000 
Loaded withdrawal transaction
Parsed transaction: withdraw 6 647.000000 
Loaded withdrawal transaction
Parsed transaction: deposit 6 953.000000 
Loaded deposit transaction
Parsed transaction: deposit 7 967.000000 
Loaded deposit transaction
Parsed transaction: transfer 1 7 19.000000 
Loaded transfer transaction
Parsed transaction: transfer 2 7 23.000000 
Loaded transfer transaction
Parsed transaction: transfer 6 5 1167.000000 
Loaded transfer transaction
Parsed transaction: transfer 4 5 53.000000 
Loaded transfer transaction
Parsed transaction: withdraw 7 1593.000000 
Loaded withdrawal transaction
Parsed transaction: withdraw 8 449.000000 
Loaded withdrawal transaction
Parsed transaction: withdraw 9 163.000000 
Loaded withdrawal transaction
********************************************
********************************************
   Reading and parsing a transaction file   
********************************************
Parsed transaction: deposit 9 617.000000 
Loaded deposit transaction
Parsed transaction: transfer 9 1 617.000000 
Loaded transfer transaction
Parsed transaction: deposit 8 619.000000 
Loaded deposit transaction
Parsed transaction: transfer 8 2 619.000000 
Loaded transfer transaction
Parsed transaction: deposit 7 631.000000 
Loaded deposit transaction
Parsed transaction: transfer 7 3 631.000000 
Loaded transfer transaction
Parsed transaction: deposit 6 641.000000 
Loaded deposit transaction
Parsed transaction: transfer 6 4 641.000000 
Loaded transfer transaction
Parsed transaction: deposit 5 643.000000 
Loaded deposit transaction
Parsed transaction: transfer 5 6 1200.000000 
Loaded transfer transaction
Parsed transaction: deposit 4 647.000000 
Loaded deposit transaction
Parsed transaction: transfer 4 7 1200.000000 
Loaded transfer transaction
Parsed transaction: deposit 3 653.000000 
Loaded deposit transaction
Parsed transaction: transfer 3 8 1200.000000 
Loaded transfer transaction
Parsed transaction: deposit 2 659.000000 
Loaded deposit transaction
Parsed transaction: transfer 2 9 1200.000000 
Loaded transfer transaction
Parsed transaction: deposit 1 661.000000 
Loaded deposit transaction
Parsed transaction: transfer 1 9 1200.000000 
Loaded transfer transaction
Parsed transaction: deposit 0 673.000000 
Loaded deposit transaction
Parsed transaction: transfer 0 9 1200.000000 
Loaded transfer transaction
Parsed transaction: withdraw 1 50.000000 
Loaded withdrawal transaction
Parsed transaction: withdraw 2 50.000000 
Loaded withdrawal transaction
Parsed transaction: withdraw 3 50.000000 
Loaded withdrawal transaction
Parsed transaction: withdraw 4 50.000000 
Loaded withdrawal transaction
Parsed transaction: withdraw 5 50.000000 
Loaded withdrawal transaction
Parsed transaction: withdraw 6 50.000000 
Loaded withdrawal transaction
Parsed transaction: withdraw 7 50.000000 
Loaded withdrawal transaction
Parsed transaction: withdraw 8 50.000000 
Loaded withdrawal transaction
Parsed transaction: withdraw 9 50.000000 
Loaded withdrawal transaction
Parsed transaction: withdraw 0 50.000000 
Loaded withdrawal transaction
********************************************
********************************************
   Reading and parsing a transaction file   
********************************************
Parsed transaction: deposit 0 400.000000 
Loaded deposit transaction
Parsed transaction: withdraw 0 200.000000 
Loaded withdrawal transaction
Parsed transaction: deposit 1 100.000000 
Loaded deposit transaction
Parsed transaction: deposit 2 900.000000 
Loaded deposit transaction
Parsed transaction: withdraw 1 50.000000 
Loaded withdrawal transaction
Parsed transaction: withdraw 2 150.000000 
Loaded withdrawal transaction
Parsed transaction: deposit 3 500.000000 
Loaded deposit transaction
Parsed transaction: transfer 2 1 300.000000 
Loaded transfer transaction
Parsed transaction: transfer 3 1 300.000000 
Loaded transfer transaction
Parsed transaction: deposit 0 400.000000 
Loaded deposit transaction
Parsed transaction: withdraw 3 200.000000 
Loaded withdrawal transaction
Parsed transaction: balance 1 
Loaded balance transaction
********************************************
********************************************
   Reading and parsing a transaction file   
********************************************
Parsed transaction: deposit 9 617.000000 
Loaded deposit transaction
Parsed transaction: transfer 9 1 617.000000 
Loaded transfer transaction
Parsed transaction: deposit 8 619.000000 
Loaded deposit transaction
Parsed transaction: transfer 8 2 619.000000 
Loaded transfer transaction
Parsed transaction: deposit 7 631.000000 
Loaded deposit transaction
Parsed transaction: transfer 7 3 631.000000 
Loaded transfer transaction
Parsed transaction: deposit 6 641.000000 
Loaded deposit transaction
Parsed transaction: transfer 6 4 641.000000 
Loaded transfer transaction
Parsed transaction: deposit 5 643.000000 
Loaded deposit transaction
Parsed transaction: transfer 5 6 1200.000000 
Loaded transfer transaction
Parsed transaction: deposit 4 647.000000 
Loaded deposit transaction
Parsed transaction: transfer 4 7 1200.000000 
Loaded transfer transaction
Parsed transaction: deposit 3 653.000000 
Loaded deposit transaction
Parsed transaction: transfer 3 8 1200.000000 
Loaded transfer transaction
Parsed transaction: deposit 2 659.000000 
Loaded deposit transaction
Parsed transaction: transfer 2 9 1200.000000 
Loaded transfer transaction
Parsed transaction: deposit 1 661.000000 
Loaded deposit transaction
Parsed transaction: transfer 1 9 1200.000000 
Loaded transfer transaction
Parsed transaction: deposit 0 673.000000 
Loaded deposit transaction
Parsed transaction: transfer 0 9 1200.000000 
Loaded transfer transaction
********************************************
********************************************
   Reading and parsing a transaction file   
********************************************
Parsed transaction: deposit 0 907.000000 
Loaded deposit transaction
Parsed transaction: deposit 1 911.000000 
Loaded deposit transaction
Parsed transaction: deposit 2 919.000000 
Loaded deposit transaction
Parsed transaction: deposit 3 929.000000 
Loaded deposit transaction
Parsed transaction: deposit 4 937.000000 
Loaded deposit transaction
Parsed transaction: deposit 5 941.000000 
Loaded deposit transaction
Parsed transaction: deposit 6 953.000000 
Loaded deposit transaction
Parsed transaction: deposit 7 967.000000 
Loaded deposit transaction
Parsed transaction: transfer 1 7 19.000000 
Loaded transfer transaction
Parsed transaction: transfer 2 7 23.000000 
Loaded transfer transaction
Parsed transaction: transfer 3 7 29.000000 
Loaded transfer transaction
Parsed transaction: transfer 7 6 31.000000 
Loaded transfer transaction
Parsed transaction: transfer 7 5 37.000000 
Loaded transfer transaction
Parsed transaction: transfer 7 4 3.000000 
Loaded transfer transaction
Parsed transaction: transfer 7 4 5.000000 
Loaded transfer transaction
Parsed transaction: transfer 6 5 67.000000 
Loaded transfer transaction
Parsed transaction: transfer 4 5 53.000000 
Loaded transfer transaction
Parsed transaction: transfer 1 8 89.000000 
Loaded transfer transaction
Parsed transaction: transfer 1 9 163.000000 
Loaded transfer transaction
Parsed transaction: withdraw 1 41.000000 
Loaded withdrawal transaction
Parsed transaction: withdraw 2 71.000000 
Loaded withdrawal transaction
Parsed transaction: withdraw 3 127.000000 
Loaded withdrawal transaction
Parsed transaction: withdraw 4 167.000000 
Loaded withdrawal transaction
Parsed transaction: withdraw 5 307.000000 
Loaded withdrawal transaction
Parsed transaction: withdraw 6 647.000000 
Loaded withdrawal transaction
Parsed transaction: withdraw 7 593.000000 
Loaded withdrawal transaction
Parsed transaction: withdraw 8 449.000000 
Loaded withdrawal transaction
Parsed transaction: withdraw 9 163.000000 
Loaded withdrawal transaction
********************************************
  ***    Start of transaction batch    ***  
User 0, Acc 7 Balance 0.000000, Deposit 9929.000000 
User 0, Acc 4 Balance 0.000000, Deposit 937.000000 
User 0, Acc 5 Balance 0.000000, Deposit 941.000000 
User 0, Acc 0 Balance 0.000000, Deposit 7.000000 
User 0, Acc 3 Balance 0.000000, Deposit 29.000000 
User 0, Acc 7 Balance 9929.000000, Deposit 9.000000 
User 0, Acc 9 Balance 0.000000, Deposit 129.000000 
User 0, Acc 3 Balance 29.000000, Transfer 29.000000 to Acc 7
User 0, Acc 7 Balance 9967.000000, Transfer 31.000000 to Acc 6
User 0, Acc 7 Balance 9936.000000, Transfer 137.000000 to Acc 5
User 0, Acc 7 Balance 9799.000000, Transfer 3.000000 to Acc 4
User 0, Acc 7 Balance 9796.000000, Transfer 5.000000 to Acc 4
[22;32mUser 0, Acc 4 Balance 945.000000, 				Withdraw 1167.000000 --insufficient funds[0m
[22;32mUser 0, Acc 5 Balance 1078.000000, 				Withdraw 1307.000000 --insufficient funds[0m
[22;32mUser 0, Acc 1 Balance 0.000000, 				Withdraw 41.000000 --insufficient funds[0m
[22;32mUser 0, Acc 2 Balance 0.000000, 				Withdraw 71.000000 --insufficient funds[0m
[22;32mUser 0, Acc 3 Balance 0.000000, 				Withdraw 1127.000000 --insufficient funds[0m
[22;32mUser 0, Acc 6 Balance 31.000000, 				Withdraw 647.000000 --insufficient funds[0m
User 0, Acc 6 Balance 31.000000, Deposit 1953.000000 
User 0, Acc 7 Balance 9791.000000, Deposit 967.000000 
User 0, Acc 6 Balance 1984.000000, Transfer 1167.000000 to Acc 5
User 0, Acc 4 Balance 945.000000, Transfer 53.000000 to Acc 5
User 0, Acc 7 Balance 10758.000000, Withdraw 1593.000000 
[22;32mUser 0, Acc 8 Balance 0.000000, 				Withdraw 449.000000 --insufficient funds[0m
[22;32mUser 0, Acc 9 Balance 129.000000, 				Withdraw 163.000000 --insufficient funds[0m
User 0, Acc 9 Balance 129.000000, Deposit 617.000000 
User 0, Acc 9 Balance 746.000000, Transfer 617.000000 to Acc 9
User 0, Acc 8 Balance 0.000000, Deposit 619.000000 
User 0, Acc 8 Balance 619.000000, Transfer 619.000000 to Acc 2
User 0, Acc 7 Balance 9165.000000, Deposit 631.000000 
User 0, Acc 7 Balance 9796.000000, Transfer 631.000000 to Acc 3
User 0, Acc 6 Balance 817.000000, Deposit 641.000000 
User 0, Acc 6 Balance 1458.000000, Transfer 641.000000 to Acc 4
User 0, Acc 5 Balance 2298.000000, Deposit 643.000000 
User 0, Acc 5 Balance 2941.000000, Transfer 1200.000000 to Acc 6
User 0, Acc 4 Balance 1533.000000, Deposit 647.000000 
User 0, Acc 4 Balance 2180.000000, Transfer 1200.000000 to Acc 7
User 0, Acc 3 Balance 631.000000, Deposit 653.000000 
User 0, Acc 3 Balance 1284.000000, Transfer 1200.000000 to Acc 8
User 0, Acc 2 Balance 619.000000, Deposit 659.000000 
User 0, Acc 2 Balance 1278.000000, Transfer 1200.000000 to Acc 9
User 6, Acc 9 Balance 746.000000, Deposit 617.000000 
User 4, Acc 0 Balance 7.000000, Deposit 400.000000 
User 2, Acc 9 Balance 746.000000, Deposit 617.000000 
User 3, Acc 0 Balance 7.000000, Deposit 907.000000 
User 5, Acc 7 Balance 10365.000000, Deposit 9929.000000 
User 5, Acc 4 Balance 980.000000, Deposit 937.000000 
User 5, Acc 5 Balance 1741.000000, Deposit 941.000000 
User 5, Acc 0 Balance 1314.000000, Deposit 7.000000 
User 5, Acc 3 Balance 84.000000, Deposit 29.000000 
User 5, Acc 7 Balance 20294.000000, Deposit 9.000000 
User 5, Acc 9 Balance 3180.000000, Deposit 129.000000 
User 5, Acc 3 Balance 113.000000, Transfer 29.000000 to Acc 7
User 5, Acc 7 Balance 20332.000000, Transfer 31.000000 to Acc 6
User 5, Acc 7 Balance 20301.000000, Transfer 137.000000 to Acc 5
User 5, Acc 7 Balance 20164.000000, Transfer 3.000000 to Acc 4
User 4, Acc 0 Balance 407.000000, Withdraw 200.000000 
User 5, Acc 7 Balance 20161.000000, Transfer 5.000000 to Acc 4
User 4, Acc 1 Balance 0.000000, Deposit 100.000000 
User 3, Acc 1 Balance 0.000000, Deposit 911.000000 
User 5, Acc 4 Balance 1925.000000, Withdraw 1167.000000 
User 1, Acc 0 Balance 7.000000, Deposit 7.000000 
User 5, Acc 5 Balance 2819.000000, Withdraw 1307.000000 
User 2, Acc 9 Balance 3180.000000, Transfer 617.000000 to Acc 1
User 4, Acc 2 Balance 78.000000, Deposit 900.000000 
User 3, Acc 2 Balance 78.000000, Deposit 919.000000 
User 4, Acc 1 Balance 1628.000000, Withdraw 50.000000 
User 4, Acc 2 Balance 978.000000, Withdraw 150.000000 
User 3, Acc 3 Balance 84.000000, Deposit 929.000000 
User 1, Acc 1 Balance 1011.000000, Deposit 11.000000 
User 5, Acc 1 Balance 1011.000000, Transfer 89.000000 to Acc 8
User 5, Acc 1 Balance 1500.000000, Transfer 163.000000 to Acc 9
User 5, Acc 1 Balance 1337.000000, Withdraw 41.000000 
User 5, Acc 2 Balance 1747.000000, Withdraw 71.000000 
User 4, Acc 3 Balance 84.000000, Deposit 500.000000 
[22;32mUser 5, Acc 3 Balance 1013.000000, 				Withdraw 1127.000000 --insufficient funds[0m
User 1, Acc 2 Balance 1747.000000, Deposit 9.000000 
User 5, Acc 6 Balance 2048.000000, Withdraw 647.000000 
User 1, Acc 3 Balance 1513.000000, Transfer 29.000000 to Acc 7
User 5, Acc 6 Balance 1401.000000, Deposit 1953.000000 
User 3, Acc 4 Balance 758.000000, Deposit 937.000000 
User 5, Acc 7 Balance 20185.000000, Deposit 967.000000 
User 3, Acc 5 Balance 1512.000000, Deposit 941.000000 
User 5, Acc 1 Balance 1296.000000, Transfer 19.000000 to Acc 7
User 5, Acc 2 Balance 1685.000000, Transfer 23.000000 to Acc 7
User 6, Acc 9 Balance 2563.000000, Transfer 617.000000 to Acc 1
User 4, Acc 2 Balance 1676.000000, Transfer 300.000000 to Acc 1
User 4, Acc 3 Balance 1484.000000, Transfer 300.000000 to Acc 1
User 3, Acc 6 Balance 3354.000000, Deposit 953.000000 
User 4, Acc 0 Balance 1128.000000, Deposit 400.000000 
User 4, Acc 3 Balance 1184.000000, Withdraw 200.000000 
User 0, Acc 1 Balance 0.000000, Deposit 661.000000 
Balance in 1: 2494.000000
User 0, Acc 1 Balance 3155.000000, Transfer 1200.000000 to Acc 9
User 5, Acc 6 Balance 3354.000000, Transfer 1167.000000 to Acc 5
User 2, Acc 8 Balance 1200.000000, Deposit 619.000000 
User 5, Acc 4 Balance 1695.000000, Transfer 53.000000 to Acc 5
User 1, Acc 7 Balance 20185.000000, Transfer 31.000000 to Acc 6
User 5, Acc 7 Balance 21194.000000, Withdraw 1593.000000 
User 1, Acc 7 Balance 21163.000000, Transfer 137.000000 to Acc 5
User 5, Acc 8 Balance 1908.000000, Withdraw 449.000000 
User 0, Acc 0 Balance 1528.000000, Deposit 673.000000 
User 5, Acc 9 Balance 3438.000000, Withdraw 163.000000 
User 0, Acc 0 Balance 2201.000000, Transfer 1200.000000 to Acc 9
User 0, Acc 1 Balance 1955.000000, Withdraw 50.000000 
User 0, Acc 2 Balance 1362.000000, Withdraw 50.000000 
User 0, Acc 3 Balance 984.000000, Withdraw 50.000000 
User 0, Acc 4 Balance 1642.000000, Withdraw 50.000000 
User 0, Acc 5 Balance 3810.000000, Withdraw 50.000000 
User 0, Acc 6 Balance 3171.000000, Withdraw 50.000000 
User 0, Acc 7 Balance 19433.000000, Withdraw 50.000000 
User 0, Acc 8 Balance 1459.000000, Withdraw 50.000000 
User 0, Acc 9 Balance 4475.000000, Withdraw 50.000000 
User 0, Acc 0 Balance 1001.000000, Withdraw 50.000000 
User 0, Acc 7 Balance 19383.000000, Deposit 9929.000000 
User 0, Acc 4 Balance 1592.000000, Deposit 937.000000 
User 0, Acc 5 Balance 3760.000000, Deposit 941.000000 
User 0, Acc 0 Balance 951.000000, Deposit 7.000000 
User 0, Acc 3 Balance 934.000000, Deposit 29.000000 
User 0, Acc 7 Balance 29312.000000, Deposit 9.000000 
User 0, Acc 9 Balance 4425.000000, Deposit 129.000000 
User 0, Acc 3 Balance 963.000000, Transfer 29.000000 to Acc 7
User 1, Acc 7 Balance 19433.000000, Transfer 3.000000 to Acc 4
User 2, Acc 8 Balance 1908.000000, Transfer 619.000000 to Acc 2
User 3, Acc 7 Balance 21194.000000, Deposit 967.000000 
User 2, Acc 7 Balance 29347.000000, Deposit 631.000000 
User 3, Acc 1 Balance 1905.000000, Transfer 19.000000 to Acc 7
User 5, Acc 7 Balance 19433.000000, Deposit 9929.000000 
User 6, Acc 8 Balance 1289.000000, Deposit 619.000000 
User 5, Acc 4 Balance 2532.000000, Deposit 937.000000 
User 1, Acc 7 Balance 29347.000000, Transfer 5.000000 to Acc 4
User 2, Acc 7 Balance 30945.000000, Transfer 631.000000 to Acc 3
User 1, Acc 3 Balance 934.000000, Deposit 929.000000 
User 3, Acc 2 Balance 1931.000000, Transfer 23.000000 to Acc 7
User 1, Acc 4 Balance 3474.000000, Deposit 937.000000 
User 3, Acc 3 Balance 2494.000000, Transfer 29.000000 to Acc 7
User 5, Acc 5 Balance 4701.000000, Deposit 941.000000 
User 4, Acc 7 Balance 21194.000000, Deposit 9929.000000 
User 5, Acc 0 Balance 958.000000, Deposit 7.000000 
User 6, Acc 8 Balance 1409.000000, Transfer 619.000000 to Acc 2
User 0, Acc 7 Balance 29350.000000, Transfer 31.000000 to Acc 6
User 1, Acc 5 Balance 4701.000000, Deposit 941.000000 
User 3, Acc 7 Balance 40309.000000, Transfer 31.000000 to Acc 6
User 3, Acc 7 Balance 50176.000000, Transfer 37.000000 to Acc 5
User 3, Acc 7 Balance 50139.000000, Transfer 3.000000 to Acc 4
User 3, Acc 7 Balance 50136.000000, Transfer 5.000000 to Acc 4
User 3, Acc 6 Balance 3183.000000, Transfer 67.000000 to Acc 5
User 3, Acc 4 Balance 4419.000000, Transfer 53.000000 to Acc 5
User 5, Acc 3 Balance 2465.000000, Deposit 29.000000 
User 5, Acc 7 Balance 50131.000000, Deposit 9.000000 
User 5, Acc 9 Balance 4554.000000, Deposit 129.000000 
User 5, Acc 3 Balance 2494.000000, Transfer 29.000000 to Acc 7
User 5, Acc 7 Balance 50169.000000, Transfer 31.000000 to Acc 6
User 5, Acc 7 Balance 50138.000000, Transfer 137.000000 to Acc 5
User 5, Acc 7 Balance 50001.000000, Transfer 3.000000 to Acc 4
User 6, Acc 7 Balance 50238.000000, Deposit 631.000000 
User 5, Acc 7 Balance 49998.000000, Transfer 5.000000 to Acc 4
User 6, Acc 7 Balance 50629.000000, Transfer 631.000000 to Acc 3
User 5, Acc 4 Balance 4374.000000, Withdraw 1167.000000 
User 2, Acc 6 Balance 3121.000000, Deposit 641.000000 
User 5, Acc 5 Balance 6877.000000, Withdraw 1307.000000 
User 0, Acc 7 Balance 50207.000000, Transfer 137.000000 to Acc 5
User 1, Acc 4 Balance 4411.000000, Withdraw 1167.000000 
User 0, Acc 7 Balance 49856.000000, Transfer 3.000000 to Acc 4
User 1, Acc 5 Balance 5707.000000, Withdraw 1307.000000 
User 3, Acc 1 Balance 1886.000000, Transfer 89.000000 to Acc 8
User 1, Acc 1 Balance 1886.000000, Transfer 89.000000 to Acc 8
User 3, Acc 1 Balance 1797.000000, Transfer 163.000000 to Acc 9
User 3, Acc 1 Balance 1634.000000, Withdraw 41.000000 
User 6, Acc 6 Balance 3147.000000, Deposit 641.000000 
User 3, Acc 2 Balance 2527.000000, Withdraw 71.000000 
User 4, Acc 4 Balance 4411.000000, Deposit 937.000000 
User 3, Acc 3 Balance 3096.000000, Withdraw 127.000000 
User 2, Acc 6 Balance 3788.000000, Transfer 641.000000 to Acc 4
User 3, Acc 4 Balance 2980.000000, Withdraw 167.000000 
User 5, Acc 1 Balance 1886.000000, Transfer 89.000000 to Acc 8
User 3, Acc 5 Balance 4400.000000, Withdraw 307.000000 
User 5, Acc 1 Balance 1415.000000, Transfer 163.000000 to Acc 9
User 3, Acc 6 Balance 3788.000000, Withdraw 647.000000 
User 3, Acc 7 Balance 49853.000000, Withdraw 593.000000 
User 3, Acc 8 Balance 1057.000000, Withdraw 449.000000 
User 6, Acc 6 Balance 4429.000000, Transfer 641.000000 to Acc 4
User 3, Acc 9 Balance 5009.000000, Withdraw 163.000000 
User 4, Acc 5 Balance 4400.000000, Deposit 941.000000 
User 1, Acc 1 Balance 1545.000000, Transfer 163.000000 to Acc 9
User 4, Acc 0 Balance 965.000000, Deposit 7.000000 
User 1, Acc 1 Balance 1089.000000, Withdraw 41.000000 
User 4, Acc 3 Balance 2969.000000, Deposit 29.000000 
User 1, Acc 2 Balance 2456.000000, Withdraw 71.000000 
User 4, Acc 7 Balance 49260.000000, Deposit 9.000000 
User 1, Acc 3 Balance 2998.000000, Withdraw 1127.000000 
User 4, Acc 9 Balance 5009.000000, Deposit 129.000000 
User 1, Acc 6 Balance 2500.000000, Withdraw 647.000000 
User 4, Acc 3 Balance 1871.000000, Transfer 29.000000 to Acc 7
User 3, Acc 7 Balance 49260.000000, Deposit 9929.000000 
User 4, Acc 7 Balance 49298.000000, Transfer 31.000000 to Acc 6
User 3, Acc 4 Balance 4095.000000, Deposit 937.000000 
User 0, Acc 7 Balance 49853.000000, Transfer 5.000000 to Acc 4
User 3, Acc 5 Balance 5034.000000, Deposit 941.000000 
User 0, Acc 4 Balance 5037.000000, Withdraw 1167.000000 
User 2, Acc 5 Balance 4400.000000, Deposit 643.000000 
User 6, Acc 5 Balance 4093.000000, Deposit 643.000000 
User 2, Acc 5 Balance 6618.000000, Transfer 1200.000000 to Acc 6
User 6, Acc 5 Balance 7261.000000, Transfer 1200.000000 to Acc 6
User 2, Acc 4 Balance 3870.000000, Deposit 647.000000 
User 2, Acc 4 Balance 4517.000000, Transfer 1200.000000 to Acc 7
User 5, Acc 1 Balance 1252.000000, Withdraw 41.000000 
User 5, Acc 2 Balance 2385.000000, Withdraw 71.000000 
User 6, Acc 4 Balance 3317.000000, Deposit 647.000000 
User 5, Acc 3 Balance 1842.000000, Withdraw 1127.000000 
User 0, Acc 5 Balance 5975.000000, Withdraw 1307.000000 
User 2, Acc 3 Balance 1842.000000, Deposit 653.000000 
User 0, Acc 1 Balance 1007.000000, Transfer 89.000000 to Acc 8
User 2, Acc 3 Balance 1368.000000, Transfer 1200.000000 to Acc 8
User 1, Acc 6 Balance 1853.000000, Deposit 953.000000 
User 2, Acc 2 Balance 2314.000000, Deposit 659.000000 
User 1, Acc 7 Balance 60391.000000, Deposit 967.000000 
User 1, Acc 1 Balance 918.000000, Transfer 19.000000 to Acc 7
User 5, Acc 6 Balance 4284.000000, Withdraw 647.000000 
User 0, Acc 1 Balance 918.000000, Transfer 163.000000 to Acc 9
User 5, Acc 6 Balance 4590.000000, Deposit 1953.000000 
User 3, Acc 0 Balance 972.000000, Deposit 7.000000 
User 2, Acc 2 Balance 2973.000000, Transfer 1200.000000 to Acc 9
User 4, Acc 7 Balance 59196.000000, Transfer 137.000000 to Acc 5
User 1, Acc 2 Balance 2973.000000, Transfer 23.000000 to Acc 7
User 4, Acc 7 Balance 61240.000000, Transfer 3.000000 to Acc 4
User 0, Acc 1 Balance 736.000000, Withdraw 41.000000 
User 6, Acc 4 Balance 3964.000000, Transfer 1200.000000 to Acc 7
User 0, Acc 2 Balance 1750.000000, Withdraw 71.000000 
User 5, Acc 7 Balance 61377.000000, Deposit 967.000000 
User 1, Acc 6 Balance 6543.000000, Transfer 1167.000000 to Acc 5
User 5, Acc 1 Balance 695.000000, Transfer 19.000000 to Acc 7
User 4, Acc 7 Balance 61260.000000, Transfer 5.000000 to Acc 4
User 5, Acc 2 Balance 1679.000000, Transfer 23.000000 to Acc 7
User 6, Acc 3 Balance 168.000000, Deposit 653.000000 
User 6, Acc 2 Balance 1656.000000, Deposit 659.000000 
User 1, Acc 4 Balance 2767.000000, Transfer 53.000000 to Acc 5
User 6, Acc 2 Balance 2315.000000, Transfer 1200.000000 to Acc 9
User 1, Acc 7 Balance 63464.000000, Withdraw 1593.000000 
User 2, Acc 1 Balance 736.000000, Deposit 661.000000 
User 1, Acc 8 Balance 1897.000000, Withdraw 449.000000 
User 2, Acc 1 Balance 1337.000000, Transfer 1200.000000 to Acc 9
User 2, Acc 0 Balance 979.000000, Deposit 673.000000 
User 4, Acc 4 Balance 2772.000000, Withdraw 1167.000000 
User 6, Acc 1 Balance 676.000000, Deposit 661.000000 
User 5, Acc 6 Balance 5376.000000, Transfer 1167.000000 to Acc 5
User 5, Acc 4 Balance 1552.000000, Transfer 53.000000 to Acc 5
User 5, Acc 7 Balance 61871.000000, Withdraw 1593.000000 
User 5, Acc 8 Balance 1448.000000, Withdraw 449.000000 
User 5, Acc 9 Balance 8901.000000, Withdraw 163.000000 
User 5, Acc 9 Balance 8738.000000, Deposit 617.000000 
User 5, Acc 9 Balance 9355.000000, Transfer 617.000000 to Acc 9
User 5, Acc 8 Balance 999.000000, Deposit 619.000000 
User 5, Acc 8 Balance 1618.000000, Transfer 619.000000 to Acc 2
User 5, Acc 7 Balance 60278.000000, Deposit 631.000000 
User 5, Acc 7 Balance 60909.000000, Transfer 631.000000 to Acc 3
User 5, Acc 6 Balance 4209.000000, Deposit 641.000000 
User 5, Acc 6 Balance 4850.000000, Transfer 641.000000 to Acc 4
User 5, Acc 5 Balance 6131.000000, Deposit 643.000000 
User 5, Acc 5 Balance 6774.000000, Transfer 1200.000000 to Acc 6
User 5, Acc 4 Balance 2140.000000, Deposit 647.000000 
User 5, Acc 4 Balance 2787.000000, Transfer 1200.000000 to Acc 7
User 5, Acc 3 Balance 1452.000000, Deposit 653.000000 
User 5, Acc 3 Balance 2105.000000, Transfer 1200.000000 to Acc 8
User 5, Acc 2 Balance 1734.000000, Deposit 659.000000 
User 5, Acc 2 Balance 2393.000000, Transfer 1200.000000 to Acc 9
User 5, Acc 1 Balance 798.000000, Deposit 661.000000 
User 5, Acc 1 Balance 1459.000000, Transfer 1200.000000 to Acc 9
User 5, Acc 0 Balance 1652.000000, Deposit 673.000000 
User 5, Acc 0 Balance 2325.000000, Transfer 1200.000000 to Acc 9
User 5, Acc 1 Balance 259.000000, Withdraw 50.000000 
User 5, Acc 2 Balance 1193.000000, Withdraw 50.000000 
User 5, Acc 3 Balance 905.000000, Withdraw 50.000000 
User 5, Acc 4 Balance 1587.000000, Withdraw 50.000000 
User 5, Acc 5 Balance 5574.000000, Withdraw 50.000000 
User 5, Acc 6 Balance 5409.000000, Withdraw 50.000000 
User 5, Acc 7 Balance 61478.000000, Withdraw 50.000000 
User 5, Acc 8 Balance 2199.000000, Withdraw 50.000000 
User 5, Acc 9 Balance 12955.000000, Withdraw 50.000000 
User 5, Acc 0 Balance 1125.000000, Withdraw 50.000000 
User 1, Acc 9 Balance 8901.000000, Withdraw 163.000000 
User 1, Acc 9 Balance 12742.000000, Deposit 617.000000 
User 1, Acc 9 Balance 13359.000000, Transfer 617.000000 to Acc 9
User 1, Acc 8 Balance 2149.000000, Deposit 619.000000 
User 1, Acc 8 Balance 2768.000000, Transfer 619.000000 to Acc 2
User 4, Acc 5 Balance 4911.000000, Withdraw 1307.000000 
User 4, Acc 1 Balance 209.000000, Transfer 89.000000 to Acc 8
User 4, Acc 1 Balance 120.000000, Withdraw 41.000000 
User 4, Acc 2 Balance 1762.000000, Withdraw 71.000000 
[22;32mUser 4, Acc 3 Balance 855.000000, 				Withdraw 1127.000000 --insufficient funds[0m
User 5, Acc 9 Balance 12905.000000, Deposit 617.000000 
User 5, Acc 9 Balance 13976.000000, Transfer 617.000000 to Acc 9
User 3, Acc 3 Balance 168.000000, Deposit 29.000000 
User 2, Acc 0 Balance 1652.000000, Transfer 1200.000000 to Acc 9
User 1, Acc 7 Balance 61428.000000, Deposit 631.000000 
User 2, Acc 9 Balance 15176.000000, Deposit 617.000000 
User 1, Acc 7 Balance 62059.000000, Transfer 631.000000 to Acc 3
[22;32mUser 0, Acc 3 Balance 168.000000, 				Withdraw 1127.000000 --insufficient funds[0m
User 1, Acc 6 Balance 5359.000000, Deposit 641.000000 
User 0, Acc 6 Balance 5359.000000, Withdraw 647.000000 
User 6, Acc 0 Balance 1652.000000, Deposit 673.000000 
User 2, Acc 9 Balance 15793.000000, Transfer 617.000000 to Acc 9
User 6, Acc 1 Balance 79.000000, Withdraw 50.000000 
User 6, Acc 2 Balance 1691.000000, Withdraw 50.000000 
User 2, Acc 8 Balance 2238.000000, Deposit 619.000000 
User 6, Acc 3 Balance 1515.000000, Withdraw 50.000000 
User 6, Acc 4 Balance 1537.000000, Withdraw 50.000000 
User 3, Acc 7 Balance 61428.000000, Deposit 9.000000 
User 6, Acc 5 Balance 4217.000000, Withdraw 50.000000 
User 3, Acc 9 Balance 15793.000000, Deposit 129.000000 
User 6, Acc 6 Balance 5353.000000, Withdraw 50.000000 
User 3, Acc 3 Balance 1465.000000, Transfer 29.000000 to Acc 7
User 6, Acc 7 Balance 61437.000000, Withdraw 50.000000 
User 3, Acc 7 Balance 61466.000000, Transfer 31.000000 to Acc 6
User 6, Acc 8 Balance 2857.000000, Withdraw 50.000000 
User 4, Acc 6 Balance 5359.000000, Withdraw 647.000000 
User 6, Acc 9 Balance 15922.000000, Withdraw 50.000000 
User 1, Acc 6 Balance 6000.000000, Transfer 641.000000 to Acc 4
User 0, Acc 6 Balance 5353.000000, Deposit 1953.000000 
User 0, Acc 7 Balance 61385.000000, Deposit 967.000000 
User 4, Acc 6 Balance 4687.000000, Deposit 1953.000000 
User 0, Acc 1 Balance 29.000000, Transfer 19.000000 to Acc 7
User 2, Acc 8 Balance 2857.000000, Transfer 619.000000 to Acc 2
User 0, Acc 2 Balance 1641.000000, Transfer 23.000000 to Acc 7
User 2, Acc 7 Balance 62371.000000, Deposit 631.000000 
User 0, Acc 6 Balance 7952.000000, Transfer 1167.000000 to Acc 5
User 5, Acc 8 Balance 2238.000000, Deposit 619.000000 
User 4, Acc 7 Balance 62352.000000, Deposit 967.000000 
User 5, Acc 8 Balance 2807.000000, Transfer 619.000000 to Acc 2
User 1, Acc 5 Balance 4167.000000, Deposit 643.000000 
User 2, Acc 7 Balance 63025.000000, Transfer 631.000000 to Acc 3
User 1, Acc 5 Balance 5977.000000, Transfer 1200.000000 to Acc 6
User 2, Acc 6 Balance 6785.000000, Deposit 641.000000 
User 1, Acc 4 Balance 2128.000000, Deposit 647.000000 
User 4, Acc 2 Balance 2237.000000, Transfer 23.000000 to Acc 7
User 1, Acc 4 Balance 2775.000000, Transfer 1200.000000 to Acc 7
User 4, Acc 6 Balance 8626.000000, Transfer 1167.000000 to Acc 5
User 1, Acc 3 Balance 2067.000000, Deposit 653.000000 
User 4, Acc 4 Balance 1575.000000, Transfer 53.000000 to Acc 5
User 1, Acc 3 Balance 2720.000000, Transfer 1200.000000 to Acc 8
User 4, Acc 7 Balance 64584.000000, Withdraw 1593.000000 
User 1, Acc 2 Balance 2833.000000, Deposit 659.000000 
User 4, Acc 8 Balance 3388.000000, Withdraw 449.000000 
User 1, Acc 2 Balance 3492.000000, Transfer 1200.000000 to Acc 9
User 4, Acc 9 Balance 15872.000000, Withdraw 163.000000 
User 1, Acc 1 Balance 10.000000, Deposit 661.000000 
User 6, Acc 0 Balance 548.000000, Withdraw 50.000000 
User 5, Acc 7 Balance 63992.000000, Deposit 631.000000 
User 3, Acc 7 Balance 61385.000000, Transfer 137.000000 to Acc 5
User 0, Acc 4 Balance 2128.000000, Transfer 53.000000 to Acc 5
User 3, Acc 7 Balance 63485.000000, Transfer 3.000000 to Acc 4
User 4, Acc 7 Balance 62991.000000, Deposit 9929.000000 
User 6, Acc 0 Balance 498.000000, Deposit 7.000000 
User 4, Acc 4 Balance 1472.000000, Deposit 937.000000 
User 6, Acc 1 Balance 671.000000, Deposit 11.000000 
User 6, Acc 2 Balance 2292.000000, Deposit 9.000000 
User 4, Acc 5 Balance 6187.000000, Deposit 941.000000 
User 0, Acc 7 Balance 63485.000000, Withdraw 1593.000000 
User 3, Acc 7 Balance 63482.000000, Transfer 5.000000 to Acc 4
User 0, Acc 8 Balance 2939.000000, Withdraw 449.000000 
User 3, Acc 4 Balance 2414.000000, Withdraw 1167.000000 
User 3, Acc 5 Balance 7128.000000, Withdraw 1307.000000 
User 6, Acc 3 Balance 1520.000000, Transfer 29.000000 to Acc 7
User 4, Acc 0 Balance 505.000000, Deposit 7.000000 
User 6, Acc 7 Balance 71842.000000, Transfer 31.000000 to Acc 6
User 6, Acc 7 Balance 71811.000000, Transfer 137.000000 to Acc 5
User 4, Acc 3 Balance 1491.000000, Deposit 29.000000 
User 0, Acc 9 Balance 16909.000000, Withdraw 163.000000 
User 5, Acc 7 Balance 63622.000000, Transfer 631.000000 to Acc 3
User 0, Acc 9 Balance 16746.000000, Deposit 617.000000 
User 5, Acc 6 Balance 7490.000000, Deposit 641.000000 
User 0, Acc 9 Balance 17363.000000, Transfer 617.000000 to Acc 9
User 5, Acc 6 Balance 8131.000000, Transfer 641.000000 to Acc 4
User 0, Acc 8 Balance 2490.000000, Deposit 619.000000 
User 5, Acc 5 Balance 5958.000000, Deposit 643.000000 
User 0, Acc 8 Balance 3109.000000, Transfer 619.000000 to Acc 2
User 5, Acc 5 Balance 6601.000000, Transfer 1200.000000 to Acc 6
User 0, Acc 7 Balance 71043.000000, Deposit 631.000000 
User 5, Acc 4 Balance 1888.000000, Deposit 647.000000 
User 0, Acc 7 Balance 71674.000000, Transfer 631.000000 to Acc 3
User 5, Acc 4 Balance 2535.000000, Transfer 1200.000000 to Acc 7
User 0, Acc 6 Balance 8690.000000, Deposit 641.000000 
User 5, Acc 3 Balance 2782.000000, Deposit 653.000000 
User 0, Acc 6 Balance 9331.000000, Transfer 641.000000 to Acc 4
User 5, Acc 3 Balance 3435.000000, Transfer 1200.000000 to Acc 8
User 0, Acc 5 Balance 5401.000000, Deposit 643.000000 
User 0, Acc 5 Balance 6044.000000, Transfer 1200.000000 to Acc 6
User 0, Acc 4 Balance 1976.000000, Deposit 647.000000 
User 0, Acc 4 Balance 2623.000000, Transfer 1200.000000 to Acc 7
User 3, Acc 1 Balance 682.000000, Transfer 89.000000 to Acc 8
User 3, Acc 1 Balance 593.000000, Transfer 163.000000 to Acc 9
User 3, Acc 1 Balance 430.000000, Withdraw 41.000000 
User 3, Acc 2 Balance 2920.000000, Withdraw 71.000000 
User 3, Acc 3 Balance 2235.000000, Withdraw 1127.000000 
User 3, Acc 6 Balance 9890.000000, Withdraw 647.000000 
User 3, Acc 6 Balance 9243.000000, Deposit 1953.000000 
User 3, Acc 7 Balance 73443.000000, Deposit 967.000000 
User 3, Acc 1 Balance 389.000000, Transfer 19.000000 to Acc 7
User 3, Acc 2 Balance 2849.000000, Transfer 23.000000 to Acc 7
User 6, Acc 7 Balance 71674.000000, Transfer 3.000000 to Acc 4
User 3, Acc 6 Balance 11196.000000, Transfer 1167.000000 to Acc 5
User 4, Acc 7 Balance 71674.000000, Deposit 9.000000 
User 1, Acc 0 Balance 548.000000, Deposit 673.000000 
User 1, Acc 1 Balance 370.000000, Withdraw 50.000000 
User 1, Acc 2 Balance 2826.000000, Withdraw 50.000000 
User 1, Acc 3 Balance 1108.000000, Withdraw 50.000000 
User 1, Acc 4 Balance 1426.000000, Withdraw 50.000000 
User 1, Acc 5 Balance 6011.000000, Withdraw 50.000000 
User 1, Acc 6 Balance 10029.000000, Withdraw 50.000000 
User 1, Acc 7 Balance 74458.000000, Withdraw 50.000000 
User 1, Acc 8 Balance 3779.000000, Withdraw 50.000000 
User 1, Acc 9 Balance 17526.000000, Withdraw 50.000000 
User 1, Acc 0 Balance 1185.000000, Withdraw 50.000000 
User 1, Acc 0 Balance 1135.000000, Deposit 7.000000 
User 1, Acc 1 Balance 320.000000, Deposit 11.000000 
User 1, Acc 2 Balance 2776.000000, Deposit 9.000000 
User 1, Acc 3 Balance 1058.000000, Transfer 29.000000 to Acc 7
User 1, Acc 7 Balance 74437.000000, Transfer 31.000000 to Acc 6
User 1, Acc 7 Balance 74406.000000, Transfer 137.000000 to Acc 5
User 1, Acc 7 Balance 74269.000000, Transfer 3.000000 to Acc 4
User 1, Acc 7 Balance 74266.000000, Transfer 5.000000 to Acc 4
User 1, Acc 3 Balance 1029.000000, Deposit 929.000000 
User 1, Acc 4 Balance 1384.000000, Deposit 937.000000 
User 1, Acc 5 Balance 6098.000000, Deposit 941.000000 
User 1, Acc 4 Balance 2321.000000, Withdraw 1167.000000 
User 1, Acc 5 Balance 7039.000000, Withdraw 1307.000000 
User 1, Acc 1 Balance 331.000000, Transfer 89.000000 to Acc 8
User 1, Acc 1 Balance 242.000000, Transfer 163.000000 to Acc 9
User 4, Acc 9 Balance 17526.000000, Deposit 129.000000 
User 4, Acc 3 Balance 1958.000000, Transfer 29.000000 to Acc 7
User 4, Acc 7 Balance 74290.000000, Transfer 31.000000 to Acc 6
User 4, Acc 7 Balance 74259.000000, Transfer 137.000000 to Acc 5
User 4, Acc 7 Balance 74122.000000, Transfer 3.000000 to Acc 4
User 0, Acc 3 Balance 2235.000000, Deposit 653.000000 
User 4, Acc 7 Balance 74119.000000, Transfer 5.000000 to Acc 4
User 3, Acc 4 Balance 1426.000000, Transfer 53.000000 to Acc 5
[22;32mUser 4, Acc 4 Balance 1162.000000, 				Withdraw 1167.000000 --insufficient funds[0m
User 5, Acc 2 Balance 2920.000000, Deposit 659.000000 
User 6, Acc 7 Balance 74449.000000, Transfer 5.000000 to Acc 4
User 5, Acc 2 Balance 3444.000000, Transfer 1200.000000 to Acc 9
User 1, Acc 1 Balance 79.000000, Withdraw 41.000000 
User 5, Acc 1 Balance 79.000000, Deposit 661.000000 
User 1, Acc 2 Balance 2244.000000, Withdraw 71.000000 
User 2, Acc 6 Balance 8626.000000, Transfer 641.000000 to Acc 4
User 4, Acc 5 Balance 5922.000000, Withdraw 1307.000000 
User 2, Acc 5 Balance 5922.000000, Deposit 643.000000 
User 6, Acc 3 Balance 2582.000000, Deposit 929.000000 
User 4, Acc 1 Balance 699.000000, Transfer 89.000000 to Acc 8
User 6, Acc 4 Balance 1755.000000, Deposit 937.000000 
User 4, Acc 1 Balance 610.000000, Transfer 163.000000 to Acc 9
User 1, Acc 3 Balance 2582.000000, Withdraw 1127.000000 
User 4, Acc 1 Balance 447.000000, Withdraw 41.000000 
User 1, Acc 6 Balance 9400.000000, Withdraw 647.000000 
User 5, Acc 0 Balance 1142.000000, Deposit 673.000000 
User 1, Acc 6 Balance 8753.000000, Deposit 953.000000 
User 0, Acc 3 Balance 2582.000000, Transfer 1200.000000 to Acc 8
User 2, Acc 5 Balance 6565.000000, Transfer 1200.000000 to Acc 6
User 0, Acc 2 Balance 2173.000000, Deposit 659.000000 
User 0, Acc 2 Balance 2832.000000, Transfer 1200.000000 to Acc 9
User 5, Acc 0 Balance 1815.000000, Transfer 1200.000000 to Acc 9
User 5, Acc 1 Balance 406.000000, Withdraw 50.000000 
User 5, Acc 2 Balance 1632.000000, Withdraw 50.000000 
User 5, Acc 3 Balance 1184.000000, Withdraw 50.000000 
User 5, Acc 4 Balance 2692.000000, Withdraw 50.000000 
User 5, Acc 5 Balance 4058.000000, Withdraw 50.000000 
User 5, Acc 6 Balance 10906.000000, Withdraw 50.000000 
User 5, Acc 7 Balance 74109.000000, Withdraw 50.000000 
User 3, Acc 7 Balance 74114.000000, Withdraw 1593.000000 
User 4, Acc 2 Balance 2173.000000, Withdraw 71.000000 
User 6, Acc 5 Balance 5258.000000, Deposit 941.000000 
User 4, Acc 3 Balance 1134.000000, Withdraw 1127.000000 
User 1, Acc 7 Balance 74109.000000, Deposit 967.000000 
User 2, Acc 4 Balance 2692.000000, Deposit 647.000000 
User 5, Acc 8 Balance 5107.000000, Withdraw 50.000000 
User 2, Acc 4 Balance 3289.000000, Transfer 1200.000000 to Acc 7
User 0, Acc 1 Balance 406.000000, Deposit 661.000000 
User 2, Acc 3 Balance 7.000000, Deposit 653.000000 
User 0, Acc 0 Balance 615.000000, Deposit 673.000000 
User 1, Acc 1 Balance 356.000000, Transfer 19.000000 to Acc 7
User 0, Acc 0 Balance 1288.000000, Transfer 1200.000000 to Acc 9
User 1, Acc 2 Balance 1511.000000, Transfer 23.000000 to Acc 7
User 0, Acc 1 Balance 998.000000, Withdraw 50.000000 
User 1, Acc 6 Balance 10856.000000, Transfer 1167.000000 to Acc 5
User 2, Acc 2 Balance 1511.000000, Deposit 659.000000 
User 5, Acc 9 Balance 21531.000000, Withdraw 50.000000 
User 2, Acc 2 Balance 2147.000000, Transfer 1200.000000 to Acc 9
User 3, Acc 8 Balance 5107.000000, Withdraw 449.000000 
User 6, Acc 4 Balance 2642.000000, Withdraw 1167.000000 
User 4, Acc 6 Balance 10856.000000, Withdraw 647.000000 
User 0, Acc 2 Balance 1488.000000, Withdraw 50.000000 
User 4, Acc 6 Balance 9042.000000, Deposit 1953.000000 
User 2, Acc 1 Balance 948.000000, Deposit 661.000000 
User 5, Acc 0 Balance 88.000000, Withdraw 50.000000 
User 2, Acc 1 Balance 1609.000000, Transfer 1200.000000 to Acc 9
User 5, Acc 0 Balance 38.000000, Deposit 7.000000 
User 1, Acc 4 Balance 2089.000000, Transfer 53.000000 to Acc 5
User 5, Acc 1 Balance 409.000000, Deposit 11.000000 
User 1, Acc 7 Balance 74675.000000, Withdraw 1593.000000 
User 5, Acc 2 Balance 897.000000, Deposit 9.000000 
User 1, Acc 8 Balance 4608.000000, Withdraw 449.000000 
User 6, Acc 5 Balance 6116.000000, Withdraw 1307.000000 
User 1, Acc 9 Balance 25081.000000, Withdraw 163.000000 
User 0, Acc 3 Balance 660.000000, Withdraw 50.000000 
User 1, Acc 0 Balance 45.000000, Deposit 7.000000 
User 0, Acc 4 Balance 869.000000, Withdraw 50.000000 
User 0, Acc 5 Balance 4862.000000, Withdraw 50.000000 
User 1, Acc 1 Balance 420.000000, Deposit 11.000000 
User 2, Acc 0 Balance 38.000000, Deposit 673.000000 
User 4, Acc 7 Balance 74675.000000, Deposit 967.000000 
User 3, Acc 9 Balance 23881.000000, Withdraw 163.000000 
User 4, Acc 1 Balance 431.000000, Transfer 19.000000 to Acc 7
User 0, Acc 6 Balance 10995.000000, Withdraw 50.000000 
User 4, Acc 2 Balance 906.000000, Transfer 23.000000 to Acc 7
User 6, Acc 1 Balance 420.000000, Transfer 89.000000 to Acc 8
User 4, Acc 6 Balance 10945.000000, Transfer 1167.000000 to Acc 5
User 5, Acc 3 Balance 660.000000, Transfer 29.000000 to Acc 7
User 3, Acc 9 Balance 24755.000000, Deposit 617.000000 
User 0, Acc 7 Balance 74068.000000, Withdraw 50.000000 
User 1, Acc 2 Balance 906.000000, Deposit 9.000000 
User 2, Acc 1 Balance 431.000000, Withdraw 50.000000 
User 1, Acc 3 Balance 581.000000, Transfer 29.000000 to Acc 7
User 2, Acc 2 Balance 892.000000, Withdraw 50.000000 
User 2, Acc 3 Balance 581.000000, Withdraw 50.000000 
User 4, Acc 4 Balance 819.000000, Transfer 53.000000 to Acc 5
User 3, Acc 9 Balance 25372.000000, Transfer 617.000000 to Acc 1
User 4, Acc 7 Balance 74099.000000, Withdraw 1593.000000 
User 6, Acc 1 Balance 323.000000, Transfer 163.000000 to Acc 9
User 4, Acc 8 Balance 4248.000000, Withdraw 449.000000 
User 5, Acc 7 Balance 74120.000000, Transfer 31.000000 to Acc 6
User 5, Acc 7 Balance 72475.000000, Transfer 137.000000 to Acc 5
User 0, Acc 8 Balance 4248.000000, Withdraw 50.000000 
User 5, Acc 7 Balance 72338.000000, Transfer 3.000000 to Acc 4
User 0, Acc 9 Balance 24918.000000, Withdraw 50.000000 
User 0, Acc 0 Balance 725.000000, Withdraw 50.000000 
User 5, Acc 7 Balance 72335.000000, Transfer 5.000000 to Acc 4
User 5, Acc 3 Balance 502.000000, Deposit 929.000000 
User 5, Acc 4 Balance 774.000000, Deposit 937.000000 
User 5, Acc 5 Balance 6169.000000, Deposit 941.000000 
User 5, Acc 4 Balance 1711.000000, Withdraw 1167.000000 
User 5, Acc 5 Balance 7110.000000, Withdraw 1307.000000 
User 6, Acc 1 Balance 727.000000, Withdraw 41.000000 
User 1, Acc 7 Balance 74099.000000, Transfer 31.000000 to Acc 6
User 6, Acc 2 Balance 842.000000, Withdraw 71.000000 
User 6, Acc 3 Balance 1431.000000, Withdraw 1127.000000 
User 2, Acc 4 Balance 819.000000, Withdraw 50.000000 
User 3, Acc 8 Balance 4248.000000, Deposit 619.000000 
User 0, Acc 0 Balance 675.000000, Deposit 7.000000 
User 3, Acc 8 Balance 4368.000000, Transfer 619.000000 to Acc 2
User 0, Acc 1 Balance 686.000000, Deposit 11.000000 
User 4, Acc 9 Balance 24918.000000, Withdraw 163.000000 
User 6, Acc 6 Balance 9840.000000, Withdraw 647.000000 
User 4, Acc 9 Balance 24705.000000, Deposit 617.000000 
User 6, Acc 6 Balance 9193.000000, Deposit 953.000000 
User 4, Acc 9 Balance 25322.000000, Transfer 617.000000 to Acc 9
User 6, Acc 7 Balance 72299.000000, Deposit 967.000000 
User 6, Acc 1 Balance 697.000000, Transfer 19.000000 to Acc 7
User 1, Acc 7 Balance 72299.000000, Transfer 137.000000 to Acc 5
User 1, Acc 7 Balance 73148.000000, Transfer 3.000000 to Acc 4
User 5, Acc 1 Balance 727.000000, Transfer 89.000000 to Acc 8
User 5, Acc 1 Balance 589.000000, Transfer 163.000000 to Acc 9
User 5, Acc 1 Balance 426.000000, Withdraw 41.000000 
User 5, Acc 2 Balance 1390.000000, Withdraw 71.000000 
[22;32mUser 5, Acc 3 Balance 304.000000, 				Withdraw 1127.000000 --insufficient funds[0m
User 5, Acc 6 Balance 10146.000000, Withdraw 647.000000 
User 5, Acc 6 Balance 9499.000000, Deposit 953.000000 
User 5, Acc 7 Balance 73145.000000, Deposit 967.000000 
User 5, Acc 1 Balance 385.000000, Transfer 19.000000 to Acc 7
User 5, Acc 2 Balance 1319.000000, Transfer 23.000000 to Acc 7
User 5, Acc 6 Balance 10452.000000, Transfer 1167.000000 to Acc 5
User 5, Acc 4 Balance 497.000000, Transfer 53.000000 to Acc 5
User 5, Acc 7 Balance 74154.000000, Withdraw 1593.000000 
User 5, Acc 8 Balance 3838.000000, Withdraw 449.000000 
User 5, Acc 9 Balance 25485.000000, Withdraw 163.000000 
User 5, Acc 9 Balance 25322.000000, Deposit 617.000000 
User 1, Acc 7 Balance 73145.000000, Transfer 5.000000 to Acc 4
User 1, Acc 3 Balance 304.000000, Deposit 929.000000 
User 1, Acc 4 Balance 449.000000, Deposit 937.000000 
User 1, Acc 5 Balance 7160.000000, Deposit 941.000000 
User 1, Acc 4 Balance 1386.000000, Withdraw 1167.000000 
User 1, Acc 5 Balance 8101.000000, Withdraw 1307.000000 
User 1, Acc 1 Balance 366.000000, Transfer 89.000000 to Acc 8
User 1, Acc 1 Balance 277.000000, Transfer 163.000000 to Acc 9
User 4, Acc 8 Balance 3749.000000, Deposit 619.000000 
User 6, Acc 2 Balance 1390.000000, Transfer 23.000000 to Acc 7
User 4, Acc 8 Balance 4097.000000, Transfer 619.000000 to Acc 2
User 5, Acc 9 Balance 25939.000000, Transfer 617.000000 to Acc 1
User 0, Acc 2 Balance 771.000000, Deposit 9.000000 
User 5, Acc 8 Balance 3478.000000, Deposit 619.000000 
User 5, Acc 8 Balance 4097.000000, Transfer 619.000000 to Acc 2
User 0, Acc 3 Balance 1233.000000, Transfer 29.000000 to Acc 7
User 5, Acc 7 Balance 72579.000000, Deposit 631.000000 
User 2, Acc 5 Balance 5803.000000, Withdraw 50.000000 
User 4, Acc 7 Balance 72579.000000, Deposit 631.000000 
User 4, Acc 7 Balance 73870.000000, Transfer 631.000000 to Acc 3
User 4, Acc 6 Balance 9285.000000, Deposit 641.000000 
User 1, Acc 1 Balance 114.000000, Withdraw 41.000000 
User 0, Acc 7 Balance 72608.000000, Transfer 31.000000 to Acc 6
User 1, Acc 2 Balance 2520.000000, Withdraw 71.000000 
User 5, Acc 7 Balance 73239.000000, Transfer 631.000000 to Acc 3
User 5, Acc 6 Balance 9957.000000, Deposit 641.000000 
User 3, Acc 7 Balance 72299.000000, Deposit 631.000000 
User 4, Acc 6 Balance 9926.000000, Transfer 641.000000 to Acc 4
User 4, Acc 5 Balance 6744.000000, Deposit 643.000000 
User 4, Acc 5 Balance 7387.000000, Transfer 1200.000000 to Acc 6
User 4, Acc 4 Balance 860.000000, Deposit 647.000000 
User 4, Acc 4 Balance 1507.000000, Transfer 1200.000000 to Acc 7
User 4, Acc 3 Balance 2466.000000, Deposit 653.000000 
User 4, Acc 3 Balance 3119.000000, Transfer 1200.000000 to Acc 8
User 4, Acc 2 Balance 2449.000000, Deposit 659.000000 
User 4, Acc 2 Balance 3108.000000, Transfer 1200.000000 to Acc 9
User 4, Acc 1 Balance 690.000000, Deposit 661.000000 
User 4, Acc 1 Balance 1351.000000, Transfer 1200.000000 to Acc 9
User 4, Acc 0 Balance 682.000000, Deposit 673.000000 
User 4, Acc 0 Balance 1355.000000, Transfer 1200.000000 to Acc 9
User 4, Acc 1 Balance 151.000000, Withdraw 50.000000 
User 4, Acc 2 Balance 1908.000000, Withdraw 50.000000 
User 4, Acc 3 Balance 1919.000000, Withdraw 50.000000 
User 1, Acc 3 Balance 1835.000000, Withdraw 1127.000000 
User 1, Acc 6 Balance 11157.000000, Withdraw 647.000000 
User 1, Acc 6 Balance 10510.000000, Deposit 953.000000 
User 1, Acc 7 Balance 74408.000000, Deposit 967.000000 
User 1, Acc 1 Balance 101.000000, Transfer 19.000000 to Acc 7
User 1, Acc 2 Balance 1858.000000, Transfer 23.000000 to Acc 7
User 4, Acc 4 Balance 307.000000, Withdraw 50.000000 
User 4, Acc 5 Balance 6187.000000, Withdraw 50.000000 
User 4, Acc 6 Balance 11463.000000, Withdraw 50.000000 
User 4, Acc 7 Balance 75417.000000, Withdraw 50.000000 
User 5, Acc 6 Balance 10598.000000, Transfer 641.000000 to Acc 4
User 3, Acc 7 Balance 73208.000000, Transfer 631.000000 to Acc 3
User 5, Acc 5 Balance 6137.000000, Deposit 643.000000 
User 6, Acc 6 Balance 9285.000000, Transfer 1167.000000 to Acc 5
User 1, Acc 6 Balance 11463.000000, Transfer 1167.000000 to Acc 5
User 1, Acc 4 Balance 898.000000, Transfer 53.000000 to Acc 5
User 1, Acc 7 Balance 74736.000000, Withdraw 1593.000000 
User 1, Acc 8 Balance 4678.000000, Withdraw 449.000000 
User 3, Acc 6 Balance 10772.000000, Deposit 641.000000 
User 1, Acc 9 Balance 29085.000000, Withdraw 163.000000 
User 3, Acc 6 Balance 9079.000000, Transfer 641.000000 to Acc 4
User 1, Acc 9 Balance 28922.000000, Deposit 617.000000 
User 3, Acc 5 Balance 9167.000000, Deposit 643.000000 
User 1, Acc 9 Balance 29539.000000, Transfer 617.000000 to Acc 1
User 5, Acc 5 Balance 6780.000000, Transfer 1200.000000 to Acc 6
User 1, Acc 8 Balance 4229.000000, Deposit 619.000000 
User 2, Acc 6 Balance 9285.000000, Withdraw 50.000000 
User 1, Acc 8 Balance 4848.000000, Transfer 619.000000 to Acc 2
User 2, Acc 7 Balance 73143.000000, Withdraw 50.000000 
User 3, Acc 5 Balance 9810.000000, Transfer 1200.000000 to Acc 6
User 2, Acc 8 Balance 4229.000000, Withdraw 50.000000 
User 6, Acc 4 Balance 898.000000, Transfer 53.000000 to Acc 5
User 4, Acc 8 Balance 4678.000000, Withdraw 50.000000 
User 6, Acc 7 Balance 73093.000000, Withdraw 1593.000000 
User 4, Acc 9 Balance 28922.000000, Withdraw 50.000000 
User 0, Acc 7 Balance 73208.000000, Transfer 137.000000 to Acc 5
User 5, Acc 4 Balance 1486.000000, Deposit 647.000000 
User 2, Acc 9 Balance 28922.000000, Withdraw 50.000000 
User 5, Acc 4 Balance 2080.000000, Transfer 1200.000000 to Acc 7
User 2, Acc 0 Balance 155.000000, Withdraw 50.000000 
User 6, Acc 8 Balance 4129.000000, Withdraw 449.000000 
User 4, Acc 0 Balance 155.000000, Withdraw 50.000000 
User 6, Acc 9 Balance 28822.000000, Withdraw 163.000000 
User 4, Acc 9 Balance 28822.000000, Deposit 617.000000 
User 4, Acc 9 Balance 29439.000000, Transfer 617.000000 to Acc 1
User 5, Acc 3 Balance 1373.000000, Deposit 653.000000 
User 2, Acc 9 Balance 28822.000000, Deposit 617.000000 
User 5, Acc 3 Balance 2026.000000, Transfer 1200.000000 to Acc 8
User 2, Acc 9 Balance 29276.000000, Transfer 617.000000 to Acc 1
User 1, Acc 7 Balance 73143.000000, Deposit 631.000000 
User 1, Acc 7 Balance 73194.000000, Transfer 631.000000 to Acc 3
User 1, Acc 6 Balance 10788.000000, Deposit 641.000000 
User 1, Acc 6 Balance 11429.000000, Transfer 641.000000 to Acc 4
User 1, Acc 5 Balance 7600.000000, Deposit 643.000000 
User 1, Acc 5 Balance 8243.000000, Transfer 1200.000000 to Acc 6
User 1, Acc 4 Balance 1521.000000, Deposit 647.000000 
User 1, Acc 4 Balance 2168.000000, Transfer 1200.000000 to Acc 7
User 1, Acc 3 Balance 1457.000000, Deposit 653.000000 
User 1, Acc 3 Balance 2110.000000, Transfer 1200.000000 to Acc 8
User 1, Acc 2 Balance 2454.000000, Deposit 659.000000 
User 1, Acc 2 Balance 3113.000000, Transfer 1200.000000 to Acc 9
User 1, Acc 1 Balance 1933.000000, Deposit 661.000000 
User 1, Acc 1 Balance 2594.000000, Transfer 1200.000000 to Acc 9
User 1, Acc 0 Balance 55.000000, Deposit 673.000000 
User 1, Acc 1 Balance 1394.000000, Withdraw 50.000000 
User 1, Acc 2 Balance 1913.000000, Withdraw 50.000000 
User 1, Acc 3 Balance 910.000000, Withdraw 50.000000 
User 1, Acc 4 Balance 968.000000, Withdraw 50.000000 
User 1, Acc 5 Balance 7043.000000, Withdraw 50.000000 
User 1, Acc 6 Balance 11988.000000, Withdraw 50.000000 
User 1, Acc 7 Balance 73763.000000, Withdraw 50.000000 
User 1, Acc 8 Balance 6080.000000, Withdraw 50.000000 
User 1, Acc 9 Balance 31059.000000, Withdraw 50.000000 
User 1, Acc 0 Balance 728.000000, Withdraw 50.000000 
User 1, Acc 9 Balance 31009.000000, Deposit 617.000000 
User 1, Acc 9 Balance 31626.000000, Transfer 617.000000 to Acc 1
User 1, Acc 8 Balance 6030.000000, Deposit 619.000000 
User 1, Acc 8 Balance 6649.000000, Transfer 619.000000 to Acc 2
User 1, Acc 7 Balance 73713.000000, Deposit 631.000000 
User 1, Acc 7 Balance 74344.000000, Transfer 631.000000 to Acc 3
User 1, Acc 6 Balance 11938.000000, Deposit 641.000000 
User 1, Acc 6 Balance 12579.000000, Transfer 641.000000 to Acc 4
User 1, Acc 5 Balance 6993.000000, Deposit 643.000000 
User 1, Acc 5 Balance 7636.000000, Transfer 1200.000000 to Acc 6
User 1, Acc 4 Balance 1559.000000, Deposit 647.000000 
User 1, Acc 4 Balance 2206.000000, Transfer 1200.000000 to Acc 7
User 1, Acc 3 Balance 1491.000000, Deposit 653.000000 
User 1, Acc 3 Balance 2144.000000, Transfer 1200.000000 to Acc 8
User 1, Acc 2 Balance 2482.000000, Deposit 659.000000 
User 1, Acc 2 Balance 3141.000000, Transfer 1200.000000 to Acc 9
User 1, Acc 1 Balance 1961.000000, Deposit 661.000000 
User 1, Acc 1 Balance 2622.000000, Transfer 1200.000000 to Acc 9
User 1, Acc 0 Balance 678.000000, Deposit 673.000000 
User 1, Acc 0 Balance 1351.000000, Transfer 1200.000000 to Acc 9
User 1, Acc 1 Balance 1422.000000, Withdraw 50.000000 
User 1, Acc 2 Balance 1941.000000, Withdraw 50.000000 
User 1, Acc 3 Balance 944.000000, Withdraw 50.000000 
User 1, Acc 4 Balance 1006.000000, Withdraw 50.000000 
User 1, Acc 5 Balance 6436.000000, Withdraw 50.000000 
User 1, Acc 6 Balance 13138.000000, Withdraw 50.000000 
User 1, Acc 7 Balance 74913.000000, Withdraw 50.000000 
User 1, Acc 8 Balance 7230.000000, Withdraw 50.000000 
User 1, Acc 9 Balance 34609.000000, Withdraw 50.000000 
User 1, Acc 0 Balance 151.000000, Withdraw 50.000000 
User 6, Acc 0 Balance 55.000000, Deposit 7.000000 
User 1, Acc 0 Balance 101.000000, Deposit 400.000000 
User 3, Acc 4 Balance 1486.000000, Deposit 647.000000 
User 1, Acc 0 Balance 508.000000, Withdraw 200.000000 
User 3, Acc 4 Balance 1603.000000, Transfer 1200.000000 to Acc 7
User 5, Acc 2 Balance 2454.000000, Deposit 659.000000 
User 2, Acc 8 Balance 4880.000000, Deposit 619.000000 
User 5, Acc 2 Balance 2550.000000, Transfer 1200.000000 to Acc 9
User 0, Acc 7 Balance 71363.000000, Transfer 3.000000 to Acc 4
User 5, Acc 1 Balance 1372.000000, Deposit 661.000000 
User 0, Acc 7 Balance 76060.000000, Transfer 5.000000 to Acc 4
User 0, Acc 3 Balance 894.000000, Deposit 929.000000 
User 1, Acc 1 Balance 1372.000000, Deposit 100.000000 
User 4, Acc 8 Balance 3680.000000, Deposit 619.000000 
User 1, Acc 2 Balance 1350.000000, Deposit 900.000000 
User 1, Acc 1 Balance 2133.000000, Withdraw 50.000000 
User 1, Acc 2 Balance 2250.000000, Withdraw 150.000000 
User 1, Acc 3 Balance 1823.000000, Deposit 500.000000 
User 1, Acc 2 Balance 2100.000000, Transfer 300.000000 to Acc 1
User 1, Acc 3 Balance 2323.000000, Transfer 300.000000 to Acc 1
User 1, Acc 0 Balance 308.000000, Deposit 400.000000 
User 1, Acc 3 Balance 2023.000000, Withdraw 200.000000 
Balance in 1: 2683.000000
User 6, Acc 1 Balance 1372.000000, Deposit 11.000000 
User 1, Acc 0 Balance 708.000000, Deposit 400.000000 
User 4, Acc 8 Balance 8418.000000, Transfer 619.000000 to Acc 2
User 1, Acc 0 Balance 1108.000000, Withdraw 200.000000 
User 4, Acc 7 Balance 76055.000000, Deposit 631.000000 
User 1, Acc 1 Balance 2694.000000, Deposit 100.000000 
User 5, Acc 1 Balance 2033.000000, Transfer 1200.000000 to Acc 9
User 1, Acc 2 Balance 2419.000000, Deposit 900.000000 
User 5, Acc 0 Balance 908.000000, Deposit 673.000000 
User 1, Acc 1 Balance 1594.000000, Withdraw 50.000000 
User 4, Acc 7 Balance 76686.000000, Transfer 631.000000 to Acc 3
User 1, Acc 2 Balance 3319.000000, Withdraw 150.000000 
User 4, Acc 6 Balance 13088.000000, Deposit 641.000000 
User 1, Acc 3 Balance 2454.000000, Deposit 500.000000 
User 5, Acc 0 Balance 1581.000000, Transfer 1200.000000 to Acc 9
User 1, Acc 2 Balance 3169.000000, Transfer 300.000000 to Acc 1
User 0, Acc 4 Balance 411.000000, Deposit 937.000000 
User 1, Acc 3 Balance 2954.000000, Transfer 300.000000 to Acc 1
User 4, Acc 6 Balance 13729.000000, Transfer 641.000000 to Acc 4
User 1, Acc 0 Balance 381.000000, Deposit 400.000000 
User 3, Acc 3 Balance 894.000000, Deposit 653.000000 
User 1, Acc 3 Balance 2654.000000, Withdraw 200.000000 
User 3, Acc 3 Balance 3307.000000, Transfer 1200.000000 to Acc 8
Balance in 1: 2144.000000
User 0, Acc 5 Balance 6386.000000, Deposit 941.000000 
User 1, Acc 0 Balance 781.000000, Deposit 400.000000 
User 0, Acc 4 Balance 1989.000000, Withdraw 1167.000000 
User 1, Acc 0 Balance 1181.000000, Withdraw 200.000000 
User 0, Acc 5 Balance 7327.000000, Withdraw 1307.000000 
User 3, Acc 2 Balance 2869.000000, Deposit 659.000000 
User 2, Acc 8 Balance 7799.000000, Transfer 619.000000 to Acc 2
User 5, Acc 1 Balance 1544.000000, Withdraw 50.000000 
User 6, Acc 2 Balance 1800.000000, Deposit 9.000000 
User 5, Acc 2 Balance 4147.000000, Withdraw 50.000000 
User 6, Acc 3 Balance 1907.000000, Transfer 29.000000 to Acc 7
User 0, Acc 1 Balance 2144.000000, Transfer 89.000000 to Acc 8
User 4, Acc 5 Balance 6386.000000, Deposit 643.000000 
User 2, Acc 7 Balance 76055.000000, Deposit 631.000000 
User 1, Acc 1 Balance 2144.000000, Deposit 100.000000 
User 5, Acc 3 Balance 1907.000000, Withdraw 50.000000 
User 1, Acc 2 Balance 4106.000000, Deposit 900.000000 
User 3, Acc 2 Balance 3528.000000, Transfer 1200.000000 to Acc 9
User 1, Acc 1 Balance 2105.000000, Withdraw 50.000000 
User 4, Acc 5 Balance 6663.000000, Transfer 1200.000000 to Acc 6
User 1, Acc 2 Balance 3806.000000, Withdraw 150.000000 
User 4, Acc 4 Balance 822.000000, Deposit 647.000000 
User 1, Acc 3 Balance 1828.000000, Deposit 500.000000 
User 4, Acc 4 Balance 1469.000000, Transfer 1200.000000 to Acc 7
User 0, Acc 1 Balance 2005.000000, Transfer 163.000000 to Acc 9
User 4, Acc 3 Balance 2328.000000, Deposit 653.000000 
User 0, Acc 1 Balance 1892.000000, Withdraw 41.000000 
User 5, Acc 4 Balance 822.000000, Withdraw 50.000000 
User 0, Acc 2 Balance 3656.000000, Withdraw 71.000000 
User 1, Acc 2 Balance 3656.000000, Transfer 300.000000 to Acc 1
User 0, Acc 3 Balance 2981.000000, Withdraw 1127.000000 
User 1, Acc 3 Balance 2981.000000, Transfer 300.000000 to Acc 1
User 2, Acc 7 Balance 76715.000000, Transfer 631.000000 to Acc 3
User 1, Acc 0 Balance 981.000000, Deposit 400.000000 
User 3, Acc 1 Balance 2105.000000, Deposit 661.000000 
User 1, Acc 3 Balance 2185.000000, Withdraw 200.000000 
User 0, Acc 6 Balance 14288.000000, Withdraw 647.000000 
Balance in 1: 3112.000000
User 6, Acc 7 Balance 76084.000000, Transfer 31.000000 to Acc 6
User 5, Acc 5 Balance 5463.000000, Withdraw 50.000000 
User 6, Acc 7 Balance 77253.000000, Transfer 137.000000 to Acc 5
User 5, Acc 6 Balance 13672.000000, Withdraw 50.000000 
User 3, Acc 1 Balance 3112.000000, Transfer 1200.000000 to Acc 9
User 3, Acc 0 Balance 1381.000000, Deposit 673.000000 
User 3, Acc 0 Balance 2054.000000, Transfer 1200.000000 to Acc 9
User 3, Acc 1 Balance 1912.000000, Withdraw 50.000000 
User 3, Acc 2 Balance 3285.000000, Withdraw 50.000000 
User 3, Acc 3 Balance 1985.000000, Withdraw 50.000000 
User 3, Acc 4 Balance 219.000000, Withdraw 50.000000 
User 3, Acc 5 Balance 5550.000000, Withdraw 50.000000 
User 3, Acc 6 Balance 13622.000000, Withdraw 50.000000 
User 3, Acc 7 Balance 77116.000000, Withdraw 50.000000 
User 3, Acc 8 Balance 8469.000000, Withdraw 50.000000 
User 3, Acc 9 Balance 41922.000000, Withdraw 50.000000 
User 3, Acc 0 Balance 854.000000, Withdraw 50.000000 
User 3, Acc 0 Balance 804.000000, Deposit 400.000000 
User 3, Acc 0 Balance 1204.000000, Withdraw 200.000000 
User 1, Acc 9 Balance 39522.000000, Deposit 617.000000 
User 1, Acc 9 Balance 42489.000000, Transfer 617.000000 to Acc 1
User 1, Acc 8 Balance 8419.000000, Deposit 619.000000 
User 1, Acc 8 Balance 9038.000000, Transfer 619.000000 to Acc 2
User 1, Acc 7 Balance 77066.000000, Deposit 631.000000 
User 1, Acc 7 Balance 77697.000000, Transfer 631.000000 to Acc 3
User 1, Acc 6 Balance 13572.000000, Deposit 641.000000 
User 1, Acc 6 Balance 14213.000000, Transfer 641.000000 to Acc 4
User 1, Acc 5 Balance 5500.000000, Deposit 643.000000 
User 1, Acc 5 Balance 6143.000000, Transfer 1200.000000 to Acc 6
User 1, Acc 4 Balance 810.000000, Deposit 647.000000 
User 1, Acc 4 Balance 1457.000000, Transfer 1200.000000 to Acc 7
User 1, Acc 3 Balance 2566.000000, Deposit 653.000000 
User 1, Acc 3 Balance 3219.000000, Transfer 1200.000000 to Acc 8
User 1, Acc 2 Balance 3854.000000, Deposit 659.000000 
User 1, Acc 2 Balance 4513.000000, Transfer 1200.000000 to Acc 9
User 1, Acc 1 Balance 2479.000000, Deposit 661.000000 
User 1, Acc 1 Balance 3140.000000, Transfer 1200.000000 to Acc 9
User 1, Acc 0 Balance 1004.000000, Deposit 673.000000 
User 1, Acc 0 Balance 1677.000000, Transfer 1200.000000 to Acc 9
User 1, Acc 0 Balance 477.000000, Deposit 400.000000 
User 1, Acc 0 Balance 877.000000, Withdraw 200.000000 
User 1, Acc 1 Balance 1940.000000, Deposit 100.000000 
User 1, Acc 2 Balance 3313.000000, Deposit 900.000000 
User 1, Acc 1 Balance 2040.000000, Withdraw 50.000000 
User 1, Acc 2 Balance 4213.000000, Withdraw 150.000000 
User 1, Acc 3 Balance 2019.000000, Deposit 500.000000 
User 1, Acc 2 Balance 4063.000000, Transfer 300.000000 to Acc 1
User 1, Acc 3 Balance 2519.000000, Transfer 300.000000 to Acc 1
User 1, Acc 0 Balance 677.000000, Deposit 400.000000 
User 1, Acc 3 Balance 2219.000000, Withdraw 200.000000 
Balance in 1: 2590.000000
User 4, Acc 3 Balance 2981.000000, Transfer 1200.000000 to Acc 8
User 4, Acc 2 Balance 3763.000000, Deposit 659.000000 
User 4, Acc 2 Balance 4422.000000, Transfer 1200.000000 to Acc 9
User 4, Acc 1 Balance 2590.000000, Deposit 661.000000 
User 5, Acc 7 Balance 77116.000000, Withdraw 50.000000 
User 5, Acc 8 Balance 10819.000000, Withdraw 50.000000 
User 0, Acc 6 Balance 13641.000000, Deposit 953.000000 
User 5, Acc 9 Balance 46672.000000, Withdraw 50.000000 
User 0, Acc 7 Balance 78216.000000, Deposit 967.000000 
User 1, Acc 9 Balance 45472.000000, Deposit 617.000000 
User 1, Acc 9 Balance 47239.000000, Transfer 617.000000 to Acc 1
User 1, Acc 8 Balance 10769.000000, Deposit 619.000000 
User 1, Acc 8 Balance 11388.000000, Transfer 619.000000 to Acc 2
User 1, Acc 7 Balance 79183.000000, Deposit 631.000000 
User 1, Acc 7 Balance 79814.000000, Transfer 631.000000 to Acc 3
User 1, Acc 6 Balance 15725.000000, Deposit 641.000000 
User 1, Acc 6 Balance 16366.000000, Transfer 641.000000 to Acc 4
User 1, Acc 5 Balance 4943.000000, Deposit 643.000000 
User 1, Acc 5 Balance 5586.000000, Transfer 1200.000000 to Acc 6
User 1, Acc 4 Balance 898.000000, Deposit 647.000000 
User 1, Acc 4 Balance 1545.000000, Transfer 1200.000000 to Acc 7
User 1, Acc 3 Balance 1450.000000, Deposit 653.000000 
User 1, Acc 3 Balance 2103.000000, Transfer 1200.000000 to Acc 8
User 1, Acc 2 Balance 3841.000000, Deposit 659.000000 
User 1, Acc 2 Balance 4500.000000, Transfer 1200.000000 to Acc 9
User 1, Acc 1 Balance 3868.000000, Deposit 661.000000 
User 1, Acc 1 Balance 4529.000000, Transfer 1200.000000 to Acc 9
User 1, Acc 0 Balance 1077.000000, Deposit 673.000000 
User 1, Acc 0 Balance 1750.000000, Transfer 1200.000000 to Acc 9
User 1, Acc 0 Balance 550.000000, Deposit 400.000000 
User 1, Acc 0 Balance 950.000000, Withdraw 200.000000 
User 1, Acc 1 Balance 3329.000000, Deposit 100.000000 
User 1, Acc 2 Balance 3300.000000, Deposit 900.000000 
User 1, Acc 1 Balance 3429.000000, Withdraw 50.000000 
User 1, Acc 2 Balance 4200.000000, Withdraw 150.000000 
User 1, Acc 3 Balance 903.000000, Deposit 500.000000 
User 1, Acc 2 Balance 4050.000000, Transfer 300.000000 to Acc 1
User 1, Acc 3 Balance 1403.000000, Transfer 300.000000 to Acc 1
User 1, Acc 0 Balance 750.000000, Deposit 400.000000 
User 1, Acc 3 Balance 1103.000000, Withdraw 200.000000 
Balance in 1: 3979.000000
User 4, Acc 1 Balance 3251.000000, Transfer 1200.000000 to Acc 9
User 4, Acc 0 Balance 1150.000000, Deposit 673.000000 
User 4, Acc 0 Balance 1823.000000, Transfer 1200.000000 to Acc 9
User 4, Acc 1 Balance 2779.000000, Withdraw 50.000000 
User 5, Acc 0 Balance 1077.000000, Withdraw 50.000000 
User 4, Acc 2 Balance 3750.000000, Withdraw 50.000000 
User 2, Acc 6 Balance 14288.000000, Deposit 641.000000 
User 0, Acc 1 Balance 3251.000000, Transfer 19.000000 to Acc 7
User 2, Acc 6 Balance 17566.000000, Transfer 641.000000 to Acc 4
User 0, Acc 2 Balance 3700.000000, Transfer 23.000000 to Acc 7
User 0, Acc 6 Balance 16925.000000, Transfer 1167.000000 to Acc 5
User 0, Acc 4 Balance 986.000000, Transfer 53.000000 to Acc 5
User 0, Acc 7 Balance 80425.000000, Withdraw 1593.000000 
User 0, Acc 8 Balance 11969.000000, Withdraw 449.000000 
User 0, Acc 9 Balance 52622.000000, Withdraw 163.000000 
User 0, Acc 9 Balance 52459.000000, Deposit 617.000000 
User 0, Acc 9 Balance 53076.000000, Transfer 617.000000 to Acc 1
User 0, Acc 8 Balance 11520.000000, Deposit 619.000000 
User 0, Acc 8 Balance 12139.000000, Transfer 619.000000 to Acc 2
User 0, Acc 7 Balance 78832.000000, Deposit 631.000000 
User 0, Acc 7 Balance 79463.000000, Transfer 631.000000 to Acc 3
User 0, Acc 6 Balance 15758.000000, Deposit 641.000000 
User 0, Acc 6 Balance 16399.000000, Transfer 641.000000 to Acc 4
User 0, Acc 5 Balance 5606.000000, Deposit 643.000000 
User 0, Acc 5 Balance 6249.000000, Transfer 1200.000000 to Acc 6
User 0, Acc 4 Balance 1574.000000, Deposit 647.000000 
User 0, Acc 4 Balance 2221.000000, Transfer 1200.000000 to Acc 7
User 2, Acc 5 Balance 4386.000000, Deposit 643.000000 
User 1, Acc 0 Balance 1150.000000, Deposit 907.000000 
User 1, Acc 1 Balance 3327.000000, Deposit 911.000000 
User 1, Acc 2 Balance 4296.000000, Deposit 919.000000 
User 1, Acc 3 Balance 1534.000000, Deposit 929.000000 
User 1, Acc 4 Balance 1021.000000, Deposit 937.000000 
User 1, Acc 5 Balance 5692.000000, Deposit 941.000000 
User 1, Acc 6 Balance 16958.000000, Deposit 953.000000 
User 1, Acc 7 Balance 80032.000000, Deposit 967.000000 
User 1, Acc 1 Balance 4238.000000, Transfer 19.000000 to Acc 7
User 1, Acc 2 Balance 5215.000000, Transfer 23.000000 to Acc 7
User 1, Acc 3 Balance 2463.000000, Transfer 29.000000 to Acc 7
User 1, Acc 7 Balance 81070.000000, Transfer 31.000000 to Acc 6
User 1, Acc 7 Balance 81039.000000, Transfer 37.000000 to Acc 5
User 1, Acc 7 Balance 81002.000000, Transfer 3.000000 to Acc 4
User 1, Acc 7 Balance 80999.000000, Transfer 5.000000 to Acc 4
User 1, Acc 6 Balance 17942.000000, Transfer 67.000000 to Acc 5
User 1, Acc 4 Balance 1966.000000, Transfer 53.000000 to Acc 5
User 1, Acc 1 Balance 4219.000000, Transfer 89.000000 to Acc 8
User 1, Acc 1 Balance 4130.000000, Transfer 163.000000 to Acc 9
User 1, Acc 1 Balance 3967.000000, Withdraw 41.000000 
User 1, Acc 2 Balance 5192.000000, Withdraw 71.000000 
User 1, Acc 3 Balance 2434.000000, Withdraw 127.000000 
User 1, Acc 4 Balance 1913.000000, Withdraw 167.000000 
User 1, Acc 5 Balance 6790.000000, Withdraw 307.000000 
User 1, Acc 6 Balance 17875.000000, Withdraw 647.000000 
User 1, Acc 7 Balance 80994.000000, Withdraw 593.000000 
User 1, Acc 8 Balance 11609.000000, Withdraw 449.000000 
User 1, Acc 9 Balance 52622.000000, Withdraw 163.000000 
User 1, Acc 0 Balance 1480.000000, Deposit 907.000000 
User 1, Acc 1 Balance 3926.000000, Deposit 911.000000 
User 1, Acc 2 Balance 5121.000000, Deposit 919.000000 
User 1, Acc 3 Balance 2307.000000, Deposit 929.000000 
User 1, Acc 4 Balance 1746.000000, Deposit 937.000000 
User 1, Acc 5 Balance 6483.000000, Deposit 941.000000 
User 1, Acc 6 Balance 17228.000000, Deposit 953.000000 
User 1, Acc 7 Balance 80401.000000, Deposit 967.000000 
User 1, Acc 1 Balance 4837.000000, Transfer 19.000000 to Acc 7
User 1, Acc 2 Balance 6040.000000, Transfer 23.000000 to Acc 7
User 1, Acc 3 Balance 3236.000000, Transfer 29.000000 to Acc 7
User 1, Acc 7 Balance 81439.000000, Transfer 31.000000 to Acc 6
User 1, Acc 7 Balance 81408.000000, Transfer 37.000000 to Acc 5
User 1, Acc 7 Balance 81371.000000, Transfer 3.000000 to Acc 4
User 1, Acc 7 Balance 81368.000000, Transfer 5.000000 to Acc 4
User 1, Acc 6 Balance 18212.000000, Transfer 67.000000 to Acc 5
User 1, Acc 4 Balance 2691.000000, Transfer 53.000000 to Acc 5
User 1, Acc 1 Balance 4818.000000, Transfer 89.000000 to Acc 8
User 1, Acc 1 Balance 4729.000000, Transfer 163.000000 to Acc 9
User 1, Acc 1 Balance 4566.000000, Withdraw 41.000000 
User 1, Acc 2 Balance 6017.000000, Withdraw 71.000000 
User 1, Acc 3 Balance 3207.000000, Withdraw 127.000000 
User 1, Acc 4 Balance 2638.000000, Withdraw 167.000000 
User 1, Acc 5 Balance 7581.000000, Withdraw 307.000000 
User 1, Acc 6 Balance 18145.000000, Withdraw 647.000000 
User 1, Acc 7 Balance 81363.000000, Withdraw 593.000000 
User 1, Acc 8 Balance 11249.000000, Withdraw 449.000000 
User 1, Acc 9 Balance 52622.000000, Withdraw 163.000000 
User 1, Acc 9 Balance 52459.000000, Deposit 617.000000 
User 1, Acc 9 Balance 53076.000000, Transfer 617.000000 to Acc 1
User 1, Acc 8 Balance 10800.000000, Deposit 619.000000 
User 1, Acc 8 Balance 11419.000000, Transfer 619.000000 to Acc 2
User 1, Acc 7 Balance 80770.000000, Deposit 631.000000 
User 1, Acc 7 Balance 81401.000000, Transfer 631.000000 to Acc 3
User 1, Acc 6 Balance 17498.000000, Deposit 641.000000 
User 1, Acc 6 Balance 18139.000000, Transfer 641.000000 to Acc 4
User 1, Acc 5 Balance 7274.000000, Deposit 643.000000 
User 1, Acc 5 Balance 7917.000000, Transfer 1200.000000 to Acc 6
User 1, Acc 4 Balance 3112.000000, Deposit 647.000000 
User 1, Acc 4 Balance 3759.000000, Transfer 1200.000000 to Acc 7
User 1, Acc 3 Balance 3711.000000, Deposit 653.000000 
User 1, Acc 3 Balance 4364.000000, Transfer 1200.000000 to Acc 8
User 1, Acc 2 Balance 6565.000000, Deposit 659.000000 
User 4, Acc 3 Balance 903.000000, Withdraw 50.000000 
User 1, Acc 2 Balance 7224.000000, Transfer 1200.000000 to Acc 9
User 4, Acc 4 Balance 2559.000000, Withdraw 50.000000 
User 0, Acc 3 Balance 1534.000000, Deposit 653.000000 
User 3, Acc 1 Balance 1862.000000, Deposit 100.000000 
User 0, Acc 3 Balance 3767.000000, Transfer 1200.000000 to Acc 8
User 5, Acc 9 Balance 52622.000000, Deposit 617.000000 
User 0, Acc 2 Balance 6024.000000, Deposit 659.000000 
User 5, Acc 9 Balance 54276.000000, Transfer 617.000000 to Acc 1
User 2, Acc 5 Balance 5692.000000, Transfer 1200.000000 to Acc 6
User 5, Acc 8 Balance 13200.000000, Deposit 619.000000 
User 2, Acc 4 Balance 2509.000000, Deposit 647.000000 
User 2, Acc 4 Balance 3156.000000, Transfer 1200.000000 to Acc 7
User 6, Acc 7 Balance 77116.000000, Transfer 3.000000 to Acc 4
User 0, Acc 2 Balance 6683.000000, Transfer 1200.000000 to Acc 9
User 4, Acc 5 Balance 6717.000000, Withdraw 50.000000 
User 0, Acc 1 Balance 5859.000000, Deposit 661.000000 
User 0, Acc 1 Balance 6520.000000, Transfer 1200.000000 to Acc 9
User 4, Acc 6 Balance 19898.000000, Withdraw 50.000000 
User 1, Acc 1 Balance 5142.000000, Deposit 661.000000 
User 1, Acc 1 Balance 5981.000000, Transfer 1200.000000 to Acc 9
User 1, Acc 0 Balance 2387.000000, Deposit 673.000000 
User 1, Acc 0 Balance 3060.000000, Transfer 1200.000000 to Acc 9
User 5, Acc 8 Balance 13819.000000, Transfer 619.000000 to Acc 2
User 5, Acc 7 Balance 83167.000000, Deposit 631.000000 
User 5, Acc 7 Balance 83798.000000, Transfer 631.000000 to Acc 3
User 5, Acc 6 Balance 19848.000000, Deposit 641.000000 
User 5, Acc 6 Balance 20489.000000, Transfer 641.000000 to Acc 4
User 5, Acc 5 Balance 5467.000000, Deposit 643.000000 
User 5, Acc 5 Balance 6110.000000, Transfer 1200.000000 to Acc 6
User 5, Acc 4 Balance 2600.000000, Deposit 647.000000 
User 5, Acc 4 Balance 3247.000000, Transfer 1200.000000 to Acc 7
User 5, Acc 3 Balance 3198.000000, Deposit 653.000000 
User 1, Acc 9 Balance 58459.000000, Deposit 617.000000 
User 1, Acc 9 Balance 59076.000000, Transfer 617.000000 to Acc 1
User 1, Acc 8 Balance 13200.000000, Deposit 619.000000 
User 1, Acc 8 Balance 13819.000000, Transfer 619.000000 to Acc 2
User 1, Acc 7 Balance 84367.000000, Deposit 631.000000 
User 1, Acc 7 Balance 84998.000000, Transfer 631.000000 to Acc 3
User 1, Acc 6 Balance 21048.000000, Deposit 641.000000 
User 1, Acc 6 Balance 21689.000000, Transfer 641.000000 to Acc 4
User 1, Acc 5 Balance 4910.000000, Deposit 643.000000 
User 1, Acc 5 Balance 5553.000000, Transfer 1200.000000 to Acc 6
User 1, Acc 4 Balance 2688.000000, Deposit 647.000000 
User 1, Acc 4 Balance 3335.000000, Transfer 1200.000000 to Acc 7
User 1, Acc 3 Balance 4482.000000, Deposit 653.000000 
User 1, Acc 3 Balance 5135.000000, Transfer 1200.000000 to Acc 8
User 1, Acc 2 Balance 6721.000000, Deposit 659.000000 
User 1, Acc 2 Balance 7380.000000, Transfer 1200.000000 to Acc 9
User 1, Acc 1 Balance 5398.000000, Deposit 661.000000 
User 1, Acc 1 Balance 6059.000000, Transfer 1200.000000 to Acc 9
User 1, Acc 0 Balance 1860.000000, Deposit 673.000000 
User 1, Acc 0 Balance 2533.000000, Transfer 1200.000000 to Acc 9
User 1, Acc 0 Balance 1333.000000, Deposit 907.000000 
User 1, Acc 1 Balance 4859.000000, Deposit 911.000000 
User 1, Acc 2 Balance 6180.000000, Deposit 919.000000 
User 1, Acc 3 Balance 3935.000000, Deposit 929.000000 
User 1, Acc 4 Balance 2135.000000, Deposit 937.000000 
User 0, Acc 0 Balance 2387.000000, Deposit 673.000000 
User 1, Acc 5 Balance 4353.000000, Deposit 941.000000 
User 0, Acc 0 Balance 2913.000000, Transfer 1200.000000 to Acc 9
User 1, Acc 6 Balance 22248.000000, Deposit 953.000000 
User 3, Acc 2 Balance 6024.000000, Deposit 900.000000 
User 1, Acc 7 Balance 85567.000000, Deposit 967.000000 
User 4, Acc 7 Balance 83167.000000, Withdraw 50.000000 
User 2, Acc 3 Balance 2567.000000, Deposit 653.000000 
User 4, Acc 8 Balance 14400.000000, Withdraw 50.000000 
User 4, Acc 9 Balance 63259.000000, Withdraw 50.000000 
User 6, Acc 7 Balance 83167.000000, Transfer 5.000000 to Acc 4
User 3, Acc 1 Balance 5770.000000, Withdraw 50.000000 
User 6, Acc 3 Balance 5517.000000, Deposit 929.000000 
User 5, Acc 3 Balance 3851.000000, Transfer 1200.000000 to Acc 8
User 6, Acc 4 Balance 3077.000000, Deposit 937.000000 
User 0, Acc 0 Balance 1713.000000, Deposit 907.000000 
User 4, Acc 0 Balance 1713.000000, Withdraw 50.000000 
User 0, Acc 1 Balance 5720.000000, Deposit 911.000000 
User 4, Acc 0 Balance 2570.000000, Deposit 907.000000 
User 1, Acc 1 Balance 5770.000000, Transfer 19.000000 to Acc 7
User 1, Acc 2 Balance 7999.000000, Transfer 23.000000 to Acc 7
User 1, Acc 3 Balance 5246.000000, Transfer 29.000000 to Acc 7
User 1, Acc 7 Balance 86550.000000, Transfer 31.000000 to Acc 6
User 1, Acc 7 Balance 86519.000000, Transfer 37.000000 to Acc 5
User 1, Acc 7 Balance 86482.000000, Transfer 3.000000 to Acc 4
User 1, Acc 7 Balance 86479.000000, Transfer 5.000000 to Acc 4
User 1, Acc 6 Balance 23232.000000, Transfer 67.000000 to Acc 5
User 1, Acc 4 Balance 4022.000000, Transfer 53.000000 to Acc 5
User 1, Acc 1 Balance 6612.000000, Transfer 89.000000 to Acc 8
User 1, Acc 1 Balance 6523.000000, Transfer 163.000000 to Acc 9
User 1, Acc 1 Balance 6360.000000, Withdraw 41.000000 
User 1, Acc 2 Balance 7976.000000, Withdraw 71.000000 
User 1, Acc 3 Balance 5217.000000, Withdraw 127.000000 
User 1, Acc 4 Balance 3969.000000, Withdraw 167.000000 
User 1, Acc 5 Balance 5451.000000, Withdraw 307.000000 
User 1, Acc 6 Balance 23165.000000, Withdraw 647.000000 
User 1, Acc 7 Balance 86474.000000, Withdraw 593.000000 
User 1, Acc 8 Balance 15639.000000, Withdraw 449.000000 
User 1, Acc 9 Balance 63372.000000, Withdraw 163.000000 
User 1, Acc 0 Balance 3477.000000, Deposit 907.000000 
User 1, Acc 1 Balance 6319.000000, Deposit 911.000000 
User 1, Acc 2 Balance 7905.000000, Deposit 919.000000 
User 1, Acc 3 Balance 5090.000000, Deposit 929.000000 
User 1, Acc 4 Balance 3802.000000, Deposit 937.000000 
User 1, Acc 5 Balance 5144.000000, Deposit 941.000000 
User 1, Acc 6 Balance 22518.000000, Deposit 953.000000 
User 1, Acc 7 Balance 85881.000000, Deposit 967.000000 
User 1, Acc 1 Balance 7230.000000, Transfer 19.000000 to Acc 7
User 1, Acc 2 Balance 8824.000000, Transfer 23.000000 to Acc 7
User 1, Acc 3 Balance 6019.000000, Transfer 29.000000 to Acc 7
User 1, Acc 7 Balance 86919.000000, Transfer 31.000000 to Acc 6
User 1, Acc 7 Balance 86888.000000, Transfer 37.000000 to Acc 5
User 1, Acc 7 Balance 86851.000000, Transfer 3.000000 to Acc 4
User 1, Acc 7 Balance 86848.000000, Transfer 5.000000 to Acc 4
User 1, Acc 6 Balance 23502.000000, Transfer 67.000000 to Acc 5
User 1, Acc 4 Balance 4747.000000, Transfer 53.000000 to Acc 5
User 1, Acc 1 Balance 7211.000000, Transfer 89.000000 to Acc 8
User 1, Acc 1 Balance 7122.000000, Transfer 163.000000 to Acc 9
User 1, Acc 1 Balance 6959.000000, Withdraw 41.000000 
User 1, Acc 2 Balance 8801.000000, Withdraw 71.000000 
User 1, Acc 3 Balance 5990.000000, Withdraw 127.000000 
User 1, Acc 4 Balance 4694.000000, Withdraw 167.000000 
User 1, Acc 5 Balance 6242.000000, Withdraw 307.000000 
User 1, Acc 6 Balance 23435.000000, Withdraw 647.000000 
User 1, Acc 7 Balance 86843.000000, Withdraw 593.000000 
User 1, Acc 8 Balance 15279.000000, Withdraw 449.000000 
User 1, Acc 9 Balance 63372.000000, Withdraw 163.000000 
User 5, Acc 2 Balance 7999.000000, Deposit 659.000000 
User 5, Acc 2 Balance 9389.000000, Transfer 1200.000000 to Acc 9
User 6, Acc 5 Balance 5294.000000, Deposit 941.000000 
User 2, Acc 3 Balance 5517.000000, Transfer 1200.000000 to Acc 8
User 0, Acc 2 Balance 7999.000000, Deposit 919.000000 
User 2, Acc 2 Balance 8189.000000, Deposit 659.000000 
User 0, Acc 3 Balance 4663.000000, Deposit 929.000000 
User 2, Acc 2 Balance 9767.000000, Transfer 1200.000000 to Acc 9
User 0, Acc 4 Balance 4527.000000, Deposit 937.000000 
User 2, Acc 1 Balance 6918.000000, Deposit 661.000000 
User 0, Acc 5 Balance 6876.000000, Deposit 941.000000 
User 2, Acc 1 Balance 7579.000000, Transfer 1200.000000 to Acc 9
User 0, Acc 6 Balance 22788.000000, Deposit 953.000000 
User 2, Acc 0 Balance 4384.000000, Deposit 673.000000 
User 0, Acc 7 Balance 86250.000000, Deposit 967.000000 
User 2, Acc 0 Balance 5057.000000, Transfer 1200.000000 to Acc 9
User 0, Acc 1 Balance 6379.000000, Transfer 19.000000 to Acc 7
User 2, Acc 1 Balance 6379.000000, Withdraw 50.000000 
User 3, Acc 2 Balance 7999.000000, Withdraw 150.000000 
User 2, Acc 2 Balance 8567.000000, Withdraw 50.000000 
User 5, Acc 1 Balance 6918.000000, Deposit 661.000000 
User 5, Acc 1 Balance 6971.000000, Transfer 1200.000000 to Acc 9
User 0, Acc 2 Balance 8567.000000, Transfer 23.000000 to Acc 7
User 4, Acc 1 Balance 6631.000000, Deposit 911.000000 
User 2, Acc 3 Balance 5592.000000, Withdraw 50.000000 
User 3, Acc 3 Balance 5592.000000, Deposit 500.000000 
User 2, Acc 4 Balance 5464.000000, Withdraw 50.000000 
User 2, Acc 5 Balance 7817.000000, Withdraw 50.000000 
User 3, Acc 2 Balance 8344.000000, Transfer 300.000000 to Acc 1
User 0, Acc 3 Balance 5592.000000, Transfer 29.000000 to Acc 7
User 3, Acc 3 Balance 6042.000000, Transfer 300.000000 to Acc 1
User 0, Acc 7 Balance 87288.000000, Transfer 31.000000 to Acc 6
User 3, Acc 0 Balance 3857.000000, Deposit 400.000000 
User 2, Acc 6 Balance 23741.000000, Withdraw 50.000000 
User 3, Acc 3 Balance 5713.000000, Withdraw 200.000000 
User 2, Acc 7 Balance 87257.000000, Withdraw 50.000000 
User 2, Acc 8 Balance 16030.000000, Withdraw 50.000000 
User 0, Acc 7 Balance 87257.000000, Transfer 37.000000 to Acc 5
User 5, Acc 0 Balance 3857.000000, Deposit 673.000000 
User 5, Acc 0 Balance 4930.000000, Transfer 1200.000000 to Acc 9
Balance in 1: 7282.000000
User 6, Acc 4 Balance 4527.000000, Withdraw 1167.000000 
User 2, Acc 9 Balance 69209.000000, Withdraw 50.000000 
User 0, Acc 7 Balance 87170.000000, Transfer 3.000000 to Acc 4
User 4, Acc 2 Balance 8344.000000, Deposit 919.000000 
User 0, Acc 7 Balance 87167.000000, Transfer 5.000000 to Acc 4
User 0, Acc 6 Balance 23722.000000, Transfer 67.000000 to Acc 5
User 2, Acc 0 Balance 3730.000000, Withdraw 50.000000 
User 0, Acc 4 Balance 4255.000000, Transfer 53.000000 to Acc 5
User 0, Acc 1 Balance 7282.000000, Transfer 89.000000 to Acc 8
User 4, Acc 3 Balance 5513.000000, Deposit 929.000000 
User 4, Acc 4 Balance 4202.000000, Deposit 937.000000 
User 0, Acc 1 Balance 7193.000000, Transfer 163.000000 to Acc 9
User 6, Acc 5 Balance 7804.000000, Withdraw 1307.000000 
User 4, Acc 5 Balance 7924.000000, Deposit 941.000000 
User 0, Acc 1 Balance 7030.000000, Withdraw 41.000000 
User 0, Acc 2 Balance 8963.000000, Withdraw 71.000000 
User 4, Acc 6 Balance 23655.000000, Deposit 953.000000 
User 6, Acc 1 Balance 7030.000000, Transfer 89.000000 to Acc 8
User 0, Acc 3 Balance 6442.000000, Withdraw 127.000000 
User 4, Acc 7 Balance 87162.000000, Deposit 967.000000 
User 6, Acc 1 Balance 6900.000000, Transfer 163.000000 to Acc 9
User 4, Acc 1 Balance 6900.000000, Transfer 19.000000 to Acc 7
User 0, Acc 4 Balance 5139.000000, Withdraw 167.000000 
User 0, Acc 5 Balance 7558.000000, Withdraw 307.000000 
User 0, Acc 6 Balance 24608.000000, Withdraw 647.000000 
User 6, Acc 1 Balance 6737.000000, Withdraw 41.000000 
User 4, Acc 2 Balance 8892.000000, Transfer 23.000000 to Acc 7
User 0, Acc 7 Balance 88148.000000, Withdraw 593.000000 
User 4, Acc 3 Balance 6315.000000, Transfer 29.000000 to Acc 7
User 4, Acc 7 Balance 87607.000000, Transfer 31.000000 to Acc 6
User 4, Acc 7 Balance 87576.000000, Transfer 37.000000 to Acc 5
User 4, Acc 7 Balance 87539.000000, Transfer 3.000000 to Acc 4
User 6, Acc 2 Balance 8892.000000, Withdraw 71.000000 
User 4, Acc 7 Balance 87536.000000, Transfer 5.000000 to Acc 4
User 0, Acc 8 Balance 16158.000000, Withdraw 449.000000 
User 0, Acc 9 Balance 70685.000000, Withdraw 163.000000 
User 4, Acc 6 Balance 23992.000000, Transfer 67.000000 to Acc 5
User 4, Acc 4 Balance 4980.000000, Transfer 53.000000 to Acc 5
User 4, Acc 1 Balance 6677.000000, Transfer 89.000000 to Acc 8
User 4, Acc 1 Balance 6588.000000, Transfer 163.000000 to Acc 9
User 4, Acc 1 Balance 6425.000000, Withdraw 41.000000 
User 4, Acc 2 Balance 8798.000000, Withdraw 71.000000 
User 4, Acc 3 Balance 6286.000000, Withdraw 127.000000 
User 6, Acc 3 Balance 6286.000000, Withdraw 1127.000000 
User 6, Acc 6 Balance 23925.000000, Withdraw 647.000000 
User 6, Acc 6 Balance 23278.000000, Deposit 953.000000 
User 6, Acc 7 Balance 87531.000000, Deposit 967.000000 
User 6, Acc 1 Balance 6384.000000, Transfer 19.000000 to Acc 7
User 6, Acc 2 Balance 8727.000000, Transfer 23.000000 to Acc 7
User 6, Acc 6 Balance 24231.000000, Transfer 1167.000000 to Acc 5
User 6, Acc 4 Balance 4927.000000, Transfer 53.000000 to Acc 5
User 6, Acc 7 Balance 88540.000000, Withdraw 1593.000000 
User 6, Acc 8 Balance 15798.000000, Withdraw 449.000000 
User 6, Acc 9 Balance 70685.000000, Withdraw 163.000000 
User 4, Acc 4 Balance 4927.000000, Withdraw 167.000000 
User 4, Acc 5 Balance 8628.000000, Withdraw 307.000000 
User 4, Acc 6 Balance 23064.000000, Withdraw 647.000000 
User 4, Acc 7 Balance 86947.000000, Withdraw 593.000000 
User 4, Acc 8 Balance 15349.000000, Withdraw 449.000000 
User 4, Acc 9 Balance 70522.000000, Withdraw 163.000000 
  ***     End of transaction batch    ***  
Account 0 balance after completion of transaction batch: 3680.000000
Account 1 balance after completion of transaction batch: 6365.000000
Account 2 balance after completion of transaction batch: 8704.000000
Account 3 balance after completion of transaction batch: 5032.000000
Account 4 balance after completion of transaction batch: 4707.000000
Account 5 balance after completion of transaction batch: 8321.000000
Account 6 balance after completion of transaction batch: 22417.000000
Account 7 balance after completion of transaction batch: 86354.000000
Account 8 balance after completion of transaction batch: 14900.000000
Account 9 balance after completion of transaction batch: 70359.000000
