# Output generated by:
# ./my_executable 7 data/transactions7.txt data/transactions3.txt data/transactions8.txt data/transactions2.txt data/transactions4.txt data/transactions10.txt data/transactions1.txt

********************************************
   Reading and parsing a transaction file   
********************************************
Parsed transaction: deposit 7 9929.000000 
Loaded deposit transaction
Parsed transaction: deposit 4 937.000000 
Loaded deposit transaction
Parsed transaction: deposit 5 941.000000 
Loaded deposit transaction
Parsed transaction: deposit 0 7.000000 
Loaded deposit transaction
Parsed transaction: deposit 3 29.000000 
Loaded deposit transaction
Parsed transaction: deposit 7 9.000000 
Loaded deposit transaction
Parsed transaction: deposit 9 129.000000 
Loaded deposit transaction
Parsed transaction: transfer 3 7 29.000000 
Loaded transfer transaction
Parsed transaction: transfer 7 6 31.000000 
Loaded transfer transaction
Parsed transaction: transfer 7 5 137.000000 
Loaded transfer transaction
Parsed transaction: transfer 7 4 3.000000 
Loaded transfer transaction
Parsed transaction: transfer 7 4 5.000000 
Loaded transfer transaction
Parsed transaction: withdraw 4 1167.000000 
Loaded withdrawal transaction
Parsed transaction: withdraw 5 1307.000000 
Loaded withdrawal transaction
Parsed transaction: transfer 1 8 89.000000 
Loaded transfer transaction
Parsed transaction: transfer 1 9 163.000000 
Loaded transfer transaction
Parsed transaction: withdraw 1 41.000000 
Loaded withdrawal transaction
Parsed transaction: withdraw 2 71.000000 
Loaded withdrawal transaction
Parsed transaction: withdraw 3 1127.000000 
Loaded withdrawal transaction
Parsed transaction: withdraw 6 647.000000 
Loaded withdrawal transaction
Parsed transaction: deposit 6 1953.000000 
Loaded deposit transaction
Parsed transaction: deposit 7 967.000000 
Loaded deposit transaction
Parsed transaction: transfer 1 7 19.000000 
Loaded transfer transaction
Parsed transaction: transfer 2 7 23.000000 
Loaded transfer transaction
Parsed transaction: transfer 6 5 1167.000000 
Loaded transfer transaction
Parsed transaction: transfer 4 5 53.000000 
Loaded transfer transaction
Parsed transaction: withdraw 7 1593.000000 
Loaded withdrawal transaction
Parsed transaction: withdraw 8 449.000000 
Loaded withdrawal transaction
Parsed transaction: withdraw 9 163.000000 
Loaded withdrawal transaction
********************************************
********************************************
   Reading and parsing a transaction file   
********************************************
Parsed transaction: deposit 0 400.000000 
Loaded deposit transaction
Parsed transaction: withdraw 0 200.000000 
Loaded withdrawal transaction
Parsed transaction: deposit 1 100.000000 
Loaded deposit transaction
Parsed transaction: deposit 2 900.000000 
Loaded deposit transaction
Parsed transaction: withdraw 1 50.000000 
Loaded withdrawal transaction
Parsed transaction: withdraw 2 150.000000 
Loaded withdrawal transaction
Parsed transaction: deposit 3 500.000000 
Loaded deposit transaction
Parsed transaction: transfer 2 1 300.000000 
Loaded transfer transaction
Parsed transaction: transfer 3 1 300.000000 
Loaded transfer transaction
Parsed transaction: deposit 0 400.000000 
Loaded deposit transaction
Parsed transaction: withdraw 3 200.000000 
Loaded withdrawal transaction
Parsed transaction: balance 1 
Loaded balance transaction
********************************************
********************************************
   Reading and parsing a transaction file   
********************************************
Parsed transaction: deposit 9 617.000000 
Loaded deposit transaction
Parsed transaction: transfer 9 1 617.000000 
Loaded transfer transaction
Parsed transaction: deposit 8 619.000000 
Loaded deposit transaction
Parsed transaction: transfer 8 2 619.000000 
Loaded transfer transaction
Parsed transaction: deposit 7 631.000000 
Loaded deposit transaction
Parsed transaction: transfer 7 3 631.000000 
Loaded transfer transaction
Parsed transaction: deposit 6 641.000000 
Loaded deposit transaction
Parsed transaction: transfer 6 4 641.000000 
Loaded transfer transaction
Parsed transaction: deposit 5 643.000000 
Loaded deposit transaction
Parsed transaction: transfer 5 6 1200.000000 
Loaded transfer transaction
Parsed transaction: deposit 4 647.000000 
Loaded deposit transaction
Parsed transaction: transfer 4 7 1200.000000 
Loaded transfer transaction
Parsed transaction: deposit 3 653.000000 
Loaded deposit transaction
Parsed transaction: transfer 3 8 1200.000000 
Loaded transfer transaction
Parsed transaction: deposit 2 659.000000 
Loaded deposit transaction
Parsed transaction: transfer 2 9 1200.000000 
Loaded transfer transaction
Parsed transaction: deposit 1 661.000000 
Loaded deposit transaction
Parsed transaction: transfer 1 9 1200.000000 
Loaded transfer transaction
Parsed transaction: deposit 0 673.000000 
Loaded deposit transaction
Parsed transaction: transfer 0 9 1200.000000 
Loaded transfer transaction
********************************************
********************************************
   Reading and parsing a transaction file   
********************************************
Parsed transaction: deposit 0 400.000000 
Loaded deposit transaction
Parsed transaction: withdraw 0 200.000000 
Loaded withdrawal transaction
Parsed transaction: deposit 0 100.000000 
Loaded deposit transaction
Parsed transaction: withdraw 0 50.000000 
Loaded withdrawal transaction
Parsed transaction: withdraw 0 150.000000 
Loaded withdrawal transaction
Parsed transaction: deposit 0 300.000000 
Loaded deposit transaction
Parsed transaction: transfer 0 1 300.000000 
Loaded transfer transaction
Parsed transaction: balance 1 
Loaded balance transaction
********************************************
********************************************
   Reading and parsing a transaction file   
********************************************
Parsed transaction: deposit 0 907.000000 
Loaded deposit transaction
Parsed transaction: deposit 1 911.000000 
Loaded deposit transaction
Parsed transaction: deposit 2 919.000000 
Loaded deposit transaction
Parsed transaction: deposit 3 929.000000 
Loaded deposit transaction
Parsed transaction: deposit 4 937.000000 
Loaded deposit transaction
Parsed transaction: deposit 5 941.000000 
Loaded deposit transaction
Parsed transaction: deposit 6 953.000000 
Loaded deposit transaction
Parsed transaction: deposit 7 967.000000 
Loaded deposit transaction
Parsed transaction: transfer 1 7 19.000000 
Loaded transfer transaction
Parsed transaction: transfer 2 7 23.000000 
Loaded transfer transaction
Parsed transaction: transfer 3 7 29.000000 
Loaded transfer transaction
Parsed transaction: transfer 7 6 31.000000 
Loaded transfer transaction
Parsed transaction: transfer 7 5 37.000000 
Loaded transfer transaction
Parsed transaction: transfer 7 4 3.000000 
Loaded transfer transaction
Parsed transaction: transfer 7 4 5.000000 
Loaded transfer transaction
Parsed transaction: transfer 6 5 67.000000 
Loaded transfer transaction
Parsed transaction: transfer 4 5 53.000000 
Loaded transfer transaction
Parsed transaction: transfer 1 8 89.000000 
Loaded transfer transaction
Parsed transaction: transfer 1 9 163.000000 
Loaded transfer transaction
Parsed transaction: withdraw 1 41.000000 
Loaded withdrawal transaction
Parsed transaction: withdraw 2 71.000000 
Loaded withdrawal transaction
Parsed transaction: withdraw 3 127.000000 
Loaded withdrawal transaction
Parsed transaction: withdraw 4 167.000000 
Loaded withdrawal transaction
Parsed transaction: withdraw 5 307.000000 
Loaded withdrawal transaction
Parsed transaction: withdraw 6 647.000000 
Loaded withdrawal transaction
Parsed transaction: withdraw 7 593.000000 
Loaded withdrawal transaction
Parsed transaction: withdraw 8 449.000000 
Loaded withdrawal transaction
Parsed transaction: withdraw 9 163.000000 
Loaded withdrawal transaction
********************************************
********************************************
   Reading and parsing a transaction file   
********************************************
Parsed transaction: withdraw 1 500.000000 
Loaded withdrawal transaction
Parsed transaction: withdraw 2 500.000000 
Loaded withdrawal transaction
Parsed transaction: withdraw 3 500.000000 
Loaded withdrawal transaction
Parsed transaction: withdraw 4 500.000000 
Loaded withdrawal transaction
Parsed transaction: withdraw 5 500.000000 
Loaded withdrawal transaction
Parsed transaction: withdraw 6 500.000000 
Loaded withdrawal transaction
Parsed transaction: withdraw 7 500.000000 
Loaded withdrawal transaction
Parsed transaction: withdraw 8 500.000000 
Loaded withdrawal transaction
Parsed transaction: withdraw 9 500.000000 
Loaded withdrawal transaction
Parsed transaction: withdraw 0 500.000000 
Loaded withdrawal transaction
Parsed transaction: withdraw 1 500.000000 
Loaded withdrawal transaction
Parsed transaction: withdraw 2 500.000000 
Loaded withdrawal transaction
Parsed transaction: withdraw 3 500.000000 
Loaded withdrawal transaction
Parsed transaction: withdraw 4 500.000000 
Loaded withdrawal transaction
Parsed transaction: withdraw 5 500.000000 
Loaded withdrawal transaction
Parsed transaction: withdraw 6 500.000000 
Loaded withdrawal transaction
Parsed transaction: withdraw 7 500.000000 
Loaded withdrawal transaction
Parsed transaction: withdraw 8 500.000000 
Loaded withdrawal transaction
Parsed transaction: withdraw 9 500.000000 
Loaded withdrawal transaction
Parsed transaction: withdraw 0 500.000000 
Loaded withdrawal transaction
Parsed transaction: withdraw 1 500.000000 
Loaded withdrawal transaction
Parsed transaction: withdraw 2 500.000000 
Loaded withdrawal transaction
Parsed transaction: withdraw 3 500.000000 
Loaded withdrawal transaction
Parsed transaction: withdraw 4 500.000000 
Loaded withdrawal transaction
Parsed transaction: withdraw 5 500.000000 
Loaded withdrawal transaction
Parsed transaction: withdraw 6 500.000000 
Loaded withdrawal transaction
Parsed transaction: withdraw 7 500.000000 
Loaded withdrawal transaction
Parsed transaction: withdraw 8 500.000000 
Loaded withdrawal transaction
Parsed transaction: withdraw 9 500.000000 
Loaded withdrawal transaction
Parsed transaction: withdraw 0 500.000000 
Loaded withdrawal transaction
********************************************
********************************************
   Reading and parsing a transaction file   
********************************************
Parsed transaction: deposit 0 100.000000 
Loaded deposit transaction
Parsed transaction: deposit 0 200.000000 
Loaded deposit transaction
Parsed transaction: deposit 0 300.000000 
Loaded deposit transaction
Parsed transaction: withdraw 0 200.000000 
Loaded withdrawal transaction
Parsed transaction: withdraw 0 100.000000 
Loaded withdrawal transaction
Parsed transaction: withdraw 0 50.000000 
Loaded withdrawal transaction
Parsed transaction: transfer 1 0 200.000000 
Loaded transfer transaction
Parsed transaction: balance 0 
Loaded balance transaction
********************************************
  ***    Start of transaction batch    ***  
User 0, Acc 7 Balance 0.000000, Deposit 9929.000000 
User 0, Acc 4 Balance 0.000000, Deposit 937.000000 
User 0, Acc 5 Balance 0.000000, Deposit 941.000000 
User 0, Acc 0 Balance 0.000000, Deposit 7.000000 
User 0, Acc 3 Balance 0.000000, Deposit 29.000000 
User 0, Acc 7 Balance 9929.000000, Deposit 9.000000 
User 0, Acc 9 Balance 0.000000, Deposit 129.000000 
User 0, Acc 3 Balance 29.000000, Transfer 29.000000 to Acc 7
User 0, Acc 7 Balance 9967.000000, Transfer 31.000000 to Acc 6
User 0, Acc 7 Balance 9936.000000, Transfer 137.000000 to Acc 5
User 0, Acc 7 Balance 9799.000000, Transfer 3.000000 to Acc 4
User 0, Acc 7 Balance 9796.000000, Transfer 5.000000 to Acc 4
[22;32mUser 0, Acc 4 Balance 945.000000, 				Withdraw 1167.000000 --insufficient funds[0m
[22;32mUser 0, Acc 5 Balance 1078.000000, 				Withdraw 1307.000000 --insufficient funds[0m
[22;32mUser 0, Acc 1 Balance 0.000000, 				Withdraw 41.000000 --insufficient funds[0m
[22;32mUser 0, Acc 2 Balance 0.000000, 				Withdraw 71.000000 --insufficient funds[0m
[22;32mUser 0, Acc 3 Balance 0.000000, 				Withdraw 1127.000000 --insufficient funds[0m
[22;32mUser 0, Acc 6 Balance 31.000000, 				Withdraw 647.000000 --insufficient funds[0m
User 0, Acc 6 Balance 31.000000, Deposit 1953.000000 
User 0, Acc 7 Balance 9791.000000, Deposit 967.000000 
User 0, Acc 6 Balance 1984.000000, Transfer 1167.000000 to Acc 5
User 0, Acc 4 Balance 945.000000, Transfer 53.000000 to Acc 5
User 0, Acc 7 Balance 10758.000000, Withdraw 1593.000000 
[22;32mUser 0, Acc 8 Balance 0.000000, 				Withdraw 449.000000 --insufficient funds[0m
[22;32mUser 0, Acc 9 Balance 129.000000, 				Withdraw 163.000000 --insufficient funds[0m
User 0, Acc 0 Balance 7.000000, Deposit 400.000000 
User 0, Acc 0 Balance 407.000000, Withdraw 200.000000 
User 0, Acc 1 Balance 0.000000, Deposit 100.000000 
User 0, Acc 2 Balance 0.000000, Deposit 900.000000 
User 0, Acc 1 Balance 100.000000, Withdraw 50.000000 
User 0, Acc 2 Balance 900.000000, Withdraw 150.000000 
User 1, Acc 0 Balance 207.000000, Deposit 400.000000 
User 2, Acc 9 Balance 129.000000, Deposit 617.000000 
User 3, Acc 0 Balance 207.000000, Deposit 907.000000 
[22;32mUser 4, Acc 1 Balance 50.000000, 				Withdraw 500.000000 --insufficient funds[0m
User 3, Acc 1 Balance 50.000000, Deposit 911.000000 
User 3, Acc 2 Balance 750.000000, Deposit 919.000000 
User 4, Acc 2 Balance 750.000000, Withdraw 500.000000 
User 5, Acc 7 Balance 9165.000000, Deposit 9929.000000 
User 1, Acc 0 Balance 607.000000, Withdraw 200.000000 
User 5, Acc 4 Balance 892.000000, Deposit 937.000000 
User 5, Acc 5 Balance 2298.000000, Deposit 941.000000 
User 1, Acc 0 Balance 1314.000000, Deposit 100.000000 
User 0, Acc 3 Balance 0.000000, Deposit 500.000000 
[22;32mUser 4, Acc 3 Balance 0.000000, 				Withdraw 500.000000 --insufficient funds[0m
User 6, Acc 0 Balance 207.000000, Deposit 100.000000 
User 6, Acc 0 Balance 1514.000000, Deposit 200.000000 
User 6, Acc 0 Balance 1714.000000, Deposit 300.000000 
User 3, Acc 3 Balance 0.000000, Deposit 929.000000 
User 6, Acc 0 Balance 2014.000000, Withdraw 200.000000 
User 3, Acc 4 Balance 1829.000000, Deposit 937.000000 
User 6, Acc 0 Balance 1814.000000, Withdraw 100.000000 
User 4, Acc 4 Balance 1829.000000, Withdraw 500.000000 
User 6, Acc 0 Balance 1714.000000, Withdraw 50.000000 
User 5, Acc 0 Balance 1314.000000, Deposit 7.000000 
User 6, Acc 1 Balance 961.000000, Transfer 200.000000 to Acc 0
User 3, Acc 5 Balance 3239.000000, Deposit 941.000000 
Balance in 0: 1871.000000
User 2, Acc 9 Balance 746.000000, Transfer 617.000000 to Acc 1
User 6, Acc 7 Balance 19094.000000, Deposit 9929.000000 
User 2, Acc 8 Balance 0.000000, Deposit 619.000000 
User 5, Acc 3 Balance 1429.000000, Deposit 29.000000 
User 3, Acc 6 Balance 817.000000, Deposit 953.000000 
User 5, Acc 7 Balance 29023.000000, Deposit 9.000000 
User 3, Acc 7 Balance 29023.000000, Deposit 967.000000 
User 5, Acc 9 Balance 129.000000, Deposit 129.000000 
User 3, Acc 1 Balance 1378.000000, Transfer 19.000000 to Acc 7
User 5, Acc 3 Balance 1458.000000, Transfer 29.000000 to Acc 7
User 4, Acc 5 Balance 3239.000000, Withdraw 500.000000 
User 1, Acc 0 Balance 1414.000000, Withdraw 50.000000 
User 1, Acc 0 Balance 1821.000000, Withdraw 150.000000 
User 0, Acc 2 Balance 1169.000000, Transfer 300.000000 to Acc 1
User 3, Acc 2 Balance 1169.000000, Transfer 23.000000 to Acc 7
User 2, Acc 8 Balance 619.000000, Transfer 619.000000 to Acc 2
User 5, Acc 7 Balance 30047.000000, Transfer 31.000000 to Acc 6
User 2, Acc 7 Balance 30070.000000, Deposit 631.000000 
User 5, Acc 7 Balance 30039.000000, Transfer 137.000000 to Acc 5
User 2, Acc 7 Balance 30670.000000, Transfer 631.000000 to Acc 3
User 6, Acc 4 Balance 2266.000000, Deposit 937.000000 
User 0, Acc 3 Balance 1429.000000, Transfer 300.000000 to Acc 1
User 6, Acc 5 Balance 3817.000000, Deposit 941.000000 
User 4, Acc 6 Balance 1770.000000, Withdraw 500.000000 
User 6, Acc 0 Balance 1671.000000, Deposit 7.000000 
User 4, Acc 7 Balance 29902.000000, Withdraw 500.000000 
User 1, Acc 0 Balance 1671.000000, Deposit 300.000000 
User 0, Acc 0 Balance 1671.000000, Deposit 400.000000 
User 1, Acc 0 Balance 1978.000000, Transfer 300.000000 to Acc 1
User 5, Acc 7 Balance 30533.000000, Transfer 3.000000 to Acc 4
User 6, Acc 3 Balance 1760.000000, Deposit 29.000000 
[22;32mUser 4, Acc 8 Balance 0.000000, 				Withdraw 500.000000 --insufficient funds[0m
User 6, Acc 7 Balance 29399.000000, Deposit 9.000000 
User 6, Acc 9 Balance 258.000000, Deposit 129.000000 
User 6, Acc 3 Balance 1789.000000, Transfer 29.000000 to Acc 7
User 6, Acc 7 Balance 29437.000000, Transfer 31.000000 to Acc 6
User 6, Acc 7 Balance 29406.000000, Transfer 137.000000 to Acc 5
User 6, Acc 7 Balance 29269.000000, Transfer 3.000000 to Acc 4
User 6, Acc 7 Balance 29266.000000, Transfer 5.000000 to Acc 4
User 6, Acc 4 Balance 3214.000000, Withdraw 1167.000000 
User 6, Acc 5 Balance 4895.000000, Withdraw 1307.000000 
User 6, Acc 1 Balance 2259.000000, Transfer 89.000000 to Acc 8
User 6, Acc 1 Balance 2170.000000, Transfer 163.000000 to Acc 9
User 6, Acc 1 Balance 2007.000000, Withdraw 41.000000 
User 6, Acc 2 Balance 1465.000000, Withdraw 71.000000 
User 0, Acc 3 Balance 1760.000000, Withdraw 200.000000 
User 6, Acc 3 Balance 1760.000000, Withdraw 1127.000000 
Balance in 1: 2259.000000
User 6, Acc 6 Balance 1332.000000, Withdraw 647.000000 
[22;32mUser 4, Acc 9 Balance 258.000000, 				Withdraw 500.000000 --insufficient funds[0m
User 6, Acc 6 Balance 685.000000, Deposit 1953.000000 
User 3, Acc 3 Balance 1429.000000, Transfer 29.000000 to Acc 7
User 6, Acc 7 Balance 29261.000000, Deposit 967.000000 
User 3, Acc 7 Balance 29290.000000, Transfer 31.000000 to Acc 6
User 5, Acc 7 Balance 29399.000000, Transfer 5.000000 to Acc 4
User 1, Acc 7 Balance 29261.000000, Deposit 9929.000000 
User 2, Acc 6 Balance 1801.000000, Deposit 641.000000 
Balance in 1: 1966.000000
User 2, Acc 6 Balance 3310.000000, Transfer 641.000000 to Acc 4
User 3, Acc 7 Balance 30226.000000, Transfer 37.000000 to Acc 5
User 4, Acc 0 Balance 2078.000000, Withdraw 500.000000 
User 5, Acc 4 Balance 2052.000000, Withdraw 1167.000000 
User 4, Acc 1 Balance 1966.000000, Withdraw 500.000000 
User 1, Acc 4 Balance 2052.000000, Deposit 937.000000 
User 4, Acc 2 Balance 1394.000000, Withdraw 500.000000 
User 1, Acc 5 Balance 3625.000000, Deposit 941.000000 
User 3, Acc 7 Balance 40113.000000, Transfer 3.000000 to Acc 4
User 5, Acc 5 Balance 3625.000000, Withdraw 1307.000000 
User 0, Acc 7 Balance 40150.000000, Deposit 9929.000000 
User 6, Acc 1 Balance 1966.000000, Transfer 19.000000 to Acc 7
User 6, Acc 2 Balance 894.000000, Transfer 23.000000 to Acc 7
User 6, Acc 6 Balance 2669.000000, Transfer 1167.000000 to Acc 5
User 6, Acc 4 Balance 2466.000000, Transfer 53.000000 to Acc 5
User 6, Acc 7 Balance 50081.000000, Withdraw 1593.000000 
[22;32mUser 6, Acc 8 Balance 89.000000, 				Withdraw 449.000000 --insufficient funds[0m
User 6, Acc 9 Balance 550.000000, Withdraw 163.000000 
User 6, Acc 7 Balance 48488.000000, Deposit 9929.000000 
User 6, Acc 4 Balance 2413.000000, Deposit 937.000000 
User 6, Acc 5 Balance 4479.000000, Deposit 941.000000 
User 6, Acc 0 Balance 1578.000000, Deposit 7.000000 
User 5, Acc 1 Balance 1466.000000, Transfer 89.000000 to Acc 8
User 6, Acc 3 Balance 404.000000, Deposit 29.000000 
User 6, Acc 7 Balance 58417.000000, Deposit 9.000000 
User 6, Acc 9 Balance 387.000000, Deposit 129.000000 
User 6, Acc 3 Balance 433.000000, Transfer 29.000000 to Acc 7
User 6, Acc 7 Balance 58455.000000, Transfer 31.000000 to Acc 6
User 6, Acc 7 Balance 58424.000000, Transfer 137.000000 to Acc 5
User 6, Acc 7 Balance 58287.000000, Transfer 3.000000 to Acc 4
User 6, Acc 7 Balance 58284.000000, Transfer 5.000000 to Acc 4
User 6, Acc 4 Balance 3358.000000, Withdraw 1167.000000 
User 6, Acc 5 Balance 5557.000000, Withdraw 1307.000000 
User 6, Acc 1 Balance 1358.000000, Transfer 89.000000 to Acc 8
User 6, Acc 1 Balance 1269.000000, Transfer 163.000000 to Acc 9
User 6, Acc 1 Balance 1106.000000, Withdraw 41.000000 
User 6, Acc 2 Balance 871.000000, Withdraw 71.000000 
[22;32mUser 6, Acc 3 Balance 404.000000, 				Withdraw 1127.000000 --insufficient funds[0m
User 6, Acc 6 Balance 1533.000000, Withdraw 647.000000 
User 6, Acc 6 Balance 886.000000, Deposit 1953.000000 
User 6, Acc 7 Balance 58279.000000, Deposit 967.000000 
User 6, Acc 1 Balance 1065.000000, Transfer 19.000000 to Acc 7
User 6, Acc 2 Balance 800.000000, Transfer 23.000000 to Acc 7
User 6, Acc 6 Balance 2839.000000, Transfer 1167.000000 to Acc 5
User 6, Acc 4 Balance 2191.000000, Transfer 53.000000 to Acc 5
User 6, Acc 7 Balance 59288.000000, Withdraw 1593.000000 
[22;32mUser 6, Acc 8 Balance 267.000000, 				Withdraw 449.000000 --insufficient funds[0m
User 6, Acc 9 Balance 679.000000, Withdraw 163.000000 
User 6, Acc 7 Balance 57695.000000, Deposit 9929.000000 
User 6, Acc 4 Balance 2138.000000, Deposit 937.000000 
User 6, Acc 5 Balance 5470.000000, Deposit 941.000000 
User 6, Acc 0 Balance 1585.000000, Deposit 7.000000 
User 6, Acc 3 Balance 404.000000, Deposit 29.000000 
User 6, Acc 7 Balance 67624.000000, Deposit 9.000000 
User 6, Acc 9 Balance 516.000000, Deposit 129.000000 
User 6, Acc 3 Balance 433.000000, Transfer 29.000000 to Acc 7
User 6, Acc 7 Balance 67662.000000, Transfer 31.000000 to Acc 6
User 6, Acc 7 Balance 67631.000000, Transfer 137.000000 to Acc 5
User 6, Acc 7 Balance 67494.000000, Transfer 3.000000 to Acc 4
User 6, Acc 7 Balance 67491.000000, Transfer 5.000000 to Acc 4
User 6, Acc 4 Balance 3083.000000, Withdraw 1167.000000 
User 6, Acc 5 Balance 6548.000000, Withdraw 1307.000000 
User 6, Acc 1 Balance 1046.000000, Transfer 89.000000 to Acc 8
User 6, Acc 1 Balance 957.000000, Transfer 163.000000 to Acc 9
User 6, Acc 1 Balance 794.000000, Withdraw 41.000000 
User 6, Acc 2 Balance 777.000000, Withdraw 71.000000 
[22;32mUser 6, Acc 3 Balance 404.000000, 				Withdraw 1127.000000 --insufficient funds[0m
User 6, Acc 6 Balance 1703.000000, Withdraw 647.000000 
User 6, Acc 6 Balance 1056.000000, Deposit 1953.000000 
User 6, Acc 7 Balance 67486.000000, Deposit 967.000000 
User 6, Acc 1 Balance 753.000000, Transfer 19.000000 to Acc 7
User 6, Acc 2 Balance 706.000000, Transfer 23.000000 to Acc 7
User 6, Acc 6 Balance 3009.000000, Transfer 1167.000000 to Acc 5
User 6, Acc 4 Balance 1916.000000, Transfer 53.000000 to Acc 5
User 6, Acc 7 Balance 68495.000000, Withdraw 1593.000000 
[22;32mUser 6, Acc 8 Balance 356.000000, 				Withdraw 449.000000 --insufficient funds[0m
User 6, Acc 9 Balance 808.000000, Withdraw 163.000000 
User 6, Acc 0 Balance 1592.000000, Deposit 400.000000 
User 6, Acc 0 Balance 1992.000000, Withdraw 200.000000 
User 6, Acc 1 Balance 734.000000, Deposit 100.000000 
User 6, Acc 2 Balance 683.000000, Deposit 900.000000 
User 6, Acc 1 Balance 834.000000, Withdraw 50.000000 
User 6, Acc 2 Balance 1583.000000, Withdraw 150.000000 
User 6, Acc 3 Balance 404.000000, Deposit 500.000000 
User 6, Acc 2 Balance 1433.000000, Transfer 300.000000 to Acc 1
User 6, Acc 3 Balance 904.000000, Transfer 300.000000 to Acc 1
User 6, Acc 0 Balance 1792.000000, Deposit 400.000000 
User 6, Acc 3 Balance 604.000000, Withdraw 200.000000 
Balance in 1: 1384.000000
User 5, Acc 1 Balance 1358.000000, Transfer 163.000000 to Acc 9
User 5, Acc 1 Balance 1221.000000, Withdraw 41.000000 
User 5, Acc 2 Balance 1133.000000, Withdraw 71.000000 
[22;32mUser 4, Acc 3 Balance 404.000000, 				Withdraw 500.000000 --insufficient funds[0m
[22;32mUser 5, Acc 3 Balance 404.000000, 				Withdraw 1127.000000 --insufficient funds[0m
User 2, Acc 5 Balance 3588.000000, Deposit 643.000000 
User 1, Acc 0 Balance 1578.000000, Deposit 7.000000 
User 2, Acc 5 Balance 7104.000000, Transfer 1200.000000 to Acc 6
User 2, Acc 4 Balance 1863.000000, Deposit 647.000000 
User 0, Acc 4 Balance 2466.000000, Deposit 937.000000 
User 2, Acc 4 Balance 2510.000000, Transfer 1200.000000 to Acc 7
User 5, Acc 6 Balance 1842.000000, Withdraw 647.000000 
User 4, Acc 4 Balance 1863.000000, Withdraw 500.000000 
User 5, Acc 6 Balance 2395.000000, Deposit 1953.000000 
User 1, Acc 3 Balance 404.000000, Deposit 29.000000 
User 5, Acc 7 Balance 68102.000000, Deposit 967.000000 
User 2, Acc 3 Balance 404.000000, Deposit 653.000000 
User 5, Acc 1 Balance 1180.000000, Transfer 19.000000 to Acc 7
User 2, Acc 2 Balance 1062.000000, Deposit 659.000000 
User 5, Acc 2 Balance 1062.000000, Transfer 23.000000 to Acc 7
User 2, Acc 2 Balance 1721.000000, Transfer 1200.000000 to Acc 9
User 6, Acc 0 Balance 2192.000000, Deposit 400.000000 
User 3, Acc 7 Balance 40110.000000, Transfer 5.000000 to Acc 4
User 3, Acc 6 Balance 4348.000000, Transfer 67.000000 to Acc 5
User 0, Acc 5 Balance 5904.000000, Deposit 941.000000 
User 5, Acc 6 Balance 4348.000000, Transfer 1167.000000 to Acc 5
User 2, Acc 1 Balance 1161.000000, Deposit 661.000000 
User 5, Acc 4 Balance 1752.000000, Transfer 53.000000 to Acc 5
User 2, Acc 1 Balance 1822.000000, Transfer 1200.000000 to Acc 9
User 4, Acc 5 Balance 5904.000000, Withdraw 500.000000 
User 3, Acc 4 Balance 1752.000000, Transfer 53.000000 to Acc 5
User 0, Acc 0 Balance 2599.000000, Deposit 7.000000 
User 3, Acc 1 Balance 622.000000, Transfer 89.000000 to Acc 8
User 1, Acc 7 Balance 68102.000000, Deposit 9.000000 
User 3, Acc 1 Balance 533.000000, Transfer 163.000000 to Acc 9
User 3, Acc 1 Balance 370.000000, Withdraw 41.000000 
User 6, Acc 0 Balance 2599.000000, Withdraw 200.000000 
User 4, Acc 6 Balance 3114.000000, Withdraw 500.000000 
User 6, Acc 1 Balance 329.000000, Deposit 100.000000 
User 5, Acc 7 Balance 69106.000000, Withdraw 1593.000000 
User 6, Acc 2 Balance 498.000000, Deposit 900.000000 
User 2, Acc 0 Balance 2599.000000, Deposit 673.000000 
User 3, Acc 2 Balance 498.000000, Withdraw 71.000000 
User 0, Acc 3 Balance 1086.000000, Deposit 29.000000 
User 4, Acc 7 Balance 69115.000000, Withdraw 500.000000 
User 1, Acc 9 Balance 3371.000000, Deposit 129.000000 
[22;32mUser 4, Acc 8 Balance 445.000000, 				Withdraw 500.000000 --insufficient funds[0m
User 4, Acc 9 Balance 3371.000000, Withdraw 500.000000 
User 4, Acc 0 Balance 3079.000000, Withdraw 500.000000 
User 6, Acc 1 Balance 429.000000, Withdraw 50.000000 
User 3, Acc 3 Balance 1086.000000, Withdraw 127.000000 
User 6, Acc 2 Balance 1327.000000, Withdraw 150.000000 
[22;32mUser 5, Acc 8 Balance 445.000000, 				Withdraw 449.000000 --insufficient funds[0m
User 6, Acc 3 Balance 988.000000, Deposit 500.000000 
User 5, Acc 9 Balance 3000.000000, Withdraw 163.000000 
User 5, Acc 0 Balance 2579.000000, Deposit 400.000000 
[22;32mUser 4, Acc 1 Balance 429.000000, 				Withdraw 500.000000 --insufficient funds[0m
User 0, Acc 7 Balance 67522.000000, Deposit 9.000000 
User 3, Acc 4 Balance 1646.000000, Withdraw 167.000000 
User 1, Acc 3 Balance 1115.000000, Transfer 29.000000 to Acc 7
User 2, Acc 0 Balance 3079.000000, Transfer 1200.000000 to Acc 9
User 6, Acc 2 Balance 1177.000000, Transfer 300.000000 to Acc 1
User 6, Acc 3 Balance 1459.000000, Transfer 300.000000 to Acc 1
User 6, Acc 0 Balance 1779.000000, Deposit 400.000000 
User 6, Acc 3 Balance 1159.000000, Withdraw 200.000000 
Balance in 1: 979.000000
User 1, Acc 7 Balance 67060.000000, Transfer 31.000000 to Acc 6
User 1, Acc 7 Balance 67029.000000, Transfer 137.000000 to Acc 5
User 1, Acc 7 Balance 66892.000000, Transfer 3.000000 to Acc 4
User 1, Acc 7 Balance 66889.000000, Transfer 5.000000 to Acc 4
User 1, Acc 4 Balance 1487.000000, Withdraw 1167.000000 
User 1, Acc 5 Balance 7822.000000, Withdraw 1307.000000 
User 1, Acc 1 Balance 979.000000, Transfer 89.000000 to Acc 8
User 1, Acc 1 Balance 890.000000, Transfer 163.000000 to Acc 9
User 1, Acc 1 Balance 727.000000, Withdraw 41.000000 
User 1, Acc 2 Balance 877.000000, Withdraw 71.000000 
[22;32mUser 1, Acc 3 Balance 959.000000, 				Withdraw 1127.000000 --insufficient funds[0m
User 1, Acc 6 Balance 2645.000000, Withdraw 647.000000 
User 6, Acc 0 Balance 2179.000000, Deposit 400.000000 
User 6, Acc 0 Balance 2579.000000, Withdraw 200.000000 
User 6, Acc 1 Balance 686.000000, Deposit 100.000000 
User 6, Acc 2 Balance 806.000000, Deposit 900.000000 
User 6, Acc 1 Balance 786.000000, Withdraw 50.000000 
User 6, Acc 2 Balance 1706.000000, Withdraw 150.000000 
User 6, Acc 3 Balance 959.000000, Deposit 500.000000 
User 6, Acc 2 Balance 1556.000000, Transfer 300.000000 to Acc 1
User 6, Acc 3 Balance 1459.000000, Transfer 300.000000 to Acc 1
User 6, Acc 0 Balance 2379.000000, Deposit 400.000000 
User 6, Acc 3 Balance 1159.000000, Withdraw 200.000000 
Balance in 1: 1336.000000
User 3, Acc 5 Balance 7685.000000, Withdraw 307.000000 
User 6, Acc 9 Balance 4200.000000, Deposit 617.000000 
User 2, Acc 0 Balance 1779.000000, Deposit 400.000000 
User 2, Acc 0 Balance 3179.000000, Withdraw 200.000000 
User 4, Acc 2 Balance 1177.000000, Withdraw 500.000000 
User 4, Acc 3 Balance 959.000000, Withdraw 500.000000 
[22;32mUser 4, Acc 4 Balance 320.000000, 				Withdraw 500.000000 --insufficient funds[0m
User 4, Acc 5 Balance 6208.000000, Withdraw 500.000000 
User 3, Acc 6 Balance 1998.000000, Withdraw 647.000000 
User 4, Acc 6 Balance 1998.000000, Withdraw 500.000000 
User 3, Acc 7 Balance 66884.000000, Withdraw 593.000000 
User 4, Acc 7 Balance 66884.000000, Withdraw 500.000000 
User 3, Acc 8 Balance 534.000000, Withdraw 449.000000 
User 2, Acc 1 Balance 1336.000000, Deposit 100.000000 
User 3, Acc 9 Balance 4817.000000, Withdraw 163.000000 
User 1, Acc 6 Balance 1998.000000, Deposit 1953.000000 
User 5, Acc 0 Balance 2979.000000, Withdraw 200.000000 
User 1, Acc 7 Balance 65791.000000, Deposit 967.000000 
User 4, Acc 8 Balance 534.000000, Withdraw 500.000000 
User 1, Acc 1 Balance 1436.000000, Transfer 19.000000 to Acc 7
User 3, Acc 0 Balance 2979.000000, Deposit 400.000000 
User 3, Acc 0 Balance 3179.000000, Withdraw 200.000000 
User 5, Acc 1 Balance 1436.000000, Deposit 100.000000 
User 0, Acc 9 Balance 2837.000000, Deposit 129.000000 
User 2, Acc 2 Balance 756.000000, Deposit 900.000000 
User 0, Acc 3 Balance 459.000000, Transfer 29.000000 to Acc 7
User 4, Acc 9 Balance 4654.000000, Withdraw 500.000000 
User 0, Acc 7 Balance 66806.000000, Transfer 31.000000 to Acc 6
User 4, Acc 0 Balance 2979.000000, Withdraw 500.000000 
User 3, Acc 1 Balance 1417.000000, Deposit 100.000000 
User 4, Acc 9 Balance 4283.000000, Deposit 617.000000 
User 3, Acc 2 Balance 1656.000000, Deposit 900.000000 
User 3, Acc 1 Balance 1617.000000, Withdraw 50.000000 
User 6, Acc 9 Balance 4817.000000, Transfer 617.000000 to Acc 1
User 0, Acc 7 Balance 66775.000000, Transfer 137.000000 to Acc 5
User 6, Acc 8 Balance -415.000000, Deposit 619.000000 
User 6, Acc 7 Balance 66775.000000, Deposit 631.000000 
User 6, Acc 7 Balance 67269.000000, Transfer 631.000000 to Acc 3
User 6, Acc 6 Balance 2835.000000, Deposit 641.000000 
User 6, Acc 6 Balance 3476.000000, Transfer 641.000000 to Acc 4
User 6, Acc 5 Balance 5845.000000, Deposit 643.000000 
User 6, Acc 5 Balance 6488.000000, Transfer 1200.000000 to Acc 6
User 6, Acc 4 Balance 961.000000, Deposit 647.000000 
User 6, Acc 4 Balance 1608.000000, Transfer 1200.000000 to Acc 7
User 6, Acc 3 Balance 1061.000000, Deposit 653.000000 
User 6, Acc 3 Balance 1714.000000, Transfer 1200.000000 to Acc 8
User 6, Acc 2 Balance 2556.000000, Deposit 659.000000 
User 6, Acc 2 Balance 3215.000000, Transfer 1200.000000 to Acc 9
User 6, Acc 1 Balance 2184.000000, Deposit 661.000000 
User 6, Acc 1 Balance 2845.000000, Transfer 1200.000000 to Acc 9
User 6, Acc 0 Balance 2479.000000, Deposit 673.000000 
User 6, Acc 0 Balance 3152.000000, Transfer 1200.000000 to Acc 9
User 6, Acc 9 Balance 7883.000000, Deposit 617.000000 
User 6, Acc 9 Balance 8500.000000, Transfer 617.000000 to Acc 1
User 6, Acc 8 Balance 1404.000000, Deposit 619.000000 
User 6, Acc 8 Balance 2023.000000, Transfer 619.000000 to Acc 2
User 6, Acc 7 Balance 67838.000000, Deposit 631.000000 
User 6, Acc 7 Balance 68469.000000, Transfer 631.000000 to Acc 3
User 6, Acc 6 Balance 4035.000000, Deposit 641.000000 
User 6, Acc 6 Balance 4676.000000, Transfer 641.000000 to Acc 4
User 6, Acc 5 Balance 5288.000000, Deposit 643.000000 
User 6, Acc 5 Balance 5931.000000, Transfer 1200.000000 to Acc 6
User 6, Acc 4 Balance 1049.000000, Deposit 647.000000 
User 6, Acc 4 Balance 1696.000000, Transfer 1200.000000 to Acc 7
User 6, Acc 3 Balance 1145.000000, Deposit 653.000000 
User 6, Acc 3 Balance 1798.000000, Transfer 1200.000000 to Acc 8
User 6, Acc 2 Balance 2634.000000, Deposit 659.000000 
User 6, Acc 2 Balance 3293.000000, Transfer 1200.000000 to Acc 9
User 6, Acc 1 Balance 2262.000000, Deposit 661.000000 
User 6, Acc 1 Balance 2923.000000, Transfer 1200.000000 to Acc 9
User 6, Acc 0 Balance 1952.000000, Deposit 673.000000 
User 6, Acc 0 Balance 2625.000000, Transfer 1200.000000 to Acc 9
User 6, Acc 9 Balance 11483.000000, Deposit 617.000000 
User 6, Acc 9 Balance 12100.000000, Transfer 617.000000 to Acc 1
User 6, Acc 8 Balance 2604.000000, Deposit 619.000000 
User 6, Acc 8 Balance 3223.000000, Transfer 619.000000 to Acc 2
User 6, Acc 7 Balance 69038.000000, Deposit 631.000000 
User 6, Acc 7 Balance 69669.000000, Transfer 631.000000 to Acc 3
User 6, Acc 6 Balance 5235.000000, Deposit 641.000000 
User 6, Acc 6 Balance 5876.000000, Transfer 641.000000 to Acc 4
User 6, Acc 5 Balance 4731.000000, Deposit 643.000000 
User 6, Acc 5 Balance 5374.000000, Transfer 1200.000000 to Acc 6
User 6, Acc 4 Balance 1137.000000, Deposit 647.000000 
User 6, Acc 4 Balance 1784.000000, Transfer 1200.000000 to Acc 7
User 6, Acc 3 Balance 1229.000000, Deposit 653.000000 
User 6, Acc 3 Balance 1882.000000, Transfer 1200.000000 to Acc 8
User 6, Acc 2 Balance 2712.000000, Deposit 659.000000 
User 6, Acc 2 Balance 3371.000000, Transfer 1200.000000 to Acc 9
User 6, Acc 1 Balance 2340.000000, Deposit 661.000000 
User 6, Acc 1 Balance 3001.000000, Transfer 1200.000000 to Acc 9
User 6, Acc 0 Balance 1425.000000, Deposit 673.000000 
User 6, Acc 0 Balance 2098.000000, Transfer 1200.000000 to Acc 9
User 6, Acc 9 Balance 15083.000000, Deposit 617.000000 
User 6, Acc 9 Balance 15700.000000, Transfer 617.000000 to Acc 1
User 6, Acc 8 Balance 3804.000000, Deposit 619.000000 
User 6, Acc 8 Balance 4423.000000, Transfer 619.000000 to Acc 2
User 6, Acc 7 Balance 70238.000000, Deposit 631.000000 
User 6, Acc 7 Balance 70869.000000, Transfer 631.000000 to Acc 3
User 6, Acc 6 Balance 6435.000000, Deposit 641.000000 
User 6, Acc 6 Balance 7076.000000, Transfer 641.000000 to Acc 4
User 6, Acc 5 Balance 4174.000000, Deposit 643.000000 
User 6, Acc 5 Balance 4817.000000, Transfer 1200.000000 to Acc 6
User 6, Acc 4 Balance 1225.000000, Deposit 647.000000 
User 6, Acc 4 Balance 1872.000000, Transfer 1200.000000 to Acc 7
User 6, Acc 3 Balance 1313.000000, Deposit 653.000000 
User 6, Acc 3 Balance 1966.000000, Transfer 1200.000000 to Acc 8
User 6, Acc 2 Balance 2790.000000, Deposit 659.000000 
User 6, Acc 2 Balance 3449.000000, Transfer 1200.000000 to Acc 9
User 6, Acc 1 Balance 2418.000000, Deposit 661.000000 
User 6, Acc 1 Balance 3079.000000, Transfer 1200.000000 to Acc 9
User 6, Acc 0 Balance 898.000000, Deposit 673.000000 
User 6, Acc 0 Balance 1571.000000, Transfer 1200.000000 to Acc 9
User 6, Acc 0 Balance 371.000000, Deposit 400.000000 
User 6, Acc 0 Balance 771.000000, Withdraw 200.000000 
User 6, Acc 0 Balance 571.000000, Deposit 100.000000 
User 6, Acc 0 Balance 671.000000, Withdraw 50.000000 
User 6, Acc 0 Balance 621.000000, Withdraw 150.000000 
User 6, Acc 0 Balance 471.000000, Deposit 300.000000 
User 6, Acc 0 Balance 771.000000, Transfer 300.000000 to Acc 1
Balance in 1: 2179.000000
User 5, Acc 2 Balance 756.000000, Deposit 900.000000 
User 5, Acc 1 Balance 2179.000000, Withdraw 50.000000 
User 2, Acc 1 Balance 1517.000000, Withdraw 50.000000 
User 2, Acc 2 Balance 3149.000000, Withdraw 150.000000 
User 2, Acc 3 Balance 766.000000, Deposit 500.000000 
User 4, Acc 9 Balance 4900.000000, Transfer 617.000000 to Acc 1
User 3, Acc 2 Balance 2556.000000, Withdraw 150.000000 
User 0, Acc 7 Balance 66638.000000, Transfer 3.000000 to Acc 4
User 3, Acc 3 Balance 1266.000000, Deposit 500.000000 
User 5, Acc 2 Balance 3149.000000, Withdraw 150.000000 
User 1, Acc 2 Balance 756.000000, Transfer 23.000000 to Acc 7
User 5, Acc 3 Balance 1766.000000, Deposit 500.000000 
User 5, Acc 2 Balance 2699.000000, Transfer 300.000000 to Acc 1
User 1, Acc 6 Balance 7635.000000, Transfer 1167.000000 to Acc 5
User 0, Acc 7 Balance 71435.000000, Transfer 5.000000 to Acc 4
User 6, Acc 9 Balance 18683.000000, Deposit 617.000000 
User 6, Acc 9 Balance 18683.000000, Transfer 617.000000 to Acc 1
User 6, Acc 8 Balance 5004.000000, Deposit 619.000000 
User 6, Acc 8 Balance 5623.000000, Transfer 619.000000 to Acc 2
User 6, Acc 7 Balance 71453.000000, Deposit 631.000000 
User 6, Acc 7 Balance 72084.000000, Transfer 631.000000 to Acc 3
User 6, Acc 6 Balance 6468.000000, Deposit 641.000000 
User 6, Acc 6 Balance 7109.000000, Transfer 641.000000 to Acc 4
User 6, Acc 5 Balance 4784.000000, Deposit 643.000000 
User 6, Acc 5 Balance 5427.000000, Transfer 1200.000000 to Acc 6
User 6, Acc 4 Balance 1321.000000, Deposit 647.000000 
User 6, Acc 4 Balance 1968.000000, Transfer 1200.000000 to Acc 7
User 6, Acc 3 Balance 2897.000000, Deposit 653.000000 
User 6, Acc 3 Balance 3550.000000, Transfer 1200.000000 to Acc 8
User 6, Acc 2 Balance 2995.000000, Deposit 659.000000 
User 6, Acc 2 Balance 3654.000000, Transfer 1200.000000 to Acc 9
User 6, Acc 1 Balance 3613.000000, Deposit 661.000000 
User 1, Acc 4 Balance 675.000000, Transfer 53.000000 to Acc 5
User 6, Acc 1 Balance 4274.000000, Transfer 1200.000000 to Acc 9
User 3, Acc 2 Balance 2849.000000, Transfer 300.000000 to Acc 1
User 6, Acc 0 Balance 471.000000, Deposit 673.000000 
User 4, Acc 8 Balance 5004.000000, Deposit 619.000000 
User 6, Acc 0 Balance 1144.000000, Deposit 400.000000 
User 4, Acc 8 Balance 6823.000000, Transfer 619.000000 to Acc 2
User 6, Acc 0 Balance 1544.000000, Withdraw 200.000000 
User 3, Acc 3 Balance 2350.000000, Transfer 300.000000 to Acc 1
User 6, Acc 0 Balance 1344.000000, Deposit 100.000000 
User 6, Acc 0 Balance 1444.000000, Withdraw 50.000000 
User 6, Acc 0 Balance 1394.000000, Withdraw 150.000000 
User 6, Acc 0 Balance 1244.000000, Deposit 300.000000 
User 6, Acc 0 Balance 1544.000000, Transfer 300.000000 to Acc 1
Balance in 1: 3974.000000
User 2, Acc 2 Balance 2999.000000, Transfer 300.000000 to Acc 1
User 2, Acc 3 Balance 2050.000000, Transfer 300.000000 to Acc 1
User 2, Acc 0 Balance 1244.000000, Deposit 400.000000 
User 2, Acc 3 Balance 1750.000000, Withdraw 200.000000 
Balance in 1: 4574.000000
User 5, Acc 3 Balance 2266.000000, Transfer 300.000000 to Acc 1
User 2, Acc 0 Balance 1644.000000, Deposit 400.000000 
User 1, Acc 7 Balance 72653.000000, Withdraw 1593.000000 
User 1, Acc 8 Balance 6204.000000, Withdraw 449.000000 
User 1, Acc 9 Balance 20466.000000, Withdraw 163.000000 
User 1, Acc 0 Balance 2044.000000, Deposit 400.000000 
User 1, Acc 0 Balance 2444.000000, Withdraw 200.000000 
User 1, Acc 0 Balance 2244.000000, Deposit 100.000000 
User 1, Acc 0 Balance 2344.000000, Withdraw 50.000000 
User 1, Acc 0 Balance 2294.000000, Withdraw 150.000000 
User 1, Acc 0 Balance 2144.000000, Deposit 300.000000 
User 1, Acc 0 Balance 2444.000000, Transfer 300.000000 to Acc 1
User 6, Acc 0 Balance 1244.000000, Deposit 400.000000 
User 3, Acc 0 Balance 1344.000000, Deposit 400.000000 
User 6, Acc 0 Balance 2544.000000, Withdraw 200.000000 
User 3, Acc 3 Balance 1250.000000, Withdraw 200.000000 
User 5, Acc 0 Balance 1644.000000, Deposit 400.000000 
User 4, Acc 7 Balance 72653.000000, Deposit 631.000000 
User 5, Acc 3 Balance 1050.000000, Withdraw 200.000000 
User 4, Acc 7 Balance 71691.000000, Transfer 631.000000 to Acc 3
User 4, Acc 6 Balance 7668.000000, Deposit 641.000000 
User 4, Acc 6 Balance 8309.000000, Transfer 641.000000 to Acc 4
User 4, Acc 5 Balance 4280.000000, Deposit 643.000000 
Balance in 1: 5174.000000
User 4, Acc 5 Balance 4923.000000, Transfer 1200.000000 to Acc 6
User 3, Acc 0 Balance 3144.000000, Deposit 400.000000 
Balance in 1: 5174.000000
[22;32mUser 0, Acc 4 Balance 680.000000, 				Withdraw 1167.000000 --insufficient funds[0m
User 6, Acc 0 Balance 2744.000000, Deposit 100.000000 
User 0, Acc 5 Balance 3723.000000, Withdraw 1307.000000 
User 6, Acc 0 Balance 3644.000000, Withdraw 50.000000 
User 4, Acc 4 Balance 1356.000000, Deposit 647.000000 
User 3, Acc 0 Balance 3544.000000, Withdraw 200.000000 
Balance in 1: 5174.000000
User 3, Acc 0 Balance 3394.000000, Deposit 100.000000 
User 1, Acc 0 Balance 3544.000000, Deposit 907.000000 
User 3, Acc 0 Balance 3494.000000, Withdraw 50.000000 
User 0, Acc 1 Balance 5174.000000, Transfer 89.000000 to Acc 8
User 4, Acc 4 Balance 2003.000000, Transfer 1200.000000 to Acc 7
User 0, Acc 1 Balance 5085.000000, Transfer 163.000000 to Acc 9
User 4, Acc 3 Balance 1481.000000, Deposit 653.000000 
User 0, Acc 1 Balance 4922.000000, Withdraw 41.000000 
User 0, Acc 2 Balance 2473.000000, Withdraw 71.000000 
User 0, Acc 3 Balance 2134.000000, Withdraw 1127.000000 
User 0, Acc 6 Balance 8868.000000, Withdraw 647.000000 
User 0, Acc 6 Balance 8221.000000, Deposit 1953.000000 
User 0, Acc 7 Balance 72260.000000, Deposit 967.000000 
User 0, Acc 1 Balance 4881.000000, Transfer 19.000000 to Acc 7
User 4, Acc 3 Balance 2134.000000, Transfer 1200.000000 to Acc 8
User 6, Acc 0 Balance 3594.000000, Withdraw 150.000000 
User 1, Acc 1 Balance 5174.000000, Deposit 911.000000 
User 1, Acc 2 Balance 2402.000000, Deposit 919.000000 
User 5, Acc 0 Balance 3394.000000, Deposit 907.000000 
User 3, Acc 0 Balance 4351.000000, Withdraw 150.000000 
User 5, Acc 1 Balance 5773.000000, Deposit 911.000000 
User 4, Acc 2 Balance 2402.000000, Deposit 659.000000 
User 5, Acc 2 Balance 3321.000000, Deposit 919.000000 
User 4, Acc 2 Balance 3980.000000, Transfer 1200.000000 to Acc 9
User 4, Acc 1 Balance 6684.000000, Deposit 661.000000 
User 2, Acc 0 Balance 2044.000000, Withdraw 200.000000 
User 1, Acc 3 Balance -193.000000, Deposit 929.000000 
User 2, Acc 0 Balance 4758.000000, Deposit 100.000000 
User 1, Acc 4 Balance 803.000000, Deposit 937.000000 
User 2, Acc 0 Balance 4858.000000, Withdraw 50.000000 
User 1, Acc 5 Balance 2416.000000, Deposit 941.000000 
User 2, Acc 0 Balance 4808.000000, Withdraw 150.000000 
User 1, Acc 6 Balance 10174.000000, Deposit 953.000000 
User 2, Acc 0 Balance 4658.000000, Deposit 300.000000 
User 6, Acc 0 Balance 4201.000000, Deposit 300.000000 
User 5, Acc 3 Balance -193.000000, Deposit 929.000000 
User 5, Acc 4 Balance 1740.000000, Deposit 937.000000 
User 5, Acc 5 Balance 3357.000000, Deposit 941.000000 
User 5, Acc 6 Balance 11127.000000, Deposit 953.000000 
User 5, Acc 7 Balance 73246.000000, Deposit 967.000000 
User 5, Acc 1 Balance 7345.000000, Transfer 19.000000 to Acc 7
User 5, Acc 2 Balance 3699.000000, Transfer 23.000000 to Acc 7
User 5, Acc 3 Balance 1665.000000, Transfer 29.000000 to Acc 7
User 5, Acc 7 Balance 74284.000000, Transfer 31.000000 to Acc 6
User 4, Acc 1 Balance 7345.000000, Transfer 1200.000000 to Acc 9
User 5, Acc 7 Balance 74253.000000, Transfer 37.000000 to Acc 5
User 4, Acc 0 Balance 5258.000000, Deposit 673.000000 
User 5, Acc 7 Balance 74216.000000, Transfer 3.000000 to Acc 4
User 4, Acc 0 Balance 5931.000000, Transfer 1200.000000 to Acc 9
User 1, Acc 7 Balance 73246.000000, Deposit 967.000000 
User 4, Acc 1 Balance 6126.000000, Withdraw 500.000000 
User 1, Acc 1 Balance 6126.000000, Transfer 19.000000 to Acc 7
User 0, Acc 2 Balance 2402.000000, Transfer 23.000000 to Acc 7
User 5, Acc 7 Balance 74213.000000, Transfer 5.000000 to Acc 4
User 0, Acc 6 Balance 12111.000000, Transfer 1167.000000 to Acc 5
User 4, Acc 2 Balance 3676.000000, Withdraw 500.000000 
User 3, Acc 0 Balance 4958.000000, Deposit 300.000000 
User 4, Acc 3 Balance 1636.000000, Withdraw 500.000000 
User 4, Acc 4 Balance 2685.000000, Withdraw 500.000000 
User 1, Acc 2 Balance 3676.000000, Transfer 23.000000 to Acc 7
User 5, Acc 6 Balance 12111.000000, Transfer 67.000000 to Acc 5
User 1, Acc 3 Balance 1136.000000, Transfer 29.000000 to Acc 7
User 0, Acc 4 Balance 2685.000000, Transfer 53.000000 to Acc 5
User 1, Acc 7 Balance 75269.000000, Transfer 31.000000 to Acc 6
User 6, Acc 0 Balance 5258.000000, Transfer 300.000000 to Acc 1
User 1, Acc 7 Balance 75238.000000, Transfer 37.000000 to Acc 5
Balance in 1: 5907.000000
User 2, Acc 0 Balance 4958.000000, Transfer 300.000000 to Acc 1
User 6, Acc 0 Balance 4731.000000, Deposit 907.000000 
Balance in 1: 6207.000000
User 6, Acc 1 Balance 6207.000000, Deposit 911.000000 
User 2, Acc 0 Balance 5338.000000, Deposit 907.000000 
User 5, Acc 4 Balance 2185.000000, Transfer 53.000000 to Acc 5
User 2, Acc 1 Balance 7118.000000, Deposit 911.000000 
User 5, Acc 1 Balance 7118.000000, Transfer 89.000000 to Acc 8
User 5, Acc 1 Balance 7029.000000, Transfer 163.000000 to Acc 9
User 2, Acc 2 Balance 3130.000000, Deposit 919.000000 
User 5, Acc 1 Balance 7777.000000, Withdraw 41.000000 
User 2, Acc 3 Balance 1107.000000, Deposit 929.000000 
User 2, Acc 4 Balance 2079.000000, Deposit 937.000000 
User 2, Acc 5 Balance 5712.000000, Deposit 941.000000 
User 3, Acc 0 Balance 5031.000000, Transfer 300.000000 to Acc 1
User 2, Acc 6 Balance 10908.000000, Deposit 953.000000 
Balance in 1: 8036.000000
User 6, Acc 2 Balance 3130.000000, Deposit 919.000000 
User 6, Acc 3 Balance 2036.000000, Deposit 929.000000 
User 5, Acc 2 Balance 4049.000000, Withdraw 71.000000 
User 0, Acc 7 Balance 75269.000000, Withdraw 1593.000000 
User 0, Acc 8 Balance 7133.000000, Withdraw 449.000000 
User 0, Acc 9 Balance 24229.000000, Withdraw 163.000000 
User 0, Acc 1 Balance 8036.000000, Withdraw 500.000000 
User 2, Acc 7 Balance 75201.000000, Deposit 967.000000 
User 2, Acc 1 Balance 7536.000000, Transfer 19.000000 to Acc 7
User 6, Acc 4 Balance 3016.000000, Deposit 937.000000 
User 2, Acc 2 Balance 4897.000000, Transfer 23.000000 to Acc 7
User 2, Acc 3 Balance 2965.000000, Transfer 29.000000 to Acc 7
User 4, Acc 5 Balance 5502.000000, Withdraw 500.000000 
User 3, Acc 0 Balance 5945.000000, Deposit 907.000000 
User 0, Acc 2 Balance 4897.000000, Withdraw 500.000000 
User 3, Acc 1 Balance 7517.000000, Deposit 911.000000 
User 3, Acc 2 Balance 4874.000000, Deposit 919.000000 
User 1, Acc 7 Balance 75201.000000, Transfer 3.000000 to Acc 4
User 6, Acc 5 Balance 6653.000000, Deposit 941.000000 
User 1, Acc 7 Balance 74643.000000, Transfer 5.000000 to Acc 4
User 1, Acc 6 Balance 11861.000000, Transfer 67.000000 to Acc 5
User 1, Acc 4 Balance 3961.000000, Transfer 53.000000 to Acc 5
User 1, Acc 1 Balance 8428.000000, Transfer 89.000000 to Acc 8
User 1, Acc 1 Balance 8339.000000, Transfer 163.000000 to Acc 9
User 1, Acc 1 Balance 8176.000000, Withdraw 41.000000 
User 1, Acc 2 Balance 5293.000000, Withdraw 71.000000 
User 1, Acc 3 Balance 2936.000000, Withdraw 127.000000 
User 1, Acc 4 Balance 3908.000000, Withdraw 167.000000 
User 1, Acc 5 Balance 7214.000000, Withdraw 307.000000 
User 1, Acc 6 Balance 11794.000000, Withdraw 647.000000 
User 1, Acc 7 Balance 74638.000000, Withdraw 593.000000 
User 1, Acc 8 Balance 6773.000000, Withdraw 449.000000 
User 1, Acc 9 Balance 24229.000000, Withdraw 163.000000 
User 1, Acc 0 Balance 6852.000000, Deposit 100.000000 
User 1, Acc 0 Balance 6952.000000, Deposit 200.000000 
User 1, Acc 0 Balance 7152.000000, Deposit 300.000000 
User 1, Acc 0 Balance 7452.000000, Withdraw 200.000000 
User 1, Acc 0 Balance 7252.000000, Withdraw 100.000000 
User 1, Acc 0 Balance 7152.000000, Withdraw 50.000000 
User 1, Acc 1 Balance 8135.000000, Transfer 200.000000 to Acc 0
Balance in 0: 7302.000000
User 3, Acc 3 Balance 2936.000000, Deposit 929.000000 
User 3, Acc 4 Balance 3741.000000, Deposit 937.000000 
User 3, Acc 5 Balance 6907.000000, Deposit 941.000000 
User 3, Acc 6 Balance 11147.000000, Deposit 953.000000 
User 2, Acc 7 Balance 74646.000000, Transfer 31.000000 to Acc 6
User 4, Acc 6 Balance 11861.000000, Withdraw 500.000000 
User 2, Acc 7 Balance 74014.000000, Transfer 37.000000 to Acc 5
User 4, Acc 7 Balance 74014.000000, Withdraw 500.000000 
User 1, Acc 1 Balance 7935.000000, Withdraw 500.000000 
User 1, Acc 2 Balance 5222.000000, Withdraw 500.000000 
User 1, Acc 3 Balance 3738.000000, Withdraw 500.000000 
User 1, Acc 4 Balance 4678.000000, Withdraw 500.000000 
User 1, Acc 5 Balance 7885.000000, Withdraw 500.000000 
User 1, Acc 6 Balance 11631.000000, Withdraw 500.000000 
User 1, Acc 7 Balance 73477.000000, Withdraw 500.000000 
User 1, Acc 8 Balance 6324.000000, Withdraw 500.000000 
User 1, Acc 9 Balance 24066.000000, Withdraw 500.000000 
User 1, Acc 0 Balance 7302.000000, Withdraw 500.000000 
User 1, Acc 1 Balance 7435.000000, Withdraw 500.000000 
User 1, Acc 2 Balance 4722.000000, Withdraw 500.000000 
User 1, Acc 3 Balance 3238.000000, Withdraw 500.000000 
User 1, Acc 4 Balance 4178.000000, Withdraw 500.000000 
User 1, Acc 5 Balance 7385.000000, Withdraw 500.000000 
User 1, Acc 6 Balance 11131.000000, Withdraw 500.000000 
User 1, Acc 7 Balance 72977.000000, Withdraw 500.000000 
User 1, Acc 8 Balance 5824.000000, Withdraw 500.000000 
User 1, Acc 9 Balance 23566.000000, Withdraw 500.000000 
User 1, Acc 0 Balance 6802.000000, Withdraw 500.000000 
User 1, Acc 1 Balance 6935.000000, Withdraw 500.000000 
User 1, Acc 2 Balance 4222.000000, Withdraw 500.000000 
User 1, Acc 3 Balance 2738.000000, Withdraw 500.000000 
User 1, Acc 4 Balance 3678.000000, Withdraw 500.000000 
User 1, Acc 5 Balance 6885.000000, Withdraw 500.000000 
User 1, Acc 6 Balance 10631.000000, Withdraw 500.000000 
User 1, Acc 7 Balance 72477.000000, Withdraw 500.000000 
User 1, Acc 8 Balance 5324.000000, Withdraw 500.000000 
User 1, Acc 9 Balance 23066.000000, Withdraw 500.000000 
User 1, Acc 0 Balance 6302.000000, Withdraw 500.000000 
User 1, Acc 0 Balance 5802.000000, Deposit 907.000000 
User 1, Acc 1 Balance 6435.000000, Deposit 911.000000 
User 1, Acc 2 Balance 3722.000000, Deposit 919.000000 
User 1, Acc 3 Balance 2238.000000, Deposit 929.000000 
User 1, Acc 4 Balance 3178.000000, Deposit 937.000000 
User 1, Acc 5 Balance 6385.000000, Deposit 941.000000 
User 1, Acc 6 Balance 10131.000000, Deposit 953.000000 
User 1, Acc 7 Balance 71977.000000, Deposit 967.000000 
User 1, Acc 1 Balance 7346.000000, Transfer 19.000000 to Acc 7
User 1, Acc 2 Balance 4641.000000, Transfer 23.000000 to Acc 7
User 1, Acc 3 Balance 3167.000000, Transfer 29.000000 to Acc 7
User 1, Acc 7 Balance 73015.000000, Transfer 31.000000 to Acc 6
User 1, Acc 7 Balance 72984.000000, Transfer 37.000000 to Acc 5
User 1, Acc 7 Balance 72947.000000, Transfer 3.000000 to Acc 4
User 1, Acc 7 Balance 72944.000000, Transfer 5.000000 to Acc 4
User 1, Acc 6 Balance 11115.000000, Transfer 67.000000 to Acc 5
User 1, Acc 4 Balance 4123.000000, Transfer 53.000000 to Acc 5
User 1, Acc 1 Balance 7327.000000, Transfer 89.000000 to Acc 8
User 1, Acc 1 Balance 7238.000000, Transfer 163.000000 to Acc 9
User 1, Acc 1 Balance 7075.000000, Withdraw 41.000000 
User 1, Acc 2 Balance 4618.000000, Withdraw 71.000000 
User 1, Acc 3 Balance 3138.000000, Withdraw 127.000000 
User 1, Acc 4 Balance 4070.000000, Withdraw 167.000000 
User 1, Acc 5 Balance 7483.000000, Withdraw 307.000000 
User 1, Acc 6 Balance 11048.000000, Withdraw 647.000000 
User 1, Acc 7 Balance 72939.000000, Withdraw 593.000000 
User 1, Acc 8 Balance 4913.000000, Withdraw 449.000000 
User 1, Acc 9 Balance 22729.000000, Withdraw 163.000000 
User 1, Acc 1 Balance 7034.000000, Withdraw 500.000000 
User 1, Acc 2 Balance 4547.000000, Withdraw 500.000000 
User 1, Acc 3 Balance 3011.000000, Withdraw 500.000000 
User 1, Acc 4 Balance 3903.000000, Withdraw 500.000000 
User 1, Acc 5 Balance 7176.000000, Withdraw 500.000000 
User 1, Acc 6 Balance 10401.000000, Withdraw 500.000000 
User 1, Acc 7 Balance 72346.000000, Withdraw 500.000000 
User 1, Acc 8 Balance 4464.000000, Withdraw 500.000000 
User 1, Acc 9 Balance 22566.000000, Withdraw 500.000000 
User 1, Acc 0 Balance 6709.000000, Withdraw 500.000000 
User 1, Acc 1 Balance 6534.000000, Withdraw 500.000000 
User 1, Acc 2 Balance 4047.000000, Withdraw 500.000000 
User 1, Acc 3 Balance 2511.000000, Withdraw 500.000000 
User 2, Acc 7 Balance 73977.000000, Transfer 3.000000 to Acc 4
User 1, Acc 4 Balance 3403.000000, Withdraw 500.000000 
User 2, Acc 7 Balance 71843.000000, Transfer 5.000000 to Acc 4
User 6, Acc 6 Balance 11861.000000, Deposit 953.000000 
User 2, Acc 6 Balance 9901.000000, Transfer 67.000000 to Acc 5
User 6, Acc 7 Balance 71838.000000, Deposit 967.000000 
User 2, Acc 4 Balance 2911.000000, Transfer 53.000000 to Acc 5
User 4, Acc 8 Balance 6324.000000, Withdraw 500.000000 
User 1, Acc 5 Balance 6676.000000, Withdraw 500.000000 
User 1, Acc 6 Balance 10787.000000, Withdraw 500.000000 
User 1, Acc 7 Balance 72805.000000, Withdraw 500.000000 
User 1, Acc 8 Balance 3464.000000, Withdraw 500.000000 
User 1, Acc 9 Balance 22066.000000, Withdraw 500.000000 
User 1, Acc 0 Balance 6209.000000, Withdraw 500.000000 
User 1, Acc 1 Balance 6034.000000, Withdraw 500.000000 
User 3, Acc 7 Balance 74045.000000, Deposit 967.000000 
User 1, Acc 2 Balance 3547.000000, Withdraw 500.000000 
User 0, Acc 3 Balance 2936.000000, Withdraw 500.000000 
User 1, Acc 3 Balance 2011.000000, Withdraw 500.000000 
User 2, Acc 1 Balance 6034.000000, Transfer 89.000000 to Acc 8
User 2, Acc 1 Balance 5445.000000, Transfer 163.000000 to Acc 9
User 2, Acc 1 Balance 5282.000000, Withdraw 41.000000 
User 2, Acc 2 Balance 3047.000000, Withdraw 71.000000 
User 2, Acc 3 Balance 1011.000000, Withdraw 127.000000 
User 2, Acc 4 Balance 2858.000000, Withdraw 167.000000 
User 2, Acc 5 Balance 6296.000000, Withdraw 307.000000 
User 2, Acc 6 Balance 10287.000000, Withdraw 647.000000 
User 2, Acc 7 Balance 73272.000000, Withdraw 593.000000 
User 2, Acc 8 Balance 3053.000000, Withdraw 449.000000 
User 1, Acc 4 Balance 2858.000000, Withdraw 500.000000 
User 1, Acc 5 Balance 5989.000000, Withdraw 500.000000 
User 1, Acc 6 Balance 9640.000000, Withdraw 500.000000 
User 1, Acc 7 Balance 72679.000000, Withdraw 500.000000 
User 1, Acc 8 Balance 2604.000000, Withdraw 500.000000 
User 6, Acc 1 Balance 6034.000000, Transfer 19.000000 to Acc 7
User 1, Acc 9 Balance 21729.000000, Withdraw 500.000000 
User 6, Acc 2 Balance 2976.000000, Transfer 23.000000 to Acc 7
User 4, Acc 9 Balance 22066.000000, Withdraw 500.000000 
User 6, Acc 3 Balance 884.000000, Transfer 29.000000 to Acc 7
User 5, Acc 3 Balance 2965.000000, Withdraw 127.000000 
User 2, Acc 9 Balance 21729.000000, Withdraw 163.000000 
User 5, Acc 4 Balance 2191.000000, Withdraw 167.000000 
User 5, Acc 5 Balance 5489.000000, Withdraw 307.000000 
User 1, Acc 0 Balance 5709.000000, Withdraw 500.000000 
User 4, Acc 0 Balance 5709.000000, Withdraw 500.000000 
User 1, Acc 0 Balance 5209.000000, Deposit 100.000000 
User 0, Acc 4 Balance 2858.000000, Withdraw 500.000000 
User 1, Acc 0 Balance 4809.000000, Deposit 200.000000 
User 0, Acc 5 Balance 5182.000000, Withdraw 500.000000 
User 3, Acc 1 Balance 5534.000000, Transfer 19.000000 to Acc 7
User 5, Acc 6 Balance 9140.000000, Withdraw 647.000000 
User 3, Acc 2 Balance 2953.000000, Transfer 23.000000 to Acc 7
User 4, Acc 1 Balance 5222.000000, Withdraw 500.000000 
User 2, Acc 1 Balance 5222.000000, Withdraw 500.000000 
User 4, Acc 2 Balance 2930.000000, Withdraw 500.000000 
User 0, Acc 6 Balance 9140.000000, Withdraw 500.000000 
User 5, Acc 7 Balance 72269.000000, Withdraw 593.000000 
User 0, Acc 7 Balance 72292.000000, Withdraw 500.000000 
User 0, Acc 8 Balance 2104.000000, Withdraw 500.000000 
User 3, Acc 3 Balance 728.000000, Transfer 29.000000 to Acc 7
User 4, Acc 3 Balance 728.000000, Withdraw 500.000000 
User 3, Acc 7 Balance 71228.000000, Transfer 31.000000 to Acc 6
User 4, Acc 4 Balance 1524.000000, Withdraw 500.000000 
User 3, Acc 7 Balance 71197.000000, Transfer 37.000000 to Acc 5
User 5, Acc 8 Balance 2104.000000, Withdraw 449.000000 
User 0, Acc 9 Balance 20566.000000, Withdraw 500.000000 
User 5, Acc 9 Balance 20566.000000, Withdraw 163.000000 
User 2, Acc 2 Balance 2430.000000, Withdraw 500.000000 
User 6, Acc 7 Balance 72250.000000, Transfer 31.000000 to Acc 6
User 1, Acc 0 Balance 5009.000000, Deposit 300.000000 
User 6, Acc 7 Balance 71129.000000, Transfer 37.000000 to Acc 5
User 6, Acc 7 Balance 71092.000000, Transfer 3.000000 to Acc 4
User 0, Acc 0 Balance 5009.000000, Withdraw 500.000000 
User 5, Acc 0 Balance 5009.000000, Deposit 100.000000 
User 4, Acc 5 Balance 4682.000000, Withdraw 500.000000 
[22;32mUser 2, Acc 3 Balance 199.000000, 				Withdraw 500.000000 --insufficient funds[0m
User 1, Acc 0 Balance 5309.000000, Withdraw 200.000000 
User 2, Acc 4 Balance 1027.000000, Withdraw 500.000000 
User 6, Acc 7 Balance 71089.000000, Transfer 5.000000 to Acc 4
User 2, Acc 5 Balance 4256.000000, Withdraw 500.000000 
User 5, Acc 0 Balance 4909.000000, Deposit 200.000000 
User 2, Acc 6 Balance 8055.000000, Withdraw 500.000000 
User 4, Acc 6 Balance 8055.000000, Withdraw 500.000000 
User 2, Acc 7 Balance 71084.000000, Withdraw 500.000000 
User 2, Acc 8 Balance 1155.000000, Withdraw 500.000000 
User 3, Acc 7 Balance 71160.000000, Transfer 3.000000 to Acc 4
User 3, Acc 7 Balance 70581.000000, Transfer 5.000000 to Acc 4
User 3, Acc 6 Balance 7055.000000, Transfer 67.000000 to Acc 5
User 3, Acc 4 Balance 540.000000, Transfer 53.000000 to Acc 5
User 4, Acc 7 Balance 70584.000000, Withdraw 500.000000 
User 4, Acc 8 Balance 655.000000, Withdraw 500.000000 
User 6, Acc 6 Balance 8055.000000, Transfer 67.000000 to Acc 5
User 4, Acc 9 Balance 19903.000000, Withdraw 500.000000 
User 6, Acc 4 Balance 487.000000, Transfer 53.000000 to Acc 5
User 4, Acc 0 Balance 4909.000000, Withdraw 500.000000 
User 5, Acc 0 Balance 4909.000000, Deposit 300.000000 
User 1, Acc 0 Balance 4709.000000, Withdraw 100.000000 
User 5, Acc 0 Balance 4709.000000, Withdraw 200.000000 
User 1, Acc 0 Balance 4609.000000, Withdraw 50.000000 
User 0, Acc 1 Balance 4203.000000, Withdraw 500.000000 
User 1, Acc 1 Balance 4203.000000, Transfer 200.000000 to Acc 0
User 4, Acc 1 Balance 4203.000000, Withdraw 500.000000 
User 3, Acc 1 Balance 4203.000000, Transfer 89.000000 to Acc 8
User 6, Acc 1 Balance 4203.000000, Transfer 89.000000 to Acc 8
User 3, Acc 1 Balance 2914.000000, Transfer 163.000000 to Acc 9
User 2, Acc 9 Balance 19903.000000, Withdraw 500.000000 
User 3, Acc 1 Balance 2662.000000, Withdraw 41.000000 
User 5, Acc 0 Balance 4409.000000, Withdraw 100.000000 
User 3, Acc 2 Balance 1930.000000, Withdraw 71.000000 
User 5, Acc 0 Balance 4459.000000, Withdraw 50.000000 
User 6, Acc 1 Balance 2825.000000, Transfer 163.000000 to Acc 9
User 5, Acc 1 Balance 2621.000000, Transfer 200.000000 to Acc 0
User 2, Acc 0 Balance 4559.000000, Withdraw 500.000000 
Balance in 0: 4609.000000
User 4, Acc 2 Balance 1930.000000, Withdraw 500.000000 
[22;32mUser 4, Acc 3 Balance 199.000000, 				Withdraw 500.000000 --insufficient funds[0m
User 0, Acc 2 Balance 1930.000000, Withdraw 500.000000 
[22;32mUser 4, Acc 4 Balance 434.000000, 				Withdraw 500.000000 --insufficient funds[0m
Balance in 0: 4559.000000
User 4, Acc 5 Balance 3996.000000, Withdraw 500.000000 
User 5, Acc 1 Balance 2258.000000, Withdraw 500.000000 
User 4, Acc 6 Balance 6921.000000, Withdraw 500.000000 
User 4, Acc 7 Balance 70076.000000, Withdraw 500.000000 
User 5, Acc 2 Balance 859.000000, Withdraw 500.000000 
[22;32mUser 4, Acc 8 Balance 333.000000, 				Withdraw 500.000000 --insufficient funds[0m
User 1, Acc 0 Balance 4109.000000, Deposit 100.000000 
User 2, Acc 1 Balance 2258.000000, Withdraw 500.000000 
User 1, Acc 0 Balance 4209.000000, Deposit 200.000000 
User 1, Acc 0 Balance 4409.000000, Deposit 300.000000 
User 3, Acc 3 Balance 199.000000, Withdraw 127.000000 
[22;32mUser 5, Acc 3 Balance 199.000000, 				Withdraw 500.000000 --insufficient funds[0m
User 3, Acc 4 Balance 434.000000, Withdraw 167.000000 
User 4, Acc 9 Balance 19229.000000, Withdraw 500.000000 
[22;32mUser 2, Acc 2 Balance 359.000000, 				Withdraw 500.000000 --insufficient funds[0m
User 4, Acc 0 Balance 4709.000000, Withdraw 500.000000 
[22;32mUser 0, Acc 3 Balance 199.000000, 				Withdraw 500.000000 --insufficient funds[0m
User 1, Acc 0 Balance 4709.000000, Withdraw 200.000000 
[22;32mUser 0, Acc 4 Balance 267.000000, 				Withdraw 500.000000 --insufficient funds[0m
User 1, Acc 0 Balance 4009.000000, Withdraw 100.000000 
[22;32mUser 2, Acc 3 Balance 72.000000, 				Withdraw 500.000000 --insufficient funds[0m
User 4, Acc 0 Balance 4209.000000, Deposit 100.000000 
User 6, Acc 1 Balance 2458.000000, Withdraw 41.000000 
[22;32mUser 5, Acc 4 Balance 434.000000, 				Withdraw 500.000000 --insufficient funds[0m
User 6, Acc 2 Balance 359.000000, Withdraw 71.000000 
User 3, Acc 5 Balance 3496.000000, Withdraw 307.000000 
User 3, Acc 6 Balance 6421.000000, Withdraw 647.000000 
User 3, Acc 7 Balance 69576.000000, Withdraw 593.000000 
[22;32mUser 3, Acc 8 Balance 333.000000, 				Withdraw 449.000000 --insufficient funds[0m
User 3, Acc 9 Balance 18729.000000, Withdraw 163.000000 
User 3, Acc 0 Balance 4009.000000, Deposit 100.000000 
User 3, Acc 0 Balance 4109.000000, Deposit 200.000000 
User 3, Acc 0 Balance 4309.000000, Deposit 300.000000 
User 3, Acc 0 Balance 4609.000000, Withdraw 200.000000 
User 3, Acc 0 Balance 4409.000000, Withdraw 100.000000 
User 3, Acc 0 Balance 4309.000000, Withdraw 50.000000 
User 3, Acc 1 Balance 1217.000000, Transfer 200.000000 to Acc 0
Balance in 0: 4459.000000
User 4, Acc 0 Balance 4009.000000, Deposit 200.000000 
User 4, Acc 0 Balance 4659.000000, Deposit 300.000000 
User 4, Acc 0 Balance 4959.000000, Withdraw 200.000000 
User 4, Acc 0 Balance 4759.000000, Withdraw 100.000000 
User 4, Acc 0 Balance 4659.000000, Withdraw 50.000000 
User 1, Acc 0 Balance 3909.000000, Withdraw 50.000000 
[22;32mUser 2, Acc 4 Balance 267.000000, 				Withdraw 500.000000 --insufficient funds[0m
User 2, Acc 5 Balance 3189.000000, Withdraw 500.000000 
User 5, Acc 5 Balance 3496.000000, Withdraw 500.000000 
User 5, Acc 6 Balance 5774.000000, Withdraw 500.000000 
User 5, Acc 7 Balance 68983.000000, Withdraw 500.000000 
[22;32mUser 5, Acc 8 Balance 333.000000, 				Withdraw 500.000000 --insufficient funds[0m
User 4, Acc 1 Balance 1017.000000, Transfer 200.000000 to Acc 0
Balance in 0: 4759.000000
User 1, Acc 1 Balance 1017.000000, Transfer 200.000000 to Acc 0
Balance in 0: 4959.000000
User 0, Acc 5 Balance 3496.000000, Withdraw 500.000000 
User 0, Acc 6 Balance 5274.000000, Withdraw 500.000000 
User 0, Acc 7 Balance 68483.000000, Withdraw 500.000000 
[22;32mUser 0, Acc 8 Balance 333.000000, 				Withdraw 500.000000 --insufficient funds[0m
User 0, Acc 9 Balance 18566.000000, Withdraw 500.000000 
User 0, Acc 0 Balance 4959.000000, Withdraw 500.000000 
User 2, Acc 6 Balance 5774.000000, Withdraw 500.000000 
User 0, Acc 1 Balance 617.000000, Withdraw 500.000000 
User 5, Acc 9 Balance 18566.000000, Withdraw 500.000000 
User 2, Acc 7 Balance 67983.000000, Withdraw 500.000000 
[22;32mUser 6, Acc 3 Balance 72.000000, 				Withdraw 127.000000 --insufficient funds[0m
[22;32mUser 0, Acc 2 Balance 288.000000, 				Withdraw 500.000000 --insufficient funds[0m
User 5, Acc 0 Balance 4459.000000, Withdraw 500.000000 
[22;32mUser 2, Acc 8 Balance 333.000000, 				Withdraw 500.000000 --insufficient funds[0m
User 6, Acc 4 Balance 267.000000, Withdraw 167.000000 
[22;32mUser 0, Acc 3 Balance 72.000000, 				Withdraw 500.000000 --insufficient funds[0m
[22;32mUser 5, Acc 1 Balance 117.000000, 				Withdraw 500.000000 --insufficient funds[0m
User 2, Acc 9 Balance 17566.000000, Withdraw 500.000000 
User 6, Acc 5 Balance 1689.000000, Withdraw 307.000000 
[22;32mUser 0, Acc 4 Balance 100.000000, 				Withdraw 500.000000 --insufficient funds[0m
User 6, Acc 6 Balance 4274.000000, Withdraw 647.000000 
User 0, Acc 5 Balance 1382.000000, Withdraw 500.000000 
[22;32mUser 5, Acc 2 Balance 288.000000, 				Withdraw 500.000000 --insufficient funds[0m
User 0, Acc 6 Balance 3627.000000, Withdraw 500.000000 
User 6, Acc 7 Balance 67483.000000, Withdraw 593.000000 
User 2, Acc 0 Balance 3959.000000, Withdraw 500.000000 
[22;32mUser 6, Acc 8 Balance 333.000000, 				Withdraw 449.000000 --insufficient funds[0m
User 6, Acc 9 Balance 17066.000000, Withdraw 163.000000 
[22;32mUser 2, Acc 1 Balance 117.000000, 				Withdraw 500.000000 --insufficient funds[0m
User 0, Acc 7 Balance 67483.000000, Withdraw 500.000000 
[22;32mUser 0, Acc 8 Balance 333.000000, 				Withdraw 500.000000 --insufficient funds[0m
User 0, Acc 9 Balance 16903.000000, Withdraw 500.000000 
User 0, Acc 0 Balance 3459.000000, Withdraw 500.000000 
[22;32mUser 2, Acc 2 Balance 288.000000, 				Withdraw 500.000000 --insufficient funds[0m
[22;32mUser 2, Acc 3 Balance 72.000000, 				Withdraw 500.000000 --insufficient funds[0m
[22;32mUser 2, Acc 4 Balance 100.000000, 				Withdraw 500.000000 --insufficient funds[0m
User 2, Acc 5 Balance 882.000000, Withdraw 500.000000 
User 2, Acc 6 Balance 3127.000000, Withdraw 500.000000 
User 2, Acc 7 Balance 66390.000000, Withdraw 500.000000 
[22;32mUser 2, Acc 8 Balance 333.000000, 				Withdraw 500.000000 --insufficient funds[0m
User 2, Acc 9 Balance 16403.000000, Withdraw 500.000000 
User 2, Acc 0 Balance 2959.000000, Withdraw 500.000000 
[22;32mUser 5, Acc 3 Balance 72.000000, 				Withdraw 500.000000 --insufficient funds[0m
[22;32mUser 5, Acc 4 Balance 100.000000, 				Withdraw 500.000000 --insufficient funds[0m
[22;32mUser 5, Acc 5 Balance 382.000000, 				Withdraw 500.000000 --insufficient funds[0m
User 5, Acc 6 Balance 2627.000000, Withdraw 500.000000 
User 5, Acc 7 Balance 65890.000000, Withdraw 500.000000 
[22;32mUser 5, Acc 8 Balance 333.000000, 				Withdraw 500.000000 --insufficient funds[0m
User 5, Acc 9 Balance 15903.000000, Withdraw 500.000000 
User 5, Acc 0 Balance 2459.000000, Withdraw 500.000000 
[22;32mUser 5, Acc 1 Balance 117.000000, 				Withdraw 500.000000 --insufficient funds[0m
[22;32mUser 5, Acc 2 Balance 288.000000, 				Withdraw 500.000000 --insufficient funds[0m
[22;32mUser 5, Acc 3 Balance 72.000000, 				Withdraw 500.000000 --insufficient funds[0m
[22;32mUser 5, Acc 4 Balance 100.000000, 				Withdraw 500.000000 --insufficient funds[0m
[22;32mUser 5, Acc 5 Balance 382.000000, 				Withdraw 500.000000 --insufficient funds[0m
User 5, Acc 6 Balance 2127.000000, Withdraw 500.000000 
User 5, Acc 7 Balance 65390.000000, Withdraw 500.000000 
[22;32mUser 5, Acc 8 Balance 333.000000, 				Withdraw 500.000000 --insufficient funds[0m
User 5, Acc 9 Balance 15403.000000, Withdraw 500.000000 
User 5, Acc 0 Balance 1959.000000, Withdraw 500.000000 
  ***     End of transaction batch    ***  
Account 0 balance after completion of transaction batch: 1459.000000
Account 1 balance after completion of transaction batch: 117.000000
Account 2 balance after completion of transaction batch: 288.000000
Account 3 balance after completion of transaction batch: 72.000000
Account 4 balance after completion of transaction batch: 100.000000
Account 5 balance after completion of transaction batch: 382.000000
Account 6 balance after completion of transaction batch: 1627.000000
Account 7 balance after completion of transaction batch: 64890.000000
Account 8 balance after completion of transaction batch: 333.000000
Account 9 balance after completion of transaction batch: 14903.000000
