# Output generated by:
# ./my_executable 7 data/transactions7.txt data/transactions11.txt data/transactions9.txt data/transactions2.txt data/transactions4.txt data/transactions10.txt data/transactions5.txt

********************************************
   Reading and parsing a transaction file   
********************************************
Parsed transaction: deposit 7 9929.000000 
Loaded deposit transaction
Parsed transaction: deposit 4 937.000000 
Loaded deposit transaction
Parsed transaction: deposit 5 941.000000 
Loaded deposit transaction
Parsed transaction: deposit 0 7.000000 
Loaded deposit transaction
Parsed transaction: deposit 3 29.000000 
Loaded deposit transaction
Parsed transaction: deposit 7 9.000000 
Loaded deposit transaction
Parsed transaction: deposit 9 129.000000 
Loaded deposit transaction
Parsed transaction: transfer 3 7 29.000000 
Loaded transfer transaction
Parsed transaction: transfer 7 6 31.000000 
Loaded transfer transaction
Parsed transaction: transfer 7 5 137.000000 
Loaded transfer transaction
Parsed transaction: transfer 7 4 3.000000 
Loaded transfer transaction
Parsed transaction: transfer 7 4 5.000000 
Loaded transfer transaction
Parsed transaction: withdraw 4 1167.000000 
Loaded withdrawal transaction
Parsed transaction: withdraw 5 1307.000000 
Loaded withdrawal transaction
Parsed transaction: transfer 1 8 89.000000 
Loaded transfer transaction
Parsed transaction: transfer 1 9 163.000000 
Loaded transfer transaction
Parsed transaction: withdraw 1 41.000000 
Loaded withdrawal transaction
Parsed transaction: withdraw 2 71.000000 
Loaded withdrawal transaction
Parsed transaction: withdraw 3 1127.000000 
Loaded withdrawal transaction
Parsed transaction: withdraw 6 647.000000 
Loaded withdrawal transaction
Parsed transaction: deposit 6 1953.000000 
Loaded deposit transaction
Parsed transaction: deposit 7 967.000000 
Loaded deposit transaction
Parsed transaction: transfer 1 7 19.000000 
Loaded transfer transaction
Parsed transaction: transfer 2 7 23.000000 
Loaded transfer transaction
Parsed transaction: transfer 6 5 1167.000000 
Loaded transfer transaction
Parsed transaction: transfer 4 5 53.000000 
Loaded transfer transaction
Parsed transaction: withdraw 7 1593.000000 
Loaded withdrawal transaction
Parsed transaction: withdraw 8 449.000000 
Loaded withdrawal transaction
Parsed transaction: withdraw 9 163.000000 
Loaded withdrawal transaction
********************************************
********************************************
   Reading and parsing a transaction file   
********************************************
Parsed transaction: deposit 9 617.000000 
Loaded deposit transaction
Parsed transaction: transfer 9 9 617.000000 
Loaded transfer transaction
Parsed transaction: deposit 8 619.000000 
Loaded deposit transaction
Parsed transaction: transfer 8 2 619.000000 
Loaded transfer transaction
Parsed transaction: deposit 7 631.000000 
Loaded deposit transaction
Parsed transaction: transfer 7 3 631.000000 
Loaded transfer transaction
Parsed transaction: deposit 6 641.000000 
Loaded deposit transaction
Parsed transaction: transfer 6 4 641.000000 
Loaded transfer transaction
Parsed transaction: deposit 5 643.000000 
Loaded deposit transaction
Parsed transaction: transfer 5 6 1200.000000 
Loaded transfer transaction
Parsed transaction: deposit 4 647.000000 
Loaded deposit transaction
Parsed transaction: transfer 4 7 1200.000000 
Loaded transfer transaction
Parsed transaction: deposit 3 653.000000 
Loaded deposit transaction
Parsed transaction: transfer 3 8 1200.000000 
Loaded transfer transaction
Parsed transaction: deposit 2 659.000000 
Loaded deposit transaction
Parsed transaction: transfer 2 9 1200.000000 
Loaded transfer transaction
Parsed transaction: deposit 1 661.000000 
Loaded deposit transaction
Parsed transaction: transfer 1 9 1200.000000 
Loaded transfer transaction
Parsed transaction: deposit 0 673.000000 
Loaded deposit transaction
Parsed transaction: transfer 0 9 1200.000000 
Loaded transfer transaction
Parsed transaction: withdraw 1 50.000000 
Loaded withdrawal transaction
Parsed transaction: withdraw 2 50.000000 
Loaded withdrawal transaction
Parsed transaction: withdraw 3 50.000000 
Loaded withdrawal transaction
Parsed transaction: withdraw 4 50.000000 
Loaded withdrawal transaction
Parsed transaction: withdraw 5 50.000000 
Loaded withdrawal transaction
Parsed transaction: withdraw 6 50.000000 
Loaded withdrawal transaction
Parsed transaction: withdraw 7 50.000000 
Loaded withdrawal transaction
Parsed transaction: withdraw 8 50.000000 
Loaded withdrawal transaction
Parsed transaction: withdraw 9 50.000000 
Loaded withdrawal transaction
Parsed transaction: withdraw 0 50.000000 
Loaded withdrawal transaction
********************************************
********************************************
   Reading and parsing a transaction file   
********************************************
Parsed transaction: deposit 9 617.000000 
Loaded deposit transaction
Parsed transaction: transfer 9 1 617.000000 
Loaded transfer transaction
Parsed transaction: deposit 8 619.000000 
Loaded deposit transaction
Parsed transaction: transfer 8 2 619.000000 
Loaded transfer transaction
Parsed transaction: deposit 7 631.000000 
Loaded deposit transaction
Parsed transaction: transfer 7 3 631.000000 
Loaded transfer transaction
Parsed transaction: deposit 6 641.000000 
Loaded deposit transaction
Parsed transaction: transfer 6 4 641.000000 
Loaded transfer transaction
Parsed transaction: deposit 5 643.000000 
Loaded deposit transaction
Parsed transaction: transfer 5 6 1200.000000 
Loaded transfer transaction
Parsed transaction: deposit 4 647.000000 
Loaded deposit transaction
Parsed transaction: transfer 4 7 1200.000000 
Loaded transfer transaction
Parsed transaction: deposit 3 653.000000 
Loaded deposit transaction
Parsed transaction: transfer 3 8 1200.000000 
Loaded transfer transaction
Parsed transaction: deposit 2 659.000000 
Loaded deposit transaction
Parsed transaction: transfer 2 9 1200.000000 
Loaded transfer transaction
Parsed transaction: deposit 1 661.000000 
Loaded deposit transaction
Parsed transaction: transfer 1 9 1200.000000 
Loaded transfer transaction
Parsed transaction: deposit 0 673.000000 
Loaded deposit transaction
Parsed transaction: transfer 0 9 1200.000000 
Loaded transfer transaction
Parsed transaction: withdraw 1 50.000000 
Loaded withdrawal transaction
Parsed transaction: withdraw 2 50.000000 
Loaded withdrawal transaction
Parsed transaction: withdraw 3 50.000000 
Loaded withdrawal transaction
Parsed transaction: withdraw 4 50.000000 
Loaded withdrawal transaction
Parsed transaction: withdraw 5 50.000000 
Loaded withdrawal transaction
Parsed transaction: withdraw 6 50.000000 
Loaded withdrawal transaction
Parsed transaction: withdraw 7 50.000000 
Loaded withdrawal transaction
Parsed transaction: withdraw 8 50.000000 
Loaded withdrawal transaction
Parsed transaction: withdraw 9 50.000000 
Loaded withdrawal transaction
Parsed transaction: withdraw 0 50.000000 
Loaded withdrawal transaction
********************************************
********************************************
   Reading and parsing a transaction file   
********************************************
Parsed transaction: deposit 0 400.000000 
Loaded deposit transaction
Parsed transaction: withdraw 0 200.000000 
Loaded withdrawal transaction
Parsed transaction: deposit 0 100.000000 
Loaded deposit transaction
Parsed transaction: withdraw 0 50.000000 
Loaded withdrawal transaction
Parsed transaction: withdraw 0 150.000000 
Loaded withdrawal transaction
Parsed transaction: deposit 0 300.000000 
Loaded deposit transaction
Parsed transaction: transfer 0 1 300.000000 
Loaded transfer transaction
Parsed transaction: balance 1 
Loaded balance transaction
********************************************
********************************************
   Reading and parsing a transaction file   
********************************************
Parsed transaction: deposit 0 907.000000 
Loaded deposit transaction
Parsed transaction: deposit 1 911.000000 
Loaded deposit transaction
Parsed transaction: deposit 2 919.000000 
Loaded deposit transaction
Parsed transaction: deposit 3 929.000000 
Loaded deposit transaction
Parsed transaction: deposit 4 937.000000 
Loaded deposit transaction
Parsed transaction: deposit 5 941.000000 
Loaded deposit transaction
Parsed transaction: deposit 6 953.000000 
Loaded deposit transaction
Parsed transaction: deposit 7 967.000000 
Loaded deposit transaction
Parsed transaction: transfer 1 7 19.000000 
Loaded transfer transaction
Parsed transaction: transfer 2 7 23.000000 
Loaded transfer transaction
Parsed transaction: transfer 3 7 29.000000 
Loaded transfer transaction
Parsed transaction: transfer 7 6 31.000000 
Loaded transfer transaction
Parsed transaction: transfer 7 5 37.000000 
Loaded transfer transaction
Parsed transaction: transfer 7 4 3.000000 
Loaded transfer transaction
Parsed transaction: transfer 7 4 5.000000 
Loaded transfer transaction
Parsed transaction: transfer 6 5 67.000000 
Loaded transfer transaction
Parsed transaction: transfer 4 5 53.000000 
Loaded transfer transaction
Parsed transaction: transfer 1 8 89.000000 
Loaded transfer transaction
Parsed transaction: transfer 1 9 163.000000 
Loaded transfer transaction
Parsed transaction: withdraw 1 41.000000 
Loaded withdrawal transaction
Parsed transaction: withdraw 2 71.000000 
Loaded withdrawal transaction
Parsed transaction: withdraw 3 127.000000 
Loaded withdrawal transaction
Parsed transaction: withdraw 4 167.000000 
Loaded withdrawal transaction
Parsed transaction: withdraw 5 307.000000 
Loaded withdrawal transaction
Parsed transaction: withdraw 6 647.000000 
Loaded withdrawal transaction
Parsed transaction: withdraw 7 593.000000 
Loaded withdrawal transaction
Parsed transaction: withdraw 8 449.000000 
Loaded withdrawal transaction
Parsed transaction: withdraw 9 163.000000 
Loaded withdrawal transaction
********************************************
********************************************
   Reading and parsing a transaction file   
********************************************
Parsed transaction: withdraw 1 500.000000 
Loaded withdrawal transaction
Parsed transaction: withdraw 2 500.000000 
Loaded withdrawal transaction
Parsed transaction: withdraw 3 500.000000 
Loaded withdrawal transaction
Parsed transaction: withdraw 4 500.000000 
Loaded withdrawal transaction
Parsed transaction: withdraw 5 500.000000 
Loaded withdrawal transaction
Parsed transaction: withdraw 6 500.000000 
Loaded withdrawal transaction
Parsed transaction: withdraw 7 500.000000 
Loaded withdrawal transaction
Parsed transaction: withdraw 8 500.000000 
Loaded withdrawal transaction
Parsed transaction: withdraw 9 500.000000 
Loaded withdrawal transaction
Parsed transaction: withdraw 0 500.000000 
Loaded withdrawal transaction
Parsed transaction: withdraw 1 500.000000 
Loaded withdrawal transaction
Parsed transaction: withdraw 2 500.000000 
Loaded withdrawal transaction
Parsed transaction: withdraw 3 500.000000 
Loaded withdrawal transaction
Parsed transaction: withdraw 4 500.000000 
Loaded withdrawal transaction
Parsed transaction: withdraw 5 500.000000 
Loaded withdrawal transaction
Parsed transaction: withdraw 6 500.000000 
Loaded withdrawal transaction
Parsed transaction: withdraw 7 500.000000 
Loaded withdrawal transaction
Parsed transaction: withdraw 8 500.000000 
Loaded withdrawal transaction
Parsed transaction: withdraw 9 500.000000 
Loaded withdrawal transaction
Parsed transaction: withdraw 0 500.000000 
Loaded withdrawal transaction
Parsed transaction: withdraw 1 500.000000 
Loaded withdrawal transaction
Parsed transaction: withdraw 2 500.000000 
Loaded withdrawal transaction
Parsed transaction: withdraw 3 500.000000 
Loaded withdrawal transaction
Parsed transaction: withdraw 4 500.000000 
Loaded withdrawal transaction
Parsed transaction: withdraw 5 500.000000 
Loaded withdrawal transaction
Parsed transaction: withdraw 6 500.000000 
Loaded withdrawal transaction
Parsed transaction: withdraw 7 500.000000 
Loaded withdrawal transaction
Parsed transaction: withdraw 8 500.000000 
Loaded withdrawal transaction
Parsed transaction: withdraw 9 500.000000 
Loaded withdrawal transaction
Parsed transaction: withdraw 0 500.000000 
Loaded withdrawal transaction
********************************************
********************************************
   Reading and parsing a transaction file   
********************************************
Parsed transaction: deposit 0 907.000000 
Loaded deposit transaction
Parsed transaction: deposit 1 911.000000 
Loaded deposit transaction
Parsed transaction: deposit 2 919.000000 
Loaded deposit transaction
Parsed transaction: transfer 3 7 29.000000 
Loaded transfer transaction
Parsed transaction: transfer 7 6 31.000000 
Loaded transfer transaction
Parsed transaction: transfer 7 5 37.000000 
Loaded transfer transaction
Parsed transaction: transfer 7 4 3.000000 
Loaded transfer transaction
Parsed transaction: transfer 7 4 5.000000 
Loaded transfer transaction
Parsed transaction: deposit 3 929.000000 
Loaded deposit transaction
Parsed transaction: deposit 4 937.000000 
Loaded deposit transaction
Parsed transaction: deposit 5 941.000000 
Loaded deposit transaction
Parsed transaction: withdraw 4 167.000000 
Loaded withdrawal transaction
Parsed transaction: withdraw 5 307.000000 
Loaded withdrawal transaction
Parsed transaction: transfer 1 8 89.000000 
Loaded transfer transaction
Parsed transaction: transfer 1 9 163.000000 
Loaded transfer transaction
Parsed transaction: withdraw 1 41.000000 
Loaded withdrawal transaction
Parsed transaction: withdraw 2 71.000000 
Loaded withdrawal transaction
Parsed transaction: withdraw 3 127.000000 
Loaded withdrawal transaction
Parsed transaction: withdraw 6 647.000000 
Loaded withdrawal transaction
Parsed transaction: deposit 6 953.000000 
Loaded deposit transaction
Parsed transaction: deposit 7 967.000000 
Loaded deposit transaction
Parsed transaction: transfer 1 7 19.000000 
Loaded transfer transaction
Parsed transaction: transfer 2 7 23.000000 
Loaded transfer transaction
Parsed transaction: transfer 6 5 67.000000 
Loaded transfer transaction
Parsed transaction: transfer 4 5 53.000000 
Loaded transfer transaction
Parsed transaction: withdraw 7 593.000000 
Loaded withdrawal transaction
Parsed transaction: withdraw 8 449.000000 
Loaded withdrawal transaction
Parsed transaction: withdraw 9 163.000000 
Loaded withdrawal transaction
********************************************
  ***    Start of transaction batch    ***  
User 0, Acc 7 Balance 0.000000, Deposit 9929.000000 
User 0, Acc 4 Balance 0.000000, Deposit 937.000000 
User 0, Acc 5 Balance 0.000000, Deposit 941.000000 
User 0, Acc 0 Balance 0.000000, Deposit 7.000000 
User 0, Acc 3 Balance 0.000000, Deposit 29.000000 
User 0, Acc 7 Balance 9929.000000, Deposit 9.000000 
User 0, Acc 9 Balance 0.000000, Deposit 129.000000 
User 0, Acc 3 Balance 29.000000, Transfer 29.000000 to Acc 7
User 0, Acc 7 Balance 9967.000000, Transfer 31.000000 to Acc 6
User 0, Acc 7 Balance 9936.000000, Transfer 137.000000 to Acc 5
User 0, Acc 7 Balance 9799.000000, Transfer 3.000000 to Acc 4
User 0, Acc 7 Balance 9796.000000, Transfer 5.000000 to Acc 4
[22;32mUser 0, Acc 4 Balance 945.000000, 				Withdraw 1167.000000 --insufficient funds[0m
[22;32mUser 0, Acc 5 Balance 1078.000000, 				Withdraw 1307.000000 --insufficient funds[0m
[22;32mUser 0, Acc 1 Balance 0.000000, 				Withdraw 41.000000 --insufficient funds[0m
[22;32mUser 0, Acc 2 Balance 0.000000, 				Withdraw 71.000000 --insufficient funds[0m
[22;32mUser 0, Acc 3 Balance 0.000000, 				Withdraw 1127.000000 --insufficient funds[0m
[22;32mUser 0, Acc 6 Balance 31.000000, 				Withdraw 647.000000 --insufficient funds[0m
User 0, Acc 6 Balance 31.000000, Deposit 1953.000000 
User 0, Acc 7 Balance 9791.000000, Deposit 967.000000 
User 0, Acc 6 Balance 1984.000000, Transfer 1167.000000 to Acc 5
User 0, Acc 4 Balance 945.000000, Transfer 53.000000 to Acc 5
User 0, Acc 7 Balance 10758.000000, Withdraw 1593.000000 
[22;32mUser 0, Acc 8 Balance 0.000000, 				Withdraw 449.000000 --insufficient funds[0m
[22;32mUser 0, Acc 9 Balance 129.000000, 				Withdraw 163.000000 --insufficient funds[0m
User 0, Acc 9 Balance 129.000000, Deposit 617.000000 
User 0, Acc 9 Balance 746.000000, Transfer 617.000000 to Acc 1
User 0, Acc 8 Balance 0.000000, Deposit 619.000000 
User 0, Acc 8 Balance 619.000000, Transfer 619.000000 to Acc 2
User 0, Acc 7 Balance 9165.000000, Deposit 631.000000 
User 0, Acc 7 Balance 9796.000000, Transfer 631.000000 to Acc 3
User 3, Acc 9 Balance 129.000000, Deposit 617.000000 
User 3, Acc 9 Balance 746.000000, Transfer 617.000000 to Acc 9
User 3, Acc 8 Balance 0.000000, Deposit 619.000000 
User 3, Acc 8 Balance 619.000000, Transfer 619.000000 to Acc 2
User 0, Acc 6 Balance 817.000000, Deposit 641.000000 
User 0, Acc 6 Balance 1458.000000, Transfer 641.000000 to Acc 4
User 0, Acc 5 Balance 2298.000000, Deposit 643.000000 
User 3, Acc 7 Balance 9165.000000, Deposit 631.000000 
User 3, Acc 7 Balance 9796.000000, Transfer 631.000000 to Acc 3
User 3, Acc 6 Balance 817.000000, Deposit 641.000000 
User 3, Acc 6 Balance 1458.000000, Transfer 641.000000 to Acc 4
User 1, Acc 1 Balance 617.000000, Withdraw 500.000000 
User 2, Acc 0 Balance 7.000000, Deposit 400.000000 
User 5, Acc 0 Balance 7.000000, Deposit 907.000000 
User 0, Acc 5 Balance 2941.000000, Transfer 1200.000000 to Acc 6
User 5, Acc 1 Balance 117.000000, Deposit 911.000000 
User 5, Acc 2 Balance 1238.000000, Deposit 919.000000 
User 6, Acc 0 Balance 7.000000, Deposit 907.000000 
User 1, Acc 2 Balance 1238.000000, Withdraw 500.000000 
User 6, Acc 1 Balance 1028.000000, Deposit 911.000000 
User 6, Acc 2 Balance 1657.000000, Deposit 919.000000 
User 6, Acc 3 Balance 1262.000000, Transfer 29.000000 to Acc 7
User 6, Acc 7 Balance 9194.000000, Transfer 31.000000 to Acc 6
User 6, Acc 7 Balance 9163.000000, Transfer 37.000000 to Acc 5
User 6, Acc 7 Balance 9126.000000, Transfer 3.000000 to Acc 4
User 6, Acc 7 Balance 9123.000000, Transfer 5.000000 to Acc 4
User 6, Acc 3 Balance 1233.000000, Deposit 929.000000 
User 6, Acc 4 Balance 2182.000000, Deposit 937.000000 
User 6, Acc 5 Balance 1778.000000, Deposit 941.000000 
User 6, Acc 4 Balance 3119.000000, Withdraw 167.000000 
User 6, Acc 5 Balance 2719.000000, Withdraw 307.000000 
User 6, Acc 1 Balance 1939.000000, Transfer 89.000000 to Acc 8
User 6, Acc 1 Balance 1850.000000, Transfer 163.000000 to Acc 9
User 6, Acc 1 Balance 1687.000000, Withdraw 41.000000 
User 6, Acc 2 Balance 2576.000000, Withdraw 71.000000 
User 6, Acc 3 Balance 2162.000000, Withdraw 127.000000 
User 6, Acc 6 Balance 2048.000000, Withdraw 647.000000 
User 6, Acc 6 Balance 1401.000000, Deposit 953.000000 
User 6, Acc 7 Balance 9118.000000, Deposit 967.000000 
User 6, Acc 1 Balance 1646.000000, Transfer 19.000000 to Acc 7
User 2, Acc 0 Balance 407.000000, Withdraw 200.000000 
User 1, Acc 3 Balance 1262.000000, Withdraw 500.000000 
User 1, Acc 4 Balance 2952.000000, Withdraw 500.000000 
User 1, Acc 5 Balance 2412.000000, Withdraw 500.000000 
User 1, Acc 6 Balance 2354.000000, Withdraw 500.000000 
User 1, Acc 7 Balance 10104.000000, Withdraw 500.000000 
[22;32mUser 1, Acc 8 Balance 89.000000, 				Withdraw 500.000000 --insufficient funds[0m
User 1, Acc 9 Balance 909.000000, Withdraw 500.000000 
User 1, Acc 0 Balance 2021.000000, Withdraw 500.000000 
User 1, Acc 1 Balance 1627.000000, Withdraw 500.000000 
User 1, Acc 2 Balance 2505.000000, Withdraw 500.000000 
User 1, Acc 3 Balance 1535.000000, Withdraw 500.000000 
User 1, Acc 4 Balance 2452.000000, Withdraw 500.000000 
User 1, Acc 5 Balance 1912.000000, Withdraw 500.000000 
User 1, Acc 6 Balance 1854.000000, Withdraw 500.000000 
User 1, Acc 7 Balance 9604.000000, Withdraw 500.000000 
User 5, Acc 3 Balance 1262.000000, Deposit 929.000000 
User 5, Acc 4 Balance 1952.000000, Deposit 937.000000 
User 6, Acc 2 Balance 2505.000000, Transfer 23.000000 to Acc 7
User 2, Acc 0 Balance 2021.000000, Deposit 100.000000 
User 3, Acc 5 Balance 2941.000000, Deposit 643.000000 
User 3, Acc 5 Balance 2055.000000, Transfer 1200.000000 to Acc 6
User 3, Acc 4 Balance 2889.000000, Deposit 647.000000 
User 3, Acc 4 Balance 3536.000000, Transfer 1200.000000 to Acc 7
User 3, Acc 3 Balance 1964.000000, Deposit 653.000000 
User 3, Acc 3 Balance 2617.000000, Transfer 1200.000000 to Acc 8
User 3, Acc 2 Balance 1982.000000, Deposit 659.000000 
User 3, Acc 2 Balance 2641.000000, Transfer 1200.000000 to Acc 9
User 3, Acc 1 Balance 1127.000000, Deposit 661.000000 
User 3, Acc 1 Balance 1788.000000, Transfer 1200.000000 to Acc 9
User 3, Acc 0 Balance 1621.000000, Deposit 673.000000 
User 3, Acc 0 Balance 2294.000000, Transfer 1200.000000 to Acc 9
[22;32mUser 1, Acc 8 Balance 89.000000, 				Withdraw 500.000000 --insufficient funds[0m
User 1, Acc 9 Balance 4009.000000, Withdraw 500.000000 
User 1, Acc 0 Balance 1094.000000, Withdraw 500.000000 
User 1, Acc 1 Balance 588.000000, Withdraw 500.000000 
User 6, Acc 6 Balance 1354.000000, Transfer 67.000000 to Acc 5
User 1, Acc 2 Balance 1441.000000, Withdraw 500.000000 
User 1, Acc 3 Balance 1417.000000, Withdraw 500.000000 
User 4, Acc 7 Balance 9165.000000, Deposit 9929.000000 
User 4, Acc 4 Balance 2336.000000, Deposit 937.000000 
User 4, Acc 5 Balance 922.000000, Deposit 941.000000 
User 4, Acc 0 Balance 594.000000, Deposit 7.000000 
User 4, Acc 3 Balance 917.000000, Deposit 29.000000 
User 4, Acc 7 Balance 20256.000000, Deposit 9.000000 
User 4, Acc 9 Balance 3509.000000, Deposit 129.000000 
User 4, Acc 3 Balance 946.000000, Transfer 29.000000 to Acc 7
User 4, Acc 7 Balance 20294.000000, Transfer 31.000000 to Acc 6
User 4, Acc 7 Balance 20263.000000, Transfer 137.000000 to Acc 5
User 4, Acc 7 Balance 20126.000000, Transfer 3.000000 to Acc 4
User 4, Acc 7 Balance 20123.000000, Transfer 5.000000 to Acc 4
User 4, Acc 4 Balance 3281.000000, Withdraw 1167.000000 
User 4, Acc 5 Balance 2000.000000, Withdraw 1307.000000 
User 4, Acc 1 Balance 88.000000, Withdraw 41.000000 
User 4, Acc 2 Balance 941.000000, Withdraw 71.000000 
[22;32mUser 4, Acc 3 Balance 917.000000, 				Withdraw 1127.000000 --insufficient funds[0m
User 4, Acc 6 Balance 2518.000000, Withdraw 647.000000 
User 4, Acc 6 Balance 1871.000000, Deposit 1953.000000 
User 4, Acc 7 Balance 20118.000000, Deposit 967.000000 
User 4, Acc 1 Balance 47.000000, Transfer 19.000000 to Acc 7
User 4, Acc 2 Balance 870.000000, Transfer 23.000000 to Acc 7
User 4, Acc 6 Balance 3824.000000, Transfer 1167.000000 to Acc 5
User 4, Acc 4 Balance 2114.000000, Transfer 53.000000 to Acc 5
User 0, Acc 4 Balance 2174.000000, Deposit 647.000000 
User 4, Acc 7 Balance 21127.000000, Withdraw 1593.000000 
User 0, Acc 4 Balance 2708.000000, Transfer 1200.000000 to Acc 7
User 4, Acc 8 Balance 1289.000000, Withdraw 449.000000 
User 0, Acc 3 Balance 917.000000, Deposit 653.000000 
User 0, Acc 3 Balance 1570.000000, Transfer 1200.000000 to Acc 8
User 1, Acc 4 Balance 2336.000000, Withdraw 500.000000 
User 3, Acc 1 Balance 588.000000, Withdraw 50.000000 
User 1, Acc 5 Balance 1913.000000, Withdraw 500.000000 
User 3, Acc 2 Balance 847.000000, Withdraw 50.000000 
User 3, Acc 3 Balance 370.000000, Withdraw 50.000000 
User 6, Acc 4 Balance 2336.000000, Transfer 53.000000 to Acc 5
User 3, Acc 4 Balance 1008.000000, Withdraw 50.000000 
User 6, Acc 7 Balance 20734.000000, Withdraw 593.000000 
User 3, Acc 5 Balance 1466.000000, Withdraw 50.000000 
User 1, Acc 6 Balance 2657.000000, Withdraw 500.000000 
User 2, Acc 0 Balance 1621.000000, Withdraw 50.000000 
User 1, Acc 7 Balance 20141.000000, Withdraw 500.000000 
User 4, Acc 9 Balance 3638.000000, Withdraw 163.000000 
User 5, Acc 5 Balance 1412.000000, Deposit 941.000000 
User 4, Acc 9 Balance 3475.000000, Deposit 617.000000 
User 5, Acc 6 Balance 2157.000000, Deposit 953.000000 
User 2, Acc 0 Balance 551.000000, Withdraw 150.000000 
User 5, Acc 7 Balance 19641.000000, Deposit 967.000000 
User 2, Acc 0 Balance 401.000000, Deposit 300.000000 
User 1, Acc 8 Balance 2040.000000, Withdraw 500.000000 
User 2, Acc 0 Balance 701.000000, Transfer 300.000000 to Acc 1
User 1, Acc 9 Balance 4092.000000, Withdraw 500.000000 
Balance in 1: 278.000000
User 2, Acc 9 Balance 4092.000000, Deposit 617.000000 
User 5, Acc 2 Balance 797.000000, Transfer 23.000000 to Acc 7
User 6, Acc 8 Balance 2040.000000, Withdraw 449.000000 
User 3, Acc 6 Balance 2657.000000, Withdraw 50.000000 
User 4, Acc 9 Balance 4092.000000, Transfer 617.000000 to Acc 9
User 0, Acc 2 Balance 847.000000, Deposit 659.000000 
[22;32mUser 1, Acc 0 Balance 401.000000, 				Withdraw 500.000000 --insufficient funds[0m
User 0, Acc 2 Balance 1433.000000, Transfer 1200.000000 to Acc 9
User 0, Acc 1 Balance 278.000000, Deposit 661.000000 
User 6, Acc 9 Balance 4209.000000, Withdraw 163.000000 
User 6, Acc 7 Balance 20631.000000, Deposit 9929.000000 
User 6, Acc 4 Balance 905.000000, Deposit 937.000000 
User 6, Acc 5 Balance 2357.000000, Deposit 941.000000 
User 6, Acc 0 Balance 401.000000, Deposit 7.000000 
User 6, Acc 3 Balance 320.000000, Deposit 29.000000 
User 6, Acc 7 Balance 30560.000000, Deposit 9.000000 
User 6, Acc 9 Balance 5246.000000, Deposit 129.000000 
User 1, Acc 0 Balance 401.000000, Deposit 400.000000 
User 5, Acc 3 Balance 320.000000, Transfer 29.000000 to Acc 7
User 1, Acc 0 Balance 808.000000, Withdraw 200.000000 
User 0, Acc 0 Balance 401.000000, Deposit 673.000000 
User 1, Acc 0 Balance 608.000000, Deposit 100.000000 
User 1, Acc 0 Balance 708.000000, Withdraw 50.000000 
User 2, Acc 9 Balance 4209.000000, Transfer 617.000000 to Acc 1
User 1, Acc 0 Balance 1331.000000, Withdraw 150.000000 
User 1, Acc 0 Balance 1181.000000, Deposit 300.000000 
User 5, Acc 7 Balance 30598.000000, Transfer 31.000000 to Acc 6
User 1, Acc 0 Balance 1481.000000, Transfer 300.000000 to Acc 1
Balance in 1: 1856.000000
User 4, Acc 8 Balance 1091.000000, Deposit 619.000000 
User 1, Acc 0 Balance 1181.000000, Deposit 907.000000 
User 0, Acc 0 Balance 1381.000000, Transfer 1200.000000 to Acc 9
User 0, Acc 1 Balance 1856.000000, Withdraw 50.000000 
User 2, Acc 8 Balance 1091.000000, Deposit 619.000000 
User 0, Acc 2 Balance 233.000000, Withdraw 50.000000 
User 5, Acc 7 Balance 30567.000000, Transfer 37.000000 to Acc 5
User 3, Acc 7 Balance 20631.000000, Withdraw 50.000000 
User 5, Acc 7 Balance 30530.000000, Transfer 3.000000 to Acc 4
User 5, Acc 7 Balance 30527.000000, Transfer 5.000000 to Acc 4
User 6, Acc 3 Balance 349.000000, Transfer 29.000000 to Acc 7
User 5, Acc 6 Balance 3091.000000, Transfer 67.000000 to Acc 5
User 5, Acc 4 Balance 1850.000000, Transfer 53.000000 to Acc 5
User 0, Acc 3 Balance 320.000000, Withdraw 50.000000 
User 5, Acc 1 Balance 1806.000000, Transfer 89.000000 to Acc 8
User 4, Acc 8 Balance 1710.000000, Transfer 619.000000 to Acc 2
User 3, Acc 8 Balance 2329.000000, Withdraw 50.000000 
User 4, Acc 7 Balance 30501.000000, Deposit 631.000000 
User 3, Acc 9 Balance 5958.000000, Withdraw 50.000000 
User 4, Acc 7 Balance 31132.000000, Transfer 631.000000 to Acc 3
User 5, Acc 1 Balance 1717.000000, Transfer 163.000000 to Acc 9
User 4, Acc 6 Balance 3024.000000, Deposit 641.000000 
User 4, Acc 6 Balance 3665.000000, Transfer 641.000000 to Acc 4
User 6, Acc 7 Balance 30501.000000, Transfer 31.000000 to Acc 6
User 2, Acc 8 Balance 2329.000000, Transfer 619.000000 to Acc 2
User 6, Acc 7 Balance 30470.000000, Transfer 137.000000 to Acc 5
User 2, Acc 7 Balance 30470.000000, Deposit 631.000000 
User 6, Acc 7 Balance 30333.000000, Transfer 3.000000 to Acc 4
User 6, Acc 7 Balance 30330.000000, Transfer 5.000000 to Acc 4
User 5, Acc 1 Balance 1554.000000, Withdraw 41.000000 
User 6, Acc 4 Balance 2446.000000, Withdraw 1167.000000 
User 3, Acc 0 Balance 888.000000, Withdraw 50.000000 
User 0, Acc 4 Balance 1797.000000, Withdraw 50.000000 
User 3, Acc 1 Balance 1513.000000, Withdraw 500.000000 
User 3, Acc 2 Balance 1421.000000, Withdraw 500.000000 
User 2, Acc 7 Balance 30961.000000, Transfer 631.000000 to Acc 3
User 5, Acc 2 Balance 1421.000000, Withdraw 71.000000 
User 4, Acc 5 Balance 3455.000000, Deposit 643.000000 
User 5, Acc 3 Balance 1503.000000, Withdraw 127.000000 
User 5, Acc 4 Balance 1229.000000, Withdraw 167.000000 
User 0, Acc 5 Balance 3592.000000, Withdraw 50.000000 
User 1, Acc 1 Balance 1856.000000, Deposit 911.000000 
User 1, Acc 2 Balance 850.000000, Deposit 919.000000 
User 1, Acc 3 Balance 1376.000000, Deposit 929.000000 
User 1, Acc 4 Balance 1062.000000, Deposit 937.000000 
User 1, Acc 5 Balance 4185.000000, Deposit 941.000000 
User 1, Acc 6 Balance 3055.000000, Deposit 953.000000 
User 1, Acc 7 Balance 30325.000000, Deposit 967.000000 
User 1, Acc 1 Balance 1924.000000, Transfer 19.000000 to Acc 7
User 1, Acc 2 Balance 1769.000000, Transfer 23.000000 to Acc 7
User 1, Acc 3 Balance 2305.000000, Transfer 29.000000 to Acc 7
User 1, Acc 7 Balance 31363.000000, Transfer 31.000000 to Acc 6
User 1, Acc 7 Balance 31332.000000, Transfer 37.000000 to Acc 5
User 1, Acc 7 Balance 31295.000000, Transfer 3.000000 to Acc 4
User 1, Acc 7 Balance 31292.000000, Transfer 5.000000 to Acc 4
User 1, Acc 6 Balance 4039.000000, Transfer 67.000000 to Acc 5
User 1, Acc 4 Balance 2007.000000, Transfer 53.000000 to Acc 5
User 1, Acc 1 Balance 1905.000000, Transfer 89.000000 to Acc 8
User 1, Acc 1 Balance 1816.000000, Transfer 163.000000 to Acc 9
User 1, Acc 1 Balance 1653.000000, Withdraw 41.000000 
User 1, Acc 2 Balance 1746.000000, Withdraw 71.000000 
User 1, Acc 3 Balance 2276.000000, Withdraw 127.000000 
User 1, Acc 4 Balance 1954.000000, Withdraw 167.000000 
User 1, Acc 5 Balance 5283.000000, Withdraw 307.000000 
User 1, Acc 6 Balance 3972.000000, Withdraw 647.000000 
User 1, Acc 7 Balance 31287.000000, Withdraw 593.000000 
User 1, Acc 8 Balance 1219.000000, Withdraw 449.000000 
User 1, Acc 9 Balance 6234.000000, Withdraw 163.000000 
User 1, Acc 9 Balance 6071.000000, Deposit 617.000000 
User 1, Acc 9 Balance 6688.000000, Transfer 617.000000 to Acc 9
User 1, Acc 8 Balance 770.000000, Deposit 619.000000 
User 1, Acc 8 Balance 1389.000000, Transfer 619.000000 to Acc 2
User 1, Acc 7 Balance 30694.000000, Deposit 631.000000 
User 1, Acc 7 Balance 31325.000000, Transfer 631.000000 to Acc 3
User 1, Acc 6 Balance 3325.000000, Deposit 641.000000 
User 1, Acc 6 Balance 3966.000000, Transfer 641.000000 to Acc 4
User 1, Acc 5 Balance 4976.000000, Deposit 643.000000 
User 1, Acc 5 Balance 5619.000000, Transfer 1200.000000 to Acc 6
User 1, Acc 4 Balance 2428.000000, Deposit 647.000000 
User 1, Acc 4 Balance 3075.000000, Transfer 1200.000000 to Acc 7
User 1, Acc 3 Balance 2780.000000, Deposit 653.000000 
User 1, Acc 3 Balance 3433.000000, Transfer 1200.000000 to Acc 8
User 1, Acc 2 Balance 2294.000000, Deposit 659.000000 
User 1, Acc 2 Balance 2953.000000, Transfer 1200.000000 to Acc 9
User 1, Acc 1 Balance 1612.000000, Deposit 661.000000 
User 1, Acc 1 Balance 2273.000000, Transfer 1200.000000 to Acc 9
User 1, Acc 0 Balance 838.000000, Deposit 673.000000 
User 1, Acc 0 Balance 1511.000000, Transfer 1200.000000 to Acc 9
User 1, Acc 1 Balance 1073.000000, Withdraw 50.000000 
User 1, Acc 2 Balance 1753.000000, Withdraw 50.000000 
User 3, Acc 3 Balance 872.000000, Withdraw 500.000000 
User 1, Acc 3 Balance 2233.000000, Withdraw 50.000000 
User 2, Acc 6 Balance 3055.000000, Deposit 641.000000 
User 1, Acc 4 Balance 1875.000000, Withdraw 50.000000 
User 2, Acc 6 Balance 5166.000000, Transfer 641.000000 to Acc 4
User 1, Acc 5 Balance 4419.000000, Withdraw 50.000000 
User 0, Acc 6 Balance 3055.000000, Withdraw 50.000000 
User 1, Acc 6 Balance 4525.000000, Withdraw 50.000000 
User 6, Acc 5 Balance 3592.000000, Withdraw 1307.000000 
User 1, Acc 7 Balance 31894.000000, Withdraw 50.000000 
User 6, Acc 1 Balance 1023.000000, Transfer 89.000000 to Acc 8
User 1, Acc 8 Balance 1970.000000, Withdraw 50.000000 
User 6, Acc 1 Balance 934.000000, Transfer 163.000000 to Acc 9
User 1, Acc 9 Balance 10288.000000, Withdraw 50.000000 
User 6, Acc 1 Balance 771.000000, Withdraw 41.000000 
User 1, Acc 0 Balance 311.000000, Withdraw 50.000000 
User 6, Acc 2 Balance 1703.000000, Withdraw 71.000000 
User 1, Acc 0 Balance 261.000000, Deposit 907.000000 
User 6, Acc 3 Balance 1683.000000, Withdraw 1127.000000 
User 6, Acc 6 Balance 4425.000000, Withdraw 647.000000 
User 5, Acc 5 Balance 4235.000000, Withdraw 307.000000 
User 2, Acc 5 Balance 4419.000000, Deposit 643.000000 
User 3, Acc 4 Balance 1875.000000, Withdraw 500.000000 
User 0, Acc 7 Balance 31894.000000, Withdraw 50.000000 
User 4, Acc 5 Balance 4235.000000, Transfer 1200.000000 to Acc 6
User 1, Acc 1 Balance 730.000000, Deposit 911.000000 
User 1, Acc 2 Balance 1632.000000, Deposit 919.000000 
User 1, Acc 3 Balance 556.000000, Transfer 29.000000 to Acc 7
User 1, Acc 7 Balance 31823.000000, Transfer 31.000000 to Acc 6
User 1, Acc 7 Balance 31792.000000, Transfer 37.000000 to Acc 5
User 1, Acc 7 Balance 31755.000000, Transfer 3.000000 to Acc 4
User 1, Acc 7 Balance 31752.000000, Transfer 5.000000 to Acc 4
User 1, Acc 3 Balance 527.000000, Deposit 929.000000 
User 1, Acc 4 Balance 1974.000000, Deposit 937.000000 
User 1, Acc 5 Balance 2235.000000, Deposit 941.000000 
User 1, Acc 4 Balance 2911.000000, Withdraw 167.000000 
User 1, Acc 5 Balance 3176.000000, Withdraw 307.000000 
User 1, Acc 1 Balance 1641.000000, Transfer 89.000000 to Acc 8
User 1, Acc 1 Balance 1552.000000, Transfer 163.000000 to Acc 9
User 1, Acc 1 Balance 1389.000000, Withdraw 41.000000 
User 1, Acc 2 Balance 2551.000000, Withdraw 71.000000 
User 1, Acc 3 Balance 1456.000000, Withdraw 127.000000 
User 1, Acc 6 Balance 5009.000000, Withdraw 647.000000 
User 1, Acc 6 Balance 4362.000000, Deposit 953.000000 
User 1, Acc 7 Balance 31747.000000, Deposit 967.000000 
User 1, Acc 1 Balance 1348.000000, Transfer 19.000000 to Acc 7
User 1, Acc 2 Balance 2480.000000, Transfer 23.000000 to Acc 7
User 1, Acc 6 Balance 5315.000000, Transfer 67.000000 to Acc 5
User 1, Acc 4 Balance 2744.000000, Transfer 53.000000 to Acc 5
User 1, Acc 7 Balance 32756.000000, Withdraw 593.000000 
User 1, Acc 8 Balance 2098.000000, Withdraw 449.000000 
User 1, Acc 9 Balance 10564.000000, Withdraw 163.000000 
User 1, Acc 9 Balance 10401.000000, Deposit 617.000000 
User 1, Acc 9 Balance 11018.000000, Transfer 617.000000 to Acc 1
User 1, Acc 8 Balance 1649.000000, Deposit 619.000000 
User 1, Acc 8 Balance 2268.000000, Transfer 619.000000 to Acc 2
User 1, Acc 7 Balance 32163.000000, Deposit 631.000000 
User 1, Acc 7 Balance 32794.000000, Transfer 631.000000 to Acc 3
User 1, Acc 6 Balance 5248.000000, Deposit 641.000000 
User 1, Acc 6 Balance 5889.000000, Transfer 641.000000 to Acc 4
User 1, Acc 5 Balance 2989.000000, Deposit 643.000000 
User 1, Acc 5 Balance 3632.000000, Transfer 1200.000000 to Acc 6
User 1, Acc 4 Balance 3332.000000, Deposit 647.000000 
User 1, Acc 4 Balance 3979.000000, Transfer 1200.000000 to Acc 7
User 1, Acc 3 Balance 1960.000000, Deposit 653.000000 
User 1, Acc 3 Balance 2613.000000, Transfer 1200.000000 to Acc 8
User 1, Acc 2 Balance 3076.000000, Deposit 659.000000 
User 1, Acc 2 Balance 3735.000000, Transfer 1200.000000 to Acc 9
User 1, Acc 1 Balance 1946.000000, Deposit 661.000000 
User 1, Acc 1 Balance 2607.000000, Transfer 1200.000000 to Acc 9
User 1, Acc 0 Balance 1168.000000, Deposit 673.000000 
User 1, Acc 0 Balance 1841.000000, Transfer 1200.000000 to Acc 9
User 1, Acc 1 Balance 1407.000000, Withdraw 50.000000 
User 4, Acc 4 Balance 1966.000000, Deposit 647.000000 
User 1, Acc 2 Balance 2535.000000, Withdraw 50.000000 
User 4, Acc 4 Balance 3426.000000, Transfer 1200.000000 to Acc 7
User 1, Acc 3 Balance 1413.000000, Withdraw 50.000000 
User 2, Acc 5 Balance 3398.000000, Transfer 1200.000000 to Acc 6
User 1, Acc 4 Balance 2226.000000, Withdraw 50.000000 
User 2, Acc 4 Balance 2226.000000, Deposit 647.000000 
User 1, Acc 5 Balance 1232.000000, Withdraw 50.000000 
User 2, Acc 4 Balance 2823.000000, Transfer 1200.000000 to Acc 7
User 1, Acc 6 Balance 7648.000000, Withdraw 50.000000 
User 2, Acc 3 Balance 1363.000000, Deposit 653.000000 
User 1, Acc 7 Balance 35763.000000, Withdraw 50.000000 
User 6, Acc 6 Balance 3778.000000, Deposit 1953.000000 
User 4, Acc 3 Balance 1413.000000, Deposit 653.000000 
User 6, Acc 7 Balance 35713.000000, Deposit 967.000000 
User 4, Acc 3 Balance 2669.000000, Transfer 1200.000000 to Acc 8
User 2, Acc 3 Balance 2016.000000, Transfer 1200.000000 to Acc 8
User 5, Acc 6 Balance 3778.000000, Withdraw 647.000000 
User 2, Acc 2 Balance 2485.000000, Deposit 659.000000 
User 2, Acc 2 Balance 3144.000000, Transfer 1200.000000 to Acc 9
User 1, Acc 8 Balance 2849.000000, Withdraw 50.000000 
User 6, Acc 1 Balance 1357.000000, Transfer 19.000000 to Acc 7
User 1, Acc 9 Balance 15201.000000, Withdraw 50.000000 
User 6, Acc 2 Balance 1944.000000, Transfer 23.000000 to Acc 7
User 4, Acc 2 Balance 2485.000000, Deposit 659.000000 
User 6, Acc 6 Balance 8904.000000, Transfer 1167.000000 to Acc 5
User 3, Acc 5 Balance 3398.000000, Withdraw 500.000000 
User 3, Acc 6 Balance 7737.000000, Withdraw 500.000000 
User 3, Acc 7 Balance 36722.000000, Withdraw 500.000000 
User 1, Acc 0 Balance 641.000000, Withdraw 50.000000 
User 5, Acc 7 Balance 36680.000000, Withdraw 593.000000 
User 4, Acc 2 Balance 2580.000000, Transfer 1200.000000 to Acc 9
User 5, Acc 8 Balance 5199.000000, Withdraw 449.000000 
User 2, Acc 1 Balance 1357.000000, Deposit 661.000000 
User 6, Acc 4 Balance 1623.000000, Transfer 53.000000 to Acc 5
User 2, Acc 1 Balance 1999.000000, Transfer 1200.000000 to Acc 9
User 6, Acc 7 Balance 35629.000000, Withdraw 1593.000000 
User 2, Acc 0 Balance 591.000000, Deposit 673.000000 
User 6, Acc 8 Balance 4750.000000, Withdraw 449.000000 
User 2, Acc 0 Balance 1264.000000, Transfer 1200.000000 to Acc 9
User 6, Acc 9 Balance 17551.000000, Withdraw 163.000000 
User 0, Acc 8 Balance 2009.000000, Withdraw 50.000000 
User 3, Acc 8 Balance 5199.000000, Withdraw 500.000000 
User 0, Acc 9 Balance 18588.000000, Withdraw 50.000000 
User 0, Acc 0 Balance 64.000000, Withdraw 50.000000 
User 5, Acc 9 Balance 15151.000000, Withdraw 163.000000 
User 4, Acc 1 Balance 1338.000000, Deposit 661.000000 
User 5, Acc 9 Balance 18375.000000, Deposit 617.000000 
User 4, Acc 1 Balance 1460.000000, Transfer 1200.000000 to Acc 9
User 5, Acc 9 Balance 18992.000000, Transfer 617.000000 to Acc 1
User 1, Acc 0 Balance 591.000000, Deposit 400.000000 
User 0, Acc 9 Balance 18538.000000, Deposit 617.000000 
User 1, Acc 0 Balance 414.000000, Withdraw 200.000000 
User 2, Acc 1 Balance 799.000000, Withdraw 50.000000 
User 1, Acc 0 Balance 214.000000, Deposit 100.000000 
User 2, Acc 2 Balance 1380.000000, Withdraw 50.000000 
User 1, Acc 0 Balance 314.000000, Withdraw 50.000000 
User 2, Acc 3 Balance 269.000000, Withdraw 50.000000 
User 0, Acc 9 Balance 20192.000000, Transfer 617.000000 to Acc 9
User 2, Acc 4 Balance 1570.000000, Withdraw 50.000000 
User 0, Acc 8 Balance 3751.000000, Deposit 619.000000 
User 2, Acc 5 Balance 1902.000000, Withdraw 50.000000 
User 0, Acc 8 Balance 4370.000000, Transfer 619.000000 to Acc 2
User 1, Acc 0 Balance 264.000000, Withdraw 150.000000 
User 3, Acc 9 Balance 18538.000000, Withdraw 500.000000 
User 1, Acc 0 Balance 114.000000, Deposit 300.000000 
User 5, Acc 8 Balance 3751.000000, Deposit 619.000000 
User 2, Acc 6 Balance 7237.000000, Withdraw 50.000000 
User 6, Acc 7 Balance 34036.000000, Deposit 9929.000000 
User 0, Acc 7 Balance 34036.000000, Deposit 631.000000 
User 6, Acc 4 Balance 1520.000000, Deposit 937.000000 
User 6, Acc 5 Balance 1852.000000, Deposit 941.000000 
[22;32mUser 3, Acc 0 Balance 114.000000, 				Withdraw 500.000000 --insufficient funds[0m
User 6, Acc 0 Balance 414.000000, Deposit 7.000000 
User 6, Acc 3 Balance 219.000000, Deposit 29.000000 
User 1, Acc 0 Balance 414.000000, Transfer 300.000000 to Acc 1
User 2, Acc 7 Balance 34036.000000, Withdraw 50.000000 
Balance in 1: 1127.000000
User 2, Acc 8 Balance 4370.000000, Withdraw 50.000000 
User 2, Acc 9 Balance 19692.000000, Withdraw 50.000000 
User 4, Acc 0 Balance 14.000000, Deposit 673.000000 
User 2, Acc 0 Balance 121.000000, Withdraw 50.000000 
User 5, Acc 8 Balance 4370.000000, Transfer 619.000000 to Acc 2
User 6, Acc 7 Balance 44596.000000, Deposit 9.000000 
User 1, Acc 0 Balance 121.000000, Deposit 400.000000 
User 3, Acc 1 Balance 827.000000, Withdraw 500.000000 
User 1, Acc 0 Balance 1144.000000, Withdraw 200.000000 
User 2, Acc 7 Balance 44546.000000, Deposit 9929.000000 
User 1, Acc 0 Balance 944.000000, Deposit 100.000000 
User 2, Acc 4 Balance 2457.000000, Deposit 937.000000 
User 1, Acc 0 Balance 1044.000000, Withdraw 50.000000 
User 6, Acc 9 Balance 19642.000000, Deposit 129.000000 
User 1, Acc 0 Balance 994.000000, Withdraw 150.000000 
User 6, Acc 3 Balance 248.000000, Transfer 29.000000 to Acc 7
User 0, Acc 7 Balance 44596.000000, Transfer 631.000000 to Acc 3
User 5, Acc 7 Balance 44546.000000, Deposit 631.000000 
User 3, Acc 2 Balance 2568.000000, Withdraw 500.000000 
User 4, Acc 1 Balance 1127.000000, Withdraw 50.000000 
User 3, Acc 3 Balance 850.000000, Withdraw 500.000000 
User 3, Acc 4 Balance 3394.000000, Withdraw 500.000000 
User 2, Acc 5 Balance 2793.000000, Deposit 941.000000 
User 2, Acc 0 Balance 844.000000, Deposit 7.000000 
User 2, Acc 3 Balance 350.000000, Deposit 29.000000 
User 2, Acc 7 Balance 54513.000000, Deposit 9.000000 
User 2, Acc 9 Balance 19771.000000, Deposit 129.000000 
User 2, Acc 3 Balance 379.000000, Transfer 29.000000 to Acc 7
User 2, Acc 7 Balance 54551.000000, Transfer 31.000000 to Acc 6
User 2, Acc 7 Balance 54520.000000, Transfer 137.000000 to Acc 5
User 2, Acc 7 Balance 54383.000000, Transfer 3.000000 to Acc 4
User 2, Acc 7 Balance 54380.000000, Transfer 5.000000 to Acc 4
User 2, Acc 4 Balance 2902.000000, Withdraw 1167.000000 
User 2, Acc 5 Balance 3871.000000, Withdraw 1307.000000 
User 2, Acc 1 Balance 577.000000, Transfer 89.000000 to Acc 8
User 2, Acc 1 Balance 488.000000, Transfer 163.000000 to Acc 9
User 2, Acc 1 Balance 325.000000, Withdraw 41.000000 
User 2, Acc 2 Balance 2068.000000, Withdraw 71.000000 
[22;32mUser 2, Acc 3 Balance 350.000000, 				Withdraw 1127.000000 --insufficient funds[0m
User 2, Acc 6 Balance 7218.000000, Withdraw 647.000000 
User 2, Acc 6 Balance 6571.000000, Deposit 1953.000000 
User 2, Acc 7 Balance 54375.000000, Deposit 967.000000 
User 2, Acc 1 Balance 284.000000, Transfer 19.000000 to Acc 7
User 2, Acc 2 Balance 1997.000000, Transfer 23.000000 to Acc 7
User 2, Acc 6 Balance 8524.000000, Transfer 1167.000000 to Acc 5
User 2, Acc 4 Balance 1735.000000, Transfer 53.000000 to Acc 5
User 2, Acc 7 Balance 55384.000000, Withdraw 1593.000000 
User 2, Acc 8 Balance 3790.000000, Withdraw 449.000000 
User 2, Acc 9 Balance 20063.000000, Withdraw 163.000000 
User 2, Acc 9 Balance 19900.000000, Deposit 617.000000 
User 2, Acc 9 Balance 20517.000000, Transfer 617.000000 to Acc 9
User 2, Acc 8 Balance 3341.000000, Deposit 619.000000 
User 2, Acc 8 Balance 3960.000000, Transfer 619.000000 to Acc 2
User 2, Acc 7 Balance 53791.000000, Deposit 631.000000 
User 2, Acc 7 Balance 54422.000000, Transfer 631.000000 to Acc 3
User 2, Acc 6 Balance 7357.000000, Deposit 641.000000 
User 2, Acc 6 Balance 7998.000000, Transfer 641.000000 to Acc 4
User 2, Acc 5 Balance 3784.000000, Deposit 643.000000 
User 2, Acc 5 Balance 4427.000000, Transfer 1200.000000 to Acc 6
User 2, Acc 4 Balance 2323.000000, Deposit 647.000000 
User 2, Acc 4 Balance 2970.000000, Transfer 1200.000000 to Acc 7
User 2, Acc 3 Balance 981.000000, Deposit 653.000000 
User 2, Acc 3 Balance 1634.000000, Transfer 1200.000000 to Acc 8
User 2, Acc 2 Balance 2593.000000, Deposit 659.000000 
User 2, Acc 2 Balance 3252.000000, Transfer 1200.000000 to Acc 9
User 2, Acc 1 Balance 265.000000, Deposit 661.000000 
User 2, Acc 0 Balance 851.000000, Deposit 673.000000 
User 2, Acc 0 Balance 1524.000000, Transfer 1200.000000 to Acc 9
User 2, Acc 1 Balance 926.000000, Withdraw 50.000000 
User 2, Acc 2 Balance 2052.000000, Withdraw 50.000000 
User 2, Acc 3 Balance 434.000000, Withdraw 50.000000 
User 2, Acc 4 Balance 1770.000000, Withdraw 50.000000 
User 2, Acc 5 Balance 3227.000000, Withdraw 50.000000 
User 2, Acc 6 Balance 8557.000000, Withdraw 50.000000 
User 2, Acc 7 Balance 54991.000000, Withdraw 50.000000 
User 2, Acc 8 Balance 4541.000000, Withdraw 50.000000 
User 2, Acc 9 Balance 22917.000000, Withdraw 50.000000 
User 2, Acc 0 Balance 324.000000, Withdraw 50.000000 
User 2, Acc 9 Balance 22867.000000, Deposit 617.000000 
User 2, Acc 9 Balance 23484.000000, Transfer 617.000000 to Acc 1
User 2, Acc 8 Balance 4491.000000, Deposit 619.000000 
User 2, Acc 8 Balance 5110.000000, Transfer 619.000000 to Acc 2
User 2, Acc 7 Balance 54941.000000, Deposit 631.000000 
User 2, Acc 7 Balance 55572.000000, Transfer 631.000000 to Acc 3
User 2, Acc 6 Balance 8507.000000, Deposit 641.000000 
User 2, Acc 6 Balance 9148.000000, Transfer 641.000000 to Acc 4
User 2, Acc 5 Balance 3177.000000, Deposit 643.000000 
User 2, Acc 5 Balance 3820.000000, Transfer 1200.000000 to Acc 6
User 6, Acc 7 Balance 54513.000000, Transfer 31.000000 to Acc 6
User 2, Acc 4 Balance 2361.000000, Deposit 647.000000 
User 2, Acc 4 Balance 3008.000000, Transfer 1200.000000 to Acc 7
User 2, Acc 3 Balance 1015.000000, Deposit 653.000000 
User 2, Acc 3 Balance 1668.000000, Transfer 1200.000000 to Acc 8
User 2, Acc 2 Balance 2621.000000, Deposit 659.000000 
User 2, Acc 2 Balance 3280.000000, Transfer 1200.000000 to Acc 9
User 1, Acc 0 Balance 844.000000, Deposit 300.000000 
User 3, Acc 5 Balance 2793.000000, Withdraw 500.000000 
User 1, Acc 0 Balance 574.000000, Transfer 300.000000 to Acc 1
Balance in 1: 1793.000000
User 3, Acc 6 Balance 9738.000000, Withdraw 500.000000 
User 1, Acc 0 Balance 274.000000, Deposit 400.000000 
User 1, Acc 0 Balance 674.000000, Withdraw 200.000000 
User 3, Acc 7 Balance 56110.000000, Withdraw 500.000000 
User 2, Acc 1 Balance 1493.000000, Deposit 661.000000 
User 6, Acc 7 Balance 54910.000000, Transfer 137.000000 to Acc 5
User 6, Acc 7 Balance 55473.000000, Transfer 3.000000 to Acc 4
User 5, Acc 7 Balance 54513.000000, Transfer 631.000000 to Acc 3
User 4, Acc 2 Balance 2068.000000, Withdraw 50.000000 
User 1, Acc 0 Balance 474.000000, Deposit 100.000000 
User 4, Acc 3 Balance 1099.000000, Withdraw 50.000000 
User 3, Acc 8 Balance 5691.000000, Withdraw 500.000000 
User 4, Acc 4 Balance 1811.000000, Withdraw 50.000000 
User 3, Acc 9 Balance 24067.000000, Withdraw 500.000000 
User 6, Acc 7 Balance 55470.000000, Transfer 5.000000 to Acc 4
User 3, Acc 0 Balance 574.000000, Withdraw 500.000000 
User 1, Acc 0 Balance 574.000000, Withdraw 50.000000 
User 3, Acc 1 Balance 2454.000000, Withdraw 500.000000 
User 0, Acc 6 Balance 7187.000000, Deposit 641.000000 
User 5, Acc 6 Balance 9238.000000, Deposit 641.000000 
User 0, Acc 6 Balance 9879.000000, Transfer 641.000000 to Acc 4
User 5, Acc 6 Balance 10520.000000, Transfer 641.000000 to Acc 4
User 0, Acc 5 Balance 2257.000000, Deposit 643.000000 
User 5, Acc 5 Balance 2257.000000, Deposit 643.000000 
User 4, Acc 5 Balance 2257.000000, Withdraw 50.000000 
User 6, Acc 4 Balance 1766.000000, Withdraw 1167.000000 
User 2, Acc 1 Balance 2454.000000, Transfer 1200.000000 to Acc 9
[22;32mUser 1, Acc 0 Balance 24.000000, 				Withdraw 150.000000 --insufficient funds[0m
User 2, Acc 0 Balance 24.000000, Deposit 673.000000 
User 1, Acc 0 Balance 24.000000, Deposit 300.000000 
User 3, Acc 2 Balance 2030.000000, Withdraw 500.000000 
User 1, Acc 0 Balance 997.000000, Transfer 300.000000 to Acc 1
User 3, Acc 3 Balance 1049.000000, Withdraw 500.000000 
User 6, Acc 5 Balance 3493.000000, Withdraw 1307.000000 
User 0, Acc 5 Balance 2900.000000, Transfer 1200.000000 to Acc 6
User 6, Acc 1 Balance 1054.000000, Transfer 89.000000 to Acc 8
User 4, Acc 6 Balance 9238.000000, Withdraw 50.000000 
Balance in 1: 1054.000000
User 3, Acc 4 Balance 1881.000000, Withdraw 500.000000 
User 1, Acc 7 Balance 54834.000000, Deposit 9929.000000 
User 1, Acc 4 Balance 1381.000000, Deposit 937.000000 
User 1, Acc 5 Balance 986.000000, Deposit 941.000000 
User 6, Acc 1 Balance 965.000000, Transfer 163.000000 to Acc 9
User 1, Acc 0 Balance 697.000000, Deposit 7.000000 
User 1, Acc 3 Balance 549.000000, Deposit 29.000000 
User 3, Acc 5 Balance 986.000000, Withdraw 500.000000 
User 1, Acc 7 Balance 64763.000000, Deposit 9.000000 
User 2, Acc 1 Balance 754.000000, Withdraw 50.000000 
User 1, Acc 9 Balance 24930.000000, Deposit 129.000000 
User 4, Acc 7 Balance 54834.000000, Withdraw 50.000000 
User 6, Acc 1 Balance 802.000000, Withdraw 41.000000 
User 4, Acc 8 Balance 5280.000000, Withdraw 50.000000 
User 4, Acc 9 Balance 25059.000000, Withdraw 50.000000 
User 5, Acc 5 Balance 3543.000000, Transfer 1200.000000 to Acc 6
User 2, Acc 2 Balance 1530.000000, Withdraw 50.000000 
User 5, Acc 4 Balance 2318.000000, Deposit 647.000000 
User 5, Acc 4 Balance 2965.000000, Transfer 1200.000000 to Acc 7
User 5, Acc 3 Balance 578.000000, Deposit 653.000000 
User 3, Acc 6 Balance 10388.000000, Withdraw 500.000000 
User 6, Acc 2 Balance 1530.000000, Withdraw 71.000000 
User 3, Acc 7 Balance 65922.000000, Withdraw 500.000000 
User 6, Acc 3 Balance 1231.000000, Withdraw 1127.000000 
User 3, Acc 8 Balance 5230.000000, Withdraw 500.000000 
User 3, Acc 9 Balance 25009.000000, Withdraw 500.000000 
User 5, Acc 3 Balance 1231.000000, Transfer 1200.000000 to Acc 8
User 3, Acc 0 Balance 704.000000, Withdraw 500.000000 
User 5, Acc 2 Balance 1409.000000, Deposit 659.000000 
User 0, Acc 4 Balance 1881.000000, Deposit 647.000000 
User 5, Acc 2 Balance 2068.000000, Transfer 1200.000000 to Acc 9
User 6, Acc 6 Balance 11088.000000, Withdraw 647.000000 
User 5, Acc 1 Balance 711.000000, Deposit 661.000000 
User 5, Acc 1 Balance 1372.000000, Transfer 1200.000000 to Acc 9
User 3, Acc 9 Balance 24509.000000, Deposit 617.000000 
User 2, Acc 3 Balance 578.000000, Withdraw 50.000000 
User 3, Acc 9 Balance 27526.000000, Transfer 617.000000 to Acc 9
User 1, Acc 3 Balance 578.000000, Transfer 29.000000 to Acc 7
User 1, Acc 7 Balance 65451.000000, Transfer 31.000000 to Acc 6
User 1, Acc 7 Balance 65420.000000, Transfer 137.000000 to Acc 5
User 1, Acc 7 Balance 65283.000000, Transfer 3.000000 to Acc 4
User 1, Acc 7 Balance 65280.000000, Transfer 5.000000 to Acc 4
User 0, Acc 4 Balance 2412.000000, Transfer 1200.000000 to Acc 7
User 0, Acc 3 Balance -1175.000000, Deposit 653.000000 
User 3, Acc 8 Balance 5930.000000, Deposit 619.000000 
User 3, Acc 8 Balance 6549.000000, Transfer 619.000000 to Acc 2
User 3, Acc 7 Balance 66475.000000, Deposit 631.000000 
User 3, Acc 7 Balance 67106.000000, Transfer 631.000000 to Acc 3
User 3, Acc 6 Balance 10472.000000, Deposit 641.000000 
User 3, Acc 6 Balance 11113.000000, Transfer 641.000000 to Acc 4
User 5, Acc 0 Balance 204.000000, Deposit 673.000000 
User 3, Acc 5 Balance 364.000000, Deposit 643.000000 
User 5, Acc 1 Balance 172.000000, Withdraw 50.000000 
User 3, Acc 4 Balance 1861.000000, Deposit 647.000000 
User 5, Acc 2 Balance 1487.000000, Withdraw 50.000000 
User 5, Acc 3 Balance 109.000000, Withdraw 50.000000 
User 6, Acc 6 Balance 10441.000000, Deposit 1953.000000 
User 5, Acc 4 Balance 2508.000000, Withdraw 50.000000 
User 2, Acc 4 Balance 2412.000000, Withdraw 50.000000 
User 1, Acc 4 Balance 2420.000000, Withdraw 1167.000000 
User 0, Acc 2 Balance 868.000000, Deposit 659.000000 
[22;32mUser 1, Acc 5 Balance 1007.000000, 				Withdraw 1307.000000 --insufficient funds[0m
User 3, Acc 4 Balance 2508.000000, Transfer 1200.000000 to Acc 7
User 1, Acc 1 Balance 122.000000, Transfer 89.000000 to Acc 8
User 5, Acc 5 Balance 1007.000000, Withdraw 50.000000 
[22;32mUser 1, Acc 1 Balance 33.000000, 				Withdraw 41.000000 --insufficient funds[0m
User 5, Acc 6 Balance 12425.000000, Withdraw 50.000000 
User 4, Acc 0 Balance 704.000000, Withdraw 50.000000 
User 5, Acc 7 Balance 67675.000000, Withdraw 50.000000 
User 6, Acc 7 Balance 66475.000000, Deposit 967.000000 
User 2, Acc 5 Balance 1007.000000, Withdraw 50.000000 
User 1, Acc 2 Balance 2096.000000, Withdraw 71.000000 
User 0, Acc 2 Balance 2096.000000, Transfer 1200.000000 to Acc 9
[22;32mUser 1, Acc 3 Balance 59.000000, 				Withdraw 1127.000000 --insufficient funds[0m
User 0, Acc 1 Balance 33.000000, Deposit 661.000000 
User 1, Acc 6 Balance 12375.000000, Withdraw 647.000000 
User 0, Acc 0 Balance 827.000000, Deposit 673.000000 
User 1, Acc 6 Balance 11728.000000, Deposit 1953.000000 
User 4, Acc 9 Balance 27526.000000, Deposit 617.000000 
User 1, Acc 7 Balance 68592.000000, Deposit 967.000000 
User 5, Acc 8 Balance 6019.000000, Withdraw 50.000000 
User 1, Acc 1 Balance 694.000000, Transfer 19.000000 to Acc 7
User 0, Acc 0 Balance 1500.000000, Transfer 1200.000000 to Acc 9
User 1, Acc 2 Balance 825.000000, Transfer 23.000000 to Acc 7
User 1, Acc 6 Balance 13681.000000, Transfer 1167.000000 to Acc 5
User 1, Acc 7 Balance 69601.000000, Withdraw 1593.000000 
User 1, Acc 8 Balance 5969.000000, Withdraw 449.000000 
User 1, Acc 9 Balance 30543.000000, Withdraw 163.000000 
User 1, Acc 0 Balance 300.000000, Deposit 400.000000 
User 1, Acc 0 Balance 700.000000, Withdraw 200.000000 
User 3, Acc 3 Balance 59.000000, Deposit 653.000000 
User 1, Acc 0 Balance 500.000000, Deposit 100.000000 
User 3, Acc 2 Balance 802.000000, Deposit 659.000000 
User 2, Acc 6 Balance 12375.000000, Withdraw 50.000000 
User 2, Acc 7 Balance 68008.000000, Withdraw 50.000000 
User 0, Acc 1 Balance 675.000000, Withdraw 50.000000 
User 2, Acc 8 Balance 5520.000000, Withdraw 50.000000 
User 1, Acc 0 Balance 600.000000, Withdraw 50.000000 
User 3, Acc 2 Balance 1461.000000, Transfer 1200.000000 to Acc 9
User 1, Acc 0 Balance 550.000000, Withdraw 150.000000 
User 1, Acc 0 Balance 400.000000, Deposit 300.000000 
User 6, Acc 1 Balance 33.000000, Transfer 19.000000 to Acc 7
User 1, Acc 0 Balance 700.000000, Transfer 300.000000 to Acc 1
User 0, Acc 2 Balance 1461.000000, Withdraw 50.000000 
Balance in 1: 906.000000
User 0, Acc 3 Balance 712.000000, Withdraw 50.000000 
User 1, Acc 0 Balance 400.000000, Deposit 907.000000 
User 6, Acc 2 Balance 261.000000, Transfer 23.000000 to Acc 7
User 4, Acc 9 Balance 29343.000000, Transfer 617.000000 to Acc 1
User 6, Acc 6 Balance 12464.000000, Transfer 1167.000000 to Acc 5
User 4, Acc 8 Balance 5470.000000, Deposit 619.000000 
User 4, Acc 8 Balance 6089.000000, Transfer 619.000000 to Acc 2
User 6, Acc 7 Balance 68000.000000, Withdraw 1593.000000 
[22;32mUser 0, Acc 4 Balance 41.000000, 				Withdraw 50.000000 --insufficient funds[0m
User 1, Acc 1 Balance 906.000000, Deposit 911.000000 
User 2, Acc 9 Balance 30380.000000, Withdraw 50.000000 
User 1, Acc 2 Balance 807.000000, Deposit 919.000000 
User 5, Acc 9 Balance 29343.000000, Withdraw 50.000000 
User 4, Acc 7 Balance 68000.000000, Deposit 631.000000 
User 5, Acc 0 Balance 1307.000000, Withdraw 50.000000 
User 6, Acc 8 Balance 5470.000000, Withdraw 449.000000 
User 0, Acc 5 Balance 3241.000000, Withdraw 50.000000 
User 3, Acc 1 Balance 625.000000, Deposit 661.000000 
User 2, Acc 0 Balance 1307.000000, Withdraw 50.000000 
User 3, Acc 1 Balance 3095.000000, Transfer 1200.000000 to Acc 9
User 3, Acc 0 Balance 1257.000000, Deposit 673.000000 
User 2, Acc 0 Balance 1207.000000, Deposit 907.000000 
User 4, Acc 7 Balance 67038.000000, Transfer 631.000000 to Acc 3
User 2, Acc 1 Balance 1895.000000, Deposit 911.000000 
User 4, Acc 6 Balance 11297.000000, Deposit 641.000000 
User 1, Acc 3 Balance 662.000000, Deposit 929.000000 
User 5, Acc 1 Balance 2434.000000, Withdraw 500.000000 
User 1, Acc 4 Balance 41.000000, Deposit 937.000000 
User 6, Acc 9 Balance 30863.000000, Withdraw 163.000000 
User 0, Acc 6 Balance 11297.000000, Withdraw 50.000000 
User 6, Acc 0 Balance 2787.000000, Deposit 907.000000 
User 0, Acc 7 Balance 66407.000000, Withdraw 50.000000 
User 5, Acc 2 Balance 1726.000000, Withdraw 500.000000 
User 0, Acc 8 Balance 5021.000000, Withdraw 50.000000 
User 0, Acc 9 Balance 31900.000000, Withdraw 50.000000 
User 1, Acc 5 Balance 3191.000000, Deposit 941.000000 
User 2, Acc 2 Balance 1726.000000, Deposit 919.000000 
User 1, Acc 6 Balance 11888.000000, Deposit 953.000000 
User 6, Acc 1 Balance 2306.000000, Deposit 911.000000 
User 1, Acc 7 Balance 66357.000000, Deposit 967.000000 
User 1, Acc 1 Balance 2306.000000, Transfer 19.000000 to Acc 7
User 5, Acc 3 Balance 2222.000000, Withdraw 500.000000 
User 1, Acc 2 Balance 2145.000000, Transfer 23.000000 to Acc 7
User 0, Acc 0 Balance 3694.000000, Withdraw 50.000000 
User 1, Acc 3 Balance 1722.000000, Transfer 29.000000 to Acc 7
User 0, Acc 1 Balance 3198.000000, Withdraw 500.000000 
User 1, Acc 7 Balance 67395.000000, Transfer 31.000000 to Acc 6
User 5, Acc 4 Balance 978.000000, Withdraw 500.000000 
User 1, Acc 7 Balance 67364.000000, Transfer 37.000000 to Acc 5
User 4, Acc 6 Balance 11938.000000, Transfer 641.000000 to Acc 4
User 1, Acc 7 Balance 67327.000000, Transfer 3.000000 to Acc 4
User 4, Acc 5 Balance 4169.000000, Deposit 643.000000 
User 1, Acc 7 Balance 67324.000000, Transfer 5.000000 to Acc 4
User 4, Acc 5 Balance 4812.000000, Transfer 1200.000000 to Acc 6
User 1, Acc 6 Balance 12231.000000, Transfer 67.000000 to Acc 5
User 2, Acc 3 Balance 2222.000000, Transfer 29.000000 to Acc 7
User 1, Acc 4 Balance 1127.000000, Transfer 53.000000 to Acc 5
User 2, Acc 7 Balance 67348.000000, Transfer 31.000000 to Acc 6
User 1, Acc 1 Balance 2698.000000, Transfer 89.000000 to Acc 8
User 1, Acc 1 Balance 2609.000000, Transfer 163.000000 to Acc 9
User 1, Acc 1 Balance 2446.000000, Withdraw 41.000000 
User 1, Acc 2 Balance 2122.000000, Withdraw 71.000000 
User 1, Acc 3 Balance 1664.000000, Withdraw 127.000000 
User 5, Acc 5 Balance 4132.000000, Withdraw 500.000000 
User 1, Acc 4 Balance 1074.000000, Withdraw 167.000000 
User 5, Acc 6 Balance 13395.000000, Withdraw 500.000000 
User 3, Acc 0 Balance 1880.000000, Transfer 1200.000000 to Acc 9
User 5, Acc 7 Balance 67317.000000, Withdraw 500.000000 
User 3, Acc 1 Balance 2405.000000, Withdraw 50.000000 
User 5, Acc 8 Balance 5060.000000, Withdraw 500.000000 
User 4, Acc 4 Balance 1127.000000, Deposit 647.000000 
User 1, Acc 5 Balance 3232.000000, Withdraw 307.000000 
User 0, Acc 2 Balance 2122.000000, Withdraw 500.000000 
User 6, Acc 2 Balance 2145.000000, Deposit 919.000000 
User 3, Acc 2 Balance 2051.000000, Withdraw 50.000000 
User 6, Acc 3 Balance 1537.000000, Deposit 929.000000 
User 3, Acc 3 Balance 1537.000000, Withdraw 50.000000 
User 3, Acc 4 Balance 1554.000000, Withdraw 50.000000 
User 4, Acc 4 Balance 1554.000000, Transfer 1200.000000 to Acc 7
User 3, Acc 5 Balance 2925.000000, Withdraw 50.000000 
User 1, Acc 6 Balance 12895.000000, Withdraw 647.000000 
User 5, Acc 9 Balance 33213.000000, Withdraw 500.000000 
User 1, Acc 7 Balance 68017.000000, Withdraw 593.000000 
User 1, Acc 8 Balance 4560.000000, Withdraw 449.000000 
User 6, Acc 4 Balance 1554.000000, Deposit 937.000000 
User 1, Acc 9 Balance 32713.000000, Withdraw 163.000000 
User 0, Acc 3 Balance 1537.000000, Withdraw 500.000000 
User 3, Acc 6 Balance 12895.000000, Withdraw 50.000000 
User 0, Acc 4 Balance 1241.000000, Withdraw 500.000000 
User 0, Acc 5 Balance 2875.000000, Withdraw 500.000000 
User 3, Acc 7 Balance 67424.000000, Withdraw 50.000000 
User 5, Acc 0 Balance 2444.000000, Withdraw 500.000000 
User 3, Acc 8 Balance 4111.000000, Withdraw 50.000000 
User 1, Acc 0 Balance 2444.000000, Deposit 907.000000 
User 2, Acc 7 Balance 67317.000000, Transfer 37.000000 to Acc 5
User 1, Acc 1 Balance 2355.000000, Deposit 911.000000 
User 6, Acc 5 Balance 2875.000000, Deposit 941.000000 
User 1, Acc 2 Balance 2420.000000, Deposit 919.000000 
User 6, Acc 6 Balance 12198.000000, Deposit 953.000000 
User 4, Acc 3 Balance 2416.000000, Deposit 653.000000 
User 2, Acc 7 Balance 67337.000000, Transfer 3.000000 to Acc 4
User 4, Acc 3 Balance 2569.000000, Transfer 1200.000000 to Acc 8
User 4, Acc 2 Balance 3339.000000, Deposit 659.000000 
User 0, Acc 6 Balance 12198.000000, Withdraw 500.000000 
User 1, Acc 3 Balance 1916.000000, Transfer 29.000000 to Acc 7
User 0, Acc 7 Balance 67334.000000, Withdraw 500.000000 
User 1, Acc 7 Balance 67363.000000, Transfer 31.000000 to Acc 6
User 5, Acc 1 Balance 2355.000000, Withdraw 500.000000 
User 1, Acc 7 Balance 66832.000000, Transfer 37.000000 to Acc 5
User 1, Acc 7 Balance 66795.000000, Transfer 3.000000 to Acc 4
User 4, Acc 2 Balance 3998.000000, Transfer 1200.000000 to Acc 9
User 1, Acc 7 Balance 66792.000000, Transfer 5.000000 to Acc 4
User 4, Acc 1 Balance 2766.000000, Deposit 661.000000 
User 1, Acc 3 Balance 1340.000000, Deposit 929.000000 
User 4, Acc 1 Balance 3427.000000, Transfer 1200.000000 to Acc 9
User 1, Acc 4 Balance 752.000000, Deposit 937.000000 
User 5, Acc 2 Balance 3998.000000, Withdraw 500.000000 
User 1, Acc 5 Balance 3390.000000, Deposit 941.000000 
User 0, Acc 8 Balance 5261.000000, Withdraw 500.000000 
User 1, Acc 4 Balance 1689.000000, Withdraw 167.000000 
User 2, Acc 7 Balance 67334.000000, Transfer 5.000000 to Acc 4
User 1, Acc 5 Balance 4331.000000, Withdraw 307.000000 
User 2, Acc 3 Balance 2269.000000, Deposit 929.000000 
User 1, Acc 1 Balance 2227.000000, Transfer 89.000000 to Acc 8
User 2, Acc 4 Balance 1527.000000, Deposit 937.000000 
User 1, Acc 1 Balance 2138.000000, Transfer 163.000000 to Acc 9
User 6, Acc 7 Balance 67337.000000, Deposit 967.000000 
User 1, Acc 1 Balance 1975.000000, Withdraw 41.000000 
User 6, Acc 1 Balance 1975.000000, Transfer 19.000000 to Acc 7
User 0, Acc 9 Balance 34950.000000, Withdraw 500.000000 
User 6, Acc 2 Balance 2298.000000, Transfer 23.000000 to Acc 7
User 6, Acc 3 Balance 3198.000000, Transfer 29.000000 to Acc 7
User 6, Acc 7 Balance 67820.000000, Transfer 31.000000 to Acc 6
User 6, Acc 7 Balance 67789.000000, Transfer 37.000000 to Acc 5
User 6, Acc 7 Balance 67752.000000, Transfer 3.000000 to Acc 4
User 6, Acc 7 Balance 67749.000000, Transfer 5.000000 to Acc 4
User 6, Acc 6 Balance 12713.000000, Transfer 67.000000 to Acc 5
User 6, Acc 4 Balance 2472.000000, Transfer 53.000000 to Acc 5
User 6, Acc 1 Balance 1915.000000, Transfer 89.000000 to Acc 8
User 6, Acc 1 Balance 1826.000000, Transfer 163.000000 to Acc 9
User 6, Acc 1 Balance 1663.000000, Withdraw 41.000000 
User 6, Acc 2 Balance 2275.000000, Withdraw 71.000000 
User 6, Acc 3 Balance 3169.000000, Withdraw 127.000000 
User 6, Acc 4 Balance 2419.000000, Withdraw 167.000000 
User 6, Acc 5 Balance 4181.000000, Withdraw 307.000000 
User 6, Acc 6 Balance 12646.000000, Withdraw 647.000000 
User 3, Acc 9 Balance 32550.000000, Withdraw 50.000000 
User 1, Acc 2 Balance 2298.000000, Withdraw 71.000000 
User 2, Acc 5 Balance 4024.000000, Deposit 941.000000 
User 1, Acc 3 Balance 3042.000000, Withdraw 127.000000 
User 4, Acc 0 Balance 2851.000000, Deposit 673.000000 
User 5, Acc 3 Balance 2269.000000, Withdraw 500.000000 
User 4, Acc 0 Balance 3524.000000, Transfer 1200.000000 to Acc 9
User 4, Acc 1 Balance 1622.000000, Withdraw 50.000000 
User 3, Acc 0 Balance 2851.000000, Withdraw 50.000000 
User 3, Acc 0 Balance 2274.000000, Deposit 907.000000 
User 3, Acc 1 Balance 1572.000000, Deposit 911.000000 
User 3, Acc 2 Balance 2133.000000, Deposit 919.000000 
User 3, Acc 3 Balance 2415.000000, Deposit 929.000000 
User 3, Acc 4 Balance 2252.000000, Deposit 937.000000 
User 6, Acc 7 Balance 67744.000000, Withdraw 593.000000 
User 5, Acc 4 Balance 2252.000000, Withdraw 500.000000 
User 6, Acc 8 Balance 4939.000000, Withdraw 449.000000 
User 5, Acc 5 Balance 4815.000000, Withdraw 500.000000 
User 6, Acc 9 Balance 35926.000000, Withdraw 163.000000 
User 5, Acc 6 Balance 11999.000000, Withdraw 500.000000 
User 1, Acc 6 Balance 11999.000000, Withdraw 647.000000 
User 4, Acc 2 Balance 2133.000000, Withdraw 50.000000 
User 1, Acc 6 Balance 10852.000000, Deposit 953.000000 
User 0, Acc 0 Balance 2851.000000, Withdraw 500.000000 
User 1, Acc 7 Balance 67151.000000, Deposit 967.000000 
User 0, Acc 1 Balance 2483.000000, Withdraw 500.000000 
User 3, Acc 5 Balance 4815.000000, Deposit 941.000000 
User 5, Acc 7 Balance 67151.000000, Withdraw 500.000000 
User 3, Acc 6 Balance 11805.000000, Deposit 953.000000 
User 2, Acc 4 Balance 2252.000000, Withdraw 167.000000 
User 3, Acc 7 Balance 67618.000000, Deposit 967.000000 
User 2, Acc 5 Balance 5256.000000, Withdraw 307.000000 
User 3, Acc 1 Balance 1983.000000, Transfer 19.000000 to Acc 7
User 4, Acc 3 Balance 3344.000000, Withdraw 50.000000 
User 3, Acc 2 Balance 3002.000000, Transfer 23.000000 to Acc 7
User 1, Acc 1 Balance 2483.000000, Transfer 19.000000 to Acc 7
User 0, Acc 2 Balance 3002.000000, Withdraw 500.000000 
User 1, Acc 2 Balance 2979.000000, Transfer 23.000000 to Acc 7
User 5, Acc 8 Balance 4490.000000, Withdraw 500.000000 
User 1, Acc 6 Balance 12758.000000, Transfer 67.000000 to Acc 5
User 4, Acc 4 Balance 2522.000000, Withdraw 50.000000 
User 1, Acc 4 Balance 2522.000000, Transfer 53.000000 to Acc 5
User 0, Acc 3 Balance 3294.000000, Withdraw 500.000000 
User 1, Acc 7 Balance 68669.000000, Withdraw 593.000000 
User 6, Acc 1 Balance 2483.000000, Withdraw 500.000000 
User 1, Acc 8 Balance 3990.000000, Withdraw 449.000000 
User 6, Acc 2 Balance 2456.000000, Withdraw 500.000000 
User 6, Acc 3 Balance 2794.000000, Withdraw 500.000000 
User 1, Acc 9 Balance 35763.000000, Withdraw 163.000000 
User 3, Acc 3 Balance 3294.000000, Transfer 29.000000 to Acc 7
User 3, Acc 7 Balance 68105.000000, Transfer 31.000000 to Acc 6
User 3, Acc 7 Balance 68074.000000, Transfer 37.000000 to Acc 5
User 3, Acc 7 Balance 68037.000000, Transfer 3.000000 to Acc 4
User 3, Acc 7 Balance 68034.000000, Transfer 5.000000 to Acc 4
User 3, Acc 6 Balance 12722.000000, Transfer 67.000000 to Acc 5
User 3, Acc 4 Balance 2427.000000, Transfer 53.000000 to Acc 5
User 6, Acc 4 Balance 2419.000000, Withdraw 500.000000 
User 3, Acc 1 Balance 1445.000000, Transfer 89.000000 to Acc 8
User 1, Acc 0 Balance 2681.000000, Deposit 907.000000 
User 0, Acc 4 Balance 2419.000000, Withdraw 500.000000 
User 1, Acc 1 Balance 1356.000000, Deposit 911.000000 
User 4, Acc 5 Balance 5016.000000, Withdraw 50.000000 
User 1, Acc 2 Balance 1956.000000, Deposit 919.000000 
User 4, Acc 6 Balance 12655.000000, Withdraw 50.000000 
User 1, Acc 3 Balance 2265.000000, Transfer 29.000000 to Acc 7
User 0, Acc 5 Balance 5226.000000, Withdraw 500.000000 
User 1, Acc 7 Balance 68058.000000, Transfer 31.000000 to Acc 6
User 0, Acc 6 Balance 12605.000000, Withdraw 500.000000 
User 6, Acc 5 Balance 5226.000000, Withdraw 500.000000 
User 2, Acc 1 Balance 1983.000000, Transfer 89.000000 to Acc 8
User 4, Acc 7 Balance 68029.000000, Withdraw 50.000000 
User 2, Acc 1 Balance 2178.000000, Transfer 163.000000 to Acc 9
User 4, Acc 8 Balance 3719.000000, Withdraw 50.000000 
User 4, Acc 9 Balance 35600.000000, Withdraw 50.000000 
User 5, Acc 9 Balance 35763.000000, Withdraw 500.000000 
User 0, Acc 7 Balance 68058.000000, Withdraw 500.000000 
User 5, Acc 0 Balance 3588.000000, Withdraw 500.000000 
User 5, Acc 1 Balance 2015.000000, Withdraw 500.000000 
User 1, Acc 7 Balance 68027.000000, Transfer 37.000000 to Acc 5
User 3, Acc 1 Balance 1356.000000, Transfer 163.000000 to Acc 9
User 1, Acc 7 Balance 67440.000000, Transfer 3.000000 to Acc 4
User 2, Acc 1 Balance 2015.000000, Withdraw 41.000000 
User 1, Acc 7 Balance 67437.000000, Transfer 5.000000 to Acc 4
User 6, Acc 6 Balance 12136.000000, Withdraw 500.000000 
User 1, Acc 3 Balance 2236.000000, Deposit 929.000000 
User 3, Acc 1 Balance 1352.000000, Withdraw 41.000000 
User 4, Acc 0 Balance 3588.000000, Withdraw 50.000000 
User 3, Acc 2 Balance 2875.000000, Withdraw 71.000000 
User 4, Acc 0 Balance 3038.000000, Deposit 907.000000 
User 6, Acc 7 Balance 67432.000000, Withdraw 500.000000 
User 4, Acc 1 Balance 1270.000000, Deposit 911.000000 
User 6, Acc 8 Balance 3669.000000, Withdraw 500.000000 
User 6, Acc 9 Balance 35376.000000, Withdraw 500.000000 
User 1, Acc 4 Balance 1382.000000, Deposit 937.000000 
User 3, Acc 3 Balance 3165.000000, Withdraw 127.000000 
User 1, Acc 5 Balance 4213.000000, Deposit 941.000000 
User 3, Acc 4 Balance 2319.000000, Withdraw 167.000000 
User 3, Acc 5 Balance 4213.000000, Withdraw 307.000000 
User 1, Acc 4 Balance 2152.000000, Withdraw 167.000000 
User 2, Acc 2 Balance 2875.000000, Withdraw 71.000000 
User 1, Acc 5 Balance 4847.000000, Withdraw 307.000000 
User 0, Acc 8 Balance 3669.000000, Withdraw 500.000000 
User 1, Acc 1 Balance 2181.000000, Transfer 89.000000 to Acc 8
User 4, Acc 2 Balance 2804.000000, Deposit 919.000000 
User 3, Acc 6 Balance 11636.000000, Withdraw 647.000000 
User 6, Acc 0 Balance 3945.000000, Withdraw 500.000000 
User 2, Acc 3 Balance 3038.000000, Withdraw 127.000000 
User 6, Acc 1 Balance 2092.000000, Withdraw 500.000000 
User 6, Acc 2 Balance 3652.000000, Withdraw 500.000000 
User 0, Acc 9 Balance 34876.000000, Withdraw 500.000000 
User 6, Acc 3 Balance 2911.000000, Withdraw 500.000000 
User 0, Acc 0 Balance 3445.000000, Withdraw 500.000000 
User 3, Acc 7 Balance 66932.000000, Withdraw 593.000000 
User 5, Acc 2 Balance 2875.000000, Withdraw 500.000000 
User 3, Acc 8 Balance 2758.000000, Withdraw 449.000000 
User 3, Acc 9 Balance 34376.000000, Withdraw 163.000000 
User 2, Acc 6 Balance 10989.000000, Withdraw 647.000000 
User 6, Acc 4 Balance 1985.000000, Withdraw 500.000000 
User 2, Acc 6 Balance 10342.000000, Deposit 953.000000 
User 6, Acc 5 Balance 4540.000000, Withdraw 500.000000 
User 2, Acc 7 Balance 66339.000000, Deposit 967.000000 
User 5, Acc 3 Balance 2411.000000, Withdraw 500.000000 
User 2, Acc 1 Balance 1592.000000, Transfer 19.000000 to Acc 7
User 5, Acc 4 Balance 1485.000000, Withdraw 500.000000 
User 5, Acc 5 Balance 4040.000000, Withdraw 500.000000 
User 5, Acc 6 Balance 11295.000000, Withdraw 500.000000 
User 6, Acc 6 Balance 11295.000000, Withdraw 500.000000 
User 6, Acc 7 Balance 67325.000000, Withdraw 500.000000 
User 6, Acc 8 Balance 2309.000000, Withdraw 500.000000 
User 2, Acc 2 Balance 2652.000000, Transfer 23.000000 to Acc 7
User 6, Acc 9 Balance 34213.000000, Withdraw 500.000000 
User 6, Acc 0 Balance 2945.000000, Withdraw 500.000000 
User 1, Acc 1 Balance 2092.000000, Transfer 163.000000 to Acc 9
User 5, Acc 7 Balance 67325.000000, Withdraw 500.000000 
User 1, Acc 1 Balance 1410.000000, Withdraw 41.000000 
User 3, Acc 1 Balance 1592.000000, Withdraw 500.000000 
User 1, Acc 2 Balance 2629.000000, Withdraw 71.000000 
User 4, Acc 3 Balance 3038.000000, Deposit 929.000000 
User 1, Acc 3 Balance 1911.000000, Withdraw 127.000000 
User 5, Acc 8 Balance 1809.000000, Withdraw 500.000000 
User 1, Acc 6 Balance 10295.000000, Withdraw 647.000000 
User 2, Acc 6 Balance 10295.000000, Transfer 67.000000 to Acc 5
User 1, Acc 6 Balance 9648.000000, Deposit 953.000000 
User 4, Acc 4 Balance 985.000000, Deposit 937.000000 
User 1, Acc 7 Balance 66348.000000, Deposit 967.000000 
User 5, Acc 9 Balance 33876.000000, Withdraw 500.000000 
User 1, Acc 1 Balance 869.000000, Transfer 19.000000 to Acc 7
User 3, Acc 2 Balance 2629.000000, Withdraw 500.000000 
User 1, Acc 2 Balance 2558.000000, Transfer 23.000000 to Acc 7
User 6, Acc 1 Balance 1573.000000, Withdraw 500.000000 
User 4, Acc 5 Balance 3607.000000, Deposit 941.000000 
User 0, Acc 1 Balance 1592.000000, Withdraw 500.000000 
User 5, Acc 0 Balance 2445.000000, Withdraw 500.000000 
User 0, Acc 2 Balance 2035.000000, Withdraw 500.000000 
User 0, Acc 3 Balance 2713.000000, Withdraw 500.000000 
User 3, Acc 3 Balance 2713.000000, Withdraw 500.000000 
User 0, Acc 4 Balance 1922.000000, Withdraw 500.000000 
User 0, Acc 5 Balance 4548.000000, Withdraw 500.000000 
User 1, Acc 6 Balance 10534.000000, Transfer 67.000000 to Acc 5
User 4, Acc 6 Balance 10534.000000, Deposit 953.000000 
User 1, Acc 4 Balance 1422.000000, Transfer 53.000000 to Acc 5
User 5, Acc 0 Balance 1945.000000, Deposit 907.000000 
User 3, Acc 4 Balance 1422.000000, Withdraw 500.000000 
User 6, Acc 2 Balance 2035.000000, Withdraw 500.000000 
User 0, Acc 6 Balance 10534.000000, Withdraw 500.000000 
User 6, Acc 3 Balance 1713.000000, Withdraw 500.000000 
User 2, Acc 4 Balance 985.000000, Transfer 53.000000 to Acc 5
User 6, Acc 4 Balance 869.000000, Withdraw 500.000000 
User 2, Acc 7 Balance 67357.000000, Withdraw 593.000000 
User 3, Acc 5 Balance 4168.000000, Withdraw 500.000000 
User 2, Acc 8 Balance 1309.000000, Withdraw 449.000000 
User 3, Acc 6 Balance 10920.000000, Withdraw 500.000000 
User 3, Acc 7 Balance 66764.000000, Withdraw 500.000000 
User 3, Acc 8 Balance 860.000000, Withdraw 500.000000 
User 6, Acc 5 Balance 4221.000000, Withdraw 500.000000 
User 3, Acc 9 Balance 33376.000000, Withdraw 500.000000 
User 6, Acc 6 Balance 10420.000000, Withdraw 500.000000 
User 3, Acc 0 Balance 2852.000000, Withdraw 500.000000 
User 6, Acc 7 Balance 66264.000000, Withdraw 500.000000 
User 4, Acc 7 Balance 67357.000000, Deposit 967.000000 
[22;32mUser 6, Acc 8 Balance 360.000000, 				Withdraw 500.000000 --insufficient funds[0m
User 0, Acc 7 Balance 67357.000000, Withdraw 500.000000 
User 2, Acc 9 Balance 33376.000000, Withdraw 163.000000 
[22;32mUser 0, Acc 8 Balance 360.000000, 				Withdraw 500.000000 --insufficient funds[0m
[22;32mUser 3, Acc 1 Balance -150.000000, 				Withdraw 500.000000 --insufficient funds[0m
User 0, Acc 9 Balance 32713.000000, Withdraw 500.000000 
User 3, Acc 2 Balance 1035.000000, Withdraw 500.000000 
User 4, Acc 2 Balance 1035.000000, Transfer 23.000000 to Acc 7
User 2, Acc 7 Balance 66231.000000, Deposit 9929.000000 
User 4, Acc 3 Balance 1213.000000, Transfer 29.000000 to Acc 7
User 2, Acc 4 Balance 316.000000, Deposit 937.000000 
User 0, Acc 0 Balance 2352.000000, Withdraw 500.000000 
User 2, Acc 5 Balance 3221.000000, Deposit 941.000000 
User 0, Acc 9 Balance 32213.000000, Deposit 617.000000 
User 6, Acc 9 Balance 32876.000000, Withdraw 500.000000 
User 0, Acc 9 Balance 32830.000000, Transfer 617.000000 to Acc 9
User 0, Acc 8 Balance 360.000000, Deposit 619.000000 
User 0, Acc 8 Balance 979.000000, Transfer 619.000000 to Acc 2
User 0, Acc 7 Balance 76212.000000, Deposit 631.000000 
User 0, Acc 7 Balance 76843.000000, Transfer 631.000000 to Acc 3
User 0, Acc 6 Balance 9920.000000, Deposit 641.000000 
User 0, Acc 6 Balance 10561.000000, Transfer 641.000000 to Acc 4
User 0, Acc 5 Balance 4162.000000, Deposit 643.000000 
User 0, Acc 5 Balance 4805.000000, Transfer 1200.000000 to Acc 6
User 0, Acc 4 Balance 1894.000000, Deposit 647.000000 
User 0, Acc 4 Balance 2541.000000, Transfer 1200.000000 to Acc 7
User 0, Acc 3 Balance 1815.000000, Deposit 653.000000 
User 0, Acc 3 Balance 2468.000000, Transfer 1200.000000 to Acc 8
User 0, Acc 2 Balance 1131.000000, Deposit 659.000000 
User 3, Acc 3 Balance 1213.000000, Withdraw 500.000000 
User 2, Acc 0 Balance 1852.000000, Deposit 7.000000 
User 2, Acc 3 Balance 768.000000, Deposit 29.000000 
User 5, Acc 1 Balance -150.000000, Deposit 911.000000 
User 2, Acc 7 Balance 77412.000000, Deposit 9.000000 
User 5, Acc 2 Balance 1790.000000, Deposit 919.000000 
User 2, Acc 9 Balance 32330.000000, Deposit 129.000000 
User 5, Acc 3 Balance 797.000000, Transfer 29.000000 to Acc 7
User 3, Acc 4 Balance 1341.000000, Withdraw 500.000000 
User 5, Acc 7 Balance 77450.000000, Transfer 31.000000 to Acc 6
User 6, Acc 0 Balance 1852.000000, Withdraw 500.000000 
User 0, Acc 2 Balance 1790.000000, Transfer 1200.000000 to Acc 9
User 6, Acc 9 Balance 32459.000000, Deposit 617.000000 
User 0, Acc 1 Balance 761.000000, Deposit 661.000000 
User 6, Acc 9 Balance 34276.000000, Transfer 617.000000 to Acc 1
User 6, Acc 8 Balance 1560.000000, Deposit 619.000000 
User 6, Acc 8 Balance 2179.000000, Transfer 619.000000 to Acc 2
User 6, Acc 7 Balance 77419.000000, Deposit 631.000000 
User 6, Acc 7 Balance 78050.000000, Transfer 631.000000 to Acc 3
User 6, Acc 6 Balance 11151.000000, Deposit 641.000000 
User 6, Acc 6 Balance 11792.000000, Transfer 641.000000 to Acc 4
User 6, Acc 5 Balance 3605.000000, Deposit 643.000000 
User 6, Acc 5 Balance 4248.000000, Transfer 1200.000000 to Acc 6
User 6, Acc 4 Balance 1482.000000, Deposit 647.000000 
User 6, Acc 4 Balance 2129.000000, Transfer 1200.000000 to Acc 7
User 6, Acc 3 Balance 1399.000000, Deposit 653.000000 
User 3, Acc 5 Balance 3605.000000, Withdraw 500.000000 
User 6, Acc 3 Balance 2052.000000, Transfer 1200.000000 to Acc 8
User 3, Acc 6 Balance 12351.000000, Withdraw 500.000000 
User 6, Acc 2 Balance 2128.000000, Deposit 659.000000 
User 2, Acc 3 Balance 797.000000, Transfer 29.000000 to Acc 7
User 6, Acc 2 Balance 2787.000000, Transfer 1200.000000 to Acc 9
User 1, Acc 7 Balance 67357.000000, Withdraw 593.000000 
User 5, Acc 7 Balance 77419.000000, Transfer 37.000000 to Acc 5
User 1, Acc 8 Balance 2760.000000, Withdraw 449.000000 
User 1, Acc 9 Balance 34859.000000, Withdraw 163.000000 
User 1, Acc 0 Balance 1359.000000, Deposit 400.000000 
User 1, Acc 0 Balance 1759.000000, Withdraw 200.000000 
User 1, Acc 0 Balance 1559.000000, Deposit 100.000000 
User 1, Acc 0 Balance 1659.000000, Withdraw 50.000000 
User 1, Acc 0 Balance 1609.000000, Withdraw 150.000000 
User 1, Acc 0 Balance 1459.000000, Deposit 300.000000 
User 1, Acc 0 Balance 1759.000000, Transfer 300.000000 to Acc 1
Balance in 1: 2339.000000
User 6, Acc 1 Balance 2039.000000, Deposit 661.000000 
User 1, Acc 0 Balance 1459.000000, Deposit 907.000000 
User 3, Acc 7 Balance 78619.000000, Withdraw 500.000000 
User 1, Acc 1 Balance 3000.000000, Deposit 911.000000 
User 2, Acc 7 Balance 78648.000000, Transfer 31.000000 to Acc 6
User 1, Acc 2 Balance 1587.000000, Deposit 919.000000 
User 2, Acc 7 Balance 77487.000000, Transfer 137.000000 to Acc 5
User 1, Acc 3 Balance 823.000000, Deposit 929.000000 
User 2, Acc 7 Balance 77350.000000, Transfer 3.000000 to Acc 4
User 1, Acc 4 Balance 929.000000, Deposit 937.000000 
User 4, Acc 7 Balance 76212.000000, Transfer 31.000000 to Acc 6
User 1, Acc 5 Balance 2722.000000, Deposit 941.000000 
User 4, Acc 7 Balance 77316.000000, Transfer 37.000000 to Acc 5
User 1, Acc 6 Balance 11913.000000, Deposit 953.000000 
User 1, Acc 7 Balance 77279.000000, Deposit 967.000000 
User 1, Acc 1 Balance 3911.000000, Transfer 19.000000 to Acc 7
User 1, Acc 2 Balance 2506.000000, Transfer 23.000000 to Acc 7
User 1, Acc 3 Balance 1752.000000, Transfer 29.000000 to Acc 7
User 1, Acc 7 Balance 78317.000000, Transfer 31.000000 to Acc 6
User 1, Acc 7 Balance 78286.000000, Transfer 37.000000 to Acc 5
User 1, Acc 7 Balance 78249.000000, Transfer 3.000000 to Acc 4
User 1, Acc 7 Balance 78246.000000, Transfer 5.000000 to Acc 4
User 1, Acc 6 Balance 12897.000000, Transfer 67.000000 to Acc 5
User 1, Acc 4 Balance 1877.000000, Transfer 53.000000 to Acc 5
User 1, Acc 1 Balance 3892.000000, Transfer 89.000000 to Acc 8
User 1, Acc 1 Balance 3803.000000, Transfer 163.000000 to Acc 9
User 1, Acc 1 Balance 3640.000000, Withdraw 41.000000 
User 1, Acc 2 Balance 2483.000000, Withdraw 71.000000 
User 1, Acc 3 Balance 1723.000000, Withdraw 127.000000 
User 1, Acc 4 Balance 1824.000000, Withdraw 167.000000 
User 1, Acc 5 Balance 3857.000000, Withdraw 307.000000 
User 1, Acc 6 Balance 12830.000000, Withdraw 647.000000 
User 1, Acc 7 Balance 78241.000000, Withdraw 593.000000 
User 1, Acc 8 Balance 2400.000000, Withdraw 449.000000 
User 1, Acc 9 Balance 34859.000000, Withdraw 163.000000 
User 1, Acc 1 Balance 3599.000000, Withdraw 500.000000 
User 1, Acc 2 Balance 2412.000000, Withdraw 500.000000 
User 1, Acc 3 Balance 1596.000000, Withdraw 500.000000 
User 1, Acc 4 Balance 1657.000000, Withdraw 500.000000 
User 1, Acc 5 Balance 3550.000000, Withdraw 500.000000 
User 1, Acc 6 Balance 12183.000000, Withdraw 500.000000 
User 1, Acc 7 Balance 77648.000000, Withdraw 500.000000 
User 1, Acc 8 Balance 1951.000000, Withdraw 500.000000 
User 1, Acc 9 Balance 34696.000000, Withdraw 500.000000 
User 1, Acc 0 Balance 2366.000000, Withdraw 500.000000 
User 1, Acc 1 Balance 3099.000000, Withdraw 500.000000 
User 1, Acc 2 Balance 1912.000000, Withdraw 500.000000 
User 1, Acc 3 Balance 1096.000000, Withdraw 500.000000 
User 1, Acc 4 Balance 1157.000000, Withdraw 500.000000 
User 1, Acc 5 Balance 3050.000000, Withdraw 500.000000 
User 1, Acc 6 Balance 11683.000000, Withdraw 500.000000 
User 1, Acc 7 Balance 77148.000000, Withdraw 500.000000 
User 1, Acc 8 Balance 1451.000000, Withdraw 500.000000 
User 1, Acc 9 Balance 34196.000000, Withdraw 500.000000 
User 1, Acc 0 Balance 1866.000000, Withdraw 500.000000 
User 1, Acc 1 Balance 2599.000000, Withdraw 500.000000 
User 1, Acc 2 Balance 1412.000000, Withdraw 500.000000 
User 1, Acc 3 Balance 596.000000, Withdraw 500.000000 
User 1, Acc 4 Balance 657.000000, Withdraw 500.000000 
User 1, Acc 5 Balance 2550.000000, Withdraw 500.000000 
User 1, Acc 6 Balance 11183.000000, Withdraw 500.000000 
User 1, Acc 7 Balance 76648.000000, Withdraw 500.000000 
User 1, Acc 8 Balance 951.000000, Withdraw 500.000000 
User 1, Acc 9 Balance 33696.000000, Withdraw 500.000000 
User 1, Acc 0 Balance 1366.000000, Withdraw 500.000000 
User 1, Acc 0 Balance 866.000000, Deposit 907.000000 
User 1, Acc 1 Balance 2099.000000, Deposit 911.000000 
User 1, Acc 2 Balance 912.000000, Deposit 919.000000 
User 1, Acc 3 Balance 96.000000, Transfer 29.000000 to Acc 7
User 0, Acc 1 Balance 1422.000000, Transfer 1200.000000 to Acc 9
User 1, Acc 7 Balance 76177.000000, Transfer 31.000000 to Acc 6
User 3, Acc 8 Balance 2311.000000, Withdraw 500.000000 
User 1, Acc 7 Balance 76146.000000, Transfer 37.000000 to Acc 5
User 6, Acc 1 Balance 3000.000000, Transfer 1200.000000 to Acc 9
User 1, Acc 7 Balance 76109.000000, Transfer 3.000000 to Acc 4
User 6, Acc 0 Balance 1773.000000, Deposit 673.000000 
User 2, Acc 7 Balance 77347.000000, Transfer 5.000000 to Acc 4
User 0, Acc 0 Balance 1773.000000, Deposit 673.000000 
[22;32mUser 2, Acc 4 Balance 165.000000, 				Withdraw 1167.000000 --insufficient funds[0m
User 4, Acc 7 Balance 77279.000000, Transfer 3.000000 to Acc 4
User 2, Acc 5 Balance 2087.000000, Withdraw 1307.000000 
User 1, Acc 7 Balance 76106.000000, Transfer 5.000000 to Acc 4
User 3, Acc 9 Balance 34396.000000, Withdraw 500.000000 
User 5, Acc 7 Balance 78018.000000, Transfer 3.000000 to Acc 4
User 5, Acc 7 Balance 76090.000000, Transfer 5.000000 to Acc 4
User 5, Acc 3 Balance 67.000000, Deposit 929.000000 
User 5, Acc 4 Balance 181.000000, Deposit 937.000000 
User 5, Acc 5 Balance 780.000000, Deposit 941.000000 
User 5, Acc 4 Balance 1118.000000, Withdraw 167.000000 
User 5, Acc 5 Balance 1721.000000, Withdraw 307.000000 
User 5, Acc 1 Balance 610.000000, Transfer 89.000000 to Acc 8
User 5, Acc 1 Balance 521.000000, Transfer 163.000000 to Acc 9
User 5, Acc 1 Balance 358.000000, Withdraw 41.000000 
User 5, Acc 2 Balance 1831.000000, Withdraw 71.000000 
User 5, Acc 3 Balance 996.000000, Withdraw 127.000000 
User 5, Acc 6 Balance 10714.000000, Withdraw 647.000000 
User 5, Acc 6 Balance 10067.000000, Deposit 953.000000 
User 5, Acc 7 Balance 76085.000000, Deposit 967.000000 
User 5, Acc 1 Balance 317.000000, Transfer 19.000000 to Acc 7
User 5, Acc 2 Balance 1760.000000, Transfer 23.000000 to Acc 7
User 5, Acc 6 Balance 11020.000000, Transfer 67.000000 to Acc 5
User 5, Acc 4 Balance 951.000000, Transfer 53.000000 to Acc 5
User 2, Acc 1 Balance 610.000000, Transfer 89.000000 to Acc 8
User 5, Acc 7 Balance 77094.000000, Withdraw 593.000000 
User 1, Acc 3 Balance 67.000000, Deposit 929.000000 
User 0, Acc 0 Balance 3119.000000, Transfer 1200.000000 to Acc 9
User 1, Acc 4 Balance 898.000000, Deposit 937.000000 
User 4, Acc 7 Balance 76098.000000, Transfer 5.000000 to Acc 4
User 1, Acc 5 Balance 1534.000000, Deposit 941.000000 
User 4, Acc 6 Balance 10953.000000, Transfer 67.000000 to Acc 5
User 1, Acc 4 Balance 1840.000000, Withdraw 167.000000 
User 0, Acc 1 Balance 209.000000, Withdraw 50.000000 
User 1, Acc 5 Balance 2542.000000, Withdraw 307.000000 
User 0, Acc 2 Balance 1737.000000, Withdraw 50.000000 
User 1, Acc 1 Balance 159.000000, Transfer 89.000000 to Acc 8
User 0, Acc 3 Balance 1798.000000, Withdraw 50.000000 
User 1, Acc 1 Balance 70.000000, Withdraw 41.000000 
[22;32mUser 5, Acc 8 Balance 129.000000, 				Withdraw 449.000000 --insufficient funds[0m
User 1, Acc 2 Balance 1687.000000, Withdraw 71.000000 
User 3, Acc 0 Balance 3119.000000, Withdraw 500.000000 
User 4, Acc 4 Balance 1840.000000, Transfer 53.000000 to Acc 5
[22;32mUser 3, Acc 1 Balance 29.000000, 				Withdraw 500.000000 --insufficient funds[0m
[22;32mUser 4, Acc 1 Balance 29.000000, 				Withdraw 41.000000 --insufficient funds[0m
User 5, Acc 9 Balance 36459.000000, Withdraw 163.000000 
User 1, Acc 3 Balance 1748.000000, Withdraw 127.000000 
User 6, Acc 0 Balance 2446.000000, Transfer 1200.000000 to Acc 9
User 1, Acc 6 Balance 10886.000000, Withdraw 647.000000 
User 0, Acc 4 Balance 1673.000000, Withdraw 50.000000 
User 3, Acc 2 Balance 1616.000000, Withdraw 500.000000 
User 4, Acc 2 Balance 1616.000000, Withdraw 71.000000 
User 3, Acc 3 Balance 1621.000000, Withdraw 500.000000 
User 4, Acc 3 Balance 1621.000000, Withdraw 127.000000 
User 2, Acc 1 Balance 209.000000, Transfer 163.000000 to Acc 9
User 4, Acc 4 Balance 1570.000000, Withdraw 167.000000 
[22;32mUser 2, Acc 1 Balance -134.000000, 				Withdraw 41.000000 --insufficient funds[0m
User 4, Acc 5 Balance 2288.000000, Withdraw 307.000000 
User 3, Acc 4 Balance 1570.000000, Withdraw 500.000000 
User 4, Acc 6 Balance 10239.000000, Withdraw 647.000000 
User 3, Acc 5 Balance 1981.000000, Withdraw 500.000000 
[22;32mUser 6, Acc 1 Balance 29.000000, 				Withdraw 50.000000 --insufficient funds[0m
User 3, Acc 6 Balance 9592.000000, Withdraw 500.000000 
User 3, Acc 7 Balance 76496.000000, Withdraw 500.000000 
User 4, Acc 7 Balance 76496.000000, Withdraw 593.000000 
[22;32mUser 3, Acc 8 Balance 218.000000, 				Withdraw 500.000000 --insufficient funds[0m
User 3, Acc 9 Balance 37659.000000, Withdraw 500.000000 
User 0, Acc 5 Balance 2288.000000, Withdraw 50.000000 
[22;32mUser 3, Acc 0 Balance 219.000000, 				Withdraw 500.000000 --insufficient funds[0m
User 6, Acc 2 Balance 1045.000000, Withdraw 50.000000 
User 6, Acc 3 Balance 994.000000, Withdraw 50.000000 
[22;32mUser 4, Acc 8 Balance 218.000000, 				Withdraw 449.000000 --insufficient funds[0m
User 4, Acc 9 Balance 37159.000000, Withdraw 163.000000 
User 6, Acc 4 Balance 903.000000, Withdraw 50.000000 
User 6, Acc 5 Balance 1431.000000, Withdraw 50.000000 
User 0, Acc 6 Balance 9092.000000, Withdraw 50.000000 
User 0, Acc 7 Balance 75403.000000, Withdraw 50.000000 
User 0, Acc 8 Balance 218.000000, Withdraw 50.000000 
User 0, Acc 9 Balance 36996.000000, Withdraw 50.000000 
User 6, Acc 6 Balance 9042.000000, Withdraw 50.000000 
User 6, Acc 7 Balance 75353.000000, Withdraw 50.000000 
User 6, Acc 8 Balance 168.000000, Withdraw 50.000000 
User 2, Acc 2 Balance 1045.000000, Withdraw 71.000000 
[22;32mUser 2, Acc 3 Balance 944.000000, 				Withdraw 1127.000000 --insufficient funds[0m
User 2, Acc 6 Balance 8992.000000, Withdraw 647.000000 
User 2, Acc 6 Balance 8345.000000, Deposit 1953.000000 
User 2, Acc 7 Balance 75303.000000, Deposit 967.000000 
User 2, Acc 2 Balance 924.000000, Transfer 23.000000 to Acc 7
User 6, Acc 9 Balance 36946.000000, Withdraw 50.000000 
User 2, Acc 6 Balance 10298.000000, Transfer 1167.000000 to Acc 5
User 0, Acc 0 Balance 219.000000, Withdraw 50.000000 
User 6, Acc 0 Balance 219.000000, Withdraw 50.000000 
User 2, Acc 4 Balance 853.000000, Transfer 53.000000 to Acc 5
User 2, Acc 7 Balance 76293.000000, Withdraw 1593.000000 
[22;32mUser 2, Acc 8 Balance 118.000000, 				Withdraw 449.000000 --insufficient funds[0m
User 2, Acc 9 Balance 36896.000000, Withdraw 163.000000 
User 1, Acc 6 Balance 10239.000000, Deposit 953.000000 
User 1, Acc 7 Balance 74700.000000, Deposit 967.000000 
User 1, Acc 2 Balance 901.000000, Transfer 23.000000 to Acc 7
User 1, Acc 6 Balance 10084.000000, Transfer 67.000000 to Acc 5
User 1, Acc 4 Balance 800.000000, Transfer 53.000000 to Acc 5
User 1, Acc 7 Balance 75690.000000, Withdraw 593.000000 
[22;32mUser 1, Acc 8 Balance 118.000000, 				Withdraw 449.000000 --insufficient funds[0m
User 1, Acc 9 Balance 36733.000000, Withdraw 163.000000 
  ***     End of transaction batch    ***  
Account 0 balance after completion of transaction batch: 119.000000
Account 1 balance after completion of transaction batch: -134.000000
Account 2 balance after completion of transaction batch: 878.000000
Account 3 balance after completion of transaction batch: 944.000000
Account 4 balance after completion of transaction batch: 747.000000
Account 5 balance after completion of transaction batch: 2721.000000
Account 6 balance after completion of transaction batch: 10017.000000
Account 7 balance after completion of transaction batch: 75097.000000
Account 8 balance after completion of transaction batch: 118.000000
Account 9 balance after completion of transaction batch: 36570.000000
