# Output generated by:
# ./my_executable 7 data/transactions6.txt data/transactions3.txt data/transactions8.txt data/transactions2.txt data/transactions10.txt data/transactions5.txt data/transactions1.txt

********************************************
   Reading and parsing a transaction file   
********************************************
Parsed transaction: deposit 0 7.000000 
Loaded deposit transaction
Parsed transaction: deposit 1 11.000000 
Loaded deposit transaction
Parsed transaction: deposit 2 9.000000 
Loaded deposit transaction
Parsed transaction: transfer 3 7 29.000000 
Loaded transfer transaction
Parsed transaction: transfer 7 6 31.000000 
Loaded transfer transaction
Parsed transaction: transfer 7 5 137.000000 
Loaded transfer transaction
Parsed transaction: transfer 7 4 3.000000 
Loaded transfer transaction
Parsed transaction: transfer 7 4 5.000000 
Loaded transfer transaction
Parsed transaction: deposit 3 929.000000 
Loaded deposit transaction
Parsed transaction: deposit 4 937.000000 
Loaded deposit transaction
Parsed transaction: deposit 5 941.000000 
Loaded deposit transaction
Parsed transaction: withdraw 4 1167.000000 
Loaded withdrawal transaction
Parsed transaction: withdraw 5 1307.000000 
Loaded withdrawal transaction
Parsed transaction: transfer 1 8 89.000000 
Loaded transfer transaction
Parsed transaction: transfer 1 9 163.000000 
Loaded transfer transaction
Parsed transaction: withdraw 1 41.000000 
Loaded withdrawal transaction
Parsed transaction: withdraw 2 71.000000 
Loaded withdrawal transaction
Parsed transaction: withdraw 3 1127.000000 
Loaded withdrawal transaction
Parsed transaction: withdraw 6 647.000000 
Loaded withdrawal transaction
Parsed transaction: deposit 6 953.000000 
Loaded deposit transaction
Parsed transaction: deposit 7 967.000000 
Loaded deposit transaction
Parsed transaction: transfer 1 7 19.000000 
Loaded transfer transaction
Parsed transaction: transfer 2 7 23.000000 
Loaded transfer transaction
Parsed transaction: transfer 6 5 1167.000000 
Loaded transfer transaction
Parsed transaction: transfer 4 5 53.000000 
Loaded transfer transaction
Parsed transaction: withdraw 7 1593.000000 
Loaded withdrawal transaction
Parsed transaction: withdraw 8 449.000000 
Loaded withdrawal transaction
Parsed transaction: withdraw 9 163.000000 
Loaded withdrawal transaction
********************************************
********************************************
   Reading and parsing a transaction file   
********************************************
Parsed transaction: deposit 0 400.000000 
Loaded deposit transaction
Parsed transaction: withdraw 0 200.000000 
Loaded withdrawal transaction
Parsed transaction: deposit 1 100.000000 
Loaded deposit transaction
Parsed transaction: deposit 2 900.000000 
Loaded deposit transaction
Parsed transaction: withdraw 1 50.000000 
Loaded withdrawal transaction
Parsed transaction: withdraw 2 150.000000 
Loaded withdrawal transaction
Parsed transaction: deposit 3 500.000000 
Loaded deposit transaction
Parsed transaction: transfer 2 1 300.000000 
Loaded transfer transaction
Parsed transaction: transfer 3 1 300.000000 
Loaded transfer transaction
Parsed transaction: deposit 0 400.000000 
Loaded deposit transaction
Parsed transaction: withdraw 3 200.000000 
Loaded withdrawal transaction
Parsed transaction: balance 1 
Loaded balance transaction
********************************************
********************************************
   Reading and parsing a transaction file   
********************************************
Parsed transaction: deposit 9 617.000000 
Loaded deposit transaction
Parsed transaction: transfer 9 1 617.000000 
Loaded transfer transaction
Parsed transaction: deposit 8 619.000000 
Loaded deposit transaction
Parsed transaction: transfer 8 2 619.000000 
Loaded transfer transaction
Parsed transaction: deposit 7 631.000000 
Loaded deposit transaction
Parsed transaction: transfer 7 3 631.000000 
Loaded transfer transaction
Parsed transaction: deposit 6 641.000000 
Loaded deposit transaction
Parsed transaction: transfer 6 4 641.000000 
Loaded transfer transaction
Parsed transaction: deposit 5 643.000000 
Loaded deposit transaction
Parsed transaction: transfer 5 6 1200.000000 
Loaded transfer transaction
Parsed transaction: deposit 4 647.000000 
Loaded deposit transaction
Parsed transaction: transfer 4 7 1200.000000 
Loaded transfer transaction
Parsed transaction: deposit 3 653.000000 
Loaded deposit transaction
Parsed transaction: transfer 3 8 1200.000000 
Loaded transfer transaction
Parsed transaction: deposit 2 659.000000 
Loaded deposit transaction
Parsed transaction: transfer 2 9 1200.000000 
Loaded transfer transaction
Parsed transaction: deposit 1 661.000000 
Loaded deposit transaction
Parsed transaction: transfer 1 9 1200.000000 
Loaded transfer transaction
Parsed transaction: deposit 0 673.000000 
Loaded deposit transaction
Parsed transaction: transfer 0 9 1200.000000 
Loaded transfer transaction
********************************************
********************************************
   Reading and parsing a transaction file   
********************************************
Parsed transaction: deposit 0 400.000000 
Loaded deposit transaction
Parsed transaction: withdraw 0 200.000000 
Loaded withdrawal transaction
Parsed transaction: deposit 0 100.000000 
Loaded deposit transaction
Parsed transaction: withdraw 0 50.000000 
Loaded withdrawal transaction
Parsed transaction: withdraw 0 150.000000 
Loaded withdrawal transaction
Parsed transaction: deposit 0 300.000000 
Loaded deposit transaction
Parsed transaction: transfer 0 1 300.000000 
Loaded transfer transaction
Parsed transaction: balance 1 
Loaded balance transaction
********************************************
********************************************
   Reading and parsing a transaction file   
********************************************
Parsed transaction: withdraw 1 500.000000 
Loaded withdrawal transaction
Parsed transaction: withdraw 2 500.000000 
Loaded withdrawal transaction
Parsed transaction: withdraw 3 500.000000 
Loaded withdrawal transaction
Parsed transaction: withdraw 4 500.000000 
Loaded withdrawal transaction
Parsed transaction: withdraw 5 500.000000 
Loaded withdrawal transaction
Parsed transaction: withdraw 6 500.000000 
Loaded withdrawal transaction
Parsed transaction: withdraw 7 500.000000 
Loaded withdrawal transaction
Parsed transaction: withdraw 8 500.000000 
Loaded withdrawal transaction
Parsed transaction: withdraw 9 500.000000 
Loaded withdrawal transaction
Parsed transaction: withdraw 0 500.000000 
Loaded withdrawal transaction
Parsed transaction: withdraw 1 500.000000 
Loaded withdrawal transaction
Parsed transaction: withdraw 2 500.000000 
Loaded withdrawal transaction
Parsed transaction: withdraw 3 500.000000 
Loaded withdrawal transaction
Parsed transaction: withdraw 4 500.000000 
Loaded withdrawal transaction
Parsed transaction: withdraw 5 500.000000 
Loaded withdrawal transaction
Parsed transaction: withdraw 6 500.000000 
Loaded withdrawal transaction
Parsed transaction: withdraw 7 500.000000 
Loaded withdrawal transaction
Parsed transaction: withdraw 8 500.000000 
Loaded withdrawal transaction
Parsed transaction: withdraw 9 500.000000 
Loaded withdrawal transaction
Parsed transaction: withdraw 0 500.000000 
Loaded withdrawal transaction
Parsed transaction: withdraw 1 500.000000 
Loaded withdrawal transaction
Parsed transaction: withdraw 2 500.000000 
Loaded withdrawal transaction
Parsed transaction: withdraw 3 500.000000 
Loaded withdrawal transaction
Parsed transaction: withdraw 4 500.000000 
Loaded withdrawal transaction
Parsed transaction: withdraw 5 500.000000 
Loaded withdrawal transaction
Parsed transaction: withdraw 6 500.000000 
Loaded withdrawal transaction
Parsed transaction: withdraw 7 500.000000 
Loaded withdrawal transaction
Parsed transaction: withdraw 8 500.000000 
Loaded withdrawal transaction
Parsed transaction: withdraw 9 500.000000 
Loaded withdrawal transaction
Parsed transaction: withdraw 0 500.000000 
Loaded withdrawal transaction
********************************************
********************************************
   Reading and parsing a transaction file   
********************************************
Parsed transaction: deposit 0 907.000000 
Loaded deposit transaction
Parsed transaction: deposit 1 911.000000 
Loaded deposit transaction
Parsed transaction: deposit 2 919.000000 
Loaded deposit transaction
Parsed transaction: transfer 3 7 29.000000 
Loaded transfer transaction
Parsed transaction: transfer 7 6 31.000000 
Loaded transfer transaction
Parsed transaction: transfer 7 5 37.000000 
Loaded transfer transaction
Parsed transaction: transfer 7 4 3.000000 
Loaded transfer transaction
Parsed transaction: transfer 7 4 5.000000 
Loaded transfer transaction
Parsed transaction: deposit 3 929.000000 
Loaded deposit transaction
Parsed transaction: deposit 4 937.000000 
Loaded deposit transaction
Parsed transaction: deposit 5 941.000000 
Loaded deposit transaction
Parsed transaction: withdraw 4 167.000000 
Loaded withdrawal transaction
Parsed transaction: withdraw 5 307.000000 
Loaded withdrawal transaction
Parsed transaction: transfer 1 8 89.000000 
Loaded transfer transaction
Parsed transaction: transfer 1 9 163.000000 
Loaded transfer transaction
Parsed transaction: withdraw 1 41.000000 
Loaded withdrawal transaction
Parsed transaction: withdraw 2 71.000000 
Loaded withdrawal transaction
Parsed transaction: withdraw 3 127.000000 
Loaded withdrawal transaction
Parsed transaction: withdraw 6 647.000000 
Loaded withdrawal transaction
Parsed transaction: deposit 6 953.000000 
Loaded deposit transaction
Parsed transaction: deposit 7 967.000000 
Loaded deposit transaction
Parsed transaction: transfer 1 7 19.000000 
Loaded transfer transaction
Parsed transaction: transfer 2 7 23.000000 
Loaded transfer transaction
Parsed transaction: transfer 6 5 67.000000 
Loaded transfer transaction
Parsed transaction: transfer 4 5 53.000000 
Loaded transfer transaction
Parsed transaction: withdraw 7 593.000000 
Loaded withdrawal transaction
Parsed transaction: withdraw 8 449.000000 
Loaded withdrawal transaction
Parsed transaction: withdraw 9 163.000000 
Loaded withdrawal transaction
********************************************
********************************************
   Reading and parsing a transaction file   
********************************************
Parsed transaction: deposit 0 100.000000 
Loaded deposit transaction
Parsed transaction: deposit 0 200.000000 
Loaded deposit transaction
Parsed transaction: deposit 0 300.000000 
Loaded deposit transaction
Parsed transaction: withdraw 0 200.000000 
Loaded withdrawal transaction
Parsed transaction: withdraw 0 100.000000 
Loaded withdrawal transaction
Parsed transaction: withdraw 0 50.000000 
Loaded withdrawal transaction
Parsed transaction: transfer 1 0 200.000000 
Loaded transfer transaction
Parsed transaction: balance 0 
Loaded balance transaction
********************************************
  ***    Start of transaction batch    ***  
User 0, Acc 0 Balance 0.000000, Deposit 7.000000 
User 0, Acc 1 Balance 0.000000, Deposit 11.000000 
User 0, Acc 2 Balance 0.000000, Deposit 9.000000 
User 0, Acc 3 Balance 0.000000, Deposit 929.000000 
User 0, Acc 4 Balance 0.000000, Deposit 937.000000 
User 0, Acc 5 Balance 0.000000, Deposit 941.000000 
[22;32mUser 0, Acc 4 Balance 937.000000, 				Withdraw 1167.000000 --insufficient funds[0m
[22;32mUser 0, Acc 5 Balance 941.000000, 				Withdraw 1307.000000 --insufficient funds[0m
[22;32mUser 0, Acc 1 Balance 11.000000, 				Withdraw 41.000000 --insufficient funds[0m
[22;32mUser 0, Acc 2 Balance 9.000000, 				Withdraw 71.000000 --insufficient funds[0m
[22;32mUser 0, Acc 3 Balance 929.000000, 				Withdraw 1127.000000 --insufficient funds[0m
[22;32mUser 0, Acc 6 Balance 0.000000, 				Withdraw 647.000000 --insufficient funds[0m
User 0, Acc 6 Balance 0.000000, Deposit 953.000000 
User 0, Acc 7 Balance 0.000000, Deposit 967.000000 
User 0, Acc 4 Balance 937.000000, Transfer 53.000000 to Acc 5
[22;32mUser 0, Acc 7 Balance 967.000000, 				Withdraw 1593.000000 --insufficient funds[0m
[22;32mUser 0, Acc 8 Balance 0.000000, 				Withdraw 449.000000 --insufficient funds[0m
[22;32mUser 0, Acc 9 Balance 0.000000, 				Withdraw 163.000000 --insufficient funds[0m
User 0, Acc 0 Balance 7.000000, Deposit 400.000000 
User 0, Acc 0 Balance 407.000000, Withdraw 200.000000 
User 0, Acc 1 Balance 11.000000, Deposit 100.000000 
User 0, Acc 2 Balance 9.000000, Deposit 900.000000 
User 0, Acc 1 Balance 111.000000, Withdraw 50.000000 
User 0, Acc 2 Balance 909.000000, Withdraw 150.000000 
User 0, Acc 3 Balance 929.000000, Deposit 500.000000 
User 0, Acc 2 Balance 759.000000, Transfer 300.000000 to Acc 1
User 0, Acc 3 Balance 1429.000000, Transfer 300.000000 to Acc 1
User 0, Acc 0 Balance 207.000000, Deposit 400.000000 
User 0, Acc 3 Balance 1129.000000, Withdraw 200.000000 
Balance in 1: 661.000000
User 0, Acc 9 Balance 0.000000, Deposit 617.000000 
User 0, Acc 9 Balance 617.000000, Transfer 617.000000 to Acc 1
User 0, Acc 8 Balance 0.000000, Deposit 619.000000 
User 0, Acc 8 Balance 619.000000, Transfer 619.000000 to Acc 2
User 3, Acc 0 Balance 607.000000, Deposit 400.000000 
User 5, Acc 0 Balance 607.000000, Deposit 7.000000 
User 5, Acc 1 Balance 1278.000000, Deposit 11.000000 
User 4, Acc 1 Balance 1278.000000, Withdraw 500.000000 
User 4, Acc 2 Balance 1078.000000, Withdraw 500.000000 
User 4, Acc 3 Balance 929.000000, Withdraw 500.000000 
User 4, Acc 4 Balance 884.000000, Withdraw 500.000000 
User 4, Acc 5 Balance 994.000000, Withdraw 500.000000 
User 4, Acc 6 Balance 953.000000, Withdraw 500.000000 
User 4, Acc 7 Balance 967.000000, Withdraw 500.000000 
[22;32mUser 4, Acc 8 Balance 0.000000, 				Withdraw 500.000000 --insufficient funds[0m
User 3, Acc 0 Balance 1007.000000, Withdraw 200.000000 
User 0, Acc 7 Balance 967.000000, Deposit 631.000000 
User 5, Acc 2 Balance 1078.000000, Deposit 9.000000 
User 0, Acc 7 Balance 1098.000000, Transfer 631.000000 to Acc 3
User 5, Acc 3 Balance 429.000000, Transfer 29.000000 to Acc 7
User 0, Acc 6 Balance 453.000000, Deposit 641.000000 
User 1, Acc 0 Balance 607.000000, Deposit 7.000000 
User 3, Acc 0 Balance 814.000000, Deposit 100.000000 
User 1, Acc 1 Balance 789.000000, Deposit 11.000000 
User 6, Acc 0 Balance 607.000000, Deposit 100.000000 
User 6, Acc 0 Balance 1021.000000, Deposit 200.000000 
User 6, Acc 0 Balance 1221.000000, Deposit 300.000000 
User 6, Acc 0 Balance 1521.000000, Withdraw 200.000000 
User 6, Acc 0 Balance 1321.000000, Withdraw 100.000000 
User 6, Acc 0 Balance 1221.000000, Withdraw 50.000000 
User 6, Acc 1 Balance 800.000000, Transfer 200.000000 to Acc 0
Balance in 0: 1371.000000
User 1, Acc 2 Balance 587.000000, Deposit 9.000000 
User 6, Acc 0 Balance 1371.000000, Deposit 400.000000 
User 5, Acc 7 Balance 496.000000, Transfer 31.000000 to Acc 6
User 0, Acc 6 Balance 1094.000000, Transfer 641.000000 to Acc 4
User 5, Acc 7 Balance 465.000000, Transfer 137.000000 to Acc 5
User 5, Acc 7 Balance 328.000000, Transfer 3.000000 to Acc 4
User 5, Acc 7 Balance 325.000000, Transfer 5.000000 to Acc 4
User 3, Acc 0 Balance 921.000000, Withdraw 50.000000 
User 5, Acc 3 Balance 1031.000000, Deposit 929.000000 
User 2, Acc 0 Balance 607.000000, Deposit 907.000000 
User 1, Acc 3 Balance 1031.000000, Transfer 29.000000 to Acc 7
User 2, Acc 1 Balance 600.000000, Deposit 911.000000 
User 1, Acc 7 Balance 349.000000, Transfer 31.000000 to Acc 6
User 2, Acc 2 Balance 596.000000, Deposit 919.000000 
User 1, Acc 7 Balance 318.000000, Transfer 137.000000 to Acc 5
User 5, Acc 4 Balance 1033.000000, Deposit 937.000000 
User 1, Acc 7 Balance 181.000000, Transfer 3.000000 to Acc 4
User 0, Acc 5 Balance 631.000000, Deposit 643.000000 
User 1, Acc 7 Balance 178.000000, Transfer 5.000000 to Acc 4
User 3, Acc 0 Balance 1721.000000, Withdraw 150.000000 
User 1, Acc 3 Balance 1931.000000, Deposit 929.000000 
User 6, Acc 0 Balance 1771.000000, Withdraw 200.000000 
User 1, Acc 4 Balance 1978.000000, Deposit 937.000000 
User 0, Acc 5 Balance 1411.000000, Transfer 1200.000000 to Acc 6
User 2, Acc 3 Balance 1931.000000, Transfer 29.000000 to Acc 7
User 0, Acc 4 Balance 2915.000000, Deposit 647.000000 
User 3, Acc 0 Balance 2478.000000, Deposit 300.000000 
User 5, Acc 5 Balance 768.000000, Deposit 941.000000 
User 3, Acc 0 Balance 2578.000000, Transfer 300.000000 to Acc 1
User 6, Acc 1 Balance 1511.000000, Deposit 100.000000 
User 1, Acc 5 Balance 1411.000000, Deposit 941.000000 
User 2, Acc 7 Balance 202.000000, Transfer 31.000000 to Acc 6
User 2, Acc 7 Balance 171.000000, Transfer 37.000000 to Acc 5
[22;32mUser 4, Acc 9 Balance 0.000000, 				Withdraw 500.000000 --insufficient funds[0m
User 4, Acc 0 Balance 2278.000000, Withdraw 500.000000 
User 4, Acc 1 Balance 1911.000000, Withdraw 500.000000 
User 4, Acc 2 Balance 1515.000000, Withdraw 500.000000 
User 4, Acc 3 Balance 2831.000000, Withdraw 500.000000 
User 4, Acc 4 Balance 3562.000000, Withdraw 500.000000 
User 4, Acc 5 Balance 2130.000000, Withdraw 500.000000 
User 6, Acc 2 Balance 1515.000000, Deposit 900.000000 
User 1, Acc 4 Balance 3562.000000, Withdraw 1167.000000 
User 0, Acc 4 Balance 3562.000000, Transfer 1200.000000 to Acc 7
User 2, Acc 7 Balance 134.000000, Transfer 3.000000 to Acc 4
Balance in 1: 1811.000000
User 2, Acc 7 Balance 1331.000000, Transfer 5.000000 to Acc 4
User 2, Acc 3 Balance 2331.000000, Deposit 929.000000 
User 3, Acc 0 Balance 1778.000000, Deposit 7.000000 
User 2, Acc 4 Balance 703.000000, Deposit 937.000000 
User 1, Acc 5 Balance 1630.000000, Withdraw 1307.000000 
User 2, Acc 5 Balance 1630.000000, Deposit 941.000000 
User 1, Acc 1 Balance 1411.000000, Transfer 89.000000 to Acc 8
User 4, Acc 6 Balance 1746.000000, Withdraw 500.000000 
User 1, Acc 1 Balance 1322.000000, Transfer 163.000000 to Acc 9
User 4, Acc 7 Balance 1326.000000, Withdraw 500.000000 
[22;32mUser 4, Acc 8 Balance 89.000000, 				Withdraw 500.000000 --insufficient funds[0m
User 0, Acc 3 Balance 2331.000000, Deposit 653.000000 
User 5, Acc 4 Balance 3562.000000, Withdraw 1167.000000 
User 0, Acc 3 Balance 3913.000000, Transfer 1200.000000 to Acc 8
User 3, Acc 1 Balance 1411.000000, Deposit 11.000000 
User 6, Acc 1 Balance 1411.000000, Withdraw 50.000000 
User 1, Acc 1 Balance 1159.000000, Withdraw 41.000000 
User 6, Acc 2 Balance 1915.000000, Withdraw 150.000000 
User 1, Acc 2 Balance 1915.000000, Withdraw 71.000000 
User 1, Acc 3 Balance 2713.000000, Withdraw 1127.000000 
[22;32mUser 5, Acc 5 Balance 1264.000000, 				Withdraw 1307.000000 --insufficient funds[0m
User 0, Acc 2 Balance 1915.000000, Deposit 659.000000 
User 5, Acc 1 Balance 1079.000000, Transfer 89.000000 to Acc 8
User 3, Acc 2 Balance 1915.000000, Deposit 9.000000 
User 5, Acc 1 Balance 990.000000, Transfer 163.000000 to Acc 9
User 5, Acc 1 Balance 827.000000, Withdraw 41.000000 
User 3, Acc 3 Balance 1586.000000, Transfer 29.000000 to Acc 7
User 5, Acc 2 Balance 2362.000000, Withdraw 71.000000 
User 0, Acc 2 Balance 2353.000000, Transfer 1200.000000 to Acc 9
User 5, Acc 3 Balance 1557.000000, Withdraw 1127.000000 
User 5, Acc 6 Balance 1246.000000, Withdraw 647.000000 
User 0, Acc 1 Balance 786.000000, Deposit 661.000000 
User 5, Acc 6 Balance 599.000000, Deposit 953.000000 
User 6, Acc 3 Balance 2713.000000, Deposit 500.000000 
User 5, Acc 7 Balance 855.000000, Deposit 967.000000 
[22;32mUser 4, Acc 9 Balance 163.000000, 				Withdraw 500.000000 --insufficient funds[0m
User 5, Acc 1 Balance 1447.000000, Transfer 19.000000 to Acc 7
User 2, Acc 4 Balance 1640.000000, Withdraw 167.000000 
User 0, Acc 1 Balance 1447.000000, Transfer 1200.000000 to Acc 9
User 3, Acc 7 Balance 855.000000, Transfer 31.000000 to Acc 6
User 0, Acc 0 Balance 1785.000000, Deposit 673.000000 
User 4, Acc 0 Balance 1785.000000, Withdraw 500.000000 
User 0, Acc 0 Balance 2458.000000, Transfer 1200.000000 to Acc 9
User 5, Acc 2 Balance 1091.000000, Transfer 23.000000 to Acc 7
User 2, Acc 5 Balance 1264.000000, Withdraw 307.000000 
User 5, Acc 6 Balance 1583.000000, Transfer 1167.000000 to Acc 5
User 2, Acc 1 Balance 228.000000, Transfer 89.000000 to Acc 8
User 5, Acc 4 Balance 306.000000, Transfer 53.000000 to Acc 5
User 2, Acc 1 Balance 139.000000, Withdraw 41.000000 
User 2, Acc 2 Balance 1068.000000, Withdraw 71.000000 
User 0, Acc 0 Balance 758.000000, Deposit 7.000000 
User 2, Acc 3 Balance 930.000000, Withdraw 127.000000 
User 0, Acc 1 Balance 98.000000, Deposit 11.000000 
User 3, Acc 7 Balance 1810.000000, Transfer 137.000000 to Acc 5
User 0, Acc 2 Balance 997.000000, Deposit 9.000000 
User 1, Acc 6 Balance 1246.000000, Withdraw 647.000000 
User 1, Acc 6 Balance -231.000000, Deposit 953.000000 
User 1, Acc 7 Balance 1696.000000, Deposit 967.000000 
User 1, Acc 1 Balance 109.000000, Transfer 19.000000 to Acc 7
User 1, Acc 2 Balance 1006.000000, Transfer 23.000000 to Acc 7
User 1, Acc 4 Balance 253.000000, Transfer 53.000000 to Acc 5
User 1, Acc 7 Balance 2705.000000, Withdraw 1593.000000 
User 1, Acc 8 Balance 1467.000000, Withdraw 449.000000 
User 1, Acc 9 Balance 3926.000000, Withdraw 163.000000 
User 5, Acc 7 Balance 1833.000000, Withdraw 1593.000000 
User 5, Acc 8 Balance 1018.000000, Withdraw 449.000000 
User 5, Acc 9 Balance 3763.000000, Withdraw 163.000000 
User 5, Acc 0 Balance 765.000000, Deposit 7.000000 
User 5, Acc 1 Balance 90.000000, Deposit 11.000000 
[22;32mUser 4, Acc 1 Balance 228.000000, 				Withdraw 500.000000 --insufficient funds[0m
User 3, Acc 7 Balance 1696.000000, Transfer 3.000000 to Acc 4
User 0, Acc 3 Balance 803.000000, Transfer 29.000000 to Acc 7
User 3, Acc 3 Balance 803.000000, Deposit 929.000000 
User 1, Acc 0 Balance 765.000000, Deposit 7.000000 
[22;32mUser 2, Acc 6 Balance 416.000000, 				Withdraw 647.000000 --insufficient funds[0m
User 1, Acc 1 Balance 101.000000, Deposit 11.000000 
User 5, Acc 2 Balance 983.000000, Deposit 9.000000 
User 4, Acc 2 Balance 983.000000, Withdraw 500.000000 
User 5, Acc 3 Balance 1703.000000, Transfer 29.000000 to Acc 7
User 6, Acc 2 Balance 1091.000000, Transfer 300.000000 to Acc 1
User 2, Acc 6 Balance 722.000000, Deposit 953.000000 
User 1, Acc 2 Balance 983.000000, Deposit 9.000000 
User 2, Acc 7 Balance -426.000000, Deposit 967.000000 
User 1, Acc 3 Balance 1674.000000, Transfer 29.000000 to Acc 7
User 4, Acc 3 Balance 1703.000000, Withdraw 500.000000 
User 5, Acc 3 Balance 1674.000000, Deposit 929.000000 
[22;32mUser 4, Acc 4 Balance 203.000000, 				Withdraw 500.000000 --insufficient funds[0m
User 5, Acc 4 Balance 203.000000, Deposit 937.000000 
User 0, Acc 3 Balance 774.000000, Deposit 929.000000 
User 2, Acc 1 Balance 412.000000, Transfer 19.000000 to Acc 7
User 1, Acc 7 Balance 570.000000, Transfer 31.000000 to Acc 6
User 2, Acc 2 Balance 201.000000, Transfer 23.000000 to Acc 7
User 2, Acc 6 Balance 1675.000000, Transfer 67.000000 to Acc 5
User 6, Acc 3 Balance 1674.000000, Transfer 300.000000 to Acc 1
User 5, Acc 5 Balance 2367.000000, Deposit 941.000000 
User 4, Acc 5 Balance 2367.000000, Withdraw 500.000000 
[22;32mUser 5, Acc 4 Balance 1140.000000, 				Withdraw 1167.000000 --insufficient funds[0m
User 4, Acc 6 Balance 1639.000000, Withdraw 500.000000 
User 5, Acc 5 Balance 2875.000000, Withdraw 1307.000000 
User 4, Acc 7 Balance 581.000000, Withdraw 500.000000 
User 5, Acc 1 Balance 693.000000, Transfer 89.000000 to Acc 8
User 0, Acc 4 Balance 1140.000000, Deposit 937.000000 
User 5, Acc 1 Balance 604.000000, Transfer 163.000000 to Acc 9
User 0, Acc 5 Balance 1568.000000, Deposit 941.000000 
User 1, Acc 7 Balance 581.000000, Transfer 137.000000 to Acc 5
User 2, Acc 4 Balance 1140.000000, Transfer 53.000000 to Acc 5
User 1, Acc 3 Balance 2703.000000, Deposit 929.000000 
User 3, Acc 4 Balance 203.000000, Deposit 937.000000 
User 5, Acc 1 Balance 441.000000, Withdraw 41.000000 
User 3, Acc 5 Balance 2699.000000, Deposit 941.000000 
User 3, Acc 4 Balance 2961.000000, Withdraw 1167.000000 
User 6, Acc 0 Balance 779.000000, Deposit 400.000000 
User 4, Acc 8 Balance 569.000000, Withdraw 500.000000 
[22;32mUser 2, Acc 7 Balance -56.000000, 				Withdraw 593.000000 --insufficient funds[0m
User 4, Acc 9 Balance 3763.000000, Withdraw 500.000000 
User 4, Acc 0 Balance 1179.000000, Withdraw 500.000000 
[22;32mUser 2, Acc 8 Balance 158.000000, 				Withdraw 449.000000 --insufficient funds[0m
User 4, Acc 9 Balance 3263.000000, Deposit 617.000000 
User 4, Acc 9 Balance 3880.000000, Transfer 617.000000 to Acc 1
User 3, Acc 5 Balance 3640.000000, Withdraw 1307.000000 
User 6, Acc 3 Balance 3632.000000, Withdraw 200.000000 
User 3, Acc 1 Balance 1017.000000, Transfer 89.000000 to Acc 8
User 3, Acc 1 Balance 928.000000, Transfer 163.000000 to Acc 9
User 0, Acc 4 Balance 2077.000000, Withdraw 1167.000000 
User 0, Acc 5 Balance 2333.000000, Withdraw 1307.000000 
User 2, Acc 9 Balance 3880.000000, Withdraw 163.000000 
User 2, Acc 0 Balance 679.000000, Deposit 400.000000 
User 4, Acc 8 Balance 158.000000, Deposit 619.000000 
User 2, Acc 0 Balance 1079.000000, Withdraw 200.000000 
Balance in 1: 1017.000000
User 2, Acc 1 Balance 765.000000, Deposit 100.000000 
User 3, Acc 1 Balance 765.000000, Withdraw 41.000000 
User 2, Acc 2 Balance 178.000000, Deposit 900.000000 
User 3, Acc 2 Balance 178.000000, Withdraw 71.000000 
User 2, Acc 1 Balance 824.000000, Withdraw 50.000000 
User 1, Acc 4 Balance 2024.000000, Deposit 937.000000 
User 5, Acc 2 Balance 178.000000, Withdraw 71.000000 
User 1, Acc 5 Balance 1026.000000, Deposit 941.000000 
User 5, Acc 3 Balance 3432.000000, Withdraw 1127.000000 
User 1, Acc 4 Balance 1564.000000, Withdraw 1167.000000 
User 5, Acc 6 Balance 1139.000000, Withdraw 647.000000 
User 6, Acc 0 Balance 879.000000, Deposit 400.000000 
User 5, Acc 6 Balance 492.000000, Deposit 953.000000 
User 6, Acc 0 Balance 1279.000000, Withdraw 200.000000 
User 6, Acc 1 Balance 774.000000, Deposit 100.000000 
User 3, Acc 3 Balance 3432.000000, Withdraw 1127.000000 
User 1, Acc 5 Balance 1967.000000, Withdraw 1307.000000 
User 3, Acc 6 Balance 1445.000000, Withdraw 647.000000 
User 1, Acc 1 Balance 874.000000, Transfer 89.000000 to Acc 8
User 3, Acc 6 Balance 798.000000, Deposit 953.000000 
User 1, Acc 1 Balance 785.000000, Transfer 163.000000 to Acc 9
User 3, Acc 7 Balance -56.000000, Deposit 967.000000 
User 3, Acc 1 Balance 785.000000, Transfer 19.000000 to Acc 7
User 2, Acc 2 Balance 1007.000000, Withdraw 150.000000 
User 3, Acc 2 Balance 936.000000, Transfer 23.000000 to Acc 7
User 3, Acc 6 Balance 1751.000000, Transfer 1167.000000 to Acc 5
User 4, Acc 8 Balance 866.000000, Transfer 619.000000 to Acc 2
User 5, Acc 7 Balance -56.000000, Deposit 967.000000 
User 4, Acc 7 Balance 953.000000, Deposit 631.000000 
User 1, Acc 1 Balance 622.000000, Withdraw 41.000000 
User 0, Acc 1 Balance 765.000000, Transfer 89.000000 to Acc 8
User 1, Acc 2 Balance 1382.000000, Withdraw 71.000000 
User 2, Acc 3 Balance 1178.000000, Deposit 500.000000 
User 5, Acc 1 Balance 603.000000, Transfer 19.000000 to Acc 7
User 6, Acc 2 Balance 936.000000, Deposit 900.000000 
User 5, Acc 2 Balance 1311.000000, Transfer 23.000000 to Acc 7
User 0, Acc 1 Balance 473.000000, Transfer 163.000000 to Acc 9
User 3, Acc 4 Balance 397.000000, Transfer 53.000000 to Acc 5
User 1, Acc 3 Balance 1178.000000, Withdraw 1127.000000 
User 2, Acc 2 Balance 1311.000000, Transfer 300.000000 to Acc 1
User 4, Acc 7 Balance 2551.000000, Transfer 631.000000 to Acc 3
User 6, Acc 1 Balance 454.000000, Withdraw 50.000000 
User 4, Acc 6 Balance 584.000000, Deposit 641.000000 
User 6, Acc 2 Balance 1888.000000, Withdraw 150.000000 
User 0, Acc 1 Balance 291.000000, Withdraw 41.000000 
User 3, Acc 7 Balance 2593.000000, Withdraw 1593.000000 
[22;32mUser 1, Acc 6 Balance 584.000000, 				Withdraw 647.000000 --insufficient funds[0m
[22;32mUser 3, Acc 8 Balance 425.000000, 				Withdraw 449.000000 --insufficient funds[0m
User 2, Acc 3 Balance 551.000000, Transfer 300.000000 to Acc 1
User 5, Acc 4 Balance 397.000000, Transfer 53.000000 to Acc 5
User 2, Acc 0 Balance 1079.000000, Deposit 400.000000 
[22;32mUser 5, Acc 7 Balance 369.000000, 				Withdraw 1593.000000 --insufficient funds[0m
User 2, Acc 3 Balance 882.000000, Withdraw 200.000000 
User 0, Acc 2 Balance 1738.000000, Withdraw 71.000000 
Balance in 1: 800.000000
User 1, Acc 6 Balance 1225.000000, Deposit 953.000000 
User 4, Acc 6 Balance 1225.000000, Transfer 641.000000 to Acc 4
User 6, Acc 3 Balance 1182.000000, Deposit 500.000000 
[22;32mUser 5, Acc 8 Balance 425.000000, 				Withdraw 449.000000 --insufficient funds[0m
User 6, Acc 2 Balance 1667.000000, Transfer 300.000000 to Acc 1
User 5, Acc 9 Balance 3589.000000, Withdraw 163.000000 
User 1, Acc 7 Balance 369.000000, Deposit 967.000000 
User 5, Acc 0 Balance 1479.000000, Deposit 400.000000 
User 1, Acc 1 Balance 1100.000000, Transfer 19.000000 to Acc 7
User 1, Acc 2 Balance 1367.000000, Transfer 23.000000 to Acc 7
User 1, Acc 6 Balance 1537.000000, Transfer 1167.000000 to Acc 5
User 1, Acc 4 Balance 932.000000, Transfer 53.000000 to Acc 5
[22;32mUser 1, Acc 7 Balance 1378.000000, 				Withdraw 1593.000000 --insufficient funds[0m
[22;32mUser 1, Acc 8 Balance 425.000000, 				Withdraw 449.000000 --insufficient funds[0m
User 1, Acc 9 Balance 3426.000000, Withdraw 163.000000 
User 5, Acc 0 Balance 1879.000000, Withdraw 200.000000 
User 5, Acc 1 Balance 1081.000000, Deposit 100.000000 
User 5, Acc 2 Balance 1344.000000, Deposit 900.000000 
User 5, Acc 1 Balance 1181.000000, Withdraw 50.000000 
User 5, Acc 2 Balance 2244.000000, Withdraw 150.000000 
User 5, Acc 3 Balance 1182.000000, Deposit 500.000000 
User 2, Acc 0 Balance 1479.000000, Deposit 400.000000 
User 5, Acc 2 Balance 2094.000000, Transfer 300.000000 to Acc 1
User 2, Acc 0 Balance 2079.000000, Withdraw 200.000000 
User 5, Acc 3 Balance 1682.000000, Transfer 300.000000 to Acc 1
User 2, Acc 1 Balance 1431.000000, Deposit 100.000000 
User 5, Acc 0 Balance 1879.000000, Deposit 400.000000 
User 2, Acc 2 Balance 1794.000000, Deposit 900.000000 
User 6, Acc 3 Balance 1182.000000, Transfer 300.000000 to Acc 1
User 2, Acc 1 Balance 1831.000000, Withdraw 50.000000 
User 2, Acc 2 Balance 2694.000000, Withdraw 150.000000 
User 6, Acc 0 Balance 2279.000000, Deposit 400.000000 
[22;32mUser 0, Acc 3 Balance 682.000000, 				Withdraw 1127.000000 --insufficient funds[0m
User 6, Acc 3 Balance 1082.000000, Withdraw 200.000000 
Balance in 1: 2081.000000
[22;32mUser 0, Acc 6 Balance 370.000000, 				Withdraw 647.000000 --insufficient funds[0m
User 4, Acc 5 Balance 1933.000000, Deposit 643.000000 
User 1, Acc 0 Balance 1879.000000, Deposit 400.000000 
User 3, Acc 9 Balance 3589.000000, Withdraw 163.000000 
User 2, Acc 3 Balance 1082.000000, Deposit 500.000000 
User 3, Acc 9 Balance 3100.000000, Deposit 617.000000 
User 5, Acc 3 Balance 1382.000000, Withdraw 200.000000 
User 0, Acc 6 Balance 370.000000, Deposit 953.000000 
Balance in 1: 2081.000000
User 0, Acc 7 Balance 1378.000000, Deposit 967.000000 
User 1, Acc 0 Balance 3079.000000, Withdraw 200.000000 
User 0, Acc 1 Balance 2081.000000, Transfer 19.000000 to Acc 7
User 0, Acc 2 Balance 2544.000000, Transfer 23.000000 to Acc 7
User 1, Acc 1 Balance 2062.000000, Deposit 100.000000 
User 0, Acc 6 Balance 1323.000000, Transfer 1167.000000 to Acc 5
User 0, Acc 4 Balance 879.000000, Transfer 53.000000 to Acc 5
User 1, Acc 2 Balance 2521.000000, Deposit 900.000000 
User 5, Acc 9 Balance 3717.000000, Deposit 617.000000 
User 1, Acc 1 Balance 2162.000000, Withdraw 50.000000 
User 2, Acc 2 Balance 2544.000000, Transfer 300.000000 to Acc 1
User 6, Acc 0 Balance 2679.000000, Deposit 400.000000 
User 2, Acc 3 Balance 1182.000000, Transfer 300.000000 to Acc 1
User 6, Acc 0 Balance 3279.000000, Withdraw 200.000000 
User 0, Acc 7 Balance 2387.000000, Withdraw 1593.000000 
User 5, Acc 9 Balance 4334.000000, Transfer 617.000000 to Acc 1
User 3, Acc 9 Balance 3717.000000, Transfer 617.000000 to Acc 1
User 4, Acc 5 Balance 3796.000000, Transfer 1200.000000 to Acc 6
User 2, Acc 0 Balance 3279.000000, Deposit 400.000000 
User 4, Acc 4 Balance 826.000000, Deposit 647.000000 
User 6, Acc 0 Balance 3079.000000, Deposit 100.000000 
[22;32mUser 0, Acc 8 Balance 425.000000, 				Withdraw 449.000000 --insufficient funds[0m
User 6, Acc 0 Balance 3579.000000, Withdraw 50.000000 
User 0, Acc 9 Balance 3100.000000, Withdraw 163.000000 
User 6, Acc 0 Balance 3529.000000, Withdraw 150.000000 
User 6, Acc 0 Balance 3379.000000, Deposit 300.000000 
User 1, Acc 2 Balance 3421.000000, Withdraw 150.000000 
User 6, Acc 0 Balance 3679.000000, Transfer 300.000000 to Acc 1
User 1, Acc 3 Balance 882.000000, Deposit 500.000000 
Balance in 1: 4246.000000
User 3, Acc 8 Balance 425.000000, Deposit 619.000000 
User 2, Acc 3 Balance 882.000000, Withdraw 200.000000 
User 0, Acc 9 Balance 2937.000000, Deposit 617.000000 
User 4, Acc 4 Balance 1473.000000, Transfer 1200.000000 to Acc 7
User 5, Acc 8 Balance 425.000000, Deposit 619.000000 
User 5, Acc 8 Balance 1663.000000, Transfer 619.000000 to Acc 2
User 1, Acc 2 Balance 2971.000000, Transfer 300.000000 to Acc 1
User 5, Acc 7 Balance 1994.000000, Deposit 631.000000 
User 1, Acc 3 Balance 1182.000000, Transfer 300.000000 to Acc 1
User 1, Acc 0 Balance 3379.000000, Deposit 400.000000 
User 1, Acc 3 Balance 882.000000, Withdraw 200.000000 
User 0, Acc 9 Balance 3554.000000, Transfer 617.000000 to Acc 1
Balance in 1: 4846.000000
User 4, Acc 3 Balance 1182.000000, Deposit 653.000000 
User 6, Acc 9 Balance 2937.000000, Deposit 617.000000 
User 5, Acc 7 Balance 2625.000000, Transfer 631.000000 to Acc 3
User 6, Acc 9 Balance 3554.000000, Transfer 617.000000 to Acc 1
Balance in 1: 4246.000000
User 1, Acc 9 Balance 2937.000000, Deposit 617.000000 
User 2, Acc 0 Balance 3779.000000, Deposit 400.000000 
User 1, Acc 9 Balance 3554.000000, Transfer 617.000000 to Acc 1
User 2, Acc 0 Balance 4179.000000, Withdraw 200.000000 
User 6, Acc 8 Balance 1044.000000, Deposit 619.000000 
User 0, Acc 8 Balance 1044.000000, Deposit 619.000000 
User 6, Acc 8 Balance 1663.000000, Transfer 619.000000 to Acc 2
User 0, Acc 8 Balance 2282.000000, Transfer 619.000000 to Acc 2
User 0, Acc 7 Balance 1994.000000, Deposit 631.000000 
User 1, Acc 8 Balance 1044.000000, Deposit 619.000000 
User 5, Acc 6 Balance 1356.000000, Deposit 641.000000 
User 1, Acc 8 Balance 1663.000000, Transfer 619.000000 to Acc 2
User 2, Acc 0 Balance 3979.000000, Deposit 100.000000 
User 3, Acc 8 Balance 1044.000000, Transfer 619.000000 to Acc 2
User 2, Acc 0 Balance 4079.000000, Withdraw 50.000000 
User 4, Acc 3 Balance 1335.000000, Transfer 1200.000000 to Acc 8
User 5, Acc 6 Balance 1997.000000, Transfer 641.000000 to Acc 4
User 1, Acc 7 Balance 2625.000000, Deposit 631.000000 
User 6, Acc 7 Balance 1994.000000, Deposit 631.000000 
User 3, Acc 7 Balance 2625.000000, Deposit 631.000000 
User 6, Acc 7 Balance 3887.000000, Transfer 631.000000 to Acc 3
User 3, Acc 7 Balance 4518.000000, Transfer 631.000000 to Acc 3
User 3, Acc 6 Balance 1356.000000, Deposit 641.000000 
User 4, Acc 2 Balance 5766.000000, Deposit 659.000000 
User 5, Acc 5 Balance 3816.000000, Deposit 643.000000 
User 4, Acc 2 Balance 6425.000000, Transfer 1200.000000 to Acc 9
User 5, Acc 5 Balance 4459.000000, Transfer 1200.000000 to Acc 6
User 4, Acc 1 Balance 6697.000000, Deposit 661.000000 
User 4, Acc 1 Balance 7358.000000, Transfer 1200.000000 to Acc 9
User 2, Acc 0 Balance 4029.000000, Withdraw 150.000000 
User 2, Acc 0 Balance 3879.000000, Deposit 300.000000 
User 3, Acc 6 Balance 1997.000000, Transfer 641.000000 to Acc 4
User 3, Acc 5 Balance 3259.000000, Deposit 643.000000 
User 3, Acc 5 Balance 3902.000000, Transfer 1200.000000 to Acc 6
User 3, Acc 4 Balance 1555.000000, Deposit 647.000000 
User 3, Acc 4 Balance 2202.000000, Transfer 1200.000000 to Acc 7
User 3, Acc 3 Balance 2028.000000, Deposit 653.000000 
User 4, Acc 0 Balance 4029.000000, Deposit 673.000000 
User 3, Acc 3 Balance 2681.000000, Transfer 1200.000000 to Acc 8
User 4, Acc 0 Balance 4852.000000, Transfer 1200.000000 to Acc 9
User 3, Acc 2 Balance 5225.000000, Deposit 659.000000 
User 2, Acc 0 Balance 4179.000000, Transfer 300.000000 to Acc 1
User 1, Acc 7 Balance 3256.000000, Transfer 631.000000 to Acc 3
Balance in 1: 6458.000000
User 1, Acc 6 Balance 3756.000000, Deposit 641.000000 
User 2, Acc 0 Balance 3352.000000, Deposit 400.000000 
User 1, Acc 6 Balance 4397.000000, Transfer 641.000000 to Acc 4
User 3, Acc 2 Balance 5884.000000, Transfer 1200.000000 to Acc 9
User 1, Acc 5 Balance 2702.000000, Deposit 643.000000 
User 5, Acc 4 Balance 914.000000, Deposit 647.000000 
User 1, Acc 5 Balance 3345.000000, Transfer 1200.000000 to Acc 6
User 2, Acc 0 Balance 3752.000000, Withdraw 200.000000 
User 0, Acc 7 Balance 2625.000000, Transfer 631.000000 to Acc 3
User 2, Acc 0 Balance 3552.000000, Deposit 100.000000 
User 3, Acc 1 Balance 6458.000000, Deposit 661.000000 
User 6, Acc 6 Balance 1356.000000, Deposit 641.000000 
User 3, Acc 1 Balance 7119.000000, Transfer 1200.000000 to Acc 9
User 5, Acc 4 Balance 2290.000000, Transfer 1200.000000 to Acc 7
User 5, Acc 3 Balance 2743.000000, Deposit 653.000000 
User 1, Acc 4 Balance 2290.000000, Deposit 647.000000 
User 1, Acc 4 Balance 1737.000000, Transfer 1200.000000 to Acc 7
User 1, Acc 3 Balance 3396.000000, Deposit 653.000000 
User 1, Acc 3 Balance 4049.000000, Transfer 1200.000000 to Acc 8
User 1, Acc 2 Balance 4684.000000, Deposit 659.000000 
User 1, Acc 2 Balance 5343.000000, Transfer 1200.000000 to Acc 9
User 1, Acc 1 Balance 5919.000000, Deposit 661.000000 
User 1, Acc 1 Balance 6580.000000, Transfer 1200.000000 to Acc 9
User 6, Acc 6 Balance 5597.000000, Transfer 641.000000 to Acc 4
User 1, Acc 0 Balance 3652.000000, Deposit 673.000000 
User 6, Acc 5 Balance 2145.000000, Deposit 643.000000 
User 1, Acc 0 Balance 4325.000000, Transfer 1200.000000 to Acc 9
User 2, Acc 0 Balance 3652.000000, Withdraw 50.000000 
User 2, Acc 0 Balance 3075.000000, Withdraw 150.000000 
User 3, Acc 0 Balance 3652.000000, Deposit 673.000000 
User 3, Acc 0 Balance 3598.000000, Transfer 1200.000000 to Acc 9
User 3, Acc 0 Balance 2398.000000, Deposit 400.000000 
User 3, Acc 0 Balance 2798.000000, Withdraw 200.000000 
User 3, Acc 0 Balance 2598.000000, Deposit 100.000000 
User 3, Acc 0 Balance 2698.000000, Withdraw 50.000000 
User 3, Acc 0 Balance 2648.000000, Withdraw 150.000000 
User 3, Acc 0 Balance 2498.000000, Deposit 300.000000 
User 3, Acc 0 Balance 2798.000000, Transfer 300.000000 to Acc 1
Balance in 1: 5680.000000
User 3, Acc 1 Balance 5680.000000, Withdraw 500.000000 
User 3, Acc 2 Balance 4143.000000, Withdraw 500.000000 
User 4, Acc 0 Balance 3652.000000, Deposit 400.000000 
User 4, Acc 0 Balance 2898.000000, Withdraw 200.000000 
User 5, Acc 3 Balance 3396.000000, Transfer 1200.000000 to Acc 8
User 6, Acc 5 Balance 2788.000000, Transfer 1200.000000 to Acc 6
User 1, Acc 0 Balance 3125.000000, Deposit 400.000000 
User 6, Acc 4 Balance 1178.000000, Deposit 647.000000 
User 1, Acc 0 Balance 3098.000000, Withdraw 200.000000 
User 6, Acc 4 Balance 1825.000000, Transfer 1200.000000 to Acc 7
User 3, Acc 3 Balance 2849.000000, Withdraw 500.000000 
User 6, Acc 3 Balance 1649.000000, Deposit 653.000000 
User 3, Acc 4 Balance 625.000000, Withdraw 500.000000 
User 2, Acc 0 Balance 2925.000000, Deposit 300.000000 
User 1, Acc 0 Balance 2898.000000, Deposit 100.000000 
User 4, Acc 0 Balance 2698.000000, Deposit 100.000000 
User 5, Acc 2 Balance 3643.000000, Deposit 659.000000 
User 0, Acc 6 Balance 4956.000000, Deposit 641.000000 
User 5, Acc 2 Balance 4302.000000, Transfer 1200.000000 to Acc 9
User 0, Acc 6 Balance 6797.000000, Transfer 641.000000 to Acc 4
User 0, Acc 5 Balance 1588.000000, Deposit 643.000000 
User 2, Acc 0 Balance 3198.000000, Transfer 300.000000 to Acc 1
User 1, Acc 0 Balance 3298.000000, Withdraw 50.000000 
Balance in 1: 5480.000000
User 2, Acc 0 Balance 3098.000000, Deposit 907.000000 
User 6, Acc 3 Balance 1802.000000, Transfer 1200.000000 to Acc 8
User 6, Acc 2 Balance 3102.000000, Deposit 659.000000 
User 6, Acc 2 Balance 3761.000000, Transfer 1200.000000 to Acc 9
User 6, Acc 1 Balance 5480.000000, Deposit 661.000000 
User 6, Acc 1 Balance 6141.000000, Transfer 1200.000000 to Acc 9
User 6, Acc 0 Balance 3955.000000, Deposit 673.000000 
User 6, Acc 0 Balance 4628.000000, Transfer 1200.000000 to Acc 9
User 6, Acc 0 Balance 3428.000000, Deposit 100.000000 
User 6, Acc 0 Balance 3528.000000, Deposit 200.000000 
User 2, Acc 1 Balance 5480.000000, Deposit 911.000000 
User 6, Acc 0 Balance 3728.000000, Deposit 300.000000 
User 6, Acc 0 Balance 4028.000000, Withdraw 200.000000 
User 5, Acc 1 Balance 5180.000000, Deposit 661.000000 
User 5, Acc 1 Balance 6513.000000, Transfer 1200.000000 to Acc 9
User 4, Acc 0 Balance 3398.000000, Withdraw 50.000000 
User 4, Acc 0 Balance 3778.000000, Withdraw 150.000000 
User 4, Acc 0 Balance 3628.000000, Deposit 300.000000 
User 4, Acc 0 Balance 3928.000000, Transfer 300.000000 to Acc 1
User 3, Acc 5 Balance 1588.000000, Withdraw 500.000000 
Balance in 1: 5613.000000
User 2, Acc 2 Balance 2561.000000, Deposit 919.000000 
User 6, Acc 0 Balance 3828.000000, Withdraw 100.000000 
User 6, Acc 0 Balance 3528.000000, Withdraw 50.000000 
User 1, Acc 0 Balance 3048.000000, Withdraw 150.000000 
User 6, Acc 1 Balance 5613.000000, Transfer 200.000000 to Acc 0
User 1, Acc 0 Balance 3328.000000, Deposit 300.000000 
User 4, Acc 1 Balance 5613.000000, Withdraw 500.000000 
User 1, Acc 0 Balance 3828.000000, Transfer 300.000000 to Acc 1
User 5, Acc 0 Balance 3828.000000, Deposit 673.000000 
User 3, Acc 6 Balance 6156.000000, Withdraw 500.000000 
User 5, Acc 0 Balance 4201.000000, Transfer 1200.000000 to Acc 9
Balance in 0: 3528.000000
User 0, Acc 5 Balance 2231.000000, Transfer 1200.000000 to Acc 6
User 6, Acc 1 Balance 5213.000000, Withdraw 500.000000 
User 0, Acc 4 Balance 766.000000, Deposit 647.000000 
User 2, Acc 3 Balance 602.000000, Transfer 29.000000 to Acc 7
User 0, Acc 4 Balance 1413.000000, Transfer 1200.000000 to Acc 7
User 2, Acc 7 Balance 6823.000000, Transfer 31.000000 to Acc 6
User 4, Acc 2 Balance 3480.000000, Withdraw 500.000000 
User 2, Acc 7 Balance 7992.000000, Transfer 37.000000 to Acc 5
User 4, Acc 3 Balance 573.000000, Withdraw 500.000000 
Balance in 1: 5213.000000
[22;32mUser 4, Acc 4 Balance 213.000000, 				Withdraw 500.000000 --insufficient funds[0m
User 5, Acc 1 Balance 5213.000000, Withdraw 500.000000 
User 4, Acc 5 Balance 568.000000, Withdraw 500.000000 
User 4, Acc 6 Balance 6887.000000, Withdraw 500.000000 
User 2, Acc 7 Balance 7955.000000, Transfer 3.000000 to Acc 4
User 3, Acc 7 Balance 6794.000000, Withdraw 500.000000 
User 2, Acc 7 Balance 7952.000000, Transfer 5.000000 to Acc 4
User 3, Acc 8 Balance 6425.000000, Withdraw 500.000000 
User 3, Acc 9 Balance 20937.000000, Withdraw 500.000000 
User 6, Acc 2 Balance 3480.000000, Withdraw 500.000000 
User 5, Acc 2 Balance 2980.000000, Withdraw 500.000000 
[22;32mUser 6, Acc 3 Balance 73.000000, 				Withdraw 500.000000 --insufficient funds[0m
[22;32mUser 6, Acc 4 Balance 221.000000, 				Withdraw 500.000000 --insufficient funds[0m
User 0, Acc 3 Balance 573.000000, Deposit 653.000000 
User 2, Acc 3 Balance 73.000000, Deposit 929.000000 
User 1, Acc 0 Balance 3001.000000, Deposit 907.000000 
User 2, Acc 4 Balance 221.000000, Deposit 937.000000 
User 1, Acc 1 Balance 4213.000000, Deposit 911.000000 
User 2, Acc 5 Balance 68.000000, Deposit 941.000000 
[22;32mUser 6, Acc 5 Balance 68.000000, 				Withdraw 500.000000 --insufficient funds[0m
User 2, Acc 4 Balance 1158.000000, Withdraw 167.000000 
User 6, Acc 6 Balance 6387.000000, Withdraw 500.000000 
User 6, Acc 7 Balance 7447.000000, Withdraw 500.000000 
User 4, Acc 7 Balance 7955.000000, Withdraw 500.000000 
User 1, Acc 2 Balance 1980.000000, Deposit 919.000000 
[22;32mUser 5, Acc 3 Balance 73.000000, 				Withdraw 500.000000 --insufficient funds[0m
User 1, Acc 3 Balance 1655.000000, Transfer 29.000000 to Acc 7
User 0, Acc 2 Balance 1980.000000, Deposit 659.000000 
User 3, Acc 0 Balance 3001.000000, Withdraw 500.000000 
User 0, Acc 2 Balance 3558.000000, Transfer 1200.000000 to Acc 9
User 2, Acc 5 Balance 1009.000000, Withdraw 307.000000 
User 6, Acc 8 Balance 5925.000000, Withdraw 500.000000 
User 2, Acc 1 Balance 5124.000000, Transfer 89.000000 to Acc 8
User 2, Acc 1 Balance 5035.000000, Transfer 163.000000 to Acc 9
User 1, Acc 7 Balance 6476.000000, Transfer 31.000000 to Acc 6
User 5, Acc 4 Balance 991.000000, Withdraw 500.000000 
User 1, Acc 7 Balance 6445.000000, Transfer 37.000000 to Acc 5
User 5, Acc 5 Balance 702.000000, Withdraw 500.000000 
User 5, Acc 6 Balance 5918.000000, Withdraw 500.000000 
User 4, Acc 8 Balance 5925.000000, Withdraw 500.000000 
User 6, Acc 9 Balance 21637.000000, Withdraw 500.000000 
User 4, Acc 9 Balance 21800.000000, Withdraw 500.000000 
User 4, Acc 0 Balance 3408.000000, Withdraw 500.000000 
User 0, Acc 1 Balance 5124.000000, Deposit 661.000000 
User 1, Acc 7 Balance 6408.000000, Transfer 3.000000 to Acc 4
User 3, Acc 1 Balance 5124.000000, Withdraw 500.000000 
User 1, Acc 7 Balance 6405.000000, Transfer 5.000000 to Acc 4
User 1, Acc 3 Balance 1626.000000, Deposit 929.000000 
User 3, Acc 2 Balance 2358.000000, Withdraw 500.000000 
User 3, Acc 3 Balance 2555.000000, Withdraw 500.000000 
User 4, Acc 1 Balance 4872.000000, Withdraw 500.000000 
[22;32mUser 3, Acc 4 Balance 499.000000, 				Withdraw 500.000000 --insufficient funds[0m
User 4, Acc 2 Balance 1858.000000, Withdraw 500.000000 
[22;32mUser 3, Acc 5 Balance 239.000000, 				Withdraw 500.000000 --insufficient funds[0m
User 4, Acc 3 Balance 2055.000000, Withdraw 500.000000 
User 3, Acc 6 Balance 5418.000000, Withdraw 500.000000 
[22;32mUser 4, Acc 4 Balance 499.000000, 				Withdraw 500.000000 --insufficient funds[0m
User 3, Acc 7 Balance 6400.000000, Withdraw 500.000000 
[22;32mUser 4, Acc 5 Balance 239.000000, 				Withdraw 500.000000 --insufficient funds[0m
User 1, Acc 4 Balance 499.000000, Deposit 937.000000 
User 2, Acc 1 Balance 4872.000000, Withdraw 41.000000 
User 6, Acc 0 Balance 3408.000000, Withdraw 500.000000 
User 5, Acc 7 Balance 6408.000000, Withdraw 500.000000 
User 6, Acc 1 Balance 4492.000000, Withdraw 500.000000 
User 5, Acc 8 Balance 5014.000000, Withdraw 500.000000 
User 5, Acc 9 Balance 20800.000000, Withdraw 500.000000 
User 4, Acc 6 Balance 4918.000000, Withdraw 500.000000 
User 0, Acc 1 Balance 5533.000000, Transfer 1200.000000 to Acc 9
User 2, Acc 2 Balance 1358.000000, Withdraw 71.000000 
User 3, Acc 8 Balance 5014.000000, Withdraw 500.000000 
User 6, Acc 2 Balance 1358.000000, Withdraw 500.000000 
User 1, Acc 5 Balance 239.000000, Deposit 941.000000 
User 5, Acc 0 Balance 2408.000000, Withdraw 500.000000 
User 1, Acc 4 Balance 1436.000000, Withdraw 167.000000 
User 5, Acc 1 Balance 2792.000000, Withdraw 500.000000 
User 5, Acc 2 Balance 787.000000, Withdraw 500.000000 
User 2, Acc 3 Balance 1555.000000, Withdraw 127.000000 
User 3, Acc 9 Balance 21500.000000, Withdraw 500.000000 
User 2, Acc 6 Balance 4418.000000, Withdraw 647.000000 
User 3, Acc 0 Balance 1908.000000, Withdraw 500.000000 
User 0, Acc 0 Balance 2408.000000, Deposit 673.000000 
User 3, Acc 1 Balance 2292.000000, Withdraw 500.000000 
User 1, Acc 5 Balance 1180.000000, Withdraw 307.000000 
User 6, Acc 3 Balance 1555.000000, Withdraw 500.000000 
User 4, Acc 7 Balance 5400.000000, Withdraw 500.000000 
User 6, Acc 4 Balance 1269.000000, Withdraw 500.000000 
User 2, Acc 6 Balance 3771.000000, Deposit 953.000000 
User 5, Acc 3 Balance 1555.000000, Withdraw 500.000000 
[22;32mUser 3, Acc 2 Balance 287.000000, 				Withdraw 500.000000 --insufficient funds[0m
User 5, Acc 4 Balance 769.000000, Withdraw 500.000000 
User 1, Acc 1 Balance 1792.000000, Transfer 89.000000 to Acc 8
User 5, Acc 5 Balance 873.000000, Withdraw 500.000000 
User 1, Acc 1 Balance 1703.000000, Transfer 163.000000 to Acc 9
User 2, Acc 7 Balance 4900.000000, Deposit 967.000000 
User 1, Acc 1 Balance 1540.000000, Withdraw 41.000000 
User 2, Acc 1 Balance 1540.000000, Transfer 19.000000 to Acc 7
User 1, Acc 2 Balance 287.000000, Withdraw 71.000000 
User 0, Acc 0 Balance 2081.000000, Transfer 1200.000000 to Acc 9
User 1, Acc 3 Balance 428.000000, Withdraw 127.000000 
User 5, Acc 6 Balance 4724.000000, Withdraw 500.000000 
User 6, Acc 5 Balance 873.000000, Withdraw 500.000000 
User 2, Acc 2 Balance 287.000000, Transfer 23.000000 to Acc 7
User 4, Acc 8 Balance 4014.000000, Withdraw 500.000000 
User 2, Acc 6 Balance 4224.000000, Transfer 67.000000 to Acc 5
User 0, Acc 1 Balance 1480.000000, Withdraw 500.000000 
User 2, Acc 4 Balance 269.000000, Transfer 53.000000 to Acc 5
[22;32mUser 0, Acc 2 Balance 193.000000, 				Withdraw 500.000000 --insufficient funds[0m
User 2, Acc 7 Balance 5909.000000, Withdraw 593.000000 
User 4, Acc 9 Balance 22363.000000, Withdraw 500.000000 
User 2, Acc 8 Balance 3603.000000, Withdraw 449.000000 
User 1, Acc 6 Balance 4724.000000, Withdraw 647.000000 
User 2, Acc 9 Balance 21863.000000, Withdraw 163.000000 
[22;32mUser 0, Acc 3 Balance 301.000000, 				Withdraw 500.000000 --insufficient funds[0m
User 2, Acc 1 Balance 980.000000, Withdraw 500.000000 
User 4, Acc 0 Balance 881.000000, Withdraw 500.000000 
[22;32mUser 3, Acc 3 Balance 428.000000, 				Withdraw 500.000000 --insufficient funds[0m
[22;32mUser 3, Acc 4 Balance 216.000000, 				Withdraw 500.000000 --insufficient funds[0m
[22;32mUser 3, Acc 5 Balance -7.000000, 				Withdraw 500.000000 --insufficient funds[0m
User 3, Acc 6 Balance 3510.000000, Withdraw 500.000000 
User 3, Acc 7 Balance 5316.000000, Withdraw 500.000000 
User 3, Acc 8 Balance 3154.000000, Withdraw 500.000000 
User 3, Acc 9 Balance 21700.000000, Withdraw 500.000000 
[22;32mUser 3, Acc 0 Balance 381.000000, 				Withdraw 500.000000 --insufficient funds[0m
User 3, Acc 0 Balance 381.000000, Deposit 907.000000 
User 3, Acc 1 Balance 480.000000, Deposit 911.000000 
User 5, Acc 7 Balance 5886.000000, Withdraw 500.000000 
User 3, Acc 2 Balance 193.000000, Deposit 919.000000 
User 3, Acc 3 Balance 301.000000, Transfer 29.000000 to Acc 7
User 5, Acc 8 Balance 2654.000000, Withdraw 500.000000 
User 3, Acc 7 Balance 4345.000000, Transfer 31.000000 to Acc 6
User 3, Acc 7 Balance 4314.000000, Transfer 37.000000 to Acc 5
[22;32mUser 2, Acc 2 Balance 193.000000, 				Withdraw 500.000000 --insufficient funds[0m
[22;32mUser 4, Acc 1 Balance 480.000000, 				Withdraw 500.000000 --insufficient funds[0m
User 1, Acc 6 Balance 3510.000000, Deposit 953.000000 
User 4, Acc 2 Balance 1112.000000, Withdraw 500.000000 
[22;32mUser 0, Acc 4 Balance 216.000000, 				Withdraw 500.000000 --insufficient funds[0m
User 6, Acc 6 Balance 4224.000000, Withdraw 500.000000 
User 5, Acc 9 Balance 21200.000000, Withdraw 500.000000 
User 6, Acc 7 Balance 4277.000000, Withdraw 500.000000 
User 6, Acc 8 Balance 2154.000000, Withdraw 500.000000 
[22;32mUser 2, Acc 3 Balance 272.000000, 				Withdraw 500.000000 --insufficient funds[0m
[22;32mUser 4, Acc 3 Balance 272.000000, 				Withdraw 500.000000 --insufficient funds[0m
[22;32mUser 2, Acc 4 Balance 216.000000, 				Withdraw 500.000000 --insufficient funds[0m
[22;32mUser 2, Acc 5 Balance 30.000000, 				Withdraw 500.000000 --insufficient funds[0m
[22;32mUser 0, Acc 5 Balance 30.000000, 				Withdraw 500.000000 --insufficient funds[0m
User 2, Acc 6 Balance 3494.000000, Withdraw 500.000000 
User 2, Acc 7 Balance 3777.000000, Withdraw 500.000000 
User 5, Acc 0 Balance 1288.000000, Withdraw 500.000000 
User 6, Acc 9 Balance 20700.000000, Withdraw 500.000000 
User 5, Acc 1 Balance 1391.000000, Withdraw 500.000000 
[22;32mUser 4, Acc 4 Balance 216.000000, 				Withdraw 500.000000 --insufficient funds[0m
User 3, Acc 7 Balance 4277.000000, Transfer 3.000000 to Acc 4
User 0, Acc 6 Balance 2994.000000, Withdraw 500.000000 
User 3, Acc 7 Balance 3274.000000, Transfer 5.000000 to Acc 4
User 2, Acc 8 Balance 1654.000000, Withdraw 500.000000 
User 3, Acc 3 Balance 272.000000, Deposit 929.000000 
User 3, Acc 4 Balance 224.000000, Deposit 937.000000 
User 1, Acc 7 Balance 4277.000000, Deposit 967.000000 
User 3, Acc 5 Balance 30.000000, Deposit 941.000000 
User 1, Acc 1 Balance 891.000000, Transfer 19.000000 to Acc 7
User 0, Acc 7 Balance 3274.000000, Withdraw 500.000000 
User 3, Acc 4 Balance 1161.000000, Withdraw 167.000000 
User 0, Acc 8 Balance 1154.000000, Withdraw 500.000000 
User 5, Acc 2 Balance 612.000000, Withdraw 500.000000 
User 1, Acc 2 Balance 612.000000, Transfer 23.000000 to Acc 7
User 6, Acc 0 Balance 788.000000, Withdraw 500.000000 
User 2, Acc 9 Balance 20200.000000, Withdraw 500.000000 
User 6, Acc 1 Balance 872.000000, Withdraw 500.000000 
[22;32mUser 2, Acc 0 Balance 288.000000, 				Withdraw 500.000000 --insufficient funds[0m
User 0, Acc 9 Balance 20200.000000, Withdraw 500.000000 
[22;32mUser 2, Acc 1 Balance 372.000000, 				Withdraw 500.000000 --insufficient funds[0m
User 1, Acc 6 Balance 2494.000000, Transfer 67.000000 to Acc 5
[22;32mUser 2, Acc 2 Balance 89.000000, 				Withdraw 500.000000 --insufficient funds[0m
User 1, Acc 4 Balance 994.000000, Transfer 53.000000 to Acc 5
[22;32mUser 4, Acc 5 Balance 30.000000, 				Withdraw 500.000000 --insufficient funds[0m
User 1, Acc 7 Balance 3778.000000, Withdraw 593.000000 
User 4, Acc 6 Balance 2427.000000, Withdraw 500.000000 
[22;32mUser 0, Acc 0 Balance 288.000000, 				Withdraw 500.000000 --insufficient funds[0m
[22;32mUser 0, Acc 1 Balance 372.000000, 				Withdraw 500.000000 --insufficient funds[0m
User 2, Acc 3 Balance 1201.000000, Withdraw 500.000000 
[22;32mUser 0, Acc 2 Balance 89.000000, 				Withdraw 500.000000 --insufficient funds[0m
User 5, Acc 3 Balance 1201.000000, Withdraw 500.000000 
User 1, Acc 8 Balance 654.000000, Withdraw 449.000000 
User 5, Acc 4 Balance 941.000000, Withdraw 500.000000 
User 3, Acc 5 Balance 971.000000, Withdraw 307.000000 
User 2, Acc 4 Balance 941.000000, Withdraw 500.000000 
User 0, Acc 3 Balance 701.000000, Withdraw 500.000000 
User 2, Acc 5 Balance 784.000000, Withdraw 500.000000 
User 2, Acc 6 Balance 1927.000000, Withdraw 500.000000 
User 1, Acc 9 Balance 19200.000000, Withdraw 163.000000 
[22;32mUser 6, Acc 2 Balance 89.000000, 				Withdraw 500.000000 --insufficient funds[0m
User 1, Acc 0 Balance 288.000000, Deposit 907.000000 
[22;32mUser 6, Acc 3 Balance -299.000000, 				Withdraw 500.000000 --insufficient funds[0m
User 1, Acc 1 Balance 372.000000, Deposit 911.000000 
User 1, Acc 2 Balance 89.000000, Deposit 919.000000 
[22;32mUser 0, Acc 4 Balance -59.000000, 				Withdraw 500.000000 --insufficient funds[0m
User 1, Acc 7 Balance 3185.000000, Transfer 31.000000 to Acc 6
User 2, Acc 7 Balance 3185.000000, Withdraw 500.000000 
User 3, Acc 1 Balance 372.000000, Transfer 89.000000 to Acc 8
[22;32mUser 2, Acc 8 Balance 205.000000, 				Withdraw 500.000000 --insufficient funds[0m
User 2, Acc 9 Balance 19037.000000, Withdraw 500.000000 
User 3, Acc 1 Balance 1194.000000, Transfer 163.000000 to Acc 9
[22;32mUser 0, Acc 5 Balance 284.000000, 				Withdraw 500.000000 --insufficient funds[0m
User 3, Acc 1 Balance 1031.000000, Withdraw 41.000000 
User 3, Acc 2 Balance 1008.000000, Withdraw 71.000000 
User 1, Acc 7 Balance 3154.000000, Transfer 37.000000 to Acc 5
[22;32mUser 3, Acc 3 Balance -299.000000, 				Withdraw 127.000000 --insufficient funds[0m
[22;32mUser 6, Acc 4 Balance -59.000000, 				Withdraw 500.000000 --insufficient funds[0m
User 3, Acc 6 Balance 1458.000000, Withdraw 647.000000 
[22;32mUser 6, Acc 5 Balance 321.000000, 				Withdraw 500.000000 --insufficient funds[0m
User 6, Acc 6 Balance 1458.000000, Withdraw 500.000000 
User 5, Acc 5 Balance 1091.000000, Withdraw 500.000000 
User 6, Acc 7 Balance 2617.000000, Withdraw 500.000000 
User 4, Acc 7 Balance 3185.000000, Withdraw 500.000000 
[22;32mUser 6, Acc 8 Balance 294.000000, 				Withdraw 500.000000 --insufficient funds[0m
User 3, Acc 6 Balance 811.000000, Deposit 953.000000 
User 0, Acc 6 Balance 1458.000000, Withdraw 500.000000 
User 3, Acc 7 Balance 1617.000000, Deposit 967.000000 
User 0, Acc 7 Balance 1617.000000, Withdraw 500.000000 
[22;32mUser 0, Acc 8 Balance 294.000000, 				Withdraw 500.000000 --insufficient funds[0m
[22;32mUser 4, Acc 8 Balance 294.000000, 				Withdraw 500.000000 --insufficient funds[0m
User 2, Acc 0 Balance 1195.000000, Withdraw 500.000000 
User 4, Acc 9 Balance 18700.000000, Withdraw 500.000000 
User 4, Acc 0 Balance 1195.000000, Withdraw 500.000000 
[22;32mUser 5, Acc 6 Balance 311.000000, 				Withdraw 500.000000 --insufficient funds[0m
User 1, Acc 7 Balance 2617.000000, Transfer 3.000000 to Acc 4
User 5, Acc 7 Balance 2084.000000, Withdraw 500.000000 
[22;32mUser 5, Acc 8 Balance 294.000000, 				Withdraw 500.000000 --insufficient funds[0m
User 0, Acc 9 Balance 18700.000000, Withdraw 500.000000 
User 6, Acc 9 Balance 18700.000000, Withdraw 500.000000 
User 2, Acc 1 Balance 990.000000, Withdraw 500.000000 
[22;32mUser 6, Acc 0 Balance 195.000000, 				Withdraw 500.000000 --insufficient funds[0m
User 2, Acc 2 Balance 937.000000, Withdraw 500.000000 
[22;32mUser 2, Acc 3 Balance -299.000000, 				Withdraw 500.000000 --insufficient funds[0m
User 3, Acc 1 Balance 990.000000, Transfer 19.000000 to Acc 7
User 5, Acc 9 Balance 18200.000000, Withdraw 500.000000 
[22;32mUser 5, Acc 0 Balance 195.000000, 				Withdraw 500.000000 --insufficient funds[0m
User 4, Acc 0 Balance 195.000000, Deposit 100.000000 
User 4, Acc 0 Balance 295.000000, Deposit 200.000000 
User 4, Acc 0 Balance 495.000000, Deposit 300.000000 
User 4, Acc 0 Balance 795.000000, Withdraw 200.000000 
User 4, Acc 0 Balance 595.000000, Withdraw 100.000000 
User 4, Acc 0 Balance 495.000000, Withdraw 50.000000 
User 4, Acc 1 Balance 471.000000, Transfer 200.000000 to Acc 0
Balance in 0: 645.000000
User 4, Acc 0 Balance 645.000000, Deposit 100.000000 
User 4, Acc 0 Balance 745.000000, Deposit 200.000000 
User 4, Acc 0 Balance 945.000000, Deposit 300.000000 
User 4, Acc 0 Balance 1245.000000, Withdraw 200.000000 
User 4, Acc 0 Balance 1045.000000, Withdraw 100.000000 
User 4, Acc 0 Balance 945.000000, Withdraw 50.000000 
User 4, Acc 1 Balance 271.000000, Transfer 200.000000 to Acc 0
Balance in 0: 1095.000000
User 1, Acc 7 Balance 1581.000000, Transfer 5.000000 to Acc 4
User 4, Acc 0 Balance 1095.000000, Deposit 100.000000 
[22;32mUser 2, Acc 4 Balance -56.000000, 				Withdraw 500.000000 --insufficient funds[0m
User 3, Acc 2 Balance 437.000000, Transfer 23.000000 to Acc 7
User 3, Acc 6 Balance 764.000000, Transfer 67.000000 to Acc 5
User 3, Acc 7 Balance 1618.000000, Withdraw 593.000000 
[22;32mUser 3, Acc 8 Balance 294.000000, 				Withdraw 449.000000 --insufficient funds[0m
User 3, Acc 9 Balance 16700.000000, Withdraw 163.000000 
User 3, Acc 0 Balance 1195.000000, Deposit 100.000000 
User 3, Acc 0 Balance 1295.000000, Deposit 200.000000 
User 3, Acc 0 Balance 1495.000000, Deposit 300.000000 
User 3, Acc 0 Balance 1795.000000, Withdraw 200.000000 
User 3, Acc 0 Balance 1595.000000, Withdraw 100.000000 
User 3, Acc 0 Balance 1495.000000, Withdraw 50.000000 
Balance in 0: 1445.000000
User 3, Acc 0 Balance 1445.000000, Deposit 100.000000 
User 3, Acc 0 Balance 1545.000000, Deposit 200.000000 
User 3, Acc 0 Balance 1745.000000, Deposit 300.000000 
User 3, Acc 0 Balance 2045.000000, Withdraw 200.000000 
User 4, Acc 0 Balance 1195.000000, Deposit 200.000000 
User 4, Acc 0 Balance 2045.000000, Deposit 300.000000 
User 1, Acc 3 Balance -299.000000, Deposit 929.000000 
[22;32mUser 2, Acc 5 Balance -179.000000, 				Withdraw 500.000000 --insufficient funds[0m
[22;32mUser 0, Acc 0 Balance 195.000000, 				Withdraw 500.000000 --insufficient funds[0m
User 2, Acc 6 Balance 697.000000, Withdraw 500.000000 
User 6, Acc 0 Balance 195.000000, Deposit 907.000000 
User 2, Acc 7 Balance 1025.000000, Withdraw 500.000000 
User 3, Acc 0 Balance 1845.000000, Withdraw 100.000000 
User 4, Acc 0 Balance 2345.000000, Withdraw 200.000000 
User 3, Acc 0 Balance 3152.000000, Withdraw 50.000000 
User 4, Acc 0 Balance 2952.000000, Withdraw 100.000000 
User 5, Acc 0 Balance 195.000000, Deposit 907.000000 
[22;32mUser 0, Acc 1 Balance 71.000000, 				Withdraw 500.000000 --insufficient funds[0m
User 5, Acc 1 Balance 71.000000, Deposit 911.000000 
[22;32mUser 2, Acc 8 Balance 294.000000, 				Withdraw 500.000000 --insufficient funds[0m
User 5, Acc 2 Balance 414.000000, Deposit 919.000000 
Balance in 0: 2902.000000
User 5, Acc 3 Balance 630.000000, Transfer 29.000000 to Acc 7
[22;32mUser 0, Acc 2 Balance 414.000000, 				Withdraw 500.000000 --insufficient funds[0m
User 1, Acc 4 Balance -51.000000, Deposit 937.000000 
User 0, Acc 3 Balance 601.000000, Withdraw 500.000000 
[22;32mUser 0, Acc 4 Balance -51.000000, 				Withdraw 500.000000 --insufficient funds[0m
User 1, Acc 5 Balance -112.000000, Deposit 941.000000 
[22;32mUser 0, Acc 5 Balance -112.000000, 				Withdraw 500.000000 --insufficient funds[0m
User 6, Acc 1 Balance 71.000000, Deposit 911.000000 
User 2, Acc 9 Balance 16537.000000, Withdraw 500.000000 
User 4, Acc 0 Balance 2802.000000, Withdraw 50.000000 
User 1, Acc 4 Balance 886.000000, Withdraw 167.000000 
User 4, Acc 1 Balance 1893.000000, Transfer 200.000000 to Acc 0
User 5, Acc 7 Balance 554.000000, Transfer 31.000000 to Acc 6
Balance in 0: 3859.000000
User 6, Acc 2 Balance 1333.000000, Deposit 919.000000 
User 2, Acc 0 Balance 3709.000000, Withdraw 500.000000 
User 1, Acc 5 Balance 829.000000, Withdraw 307.000000 
[22;32mUser 0, Acc 6 Balance 197.000000, 				Withdraw 500.000000 --insufficient funds[0m
User 1, Acc 1 Balance 1693.000000, Transfer 89.000000 to Acc 8
User 1, Acc 1 Balance 1604.000000, Transfer 163.000000 to Acc 9
User 0, Acc 7 Balance 523.000000, Withdraw 500.000000 
User 1, Acc 1 Balance 1441.000000, Withdraw 41.000000 
User 5, Acc 7 Balance 523.000000, Transfer 37.000000 to Acc 5
User 6, Acc 3 Balance 101.000000, Transfer 29.000000 to Acc 7
User 5, Acc 3 Balance 101.000000, Deposit 929.000000 
User 6, Acc 7 Balance 15.000000, Transfer 3.000000 to Acc 4
User 5, Acc 4 Balance 719.000000, Deposit 937.000000 
User 5, Acc 5 Balance 559.000000, Deposit 941.000000 
User 1, Acc 2 Balance 2252.000000, Withdraw 71.000000 
User 5, Acc 4 Balance 1659.000000, Withdraw 167.000000 
User 5, Acc 5 Balance 1500.000000, Withdraw 307.000000 
[22;32mUser 0, Acc 8 Balance 383.000000, 				Withdraw 500.000000 --insufficient funds[0m
User 0, Acc 9 Balance 16200.000000, Withdraw 500.000000 
User 0, Acc 0 Balance 3359.000000, Withdraw 500.000000 
User 1, Acc 3 Balance 1001.000000, Withdraw 127.000000 
[22;32mUser 1, Acc 6 Balance 228.000000, 				Withdraw 647.000000 --insufficient funds[0m
User 1, Acc 6 Balance 228.000000, Deposit 953.000000 
User 1, Acc 7 Balance 12.000000, Deposit 967.000000 
User 1, Acc 1 Balance 1400.000000, Transfer 19.000000 to Acc 7
User 1, Acc 2 Balance 2181.000000, Transfer 23.000000 to Acc 7
User 1, Acc 6 Balance 1181.000000, Transfer 67.000000 to Acc 5
User 1, Acc 4 Balance 1492.000000, Transfer 53.000000 to Acc 5
User 6, Acc 7 Balance 12.000000, Transfer 5.000000 to Acc 4
User 1, Acc 7 Balance 1021.000000, Withdraw 593.000000 
[22;32mUser 1, Acc 8 Balance 383.000000, 				Withdraw 449.000000 --insufficient funds[0m
User 1, Acc 9 Balance 15700.000000, Withdraw 163.000000 
User 5, Acc 1 Balance 1400.000000, Transfer 89.000000 to Acc 8
User 5, Acc 1 Balance 1292.000000, Transfer 163.000000 to Acc 9
User 5, Acc 1 Balance 1129.000000, Withdraw 41.000000 
User 5, Acc 2 Balance 2158.000000, Withdraw 71.000000 
User 5, Acc 3 Balance 874.000000, Withdraw 127.000000 
User 5, Acc 6 Balance 1114.000000, Withdraw 647.000000 
User 5, Acc 6 Balance 467.000000, Deposit 953.000000 
User 5, Acc 7 Balance 423.000000, Deposit 967.000000 
User 5, Acc 1 Balance 1088.000000, Transfer 19.000000 to Acc 7
User 5, Acc 2 Balance 2087.000000, Transfer 23.000000 to Acc 7
User 5, Acc 6 Balance 1420.000000, Transfer 67.000000 to Acc 5
User 5, Acc 4 Balance 1444.000000, Transfer 53.000000 to Acc 5
User 5, Acc 7 Balance 1432.000000, Withdraw 593.000000 
User 6, Acc 3 Balance 874.000000, Deposit 929.000000 
User 6, Acc 4 Balance 1391.000000, Deposit 937.000000 
User 5, Acc 8 Balance 472.000000, Withdraw 449.000000 
User 5, Acc 9 Balance 15700.000000, Withdraw 163.000000 
User 6, Acc 5 Balance 1433.000000, Deposit 941.000000 
User 6, Acc 4 Balance 2328.000000, Withdraw 167.000000 
User 6, Acc 5 Balance 2374.000000, Withdraw 307.000000 
User 6, Acc 1 Balance 1069.000000, Transfer 89.000000 to Acc 8
User 6, Acc 1 Balance 980.000000, Transfer 163.000000 to Acc 9
User 6, Acc 1 Balance 817.000000, Withdraw 41.000000 
User 6, Acc 2 Balance 2064.000000, Withdraw 71.000000 
User 6, Acc 3 Balance 1676.000000, Withdraw 127.000000 
User 6, Acc 6 Balance 1353.000000, Withdraw 647.000000 
User 6, Acc 6 Balance 706.000000, Deposit 953.000000 
User 6, Acc 7 Balance 839.000000, Deposit 967.000000 
User 6, Acc 1 Balance 776.000000, Transfer 19.000000 to Acc 7
User 6, Acc 2 Balance 1993.000000, Transfer 23.000000 to Acc 7
User 6, Acc 6 Balance 1659.000000, Transfer 67.000000 to Acc 5
User 6, Acc 4 Balance 2161.000000, Transfer 53.000000 to Acc 5
User 6, Acc 7 Balance 1848.000000, Withdraw 593.000000 
[22;32mUser 6, Acc 8 Balance 112.000000, 				Withdraw 449.000000 --insufficient funds[0m
User 6, Acc 9 Balance 15700.000000, Withdraw 163.000000 
  ***     End of transaction batch    ***  
Account 0 balance after completion of transaction batch: 2859.000000
Account 1 balance after completion of transaction batch: 757.000000
Account 2 balance after completion of transaction batch: 1970.000000
Account 3 balance after completion of transaction batch: 1549.000000
Account 4 balance after completion of transaction batch: 2108.000000
Account 5 balance after completion of transaction batch: 2187.000000
Account 6 balance after completion of transaction batch: 1592.000000
Account 7 balance after completion of transaction batch: 1255.000000
Account 8 balance after completion of transaction batch: 112.000000
Account 9 balance after completion of transaction batch: 15537.000000
