# Output generated by:
# ./my_executable 7 data/transactions6.txt data/transactions3.txt data/transactions8.txt data/transactions2.txt data/transactions4.txt data/transactions5.txt data/transactions1.txt

********************************************
   Reading and parsing a transaction file   
********************************************
Parsed transaction: deposit 0 7.000000 
Loaded deposit transaction
Parsed transaction: deposit 1 11.000000 
Loaded deposit transaction
Parsed transaction: deposit 2 9.000000 
Loaded deposit transaction
Parsed transaction: transfer 3 7 29.000000 
Loaded transfer transaction
Parsed transaction: transfer 7 6 31.000000 
Loaded transfer transaction
Parsed transaction: transfer 7 5 137.000000 
Loaded transfer transaction
Parsed transaction: transfer 7 4 3.000000 
Loaded transfer transaction
Parsed transaction: transfer 7 4 5.000000 
Loaded transfer transaction
Parsed transaction: deposit 3 929.000000 
Loaded deposit transaction
Parsed transaction: deposit 4 937.000000 
Loaded deposit transaction
Parsed transaction: deposit 5 941.000000 
Loaded deposit transaction
Parsed transaction: withdraw 4 1167.000000 
Loaded withdrawal transaction
Parsed transaction: withdraw 5 1307.000000 
Loaded withdrawal transaction
Parsed transaction: transfer 1 8 89.000000 
Loaded transfer transaction
Parsed transaction: transfer 1 9 163.000000 
Loaded transfer transaction
Parsed transaction: withdraw 1 41.000000 
Loaded withdrawal transaction
Parsed transaction: withdraw 2 71.000000 
Loaded withdrawal transaction
Parsed transaction: withdraw 3 1127.000000 
Loaded withdrawal transaction
Parsed transaction: withdraw 6 647.000000 
Loaded withdrawal transaction
Parsed transaction: deposit 6 953.000000 
Loaded deposit transaction
Parsed transaction: deposit 7 967.000000 
Loaded deposit transaction
Parsed transaction: transfer 1 7 19.000000 
Loaded transfer transaction
Parsed transaction: transfer 2 7 23.000000 
Loaded transfer transaction
Parsed transaction: transfer 6 5 1167.000000 
Loaded transfer transaction
Parsed transaction: transfer 4 5 53.000000 
Loaded transfer transaction
Parsed transaction: withdraw 7 1593.000000 
Loaded withdrawal transaction
Parsed transaction: withdraw 8 449.000000 
Loaded withdrawal transaction
Parsed transaction: withdraw 9 163.000000 
Loaded withdrawal transaction
********************************************
********************************************
   Reading and parsing a transaction file   
********************************************
Parsed transaction: deposit 0 400.000000 
Loaded deposit transaction
Parsed transaction: withdraw 0 200.000000 
Loaded withdrawal transaction
Parsed transaction: deposit 1 100.000000 
Loaded deposit transaction
Parsed transaction: deposit 2 900.000000 
Loaded deposit transaction
Parsed transaction: withdraw 1 50.000000 
Loaded withdrawal transaction
Parsed transaction: withdraw 2 150.000000 
Loaded withdrawal transaction
Parsed transaction: deposit 3 500.000000 
Loaded deposit transaction
Parsed transaction: transfer 2 1 300.000000 
Loaded transfer transaction
Parsed transaction: transfer 3 1 300.000000 
Loaded transfer transaction
Parsed transaction: deposit 0 400.000000 
Loaded deposit transaction
Parsed transaction: withdraw 3 200.000000 
Loaded withdrawal transaction
Parsed transaction: balance 1 
Loaded balance transaction
********************************************
********************************************
   Reading and parsing a transaction file   
********************************************
Parsed transaction: deposit 9 617.000000 
Loaded deposit transaction
Parsed transaction: transfer 9 1 617.000000 
Loaded transfer transaction
Parsed transaction: deposit 8 619.000000 
Loaded deposit transaction
Parsed transaction: transfer 8 2 619.000000 
Loaded transfer transaction
Parsed transaction: deposit 7 631.000000 
Loaded deposit transaction
Parsed transaction: transfer 7 3 631.000000 
Loaded transfer transaction
Parsed transaction: deposit 6 641.000000 
Loaded deposit transaction
Parsed transaction: transfer 6 4 641.000000 
Loaded transfer transaction
Parsed transaction: deposit 5 643.000000 
Loaded deposit transaction
Parsed transaction: transfer 5 6 1200.000000 
Loaded transfer transaction
Parsed transaction: deposit 4 647.000000 
Loaded deposit transaction
Parsed transaction: transfer 4 7 1200.000000 
Loaded transfer transaction
Parsed transaction: deposit 3 653.000000 
Loaded deposit transaction
Parsed transaction: transfer 3 8 1200.000000 
Loaded transfer transaction
Parsed transaction: deposit 2 659.000000 
Loaded deposit transaction
Parsed transaction: transfer 2 9 1200.000000 
Loaded transfer transaction
Parsed transaction: deposit 1 661.000000 
Loaded deposit transaction
Parsed transaction: transfer 1 9 1200.000000 
Loaded transfer transaction
Parsed transaction: deposit 0 673.000000 
Loaded deposit transaction
Parsed transaction: transfer 0 9 1200.000000 
Loaded transfer transaction
********************************************
********************************************
   Reading and parsing a transaction file   
********************************************
Parsed transaction: deposit 0 400.000000 
Loaded deposit transaction
Parsed transaction: withdraw 0 200.000000 
Loaded withdrawal transaction
Parsed transaction: deposit 0 100.000000 
Loaded deposit transaction
Parsed transaction: withdraw 0 50.000000 
Loaded withdrawal transaction
Parsed transaction: withdraw 0 150.000000 
Loaded withdrawal transaction
Parsed transaction: deposit 0 300.000000 
Loaded deposit transaction
Parsed transaction: transfer 0 1 300.000000 
Loaded transfer transaction
Parsed transaction: balance 1 
Loaded balance transaction
********************************************
********************************************
   Reading and parsing a transaction file   
********************************************
Parsed transaction: deposit 0 907.000000 
Loaded deposit transaction
Parsed transaction: deposit 1 911.000000 
Loaded deposit transaction
Parsed transaction: deposit 2 919.000000 
Loaded deposit transaction
Parsed transaction: deposit 3 929.000000 
Loaded deposit transaction
Parsed transaction: deposit 4 937.000000 
Loaded deposit transaction
Parsed transaction: deposit 5 941.000000 
Loaded deposit transaction
Parsed transaction: deposit 6 953.000000 
Loaded deposit transaction
Parsed transaction: deposit 7 967.000000 
Loaded deposit transaction
Parsed transaction: transfer 1 7 19.000000 
Loaded transfer transaction
Parsed transaction: transfer 2 7 23.000000 
Loaded transfer transaction
Parsed transaction: transfer 3 7 29.000000 
Loaded transfer transaction
Parsed transaction: transfer 7 6 31.000000 
Loaded transfer transaction
Parsed transaction: transfer 7 5 37.000000 
Loaded transfer transaction
Parsed transaction: transfer 7 4 3.000000 
Loaded transfer transaction
Parsed transaction: transfer 7 4 5.000000 
Loaded transfer transaction
Parsed transaction: transfer 6 5 67.000000 
Loaded transfer transaction
Parsed transaction: transfer 4 5 53.000000 
Loaded transfer transaction
Parsed transaction: transfer 1 8 89.000000 
Loaded transfer transaction
Parsed transaction: transfer 1 9 163.000000 
Loaded transfer transaction
Parsed transaction: withdraw 1 41.000000 
Loaded withdrawal transaction
Parsed transaction: withdraw 2 71.000000 
Loaded withdrawal transaction
Parsed transaction: withdraw 3 127.000000 
Loaded withdrawal transaction
Parsed transaction: withdraw 4 167.000000 
Loaded withdrawal transaction
Parsed transaction: withdraw 5 307.000000 
Loaded withdrawal transaction
Parsed transaction: withdraw 6 647.000000 
Loaded withdrawal transaction
Parsed transaction: withdraw 7 593.000000 
Loaded withdrawal transaction
Parsed transaction: withdraw 8 449.000000 
Loaded withdrawal transaction
Parsed transaction: withdraw 9 163.000000 
Loaded withdrawal transaction
********************************************
********************************************
   Reading and parsing a transaction file   
********************************************
Parsed transaction: deposit 0 907.000000 
Loaded deposit transaction
Parsed transaction: deposit 1 911.000000 
Loaded deposit transaction
Parsed transaction: deposit 2 919.000000 
Loaded deposit transaction
Parsed transaction: transfer 3 7 29.000000 
Loaded transfer transaction
Parsed transaction: transfer 7 6 31.000000 
Loaded transfer transaction
Parsed transaction: transfer 7 5 37.000000 
Loaded transfer transaction
Parsed transaction: transfer 7 4 3.000000 
Loaded transfer transaction
Parsed transaction: transfer 7 4 5.000000 
Loaded transfer transaction
Parsed transaction: deposit 3 929.000000 
Loaded deposit transaction
Parsed transaction: deposit 4 937.000000 
Loaded deposit transaction
Parsed transaction: deposit 5 941.000000 
Loaded deposit transaction
Parsed transaction: withdraw 4 167.000000 
Loaded withdrawal transaction
Parsed transaction: withdraw 5 307.000000 
Loaded withdrawal transaction
Parsed transaction: transfer 1 8 89.000000 
Loaded transfer transaction
Parsed transaction: transfer 1 9 163.000000 
Loaded transfer transaction
Parsed transaction: withdraw 1 41.000000 
Loaded withdrawal transaction
Parsed transaction: withdraw 2 71.000000 
Loaded withdrawal transaction
Parsed transaction: withdraw 3 127.000000 
Loaded withdrawal transaction
Parsed transaction: withdraw 6 647.000000 
Loaded withdrawal transaction
Parsed transaction: deposit 6 953.000000 
Loaded deposit transaction
Parsed transaction: deposit 7 967.000000 
Loaded deposit transaction
Parsed transaction: transfer 1 7 19.000000 
Loaded transfer transaction
Parsed transaction: transfer 2 7 23.000000 
Loaded transfer transaction
Parsed transaction: transfer 6 5 67.000000 
Loaded transfer transaction
Parsed transaction: transfer 4 5 53.000000 
Loaded transfer transaction
Parsed transaction: withdraw 7 593.000000 
Loaded withdrawal transaction
Parsed transaction: withdraw 8 449.000000 
Loaded withdrawal transaction
Parsed transaction: withdraw 9 163.000000 
Loaded withdrawal transaction
********************************************
********************************************
   Reading and parsing a transaction file   
********************************************
Parsed transaction: deposit 0 100.000000 
Loaded deposit transaction
Parsed transaction: deposit 0 200.000000 
Loaded deposit transaction
Parsed transaction: deposit 0 300.000000 
Loaded deposit transaction
Parsed transaction: withdraw 0 200.000000 
Loaded withdrawal transaction
Parsed transaction: withdraw 0 100.000000 
Loaded withdrawal transaction
Parsed transaction: withdraw 0 50.000000 
Loaded withdrawal transaction
Parsed transaction: transfer 1 0 200.000000 
Loaded transfer transaction
Parsed transaction: balance 0 
Loaded balance transaction
********************************************
  ***    Start of transaction batch    ***  
User 0, Acc 0 Balance 0.000000, Deposit 7.000000 
User 0, Acc 1 Balance 0.000000, Deposit 11.000000 
User 0, Acc 2 Balance 0.000000, Deposit 9.000000 
User 0, Acc 3 Balance 0.000000, Deposit 929.000000 
User 0, Acc 4 Balance 0.000000, Deposit 937.000000 
User 0, Acc 5 Balance 0.000000, Deposit 941.000000 
[22;32mUser 0, Acc 4 Balance 937.000000, 				Withdraw 1167.000000 --insufficient funds[0m
[22;32mUser 0, Acc 5 Balance 941.000000, 				Withdraw 1307.000000 --insufficient funds[0m
[22;32mUser 0, Acc 1 Balance 11.000000, 				Withdraw 41.000000 --insufficient funds[0m
[22;32mUser 0, Acc 2 Balance 9.000000, 				Withdraw 71.000000 --insufficient funds[0m
[22;32mUser 0, Acc 3 Balance 929.000000, 				Withdraw 1127.000000 --insufficient funds[0m
[22;32mUser 0, Acc 6 Balance 0.000000, 				Withdraw 647.000000 --insufficient funds[0m
User 0, Acc 6 Balance 0.000000, Deposit 953.000000 
User 0, Acc 7 Balance 0.000000, Deposit 967.000000 
User 0, Acc 4 Balance 937.000000, Transfer 53.000000 to Acc 5
[22;32mUser 0, Acc 7 Balance 967.000000, 				Withdraw 1593.000000 --insufficient funds[0m
[22;32mUser 0, Acc 8 Balance 0.000000, 				Withdraw 449.000000 --insufficient funds[0m
[22;32mUser 0, Acc 9 Balance 0.000000, 				Withdraw 163.000000 --insufficient funds[0m
User 0, Acc 0 Balance 7.000000, Deposit 400.000000 
User 0, Acc 0 Balance 407.000000, Withdraw 200.000000 
User 0, Acc 1 Balance 11.000000, Deposit 100.000000 
User 0, Acc 2 Balance 9.000000, Deposit 900.000000 
User 0, Acc 1 Balance 111.000000, Withdraw 50.000000 
User 0, Acc 2 Balance 909.000000, Withdraw 150.000000 
User 0, Acc 3 Balance 929.000000, Deposit 500.000000 
User 0, Acc 2 Balance 759.000000, Transfer 300.000000 to Acc 1
User 0, Acc 3 Balance 1429.000000, Transfer 300.000000 to Acc 1
User 0, Acc 0 Balance 207.000000, Deposit 400.000000 
User 0, Acc 3 Balance 1129.000000, Withdraw 200.000000 
Balance in 1: 661.000000
User 0, Acc 9 Balance 0.000000, Deposit 617.000000 
User 0, Acc 9 Balance 617.000000, Transfer 617.000000 to Acc 1
User 0, Acc 8 Balance 0.000000, Deposit 619.000000 
User 0, Acc 8 Balance 619.000000, Transfer 619.000000 to Acc 2
User 2, Acc 0 Balance 607.000000, Deposit 7.000000 
User 1, Acc 0 Balance 607.000000, Deposit 400.000000 
User 1, Acc 0 Balance 1014.000000, Withdraw 200.000000 
User 1, Acc 0 Balance 814.000000, Deposit 100.000000 
User 5, Acc 0 Balance 814.000000, Deposit 7.000000 
User 1, Acc 0 Balance 914.000000, Withdraw 50.000000 
User 3, Acc 0 Balance 607.000000, Deposit 907.000000 
User 2, Acc 1 Balance 1278.000000, Deposit 11.000000 
User 3, Acc 1 Balance 1278.000000, Deposit 911.000000 
User 2, Acc 2 Balance 1078.000000, Deposit 9.000000 
User 2, Acc 3 Balance 929.000000, Transfer 29.000000 to Acc 7
User 5, Acc 1 Balance 1278.000000, Deposit 11.000000 
User 1, Acc 0 Balance 871.000000, Withdraw 150.000000 
User 1, Acc 0 Balance 1628.000000, Deposit 300.000000 
User 1, Acc 0 Balance 1928.000000, Transfer 300.000000 to Acc 1
User 3, Acc 2 Balance 1087.000000, Deposit 919.000000 
Balance in 1: 2511.000000
User 1, Acc 0 Balance 1628.000000, Deposit 7.000000 
User 2, Acc 7 Balance 996.000000, Transfer 31.000000 to Acc 6
User 1, Acc 1 Balance 2511.000000, Deposit 11.000000 
User 1, Acc 2 Balance 2006.000000, Deposit 9.000000 
User 0, Acc 7 Balance 967.000000, Deposit 631.000000 
User 1, Acc 3 Balance 900.000000, Transfer 29.000000 to Acc 7
User 0, Acc 7 Balance 1596.000000, Transfer 631.000000 to Acc 3
User 1, Acc 7 Balance 1625.000000, Transfer 31.000000 to Acc 6
User 0, Acc 6 Balance 984.000000, Deposit 641.000000 
User 0, Acc 6 Balance 1625.000000, Transfer 641.000000 to Acc 4
User 0, Acc 5 Balance 994.000000, Deposit 643.000000 
User 1, Acc 7 Balance 963.000000, Transfer 137.000000 to Acc 5
User 5, Acc 2 Balance 1087.000000, Deposit 9.000000 
User 6, Acc 0 Balance 607.000000, Deposit 100.000000 
User 5, Acc 3 Balance 1502.000000, Transfer 29.000000 to Acc 7
User 2, Acc 7 Balance 965.000000, Transfer 137.000000 to Acc 5
User 5, Acc 7 Balance 855.000000, Transfer 31.000000 to Acc 6
User 2, Acc 7 Balance 718.000000, Transfer 3.000000 to Acc 4
User 2, Acc 7 Balance 715.000000, Transfer 5.000000 to Acc 4
User 5, Acc 7 Balance 684.000000, Transfer 137.000000 to Acc 5
User 2, Acc 3 Balance 1473.000000, Deposit 929.000000 
User 4, Acc 0 Balance 607.000000, Deposit 907.000000 
User 0, Acc 5 Balance 1637.000000, Transfer 1200.000000 to Acc 6
User 4, Acc 1 Balance 2522.000000, Deposit 911.000000 
User 4, Acc 2 Balance 2024.000000, Deposit 919.000000 
User 0, Acc 4 Balance 1533.000000, Deposit 647.000000 
User 5, Acc 7 Balance 542.000000, Transfer 3.000000 to Acc 4
User 6, Acc 0 Balance 1735.000000, Deposit 200.000000 
User 2, Acc 4 Balance 1533.000000, Deposit 937.000000 
User 3, Acc 3 Balance 900.000000, Transfer 29.000000 to Acc 7
User 2, Acc 5 Balance 848.000000, Deposit 941.000000 
User 1, Acc 7 Balance 826.000000, Transfer 3.000000 to Acc 4
User 0, Acc 4 Balance 2180.000000, Transfer 1200.000000 to Acc 7
User 1, Acc 7 Balance 565.000000, Transfer 5.000000 to Acc 4
User 6, Acc 0 Balance 2842.000000, Deposit 300.000000 
User 1, Acc 3 Balance 2373.000000, Deposit 929.000000 
User 3, Acc 7 Balance 568.000000, Transfer 31.000000 to Acc 6
User 1, Acc 4 Balance 1928.000000, Deposit 937.000000 
User 2, Acc 4 Balance 3120.000000, Withdraw 1167.000000 
User 1, Acc 5 Balance 1789.000000, Deposit 941.000000 
User 6, Acc 0 Balance 3142.000000, Withdraw 200.000000 
User 4, Acc 3 Balance 2402.000000, Deposit 929.000000 
User 6, Acc 0 Balance 2942.000000, Withdraw 100.000000 
User 4, Acc 4 Balance 1698.000000, Deposit 937.000000 
User 0, Acc 3 Balance 2373.000000, Deposit 653.000000 
User 5, Acc 7 Balance 539.000000, Transfer 5.000000 to Acc 4
User 5, Acc 3 Balance 4884.000000, Deposit 929.000000 
User 3, Acc 7 Balance 1729.000000, Transfer 37.000000 to Acc 5
User 5, Acc 4 Balance 2640.000000, Deposit 937.000000 
User 3, Acc 7 Balance 1687.000000, Transfer 3.000000 to Acc 4
User 3, Acc 7 Balance 1684.000000, Transfer 5.000000 to Acc 4
User 3, Acc 3 Balance 5813.000000, Deposit 929.000000 
User 0, Acc 3 Balance 4884.000000, Transfer 1200.000000 to Acc 8
User 3, Acc 4 Balance 3585.000000, Deposit 937.000000 
User 0, Acc 2 Balance 2943.000000, Deposit 659.000000 
User 0, Acc 2 Balance 3602.000000, Transfer 1200.000000 to Acc 9
User 0, Acc 1 Balance 3433.000000, Deposit 661.000000 
User 5, Acc 5 Balance 2767.000000, Deposit 941.000000 
User 4, Acc 5 Balance 2730.000000, Deposit 941.000000 
User 2, Acc 5 Balance 1789.000000, Withdraw 1307.000000 
User 4, Acc 6 Balance 2277.000000, Deposit 953.000000 
User 3, Acc 5 Balance 2767.000000, Deposit 941.000000 
User 4, Acc 7 Balance 1679.000000, Deposit 967.000000 
User 6, Acc 0 Balance 2842.000000, Withdraw 50.000000 
User 0, Acc 1 Balance 4094.000000, Transfer 1200.000000 to Acc 9
User 2, Acc 1 Balance 4094.000000, Transfer 89.000000 to Acc 8
User 1, Acc 4 Balance 1698.000000, Withdraw 1167.000000 
User 3, Acc 4 Balance 4522.000000, Withdraw 167.000000 
User 1, Acc 5 Balance 4283.000000, Withdraw 1307.000000 
User 4, Acc 1 Balance 4094.000000, Transfer 19.000000 to Acc 7
User 1, Acc 1 Balance 2805.000000, Transfer 89.000000 to Acc 8
User 4, Acc 2 Balance 2402.000000, Transfer 23.000000 to Acc 7
User 0, Acc 0 Balance 2792.000000, Deposit 673.000000 
User 2, Acc 1 Balance 2805.000000, Transfer 163.000000 to Acc 9
User 0, Acc 0 Balance 3465.000000, Transfer 1200.000000 to Acc 9
User 6, Acc 1 Balance 4094.000000, Transfer 200.000000 to Acc 0
User 0, Acc 0 Balance 2265.000000, Deposit 7.000000 
User 0, Acc 1 Balance 2534.000000, Deposit 11.000000 
Balance in 0: 2472.000000
User 4, Acc 3 Balance 5542.000000, Transfer 29.000000 to Acc 7
User 6, Acc 0 Balance 2472.000000, Deposit 400.000000 
User 4, Acc 7 Balance 2717.000000, Transfer 31.000000 to Acc 6
User 6, Acc 0 Balance 2872.000000, Withdraw 200.000000 
User 1, Acc 1 Balance 2697.000000, Transfer 163.000000 to Acc 9
User 1, Acc 1 Balance 2182.000000, Withdraw 41.000000 
User 1, Acc 2 Balance 2379.000000, Withdraw 71.000000 
User 2, Acc 1 Balance 2534.000000, Withdraw 41.000000 
User 1, Acc 3 Balance 5513.000000, Withdraw 1127.000000 
User 5, Acc 4 Balance 4522.000000, Withdraw 1167.000000 
User 1, Acc 6 Balance 3261.000000, Withdraw 647.000000 
User 1, Acc 6 Balance 2614.000000, Deposit 953.000000 
User 0, Acc 2 Balance 2379.000000, Deposit 9.000000 
User 1, Acc 7 Balance 2686.000000, Deposit 967.000000 
User 1, Acc 1 Balance 2100.000000, Transfer 19.000000 to Acc 7
User 2, Acc 2 Balance 2308.000000, Withdraw 71.000000 
User 1, Acc 2 Balance 2317.000000, Transfer 23.000000 to Acc 7
User 2, Acc 3 Balance 4386.000000, Withdraw 1127.000000 
User 2, Acc 6 Balance 3567.000000, Withdraw 647.000000 
User 4, Acc 7 Balance 2686.000000, Transfer 37.000000 to Acc 5
User 2, Acc 6 Balance 2920.000000, Deposit 953.000000 
User 4, Acc 7 Balance 3658.000000, Transfer 3.000000 to Acc 4
User 4, Acc 7 Balance 3655.000000, Transfer 5.000000 to Acc 4
User 0, Acc 3 Balance 4386.000000, Transfer 29.000000 to Acc 7
User 1, Acc 6 Balance 3567.000000, Transfer 1167.000000 to Acc 5
User 5, Acc 5 Balance 2976.000000, Withdraw 1307.000000 
User 1, Acc 4 Balance 2029.000000, Transfer 53.000000 to Acc 5
User 2, Acc 7 Balance 3655.000000, Deposit 967.000000 
User 1, Acc 7 Balance 3679.000000, Withdraw 1593.000000 
User 6, Acc 1 Balance 2345.000000, Deposit 100.000000 
User 1, Acc 8 Balance 1378.000000, Withdraw 449.000000 
User 5, Acc 1 Balance 2081.000000, Transfer 89.000000 to Acc 8
User 1, Acc 9 Balance 3926.000000, Withdraw 163.000000 
User 2, Acc 1 Balance 2081.000000, Transfer 19.000000 to Acc 7
User 1, Acc 0 Balance 2672.000000, Deposit 7.000000 
User 0, Acc 7 Balance 3679.000000, Transfer 31.000000 to Acc 6
User 1, Acc 1 Balance 2073.000000, Deposit 11.000000 
User 0, Acc 7 Balance 3041.000000, Transfer 137.000000 to Acc 5
User 0, Acc 7 Balance 2904.000000, Transfer 3.000000 to Acc 4
User 0, Acc 7 Balance 2901.000000, Transfer 5.000000 to Acc 4
User 0, Acc 3 Balance 3230.000000, Deposit 929.000000 
User 0, Acc 4 Balance 1984.000000, Deposit 937.000000 
User 0, Acc 5 Balance 3063.000000, Deposit 941.000000 
User 0, Acc 4 Balance 2921.000000, Withdraw 1167.000000 
User 0, Acc 5 Balance 4004.000000, Withdraw 1307.000000 
User 0, Acc 1 Balance 2084.000000, Transfer 89.000000 to Acc 8
User 0, Acc 1 Balance 1995.000000, Transfer 163.000000 to Acc 9
User 0, Acc 1 Balance 1832.000000, Withdraw 41.000000 
User 0, Acc 2 Balance 2223.000000, Withdraw 71.000000 
User 1, Acc 2 Balance 2223.000000, Deposit 9.000000 
User 5, Acc 1 Balance 2092.000000, Transfer 163.000000 to Acc 9
User 1, Acc 3 Balance 4159.000000, Transfer 29.000000 to Acc 7
User 2, Acc 2 Balance 2223.000000, Transfer 23.000000 to Acc 7
User 1, Acc 7 Balance 2925.000000, Transfer 31.000000 to Acc 6
User 6, Acc 2 Balance 2223.000000, Deposit 900.000000 
User 1, Acc 7 Balance 2917.000000, Transfer 137.000000 to Acc 5
User 0, Acc 3 Balance 4159.000000, Withdraw 1127.000000 
User 5, Acc 1 Balance 1628.000000, Withdraw 41.000000 
User 2, Acc 6 Balance 2737.000000, Transfer 1167.000000 to Acc 5
User 5, Acc 2 Balance 3038.000000, Withdraw 71.000000 
User 2, Acc 4 Balance 1754.000000, Transfer 53.000000 to Acc 5
User 1, Acc 7 Balance 2780.000000, Transfer 3.000000 to Acc 4
User 1, Acc 7 Balance 2777.000000, Transfer 5.000000 to Acc 4
User 1, Acc 3 Balance 3003.000000, Deposit 929.000000 
User 1, Acc 4 Balance 1709.000000, Deposit 937.000000 
User 1, Acc 5 Balance 4054.000000, Deposit 941.000000 
User 1, Acc 4 Balance 2646.000000, Withdraw 1167.000000 
User 1, Acc 5 Balance 4995.000000, Withdraw 1307.000000 
User 1, Acc 1 Balance 1587.000000, Transfer 89.000000 to Acc 8
User 1, Acc 1 Balance 1498.000000, Transfer 163.000000 to Acc 9
User 1, Acc 1 Balance 1335.000000, Withdraw 41.000000 
User 1, Acc 2 Balance 2967.000000, Withdraw 71.000000 
User 1, Acc 3 Balance 3932.000000, Withdraw 1127.000000 
User 1, Acc 6 Balance 1601.000000, Withdraw 647.000000 
User 1, Acc 6 Balance 954.000000, Deposit 953.000000 
User 1, Acc 7 Balance 2772.000000, Deposit 967.000000 
User 1, Acc 1 Balance 1294.000000, Transfer 19.000000 to Acc 7
User 1, Acc 2 Balance 2896.000000, Transfer 23.000000 to Acc 7
User 1, Acc 6 Balance 1907.000000, Transfer 1167.000000 to Acc 5
User 1, Acc 4 Balance 1479.000000, Transfer 53.000000 to Acc 5
User 1, Acc 7 Balance 3781.000000, Withdraw 1593.000000 
User 1, Acc 8 Balance 1196.000000, Withdraw 449.000000 
User 1, Acc 9 Balance 4252.000000, Withdraw 163.000000 
User 1, Acc 0 Balance 2679.000000, Deposit 400.000000 
User 1, Acc 0 Balance 3079.000000, Withdraw 200.000000 
User 1, Acc 1 Balance 1275.000000, Deposit 100.000000 
User 1, Acc 2 Balance 2873.000000, Deposit 900.000000 
User 1, Acc 1 Balance 1375.000000, Withdraw 50.000000 
User 1, Acc 2 Balance 3773.000000, Withdraw 150.000000 
User 1, Acc 3 Balance 2805.000000, Deposit 500.000000 
User 1, Acc 2 Balance 3623.000000, Transfer 300.000000 to Acc 1
User 1, Acc 3 Balance 3305.000000, Transfer 300.000000 to Acc 1
User 1, Acc 0 Balance 2879.000000, Deposit 400.000000 
User 1, Acc 3 Balance 3005.000000, Withdraw 200.000000 
Balance in 1: 1925.000000
User 3, Acc 5 Balance 4283.000000, Withdraw 307.000000 
User 3, Acc 1 Balance 1925.000000, Transfer 89.000000 to Acc 8
User 6, Acc 1 Balance 1628.000000, Withdraw 50.000000 
User 5, Acc 3 Balance 3003.000000, Withdraw 1127.000000 
User 2, Acc 7 Balance 2780.000000, Withdraw 1593.000000 
User 0, Acc 6 Balance 2768.000000, Withdraw 647.000000 
User 2, Acc 8 Balance 836.000000, Withdraw 449.000000 
User 2, Acc 9 Balance 4089.000000, Withdraw 163.000000 
User 2, Acc 0 Balance 3279.000000, Deposit 400.000000 
User 3, Acc 1 Balance 1836.000000, Transfer 163.000000 to Acc 9
User 2, Acc 0 Balance 3679.000000, Withdraw 200.000000 
User 5, Acc 6 Balance 740.000000, Withdraw 647.000000 
User 2, Acc 1 Balance 1623.000000, Deposit 100.000000 
User 2, Acc 2 Balance 3323.000000, Deposit 900.000000 
User 2, Acc 1 Balance 1723.000000, Withdraw 50.000000 
User 2, Acc 2 Balance 4223.000000, Withdraw 150.000000 
User 2, Acc 3 Balance 1678.000000, Deposit 500.000000 
User 1, Acc 0 Balance 3279.000000, Deposit 400.000000 
User 1, Acc 0 Balance 3879.000000, Withdraw 200.000000 
User 1, Acc 1 Balance 1673.000000, Deposit 100.000000 
User 1, Acc 2 Balance 4073.000000, Deposit 900.000000 
User 1, Acc 1 Balance 1773.000000, Withdraw 50.000000 
User 1, Acc 2 Balance 4973.000000, Withdraw 150.000000 
User 1, Acc 3 Balance 2178.000000, Deposit 500.000000 
User 1, Acc 2 Balance 4823.000000, Transfer 300.000000 to Acc 1
User 1, Acc 3 Balance 2678.000000, Transfer 300.000000 to Acc 1
User 1, Acc 0 Balance 3679.000000, Deposit 400.000000 
User 1, Acc 3 Balance 2378.000000, Withdraw 200.000000 
Balance in 1: 2323.000000
User 0, Acc 6 Balance 93.000000, Deposit 953.000000 
User 0, Acc 7 Balance 595.000000, Deposit 967.000000 
User 0, Acc 1 Balance 2323.000000, Transfer 19.000000 to Acc 7
User 0, Acc 2 Balance 4523.000000, Transfer 23.000000 to Acc 7
User 0, Acc 4 Balance 1426.000000, Transfer 53.000000 to Acc 5
User 0, Acc 7 Balance 1604.000000, Withdraw 1593.000000 
User 3, Acc 1 Balance 1623.000000, Withdraw 41.000000 
[22;32mUser 0, Acc 8 Balance 387.000000, 				Withdraw 449.000000 --insufficient funds[0m
User 3, Acc 2 Balance 4500.000000, Withdraw 71.000000 
User 0, Acc 9 Balance 4089.000000, Withdraw 163.000000 
User 3, Acc 3 Balance 2178.000000, Withdraw 127.000000 
User 0, Acc 9 Balance 3926.000000, Deposit 617.000000 
[22;32mUser 3, Acc 6 Balance 399.000000, 				Withdraw 647.000000 --insufficient funds[0m
User 0, Acc 9 Balance 4543.000000, Transfer 617.000000 to Acc 1
User 3, Acc 6 Balance 399.000000, Deposit 953.000000 
User 1, Acc 0 Balance 4079.000000, Deposit 400.000000 
User 2, Acc 2 Balance 4073.000000, Transfer 300.000000 to Acc 1
User 1, Acc 0 Balance 4479.000000, Withdraw 200.000000 
User 6, Acc 2 Balance 3323.000000, Withdraw 150.000000 
User 1, Acc 1 Balance 3180.000000, Deposit 100.000000 
User 0, Acc 8 Balance 387.000000, Deposit 619.000000 
User 1, Acc 2 Balance 3979.000000, Deposit 900.000000 
User 1, Acc 1 Balance 3280.000000, Withdraw 50.000000 
User 2, Acc 3 Balance 2051.000000, Transfer 300.000000 to Acc 1
User 1, Acc 2 Balance 4879.000000, Withdraw 150.000000 
User 2, Acc 0 Balance 4279.000000, Deposit 400.000000 
User 4, Acc 6 Balance 3873.000000, Transfer 67.000000 to Acc 5
User 2, Acc 3 Balance 1751.000000, Withdraw 200.000000 
User 4, Acc 4 Balance 1373.000000, Transfer 53.000000 to Acc 5
User 4, Acc 1 Balance 3530.000000, Transfer 89.000000 to Acc 8
Balance in 1: 3530.000000
User 5, Acc 6 Balance -554.000000, Deposit 953.000000 
User 1, Acc 3 Balance 1751.000000, Deposit 500.000000 
User 3, Acc 7 Balance 11.000000, Deposit 967.000000 
User 1, Acc 2 Balance 4729.000000, Transfer 300.000000 to Acc 1
User 4, Acc 1 Balance 3441.000000, Transfer 163.000000 to Acc 9
User 1, Acc 3 Balance 2051.000000, Transfer 300.000000 to Acc 1
User 6, Acc 3 Balance 2051.000000, Deposit 500.000000 
User 5, Acc 7 Balance 11.000000, Deposit 967.000000 
User 6, Acc 2 Balance 4429.000000, Transfer 300.000000 to Acc 1
User 3, Acc 1 Balance 3441.000000, Transfer 19.000000 to Acc 7
User 0, Acc 8 Balance 1006.000000, Transfer 619.000000 to Acc 2
User 3, Acc 2 Balance 4129.000000, Transfer 23.000000 to Acc 7
User 0, Acc 7 Balance 1964.000000, Deposit 631.000000 
User 3, Acc 6 Balance 2238.000000, Transfer 67.000000 to Acc 5
User 3, Acc 4 Balance 1320.000000, Transfer 53.000000 to Acc 5
User 6, Acc 3 Balance 2251.000000, Transfer 300.000000 to Acc 1
User 3, Acc 7 Balance 2618.000000, Withdraw 593.000000 
User 6, Acc 0 Balance 4679.000000, Deposit 400.000000 
User 4, Acc 1 Balance 3578.000000, Withdraw 41.000000 
User 2, Acc 9 Balance 3926.000000, Deposit 617.000000 
User 1, Acc 0 Balance 4679.000000, Deposit 400.000000 
User 1, Acc 3 Balance 1951.000000, Withdraw 200.000000 
Balance in 1: 4418.000000
User 6, Acc 3 Balance 1951.000000, Withdraw 200.000000 
Balance in 1: 4418.000000
User 6, Acc 9 Balance 4706.000000, Deposit 617.000000 
User 6, Acc 9 Balance 5323.000000, Transfer 617.000000 to Acc 1
User 6, Acc 8 Balance 476.000000, Deposit 619.000000 
User 6, Acc 8 Balance 1095.000000, Transfer 619.000000 to Acc 2
User 6, Acc 7 Balance 2025.000000, Deposit 631.000000 
User 6, Acc 7 Balance 2656.000000, Transfer 631.000000 to Acc 3
User 6, Acc 6 Balance 2171.000000, Deposit 641.000000 
User 6, Acc 6 Balance 2812.000000, Transfer 641.000000 to Acc 4
User 6, Acc 5 Balance 4894.000000, Deposit 643.000000 
User 6, Acc 5 Balance 5537.000000, Transfer 1200.000000 to Acc 6
User 6, Acc 4 Balance 1908.000000, Deposit 647.000000 
User 1, Acc 9 Balance 4706.000000, Deposit 617.000000 
User 1, Acc 9 Balance 5323.000000, Transfer 617.000000 to Acc 1
User 1, Acc 8 Balance 476.000000, Deposit 619.000000 
User 1, Acc 8 Balance 1095.000000, Transfer 619.000000 to Acc 2
User 1, Acc 7 Balance 2025.000000, Deposit 631.000000 
User 1, Acc 7 Balance 2656.000000, Transfer 631.000000 to Acc 3
User 1, Acc 6 Balance 3371.000000, Deposit 641.000000 
User 1, Acc 6 Balance 4012.000000, Transfer 641.000000 to Acc 4
User 1, Acc 5 Balance 4337.000000, Deposit 643.000000 
User 1, Acc 5 Balance 4980.000000, Transfer 1200.000000 to Acc 6
User 1, Acc 4 Balance 3196.000000, Deposit 647.000000 
User 1, Acc 4 Balance 3843.000000, Transfer 1200.000000 to Acc 7
User 1, Acc 3 Balance 2813.000000, Deposit 653.000000 
User 1, Acc 3 Balance 3466.000000, Transfer 1200.000000 to Acc 8
User 1, Acc 2 Balance 5963.000000, Deposit 659.000000 
User 1, Acc 2 Balance 6622.000000, Transfer 1200.000000 to Acc 9
User 1, Acc 1 Balance 5652.000000, Deposit 661.000000 
User 1, Acc 1 Balance 6313.000000, Transfer 1200.000000 to Acc 9
User 1, Acc 0 Balance 5479.000000, Deposit 673.000000 
User 1, Acc 0 Balance 6152.000000, Transfer 1200.000000 to Acc 9
User 1, Acc 9 Balance 8306.000000, Deposit 617.000000 
User 1, Acc 9 Balance 8923.000000, Transfer 617.000000 to Acc 1
User 1, Acc 8 Balance 1676.000000, Deposit 619.000000 
User 1, Acc 8 Balance 2295.000000, Transfer 619.000000 to Acc 2
User 1, Acc 7 Balance 3225.000000, Deposit 631.000000 
User 1, Acc 7 Balance 3856.000000, Transfer 631.000000 to Acc 3
User 1, Acc 6 Balance 4571.000000, Deposit 641.000000 
User 1, Acc 6 Balance 5212.000000, Transfer 641.000000 to Acc 4
User 1, Acc 5 Balance 3780.000000, Deposit 643.000000 
User 1, Acc 5 Balance 4423.000000, Transfer 1200.000000 to Acc 6
User 1, Acc 4 Balance 3284.000000, Deposit 647.000000 
User 1, Acc 4 Balance 3931.000000, Transfer 1200.000000 to Acc 7
User 1, Acc 3 Balance 2897.000000, Deposit 653.000000 
User 1, Acc 3 Balance 3550.000000, Transfer 1200.000000 to Acc 8
User 1, Acc 2 Balance 6041.000000, Deposit 659.000000 
User 1, Acc 2 Balance 6700.000000, Transfer 1200.000000 to Acc 9
User 1, Acc 1 Balance 5730.000000, Deposit 661.000000 
User 1, Acc 1 Balance 6391.000000, Transfer 1200.000000 to Acc 9
User 1, Acc 0 Balance 4952.000000, Deposit 673.000000 
User 1, Acc 0 Balance 5625.000000, Transfer 1200.000000 to Acc 9
User 1, Acc 0 Balance 4425.000000, Deposit 400.000000 
User 1, Acc 0 Balance 4825.000000, Withdraw 200.000000 
User 1, Acc 0 Balance 4625.000000, Deposit 100.000000 
User 1, Acc 0 Balance 4725.000000, Withdraw 50.000000 
User 1, Acc 0 Balance 4675.000000, Withdraw 150.000000 
User 1, Acc 0 Balance 4525.000000, Deposit 300.000000 
User 1, Acc 0 Balance 4825.000000, Transfer 300.000000 to Acc 1
Balance in 1: 5491.000000
User 3, Acc 8 Balance 476.000000, Withdraw 449.000000 
User 3, Acc 9 Balance 11906.000000, Withdraw 163.000000 
User 6, Acc 4 Balance 2555.000000, Transfer 1200.000000 to Acc 7
User 6, Acc 3 Balance 2350.000000, Deposit 653.000000 
User 6, Acc 3 Balance 3003.000000, Transfer 1200.000000 to Acc 8
User 6, Acc 2 Balance 5500.000000, Deposit 659.000000 
User 6, Acc 2 Balance 6159.000000, Transfer 1200.000000 to Acc 9
User 6, Acc 1 Balance 5491.000000, Deposit 661.000000 
User 2, Acc 9 Balance 4706.000000, Transfer 617.000000 to Acc 1
User 5, Acc 1 Balance 4178.000000, Transfer 19.000000 to Acc 7
User 2, Acc 8 Balance 3627.000000, Deposit 619.000000 
User 2, Acc 8 Balance 4246.000000, Transfer 619.000000 to Acc 2
User 0, Acc 7 Balance 2618.000000, Transfer 631.000000 to Acc 3
User 4, Acc 2 Balance 4725.000000, Withdraw 71.000000 
User 6, Acc 1 Balance 6152.000000, Transfer 1200.000000 to Acc 9
User 5, Acc 2 Balance 4959.000000, Transfer 23.000000 to Acc 7
User 3, Acc 0 Balance 4525.000000, Deposit 400.000000 
User 3, Acc 0 Balance 4925.000000, Withdraw 200.000000 
User 2, Acc 7 Balance 5644.000000, Deposit 631.000000 
User 3, Acc 0 Balance 4725.000000, Deposit 100.000000 
User 4, Acc 3 Balance 2434.000000, Withdraw 127.000000 
User 3, Acc 0 Balance 4825.000000, Withdraw 50.000000 
User 6, Acc 0 Balance 4525.000000, Deposit 673.000000 
User 5, Acc 6 Balance 5771.000000, Transfer 1167.000000 to Acc 5
User 0, Acc 6 Balance 5771.000000, Deposit 641.000000 
User 5, Acc 4 Balance 1531.000000, Transfer 53.000000 to Acc 5
User 2, Acc 7 Balance 5667.000000, Transfer 631.000000 to Acc 3
User 5, Acc 7 Balance 5667.000000, Withdraw 1593.000000 
User 3, Acc 0 Balance 4775.000000, Withdraw 150.000000 
User 5, Acc 8 Balance 3627.000000, Withdraw 449.000000 
User 3, Acc 0 Balance 5298.000000, Deposit 300.000000 
User 4, Acc 4 Balance 1531.000000, Withdraw 167.000000 
User 2, Acc 6 Balance 5245.000000, Deposit 641.000000 
User 6, Acc 0 Balance 5448.000000, Transfer 1200.000000 to Acc 9
User 1, Acc 0 Balance 4525.000000, Deposit 400.000000 
User 1, Acc 0 Balance 4798.000000, Withdraw 200.000000 
User 1, Acc 0 Balance 4598.000000, Deposit 100.000000 
User 1, Acc 0 Balance 4698.000000, Withdraw 50.000000 
User 1, Acc 0 Balance 4648.000000, Withdraw 150.000000 
User 1, Acc 0 Balance 4498.000000, Deposit 300.000000 
User 1, Acc 0 Balance 4798.000000, Transfer 300.000000 to Acc 1
Balance in 1: 5850.000000
User 5, Acc 9 Balance 13526.000000, Withdraw 163.000000 
User 5, Acc 0 Balance 4498.000000, Deposit 907.000000 
User 5, Acc 1 Balance 5850.000000, Deposit 911.000000 
User 4, Acc 5 Balance 4443.000000, Withdraw 307.000000 
User 5, Acc 2 Balance 5484.000000, Deposit 919.000000 
User 4, Acc 6 Balance 5886.000000, Withdraw 647.000000 
User 6, Acc 0 Balance 4398.000000, Deposit 400.000000 
User 0, Acc 6 Balance 5245.000000, Transfer 641.000000 to Acc 4
User 6, Acc 0 Balance 5805.000000, Withdraw 200.000000 
User 0, Acc 5 Balance 4136.000000, Deposit 643.000000 
User 2, Acc 6 Balance 5886.000000, Transfer 641.000000 to Acc 4
User 4, Acc 7 Balance 3443.000000, Withdraw 593.000000 
User 2, Acc 5 Balance 4779.000000, Deposit 643.000000 
User 2, Acc 5 Balance 5422.000000, Transfer 1200.000000 to Acc 6
User 4, Acc 8 Balance 3178.000000, Withdraw 449.000000 
User 1, Acc 0 Balance 4498.000000, Deposit 400.000000 
User 3, Acc 0 Balance 5598.000000, Transfer 300.000000 to Acc 1
User 1, Acc 0 Balance 6005.000000, Withdraw 200.000000 
User 5, Acc 3 Balance 2938.000000, Deposit 929.000000 
User 1, Acc 0 Balance 5505.000000, Deposit 100.000000 
User 6, Acc 0 Balance 5605.000000, Deposit 100.000000 
User 1, Acc 0 Balance 5605.000000, Withdraw 50.000000 
User 6, Acc 0 Balance 5705.000000, Withdraw 50.000000 
User 1, Acc 0 Balance 5655.000000, Withdraw 150.000000 
User 5, Acc 4 Balance 2593.000000, Deposit 937.000000 
User 1, Acc 0 Balance 5455.000000, Deposit 300.000000 
User 4, Acc 9 Balance 14563.000000, Withdraw 163.000000 
Balance in 1: 7061.000000
User 4, Acc 0 Balance 5755.000000, Deposit 907.000000 
User 3, Acc 0 Balance 5755.000000, Deposit 907.000000 
User 5, Acc 5 Balance 4222.000000, Deposit 941.000000 
User 3, Acc 1 Balance 7061.000000, Deposit 911.000000 
User 5, Acc 6 Balance 5157.000000, Deposit 953.000000 
User 5, Acc 7 Balance 2850.000000, Deposit 967.000000 
User 6, Acc 0 Balance 5605.000000, Withdraw 150.000000 
User 5, Acc 1 Balance 7972.000000, Transfer 19.000000 to Acc 7
User 0, Acc 5 Balance 4779.000000, Transfer 1200.000000 to Acc 6
User 5, Acc 2 Balance 6403.000000, Transfer 23.000000 to Acc 7
User 3, Acc 2 Balance 6403.000000, Deposit 919.000000 
User 1, Acc 0 Balance 5755.000000, Transfer 300.000000 to Acc 1
Balance in 1: 8253.000000
User 4, Acc 1 Balance 7061.000000, Deposit 911.000000 
User 4, Acc 2 Balance 7299.000000, Deposit 919.000000 
User 2, Acc 4 Balance 2593.000000, Deposit 647.000000 
User 5, Acc 3 Balance 3867.000000, Transfer 29.000000 to Acc 7
User 5, Acc 7 Balance 3888.000000, Transfer 31.000000 to Acc 6
User 5, Acc 7 Balance 3857.000000, Transfer 37.000000 to Acc 5
User 5, Acc 7 Balance 3820.000000, Transfer 3.000000 to Acc 4
User 5, Acc 7 Balance 3817.000000, Transfer 5.000000 to Acc 4
User 5, Acc 6 Balance 7341.000000, Transfer 67.000000 to Acc 5
User 5, Acc 4 Balance 4185.000000, Transfer 53.000000 to Acc 5
User 5, Acc 1 Balance 9164.000000, Transfer 89.000000 to Acc 8
User 5, Acc 1 Balance 9075.000000, Transfer 163.000000 to Acc 9
User 5, Acc 1 Balance 8912.000000, Withdraw 41.000000 
User 5, Acc 2 Balance 8218.000000, Withdraw 71.000000 
User 5, Acc 3 Balance 3838.000000, Withdraw 127.000000 
User 2, Acc 4 Balance 4177.000000, Transfer 1200.000000 to Acc 7
User 5, Acc 4 Balance 4132.000000, Withdraw 167.000000 
User 3, Acc 3 Balance 3867.000000, Deposit 929.000000 
User 6, Acc 0 Balance 7419.000000, Deposit 300.000000 
User 1, Acc 0 Balance 7119.000000, Deposit 907.000000 
User 4, Acc 3 Balance 3867.000000, Deposit 929.000000 
User 1, Acc 1 Balance 8871.000000, Deposit 911.000000 
User 5, Acc 5 Balance 4120.000000, Withdraw 307.000000 
User 1, Acc 2 Balance 8147.000000, Deposit 919.000000 
User 0, Acc 4 Balance 3530.000000, Deposit 647.000000 
User 6, Acc 0 Balance 7419.000000, Transfer 300.000000 to Acc 1
User 0, Acc 4 Balance 3412.000000, Transfer 1200.000000 to Acc 7
Balance in 1: 10082.000000
User 2, Acc 3 Balance 3711.000000, Deposit 653.000000 
User 2, Acc 3 Balance 6222.000000, Transfer 1200.000000 to Acc 8
User 5, Acc 6 Balance 7274.000000, Withdraw 647.000000 
User 2, Acc 2 Balance 9066.000000, Deposit 659.000000 
User 5, Acc 7 Balance 6212.000000, Withdraw 593.000000 
User 4, Acc 4 Balance 2765.000000, Deposit 937.000000 
User 5, Acc 8 Balance 4018.000000, Withdraw 449.000000 
User 4, Acc 5 Balance 3813.000000, Deposit 941.000000 
User 5, Acc 9 Balance 14563.000000, Withdraw 163.000000 
User 4, Acc 6 Balance 6627.000000, Deposit 953.000000 
User 4, Acc 7 Balance 5619.000000, Deposit 967.000000 
User 0, Acc 3 Balance 5569.000000, Deposit 653.000000 
User 4, Acc 1 Balance 10082.000000, Transfer 19.000000 to Acc 7
User 0, Acc 3 Balance 5675.000000, Transfer 1200.000000 to Acc 8
User 5, Acc 0 Balance 8026.000000, Deposit 907.000000 
User 1, Acc 3 Balance 5569.000000, Deposit 929.000000 
User 1, Acc 4 Balance 3149.000000, Deposit 937.000000 
User 1, Acc 5 Balance 4754.000000, Deposit 941.000000 
User 1, Acc 6 Balance 7580.000000, Deposit 953.000000 
User 1, Acc 7 Balance 6605.000000, Deposit 967.000000 
User 1, Acc 1 Balance 10063.000000, Transfer 19.000000 to Acc 7
User 1, Acc 2 Balance 9725.000000, Transfer 23.000000 to Acc 7
User 1, Acc 3 Balance 5404.000000, Transfer 29.000000 to Acc 7
User 1, Acc 7 Balance 7643.000000, Transfer 31.000000 to Acc 6
User 1, Acc 7 Balance 7612.000000, Transfer 37.000000 to Acc 5
User 1, Acc 7 Balance 7575.000000, Transfer 3.000000 to Acc 4
User 1, Acc 7 Balance 7572.000000, Transfer 5.000000 to Acc 4
User 1, Acc 6 Balance 8564.000000, Transfer 67.000000 to Acc 5
User 1, Acc 4 Balance 4094.000000, Transfer 53.000000 to Acc 5
User 1, Acc 1 Balance 10044.000000, Transfer 89.000000 to Acc 8
User 1, Acc 1 Balance 9955.000000, Transfer 163.000000 to Acc 9
User 1, Acc 1 Balance 9792.000000, Withdraw 41.000000 
User 1, Acc 2 Balance 9702.000000, Withdraw 71.000000 
User 1, Acc 3 Balance 5375.000000, Withdraw 127.000000 
User 1, Acc 4 Balance 4041.000000, Withdraw 167.000000 
User 1, Acc 5 Balance 5852.000000, Withdraw 307.000000 
User 1, Acc 6 Balance 8497.000000, Withdraw 647.000000 
User 1, Acc 7 Balance 7567.000000, Withdraw 593.000000 
User 1, Acc 8 Balance 4858.000000, Withdraw 449.000000 
User 1, Acc 9 Balance 14563.000000, Withdraw 163.000000 
User 1, Acc 0 Balance 8933.000000, Deposit 907.000000 
User 1, Acc 1 Balance 9751.000000, Deposit 911.000000 
User 1, Acc 2 Balance 9631.000000, Deposit 919.000000 
User 1, Acc 3 Balance 5248.000000, Transfer 29.000000 to Acc 7
User 1, Acc 7 Balance 7003.000000, Transfer 31.000000 to Acc 6
User 1, Acc 7 Balance 6972.000000, Transfer 37.000000 to Acc 5
User 1, Acc 7 Balance 6935.000000, Transfer 3.000000 to Acc 4
User 4, Acc 2 Balance 9725.000000, Transfer 23.000000 to Acc 7
User 1, Acc 7 Balance 6932.000000, Transfer 5.000000 to Acc 4
User 0, Acc 2 Balance 9725.000000, Deposit 659.000000 
User 1, Acc 3 Balance 5219.000000, Deposit 929.000000 
User 6, Acc 0 Balance 8026.000000, Deposit 907.000000 
User 3, Acc 4 Balance 2765.000000, Deposit 937.000000 
User 6, Acc 1 Balance 10662.000000, Deposit 911.000000 
User 3, Acc 5 Balance 5582.000000, Deposit 941.000000 
User 6, Acc 2 Balance 11186.000000, Deposit 919.000000 
User 3, Acc 6 Balance 7881.000000, Deposit 953.000000 
User 2, Acc 2 Balance 9725.000000, Transfer 1200.000000 to Acc 9
User 4, Acc 3 Balance 5219.000000, Transfer 29.000000 to Acc 7
User 2, Acc 1 Balance 11573.000000, Deposit 661.000000 
User 5, Acc 1 Balance 10063.000000, Deposit 911.000000 
User 6, Acc 3 Balance 6148.000000, Deposit 929.000000 
User 5, Acc 2 Balance 10905.000000, Deposit 919.000000 
User 6, Acc 4 Balance 4819.000000, Deposit 937.000000 
User 3, Acc 7 Balance 6950.000000, Deposit 967.000000 
User 6, Acc 5 Balance 6523.000000, Deposit 941.000000 
User 3, Acc 1 Balance 13145.000000, Transfer 19.000000 to Acc 7
User 6, Acc 6 Balance 8834.000000, Deposit 953.000000 
User 1, Acc 4 Balance 3882.000000, Deposit 937.000000 
User 4, Acc 7 Balance 6979.000000, Transfer 31.000000 to Acc 6
User 1, Acc 5 Balance 7464.000000, Deposit 941.000000 
User 0, Acc 2 Balance 11186.000000, Transfer 1200.000000 to Acc 9
User 1, Acc 4 Balance 6693.000000, Withdraw 167.000000 
User 1, Acc 5 Balance 8405.000000, Withdraw 307.000000 
User 1, Acc 1 Balance 13126.000000, Transfer 89.000000 to Acc 8
User 1, Acc 1 Balance 13037.000000, Transfer 163.000000 to Acc 9
User 1, Acc 1 Balance 12874.000000, Withdraw 41.000000 
User 1, Acc 2 Balance 10624.000000, Withdraw 71.000000 
User 1, Acc 3 Balance 7048.000000, Withdraw 127.000000 
User 1, Acc 6 Balance 9818.000000, Withdraw 647.000000 
User 1, Acc 6 Balance 9171.000000, Deposit 953.000000 
User 1, Acc 7 Balance 7934.000000, Deposit 967.000000 
User 1, Acc 1 Balance 12833.000000, Transfer 19.000000 to Acc 7
User 4, Acc 7 Balance 7934.000000, Transfer 37.000000 to Acc 5
User 1, Acc 2 Balance 10553.000000, Transfer 23.000000 to Acc 7
User 0, Acc 1 Balance 13126.000000, Deposit 661.000000 
User 6, Acc 7 Balance 7965.000000, Deposit 967.000000 
User 0, Acc 1 Balance 13475.000000, Transfer 1200.000000 to Acc 9
User 0, Acc 0 Balance 10747.000000, Deposit 673.000000 
User 0, Acc 0 Balance 11420.000000, Transfer 1200.000000 to Acc 9
User 0, Acc 0 Balance 10220.000000, Deposit 907.000000 
User 0, Acc 1 Balance 12275.000000, Deposit 911.000000 
User 0, Acc 2 Balance 10530.000000, Deposit 919.000000 
User 0, Acc 3 Balance 6921.000000, Transfer 29.000000 to Acc 7
User 3, Acc 2 Balance 11824.000000, Transfer 23.000000 to Acc 7
User 6, Acc 1 Balance 13475.000000, Transfer 19.000000 to Acc 7
User 6, Acc 2 Balance 11449.000000, Transfer 23.000000 to Acc 7
User 5, Acc 3 Balance 7048.000000, Transfer 29.000000 to Acc 7
User 6, Acc 3 Balance 6892.000000, Transfer 29.000000 to Acc 7
User 4, Acc 7 Balance 8883.000000, Transfer 3.000000 to Acc 4
User 1, Acc 6 Balance 10124.000000, Transfer 67.000000 to Acc 5
User 1, Acc 4 Balance 6529.000000, Transfer 53.000000 to Acc 5
User 3, Acc 3 Balance 6892.000000, Transfer 29.000000 to Acc 7
User 1, Acc 7 Balance 10022.000000, Withdraw 593.000000 
User 3, Acc 7 Balance 10051.000000, Transfer 31.000000 to Acc 6
User 3, Acc 7 Balance 10020.000000, Transfer 37.000000 to Acc 5
User 1, Acc 8 Balance 4498.000000, Withdraw 449.000000 
User 3, Acc 7 Balance 9390.000000, Transfer 3.000000 to Acc 4
User 1, Acc 9 Balance 19363.000000, Withdraw 163.000000 
User 2, Acc 1 Balance 12234.000000, Transfer 1200.000000 to Acc 9
User 0, Acc 7 Balance 9902.000000, Transfer 31.000000 to Acc 6
User 5, Acc 7 Balance 10025.000000, Transfer 31.000000 to Acc 6
User 5, Acc 7 Balance 9325.000000, Transfer 37.000000 to Acc 5
User 3, Acc 7 Balance 9387.000000, Transfer 5.000000 to Acc 4
User 5, Acc 7 Balance 9288.000000, Transfer 3.000000 to Acc 4
User 5, Acc 7 Balance 9285.000000, Transfer 5.000000 to Acc 4
User 5, Acc 3 Balance 6805.000000, Deposit 929.000000 
User 1, Acc 0 Balance 11127.000000, Deposit 907.000000 
User 5, Acc 4 Balance 6492.000000, Deposit 937.000000 
User 2, Acc 0 Balance 11127.000000, Deposit 673.000000 
User 5, Acc 5 Balance 8329.000000, Deposit 941.000000 
User 2, Acc 0 Balance 12707.000000, Transfer 1200.000000 to Acc 9
User 5, Acc 4 Balance 7429.000000, Withdraw 167.000000 
User 5, Acc 5 Balance 9270.000000, Withdraw 307.000000 
User 5, Acc 1 Balance 11967.000000, Transfer 89.000000 to Acc 8
User 2, Acc 0 Balance 11507.000000, Deposit 907.000000 
User 5, Acc 1 Balance 11878.000000, Transfer 163.000000 to Acc 9
User 5, Acc 1 Balance 11715.000000, Withdraw 41.000000 
User 2, Acc 1 Balance 11715.000000, Deposit 911.000000 
User 5, Acc 2 Balance 11403.000000, Withdraw 71.000000 
User 3, Acc 6 Balance 10150.000000, Transfer 67.000000 to Acc 5
User 1, Acc 1 Balance 11967.000000, Deposit 911.000000 
User 3, Acc 4 Balance 7262.000000, Transfer 53.000000 to Acc 5
User 1, Acc 2 Balance 11332.000000, Deposit 919.000000 
User 5, Acc 3 Balance 7734.000000, Withdraw 127.000000 
User 1, Acc 3 Balance 7734.000000, Transfer 29.000000 to Acc 7
User 6, Acc 7 Balance 9996.000000, Transfer 31.000000 to Acc 6
User 1, Acc 7 Balance 9304.000000, Transfer 31.000000 to Acc 6
User 6, Acc 7 Balance 9273.000000, Transfer 37.000000 to Acc 5
User 4, Acc 7 Balance 10022.000000, Transfer 5.000000 to Acc 4
User 6, Acc 7 Balance 9205.000000, Transfer 3.000000 to Acc 4
User 2, Acc 2 Balance 11332.000000, Deposit 919.000000 
User 6, Acc 7 Balance 9197.000000, Transfer 5.000000 to Acc 4
User 2, Acc 3 Balance 7578.000000, Transfer 29.000000 to Acc 7
User 2, Acc 7 Balance 9221.000000, Transfer 31.000000 to Acc 6
User 1, Acc 7 Balance 9242.000000, Transfer 37.000000 to Acc 5
User 5, Acc 6 Balance 10083.000000, Withdraw 647.000000 
User 1, Acc 7 Balance 9153.000000, Transfer 3.000000 to Acc 4
User 4, Acc 6 Balance 10145.000000, Transfer 67.000000 to Acc 5
User 6, Acc 6 Balance 10145.000000, Transfer 67.000000 to Acc 5
User 4, Acc 4 Balance 7225.000000, Transfer 53.000000 to Acc 5
User 4, Acc 1 Balance 13496.000000, Transfer 89.000000 to Acc 8
User 2, Acc 7 Balance 9190.000000, Transfer 37.000000 to Acc 5
User 5, Acc 6 Balance 9529.000000, Deposit 953.000000 
User 2, Acc 7 Balance 9113.000000, Transfer 3.000000 to Acc 4
User 2, Acc 7 Balance 9110.000000, Transfer 5.000000 to Acc 4
User 3, Acc 1 Balance 13496.000000, Transfer 89.000000 to Acc 8
User 1, Acc 7 Balance 9150.000000, Transfer 5.000000 to Acc 4
User 3, Acc 1 Balance 13318.000000, Transfer 163.000000 to Acc 9
User 1, Acc 3 Balance 7549.000000, Deposit 929.000000 
User 0, Acc 7 Balance 9356.000000, Transfer 37.000000 to Acc 5
User 1, Acc 4 Balance 7185.000000, Deposit 937.000000 
User 6, Acc 4 Balance 7172.000000, Transfer 53.000000 to Acc 5
User 4, Acc 1 Balance 13407.000000, Transfer 163.000000 to Acc 9
User 6, Acc 1 Balance 13155.000000, Transfer 89.000000 to Acc 8
User 3, Acc 1 Balance 13155.000000, Withdraw 41.000000 
User 6, Acc 1 Balance 12903.000000, Transfer 163.000000 to Acc 9
User 3, Acc 2 Balance 13170.000000, Withdraw 71.000000 
User 1, Acc 5 Balance 9418.000000, Deposit 941.000000 
User 1, Acc 4 Balance 8069.000000, Withdraw 167.000000 
User 1, Acc 5 Balance 10412.000000, Withdraw 307.000000 
User 1, Acc 1 Balance 12699.000000, Transfer 89.000000 to Acc 8
User 1, Acc 1 Balance 12610.000000, Transfer 163.000000 to Acc 9
User 1, Acc 1 Balance 12447.000000, Withdraw 41.000000 
User 1, Acc 2 Balance 13099.000000, Withdraw 71.000000 
User 1, Acc 3 Balance 8478.000000, Withdraw 127.000000 
User 1, Acc 6 Balance 10348.000000, Withdraw 647.000000 
User 1, Acc 6 Balance 9701.000000, Deposit 953.000000 
User 1, Acc 7 Balance 9063.000000, Deposit 967.000000 
User 1, Acc 1 Balance 12406.000000, Transfer 19.000000 to Acc 7
User 1, Acc 2 Balance 13028.000000, Transfer 23.000000 to Acc 7
User 1, Acc 6 Balance 10654.000000, Transfer 67.000000 to Acc 5
User 1, Acc 4 Balance 7902.000000, Transfer 53.000000 to Acc 5
User 1, Acc 7 Balance 10072.000000, Withdraw 593.000000 
User 1, Acc 8 Balance 4494.000000, Withdraw 449.000000 
User 1, Acc 9 Balance 22415.000000, Withdraw 163.000000 
User 1, Acc 0 Balance 12414.000000, Deposit 100.000000 
User 1, Acc 0 Balance 12514.000000, Deposit 200.000000 
User 1, Acc 0 Balance 12714.000000, Deposit 300.000000 
User 1, Acc 0 Balance 13014.000000, Withdraw 200.000000 
User 1, Acc 0 Balance 12814.000000, Withdraw 100.000000 
User 1, Acc 0 Balance 12714.000000, Withdraw 50.000000 
User 1, Acc 1 Balance 12387.000000, Transfer 200.000000 to Acc 0
Balance in 0: 12864.000000
User 4, Acc 1 Balance 12992.000000, Withdraw 41.000000 
User 4, Acc 2 Balance 13005.000000, Withdraw 71.000000 
User 4, Acc 3 Balance 8351.000000, Withdraw 127.000000 
User 4, Acc 4 Balance 7849.000000, Withdraw 167.000000 
User 4, Acc 5 Balance 10225.000000, Withdraw 307.000000 
User 4, Acc 6 Balance 10587.000000, Withdraw 647.000000 
User 4, Acc 7 Balance 9479.000000, Withdraw 593.000000 
User 4, Acc 8 Balance 4045.000000, Withdraw 449.000000 
User 4, Acc 9 Balance 22252.000000, Withdraw 163.000000 
User 4, Acc 0 Balance 12864.000000, Deposit 100.000000 
User 4, Acc 0 Balance 12964.000000, Deposit 200.000000 
User 4, Acc 0 Balance 13164.000000, Deposit 300.000000 
User 1, Acc 0 Balance 12864.000000, Deposit 100.000000 
User 1, Acc 0 Balance 13564.000000, Deposit 200.000000 
User 1, Acc 0 Balance 13764.000000, Deposit 300.000000 
User 1, Acc 0 Balance 14064.000000, Withdraw 200.000000 
User 1, Acc 0 Balance 13864.000000, Withdraw 100.000000 
User 1, Acc 0 Balance 13764.000000, Withdraw 50.000000 
User 1, Acc 1 Balance 12146.000000, Transfer 200.000000 to Acc 0
Balance in 0: 13914.000000
User 0, Acc 7 Balance 9063.000000, Transfer 3.000000 to Acc 4
User 0, Acc 7 Balance 8883.000000, Transfer 5.000000 to Acc 4
User 0, Acc 3 Balance 8224.000000, Deposit 929.000000 
User 0, Acc 4 Balance 7690.000000, Deposit 937.000000 
User 0, Acc 5 Balance 9918.000000, Deposit 941.000000 
User 0, Acc 4 Balance 8627.000000, Withdraw 167.000000 
User 0, Acc 5 Balance 10859.000000, Withdraw 307.000000 
User 0, Acc 1 Balance 11946.000000, Transfer 89.000000 to Acc 8
User 4, Acc 0 Balance 13464.000000, Withdraw 200.000000 
User 2, Acc 3 Balance 7549.000000, Deposit 929.000000 
User 4, Acc 0 Balance 13714.000000, Withdraw 100.000000 
User 2, Acc 4 Balance 8460.000000, Deposit 937.000000 
User 4, Acc 0 Balance 13614.000000, Withdraw 50.000000 
User 2, Acc 5 Balance 10552.000000, Deposit 941.000000 
User 0, Acc 1 Balance 11857.000000, Transfer 163.000000 to Acc 9
User 2, Acc 4 Balance 9397.000000, Withdraw 167.000000 
User 0, Acc 1 Balance 11694.000000, Withdraw 41.000000 
User 6, Acc 1 Balance 12699.000000, Withdraw 41.000000 
User 0, Acc 2 Balance 12934.000000, Withdraw 71.000000 
User 4, Acc 1 Balance 11857.000000, Transfer 200.000000 to Acc 0
User 0, Acc 3 Balance 10082.000000, Withdraw 127.000000 
Balance in 0: 13764.000000
User 2, Acc 5 Balance 11493.000000, Withdraw 307.000000 
User 4, Acc 0 Balance 13764.000000, Deposit 100.000000 
User 2, Acc 1 Balance 11412.000000, Transfer 89.000000 to Acc 8
User 4, Acc 0 Balance 13864.000000, Deposit 200.000000 
User 2, Acc 1 Balance 11323.000000, Transfer 163.000000 to Acc 9
User 4, Acc 0 Balance 14064.000000, Deposit 300.000000 
User 2, Acc 1 Balance 11160.000000, Withdraw 41.000000 
User 4, Acc 0 Balance 14364.000000, Withdraw 200.000000 
User 4, Acc 0 Balance 14164.000000, Withdraw 100.000000 
User 2, Acc 2 Balance 12863.000000, Withdraw 71.000000 
User 2, Acc 3 Balance 9955.000000, Withdraw 127.000000 
User 1, Acc 0 Balance 13914.000000, Deposit 100.000000 
User 1, Acc 0 Balance 14164.000000, Deposit 200.000000 
User 1, Acc 0 Balance 14364.000000, Deposit 300.000000 
User 1, Acc 0 Balance 14664.000000, Withdraw 200.000000 
User 1, Acc 0 Balance 14464.000000, Withdraw 100.000000 
User 1, Acc 0 Balance 14364.000000, Withdraw 50.000000 
User 1, Acc 1 Balance 11119.000000, Transfer 200.000000 to Acc 0
Balance in 0: 14514.000000
User 3, Acc 3 Balance 8478.000000, Withdraw 127.000000 
User 3, Acc 4 Balance 9230.000000, Withdraw 167.000000 
User 5, Acc 7 Balance 9113.000000, Deposit 967.000000 
User 5, Acc 1 Balance 10919.000000, Transfer 19.000000 to Acc 7
User 4, Acc 0 Balance 14064.000000, Withdraw 50.000000 
User 0, Acc 6 Balance 9940.000000, Withdraw 647.000000 
User 2, Acc 6 Balance 9940.000000, Withdraw 647.000000 
User 0, Acc 6 Balance 9293.000000, Deposit 953.000000 
User 2, Acc 6 Balance 8646.000000, Deposit 953.000000 
User 2, Acc 7 Balance 9864.000000, Deposit 967.000000 
User 1, Acc 0 Balance 14514.000000, Deposit 7.000000 
User 5, Acc 2 Balance 12792.000000, Transfer 23.000000 to Acc 7
User 1, Acc 1 Balance 10900.000000, Deposit 11.000000 
User 6, Acc 2 Balance 12934.000000, Withdraw 71.000000 
User 1, Acc 2 Balance 12769.000000, Deposit 9.000000 
User 6, Acc 3 Balance 9701.000000, Withdraw 127.000000 
User 6, Acc 4 Balance 9063.000000, Withdraw 167.000000 
User 1, Acc 3 Balance 9574.000000, Transfer 29.000000 to Acc 7
User 2, Acc 1 Balance 10900.000000, Transfer 19.000000 to Acc 7
User 5, Acc 6 Balance 10552.000000, Transfer 67.000000 to Acc 5
User 0, Acc 7 Balance 9864.000000, Deposit 967.000000 
User 3, Acc 5 Balance 11186.000000, Withdraw 307.000000 
User 0, Acc 1 Balance 10892.000000, Transfer 19.000000 to Acc 7
User 6, Acc 5 Balance 11186.000000, Withdraw 307.000000 
User 1, Acc 7 Balance 10883.000000, Transfer 31.000000 to Acc 6
User 1, Acc 7 Balance 11857.000000, Transfer 137.000000 to Acc 5
User 1, Acc 7 Balance 11720.000000, Transfer 3.000000 to Acc 4
User 1, Acc 7 Balance 11717.000000, Transfer 5.000000 to Acc 4
User 1, Acc 3 Balance 9545.000000, Deposit 929.000000 
User 1, Acc 4 Balance 8904.000000, Deposit 937.000000 
User 1, Acc 5 Balance 10776.000000, Deposit 941.000000 
User 1, Acc 4 Balance 9841.000000, Withdraw 1167.000000 
User 1, Acc 5 Balance 11717.000000, Withdraw 1307.000000 
User 1, Acc 1 Balance 10873.000000, Transfer 89.000000 to Acc 8
User 1, Acc 1 Balance 10784.000000, Transfer 163.000000 to Acc 9
User 1, Acc 1 Balance 10621.000000, Withdraw 41.000000 
User 1, Acc 2 Balance 12707.000000, Withdraw 71.000000 
User 1, Acc 3 Balance 10474.000000, Withdraw 1127.000000 
User 1, Acc 6 Balance 10516.000000, Withdraw 647.000000 
User 1, Acc 6 Balance 9869.000000, Deposit 953.000000 
User 1, Acc 7 Balance 11712.000000, Deposit 967.000000 
User 1, Acc 1 Balance 10580.000000, Transfer 19.000000 to Acc 7
User 1, Acc 2 Balance 12636.000000, Transfer 23.000000 to Acc 7
User 1, Acc 6 Balance 10822.000000, Transfer 1167.000000 to Acc 5
User 1, Acc 4 Balance 8674.000000, Transfer 53.000000 to Acc 5
User 1, Acc 7 Balance 12721.000000, Withdraw 1593.000000 
User 1, Acc 8 Balance 3863.000000, Withdraw 449.000000 
User 1, Acc 9 Balance 22578.000000, Withdraw 163.000000 
User 1, Acc 0 Balance 14471.000000, Deposit 400.000000 
User 1, Acc 0 Balance 14871.000000, Withdraw 200.000000 
User 1, Acc 1 Balance 10561.000000, Deposit 100.000000 
User 1, Acc 2 Balance 12613.000000, Deposit 900.000000 
User 1, Acc 1 Balance 10661.000000, Withdraw 50.000000 
User 1, Acc 2 Balance 13513.000000, Withdraw 150.000000 
User 1, Acc 3 Balance 9347.000000, Deposit 500.000000 
User 1, Acc 2 Balance 13363.000000, Transfer 300.000000 to Acc 1
User 1, Acc 3 Balance 9847.000000, Transfer 300.000000 to Acc 1
User 1, Acc 0 Balance 14671.000000, Deposit 400.000000 
User 1, Acc 3 Balance 9547.000000, Withdraw 200.000000 
Balance in 1: 11211.000000
User 1, Acc 9 Balance 22415.000000, Deposit 617.000000 
User 1, Acc 9 Balance 23032.000000, Transfer 617.000000 to Acc 1
User 1, Acc 8 Balance 3414.000000, Deposit 619.000000 
User 1, Acc 8 Balance 4033.000000, Transfer 619.000000 to Acc 2
User 1, Acc 7 Balance 11128.000000, Deposit 631.000000 
User 1, Acc 7 Balance 11759.000000, Transfer 631.000000 to Acc 3
User 1, Acc 6 Balance 9655.000000, Deposit 641.000000 
User 1, Acc 6 Balance 10296.000000, Transfer 641.000000 to Acc 4
User 1, Acc 5 Balance 11630.000000, Deposit 643.000000 
User 1, Acc 5 Balance 12273.000000, Transfer 1200.000000 to Acc 6
User 1, Acc 4 Balance 9262.000000, Deposit 647.000000 
User 1, Acc 4 Balance 9909.000000, Transfer 1200.000000 to Acc 7
User 1, Acc 3 Balance 9978.000000, Deposit 653.000000 
User 1, Acc 3 Balance 10631.000000, Transfer 1200.000000 to Acc 8
User 1, Acc 2 Balance 13682.000000, Deposit 659.000000 
User 1, Acc 2 Balance 14341.000000, Transfer 1200.000000 to Acc 9
User 1, Acc 1 Balance 11828.000000, Deposit 661.000000 
User 1, Acc 1 Balance 12489.000000, Transfer 1200.000000 to Acc 9
User 1, Acc 0 Balance 15071.000000, Deposit 673.000000 
User 1, Acc 0 Balance 15744.000000, Transfer 1200.000000 to Acc 9
User 1, Acc 0 Balance 14544.000000, Deposit 400.000000 
User 1, Acc 0 Balance 14944.000000, Withdraw 200.000000 
User 1, Acc 0 Balance 14744.000000, Deposit 100.000000 
User 1, Acc 0 Balance 14844.000000, Withdraw 50.000000 
User 1, Acc 0 Balance 14794.000000, Withdraw 150.000000 
User 1, Acc 0 Balance 14644.000000, Deposit 300.000000 
User 1, Acc 0 Balance 14944.000000, Transfer 300.000000 to Acc 1
Balance in 1: 11589.000000
User 3, Acc 6 Balance 10485.000000, Withdraw 647.000000 
User 3, Acc 7 Balance 12328.000000, Withdraw 593.000000 
User 3, Acc 8 Balance 4614.000000, Withdraw 449.000000 
User 3, Acc 9 Balance 26015.000000, Withdraw 163.000000 
User 3, Acc 0 Balance 14644.000000, Deposit 907.000000 
User 3, Acc 1 Balance 11589.000000, Deposit 911.000000 
User 3, Acc 2 Balance 13141.000000, Deposit 919.000000 
User 3, Acc 3 Balance 9431.000000, Transfer 29.000000 to Acc 7
User 3, Acc 7 Balance 11764.000000, Transfer 31.000000 to Acc 6
User 3, Acc 7 Balance 11733.000000, Transfer 37.000000 to Acc 5
User 3, Acc 7 Balance 11696.000000, Transfer 3.000000 to Acc 4
User 3, Acc 7 Balance 11693.000000, Transfer 5.000000 to Acc 4
User 3, Acc 3 Balance 9402.000000, Deposit 929.000000 
User 3, Acc 4 Balance 8717.000000, Deposit 937.000000 
User 3, Acc 5 Balance 11110.000000, Deposit 941.000000 
User 3, Acc 4 Balance 9654.000000, Withdraw 167.000000 
User 2, Acc 2 Balance 12707.000000, Transfer 23.000000 to Acc 7
User 6, Acc 6 Balance 10485.000000, Withdraw 647.000000 
User 2, Acc 6 Balance 10239.000000, Transfer 67.000000 to Acc 5
User 6, Acc 7 Balance 11711.000000, Withdraw 593.000000 
User 1, Acc 0 Balance 14644.000000, Deposit 907.000000 
User 1, Acc 1 Balance 12500.000000, Deposit 911.000000 
User 1, Acc 2 Balance 14037.000000, Deposit 919.000000 
User 1, Acc 3 Balance 10331.000000, Deposit 929.000000 
User 1, Acc 4 Balance 9487.000000, Deposit 937.000000 
User 1, Acc 5 Balance 12118.000000, Deposit 941.000000 
User 1, Acc 6 Balance 9525.000000, Deposit 953.000000 
User 1, Acc 7 Balance 11118.000000, Deposit 967.000000 
User 1, Acc 1 Balance 13411.000000, Transfer 19.000000 to Acc 7
User 1, Acc 2 Balance 14956.000000, Transfer 23.000000 to Acc 7
User 1, Acc 3 Balance 11260.000000, Transfer 29.000000 to Acc 7
User 1, Acc 7 Balance 12156.000000, Transfer 31.000000 to Acc 6
User 1, Acc 7 Balance 12125.000000, Transfer 37.000000 to Acc 5
User 1, Acc 7 Balance 12088.000000, Transfer 3.000000 to Acc 4
User 3, Acc 5 Balance 12051.000000, Withdraw 307.000000 
User 1, Acc 7 Balance 12085.000000, Transfer 5.000000 to Acc 4
User 3, Acc 1 Balance 13392.000000, Transfer 89.000000 to Acc 8
User 5, Acc 4 Balance 8896.000000, Transfer 53.000000 to Acc 5
User 3, Acc 1 Balance 13303.000000, Transfer 163.000000 to Acc 9
User 0, Acc 2 Balance 12707.000000, Transfer 23.000000 to Acc 7
User 4, Acc 1 Balance 10900.000000, Transfer 200.000000 to Acc 0
User 1, Acc 6 Balance 10509.000000, Transfer 67.000000 to Acc 5
User 1, Acc 4 Balance 10379.000000, Transfer 53.000000 to Acc 5
User 1, Acc 1 Balance 12940.000000, Transfer 89.000000 to Acc 8
User 1, Acc 1 Balance 12851.000000, Transfer 163.000000 to Acc 9
User 1, Acc 1 Balance 12688.000000, Withdraw 41.000000 
User 1, Acc 2 Balance 14910.000000, Withdraw 71.000000 
User 1, Acc 3 Balance 11231.000000, Withdraw 127.000000 
User 1, Acc 4 Balance 10326.000000, Withdraw 167.000000 
User 1, Acc 5 Balance 12962.000000, Withdraw 307.000000 
User 1, Acc 6 Balance 10442.000000, Withdraw 647.000000 
User 1, Acc 7 Balance 12103.000000, Withdraw 593.000000 
User 1, Acc 8 Balance 4343.000000, Withdraw 449.000000 
User 1, Acc 9 Balance 26178.000000, Withdraw 163.000000 
User 1, Acc 0 Balance 16658.000000, Deposit 100.000000 
User 1, Acc 0 Balance 16758.000000, Deposit 200.000000 
User 1, Acc 0 Balance 16958.000000, Deposit 300.000000 
User 1, Acc 0 Balance 17258.000000, Withdraw 200.000000 
User 0, Acc 6 Balance 10509.000000, Transfer 67.000000 to Acc 5
User 1, Acc 0 Balance 17058.000000, Withdraw 100.000000 
User 1, Acc 0 Balance 16958.000000, Withdraw 50.000000 
User 0, Acc 4 Balance 10159.000000, Transfer 53.000000 to Acc 5
User 1, Acc 1 Balance 12647.000000, Transfer 200.000000 to Acc 0
User 5, Acc 7 Balance 12080.000000, Withdraw 593.000000 
User 3, Acc 1 Balance 13140.000000, Withdraw 41.000000 
User 5, Acc 8 Balance 3894.000000, Withdraw 449.000000 
User 3, Acc 2 Balance 14839.000000, Withdraw 71.000000 
User 6, Acc 8 Balance 4165.000000, Withdraw 449.000000 
User 0, Acc 7 Balance 11510.000000, Withdraw 593.000000 
User 6, Acc 9 Balance 26015.000000, Withdraw 163.000000 
User 0, Acc 8 Balance 2996.000000, Withdraw 449.000000 
User 0, Acc 9 Balance 25852.000000, Withdraw 163.000000 
User 5, Acc 9 Balance 26015.000000, Withdraw 163.000000 
User 2, Acc 4 Balance 9487.000000, Transfer 53.000000 to Acc 5
User 2, Acc 7 Balance 10324.000000, Withdraw 593.000000 
User 2, Acc 8 Balance 2547.000000, Withdraw 449.000000 
User 2, Acc 9 Balance 25526.000000, Withdraw 163.000000 
Balance in 0: 16658.000000
User 3, Acc 3 Balance 11104.000000, Withdraw 127.000000 
User 3, Acc 6 Balance 9728.000000, Withdraw 647.000000 
User 3, Acc 6 Balance 9081.000000, Deposit 953.000000 
User 3, Acc 7 Balance 9731.000000, Deposit 967.000000 
User 3, Acc 1 Balance 12406.000000, Transfer 19.000000 to Acc 7
Balance in 0: 17108.000000
User 3, Acc 2 Balance 14768.000000, Transfer 23.000000 to Acc 7
User 3, Acc 6 Balance 10034.000000, Transfer 67.000000 to Acc 5
User 3, Acc 4 Balance 10053.000000, Transfer 53.000000 to Acc 5
User 3, Acc 7 Balance 10740.000000, Withdraw 593.000000 
User 3, Acc 8 Balance 2098.000000, Withdraw 449.000000 
User 3, Acc 9 Balance 25363.000000, Withdraw 163.000000 
  ***     End of transaction batch    ***  
Account 0 balance after completion of transaction batch: 17108.000000
Account 1 balance after completion of transaction batch: 12387.000000
Account 2 balance after completion of transaction batch: 14745.000000
Account 3 balance after completion of transaction batch: 10977.000000
Account 4 balance after completion of transaction batch: 10000.000000
Account 5 balance after completion of transaction batch: 12948.000000
Account 6 balance after completion of transaction batch: 9967.000000
Account 7 balance after completion of transaction batch: 10147.000000
Account 8 balance after completion of transaction batch: 1649.000000
Account 9 balance after completion of transaction batch: 25200.000000
