# Output generated by:
# ./my_executable 8 data/transactions7.txt data/transactions9.txt data/transactions3.txt data/transactions2.txt data/transactions4.txt data/transactions10.txt data/transactions5.txt data/transactions1.txt

********************************************
   Reading and parsing a transaction file   
********************************************
Parsed transaction: deposit 7 9929.000000 
Loaded deposit transaction
Parsed transaction: deposit 4 937.000000 
Loaded deposit transaction
Parsed transaction: deposit 5 941.000000 
Loaded deposit transaction
Parsed transaction: deposit 0 7.000000 
Loaded deposit transaction
Parsed transaction: deposit 3 29.000000 
Loaded deposit transaction
Parsed transaction: deposit 7 9.000000 
Loaded deposit transaction
Parsed transaction: deposit 9 129.000000 
Loaded deposit transaction
Parsed transaction: transfer 3 7 29.000000 
Loaded transfer transaction
Parsed transaction: transfer 7 6 31.000000 
Loaded transfer transaction
Parsed transaction: transfer 7 5 137.000000 
Loaded transfer transaction
Parsed transaction: transfer 7 4 3.000000 
Loaded transfer transaction
Parsed transaction: transfer 7 4 5.000000 
Loaded transfer transaction
Parsed transaction: withdraw 4 1167.000000 
Loaded withdrawal transaction
Parsed transaction: withdraw 5 1307.000000 
Loaded withdrawal transaction
Parsed transaction: transfer 1 8 89.000000 
Loaded transfer transaction
Parsed transaction: transfer 1 9 163.000000 
Loaded transfer transaction
Parsed transaction: withdraw 1 41.000000 
Loaded withdrawal transaction
Parsed transaction: withdraw 2 71.000000 
Loaded withdrawal transaction
Parsed transaction: withdraw 3 1127.000000 
Loaded withdrawal transaction
Parsed transaction: withdraw 6 647.000000 
Loaded withdrawal transaction
Parsed transaction: deposit 6 1953.000000 
Loaded deposit transaction
Parsed transaction: deposit 7 967.000000 
Loaded deposit transaction
Parsed transaction: transfer 1 7 19.000000 
Loaded transfer transaction
Parsed transaction: transfer 2 7 23.000000 
Loaded transfer transaction
Parsed transaction: transfer 6 5 1167.000000 
Loaded transfer transaction
Parsed transaction: transfer 4 5 53.000000 
Loaded transfer transaction
Parsed transaction: withdraw 7 1593.000000 
Loaded withdrawal transaction
Parsed transaction: withdraw 8 449.000000 
Loaded withdrawal transaction
Parsed transaction: withdraw 9 163.000000 
Loaded withdrawal transaction
********************************************
********************************************
   Reading and parsing a transaction file   
********************************************
Parsed transaction: deposit 9 617.000000 
Loaded deposit transaction
Parsed transaction: transfer 9 1 617.000000 
Loaded transfer transaction
Parsed transaction: deposit 8 619.000000 
Loaded deposit transaction
Parsed transaction: transfer 8 2 619.000000 
Loaded transfer transaction
Parsed transaction: deposit 7 631.000000 
Loaded deposit transaction
Parsed transaction: transfer 7 3 631.000000 
Loaded transfer transaction
Parsed transaction: deposit 6 641.000000 
Loaded deposit transaction
Parsed transaction: transfer 6 4 641.000000 
Loaded transfer transaction
Parsed transaction: deposit 5 643.000000 
Loaded deposit transaction
Parsed transaction: transfer 5 6 1200.000000 
Loaded transfer transaction
Parsed transaction: deposit 4 647.000000 
Loaded deposit transaction
Parsed transaction: transfer 4 7 1200.000000 
Loaded transfer transaction
Parsed transaction: deposit 3 653.000000 
Loaded deposit transaction
Parsed transaction: transfer 3 8 1200.000000 
Loaded transfer transaction
Parsed transaction: deposit 2 659.000000 
Loaded deposit transaction
Parsed transaction: transfer 2 9 1200.000000 
Loaded transfer transaction
Parsed transaction: deposit 1 661.000000 
Loaded deposit transaction
Parsed transaction: transfer 1 9 1200.000000 
Loaded transfer transaction
Parsed transaction: deposit 0 673.000000 
Loaded deposit transaction
Parsed transaction: transfer 0 9 1200.000000 
Loaded transfer transaction
Parsed transaction: withdraw 1 50.000000 
Loaded withdrawal transaction
Parsed transaction: withdraw 2 50.000000 
Loaded withdrawal transaction
Parsed transaction: withdraw 3 50.000000 
Loaded withdrawal transaction
Parsed transaction: withdraw 4 50.000000 
Loaded withdrawal transaction
Parsed transaction: withdraw 5 50.000000 
Loaded withdrawal transaction
Parsed transaction: withdraw 6 50.000000 
Loaded withdrawal transaction
Parsed transaction: withdraw 7 50.000000 
Loaded withdrawal transaction
Parsed transaction: withdraw 8 50.000000 
Loaded withdrawal transaction
Parsed transaction: withdraw 9 50.000000 
Loaded withdrawal transaction
Parsed transaction: withdraw 0 50.000000 
Loaded withdrawal transaction
********************************************
********************************************
   Reading and parsing a transaction file   
********************************************
Parsed transaction: deposit 0 400.000000 
Loaded deposit transaction
Parsed transaction: withdraw 0 200.000000 
Loaded withdrawal transaction
Parsed transaction: deposit 1 100.000000 
Loaded deposit transaction
Parsed transaction: deposit 2 900.000000 
Loaded deposit transaction
Parsed transaction: withdraw 1 50.000000 
Loaded withdrawal transaction
Parsed transaction: withdraw 2 150.000000 
Loaded withdrawal transaction
Parsed transaction: deposit 3 500.000000 
Loaded deposit transaction
Parsed transaction: transfer 2 1 300.000000 
Loaded transfer transaction
Parsed transaction: transfer 3 1 300.000000 
Loaded transfer transaction
Parsed transaction: deposit 0 400.000000 
Loaded deposit transaction
Parsed transaction: withdraw 3 200.000000 
Loaded withdrawal transaction
Parsed transaction: balance 1 
Loaded balance transaction
********************************************
********************************************
   Reading and parsing a transaction file   
********************************************
Parsed transaction: deposit 0 400.000000 
Loaded deposit transaction
Parsed transaction: withdraw 0 200.000000 
Loaded withdrawal transaction
Parsed transaction: deposit 0 100.000000 
Loaded deposit transaction
Parsed transaction: withdraw 0 50.000000 
Loaded withdrawal transaction
Parsed transaction: withdraw 0 150.000000 
Loaded withdrawal transaction
Parsed transaction: deposit 0 300.000000 
Loaded deposit transaction
Parsed transaction: transfer 0 1 300.000000 
Loaded transfer transaction
Parsed transaction: balance 1 
Loaded balance transaction
********************************************
********************************************
   Reading and parsing a transaction file   
********************************************
Parsed transaction: deposit 0 907.000000 
Loaded deposit transaction
Parsed transaction: deposit 1 911.000000 
Loaded deposit transaction
Parsed transaction: deposit 2 919.000000 
Loaded deposit transaction
Parsed transaction: deposit 3 929.000000 
Loaded deposit transaction
Parsed transaction: deposit 4 937.000000 
Loaded deposit transaction
Parsed transaction: deposit 5 941.000000 
Loaded deposit transaction
Parsed transaction: deposit 6 953.000000 
Loaded deposit transaction
Parsed transaction: deposit 7 967.000000 
Loaded deposit transaction
Parsed transaction: transfer 1 7 19.000000 
Loaded transfer transaction
Parsed transaction: transfer 2 7 23.000000 
Loaded transfer transaction
Parsed transaction: transfer 3 7 29.000000 
Loaded transfer transaction
Parsed transaction: transfer 7 6 31.000000 
Loaded transfer transaction
Parsed transaction: transfer 7 5 37.000000 
Loaded transfer transaction
Parsed transaction: transfer 7 4 3.000000 
Loaded transfer transaction
Parsed transaction: transfer 7 4 5.000000 
Loaded transfer transaction
Parsed transaction: transfer 6 5 67.000000 
Loaded transfer transaction
Parsed transaction: transfer 4 5 53.000000 
Loaded transfer transaction
Parsed transaction: transfer 1 8 89.000000 
Loaded transfer transaction
Parsed transaction: transfer 1 9 163.000000 
Loaded transfer transaction
Parsed transaction: withdraw 1 41.000000 
Loaded withdrawal transaction
Parsed transaction: withdraw 2 71.000000 
Loaded withdrawal transaction
Parsed transaction: withdraw 3 127.000000 
Loaded withdrawal transaction
Parsed transaction: withdraw 4 167.000000 
Loaded withdrawal transaction
Parsed transaction: withdraw 5 307.000000 
Loaded withdrawal transaction
Parsed transaction: withdraw 6 647.000000 
Loaded withdrawal transaction
Parsed transaction: withdraw 7 593.000000 
Loaded withdrawal transaction
Parsed transaction: withdraw 8 449.000000 
Loaded withdrawal transaction
Parsed transaction: withdraw 9 163.000000 
Loaded withdrawal transaction
********************************************
********************************************
   Reading and parsing a transaction file   
********************************************
Parsed transaction: withdraw 1 500.000000 
Loaded withdrawal transaction
Parsed transaction: withdraw 2 500.000000 
Loaded withdrawal transaction
Parsed transaction: withdraw 3 500.000000 
Loaded withdrawal transaction
Parsed transaction: withdraw 4 500.000000 
Loaded withdrawal transaction
Parsed transaction: withdraw 5 500.000000 
Loaded withdrawal transaction
Parsed transaction: withdraw 6 500.000000 
Loaded withdrawal transaction
Parsed transaction: withdraw 7 500.000000 
Loaded withdrawal transaction
Parsed transaction: withdraw 8 500.000000 
Loaded withdrawal transaction
Parsed transaction: withdraw 9 500.000000 
Loaded withdrawal transaction
Parsed transaction: withdraw 0 500.000000 
Loaded withdrawal transaction
Parsed transaction: withdraw 1 500.000000 
Loaded withdrawal transaction
Parsed transaction: withdraw 2 500.000000 
Loaded withdrawal transaction
Parsed transaction: withdraw 3 500.000000 
Loaded withdrawal transaction
Parsed transaction: withdraw 4 500.000000 
Loaded withdrawal transaction
Parsed transaction: withdraw 5 500.000000 
Loaded withdrawal transaction
Parsed transaction: withdraw 6 500.000000 
Loaded withdrawal transaction
Parsed transaction: withdraw 7 500.000000 
Loaded withdrawal transaction
Parsed transaction: withdraw 8 500.000000 
Loaded withdrawal transaction
Parsed transaction: withdraw 9 500.000000 
Loaded withdrawal transaction
Parsed transaction: withdraw 0 500.000000 
Loaded withdrawal transaction
Parsed transaction: withdraw 1 500.000000 
Loaded withdrawal transaction
Parsed transaction: withdraw 2 500.000000 
Loaded withdrawal transaction
Parsed transaction: withdraw 3 500.000000 
Loaded withdrawal transaction
Parsed transaction: withdraw 4 500.000000 
Loaded withdrawal transaction
Parsed transaction: withdraw 5 500.000000 
Loaded withdrawal transaction
Parsed transaction: withdraw 6 500.000000 
Loaded withdrawal transaction
Parsed transaction: withdraw 7 500.000000 
Loaded withdrawal transaction
Parsed transaction: withdraw 8 500.000000 
Loaded withdrawal transaction
Parsed transaction: withdraw 9 500.000000 
Loaded withdrawal transaction
Parsed transaction: withdraw 0 500.000000 
Loaded withdrawal transaction
********************************************
********************************************
   Reading and parsing a transaction file   
********************************************
Parsed transaction: deposit 0 907.000000 
Loaded deposit transaction
Parsed transaction: deposit 1 911.000000 
Loaded deposit transaction
Parsed transaction: deposit 2 919.000000 
Loaded deposit transaction
Parsed transaction: transfer 3 7 29.000000 
Loaded transfer transaction
Parsed transaction: transfer 7 6 31.000000 
Loaded transfer transaction
Parsed transaction: transfer 7 5 37.000000 
Loaded transfer transaction
Parsed transaction: transfer 7 4 3.000000 
Loaded transfer transaction
Parsed transaction: transfer 7 4 5.000000 
Loaded transfer transaction
Parsed transaction: deposit 3 929.000000 
Loaded deposit transaction
Parsed transaction: deposit 4 937.000000 
Loaded deposit transaction
Parsed transaction: deposit 5 941.000000 
Loaded deposit transaction
Parsed transaction: withdraw 4 167.000000 
Loaded withdrawal transaction
Parsed transaction: withdraw 5 307.000000 
Loaded withdrawal transaction
Parsed transaction: transfer 1 8 89.000000 
Loaded transfer transaction
Parsed transaction: transfer 1 9 163.000000 
Loaded transfer transaction
Parsed transaction: withdraw 1 41.000000 
Loaded withdrawal transaction
Parsed transaction: withdraw 2 71.000000 
Loaded withdrawal transaction
Parsed transaction: withdraw 3 127.000000 
Loaded withdrawal transaction
Parsed transaction: withdraw 6 647.000000 
Loaded withdrawal transaction
Parsed transaction: deposit 6 953.000000 
Loaded deposit transaction
Parsed transaction: deposit 7 967.000000 
Loaded deposit transaction
Parsed transaction: transfer 1 7 19.000000 
Loaded transfer transaction
Parsed transaction: transfer 2 7 23.000000 
Loaded transfer transaction
Parsed transaction: transfer 6 5 67.000000 
Loaded transfer transaction
Parsed transaction: transfer 4 5 53.000000 
Loaded transfer transaction
Parsed transaction: withdraw 7 593.000000 
Loaded withdrawal transaction
Parsed transaction: withdraw 8 449.000000 
Loaded withdrawal transaction
Parsed transaction: withdraw 9 163.000000 
Loaded withdrawal transaction
********************************************
********************************************
   Reading and parsing a transaction file   
********************************************
Parsed transaction: deposit 0 100.000000 
Loaded deposit transaction
Parsed transaction: deposit 0 200.000000 
Loaded deposit transaction
Parsed transaction: deposit 0 300.000000 
Loaded deposit transaction
Parsed transaction: withdraw 0 200.000000 
Loaded withdrawal transaction
Parsed transaction: withdraw 0 100.000000 
Loaded withdrawal transaction
Parsed transaction: withdraw 0 50.000000 
Loaded withdrawal transaction
Parsed transaction: transfer 1 0 200.000000 
Loaded transfer transaction
Parsed transaction: balance 0 
Loaded balance transaction
********************************************
  ***    Start of transaction batch    ***  
User 0, Acc 7 Balance 0.000000, Deposit 9929.000000 
User 0, Acc 4 Balance 0.000000, Deposit 937.000000 
User 0, Acc 5 Balance 0.000000, Deposit 941.000000 
User 0, Acc 0 Balance 0.000000, Deposit 7.000000 
User 0, Acc 3 Balance 0.000000, Deposit 29.000000 
User 0, Acc 7 Balance 9929.000000, Deposit 9.000000 
User 0, Acc 9 Balance 0.000000, Deposit 129.000000 
User 0, Acc 3 Balance 29.000000, Transfer 29.000000 to Acc 7
User 0, Acc 7 Balance 9967.000000, Transfer 31.000000 to Acc 6
User 0, Acc 7 Balance 9936.000000, Transfer 137.000000 to Acc 5
User 0, Acc 7 Balance 9799.000000, Transfer 3.000000 to Acc 4
User 0, Acc 7 Balance 9796.000000, Transfer 5.000000 to Acc 4
[22;32mUser 0, Acc 4 Balance 945.000000, 				Withdraw 1167.000000 --insufficient funds[0m
[22;32mUser 0, Acc 5 Balance 1078.000000, 				Withdraw 1307.000000 --insufficient funds[0m
[22;32mUser 0, Acc 1 Balance 0.000000, 				Withdraw 41.000000 --insufficient funds[0m
[22;32mUser 0, Acc 2 Balance 0.000000, 				Withdraw 71.000000 --insufficient funds[0m
[22;32mUser 0, Acc 3 Balance 0.000000, 				Withdraw 1127.000000 --insufficient funds[0m
[22;32mUser 0, Acc 6 Balance 31.000000, 				Withdraw 647.000000 --insufficient funds[0m
User 0, Acc 6 Balance 31.000000, Deposit 1953.000000 
User 0, Acc 7 Balance 9791.000000, Deposit 967.000000 
User 0, Acc 6 Balance 1984.000000, Transfer 1167.000000 to Acc 5
User 0, Acc 4 Balance 945.000000, Transfer 53.000000 to Acc 5
User 0, Acc 7 Balance 10758.000000, Withdraw 1593.000000 
[22;32mUser 0, Acc 8 Balance 0.000000, 				Withdraw 449.000000 --insufficient funds[0m
[22;32mUser 0, Acc 9 Balance 129.000000, 				Withdraw 163.000000 --insufficient funds[0m
User 0, Acc 9 Balance 129.000000, Deposit 617.000000 
User 0, Acc 9 Balance 746.000000, Transfer 617.000000 to Acc 1
User 0, Acc 8 Balance 0.000000, Deposit 619.000000 
User 0, Acc 8 Balance 619.000000, Transfer 619.000000 to Acc 2
User 0, Acc 7 Balance 9165.000000, Deposit 631.000000 
User 0, Acc 7 Balance 9796.000000, Transfer 631.000000 to Acc 3
User 0, Acc 6 Balance 817.000000, Deposit 641.000000 
User 0, Acc 6 Balance 1458.000000, Transfer 641.000000 to Acc 4
User 0, Acc 5 Balance 2298.000000, Deposit 643.000000 
User 0, Acc 5 Balance 2941.000000, Transfer 1200.000000 to Acc 6
User 0, Acc 4 Balance 1533.000000, Deposit 647.000000 
User 0, Acc 4 Balance 2180.000000, Transfer 1200.000000 to Acc 7
User 0, Acc 3 Balance 631.000000, Deposit 653.000000 
User 0, Acc 3 Balance 1284.000000, Transfer 1200.000000 to Acc 8
User 0, Acc 2 Balance 619.000000, Deposit 659.000000 
User 0, Acc 2 Balance 1278.000000, Transfer 1200.000000 to Acc 9
User 0, Acc 1 Balance 617.000000, Deposit 661.000000 
User 2, Acc 0 Balance 7.000000, Deposit 400.000000 
User 1, Acc 0 Balance 7.000000, Deposit 907.000000 
User 1, Acc 1 Balance 1278.000000, Deposit 911.000000 
User 1, Acc 2 Balance 78.000000, Deposit 919.000000 
User 1, Acc 3 Balance 84.000000, Deposit 929.000000 
User 1, Acc 4 Balance 980.000000, Deposit 937.000000 
User 1, Acc 5 Balance 1741.000000, Deposit 941.000000 
User 1, Acc 6 Balance 2017.000000, Deposit 953.000000 
User 1, Acc 7 Balance 10365.000000, Deposit 967.000000 
User 1, Acc 1 Balance 2189.000000, Transfer 19.000000 to Acc 7
User 1, Acc 2 Balance 997.000000, Transfer 23.000000 to Acc 7
User 1, Acc 3 Balance 1013.000000, Transfer 29.000000 to Acc 7
User 1, Acc 7 Balance 11403.000000, Transfer 31.000000 to Acc 6
User 1, Acc 7 Balance 11372.000000, Transfer 37.000000 to Acc 5
User 1, Acc 7 Balance 11335.000000, Transfer 3.000000 to Acc 4
User 1, Acc 7 Balance 11332.000000, Transfer 5.000000 to Acc 4
User 1, Acc 6 Balance 3001.000000, Transfer 67.000000 to Acc 5
User 1, Acc 4 Balance 1925.000000, Transfer 53.000000 to Acc 5
User 1, Acc 1 Balance 2170.000000, Transfer 89.000000 to Acc 8
User 1, Acc 1 Balance 2081.000000, Transfer 163.000000 to Acc 9
User 1, Acc 1 Balance 1918.000000, Withdraw 41.000000 
User 1, Acc 2 Balance 974.000000, Withdraw 71.000000 
User 1, Acc 3 Balance 984.000000, Withdraw 127.000000 
User 1, Acc 4 Balance 1872.000000, Withdraw 167.000000 
User 1, Acc 5 Balance 2839.000000, Withdraw 307.000000 
User 1, Acc 6 Balance 2934.000000, Withdraw 647.000000 
User 1, Acc 7 Balance 11327.000000, Withdraw 593.000000 
User 1, Acc 8 Balance 1289.000000, Withdraw 449.000000 
User 1, Acc 9 Balance 1492.000000, Withdraw 163.000000 
User 1, Acc 7 Balance 10734.000000, Deposit 9929.000000 
User 1, Acc 4 Balance 1705.000000, Deposit 937.000000 
User 1, Acc 5 Balance 2532.000000, Deposit 941.000000 
User 1, Acc 0 Balance 1314.000000, Deposit 7.000000 
User 1, Acc 3 Balance 857.000000, Deposit 29.000000 
User 1, Acc 7 Balance 20663.000000, Deposit 9.000000 
User 1, Acc 9 Balance 1329.000000, Deposit 129.000000 
User 1, Acc 3 Balance 886.000000, Transfer 29.000000 to Acc 7
User 1, Acc 7 Balance 20701.000000, Transfer 31.000000 to Acc 6
User 1, Acc 7 Balance 20670.000000, Transfer 137.000000 to Acc 5
User 1, Acc 7 Balance 20533.000000, Transfer 3.000000 to Acc 4
User 1, Acc 7 Balance 20530.000000, Transfer 5.000000 to Acc 4
User 1, Acc 4 Balance 2650.000000, Withdraw 1167.000000 
User 1, Acc 5 Balance 3610.000000, Withdraw 1307.000000 
User 1, Acc 1 Balance 1877.000000, Transfer 89.000000 to Acc 8
User 1, Acc 1 Balance 1788.000000, Transfer 163.000000 to Acc 9
User 1, Acc 1 Balance 1625.000000, Withdraw 41.000000 
User 1, Acc 2 Balance 903.000000, Withdraw 71.000000 
[22;32mUser 1, Acc 3 Balance 857.000000, 				Withdraw 1127.000000 --insufficient funds[0m
User 1, Acc 6 Balance 2318.000000, Withdraw 647.000000 
User 1, Acc 6 Balance 1671.000000, Deposit 1953.000000 
User 1, Acc 7 Balance 20525.000000, Deposit 967.000000 
User 1, Acc 1 Balance 1584.000000, Transfer 19.000000 to Acc 7
User 1, Acc 2 Balance 832.000000, Transfer 23.000000 to Acc 7
User 1, Acc 6 Balance 3624.000000, Transfer 1167.000000 to Acc 5
User 1, Acc 4 Balance 1483.000000, Transfer 53.000000 to Acc 5
User 1, Acc 7 Balance 21534.000000, Withdraw 1593.000000 
User 1, Acc 8 Balance 929.000000, Withdraw 449.000000 
User 1, Acc 9 Balance 1621.000000, Withdraw 163.000000 
User 1, Acc 7 Balance 19941.000000, Deposit 9929.000000 
User 1, Acc 4 Balance 1430.000000, Deposit 937.000000 
User 1, Acc 5 Balance 3523.000000, Deposit 941.000000 
User 1, Acc 0 Balance 1321.000000, Deposit 7.000000 
User 1, Acc 3 Balance 857.000000, Deposit 29.000000 
User 1, Acc 7 Balance 29870.000000, Deposit 9.000000 
User 1, Acc 9 Balance 1458.000000, Deposit 129.000000 
User 5, Acc 0 Balance 7.000000, Deposit 100.000000 
User 5, Acc 0 Balance 1428.000000, Deposit 200.000000 
User 5, Acc 0 Balance 1628.000000, Deposit 300.000000 
User 5, Acc 0 Balance 1928.000000, Withdraw 200.000000 
User 5, Acc 0 Balance 1728.000000, Withdraw 100.000000 
User 5, Acc 0 Balance 1628.000000, Withdraw 50.000000 
User 5, Acc 1 Balance 1565.000000, Transfer 200.000000 to Acc 0
Balance in 0: 1778.000000
User 5, Acc 7 Balance 29879.000000, Deposit 9929.000000 
User 5, Acc 4 Balance 2367.000000, Deposit 937.000000 
User 5, Acc 5 Balance 4464.000000, Deposit 941.000000 
User 5, Acc 0 Balance 1778.000000, Deposit 7.000000 
User 5, Acc 3 Balance 886.000000, Deposit 29.000000 
User 5, Acc 7 Balance 39808.000000, Deposit 9.000000 
User 5, Acc 9 Balance 1587.000000, Deposit 129.000000 
User 5, Acc 3 Balance 915.000000, Transfer 29.000000 to Acc 7
User 5, Acc 7 Balance 39846.000000, Transfer 31.000000 to Acc 6
User 5, Acc 7 Balance 39815.000000, Transfer 137.000000 to Acc 5
User 5, Acc 7 Balance 39678.000000, Transfer 3.000000 to Acc 4
User 4, Acc 0 Balance 7.000000, Deposit 400.000000 
User 4, Acc 0 Balance 2185.000000, Withdraw 200.000000 
User 4, Acc 0 Balance 1985.000000, Deposit 100.000000 
User 4, Acc 0 Balance 2085.000000, Withdraw 50.000000 
User 4, Acc 0 Balance 2035.000000, Withdraw 150.000000 
User 4, Acc 0 Balance 1885.000000, Deposit 300.000000 
User 4, Acc 0 Balance 2185.000000, Transfer 300.000000 to Acc 1
Balance in 1: 1665.000000
User 7, Acc 0 Balance 7.000000, Deposit 907.000000 
User 7, Acc 1 Balance 1665.000000, Deposit 911.000000 
User 7, Acc 2 Balance 809.000000, Deposit 919.000000 
User 7, Acc 3 Balance 886.000000, Transfer 29.000000 to Acc 7
User 7, Acc 7 Balance 39704.000000, Transfer 31.000000 to Acc 6
User 7, Acc 7 Balance 39673.000000, Transfer 37.000000 to Acc 5
User 7, Acc 7 Balance 39636.000000, Transfer 3.000000 to Acc 4
User 7, Acc 7 Balance 39633.000000, Transfer 5.000000 to Acc 4
User 7, Acc 3 Balance 857.000000, Deposit 929.000000 
User 7, Acc 4 Balance 3315.000000, Deposit 937.000000 
User 7, Acc 5 Balance 5579.000000, Deposit 941.000000 
User 7, Acc 4 Balance 4252.000000, Withdraw 167.000000 
User 7, Acc 5 Balance 6520.000000, Withdraw 307.000000 
User 7, Acc 1 Balance 2576.000000, Transfer 89.000000 to Acc 8
User 7, Acc 1 Balance 2487.000000, Transfer 163.000000 to Acc 9
User 7, Acc 1 Balance 2324.000000, Withdraw 41.000000 
User 6, Acc 1 Balance 617.000000, Withdraw 500.000000 
User 4, Acc 9 Balance 1716.000000, Deposit 617.000000 
User 6, Acc 2 Balance 1728.000000, Withdraw 500.000000 
User 6, Acc 3 Balance 1786.000000, Withdraw 500.000000 
User 4, Acc 9 Balance 2496.000000, Transfer 617.000000 to Acc 1
User 6, Acc 4 Balance 4085.000000, Withdraw 500.000000 
User 0, Acc 1 Balance 1278.000000, Transfer 1200.000000 to Acc 9
User 0, Acc 0 Balance 2792.000000, Deposit 673.000000 
User 0, Acc 0 Balance 3465.000000, Transfer 1200.000000 to Acc 9
User 1, Acc 3 Balance 886.000000, Transfer 29.000000 to Acc 7
User 0, Acc 1 Balance 1200.000000, Withdraw 50.000000 
User 1, Acc 7 Balance 39657.000000, Transfer 31.000000 to Acc 6
User 0, Acc 2 Balance 1228.000000, Withdraw 50.000000 
User 6, Acc 5 Balance 6213.000000, Withdraw 500.000000 
User 0, Acc 3 Balance 1257.000000, Withdraw 50.000000 
User 5, Acc 7 Balance 39675.000000, Transfer 5.000000 to Acc 4
User 3, Acc 7 Balance 10365.000000, Deposit 9929.000000 
User 5, Acc 4 Balance 3590.000000, Withdraw 1167.000000 
User 3, Acc 4 Balance 3590.000000, Deposit 937.000000 
User 1, Acc 7 Balance 39626.000000, Transfer 137.000000 to Acc 5
User 6, Acc 6 Balance 2550.000000, Withdraw 500.000000 
User 2, Acc 0 Balance 407.000000, Withdraw 200.000000 
User 0, Acc 4 Balance 3585.000000, Withdraw 50.000000 
User 0, Acc 5 Balance 5850.000000, Withdraw 50.000000 
User 5, Acc 5 Balance 5713.000000, Withdraw 1307.000000 
User 0, Acc 6 Balance 2050.000000, Withdraw 50.000000 
User 5, Acc 1 Balance 1150.000000, Transfer 89.000000 to Acc 8
User 0, Acc 7 Balance 49413.000000, Withdraw 50.000000 
User 5, Acc 1 Balance 1061.000000, Transfer 163.000000 to Acc 9
User 0, Acc 8 Balance 658.000000, Withdraw 50.000000 
User 2, Acc 1 Balance 1150.000000, Deposit 100.000000 
User 0, Acc 9 Balance 4442.000000, Withdraw 50.000000 
User 0, Acc 0 Balance 2065.000000, Withdraw 50.000000 
User 0, Acc 7 Balance 49363.000000, Deposit 9929.000000 
User 0, Acc 4 Balance 3310.000000, Deposit 937.000000 
User 0, Acc 5 Balance 4493.000000, Deposit 941.000000 
User 0, Acc 0 Balance 2015.000000, Deposit 7.000000 
User 0, Acc 3 Balance 1207.000000, Deposit 29.000000 
User 0, Acc 7 Balance 59292.000000, Deposit 9.000000 
User 0, Acc 9 Balance 4392.000000, Deposit 129.000000 
User 0, Acc 3 Balance 1236.000000, Transfer 29.000000 to Acc 7
User 0, Acc 7 Balance 59330.000000, Transfer 31.000000 to Acc 6
User 0, Acc 7 Balance 59299.000000, Transfer 137.000000 to Acc 5
User 0, Acc 7 Balance 59162.000000, Transfer 3.000000 to Acc 4
User 4, Acc 8 Balance 569.000000, Deposit 619.000000 
User 0, Acc 7 Balance 59159.000000, Transfer 5.000000 to Acc 4
User 4, Acc 8 Balance 1227.000000, Transfer 619.000000 to Acc 2
User 0, Acc 4 Balance 4255.000000, Withdraw 1167.000000 
User 4, Acc 7 Balance 59154.000000, Deposit 631.000000 
User 0, Acc 5 Balance 5571.000000, Withdraw 1307.000000 
User 6, Acc 7 Balance 49413.000000, Withdraw 500.000000 
User 6, Acc 8 Balance 608.000000, Withdraw 500.000000 
User 3, Acc 5 Balance 5713.000000, Deposit 941.000000 
User 6, Acc 9 Balance 4521.000000, Withdraw 500.000000 
User 3, Acc 0 Balance 2022.000000, Deposit 7.000000 
User 6, Acc 0 Balance 2022.000000, Withdraw 500.000000 
User 7, Acc 2 Balance 1728.000000, Withdraw 71.000000 
User 5, Acc 1 Balance 898.000000, Withdraw 41.000000 
User 7, Acc 3 Balance 1207.000000, Withdraw 127.000000 
User 2, Acc 2 Balance 1178.000000, Deposit 900.000000 
User 7, Acc 6 Balance 2031.000000, Withdraw 647.000000 
User 2, Acc 1 Balance 957.000000, Withdraw 50.000000 
User 2, Acc 2 Balance 2626.000000, Withdraw 150.000000 
User 6, Acc 1 Balance 998.000000, Withdraw 500.000000 
User 2, Acc 3 Balance 1080.000000, Deposit 500.000000 
User 2, Acc 2 Balance 2476.000000, Transfer 300.000000 to Acc 1
User 6, Acc 2 Balance 2476.000000, Withdraw 500.000000 
User 1, Acc 7 Balance 49413.000000, Transfer 3.000000 to Acc 4
User 6, Acc 3 Balance 1580.000000, Withdraw 500.000000 
User 1, Acc 7 Balance 59282.000000, Transfer 5.000000 to Acc 4
User 3, Acc 3 Balance 1207.000000, Deposit 29.000000 
User 0, Acc 1 Balance 998.000000, Transfer 89.000000 to Acc 8
User 3, Acc 7 Balance 59277.000000, Deposit 9.000000 
User 0, Acc 1 Balance 618.000000, Transfer 163.000000 to Acc 9
User 3, Acc 9 Balance 4021.000000, Deposit 129.000000 
User 6, Acc 4 Balance 3091.000000, Withdraw 500.000000 
User 3, Acc 3 Balance 1109.000000, Transfer 29.000000 to Acc 7
User 6, Acc 5 Balance 5205.000000, Withdraw 500.000000 
User 2, Acc 3 Balance 1580.000000, Transfer 300.000000 to Acc 1
User 6, Acc 6 Balance 1384.000000, Withdraw 500.000000 
User 2, Acc 0 Balance 1529.000000, Deposit 400.000000 
User 1, Acc 4 Balance 3096.000000, Withdraw 1167.000000 
User 4, Acc 7 Balance 59785.000000, Transfer 631.000000 to Acc 3
User 5, Acc 2 Balance 1726.000000, Withdraw 71.000000 
User 5, Acc 3 Balance 1411.000000, Withdraw 1127.000000 
User 5, Acc 6 Balance 884.000000, Withdraw 647.000000 
User 5, Acc 6 Balance 237.000000, Deposit 1953.000000 
User 5, Acc 7 Balance 58684.000000, Deposit 967.000000 
User 2, Acc 3 Balance 780.000000, Withdraw 200.000000 
Balance in 1: 755.000000
User 3, Acc 7 Balance 59315.000000, Transfer 31.000000 to Acc 6
User 3, Acc 7 Balance 59620.000000, Transfer 137.000000 to Acc 5
User 1, Acc 5 Balance 4705.000000, Withdraw 1307.000000 
User 4, Acc 6 Balance 884.000000, Deposit 641.000000 
User 0, Acc 1 Balance 455.000000, Withdraw 41.000000 
User 7, Acc 6 Balance 1384.000000, Deposit 953.000000 
User 6, Acc 7 Balance 59315.000000, Withdraw 500.000000 
User 7, Acc 7 Balance 59483.000000, Deposit 967.000000 
User 5, Acc 1 Balance 755.000000, Transfer 19.000000 to Acc 7
User 7, Acc 1 Balance 714.000000, Transfer 19.000000 to Acc 7
User 7, Acc 2 Balance 1605.000000, Transfer 23.000000 to Acc 7
User 1, Acc 1 Balance 755.000000, Transfer 89.000000 to Acc 8
User 4, Acc 6 Balance 2862.000000, Transfer 641.000000 to Acc 4
User 1, Acc 1 Balance 587.000000, Transfer 163.000000 to Acc 9
User 1, Acc 1 Balance 424.000000, Withdraw 41.000000 
User 1, Acc 2 Balance 1582.000000, Withdraw 71.000000 
[22;32mUser 1, Acc 3 Balance 84.000000, 				Withdraw 1127.000000 --insufficient funds[0m
User 1, Acc 6 Balance 3174.000000, Withdraw 647.000000 
User 1, Acc 6 Balance 2527.000000, Deposit 1953.000000 
User 1, Acc 7 Balance 60011.000000, Deposit 967.000000 
User 1, Acc 1 Balance 383.000000, Transfer 19.000000 to Acc 7
User 7, Acc 6 Balance 3815.000000, Transfer 67.000000 to Acc 5
User 7, Acc 4 Balance 2070.000000, Transfer 53.000000 to Acc 5
User 7, Acc 7 Balance 60997.000000, Withdraw 593.000000 
[22;32mUser 7, Acc 8 Balance 286.000000, 				Withdraw 449.000000 --insufficient funds[0m
User 7, Acc 9 Balance 4476.000000, Withdraw 163.000000 
User 7, Acc 7 Balance 60404.000000, Deposit 9929.000000 
User 7, Acc 4 Balance 2017.000000, Deposit 937.000000 
User 7, Acc 5 Balance 3655.000000, Deposit 941.000000 
User 7, Acc 0 Balance 1929.000000, Deposit 7.000000 
User 7, Acc 3 Balance 84.000000, Deposit 29.000000 
User 7, Acc 7 Balance 70333.000000, Deposit 9.000000 
User 7, Acc 9 Balance 4313.000000, Deposit 129.000000 
User 7, Acc 3 Balance 113.000000, Transfer 29.000000 to Acc 7
User 7, Acc 7 Balance 70371.000000, Transfer 31.000000 to Acc 6
User 7, Acc 7 Balance 70340.000000, Transfer 137.000000 to Acc 5
User 7, Acc 7 Balance 70203.000000, Transfer 3.000000 to Acc 4
User 7, Acc 7 Balance 70200.000000, Transfer 5.000000 to Acc 4
User 7, Acc 4 Balance 2962.000000, Withdraw 1167.000000 
User 7, Acc 5 Balance 4733.000000, Withdraw 1307.000000 
User 7, Acc 1 Balance 364.000000, Transfer 89.000000 to Acc 8
User 7, Acc 1 Balance 275.000000, Transfer 163.000000 to Acc 9
User 7, Acc 1 Balance 112.000000, Withdraw 41.000000 
User 7, Acc 2 Balance 1511.000000, Withdraw 71.000000 
[22;32mUser 7, Acc 3 Balance 84.000000, 				Withdraw 1127.000000 --insufficient funds[0m
User 7, Acc 6 Balance 4444.000000, Withdraw 647.000000 
User 7, Acc 6 Balance 3797.000000, Deposit 1953.000000 
User 7, Acc 7 Balance 70195.000000, Deposit 967.000000 
User 7, Acc 1 Balance 71.000000, Transfer 19.000000 to Acc 7
User 7, Acc 2 Balance 1440.000000, Transfer 23.000000 to Acc 7
User 7, Acc 6 Balance 5750.000000, Transfer 1167.000000 to Acc 5
User 7, Acc 4 Balance 1795.000000, Transfer 53.000000 to Acc 5
User 7, Acc 7 Balance 71204.000000, Withdraw 1593.000000 
[22;32mUser 7, Acc 8 Balance 375.000000, 				Withdraw 449.000000 --insufficient funds[0m
User 7, Acc 9 Balance 4605.000000, Withdraw 163.000000 
User 7, Acc 7 Balance 69611.000000, Deposit 9929.000000 
User 2, Acc 9 Balance 4313.000000, Deposit 617.000000 
User 2, Acc 9 Balance 5059.000000, Transfer 617.000000 to Acc 1
User 3, Acc 7 Balance 59483.000000, Transfer 3.000000 to Acc 4
User 3, Acc 7 Balance 79537.000000, Transfer 5.000000 to Acc 4
User 3, Acc 4 Balance 1750.000000, Withdraw 1167.000000 
User 3, Acc 5 Balance 4646.000000, Withdraw 1307.000000 
User 3, Acc 1 Balance 669.000000, Transfer 89.000000 to Acc 8
User 3, Acc 1 Balance 580.000000, Transfer 163.000000 to Acc 9
User 3, Acc 1 Balance 417.000000, Withdraw 41.000000 
User 3, Acc 2 Balance 1417.000000, Withdraw 71.000000 
[22;32mUser 3, Acc 3 Balance 84.000000, 				Withdraw 1127.000000 --insufficient funds[0m
User 3, Acc 6 Balance 4583.000000, Withdraw 647.000000 
[22;32mUser 6, Acc 8 Balance 197.000000, 				Withdraw 500.000000 --insufficient funds[0m
User 6, Acc 9 Balance 4605.000000, Withdraw 500.000000 
User 7, Acc 4 Balance 1742.000000, Deposit 937.000000 
User 7, Acc 5 Balance 3339.000000, Deposit 941.000000 
User 7, Acc 0 Balance 1936.000000, Deposit 7.000000 
User 7, Acc 3 Balance 84.000000, Deposit 29.000000 
User 7, Acc 7 Balance 79532.000000, Deposit 9.000000 
User 7, Acc 9 Balance 4105.000000, Deposit 129.000000 
User 7, Acc 3 Balance 113.000000, Transfer 29.000000 to Acc 7
User 7, Acc 7 Balance 79570.000000, Transfer 31.000000 to Acc 6
User 7, Acc 7 Balance 79539.000000, Transfer 137.000000 to Acc 5
User 7, Acc 7 Balance 79402.000000, Transfer 3.000000 to Acc 4
User 7, Acc 7 Balance 79399.000000, Transfer 5.000000 to Acc 4
User 7, Acc 4 Balance 1528.000000, Withdraw 1167.000000 
User 7, Acc 5 Balance 4417.000000, Withdraw 1307.000000 
User 7, Acc 1 Balance 376.000000, Transfer 89.000000 to Acc 8
User 7, Acc 1 Balance 287.000000, Transfer 163.000000 to Acc 9
User 7, Acc 1 Balance 124.000000, Withdraw 41.000000 
User 7, Acc 2 Balance 1346.000000, Withdraw 71.000000 
[22;32mUser 7, Acc 3 Balance 84.000000, 				Withdraw 1127.000000 --insufficient funds[0m
User 7, Acc 6 Balance 3967.000000, Withdraw 647.000000 
User 7, Acc 6 Balance 3320.000000, Deposit 1953.000000 
User 7, Acc 7 Balance 79394.000000, Deposit 967.000000 
User 7, Acc 1 Balance 83.000000, Transfer 19.000000 to Acc 7
User 7, Acc 2 Balance 1275.000000, Transfer 23.000000 to Acc 7
User 7, Acc 6 Balance 5273.000000, Transfer 1167.000000 to Acc 5
User 4, Acc 5 Balance 3535.000000, Deposit 643.000000 
User 4, Acc 5 Balance 4920.000000, Transfer 1200.000000 to Acc 6
User 3, Acc 6 Balance 3936.000000, Deposit 1953.000000 
User 3, Acc 7 Balance 80403.000000, Deposit 967.000000 
User 3, Acc 1 Balance 64.000000, Transfer 19.000000 to Acc 7
User 2, Acc 8 Balance 375.000000, Deposit 619.000000 
User 3, Acc 2 Balance 1252.000000, Transfer 23.000000 to Acc 7
User 3, Acc 6 Balance 7259.000000, Transfer 1167.000000 to Acc 5
User 1, Acc 2 Balance 1511.000000, Transfer 23.000000 to Acc 7
User 0, Acc 2 Balance 1605.000000, Withdraw 71.000000 
User 7, Acc 4 Balance 361.000000, Transfer 53.000000 to Acc 5
User 1, Acc 6 Balance 6092.000000, Transfer 1167.000000 to Acc 5
User 7, Acc 7 Balance 81435.000000, Withdraw 1593.000000 
User 6, Acc 0 Balance 1936.000000, Withdraw 500.000000 
User 7, Acc 8 Balance 1172.000000, Withdraw 449.000000 
User 4, Acc 4 Balance 361.000000, Deposit 647.000000 
User 2, Acc 8 Balance 1172.000000, Transfer 619.000000 to Acc 2
User 4, Acc 3 Balance 84.000000, Deposit 653.000000 
User 2, Acc 7 Balance 79842.000000, Deposit 631.000000 
User 2, Acc 7 Balance 80473.000000, Transfer 631.000000 to Acc 3
User 2, Acc 6 Balance 4925.000000, Deposit 641.000000 
User 2, Acc 6 Balance 5566.000000, Transfer 641.000000 to Acc 4
User 2, Acc 5 Balance 6107.000000, Deposit 643.000000 
User 2, Acc 5 Balance 6750.000000, Transfer 1200.000000 to Acc 6
User 2, Acc 4 Balance 1596.000000, Deposit 647.000000 
User 2, Acc 4 Balance 2243.000000, Transfer 1200.000000 to Acc 7
User 2, Acc 3 Balance 1368.000000, Deposit 653.000000 
User 4, Acc 2 Balance 1754.000000, Deposit 659.000000 
User 4, Acc 2 Balance 2413.000000, Transfer 1200.000000 to Acc 9
User 4, Acc 1 Balance 45.000000, Deposit 661.000000 
User 4, Acc 0 Balance 1443.000000, Deposit 673.000000 
User 4, Acc 0 Balance 2116.000000, Transfer 1200.000000 to Acc 9
User 4, Acc 1 Balance 706.000000, Withdraw 50.000000 
User 4, Acc 2 Balance 1213.000000, Withdraw 50.000000 
User 4, Acc 3 Balance 2021.000000, Withdraw 50.000000 
User 4, Acc 4 Balance 1043.000000, Withdraw 50.000000 
User 4, Acc 5 Balance 5550.000000, Withdraw 50.000000 
User 4, Acc 6 Balance 6125.000000, Withdraw 50.000000 
User 4, Acc 7 Balance 81042.000000, Withdraw 50.000000 
User 4, Acc 8 Balance 104.000000, Withdraw 50.000000 
User 4, Acc 9 Balance 6797.000000, Withdraw 50.000000 
User 4, Acc 0 Balance 916.000000, Withdraw 50.000000 
User 4, Acc 9 Balance 6747.000000, Deposit 617.000000 
[22;32mUser 0, Acc 3 Balance 84.000000, 				Withdraw 1127.000000 --insufficient funds[0m
User 1, Acc 4 Balance 308.000000, Transfer 53.000000 to Acc 5
User 0, Acc 6 Balance 6075.000000, Withdraw 647.000000 
User 0, Acc 6 Balance 5428.000000, Deposit 1953.000000 
[22;32mUser 6, Acc 1 Balance 45.000000, 				Withdraw 500.000000 --insufficient funds[0m
User 0, Acc 7 Balance 80992.000000, Deposit 967.000000 
User 7, Acc 9 Balance 4397.000000, Withdraw 163.000000 
User 0, Acc 1 Balance 656.000000, Transfer 19.000000 to Acc 7
User 2, Acc 3 Balance 2021.000000, Transfer 1200.000000 to Acc 8
User 4, Acc 9 Balance 7364.000000, Transfer 617.000000 to Acc 1
User 2, Acc 2 Balance 1163.000000, Deposit 659.000000 
User 4, Acc 8 Balance 1254.000000, Deposit 619.000000 
User 4, Acc 8 Balance 1873.000000, Transfer 619.000000 to Acc 2
User 7, Acc 9 Balance 7201.000000, Deposit 617.000000 
User 0, Acc 2 Balance 1163.000000, Transfer 23.000000 to Acc 7
User 0, Acc 6 Balance 7381.000000, Transfer 1167.000000 to Acc 5
User 0, Acc 4 Balance 940.000000, Transfer 53.000000 to Acc 5
User 0, Acc 7 Balance 82001.000000, Withdraw 1593.000000 
User 0, Acc 8 Balance 1254.000000, Withdraw 449.000000 
User 0, Acc 9 Balance 7201.000000, Withdraw 163.000000 
User 2, Acc 2 Balance 1822.000000, Transfer 1200.000000 to Acc 9
User 0, Acc 0 Balance 866.000000, Deposit 400.000000 
User 3, Acc 4 Balance 361.000000, Transfer 53.000000 to Acc 5
User 4, Acc 7 Balance 81978.000000, Deposit 631.000000 
User 1, Acc 7 Balance 80992.000000, Withdraw 1593.000000 
User 5, Acc 2 Balance 1605.000000, Transfer 23.000000 to Acc 7
User 6, Acc 2 Balance 1163.000000, Withdraw 500.000000 
User 5, Acc 6 Balance 6214.000000, Transfer 1167.000000 to Acc 5
User 0, Acc 0 Balance 1266.000000, Withdraw 200.000000 
User 7, Acc 9 Balance 7201.000000, Transfer 617.000000 to Acc 1
User 0, Acc 1 Balance 1254.000000, Deposit 100.000000 
User 7, Acc 8 Balance 805.000000, Deposit 619.000000 
User 0, Acc 2 Balance 695.000000, Deposit 900.000000 
User 1, Acc 8 Balance 805.000000, Withdraw 449.000000 
User 6, Acc 3 Balance 771.000000, Withdraw 500.000000 
User 2, Acc 1 Balance 1254.000000, Deposit 661.000000 
User 6, Acc 4 Balance 834.000000, Withdraw 500.000000 
User 2, Acc 1 Balance 2632.000000, Transfer 1200.000000 to Acc 9
User 6, Acc 5 Balance 7993.000000, Withdraw 500.000000 
User 2, Acc 0 Balance 1066.000000, Deposit 673.000000 
User 0, Acc 1 Balance 1971.000000, Withdraw 50.000000 
User 2, Acc 0 Balance 1739.000000, Transfer 1200.000000 to Acc 9
User 2, Acc 1 Balance 1432.000000, Withdraw 50.000000 
User 0, Acc 2 Balance 1595.000000, Withdraw 150.000000 
User 2, Acc 2 Balance 1595.000000, Withdraw 50.000000 
User 0, Acc 3 Balance 271.000000, Deposit 500.000000 
User 2, Acc 3 Balance 271.000000, Withdraw 50.000000 
User 0, Acc 2 Balance 1395.000000, Transfer 300.000000 to Acc 1
User 2, Acc 4 Balance 334.000000, Withdraw 50.000000 
User 5, Acc 4 Balance 834.000000, Transfer 53.000000 to Acc 5
User 4, Acc 7 Balance 81039.000000, Transfer 631.000000 to Acc 3
User 7, Acc 8 Balance 1424.000000, Transfer 619.000000 to Acc 2
User 4, Acc 6 Balance 5047.000000, Deposit 641.000000 
User 4, Acc 6 Balance 5688.000000, Transfer 641.000000 to Acc 4
User 1, Acc 9 Balance 7621.000000, Withdraw 163.000000 
User 4, Acc 5 Balance 7546.000000, Deposit 643.000000 
User 1, Acc 0 Balance 539.000000, Deposit 400.000000 
User 1, Acc 0 Balance 939.000000, Withdraw 200.000000 
User 3, Acc 7 Balance 80408.000000, Withdraw 1593.000000 
User 1, Acc 1 Balance 1632.000000, Deposit 100.000000 
User 6, Acc 6 Balance 5047.000000, Withdraw 500.000000 
User 1, Acc 2 Balance 1714.000000, Deposit 900.000000 
User 6, Acc 7 Balance 77245.000000, Withdraw 500.000000 
[22;32mUser 6, Acc 8 Balance 356.000000, 				Withdraw 500.000000 --insufficient funds[0m
User 4, Acc 5 Balance 8189.000000, Transfer 1200.000000 to Acc 6
User 2, Acc 5 Balance 7493.000000, Withdraw 50.000000 
User 4, Acc 4 Balance 872.000000, Deposit 647.000000 
User 2, Acc 6 Balance 5747.000000, Withdraw 50.000000 
User 4, Acc 4 Balance 1519.000000, Transfer 1200.000000 to Acc 7
User 2, Acc 7 Balance 76745.000000, Withdraw 50.000000 
User 4, Acc 3 Balance 1352.000000, Deposit 653.000000 
User 2, Acc 8 Balance 356.000000, Withdraw 50.000000 
User 6, Acc 9 Balance 9858.000000, Withdraw 500.000000 
User 5, Acc 7 Balance 79469.000000, Withdraw 1593.000000 
User 6, Acc 0 Balance 739.000000, Withdraw 500.000000 
User 7, Acc 7 Balance 78838.000000, Deposit 631.000000 
User 6, Acc 9 Balance 9358.000000, Deposit 617.000000 
User 0, Acc 3 Balance 721.000000, Transfer 300.000000 to Acc 1
User 2, Acc 9 Balance 9858.000000, Withdraw 50.000000 
User 0, Acc 0 Balance 239.000000, Deposit 400.000000 
User 0, Acc 3 Balance 1705.000000, Withdraw 200.000000 
User 4, Acc 3 Balance 2005.000000, Transfer 1200.000000 to Acc 8
User 4, Acc 2 Balance 2614.000000, Deposit 659.000000 
User 4, Acc 2 Balance 3273.000000, Transfer 1200.000000 to Acc 9
User 4, Acc 1 Balance 2032.000000, Deposit 661.000000 
User 4, Acc 1 Balance 2693.000000, Transfer 1200.000000 to Acc 9
User 4, Acc 0 Balance 639.000000, Deposit 673.000000 
User 4, Acc 0 Balance 1312.000000, Transfer 1200.000000 to Acc 9
User 2, Acc 0 Balance 639.000000, Withdraw 50.000000 
User 2, Acc 0 Balance 62.000000, Deposit 400.000000 
User 2, Acc 0 Balance 462.000000, Withdraw 200.000000 
User 2, Acc 1 Balance 1493.000000, Deposit 100.000000 
User 2, Acc 2 Balance 2073.000000, Deposit 900.000000 
User 2, Acc 1 Balance 1593.000000, Withdraw 50.000000 
User 2, Acc 2 Balance 2973.000000, Withdraw 150.000000 
User 2, Acc 3 Balance 305.000000, Deposit 500.000000 
User 2, Acc 2 Balance 2823.000000, Transfer 300.000000 to Acc 1
User 2, Acc 3 Balance 805.000000, Transfer 300.000000 to Acc 1
User 2, Acc 0 Balance 262.000000, Deposit 400.000000 
User 2, Acc 3 Balance 505.000000, Withdraw 200.000000 
Balance in 1: 2143.000000
User 2, Acc 0 Balance 662.000000, Deposit 400.000000 
User 2, Acc 0 Balance 1062.000000, Withdraw 200.000000 
[22;32mUser 3, Acc 8 Balance 356.000000, 				Withdraw 449.000000 --insufficient funds[0m
User 2, Acc 1 Balance 2143.000000, Deposit 100.000000 
Balance in 1: 2032.000000
User 2, Acc 2 Balance 2523.000000, Deposit 900.000000 
User 0, Acc 9 Balance 13525.000000, Deposit 617.000000 
User 6, Acc 9 Balance 9975.000000, Transfer 617.000000 to Acc 1
User 0, Acc 9 Balance 14142.000000, Transfer 617.000000 to Acc 1
User 4, Acc 1 Balance 1493.000000, Withdraw 50.000000 
User 0, Acc 8 Balance 1506.000000, Deposit 619.000000 
User 4, Acc 2 Balance 3423.000000, Withdraw 50.000000 
User 4, Acc 3 Balance 305.000000, Withdraw 50.000000 
User 2, Acc 1 Balance 2243.000000, Withdraw 50.000000 
User 4, Acc 4 Balance 319.000000, Withdraw 50.000000 
User 2, Acc 2 Balance 3373.000000, Withdraw 150.000000 
User 4, Acc 5 Balance 6939.000000, Withdraw 50.000000 
User 4, Acc 6 Balance 5697.000000, Withdraw 50.000000 
[22;32mUser 5, Acc 8 Balance 306.000000, 				Withdraw 449.000000 --insufficient funds[0m
User 4, Acc 7 Balance 76933.000000, Withdraw 50.000000 
User 0, Acc 8 Balance 2125.000000, Transfer 619.000000 to Acc 2
User 7, Acc 7 Balance 76933.000000, Transfer 631.000000 to Acc 3
User 7, Acc 6 Balance 5647.000000, Deposit 641.000000 
User 3, Acc 9 Balance 13525.000000, Withdraw 163.000000 
User 2, Acc 3 Balance 255.000000, Deposit 500.000000 
User 3, Acc 0 Balance 862.000000, Deposit 400.000000 
User 2, Acc 2 Balance 3842.000000, Transfer 300.000000 to Acc 1
User 1, Acc 1 Balance 1732.000000, Withdraw 50.000000 
User 4, Acc 8 Balance 2125.000000, Withdraw 50.000000 
User 1, Acc 2 Balance 3542.000000, Withdraw 150.000000 
User 4, Acc 9 Balance 12745.000000, Withdraw 50.000000 
User 7, Acc 6 Balance 6288.000000, Transfer 641.000000 to Acc 4
User 4, Acc 0 Balance 1262.000000, Withdraw 50.000000 
User 3, Acc 0 Balance 1262.000000, Withdraw 200.000000 
User 2, Acc 3 Balance 1386.000000, Transfer 300.000000 to Acc 1
User 6, Acc 8 Balance 1506.000000, Deposit 619.000000 
User 2, Acc 0 Balance 1012.000000, Deposit 400.000000 
User 1, Acc 3 Balance 1386.000000, Deposit 500.000000 
User 7, Acc 5 Balance 6889.000000, Deposit 643.000000 
User 1, Acc 2 Balance 3392.000000, Transfer 300.000000 to Acc 1
User 3, Acc 0 Balance 1012.000000, Deposit 100.000000 
User 1, Acc 3 Balance 1586.000000, Transfer 300.000000 to Acc 1
User 1, Acc 0 Balance 1412.000000, Deposit 400.000000 
User 6, Acc 8 Balance 2075.000000, Transfer 619.000000 to Acc 2
User 2, Acc 3 Balance 1086.000000, Withdraw 200.000000 
User 6, Acc 7 Balance 76252.000000, Deposit 631.000000 
User 6, Acc 7 Balance 76883.000000, Transfer 631.000000 to Acc 3
User 7, Acc 5 Balance 7532.000000, Transfer 1200.000000 to Acc 6
User 4, Acc 9 Balance 12695.000000, Deposit 617.000000 
User 0, Acc 7 Balance 76883.000000, Deposit 631.000000 
User 3, Acc 0 Balance 1512.000000, Withdraw 50.000000 
User 0, Acc 7 Balance 76883.000000, Transfer 631.000000 to Acc 3
User 1, Acc 3 Balance 1286.000000, Withdraw 200.000000 
Balance in 1: 4527.000000
User 1, Acc 0 Balance 1862.000000, Deposit 400.000000 
User 1, Acc 0 Balance 2262.000000, Withdraw 200.000000 
User 1, Acc 1 Balance 4527.000000, Deposit 100.000000 
User 1, Acc 2 Balance 3711.000000, Deposit 900.000000 
User 1, Acc 1 Balance 4627.000000, Withdraw 50.000000 
User 1, Acc 2 Balance 4611.000000, Withdraw 150.000000 
User 1, Acc 3 Balance 2148.000000, Deposit 500.000000 
User 1, Acc 2 Balance 4461.000000, Transfer 300.000000 to Acc 1
User 1, Acc 3 Balance 2648.000000, Transfer 300.000000 to Acc 1
User 1, Acc 0 Balance 2062.000000, Deposit 400.000000 
User 1, Acc 3 Balance 2348.000000, Withdraw 200.000000 
Balance in 1: 5177.000000
User 1, Acc 0 Balance 2462.000000, Deposit 400.000000 
User 1, Acc 0 Balance 2862.000000, Withdraw 200.000000 
User 1, Acc 0 Balance 2662.000000, Deposit 100.000000 
User 1, Acc 0 Balance 2762.000000, Withdraw 50.000000 
User 1, Acc 0 Balance 2712.000000, Withdraw 150.000000 
User 1, Acc 0 Balance 2562.000000, Deposit 300.000000 
User 1, Acc 0 Balance 2862.000000, Transfer 300.000000 to Acc 1
Balance in 1: 5477.000000
User 1, Acc 0 Balance 2562.000000, Deposit 400.000000 
User 1, Acc 0 Balance 2962.000000, Withdraw 200.000000 
User 1, Acc 0 Balance 2762.000000, Deposit 100.000000 
User 1, Acc 0 Balance 2862.000000, Withdraw 50.000000 
User 1, Acc 0 Balance 2812.000000, Withdraw 150.000000 
User 5, Acc 9 Balance 12908.000000, Withdraw 163.000000 
User 5, Acc 0 Balance 2662.000000, Deposit 400.000000 
User 5, Acc 0 Balance 3062.000000, Withdraw 200.000000 
User 5, Acc 0 Balance 2862.000000, Deposit 100.000000 
User 5, Acc 0 Balance 2962.000000, Withdraw 50.000000 
User 5, Acc 0 Balance 2912.000000, Withdraw 150.000000 
User 5, Acc 0 Balance 2762.000000, Deposit 300.000000 
User 5, Acc 0 Balance 3062.000000, Transfer 300.000000 to Acc 1
Balance in 1: 5777.000000
User 5, Acc 0 Balance 2762.000000, Deposit 400.000000 
User 5, Acc 0 Balance 3162.000000, Withdraw 200.000000 
User 5, Acc 1 Balance 5777.000000, Deposit 100.000000 
User 5, Acc 2 Balance 4161.000000, Deposit 900.000000 
User 1, Acc 0 Balance 2662.000000, Deposit 300.000000 
User 1, Acc 0 Balance 3262.000000, Transfer 300.000000 to Acc 1
Balance in 1: 4527.000000
Balance in 1: 6177.000000
User 1, Acc 0 Balance 2962.000000, Deposit 400.000000 
User 2, Acc 0 Balance 2962.000000, Deposit 400.000000 
User 1, Acc 0 Balance 3362.000000, Withdraw 200.000000 
User 1, Acc 0 Balance 3162.000000, Deposit 100.000000 
User 1, Acc 0 Balance 3262.000000, Withdraw 50.000000 
User 0, Acc 6 Balance 6847.000000, Deposit 641.000000 
User 1, Acc 0 Balance 3612.000000, Withdraw 150.000000 
User 0, Acc 6 Balance 7488.000000, Transfer 641.000000 to Acc 4
User 0, Acc 5 Balance 6332.000000, Deposit 643.000000 
User 5, Acc 1 Balance 5877.000000, Withdraw 50.000000 
User 7, Acc 4 Balance 910.000000, Deposit 647.000000 
User 2, Acc 0 Balance 3662.000000, Withdraw 200.000000 
User 7, Acc 4 Balance 2198.000000, Transfer 1200.000000 to Acc 7
User 7, Acc 3 Balance 2148.000000, Deposit 653.000000 
User 4, Acc 9 Balance 13312.000000, Transfer 617.000000 to Acc 1
User 1, Acc 0 Balance 3462.000000, Deposit 300.000000 
User 4, Acc 8 Balance 1456.000000, Deposit 619.000000 
User 6, Acc 6 Balance 5647.000000, Deposit 641.000000 
User 4, Acc 8 Balance 2075.000000, Transfer 619.000000 to Acc 2
User 5, Acc 2 Balance 5061.000000, Withdraw 150.000000 
User 4, Acc 7 Balance 77452.000000, Deposit 631.000000 
User 5, Acc 3 Balance 2801.000000, Deposit 500.000000 
User 4, Acc 7 Balance 78083.000000, Transfer 631.000000 to Acc 3
User 1, Acc 0 Balance 3562.000000, Transfer 300.000000 to Acc 1
User 6, Acc 6 Balance 7488.000000, Transfer 641.000000 to Acc 4
Balance in 1: 7044.000000
User 1, Acc 0 Balance 3262.000000, Deposit 400.000000 
User 3, Acc 0 Balance 1862.000000, Withdraw 150.000000 
User 7, Acc 3 Balance 2801.000000, Transfer 1200.000000 to Acc 8
User 3, Acc 0 Balance 3512.000000, Deposit 300.000000 
User 7, Acc 2 Balance 5530.000000, Deposit 659.000000 
User 4, Acc 6 Balance 7488.000000, Deposit 641.000000 
User 4, Acc 6 Balance 7488.000000, Transfer 641.000000 to Acc 4
User 6, Acc 5 Balance 6975.000000, Deposit 643.000000 
User 1, Acc 0 Balance 3662.000000, Withdraw 200.000000 
User 5, Acc 2 Balance 5530.000000, Transfer 300.000000 to Acc 1
User 1, Acc 0 Balance 3612.000000, Deposit 100.000000 
User 5, Acc 3 Balance 2732.000000, Transfer 300.000000 to Acc 1
User 1, Acc 0 Balance 3712.000000, Withdraw 50.000000 
User 5, Acc 0 Balance 3712.000000, Deposit 400.000000 
User 2, Acc 1 Balance 6127.000000, Deposit 100.000000 
User 4, Acc 5 Balance 6975.000000, Deposit 643.000000 
User 2, Acc 2 Balance 5889.000000, Deposit 900.000000 
User 4, Acc 5 Balance 8261.000000, Transfer 1200.000000 to Acc 6
User 2, Acc 1 Balance 7744.000000, Withdraw 50.000000 
User 4, Acc 4 Balance 2280.000000, Deposit 647.000000 
User 7, Acc 2 Balance 6189.000000, Transfer 1200.000000 to Acc 9
User 5, Acc 3 Balance 2432.000000, Withdraw 200.000000 
User 1, Acc 0 Balance 4062.000000, Withdraw 150.000000 
Balance in 1: 7694.000000
User 3, Acc 0 Balance 3812.000000, Transfer 300.000000 to Acc 1
User 0, Acc 5 Balance 6975.000000, Transfer 1200.000000 to Acc 6
Balance in 1: 7994.000000
User 2, Acc 2 Balance 6789.000000, Withdraw 150.000000 
User 4, Acc 4 Balance 2927.000000, Transfer 1200.000000 to Acc 7
User 2, Acc 3 Balance 2232.000000, Deposit 500.000000 
User 4, Acc 3 Balance 2232.000000, Deposit 653.000000 
User 2, Acc 2 Balance 5439.000000, Transfer 300.000000 to Acc 1
User 5, Acc 0 Balance 4062.000000, Deposit 400.000000 
User 3, Acc 0 Balance 3612.000000, Deposit 907.000000 
User 5, Acc 0 Balance 4012.000000, Withdraw 200.000000 
User 3, Acc 1 Balance 8294.000000, Deposit 911.000000 
User 5, Acc 0 Balance 4719.000000, Deposit 100.000000 
User 6, Acc 5 Balance 7618.000000, Transfer 1200.000000 to Acc 6
User 4, Acc 3 Balance 3385.000000, Transfer 1200.000000 to Acc 8
User 1, Acc 0 Balance 3912.000000, Deposit 300.000000 
User 0, Acc 4 Balance 2927.000000, Deposit 647.000000 
User 7, Acc 1 Balance 7694.000000, Deposit 661.000000 
User 3, Acc 2 Balance 5139.000000, Deposit 919.000000 
User 7, Acc 1 Balance 9866.000000, Transfer 1200.000000 to Acc 9
User 3, Acc 3 Balance 2185.000000, Deposit 929.000000 
User 6, Acc 4 Balance 1727.000000, Deposit 647.000000 
User 3, Acc 4 Balance 2374.000000, Deposit 937.000000 
User 6, Acc 4 Balance 3021.000000, Transfer 1200.000000 to Acc 7
User 0, Acc 4 Balance 2374.000000, Transfer 1200.000000 to Acc 7
User 6, Acc 3 Balance 3114.000000, Deposit 653.000000 
User 0, Acc 3 Balance 3114.000000, Deposit 653.000000 
User 2, Acc 3 Balance 3385.000000, Transfer 300.000000 to Acc 1
User 0, Acc 3 Balance 4420.000000, Transfer 1200.000000 to Acc 8
User 1, Acc 0 Balance 5119.000000, Transfer 300.000000 to Acc 1
User 0, Acc 2 Balance 6058.000000, Deposit 659.000000 
Balance in 1: 9266.000000
User 5, Acc 0 Balance 4819.000000, Withdraw 50.000000 
User 6, Acc 3 Balance 3767.000000, Transfer 1200.000000 to Acc 8
User 6, Acc 2 Balance 6717.000000, Deposit 659.000000 
User 2, Acc 0 Balance 5119.000000, Deposit 400.000000 
User 3, Acc 5 Balance 4661.000000, Deposit 941.000000 
User 0, Acc 2 Balance 6717.000000, Transfer 1200.000000 to Acc 9
User 3, Acc 6 Balance 10447.000000, Deposit 953.000000 
User 1, Acc 0 Balance 4819.000000, Deposit 907.000000 
User 3, Acc 7 Balance 81052.000000, Deposit 967.000000 
User 1, Acc 1 Balance 9266.000000, Deposit 911.000000 
User 3, Acc 1 Balance 9266.000000, Transfer 19.000000 to Acc 7
User 6, Acc 2 Balance 7376.000000, Transfer 1200.000000 to Acc 9
User 0, Acc 1 Balance 9266.000000, Deposit 661.000000 
User 6, Acc 1 Balance 10158.000000, Deposit 661.000000 
User 0, Acc 1 Balance 10819.000000, Transfer 1200.000000 to Acc 9
User 4, Acc 2 Balance 5139.000000, Deposit 659.000000 
User 0, Acc 0 Balance 6076.000000, Deposit 673.000000 
User 1, Acc 2 Balance 6176.000000, Deposit 919.000000 
User 0, Acc 0 Balance 6749.000000, Transfer 1200.000000 to Acc 9
User 1, Acc 3 Balance 1720.000000, Deposit 929.000000 
User 0, Acc 1 Balance 10280.000000, Withdraw 50.000000 
User 6, Acc 1 Balance 11480.000000, Transfer 1200.000000 to Acc 9
User 6, Acc 0 Balance 5549.000000, Deposit 673.000000 
User 3, Acc 2 Balance 6176.000000, Transfer 23.000000 to Acc 7
User 5, Acc 0 Balance 4769.000000, Withdraw 150.000000 
User 5, Acc 0 Balance 6072.000000, Deposit 300.000000 
User 5, Acc 0 Balance 6372.000000, Transfer 300.000000 to Acc 1
Balance in 1: 9330.000000
User 5, Acc 0 Balance 6072.000000, Deposit 907.000000 
User 5, Acc 1 Balance 9330.000000, Deposit 911.000000 
User 5, Acc 2 Balance 6531.000000, Deposit 919.000000 
User 5, Acc 3 Balance 2649.000000, Deposit 929.000000 
User 5, Acc 4 Balance 1558.000000, Deposit 937.000000 
User 5, Acc 5 Balance 5602.000000, Deposit 941.000000 
User 2, Acc 3 Balance 1720.000000, Withdraw 200.000000 
Balance in 1: 10241.000000
User 2, Acc 0 Balance 6979.000000, Deposit 907.000000 
User 2, Acc 1 Balance 10241.000000, Deposit 911.000000 
User 2, Acc 2 Balance 7450.000000, Deposit 919.000000 
User 0, Acc 2 Balance 6554.000000, Withdraw 50.000000 
User 2, Acc 3 Balance 3378.000000, Deposit 929.000000 
User 4, Acc 2 Balance 5635.000000, Transfer 1200.000000 to Acc 9
User 2, Acc 4 Balance 2495.000000, Deposit 937.000000 
User 6, Acc 0 Balance 6222.000000, Transfer 1200.000000 to Acc 9
User 3, Acc 3 Balance 2649.000000, Transfer 29.000000 to Acc 7
User 7, Acc 0 Balance 5119.000000, Deposit 673.000000 
User 3, Acc 7 Balance 82090.000000, Transfer 31.000000 to Acc 6
User 5, Acc 6 Balance 11400.000000, Deposit 953.000000 
User 4, Acc 1 Balance 11152.000000, Deposit 661.000000 
User 5, Acc 7 Balance 82059.000000, Deposit 967.000000 
User 5, Acc 1 Balance 11152.000000, Transfer 19.000000 to Acc 7
User 6, Acc 1 Balance 11152.000000, Withdraw 50.000000 
User 5, Acc 2 Balance 7119.000000, Transfer 23.000000 to Acc 7
User 6, Acc 2 Balance 7119.000000, Withdraw 50.000000 
User 5, Acc 3 Balance 4278.000000, Transfer 29.000000 to Acc 7
User 0, Acc 3 Balance 3378.000000, Withdraw 50.000000 
User 5, Acc 7 Balance 83097.000000, Transfer 31.000000 to Acc 6
User 5, Acc 7 Balance 83066.000000, Transfer 37.000000 to Acc 5
User 2, Acc 5 Balance 6543.000000, Deposit 941.000000 
User 2, Acc 6 Balance 12415.000000, Deposit 953.000000 
User 4, Acc 1 Balance 11813.000000, Transfer 1200.000000 to Acc 9
User 4, Acc 0 Balance 7359.000000, Deposit 673.000000 
User 4, Acc 0 Balance 8032.000000, Transfer 1200.000000 to Acc 9
User 4, Acc 1 Balance 10544.000000, Withdraw 50.000000 
User 4, Acc 2 Balance 7046.000000, Withdraw 50.000000 
User 4, Acc 3 Balance 4199.000000, Withdraw 50.000000 
User 4, Acc 4 Balance 3432.000000, Withdraw 50.000000 
User 2, Acc 7 Balance 83029.000000, Deposit 967.000000 
User 2, Acc 1 Balance 10494.000000, Transfer 19.000000 to Acc 7
User 2, Acc 2 Balance 6996.000000, Transfer 23.000000 to Acc 7
User 2, Acc 3 Balance 4149.000000, Transfer 29.000000 to Acc 7
User 2, Acc 7 Balance 84067.000000, Transfer 31.000000 to Acc 6
User 2, Acc 7 Balance 84036.000000, Transfer 37.000000 to Acc 5
User 2, Acc 7 Balance 83999.000000, Transfer 3.000000 to Acc 4
User 2, Acc 7 Balance 83996.000000, Transfer 5.000000 to Acc 4
User 2, Acc 6 Balance 13399.000000, Transfer 67.000000 to Acc 5
User 2, Acc 4 Balance 3390.000000, Transfer 53.000000 to Acc 5
User 2, Acc 1 Balance 10475.000000, Transfer 89.000000 to Acc 8
User 2, Acc 1 Balance 10386.000000, Transfer 163.000000 to Acc 9
User 2, Acc 1 Balance 10223.000000, Withdraw 41.000000 
User 2, Acc 2 Balance 6973.000000, Withdraw 71.000000 
User 2, Acc 3 Balance 4120.000000, Withdraw 127.000000 
User 2, Acc 4 Balance 3337.000000, Withdraw 167.000000 
User 2, Acc 5 Balance 7678.000000, Withdraw 307.000000 
User 2, Acc 6 Balance 13332.000000, Withdraw 647.000000 
User 2, Acc 7 Balance 83991.000000, Withdraw 593.000000 
User 2, Acc 8 Balance 6345.000000, Withdraw 449.000000 
User 2, Acc 9 Balance 25895.000000, Withdraw 163.000000 
User 2, Acc 1 Balance 10182.000000, Withdraw 500.000000 
User 3, Acc 7 Balance 82059.000000, Transfer 37.000000 to Acc 5
User 1, Acc 4 Balance 1558.000000, Deposit 937.000000 
User 3, Acc 7 Balance 83361.000000, Transfer 3.000000 to Acc 4
User 1, Acc 5 Balance 7408.000000, Deposit 941.000000 
User 1, Acc 6 Balance 12685.000000, Deposit 953.000000 
User 6, Acc 3 Balance 4278.000000, Withdraw 50.000000 
User 1, Acc 7 Balance 83358.000000, Deposit 967.000000 
User 2, Acc 2 Balance 6902.000000, Withdraw 500.000000 
User 1, Acc 1 Balance 9682.000000, Transfer 19.000000 to Acc 7
User 2, Acc 3 Balance 3943.000000, Withdraw 500.000000 
User 2, Acc 4 Balance 4110.000000, Withdraw 500.000000 
User 3, Acc 7 Balance 83358.000000, Transfer 5.000000 to Acc 4
User 7, Acc 0 Balance 7359.000000, Transfer 1200.000000 to Acc 9
User 3, Acc 6 Balance 13638.000000, Transfer 67.000000 to Acc 5
User 6, Acc 4 Balance 4110.000000, Withdraw 50.000000 
User 7, Acc 1 Balance 9663.000000, Withdraw 50.000000 
User 7, Acc 2 Balance 6402.000000, Withdraw 50.000000 
User 4, Acc 5 Balance 7521.000000, Withdraw 50.000000 
User 5, Acc 7 Balance 83029.000000, Transfer 3.000000 to Acc 4
User 4, Acc 6 Balance 13571.000000, Withdraw 50.000000 
User 2, Acc 5 Balance 8349.000000, Withdraw 500.000000 
User 3, Acc 4 Balance 3615.000000, Transfer 53.000000 to Acc 5
User 6, Acc 5 Balance 8416.000000, Withdraw 50.000000 
User 3, Acc 1 Balance 9613.000000, Transfer 89.000000 to Acc 8
User 3, Acc 1 Balance 9524.000000, Transfer 163.000000 to Acc 9
User 7, Acc 3 Balance 3443.000000, Withdraw 50.000000 
User 5, Acc 7 Balance 84336.000000, Transfer 5.000000 to Acc 4
User 1, Acc 2 Balance 6402.000000, Transfer 23.000000 to Acc 7
User 4, Acc 7 Balance 84336.000000, Withdraw 50.000000 
User 2, Acc 6 Balance 13521.000000, Withdraw 500.000000 
User 0, Acc 4 Balance 3432.000000, Withdraw 50.000000 
User 6, Acc 6 Balance 13521.000000, Withdraw 50.000000 
User 0, Acc 5 Balance 7869.000000, Withdraw 50.000000 
User 7, Acc 4 Balance 3515.000000, Withdraw 50.000000 
User 0, Acc 6 Balance 12971.000000, Withdraw 50.000000 
User 0, Acc 7 Balance 84304.000000, Withdraw 50.000000 
User 7, Acc 5 Balance 7819.000000, Withdraw 50.000000 
User 0, Acc 8 Balance 5985.000000, Withdraw 50.000000 
User 0, Acc 9 Balance 27095.000000, Withdraw 50.000000 
User 7, Acc 6 Balance 12921.000000, Withdraw 50.000000 
User 0, Acc 0 Balance 5632.000000, Withdraw 50.000000 
User 7, Acc 7 Balance 84254.000000, Withdraw 50.000000 
User 3, Acc 1 Balance 9361.000000, Withdraw 41.000000 
User 1, Acc 3 Balance 3393.000000, Transfer 29.000000 to Acc 7
User 4, Acc 8 Balance 5985.000000, Withdraw 50.000000 
User 1, Acc 7 Balance 84233.000000, Transfer 31.000000 to Acc 6
User 6, Acc 7 Balance 84304.000000, Withdraw 50.000000 
User 1, Acc 7 Balance 84202.000000, Transfer 37.000000 to Acc 5
User 0, Acc 0 Balance 5582.000000, Deposit 907.000000 
User 1, Acc 7 Balance 84115.000000, Transfer 3.000000 to Acc 4
User 7, Acc 8 Balance 5935.000000, Withdraw 50.000000 
User 1, Acc 7 Balance 84112.000000, Transfer 5.000000 to Acc 4
User 4, Acc 9 Balance 27045.000000, Withdraw 50.000000 
User 1, Acc 6 Balance 12902.000000, Transfer 67.000000 to Acc 5
User 4, Acc 0 Balance 6489.000000, Withdraw 50.000000 
User 5, Acc 6 Balance 13521.000000, Transfer 67.000000 to Acc 5
User 4, Acc 0 Balance 6439.000000, Deposit 907.000000 
User 4, Acc 1 Balance 9320.000000, Deposit 911.000000 
User 7, Acc 9 Balance 27045.000000, Withdraw 50.000000 
User 2, Acc 7 Balance 84304.000000, Withdraw 500.000000 
User 7, Acc 0 Balance 7346.000000, Withdraw 50.000000 
User 2, Acc 8 Balance 5835.000000, Withdraw 500.000000 
User 2, Acc 9 Balance 26945.000000, Withdraw 500.000000 
User 0, Acc 1 Balance 9320.000000, Deposit 911.000000 
User 3, Acc 2 Balance 6329.000000, Withdraw 71.000000 
User 0, Acc 2 Balance 6329.000000, Deposit 919.000000 
User 3, Acc 3 Balance 3364.000000, Withdraw 127.000000 
User 0, Acc 3 Balance 3364.000000, Deposit 929.000000 
User 0, Acc 4 Balance 3428.000000, Deposit 937.000000 
User 1, Acc 4 Balance 3428.000000, Transfer 53.000000 to Acc 5
User 7, Acc 1 Balance 10231.000000, Withdraw 500.000000 
User 1, Acc 1 Balance 11142.000000, Transfer 89.000000 to Acc 8
User 1, Acc 1 Balance 11053.000000, Transfer 163.000000 to Acc 9
User 5, Acc 4 Balance 3428.000000, Transfer 53.000000 to Acc 5
User 1, Acc 1 Balance 10390.000000, Withdraw 41.000000 
User 1, Acc 2 Balance 7177.000000, Withdraw 71.000000 
User 3, Acc 4 Balance 3428.000000, Withdraw 167.000000 
User 1, Acc 3 Balance 4166.000000, Withdraw 127.000000 
User 3, Acc 5 Balance 8046.000000, Withdraw 307.000000 
User 1, Acc 4 Balance 4092.000000, Withdraw 167.000000 
User 7, Acc 2 Balance 7177.000000, Withdraw 500.000000 
User 4, Acc 2 Balance 6329.000000, Deposit 919.000000 
User 7, Acc 3 Balance 4039.000000, Withdraw 500.000000 
User 6, Acc 8 Balance 5885.000000, Withdraw 50.000000 
User 0, Acc 5 Balance 7940.000000, Deposit 941.000000 
User 6, Acc 9 Balance 26608.000000, Withdraw 50.000000 
User 2, Acc 0 Balance 7296.000000, Withdraw 500.000000 
User 3, Acc 6 Balance 12768.000000, Withdraw 647.000000 
User 2, Acc 1 Balance 10349.000000, Withdraw 500.000000 
User 3, Acc 7 Balance 83607.000000, Withdraw 593.000000 
User 7, Acc 4 Balance 3925.000000, Withdraw 500.000000 
User 0, Acc 6 Balance 12768.000000, Deposit 953.000000 
User 7, Acc 5 Balance 8680.000000, Withdraw 500.000000 
User 0, Acc 7 Balance 83014.000000, Deposit 967.000000 
User 0, Acc 1 Balance 9849.000000, Transfer 19.000000 to Acc 7
User 5, Acc 1 Balance 10390.000000, Transfer 89.000000 to Acc 8
User 2, Acc 2 Balance 7525.000000, Withdraw 500.000000 
User 4, Acc 3 Balance 3539.000000, Deposit 929.000000 
User 2, Acc 3 Balance 3539.000000, Withdraw 500.000000 
User 2, Acc 4 Balance 3425.000000, Withdraw 500.000000 
User 6, Acc 0 Balance 7296.000000, Withdraw 50.000000 
User 1, Acc 5 Balance 7739.000000, Withdraw 307.000000 
User 6, Acc 1 Balance 9741.000000, Withdraw 500.000000 
User 7, Acc 6 Balance 13074.000000, Withdraw 500.000000 
User 0, Acc 2 Balance 7525.000000, Transfer 23.000000 to Acc 7
User 5, Acc 1 Balance 9741.000000, Transfer 163.000000 to Acc 9
User 4, Acc 4 Balance 3425.000000, Deposit 937.000000 
User 2, Acc 5 Balance 8180.000000, Withdraw 500.000000 
User 4, Acc 5 Balance 7873.000000, Deposit 941.000000 
User 2, Acc 6 Balance 12574.000000, Withdraw 500.000000 
User 2, Acc 7 Balance 84023.000000, Withdraw 500.000000 
User 7, Acc 7 Balance 84000.000000, Withdraw 500.000000 
User 3, Acc 8 Balance 5374.000000, Withdraw 449.000000 
User 7, Acc 8 Balance 5463.000000, Withdraw 500.000000 
User 7, Acc 9 Balance 26721.000000, Withdraw 500.000000 
User 3, Acc 9 Balance 26721.000000, Withdraw 163.000000 
User 1, Acc 6 Balance 13074.000000, Withdraw 647.000000 
User 6, Acc 2 Balance 7025.000000, Withdraw 500.000000 
User 1, Acc 7 Balance 83023.000000, Withdraw 593.000000 
User 2, Acc 8 Balance 5463.000000, Withdraw 500.000000 
User 0, Acc 3 Balance 3968.000000, Transfer 29.000000 to Acc 7
User 5, Acc 1 Balance 9078.000000, Withdraw 41.000000 
User 0, Acc 7 Balance 82459.000000, Transfer 31.000000 to Acc 6
User 3, Acc 1 Balance 9078.000000, Withdraw 500.000000 
User 4, Acc 6 Balance 12074.000000, Deposit 953.000000 
User 6, Acc 3 Balance 3968.000000, Withdraw 500.000000 
User 1, Acc 8 Balance 4514.000000, Withdraw 449.000000 
User 2, Acc 9 Balance 26058.000000, Withdraw 500.000000 
User 1, Acc 9 Balance 26058.000000, Withdraw 163.000000 
User 2, Acc 0 Balance 6746.000000, Withdraw 500.000000 
User 1, Acc 0 Balance 6746.000000, Deposit 907.000000 
User 0, Acc 7 Balance 82428.000000, Transfer 37.000000 to Acc 5
User 3, Acc 2 Balance 6502.000000, Withdraw 500.000000 
User 0, Acc 7 Balance 82391.000000, Transfer 3.000000 to Acc 4
User 3, Acc 3 Balance 3439.000000, Withdraw 500.000000 
User 7, Acc 0 Balance 6746.000000, Withdraw 500.000000 
User 3, Acc 4 Balance 3865.000000, Withdraw 500.000000 
User 7, Acc 1 Balance 8537.000000, Withdraw 500.000000 
User 1, Acc 1 Balance 8537.000000, Deposit 911.000000 
User 4, Acc 7 Balance 82428.000000, Deposit 967.000000 
User 0, Acc 7 Balance 82388.000000, Transfer 5.000000 to Acc 4
User 4, Acc 1 Balance 8948.000000, Transfer 19.000000 to Acc 7
User 0, Acc 6 Balance 12411.000000, Transfer 67.000000 to Acc 5
User 3, Acc 5 Balance 8351.000000, Withdraw 500.000000 
User 0, Acc 4 Balance 3370.000000, Transfer 53.000000 to Acc 5
User 3, Acc 6 Balance 12344.000000, Withdraw 500.000000 
User 3, Acc 7 Balance 83369.000000, Withdraw 500.000000 
User 5, Acc 2 Balance 6502.000000, Withdraw 71.000000 
User 3, Acc 8 Balance 3565.000000, Withdraw 500.000000 
User 5, Acc 3 Balance 2939.000000, Withdraw 127.000000 
User 3, Acc 9 Balance 25395.000000, Withdraw 500.000000 
User 7, Acc 2 Balance 6002.000000, Withdraw 500.000000 
User 6, Acc 4 Balance 3862.000000, Withdraw 500.000000 
User 0, Acc 1 Balance 8929.000000, Transfer 89.000000 to Acc 8
User 1, Acc 2 Balance 6002.000000, Deposit 919.000000 
User 4, Acc 2 Balance 6002.000000, Transfer 23.000000 to Acc 7
User 1, Acc 3 Balance 2812.000000, Transfer 29.000000 to Acc 7
User 5, Acc 4 Balance 3317.000000, Withdraw 167.000000 
User 2, Acc 1 Balance 8537.000000, Withdraw 500.000000 
User 5, Acc 5 Balance 7971.000000, Withdraw 307.000000 
User 5, Acc 6 Balance 11844.000000, Withdraw 647.000000 
User 7, Acc 3 Balance 2812.000000, Withdraw 500.000000 
User 6, Acc 5 Balance 7971.000000, Withdraw 500.000000 
User 0, Acc 1 Balance 8840.000000, Transfer 163.000000 to Acc 9
User 6, Acc 6 Balance 11197.000000, Withdraw 500.000000 
User 1, Acc 7 Balance 82898.000000, Transfer 31.000000 to Acc 6
User 4, Acc 3 Balance 2783.000000, Transfer 29.000000 to Acc 7
User 1, Acc 7 Balance 82890.000000, Transfer 37.000000 to Acc 5
User 4, Acc 7 Balance 82919.000000, Transfer 31.000000 to Acc 6
User 1, Acc 7 Balance 82882.000000, Transfer 3.000000 to Acc 4
User 5, Acc 7 Balance 82921.000000, Withdraw 593.000000 
User 6, Acc 7 Balance 82921.000000, Withdraw 500.000000 
User 0, Acc 1 Balance 8177.000000, Withdraw 41.000000 
User 6, Acc 8 Balance 3154.000000, Withdraw 500.000000 
User 2, Acc 2 Balance 6327.000000, Withdraw 500.000000 
User 4, Acc 7 Balance 82851.000000, Transfer 37.000000 to Acc 5
User 2, Acc 3 Balance 2254.000000, Withdraw 500.000000 
User 7, Acc 4 Balance 2650.000000, Withdraw 500.000000 
User 1, Acc 7 Balance 82848.000000, Transfer 5.000000 to Acc 4
User 7, Acc 5 Balance 7238.000000, Withdraw 500.000000 
User 0, Acc 2 Balance 6327.000000, Withdraw 71.000000 
User 7, Acc 6 Balance 10759.000000, Withdraw 500.000000 
User 6, Acc 9 Balance 25058.000000, Withdraw 500.000000 
User 7, Acc 7 Balance 81713.000000, Withdraw 500.000000 
User 5, Acc 8 Balance 3154.000000, Withdraw 449.000000 
User 7, Acc 8 Balance 2654.000000, Withdraw 500.000000 
User 5, Acc 9 Balance 24558.000000, Withdraw 163.000000 
User 7, Acc 9 Balance 24558.000000, Withdraw 500.000000 
User 0, Acc 3 Balance 1754.000000, Withdraw 127.000000 
User 7, Acc 0 Balance 6653.000000, Withdraw 500.000000 
User 6, Acc 0 Balance 6653.000000, Withdraw 500.000000 
User 7, Acc 1 Balance 8136.000000, Withdraw 500.000000 
User 6, Acc 1 Balance 8136.000000, Withdraw 500.000000 
User 1, Acc 3 Balance 1754.000000, Deposit 929.000000 
User 6, Acc 2 Balance 5756.000000, Withdraw 500.000000 
User 1, Acc 4 Balance 2158.000000, Deposit 937.000000 
User 6, Acc 3 Balance 2556.000000, Withdraw 500.000000 
User 1, Acc 5 Balance 6738.000000, Deposit 941.000000 
User 2, Acc 4 Balance 2653.000000, Withdraw 500.000000 
User 1, Acc 4 Balance 3095.000000, Withdraw 167.000000 
User 1, Acc 5 Balance 7679.000000, Withdraw 307.000000 
User 3, Acc 0 Balance 6653.000000, Withdraw 500.000000 
User 4, Acc 7 Balance 81718.000000, Transfer 3.000000 to Acc 4
User 3, Acc 1 Balance 7136.000000, Withdraw 500.000000 
User 0, Acc 4 Balance 2158.000000, Withdraw 167.000000 
User 3, Acc 2 Balance 5256.000000, Withdraw 500.000000 
User 7, Acc 2 Balance 5756.000000, Withdraw 500.000000 
User 5, Acc 0 Balance 6653.000000, Deposit 907.000000 
User 7, Acc 3 Balance 2056.000000, Withdraw 500.000000 
User 1, Acc 1 Balance 7136.000000, Transfer 89.000000 to Acc 8
User 7, Acc 4 Balance 2264.000000, Withdraw 500.000000 
User 1, Acc 1 Balance 6547.000000, Transfer 163.000000 to Acc 9
User 0, Acc 5 Balance 7372.000000, Withdraw 307.000000 
User 1, Acc 1 Balance 6384.000000, Withdraw 41.000000 
User 0, Acc 6 Balance 10259.000000, Withdraw 647.000000 
User 1, Acc 2 Balance 4256.000000, Withdraw 71.000000 
User 0, Acc 7 Balance 81210.000000, Withdraw 593.000000 
User 0, Acc 8 Balance 1794.000000, Withdraw 449.000000 
User 0, Acc 9 Balance 24058.000000, Withdraw 163.000000 
User 0, Acc 1 Balance 6343.000000, Withdraw 500.000000 
User 2, Acc 5 Balance 7679.000000, Withdraw 500.000000 
User 0, Acc 2 Balance 4185.000000, Withdraw 500.000000 
User 2, Acc 6 Balance 9612.000000, Withdraw 500.000000 
User 0, Acc 3 Balance 1556.000000, Withdraw 500.000000 
User 6, Acc 4 Balance 3095.000000, Withdraw 500.000000 
User 1, Acc 3 Balance 1556.000000, Withdraw 127.000000 
User 7, Acc 5 Balance 7372.000000, Withdraw 500.000000 
User 3, Acc 3 Balance 2056.000000, Withdraw 500.000000 
User 5, Acc 1 Balance 6636.000000, Deposit 911.000000 
User 3, Acc 4 Balance 1264.000000, Withdraw 500.000000 
User 5, Acc 2 Balance 3685.000000, Deposit 919.000000 
User 3, Acc 5 Balance 6065.000000, Withdraw 500.000000 
User 6, Acc 5 Balance 6565.000000, Withdraw 500.000000 
User 1, Acc 6 Balance 9112.000000, Withdraw 647.000000 
User 6, Acc 6 Balance 9112.000000, Withdraw 500.000000 
User 4, Acc 7 Balance 81210.000000, Transfer 5.000000 to Acc 4
User 6, Acc 7 Balance 80617.000000, Withdraw 500.000000 
User 0, Acc 4 Balance 1764.000000, Withdraw 500.000000 
User 6, Acc 8 Balance 1345.000000, Withdraw 500.000000 
User 7, Acc 6 Balance 9112.000000, Withdraw 500.000000 
User 6, Acc 9 Balance 23895.000000, Withdraw 500.000000 
User 7, Acc 7 Balance 80112.000000, Withdraw 500.000000 
User 2, Acc 7 Balance 80617.000000, Withdraw 500.000000 
User 4, Acc 6 Balance 7965.000000, Transfer 67.000000 to Acc 5
User 5, Acc 3 Balance 429.000000, Deposit 929.000000 
User 4, Acc 4 Balance 269.000000, Transfer 53.000000 to Acc 5
User 3, Acc 6 Balance 9112.000000, Withdraw 500.000000 
User 0, Acc 5 Balance 5065.000000, Withdraw 500.000000 
User 3, Acc 7 Balance 79112.000000, Withdraw 500.000000 
User 0, Acc 6 Balance 6898.000000, Withdraw 500.000000 
User 3, Acc 8 Balance 845.000000, Withdraw 500.000000 
User 6, Acc 0 Balance 6060.000000, Withdraw 500.000000 
User 3, Acc 9 Balance 23395.000000, Withdraw 500.000000 
User 3, Acc 0 Balance 6060.000000, Withdraw 500.000000 
User 6, Acc 1 Balance 6754.000000, Withdraw 500.000000 
User 1, Acc 6 Balance 8465.000000, Deposit 953.000000 
User 6, Acc 2 Balance 4604.000000, Withdraw 500.000000 
User 1, Acc 7 Balance 78612.000000, Deposit 967.000000 
User 6, Acc 3 Balance 1358.000000, Withdraw 500.000000 
User 2, Acc 8 Balance 845.000000, Withdraw 500.000000 
User 4, Acc 1 Balance 6754.000000, Transfer 89.000000 to Acc 8
User 2, Acc 9 Balance 22895.000000, Withdraw 500.000000 
User 2, Acc 0 Balance 5060.000000, Withdraw 500.000000 
User 3, Acc 1 Balance 6754.000000, Withdraw 500.000000 
User 2, Acc 1 Balance 6165.000000, Withdraw 500.000000 
User 2, Acc 2 Balance 4104.000000, Withdraw 500.000000 
User 3, Acc 2 Balance 4104.000000, Withdraw 500.000000 
User 0, Acc 7 Balance 78612.000000, Withdraw 500.000000 
[22;32mUser 6, Acc 4 Balance 216.000000, 				Withdraw 500.000000 --insufficient funds[0m
[22;32mUser 0, Acc 8 Balance -66.000000, 				Withdraw 500.000000 --insufficient funds[0m
User 5, Acc 4 Balance 216.000000, Deposit 937.000000 
User 4, Acc 1 Balance 6165.000000, Transfer 163.000000 to Acc 9
User 5, Acc 5 Balance 4685.000000, Deposit 941.000000 
User 4, Acc 1 Balance 5002.000000, Withdraw 41.000000 
User 2, Acc 3 Balance 858.000000, Withdraw 500.000000 
User 4, Acc 2 Balance 3104.000000, Withdraw 71.000000 
User 2, Acc 4 Balance 1153.000000, Withdraw 500.000000 
User 7, Acc 8 Balance 845.000000, Withdraw 500.000000 
User 2, Acc 5 Balance 5626.000000, Withdraw 500.000000 
User 7, Acc 9 Balance 22558.000000, Withdraw 500.000000 
User 5, Acc 6 Balance 7351.000000, Deposit 953.000000 
User 3, Acc 3 Balance 858.000000, Withdraw 500.000000 
User 5, Acc 7 Balance 79079.000000, Deposit 967.000000 
User 4, Acc 3 Balance 358.000000, Withdraw 127.000000 
User 5, Acc 1 Balance 4961.000000, Transfer 19.000000 to Acc 7
User 4, Acc 4 Balance 653.000000, Withdraw 167.000000 
User 4, Acc 5 Balance 5126.000000, Withdraw 307.000000 
User 7, Acc 0 Balance 4560.000000, Withdraw 500.000000 
User 2, Acc 6 Balance 7351.000000, Withdraw 500.000000 
User 2, Acc 7 Balance 80065.000000, Withdraw 500.000000 
[22;32mUser 2, Acc 8 Balance -566.000000, 				Withdraw 500.000000 --insufficient funds[0m
User 2, Acc 9 Balance 22058.000000, Withdraw 500.000000 
User 2, Acc 0 Balance 4060.000000, Withdraw 500.000000 
User 2, Acc 1 Balance 4942.000000, Withdraw 500.000000 
User 1, Acc 1 Balance 6254.000000, Transfer 19.000000 to Acc 7
User 2, Acc 2 Balance 3033.000000, Withdraw 500.000000 
User 5, Acc 2 Balance 3033.000000, Transfer 23.000000 to Acc 7
User 4, Acc 6 Balance 8304.000000, Withdraw 647.000000 
User 6, Acc 5 Balance 4685.000000, Withdraw 500.000000 
User 4, Acc 7 Balance 79607.000000, Withdraw 593.000000 
User 6, Acc 6 Balance 7157.000000, Withdraw 500.000000 
User 6, Acc 7 Balance 79607.000000, Withdraw 500.000000 
User 1, Acc 2 Balance 3033.000000, Transfer 23.000000 to Acc 7
[22;32mUser 2, Acc 3 Balance -269.000000, 				Withdraw 500.000000 --insufficient funds[0m
User 1, Acc 6 Balance 6657.000000, Transfer 67.000000 to Acc 5
[22;32mUser 2, Acc 4 Balance 486.000000, 				Withdraw 500.000000 --insufficient funds[0m
User 1, Acc 4 Balance 486.000000, Transfer 53.000000 to Acc 5
User 3, Acc 4 Balance 653.000000, Withdraw 500.000000 
User 1, Acc 7 Balance 78537.000000, Withdraw 593.000000 
User 3, Acc 5 Balance 4439.000000, Withdraw 500.000000 
[22;32mUser 1, Acc 8 Balance -566.000000, 				Withdraw 449.000000 --insufficient funds[0m
User 3, Acc 6 Balance 6590.000000, Withdraw 500.000000 
User 3, Acc 7 Balance 77944.000000, Withdraw 500.000000 
User 2, Acc 5 Balance 4386.000000, Withdraw 500.000000 
[22;32mUser 3, Acc 8 Balance -566.000000, 				Withdraw 500.000000 --insufficient funds[0m
User 7, Acc 0 Balance 4060.000000, Deposit 907.000000 
[22;32mUser 4, Acc 8 Balance -566.000000, 				Withdraw 449.000000 --insufficient funds[0m
[22;32mUser 6, Acc 8 Balance -566.000000, 				Withdraw 500.000000 --insufficient funds[0m
User 4, Acc 9 Balance 21558.000000, Withdraw 163.000000 
User 6, Acc 9 Balance 21558.000000, Withdraw 500.000000 
User 6, Acc 0 Balance 4467.000000, Withdraw 500.000000 
User 2, Acc 6 Balance 6090.000000, Withdraw 500.000000 
User 6, Acc 0 Balance 3967.000000, Deposit 907.000000 
User 0, Acc 9 Balance 22395.000000, Withdraw 500.000000 
User 7, Acc 1 Balance 4423.000000, Deposit 911.000000 
User 0, Acc 0 Balance 4874.000000, Withdraw 500.000000 
User 5, Acc 7 Balance 79607.000000, Transfer 31.000000 to Acc 6
User 0, Acc 1 Balance 5334.000000, Withdraw 500.000000 
User 5, Acc 7 Balance 77413.000000, Transfer 37.000000 to Acc 5
User 5, Acc 7 Balance 77376.000000, Transfer 3.000000 to Acc 4
User 6, Acc 1 Balance 4423.000000, Deposit 911.000000 
User 3, Acc 9 Balance 21558.000000, Withdraw 500.000000 
User 6, Acc 2 Balance 2487.000000, Deposit 919.000000 
User 4, Acc 0 Balance 4467.000000, Deposit 907.000000 
User 1, Acc 9 Balance 21558.000000, Withdraw 163.000000 
User 4, Acc 1 Balance 5745.000000, Deposit 911.000000 
User 4, Acc 2 Balance 3406.000000, Deposit 919.000000 
User 1, Acc 1 Balance 6656.000000, Withdraw 500.000000 
User 1, Acc 2 Balance 3406.000000, Withdraw 500.000000 
User 5, Acc 7 Balance 77373.000000, Transfer 5.000000 to Acc 4
User 3, Acc 0 Balance 4374.000000, Withdraw 500.000000 
User 7, Acc 2 Balance 2487.000000, Deposit 919.000000 
User 3, Acc 0 Balance 4781.000000, Deposit 100.000000 
User 7, Acc 7 Balance 77368.000000, Transfer 31.000000 to Acc 6
User 3, Acc 0 Balance 4881.000000, Deposit 200.000000 
User 7, Acc 7 Balance 77337.000000, Transfer 37.000000 to Acc 5
User 4, Acc 7 Balance 77373.000000, Transfer 31.000000 to Acc 6
User 7, Acc 7 Balance 77300.000000, Transfer 3.000000 to Acc 4
User 4, Acc 7 Balance 77269.000000, Transfer 37.000000 to Acc 5
User 7, Acc 7 Balance 77266.000000, Transfer 5.000000 to Acc 4
User 2, Acc 7 Balance 77444.000000, Withdraw 500.000000 
User 0, Acc 2 Balance 2487.000000, Withdraw 500.000000 
[22;32mUser 2, Acc 8 Balance -566.000000, 				Withdraw 500.000000 --insufficient funds[0m
[22;32mUser 1, Acc 3 Balance -269.000000, 				Withdraw 500.000000 --insufficient funds[0m
[22;32mUser 1, Acc 4 Balance -51.000000, 				Withdraw 500.000000 --insufficient funds[0m
User 4, Acc 7 Balance 77229.000000, Transfer 3.000000 to Acc 4
User 7, Acc 3 Balance -269.000000, Deposit 929.000000 
User 3, Acc 0 Balance 5081.000000, Deposit 300.000000 
User 7, Acc 4 Balance -48.000000, Deposit 937.000000 
User 3, Acc 0 Balance 5381.000000, Withdraw 200.000000 
User 7, Acc 5 Balance 3550.000000, Deposit 941.000000 
User 2, Acc 9 Balance 19732.000000, Withdraw 500.000000 
User 6, Acc 7 Balance 77373.000000, Transfer 31.000000 to Acc 6
User 1, Acc 5 Balance 3550.000000, Withdraw 500.000000 
User 4, Acc 7 Balance 76721.000000, Transfer 5.000000 to Acc 4
[22;32mUser 0, Acc 3 Balance -269.000000, 				Withdraw 500.000000 --insufficient funds[0m
User 4, Acc 3 Balance 660.000000, Deposit 929.000000 
User 3, Acc 0 Balance 5181.000000, Withdraw 100.000000 
User 4, Acc 4 Balance 894.000000, Deposit 937.000000 
User 3, Acc 0 Balance 5081.000000, Withdraw 50.000000 
User 4, Acc 5 Balance 3991.000000, Deposit 941.000000 
User 3, Acc 1 Balance 6156.000000, Transfer 200.000000 to Acc 0
Balance in 0: 5231.000000
User 0, Acc 4 Balance 894.000000, Withdraw 500.000000 
User 0, Acc 5 Balance 4932.000000, Withdraw 500.000000 
User 0, Acc 6 Balance 5714.000000, Withdraw 500.000000 
User 0, Acc 7 Balance 76685.000000, Withdraw 500.000000 
[22;32mUser 0, Acc 8 Balance -566.000000, 				Withdraw 500.000000 --insufficient funds[0m
User 6, Acc 7 Balance 76690.000000, Transfer 37.000000 to Acc 5
User 0, Acc 9 Balance 19232.000000, Withdraw 500.000000 
User 6, Acc 7 Balance 76148.000000, Transfer 3.000000 to Acc 4
User 1, Acc 6 Balance 5714.000000, Withdraw 500.000000 
User 5, Acc 6 Balance 5621.000000, Transfer 67.000000 to Acc 5
User 3, Acc 0 Balance 5231.000000, Deposit 907.000000 
User 7, Acc 4 Balance 889.000000, Withdraw 167.000000 
User 3, Acc 1 Balance 5956.000000, Deposit 911.000000 
User 3, Acc 2 Balance 4244.000000, Deposit 919.000000 
User 7, Acc 5 Balance 4536.000000, Withdraw 307.000000 
User 0, Acc 0 Balance 5231.000000, Withdraw 500.000000 
User 7, Acc 1 Balance 6867.000000, Transfer 89.000000 to Acc 8
User 0, Acc 1 Balance 6867.000000, Withdraw 500.000000 
User 7, Acc 1 Balance 6778.000000, Transfer 163.000000 to Acc 9
User 5, Acc 4 Balance 1334.000000, Transfer 53.000000 to Acc 5
User 7, Acc 1 Balance 6115.000000, Withdraw 41.000000 
User 3, Acc 3 Balance 1589.000000, Transfer 29.000000 to Acc 7
User 7, Acc 2 Balance 5163.000000, Withdraw 71.000000 
User 3, Acc 7 Balance 76174.000000, Transfer 31.000000 to Acc 6
User 0, Acc 2 Balance 5163.000000, Withdraw 500.000000 
User 3, Acc 7 Balance 76143.000000, Transfer 37.000000 to Acc 5
User 3, Acc 7 Balance 76106.000000, Transfer 3.000000 to Acc 4
User 4, Acc 4 Balance 1831.000000, Withdraw 167.000000 
User 5, Acc 1 Balance 6115.000000, Transfer 89.000000 to Acc 8
User 6, Acc 7 Balance 76145.000000, Transfer 5.000000 to Acc 4
User 5, Acc 1 Balance 5985.000000, Transfer 163.000000 to Acc 9
User 6, Acc 3 Balance 1560.000000, Deposit 929.000000 
User 5, Acc 1 Balance 5822.000000, Withdraw 41.000000 
User 2, Acc 0 Balance 5181.000000, Withdraw 500.000000 
User 0, Acc 3 Balance 1560.000000, Withdraw 500.000000 
User 2, Acc 1 Balance 5781.000000, Withdraw 500.000000 
User 0, Acc 4 Balance 955.000000, Withdraw 500.000000 
User 1, Acc 7 Balance 76145.000000, Withdraw 500.000000 
User 7, Acc 3 Balance 1560.000000, Withdraw 127.000000 
[22;32mUser 1, Acc 8 Balance -388.000000, 				Withdraw 500.000000 --insufficient funds[0m
User 7, Acc 6 Balance 4678.000000, Withdraw 647.000000 
User 3, Acc 7 Balance 76103.000000, Transfer 5.000000 to Acc 4
User 4, Acc 5 Balance 4319.000000, Withdraw 307.000000 
User 3, Acc 3 Balance 1862.000000, Deposit 929.000000 
User 3, Acc 4 Balance 460.000000, Deposit 937.000000 
User 6, Acc 4 Balance 955.000000, Deposit 937.000000 
User 5, Acc 2 Balance 4592.000000, Withdraw 71.000000 
User 6, Acc 5 Balance 4012.000000, Deposit 941.000000 
User 5, Acc 3 Balance 2791.000000, Withdraw 127.000000 
User 6, Acc 4 Balance 2334.000000, Withdraw 167.000000 
User 6, Acc 5 Balance 4953.000000, Withdraw 307.000000 
User 4, Acc 1 Balance 5281.000000, Transfer 89.000000 to Acc 8
User 6, Acc 1 Balance 5281.000000, Transfer 89.000000 to Acc 8
User 4, Acc 1 Balance 5192.000000, Transfer 163.000000 to Acc 9
User 6, Acc 1 Balance 5103.000000, Transfer 163.000000 to Acc 9
User 7, Acc 6 Balance 4031.000000, Deposit 953.000000 
User 2, Acc 2 Balance 4592.000000, Withdraw 500.000000 
User 7, Acc 7 Balance 75593.000000, Deposit 967.000000 
User 7, Acc 1 Balance 4777.000000, Transfer 19.000000 to Acc 7
User 0, Acc 5 Balance 4319.000000, Withdraw 500.000000 
User 3, Acc 5 Balance 4012.000000, Deposit 941.000000 
User 0, Acc 6 Balance 4984.000000, Withdraw 500.000000 
User 0, Acc 7 Balance 76579.000000, Withdraw 500.000000 
User 1, Acc 9 Balance 19058.000000, Withdraw 500.000000 
User 6, Acc 1 Balance 4777.000000, Withdraw 41.000000 
User 5, Acc 4 Balance 2334.000000, Withdraw 167.000000 
User 2, Acc 3 Balance 2664.000000, Withdraw 500.000000 
User 5, Acc 5 Balance 5087.000000, Withdraw 307.000000 
User 2, Acc 4 Balance 2000.000000, Withdraw 500.000000 
User 4, Acc 1 Balance 4940.000000, Withdraw 41.000000 
[22;32mUser 0, Acc 8 Balance -210.000000, 				Withdraw 500.000000 --insufficient funds[0m
User 1, Acc 0 Balance 5138.000000, Withdraw 500.000000 
User 0, Acc 9 Balance 18884.000000, Withdraw 500.000000 
User 0, Acc 0 Balance 5138.000000, Withdraw 500.000000 
User 7, Acc 2 Balance 4021.000000, Transfer 23.000000 to Acc 7
User 0, Acc 0 Balance 4138.000000, Deposit 907.000000 
User 5, Acc 6 Balance 4484.000000, Withdraw 647.000000 
User 0, Acc 1 Balance 4676.000000, Deposit 911.000000 
User 4, Acc 2 Balance 4021.000000, Withdraw 71.000000 
User 0, Acc 2 Balance 3998.000000, Deposit 919.000000 
User 4, Acc 3 Balance 2164.000000, Withdraw 127.000000 
User 1, Acc 1 Balance 4676.000000, Withdraw 500.000000 
User 4, Acc 6 Balance 3837.000000, Withdraw 647.000000 
User 3, Acc 4 Balance 2167.000000, Withdraw 167.000000 
User 4, Acc 6 Balance 3190.000000, Deposit 953.000000 
User 5, Acc 7 Balance 76102.000000, Withdraw 593.000000 
User 0, Acc 3 Balance 2164.000000, Transfer 29.000000 to Acc 7
[22;32mUser 5, Acc 8 Balance -210.000000, 				Withdraw 449.000000 --insufficient funds[0m
User 0, Acc 7 Balance 75538.000000, Transfer 31.000000 to Acc 6
User 5, Acc 9 Balance 18384.000000, Withdraw 163.000000 
User 5, Acc 0 Balance 5045.000000, Deposit 100.000000 
User 3, Acc 5 Balance 4780.000000, Withdraw 307.000000 
User 4, Acc 7 Balance 76102.000000, Deposit 967.000000 
User 6, Acc 2 Balance 4021.000000, Withdraw 71.000000 
User 7, Acc 6 Balance 4484.000000, Transfer 67.000000 to Acc 5
User 1, Acc 2 Balance 4846.000000, Withdraw 500.000000 
User 7, Acc 4 Balance 1333.000000, Transfer 53.000000 to Acc 5
User 7, Acc 7 Balance 76474.000000, Withdraw 593.000000 
User 2, Acc 5 Balance 4780.000000, Withdraw 500.000000 
User 5, Acc 0 Balance 5145.000000, Deposit 200.000000 
User 2, Acc 6 Balance 4107.000000, Withdraw 500.000000 
User 2, Acc 7 Balance 75881.000000, Withdraw 500.000000 
User 4, Acc 1 Balance 5087.000000, Transfer 19.000000 to Acc 7
[22;32mUser 2, Acc 8 Balance -210.000000, 				Withdraw 500.000000 --insufficient funds[0m
User 6, Acc 3 Balance 2008.000000, Withdraw 127.000000 
User 1, Acc 3 Balance 2008.000000, Withdraw 500.000000 
User 6, Acc 6 Balance 3607.000000, Withdraw 647.000000 
[22;32mUser 7, Acc 8 Balance -210.000000, 				Withdraw 449.000000 --insufficient funds[0m
User 6, Acc 6 Balance 2960.000000, Deposit 953.000000 
User 5, Acc 0 Balance 5345.000000, Deposit 300.000000 
User 6, Acc 7 Balance 75400.000000, Deposit 967.000000 
User 6, Acc 1 Balance 5068.000000, Transfer 19.000000 to Acc 7
User 0, Acc 7 Balance 75507.000000, Transfer 37.000000 to Acc 5
User 1, Acc 4 Balance 1280.000000, Withdraw 500.000000 
User 3, Acc 1 Balance 5087.000000, Transfer 89.000000 to Acc 8
User 7, Acc 9 Balance 18221.000000, Withdraw 163.000000 
User 3, Acc 1 Balance 4960.000000, Transfer 163.000000 to Acc 9
User 3, Acc 1 Balance 4797.000000, Withdraw 41.000000 
User 2, Acc 9 Balance 18221.000000, Withdraw 500.000000 
User 2, Acc 0 Balance 5645.000000, Withdraw 500.000000 
User 6, Acc 2 Balance 4275.000000, Transfer 23.000000 to Acc 7
User 2, Acc 0 Balance 5145.000000, Deposit 907.000000 
User 1, Acc 5 Balance 4130.000000, Withdraw 500.000000 
User 2, Acc 1 Balance 4756.000000, Deposit 911.000000 
User 4, Acc 2 Balance 4275.000000, Transfer 23.000000 to Acc 7
User 3, Acc 2 Balance 4275.000000, Withdraw 71.000000 
User 4, Acc 6 Balance 3913.000000, Transfer 67.000000 to Acc 5
User 3, Acc 3 Balance 1381.000000, Withdraw 127.000000 
User 3, Acc 6 Balance 3913.000000, Withdraw 647.000000 
User 0, Acc 7 Balance 76349.000000, Transfer 3.000000 to Acc 4
User 1, Acc 6 Balance 3913.000000, Withdraw 500.000000 
User 7, Acc 0 Balance 5645.000000, Deposit 100.000000 
User 1, Acc 7 Balance 76392.000000, Withdraw 500.000000 
User 2, Acc 2 Balance 4252.000000, Deposit 919.000000 
User 5, Acc 0 Balance 5645.000000, Withdraw 200.000000 
User 2, Acc 3 Balance 1254.000000, Transfer 29.000000 to Acc 7
User 6, Acc 6 Balance 3913.000000, Transfer 67.000000 to Acc 5
User 3, Acc 6 Balance 3199.000000, Deposit 953.000000 
User 6, Acc 4 Balance 783.000000, Transfer 53.000000 to Acc 5
[22;32mUser 1, Acc 8 Balance -121.000000, 				Withdraw 500.000000 --insufficient funds[0m
User 4, Acc 4 Balance 780.000000, Transfer 53.000000 to Acc 5
User 1, Acc 9 Balance 17721.000000, Withdraw 500.000000 
User 1, Acc 0 Balance 5952.000000, Withdraw 500.000000 
User 2, Acc 7 Balance 75921.000000, Transfer 31.000000 to Acc 6
User 0, Acc 7 Balance 76392.000000, Transfer 5.000000 to Acc 4
User 3, Acc 7 Balance 75921.000000, Deposit 967.000000 
User 0, Acc 3 Balance 1225.000000, Deposit 929.000000 
User 3, Acc 1 Balance 5667.000000, Transfer 19.000000 to Acc 7
User 6, Acc 7 Balance 75921.000000, Withdraw 593.000000 
User 5, Acc 0 Balance 5952.000000, Withdraw 100.000000 
[22;32mUser 6, Acc 8 Balance -121.000000, 				Withdraw 449.000000 --insufficient funds[0m
User 5, Acc 0 Balance 5352.000000, Withdraw 50.000000 
User 6, Acc 9 Balance 17221.000000, Withdraw 163.000000 
User 5, Acc 1 Balance 5648.000000, Transfer 200.000000 to Acc 0
User 6, Acc 0 Balance 5302.000000, Deposit 100.000000 
Balance in 0: 5502.000000
User 6, Acc 0 Balance 5602.000000, Deposit 200.000000 
User 5, Acc 0 Balance 5602.000000, Deposit 100.000000 
User 6, Acc 0 Balance 5802.000000, Deposit 300.000000 
User 5, Acc 0 Balance 5902.000000, Deposit 200.000000 
User 6, Acc 0 Balance 6202.000000, Withdraw 200.000000 
User 5, Acc 0 Balance 6402.000000, Deposit 300.000000 
User 6, Acc 0 Balance 6202.000000, Withdraw 100.000000 
User 4, Acc 7 Balance 75921.000000, Withdraw 593.000000 
User 1, Acc 1 Balance 5667.000000, Withdraw 500.000000 
User 2, Acc 7 Balance 75890.000000, Transfer 37.000000 to Acc 5
User 1, Acc 2 Balance 5077.000000, Withdraw 500.000000 
User 2, Acc 7 Balance 75648.000000, Transfer 3.000000 to Acc 4
User 1, Acc 3 Balance 2154.000000, Withdraw 500.000000 
User 2, Acc 7 Balance 75645.000000, Transfer 5.000000 to Acc 4
User 6, Acc 0 Balance 6402.000000, Withdraw 50.000000 
User 2, Acc 3 Balance 1654.000000, Deposit 929.000000 
User 2, Acc 4 Balance 690.000000, Deposit 937.000000 
User 6, Acc 1 Balance 4948.000000, Transfer 200.000000 to Acc 0
User 2, Acc 5 Balance 3907.000000, Deposit 941.000000 
User 0, Acc 4 Balance 682.000000, Deposit 937.000000 
User 2, Acc 4 Balance 1627.000000, Withdraw 167.000000 
User 0, Acc 5 Balance 4848.000000, Deposit 941.000000 
User 2, Acc 5 Balance 4848.000000, Withdraw 307.000000 
User 7, Acc 0 Balance 6152.000000, Deposit 200.000000 
User 3, Acc 2 Balance 5077.000000, Transfer 23.000000 to Acc 7
User 7, Acc 0 Balance 6752.000000, Deposit 300.000000 
User 7, Acc 0 Balance 7052.000000, Withdraw 200.000000 
User 5, Acc 0 Balance 6502.000000, Withdraw 200.000000 
User 1, Acc 4 Balance 685.000000, Withdraw 500.000000 
User 5, Acc 0 Balance 6652.000000, Withdraw 100.000000 
User 5, Acc 0 Balance 6552.000000, Withdraw 50.000000 
User 0, Acc 4 Balance 2397.000000, Withdraw 167.000000 
User 2, Acc 1 Balance 4748.000000, Transfer 89.000000 to Acc 8
User 2, Acc 1 Balance 4659.000000, Transfer 163.000000 to Acc 9
User 2, Acc 1 Balance 4496.000000, Withdraw 41.000000 
User 2, Acc 2 Balance 4554.000000, Withdraw 71.000000 
User 2, Acc 3 Balance 2583.000000, Withdraw 127.000000 
User 2, Acc 6 Balance 3616.000000, Withdraw 647.000000 
User 2, Acc 6 Balance 2969.000000, Deposit 953.000000 
User 2, Acc 7 Balance 75663.000000, Deposit 967.000000 
User 2, Acc 1 Balance 4455.000000, Transfer 19.000000 to Acc 7
User 2, Acc 2 Balance 4483.000000, Transfer 23.000000 to Acc 7
User 2, Acc 6 Balance 3922.000000, Transfer 67.000000 to Acc 5
User 2, Acc 4 Balance 1730.000000, Transfer 53.000000 to Acc 5
User 2, Acc 7 Balance 76672.000000, Withdraw 593.000000 
[22;32mUser 2, Acc 8 Balance -32.000000, 				Withdraw 449.000000 --insufficient funds[0m
User 2, Acc 9 Balance 17221.000000, Withdraw 163.000000 
User 2, Acc 0 Balance 6502.000000, Deposit 100.000000 
User 7, Acc 0 Balance 6852.000000, Withdraw 100.000000 
User 7, Acc 0 Balance 6502.000000, Withdraw 50.000000 
User 7, Acc 1 Balance 4436.000000, Transfer 200.000000 to Acc 0
Balance in 0: 6652.000000
User 7, Acc 0 Balance 6652.000000, Deposit 100.000000 
User 7, Acc 0 Balance 6752.000000, Deposit 200.000000 
User 7, Acc 0 Balance 6952.000000, Deposit 300.000000 
User 0, Acc 5 Balance 5482.000000, Withdraw 307.000000 
Balance in 0: 6552.000000
User 0, Acc 1 Balance 4236.000000, Transfer 89.000000 to Acc 8
User 3, Acc 6 Balance 3616.000000, Transfer 67.000000 to Acc 5
User 2, Acc 0 Balance 6602.000000, Deposit 200.000000 
User 3, Acc 4 Balance 1677.000000, Transfer 53.000000 to Acc 5
[22;32mUser 4, Acc 8 Balance -121.000000, 				Withdraw 449.000000 --insufficient funds[0m
User 3, Acc 7 Balance 76079.000000, Withdraw 593.000000 
User 4, Acc 9 Balance 17058.000000, Withdraw 163.000000 
[22;32mUser 3, Acc 8 Balance 57.000000, 				Withdraw 449.000000 --insufficient funds[0m
User 3, Acc 9 Balance 16895.000000, Withdraw 163.000000 
User 5, Acc 1 Balance 4748.000000, Transfer 200.000000 to Acc 0
Balance in 0: 7652.000000
User 7, Acc 0 Balance 7252.000000, Withdraw 200.000000 
User 7, Acc 0 Balance 7452.000000, Withdraw 100.000000 
User 7, Acc 0 Balance 7352.000000, Withdraw 50.000000 
User 7, Acc 1 Balance 3947.000000, Transfer 200.000000 to Acc 0
Balance in 0: 7502.000000
User 0, Acc 1 Balance 4147.000000, Transfer 163.000000 to Acc 9
User 0, Acc 1 Balance 3584.000000, Withdraw 41.000000 
User 0, Acc 2 Balance 4460.000000, Withdraw 71.000000 
User 0, Acc 3 Balance 2456.000000, Withdraw 127.000000 
User 0, Acc 6 Balance 3788.000000, Withdraw 647.000000 
User 2, Acc 0 Balance 7452.000000, Deposit 300.000000 
User 0, Acc 6 Balance 3141.000000, Deposit 953.000000 
User 0, Acc 7 Balance 75486.000000, Deposit 967.000000 
User 0, Acc 1 Balance 3543.000000, Transfer 19.000000 to Acc 7
User 0, Acc 2 Balance 4389.000000, Transfer 23.000000 to Acc 7
User 0, Acc 6 Balance 4094.000000, Transfer 67.000000 to Acc 5
User 0, Acc 4 Balance 1624.000000, Transfer 53.000000 to Acc 5
User 0, Acc 7 Balance 76495.000000, Withdraw 593.000000 
[22;32mUser 0, Acc 8 Balance 57.000000, 				Withdraw 449.000000 --insufficient funds[0m
User 0, Acc 9 Balance 16895.000000, Withdraw 163.000000 
User 2, Acc 0 Balance 7802.000000, Withdraw 200.000000 
User 2, Acc 0 Balance 7602.000000, Withdraw 100.000000 
User 2, Acc 0 Balance 7502.000000, Withdraw 50.000000 
User 2, Acc 1 Balance 3524.000000, Transfer 200.000000 to Acc 0
Balance in 0: 7652.000000
User 1, Acc 5 Balance 5482.000000, Withdraw 500.000000 
User 1, Acc 6 Balance 4027.000000, Withdraw 500.000000 
User 1, Acc 7 Balance 75902.000000, Withdraw 500.000000 
[22;32mUser 1, Acc 8 Balance 57.000000, 				Withdraw 500.000000 --insufficient funds[0m
User 1, Acc 9 Balance 16732.000000, Withdraw 500.000000 
User 1, Acc 0 Balance 7652.000000, Withdraw 500.000000 
  ***     End of transaction batch    ***  
Account 0 balance after completion of transaction batch: 7152.000000
Account 1 balance after completion of transaction batch: 3324.000000
Account 2 balance after completion of transaction batch: 4366.000000
Account 3 balance after completion of transaction batch: 2329.000000
Account 4 balance after completion of transaction batch: 1571.000000
Account 5 balance after completion of transaction batch: 5035.000000
Account 6 balance after completion of transaction batch: 3527.000000
Account 7 balance after completion of transaction batch: 75402.000000
Account 8 balance after completion of transaction batch: 57.000000
Account 9 balance after completion of transaction batch: 16232.000000
